#RPA-results:
#Nucleus: Ni 74
#Fermi level: -4.992964e+00	-1.506242e+01
#Excitation: 1 +
#Total number of pairs: 1032
#Number of ph-/ah-pairs: 1032/0
#Maximal excitation-energy for particle-hole-pairs: 100
#Maximal excitation-energy for antiparticle-hole-pairs: 1000
#No imaginary eigenvalues

#Parameterset: DD-PC1
#natural parity: no
#Isoscalar result:

-3.191568e+00	1.743406e-21
-1.006253e+00	3.405770e-01
-3.219063e-01	3.436041e-02
-2.083824e-01	4.293699e-01
3.938520e-01	1.369570e-01
6.998230e-01	5.944567e-01
1.459512e+00	4.304924e-01
2.294424e+00	5.640598e-01
2.495120e+00	2.395469e-03
2.891131e+00	1.384553e-02
3.215830e+00	1.631786e-02
3.542930e+00	9.229104e+00
4.068578e+00	2.807233e-02
4.277854e+00	1.450050e-02
4.473970e+00	9.850304e-21
4.498846e+00	7.314490e-21
4.636716e+00	1.481901e-03
4.671127e+00	1.330293e-03
4.785307e+00	7.293582e-05
4.952654e+00	5.483766e-23
5.202364e+00	4.276236e-04
5.527507e+00	3.361407e-25
5.723273e+00	7.368097e-27
7.146248e+00	6.462381e-24
7.622048e+00	1.909720e-23
7.730969e+00	2.036474e+00
8.407192e+00	3.542096e-22
8.885445e+00	6.683918e-01
9.528401e+00	1.084659e+00
9.767335e+00	5.889192e-21
1.084769e+01	1.381475e+00
1.117394e+01	6.518515e-21
1.139517e+01	1.038332e+01
1.156605e+01	2.016098e+00
1.165908e+01	1.337062e+01
1.168090e+01	2.824338e-19
1.191707e+01	5.673293e+00
1.235001e+01	1.785998e-21
1.238696e+01	7.086659e-21
1.241179e+01	3.747308e-02
1.244646e+01	1.803546e-01
1.256636e+01	4.302644e-02
1.257449e+01	2.731101e-20
1.263365e+01	6.325024e-02
1.313660e+01	1.197871e-02
1.319172e+01	2.024738e-02
1.339101e+01	5.645263e-02
1.360968e+01	2.485417e-01
1.364617e+01	1.646489e-20
1.370681e+01	1.194337e-02
1.381636e+01	1.359508e-01
1.389104e+01	9.895856e-02
1.389667e+01	1.150715e-20
1.401529e+01	3.755478e-03
1.425714e+01	6.198529e-24
1.433683e+01	6.372375e-03
1.446932e+01	1.250370e-01
1.449467e+01	3.871201e-21
1.484594e+01	8.868941e-23
1.570168e+01	2.798229e-20
1.596675e+01	1.267138e-24
1.782958e+01	9.974525e-03
1.821001e+01	1.574219e-02
1.834723e+01	3.067991e-04
1.848188e+01	4.376353e-24
1.852620e+01	1.744659e-03
1.896679e+01	9.566257e-24
1.908317e+01	1.215165e-04
1.908634e+01	2.320403e-22
1.923114e+01	3.620196e-03
1.927124e+01	2.991948e-04
1.937818e+01	1.949827e-03
1.960514e+01	6.755351e-04
1.968073e+01	3.640789e-02
1.969239e+01	7.518323e-02
1.978745e+01	4.621570e-02
1.996273e+01	2.678249e-02
1.998527e+01	1.027330e-01
2.011438e+01	1.079475e-02
2.018976e+01	2.030687e-04
2.023408e+01	5.571357e-05
2.031537e+01	8.823425e-04
2.057391e+01	9.401990e-04
2.088245e+01	2.070542e-06
2.097271e+01	1.953307e-06
2.099850e+01	2.741753e-05
2.104944e+01	1.467492e-03
2.111349e+01	1.244030e-21
2.120352e+01	2.960675e-24
2.152351e+01	4.815929e-03
2.159916e+01	1.874111e-23
2.161672e+01	2.393085e-02
2.177049e+01	2.629383e-04
2.181757e+01	4.549340e-02
2.182452e+01	1.249352e-22
2.188829e+01	9.078051e-03
2.204873e+01	2.005167e-03
2.211631e+01	1.492784e-03
2.231374e+01	1.338939e-03
2.233416e+01	2.165817e-03
2.240200e+01	3.512538e-21
2.260560e+01	1.380350e-03
2.269436e+01	1.941561e-04
2.275395e+01	3.739664e-08
2.283161e+01	6.675046e-04
2.295431e+01	1.577238e-04
2.307015e+01	2.938648e-23
2.333888e+01	1.137688e-21
2.348504e+01	7.645936e-22
2.388055e+01	7.919679e-23
2.393184e+01	3.543407e-05
2.408257e+01	1.575233e-03
2.463412e+01	2.014660e-04
2.470038e+01	6.325900e-03
2.472957e+01	2.324373e-05
2.493267e+01	6.881282e-23
2.507689e+01	3.727461e-03
2.520716e+01	1.198482e-25
2.537459e+01	9.675599e-25
2.548311e+01	1.315774e-03
2.557979e+01	1.489359e-22
2.576864e+01	1.655002e-03
2.578925e+01	2.158215e-22
2.591918e+01	3.266772e-03
2.602019e+01	3.095305e-05
2.615196e+01	2.075376e-03
2.626308e+01	1.151930e-22
2.634958e+01	5.737212e-03
2.647197e+01	1.649441e-03
2.656252e+01	2.000904e-04
2.659042e+01	4.303463e-05
2.668900e+01	1.748104e-03
2.684207e+01	2.849075e-24
2.685386e+01	8.035870e-05
2.692801e+01	6.920360e-03
2.700455e+01	4.867149e-22
2.701037e+01	1.278167e-03
2.702546e+01	3.428588e-04
2.710603e+01	2.198817e-03
2.726127e+01	1.180669e-03
2.744932e+01	1.228896e-04
2.746917e+01	1.306339e-03
2.749884e+01	7.583049e-23
2.757896e+01	9.741140e-05
2.761388e+01	7.580858e-03
2.779191e+01	2.042497e-04
2.789018e+01	1.119305e-05
2.804879e+01	2.771859e-04
2.806705e+01	9.209376e-07
2.807255e+01	6.213646e-07
2.830265e+01	7.091705e-05
2.831715e+01	7.812765e-05
2.837418e+01	2.218303e-05
2.846828e+01	3.348485e-04
2.852444e+01	5.593978e-06
2.856886e+01	7.193107e-24
2.859384e+01	1.139433e-03
2.863034e+01	2.828036e-03
2.867871e+01	1.360777e-24
2.868863e+01	1.206321e-06
2.876311e+01	5.457254e-27
2.879017e+01	2.305602e-04
2.891970e+01	3.727478e-03
2.907740e+01	3.038986e-02
2.922022e+01	5.621039e-04
2.924868e+01	5.650021e-03
2.933663e+01	9.821460e-03
2.946437e+01	5.407622e-24
2.955471e+01	1.569280e-03
2.964488e+01	3.849165e-04
2.977933e+01	2.345788e-04
3.003670e+01	6.868347e-05
3.006636e+01	2.409133e-23
3.027288e+01	3.288617e-04
3.041393e+01	3.281234e-02
3.055612e+01	4.608191e-02
3.060905e+01	7.318294e-03
3.073272e+01	6.527794e-02
3.080429e+01	8.180678e-22
3.080584e+01	1.943186e-05
3.088635e+01	1.483118e-02
3.094032e+01	7.865548e-03
3.096510e+01	2.333417e-22
3.099726e+01	1.466878e-02
3.101638e+01	5.766829e-03
3.107688e+01	1.178201e-02
3.108259e+01	6.874964e-03
3.116573e+01	5.355464e-03
3.133140e+01	7.521336e-04
3.138632e+01	2.875690e-05
3.139469e+01	3.251228e-05
3.156609e+01	1.232025e-03
3.157640e+01	3.570182e-04
3.168026e+01	7.594170e-23
3.168423e+01	1.839718e-04
3.176068e+01	1.591094e-04
3.184881e+01	1.596725e-05
3.191349e+01	1.080720e-03
3.194394e+01	3.723358e-04
3.202176e+01	4.740897e-03
3.206769e+01	1.982753e-23
3.210911e+01	8.039478e-04
3.215904e+01	3.725290e-04
3.223136e+01	3.851647e-03
3.227408e+01	1.040286e-03
3.233723e+01	1.747672e-04
3.237267e+01	3.610832e-03
3.239537e+01	2.185233e-02
3.246605e+01	1.243836e-03
3.250001e+01	2.143237e-03
3.257901e+01	2.869591e-06
3.262952e+01	6.324312e-04
3.268518e+01	1.205386e-03
3.275367e+01	1.047630e-05
3.276365e+01	1.047300e-02
3.284331e+01	7.598264e-03
3.292831e+01	6.350688e-03
3.300595e+01	2.548322e-03
3.310440e+01	3.089513e-04
3.315704e+01	1.482083e-03
3.316876e+01	3.519968e-03
3.334322e+01	7.100569e-05
3.336799e+01	1.249728e-04
3.358446e+01	2.298344e-04
3.368679e+01	3.742410e-05
3.379009e+01	2.312432e-04
3.385258e+01	1.350321e-02
3.392280e+01	4.554466e-05
3.399792e+01	1.802547e-07
3.415699e+01	2.958379e-04
3.419004e+01	3.286440e-05
3.425648e+01	7.926243e-06
3.446549e+01	6.750629e-04
3.460970e+01	4.015867e-04
3.480246e+01	2.298222e-04
3.492785e+01	2.335776e-04
3.499411e+01	1.625075e-03
3.514189e+01	6.360270e-04
3.519386e+01	1.370469e-03
3.529276e+01	1.178808e-04
3.560464e+01	1.463109e-04
3.568417e+01	4.072589e-03
3.583301e+01	1.575514e-02
3.606288e+01	1.937356e-05
3.608061e+01	5.581329e-24
3.630873e+01	1.070600e-04
3.645322e+01	4.973177e-04
3.651479e+01	5.090196e-05
3.659413e+01	2.771089e-27
3.708317e+01	7.919493e-08
3.721885e+01	5.525052e-04
3.725891e+01	3.251859e-03
3.745907e+01	1.500988e-03
3.753200e+01	2.532789e-26
3.777671e+01	3.304772e-05
3.783138e+01	1.482476e-23
3.787915e+01	8.327131e-05
3.791090e+01	1.548962e-05
3.807880e+01	9.344988e-24
3.810624e+01	6.964901e-04
3.811868e+01	4.093833e-03
3.819016e+01	2.620854e-02
3.837495e+01	1.706139e-03
3.843984e+01	3.193146e-03
3.846490e+01	1.872778e-04
3.847710e+01	2.977664e-22
3.860944e+01	3.108228e-04
3.871449e+01	4.868127e-06
3.897991e+01	2.909588e-22
3.899063e+01	7.949219e-04
3.914653e+01	1.136844e-03
3.926408e+01	1.054204e-05
3.934102e+01	9.385208e-04
3.941861e+01	7.493402e-05
3.954129e+01	1.082131e-04
3.973284e+01	1.764887e-04
3.977757e+01	1.695128e-04
3.985909e+01	2.636256e-04
3.996260e+01	7.104037e-06
4.000463e+01	5.990382e-05
4.013147e+01	2.908614e-06
4.023376e+01	2.830711e-05
4.031937e+01	5.276599e-06
4.035147e+01	4.244385e-06
4.043156e+01	1.941255e-06
4.054448e+01	8.620693e-07
4.068959e+01	1.436293e-06
4.072545e+01	6.392871e-25
4.073778e+01	2.027396e-05
4.075761e+01	5.741702e-03
4.085161e+01	3.491281e-06
4.093738e+01	1.187473e-04
4.095603e+01	2.430647e-08
4.105741e+01	2.168073e-04
4.114032e+01	7.500150e-05
4.118334e+01	2.058348e-23
4.120727e+01	1.475320e-06
4.127273e+01	2.728571e-05
4.129952e+01	4.133083e-04
4.131445e+01	8.108779e-04
4.136600e+01	1.414675e-04
4.146543e+01	5.635519e-07
4.169577e+01	1.240625e-04
4.173990e+01	2.129029e-03
4.174381e+01	2.444794e-02
4.180955e+01	1.315773e-03
4.196841e+01	6.049233e-03
4.227558e+01	4.864343e-04
4.232473e+01	2.872254e-04
4.233245e+01	1.101106e-22
4.244930e+01	1.750227e-03
4.259595e+01	3.918642e-03
4.261958e+01	2.821469e-23
4.265428e+01	3.020071e-04
4.287809e+01	3.752792e-03
4.299726e+01	7.568356e-05
4.311466e+01	2.909763e-04
4.323158e+01	3.756760e-04
4.327166e+01	8.092707e-23
4.332498e+01	2.897664e-05
4.375269e+01	4.361261e-03
4.392920e+01	1.195334e-03
4.421134e+01	4.243532e-04
4.452449e+01	1.154132e-05
4.484823e+01	2.066511e-04
4.490729e+01	2.044954e-21
4.493300e+01	2.629490e-02
4.515527e+01	1.099835e-02
4.521259e+01	1.014509e-03
4.526079e+01	9.013576e-03
4.547097e+01	7.446375e-04
4.569531e+01	8.669324e-04
4.572325e+01	1.511015e-03
4.578631e+01	2.758712e-04
4.584553e+01	6.368710e-07
4.594916e+01	1.934461e-03
4.607754e+01	4.276891e-04
4.609300e+01	7.672603e-22
4.619206e+01	1.634817e-04
4.622311e+01	1.604956e-04
4.632604e+01	4.838483e-25
4.638928e+01	5.105864e-06
4.645509e+01	3.614390e-05
4.648725e+01	3.521234e-04
4.651019e+01	1.428731e-04
4.653757e+01	5.243564e-05
4.663588e+01	6.121222e-05
4.669321e+01	9.603991e-08
4.670688e+01	2.834248e-22
4.672301e+01	2.169931e-05
4.677388e+01	3.405682e-06
4.683460e+01	2.392611e-04
4.684493e+01	1.246890e-04
4.687351e+01	1.900853e-04
4.690246e+01	1.140248e-03
4.691639e+01	5.485240e-05
4.695267e+01	6.734771e-26
4.695775e+01	6.228344e-06
4.702071e+01	3.928780e-03
4.703541e+01	4.520243e-04
4.706295e+01	2.706926e-05
4.708476e+01	1.528925e-04
4.710517e+01	2.722940e-05
4.712857e+01	1.870241e-05
4.738028e+01	5.620725e-06
4.745743e+01	1.078224e-06
4.755438e+01	1.173453e-04
4.769432e+01	5.923081e-06
4.779586e+01	6.038705e-06
4.786665e+01	1.836087e-09
4.788446e+01	1.308708e-05
4.797580e+01	1.179273e-05
4.801421e+01	2.386280e-06
4.802405e+01	7.076127e-23
4.805579e+01	2.535307e-04
4.820612e+01	9.058605e-05
4.828321e+01	2.388266e-03
4.831868e+01	5.676702e-04
4.832727e+01	5.615872e-04
4.840450e+01	7.128055e-06
4.845334e+01	2.568203e-04
4.851789e+01	1.655095e-04
4.852924e+01	3.231773e-06
4.856805e+01	2.631672e-05
4.870375e+01	5.699490e-08
4.875423e+01	1.043731e-06
4.881820e+01	4.360931e-07
4.891029e+01	6.555207e-04
4.892506e+01	1.465432e-02
4.903219e+01	5.105185e-05
4.906912e+01	1.955822e-04
4.919506e+01	6.203522e-21
4.920663e+01	8.471371e-05
4.924124e+01	6.522189e-04
4.929793e+01	2.510578e-21
4.930245e+01	1.363541e-05
4.931869e+01	2.592088e-04
4.939466e+01	3.403671e-06
4.949385e+01	1.613707e-04
4.965125e+01	1.258140e-05
4.977900e+01	8.001763e-05
4.990966e+01	3.075241e-04
4.993181e+01	1.304085e-04
4.996804e+01	1.515647e-05
5.013768e+01	3.602965e-08
5.023664e+01	7.390360e-04
5.025293e+01	1.199788e-05
5.032191e+01	5.041637e-06
5.037431e+01	5.243093e-06
5.043177e+01	4.140230e-05
5.050490e+01	8.583914e-03
5.069849e+01	7.188979e-08
5.075799e+01	4.527118e-07
5.084557e+01	1.996485e-06
5.085262e+01	5.120650e-04
5.085660e+01	1.776795e-05
5.093136e+01	7.995967e-24
5.097324e+01	2.978409e-08
5.109635e+01	1.382582e-22
5.112409e+01	2.037108e-05
5.136693e+01	2.052199e-04
5.156321e+01	1.112829e-03
5.158438e+01	2.362113e-04
5.165159e+01	3.754854e-24
5.167783e+01	3.643939e-03
5.173279e+01	9.177356e-06
5.184679e+01	2.811617e-09
5.189971e+01	1.291741e-03
5.198772e+01	4.617595e-04
5.226555e+01	3.962974e-07
5.233022e+01	3.101911e-04
5.251361e+01	4.752876e-06
5.260584e+01	2.166668e-22
5.273906e+01	6.518686e-06
5.275037e+01	3.026108e-21
5.276975e+01	6.335307e-22
5.288458e+01	3.880883e-05
5.295747e+01	2.295866e-05
5.312072e+01	9.263051e-04
5.312461e+01	3.900952e-04
5.329763e+01	2.416186e-04
5.330316e+01	8.777415e-04
5.331242e+01	1.323584e-23
5.343035e+01	2.675500e-05
5.344056e+01	1.380957e-04
5.356654e+01	3.389581e-05
5.364985e+01	5.862116e-05
5.370732e+01	1.392533e-06
5.376719e+01	1.838821e-05
5.383491e+01	8.020412e-24
5.399722e+01	8.761499e-25
5.400541e+01	6.136243e-06
5.409520e+01	4.018997e-05
5.418232e+01	1.915910e-04
5.419611e+01	3.699289e-05
5.421856e+01	3.750441e-06
5.426713e+01	2.809458e-06
5.431751e+01	2.022830e-04
5.433110e+01	5.078165e-05
5.445998e+01	7.612175e-05
5.454227e+01	9.194937e-06
5.460885e+01	7.461462e-05
5.472672e+01	1.997675e-05
5.475881e+01	4.936627e-06
5.476336e+01	4.667495e-22
5.486372e+01	4.208896e-06
5.493539e+01	7.147426e-06
5.497597e+01	3.678653e-05
5.505177e+01	1.967470e-04
5.508375e+01	1.386271e-04
5.509853e+01	6.665663e-06
5.514404e+01	1.583274e-05
5.518895e+01	4.165282e-23
5.521234e+01	1.387883e-07
5.524078e+01	1.008281e-06
5.532951e+01	9.677783e-08
5.539496e+01	6.887164e-06
5.539983e+01	4.309935e-05
5.540940e+01	5.218861e-05
5.545458e+01	9.592012e-07
5.550278e+01	1.355172e-06
5.558156e+01	3.328038e-05
5.559375e+01	2.281174e-06
5.561988e+01	1.198842e-06
5.566691e+01	2.290567e-06
5.574384e+01	9.869028e-07
5.588015e+01	1.854177e-06
5.603981e+01	4.847450e-04
5.606184e+01	3.506712e-06
5.607575e+01	4.779136e-05
5.608423e+01	7.694088e-04
5.611635e+01	5.684096e-06
5.615845e+01	2.769783e-08
5.621468e+01	6.406931e-06
5.625796e+01	1.602090e-05
5.634958e+01	3.196602e-05
5.642719e+01	5.233805e-07
5.648557e+01	3.700148e-07
5.659033e+01	3.505546e-06
5.677417e+01	1.293014e-06
5.681483e+01	1.141700e-05
5.697067e+01	7.082251e-06
5.727038e+01	4.227284e-05
5.738729e+01	3.930947e-25
5.760748e+01	6.215857e-05
5.771983e+01	5.745673e-28
5.784133e+01	8.694424e-05
5.804348e+01	7.580104e-08
5.839595e+01	7.146251e-23
5.855581e+01	5.619863e-06
5.870086e+01	1.241290e-06
5.873283e+01	1.005725e-04
5.882037e+01	2.467446e-26
5.886762e+01	4.740665e-08
5.899959e+01	1.338049e-06
5.916035e+01	9.004304e-09
5.929313e+01	1.487350e-07
5.945988e+01	2.346088e-08
5.953101e+01	1.309423e-06
5.961274e+01	1.301587e-05
5.963549e+01	2.520894e-05
5.970998e+01	2.392721e-05
5.972467e+01	9.364228e-06
5.992092e+01	7.551123e-04
5.995798e+01	1.509448e-06
6.002738e+01	2.031949e-08
6.003696e+01	7.699352e-08
6.019060e+01	3.797589e-06
6.026174e+01	6.278005e-07
6.029655e+01	2.166593e-08
6.032163e+01	1.042013e-04
6.061867e+01	5.448762e-04
6.071416e+01	4.739239e-06
6.071618e+01	2.298893e-22
6.098040e+01	6.899489e-05
6.109274e+01	7.460557e-03
6.112527e+01	1.296603e-06
6.122378e+01	4.140278e-22
6.125202e+01	1.612296e-04
6.138365e+01	9.731963e-04
6.145324e+01	1.487027e-02
6.153216e+01	3.542856e-05
6.155965e+01	1.643101e-04
6.163784e+01	8.642069e-06
6.169916e+01	1.917232e-05
6.193560e+01	2.143577e-06
6.197363e+01	1.006050e-05
6.208922e+01	2.708984e-04
6.209439e+01	8.969006e-06
6.210057e+01	6.618897e-23
6.215284e+01	5.892945e-06
6.217525e+01	4.133559e-06
6.225913e+01	4.260872e-07
6.228709e+01	1.454846e-05
6.229878e+01	1.041848e-06
6.244505e+01	5.985372e-03
6.263649e+01	2.613021e-05
6.273268e+01	8.534125e-04
6.280434e+01	1.001267e-22
6.286638e+01	1.553724e-06
6.309910e+01	3.143015e-05
6.320998e+01	2.816366e-25
6.330062e+01	2.289155e-06
6.333998e+01	9.893201e-05
6.356466e+01	1.139553e-04
6.370942e+01	5.027213e-05
6.377774e+01	7.090101e-04
6.380829e+01	3.164842e-05
6.387633e+01	2.799231e-05
6.399990e+01	4.923300e-05
6.409070e+01	2.415890e-06
6.415518e+01	2.786860e-05
6.444412e+01	5.903903e-06
6.457259e+01	2.218141e-03
6.469201e+01	6.088888e-06
6.470879e+01	1.463765e-03
6.483487e+01	1.514046e-04
6.491426e+01	6.629082e-04
6.498431e+01	2.209004e-06
6.503709e+01	6.729297e-04
6.511184e+01	3.018988e-05
6.517700e+01	8.992284e-04
6.521742e+01	4.200261e-05
6.542646e+01	4.525462e-03
6.554374e+01	1.338308e-04
6.557784e+01	1.796330e-03
6.567484e+01	2.251719e-05
6.578987e+01	2.080814e-04
6.587814e+01	8.895241e-05
6.594868e+01	2.286696e-05
6.603017e+01	6.011041e-05
6.607558e+01	1.485876e-04
6.608838e+01	5.837407e-05
6.614365e+01	5.378799e-04
6.616291e+01	3.159806e-03
6.623266e+01	3.762191e-21
6.623427e+01	1.304358e-05
6.635322e+01	6.727089e-05
6.640199e+01	2.945024e-05
6.655397e+01	5.827087e-09
6.655961e+01	3.133745e-05
6.657550e+01	8.930288e-05
6.662302e+01	7.131222e-06
6.672487e+01	2.222463e-07
6.675535e+01	3.979105e-06
6.697753e+01	2.911138e-24
6.700708e+01	8.980527e-06
6.704955e+01	1.403378e-07
6.711735e+01	2.358585e-05
6.713315e+01	6.347593e-05
6.717721e+01	5.284249e-08
6.730361e+01	1.452045e-07
6.732592e+01	9.082958e-06
6.738066e+01	2.118538e-07
6.740377e+01	3.526224e-06
6.741829e+01	1.356670e-08
6.745711e+01	1.059980e-06
6.753244e+01	1.061681e-23
6.761721e+01	4.783008e-08
6.767889e+01	6.372572e-04
6.771649e+01	7.495670e-05
6.775575e+01	2.778728e-03
6.793686e+01	3.144789e-05
6.798733e+01	2.442660e-04
6.803406e+01	3.399411e-05
6.808573e+01	1.503925e-06
6.814395e+01	2.885512e-06
6.817626e+01	3.145704e-07
6.836144e+01	8.744805e-06
6.846984e+01	2.408921e-07
6.852432e+01	8.410673e-07
6.856269e+01	1.808793e-05
6.861265e+01	1.052648e-04
6.862796e+01	2.128734e-04
6.867291e+01	3.045111e-05
6.872497e+01	1.417797e-05
6.875134e+01	4.454997e-06
6.884656e+01	1.019523e-05
6.887628e+01	1.114088e-05
6.889647e+01	2.198445e-03
6.896593e+01	7.840450e-05
6.902991e+01	6.380094e-06
6.909268e+01	1.207456e-09
6.909879e+01	1.006993e-07
6.912188e+01	1.499396e-05
6.930499e+01	2.441429e-04
6.933350e+01	3.676173e-04
6.938112e+01	2.217397e-05
6.942032e+01	6.782615e-06
6.949543e+01	1.817506e-05
6.949744e+01	7.774498e-08
6.955201e+01	2.575850e-05
6.958696e+01	5.304349e-07
6.968089e+01	9.873836e-06
6.977785e+01	7.336987e-07
6.980143e+01	6.572552e-07
6.985442e+01	2.772057e-07
6.987983e+01	1.313286e-05
6.993047e+01	8.182913e-07
6.997241e+01	1.243464e-05
7.005758e+01	3.407050e-06
7.008734e+01	3.827409e-06
7.027229e+01	1.654178e-05
7.030626e+01	1.460264e-21
7.031308e+01	3.528656e-05
7.038692e+01	7.038899e-05
7.048629e+01	7.918193e-07
7.049740e+01	7.254106e-08
7.059068e+01	2.688693e-24
7.062549e+01	3.206980e-05
7.065257e+01	7.649936e-05
7.068259e+01	1.101696e-06
7.074231e+01	3.624058e-05
7.079821e+01	7.266419e-08
7.083364e+01	5.297192e-06
7.086032e+01	1.151516e-07
7.086606e+01	1.624735e-06
7.091389e+01	1.806769e-25
7.097405e+01	2.325610e-06
7.103926e+01	4.673577e-05
7.105716e+01	6.505251e-04
7.113563e+01	1.162592e-05
7.122293e+01	4.669119e-07
7.129460e+01	4.309398e-07
7.132089e+01	1.933527e-07
7.137109e+01	6.194410e-05
7.141733e+01	1.406999e-05
7.146417e+01	3.019925e-05
7.154281e+01	1.090742e-05
7.157200e+01	2.048850e-05
7.159855e+01	6.917911e-04
7.168946e+01	3.747870e-04
7.169874e+01	2.883084e-05
7.183957e+01	5.817631e-06
7.186121e+01	1.119830e-05
7.199656e+01	4.229760e-08
7.203077e+01	3.148871e-24
7.204710e+01	1.487784e-06
7.205227e+01	4.863502e-05
7.220662e+01	7.319905e-09
7.228295e+01	3.798580e-25
7.233238e+01	5.770822e-10
7.237723e+01	4.773090e-06
7.240875e+01	5.510580e-06
7.255002e+01	2.191912e-06
7.267212e+01	3.038885e-05
7.269307e+01	6.388946e-06
7.278165e+01	4.070306e-06
7.282737e+01	1.076096e-05
7.287064e+01	9.432155e-24
7.294516e+01	2.537520e-06
7.296505e+01	9.530060e-05
7.326823e+01	9.543107e-06
7.332553e+01	6.314722e-06
7.333514e+01	4.223776e-25
7.336643e+01	1.284955e-05
7.343622e+01	8.406073e-06
7.346869e+01	1.042241e-08
7.352532e+01	9.724307e-09
7.358937e+01	8.744500e-05
7.366504e+01	1.739135e-04
7.367500e+01	2.900510e-21
7.378333e+01	5.243166e-05
7.392285e+01	2.402036e-06
7.396567e+01	1.693889e-06
7.398704e+01	7.487088e-06
7.405736e+01	5.905910e-06
7.409533e+01	6.407453e-07
7.413181e+01	2.742529e-07
7.419088e+01	7.042798e-07
7.421861e+01	4.294176e-06
7.426057e+01	3.543775e-06
7.427116e+01	1.825336e-04
7.427497e+01	2.928791e-05
7.431025e+01	2.204640e-05
7.445936e+01	6.821549e-07
7.446766e+01	1.481053e-06
7.452479e+01	3.850948e-08
7.457441e+01	1.207758e-06
7.466035e+01	5.808905e-07
7.467789e+01	3.421567e-08
7.471227e+01	2.561210e-07
7.476285e+01	1.409230e-10
7.478971e+01	3.356475e-06
7.488499e+01	1.892698e-06
7.489538e+01	6.559510e-07
7.489752e+01	6.514880e-08
7.491416e+01	4.631181e-06
7.500860e+01	1.484596e-07
7.507478e+01	1.905951e-06
7.512699e+01	2.027926e-06
7.517490e+01	3.361874e-08
7.524213e+01	3.885960e-08
7.531905e+01	9.781709e-06
7.533797e+01	7.094062e-07
7.541323e+01	1.209275e-05
7.548787e+01	1.144921e-05
7.555021e+01	4.267519e-06
7.559416e+01	1.288477e-05
7.574873e+01	6.248292e-06
7.581025e+01	1.683831e-06
7.584323e+01	1.185906e-06
7.596426e+01	7.682903e-05
7.597564e+01	1.743448e-05
7.601784e+01	1.160930e-05
7.604997e+01	4.491515e-06
7.606369e+01	8.588748e-06
7.614580e+01	3.013168e-07
7.621274e+01	7.487007e-06
7.630672e+01	1.013975e-06
7.664034e+01	1.300759e-06
7.674781e+01	5.615013e-05
7.684044e+01	2.106289e-05
7.691369e+01	4.555162e-05
7.697596e+01	7.745657e-08
7.700362e+01	4.297808e-07
7.702276e+01	1.357225e-04
7.717720e+01	5.425355e-07
7.730321e+01	9.774409e-05
7.742128e+01	1.675010e-06
7.750115e+01	8.833450e-07
7.761237e+01	4.733621e-07
7.765670e+01	1.474500e-06
7.771200e+01	2.091043e-08
7.774397e+01	8.025448e-07
7.780559e+01	1.974015e-06
7.782063e+01	2.088584e-09
7.790190e+01	3.478899e-06
7.794186e+01	7.143363e-07
7.798913e+01	3.314890e-07
7.807166e+01	8.391642e-08
7.820793e+01	1.145599e-07
7.835808e+01	7.949935e-08
7.846719e+01	2.981395e-05
7.852730e+01	4.955596e-05
7.856555e+01	1.563826e-05
7.891113e+01	2.969755e-07
7.901235e+01	4.801675e-07
7.925620e+01	1.254481e-05
7.939317e+01	6.056639e-05
7.945574e+01	2.004756e-22
7.953560e+01	2.638693e-08
7.957808e+01	3.536954e-05
7.963610e+01	1.589111e-06
7.975575e+01	1.894991e-09
7.991543e+01	7.942359e-07
7.994004e+01	2.111411e-08
7.994486e+01	1.221683e-21
8.002567e+01	3.609400e-11
8.011229e+01	8.887112e-07
8.018022e+01	2.804594e-08
8.018718e+01	2.564084e-07
8.026332e+01	4.098192e-07
8.041321e+01	1.123211e-12
8.044561e+01	3.718223e-07
8.061699e+01	1.231570e-06
8.064128e+01	5.399790e-08
8.083579e+01	1.580767e-06
8.089470e+01	2.380415e-06
8.100571e+01	3.475079e-09
8.107031e+01	1.787119e-05
8.116059e+01	8.352742e-06
8.121769e+01	8.452032e-07
8.132355e+01	2.414101e-05
8.137716e+01	1.733239e-04
8.143227e+01	2.601976e-06
8.159272e+01	2.904547e-23
8.161830e+01	1.368752e-04
8.174749e+01	7.527539e-09
8.176364e+01	4.770659e-07
8.185064e+01	4.710198e-11
8.203450e+01	3.604942e-06
8.215498e+01	2.456391e-08
8.229337e+01	4.508316e-05
8.233163e+01	1.004921e-05
8.273686e+01	1.378614e-07
8.309230e+01	1.627242e-07
8.334965e+01	1.136430e-08
8.351274e+01	1.943117e-05
8.374714e+01	2.831315e-08
8.392777e+01	1.142952e-06
8.406948e+01	4.644228e-10
8.436356e+01	5.010119e-08
8.468550e+01	1.651119e-06
8.485797e+01	9.090205e-07
8.491423e+01	1.352114e-07
8.507248e+01	4.305963e-06
8.519178e+01	2.125637e-06
8.524682e+01	2.491143e-05
8.549432e+01	4.768841e-05
8.558232e+01	1.215615e-05
8.562059e+01	2.829040e-04
8.563477e+01	5.521484e-04
8.572657e+01	1.179843e-05
8.575090e+01	2.375609e-04
8.577487e+01	1.904511e-05
8.587383e+01	1.573467e-04
8.591845e+01	1.706107e-03
8.594999e+01	7.081916e-04
8.604006e+01	2.784406e-03
8.613094e+01	6.170197e-08
8.617522e+01	1.169888e-06
8.622137e+01	1.094770e-06
8.637617e+01	7.694992e-04
8.657046e+01	6.799091e-07
8.660828e+01	1.831165e-05
8.667598e+01	4.686168e-05
8.684850e+01	1.460415e-04
8.687554e+01	4.477148e-06
8.693449e+01	3.132386e-05
8.698555e+01	6.024081e-09
8.699983e+01	4.752448e-06
8.710994e+01	4.786450e-06
8.717846e+01	1.697190e-05
8.719574e+01	3.553747e-04
8.723798e+01	6.859192e-04
8.725619e+01	2.176541e-04
8.729003e+01	6.547525e-07
8.730387e+01	4.218355e-05
8.732648e+01	2.704756e-05
8.739145e+01	1.879569e-07
8.755674e+01	2.946497e-07
8.758649e+01	1.140239e-07
8.766978e+01	6.580417e-06
8.769080e+01	2.285043e-06
8.770554e+01	1.143007e-04
8.773715e+01	1.853047e-06
8.777685e+01	4.448870e-06
8.778814e+01	2.839319e-07
8.784979e+01	4.951590e-06
8.788053e+01	5.090843e-06
8.793343e+01	3.642595e-05
8.795026e+01	2.196147e-04
8.802443e+01	4.666244e-04
8.813017e+01	2.380355e-22
8.825717e+01	3.091090e-22
8.829983e+01	5.075091e-06
8.831355e+01	2.159063e-05
8.833311e+01	7.001511e-04
8.839534e+01	3.104296e-07
8.842888e+01	5.712631e-05
8.843974e+01	8.946134e-06
8.847766e+01	2.410240e-07
8.853347e+01	1.729486e-08
8.876729e+01	2.979248e-08
8.880265e+01	3.417237e-06
8.892558e+01	2.374528e-05
8.902365e+01	1.506310e-07
8.905521e+01	1.601478e-22
8.918501e+01	2.604782e-06
8.922387e+01	1.614172e-03
8.924939e+01	6.288783e-04
8.934302e+01	1.235725e-05
8.949167e+01	1.082447e-05
8.958802e+01	7.341518e-06
8.962868e+01	3.581699e-24
8.965044e+01	4.029513e-05
8.967731e+01	7.207945e-07
8.978953e+01	8.801070e-05
8.983918e+01	3.521119e-08
8.989846e+01	1.538284e-05
8.991852e+01	5.310073e-07
