#RPA-results:
#Nucleus: Ni 74
#Fermi level: -4.992964e+00	-1.506242e+01
#Excitation: 1 +
#Total number of pairs: 1032
#Number of ph-/ah-pairs: 1032/0
#Maximal excitation-energy for particle-hole-pairs: 100
#Maximal excitation-energy for antiparticle-hole-pairs: 1000
#No imaginary eigenvalues

#Parameterset: DD-PC1
#natural parity: no
#Isoscalar result:

-1.864891e+00	3.085432e-21
-1.388303e+00	5.881060e+00
-4.551140e-01	1.117543e-01
-2.358236e-01	7.019053e-01
-8.245679e-02	1.593614e+01
5.446652e-02	4.603211e-01
1.062872e-01	9.324276e-01
5.554102e-01	9.995338e-02
1.684215e+00	4.588015e+00
2.538633e+00	6.200031e-03
3.012878e+00	3.268491e-03
3.240102e+00	3.678493e-04
4.269735e+00	3.689393e-06
4.389192e+00	1.730368e-27
4.657230e+00	3.103314e-02
4.728509e+00	9.068278e-04
4.812623e+00	7.167014e-24
4.824100e+00	4.622044e-04
4.865467e+00	1.551725e-24
5.110832e+00	2.884269e-22
5.184992e+00	8.452630e-01
5.313772e+00	1.183428e-01
5.565772e+00	7.092919e-25
6.402208e+00	1.257669e+01
6.755889e+00	1.642211e-25
7.458746e+00	6.158674e-27
8.105621e+00	5.001618e-24
8.569734e+00	7.696995e+00
9.522685e+00	5.289426e-24
9.915165e+00	1.389455e-01
1.046331e+01	4.067157e-02
1.083737e+01	1.501388e-24
1.110180e+01	1.829025e-02
1.113159e+01	1.143748e-23
1.118969e+01	1.601978e-24
1.166353e+01	5.677747e-06
1.170897e+01	8.682714e-03
1.203730e+01	4.672569e-03
1.207283e+01	3.118694e-25
1.233176e+01	7.096082e-25
1.245457e+01	4.704430e-08
1.254995e+01	1.197422e-03
1.257452e+01	2.184340e-25
1.259065e+01	1.708625e-05
1.275360e+01	2.612252e-06
1.319885e+01	1.732628e-05
1.334165e+01	3.989567e-06
1.348303e+01	2.156727e-04
1.366854e+01	5.444107e-03
1.375539e+01	1.558319e-05
1.377107e+01	4.306317e-27
1.383118e+01	6.904307e-25
1.387006e+01	5.514453e-03
1.392351e+01	6.204751e-03
1.410076e+01	9.132349e-05
1.421268e+01	8.913398e-25
1.436626e+01	2.213395e-05
1.453786e+01	4.982806e-26
1.460047e+01	4.283449e-03
1.465363e+01	1.341205e-24
1.676583e+01	1.969184e-21
1.810466e+01	4.119842e-02
1.816694e+01	1.665382e-04
1.824332e+01	6.035339e-03
1.835529e+01	2.441970e-25
1.868853e+01	3.102426e-04
1.885435e+01	1.439038e-24
1.928670e+01	5.390472e-05
1.932738e+01	1.761032e-02
1.940428e+01	2.739249e-04
1.949666e+01	5.429657e-06
1.959536e+01	3.199116e-02
1.964242e+01	9.420401e-06
1.968078e+01	1.660209e-02
1.975686e+01	1.653547e-02
1.988448e+01	6.311669e-23
1.988644e+01	1.745494e-04
2.003083e+01	1.565732e-05
2.004678e+01	5.950374e-04
2.022206e+01	3.507599e-05
2.026342e+01	4.818792e-05
2.042489e+01	5.719246e-07
2.068169e+01	1.093488e-05
2.094012e+01	4.146451e-10
2.098164e+01	1.202015e-07
2.099312e+01	2.836558e-27
2.100571e+01	2.522613e-08
2.128277e+01	2.494569e-04
2.157002e+01	2.204497e-02
2.161791e+01	4.308985e-06
2.164716e+01	2.816292e-23
2.178378e+01	1.431717e-03
2.183964e+01	8.517701e-24
2.185067e+01	9.370224e-04
2.197730e+01	1.404322e-03
2.215623e+01	5.319768e-04
2.219622e+01	6.860535e-03
2.232463e+01	7.133500e-05
2.233378e+01	6.554259e-23
2.246308e+01	1.075905e-05
2.252578e+01	8.166926e-24
2.269300e+01	1.570643e-04
2.273440e+01	5.061129e-05
2.277092e+01	7.647534e-07
2.285886e+01	2.397709e-05
2.296172e+01	1.158804e-05
2.301512e+01	3.299125e-22
2.329075e+01	4.006494e-23
2.386096e+01	8.007124e-24
2.415858e+01	8.817179e-04
2.431211e+01	3.561827e-04
2.449269e+01	6.562959e-22
2.468688e+01	1.011998e-03
2.476972e+01	3.348524e-07
2.501547e+01	2.102749e-23
2.507138e+01	1.895604e-04
2.511049e+01	8.296841e-24
2.515884e+01	1.732321e-24
2.522643e+01	9.950296e-05
2.535340e+01	8.618412e-26
2.554514e+01	3.859291e-04
2.575526e+01	1.471463e-22
2.580905e+01	1.947840e-04
2.605336e+01	9.947188e-05
2.610038e+01	5.537897e-22
2.618646e+01	9.083736e-05
2.630333e+01	1.205886e-02
2.639273e+01	2.374622e-04
2.657226e+01	6.460394e-06
2.659260e+01	1.811914e-04
2.666261e+01	7.852868e-06
2.675125e+01	4.701630e-03
2.676553e+01	3.238372e-26
2.678483e+01	1.158527e-26
2.684952e+01	2.659925e-05
2.688941e+01	2.587869e-26
2.699050e+01	2.633843e-04
2.717825e+01	2.009012e-04
2.722538e+01	6.980085e-04
2.724289e+01	8.905291e-06
2.735584e+01	3.449457e-04
2.745808e+01	5.564146e-08
2.747298e+01	3.251404e-06
2.756173e+01	1.874634e-03
2.758867e+01	8.721900e-04
2.761348e+01	8.384564e-06
2.774211e+01	1.954552e-02
2.790129e+01	7.489820e-08
2.790430e+01	1.055949e-05
2.792829e+01	5.486732e-03
2.813618e+01	1.184456e-05
2.824405e+01	2.559358e-03
2.830658e+01	1.191292e-02
2.837660e+01	6.921876e-03
2.843548e+01	1.978033e-03
2.844483e+01	4.743208e-05
2.849703e+01	3.044238e-24
2.862615e+01	3.400179e-07
2.863457e+01	4.737867e-24
2.866495e+01	3.082250e-24
2.872703e+01	1.783847e-02
2.875916e+01	4.229303e-03
2.879663e+01	4.752910e-03
2.890907e+01	4.147528e-25
2.893701e+01	4.292718e-04
2.916473e+01	1.065070e-03
2.921110e+01	1.115990e-26
2.935577e+01	1.359493e-04
2.954058e+01	4.795790e-06
2.964094e+01	7.550345e-05
2.984572e+01	6.580091e-05
3.002582e+01	3.330363e-24
3.007558e+01	1.050698e-02
3.017571e+01	4.197190e-05
3.030675e+01	4.776246e-05
3.033114e+01	2.066060e-04
3.036230e+01	6.942851e-04
3.062846e+01	1.377725e-04
3.068423e+01	3.374269e-06
3.077512e+01	9.204998e-30
3.083334e+01	5.943688e-04
3.090934e+01	5.009049e-06
3.095626e+01	1.094480e-04
3.097724e+01	9.796359e-06
3.105082e+01	1.740520e-05
3.106378e+01	1.584272e-04
3.117916e+01	7.661776e-06
3.123379e+01	7.500902e-06
3.139787e+01	3.987635e-05
3.142152e+01	7.186167e-06
3.142686e+01	4.415047e-05
3.145209e+01	1.456309e-25
3.159964e+01	1.258369e-04
3.167898e+01	2.447127e-04
3.171303e+01	3.734331e-06
3.179767e+01	1.495440e-07
3.187275e+01	2.520430e-06
3.188216e+01	1.816534e-22
3.193724e+01	9.380668e-04
3.195902e+01	5.716956e-03
3.203550e+01	3.045603e-04
3.208604e+01	1.177122e-02
3.209188e+01	9.129216e-03
3.218317e+01	1.901068e-03
3.225168e+01	7.883451e-06
3.228511e+01	9.693518e-05
3.234647e+01	4.274558e-05
3.238181e+01	1.150465e-04
3.241221e+01	1.288025e-05
3.250217e+01	4.881418e-05
3.255335e+01	7.183983e-05
3.260878e+01	6.891825e-06
3.264614e+01	3.032511e-05
3.272169e+01	1.637347e-05
3.273095e+01	3.177898e-05
3.275489e+01	7.999823e-06
3.286662e+01	1.149934e-05
3.295612e+01	3.061509e-05
3.301099e+01	7.260840e-05
3.314418e+01	2.571431e-05
3.315537e+01	2.579031e-03
3.317728e+01	1.117736e-05
3.338821e+01	2.946998e-05
3.340616e+01	1.171866e-06
3.356813e+01	7.576498e-04
3.364934e+01	2.733539e-05
3.370599e+01	6.843306e-06
3.382818e+01	1.522986e-03
3.384772e+01	2.010356e-05
3.394836e+01	1.471088e-05
3.403318e+01	2.095142e-06
3.406593e+01	5.362990e-03
3.422545e+01	1.335396e-04
3.430993e+01	9.640187e-04
3.446484e+01	6.308872e-04
3.452066e+01	7.471802e-03
3.455271e+01	4.305355e-04
3.468604e+01	1.278401e-04
3.496130e+01	1.059066e-04
3.521393e+01	3.687204e-05
3.528048e+01	8.330189e-04
3.529239e+01	4.642898e-03
3.558596e+01	5.608399e-06
3.562877e+01	2.969991e-09
3.593724e+01	4.668609e-26
3.624916e+01	2.832141e-05
3.633556e+01	2.912917e-03
3.634696e+01	2.348796e-25
3.642544e+01	4.601773e-05
3.658980e+01	1.829007e-05
3.681219e+01	1.276364e-05
3.688175e+01	9.115785e-25
3.716022e+01	1.073266e-05
3.735859e+01	1.273517e-04
3.744451e+01	2.731974e-04
3.749311e+01	2.172388e-25
3.763270e+01	1.429645e-25
3.782504e+01	5.946980e-03
3.787062e+01	5.479955e-05
3.790776e+01	5.694007e-06
3.792518e+01	1.655190e-05
3.805997e+01	3.685913e-06
3.810453e+01	1.612843e-25
3.820321e+01	4.451054e-05
3.844763e+01	1.327398e-06
3.849109e+01	2.207215e-26
3.852909e+01	1.003598e-04
3.862960e+01	1.956999e-05
3.871103e+01	1.858320e-06
3.903653e+01	2.601503e-04
3.921313e+01	1.450379e-04
3.930390e+01	1.883170e-06
3.938870e+01	3.635928e-05
3.954361e+01	4.246158e-05
3.970108e+01	4.688521e-23
3.970332e+01	1.111562e-05
3.984724e+01	1.716896e-07
3.989582e+01	2.686670e-05
3.998103e+01	1.678128e-05
4.009566e+01	5.260557e-08
4.013348e+01	1.950619e-05
4.020817e+01	2.879496e-07
4.031513e+01	1.979857e-06
4.036733e+01	2.216286e-28
4.043040e+01	1.938957e-06
4.043998e+01	5.577330e-08
4.046004e+01	1.179266e-04
4.048528e+01	8.005152e-04
4.060462e+01	1.426927e-08
4.073647e+01	8.812359e-07
4.084060e+01	2.422935e-06
4.089927e+01	1.018868e-04
4.092216e+01	3.792789e-04
4.099372e+01	1.081573e-06
4.100779e+01	1.020663e-06
4.114387e+01	2.946251e-05
4.119485e+01	4.389056e-06
4.124129e+01	1.654035e-08
4.127487e+01	7.778976e-06
4.137385e+01	1.686227e-05
4.139728e+01	1.730282e-05
4.150199e+01	3.943557e-04
4.153591e+01	3.234415e-02
4.176056e+01	6.183524e-06
4.176748e+01	1.069588e-06
4.183969e+01	2.696177e-07
4.187240e+01	1.658467e-04
4.191468e+01	7.019336e-05
4.199147e+01	1.998786e-25
4.213668e+01	2.200982e-03
4.216106e+01	3.137911e-05
4.224218e+01	3.751035e-04
4.239073e+01	1.497488e-26
4.241166e+01	3.740453e-04
4.247836e+01	6.950828e-04
4.260445e+01	2.708146e-04
4.274601e+01	8.866925e-05
4.290270e+01	4.517675e-27
4.303831e+01	2.715763e-05
4.338549e+01	9.744206e-07
4.342248e+01	1.247563e-05
4.413296e+01	8.044232e-06
4.427701e+01	2.554518e-04
4.433256e+01	9.371365e-05
4.448574e+01	1.721275e-28
4.452767e+01	1.681420e-03
4.482426e+01	1.675066e-04
4.489817e+01	1.659699e-06
4.518407e+01	3.465323e-05
4.549634e+01	8.692127e-05
4.561758e+01	8.730648e-05
4.588228e+01	1.528096e-07
4.592477e+01	1.106982e-05
4.594987e+01	2.261389e-28
4.599834e+01	2.444551e-03
4.601013e+01	1.701394e-05
4.604848e+01	6.083914e-08
4.606503e+01	9.513985e-25
4.613892e+01	7.062218e-05
4.622330e+01	2.406653e-05
4.622624e+01	5.028231e-24
4.624761e+01	1.369262e-07
4.634773e+01	6.575923e-07
4.646323e+01	2.087383e-05
4.650199e+01	4.213304e-06
4.652043e+01	4.520966e-06
4.657128e+01	8.620281e-05
4.659607e+01	8.619530e-06
4.660529e+01	4.355049e-05
4.664701e+01	6.432927e-06
4.671851e+01	9.010012e-06
4.679612e+01	3.442464e-06
4.682056e+01	3.916154e-08
4.686686e+01	1.550016e-05
4.689192e+01	2.379884e-06
4.692519e+01	2.350326e-05
4.694696e+01	6.556616e-07
4.698555e+01	6.361905e-06
4.704919e+01	1.718082e-05
4.709308e+01	1.085553e-08
4.711535e+01	1.672501e-05
4.712578e+01	7.732481e-07
4.713672e+01	2.339464e-25
4.714314e+01	1.527467e-06
4.734516e+01	1.577239e-26
4.738054e+01	3.932218e-22
4.740292e+01	6.400825e-09
4.749507e+01	1.316782e-07
4.760301e+01	1.152596e-07
4.771465e+01	9.525358e-06
4.785875e+01	1.209404e-05
4.787220e+01	1.420218e-03
4.788090e+01	1.294222e-04
4.802894e+01	8.665793e-08
4.808448e+01	1.474303e-07
4.812368e+01	1.461769e-06
4.817666e+01	1.727580e-05
4.828001e+01	6.709925e-06
4.835663e+01	1.453587e-06
4.838662e+01	1.366698e-05
4.844165e+01	8.908902e-06
4.851391e+01	2.362139e-05
4.855070e+01	2.583423e-07
4.856550e+01	2.688421e-06
4.861144e+01	7.597631e-06
4.873939e+01	6.086092e-07
4.875670e+01	4.760905e-05
4.883298e+01	4.727738e-06
4.885196e+01	1.202896e-02
4.891722e+01	1.722579e-04
4.893126e+01	1.719959e-05
4.908052e+01	3.413948e-03
4.911043e+01	1.309964e-05
4.924873e+01	1.183732e-07
4.931105e+01	1.352548e-04
4.932891e+01	7.782953e-05
4.939784e+01	8.759804e-06
4.941784e+01	2.617868e-05
4.946032e+01	3.050841e-04
4.969839e+01	6.695255e-05
4.981468e+01	9.785646e-05
4.997227e+01	2.399923e-05
5.003973e+01	2.515508e-04
5.010661e+01	1.489997e-05
5.023064e+01	1.262243e-05
5.028131e+01	2.142338e-04
5.031647e+01	4.697675e-05
5.039053e+01	4.394055e-05
5.042174e+01	7.048176e-06
5.048549e+01	1.517709e-06
5.054385e+01	7.594832e-23
5.063824e+01	1.071432e-26
5.074983e+01	5.097391e-04
5.076274e+01	3.601490e-04
5.078667e+01	5.102886e-05
5.085530e+01	1.289250e-05
5.086697e+01	5.380170e-06
5.090883e+01	7.853685e-08
5.098844e+01	1.257827e-08
5.105917e+01	9.907743e-25
5.108719e+01	1.828286e-23
5.124794e+01	8.552629e-07
5.144412e+01	1.325309e-06
5.157524e+01	8.047141e-04
5.167067e+01	1.214861e-05
5.171134e+01	1.109108e-08
5.177736e+01	4.735567e-06
5.191702e+01	1.980048e-05
5.208503e+01	5.080137e-05
5.212160e+01	1.160360e-25
5.231735e+01	2.367074e-25
5.236443e+01	8.052203e-09
5.240742e+01	6.058460e-05
5.266212e+01	3.454311e-07
5.267723e+01	1.274439e-26
5.280092e+01	7.823915e-06
5.285224e+01	1.900438e-25
5.287325e+01	9.266813e-04
5.294630e+01	1.636426e-06
5.300630e+01	1.823617e-05
5.314525e+01	4.700895e-07
5.319928e+01	2.226220e-05
5.332575e+01	8.410064e-06
5.335670e+01	2.309613e-04
5.352125e+01	1.533159e-03
5.358102e+01	4.488884e-06
5.362664e+01	1.056463e-23
5.364837e+01	1.491766e-05
5.376404e+01	1.055551e-06
5.378171e+01	7.232153e-05
5.385641e+01	5.250851e-06
5.391238e+01	9.297588e-22
5.406545e+01	4.951689e-11
5.413790e+01	9.909633e-07
5.416489e+01	6.989868e-26
5.420389e+01	3.314122e-06
5.423658e+01	6.747058e-09
5.431261e+01	8.662834e-08
5.434927e+01	1.762129e-05
5.442468e+01	1.526819e-05
5.454390e+01	3.053868e-06
5.461388e+01	4.541008e-07
5.466832e+01	1.394716e-05
5.475812e+01	6.906836e-07
5.481966e+01	5.036809e-07
5.490044e+01	2.227939e-08
5.499302e+01	3.103752e-06
5.502689e+01	5.149584e-06
5.510061e+01	5.556955e-05
5.512443e+01	7.386151e-05
5.514723e+01	5.497802e-06
5.517183e+01	1.086180e-06
5.522518e+01	4.361831e-07
5.525340e+01	4.022232e-23
5.525685e+01	2.918384e-06
5.529275e+01	1.445270e-04
5.533618e+01	9.651487e-07
5.538548e+01	1.363614e-06
5.541470e+01	4.288898e-06
5.542355e+01	1.016873e-05
5.550253e+01	1.099467e-07
5.551260e+01	9.438097e-07
5.560135e+01	7.372735e-06
5.561396e+01	1.152885e-06
5.564824e+01	2.629984e-07
5.568752e+01	6.951782e-07
5.575555e+01	2.539123e-07
5.589362e+01	9.076864e-08
5.608495e+01	1.473855e-04
5.609037e+01	5.588683e-06
5.613588e+01	4.924557e-06
5.617844e+01	6.737432e-07
5.619148e+01	2.463814e-07
5.629852e+01	1.459970e-07
5.631662e+01	1.641143e-06
5.636791e+01	6.722384e-06
5.643388e+01	2.825372e-06
5.649341e+01	8.212278e-08
5.665097e+01	1.293158e-08
5.679990e+01	6.965321e-07
5.685242e+01	4.410205e-06
5.701099e+01	4.287207e-07
5.729495e+01	1.240745e-05
5.738756e+01	2.156117e-25
5.767529e+01	1.998817e-05
5.768476e+01	7.296603e-27
5.787912e+01	2.102945e-05
5.808315e+01	1.449922e-08
5.845474e+01	3.652033e-23
5.870143e+01	8.117838e-06
5.878938e+01	3.571228e-06
5.879467e+01	4.412149e-26
5.883564e+01	2.779689e-05
5.894098e+01	1.299383e-09
5.913029e+01	2.331015e-08
5.920686e+01	1.545377e-07
5.933424e+01	1.245898e-07
5.954259e+01	1.805564e-07
5.958234e+01	4.963202e-07
5.964204e+01	5.627789e-08
5.969039e+01	9.478011e-06
5.973308e+01	7.271381e-06
5.975700e+01	4.034092e-06
5.977612e+01	1.120366e-03
5.993285e+01	1.293217e-26
5.998836e+01	2.983474e-07
6.002423e+01	2.431993e-05
6.003147e+01	2.196526e-08
6.004864e+01	9.907380e-09
6.018318e+01	1.314563e-27
6.023261e+01	2.541205e-05
6.023858e+01	3.539132e-06
6.028448e+01	9.782128e-08
6.030930e+01	5.944188e-08
6.038241e+01	1.179032e-05
6.057791e+01	4.130715e-03
6.102880e+01	2.847436e-02
6.104408e+01	4.862621e-06
6.109626e+01	6.937072e-05
6.120128e+01	4.677710e-07
6.128825e+01	6.532123e-07
6.137143e+01	1.241635e-04
6.155900e+01	2.566391e-08
6.162896e+01	1.876186e-05
6.171536e+01	9.333400e-07
6.172295e+01	3.095782e-26
6.190773e+01	5.017328e-04
6.197543e+01	6.272744e-06
6.201030e+01	1.862123e-04
6.201965e+01	5.043818e-07
6.204816e+01	2.654822e-04
6.207436e+01	8.195138e-04
6.211821e+01	2.457121e-04
6.212730e+01	5.045403e-06
6.218774e+01	9.614566e-07
6.226965e+01	2.714228e-07
6.229839e+01	2.263430e-07
6.235651e+01	1.383841e-03
6.252653e+01	9.097650e-05
6.262626e+01	1.174033e-26
6.267868e+01	1.145370e-06
6.272572e+01	1.041124e-26
6.294824e+01	6.837201e-05
6.317657e+01	2.151732e-06
6.356378e+01	4.049961e-06
6.364945e+01	2.892540e-04
6.373864e+01	5.952790e-04
6.384286e+01	1.750330e-04
6.388204e+01	1.963751e-05
6.401704e+01	1.982082e-04
6.409491e+01	8.427465e-06
6.417514e+01	6.356643e-06
6.421285e+01	2.891861e-04
6.426152e+01	4.968340e-05
6.442050e+01	4.967466e-03
6.473531e+01	1.041380e-05
6.475975e+01	1.724602e-04
6.495558e+01	2.296645e-04
6.500535e+01	2.705276e-06
6.503842e+01	4.094305e-04
6.509187e+01	2.433927e-05
6.517152e+01	1.496579e-03
6.521010e+01	9.294527e-04
6.524574e+01	7.985956e-05
6.536780e+01	1.035038e-03
6.544355e+01	1.735959e-04
6.552218e+01	3.428479e-05
6.568530e+01	2.369516e-04
6.578725e+01	1.046251e-07
6.580513e+01	2.652398e-26
6.588636e+01	1.238927e-05
6.597965e+01	4.192138e-08
6.601056e+01	3.299302e-06
6.603716e+01	2.993693e-26
6.606650e+01	1.434318e-08
6.607611e+01	4.182386e-05
6.616834e+01	3.099763e-07
6.620931e+01	1.411887e-07
6.640138e+01	5.007800e-06
6.644171e+01	2.316824e-06
6.658284e+01	3.017323e-07
6.659307e+01	4.939220e-07
6.663367e+01	1.753170e-05
6.668674e+01	1.154644e-05
6.676653e+01	4.134668e-06
6.682967e+01	2.971819e-07
6.693294e+01	2.596157e-06
6.694934e+01	4.765146e-27
6.705956e+01	1.361024e-06
6.711732e+01	1.484133e-08
6.716416e+01	5.866481e-06
6.718842e+01	1.829234e-07
6.722424e+01	4.495156e-09
6.734101e+01	1.288183e-05
6.735629e+01	1.487578e-03
6.737980e+01	3.584595e-05
6.741658e+01	2.393724e-05
6.742291e+01	3.389078e-07
6.743723e+01	4.981635e-06
6.750211e+01	5.042340e-06
6.766614e+01	2.408410e-07
6.767034e+01	2.211006e-05
6.777716e+01	1.410363e-05
6.798143e+01	1.797219e-07
6.806594e+01	3.817254e-07
6.813584e+01	3.387176e-06
6.824155e+01	2.086984e-06
6.829131e+01	1.167969e-07
6.849340e+01	1.079081e-05
6.853045e+01	4.168007e-10
6.855986e+01	2.967191e-03
6.859710e+01	1.554099e-05
6.861266e+01	1.732116e-05
6.861998e+01	1.165246e-04
6.864274e+01	5.759361e-06
6.866185e+01	1.907834e-04
6.870262e+01	1.374018e-05
6.873899e+01	1.152511e-06
6.876608e+01	1.991287e-06
6.888227e+01	8.085628e-07
6.890934e+01	3.985228e-07
6.902206e+01	1.398014e-05
6.903707e+01	2.377593e-04
6.906572e+01	1.526184e-06
6.912902e+01	1.485508e-06
6.913872e+01	4.564875e-07
6.926825e+01	6.540777e-06
6.943093e+01	7.676288e-07
6.947362e+01	1.642689e-04
6.948756e+01	1.544443e-03
6.950375e+01	1.771439e-04
6.952233e+01	1.174131e-05
6.953290e+01	7.368489e-06
6.958083e+01	7.629461e-06
6.961819e+01	9.985416e-06
6.978907e+01	2.417641e-07
6.984633e+01	1.603740e-06
6.986487e+01	1.896745e-24
6.988558e+01	1.267631e-06
6.990430e+01	1.350686e-05
6.994502e+01	1.654878e-05
7.001561e+01	2.288203e-08
7.003168e+01	9.035281e-06
7.005128e+01	1.124427e-24
7.007831e+01	2.227194e-09
7.011208e+01	2.515293e-08
7.032036e+01	1.297565e-09
7.033357e+01	6.146914e-06
7.045417e+01	8.656188e-08
7.052724e+01	6.093661e-08
7.053330e+01	3.039851e-07
7.060488e+01	1.538374e-26
7.064139e+01	4.375582e-07
7.069375e+01	2.282588e-07
7.070320e+01	5.062414e-06
7.079117e+01	3.377064e-08
7.079987e+01	7.614741e-08
7.086026e+01	8.002845e-08
7.087329e+01	9.873017e-10
7.090674e+01	3.935609e-07
7.100999e+01	9.875591e-08
7.110344e+01	1.306616e-06
7.117789e+01	4.876736e-10
7.128318e+01	2.127441e-08
7.131904e+01	7.842584e-09
7.134638e+01	6.722393e-08
7.141174e+01	2.548953e-07
7.147705e+01	6.499193e-06
7.150850e+01	4.229849e-06
7.160015e+01	1.615288e-06
7.163854e+01	7.838077e-07
7.170521e+01	2.298109e-26
7.171846e+01	1.697467e-06
7.172194e+01	9.958184e-07
7.179420e+01	7.733668e-28
7.187063e+01	7.589958e-28
7.188789e+01	1.608964e-06
7.191398e+01	1.272590e-07
7.202296e+01	4.987923e-07
7.204325e+01	1.551353e-26
7.206506e+01	2.668573e-07
7.210088e+01	1.538981e-11
7.224324e+01	1.469461e-08
7.237197e+01	6.439152e-27
7.240163e+01	6.652783e-08
7.240627e+01	7.219988e-11
7.243612e+01	3.066793e-08
7.258018e+01	3.435408e-06
7.271395e+01	5.099339e-07
7.273950e+01	2.497983e-06
7.283842e+01	8.869378e-09
7.285052e+01	6.204288e-06
7.297844e+01	1.043772e-08
7.300983e+01	1.758493e-05
7.329593e+01	5.855225e-07
7.335618e+01	7.601497e-07
7.340623e+01	2.251003e-06
7.346912e+01	2.832550e-07
7.347189e+01	1.100728e-06
7.358743e+01	4.317824e-07
7.364846e+01	5.537137e-05
7.371220e+01	2.131471e-05
7.387489e+01	5.880762e-06
7.394261e+01	2.345726e-05
7.398493e+01	1.510657e-06
7.400982e+01	5.655447e-08
7.404056e+01	5.355609e-06
7.407628e+01	1.204695e-06
7.412735e+01	7.323061e-06
7.416790e+01	8.572294e-07
7.421952e+01	1.059618e-06
7.425675e+01	8.668689e-07
7.429745e+01	2.084044e-07
7.432994e+01	2.417200e-06
7.435107e+01	4.360192e-07
7.439242e+01	1.312253e-07
7.447664e+01	3.382086e-07
7.451599e+01	3.026987e-07
7.454980e+01	8.014464e-07
7.460470e+01	1.221109e-07
7.466626e+01	1.091351e-08
7.468891e+01	5.393738e-09
7.472652e+01	5.902583e-08
7.478738e+01	1.035343e-10
7.481225e+01	9.083959e-08
7.491453e+01	3.305960e-07
7.493998e+01	1.588783e-06
7.494186e+01	1.239486e-07
7.503032e+01	5.503687e-08
7.509470e+01	3.816640e-09
7.514363e+01	2.537081e-08
7.519812e+01	2.932718e-08
7.525957e+01	3.267016e-08
7.534916e+01	2.622012e-06
7.536507e+01	9.443911e-09
7.546075e+01	1.736849e-06
7.552358e+01	6.114431e-05
7.554242e+01	2.246410e-08
7.556688e+01	3.064748e-09
7.561681e+01	9.536476e-08
7.578535e+01	1.470857e-08
7.583590e+01	3.092541e-05
7.584332e+01	1.840443e-07
7.587444e+01	2.615716e-07
7.600775e+01	1.138215e-06
7.603764e+01	4.375858e-06
7.605399e+01	4.383900e-08
7.607638e+01	4.092735e-04
7.609522e+01	6.409391e-07
7.615500e+01	1.809073e-09
7.627256e+01	1.117944e-06
7.632675e+01	4.908465e-07
7.669180e+01	4.876394e-08
7.681162e+01	4.890014e-06
7.695804e+01	9.526891e-06
7.697692e+01	6.534174e-08
7.701454e+01	3.651135e-08
7.726206e+01	1.612890e-07
7.734500e+01	1.740018e-05
7.749107e+01	3.725240e-08
7.752576e+01	4.684055e-07
7.760806e+01	1.454064e-24
7.764403e+01	4.269978e-09
7.768051e+01	1.171939e-07
7.773226e+01	4.216599e-07
7.776336e+01	7.277198e-07
7.783221e+01	3.562567e-08
7.785016e+01	5.295840e-07
7.791452e+01	3.591063e-08
7.797196e+01	3.862864e-07
7.802267e+01	3.876883e-09
7.807899e+01	2.420892e-09
7.824073e+01	2.292467e-09
7.838361e+01	4.445043e-07
7.846889e+01	1.066752e-05
7.849893e+01	3.181792e-06
7.855693e+01	7.701886e-06
7.858964e+01	5.240777e-06
7.894940e+01	9.837375e-08
7.903191e+01	1.011897e-07
7.904329e+01	2.604814e-05
7.945802e+01	2.689328e-06
7.958578e+01	3.267210e-06
7.967984e+01	5.963230e-07
7.976328e+01	3.400416e-08
7.993297e+01	2.152352e-07
7.995384e+01	1.119139e-09
8.005538e+01	2.221106e-08
8.012086e+01	1.657128e-08
8.018983e+01	1.776060e-07
8.019615e+01	6.652071e-10
8.025208e+01	1.075303e-25
8.028169e+01	1.919517e-08
8.042485e+01	2.060843e-09
8.049004e+01	4.153549e-08
8.061294e+01	4.220012e-22
8.062588e+01	7.233587e-07
8.065982e+01	1.843351e-07
8.088321e+01	5.221449e-07
8.091471e+01	3.169517e-07
8.102071e+01	1.523101e-11
8.114436e+01	2.115393e-06
8.121391e+01	4.341883e-07
8.123324e+01	2.582633e-07
8.135076e+01	2.142794e-06
8.144123e+01	2.439855e-06
8.148107e+01	2.340299e-05
8.167233e+01	1.621082e-05
8.176106e+01	1.626182e-08
8.179696e+01	2.628526e-07
8.186919e+01	2.507898e-07
8.207733e+01	5.662547e-07
8.217995e+01	8.562213e-09
8.232925e+01	3.658844e-06
8.235692e+01	5.159945e-06
8.275889e+01	3.413558e-08
8.312761e+01	3.359929e-08
8.341322e+01	1.001951e-06
8.354976e+01	1.698590e-05
8.378231e+01	7.987265e-08
8.394042e+01	2.069567e-08
8.408619e+01	1.214990e-11
8.442587e+01	1.399722e-05
8.465235e+01	1.012603e-03
8.473587e+01	2.062447e-08
8.487228e+01	1.349383e-06
8.514435e+01	6.067630e-06
8.517130e+01	8.199556e-03
8.521128e+01	5.037246e-05
8.528057e+01	5.025061e-05
8.531674e+01	1.738739e-05
8.540636e+01	2.190172e-04
8.541958e+01	9.082969e-04
8.547290e+01	2.403072e-06
8.561791e+01	6.201246e-07
8.566702e+01	2.237870e-06
8.568859e+01	6.061063e-07
8.576828e+01	3.023079e-06
8.581621e+01	5.199945e-07
8.591075e+01	9.095264e-08
8.604893e+01	9.828171e-06
8.617651e+01	1.155966e-05
8.619227e+01	1.615159e-04
8.621212e+01	1.720621e-09
8.629235e+01	3.804400e-08
8.649472e+01	2.325418e-23
8.663329e+01	2.838774e-07
8.668297e+01	3.741027e-05
8.683229e+01	2.287980e-04
8.690374e+01	1.173101e-05
8.691614e+01	1.124870e-05
8.699419e+01	6.571898e-04
8.701421e+01	1.011791e-04
8.704214e+01	4.617128e-06
8.706774e+01	1.405053e-06
8.708463e+01	6.880800e-05
8.715394e+01	1.487974e-05
8.717694e+01	1.641526e-04
8.721654e+01	2.192338e-05
8.728359e+01	4.227645e-09
8.730593e+01	1.087602e-21
8.730703e+01	4.988241e-08
8.735037e+01	1.805668e-06
8.737020e+01	3.930777e-07
8.742543e+01	3.413135e-07
8.753511e+01	2.185592e-05
8.757157e+01	2.876213e-09
8.759946e+01	4.743223e-15
8.769351e+01	1.927763e-06
8.769795e+01	3.217452e-07
8.776983e+01	2.415507e-07
8.780225e+01	1.145967e-06
8.781770e+01	6.497126e-08
8.789523e+01	4.271172e-05
8.793586e+01	3.201602e-05
8.798929e+01	9.122663e-07
8.802260e+01	1.403466e-08
8.809578e+01	9.050467e-07
8.832639e+01	2.241969e-07
8.834890e+01	1.093833e-07
8.841254e+01	7.026522e-07
8.845020e+01	4.246603e-06
8.845357e+01	1.141460e-05
8.846057e+01	1.612793e-25
8.851367e+01	7.658007e-10
8.853684e+01	8.627889e-15
8.864241e+01	2.713539e-08
8.877944e+01	6.296186e-10
8.887688e+01	4.721164e-08
8.893730e+01	1.705602e-05
8.908936e+01	2.577691e-06
8.922230e+01	6.194825e-25
8.924469e+01	2.008455e-05
8.928089e+01	1.795153e-05
8.932016e+01	1.587704e-05
8.944692e+01	3.908419e-05
8.954011e+01	2.840102e-05
8.961550e+01	1.533172e-04
8.964384e+01	1.137413e-03
8.965541e+01	1.429002e-03
8.967394e+01	3.369038e-05
8.982485e+01	3.339680e-23
8.982757e+01	5.113222e-06
8.988107e+01	3.191353e-05
8.991836e+01	1.397762e-04
