#RPA-results:
#Nucleus: Ni 74
#Fermi level: -4.992964e+00	-1.506242e+01
#Excitation: 1 +
#Total number of pairs: 1032
#Number of ph-/ah-pairs: 1032/0
#Maximal excitation-energy for particle-hole-pairs: 100
#Maximal excitation-energy for antiparticle-hole-pairs: 1000
#No imaginary eigenvalues

#Parameterset: DD-PC1
#natural parity: no
#Isoscalar result:

-1.007043e+00	4.591979e-01
-3.468167e-01	2.295449e-23
-3.015510e-01	1.589318e-03
1.022881e-01	6.861671e-03
3.857685e-01	2.480524e-01
8.489776e-01	1.653018e-01
1.394483e+00	4.682622e-01
2.369202e+00	1.732978e-01
2.610507e+00	2.212802e-06
3.145662e+00	4.528618e-01
3.286830e+00	2.393159e-01
3.492596e+00	8.882631e+00
4.410570e+00	8.075370e-04
4.483525e+00	1.043898e-24
4.735146e+00	2.905883e-02
4.843263e+00	5.479085e-03
4.876414e+00	4.265655e-08
4.947724e+00	1.069862e-25
5.424711e+00	9.065751e-06
5.486026e+00	1.100039e-23
5.717054e+00	8.560326e-25
6.103572e+00	7.620468e-23
6.531249e+00	3.958624e-04
7.138601e+00	2.820853e-25
7.612880e+00	1.428970e-22
7.720466e+00	3.090265e+00
8.391628e+00	1.868065e-23
9.753370e+00	1.038526e-24
1.086629e+01	2.652925e-02
1.116711e+01	1.851761e-21
1.119568e+01	3.485378e-01
1.165135e+01	4.398958e-18
1.165365e+01	3.394087e+01
1.172176e+01	2.619280e-01
1.206917e+01	8.081511e-02
1.223940e+01	2.587832e-01
1.227667e+01	1.379924e-22
1.230110e+01	2.149741e-01
1.235008e+01	2.587499e-22
1.255797e+01	3.487443e-03
1.256637e+01	1.490632e-21
1.261666e+01	1.483059e-01
1.273981e+01	1.707734e-02
1.309198e+01	4.378089e-03
1.332918e+01	2.586761e-04
1.356828e+01	5.368617e-23
1.365284e+01	1.426899e-02
1.372987e+01	1.106168e-04
1.374051e+01	1.265175e-02
1.386229e+01	1.145446e-03
1.389252e+01	2.298496e-23
1.398685e+01	9.446253e-03
1.402937e+01	1.023051e-02
1.424930e+01	1.279344e-23
1.428487e+01	2.307627e-04
1.442711e+01	2.202190e-06
1.445806e+01	1.944512e-24
1.482527e+01	3.678783e-27
1.495362e+01	6.906064e-02
1.586307e+01	3.398118e-25
1.820312e+01	8.492185e-03
1.834441e+01	7.545980e-04
1.841315e+01	4.947283e-03
1.847453e+01	1.168313e-23
1.852404e+01	2.493833e-22
1.888099e+01	6.571786e-03
1.907012e+01	7.269341e-24
1.933366e+01	2.772742e-06
1.939413e+01	3.009430e-04
1.964183e+01	2.284848e-04
1.968023e+01	6.784954e-03
1.972078e+01	9.530275e-06
1.976785e+01	1.685998e-01
1.995892e+01	1.102308e-01
1.999070e+01	3.204276e-02
2.004069e+01	1.313987e-05
2.010182e+01	2.459771e-03
2.011191e+01	9.294885e-03
2.025848e+01	6.882932e-04
2.029581e+01	1.676774e-03
2.057744e+01	6.953139e-04
2.091667e+01	2.622208e-05
2.098843e+01	5.209180e-06
2.099961e+01	2.588366e-07
2.104668e+01	4.829045e-08
2.118717e+01	3.259362e-26
2.137313e+01	1.294560e-25
2.142940e+01	5.518995e-04
2.169701e+01	1.186991e-04
2.178883e+01	2.522379e-02
2.184775e+01	1.062420e-24
2.188666e+01	4.051719e-03
2.201238e+01	2.858057e-03
2.212044e+01	1.745985e-24
2.227407e+01	2.131790e-03
2.230601e+01	9.643254e-04
2.257190e+01	1.464738e-02
2.261642e+01	1.150785e-02
2.272760e+01	1.184893e-04
2.279075e+01	1.796297e-05
2.285173e+01	2.975588e-04
2.286405e+01	3.853542e-04
2.290283e+01	1.138116e-04
2.298069e+01	3.327811e-05
2.302728e+01	3.550902e-24
2.340747e+01	6.038308e-25
2.349284e+01	1.896568e-23
2.389604e+01	4.241889e-25
2.424293e+01	2.032536e-23
2.441460e+01	7.858626e-04
2.472366e+01	1.520343e-04
2.475798e+01	2.360847e-04
2.488101e+01	1.637722e-07
2.520065e+01	3.910621e-25
2.530227e+01	5.297691e-24
2.536885e+01	4.065053e-25
2.541698e+01	2.533287e-03
2.548551e+01	1.107694e-04
2.561965e+01	1.022786e-25
2.566179e+01	4.002688e-24
2.583337e+01	2.823536e-06
2.592007e+01	1.583175e-03
2.621661e+01	1.495245e-24
2.634088e+01	1.111818e-03
2.642898e+01	4.767359e-08
2.646290e+01	1.956782e-03
2.659235e+01	7.814915e-04
2.661575e+01	6.776721e-07
2.676139e+01	3.690883e-04
2.684056e+01	4.021009e-25
2.697632e+01	4.887032e-04
2.699706e+01	4.112690e-23
2.700044e+01	2.054694e-03
2.705075e+01	8.045108e-05
2.729476e+01	4.904847e-05
2.734599e+01	6.595987e-06
2.743708e+01	6.019282e-23
2.745028e+01	1.690752e-04
2.746955e+01	4.856295e-04
2.749374e+01	8.253609e-06
2.761551e+01	8.381852e-03
2.762713e+01	1.012808e-03
2.771268e+01	6.509759e-05
2.778278e+01	2.079127e-04
2.779441e+01	2.333353e-04
2.789091e+01	1.592363e-22
2.794230e+01	1.128205e-04
2.803840e+01	2.679950e-04
2.806655e+01	2.228956e-06
2.820738e+01	2.603491e-05
2.831012e+01	1.723564e-05
2.843725e+01	4.194180e-04
2.855645e+01	2.154714e-05
2.856714e+01	4.083755e-23
2.856747e+01	2.762122e-04
2.868076e+01	2.464729e-25
2.869094e+01	2.882439e-03
2.875594e+01	1.194281e-24
2.888373e+01	4.513733e-03
2.901384e+01	5.512278e-05
2.906279e+01	3.790354e-02
2.916572e+01	4.133673e-03
2.929037e+01	6.143536e-04
2.945650e+01	1.484430e-24
2.959072e+01	4.809924e-03
2.971517e+01	1.965854e-03
2.988691e+01	5.584426e-04
2.998072e+01	1.235298e-22
3.000517e+01	1.733133e-02
3.001537e+01	2.501866e-03
3.009396e+01	3.896725e-04
3.038344e+01	4.277953e-06
3.050475e+01	2.029816e-03
3.057639e+01	5.800508e-02
3.071489e+01	1.419126e-25
3.074193e+01	1.185329e-01
3.083204e+01	1.390826e-02
3.094146e+01	1.718100e-05
3.095363e+01	8.355024e-23
3.098265e+01	7.175894e-04
3.099697e+01	3.808536e-03
3.104100e+01	8.456341e-03
3.107765e+01	4.067327e-03
3.109537e+01	3.207089e-04
3.113403e+01	3.059155e-04
3.133680e+01	5.592811e-04
3.141366e+01	1.777721e-04
3.142680e+01	2.418133e-06
3.147274e+01	4.005670e-05
3.149307e+01	1.499530e-05
3.169859e+01	1.719275e-04
3.178188e+01	2.418621e-04
3.179429e+01	1.376516e-04
3.188282e+01	8.164349e-04
3.193779e+01	2.614434e-05
3.197296e+01	7.721018e-05
3.201261e+01	2.556123e-23
3.212620e+01	6.125531e-06
3.216785e+01	2.098622e-04
3.222798e+01	3.722120e-04
3.231607e+01	1.743063e-04
3.233280e+01	5.081014e-04
3.238795e+01	4.114659e-04
3.239355e+01	2.415058e-02
3.247529e+01	1.213954e-23
3.252588e+01	3.908821e-05
3.256207e+01	2.244452e-05
3.258335e+01	4.252524e-04
3.260582e+01	2.435087e-03
3.262585e+01	2.243989e-04
3.266080e+01	1.026814e-05
3.271968e+01	2.024214e-05
3.275966e+01	5.739131e-05
3.282481e+01	1.588207e-03
3.287704e+01	2.912070e-02
3.299267e+01	1.388751e-05
3.302588e+01	1.239130e-04
3.309077e+01	1.519938e-04
3.316214e+01	2.891259e-03
3.320515e+01	2.934516e-06
3.327224e+01	1.097950e-03
3.347473e+01	1.736904e-04
3.356269e+01	2.152410e-04
3.358033e+01	4.672429e-05
3.374417e+01	3.342402e-05
3.384156e+01	1.229988e-02
3.395089e+01	3.340400e-07
3.401371e+01	1.888485e-05
3.413012e+01	7.402528e-04
3.415914e+01	6.203954e-05
3.433626e+01	1.598113e-05
3.445251e+01	1.040280e-02
3.473476e+01	2.913632e-05
3.477742e+01	3.897399e-04
3.479727e+01	1.155265e-04
3.494395e+01	1.499304e-03
3.505617e+01	5.191162e-04
3.512903e+01	1.821817e-03
3.527021e+01	3.361418e-04
3.562035e+01	4.933977e-03
3.565994e+01	7.131015e-06
3.578065e+01	1.377275e-02
3.607183e+01	2.614474e-06
3.607495e+01	1.953754e-24
3.639415e+01	2.140153e-05
3.658028e+01	8.060076e-26
3.677260e+01	2.143872e-06
3.694833e+01	4.564063e-06
3.708250e+01	1.381218e-03
3.715120e+01	2.452334e-03
3.744821e+01	1.694818e-03
3.750607e+01	1.463296e-25
3.761190e+01	1.951755e-07
3.781663e+01	1.281147e-25
3.790523e+01	3.099805e-05
3.796260e+01	2.371866e-04
3.797548e+01	4.210977e-05
3.799569e+01	1.876758e-02
3.804762e+01	3.415928e-23
3.805674e+01	3.008153e-05
3.809474e+01	7.566328e-03
3.833706e+01	2.226785e-03
3.837192e+01	2.042552e-03
3.844732e+01	1.318840e-23
3.861572e+01	2.476309e-05
3.868087e+01	6.887420e-07
3.871337e+01	4.310945e-04
3.871870e+01	1.735941e-04
3.894487e+01	4.325404e-24
3.916059e+01	3.514499e-04
3.936114e+01	2.064362e-06
3.940601e+01	8.372982e-05
3.944459e+01	3.022119e-04
3.991830e+01	8.700077e-05
3.995903e+01	1.434268e-03
4.000466e+01	1.474524e-04
4.007233e+01	6.746456e-04
4.014237e+01	1.061755e-04
4.022727e+01	7.586234e-05
4.031088e+01	1.687607e-05
4.042774e+01	1.382481e-04
4.049019e+01	8.392361e-05
4.052613e+01	1.619322e-06
4.060460e+01	1.815566e-06
4.064850e+01	5.695868e-05
4.069583e+01	1.285758e-25
4.074324e+01	4.711388e-03
4.079097e+01	2.866358e-06
4.082436e+01	3.383894e-06
4.093152e+01	1.975086e-05
4.104185e+01	2.543942e-23
4.110415e+01	3.894831e-04
4.116573e+01	3.529102e-05
4.117442e+01	1.620284e-04
4.126818e+01	8.348890e-06
4.128309e+01	7.440116e-04
4.128629e+01	4.039580e-04
4.130214e+01	2.727816e-05
4.140729e+01	5.390298e-04
4.145112e+01	3.172187e-04
4.156302e+01	3.762787e-05
4.166198e+01	1.591273e-05
4.174671e+01	2.808190e-02
4.182249e+01	6.844613e-08
4.189239e+01	1.194117e-04
4.196601e+01	6.346217e-03
4.197869e+01	6.263921e-05
4.226548e+01	3.810903e-05
4.231566e+01	7.791105e-24
4.232973e+01	8.516142e-05
4.245608e+01	1.448068e-03
4.256371e+01	2.891841e-03
4.260239e+01	1.319456e-23
4.283346e+01	3.567580e-03
4.294862e+01	2.997703e-05
4.306656e+01	3.771906e-04
4.312836e+01	6.925904e-05
4.324237e+01	2.891804e-25
4.348555e+01	1.730561e-05
4.365101e+01	4.712370e-03
4.369946e+01	3.753790e-04
4.443784e+01	5.931560e-04
4.454316e+01	2.255872e-04
4.486704e+01	1.270645e-06
4.487586e+01	1.706413e-25
4.513508e+01	3.328408e-02
4.536119e+01	2.271495e-03
4.548743e+01	3.369587e-03
4.575171e+01	1.771969e-06
4.583374e+01	4.828180e-06
4.595326e+01	6.096148e-05
4.618628e+01	2.201727e-05
4.627665e+01	5.568743e-07
4.630144e+01	9.705070e-26
4.631745e+01	2.728796e-04
4.634850e+01	1.995725e-07
4.644750e+01	8.815055e-05
4.647817e+01	5.640635e-07
4.650698e+01	2.639095e-04
4.651049e+01	6.148816e-05
4.653298e+01	6.783750e-05
4.657406e+01	3.277577e-05
4.665693e+01	1.445836e-06
4.666319e+01	1.662835e-26
4.669916e+01	7.260951e-07
4.680042e+01	1.318304e-06
4.686836e+01	2.565941e-04
4.687985e+01	1.093042e-03
4.688358e+01	1.158736e-04
4.691871e+01	2.517846e-03
4.693255e+01	2.756995e-23
4.694115e+01	7.814940e-04
4.696543e+01	2.129264e-06
4.698336e+01	5.559543e-04
4.698809e+01	3.600092e-05
4.702194e+01	6.869720e-05
4.705224e+01	8.204358e-05
4.706005e+01	1.451782e-08
4.713665e+01	2.222378e-08
4.717389e+01	6.064034e-05
4.721688e+01	6.698684e-05
4.722370e+01	1.337718e-05
4.733647e+01	7.132349e-07
4.744912e+01	2.142103e-06
4.763474e+01	2.710465e-05
4.776537e+01	2.258553e-06
4.780182e+01	6.759666e-05
4.790256e+01	6.819754e-07
4.791087e+01	6.475511e-23
4.797606e+01	8.585813e-05
4.826070e+01	2.342905e-03
4.828244e+01	8.496709e-05
4.829247e+01	5.667844e-04
4.835908e+01	5.844943e-05
4.846220e+01	4.940082e-05
4.851873e+01	9.008749e-04
4.854641e+01	2.649230e-05
4.856785e+01	5.975830e-05
4.860632e+01	5.698178e-06
4.862451e+01	1.386285e-05
4.863936e+01	1.066870e-05
4.866860e+01	1.868249e-06
4.873695e+01	1.427491e-05
4.878062e+01	6.237553e-07
4.882699e+01	6.070064e-06
4.887702e+01	1.640110e-05
4.893303e+01	1.671767e-02
4.898731e+01	2.893123e-06
4.902693e+01	5.955422e-23
4.905530e+01	2.681432e-04
4.923649e+01	1.134503e-06
4.936061e+01	1.539996e-05
4.941243e+01	4.607264e-05
4.943438e+01	5.326205e-07
4.945916e+01	1.972516e-03
4.961539e+01	4.957300e-05
4.962114e+01	1.701026e-05
4.988023e+01	5.436883e-05
4.989796e+01	1.837542e-23
5.006051e+01	2.147430e-05
5.009156e+01	1.385403e-06
5.017108e+01	1.469598e-03
5.021676e+01	3.386517e-04
5.034439e+01	5.828854e-07
5.039172e+01	4.095864e-03
5.043528e+01	1.397554e-05
5.045795e+01	1.297565e-04
5.049950e+01	3.871179e-04
5.066533e+01	2.879921e-05
5.076962e+01	5.456104e-06
5.082929e+01	1.839371e-05
5.089326e+01	3.252994e-06
5.089929e+01	1.838129e-05
5.091748e+01	6.151240e-24
5.096205e+01	1.006440e-06
5.102162e+01	2.124728e-06
5.107787e+01	7.117576e-05
5.124658e+01	1.191231e-23
5.151956e+01	1.849430e-03
5.153640e+01	8.622627e-05
5.159540e+01	2.868672e-24
5.163942e+01	3.750884e-06
5.166602e+01	2.701562e-03
5.186557e+01	7.541791e-04
5.189682e+01	8.658123e-06
5.195127e+01	2.930701e-05
5.210724e+01	6.169538e-04
5.224721e+01	1.848537e-04
5.253712e+01	8.051601e-07
5.257951e+01	8.597935e-26
5.265995e+01	1.361231e-03
5.273583e+01	2.102347e-25
5.289066e+01	4.679374e-24
5.290414e+01	6.564060e-05
5.297532e+01	3.027672e-06
5.304574e+01	4.383382e-05
5.310462e+01	1.173281e-03
5.312742e+01	3.446271e-06
5.319945e+01	1.123726e-05
5.329362e+01	8.927166e-04
5.335847e+01	4.215264e-25
5.339822e+01	2.986287e-05
5.343271e+01	1.219171e-04
5.367660e+01	2.994747e-05
5.386349e+01	3.486392e-23
5.392317e+01	1.009795e-24
5.395317e+01	1.496127e-05
5.400367e+01	2.187574e-04
5.405761e+01	2.979198e-03
5.409136e+01	9.491594e-04
5.415691e+01	8.739359e-06
5.419017e+01	2.744220e-05
5.422445e+01	7.298121e-07
5.429870e+01	3.048392e-07
5.433061e+01	2.017418e-05
5.442880e+01	3.602210e-05
5.446910e+01	5.326082e-05
5.463275e+01	1.834840e-04
5.469811e+01	2.141246e-19
5.469816e+01	1.112469e-05
5.472522e+01	3.948978e-05
5.480975e+01	8.202132e-05
5.493123e+01	5.937574e-06
5.498290e+01	4.723990e-06
5.500839e+01	4.155436e-07
5.514746e+01	3.654064e-05
5.517261e+01	4.573743e-05
5.520080e+01	2.460305e-06
5.522024e+01	4.901978e-07
5.522331e+01	9.345061e-08
5.523441e+01	1.722658e-05
5.529497e+01	5.992700e-06
5.532214e+01	1.673802e-06
5.536666e+01	2.388594e-06
5.537378e+01	1.263887e-23
5.540299e+01	9.242698e-05
5.545179e+01	1.942723e-09
5.548471e+01	1.856265e-04
5.553279e+01	2.542961e-05
5.564001e+01	2.804062e-05
5.565058e+01	4.055165e-05
5.566934e+01	4.798888e-06
5.569220e+01	8.992080e-06
5.573329e+01	2.040699e-05
5.578371e+01	8.640549e-07
5.592506e+01	1.208181e-07
5.602072e+01	6.878596e-04
5.614439e+01	6.958579e-07
5.621397e+01	4.094622e-04
5.623165e+01	3.685498e-05
5.632627e+01	1.176751e-05
5.634632e+01	5.153093e-05
5.639086e+01	2.094589e-05
5.641263e+01	9.992875e-07
5.644013e+01	6.689650e-06
5.646154e+01	4.902231e-05
5.651170e+01	2.924444e-06
5.656788e+01	1.030241e-22
5.677752e+01	3.943252e-06
5.686566e+01	1.714360e-06
5.695204e+01	5.797095e-05
5.711304e+01	5.597850e-06
5.736250e+01	2.880337e-05
5.738965e+01	3.148436e-25
5.771697e+01	1.603626e-28
5.780610e+01	7.725325e-05
5.801027e+01	2.724148e-09
5.818541e+01	5.996530e-07
5.875328e+01	1.943299e-23
5.881832e+01	6.039474e-27
5.884917e+01	1.022895e-04
5.899288e+01	4.102776e-05
5.903907e+01	3.609991e-05
5.914657e+01	6.675755e-07
5.934902e+01	5.994374e-08
5.939854e+01	1.424822e-06
5.953933e+01	2.487400e-06
5.967731e+01	3.977113e-06
5.972627e+01	2.726113e-05
5.975039e+01	5.759142e-05
5.976363e+01	8.446574e-06
5.985807e+01	2.075728e-06
5.988001e+01	4.720377e-09
5.991384e+01	6.648137e-04
6.003810e+01	6.236227e-08
6.004369e+01	2.119468e-07
6.010325e+01	1.547228e-07
6.030589e+01	3.683318e-07
6.031381e+01	8.960827e-05
6.035451e+01	2.681027e-11
6.040339e+01	1.674231e-07
6.060406e+01	4.880461e-04
6.066574e+01	1.439745e-23
6.069640e+01	8.798119e-06
6.107189e+01	6.665184e-03
6.109867e+01	5.724704e-21
6.128631e+01	2.074484e-05
6.134780e+01	5.530094e-05
6.136014e+01	1.797364e-03
6.142917e+01	1.544450e-02
6.145970e+01	2.963854e-06
6.161519e+01	5.674347e-05
6.167577e+01	1.649244e-06
6.181747e+01	3.585940e-04
6.184910e+01	6.606404e-06
6.206746e+01	9.259224e-09
6.207592e+01	6.965509e-24
6.209302e+01	1.287655e-04
6.209938e+01	3.774289e-06
6.215604e+01	1.140431e-04
6.218566e+01	2.255538e-07
6.224768e+01	2.645360e-07
6.228539e+01	1.047703e-08
6.228963e+01	6.601200e-08
6.233229e+01	3.906337e-07
6.242713e+01	5.018300e-03
6.271316e+01	8.684328e-04
6.275229e+01	7.003414e-05
6.279217e+01	8.110171e-25
6.303868e+01	4.205543e-05
6.316487e+01	1.797282e-25
6.324537e+01	6.737332e-05
6.351248e+01	5.801952e-06
6.362597e+01	6.872898e-04
6.387694e+01	3.222785e-04
6.389257e+01	1.231717e-06
6.410942e+01	3.778444e-06
6.413750e+01	5.591656e-07
6.425737e+01	7.015586e-05
6.430333e+01	9.905574e-06
6.433781e+01	1.016164e-05
6.437290e+01	1.855037e-05
6.444169e+01	4.152721e-04
6.470854e+01	4.228753e-03
6.480962e+01	7.205581e-09
6.491379e+01	1.581298e-03
6.495407e+01	6.758808e-05
6.504665e+01	6.615314e-06
6.512412e+01	1.556780e-05
6.521647e+01	2.588623e-04
6.523791e+01	1.095424e-05
6.531047e+01	1.777935e-05
6.545807e+01	9.034032e-06
6.546817e+01	5.231910e-03
6.577085e+01	2.162830e-04
6.588906e+01	7.666388e-07
6.592803e+01	1.040306e-05
6.597759e+01	2.176463e-05
6.604502e+01	3.914377e-05
6.605338e+01	9.353527e-04
6.606031e+01	4.078577e-04
6.612690e+01	9.302344e-05
6.613632e+01	1.844532e-03
6.620558e+01	9.148543e-23
6.626157e+01	3.800596e-05
6.630545e+01	1.805995e-08
6.635651e+01	1.623062e-04
6.650228e+01	4.131184e-07
6.659680e+01	3.982884e-07
6.663978e+01	6.246528e-08
6.665234e+01	4.438184e-08
6.676233e+01	2.356878e-07
6.679935e+01	8.586693e-06
6.689688e+01	2.947699e-24
6.696458e+01	2.516149e-05
6.708444e+01	3.344074e-05
6.716703e+01	4.703548e-06
6.722126e+01	1.119143e-07
6.726313e+01	1.850013e-05
6.731389e+01	3.799545e-05
6.742407e+01	9.981041e-08
6.746476e+01	6.115598e-07
6.746804e+01	2.242469e-04
6.748341e+01	1.323728e-23
6.748952e+01	2.384778e-04
6.750086e+01	7.265392e-04
6.751506e+01	7.534175e-06
6.757560e+01	3.766994e-04
6.761177e+01	6.679535e-06
6.773386e+01	2.662384e-03
6.778835e+01	7.824728e-07
6.793866e+01	2.105904e-04
6.794656e+01	1.740371e-04
6.807801e+01	3.056341e-10
6.814732e+01	3.026918e-06
6.818040e+01	1.788784e-06
6.845282e+01	7.338518e-05
6.852091e+01	9.028041e-07
6.866509e+01	1.436964e-06
6.867121e+01	1.721633e-06
6.868759e+01	8.812839e-06
6.871437e+01	1.238165e-05
6.873479e+01	2.117885e-04
6.877134e+01	7.378309e-06
6.877631e+01	8.857715e-05
6.879822e+01	4.914842e-05
6.885405e+01	6.825203e-05
6.887091e+01	2.127324e-03
6.891377e+01	3.358920e-05
6.904461e+01	8.609487e-07
6.909386e+01	2.501877e-05
6.914626e+01	2.862031e-06
6.915871e+01	1.218032e-05
6.927448e+01	4.037950e-04
6.929531e+01	1.270381e-07
6.948211e+01	6.670562e-05
6.950399e+01	4.437281e-07
6.954596e+01	3.162371e-07
6.956376e+01	6.481352e-08
6.960645e+01	4.343392e-07
6.966328e+01	1.207959e-06
6.966679e+01	3.363321e-05
6.995062e+01	4.559953e-07
6.996577e+01	8.618449e-07
6.997462e+01	1.162204e-06
6.999108e+01	7.989128e-06
7.008526e+01	4.350842e-08
7.011618e+01	5.004836e-06
7.014670e+01	4.854850e-06
7.017310e+01	3.392942e-07
7.029139e+01	1.508103e-23
7.032369e+01	1.092771e-06
7.038575e+01	1.169964e-06
7.039224e+01	1.402660e-07
7.043353e+01	1.191830e-06
7.053644e+01	1.865574e-24
7.061165e+01	1.523577e-04
7.061958e+01	1.772470e-06
7.066873e+01	1.758456e-06
7.071818e+01	2.737797e-08
7.072960e+01	6.417720e-05
7.079258e+01	2.834888e-05
7.080650e+01	4.488109e-06
7.081648e+01	1.246503e-03
7.087667e+01	1.378985e-04
7.088786e+01	2.877232e-06
7.089143e+01	1.347254e-22
7.092573e+01	3.597772e-07
7.104295e+01	8.458260e-07
7.111858e+01	1.325631e-05
7.126319e+01	9.377945e-05
7.128590e+01	1.605511e-06
7.134036e+01	1.016310e-06
7.139490e+01	8.587965e-04
7.142663e+01	5.604989e-10
7.143632e+01	6.899034e-06
7.149165e+01	7.223687e-05
7.158507e+01	4.492338e-06
7.163814e+01	4.340366e-04
7.169821e+01	4.863501e-08
7.179325e+01	1.135360e-05
7.180459e+01	6.925765e-06
7.186672e+01	5.048604e-05
7.199952e+01	7.492934e-06
7.201252e+01	3.853533e-26
7.203354e+01	2.609174e-06
7.206745e+01	5.715595e-06
7.211023e+01	4.831916e-08
7.223764e+01	5.296257e-25
7.230293e+01	4.545481e-10
7.233484e+01	2.121082e-06
7.247324e+01	1.537614e-06
7.249245e+01	1.872918e-05
7.258721e+01	6.282661e-09
7.266890e+01	1.317320e-06
7.279406e+01	3.743804e-05
7.280255e+01	3.371947e-22
7.286079e+01	5.909177e-07
7.288424e+01	4.271693e-06
7.304269e+01	8.060969e-05
7.306795e+01	3.223902e-05
7.312739e+01	6.949532e-06
7.315993e+01	1.753000e-24
7.339344e+01	1.539806e-05
7.341633e+01	9.772341e-06
7.346656e+01	1.923734e-23
7.347113e+01	1.364551e-07
7.349839e+01	2.482623e-05
7.357129e+01	7.631500e-06
7.370075e+01	3.326649e-07
7.374528e+01	5.159694e-05
7.383344e+01	8.368685e-05
7.408447e+01	1.701230e-07
7.409951e+01	6.941041e-06
7.410701e+01	2.962835e-06
7.413318e+01	1.568669e-05
7.415060e+01	1.456101e-05
7.420495e+01	1.820235e-05
7.421795e+01	1.673470e-07
7.424936e+01	1.756075e-04
7.428621e+01	1.192103e-06
7.439410e+01	6.669421e-05
7.441696e+01	6.144725e-06
7.443334e+01	1.148038e-06
7.447484e+01	1.164891e-07
7.451138e+01	4.537428e-08
7.460580e+01	6.676312e-08
7.466364e+01	2.389406e-05
7.468008e+01	1.940781e-06
7.470542e+01	7.618244e-08
7.471428e+01	6.074856e-07
7.475613e+01	2.716936e-07
7.484003e+01	2.426275e-06
7.484962e+01	1.510684e-07
7.489158e+01	6.149428e-07
7.498391e+01	2.517529e-05
7.500281e+01	1.203935e-06
7.506143e+01	3.724871e-06
7.508229e+01	1.043672e-06
7.514306e+01	7.307157e-07
7.519940e+01	1.654147e-07
7.525766e+01	1.969344e-06
7.531166e+01	1.229072e-07
7.543482e+01	1.363824e-06
7.543623e+01	2.443090e-06
7.560254e+01	4.977091e-06
7.560603e+01	2.021197e-04
7.566576e+01	2.039804e-05
7.567404e+01	3.035972e-05
7.588431e+01	8.809891e-07
7.592337e+01	1.953259e-05
7.593196e+01	5.685873e-05
7.599565e+01	6.683993e-07
7.606621e+01	3.282207e-06
7.607224e+01	3.163437e-05
7.609161e+01	1.370778e-05
7.616776e+01	8.441359e-06
7.617940e+01	2.706755e-06
7.632757e+01	4.385729e-07
7.664695e+01	5.467669e-07
7.672533e+01	2.423261e-05
7.681928e+01	1.392129e-07
7.689982e+01	1.985900e-04
7.698466e+01	9.621916e-05
7.698520e+01	5.738323e-04
7.705268e+01	3.540531e-05
7.706268e+01	1.927763e-10
7.743351e+01	9.831192e-05
7.744679e+01	1.653547e-05
7.755639e+01	7.669316e-09
7.764533e+01	1.637919e-09
7.770687e+01	2.441229e-06
7.773880e+01	5.899905e-08
7.777912e+01	2.292251e-08
7.780566e+01	3.157723e-08
7.790908e+01	2.022517e-06
7.793507e+01	3.540989e-06
7.794691e+01	2.478416e-06
7.809114e+01	1.385892e-07
7.810679e+01	7.629308e-08
7.813674e+01	2.789772e-07
7.834418e+01	2.726616e-08
7.845825e+01	1.618815e-06
7.855030e+01	1.004446e-06
7.861973e+01	4.759758e-07
7.869452e+01	1.106620e-04
7.902151e+01	8.671086e-08
7.907977e+01	3.786527e-08
7.916763e+01	1.293631e-05
7.930553e+01	1.555925e-27
7.951300e+01	3.601199e-05
7.959342e+01	5.951341e-05
7.972343e+01	5.093190e-05
7.976394e+01	3.845898e-07
7.979931e+01	5.137539e-08
7.997600e+01	2.920851e-08
7.999927e+01	2.427136e-08
8.011010e+01	2.006217e-07
8.013717e+01	5.676587e-06
8.021137e+01	5.548946e-06
8.021921e+01	2.665904e-07
8.034182e+01	2.217254e-08
8.045525e+01	3.398918e-08
8.060117e+01	8.508722e-10
8.064336e+01	7.579226e-09
8.073947e+01	1.990020e-08
8.094253e+01	9.979474e-07
8.099309e+01	4.978761e-08
8.104866e+01	4.834331e-08
8.126211e+01	5.273885e-06
8.127152e+01	5.697513e-05
8.141217e+01	3.840291e-07
8.146753e+01	1.929049e-07
8.147226e+01	1.244196e-06
8.147280e+01	1.338377e-20
8.174944e+01	1.882731e-04
8.178887e+01	3.205426e-06
8.181520e+01	2.629310e-04
8.187223e+01	2.548305e-08
8.192919e+01	1.923773e-07
8.216574e+01	5.092506e-09
8.229457e+01	1.211372e-09
8.233706e+01	6.755123e-23
8.238165e+01	1.129203e-07
8.246493e+01	5.196908e-05
8.281756e+01	7.728486e-06
8.320799e+01	1.321213e-10
8.358095e+01	5.543471e-07
8.363350e+01	8.671026e-06
8.387854e+01	2.586388e-07
8.396996e+01	4.548716e-07
8.414616e+01	9.957264e-12
8.456144e+01	1.553846e-05
8.482828e+01	2.141157e-07
8.490164e+01	2.409903e-06
8.490636e+01	9.738687e-07
8.524344e+01	1.357051e-05
8.531316e+01	9.188395e-07
8.535154e+01	9.273129e-07
8.549847e+01	2.404944e-05
8.562254e+01	9.417088e-04
8.567444e+01	3.933743e-08
8.573313e+01	6.368896e-07
8.573637e+01	2.217205e-04
8.584316e+01	1.459199e-05
8.589778e+01	3.456262e-03
8.590141e+01	2.854725e-04
8.598766e+01	1.174863e-03
8.599212e+01	4.136611e-04
8.621475e+01	5.713136e-05
8.625557e+01	9.864888e-08
8.633657e+01	1.129164e-05
8.640260e+01	9.891340e-04
8.644147e+01	3.857630e-05
8.664365e+01	1.517654e-05
8.678206e+01	1.391532e-07
8.694732e+01	1.324793e-05
8.700151e+01	9.576788e-06
8.700978e+01	1.808396e-04
8.709129e+01	2.206331e-07
8.716248e+01	1.204038e-04
8.718721e+01	2.484294e-04
8.720907e+01	7.512014e-04
8.726788e+01	2.631129e-05
8.728915e+01	1.455663e-04
8.732878e+01	1.648566e-08
8.739614e+01	2.376334e-07
8.747787e+01	1.623659e-06
8.749281e+01	4.739268e-09
8.756581e+01	2.436666e-05
8.760953e+01	8.323799e-09
8.764126e+01	2.738962e-06
8.765500e+01	6.780667e-05
8.770852e+01	1.897441e-05
8.773720e+01	4.081239e-07
8.778107e+01	9.005327e-07
8.783120e+01	2.783729e-07
8.784750e+01	2.930236e-08
8.790756e+01	4.647708e-06
8.793692e+01	7.194191e-04
8.803405e+01	4.088558e-19
8.803632e+01	5.320596e-05
8.806036e+01	1.812633e-05
8.806831e+01	7.811858e-23
8.807238e+01	4.056799e-06
8.826549e+01	6.685569e-04
8.829420e+01	2.902059e-07
8.840388e+01	2.588353e-09
8.841729e+01	3.311369e-08
8.844576e+01	2.918202e-06
8.847356e+01	2.677159e-05
8.852058e+01	3.275696e-08
8.854946e+01	5.398885e-08
8.860836e+01	2.606750e-08
8.884096e+01	9.827353e-05
8.884434e+01	3.323640e-07
8.900369e+01	5.949286e-06
8.901536e+01	2.661734e-22
8.919427e+01	2.250088e-03
8.926165e+01	2.980316e-06
8.935935e+01	1.066741e-06
8.952659e+01	2.106377e-05
8.959409e+01	1.297189e-22
8.962706e+01	2.618813e-09
8.964308e+01	4.191776e-05
8.967378e+01	5.024846e-06
8.970388e+01	9.596171e-06
