#RPA-results:
#Nucleus: Ni 74
#Fermi level: -4.992964e+00	-1.506242e+01
#Excitation: 1 +
#Total number of pairs: 1032
#Number of ph-/ah-pairs: 1032/0
#Maximal excitation-energy for particle-hole-pairs: 100
#Maximal excitation-energy for antiparticle-hole-pairs: 1000
#No imaginary eigenvalues

#Parameterset: DD-PC1
#natural parity: no
#Isoscalar result:

-3.191635e+00	2.381129e-21
-1.032832e+00	6.126536e-01
-2.875679e-01	1.950617e-01
-2.406915e-01	5.848426e-01
3.279209e-01	1.631651e-01
5.328218e-01	8.822340e-01
1.216300e+00	9.085380e-01
1.831877e+00	1.957583e+00
2.492160e+00	9.715396e-04
2.883383e+00	3.508639e-01
2.931784e+00	1.064818e+01
3.216052e+00	1.835055e-02
4.045626e+00	1.151852e-02
4.262447e+00	5.006678e-02
4.461872e+00	2.124997e-21
4.492305e+00	6.142276e-21
4.635863e+00	8.630546e-05
4.669757e+00	7.073881e-05
4.785119e+00	6.101163e-05
4.935395e+00	4.220089e-23
5.201960e+00	9.360491e-05
5.375596e+00	5.659644e-25
5.692351e+00	2.714106e-27
7.093161e+00	4.517882e-24
7.571411e+00	4.157784e+00
7.586498e+00	5.355275e-22
8.346035e+00	4.651137e-22
8.853485e+00	1.476239e+00
9.455687e+00	3.494619e+00
9.720217e+00	1.514162e-20
1.038271e+01	2.179960e+01
1.091452e+01	1.758490e+00
1.113359e+01	1.039498e-21
1.149695e+01	2.791676e-01
1.157426e+01	4.230313e-21
1.158343e+01	5.810515e-02
1.186974e+01	2.353683e-01
1.205284e+01	1.142134e-23
1.229663e+01	2.125965e-24
1.241114e+01	6.138227e-03
1.244383e+01	2.865428e-02
1.253605e+01	1.050310e-22
1.256569e+01	4.376956e-03
1.263223e+01	8.564420e-03
1.313601e+01	2.722971e-03
1.319018e+01	3.250685e-03
1.336697e+01	1.961497e-22
1.338956e+01	2.182764e-02
1.360469e+01	9.862569e-02
1.370640e+01	3.722239e-03
1.381295e+01	5.123370e-02
1.388114e+01	3.934510e-21
1.388921e+01	3.946179e-02
1.401513e+01	1.538452e-03
1.420722e+01	6.257425e-24
1.433654e+01	3.103274e-03
1.437694e+01	1.397527e-22
1.446588e+01	5.592706e-02
1.477636e+01	2.268437e-23
1.558769e+01	1.185541e-23
1.570077e+01	1.472622e-20
1.782867e+01	1.094321e-02
1.818508e+01	2.210748e-04
1.832102e+01	1.261240e-03
1.845393e+01	6.128313e-26
1.852572e+01	1.581873e-03
1.896475e+01	4.016039e-24
1.902017e+01	1.304318e-23
1.908242e+01	4.143172e-04
1.922808e+01	7.124829e-04
1.927105e+01	4.250488e-04
1.936833e+01	5.444588e-07
1.960478e+01	6.253014e-04
1.966883e+01	1.642517e-02
1.967586e+01	5.779705e-02
1.978081e+01	2.751617e-02
1.990026e+01	2.302619e-02
1.996994e+01	1.664635e-03
2.010014e+01	4.364917e-03
2.018957e+01	1.741233e-05
2.023394e+01	7.928356e-08
2.031521e+01	4.205857e-04
2.057369e+01	5.166848e-04
2.088237e+01	1.864130e-06
2.097269e+01	4.321641e-07
2.099850e+01	2.674298e-05
2.104921e+01	1.313447e-03
2.111033e+01	8.235250e-22
2.115253e+01	2.205732e-23
2.152315e+01	3.997109e-03
2.159659e+01	2.628983e-24
2.161561e+01	1.860571e-02
2.174374e+01	1.401764e-04
2.179479e+01	1.152370e-02
2.182416e+01	6.804117e-25
2.186336e+01	7.330586e-03
2.204830e+01	1.310494e-03
2.211516e+01	3.200937e-04
2.228667e+01	1.549326e-04
2.233299e+01	7.300703e-04
2.240065e+01	2.531729e-21
2.260544e+01	1.208169e-03
2.269431e+01	1.766272e-04
2.275394e+01	1.243034e-06
2.283135e+01	4.921978e-04
2.292741e+01	7.095940e-24
2.295427e+01	1.022227e-04
2.331674e+01	7.405337e-22
2.347340e+01	7.531301e-22
2.388046e+01	6.038680e-23
2.393089e+01	1.781142e-04
2.408201e+01	1.680245e-03
2.463333e+01	2.549285e-04
2.469599e+01	4.307361e-03
2.472359e+01	4.602770e-05
2.493257e+01	4.879695e-23
2.507623e+01	2.587034e-03
2.520238e+01	3.243747e-25
2.533798e+01	7.348048e-25
2.548305e+01	1.327231e-03
2.556513e+01	1.029895e-22
2.575756e+01	3.040804e-22
2.576847e+01	1.488227e-03
2.591850e+01	2.631017e-03
2.601991e+01	1.408530e-05
2.615155e+01	1.686182e-03
2.616266e+01	4.049208e-22
2.634473e+01	2.851862e-03
2.645316e+01	4.587393e-05
2.656246e+01	1.626200e-04
2.659031e+01	1.426339e-05
2.668820e+01	1.637678e-03
2.683184e+01	1.479688e-25
2.685279e+01	5.923455e-06
2.692321e+01	6.824249e-03
2.696947e+01	3.833697e-04
2.697642e+01	2.533928e-24
2.702460e+01	4.238965e-05
2.710496e+01	2.000350e-03
2.726123e+01	9.526667e-04
2.729702e+01	2.399059e-23
2.744928e+01	8.725424e-05
2.746852e+01	8.701163e-04
2.757898e+01	8.951499e-05
2.761447e+01	5.732584e-03
2.775547e+01	7.240009e-04
2.789018e+01	1.933762e-05
2.798764e+01	8.992048e-04
2.804496e+01	1.743934e-05
2.806964e+01	9.019616e-05
2.829735e+01	7.525216e-04
2.831824e+01	1.247882e-04
2.836869e+01	1.995006e-04
2.840145e+01	1.567050e-03
2.851601e+01	9.160752e-05
2.855865e+01	9.325063e-24
2.859122e+01	9.146694e-04
2.862180e+01	3.913885e-03
2.867492e+01	7.179516e-25
2.868642e+01	6.512059e-06
2.872970e+01	1.439772e-25
2.876959e+01	9.353930e-04
2.882287e+01	3.706964e-03
2.900460e+01	6.575250e-04
2.902441e+01	2.530831e-02
2.924216e+01	3.008874e-03
2.933419e+01	6.949211e-03
2.940317e+01	1.301912e-22
2.942518e+01	4.615975e-03
2.959679e+01	2.841642e-05
2.977415e+01	3.137224e-04
2.978237e+01	7.955237e-22
3.003557e+01	1.604430e-04
3.027145e+01	1.804781e-03
3.034238e+01	5.858256e-02
3.049278e+01	1.990009e-02
3.051674e+01	2.176283e-22
3.060144e+01	2.729331e-03
3.063584e+01	9.198157e-03
3.080572e+01	2.406419e-06
3.087906e+01	5.356548e-03
3.092653e+01	1.266689e-21
3.093414e+01	2.482068e-03
3.097474e+01	2.563759e-04
3.100339e+01	3.917381e-03
3.103788e+01	4.058909e-03
3.108023e+01	7.520545e-05
3.115952e+01	4.869805e-04
3.133126e+01	6.255875e-04
3.138629e+01	5.107254e-05
3.139449e+01	1.566966e-05
3.156581e+01	9.340216e-04
3.157567e+01	6.525630e-04
3.167833e+01	2.057176e-23
3.168052e+01	6.511669e-05
3.176020e+01	8.885555e-05
3.184781e+01	1.779524e-07
3.189515e+01	8.166872e-23
3.191289e+01	9.372316e-04
3.194332e+01	3.465930e-04
3.201734e+01	2.965733e-03
3.210681e+01	8.775797e-04
3.215855e+01	3.765038e-04
3.222884e+01	3.205270e-03
3.227384e+01	7.130743e-04
3.233124e+01	1.523395e-03
3.236628e+01	1.649774e-02
3.237631e+01	3.154121e-03
3.246528e+01	1.050832e-03
3.249438e+01	2.320781e-03
3.257716e+01	1.892383e-04
3.261981e+01	3.343926e-03
3.266723e+01	6.345301e-03
3.270462e+01	3.869452e-03
3.275372e+01	2.089953e-05
3.282433e+01	1.683422e-03
3.291544e+01	1.383718e-03
3.300297e+01	9.042149e-04
3.310372e+01	6.495279e-04
3.311358e+01	3.976794e-03
3.316074e+01	2.006133e-05
3.334072e+01	6.375774e-05
3.336781e+01	5.664100e-05
3.355998e+01	2.198849e-05
3.368674e+01	3.304243e-05
3.378986e+01	2.889395e-04
3.381223e+01	8.499975e-03
3.392250e+01	1.888164e-05
3.399774e+01	1.101946e-07
3.408844e+01	1.976103e-06
3.416216e+01	1.761937e-04
3.425577e+01	1.974247e-05
3.446531e+01	6.895999e-04
3.460869e+01	4.588383e-04
3.466874e+01	5.857130e-04
3.484286e+01	1.448775e-03
3.492701e+01	3.625785e-04
3.500168e+01	1.092813e-03
3.515331e+01	2.510690e-05
3.522923e+01	1.123910e-03
3.546442e+01	5.513158e-03
3.560745e+01	2.425755e-05
3.566544e+01	5.777877e-03
3.605945e+01	1.800467e-25
3.606233e+01	9.648610e-08
3.630843e+01	1.188232e-04
3.645285e+01	4.410772e-04
3.651472e+01	4.775016e-05
3.654741e+01	3.912890e-26
3.684709e+01	7.212576e-04
3.708292e+01	9.770318e-06
3.722429e+01	4.329259e-07
3.738875e+01	6.432382e-03
3.742020e+01	3.032072e-27
3.755569e+01	8.306102e-03
3.777556e+01	1.930585e-21
3.777667e+01	1.567660e-04
3.787832e+01	4.405273e-05
3.791072e+01	4.529269e-07
3.795828e+01	3.805072e-25
3.801779e+01	6.997080e-03
3.810704e+01	4.304797e-05
3.821975e+01	1.086606e-03
3.837705e+01	1.628038e-22
3.838282e+01	1.843039e-04
3.845962e+01	7.418597e-04
3.860810e+01	2.366705e-04
3.871227e+01	6.759144e-07
3.886379e+01	3.633433e-26
3.898047e+01	2.968012e-04
3.914490e+01	7.791671e-04
3.926378e+01	5.179915e-06
3.933867e+01	7.001171e-04
3.941802e+01	7.163914e-05
3.954102e+01	7.421884e-05
3.973138e+01	2.221625e-04
3.977728e+01	1.507251e-04
3.985728e+01	1.634653e-04
3.996240e+01	2.663750e-06
4.000408e+01	5.804196e-05
4.013145e+01	5.571081e-06
4.023333e+01	9.654609e-06
4.031874e+01	5.221261e-07
4.035133e+01	2.949845e-06
4.043148e+01	3.072873e-06
4.054435e+01	4.301945e-09
4.063079e+01	4.799569e-26
4.068931e+01	2.174208e-05
4.070552e+01	3.244124e-03
4.073779e+01	1.430217e-04
4.074970e+01	1.820368e-22
4.085137e+01	4.035597e-06
4.093708e+01	1.345571e-04
4.095531e+01	4.582774e-07
4.105689e+01	1.934840e-04
4.114013e+01	5.209658e-05
4.120708e+01	4.892522e-06
4.121420e+01	7.998146e-04
4.127283e+01	1.145901e-05
4.130300e+01	3.636808e-06
4.136555e+01	7.436631e-05
4.146524e+01	5.034226e-08
4.169552e+01	2.115150e-04
4.173398e+01	2.665830e-02
4.174039e+01	8.827860e-04
4.180818e+01	7.869233e-04
4.195453e+01	5.821167e-03
4.221044e+01	7.163671e-06
4.227103e+01	2.534287e-04
4.227292e+01	1.199322e-21
4.240277e+01	1.794637e-03
4.249328e+01	1.426815e-03
4.256314e+01	8.827620e-24
4.265386e+01	4.273557e-04
4.272961e+01	3.246877e-03
4.292907e+01	9.660909e-05
4.299706e+01	9.701046e-05
4.317788e+01	1.982160e-23
4.323025e+01	4.157577e-04
4.332005e+01	4.273071e-04
4.336497e+01	3.249632e-03
4.392427e+01	6.836691e-04
4.420923e+01	4.388524e-04
4.451816e+01	1.809148e-05
4.464852e+01	1.418286e-02
4.480614e+01	9.990285e-23
4.481507e+01	2.144434e-03
4.508048e+01	2.105922e-03
4.513272e+01	6.392059e-04
4.522522e+01	1.343515e-03
4.531947e+01	2.381072e-04
4.567821e+01	7.134208e-06
4.571774e+01	1.030651e-03
4.577821e+01	4.628167e-07
4.584506e+01	4.811366e-07
4.594072e+01	5.016793e-04
4.607434e+01	5.568566e-05
4.609223e+01	3.187320e-22
4.619106e+01	8.443530e-05
4.622282e+01	1.049259e-04
4.624622e+01	3.045173e-24
4.638794e+01	2.561838e-06
4.645484e+01	8.143542e-06
4.648625e+01	3.783219e-04
4.650978e+01	9.796479e-05
4.653730e+01	6.369429e-05
4.656230e+01	1.234320e-22
4.663576e+01	2.965291e-05
4.669307e+01	1.301174e-06
4.672089e+01	9.408683e-04
4.672566e+01	1.452763e-03
4.677387e+01	3.419259e-07
4.680110e+01	3.836340e-04
4.683413e+01	1.837948e-04
4.684473e+01	5.545646e-05
4.687522e+01	2.088374e-04
4.688158e+01	8.936107e-24
4.691552e+01	7.103025e-06
4.695639e+01	5.937999e-06
4.703458e+01	4.400763e-05
4.706210e+01	5.636836e-06
4.708303e+01	3.739734e-08
4.710485e+01	9.107639e-08
4.712821e+01	2.401970e-06
4.738016e+01	2.860786e-06
4.745740e+01	3.100887e-07
4.755375e+01	6.586112e-05
4.769302e+01	1.373419e-21
4.769375e+01	3.488292e-06
4.779578e+01	6.146574e-06
4.786588e+01	9.511516e-06
4.788431e+01	4.385874e-06
4.797568e+01	8.785275e-06
4.801411e+01	3.265493e-06
4.805522e+01	3.035303e-04
4.819597e+01	1.785619e-03
4.820566e+01	6.180778e-05
4.831145e+01	2.405897e-05
4.832267e+01	1.210081e-05
4.840401e+01	3.639903e-05
4.845316e+01	1.882584e-04
4.851771e+01	1.067639e-04
4.852903e+01	2.701646e-06
4.856793e+01	8.527757e-06
4.864721e+01	6.818359e-25
4.870364e+01	4.032692e-07
4.875271e+01	1.106643e-05
4.881814e+01	1.655340e-06
4.891010e+01	1.106227e-03
4.892106e+01	1.392674e-02
4.901274e+01	2.939787e-05
4.904625e+01	2.949182e-04
4.920634e+01	7.800150e-05
4.924066e+01	6.515285e-04
4.929724e+01	1.136811e-21
4.930204e+01	1.084554e-05
4.931804e+01	2.795978e-04
4.939456e+01	2.196021e-06
4.948804e+01	2.146836e-04
4.959124e+01	8.963600e-07
4.977043e+01	2.358088e-05
4.990833e+01	5.532320e-05
4.991919e+01	9.449062e-04
4.993323e+01	5.616557e-04
4.997686e+01	5.502946e-04
5.014166e+01	2.115891e-04
5.025260e+01	2.157381e-05
5.030198e+01	4.333940e-04
5.032962e+01	4.083430e-04
5.037415e+01	2.175718e-05
5.043249e+01	1.454930e-05
5.069828e+01	2.845446e-06
5.075766e+01	9.557647e-07
5.084480e+01	1.765822e-05
5.084660e+01	9.170403e-05
5.085578e+01	5.072667e-06
5.087076e+01	5.380765e-27
5.097318e+01	1.261829e-06
5.108951e+01	8.191369e-23
5.112403e+01	2.970835e-05
5.135767e+01	1.918434e-03
5.137345e+01	4.265217e-04
5.147944e+01	6.935830e-25
5.157344e+01	1.134408e-04
5.164636e+01	1.651300e-03
5.173263e+01	2.620355e-05
5.181525e+01	2.011039e-04
5.184678e+01	1.367339e-06
5.198749e+01	5.487853e-04
5.226554e+01	1.075655e-07
5.233002e+01	3.543390e-04
5.249445e+01	3.828249e-23
5.251345e+01	4.242456e-06
5.267870e+01	7.226659e-23
5.273854e+01	4.394689e-07
5.275244e+01	2.828972e-21
5.288434e+01	2.420005e-05
5.295711e+01	1.438892e-05
5.306493e+01	1.069335e-03
5.312362e+01	6.871555e-06
5.317414e+01	9.244012e-25
5.327556e+01	6.376855e-04
5.329820e+01	1.861232e-05
5.341801e+01	4.880407e-05
5.343223e+01	1.248205e-06
5.356649e+01	3.251629e-05
5.359150e+01	1.051702e-22
5.364972e+01	4.438267e-05
5.370718e+01	1.022062e-07
5.376710e+01	1.205394e-05
5.378164e+01	1.238508e-23
5.392299e+01	1.298714e-03
5.400551e+01	1.486646e-06
5.409541e+01	1.711174e-05
5.419517e+01	6.066734e-06
5.421799e+01	3.170646e-07
5.426610e+01	6.870072e-06
5.431742e+01	1.731932e-04
5.433101e+01	3.623023e-05
5.445991e+01	6.180802e-05
5.452262e+01	1.278407e-24
5.454202e+01	4.952153e-06
5.460883e+01	6.504605e-05
5.472664e+01	1.836807e-05
5.475877e+01	3.796752e-06
5.486371e+01	3.828116e-06
5.493530e+01	6.172966e-06
5.497595e+01	3.273865e-05
5.505157e+01	1.767911e-04
5.508370e+01	1.384814e-04
5.509851e+01	6.154723e-06
5.514402e+01	1.211568e-05
5.518324e+01	2.994658e-23
5.521233e+01	2.926377e-07
5.524073e+01	1.334297e-07
5.532951e+01	1.023625e-07
5.539007e+01	7.810306e-05
5.539507e+01	9.180984e-08
5.540499e+01	5.143807e-06
5.545457e+01	9.705706e-07
5.550277e+01	9.667869e-07
5.558154e+01	3.281416e-05
5.559371e+01	1.667050e-06
5.561852e+01	4.376071e-06
5.566571e+01	5.129442e-06
5.574383e+01	8.616774e-07
5.587573e+01	2.366211e-04
5.588580e+01	2.598089e-04
5.603980e+01	4.643848e-04
5.606297e+01	2.295204e-05
5.607591e+01	8.444335e-06
5.611591e+01	2.484336e-05
5.615841e+01	1.448878e-10
5.621465e+01	4.425944e-06
5.625790e+01	1.111553e-05
5.634951e+01	2.712900e-05
5.642718e+01	4.764730e-07
5.648556e+01	1.869278e-07
5.659027e+01	2.095178e-06
5.677412e+01	6.912186e-07
5.681478e+01	1.392777e-05
5.697066e+01	6.757239e-06
5.727038e+01	4.052811e-05
5.738730e+01	3.212200e-25
5.760722e+01	6.267706e-05
5.771050e+01	7.966410e-32
5.784123e+01	8.089388e-05
5.804347e+01	7.781004e-08
5.839595e+01	5.933129e-23
5.855570e+01	5.269908e-06
5.870067e+01	1.353955e-07
5.873269e+01	1.011482e-04
5.881399e+01	1.798402e-26
5.886760e+01	2.281106e-08
5.899955e+01	1.385417e-06
5.916034e+01	7.298780e-10
5.929309e+01	8.691469e-08
5.945975e+01	1.615338e-08
5.953099e+01	1.229182e-06
5.961271e+01	1.020131e-05
5.963541e+01	2.362140e-05
5.970993e+01	2.182925e-05
5.972465e+01	9.046305e-06
5.989667e+01	6.241621e-04
5.995797e+01	1.150049e-06
6.002737e+01	1.113243e-08
6.003696e+01	7.488415e-08
6.019057e+01	3.429694e-06
6.026173e+01	6.042746e-07
6.029462e+01	5.396868e-05
6.029656e+01	6.172998e-07
6.055574e+01	3.111032e-04
6.056109e+01	2.727643e-22
6.065887e+01	1.623202e-04
6.084480e+01	5.778795e-23
6.097998e+01	1.396746e-04
6.101337e+01	4.876012e-03
6.112525e+01	3.598580e-06
6.125165e+01	3.808476e-04
6.129853e+01	3.793972e-03
6.136248e+01	1.543333e-02
6.153214e+01	3.977571e-05
6.155956e+01	1.328266e-04
6.162407e+01	1.041459e-04
6.163811e+01	4.141067e-06
6.193553e+01	2.172260e-06
6.197331e+01	6.973220e-06
6.201972e+01	1.261080e-25
6.208084e+01	6.406697e-05
6.209428e+01	2.003035e-06
6.212733e+01	1.045285e-04
6.217495e+01	9.489711e-06
6.223388e+01	1.698210e-04
6.225974e+01	2.278791e-06
6.228792e+01	7.894539e-05
6.232782e+01	4.003194e-03
6.262712e+01	2.204124e-04
6.265442e+01	7.917143e-04
6.276713e+01	9.461881e-25
6.285969e+01	3.241022e-06
6.287077e+01	1.958133e-04
6.306132e+01	7.871218e-05
6.306899e+01	1.023732e-23
6.330855e+01	5.775540e-06
6.346636e+01	8.416173e-04
6.360004e+01	2.452067e-04
6.372206e+01	5.993676e-05
6.380694e+01	7.198473e-06
6.385528e+01	1.085606e-05
6.399047e+01	1.110576e-04
6.408871e+01	1.193920e-06
6.412782e+01	6.002828e-05
6.422976e+01	4.981175e-06
6.454784e+01	2.587924e-03
6.466145e+01	4.797720e-04
6.468521e+01	1.217781e-03
6.469255e+01	5.073785e-05
6.488649e+01	3.355222e-04
6.497985e+01	2.200711e-05
6.500713e+01	3.074831e-04
6.509886e+01	1.170473e-05
6.516596e+01	9.511537e-04
6.521588e+01	3.519752e-05
6.535884e+01	3.525151e-03
6.550456e+01	2.102905e-05
6.556135e+01	9.033739e-04
6.567018e+01	3.487725e-08
6.569439e+01	1.447368e-04
6.585633e+01	5.764095e-05
6.592005e+01	2.041125e-03
6.595624e+01	4.492624e-04
6.602635e+01	5.580479e-07
6.607490e+01	1.196318e-04
6.609778e+01	4.532291e-04
6.614142e+01	8.499165e-05
6.614411e+01	1.150746e-21
6.616010e+01	3.277593e-06
6.634671e+01	1.620835e-05
6.640150e+01	2.458896e-05
6.655383e+01	6.584488e-08
6.655933e+01	3.068052e-05
6.657530e+01	8.227129e-05
6.662295e+01	4.520495e-06
6.672419e+01	2.084931e-22
6.672480e+01	2.257868e-07
6.675507e+01	2.810216e-06
6.700691e+01	1.203730e-05
6.704955e+01	1.770717e-07
6.711724e+01	2.233890e-05
6.713286e+01	5.578915e-05
6.717625e+01	1.766681e-06
6.730339e+01	9.198302e-07
6.732545e+01	1.828514e-05
6.737641e+01	1.533831e-21
6.737932e+01	4.049502e-05
6.738621e+01	1.693657e-04
6.740381e+01	7.042690e-06
6.741795e+01	5.720832e-07
6.745721e+01	3.602926e-06
6.761704e+01	8.585524e-07
6.767870e+01	2.632789e-03
6.771628e+01	7.194218e-07
6.786196e+01	9.267383e-05
6.793816e+01	2.044334e-07
6.803130e+01	1.599279e-05
6.808551e+01	2.120366e-06
6.814343e+01	1.313812e-06
6.817609e+01	1.286889e-08
6.836097e+01	1.151611e-05
6.846983e+01	2.366685e-07
6.852428e+01	6.591018e-07
6.856256e+01	2.841817e-05
6.861258e+01	1.022753e-04
6.862799e+01	2.082569e-04
6.867288e+01	3.230527e-05
6.872486e+01	1.801945e-05
6.875127e+01	5.736120e-06
6.880079e+01	2.409800e-03
6.884670e+01	1.327800e-06
6.887627e+01	1.676148e-06
6.896491e+01	4.141409e-05
6.902798e+01	1.032691e-07
6.909015e+01	1.250404e-06
6.909630e+01	1.112496e-06
6.912012e+01	6.929786e-07
6.917884e+01	1.886152e-04
6.932860e+01	1.210078e-04
6.937990e+01	1.253740e-05
6.941185e+01	8.770104e-06
6.942023e+01	3.572061e-06
6.949550e+01	1.065184e-05
6.949798e+01	8.282333e-07
6.958693e+01	5.895203e-07
6.968056e+01	4.875950e-06
6.977687e+01	5.848918e-07
6.980112e+01	1.765109e-08
6.985316e+01	2.973515e-06
6.987823e+01	2.874233e-06
6.992725e+01	5.175201e-06
6.997118e+01	3.885021e-06
7.005749e+01	4.285899e-06
7.008684e+01	8.775334e-07
7.025611e+01	2.040397e-24
7.027152e+01	4.936976e-05
7.031154e+01	1.289812e-04
7.035448e+01	1.488418e-03
7.038842e+01	4.121028e-07
7.041392e+01	6.986459e-24
7.048627e+01	1.512923e-06
7.049737e+01	1.183791e-08
7.062556e+01	1.970339e-05
7.065254e+01	5.271843e-05
7.068259e+01	4.593233e-07
7.074218e+01	1.109552e-05
7.079820e+01	3.427196e-08
7.083332e+01	1.610330e-05
7.084164e+01	3.267320e-24
7.086019e+01	5.956604e-07
7.086597e+01	7.773205e-06
7.090771e+01	5.019010e-04
7.097389e+01	6.779365e-06
7.103924e+01	2.855615e-05
7.113571e+01	8.227880e-07
7.122291e+01	7.396772e-08
7.129505e+01	5.288751e-07
7.132101e+01	1.687998e-06
7.137032e+01	5.598795e-05
7.141772e+01	3.228951e-05
7.146423e+01	4.547576e-05
7.154247e+01	5.872808e-05
7.157157e+01	3.821993e-08
7.167045e+01	3.136411e-05
7.169853e+01	2.186213e-05
7.183794e+01	1.449761e-05
7.186055e+01	4.834812e-06
7.197013e+01	4.542937e-26
7.199467e+01	1.928935e-06
7.204546e+01	2.737940e-06
7.204728e+01	8.278346e-06
7.214561e+01	7.571755e-26
7.220641e+01	1.264760e-07
7.233186e+01	3.952371e-07
7.237721e+01	3.446372e-06
7.240872e+01	4.566365e-06
7.254888e+01	4.538305e-06
7.266151e+01	1.340173e-24
7.267190e+01	2.910501e-05
7.269298e+01	5.773521e-06
7.278155e+01	3.417040e-06
7.282703e+01	6.195029e-21
7.282735e+01	1.027173e-05
7.294513e+01	2.900528e-06
7.296493e+01	9.169252e-05
7.308246e+01	1.749094e-23
7.326812e+01	6.299675e-06
7.332548e+01	6.572241e-06
7.336641e+01	1.137793e-05
7.343621e+01	8.307939e-06
7.346869e+01	1.642689e-08
7.352522e+01	2.503699e-08
7.358934e+01	8.625540e-05
7.366504e+01	1.706529e-04
7.378312e+01	4.415834e-05
7.392279e+01	1.385880e-06
7.396564e+01	8.305066e-07
7.398698e+01	7.879265e-06
7.405735e+01	5.439064e-06
7.409526e+01	1.244966e-06
7.413180e+01	1.642832e-07
7.419087e+01	3.626666e-07
7.419937e+01	1.382408e-04
7.421861e+01	3.219515e-06
7.426061e+01	8.518790e-07
7.427483e+01	8.299798e-06
7.431024e+01	2.129385e-05
7.445931e+01	7.413948e-07
7.446760e+01	2.004670e-06
7.452476e+01	2.197087e-09
7.457436e+01	8.688070e-07
7.466035e+01	6.417654e-07
7.467788e+01	3.739494e-08
7.471226e+01	1.469787e-07
7.475156e+01	1.921237e-06
7.476286e+01	4.187781e-09
7.478972e+01	2.644212e-06
7.488526e+01	1.938641e-06
7.489596e+01	4.086528e-07
7.491414e+01	3.911445e-06
7.500859e+01	9.354364e-08
7.507478e+01	1.819804e-06
7.512694e+01	1.542421e-06
7.517490e+01	8.656710e-08
7.524212e+01	3.041730e-08
7.531903e+01	8.554471e-06
7.533797e+01	7.519530e-07
7.541315e+01	1.076376e-05
7.548786e+01	1.063957e-05
7.555021e+01	3.628369e-06
7.559416e+01	1.086615e-05
7.574872e+01	5.478817e-06
7.581025e+01	1.692803e-06
7.584321e+01	1.214090e-06
7.586539e+01	3.609586e-05
7.597559e+01	1.813819e-05
7.601783e+01	1.044998e-05
7.604997e+01	3.835174e-06
7.606367e+01	7.549904e-06
7.614579e+01	2.773359e-07
7.621273e+01	7.334944e-06
7.630672e+01	1.002172e-06
7.650105e+01	1.894591e-05
7.664034e+01	7.819643e-07
7.666044e+01	2.781802e-04
7.674791e+01	4.289913e-05
7.691359e+01	4.507018e-05
7.697596e+01	6.412115e-08
7.700362e+01	2.294024e-07
7.717716e+01	2.210727e-07
7.730314e+01	9.205399e-05
7.742128e+01	1.651749e-06
7.750115e+01	8.694584e-07
7.761233e+01	2.219939e-07
7.765669e+01	1.279344e-06
7.771199e+01	6.316629e-08
7.774396e+01	9.734554e-07
7.780557e+01	2.105127e-06
7.782063e+01	5.101831e-09
7.790189e+01	2.922373e-06
7.794183e+01	7.834376e-07
7.798912e+01	2.219139e-07
7.807166e+01	4.744061e-08
7.820791e+01	1.511322e-07
7.835808e+01	7.534393e-08
7.846717e+01	2.889930e-05
7.852729e+01	4.719059e-05
7.856554e+01	1.479554e-05
7.890485e+01	2.814627e-23
7.891113e+01	2.983936e-07
7.899580e+01	1.457429e-05
7.901235e+01	4.560733e-07
7.939061e+01	5.007055e-05
7.939318e+01	3.922501e-05
7.953560e+01	1.746660e-08
7.963609e+01	1.785827e-06
7.975575e+01	4.567076e-09
7.991543e+01	7.998340e-07
7.991886e+01	1.160192e-21
7.994003e+01	2.356513e-08
8.002567e+01	2.865414e-10
8.011229e+01	8.303726e-07
8.018022e+01	2.511243e-08
8.018718e+01	2.466226e-07
8.026332e+01	3.825266e-07
8.041321e+01	3.804058e-13
8.044561e+01	2.631006e-07
8.061698e+01	1.358857e-06
8.064128e+01	8.086287e-08
8.083577e+01	1.610777e-06
8.089470e+01	2.188543e-06
8.100570e+01	3.045328e-09
8.107028e+01	1.716015e-05
8.116055e+01	7.812656e-06
8.121769e+01	8.635112e-07
8.122185e+01	4.889346e-24
8.132354e+01	2.334135e-05
8.137706e+01	1.689998e-04
8.143226e+01	2.606903e-06
8.161822e+01	1.299469e-04
8.174749e+01	4.665270e-09
8.176362e+01	4.845185e-07
8.185063e+01	6.367882e-10
8.203450e+01	3.416654e-06
8.215498e+01	2.464546e-08
8.229333e+01	4.314500e-05
8.233162e+01	9.684851e-06
8.273684e+01	1.586145e-07
8.309230e+01	1.554790e-07
8.334962e+01	6.783375e-08
8.351249e+01	2.366643e-05
8.374714e+01	6.889605e-08
8.392774e+01	8.120832e-07
8.406948e+01	5.651977e-10
8.436292e+01	7.935838e-07
8.468549e+01	1.560677e-06
8.485749e+01	6.274951e-06
8.485888e+01	2.738396e-06
8.507232e+01	3.787789e-06
8.519166e+01	2.688700e-06
8.524666e+01	2.034223e-05
8.547588e+01	2.041275e-08
8.558041e+01	2.324806e-04
8.559573e+01	1.225390e-03
8.562378e+01	8.188582e-06
8.566533e+01	2.239460e-04
8.572618e+01	2.097563e-05
8.576263e+01	1.306090e-03
8.578809e+01	2.558299e-03
8.587356e+01	2.528424e-05
8.589236e+01	2.525244e-04
8.595615e+01	3.222858e-04
8.613068e+01	7.395389e-06
8.616102e+01	1.443673e-03
8.617522e+01	2.538486e-05
8.622629e+01	2.045154e-04
8.654092e+01	8.580933e-07
8.656918e+01	3.385900e-07
8.660366e+01	7.205630e-06
8.684293e+01	1.529469e-04
8.687218e+01	8.948947e-06
8.692679e+01	2.725585e-05
8.698417e+01	1.236944e-08
8.699930e+01	3.764021e-06
8.710923e+01	3.914345e-06
8.714486e+01	5.933243e-04
8.717816e+01	6.566345e-05
8.719236e+01	1.910578e-04
8.723648e+01	1.325942e-05
8.725125e+01	1.869905e-06
8.727827e+01	1.058083e-06
8.732167e+01	5.153884e-06
8.738935e+01	1.665664e-06
8.754354e+01	7.256544e-05
8.755683e+01	2.680411e-06
8.758676e+01	8.488942e-08
8.766127e+01	1.065645e-21
8.766903e+01	1.924087e-06
8.769086e+01	2.268628e-07
8.773612e+01	8.358356e-06
8.777371e+01	3.595899e-06
8.778627e+01	6.198840e-04
8.778875e+01	2.149252e-04
8.784674e+01	1.862605e-06
8.788745e+01	5.368946e-21
8.789426e+01	1.426300e-04
8.793548e+01	5.230036e-06
8.798605e+01	8.263536e-05
8.808739e+01	5.684416e-04
8.829993e+01	2.226806e-07
8.831390e+01	5.548612e-07
8.839525e+01	1.098370e-07
8.842714e+01	1.836228e-05
8.843922e+01	1.914628e-06
8.847746e+01	3.756824e-09
8.853346e+01	9.036800e-09
8.865002e+01	2.630643e-04
8.876728e+01	4.085951e-08
8.880169e+01	2.679085e-06
8.892654e+01	7.481095e-23
8.902139e+01	4.109801e-05
8.907650e+01	1.569575e-03
8.918330e+01	1.422898e-05
8.924297e+01	2.009152e-05
8.934013e+01	6.950333e-08
8.948402e+01	1.582063e-06
8.952276e+01	5.372124e-24
8.957599e+01	4.105388e-07
8.962941e+01	3.064949e-06
8.966269e+01	2.185693e-05
8.976030e+01	1.732468e-04
8.978506e+01	4.987066e-05
8.983980e+01	4.309343e-08
8.989674e+01	1.844042e-05
8.992088e+01	1.624740e-05
