#RPA-results:
#Nucleus: Ni 74
#Fermi level: -4.992964e+00	-1.506242e+01
#Excitation: 1 +
#Total number of pairs: 1032
#Number of ph-/ah-pairs: 1032/0
#Maximal excitation-energy for particle-hole-pairs: 100
#Maximal excitation-energy for antiparticle-hole-pairs: 1000
#No imaginary eigenvalues

#Parameterset: DD-PC1
#natural parity: no
#Isoscalar result:

-1.045133e+00	8.168164e-01
-4.894449e-01	6.901120e-23
-2.730647e-01	8.039334e-03
4.929056e-02	9.118303e-03
3.145709e-01	4.044488e-01
6.824078e-01	1.281108e-01
1.138375e+00	9.319267e-01
1.896905e+00	1.499470e+00
2.599518e+00	9.431281e-06
2.798223e+00	1.140085e+01
3.159010e+00	3.647196e-01
3.286583e+00	5.097100e-02
4.397235e+00	5.237147e-04
4.463860e+00	3.587202e-25
4.725252e+00	1.662084e-02
4.829728e+00	2.281740e-03
4.870962e+00	6.617049e-07
4.928457e+00	2.438896e-25
5.321201e+00	5.514967e-24
5.411945e+00	2.750078e-05
5.682033e+00	4.080532e-26
5.996000e+00	1.266089e-22
6.421690e+00	8.369788e-03
7.073472e+00	1.355476e-24
7.497697e+00	5.689894e+00
7.574115e+00	1.377153e-22
8.324503e+00	2.306975e-23
9.701771e+00	1.541836e-25
1.036841e+01	2.857480e+01
1.079888e+01	6.089437e-02
1.112124e+01	1.533421e-22
1.116359e+01	6.403133e-02
1.153191e+01	5.663575e-26
1.168976e+01	3.169165e-04
1.194823e+01	9.977289e-24
1.198864e+01	3.239468e-04
1.216795e+01	2.176129e-02
1.227089e+01	9.753345e-03
1.227097e+01	4.737797e-18
1.252448e+01	1.996592e-24
1.254158e+01	3.156896e-04
1.260106e+01	1.844279e-02
1.272176e+01	2.658336e-03
1.305282e+01	2.403135e-03
1.325781e+01	2.826184e-27
1.331005e+01	2.571616e-04
1.361339e+01	5.133003e-03
1.368755e+01	6.793249e-04
1.373426e+01	2.726015e-03
1.384737e+01	2.132163e-04
1.387652e+01	1.143269e-23
1.397652e+01	1.058892e-03
1.400862e+01	3.127725e-03
1.419354e+01	6.604169e-24
1.426115e+01	8.934581e-05
1.434865e+01	2.259632e-24
1.441726e+01	2.098296e-05
1.476067e+01	1.906783e-26
1.490313e+01	2.211667e-02
1.545500e+01	1.203465e-26
1.817723e+01	3.493507e-04
1.831647e+01	1.882307e-03
1.832554e+01	6.868834e-23
1.839543e+01	2.822791e-03
1.844490e+01	2.047853e-24
1.886141e+01	3.459762e-03
1.900072e+01	6.018699e-24
1.932965e+01	1.241913e-05
1.938306e+01	6.147552e-04
1.962432e+01	2.444654e-04
1.966499e+01	9.202068e-03
1.970966e+01	6.239328e-06
1.974700e+01	1.124780e-01
1.987554e+01	1.812075e-02
1.993666e+01	2.420196e-03
2.002606e+01	8.764728e-06
2.009155e+01	1.560170e-03
2.009634e+01	2.981420e-03
2.025258e+01	1.025426e-04
2.029067e+01	3.146106e-04
2.056358e+01	3.849809e-04
2.088938e+01	7.263448e-06
2.098648e+01	1.145642e-06
2.099776e+01	2.141587e-08
2.103925e+01	1.923698e-08
2.113254e+01	4.149220e-28
2.121965e+01	1.644234e-25
2.141804e+01	1.072249e-04
2.168941e+01	6.077183e-05
2.173689e+01	1.474369e-03
2.183362e+01	1.595698e-24
2.185909e+01	2.980370e-03
2.200275e+01	1.520444e-03
2.208592e+01	2.473378e-24
2.226365e+01	1.269383e-03
2.227678e+01	6.732968e-04
2.251405e+01	1.029049e-02
2.257990e+01	3.379358e-03
2.270861e+01	5.003322e-05
2.278756e+01	5.365967e-06
2.283066e+01	5.960458e-05
2.284492e+01	2.592853e-04
2.287915e+01	1.215373e-23
2.289766e+01	8.732226e-05
2.297722e+01	1.673225e-05
2.335778e+01	1.331456e-23
2.338671e+01	1.007902e-23
2.388681e+01	4.998366e-26
2.411384e+01	3.401419e-23
2.439085e+01	2.601907e-04
2.469001e+01	6.721892e-05
2.473773e+01	4.113452e-04
2.486940e+01	1.732152e-07
2.519144e+01	7.700882e-25
2.525435e+01	6.382953e-24
2.532551e+01	4.545766e-25
2.539203e+01	1.438250e-03
2.547257e+01	4.067042e-04
2.553052e+01	3.146611e-24
2.560977e+01	2.724679e-24
2.581726e+01	1.487169e-04
2.588525e+01	1.135468e-03
2.609868e+01	4.386109e-24
2.629580e+01	7.819367e-04
2.640545e+01	1.931507e-06
2.643630e+01	1.044632e-05
2.657584e+01	4.206984e-04
2.660484e+01	1.529564e-05
2.674623e+01	2.315823e-04
2.682855e+01	1.494606e-25
2.694151e+01	1.453196e-03
2.694902e+01	1.111486e-03
2.696727e+01	7.783695e-25
2.703123e+01	4.998311e-05
2.722461e+01	8.437243e-25
2.726378e+01	4.060578e-05
2.733272e+01	8.413175e-06
2.743277e+01	1.216846e-04
2.744517e+01	3.297549e-04
2.748710e+01	1.412710e-07
2.759069e+01	1.981818e-03
2.761195e+01	4.134919e-03
2.762052e+01	4.053191e-20
2.769819e+01	4.708543e-05
2.774193e+01	8.300337e-04
2.776211e+01	2.113847e-04
2.793471e+01	6.014104e-05
2.796423e+01	1.530526e-03
2.804410e+01	3.051063e-04
2.819904e+01	1.411365e-05
2.831739e+01	6.855974e-07
2.836317e+01	1.430217e-03
2.853752e+01	4.682916e-04
2.855226e+01	1.348978e-09
2.855547e+01	7.201996e-25
2.866602e+01	4.906449e-03
2.867555e+01	3.387083e-24
2.871989e+01	2.454031e-24
2.876375e+01	6.344775e-03
2.891757e+01	3.711497e-03
2.898281e+01	1.028226e-03
2.899736e+01	2.687486e-02
2.926290e+01	1.374538e-04
2.938217e+01	4.359546e-23
2.938329e+01	7.192900e-03
2.968128e+01	2.160567e-25
2.970171e+01	1.754078e-03
2.983098e+01	5.764166e-04
2.995619e+01	1.289609e-02
2.997191e+01	1.149436e-04
3.006638e+01	2.399192e-04
3.036655e+01	8.115696e-05
3.043422e+01	7.746226e-02
3.043922e+01	1.115930e-22
3.048176e+01	7.225447e-03
3.059941e+01	7.792648e-03
3.080091e+01	7.847519e-04
3.090821e+01	6.436100e-05
3.091235e+01	4.118227e-24
3.095055e+01	2.258579e-03
3.097391e+01	3.457460e-04
3.099566e+01	3.313489e-03
3.105703e+01	2.920341e-04
3.108420e+01	1.485150e-04
3.112072e+01	2.444490e-06
3.132312e+01	1.177492e-04
3.138728e+01	1.817048e-06
3.139960e+01	2.787280e-06
3.146548e+01	1.545963e-05
3.148394e+01	1.255707e-05
3.168180e+01	2.398705e-07
3.176818e+01	1.271440e-04
3.178085e+01	1.166724e-04
3.183570e+01	2.425484e-23
3.186795e+01	5.799599e-04
3.192885e+01	1.498071e-05
3.195610e+01	7.277184e-06
3.211301e+01	2.826867e-05
3.215494e+01	9.023457e-05
3.218837e+01	3.156947e-04
3.226521e+01	4.064318e-06
3.232128e+01	5.871579e-04
3.235780e+01	1.919330e-02
3.237961e+01	5.221061e-04
3.238272e+01	4.346900e-25
3.250324e+01	5.096247e-05
3.253280e+01	4.225589e-06
3.255616e+01	3.642104e-04
3.257149e+01	3.289442e-05
3.261582e+01	3.397482e-04
3.265516e+01	7.590564e-05
3.270578e+01	4.069281e-04
3.272972e+01	2.027560e-02
3.275770e+01	1.797747e-05
3.281397e+01	6.465280e-06
3.297560e+01	2.418023e-06
3.302214e+01	3.202281e-05
3.307477e+01	1.308014e-04
3.309664e+01	3.103539e-03
3.319781e+01	1.877678e-05
3.325641e+01	7.048836e-04
3.346293e+01	1.169693e-04
3.353887e+01	8.880142e-05
3.354911e+01	8.938098e-06
3.373839e+01	8.513516e-06
3.379368e+01	7.370563e-03
3.393733e+01	5.815180e-07
3.400487e+01	1.270081e-05
3.405694e+01	1.639878e-05
3.411550e+01	5.247150e-04
3.432377e+01	1.999299e-05
3.443107e+01	7.014110e-03
3.458612e+01	7.854240e-04
3.471101e+01	1.299854e-04
3.478571e+01	1.099898e-04
3.479810e+01	1.868067e-03
3.494552e+01	6.080436e-04
3.504107e+01	2.941046e-04
3.519650e+01	2.497805e-03
3.537415e+01	4.652596e-03
3.561159e+01	4.709093e-03
3.565631e+01	9.183424e-07
3.604071e+01	6.748739e-07
3.604998e+01	9.360399e-27
3.637872e+01	9.286983e-07
3.652834e+01	4.932554e-26
3.664336e+01	4.066078e-05
3.674394e+01	2.801017e-06
3.691412e+01	8.863102e-07
3.706216e+01	7.176525e-04
3.725463e+01	1.242293e-02
3.737782e+01	2.585155e-25
3.745453e+01	6.215817e-04
3.753784e+01	1.374601e-04
3.775706e+01	1.915895e-25
3.787037e+01	2.138085e-04
3.791807e+01	5.588325e-25
3.794991e+01	9.883103e-05
3.796426e+01	1.065691e-03
3.798358e+01	5.680972e-03
3.803659e+01	6.189936e-06
3.817893e+01	4.334144e-04
3.834141e+01	1.436976e-23
3.834711e+01	3.458526e-05
3.859947e+01	1.137684e-05
3.866447e+01	3.562799e-05
3.869621e+01	3.850278e-04
3.871508e+01	1.476016e-05
3.882031e+01	5.298319e-24
3.914367e+01	1.905013e-04
3.935302e+01	3.153350e-07
3.938482e+01	6.607820e-05
3.943625e+01	1.891155e-04
3.987234e+01	2.265499e-04
3.992386e+01	8.524014e-04
3.998904e+01	1.268515e-05
4.005232e+01	4.033588e-04
4.013892e+01	6.598012e-05
4.019999e+01	5.671529e-05
4.028647e+01	2.171712e-05
4.041286e+01	8.652926e-05
4.047880e+01	4.732409e-05
4.050714e+01	8.055566e-06
4.058692e+01	5.080300e-07
4.059318e+01	2.122109e-23
4.060456e+01	1.062850e-23
4.062998e+01	4.296550e-05
4.068474e+01	2.656362e-03
4.076519e+01	1.538330e-05
4.081477e+01	3.684049e-07
4.092234e+01	9.256389e-06
4.108068e+01	2.248096e-04
4.114202e+01	3.339172e-05
4.115104e+01	6.916450e-05
4.118125e+01	7.514552e-04
4.125819e+01	6.381215e-06
4.128217e+01	2.288835e-07
4.129259e+01	3.409825e-05
4.137229e+01	4.026251e-04
4.144052e+01	1.782857e-04
4.155147e+01	1.846209e-05
4.162920e+01	4.761373e-05
4.172899e+01	2.898790e-02
4.181375e+01	5.326825e-08
4.187689e+01	8.717184e-05
4.194845e+01	5.545172e-03
4.195741e+01	5.965986e-05
4.218448e+01	3.429479e-05
4.224728e+01	6.502451e-24
4.228295e+01	3.023868e-06
4.240212e+01	1.332280e-03
4.246115e+01	6.732362e-04
4.254301e+01	2.388724e-24
4.268512e+01	2.991572e-03
4.287127e+01	8.645422e-05
4.292429e+01	8.228806e-06
4.311472e+01	5.207318e-05
4.314340e+01	7.921357e-25
4.321763e+01	2.038459e-03
4.347462e+01	3.481687e-06
4.367181e+01	3.066198e-04
4.441205e+01	4.028461e-04
4.452152e+01	1.134814e-04
4.476429e+01	8.692173e-03
4.476841e+01	2.131040e-24
4.484076e+01	2.300869e-03
4.517509e+01	3.748751e-03
4.533871e+01	5.548967e-04
4.566448e+01	5.919778e-06
4.580565e+01	5.720229e-06
4.594093e+01	3.280481e-05
4.615601e+01	1.924649e-05
4.621569e+01	2.511532e-26
4.625173e+01	5.496213e-07
4.628420e+01	1.530215e-04
4.629777e+01	3.957027e-05
4.643114e+01	3.003371e-05
4.644669e+01	3.120176e-06
4.648863e+01	8.129954e-05
4.650408e+01	6.056590e-23
4.650751e+01	8.014144e-06
4.650915e+01	2.047804e-04
4.656409e+01	1.232291e-06
4.662451e+01	2.085011e-03
4.665313e+01	1.880953e-05
4.668718e+01	7.809834e-08
4.677110e+01	2.614260e-04
4.678832e+01	1.207160e-05
4.682720e+01	1.275671e-04
4.684809e+01	4.558499e-24
4.686955e+01	4.266975e-07
4.691384e+01	1.630412e-04
4.693425e+01	8.884179e-05
4.696754e+01	9.110609e-05
4.697183e+01	2.885011e-06
4.701210e+01	7.808789e-05
4.703993e+01	2.956785e-05
4.704629e+01	1.574821e-05
4.713144e+01	3.526349e-07
4.715643e+01	2.813460e-05
4.720223e+01	2.083682e-05
4.720708e+01	7.239358e-06
4.729610e+01	1.831485e-06
4.744288e+01	1.274965e-06
4.759348e+01	6.635653e-23
4.761267e+01	2.622354e-05
4.773821e+01	2.429693e-05
4.778483e+01	5.526715e-05
4.789802e+01	1.077471e-05
4.796049e+01	6.016147e-05
4.815830e+01	1.557124e-03
4.825740e+01	1.361601e-04
4.826753e+01	6.047478e-05
4.834155e+01	2.001857e-09
4.842845e+01	1.255572e-04
4.844201e+01	2.571693e-24
4.849729e+01	3.414337e-04
4.850349e+01	1.465338e-05
4.854244e+01	7.310423e-05
4.858544e+01	2.518683e-06
4.860053e+01	4.359109e-07
4.861553e+01	3.876056e-05
4.865615e+01	2.627950e-07
4.871709e+01	1.462186e-05
4.877401e+01	7.860077e-06
4.881340e+01	4.879782e-07
4.886963e+01	1.592577e-05
4.892665e+01	1.633292e-02
4.897839e+01	7.048512e-07
4.901236e+01	3.933120e-04
4.922150e+01	2.103494e-06
4.934681e+01	1.036255e-05
4.939562e+01	5.858257e-05
4.942171e+01	3.647076e-05
4.944233e+01	1.256972e-03
4.954704e+01	1.855381e-05
4.960119e+01	4.746820e-22
4.960146e+01	3.659486e-05
4.977505e+01	7.099133e-04
4.987621e+01	3.725294e-05
5.003213e+01	3.128260e-06
5.006953e+01	7.841929e-06
5.018727e+01	7.360971e-05
5.030097e+01	4.438631e-04
5.033235e+01	1.012442e-06
5.041856e+01	4.139790e-05
5.044192e+01	8.905370e-05
5.047666e+01	1.700594e-04
5.061865e+01	1.538599e-05
5.073601e+01	8.203620e-07
5.082317e+01	1.101796e-05
5.085016e+01	3.522611e-24
5.087579e+01	1.903986e-05
5.088928e+01	1.417150e-06
5.094235e+01	9.317850e-08
5.101553e+01	6.352549e-06
5.105284e+01	4.489975e-05
5.120484e+01	8.887668e-24
5.128681e+01	2.040468e-03
5.142071e+01	5.951489e-25
5.150658e+01	1.037923e-04
5.160447e+01	7.426861e-08
5.163743e+01	1.356078e-03
5.179684e+01	1.155391e-04
5.186504e+01	1.827142e-05
5.191807e+01	1.329150e-10
5.207906e+01	4.482371e-04
5.223035e+01	1.426862e-04
5.246408e+01	5.582301e-25
5.251863e+01	7.418686e-07
5.262169e+01	8.977623e-04
5.263866e+01	1.379265e-24
5.266414e+01	2.734231e-25
5.288239e+01	4.256572e-05
5.294957e+01	5.441615e-08
5.303411e+01	5.251514e-06
5.304434e+01	9.799654e-04
5.311159e+01	3.851434e-06
5.315574e+01	2.998367e-25
5.319127e+01	6.455626e-06
5.326679e+01	4.923030e-04
5.338765e+01	1.576197e-05
5.341154e+01	2.178720e-05
5.345565e+01	2.891445e-24
5.366580e+01	1.462478e-05
5.384784e+01	1.771363e-03
5.385946e+01	6.480490e-24
5.392913e+01	2.197446e-05
5.398191e+01	3.256297e-04
5.401569e+01	2.096373e-03
5.412649e+01	1.038079e-05
5.416633e+01	1.298746e-05
5.421651e+01	2.104084e-08
5.427846e+01	1.946490e-07
5.432655e+01	1.034921e-05
5.438577e+01	2.206162e-05
5.445281e+01	2.955912e-05
5.446177e+01	3.606707e-24
5.460223e+01	1.109024e-04
5.468435e+01	5.760527e-06
5.471529e+01	1.452482e-05
5.480052e+01	4.470175e-05
5.488003e+01	7.842684e-06
5.496460e+01	3.740734e-06
5.499201e+01	7.343378e-07
5.512423e+01	1.976316e-05
5.515114e+01	2.771768e-05
5.519439e+01	2.641738e-06
5.519973e+01	1.428694e-06
5.521715e+01	1.069265e-06
5.521945e+01	1.997686e-06
5.528564e+01	5.023264e-06
5.529186e+01	2.368807e-23
5.530745e+01	3.610197e-06
5.535944e+01	2.284036e-06
5.538830e+01	7.755100e-05
5.544612e+01	7.890459e-08
5.547304e+01	1.358599e-04
5.552948e+01	2.071972e-05
5.562210e+01	1.259065e-05
5.564352e+01	2.457948e-05
5.565925e+01	7.358442e-06
5.568593e+01	1.211529e-07
5.571322e+01	7.947661e-05
5.577883e+01	1.386252e-10
5.582251e+01	3.536480e-04
5.592018e+01	1.954922e-06
5.613700e+01	2.638146e-07
5.619371e+01	2.115432e-04
5.622073e+01	1.344940e-05
5.627996e+01	1.530075e-22
5.629496e+01	8.598455e-06
5.632500e+01	2.821296e-05
5.638288e+01	1.730564e-05
5.640588e+01	5.066333e-07
5.642577e+01	5.062267e-06
5.645591e+01	3.220777e-05
5.650891e+01	2.271816e-06
5.676378e+01	2.224771e-06
5.685563e+01	1.519987e-06
5.693769e+01	3.447228e-05
5.709914e+01	4.231742e-06
5.735227e+01	1.377155e-05
5.738895e+01	2.668134e-25
5.770733e+01	9.961883e-29
5.779131e+01	3.775501e-05
5.798759e+01	4.869992e-11
5.817058e+01	5.686566e-07
5.868764e+01	2.258258e-23
5.881173e+01	4.266536e-27
5.883607e+01	6.547034e-05
5.896708e+01	1.714952e-05
5.902372e+01	2.242429e-05
5.912735e+01	1.371330e-06
5.932940e+01	3.618029e-08
5.939112e+01	8.825216e-07
5.946582e+01	1.423071e-06
5.965834e+01	6.270148e-07
5.970704e+01	1.537597e-05
5.973491e+01	4.227409e-05
5.975150e+01	1.232073e-06
5.983091e+01	2.041511e-06
5.986163e+01	6.824187e-08
5.988659e+01	5.864407e-04
6.003433e+01	7.769401e-10
6.003836e+01	2.181268e-07
6.009282e+01	1.112318e-07
6.028278e+01	3.988709e-05
6.030045e+01	1.365037e-11
6.034471e+01	2.506367e-09
6.038537e+01	1.824210e-07
6.050671e+01	5.397804e-24
6.052169e+01	1.968607e-04
6.064262e+01	3.049003e-04
6.071769e+01	5.752098e-24
6.097313e+01	3.983559e-03
6.126520e+01	1.227834e-03
6.127002e+01	4.366918e-03
6.132448e+01	1.506019e-02
6.133787e+01	3.737824e-04
6.142145e+01	4.040197e-06
6.159736e+01	2.014319e-04
6.160649e+01	3.763057e-05
6.178990e+01	2.231442e-04
6.183444e+01	3.994919e-06
6.198789e+01	2.151958e-25
6.205919e+01	1.302921e-08
6.207857e+01	6.944555e-07
6.208453e+01	6.046820e-07
6.212240e+01	2.885048e-04
6.217910e+01	1.737306e-08
6.222409e+01	2.476451e-05
6.223527e+01	1.184814e-07
6.228700e+01	1.598123e-06
6.230941e+01	3.242064e-03
6.232556e+01	1.376015e-05
6.260784e+01	8.697082e-04
6.274189e+01	2.914117e-05
6.275439e+01	5.401981e-27
6.279402e+01	4.151246e-04
6.297377e+01	9.556121e-05
6.301865e+01	1.309285e-24
6.337694e+01	8.269470e-04
6.349373e+01	8.095684e-05
6.381700e+01	1.976418e-04
6.387340e+01	1.098710e-07
6.407202e+01	1.029993e-07
6.409542e+01	5.418500e-08
6.415366e+01	2.366901e-04
6.424140e+01	8.794858e-05
6.427644e+01	8.161455e-05
6.432121e+01	9.689642e-06
6.436013e+01	7.747744e-05
6.460784e+01	3.558278e-03
6.470836e+01	2.143214e-03
6.480085e+01	1.230844e-05
6.493430e+01	4.209178e-05
6.504054e+01	6.212951e-06
6.510611e+01	3.838728e-05
6.519526e+01	2.312052e-04
6.522671e+01	1.764296e-05
6.530187e+01	1.445084e-05
6.536569e+01	1.588637e-04
6.539618e+01	3.675387e-03
6.565846e+01	4.951751e-05
6.585469e+01	8.658123e-05
6.586189e+01	2.346678e-03
6.591384e+01	2.997894e-05
6.594831e+01	4.871874e-10
6.602353e+01	1.694072e-07
6.604822e+01	8.864730e-07
6.609441e+01	2.614342e-04
6.610915e+01	1.443702e-23
6.611426e+01	3.559577e-06
6.617052e+01	3.179616e-06
6.629318e+01	7.768953e-07
6.633549e+01	1.121926e-04
6.649225e+01	4.316175e-07
6.657357e+01	8.445720e-08
6.663283e+01	1.371168e-08
6.663295e+01	1.115112e-22
6.664498e+01	1.670610e-08
6.674423e+01	3.066110e-08
6.679120e+01	5.855280e-06
6.693329e+01	1.486210e-05
6.704347e+01	2.196306e-05
6.715348e+01	1.257396e-06
6.720950e+01	1.003014e-07
6.724553e+01	3.179781e-05
6.730021e+01	2.219395e-05
6.730530e+01	1.284679e-04
6.731925e+01	2.036588e-22
6.739720e+01	8.432834e-08
6.744461e+01	1.690023e-04
6.745898e+01	1.667124e-08
6.747024e+01	1.628368e-04
6.748421e+01	4.805329e-04
6.750222e+01	2.589228e-06
6.759671e+01	1.531689e-05
6.764689e+01	2.440291e-03
6.777206e+01	4.904488e-08
6.782592e+01	3.576669e-05
6.791535e+01	1.130736e-04
6.806564e+01	4.463541e-08
6.813266e+01	8.903215e-06
6.817403e+01	2.778364e-06
6.842938e+01	4.623750e-05
6.849895e+01	1.552730e-06
6.864768e+01	9.613198e-08
6.865315e+01	3.889710e-06
6.867773e+01	1.192761e-05
6.870130e+01	2.610364e-05
6.872428e+01	4.131745e-04
6.876225e+01	2.968468e-04
6.876732e+01	2.559324e-04
6.877447e+01	1.666474e-03
6.879233e+01	2.150881e-05
6.882329e+01	3.445397e-06
6.890838e+01	1.683912e-05
6.902704e+01	1.234958e-06
6.908132e+01	1.151036e-05
6.910002e+01	3.283353e-05
6.913929e+01	4.373396e-06
6.916730e+01	8.356212e-05
6.926612e+01	1.196467e-07
6.937411e+01	4.079384e-05
6.946263e+01	4.350723e-05
6.953132e+01	8.375442e-08
6.955722e+01	1.596123e-10
6.960311e+01	1.110313e-07
6.963621e+01	5.663456e-07
6.964733e+01	3.757733e-05
6.993480e+01	3.672374e-05
6.994934e+01	2.218359e-05
6.996344e+01	2.281511e-05
6.996893e+01	6.700853e-08
7.005926e+01	1.203818e-08
7.010300e+01	9.150086e-06
7.013334e+01	2.717632e-05
7.016378e+01	2.871269e-04
7.016822e+01	1.622980e-03
7.023539e+01	5.301253e-23
7.027272e+01	2.767135e-06
7.030885e+01	8.468187e-06
7.034584e+01	1.107932e-23
7.038365e+01	2.493217e-05
7.041753e+01	4.235261e-06
7.059284e+01	1.540483e-04
7.060240e+01	1.836616e-06
7.066503e+01	1.062665e-06
7.067993e+01	4.168401e-04
7.069835e+01	1.342185e-07
7.071492e+01	1.027452e-07
7.078495e+01	3.694483e-05
7.080405e+01	1.858200e-07
7.081417e+01	7.808528e-27
7.086594e+01	3.858776e-05
7.088224e+01	6.848910e-07
7.091509e+01	1.123603e-07
7.102590e+01	1.053153e-08
7.110129e+01	1.055377e-05
7.124053e+01	6.551798e-05
7.127104e+01	4.144579e-06
7.133781e+01	3.515569e-07
7.141471e+01	1.961577e-06
7.141539e+01	2.397421e-07
7.148132e+01	4.583228e-05
7.157616e+01	3.387312e-06
7.161389e+01	2.778918e-04
7.168676e+01	5.477144e-08
7.178037e+01	9.363448e-06
7.179362e+01	7.366940e-06
7.183635e+01	2.641417e-05
7.194567e+01	1.089311e-26
7.198154e+01	5.645201e-06
7.201825e+01	2.001174e-06
7.206068e+01	3.456515e-06
7.209893e+01	3.678870e-26
7.210387e+01	4.323363e-08
7.229049e+01	5.295444e-09
7.230500e+01	5.311103e-08
7.246438e+01	1.794323e-06
7.248387e+01	1.193842e-05
7.256183e+01	2.928030e-09
7.258086e+01	5.174436e-25
7.265471e+01	1.774033e-06
7.267919e+01	2.249566e-27
7.278357e+01	2.768080e-05
7.284644e+01	7.845023e-07
7.287474e+01	2.385706e-06
7.291087e+01	1.176601e-23
7.301762e+01	6.101807e-05
7.305468e+01	1.403237e-05
7.310924e+01	5.910075e-06
7.337466e+01	1.501284e-05
7.340865e+01	6.176678e-06
7.347081e+01	1.486206e-07
7.348530e+01	1.225312e-05
7.355538e+01	5.293664e-06
7.368692e+01	3.405731e-07
7.373358e+01	1.952191e-05
7.381672e+01	5.520831e-05
7.407335e+01	1.683584e-06
7.408655e+01	3.791106e-06
7.409083e+01	3.462506e-06
7.411352e+01	5.127692e-06
7.413715e+01	8.149425e-06
7.417146e+01	1.019642e-04
7.419198e+01	4.332856e-05
7.421393e+01	1.390510e-07
7.427733e+01	2.310984e-06
7.438090e+01	2.599903e-05
7.439578e+01	2.093970e-05
7.441614e+01	3.184344e-06
7.445699e+01	4.407376e-07
7.450525e+01	1.027228e-07
7.459482e+01	4.232482e-08
7.464835e+01	1.543324e-05
7.467665e+01	2.264313e-06
7.468892e+01	5.367447e-07
7.470217e+01	2.681486e-06
7.470975e+01	2.713067e-07
7.475195e+01	3.226964e-07
7.483290e+01	2.217900e-06
7.487971e+01	8.272138e-07
7.497265e+01	1.537851e-05
7.499566e+01	7.171515e-07
7.504411e+01	3.450964e-06
7.507531e+01	8.583451e-07
7.513607e+01	8.740811e-07
7.519003e+01	1.889074e-07
7.524972e+01	1.541779e-06
7.530320e+01	1.528146e-07
7.542133e+01	1.196872e-06
7.542608e+01	1.813140e-06
7.558402e+01	1.446630e-04
7.559751e+01	1.065984e-08
7.565103e+01	2.259913e-05
7.566623e+01	2.346688e-05
7.582987e+01	2.028117e-05
7.587239e+01	2.810313e-06
7.590780e+01	1.432807e-05
7.597872e+01	1.328014e-07
7.606061e+01	1.141377e-05
7.606662e+01	1.362915e-05
7.608235e+01	4.832149e-06
7.615846e+01	6.647068e-06
7.617568e+01	1.580620e-06
7.632331e+01	3.445077e-07
7.639416e+01	1.438023e-05
7.654887e+01	3.266121e-04
7.658053e+01	5.082849e-07
7.680100e+01	1.203883e-07
7.695927e+01	4.923003e-04
7.698221e+01	1.203800e-09
7.704003e+01	1.975004e-05
7.705271e+01	5.492154e-09
7.741716e+01	4.578160e-05
7.743274e+01	1.909369e-05
7.754526e+01	2.248214e-08
7.763220e+01	1.434551e-09
7.769873e+01	1.658363e-06
7.772990e+01	6.037738e-08
7.777287e+01	7.731650e-08
7.780110e+01	5.257832e-08
7.789361e+01	1.343120e-06
7.792596e+01	2.077851e-06
7.794205e+01	2.127998e-06
7.807769e+01	1.262477e-08
7.809529e+01	7.914132e-08
7.811796e+01	1.669257e-07
7.832807e+01	4.247297e-08
7.844635e+01	1.529450e-06
7.854458e+01	7.815697e-07
7.861110e+01	5.724391e-07
7.867641e+01	6.517683e-05
7.872902e+01	7.485176e-27
7.891374e+01	1.315768e-05
7.901303e+01	8.433240e-08
7.907318e+01	2.132750e-08
7.933378e+01	3.412733e-05
7.957729e+01	4.280561e-05
7.970224e+01	3.734223e-05
7.975730e+01	1.613073e-07
7.979097e+01	6.604089e-08
7.997004e+01	4.579510e-09
7.999182e+01	3.006977e-08
8.010387e+01	2.123379e-07
8.013514e+01	4.298688e-06
8.020856e+01	3.881694e-06
8.021571e+01	3.242303e-07
8.033212e+01	2.478118e-08
8.045050e+01	2.626612e-08
8.058811e+01	1.762200e-08
8.064047e+01	5.413709e-08
8.072349e+01	7.845461e-09
8.093764e+01	5.555899e-07
8.098089e+01	4.689534e-08
8.104500e+01	5.584496e-08
8.109142e+01	7.206207e-25
8.125504e+01	3.073544e-05
8.126052e+01	9.942044e-06
8.140181e+01	4.411622e-07
8.142773e+01	1.094169e-08
8.146787e+01	9.736939e-07
8.170962e+01	1.288924e-04
8.178482e+01	9.838551e-06
8.179456e+01	1.452351e-04
8.186248e+01	3.948843e-08
8.191881e+01	3.344249e-07
8.209604e+01	9.466022e-23
8.215473e+01	5.903059e-09
8.227124e+01	8.264548e-12
8.237534e+01	1.728811e-07
8.244797e+01	3.226915e-05
8.280888e+01	5.364199e-06
8.319724e+01	1.120114e-11
8.355709e+01	5.760817e-07
8.362235e+01	3.181369e-06
8.386437e+01	1.823394e-07
8.396560e+01	3.117959e-07
8.413566e+01	1.647672e-11
8.454439e+01	9.803862e-06
8.481784e+01	1.680059e-07
8.484233e+01	2.323577e-05
8.490119e+01	3.543033e-07
8.523763e+01	8.943271e-06
8.529286e+01	7.732643e-07
8.534258e+01	6.385375e-07
8.547352e+01	1.785081e-05
8.558150e+01	1.907731e-03
8.564290e+01	1.708623e-04
8.566796e+01	2.152830e-07
8.572138e+01	3.915947e-03
8.572537e+01	7.484370e-05
8.583339e+01	9.234928e-06
8.587215e+01	1.503854e-04
8.589063e+01	5.128190e-07
8.597837e+01	3.342663e-05
8.612591e+01	1.770496e-03
8.619692e+01	1.337947e-04
8.624729e+01	1.825117e-07
8.631518e+01	1.080762e-05
8.642170e+01	3.295655e-06
8.650495e+01	9.325662e-06
8.676129e+01	1.321496e-07
8.691568e+01	5.438565e-06
8.699132e+01	1.279757e-06
8.699468e+01	1.340932e-04
8.708548e+01	2.867206e-07
8.711993e+01	4.547590e-04
8.716273e+01	1.139625e-04
8.717304e+01	1.076619e-04
8.722470e+01	9.773177e-05
8.726019e+01	1.729283e-05
8.732263e+01	5.663275e-08
8.736313e+01	3.745234e-07
8.746040e+01	1.295603e-06
8.747660e+01	4.146322e-05
8.747715e+01	8.160781e-18
8.748037e+01	2.073529e-06
8.756286e+01	4.431205e-07
8.760268e+01	1.732756e-07
8.763168e+01	2.866117e-05
8.763465e+01	6.129571e-07
8.772743e+01	8.116938e-07
8.774193e+01	1.191600e-03
8.776623e+01	1.472187e-07
8.780368e+01	2.803426e-22
8.782258e+01	4.003633e-11
8.784095e+01	4.989982e-08
8.789460e+01	1.142179e-06
8.799852e+01	4.687718e-04
8.802522e+01	1.208532e-05
8.804129e+01	3.274057e-06
8.805839e+01	1.839845e-07
8.824591e+01	2.971638e-08
8.839294e+01	1.631321e-08
8.840949e+01	4.444348e-08
8.843935e+01	1.711792e-06
8.846965e+01	2.211353e-05
8.851078e+01	7.179926e-08
8.854666e+01	1.859045e-07
8.856459e+01	2.854984e-04
8.859636e+01	6.096479e-09
8.882949e+01	2.517994e-08
8.887629e+01	7.145627e-23
8.899065e+01	2.705695e-05
8.902519e+01	1.262231e-03
8.924010e+01	1.793536e-05
8.934511e+01	1.169146e-07
8.948591e+01	6.805382e-22
8.949583e+01	1.707737e-05
8.958919e+01	1.059084e-04
8.960804e+01	1.751697e-07
8.963022e+01	1.304079e-05
8.966522e+01	3.258427e-06
8.969897e+01	7.404987e-06
