#RPA-results:
#Nucleus: Ni 74
#Fermi level: -4.992964e+00	-1.506242e+01
#Excitation: 1 +
#Total number of pairs: 1032
#Number of ph-/ah-pairs: 1032/0
#Maximal excitation-energy for particle-hole-pairs: 100
#Maximal excitation-energy for antiparticle-hole-pairs: 1000
#No imaginary eigenvalues

#Parameterset: DD-PC1
#natural parity: no
#Isoscalar result:

#width: 5.000000e-01
#maximum value: 2.095596e-03
#at energy: 6.993055e+01
-9.006945e+01	4.110760e-04
-8.996945e+01	4.119090e-04
-8.986945e+01	4.127445e-04
-8.976945e+01	4.135826e-04
-8.966945e+01	4.144232e-04
-8.956945e+01	4.152664e-04
-8.946945e+01	4.161122e-04
-8.936945e+01	4.169605e-04
-8.926945e+01	4.178115e-04
-8.916945e+01	4.186651e-04
-8.906945e+01	4.195213e-04
-8.896945e+01	4.203801e-04
-8.886945e+01	4.212416e-04
-8.876945e+01	4.221058e-04
-8.866945e+01	4.229726e-04
-8.856945e+01	4.238421e-04
-8.846945e+01	4.247143e-04
-8.836945e+01	4.255891e-04
-8.826945e+01	4.264667e-04
-8.816945e+01	4.273470e-04
-8.806945e+01	4.282301e-04
-8.796945e+01	4.291159e-04
-8.786945e+01	4.300044e-04
-8.776945e+01	4.308958e-04
-8.766945e+01	4.317899e-04
-8.756945e+01	4.326868e-04
-8.746945e+01	4.335864e-04
-8.736945e+01	4.344890e-04
-8.726945e+01	4.353943e-04
-8.716945e+01	4.363025e-04
-8.706945e+01	4.372135e-04
-8.696945e+01	4.381274e-04
-8.686945e+01	4.390442e-04
-8.676945e+01	4.399638e-04
-8.666945e+01	4.408864e-04
-8.656945e+01	4.418118e-04
-8.646945e+01	4.427402e-04
-8.636945e+01	4.436715e-04
-8.626945e+01	4.446058e-04
-8.616945e+01	4.455430e-04
-8.606945e+01	4.464833e-04
-8.596945e+01	4.474264e-04
-8.586945e+01	4.483726e-04
-8.576945e+01	4.493218e-04
-8.566945e+01	4.502741e-04
-8.556945e+01	4.512293e-04
-8.546945e+01	4.521876e-04
-8.536945e+01	4.531490e-04
-8.526945e+01	4.541135e-04
-8.516945e+01	4.550810e-04
-8.506945e+01	4.560517e-04
-8.496945e+01	4.570254e-04
-8.486945e+01	4.580023e-04
-8.476945e+01	4.589823e-04
-8.466945e+01	4.599655e-04
-8.456945e+01	4.609519e-04
-8.446945e+01	4.619414e-04
-8.436945e+01	4.629342e-04
-8.426945e+01	4.639301e-04
-8.416945e+01	4.649293e-04
-8.406945e+01	4.659317e-04
-8.396945e+01	4.669374e-04
-8.386945e+01	4.679463e-04
-8.376945e+01	4.689585e-04
-8.366945e+01	4.699741e-04
-8.356945e+01	4.709929e-04
-8.346945e+01	4.720150e-04
-8.336945e+01	4.730405e-04
-8.326945e+01	4.740693e-04
-8.316945e+01	4.751016e-04
-8.306945e+01	4.761371e-04
-8.296945e+01	4.771761e-04
-8.286945e+01	4.782185e-04
-8.276945e+01	4.792644e-04
-8.266945e+01	4.803136e-04
-8.256945e+01	4.813664e-04
-8.246945e+01	4.824226e-04
-8.236945e+01	4.834823e-04
-8.226945e+01	4.845455e-04
-8.216945e+01	4.856122e-04
-8.206945e+01	4.866824e-04
-8.196945e+01	4.877562e-04
-8.186945e+01	4.888336e-04
-8.176945e+01	4.899145e-04
-8.166945e+01	4.909991e-04
-8.156945e+01	4.920873e-04
-8.146945e+01	4.931790e-04
-8.136945e+01	4.942745e-04
-8.126945e+01	4.953736e-04
-8.116945e+01	4.964764e-04
-8.106945e+01	4.975828e-04
-8.096945e+01	4.986930e-04
-8.086945e+01	4.998070e-04
-8.076945e+01	5.009246e-04
-8.066945e+01	5.020460e-04
-8.056945e+01	5.031713e-04
-8.046945e+01	5.043003e-04
-8.036945e+01	5.054331e-04
-8.026945e+01	5.065697e-04
-8.016945e+01	5.077102e-04
-8.006945e+01	5.088546e-04
-7.996945e+01	5.100028e-04
-7.986945e+01	5.111550e-04
-7.976945e+01	5.123110e-04
-7.966945e+01	5.134710e-04
-7.956945e+01	5.146350e-04
-7.946945e+01	5.158029e-04
-7.936945e+01	5.169749e-04
-7.926945e+01	5.181508e-04
-7.916945e+01	5.193307e-04
-7.906945e+01	5.205147e-04
-7.896945e+01	5.217028e-04
-7.886945e+01	5.228950e-04
-7.876945e+01	5.240912e-04
-7.866945e+01	5.252916e-04
-7.856945e+01	5.264961e-04
-7.846945e+01	5.277048e-04
-7.836945e+01	5.289176e-04
-7.826945e+01	5.301347e-04
-7.816945e+01	5.313559e-04
-7.806945e+01	5.325814e-04
-7.796945e+01	5.338112e-04
-7.786945e+01	5.350452e-04
-7.776945e+01	5.362835e-04
-7.766945e+01	5.375262e-04
-7.756945e+01	5.387732e-04
-7.746945e+01	5.400245e-04
-7.736945e+01	5.412802e-04
-7.726945e+01	5.425403e-04
-7.716945e+01	5.438048e-04
-7.706945e+01	5.450738e-04
-7.696945e+01	5.463472e-04
-7.686945e+01	5.476251e-04
-7.676945e+01	5.489075e-04
-7.666945e+01	5.501944e-04
-7.656945e+01	5.514859e-04
-7.646945e+01	5.527819e-04
-7.636945e+01	5.540826e-04
-7.626945e+01	5.553878e-04
-7.616945e+01	5.566977e-04
-7.606945e+01	5.580122e-04
-7.596945e+01	5.593314e-04
-7.586945e+01	5.606552e-04
-7.576945e+01	5.619838e-04
-7.566945e+01	5.633172e-04
-7.556945e+01	5.646553e-04
-7.546945e+01	5.659982e-04
-7.536945e+01	5.673459e-04
-7.526945e+01	5.686984e-04
-7.516945e+01	5.700558e-04
-7.506945e+01	5.714181e-04
-7.496945e+01	5.727853e-04
-7.486945e+01	5.741574e-04
-7.476945e+01	5.755344e-04
-7.466945e+01	5.769165e-04
-7.456945e+01	5.783035e-04
-7.446945e+01	5.796956e-04
-7.436945e+01	5.810926e-04
-7.426945e+01	5.824948e-04
-7.416945e+01	5.839021e-04
-7.406945e+01	5.853145e-04
-7.396945e+01	5.867320e-04
-7.386945e+01	5.881547e-04
-7.376945e+01	5.895826e-04
-7.366945e+01	5.910157e-04
-7.356945e+01	5.924541e-04
-7.346945e+01	5.938977e-04
-7.336945e+01	5.953467e-04
-7.326945e+01	5.968009e-04
-7.316945e+01	5.982606e-04
-7.306945e+01	5.997255e-04
-7.296945e+01	6.011959e-04
-7.286945e+01	6.026718e-04
-7.276945e+01	6.041531e-04
-7.266945e+01	6.056398e-04
-7.256945e+01	6.071321e-04
-7.246945e+01	6.086299e-04
-7.236945e+01	6.101333e-04
-7.226945e+01	6.116423e-04
-7.216945e+01	6.131569e-04
-7.206945e+01	6.146772e-04
-7.196945e+01	6.162031e-04
-7.186945e+01	6.177347e-04
-7.176945e+01	6.192721e-04
-7.166945e+01	6.208152e-04
-7.156945e+01	6.223642e-04
-7.146945e+01	6.239189e-04
-7.136945e+01	6.254795e-04
-7.126945e+01	6.270460e-04
-7.116945e+01	6.286184e-04
-7.106945e+01	6.301968e-04
-7.096945e+01	6.317811e-04
-7.086945e+01	6.333714e-04
-7.076945e+01	6.349677e-04
-7.066945e+01	6.365701e-04
-7.056945e+01	6.381786e-04
-7.046945e+01	6.397932e-04
-7.036945e+01	6.414140e-04
-7.026945e+01	6.430410e-04
-7.016945e+01	6.446741e-04
-7.006945e+01	6.463136e-04
-6.996945e+01	6.479593e-04
-6.986945e+01	6.496113e-04
-6.976945e+01	6.512697e-04
-6.966945e+01	6.529344e-04
-6.956945e+01	6.546056e-04
-6.946945e+01	6.562832e-04
-6.936945e+01	6.579673e-04
-6.926945e+01	6.596579e-04
-6.916945e+01	6.613550e-04
-6.906945e+01	6.630588e-04
-6.896945e+01	6.647691e-04
-6.886945e+01	6.664861e-04
-6.876945e+01	6.682098e-04
-6.866945e+01	6.699401e-04
-6.856945e+01	6.716773e-04
-6.846945e+01	6.734212e-04
-6.836945e+01	6.751720e-04
-6.826945e+01	6.769296e-04
-6.816945e+01	6.786941e-04
-6.806945e+01	6.804655e-04
-6.796945e+01	6.822439e-04
-6.786945e+01	6.840293e-04
-6.776945e+01	6.858218e-04
-6.766945e+01	6.876213e-04
-6.756945e+01	6.894280e-04
-6.746945e+01	6.912418e-04
-6.736945e+01	6.930628e-04
-6.726945e+01	6.948910e-04
-6.716945e+01	6.967265e-04
-6.706945e+01	6.985693e-04
-6.696945e+01	7.004194e-04
-6.686945e+01	7.022770e-04
-6.676945e+01	7.041419e-04
-6.666945e+01	7.060144e-04
-6.656945e+01	7.078943e-04
-6.646945e+01	7.097818e-04
-6.636945e+01	7.116768e-04
-6.626945e+01	7.135795e-04
-6.616945e+01	7.154899e-04
-6.606945e+01	7.174079e-04
-6.596945e+01	7.193337e-04
-6.586945e+01	7.212674e-04
-6.576945e+01	7.232088e-04
-6.566945e+01	7.251581e-04
-6.556945e+01	7.271154e-04
-6.546945e+01	7.290806e-04
-6.536945e+01	7.310538e-04
-6.526945e+01	7.330350e-04
-6.516945e+01	7.350244e-04
-6.506945e+01	7.370219e-04
-6.496945e+01	7.390276e-04
-6.486945e+01	7.410415e-04
-6.476945e+01	7.430637e-04
-6.466945e+01	7.450942e-04
-6.456945e+01	7.471330e-04
-6.446945e+01	7.491803e-04
-6.436945e+01	7.512361e-04
-6.426945e+01	7.533003e-04
-6.416945e+01	7.553731e-04
-6.406945e+01	7.574545e-04
-6.396945e+01	7.595445e-04
-6.386945e+01	7.616433e-04
-6.376945e+01	7.637507e-04
-6.366945e+01	7.658670e-04
-6.356945e+01	7.679921e-04
-6.346945e+01	7.701261e-04
-6.336945e+01	7.722691e-04
-6.326945e+01	7.744210e-04
-6.316945e+01	7.765820e-04
-6.306945e+01	7.787521e-04
-6.296945e+01	7.809313e-04
-6.286945e+01	7.831197e-04
-6.276945e+01	7.853174e-04
-6.266945e+01	7.875243e-04
-6.256945e+01	7.897407e-04
-6.246945e+01	7.919664e-04
-6.236945e+01	7.942016e-04
-6.226945e+01	7.964462e-04
-6.216945e+01	7.987005e-04
-6.206945e+01	8.009644e-04
-6.196945e+01	8.032380e-04
-6.186945e+01	8.055213e-04
-6.176945e+01	8.078143e-04
-6.166945e+01	8.101173e-04
-6.156945e+01	8.124301e-04
-6.146945e+01	8.147529e-04
-6.136945e+01	8.170857e-04
-6.126945e+01	8.194286e-04
-6.116945e+01	8.217816e-04
-6.106945e+01	8.241448e-04
-6.096945e+01	8.265183e-04
-6.086945e+01	8.289020e-04
-6.076945e+01	8.312962e-04
-6.066945e+01	8.337007e-04
-6.056945e+01	8.361158e-04
-6.046945e+01	8.385414e-04
-6.036945e+01	8.409776e-04
-6.026945e+01	8.434245e-04
-6.016945e+01	8.458822e-04
-6.006945e+01	8.483506e-04
-5.996945e+01	8.508300e-04
-5.986945e+01	8.533202e-04
-5.976945e+01	8.558214e-04
-5.966945e+01	8.583337e-04
-5.956945e+01	8.608572e-04
-5.946945e+01	8.633918e-04
-5.936945e+01	8.659377e-04
-5.926945e+01	8.684949e-04
-5.916945e+01	8.710635e-04
-5.906945e+01	8.736435e-04
-5.896945e+01	8.762351e-04
-5.886945e+01	8.788383e-04
-5.876945e+01	8.814532e-04
-5.866945e+01	8.840798e-04
-5.856945e+01	8.867182e-04
-5.846945e+01	8.893685e-04
-5.836945e+01	8.920307e-04
-5.826945e+01	8.947050e-04
-5.816945e+01	8.973913e-04
-5.806945e+01	9.000899e-04
-5.796945e+01	9.028007e-04
-5.786945e+01	9.055238e-04
-5.776945e+01	9.082593e-04
-5.766945e+01	9.110072e-04
-5.756945e+01	9.137677e-04
-5.746945e+01	9.165409e-04
-5.736945e+01	9.193267e-04
-5.726945e+01	9.221253e-04
-5.716945e+01	9.249368e-04
-5.706945e+01	9.277612e-04
-5.696945e+01	9.305987e-04
-5.686945e+01	9.334492e-04
-5.676945e+01	9.363129e-04
-5.666945e+01	9.391899e-04
-5.656945e+01	9.420802e-04
-5.646945e+01	9.449839e-04
-5.636945e+01	9.479011e-04
-5.626945e+01	9.508320e-04
-5.616945e+01	9.537765e-04
-5.606945e+01	9.567348e-04
-5.596945e+01	9.597069e-04
-5.586945e+01	9.626930e-04
-5.576945e+01	9.656931e-04
-5.566945e+01	9.687073e-04
-5.556945e+01	9.717357e-04
-5.546945e+01	9.747784e-04
-5.536945e+01	9.778355e-04
-5.526945e+01	9.809070e-04
-5.516945e+01	9.839932e-04
-5.506945e+01	9.870940e-04
-5.496945e+01	9.902095e-04
-5.486945e+01	9.933399e-04
-5.476945e+01	9.964852e-04
-5.466945e+01	9.996456e-04
-5.456945e+01	1.002821e-03
-5.446945e+01	1.006012e-03
-5.436945e+01	1.009218e-03
-5.426945e+01	1.012439e-03
-5.416945e+01	1.015676e-03
-5.406945e+01	1.018929e-03
-5.396945e+01	1.022197e-03
-5.386945e+01	1.025482e-03
-5.376945e+01	1.028782e-03
-5.366945e+01	1.032098e-03
-5.356945e+01	1.035430e-03
-5.346945e+01	1.038779e-03
-5.336945e+01	1.042144e-03
-5.326945e+01	1.045525e-03
-5.316945e+01	1.048923e-03
-5.306945e+01	1.052338e-03
-5.296945e+01	1.055769e-03
-5.286945e+01	1.059217e-03
-5.276945e+01	1.062683e-03
-5.266945e+01	1.066165e-03
-5.256945e+01	1.069665e-03
-5.246945e+01	1.073182e-03
-5.236945e+01	1.076716e-03
-5.226945e+01	1.080269e-03
-5.216945e+01	1.083838e-03
-5.206945e+01	1.087426e-03
-5.196945e+01	1.091032e-03
-5.186945e+01	1.094655e-03
-5.176945e+01	1.098297e-03
-5.166945e+01	1.101957e-03
-5.156945e+01	1.105636e-03
-5.146945e+01	1.109333e-03
-5.136945e+01	1.113048e-03
-5.126945e+01	1.116783e-03
-5.116945e+01	1.120537e-03
-5.106945e+01	1.124309e-03
-5.096945e+01	1.128101e-03
-5.086945e+01	1.131912e-03
-5.076945e+01	1.135742e-03
-5.066945e+01	1.139593e-03
-5.056945e+01	1.143462e-03
-5.046945e+01	1.147352e-03
-5.036945e+01	1.151262e-03
-5.026945e+01	1.155192e-03
-5.016945e+01	1.159142e-03
-5.006945e+01	1.163112e-03
-4.996945e+01	1.167103e-03
-4.986945e+01	1.171115e-03
-4.976945e+01	1.175148e-03
-4.966945e+01	1.179201e-03
-4.956945e+01	1.183276e-03
-4.946945e+01	1.187372e-03
-4.936945e+01	1.191490e-03
-4.926945e+01	1.195629e-03
-4.916945e+01	1.199789e-03
-4.906945e+01	1.203972e-03
-4.896945e+01	1.208177e-03
-4.886945e+01	1.212404e-03
-4.876945e+01	1.216653e-03
-4.866945e+01	1.220925e-03
-4.856945e+01	1.225219e-03
-4.846945e+01	1.229536e-03
-4.836945e+01	1.233877e-03
-4.826945e+01	1.238240e-03
-4.816945e+01	1.242627e-03
-4.806945e+01	1.247037e-03
-4.796945e+01	1.251471e-03
-4.786945e+01	1.255929e-03
-4.776945e+01	1.260411e-03
-4.766945e+01	1.264917e-03
-4.756945e+01	1.269447e-03
-4.746945e+01	1.274002e-03
-4.736945e+01	1.278581e-03
-4.726945e+01	1.283186e-03
-4.716945e+01	1.287815e-03
-4.706945e+01	1.292470e-03
-4.696945e+01	1.297151e-03
-4.686945e+01	1.301856e-03
-4.676945e+01	1.306588e-03
-4.666945e+01	1.311346e-03
-4.656945e+01	1.316130e-03
-4.646945e+01	1.320940e-03
-4.636945e+01	1.325777e-03
-4.626945e+01	1.330641e-03
-4.616945e+01	1.335532e-03
-4.606945e+01	1.340450e-03
-4.596945e+01	1.345395e-03
-4.586945e+01	1.350368e-03
-4.576945e+01	1.355369e-03
-4.566945e+01	1.360397e-03
-4.556945e+01	1.365454e-03
-4.546945e+01	1.370540e-03
-4.536945e+01	1.375654e-03
-4.526945e+01	1.380797e-03
-4.516945e+01	1.385969e-03
-4.506945e+01	1.391170e-03
-4.496945e+01	1.396401e-03
-4.486945e+01	1.401662e-03
-4.476945e+01	1.406953e-03
-4.466945e+01	1.412273e-03
-4.456945e+01	1.417625e-03
-4.446945e+01	1.423007e-03
-4.436945e+01	1.428420e-03
-4.426945e+01	1.433864e-03
-4.416945e+01	1.439340e-03
-4.406945e+01	1.444847e-03
-4.396945e+01	1.450386e-03
-4.386945e+01	1.455957e-03
-4.376945e+01	1.461561e-03
-4.366945e+01	1.467197e-03
-4.356945e+01	1.472866e-03
-4.346945e+01	1.478569e-03
-4.336945e+01	1.484304e-03
-4.326945e+01	1.490074e-03
-4.316945e+01	1.495877e-03
-4.306945e+01	1.501715e-03
-4.296945e+01	1.507587e-03
-4.286945e+01	1.513494e-03
-4.276945e+01	1.519436e-03
-4.266945e+01	1.525414e-03
-4.256945e+01	1.531427e-03
-4.246945e+01	1.537475e-03
-4.236945e+01	1.543560e-03
-4.226945e+01	1.549682e-03
-4.216945e+01	1.555840e-03
-4.206945e+01	1.562036e-03
-4.196945e+01	1.568268e-03
-4.186945e+01	1.574539e-03
-4.176945e+01	1.580847e-03
-4.166945e+01	1.587194e-03
-4.156945e+01	1.593579e-03
-4.146945e+01	1.600003e-03
-4.136945e+01	1.606467e-03
-4.126945e+01	1.612970e-03
-4.116945e+01	1.619513e-03
-4.106945e+01	1.626096e-03
-4.096945e+01	1.632719e-03
-4.086945e+01	1.639384e-03
-4.076945e+01	1.646090e-03
-4.066945e+01	1.652837e-03
-4.056945e+01	1.659626e-03
-4.046945e+01	1.666458e-03
-4.036945e+01	1.673332e-03
-4.026945e+01	1.680249e-03
-4.016945e+01	1.687210e-03
-4.006945e+01	1.694214e-03
-3.996945e+01	1.701262e-03
-3.986945e+01	1.708355e-03
-3.976945e+01	1.715493e-03
-3.966945e+01	1.722675e-03
-3.956945e+01	1.729904e-03
-3.946945e+01	1.737178e-03
-3.936945e+01	1.744499e-03
-3.926945e+01	1.751866e-03
-3.916945e+01	1.759281e-03
-3.906945e+01	1.766744e-03
-3.896945e+01	1.774254e-03
-3.886945e+01	1.781813e-03
-3.876945e+01	1.789420e-03
-3.866945e+01	1.797077e-03
-3.856945e+01	1.804784e-03
-3.846945e+01	1.812541e-03
-3.836945e+01	1.820348e-03
-3.826945e+01	1.828206e-03
-3.816945e+01	1.836116e-03
-3.806945e+01	1.844078e-03
-3.796945e+01	1.852092e-03
-3.786945e+01	1.860159e-03
-3.776945e+01	1.868279e-03
-3.766945e+01	1.876453e-03
-3.756945e+01	1.884681e-03
-3.746945e+01	1.892964e-03
-3.736945e+01	1.901303e-03
-3.726945e+01	1.909697e-03
-3.716945e+01	1.918147e-03
-3.706945e+01	1.926654e-03
-3.696945e+01	1.935219e-03
-3.686945e+01	1.943841e-03
-3.676945e+01	1.952522e-03
-3.666945e+01	1.961261e-03
-3.656945e+01	1.970060e-03
-3.646945e+01	1.978919e-03
-3.636945e+01	1.987838e-03
-3.626945e+01	1.996818e-03
-3.616945e+01	2.005860e-03
-3.606945e+01	2.014964e-03
-3.596945e+01	2.024131e-03
-3.586945e+01	2.033361e-03
-3.576945e+01	2.042655e-03
-3.566945e+01	2.052014e-03
-3.556945e+01	2.061438e-03
-3.546945e+01	2.070927e-03
-3.536945e+01	2.080483e-03
-3.526945e+01	2.090106e-03
-3.516945e+01	2.099797e-03
-3.506945e+01	2.109555e-03
-3.496945e+01	2.119383e-03
-3.486945e+01	2.129280e-03
-3.476945e+01	2.139248e-03
-3.466945e+01	2.149287e-03
-3.456945e+01	2.159397e-03
-3.446945e+01	2.169579e-03
-3.436945e+01	2.179835e-03
-3.426945e+01	2.190164e-03
-3.416945e+01	2.200567e-03
-3.406945e+01	2.211046e-03
-3.396945e+01	2.221601e-03
-3.386945e+01	2.232232e-03
-3.376945e+01	2.242940e-03
-3.366945e+01	2.253727e-03
-3.356945e+01	2.264593e-03
-3.346945e+01	2.275538e-03
-3.336945e+01	2.286564e-03
-3.326945e+01	2.297671e-03
-3.316945e+01	2.308860e-03
-3.306945e+01	2.320132e-03
-3.296945e+01	2.331488e-03
-3.286945e+01	2.342928e-03
-3.276945e+01	2.354454e-03
-3.266945e+01	2.366066e-03
-3.256945e+01	2.377765e-03
-3.246945e+01	2.389553e-03
-3.236945e+01	2.401429e-03
-3.226945e+01	2.413395e-03
-3.216945e+01	2.425452e-03
-3.206945e+01	2.437601e-03
-3.196945e+01	2.449842e-03
-3.186945e+01	2.462177e-03
-3.176945e+01	2.474606e-03
-3.166945e+01	2.487132e-03
-3.156945e+01	2.499753e-03
-3.146945e+01	2.512472e-03
-3.136945e+01	2.525290e-03
-3.126945e+01	2.538208e-03
-3.116945e+01	2.551226e-03
-3.106945e+01	2.564346e-03
-3.096945e+01	2.577568e-03
-3.086945e+01	2.590895e-03
-3.076945e+01	2.604326e-03
-3.066945e+01	2.617864e-03
-3.056945e+01	2.631509e-03
-3.046945e+01	2.645263e-03
-3.036945e+01	2.659126e-03
-3.026945e+01	2.673100e-03
-3.016945e+01	2.687185e-03
-3.006945e+01	2.701384e-03
-2.996945e+01	2.715698e-03
-2.986945e+01	2.730127e-03
-2.976945e+01	2.744673e-03
-2.966945e+01	2.759337e-03
-2.956945e+01	2.774121e-03
-2.946945e+01	2.789026e-03
-2.936945e+01	2.804053e-03
-2.926945e+01	2.819203e-03
-2.916945e+01	2.834478e-03
-2.906945e+01	2.849880e-03
-2.896945e+01	2.865410e-03
-2.886945e+01	2.881068e-03
-2.876945e+01	2.896858e-03
-2.866945e+01	2.912779e-03
-2.856945e+01	2.928834e-03
-2.846945e+01	2.945025e-03
-2.836945e+01	2.961351e-03
-2.826945e+01	2.977817e-03
-2.816945e+01	2.994422e-03
-2.806945e+01	3.011168e-03
-2.796945e+01	3.028058e-03
-2.786945e+01	3.045093e-03
-2.776945e+01	3.062273e-03
-2.766945e+01	3.079603e-03
-2.756945e+01	3.097082e-03
-2.746945e+01	3.114712e-03
-2.736945e+01	3.132496e-03
-2.726945e+01	3.150436e-03
-2.716945e+01	3.168532e-03
-2.706945e+01	3.186788e-03
-2.696945e+01	3.205204e-03
-2.686945e+01	3.223784e-03
-2.676945e+01	3.242528e-03
-2.666945e+01	3.261439e-03
-2.656945e+01	3.280518e-03
-2.646945e+01	3.299769e-03
-2.636945e+01	3.319192e-03
-2.626945e+01	3.338791e-03
-2.616945e+01	3.358566e-03
-2.606945e+01	3.378521e-03
-2.596945e+01	3.398658e-03
-2.586945e+01	3.418978e-03
-2.576945e+01	3.439485e-03
-2.566945e+01	3.460180e-03
-2.556945e+01	3.481065e-03
-2.546945e+01	3.502144e-03
-2.536945e+01	3.523419e-03
-2.526945e+01	3.544892e-03
-2.516945e+01	3.566565e-03
-2.506945e+01	3.588442e-03
-2.496945e+01	3.610524e-03
-2.486945e+01	3.632815e-03
-2.476945e+01	3.655316e-03
-2.466945e+01	3.678032e-03
-2.456945e+01	3.700964e-03
-2.446945e+01	3.724116e-03
-2.436945e+01	3.747490e-03
-2.426945e+01	3.771089e-03
-2.416945e+01	3.794917e-03
-2.406945e+01	3.818975e-03
-2.396945e+01	3.843268e-03
-2.386945e+01	3.867798e-03
-2.376945e+01	3.892568e-03
-2.366945e+01	3.917583e-03
-2.356945e+01	3.942844e-03
-2.346945e+01	3.968356e-03
-2.336945e+01	3.994121e-03
-2.326945e+01	4.020144e-03
-2.316945e+01	4.046428e-03
-2.306945e+01	4.072975e-03
-2.296945e+01	4.099791e-03
-2.286945e+01	4.126878e-03
-2.276945e+01	4.154241e-03
-2.266945e+01	4.181882e-03
-2.256945e+01	4.209807e-03
-2.246945e+01	4.238019e-03
-2.236945e+01	4.266522e-03
-2.226945e+01	4.295321e-03
-2.216945e+01	4.324418e-03
-2.206945e+01	4.353820e-03
-2.196945e+01	4.383529e-03
-2.186945e+01	4.413551e-03
-2.176945e+01	4.443890e-03
-2.166945e+01	4.474551e-03
-2.156945e+01	4.505537e-03
-2.146945e+01	4.536855e-03
-2.136945e+01	4.568509e-03
-2.126945e+01	4.600503e-03
-2.116945e+01	4.632843e-03
-2.106945e+01	4.665534e-03
-2.096945e+01	4.698581e-03
-2.086945e+01	4.731990e-03
-2.076945e+01	4.765766e-03
-2.066945e+01	4.799914e-03
-2.056945e+01	4.834440e-03
-2.046945e+01	4.869350e-03
-2.036945e+01	4.904650e-03
-2.026945e+01	4.940346e-03
-2.016945e+01	4.976443e-03
-2.006945e+01	5.012949e-03
-1.996945e+01	5.049869e-03
-1.986945e+01	5.087210e-03
-1.976945e+01	5.124978e-03
-1.966945e+01	5.163180e-03
-1.956945e+01	5.201824e-03
-1.946945e+01	5.240916e-03
-1.936945e+01	5.280463e-03
-1.926945e+01	5.320472e-03
-1.916945e+01	5.360952e-03
-1.906945e+01	5.401909e-03
-1.896945e+01	5.443352e-03
-1.886945e+01	5.485288e-03
-1.876945e+01	5.527726e-03
-1.866945e+01	5.570673e-03
-1.856945e+01	5.614139e-03
-1.846945e+01	5.658131e-03
-1.836945e+01	5.702660e-03
-1.826945e+01	5.747733e-03
-1.816945e+01	5.793360e-03
-1.806945e+01	5.839550e-03
-1.796945e+01	5.886313e-03
-1.786945e+01	5.933659e-03
-1.776945e+01	5.981598e-03
-1.766945e+01	6.030140e-03
-1.756945e+01	6.079295e-03
-1.746945e+01	6.129076e-03
-1.736945e+01	6.179491e-03
-1.726945e+01	6.230553e-03
-1.716945e+01	6.282273e-03
-1.706945e+01	6.334664e-03
-1.696945e+01	6.387736e-03
-1.686945e+01	6.441502e-03
-1.676945e+01	6.495975e-03
-1.666945e+01	6.551169e-03
-1.656945e+01	6.607095e-03
-1.646945e+01	6.663768e-03
-1.636945e+01	6.721201e-03
-1.626945e+01	6.779409e-03
-1.616945e+01	6.838406e-03
-1.606945e+01	6.898207e-03
-1.596945e+01	6.958827e-03
-1.586945e+01	7.020283e-03
-1.576945e+01	7.082590e-03
-1.566945e+01	7.145764e-03
-1.556945e+01	7.209822e-03
-1.546945e+01	7.274782e-03
-1.536945e+01	7.340661e-03
-1.526945e+01	7.407478e-03
-1.516945e+01	7.475251e-03
-1.506945e+01	7.543999e-03
-1.496945e+01	7.613742e-03
-1.486945e+01	7.684501e-03
-1.476945e+01	7.756295e-03
-1.466945e+01	7.829146e-03
-1.456945e+01	7.903075e-03
-1.446945e+01	7.978106e-03
-1.436945e+01	8.054262e-03
-1.426945e+01	8.131565e-03
-1.416945e+01	8.210040e-03
-1.406945e+01	8.289713e-03
-1.396945e+01	8.370608e-03
-1.386945e+01	8.452753e-03
-1.376945e+01	8.536173e-03
-1.366945e+01	8.620899e-03
-1.356945e+01	8.706957e-03
-1.346945e+01	8.794378e-03
-1.336945e+01	8.883191e-03
-1.326945e+01	8.973430e-03
-1.316945e+01	9.065124e-03
-1.306945e+01	9.158309e-03
-1.296945e+01	9.253018e-03
-1.286945e+01	9.349285e-03
-1.276945e+01	9.447149e-03
-1.266945e+01	9.546646e-03
-1.256945e+01	9.647814e-03
-1.246945e+01	9.750694e-03
-1.236945e+01	9.855327e-03
-1.226945e+01	9.961755e-03
-1.216945e+01	1.007002e-02
-1.206945e+01	1.018017e-02
-1.196945e+01	1.029225e-02
-1.186945e+01	1.040631e-02
-1.176945e+01	1.052240e-02
-1.166945e+01	1.064057e-02
-1.156945e+01	1.076088e-02
-1.146945e+01	1.088337e-02
-1.136945e+01	1.100810e-02
-1.126945e+01	1.113514e-02
-1.116945e+01	1.126455e-02
-1.106945e+01	1.139639e-02
-1.096945e+01	1.153071e-02
-1.086945e+01	1.166760e-02
-1.076945e+01	1.180713e-02
-1.066945e+01	1.194935e-02
-1.056945e+01	1.209436e-02
-1.046945e+01	1.224222e-02
-1.036945e+01	1.239303e-02
-1.026945e+01	1.254686e-02
-1.016945e+01	1.270380e-02
-1.006945e+01	1.286394e-02
-9.969451e+00	1.302738e-02
-9.869451e+00	1.319422e-02
-9.769451e+00	1.336455e-02
-9.669451e+00	1.353850e-02
-9.569451e+00	1.371615e-02
-9.469451e+00	1.389764e-02
-9.369451e+00	1.408309e-02
-9.269451e+00	1.427261e-02
-9.169451e+00	1.446634e-02
-9.069451e+00	1.466442e-02
-8.969451e+00	1.486698e-02
-8.869451e+00	1.507419e-02
-8.769451e+00	1.528619e-02
-8.669451e+00	1.550316e-02
-8.569451e+00	1.572525e-02
-8.469451e+00	1.595265e-02
-8.369451e+00	1.618555e-02
-8.269451e+00	1.642415e-02
-8.169451e+00	1.666865e-02
-8.069451e+00	1.691927e-02
-7.969451e+00	1.717623e-02
-7.869451e+00	1.743978e-02
-7.769451e+00	1.771018e-02
-7.669451e+00	1.798767e-02
-7.569451e+00	1.827256e-02
-7.469451e+00	1.856513e-02
-7.369451e+00	1.886570e-02
-7.269451e+00	1.917459e-02
-7.169451e+00	1.949215e-02
-7.069451e+00	1.981877e-02
-6.969451e+00	2.015482e-02
-6.869451e+00	2.050073e-02
-6.769451e+00	2.085693e-02
-6.669451e+00	2.122391e-02
-6.569451e+00	2.160215e-02
-6.469451e+00	2.199220e-02
-6.369451e+00	2.239463e-02
-6.269451e+00	2.281004e-02
-6.169451e+00	2.323909e-02
-6.069451e+00	2.368248e-02
-5.969451e+00	2.414096e-02
-5.869451e+00	2.461534e-02
-5.769451e+00	2.510649e-02
-5.669451e+00	2.561536e-02
-5.569451e+00	2.614296e-02
-5.469451e+00	2.669040e-02
-5.369451e+00	2.725888e-02
-5.269451e+00	2.784970e-02
-5.169451e+00	2.846429e-02
-5.069451e+00	2.910421e-02
-4.969451e+00	2.977117e-02
-4.869451e+00	3.046705e-02
-4.769451e+00	3.119392e-02
-4.669451e+00	3.195409e-02
-4.569451e+00	3.275011e-02
-4.469451e+00	3.358482e-02
-4.369451e+00	3.446142e-02
-4.269451e+00	3.538349e-02
-4.169451e+00	3.635506e-02
-4.069451e+00	3.738071e-02
-3.969451e+00	3.846568e-02
-3.869451e+00	3.961595e-02
-3.769451e+00	4.083841e-02
-3.669451e+00	4.214106e-02
-3.569451e+00	4.353325e-02
-3.469451e+00	4.502594e-02
-3.369451e+00	4.663215e-02
-3.269451e+00	4.836742e-02
-3.169451e+00	5.025047e-02
-3.069451e+00	5.230412e-02
-2.969451e+00	5.455641e-02
-2.869451e+00	5.704225e-02
-2.769451e+00	5.980563e-02
-2.669451e+00	6.290272e-02
-2.569451e+00	6.640637e-02
-2.469451e+00	7.041260e-02
-2.369451e+00	7.505029e-02
-2.269451e+00	8.049593e-02
-2.169451e+00	8.699669e-02
-2.069451e+00	9.490736e-02
-1.969451e+00	1.047515e-01
-1.869451e+00	1.173259e-01
-1.769451e+00	1.338846e-01
-1.669451e+00	1.564737e-01
-1.569451e+00	1.885534e-01
-1.469451e+00	2.361386e-01
-1.369451e+00	3.096294e-01
-1.269451e+00	4.248889e-01
-1.169451e+00	5.921624e-01
-1.069451e+00	7.587952e-01
-9.694509e-01	7.733863e-01
-8.694509e-01	6.246282e-01
-7.694509e-01	4.650605e-01
-6.694509e-01	3.575943e-01
-5.694509e-01	2.948164e-01
-4.694509e-01	2.612345e-01
-3.694509e-01	2.467471e-01
-2.694509e-01	2.458023e-01
-1.694509e-01	2.567743e-01
-6.945093e-02	2.822343e-01
3.054907e-02	3.279931e-01
1.305491e-01	4.025803e-01
2.305491e-01	5.089230e-01
3.305491e-01	6.078951e-01
4.305491e-01	6.184056e-01
5.305491e-01	5.634107e-01
6.305491e-01	5.301227e-01
7.305491e-01	5.421104e-01
8.305491e-01	5.730778e-01
9.305491e-01	6.034092e-01
1.030549e+00	6.674643e-01
1.130549e+00	8.000543e-01
1.230549e+00	9.777421e-01
1.330549e+00	1.060660e+00
1.430549e+00	9.566844e-01
1.530549e+00	8.032617e-01
1.630549e+00	7.054831e-01
1.730549e+00	6.710728e-01
1.830549e+00	6.880589e-01
1.930549e+00	7.519163e-01
2.030549e+00	8.668529e-01
2.130549e+00	1.032957e+00
2.230549e+00	1.207464e+00
2.330549e+00	1.324748e+00
2.430549e+00	1.436281e+00
2.530549e+00	1.641784e+00
2.630549e+00	2.001513e+00
2.730549e+00	2.584448e+00
2.830549e+00	3.514847e+00
2.930549e+00	4.991912e+00
3.030549e+00	7.190745e+00
3.130549e+00	9.806103e+00
3.230549e+00	1.176972e+01
3.330549e+00	1.189681e+01
3.430549e+00	9.809117e+00
3.530549e+00	6.980415e+00
3.630549e+00	4.777408e+00
3.730549e+00	3.344802e+00
3.830549e+00	2.436671e+00
3.930549e+00	1.846464e+00
4.030549e+00	1.448766e+00
4.130549e+00	1.171345e+00
4.230549e+00	9.721128e-01
4.330549e+00	8.259004e-01
4.430549e+00	7.173029e-01
4.530549e+00	6.368002e-01
4.630549e+00	5.777796e-01
4.730549e+00	5.315823e-01
4.830549e+00	4.873855e-01
4.930549e+00	4.442520e-01
5.030549e+00	4.073374e-01
5.130549e+00	3.784620e-01
5.230549e+00	3.565800e-01
5.330549e+00	3.402018e-01
5.430549e+00	3.282304e-01
5.530549e+00	3.199625e-01
5.630549e+00	3.149724e-01
5.730549e+00	3.130320e-01
5.830549e+00	3.140693e-01
5.930549e+00	3.181537e-01
6.030549e+00	3.255013e-01
6.130549e+00	3.365001e-01
6.230549e+00	3.517592e-01
6.330549e+00	3.721925e-01
6.430549e+00	3.991558e-01
6.530549e+00	4.346467e-01
6.630549e+00	4.814787e-01
6.730549e+00	5.429894e-01
6.830549e+00	6.228060e-01
6.930549e+00	7.294512e-01
7.030549e+00	8.811489e-01
7.130549e+00	1.106320e+00
7.230549e+00	1.452036e+00
7.330549e+00	1.998888e+00
7.430549e+00	2.864011e+00
7.530549e+00	4.086855e+00
7.630549e+00	5.155226e+00
7.730549e+00	4.985902e+00
7.830549e+00	3.799638e+00
7.930549e+00	2.665290e+00
8.030549e+00	1.904623e+00
8.130549e+00	1.433166e+00
8.230549e+00	1.139954e+00
8.330549e+00	9.537397e-01
8.430549e+00	8.336184e-01
8.530549e+00	7.562220e-01
8.630549e+00	7.079066e-01
8.730549e+00	6.805137e-01
8.830549e+00	6.690956e-01
8.930549e+00	6.706760e-01
9.030549e+00	6.835603e-01
9.130549e+00	7.069508e-01
9.230549e+00	7.407398e-01
9.330549e+00	7.854138e-01
9.430549e+00	8.420391e-01
9.530549e+00	9.123158e-01
9.630549e+00	9.987037e-01
9.730549e+00	1.104639e+00
9.830549e+00	1.234874e+00
9.930549e+00	1.396008e+00
1.003055e+01	1.597320e+00
1.013055e+01	1.852089e+00
1.023055e+01	2.179762e+00
1.033055e+01	2.609613e+00
1.043055e+01	3.187087e+00
1.053055e+01	3.985066e+00
1.063055e+01	5.123604e+00
1.073055e+01	6.800067e+00
1.083055e+01	9.307848e+00
1.093055e+01	1.294768e+01
1.103055e+01	1.793447e+01
1.113055e+01	2.475241e+01
1.123055e+01	3.265386e+01
1.133055e+01	3.736675e+01
1.143055e+01	3.446124e+01
1.153055e+01	2.584091e+01
1.163055e+01	1.769284e+01
1.173055e+01	1.214811e+01
1.183055e+01	8.656603e+00
1.193055e+01	6.446358e+00
1.203055e+01	5.018251e+00
1.213055e+01	4.090730e+00
1.223055e+01	3.506597e+00
1.233055e+01	3.157460e+00
1.243055e+01	2.911280e+00
1.253055e+01	2.670692e+00
1.263055e+01	2.468455e+00
1.273055e+01	2.228817e+00
1.283055e+01	1.872886e+00
1.293055e+01	1.522046e+00
1.303055e+01	1.254924e+00
1.313055e+01	1.063127e+00
1.323055e+01	9.233745e-01
1.333055e+01	8.192721e-01
1.343055e+01	7.414861e-01
1.353055e+01	6.855368e-01
1.363055e+01	6.484492e-01
1.373055e+01	6.207492e-01
1.383055e+01	5.870893e-01
1.393055e+01	5.498115e-01
1.403055e+01	5.135575e-01
1.413055e+01	4.706192e-01
1.423055e+01	4.243399e-01
1.433055e+01	3.850858e-01
1.443055e+01	3.558072e-01
1.453055e+01	3.352704e-01
1.463055e+01	3.227985e-01
1.473055e+01	3.194559e-01
1.483055e+01	3.281320e-01
1.493055e+01	3.516339e-01
1.503055e+01	3.809846e-01
1.513055e+01	3.804470e-01
1.523055e+01	3.357406e-01
1.533055e+01	2.828904e-01
1.543055e+01	2.426451e-01
1.553055e+01	2.145239e-01
1.563055e+01	1.943417e-01
1.573055e+01	1.790835e-01
1.583055e+01	1.669641e-01
1.593055e+01	1.569459e-01
1.603055e+01	1.484089e-01
1.613055e+01	1.409667e-01
1.623055e+01	1.343687e-01
1.633055e+01	1.284450e-01
1.643055e+01	1.230765e-01
1.653055e+01	1.181768e-01
1.663055e+01	1.136817e-01
1.673055e+01	1.095423e-01
1.683055e+01	1.057211e-01
1.693055e+01	1.021891e-01
1.703055e+01	9.892435e-02
1.713055e+01	9.591080e-02
1.723055e+01	9.313825e-02
1.733055e+01	9.060265e-02
1.743055e+01	8.830736e-02
1.753055e+01	8.626594e-02
1.763055e+01	8.450723e-02
1.773055e+01	8.308494e-02
1.783055e+01	8.209408e-02
1.793055e+01	8.169129e-02
1.803055e+01	8.207172e-02
1.813055e+01	8.322343e-02
1.823055e+01	8.460500e-02
1.833055e+01	8.588727e-02
1.843055e+01	8.671934e-02
1.853055e+01	8.625785e-02
1.863055e+01	8.583637e-02
1.873055e+01	8.749626e-02
1.883055e+01	9.149646e-02
1.893055e+01	9.567777e-02
1.903055e+01	9.803584e-02
1.913055e+01	1.014352e-01
1.923055e+01	1.095655e-01
1.933055e+01	1.250996e-01
1.943055e+01	1.518328e-01
1.953055e+01	1.955024e-01
1.963055e+01	2.589139e-01
1.973055e+01	3.230202e-01
1.983055e+01	3.453089e-01
1.993055e+01	3.198675e-01
2.003055e+01	2.689779e-01
2.013055e+01	2.157670e-01
2.023055e+01	1.712418e-01
2.033055e+01	1.369714e-01
2.043055e+01	1.113541e-01
2.053055e+01	9.316105e-02
2.063055e+01	8.046631e-02
2.073055e+01	7.115876e-02
2.083055e+01	6.430853e-02
2.093055e+01	5.938785e-02
2.103055e+01	5.591658e-02
2.113055e+01	5.360194e-02
2.123055e+01	5.236824e-02
2.133055e+01	5.227447e-02
2.143055e+01	5.337119e-02
2.153055e+01	5.577272e-02
2.163055e+01	5.991421e-02
2.173055e+01	6.456187e-02
2.183055e+01	6.565407e-02
2.193055e+01	6.272107e-02
2.203055e+01	5.901619e-02
2.213055e+01	5.616260e-02
2.223055e+01	5.515364e-02
2.233055e+01	5.635243e-02
2.243055e+01	6.036962e-02
2.253055e+01	6.901615e-02
2.263055e+01	8.273265e-02
2.273055e+01	9.443799e-02
2.283055e+01	9.047166e-02
2.293055e+01	7.421868e-02
2.303055e+01	5.886610e-02
2.313055e+01	4.828628e-02
2.323055e+01	4.143243e-02
2.333055e+01	3.689981e-02
2.343055e+01	3.377017e-02
2.353055e+01	3.151119e-02
2.363055e+01	2.981712e-02
2.373055e+01	2.850951e-02
2.383055e+01	2.748373e-02
2.393055e+01	2.668173e-02
2.403055e+01	2.608025e-02
2.413055e+01	2.568860e-02
2.423055e+01	2.554686e-02
2.433055e+01	2.567693e-02
2.443055e+01	2.586218e-02
2.453055e+01	2.556446e-02
2.463055e+01	2.480379e-02
2.473055e+01	2.404598e-02
2.483055e+01	2.340034e-02
2.493055e+01	2.293105e-02
2.503055e+01	2.272593e-02
2.513055e+01	2.284578e-02
2.523055e+01	2.338249e-02
2.533055e+01	2.439756e-02
2.543055e+01	2.548442e-02
2.553055e+01	2.549658e-02
2.563055e+01	2.438155e-02
2.573055e+01	2.334655e-02
2.583055e+01	2.286527e-02
2.593055e+01	2.275120e-02
2.603055e+01	2.262619e-02
2.613055e+01	2.236711e-02
2.623055e+01	2.237767e-02
2.633055e+01	2.291963e-02
2.643055e+01	2.376731e-02
2.653055e+01	2.441593e-02
2.663055e+01	2.479626e-02
2.673055e+01	2.488719e-02
2.683055e+01	2.492153e-02
2.693055e+01	2.514418e-02
2.703055e+01	2.518294e-02
2.713055e+01	2.493043e-02
2.723055e+01	2.512757e-02
2.733055e+01	2.645423e-02
2.743055e+01	2.927587e-02
2.753055e+01	3.338500e-02
2.763055e+01	3.693903e-02
2.773055e+01	3.715432e-02
2.783055e+01	3.405515e-02
2.793055e+01	3.061483e-02
2.803055e+01	2.837595e-02
2.813055e+01	2.732123e-02
2.823055e+01	2.742874e-02
2.833055e+01	2.871302e-02
2.843055e+01	3.119965e-02
2.853055e+01	3.514951e-02
2.863055e+01	4.096043e-02
2.873055e+01	4.858615e-02
2.883055e+01	5.822664e-02
2.893055e+01	6.941894e-02
2.903055e+01	7.693235e-02
2.913055e+01	7.256915e-02
2.923055e+01	6.155608e-02
2.933055e+01	5.344801e-02
2.943055e+01	5.024561e-02
2.953055e+01	5.000636e-02
2.963055e+01	5.071589e-02
2.973055e+01	5.311050e-02
2.983055e+01	5.874969e-02
2.993055e+01	6.950644e-02
3.003055e+01	8.637752e-02
3.013055e+01	1.046557e-01
3.023055e+01	1.169247e-01
3.033055e+01	1.310317e-01
3.043055e+01	1.588662e-01
3.053055e+01	1.941269e-01
3.063055e+01	2.125978e-01
3.073055e+01	1.981802e-01
3.083055e+01	1.595632e-01
3.093055e+01	1.230172e-01
3.103055e+01	9.678229e-02
3.113055e+01	7.625875e-02
3.123055e+01	6.021070e-02
3.133055e+01	4.888713e-02
3.143055e+01	4.133504e-02
3.153055e+01	3.647203e-02
3.163055e+01	3.363789e-02
3.173055e+01	3.236539e-02
3.183055e+01	3.222479e-02
3.193055e+01	3.305386e-02
3.203055e+01	3.527140e-02
3.213055e+01	3.990829e-02
3.223055e+01	4.772330e-02
3.233055e+01	5.670544e-02
3.243055e+01	6.079751e-02
3.253055e+01	6.032645e-02
3.263055e+01	6.254065e-02
3.273055e+01	6.785995e-02
3.283055e+01	6.951805e-02
3.293055e+01	6.258866e-02
3.303055e+01	5.140841e-02
3.313055e+01	4.223432e-02
3.323055e+01	3.585672e-02
3.333055e+01	3.157491e-02
3.343055e+01	2.897604e-02
3.353055e+01	2.802469e-02
3.363055e+01	2.877221e-02
3.373055e+01	3.088439e-02
3.383055e+01	3.204890e-02
3.393055e+01	3.018321e-02
3.403055e+01	2.766433e-02
3.413055e+01	2.678304e-02
3.423055e+01	2.782566e-02
3.433055e+01	3.100388e-02
3.443055e+01	3.585144e-02
3.453055e+01	3.828119e-02
3.463055e+01	3.497403e-02
3.473055e+01	2.993241e-02
3.483055e+01	2.643063e-02
3.493055e+01	2.444761e-02
3.503055e+01	2.333874e-02
3.513055e+01	2.245366e-02
3.523055e+01	2.177381e-02
3.533055e+01	2.210422e-02
3.543055e+01	2.397129e-02
3.553055e+01	2.676703e-02
3.563055e+01	2.869334e-02
3.573055e+01	2.806910e-02
3.583055e+01	2.420913e-02
3.593055e+01	1.962550e-02
3.603055e+01	1.623454e-02
3.613055e+01	1.406349e-02
3.623055e+01	1.271409e-02
3.633055e+01	1.189280e-02
3.643055e+01	1.143256e-02
3.653055e+01	1.125539e-02
3.663055e+01	1.135890e-02
3.673055e+01	1.180070e-02
3.683055e+01	1.267662e-02
3.693055e+01	1.399907e-02
3.703055e+01	1.539324e-02
3.713055e+01	1.630697e-02
3.723055e+01	1.689013e-02
3.733055e+01	1.796287e-02
3.743055e+01	1.981247e-02
3.753055e+01	2.244175e-02
3.763055e+01	2.655890e-02
3.773055e+01	3.116144e-02
3.783055e+01	3.244673e-02
3.793055e+01	3.056718e-02
3.803055e+01	2.841712e-02
3.813055e+01	2.545985e-02
3.823055e+01	2.188060e-02
3.833055e+01	1.855240e-02
3.843055e+01	1.568126e-02
3.853055e+01	1.357475e-02
3.863055e+01	1.225198e-02
3.873055e+01	1.137902e-02
3.883055e+01	1.056833e-02
3.893055e+01	9.792174e-03
3.903055e+01	9.234576e-03
3.913055e+01	8.928038e-03
3.923055e+01	8.815970e-03
3.933055e+01	8.867316e-03
3.943055e+01	9.025282e-03
3.953055e+01	9.138147e-03
3.963055e+01	9.262188e-03
3.973055e+01	9.654658e-03
3.983055e+01	1.051152e-02
3.993055e+01	1.194850e-02
4.003055e+01	1.372633e-02
4.013055e+01	1.482674e-02
4.023055e+01	1.446405e-02
4.033055e+01	1.357269e-02
4.043055e+01	1.324482e-02
4.053055e+01	1.365752e-02
4.063055e+01	1.457221e-02
4.073055e+01	1.520037e-02
4.083055e+01	1.485884e-02
4.093055e+01	1.447591e-02
4.103055e+01	1.495976e-02
4.113055e+01	1.639600e-02
4.123055e+01	1.845622e-02
4.133055e+01	2.120650e-02
4.143055e+01	2.558825e-02
4.153055e+01	3.249915e-02
4.163055e+01	4.169148e-02
4.173055e+01	4.850493e-02
4.183055e+01	4.633170e-02
4.193055e+01	3.873337e-02
4.203055e+01	3.070957e-02
4.213055e+01	2.404964e-02
4.223055e+01	1.978105e-02
4.233055e+01	1.769343e-02
4.243055e+01	1.696683e-02
4.253055e+01	1.649197e-02
4.263055e+01	1.582156e-02
4.273055e+01	1.524607e-02
4.283055e+01	1.426490e-02
4.293055e+01	1.276293e-02
4.303055e+01	1.148427e-02
4.313055e+01	1.071969e-02
4.323055e+01	1.054348e-02
4.333055e+01	1.101254e-02
4.343055e+01	1.193885e-02
4.353055e+01	1.235394e-02
4.363055e+01	1.154043e-02
4.373055e+01	1.035376e-02
4.383055e+01	9.410004e-03
4.393055e+01	8.786470e-03
4.403055e+01	8.526862e-03
4.413055e+01	8.627149e-03
4.423055e+01	9.096368e-03
4.433055e+01	9.992262e-03
4.443055e+01	1.134777e-02
4.453055e+01	1.305273e-02
4.463055e+01	1.520516e-02
4.473055e+01	1.856841e-02
4.483055e+01	2.416295e-02
4.493055e+01	3.185413e-02
4.503055e+01	3.725363e-02
4.513055e+01	3.486017e-02
4.523055e+01	2.878149e-02
4.533055e+01	2.441929e-02
4.543055e+01	2.133595e-02
4.553055e+01	1.762204e-02
4.563055e+01	1.397969e-02
4.573055e+01	1.135528e-02
4.583055e+01	9.686231e-03
4.593055e+01	8.659701e-03
4.603055e+01	8.014672e-03
4.613055e+01	7.634891e-03
4.623055e+01	7.540139e-03
4.633055e+01	7.756434e-03
4.643055e+01	8.240350e-03
4.653055e+01	8.848241e-03
4.663055e+01	9.561955e-03
4.673055e+01	1.051911e-02
4.683055e+01	1.117119e-02
4.693055e+01	1.088271e-02
4.703055e+01	1.023336e-02
4.713055e+01	9.489710e-03
4.723055e+01	8.464434e-03
4.733055e+01	7.468156e-03
4.743055e+01	6.781521e-03
4.753055e+01	6.420178e-03
4.763055e+01	6.321735e-03
4.773055e+01	6.437678e-03
4.783055e+01	6.760400e-03
4.793055e+01	7.331990e-03
4.803055e+01	8.226297e-03
4.813055e+01	9.435233e-03
4.823055e+01	1.060647e-02
4.833055e+01	1.141313e-02
4.843055e+01	1.241354e-02
4.853055e+01	1.408815e-02
4.863055e+01	1.639449e-02
4.873055e+01	1.983957e-02
4.883055e+01	2.461183e-02
4.893055e+01	2.738800e-02
4.903055e+01	2.448683e-02
4.913055e+01	1.915184e-02
4.923055e+01	1.515300e-02
4.933055e+01	1.309106e-02
4.943055e+01	1.234014e-02
4.953055e+01	1.170230e-02
4.963055e+01	1.044970e-02
4.973055e+01	9.248866e-03
4.983055e+01	8.667327e-03
4.993055e+01	8.712984e-03
5.003055e+01	9.001136e-03
5.013055e+01	8.887924e-03
5.023055e+01	8.406291e-03
5.033055e+01	7.899079e-03
5.043055e+01	7.260002e-03
5.053055e+01	6.600677e-03
5.063055e+01	6.024870e-03
5.073055e+01	5.574481e-03
5.083055e+01	5.323659e-03
5.093055e+01	5.272727e-03
5.103055e+01	5.426037e-03
5.113055e+01	5.792085e-03
5.123055e+01	6.368404e-03
5.133055e+01	7.211504e-03
5.143055e+01	8.102732e-03
5.153055e+01	8.531727e-03
5.163055e+01	8.455421e-03
5.173055e+01	7.851857e-03
5.183055e+01	7.008653e-03
5.193055e+01	6.339105e-03
5.203055e+01	5.992024e-03
5.213055e+01	5.895353e-03
5.223055e+01	5.792473e-03
5.233055e+01	5.593551e-03
5.243055e+01	5.537962e-03
5.253055e+01	5.829142e-03
5.263055e+01	6.519427e-03
5.273055e+01	7.338413e-03
5.283055e+01	7.614853e-03
5.293055e+01	7.356410e-03
5.303055e+01	7.096419e-03
5.313055e+01	6.816462e-03
5.323055e+01	6.443412e-03
5.333055e+01	6.030595e-03
5.343055e+01	5.635376e-03
5.353055e+01	5.423692e-03
5.363055e+01	5.507806e-03
5.373055e+01	5.949468e-03
5.383055e+01	6.843419e-03
5.393055e+01	8.297863e-03
5.403055e+01	1.020473e-02
5.413055e+01	1.203357e-02
5.423055e+01	1.240666e-02
5.433055e+01	1.080449e-02
5.443055e+01	8.792958e-03
5.453055e+01	7.336715e-03
5.463055e+01	6.471650e-03
5.473055e+01	5.961640e-03
5.483055e+01	5.463967e-03
5.493055e+01	4.906595e-03
5.503055e+01	4.479704e-03
5.513055e+01	4.258729e-03
5.523055e+01	4.162465e-03
5.533055e+01	4.106776e-03
5.543055e+01	4.108778e-03
5.553055e+01	4.138928e-03
5.563055e+01	4.131397e-03
5.573055e+01	4.122652e-03
5.583055e+01	4.188951e-03
5.593055e+01	4.336717e-03
5.603055e+01	4.483383e-03
5.613055e+01	4.716233e-03
5.623055e+01	5.033604e-03
5.633055e+01	5.028836e-03
5.643055e+01	4.567734e-03
5.653055e+01	3.987680e-03
5.663055e+01	3.512203e-03
5.673055e+01	3.197998e-03
5.683055e+01	3.015040e-03
5.693055e+01	2.910026e-03
5.703055e+01	2.822960e-03
5.713055e+01	2.730652e-03
5.723055e+01	2.661935e-03
5.733055e+01	2.624623e-03
5.743055e+01	2.590775e-03
5.753055e+01	2.550070e-03
5.763055e+01	2.530486e-03
5.773055e+01	2.542186e-03
5.783055e+01	2.552377e-03
5.793055e+01	2.515161e-03
5.803055e+01	2.453725e-03
5.813055e+01	2.408229e-03
5.823055e+01	2.386523e-03
5.833055e+01	2.385763e-03
5.843055e+01	2.404811e-03
5.853055e+01	2.446715e-03
5.863055e+01	2.519256e-03
5.873055e+01	2.631073e-03
5.883055e+01	2.769499e-03
5.893055e+01	2.879716e-03
5.903055e+01	2.928036e-03
5.913055e+01	2.908212e-03
5.923055e+01	2.860266e-03
5.933055e+01	2.855691e-03
5.943055e+01	2.920921e-03
5.953055e+01	3.065651e-03
5.963055e+01	3.305184e-03
5.973055e+01	3.628005e-03
5.983055e+01	3.932646e-03
5.993055e+01	4.069480e-03
6.003055e+01	4.047506e-03
6.013055e+01	4.070630e-03
6.023055e+01	4.253949e-03
6.033055e+01	4.611088e-03
6.043055e+01	5.163070e-03
6.053055e+01	5.945590e-03
6.063055e+01	6.962572e-03
6.073055e+01	8.385678e-03
6.083055e+01	1.061206e-02
6.093055e+01	1.386005e-02
6.103055e+01	1.743534e-02
6.113055e+01	2.042215e-02
6.123055e+01	2.400539e-02
6.133055e+01	2.790283e-02
6.143055e+01	2.763728e-02
6.153055e+01	2.229787e-02
6.163055e+01	1.659178e-02
6.173055e+01	1.278091e-02
6.183055e+01	1.063511e-02
6.193055e+01	9.407623e-03
6.203055e+01	8.655743e-03
6.213055e+01	8.476825e-03
6.223055e+01	8.947031e-03
6.233055e+01	9.722426e-03
6.243055e+01	9.677309e-03
6.253055e+01	8.530783e-03
6.263055e+01	7.320514e-03
6.273055e+01	6.319733e-03
6.283055e+01	5.403297e-03
6.293055e+01	4.675485e-03
6.303055e+01	4.185885e-03
6.313055e+01	3.892143e-03
6.323055e+01	3.751515e-03
6.333055e+01	3.763449e-03
6.343055e+01	3.927602e-03
6.353055e+01	4.108813e-03
6.363055e+01	4.071129e-03
6.373055e+01	3.899923e-03
6.383055e+01	3.822404e-03
6.393055e+01	3.850775e-03
6.403055e+01	3.948617e-03
6.413055e+01	4.204281e-03
6.423055e+01	4.704368e-03
6.433055e+01	5.441682e-03
6.443055e+01	6.398817e-03
6.453055e+01	7.761056e-03
6.463055e+01	9.483774e-03
6.473055e+01	1.050322e-02
6.483055e+01	1.007786e-02
6.493055e+01	8.862672e-03
6.503055e+01	7.653748e-03
6.513055e+01	7.090210e-03
6.523055e+01	7.346011e-03
6.533055e+01	8.249951e-03
6.543055e+01	9.044797e-03
6.553055e+01	8.616449e-03
6.563055e+01	7.435025e-03
6.573055e+01	6.620929e-03
6.583055e+01	6.456777e-03
6.593055e+01	6.744632e-03
6.603055e+01	6.819546e-03
6.613055e+01	6.204901e-03
6.623055e+01	5.267557e-03
6.633055e+01	4.481686e-03
6.643055e+01	3.924300e-03
6.653055e+01	3.491876e-03
6.663055e+01	3.186149e-03
6.673055e+01	3.018977e-03
6.683055e+01	2.971214e-03
6.693055e+01	3.031120e-03
6.703055e+01	3.205602e-03
6.713055e+01	3.521451e-03
6.723055e+01	4.047111e-03
6.733055e+01	4.878805e-03
6.743055e+01	6.044771e-03
6.753055e+01	7.216790e-03
6.763055e+01	7.739030e-03
6.773055e+01	7.303187e-03
6.783055e+01	6.160094e-03
6.793055e+01	5.037958e-03
6.803055e+01	4.226220e-03
6.813055e+01	3.677388e-03
6.823055e+01	3.361507e-03
6.833055e+01	3.262064e-03
6.843055e+01	3.373636e-03
6.853055e+01	3.698576e-03
6.863055e+01	4.269108e-03
6.873055e+01	5.024858e-03
6.883055e+01	5.432927e-03
6.893055e+01	4.973658e-03
6.903055e+01	4.139009e-03
6.913055e+01	3.500175e-03
6.923055e+01	3.091479e-03
6.933055e+01	2.780994e-03
6.943055e+01	2.551996e-03
6.953055e+01	2.395143e-03
6.963055e+01	2.263370e-03
6.973055e+01	2.159939e-03
6.983055e+01	2.100747e-03
6.993055e+01	2.095596e-03
