#RPA-results:
#Nucleus: Ni 74
#Fermi level: -4.992964e+00	-1.506242e+01
#Excitation: 1 +
#Total number of pairs: 1032
#Number of ph-/ah-pairs: 1032/0
#Maximal excitation-energy for particle-hole-pairs: 100
#Maximal excitation-energy for antiparticle-hole-pairs: 1000
#No imaginary eigenvalues

#Parameterset: DD-PC1
#natural parity: no
#Isoscalar result:

#width: 5.000000e-01
#maximum value: 2.081190e-03
#at energy: 6.993055e+01
-9.006945e+01	4.603579e-04
-8.996945e+01	4.613462e-04
-8.986945e+01	4.623376e-04
-8.976945e+01	4.633322e-04
-8.966945e+01	4.643301e-04
-8.956945e+01	4.653311e-04
-8.946945e+01	4.663355e-04
-8.936945e+01	4.673431e-04
-8.926945e+01	4.683539e-04
-8.916945e+01	4.693681e-04
-8.906945e+01	4.703855e-04
-8.896945e+01	4.714063e-04
-8.886945e+01	4.724304e-04
-8.876945e+01	4.734579e-04
-8.866945e+01	4.744887e-04
-8.856945e+01	4.755229e-04
-8.846945e+01	4.765605e-04
-8.836945e+01	4.776014e-04
-8.826945e+01	4.786459e-04
-8.816945e+01	4.796937e-04
-8.806945e+01	4.807450e-04
-8.796945e+01	4.817998e-04
-8.786945e+01	4.828580e-04
-8.776945e+01	4.839198e-04
-8.766945e+01	4.849850e-04
-8.756945e+01	4.860538e-04
-8.746945e+01	4.871261e-04
-8.736945e+01	4.882020e-04
-8.726945e+01	4.892815e-04
-8.716945e+01	4.903645e-04
-8.706945e+01	4.914512e-04
-8.696945e+01	4.925415e-04
-8.686945e+01	4.936354e-04
-8.676945e+01	4.947330e-04
-8.666945e+01	4.958342e-04
-8.656945e+01	4.969392e-04
-8.646945e+01	4.980478e-04
-8.636945e+01	4.991602e-04
-8.626945e+01	5.002763e-04
-8.616945e+01	5.013961e-04
-8.606945e+01	5.025198e-04
-8.596945e+01	5.036472e-04
-8.586945e+01	5.047784e-04
-8.576945e+01	5.059135e-04
-8.566945e+01	5.070524e-04
-8.556945e+01	5.081951e-04
-8.546945e+01	5.093417e-04
-8.536945e+01	5.104922e-04
-8.526945e+01	5.116467e-04
-8.516945e+01	5.128050e-04
-8.506945e+01	5.139673e-04
-8.496945e+01	5.151336e-04
-8.486945e+01	5.163038e-04
-8.476945e+01	5.174781e-04
-8.466945e+01	5.186563e-04
-8.456945e+01	5.198386e-04
-8.446945e+01	5.210250e-04
-8.436945e+01	5.222154e-04
-8.426945e+01	5.234100e-04
-8.416945e+01	5.246086e-04
-8.406945e+01	5.258114e-04
-8.396945e+01	5.270183e-04
-8.386945e+01	5.282294e-04
-8.376945e+01	5.294446e-04
-8.366945e+01	5.306641e-04
-8.356945e+01	5.318878e-04
-8.346945e+01	5.331158e-04
-8.336945e+01	5.343480e-04
-8.326945e+01	5.355845e-04
-8.316945e+01	5.368253e-04
-8.306945e+01	5.380705e-04
-8.296945e+01	5.393200e-04
-8.286945e+01	5.405738e-04
-8.276945e+01	5.418321e-04
-8.266945e+01	5.430947e-04
-8.256945e+01	5.443618e-04
-8.246945e+01	5.456333e-04
-8.236945e+01	5.469093e-04
-8.226945e+01	5.481898e-04
-8.216945e+01	5.494748e-04
-8.206945e+01	5.507643e-04
-8.196945e+01	5.520584e-04
-8.186945e+01	5.533571e-04
-8.176945e+01	5.546603e-04
-8.166945e+01	5.559682e-04
-8.156945e+01	5.572807e-04
-8.146945e+01	5.585979e-04
-8.136945e+01	5.599198e-04
-8.126945e+01	5.612463e-04
-8.116945e+01	5.625777e-04
-8.106945e+01	5.639137e-04
-8.096945e+01	5.652546e-04
-8.086945e+01	5.666002e-04
-8.076945e+01	5.679506e-04
-8.066945e+01	5.693059e-04
-8.056945e+01	5.706661e-04
-8.046945e+01	5.720312e-04
-8.036945e+01	5.734011e-04
-8.026945e+01	5.747761e-04
-8.016945e+01	5.761559e-04
-8.006945e+01	5.775408e-04
-7.996945e+01	5.789307e-04
-7.986945e+01	5.803256e-04
-7.976945e+01	5.817255e-04
-7.966945e+01	5.831306e-04
-7.956945e+01	5.845408e-04
-7.946945e+01	5.859560e-04
-7.936945e+01	5.873765e-04
-7.926945e+01	5.888021e-04
-7.916945e+01	5.902330e-04
-7.906945e+01	5.916690e-04
-7.896945e+01	5.931104e-04
-7.886945e+01	5.945570e-04
-7.876945e+01	5.960089e-04
-7.866945e+01	5.974662e-04
-7.856945e+01	5.989288e-04
-7.846945e+01	6.003968e-04
-7.836945e+01	6.018703e-04
-7.826945e+01	6.033492e-04
-7.816945e+01	6.048335e-04
-7.806945e+01	6.063234e-04
-7.796945e+01	6.078187e-04
-7.786945e+01	6.093197e-04
-7.776945e+01	6.108262e-04
-7.766945e+01	6.123383e-04
-7.756945e+01	6.138560e-04
-7.746945e+01	6.153794e-04
-7.736945e+01	6.169085e-04
-7.726945e+01	6.184434e-04
-7.716945e+01	6.199839e-04
-7.706945e+01	6.215303e-04
-7.696945e+01	6.230824e-04
-7.686945e+01	6.246404e-04
-7.676945e+01	6.262043e-04
-7.666945e+01	6.277740e-04
-7.656945e+01	6.293497e-04
-7.646945e+01	6.309313e-04
-7.636945e+01	6.325190e-04
-7.626945e+01	6.341126e-04
-7.616945e+01	6.357123e-04
-7.606945e+01	6.373180e-04
-7.596945e+01	6.389299e-04
-7.586945e+01	6.405478e-04
-7.576945e+01	6.421720e-04
-7.566945e+01	6.438024e-04
-7.556945e+01	6.454390e-04
-7.546945e+01	6.470818e-04
-7.536945e+01	6.487310e-04
-7.526945e+01	6.503865e-04
-7.516945e+01	6.520483e-04
-7.506945e+01	6.537165e-04
-7.496945e+01	6.553912e-04
-7.486945e+01	6.570723e-04
-7.476945e+01	6.587599e-04
-7.466945e+01	6.604541e-04
-7.456945e+01	6.621548e-04
-7.446945e+01	6.638621e-04
-7.436945e+01	6.655760e-04
-7.426945e+01	6.672966e-04
-7.416945e+01	6.690239e-04
-7.406945e+01	6.707579e-04
-7.396945e+01	6.724987e-04
-7.386945e+01	6.742463e-04
-7.376945e+01	6.760007e-04
-7.366945e+01	6.777620e-04
-7.356945e+01	6.795302e-04
-7.346945e+01	6.813054e-04
-7.336945e+01	6.830875e-04
-7.326945e+01	6.848767e-04
-7.316945e+01	6.866729e-04
-7.306945e+01	6.884762e-04
-7.296945e+01	6.902867e-04
-7.286945e+01	6.921043e-04
-7.276945e+01	6.939291e-04
-7.266945e+01	6.957612e-04
-7.256945e+01	6.976006e-04
-7.246945e+01	6.994472e-04
-7.236945e+01	7.013013e-04
-7.226945e+01	7.031627e-04
-7.216945e+01	7.050316e-04
-7.206945e+01	7.069080e-04
-7.196945e+01	7.087918e-04
-7.186945e+01	7.106833e-04
-7.176945e+01	7.125823e-04
-7.166945e+01	7.144890e-04
-7.156945e+01	7.164034e-04
-7.146945e+01	7.183255e-04
-7.136945e+01	7.202554e-04
-7.126945e+01	7.221930e-04
-7.116945e+01	7.241386e-04
-7.106945e+01	7.260920e-04
-7.096945e+01	7.280533e-04
-7.086945e+01	7.300227e-04
-7.076945e+01	7.320000e-04
-7.066945e+01	7.339855e-04
-7.056945e+01	7.359790e-04
-7.046945e+01	7.379807e-04
-7.036945e+01	7.399906e-04
-7.026945e+01	7.420087e-04
-7.016945e+01	7.440351e-04
-7.006945e+01	7.460699e-04
-6.996945e+01	7.481131e-04
-6.986945e+01	7.501646e-04
-6.976945e+01	7.522247e-04
-6.966945e+01	7.542933e-04
-6.956945e+01	7.563704e-04
-6.946945e+01	7.584562e-04
-6.936945e+01	7.605506e-04
-6.926945e+01	7.626537e-04
-6.916945e+01	7.647656e-04
-6.906945e+01	7.668863e-04
-6.896945e+01	7.690159e-04
-6.886945e+01	7.711543e-04
-6.876945e+01	7.733018e-04
-6.866945e+01	7.754582e-04
-6.856945e+01	7.776237e-04
-6.846945e+01	7.797983e-04
-6.836945e+01	7.819821e-04
-6.826945e+01	7.841751e-04
-6.816945e+01	7.863773e-04
-6.806945e+01	7.885889e-04
-6.796945e+01	7.908098e-04
-6.786945e+01	7.930402e-04
-6.776945e+01	7.952800e-04
-6.766945e+01	7.975294e-04
-6.756945e+01	7.997884e-04
-6.746945e+01	8.020570e-04
-6.736945e+01	8.043352e-04
-6.726945e+01	8.066233e-04
-6.716945e+01	8.089211e-04
-6.706945e+01	8.112288e-04
-6.696945e+01	8.135465e-04
-6.686945e+01	8.158741e-04
-6.676945e+01	8.182117e-04
-6.666945e+01	8.205594e-04
-6.656945e+01	8.229173e-04
-6.646945e+01	8.252854e-04
-6.636945e+01	8.276638e-04
-6.626945e+01	8.300525e-04
-6.616945e+01	8.324515e-04
-6.606945e+01	8.348611e-04
-6.596945e+01	8.372811e-04
-6.586945e+01	8.397117e-04
-6.576945e+01	8.421529e-04
-6.566945e+01	8.446049e-04
-6.556945e+01	8.470676e-04
-6.546945e+01	8.495411e-04
-6.536945e+01	8.520255e-04
-6.526945e+01	8.545208e-04
-6.516945e+01	8.570272e-04
-6.506945e+01	8.595446e-04
-6.496945e+01	8.620732e-04
-6.486945e+01	8.646130e-04
-6.476945e+01	8.671640e-04
-6.466945e+01	8.697265e-04
-6.456945e+01	8.723003e-04
-6.446945e+01	8.748856e-04
-6.436945e+01	8.774824e-04
-6.426945e+01	8.800909e-04
-6.416945e+01	8.827111e-04
-6.406945e+01	8.853430e-04
-6.396945e+01	8.879867e-04
-6.386945e+01	8.906423e-04
-6.376945e+01	8.933099e-04
-6.366945e+01	8.959896e-04
-6.356945e+01	8.986814e-04
-6.346945e+01	9.013853e-04
-6.336945e+01	9.041015e-04
-6.326945e+01	9.068301e-04
-6.316945e+01	9.095710e-04
-6.306945e+01	9.123245e-04
-6.296945e+01	9.150905e-04
-6.286945e+01	9.178692e-04
-6.276945e+01	9.206606e-04
-6.266945e+01	9.234647e-04
-6.256945e+01	9.262818e-04
-6.246945e+01	9.291118e-04
-6.236945e+01	9.319548e-04
-6.226945e+01	9.348110e-04
-6.216945e+01	9.376803e-04
-6.206945e+01	9.405629e-04
-6.196945e+01	9.434589e-04
-6.186945e+01	9.463684e-04
-6.176945e+01	9.492913e-04
-6.166945e+01	9.522279e-04
-6.156945e+01	9.551781e-04
-6.146945e+01	9.581422e-04
-6.136945e+01	9.611201e-04
-6.126945e+01	9.641119e-04
-6.116945e+01	9.671178e-04
-6.106945e+01	9.701379e-04
-6.096945e+01	9.731721e-04
-6.086945e+01	9.762207e-04
-6.076945e+01	9.792836e-04
-6.066945e+01	9.823611e-04
-6.056945e+01	9.854531e-04
-6.046945e+01	9.885598e-04
-6.036945e+01	9.916813e-04
-6.026945e+01	9.948176e-04
-6.016945e+01	9.979689e-04
-6.006945e+01	1.001135e-03
-5.996945e+01	1.004317e-03
-5.986945e+01	1.007513e-03
-5.976945e+01	1.010726e-03
-5.966945e+01	1.013953e-03
-5.956945e+01	1.017196e-03
-5.946945e+01	1.020455e-03
-5.936945e+01	1.023729e-03
-5.926945e+01	1.027020e-03
-5.916945e+01	1.030326e-03
-5.906945e+01	1.033648e-03
-5.896945e+01	1.036987e-03
-5.886945e+01	1.040341e-03
-5.876945e+01	1.043712e-03
-5.866945e+01	1.047100e-03
-5.856945e+01	1.050504e-03
-5.846945e+01	1.053925e-03
-5.836945e+01	1.057362e-03
-5.826945e+01	1.060817e-03
-5.816945e+01	1.064289e-03
-5.806945e+01	1.067777e-03
-5.796945e+01	1.071283e-03
-5.786945e+01	1.074806e-03
-5.776945e+01	1.078347e-03
-5.766945e+01	1.081906e-03
-5.756945e+01	1.085482e-03
-5.746945e+01	1.089076e-03
-5.736945e+01	1.092688e-03
-5.726945e+01	1.096317e-03
-5.716945e+01	1.099966e-03
-5.706945e+01	1.103632e-03
-5.696945e+01	1.107317e-03
-5.686945e+01	1.111020e-03
-5.676945e+01	1.114742e-03
-5.666945e+01	1.118483e-03
-5.656945e+01	1.122243e-03
-5.646945e+01	1.126022e-03
-5.636945e+01	1.129820e-03
-5.626945e+01	1.133638e-03
-5.616945e+01	1.137475e-03
-5.606945e+01	1.141331e-03
-5.596945e+01	1.145208e-03
-5.586945e+01	1.149104e-03
-5.576945e+01	1.153020e-03
-5.566945e+01	1.156956e-03
-5.556945e+01	1.160912e-03
-5.546945e+01	1.164889e-03
-5.536945e+01	1.168887e-03
-5.526945e+01	1.172905e-03
-5.516945e+01	1.176944e-03
-5.506945e+01	1.181004e-03
-5.496945e+01	1.185085e-03
-5.486945e+01	1.189188e-03
-5.476945e+01	1.193312e-03
-5.466945e+01	1.197457e-03
-5.456945e+01	1.201624e-03
-5.446945e+01	1.205813e-03
-5.436945e+01	1.210024e-03
-5.426945e+01	1.214258e-03
-5.416945e+01	1.218513e-03
-5.406945e+01	1.222792e-03
-5.396945e+01	1.227092e-03
-5.386945e+01	1.231416e-03
-5.376945e+01	1.235763e-03
-5.366945e+01	1.240132e-03
-5.356945e+01	1.244526e-03
-5.346945e+01	1.248942e-03
-5.336945e+01	1.253382e-03
-5.326945e+01	1.257847e-03
-5.316945e+01	1.262335e-03
-5.306945e+01	1.266847e-03
-5.296945e+01	1.271384e-03
-5.286945e+01	1.275945e-03
-5.276945e+01	1.280531e-03
-5.266945e+01	1.285141e-03
-5.256945e+01	1.289777e-03
-5.246945e+01	1.294438e-03
-5.236945e+01	1.299125e-03
-5.226945e+01	1.303837e-03
-5.216945e+01	1.308575e-03
-5.206945e+01	1.313338e-03
-5.196945e+01	1.318128e-03
-5.186945e+01	1.322945e-03
-5.176945e+01	1.327788e-03
-5.166945e+01	1.332658e-03
-5.156945e+01	1.337554e-03
-5.146945e+01	1.342478e-03
-5.136945e+01	1.347430e-03
-5.126945e+01	1.352408e-03
-5.116945e+01	1.357415e-03
-5.106945e+01	1.362450e-03
-5.096945e+01	1.367512e-03
-5.086945e+01	1.372604e-03
-5.076945e+01	1.377724e-03
-5.066945e+01	1.382872e-03
-5.056945e+01	1.388050e-03
-5.046945e+01	1.393257e-03
-5.036945e+01	1.398494e-03
-5.026945e+01	1.403760e-03
-5.016945e+01	1.409056e-03
-5.006945e+01	1.414382e-03
-4.996945e+01	1.419739e-03
-4.986945e+01	1.425126e-03
-4.976945e+01	1.430545e-03
-4.966945e+01	1.435994e-03
-4.956945e+01	1.441475e-03
-4.946945e+01	1.446987e-03
-4.936945e+01	1.452531e-03
-4.926945e+01	1.458108e-03
-4.916945e+01	1.463716e-03
-4.906945e+01	1.469358e-03
-4.896945e+01	1.475032e-03
-4.886945e+01	1.480739e-03
-4.876945e+01	1.486479e-03
-4.866945e+01	1.492253e-03
-4.856945e+01	1.498062e-03
-4.846945e+01	1.503904e-03
-4.836945e+01	1.509780e-03
-4.826945e+01	1.515692e-03
-4.816945e+01	1.521638e-03
-4.806945e+01	1.527619e-03
-4.796945e+01	1.533636e-03
-4.786945e+01	1.539689e-03
-4.776945e+01	1.545778e-03
-4.766945e+01	1.551904e-03
-4.756945e+01	1.558066e-03
-4.746945e+01	1.564264e-03
-4.736945e+01	1.570501e-03
-4.726945e+01	1.576775e-03
-4.716945e+01	1.583086e-03
-4.706945e+01	1.589436e-03
-4.696945e+01	1.595825e-03
-4.686945e+01	1.602252e-03
-4.676945e+01	1.608718e-03
-4.666945e+01	1.615224e-03
-4.656945e+01	1.621769e-03
-4.646945e+01	1.628355e-03
-4.636945e+01	1.634981e-03
-4.626945e+01	1.641648e-03
-4.616945e+01	1.648356e-03
-4.606945e+01	1.655105e-03
-4.596945e+01	1.661896e-03
-4.586945e+01	1.668729e-03
-4.576945e+01	1.675605e-03
-4.566945e+01	1.682523e-03
-4.556945e+01	1.689485e-03
-4.546945e+01	1.696490e-03
-4.536945e+01	1.703539e-03
-4.526945e+01	1.710633e-03
-4.516945e+01	1.717771e-03
-4.506945e+01	1.724954e-03
-4.496945e+01	1.732183e-03
-4.486945e+01	1.739457e-03
-4.476945e+01	1.746777e-03
-4.466945e+01	1.754145e-03
-4.456945e+01	1.761559e-03
-4.446945e+01	1.769020e-03
-4.436945e+01	1.776530e-03
-4.426945e+01	1.784087e-03
-4.416945e+01	1.791693e-03
-4.406945e+01	1.799348e-03
-4.396945e+01	1.807053e-03
-4.386945e+01	1.814808e-03
-4.376945e+01	1.822612e-03
-4.366945e+01	1.830468e-03
-4.356945e+01	1.838375e-03
-4.346945e+01	1.846333e-03
-4.336945e+01	1.854344e-03
-4.326945e+01	1.862407e-03
-4.316945e+01	1.870524e-03
-4.306945e+01	1.878693e-03
-4.296945e+01	1.886917e-03
-4.286945e+01	1.895195e-03
-4.276945e+01	1.903529e-03
-4.266945e+01	1.911917e-03
-4.256945e+01	1.920362e-03
-4.246945e+01	1.928863e-03
-4.236945e+01	1.937421e-03
-4.226945e+01	1.946036e-03
-4.216945e+01	1.954709e-03
-4.206945e+01	1.963441e-03
-4.196945e+01	1.972232e-03
-4.186945e+01	1.981082e-03
-4.176945e+01	1.989993e-03
-4.166945e+01	1.998964e-03
-4.156945e+01	2.007997e-03
-4.146945e+01	2.017091e-03
-4.136945e+01	2.026247e-03
-4.126945e+01	2.035467e-03
-4.116945e+01	2.044750e-03
-4.106945e+01	2.054097e-03
-4.096945e+01	2.063508e-03
-4.086945e+01	2.072985e-03
-4.076945e+01	2.082528e-03
-4.066945e+01	2.092138e-03
-4.056945e+01	2.101814e-03
-4.046945e+01	2.111559e-03
-4.036945e+01	2.121371e-03
-4.026945e+01	2.131253e-03
-4.016945e+01	2.141204e-03
-4.006945e+01	2.151226e-03
-3.996945e+01	2.161319e-03
-3.986945e+01	2.171484e-03
-3.976945e+01	2.181720e-03
-3.966945e+01	2.192030e-03
-3.956945e+01	2.202414e-03
-3.946945e+01	2.212873e-03
-3.936945e+01	2.223406e-03
-3.926945e+01	2.234016e-03
-3.916945e+01	2.244702e-03
-3.906945e+01	2.255465e-03
-3.896945e+01	2.266307e-03
-3.886945e+01	2.277228e-03
-3.876945e+01	2.288228e-03
-3.866945e+01	2.299309e-03
-3.856945e+01	2.310471e-03
-3.846945e+01	2.321716e-03
-3.836945e+01	2.333043e-03
-3.826945e+01	2.344454e-03
-3.816945e+01	2.355950e-03
-3.806945e+01	2.367531e-03
-3.796945e+01	2.379198e-03
-3.786945e+01	2.390952e-03
-3.776945e+01	2.402795e-03
-3.766945e+01	2.414726e-03
-3.756945e+01	2.426747e-03
-3.746945e+01	2.438859e-03
-3.736945e+01	2.451062e-03
-3.726945e+01	2.463358e-03
-3.716945e+01	2.475748e-03
-3.706945e+01	2.488232e-03
-3.696945e+01	2.500811e-03
-3.686945e+01	2.513487e-03
-3.676945e+01	2.526260e-03
-3.666945e+01	2.539132e-03
-3.656945e+01	2.552103e-03
-3.646945e+01	2.565175e-03
-3.636945e+01	2.578348e-03
-3.626945e+01	2.591623e-03
-3.616945e+01	2.605003e-03
-3.606945e+01	2.618487e-03
-3.596945e+01	2.632077e-03
-3.586945e+01	2.645774e-03
-3.576945e+01	2.659579e-03
-3.566945e+01	2.673493e-03
-3.556945e+01	2.687518e-03
-3.546945e+01	2.701654e-03
-3.536945e+01	2.715904e-03
-3.526945e+01	2.730267e-03
-3.516945e+01	2.744745e-03
-3.506945e+01	2.759340e-03
-3.496945e+01	2.774053e-03
-3.486945e+01	2.788884e-03
-3.476945e+01	2.803837e-03
-3.466945e+01	2.818910e-03
-3.456945e+01	2.834107e-03
-3.446945e+01	2.849428e-03
-3.436945e+01	2.864875e-03
-3.426945e+01	2.880449e-03
-3.416945e+01	2.896151e-03
-3.406945e+01	2.911983e-03
-3.396945e+01	2.927947e-03
-3.386945e+01	2.944044e-03
-3.376945e+01	2.960275e-03
-3.366945e+01	2.976641e-03
-3.356945e+01	2.993146e-03
-3.346945e+01	3.009789e-03
-3.336945e+01	3.026572e-03
-3.326945e+01	3.043498e-03
-3.316945e+01	3.060568e-03
-3.306945e+01	3.077783e-03
-3.296945e+01	3.095145e-03
-3.286945e+01	3.112656e-03
-3.276945e+01	3.130317e-03
-3.266945e+01	3.148131e-03
-3.256945e+01	3.166098e-03
-3.246945e+01	3.184222e-03
-3.236945e+01	3.202503e-03
-3.226945e+01	3.220943e-03
-3.216945e+01	3.239545e-03
-3.206945e+01	3.258310e-03
-3.196945e+01	3.277240e-03
-3.186945e+01	3.296338e-03
-3.176945e+01	3.315604e-03
-3.166945e+01	3.335042e-03
-3.156945e+01	3.354653e-03
-3.146945e+01	3.374439e-03
-3.136945e+01	3.394403e-03
-3.126945e+01	3.414546e-03
-3.116945e+01	3.434871e-03
-3.106945e+01	3.455380e-03
-3.096945e+01	3.476075e-03
-3.086945e+01	3.496959e-03
-3.076945e+01	3.518034e-03
-3.066945e+01	3.539301e-03
-3.056945e+01	3.560765e-03
-3.046945e+01	3.582426e-03
-3.036945e+01	3.604287e-03
-3.026945e+01	3.626352e-03
-3.016945e+01	3.648622e-03
-3.006945e+01	3.671101e-03
-2.996945e+01	3.693790e-03
-2.986945e+01	3.716692e-03
-2.976945e+01	3.739811e-03
-2.966945e+01	3.763148e-03
-2.956945e+01	3.786707e-03
-2.946945e+01	3.810490e-03
-2.936945e+01	3.834501e-03
-2.926945e+01	3.858743e-03
-2.916945e+01	3.883217e-03
-2.906945e+01	3.907928e-03
-2.896945e+01	3.932879e-03
-2.886945e+01	3.958072e-03
-2.876945e+01	3.983510e-03
-2.866945e+01	4.009198e-03
-2.856945e+01	4.035138e-03
-2.846945e+01	4.061334e-03
-2.836945e+01	4.087789e-03
-2.826945e+01	4.114506e-03
-2.816945e+01	4.141490e-03
-2.806945e+01	4.168743e-03
-2.796945e+01	4.196269e-03
-2.786945e+01	4.224072e-03
-2.776945e+01	4.252156e-03
-2.766945e+01	4.280525e-03
-2.756945e+01	4.309182e-03
-2.746945e+01	4.338132e-03
-2.736945e+01	4.367378e-03
-2.726945e+01	4.396925e-03
-2.716945e+01	4.426777e-03
-2.706945e+01	4.456938e-03
-2.696945e+01	4.487412e-03
-2.686945e+01	4.518204e-03
-2.676945e+01	4.549318e-03
-2.666945e+01	4.580759e-03
-2.656945e+01	4.612532e-03
-2.646945e+01	4.644641e-03
-2.636945e+01	4.677091e-03
-2.626945e+01	4.709887e-03
-2.616945e+01	4.743033e-03
-2.606945e+01	4.776536e-03
-2.596945e+01	4.810401e-03
-2.586945e+01	4.844631e-03
-2.576945e+01	4.879234e-03
-2.566945e+01	4.914214e-03
-2.556945e+01	4.949577e-03
-2.546945e+01	4.985329e-03
-2.536945e+01	5.021475e-03
-2.526945e+01	5.058021e-03
-2.516945e+01	5.094974e-03
-2.506945e+01	5.132339e-03
-2.496945e+01	5.170123e-03
-2.486945e+01	5.208332e-03
-2.476945e+01	5.246972e-03
-2.466945e+01	5.286051e-03
-2.456945e+01	5.325574e-03
-2.446945e+01	5.365549e-03
-2.436945e+01	5.405984e-03
-2.426945e+01	5.446883e-03
-2.416945e+01	5.488257e-03
-2.406945e+01	5.530110e-03
-2.396945e+01	5.572452e-03
-2.386945e+01	5.615290e-03
-2.376945e+01	5.658632e-03
-2.366945e+01	5.702486e-03
-2.356945e+01	5.746859e-03
-2.346945e+01	5.791762e-03
-2.336945e+01	5.837201e-03
-2.326945e+01	5.883185e-03
-2.316945e+01	5.929725e-03
-2.306945e+01	5.976828e-03
-2.296945e+01	6.024504e-03
-2.286945e+01	6.072763e-03
-2.276945e+01	6.121613e-03
-2.266945e+01	6.171066e-03
-2.256945e+01	6.221131e-03
-2.246945e+01	6.271818e-03
-2.236945e+01	6.323138e-03
-2.226945e+01	6.375101e-03
-2.216945e+01	6.427719e-03
-2.206945e+01	6.481003e-03
-2.196945e+01	6.534965e-03
-2.186945e+01	6.589615e-03
-2.176945e+01	6.644966e-03
-2.166945e+01	6.701030e-03
-2.156945e+01	6.757820e-03
-2.146945e+01	6.815348e-03
-2.136945e+01	6.873628e-03
-2.126945e+01	6.932673e-03
-2.116945e+01	6.992496e-03
-2.106945e+01	7.053111e-03
-2.096945e+01	7.114534e-03
-2.086945e+01	7.176778e-03
-2.076945e+01	7.239858e-03
-2.066945e+01	7.303790e-03
-2.056945e+01	7.368589e-03
-2.046945e+01	7.434272e-03
-2.036945e+01	7.500854e-03
-2.026945e+01	7.568353e-03
-2.016945e+01	7.636785e-03
-2.006945e+01	7.706169e-03
-1.996945e+01	7.776522e-03
-1.986945e+01	7.847864e-03
-1.976945e+01	7.920211e-03
-1.966945e+01	7.993585e-03
-1.956945e+01	8.068005e-03
-1.946945e+01	8.143491e-03
-1.936945e+01	8.220065e-03
-1.926945e+01	8.297746e-03
-1.916945e+01	8.376559e-03
-1.906945e+01	8.456524e-03
-1.896945e+01	8.537664e-03
-1.886945e+01	8.620005e-03
-1.876945e+01	8.703569e-03
-1.866945e+01	8.788381e-03
-1.856945e+01	8.874467e-03
-1.846945e+01	8.961854e-03
-1.836945e+01	9.050567e-03
-1.826945e+01	9.140635e-03
-1.816945e+01	9.232085e-03
-1.806945e+01	9.324947e-03
-1.796945e+01	9.419251e-03
-1.786945e+01	9.515026e-03
-1.776945e+01	9.612305e-03
-1.766945e+01	9.711120e-03
-1.756945e+01	9.811503e-03
-1.746945e+01	9.913490e-03
-1.736945e+01	1.001711e-02
-1.726945e+01	1.012241e-02
-1.716945e+01	1.022942e-02
-1.706945e+01	1.033818e-02
-1.696945e+01	1.044873e-02
-1.686945e+01	1.056110e-02
-1.676945e+01	1.067535e-02
-1.666945e+01	1.079150e-02
-1.656945e+01	1.090962e-02
-1.646945e+01	1.102973e-02
-1.636945e+01	1.115189e-02
-1.626945e+01	1.127615e-02
-1.616945e+01	1.140256e-02
-1.606945e+01	1.153115e-02
-1.596945e+01	1.166200e-02
-1.586945e+01	1.179515e-02
-1.576945e+01	1.193066e-02
-1.566945e+01	1.206858e-02
-1.556945e+01	1.220897e-02
-1.546945e+01	1.235190e-02
-1.536945e+01	1.249743e-02
-1.526945e+01	1.264562e-02
-1.516945e+01	1.279654e-02
-1.506945e+01	1.295026e-02
-1.496945e+01	1.310684e-02
-1.486945e+01	1.326637e-02
-1.476945e+01	1.342892e-02
-1.466945e+01	1.359457e-02
-1.456945e+01	1.376339e-02
-1.446945e+01	1.393548e-02
-1.436945e+01	1.411092e-02
-1.426945e+01	1.428980e-02
-1.416945e+01	1.447220e-02
-1.406945e+01	1.465824e-02
-1.396945e+01	1.484801e-02
-1.386945e+01	1.504160e-02
-1.376945e+01	1.523913e-02
-1.366945e+01	1.544071e-02
-1.356945e+01	1.564644e-02
-1.346945e+01	1.585646e-02
-1.336945e+01	1.607088e-02
-1.326945e+01	1.628983e-02
-1.316945e+01	1.651344e-02
-1.306945e+01	1.674185e-02
-1.296945e+01	1.697520e-02
-1.286945e+01	1.721363e-02
-1.276945e+01	1.745731e-02
-1.266945e+01	1.770639e-02
-1.256945e+01	1.796103e-02
-1.246945e+01	1.822141e-02
-1.236945e+01	1.848770e-02
-1.226945e+01	1.876009e-02
-1.216945e+01	1.903878e-02
-1.206945e+01	1.932397e-02
-1.196945e+01	1.961585e-02
-1.186945e+01	1.991467e-02
-1.176945e+01	2.022063e-02
-1.166945e+01	2.053398e-02
-1.156945e+01	2.085496e-02
-1.146945e+01	2.118383e-02
-1.136945e+01	2.152087e-02
-1.126945e+01	2.186634e-02
-1.116945e+01	2.222055e-02
-1.106945e+01	2.258380e-02
-1.096945e+01	2.295641e-02
-1.086945e+01	2.333871e-02
-1.076945e+01	2.373106e-02
-1.066945e+01	2.413382e-02
-1.056945e+01	2.454737e-02
-1.046945e+01	2.497212e-02
-1.036945e+01	2.540849e-02
-1.026945e+01	2.585692e-02
-1.016945e+01	2.631787e-02
-1.006945e+01	2.679183e-02
-9.969451e+00	2.727931e-02
-9.869451e+00	2.778085e-02
-9.769451e+00	2.829701e-02
-9.669451e+00	2.882838e-02
-9.569451e+00	2.937560e-02
-9.469451e+00	2.993931e-02
-9.369451e+00	3.052021e-02
-9.269451e+00	3.111904e-02
-9.169451e+00	3.173656e-02
-9.069451e+00	3.237359e-02
-8.969451e+00	3.303099e-02
-8.869451e+00	3.370967e-02
-8.769451e+00	3.441059e-02
-8.669451e+00	3.513477e-02
-8.569451e+00	3.588329e-02
-8.469451e+00	3.665730e-02
-8.369451e+00	3.745801e-02
-8.269451e+00	3.828672e-02
-8.169451e+00	3.914478e-02
-8.069451e+00	4.003366e-02
-7.969451e+00	4.095491e-02
-7.869451e+00	4.191020e-02
-7.769451e+00	4.290127e-02
-7.669451e+00	4.393001e-02
-7.569451e+00	4.499845e-02
-7.469451e+00	4.610872e-02
-7.369451e+00	4.726314e-02
-7.269451e+00	4.846417e-02
-7.169451e+00	4.971447e-02
-7.069451e+00	5.101689e-02
-6.969451e+00	5.237448e-02
-6.869451e+00	5.379055e-02
-6.769451e+00	5.526865e-02
-6.669451e+00	5.681263e-02
-6.569451e+00	5.842663e-02
-6.469451e+00	6.011515e-02
-6.369451e+00	6.188306e-02
-6.269451e+00	6.373565e-02
-6.169451e+00	6.567867e-02
-6.069451e+00	6.771840e-02
-5.969451e+00	6.986168e-02
-5.869451e+00	7.211597e-02
-5.769451e+00	7.448947e-02
-5.669451e+00	7.699115e-02
-5.569451e+00	7.963092e-02
-5.469451e+00	8.241963e-02
-5.369451e+00	8.536933e-02
-5.269451e+00	8.849331e-02
-5.169451e+00	9.180635e-02
-5.069451e+00	9.532488e-02
-4.969451e+00	9.906723e-02
-4.869451e+00	1.030539e-01
-4.769451e+00	1.073079e-01
-4.669451e+00	1.118552e-01
-4.569451e+00	1.167251e-01
-4.469451e+00	1.219508e-01
-4.369451e+00	1.275700e-01
-4.269451e+00	1.336260e-01
-4.169451e+00	1.401685e-01
-4.069451e+00	1.472547e-01
-3.969451e+00	1.549511e-01
-3.869451e+00	1.633351e-01
-3.769451e+00	1.724975e-01
-3.669451e+00	1.825458e-01
-3.569451e+00	1.936074e-01
-3.469451e+00	2.058353e-01
-3.369451e+00	2.194142e-01
-3.269451e+00	2.345693e-01
-3.169451e+00	2.515781e-01
-3.069451e+00	2.707861e-01
-2.969451e+00	2.926289e-01
-2.869451e+00	3.176629e-01
-2.769451e+00	3.466104e-01
-2.669451e+00	3.804240e-01
-2.569451e+00	4.203848e-01
-2.469451e+00	4.682519e-01
-2.369451e+00	5.264995e-01
-2.269451e+00	5.987018e-01
-2.169451e+00	6.901796e-01
-2.069451e+00	8.091232e-01
-1.969451e+00	9.686066e-01
-1.869451e+00	1.190300e+00
-1.769451e+00	1.511334e+00
-1.669451e+00	1.996137e+00
-1.569451e+00	2.749699e+00
-1.469451e+00	3.886736e+00
-1.369451e+00	5.256371e+00
-1.269451e+00	5.918426e+00
-1.169451e+00	5.201658e+00
-1.069451e+00	4.065208e+00
-9.694509e-01	3.281410e+00
-8.694509e-01	2.915291e+00
-7.694509e-01	2.876952e+00
-6.694509e-01	3.122940e+00
-5.694509e-01	3.681324e+00
-4.694509e-01	4.652317e+00
-3.694509e-01	6.175234e+00
-2.694509e-01	8.263699e+00
-1.694509e-01	1.069529e+01
-6.945093e-02	1.330115e+01
3.054907e-02	1.528396e+01
1.305491e-01	1.609541e+01
2.305491e-01	1.631472e+01
3.305491e-01	1.520178e+01
4.305491e-01	1.197612e+01
5.305491e-01	8.522027e+00
6.305491e-01	6.056349e+00
7.305491e-01	4.494391e+00
8.305491e-01	3.523326e+00
9.305491e-01	2.925078e+00
1.030549e+00	2.577493e+00
1.130549e+00	2.421545e+00
1.230549e+00	2.442554e+00
1.330549e+00	2.666887e+00
1.430549e+00	3.172041e+00
1.530549e+00	4.099329e+00
1.630549e+00	5.586194e+00
1.730549e+00	7.301644e+00
1.830549e+00	7.788736e+00
1.930549e+00	6.369995e+00
2.030549e+00	4.525598e+00
2.130549e+00	3.170304e+00
2.230549e+00	2.303006e+00
2.330549e+00	1.751420e+00
2.430549e+00	1.389321e+00
2.530549e+00	1.140655e+00
2.630549e+00	9.616500e-01
2.730549e+00	8.293915e-01
2.830549e+00	7.302655e-01
2.930549e+00	6.546526e-01
3.030549e+00	5.958235e-01
3.130549e+00	5.496830e-01
3.230549e+00	5.136972e-01
3.330549e+00	4.859906e-01
3.430549e+00	4.652682e-01
3.530549e+00	4.507264e-01
3.630549e+00	4.419759e-01
3.730549e+00	4.390525e-01
3.830549e+00	4.425017e-01
3.930549e+00	4.535725e-01
4.030549e+00	4.745381e-01
4.130549e+00	5.090307e-01
4.230549e+00	5.626926e-01
4.330549e+00	6.460681e-01
4.430549e+00	7.729443e-01
4.530549e+00	9.343375e-01
4.630549e+00	1.065235e+00
4.730549e+00	1.101073e+00
4.830549e+00	1.023220e+00
4.930549e+00	8.987376e-01
5.030549e+00	8.112998e-01
5.130549e+00	7.763942e-01
5.230549e+00	7.826848e-01
5.330549e+00	8.203238e-01
5.430549e+00	8.866367e-01
5.530549e+00	9.844717e-01
5.630549e+00	1.120538e+00
5.730549e+00	1.306702e+00
5.830549e+00	1.562754e+00
5.930549e+00	1.921371e+00
6.030549e+00	2.437429e+00
6.130549e+00	3.205499e+00
6.230549e+00	4.391259e+00
6.330549e+00	6.275413e+00
6.430549e+00	9.232783e+00
6.530549e+00	1.320555e+01
6.630549e+00	1.603989e+01
6.730549e+00	1.461254e+01
6.830549e+00	1.067902e+01
6.930549e+00	7.310460e+00
7.030549e+00	5.111533e+00
7.130549e+00	3.750869e+00
7.230549e+00	2.902012e+00
7.330549e+00	2.364550e+00
7.430549e+00	2.025754e+00
7.530549e+00	1.823622e+00
7.630549e+00	1.725770e+00
7.730549e+00	1.719048e+00
7.830549e+00	1.805733e+00
7.930549e+00	2.004692e+00
8.030549e+00	2.358073e+00
8.130549e+00	2.946243e+00
8.230549e+00	3.914301e+00
8.330549e+00	5.497741e+00
8.430549e+00	7.921123e+00
8.530549e+00	1.068022e+01
8.630549e+00	1.152191e+01
8.730549e+00	9.396675e+00
8.830549e+00	6.604357e+00
8.930549e+00	4.571337e+00
9.030549e+00	3.303890e+00
9.130549e+00	2.546144e+00
9.230549e+00	2.120457e+00
9.330549e+00	1.928044e+00
9.430549e+00	1.866864e+00
9.530549e+00	1.744422e+00
9.630549e+00	1.478934e+00
9.730549e+00	1.221731e+00
9.830549e+00	1.064286e+00
9.930549e+00	9.987875e-01
1.003055e+01	9.568507e-01
1.013055e+01	8.475327e-01
1.023055e+01	6.947101e-01
1.033055e+01	5.660212e-01
1.043055e+01	4.745398e-01
1.053055e+01	4.109055e-01
1.063055e+01	3.664203e-01
1.073055e+01	3.361724e-01
1.083055e+01	3.173162e-01
1.093055e+01	3.042825e-01
1.103055e+01	2.854522e-01
1.113055e+01	2.588058e-01
1.123055e+01	2.344096e-01
1.133055e+01	2.168162e-01
1.143055e+01	2.057201e-01
1.153055e+01	1.988804e-01
1.163055e+01	1.914566e-01
1.173055e+01	1.813106e-01
1.183055e+01	1.721504e-01
1.193055e+01	1.641174e-01
1.203055e+01	1.531909e-01
1.213055e+01	1.407559e-01
1.223055e+01	1.303519e-01
1.233055e+01	1.226037e-01
1.243055e+01	1.167447e-01
1.253055e+01	1.114558e-01
1.263055e+01	1.060280e-01
1.273055e+01	1.010141e-01
1.283055e+01	9.682953e-02
1.293055e+01	9.355936e-02
1.303055e+01	9.122910e-02
1.313055e+01	8.993778e-02
1.323055e+01	8.991883e-02
1.333055e+01	9.159691e-02
1.343055e+01	9.536413e-02
1.353055e+01	1.010192e-01
1.363055e+01	1.062835e-01
1.373055e+01	1.079305e-01
1.383055e+01	1.062193e-01
1.393055e+01	9.962362e-02
1.403055e+01	8.951586e-02
1.413055e+01	8.085519e-02
1.423055e+01	7.559204e-02
1.433055e+01	7.350645e-02
1.443055e+01	7.346460e-02
1.453055e+01	7.237980e-02
1.463055e+01	6.764338e-02
1.473055e+01	6.165054e-02
1.483055e+01	5.677098e-02
1.493055e+01	5.317778e-02
1.503055e+01	5.046917e-02
1.513055e+01	4.832231e-02
1.523055e+01	4.654048e-02
1.533055e+01	4.500805e-02
1.543055e+01	4.365549e-02
1.553055e+01	4.243942e-02
1.563055e+01	4.133171e-02
1.573055e+01	4.031353e-02
1.583055e+01	3.937193e-02
1.593055e+01	3.849791e-02
1.603055e+01	3.768523e-02
1.613055e+01	3.692974e-02
1.623055e+01	3.622899e-02
1.633055e+01	3.558203e-02
1.643055e+01	3.498939e-02
1.653055e+01	3.445326e-02
1.663055e+01	3.397776e-02
1.673055e+01	3.356952e-02
1.683055e+01	3.323861e-02
1.693055e+01	3.299999e-02
1.703055e+01	3.287592e-02
1.713055e+01	3.289991e-02
1.723055e+01	3.312354e-02
1.733055e+01	3.362838e-02
1.743055e+01	3.454768e-02
1.753055e+01	3.610635e-02
1.763055e+01	3.869312e-02
1.773055e+01	4.296936e-02
1.783055e+01	4.989351e-02
1.793055e+01	5.993241e-02
1.803055e+01	7.022441e-02
1.813055e+01	7.364938e-02
1.823055e+01	6.719160e-02
1.833055e+01	5.681121e-02
1.843055e+01	4.814125e-02
1.853055e+01	4.264113e-02
1.863055e+01	3.952927e-02
1.873055e+01	3.793514e-02
1.883055e+01	3.773373e-02
1.893055e+01	3.913755e-02
1.903055e+01	4.255171e-02
1.913055e+01	4.853949e-02
1.923055e+01	5.695757e-02
1.933055e+01	6.602154e-02
1.943055e+01	7.571211e-02
1.953055e+01	8.832374e-02
1.963055e+01	9.822771e-02
1.973055e+01	9.447706e-02
1.983055e+01	7.874619e-02
1.993055e+01	6.147582e-02
2.003055e+01	4.863004e-02
2.013055e+01	4.004786e-02
2.023055e+01	3.430021e-02
2.033055e+01	3.042082e-02
2.043055e+01	2.776277e-02
2.053055e+01	2.591916e-02
2.063055e+01	2.464007e-02
2.073055e+01	2.377878e-02
2.083055e+01	2.328102e-02
2.093055e+01	2.315080e-02
2.103055e+01	2.344524e-02
2.113055e+01	2.430437e-02
2.123055e+01	2.600266e-02
2.133055e+01	2.901241e-02
2.143055e+01	3.389545e-02
2.153055e+01	4.027299e-02
2.163055e+01	4.503681e-02
2.173055e+01	4.528362e-02
2.183055e+01	4.191391e-02
2.193055e+01	3.725988e-02
2.203055e+01	3.351198e-02
2.213055e+01	3.143383e-02
2.223055e+01	2.939038e-02
2.233055e+01	2.616024e-02
2.243055e+01	2.295385e-02
2.253055e+01	2.063734e-02
2.263055e+01	1.907162e-02
2.273055e+01	1.786377e-02
2.283055e+01	1.685090e-02
2.293055e+01	1.602220e-02
2.303055e+01	1.535960e-02
2.313055e+01	1.484073e-02
2.323055e+01	1.443717e-02
2.333055e+01	1.412353e-02
2.343055e+01	1.388478e-02
2.353055e+01	1.371742e-02
2.363055e+01	1.363041e-02
2.373055e+01	1.364864e-02
2.383055e+01	1.381451e-02
2.393055e+01	1.415621e-02
2.403055e+01	1.455567e-02
2.413055e+01	1.471003e-02
2.423055e+01	1.446815e-02
2.433055e+01	1.401538e-02
2.443055e+01	1.371505e-02
2.453055e+01	1.370480e-02
2.463055e+01	1.382977e-02
2.473055e+01	1.369971e-02
2.483055e+01	1.327228e-02
2.493055e+01	1.288825e-02
2.503055e+01	1.269277e-02
2.513055e+01	1.266168e-02
2.523055e+01	1.274775e-02
2.533055e+01	1.298621e-02
2.543055e+01	1.338347e-02
2.553055e+01	1.374933e-02
2.563055e+01	1.399305e-02
2.573055e+01	1.435764e-02
2.583055e+01	1.494113e-02
2.593055e+01	1.578733e-02
2.603055e+01	1.703793e-02
2.613055e+01	1.895919e-02
2.623055e+01	2.165661e-02
2.633055e+01	2.383164e-02
2.643055e+01	2.385228e-02
2.653055e+01	2.278894e-02
2.663055e+01	2.226883e-02
2.673055e+01	2.247084e-02
2.683055e+01	2.221374e-02
2.693055e+01	2.136485e-02
2.703055e+01	2.083785e-02
2.713055e+01	2.071751e-02
2.723055e+01	2.080251e-02
2.733055e+01	2.150223e-02
2.743055e+01	2.336305e-02
2.753055e+01	2.667135e-02
2.763055e+01	3.129243e-02
2.773055e+01	3.659665e-02
2.783055e+01	4.012310e-02
2.793055e+01	4.027086e-02
2.803055e+01	3.971244e-02
2.813055e+01	4.151639e-02
2.823055e+01	4.668412e-02
2.833055e+01	5.146724e-02
2.843055e+01	5.097995e-02
2.853055e+01	4.817248e-02
2.863055e+01	4.759526e-02
2.873055e+01	4.835206e-02
2.883055e+01	4.661604e-02
2.893055e+01	4.167238e-02
2.903055e+01	3.538164e-02
2.913055e+01	2.911314e-02
2.923055e+01	2.417154e-02
2.933055e+01	2.107224e-02
2.943055e+01	1.931947e-02
2.953055e+01	1.832887e-02
2.963055e+01	1.815243e-02
2.973055e+01	1.905273e-02
2.983055e+01	2.101648e-02
2.993055e+01	2.378499e-02
3.003055e+01	2.694135e-02
3.013055e+01	2.799738e-02
3.023055e+01	2.501968e-02
3.033055e+01	2.083730e-02
3.043055e+01	1.764279e-02
3.053055e+01	1.547213e-02
3.063055e+01	1.413923e-02
3.073055e+01	1.352652e-02
3.083055e+01	1.331022e-02
3.093055e+01	1.295055e-02
3.103055e+01	1.239243e-02
3.113055e+01	1.199827e-02
3.123055e+01	1.196989e-02
3.133055e+01	1.233873e-02
3.143055e+01	1.309054e-02
3.153055e+01	1.431274e-02
3.163055e+01	1.610827e-02
3.173055e+01	1.874032e-02
3.183055e+01	2.299168e-02
3.193055e+01	2.965468e-02
3.203055e+01	3.835235e-02
3.213055e+01	4.541512e-02
3.223055e+01	4.452808e-02
3.233055e+01	3.603083e-02
3.243055e+01	2.710868e-02
3.253055e+01	2.082631e-02
3.263055e+01	1.684405e-02
3.273055e+01	1.437461e-02
3.283055e+01	1.284104e-02
3.293055e+01	1.185886e-02
3.303055e+01	1.128251e-02
3.313055e+01	1.110044e-02
3.323055e+01	1.123786e-02
3.333055e+01	1.135518e-02
3.343055e+01	1.128199e-02
3.353055e+01	1.137140e-02
3.363055e+01	1.166966e-02
3.373055e+01	1.198695e-02
3.383055e+01	1.244841e-02
3.393055e+01	1.311582e-02
3.403055e+01	1.435481e-02
3.413055e+01	1.660302e-02
3.423055e+01	1.908413e-02
3.433055e+01	1.986598e-02
3.443055e+01	1.932454e-02
3.453055e+01	1.879470e-02
3.463055e+01	1.747648e-02
3.473055e+01	1.504373e-02
3.483055e+01	1.277172e-02
3.493055e+01	1.136223e-02
3.503055e+01	1.074725e-02
3.513055e+01	1.087780e-02
3.523055e+01	1.179949e-02
3.533055e+01	1.324548e-02
3.543055e+01	1.392272e-02
3.553055e+01	1.266657e-02
3.563055e+01	1.066744e-02
3.573055e+01	9.144217e-03
3.583055e+01	8.240069e-03
3.593055e+01	7.812585e-03
3.603055e+01	7.776270e-03
3.613055e+01	8.140355e-03
3.623055e+01	8.960686e-03
3.633055e+01	1.007543e-02
3.643055e+01	1.057497e-02
3.653055e+01	9.747202e-03
3.663055e+01	8.451497e-03
3.673055e+01	7.419637e-03
3.683055e+01	6.741114e-03
3.693055e+01	6.347241e-03
3.703055e+01	6.166574e-03
3.713055e+01	6.160108e-03
3.723055e+01	6.311830e-03
3.733055e+01	6.597349e-03
3.743055e+01	7.032329e-03
3.753055e+01	7.787570e-03
3.763055e+01	9.089671e-03
3.773055e+01	1.086999e-02
3.783055e+01	1.200077e-02
3.793055e+01	1.112621e-02
3.803055e+01	9.249927e-03
3.813055e+01	7.721658e-03
3.823055e+01	6.760085e-03
3.833055e+01	6.211919e-03
3.843055e+01	5.907890e-03
3.853055e+01	5.680772e-03
3.863055e+01	5.457433e-03
3.873055e+01	5.283314e-03
3.883055e+01	5.210187e-03
3.893055e+01	5.240136e-03
3.903055e+01	5.313204e-03
3.913055e+01	5.361591e-03
3.923055e+01	5.343514e-03
3.933055e+01	5.274695e-03
3.943055e+01	5.192322e-03
3.953055e+01	5.108956e-03
3.963055e+01	5.062722e-03
3.973055e+01	5.073068e-03
3.983055e+01	5.119343e-03
3.993055e+01	5.174600e-03
4.003055e+01	5.267716e-03
4.013055e+01	5.447789e-03
4.023055e+01	5.754501e-03
4.033055e+01	6.229885e-03
4.043055e+01	6.855835e-03
4.053055e+01	7.409228e-03
4.063055e+01	7.721258e-03
4.073055e+01	8.098236e-03
4.083055e+01	8.836503e-03
4.093055e+01	9.998226e-03
4.103055e+01	1.160986e-02
4.113055e+01	1.402000e-02
4.123055e+01	1.795204e-02
4.133055e+01	2.439819e-02
4.143055e+01	3.407009e-02
4.153055e+01	4.423347e-02
4.163055e+01	4.587581e-02
4.173055e+01	3.721115e-02
4.183055e+01	2.734410e-02
4.193055e+01	2.038610e-02
4.203055e+01	1.599233e-02
4.213055e+01	1.332337e-02
4.223055e+01	1.158191e-02
4.233055e+01	1.035169e-02
4.243055e+01	9.471719e-03
4.253055e+01	8.627572e-03
4.263055e+01	7.690103e-03
4.273055e+01	6.782557e-03
4.283055e+01	6.021807e-03
4.293055e+01	5.464309e-03
4.303055e+01	5.070432e-03
4.313055e+01	4.782856e-03
4.323055e+01	4.577379e-03
4.333055e+01	4.417029e-03
4.343055e+01	4.266073e-03
4.353055e+01	4.143511e-03
4.363055e+01	4.073657e-03
4.373055e+01	4.065104e-03
4.383055e+01	4.128361e-03
4.393055e+01	4.278875e-03
4.403055e+01	4.523130e-03
4.413055e+01	4.866686e-03
4.423055e+01	5.284997e-03
4.433055e+01	5.648922e-03
4.443055e+01	5.980026e-03
4.453055e+01	6.218421e-03
4.463055e+01	6.043869e-03
4.473055e+01	5.564753e-03
4.483055e+01	5.022072e-03
4.493055e+01	4.558258e-03
4.503055e+01	4.245053e-03
4.513055e+01	4.070039e-03
4.523055e+01	3.980641e-03
4.533055e+01	3.944490e-03
4.543055e+01	3.913656e-03
4.553055e+01	3.902728e-03
4.563055e+01	3.990573e-03
4.573055e+01	4.235825e-03
4.583055e+01	4.669493e-03
4.593055e+01	5.279889e-03
4.603055e+01	5.910786e-03
4.613055e+01	6.040368e-03
4.623055e+01	5.476549e-03
4.633055e+01	4.811353e-03
4.643055e+01	4.381669e-03
4.653055e+01	4.127909e-03
4.663055e+01	3.915160e-03
4.673055e+01	3.735540e-03
4.683055e+01	3.617949e-03
4.693055e+01	3.531676e-03
4.703055e+01	3.455193e-03
4.713055e+01	3.402862e-03
4.723055e+01	3.391019e-03
4.733055e+01	3.433660e-03
4.743055e+01	3.542109e-03
4.753055e+01	3.734877e-03
4.763055e+01	4.046233e-03
4.773055e+01	4.520805e-03
4.783055e+01	5.127181e-03
4.793055e+01	5.569215e-03
4.803055e+01	5.598211e-03
4.813055e+01	5.544584e-03
4.823055e+01	5.741241e-03
4.833055e+01	6.310179e-03
4.843055e+01	7.364002e-03
4.853055e+01	9.129116e-03
4.863055e+01	1.200733e-02
4.873055e+01	1.623951e-02
4.883055e+01	2.035868e-02
4.893055e+01	2.065657e-02
4.903055e+01	1.728340e-02
4.913055e+01	1.370879e-02
4.923055e+01	1.089616e-02
4.933055e+01	8.765698e-03
4.943055e+01	7.254665e-03
4.953055e+01	6.167577e-03
4.963055e+01	5.388030e-03
4.973055e+01	4.878894e-03
4.983055e+01	4.568203e-03
4.993055e+01	4.370806e-03
5.003055e+01	4.197087e-03
5.013055e+01	4.017691e-03
5.023055e+01	3.880443e-03
5.033055e+01	3.745010e-03
5.043055e+01	3.604809e-03
5.053055e+01	3.553999e-03
5.063055e+01	3.660911e-03
5.073055e+01	3.908629e-03
5.083055e+01	4.080614e-03
5.093055e+01	3.900518e-03
5.103055e+01	3.543549e-03
5.113055e+01	3.281275e-03
5.123055e+01	3.172574e-03
5.133055e+01	3.209662e-03
5.143055e+01	3.378659e-03
5.153055e+01	3.584548e-03
5.163055e+01	3.586228e-03
5.173055e+01	3.349170e-03
5.183055e+01	3.116829e-03
5.193055e+01	2.995525e-03
5.203055e+01	2.935904e-03
5.213055e+01	2.869281e-03
5.223055e+01	2.825683e-03
5.233055e+01	2.823088e-03
5.243055e+01	2.815338e-03
5.253055e+01	2.823435e-03
5.263055e+01	2.921920e-03
5.273055e+01	3.149156e-03
5.283055e+01	3.453685e-03
5.293055e+01	3.606717e-03
5.303055e+01	3.501484e-03
5.313055e+01	3.391243e-03
5.323055e+01	3.450444e-03
5.333055e+01	3.702529e-03
5.343055e+01	4.106305e-03
5.353055e+01	4.415255e-03
5.363055e+01	4.203201e-03
5.373055e+01	3.615599e-03
5.383055e+01	3.083237e-03
5.393055e+01	2.725407e-03
5.403055e+01	2.506443e-03
5.413055e+01	2.378983e-03
5.423055e+01	2.309733e-03
5.433055e+01	2.268484e-03
5.443055e+01	2.225831e-03
5.453055e+01	2.182639e-03
5.463055e+01	2.152120e-03
5.473055e+01	2.137979e-03
5.483055e+01	2.150579e-03
5.493055e+01	2.199681e-03
5.503055e+01	2.265968e-03
5.513055e+01	2.294048e-03
5.523055e+01	2.277006e-03
5.533055e+01	2.248793e-03
5.543055e+01	2.195282e-03
5.553055e+01	2.124752e-03
5.563055e+01	2.071298e-03
5.573055e+01	2.052297e-03
5.583055e+01	2.077624e-03
5.593055e+01	2.146043e-03
5.603055e+01	2.208715e-03
5.613055e+01	2.177194e-03
5.623055e+01	2.073192e-03
5.633055e+01	1.976652e-03
5.643055e+01	1.907333e-03
5.653055e+01	1.860275e-03
5.663055e+01	1.830973e-03
5.673055e+01	1.814628e-03
5.683055e+01	1.805395e-03
5.693055e+01	1.798850e-03
5.703055e+01	1.796229e-03
5.713055e+01	1.799940e-03
5.723055e+01	1.808707e-03
5.733055e+01	1.816714e-03
5.743055e+01	1.825081e-03
5.753055e+01	1.840717e-03
5.763055e+01	1.859725e-03
5.773055e+01	1.872429e-03
5.783055e+01	1.878653e-03
5.793055e+01	1.876056e-03
5.803055e+01	1.870585e-03
5.813055e+01	1.872885e-03
5.823055e+01	1.885559e-03
5.833055e+01	1.908308e-03
5.843055e+01	1.941723e-03
5.853055e+01	1.987279e-03
5.863055e+01	2.044214e-03
5.873055e+01	2.103878e-03
5.883055e+01	2.151540e-03
5.893055e+01	2.192741e-03
5.903055e+01	2.249067e-03
5.913055e+01	2.331535e-03
5.923055e+01	2.446442e-03
5.933055e+01	2.604236e-03
5.943055e+01	2.823829e-03
5.953055e+01	3.134618e-03
5.963055e+01	3.562732e-03
5.973055e+01	4.056293e-03
5.983055e+01	4.398032e-03
5.993055e+01	4.518374e-03
6.003055e+01	4.693552e-03
6.013055e+01	5.120233e-03
6.023055e+01	5.886154e-03
6.033055e+01	7.108459e-03
6.043055e+01	8.942509e-03
6.053055e+01	1.140093e-02
6.063055e+01	1.409715e-02
6.073055e+01	1.705051e-02
6.083055e+01	2.176809e-02
6.093055e+01	2.932178e-02
6.103055e+01	3.686525e-02
6.113055e+01	3.665696e-02
6.123055e+01	2.861568e-02
6.133055e+01	2.035030e-02
6.143055e+01	1.468353e-02
6.153055e+01	1.110840e-02
6.163055e+01	8.899805e-03
6.173055e+01	7.619480e-03
6.183055e+01	7.026584e-03
6.193055e+01	6.921680e-03
6.203055e+01	7.011164e-03
6.213055e+01	6.905600e-03
6.223055e+01	6.532579e-03
6.233055e+01	6.230045e-03
6.243055e+01	5.838584e-03
6.253055e+01	5.091429e-03
6.263055e+01	4.304711e-03
6.273055e+01	3.721998e-03
6.283055e+01	3.356600e-03
6.293055e+01	3.143138e-03
6.303055e+01	2.990258e-03
6.313055e+01	2.858729e-03
6.323055e+01	2.785877e-03
6.333055e+01	2.800904e-03
6.343055e+01	2.919377e-03
6.353055e+01	3.151584e-03
6.363055e+01	3.468732e-03
6.373055e+01	3.775795e-03
6.383055e+01	3.970091e-03
6.393055e+01	4.125723e-03
6.403055e+01	4.427065e-03
6.413055e+01	5.045933e-03
6.423055e+01	6.121980e-03
6.433055e+01	7.583577e-03
6.443055e+01	8.641861e-03
6.453055e+01	8.189893e-03
6.463055e+01	6.918496e-03
6.473055e+01	5.968064e-03
6.483055e+01	5.584492e-03
6.493055e+01	5.712575e-03
6.503055e+01	6.210918e-03
6.513055e+01	6.788050e-03
6.523055e+01	6.902263e-03
6.533055e+01	6.499917e-03
6.543055e+01	5.990913e-03
6.553055e+01	5.345211e-03
6.563055e+01	4.566415e-03
6.573055e+01	3.786207e-03
6.583055e+01	3.157923e-03
6.593055e+01	2.731073e-03
6.603055e+01	2.452746e-03
6.613055e+01	2.254200e-03
6.623055e+01	2.102543e-03
6.633055e+01	1.998976e-03
6.643055e+01	1.939255e-03
6.653055e+01	1.912028e-03
6.663055e+01	1.901223e-03
6.673055e+01	1.901503e-03
6.683055e+01	1.934705e-03
6.693055e+01	2.026570e-03
6.703055e+01	2.203730e-03
6.713055e+01	2.503276e-03
6.723055e+01	2.963143e-03
6.733055e+01	3.501565e-03
6.743055e+01	3.700838e-03
6.753055e+01	3.328922e-03
6.763055e+01	2.817383e-03
6.773055e+01	2.457197e-03
6.783055e+01	2.259377e-03
6.793055e+01	2.190141e-03
6.803055e+01	2.233118e-03
6.813055e+01	2.396016e-03
6.823055e+01	2.718881e-03
6.833055e+01	3.280393e-03
6.843055e+01	4.155708e-03
6.853055e+01	5.161584e-03
6.863055e+01	5.501928e-03
6.873055e+01	4.800523e-03
6.883055e+01	3.876090e-03
6.893055e+01	3.263683e-03
6.903055e+01	2.975487e-03
6.913055e+01	2.893752e-03
6.923055e+01	2.949485e-03
6.933055e+01	3.208520e-03
6.943055e+01	3.686606e-03
6.953055e+01	4.029981e-03
6.963055e+01	3.726295e-03
6.973055e+01	3.044412e-03
6.983055e+01	2.468154e-03
6.993055e+01	2.081190e-03
