#RPA-results:
#Nucleus: Ni 74
#Fermi level: -4.992964e+00	-1.506242e+01
#Excitation: 1 +
#Total number of pairs: 1032
#Number of ph-/ah-pairs: 1032/0
#Maximal excitation-energy for particle-hole-pairs: 100
#Maximal excitation-energy for antiparticle-hole-pairs: 1000
#No imaginary eigenvalues

#Parameterset: DD-PC1
#natural parity: no
#Isoscalar result:

#width: 5.000000e-01
#maximum value: 1.868967e-03
#at energy: 6.993055e+01
-9.006945e+01	4.639207e-04
-8.996945e+01	4.649195e-04
-8.986945e+01	4.659215e-04
-8.976945e+01	4.669268e-04
-8.966945e+01	4.679353e-04
-8.956945e+01	4.689471e-04
-8.946945e+01	4.699622e-04
-8.936945e+01	4.709806e-04
-8.926945e+01	4.720023e-04
-8.916945e+01	4.730274e-04
-8.906945e+01	4.740558e-04
-8.896945e+01	4.750876e-04
-8.886945e+01	4.761227e-04
-8.876945e+01	4.771613e-04
-8.866945e+01	4.782032e-04
-8.856945e+01	4.792486e-04
-8.846945e+01	4.802974e-04
-8.836945e+01	4.813497e-04
-8.826945e+01	4.824054e-04
-8.816945e+01	4.834646e-04
-8.806945e+01	4.845274e-04
-8.796945e+01	4.855936e-04
-8.786945e+01	4.866633e-04
-8.776945e+01	4.877367e-04
-8.766945e+01	4.888135e-04
-8.756945e+01	4.898940e-04
-8.746945e+01	4.909780e-04
-8.736945e+01	4.920657e-04
-8.726945e+01	4.931569e-04
-8.716945e+01	4.942518e-04
-8.706945e+01	4.953504e-04
-8.696945e+01	4.964527e-04
-8.686945e+01	4.975586e-04
-8.676945e+01	4.986682e-04
-8.666945e+01	4.997816e-04
-8.656945e+01	5.008987e-04
-8.646945e+01	5.020196e-04
-8.636945e+01	5.031442e-04
-8.626945e+01	5.042727e-04
-8.616945e+01	5.054049e-04
-8.606945e+01	5.065410e-04
-8.596945e+01	5.076809e-04
-8.586945e+01	5.088246e-04
-8.576945e+01	5.099723e-04
-8.566945e+01	5.111238e-04
-8.556945e+01	5.122793e-04
-8.546945e+01	5.134386e-04
-8.536945e+01	5.146020e-04
-8.526945e+01	5.157693e-04
-8.516945e+01	5.169405e-04
-8.506945e+01	5.181158e-04
-8.496945e+01	5.192951e-04
-8.486945e+01	5.204785e-04
-8.476945e+01	5.216659e-04
-8.466945e+01	5.228573e-04
-8.456945e+01	5.240529e-04
-8.446945e+01	5.252526e-04
-8.436945e+01	5.264564e-04
-8.426945e+01	5.276644e-04
-8.416945e+01	5.288765e-04
-8.406945e+01	5.300928e-04
-8.396945e+01	5.313134e-04
-8.386945e+01	5.325381e-04
-8.376945e+01	5.337672e-04
-8.366945e+01	5.350004e-04
-8.356945e+01	5.362380e-04
-8.346945e+01	5.374799e-04
-8.336945e+01	5.387261e-04
-8.326945e+01	5.399767e-04
-8.316945e+01	5.412316e-04
-8.306945e+01	5.424909e-04
-8.296945e+01	5.437546e-04
-8.286945e+01	5.450228e-04
-8.276945e+01	5.462954e-04
-8.266945e+01	5.475725e-04
-8.256945e+01	5.488540e-04
-8.246945e+01	5.501401e-04
-8.236945e+01	5.514307e-04
-8.226945e+01	5.527259e-04
-8.216945e+01	5.540257e-04
-8.206945e+01	5.553300e-04
-8.196945e+01	5.566390e-04
-8.186945e+01	5.579526e-04
-8.176945e+01	5.592709e-04
-8.166945e+01	5.605939e-04
-8.156945e+01	5.619216e-04
-8.146945e+01	5.632540e-04
-8.136945e+01	5.645911e-04
-8.126945e+01	5.659331e-04
-8.116945e+01	5.672798e-04
-8.106945e+01	5.686314e-04
-8.096945e+01	5.699878e-04
-8.086945e+01	5.713491e-04
-8.076945e+01	5.727153e-04
-8.066945e+01	5.740864e-04
-8.056945e+01	5.754624e-04
-8.046945e+01	5.768434e-04
-8.036945e+01	5.782294e-04
-8.026945e+01	5.796204e-04
-8.016945e+01	5.810165e-04
-8.006945e+01	5.824176e-04
-7.996945e+01	5.838238e-04
-7.986945e+01	5.852351e-04
-7.976945e+01	5.866515e-04
-7.966945e+01	5.880731e-04
-7.956945e+01	5.894999e-04
-7.946945e+01	5.909319e-04
-7.936945e+01	5.923691e-04
-7.926945e+01	5.938116e-04
-7.916945e+01	5.952594e-04
-7.906945e+01	5.967124e-04
-7.896945e+01	5.981709e-04
-7.886945e+01	5.996347e-04
-7.876945e+01	6.011038e-04
-7.866945e+01	6.025784e-04
-7.856945e+01	6.040585e-04
-7.846945e+01	6.055440e-04
-7.836945e+01	6.070350e-04
-7.826945e+01	6.085316e-04
-7.816945e+01	6.100337e-04
-7.806945e+01	6.115414e-04
-7.796945e+01	6.130547e-04
-7.786945e+01	6.145736e-04
-7.776945e+01	6.160982e-04
-7.766945e+01	6.176285e-04
-7.756945e+01	6.191645e-04
-7.746945e+01	6.207062e-04
-7.736945e+01	6.222538e-04
-7.726945e+01	6.238071e-04
-7.716945e+01	6.253663e-04
-7.706945e+01	6.269314e-04
-7.696945e+01	6.285023e-04
-7.686945e+01	6.300792e-04
-7.676945e+01	6.316620e-04
-7.666945e+01	6.332508e-04
-7.656945e+01	6.348457e-04
-7.646945e+01	6.364466e-04
-7.636945e+01	6.380535e-04
-7.626945e+01	6.396666e-04
-7.616945e+01	6.412858e-04
-7.606945e+01	6.429112e-04
-7.596945e+01	6.445428e-04
-7.586945e+01	6.461806e-04
-7.576945e+01	6.478247e-04
-7.566945e+01	6.494750e-04
-7.556945e+01	6.511317e-04
-7.546945e+01	6.527948e-04
-7.536945e+01	6.544643e-04
-7.526945e+01	6.561402e-04
-7.516945e+01	6.578225e-04
-7.506945e+01	6.595114e-04
-7.496945e+01	6.612068e-04
-7.486945e+01	6.629087e-04
-7.476945e+01	6.646173e-04
-7.466945e+01	6.663324e-04
-7.456945e+01	6.680543e-04
-7.446945e+01	6.697828e-04
-7.436945e+01	6.715181e-04
-7.426945e+01	6.732601e-04
-7.416945e+01	6.750089e-04
-7.406945e+01	6.767646e-04
-7.396945e+01	6.785272e-04
-7.386945e+01	6.802967e-04
-7.376945e+01	6.820731e-04
-7.366945e+01	6.838565e-04
-7.356945e+01	6.856469e-04
-7.346945e+01	6.874444e-04
-7.336945e+01	6.892490e-04
-7.326945e+01	6.910607e-04
-7.316945e+01	6.928796e-04
-7.306945e+01	6.947057e-04
-7.296945e+01	6.965390e-04
-7.286945e+01	6.983796e-04
-7.276945e+01	7.002276e-04
-7.266945e+01	7.020829e-04
-7.256945e+01	7.039456e-04
-7.246945e+01	7.058158e-04
-7.236945e+01	7.076935e-04
-7.226945e+01	7.095786e-04
-7.216945e+01	7.114714e-04
-7.206945e+01	7.133717e-04
-7.196945e+01	7.152797e-04
-7.186945e+01	7.171953e-04
-7.176945e+01	7.191187e-04
-7.166945e+01	7.210499e-04
-7.156945e+01	7.229889e-04
-7.146945e+01	7.249357e-04
-7.136945e+01	7.268904e-04
-7.126945e+01	7.288531e-04
-7.116945e+01	7.308237e-04
-7.106945e+01	7.328024e-04
-7.096945e+01	7.347891e-04
-7.086945e+01	7.367839e-04
-7.076945e+01	7.387869e-04
-7.066945e+01	7.407981e-04
-7.056945e+01	7.428176e-04
-7.046945e+01	7.448453e-04
-7.036945e+01	7.468814e-04
-7.026945e+01	7.489259e-04
-7.016945e+01	7.509788e-04
-7.006945e+01	7.530401e-04
-6.996945e+01	7.551100e-04
-6.986945e+01	7.571885e-04
-6.976945e+01	7.592756e-04
-6.966945e+01	7.613713e-04
-6.956945e+01	7.634758e-04
-6.946945e+01	7.655890e-04
-6.936945e+01	7.677110e-04
-6.926945e+01	7.698419e-04
-6.916945e+01	7.719817e-04
-6.906945e+01	7.741305e-04
-6.896945e+01	7.762883e-04
-6.886945e+01	7.784551e-04
-6.876945e+01	7.806310e-04
-6.866945e+01	7.828162e-04
-6.856945e+01	7.850105e-04
-6.846945e+01	7.872141e-04
-6.836945e+01	7.894270e-04
-6.826945e+01	7.916492e-04
-6.816945e+01	7.938809e-04
-6.806945e+01	7.961221e-04
-6.796945e+01	7.983728e-04
-6.786945e+01	8.006331e-04
-6.776945e+01	8.029031e-04
-6.766945e+01	8.051827e-04
-6.756945e+01	8.074721e-04
-6.746945e+01	8.097713e-04
-6.736945e+01	8.120803e-04
-6.726945e+01	8.143993e-04
-6.716945e+01	8.167283e-04
-6.706945e+01	8.190673e-04
-6.696945e+01	8.214163e-04
-6.686945e+01	8.237756e-04
-6.676945e+01	8.261450e-04
-6.666945e+01	8.285247e-04
-6.656945e+01	8.309148e-04
-6.646945e+01	8.333152e-04
-6.636945e+01	8.357261e-04
-6.626945e+01	8.381475e-04
-6.616945e+01	8.405794e-04
-6.606945e+01	8.430220e-04
-6.596945e+01	8.454753e-04
-6.586945e+01	8.479394e-04
-6.576945e+01	8.504142e-04
-6.566945e+01	8.529000e-04
-6.556945e+01	8.553967e-04
-6.546945e+01	8.579044e-04
-6.536945e+01	8.604232e-04
-6.526945e+01	8.629531e-04
-6.516945e+01	8.654943e-04
-6.506945e+01	8.680467e-04
-6.496945e+01	8.706104e-04
-6.486945e+01	8.731856e-04
-6.476945e+01	8.757723e-04
-6.466945e+01	8.783705e-04
-6.456945e+01	8.809803e-04
-6.446945e+01	8.836018e-04
-6.436945e+01	8.862351e-04
-6.426945e+01	8.888802e-04
-6.416945e+01	8.915372e-04
-6.406945e+01	8.942061e-04
-6.396945e+01	8.968871e-04
-6.386945e+01	8.995802e-04
-6.376945e+01	9.022855e-04
-6.366945e+01	9.050031e-04
-6.356945e+01	9.077330e-04
-6.346945e+01	9.104753e-04
-6.336945e+01	9.132301e-04
-6.326945e+01	9.159975e-04
-6.316945e+01	9.187775e-04
-6.306945e+01	9.215702e-04
-6.296945e+01	9.243757e-04
-6.286945e+01	9.271941e-04
-6.276945e+01	9.300255e-04
-6.266945e+01	9.328699e-04
-6.256945e+01	9.357274e-04
-6.246945e+01	9.385980e-04
-6.236945e+01	9.414820e-04
-6.226945e+01	9.443793e-04
-6.216945e+01	9.472901e-04
-6.206945e+01	9.502144e-04
-6.196945e+01	9.531523e-04
-6.186945e+01	9.561039e-04
-6.176945e+01	9.590692e-04
-6.166945e+01	9.620485e-04
-6.156945e+01	9.650416e-04
-6.146945e+01	9.680489e-04
-6.136945e+01	9.710702e-04
-6.126945e+01	9.741058e-04
-6.116945e+01	9.771557e-04
-6.106945e+01	9.802199e-04
-6.096945e+01	9.832987e-04
-6.086945e+01	9.863920e-04
-6.076945e+01	9.895000e-04
-6.066945e+01	9.926228e-04
-6.056945e+01	9.957604e-04
-6.046945e+01	9.989130e-04
-6.036945e+01	1.002081e-03
-6.026945e+01	1.005263e-03
-6.016945e+01	1.008461e-03
-6.006945e+01	1.011675e-03
-5.996945e+01	1.014904e-03
-5.986945e+01	1.018148e-03
-5.976945e+01	1.021408e-03
-5.966945e+01	1.024684e-03
-5.956945e+01	1.027975e-03
-5.946945e+01	1.031283e-03
-5.936945e+01	1.034606e-03
-5.926945e+01	1.037946e-03
-5.916945e+01	1.041302e-03
-5.906945e+01	1.044674e-03
-5.896945e+01	1.048063e-03
-5.886945e+01	1.051469e-03
-5.876945e+01	1.054891e-03
-5.866945e+01	1.058329e-03
-5.856945e+01	1.061785e-03
-5.846945e+01	1.065258e-03
-5.836945e+01	1.068748e-03
-5.826945e+01	1.072255e-03
-5.816945e+01	1.075780e-03
-5.806945e+01	1.079322e-03
-5.796945e+01	1.082881e-03
-5.786945e+01	1.086459e-03
-5.776945e+01	1.090054e-03
-5.766945e+01	1.093667e-03
-5.756945e+01	1.097298e-03
-5.746945e+01	1.100947e-03
-5.736945e+01	1.104615e-03
-5.726945e+01	1.108301e-03
-5.716945e+01	1.112005e-03
-5.706945e+01	1.115729e-03
-5.696945e+01	1.119471e-03
-5.686945e+01	1.123232e-03
-5.676945e+01	1.127012e-03
-5.666945e+01	1.130811e-03
-5.656945e+01	1.134630e-03
-5.646945e+01	1.138468e-03
-5.636945e+01	1.142325e-03
-5.626945e+01	1.146203e-03
-5.616945e+01	1.150100e-03
-5.606945e+01	1.154017e-03
-5.596945e+01	1.157954e-03
-5.586945e+01	1.161912e-03
-5.576945e+01	1.165890e-03
-5.566945e+01	1.169889e-03
-5.556945e+01	1.173908e-03
-5.546945e+01	1.177948e-03
-5.536945e+01	1.182009e-03
-5.526945e+01	1.186091e-03
-5.516945e+01	1.190195e-03
-5.506945e+01	1.194319e-03
-5.496945e+01	1.198466e-03
-5.486945e+01	1.202634e-03
-5.476945e+01	1.206824e-03
-5.466945e+01	1.211036e-03
-5.456945e+01	1.215270e-03
-5.446945e+01	1.219527e-03
-5.436945e+01	1.223806e-03
-5.426945e+01	1.228108e-03
-5.416945e+01	1.232432e-03
-5.406945e+01	1.236780e-03
-5.396945e+01	1.241151e-03
-5.386945e+01	1.245545e-03
-5.376945e+01	1.249962e-03
-5.366945e+01	1.254403e-03
-5.356945e+01	1.258868e-03
-5.346945e+01	1.263357e-03
-5.336945e+01	1.267870e-03
-5.326945e+01	1.272408e-03
-5.316945e+01	1.276970e-03
-5.306945e+01	1.281556e-03
-5.296945e+01	1.286168e-03
-5.286945e+01	1.290804e-03
-5.276945e+01	1.295466e-03
-5.266945e+01	1.300153e-03
-5.256945e+01	1.304866e-03
-5.246945e+01	1.309605e-03
-5.236945e+01	1.314369e-03
-5.226945e+01	1.319160e-03
-5.216945e+01	1.323977e-03
-5.206945e+01	1.328821e-03
-5.196945e+01	1.333691e-03
-5.186945e+01	1.338588e-03
-5.176945e+01	1.343513e-03
-5.166945e+01	1.348465e-03
-5.156945e+01	1.353444e-03
-5.146945e+01	1.358451e-03
-5.136945e+01	1.363486e-03
-5.126945e+01	1.368550e-03
-5.116945e+01	1.373641e-03
-5.106945e+01	1.378762e-03
-5.096945e+01	1.383911e-03
-5.086945e+01	1.389089e-03
-5.076945e+01	1.394296e-03
-5.066945e+01	1.399533e-03
-5.056945e+01	1.404800e-03
-5.046945e+01	1.410096e-03
-5.036945e+01	1.415423e-03
-5.026945e+01	1.420780e-03
-5.016945e+01	1.426168e-03
-5.006945e+01	1.431586e-03
-4.996945e+01	1.437036e-03
-4.986945e+01	1.442517e-03
-4.976945e+01	1.448029e-03
-4.966945e+01	1.453574e-03
-4.956945e+01	1.459150e-03
-4.946945e+01	1.464759e-03
-4.936945e+01	1.470400e-03
-4.926945e+01	1.476074e-03
-4.916945e+01	1.481782e-03
-4.906945e+01	1.487522e-03
-4.896945e+01	1.493296e-03
-4.886945e+01	1.499104e-03
-4.876945e+01	1.504946e-03
-4.866945e+01	1.510823e-03
-4.856945e+01	1.516734e-03
-4.846945e+01	1.522680e-03
-4.836945e+01	1.528661e-03
-4.826945e+01	1.534678e-03
-4.816945e+01	1.540731e-03
-4.806945e+01	1.546820e-03
-4.796945e+01	1.552945e-03
-4.786945e+01	1.559106e-03
-4.776945e+01	1.565305e-03
-4.766945e+01	1.571541e-03
-4.756945e+01	1.577814e-03
-4.746945e+01	1.584125e-03
-4.736945e+01	1.590475e-03
-4.726945e+01	1.596862e-03
-4.716945e+01	1.603289e-03
-4.706945e+01	1.609755e-03
-4.696945e+01	1.616260e-03
-4.686945e+01	1.622805e-03
-4.676945e+01	1.629390e-03
-4.666945e+01	1.636015e-03
-4.656945e+01	1.642681e-03
-4.646945e+01	1.649388e-03
-4.636945e+01	1.656136e-03
-4.626945e+01	1.662926e-03
-4.616945e+01	1.669759e-03
-4.606945e+01	1.676633e-03
-4.596945e+01	1.683551e-03
-4.586945e+01	1.690511e-03
-4.576945e+01	1.697515e-03
-4.566945e+01	1.704563e-03
-4.556945e+01	1.711655e-03
-4.546945e+01	1.718792e-03
-4.536945e+01	1.725974e-03
-4.526945e+01	1.733201e-03
-4.516945e+01	1.740474e-03
-4.506945e+01	1.747793e-03
-4.496945e+01	1.755159e-03
-4.486945e+01	1.762571e-03
-4.476945e+01	1.770031e-03
-4.466945e+01	1.777539e-03
-4.456945e+01	1.785095e-03
-4.446945e+01	1.792699e-03
-4.436945e+01	1.800352e-03
-4.426945e+01	1.808055e-03
-4.416945e+01	1.815807e-03
-4.406945e+01	1.823610e-03
-4.396945e+01	1.831464e-03
-4.386945e+01	1.839369e-03
-4.376945e+01	1.847325e-03
-4.366945e+01	1.855333e-03
-4.356945e+01	1.863394e-03
-4.346945e+01	1.871508e-03
-4.336945e+01	1.879675e-03
-4.326945e+01	1.887896e-03
-4.316945e+01	1.896172e-03
-4.306945e+01	1.904502e-03
-4.296945e+01	1.912888e-03
-4.286945e+01	1.921330e-03
-4.276945e+01	1.929828e-03
-4.266945e+01	1.938383e-03
-4.256945e+01	1.946995e-03
-4.246945e+01	1.955665e-03
-4.236945e+01	1.964394e-03
-4.226945e+01	1.973182e-03
-4.216945e+01	1.982029e-03
-4.206945e+01	1.990936e-03
-4.196945e+01	1.999903e-03
-4.186945e+01	2.008932e-03
-4.176945e+01	2.018023e-03
-4.166945e+01	2.027175e-03
-4.156945e+01	2.036391e-03
-4.146945e+01	2.045670e-03
-4.136945e+01	2.055013e-03
-4.126945e+01	2.064420e-03
-4.116945e+01	2.073893e-03
-4.106945e+01	2.083432e-03
-4.096945e+01	2.093036e-03
-4.086945e+01	2.102708e-03
-4.076945e+01	2.112448e-03
-4.066945e+01	2.122256e-03
-4.056945e+01	2.132133e-03
-4.046945e+01	2.142079e-03
-4.036945e+01	2.152096e-03
-4.026945e+01	2.162183e-03
-4.016945e+01	2.172343e-03
-4.006945e+01	2.182574e-03
-3.996945e+01	2.192879e-03
-3.986945e+01	2.203257e-03
-3.976945e+01	2.213709e-03
-3.966945e+01	2.224237e-03
-3.956945e+01	2.234840e-03
-3.946945e+01	2.245520e-03
-3.936945e+01	2.256277e-03
-3.926945e+01	2.267113e-03
-3.916945e+01	2.278027e-03
-3.906945e+01	2.289021e-03
-3.896945e+01	2.300095e-03
-3.886945e+01	2.311250e-03
-3.876945e+01	2.322487e-03
-3.866945e+01	2.333807e-03
-3.856945e+01	2.345211e-03
-3.846945e+01	2.356699e-03
-3.836945e+01	2.368272e-03
-3.826945e+01	2.379931e-03
-3.816945e+01	2.391678e-03
-3.806945e+01	2.403512e-03
-3.796945e+01	2.415435e-03
-3.786945e+01	2.427447e-03
-3.776945e+01	2.439550e-03
-3.766945e+01	2.451745e-03
-3.756945e+01	2.464032e-03
-3.746945e+01	2.476412e-03
-3.736945e+01	2.488887e-03
-3.726945e+01	2.501456e-03
-3.716945e+01	2.514122e-03
-3.706945e+01	2.526886e-03
-3.696945e+01	2.539747e-03
-3.686945e+01	2.552708e-03
-3.676945e+01	2.565769e-03
-3.666945e+01	2.578931e-03
-3.656945e+01	2.592196e-03
-3.646945e+01	2.605564e-03
-3.636945e+01	2.619036e-03
-3.626945e+01	2.632615e-03
-3.616945e+01	2.646300e-03
-3.606945e+01	2.660093e-03
-3.596945e+01	2.673995e-03
-3.586945e+01	2.688007e-03
-3.576945e+01	2.702130e-03
-3.566945e+01	2.716366e-03
-3.556945e+01	2.730716e-03
-3.546945e+01	2.745181e-03
-3.536945e+01	2.759762e-03
-3.526945e+01	2.774460e-03
-3.516945e+01	2.789278e-03
-3.506945e+01	2.804215e-03
-3.496945e+01	2.819274e-03
-3.486945e+01	2.834455e-03
-3.476945e+01	2.849761e-03
-3.466945e+01	2.865192e-03
-3.456945e+01	2.880750e-03
-3.446945e+01	2.896435e-03
-3.436945e+01	2.912251e-03
-3.426945e+01	2.928198e-03
-3.416945e+01	2.944277e-03
-3.406945e+01	2.960490e-03
-3.396945e+01	2.976839e-03
-3.386945e+01	2.993325e-03
-3.376945e+01	3.009949e-03
-3.366945e+01	3.026713e-03
-3.356945e+01	3.043620e-03
-3.346945e+01	3.060670e-03
-3.336945e+01	3.077864e-03
-3.326945e+01	3.095206e-03
-3.316945e+01	3.112696e-03
-3.306945e+01	3.130335e-03
-3.296945e+01	3.148127e-03
-3.286945e+01	3.166073e-03
-3.276945e+01	3.184173e-03
-3.266945e+01	3.202431e-03
-3.256945e+01	3.220848e-03
-3.246945e+01	3.239426e-03
-3.236945e+01	3.258167e-03
-3.226945e+01	3.277072e-03
-3.216945e+01	3.296144e-03
-3.206945e+01	3.315385e-03
-3.196945e+01	3.334797e-03
-3.186945e+01	3.354381e-03
-3.176945e+01	3.374140e-03
-3.166945e+01	3.394076e-03
-3.156945e+01	3.414190e-03
-3.146945e+01	3.434487e-03
-3.136945e+01	3.454966e-03
-3.126945e+01	3.475631e-03
-3.116945e+01	3.496484e-03
-3.106945e+01	3.517528e-03
-3.096945e+01	3.538764e-03
-3.086945e+01	3.560195e-03
-3.076945e+01	3.581823e-03
-3.066945e+01	3.603651e-03
-3.056945e+01	3.625681e-03
-3.046945e+01	3.647917e-03
-3.036945e+01	3.670359e-03
-3.026945e+01	3.693012e-03
-3.016945e+01	3.715877e-03
-3.006945e+01	3.738958e-03
-2.996945e+01	3.762257e-03
-2.986945e+01	3.785777e-03
-2.976945e+01	3.809521e-03
-2.966945e+01	3.833491e-03
-2.956945e+01	3.857691e-03
-2.946945e+01	3.882123e-03
-2.936945e+01	3.906791e-03
-2.926945e+01	3.931697e-03
-2.916945e+01	3.956846e-03
-2.906945e+01	3.982239e-03
-2.896945e+01	4.007880e-03
-2.886945e+01	4.033773e-03
-2.876945e+01	4.059920e-03
-2.866945e+01	4.086325e-03
-2.856945e+01	4.112993e-03
-2.846945e+01	4.139925e-03
-2.836945e+01	4.167125e-03
-2.826945e+01	4.194598e-03
-2.816945e+01	4.222347e-03
-2.806945e+01	4.250376e-03
-2.796945e+01	4.278688e-03
-2.786945e+01	4.307288e-03
-2.776945e+01	4.336179e-03
-2.766945e+01	4.365365e-03
-2.756945e+01	4.394851e-03
-2.746945e+01	4.424640e-03
-2.736945e+01	4.454737e-03
-2.726945e+01	4.485146e-03
-2.716945e+01	4.515872e-03
-2.706945e+01	4.546919e-03
-2.696945e+01	4.578291e-03
-2.686945e+01	4.609993e-03
-2.676945e+01	4.642030e-03
-2.666945e+01	4.674407e-03
-2.656945e+01	4.707128e-03
-2.646945e+01	4.740199e-03
-2.636945e+01	4.773624e-03
-2.626945e+01	4.807409e-03
-2.616945e+01	4.841559e-03
-2.606945e+01	4.876079e-03
-2.596945e+01	4.910975e-03
-2.586945e+01	4.946251e-03
-2.576945e+01	4.981915e-03
-2.566945e+01	5.017971e-03
-2.556945e+01	5.054426e-03
-2.546945e+01	5.091285e-03
-2.536945e+01	5.128555e-03
-2.526945e+01	5.166242e-03
-2.516945e+01	5.204351e-03
-2.506945e+01	5.242890e-03
-2.496945e+01	5.281865e-03
-2.486945e+01	5.321282e-03
-2.476945e+01	5.361149e-03
-2.466945e+01	5.401473e-03
-2.456945e+01	5.442260e-03
-2.446945e+01	5.483518e-03
-2.436945e+01	5.525254e-03
-2.426945e+01	5.567476e-03
-2.416945e+01	5.610191e-03
-2.406945e+01	5.653407e-03
-2.396945e+01	5.697133e-03
-2.386945e+01	5.741376e-03
-2.376945e+01	5.786144e-03
-2.366945e+01	5.831446e-03
-2.356945e+01	5.877291e-03
-2.346945e+01	5.923688e-03
-2.336945e+01	5.970645e-03
-2.326945e+01	6.018172e-03
-2.316945e+01	6.066278e-03
-2.306945e+01	6.114973e-03
-2.296945e+01	6.164266e-03
-2.286945e+01	6.214168e-03
-2.276945e+01	6.264688e-03
-2.266945e+01	6.315838e-03
-2.256945e+01	6.367627e-03
-2.246945e+01	6.420067e-03
-2.236945e+01	6.473169e-03
-2.226945e+01	6.526943e-03
-2.216945e+01	6.581403e-03
-2.206945e+01	6.636559e-03
-2.196945e+01	6.692424e-03
-2.186945e+01	6.749009e-03
-2.176945e+01	6.806329e-03
-2.166945e+01	6.864395e-03
-2.156945e+01	6.923221e-03
-2.146945e+01	6.982820e-03
-2.136945e+01	7.043206e-03
-2.126945e+01	7.104394e-03
-2.116945e+01	7.166398e-03
-2.106945e+01	7.229232e-03
-2.096945e+01	7.292912e-03
-2.086945e+01	7.357453e-03
-2.076945e+01	7.422872e-03
-2.066945e+01	7.489184e-03
-2.056945e+01	7.556405e-03
-2.046945e+01	7.624554e-03
-2.036945e+01	7.693648e-03
-2.026945e+01	7.763703e-03
-2.016945e+01	7.834739e-03
-2.006945e+01	7.906774e-03
-1.996945e+01	7.979827e-03
-1.986945e+01	8.053919e-03
-1.976945e+01	8.129068e-03
-1.966945e+01	8.205296e-03
-1.956945e+01	8.282624e-03
-1.946945e+01	8.361073e-03
-1.936945e+01	8.440666e-03
-1.926945e+01	8.521425e-03
-1.916945e+01	8.603374e-03
-1.906945e+01	8.686536e-03
-1.896945e+01	8.770937e-03
-1.886945e+01	8.856600e-03
-1.876945e+01	8.943553e-03
-1.866945e+01	9.031821e-03
-1.856945e+01	9.121431e-03
-1.846945e+01	9.212413e-03
-1.836945e+01	9.304793e-03
-1.826945e+01	9.398602e-03
-1.816945e+01	9.493870e-03
-1.806945e+01	9.590627e-03
-1.796945e+01	9.688906e-03
-1.786945e+01	9.788739e-03
-1.776945e+01	9.890160e-03
-1.766945e+01	9.993204e-03
-1.756945e+01	1.009791e-02
-1.746945e+01	1.020430e-02
-1.736945e+01	1.031243e-02
-1.726945e+01	1.042233e-02
-1.716945e+01	1.053403e-02
-1.706945e+01	1.064759e-02
-1.696945e+01	1.076304e-02
-1.686945e+01	1.088043e-02
-1.676945e+01	1.099980e-02
-1.666945e+01	1.112119e-02
-1.656945e+01	1.124466e-02
-1.646945e+01	1.137025e-02
-1.636945e+01	1.149801e-02
-1.626945e+01	1.162800e-02
-1.616945e+01	1.176026e-02
-1.606945e+01	1.189485e-02
-1.596945e+01	1.203183e-02
-1.586945e+01	1.217125e-02
-1.576945e+01	1.231318e-02
-1.566945e+01	1.245768e-02
-1.556945e+01	1.260480e-02
-1.546945e+01	1.275463e-02
-1.536945e+01	1.290721e-02
-1.526945e+01	1.306263e-02
-1.516945e+01	1.322096e-02
-1.506945e+01	1.338227e-02
-1.496945e+01	1.354664e-02
-1.486945e+01	1.371414e-02
-1.476945e+01	1.388486e-02
-1.466945e+01	1.405889e-02
-1.456945e+01	1.423631e-02
-1.446945e+01	1.441722e-02
-1.436945e+01	1.460170e-02
-1.426945e+01	1.478986e-02
-1.416945e+01	1.498180e-02
-1.406945e+01	1.517761e-02
-1.396945e+01	1.537742e-02
-1.386945e+01	1.558132e-02
-1.376945e+01	1.578944e-02
-1.366945e+01	1.600190e-02
-1.356945e+01	1.621881e-02
-1.346945e+01	1.644032e-02
-1.336945e+01	1.666655e-02
-1.326945e+01	1.689764e-02
-1.316945e+01	1.713374e-02
-1.306945e+01	1.737499e-02
-1.296945e+01	1.762156e-02
-1.286945e+01	1.787360e-02
-1.276945e+01	1.813127e-02
-1.266945e+01	1.839477e-02
-1.256945e+01	1.866425e-02
-1.246945e+01	1.893992e-02
-1.236945e+01	1.922198e-02
-1.226945e+01	1.951061e-02
-1.216945e+01	1.980604e-02
-1.206945e+01	2.010849e-02
-1.196945e+01	2.041819e-02
-1.186945e+01	2.073538e-02
-1.176945e+01	2.106030e-02
-1.166945e+01	2.139323e-02
-1.156945e+01	2.173442e-02
-1.146945e+01	2.208418e-02
-1.136945e+01	2.244279e-02
-1.126945e+01	2.281057e-02
-1.116945e+01	2.318783e-02
-1.106945e+01	2.357493e-02
-1.096945e+01	2.397221e-02
-1.086945e+01	2.438005e-02
-1.076945e+01	2.479884e-02
-1.066945e+01	2.522898e-02
-1.056945e+01	2.567090e-02
-1.046945e+01	2.612505e-02
-1.036945e+01	2.659190e-02
-1.026945e+01	2.707194e-02
-1.016945e+01	2.756569e-02
-1.006945e+01	2.807370e-02
-9.969451e+00	2.859654e-02
-9.869451e+00	2.913482e-02
-9.769451e+00	2.968915e-02
-9.669451e+00	3.026022e-02
-9.569451e+00	3.084873e-02
-9.469451e+00	3.145542e-02
-9.369451e+00	3.208107e-02
-9.269451e+00	3.272651e-02
-9.169451e+00	3.339261e-02
-9.069451e+00	3.408030e-02
-8.969451e+00	3.479055e-02
-8.869451e+00	3.552440e-02
-8.769451e+00	3.628294e-02
-8.669451e+00	3.706733e-02
-8.569451e+00	3.787881e-02
-8.469451e+00	3.871869e-02
-8.369451e+00	3.958836e-02
-8.269451e+00	4.048929e-02
-8.169451e+00	4.142307e-02
-8.069451e+00	4.239137e-02
-7.969451e+00	4.339598e-02
-7.869451e+00	4.443881e-02
-7.769451e+00	4.552191e-02
-7.669451e+00	4.664746e-02
-7.569451e+00	4.781779e-02
-7.469451e+00	4.903543e-02
-7.369451e+00	5.030305e-02
-7.269451e+00	5.162354e-02
-7.169451e+00	5.300002e-02
-7.069451e+00	5.443584e-02
-6.969451e+00	5.593459e-02
-6.869451e+00	5.750018e-02
-6.769451e+00	5.913681e-02
-6.669451e+00	6.084905e-02
-6.569451e+00	6.264184e-02
-6.469451e+00	6.452055e-02
-6.369451e+00	6.649101e-02
-6.269451e+00	6.855958e-02
-6.169451e+00	7.073319e-02
-6.069451e+00	7.301944e-02
-5.969451e+00	7.542661e-02
-5.869451e+00	7.796382e-02
-5.769451e+00	8.064108e-02
-5.669451e+00	8.346944e-02
-5.569451e+00	8.646106e-02
-5.469451e+00	8.962944e-02
-5.369451e+00	9.298954e-02
-5.269451e+00	9.655799e-02
-5.169451e+00	1.003534e-01
-5.069451e+00	1.043964e-01
-4.969451e+00	1.087104e-01
-4.869451e+00	1.133216e-01
-4.769451e+00	1.182596e-01
-4.669451e+00	1.235579e-01
-4.569451e+00	1.292547e-01
-4.469451e+00	1.353936e-01
-4.369451e+00	1.420246e-01
-4.269451e+00	1.492053e-01
-4.169451e+00	1.570026e-01
-4.069451e+00	1.654942e-01
-3.969451e+00	1.747711e-01
-3.869451e+00	1.849406e-01
-3.769451e+00	1.961300e-01
-3.669451e+00	2.084913e-01
-3.569451e+00	2.222078e-01
-3.469451e+00	2.375018e-01
-3.369451e+00	2.546459e-01
-3.269451e+00	2.739780e-01
-3.169451e+00	2.959211e-01
-3.069451e+00	3.210115e-01
-2.969451e+00	3.499389e-01
-2.869451e+00	3.836035e-01
-2.769451e+00	4.232003e-01
-2.669451e+00	4.703458e-01
-2.569451e+00	5.272734e-01
-2.469451e+00	5.971428e-01
-2.369451e+00	6.845435e-01
-2.269451e+00	7.963441e-01
-2.169451e+00	9.431669e-01
-2.069451e+00	1.142040e+00
-1.969451e+00	1.421287e+00
-1.869451e+00	1.829587e+00
-1.769451e+00	2.451626e+00
-1.669451e+00	3.425864e+00
-1.569451e+00	4.905162e+00
-1.469451e+00	6.696228e+00
-1.369451e+00	7.555091e+00
-1.269451e+00	6.556893e+00
-1.169451e+00	4.959322e+00
-1.069451e+00	3.800078e+00
-9.694509e-01	3.159854e+00
-8.694509e-01	2.896982e+00
-7.694509e-01	2.915186e+00
-6.694509e-01	3.187141e+00
-5.694509e-01	3.746190e+00
-4.694509e-01	4.683975e+00
-3.694509e-01	6.154924e+00
-2.694509e-01	8.342603e+00
-1.694509e-01	1.142840e+01
-6.945093e-02	1.546669e+01
3.054907e-02	1.889869e+01
1.305491e-01	1.932817e+01
2.305491e-01	1.719267e+01
3.305491e-01	1.350820e+01
4.305491e-01	9.679679e+00
5.305491e-01	6.867108e+00
6.305491e-01	5.045971e+00
7.305491e-01	3.887772e+00
8.305491e-01	3.157373e+00
9.305491e-01	2.713568e+00
1.030549e+00	2.480965e+00
1.130549e+00	2.432659e+00
1.230549e+00	2.584568e+00
1.330549e+00	3.001928e+00
1.430549e+00	3.804348e+00
1.530549e+00	5.075607e+00
1.630549e+00	6.389440e+00
1.730549e+00	6.455927e+00
1.830549e+00	5.100268e+00
1.930549e+00	3.617031e+00
2.030549e+00	2.571655e+00
2.130549e+00	1.904148e+00
2.230549e+00	1.474892e+00
2.330549e+00	1.188979e+00
2.430549e+00	9.911301e-01
2.530549e+00	8.491925e-01
2.630549e+00	7.436095e-01
2.730549e+00	6.631107e-01
2.830549e+00	6.014861e-01
2.930549e+00	5.544767e-01
3.030549e+00	5.182755e-01
3.130549e+00	4.883286e-01
3.230549e+00	4.620140e-01
3.330549e+00	4.401220e-01
3.430549e+00	4.232182e-01
3.530549e+00	4.110495e-01
3.630549e+00	4.030670e-01
3.730549e+00	3.988141e-01
3.830549e+00	3.980299e-01
3.930549e+00	4.006318e-01
4.030549e+00	4.066966e-01
4.130549e+00	4.164593e-01
4.230549e+00	4.303080e-01
4.330549e+00	4.487375e-01
4.430549e+00	4.724693e-01
4.530549e+00	5.026715e-01
4.630549e+00	5.396784e-01
4.730549e+00	5.815740e-01
4.830549e+00	6.291631e-01
4.930549e+00	6.884380e-01
5.030549e+00	7.649236e-01
5.130549e+00	8.638477e-01
5.230549e+00	9.925336e-01
5.330549e+00	1.162143e+00
5.430549e+00	1.390287e+00
5.530549e+00	1.706321e+00
5.630549e+00	2.158914e+00
5.730549e+00	2.824666e+00
5.830549e+00	3.796988e+00
5.930549e+00	5.083060e+00
6.030549e+00	6.552386e+00
6.130549e+00	8.499245e+00
6.230549e+00	1.157429e+01
6.330549e+00	1.517532e+01
6.430549e+00	1.610642e+01
6.530549e+00	1.299389e+01
6.630549e+00	9.057831e+00
6.730549e+00	6.201867e+00
6.830549e+00	4.395585e+00
6.930549e+00	3.264192e+00
7.030549e+00	2.537968e+00
7.130549e+00	2.059081e+00
7.230549e+00	1.737880e+00
7.330549e+00	1.522919e+00
7.430549e+00	1.384454e+00
7.530549e+00	1.305773e+00
7.630549e+00	1.278818e+00
7.730549e+00	1.302302e+00
7.830549e+00	1.381581e+00
7.930549e+00	1.530297e+00
8.030549e+00	1.774487e+00
8.130549e+00	2.160914e+00
8.230549e+00	2.772940e+00
8.330549e+00	3.757540e+00
8.430549e+00	5.351027e+00
8.530549e+00	7.776630e+00
8.630549e+00	1.052432e+01
8.730549e+00	1.134255e+01
8.830549e+00	9.205924e+00
8.930549e+00	6.410865e+00
9.030549e+00	4.363879e+00
9.130549e+00	3.061329e+00
9.230549e+00	2.237973e+00
9.330549e+00	1.700707e+00
9.430549e+00	1.336030e+00
9.530549e+00	1.079006e+00
9.630549e+00	8.916959e-01
9.730549e+00	7.511731e-01
9.830549e+00	6.430812e-01
9.930549e+00	5.581226e-01
1.003055e+01	4.900891e-01
1.013055e+01	4.347216e-01
1.023055e+01	3.890283e-01
1.033055e+01	3.508601e-01
1.043055e+01	3.186163e-01
1.053055e+01	2.910269e-01
1.063055e+01	2.671465e-01
1.073055e+01	2.463817e-01
1.083055e+01	2.282674e-01
1.093055e+01	2.123944e-01
1.103055e+01	1.984300e-01
1.113055e+01	1.861413e-01
1.123055e+01	1.753973e-01
1.133055e+01	1.660705e-01
1.143055e+01	1.577440e-01
1.153055e+01	1.496577e-01
1.163055e+01	1.418274e-01
1.173055e+01	1.347002e-01
1.183055e+01	1.279889e-01
1.193055e+01	1.215055e-01
1.203055e+01	1.155182e-01
1.213055e+01	1.101785e-01
1.223055e+01	1.055066e-01
1.233055e+01	1.014929e-01
1.243055e+01	9.810924e-02
1.253055e+01	9.506440e-02
1.263055e+01	9.169593e-02
1.273055e+01	8.799799e-02
1.283055e+01	8.454781e-02
1.293055e+01	8.134969e-02
1.303055e+01	7.819109e-02
1.313055e+01	7.525992e-02
1.323055e+01	7.272025e-02
1.333055e+01	7.055695e-02
1.343055e+01	6.866026e-02
1.353055e+01	6.675144e-02
1.363055e+01	6.475030e-02
1.373055e+01	6.296662e-02
1.383055e+01	6.155005e-02
1.393055e+01	6.017476e-02
1.403055e+01	5.826758e-02
1.413055e+01	5.602011e-02
1.423055e+01	5.395124e-02
1.433055e+01	5.218240e-02
1.443055e+01	5.066040e-02
1.453055e+01	4.933713e-02
1.463055e+01	4.817913e-02
1.473055e+01	4.708430e-02
1.483055e+01	4.588358e-02
1.493055e+01	4.460940e-02
1.503055e+01	4.340484e-02
1.513055e+01	4.230592e-02
1.523055e+01	4.129571e-02
1.533055e+01	4.035543e-02
1.543055e+01	3.947270e-02
1.553055e+01	3.863993e-02
1.563055e+01	3.785238e-02
1.573055e+01	3.710708e-02
1.583055e+01	3.640220e-02
1.593055e+01	3.573677e-02
1.603055e+01	3.511052e-02
1.613055e+01	3.452385e-02
1.623055e+01	3.397792e-02
1.633055e+01	3.347469e-02
1.643055e+01	3.301719e-02
1.653055e+01	3.260978e-02
1.663055e+01	3.225864e-02
1.673055e+01	3.197241e-02
1.683055e+01	3.176329e-02
1.693055e+01	3.164861e-02
1.703055e+01	3.165342e-02
1.713055e+01	3.181470e-02
1.723055e+01	3.218846e-02
1.733055e+01	3.286211e-02
1.743055e+01	3.397674e-02
1.753055e+01	3.576820e-02
1.763055e+01	3.864308e-02
1.773055e+01	4.330837e-02
1.783055e+01	5.090838e-02
1.793055e+01	6.263363e-02
1.803055e+01	7.662207e-02
1.813055e+01	8.295784e-02
1.823055e+01	7.539018e-02
1.833055e+01	6.245868e-02
1.843055e+01	5.163075e-02
1.853055e+01	4.463327e-02
1.863055e+01	4.076523e-02
1.873055e+01	3.912244e-02
1.883055e+01	3.917527e-02
1.893055e+01	4.089834e-02
1.903055e+01	4.480838e-02
1.913055e+01	5.182039e-02
1.923055e+01	6.267369e-02
1.933055e+01	7.596582e-02
1.943055e+01	8.929266e-02
1.953055e+01	1.034059e-01
1.963055e+01	1.117939e-01
1.973055e+01	1.047720e-01
1.983055e+01	8.565872e-02
1.993055e+01	6.588721e-02
2.003055e+01	5.152699e-02
2.013055e+01	4.202200e-02
2.023055e+01	3.571155e-02
2.033055e+01	3.149625e-02
2.043055e+01	2.864614e-02
2.053055e+01	2.668063e-02
2.063055e+01	2.531813e-02
2.073055e+01	2.444497e-02
2.083055e+01	2.402727e-02
2.093055e+01	2.408853e-02
2.103055e+01	2.473872e-02
2.113055e+01	2.622299e-02
2.123055e+01	2.899552e-02
2.133055e+01	3.373272e-02
2.143055e+01	4.072855e-02
2.153055e+01	4.728655e-02
2.163055e+01	4.717223e-02
2.173055e+01	4.116588e-02
2.183055e+01	3.527974e-02
2.193055e+01	3.170468e-02
2.203055e+01	3.050265e-02
2.213055e+01	3.065159e-02
2.223055e+01	2.965183e-02
2.233055e+01	2.650266e-02
2.243055e+01	2.305402e-02
2.253055e+01	2.036306e-02
2.263055e+01	1.842827e-02
2.273055e+01	1.706248e-02
2.283055e+01	1.608173e-02
2.293055e+01	1.534669e-02
2.303055e+01	1.477097e-02
2.313055e+01	1.430666e-02
2.323055e+01	1.392394e-02
2.333055e+01	1.360215e-02
2.343055e+01	1.332721e-02
2.353055e+01	1.308987e-02
2.363055e+01	1.288426e-02
2.373055e+01	1.270706e-02
2.383055e+01	1.255727e-02
2.393055e+01	1.243642e-02
2.403055e+01	1.234922e-02
2.413055e+01	1.230309e-02
2.423055e+01	1.230061e-02
2.433055e+01	1.232838e-02
2.443055e+01	1.239404e-02
2.453055e+01	1.253900e-02
2.463055e+01	1.272214e-02
2.473055e+01	1.275857e-02
2.483055e+01	1.260502e-02
2.493055e+01	1.248733e-02
2.503055e+01	1.254868e-02
2.513055e+01	1.283936e-02
2.523055e+01	1.338536e-02
2.533055e+01	1.405926e-02
2.543055e+01	1.442274e-02
2.553055e+01	1.435508e-02
2.563055e+01	1.433268e-02
2.573055e+01	1.458934e-02
2.583055e+01	1.523874e-02
2.593055e+01	1.654559e-02
2.603055e+01	1.886369e-02
2.613055e+01	2.248507e-02
2.623055e+01	2.668591e-02
2.633055e+01	2.839050e-02
2.643055e+01	2.616434e-02
2.653055e+01	2.334612e-02
2.663055e+01	2.200093e-02
2.673055e+01	2.149185e-02
2.683055e+01	2.038917e-02
2.693055e+01	1.897251e-02
2.703055e+01	1.823511e-02
2.713055e+01	1.846935e-02
2.723055e+01	1.975811e-02
2.733055e+01	2.234270e-02
2.743055e+01	2.667584e-02
2.753055e+01	3.305506e-02
2.763055e+01	4.061593e-02
2.773055e+01	4.612047e-02
2.783055e+01	4.600947e-02
2.793055e+01	4.292761e-02
2.803055e+01	4.078613e-02
2.813055e+01	4.199785e-02
2.823055e+01	4.671382e-02
2.833055e+01	5.159743e-02
2.843055e+01	5.337273e-02
2.853055e+01	5.289057e-02
2.863055e+01	5.405587e-02
2.873055e+01	5.573770e-02
2.883055e+01	5.065081e-02
2.893055e+01	4.007515e-02
2.903055e+01	3.077643e-02
2.913055e+01	2.464448e-02
2.923055e+01	2.097872e-02
2.933055e+01	1.900253e-02
2.943055e+01	1.827972e-02
2.953055e+01	1.852536e-02
2.963055e+01	1.940109e-02
2.973055e+01	2.069951e-02
2.983055e+01	2.210638e-02
2.993055e+01	2.375953e-02
3.003055e+01	2.611218e-02
3.013055e+01	2.688860e-02
3.023055e+01	2.392054e-02
3.033055e+01	1.975833e-02
3.043055e+01	1.647451e-02
3.053055e+01	1.424782e-02
3.063055e+01	1.289245e-02
3.073055e+01	1.214476e-02
3.083055e+01	1.168137e-02
3.093055e+01	1.128099e-02
3.103055e+01	1.100631e-02
3.113055e+01	1.092942e-02
3.123055e+01	1.108256e-02
3.133055e+01	1.153687e-02
3.143055e+01	1.239546e-02
3.153055e+01	1.383958e-02
3.163055e+01	1.616835e-02
3.173055e+01	1.984106e-02
3.183055e+01	2.537982e-02
3.193055e+01	3.250040e-02
3.203055e+01	3.853107e-02
3.213055e+01	3.908662e-02
3.223055e+01	3.367279e-02
3.233055e+01	2.660378e-02
3.243055e+01	2.082619e-02
3.253055e+01	1.686157e-02
3.263055e+01	1.430530e-02
3.273055e+01	1.276025e-02
3.283055e+01	1.195420e-02
3.293055e+01	1.177856e-02
3.303055e+01	1.214421e-02
3.313055e+01	1.257803e-02
3.323055e+01	1.233894e-02
3.333055e+01	1.170888e-02
3.343055e+01	1.142846e-02
3.353055e+01	1.164075e-02
3.363055e+01	1.219203e-02
3.373055e+01	1.315782e-02
3.383055e+01	1.459375e-02
3.393055e+01	1.636625e-02
3.403055e+01	1.814301e-02
3.413055e+01	1.889693e-02
3.423055e+01	1.924206e-02
3.433055e+01	2.047156e-02
3.443055e+01	2.179653e-02
3.453055e+01	2.132699e-02
3.463055e+01	1.845931e-02
3.473055e+01	1.514650e-02
3.483055e+01	1.284754e-02
3.493055e+01	1.173199e-02
3.503055e+01	1.166103e-02
3.513055e+01	1.250557e-02
3.523055e+01	1.363946e-02
3.533055e+01	1.346816e-02
3.543055e+01	1.168803e-02
3.553055e+01	9.801478e-03
3.563055e+01	8.495840e-03
3.573055e+01	7.710384e-03
3.583055e+01	7.295722e-03
3.593055e+01	7.175263e-03
3.603055e+01	7.349974e-03
3.613055e+01	7.867692e-03
3.623055e+01	8.656318e-03
3.633055e+01	9.113451e-03
3.643055e+01	8.569591e-03
3.653055e+01	7.568425e-03
3.663055e+01	6.778223e-03
3.673055e+01	6.298121e-03
3.683055e+01	6.049787e-03
3.693055e+01	5.954695e-03
3.703055e+01	5.944386e-03
3.713055e+01	6.014070e-03
3.723055e+01	6.218554e-03
3.733055e+01	6.589220e-03
3.743055e+01	7.188407e-03
3.753055e+01	8.201468e-03
3.763055e+01	9.790514e-03
3.773055e+01	1.161719e-02
3.783055e+01	1.233095e-02
3.793055e+01	1.101621e-02
3.803055e+01	8.999546e-03
3.813055e+01	7.448135e-03
3.823055e+01	6.459520e-03
3.833055e+01	5.854494e-03
3.843055e+01	5.486920e-03
3.853055e+01	5.251724e-03
3.863055e+01	5.068412e-03
3.873055e+01	4.917021e-03
3.883055e+01	4.818117e-03
3.893055e+01	4.784823e-03
3.903055e+01	4.794413e-03
3.913055e+01	4.775995e-03
3.923055e+01	4.706305e-03
3.933055e+01	4.647749e-03
3.943055e+01	4.631612e-03
3.953055e+01	4.660961e-03
3.963055e+01	4.738532e-03
3.973055e+01	4.851578e-03
3.983055e+01	4.972953e-03
3.993055e+01	5.100595e-03
4.003055e+01	5.264193e-03
4.013055e+01	5.494344e-03
4.023055e+01	5.825066e-03
4.033055e+01	6.290934e-03
4.043055e+01	6.826978e-03
4.053055e+01	7.228340e-03
4.063055e+01	7.552172e-03
4.073055e+01	8.110504e-03
4.083055e+01	9.067966e-03
4.093055e+01	1.045222e-02
4.103055e+01	1.241382e-02
4.113055e+01	1.550451e-02
4.123055e+01	2.058432e-02
4.133055e+01	2.862214e-02
4.143055e+01	3.906889e-02
4.153055e+01	4.545098e-02
4.163055e+01	4.053218e-02
4.173055e+01	3.038531e-02
4.183055e+01	2.236454e-02
4.193055e+01	1.751953e-02
4.203055e+01	1.492386e-02
4.213055e+01	1.342304e-02
4.223055e+01	1.194161e-02
4.233055e+01	1.045708e-02
4.243055e+01	9.257728e-03
4.253055e+01	8.161907e-03
4.263055e+01	7.097510e-03
4.273055e+01	6.193705e-03
4.283055e+01	5.514256e-03
4.293055e+01	5.026348e-03
4.303055e+01	4.673294e-03
4.313055e+01	4.413230e-03
4.323055e+01	4.220153e-03
4.333055e+01	4.079300e-03
4.343055e+01	3.981462e-03
4.353055e+01	3.912381e-03
4.363055e+01	3.848910e-03
4.373055e+01	3.793076e-03
4.383055e+01	3.770143e-03
4.393055e+01	3.797919e-03
4.403055e+01	3.894730e-03
4.413055e+01	4.089251e-03
4.423055e+01	4.406180e-03
4.433055e+01	4.812571e-03
4.443055e+01	5.238357e-03
4.453055e+01	5.559054e-03
4.463055e+01	5.414050e-03
4.473055e+01	4.878960e-03
4.483055e+01	4.372250e-03
4.493055e+01	4.008036e-03
4.503055e+01	3.775695e-03
4.513055e+01	3.654433e-03
4.523055e+01	3.607151e-03
4.533055e+01	3.598764e-03
4.543055e+01	3.635920e-03
4.553055e+01	3.756646e-03
4.563055e+01	4.009348e-03
4.573055e+01	4.457700e-03
4.583055e+01	5.154678e-03
4.593055e+01	5.917721e-03
4.603055e+01	6.080835e-03
4.613055e+01	5.448383e-03
4.623055e+01	4.690123e-03
4.633055e+01	4.160023e-03
4.643055e+01	3.845887e-03
4.653055e+01	3.651460e-03
4.663055e+01	3.517067e-03
4.673055e+01	3.423640e-03
4.683055e+01	3.354679e-03
4.693055e+01	3.305009e-03
4.703055e+01	3.278127e-03
4.713055e+01	3.283787e-03
4.723055e+01	3.331474e-03
4.733055e+01	3.431972e-03
4.743055e+01	3.605826e-03
4.753055e+01	3.885205e-03
4.763055e+01	4.312811e-03
4.773055e+01	4.903352e-03
4.783055e+01	5.480706e-03
4.793055e+01	5.644852e-03
4.803055e+01	5.473885e-03
4.813055e+01	5.426145e-03
4.823055e+01	5.692341e-03
4.833055e+01	6.337568e-03
4.843055e+01	7.495403e-03
4.853055e+01	9.439371e-03
4.863055e+01	1.257061e-02
4.873055e+01	1.695438e-02
4.883055e+01	2.069870e-02
4.893055e+01	2.056733e-02
4.903055e+01	1.762267e-02
4.913055e+01	1.419461e-02
4.923055e+01	1.105297e-02
4.933055e+01	8.767446e-03
4.943055e+01	7.187139e-03
4.953055e+01	5.979744e-03
4.963055e+01	5.091931e-03
4.973055e+01	4.497954e-03
4.983055e+01	4.121154e-03
4.993055e+01	3.897764e-03
5.003055e+01	3.794235e-03
5.013055e+01	3.758471e-03
5.023055e+01	3.724961e-03
5.033055e+01	3.651583e-03
5.043055e+01	3.567087e-03
5.053055e+01	3.579180e-03
5.063055e+01	3.723973e-03
5.073055e+01	3.856103e-03
5.083055e+01	3.723899e-03
5.093055e+01	3.408778e-03
5.103055e+01	3.142505e-03
5.113055e+01	2.995255e-03
5.123055e+01	2.965119e-03
5.133055e+01	3.048684e-03
5.143055e+01	3.232511e-03
5.153055e+01	3.412895e-03
5.163055e+01	3.372862e-03
5.173055e+01	3.138199e-03
5.183055e+01	2.930656e-03
5.193055e+01	2.815780e-03
5.203055e+01	2.741345e-03
5.213055e+01	2.669522e-03
5.223055e+01	2.624828e-03
5.233055e+01	2.632653e-03
5.243055e+01	2.702575e-03
5.253055e+01	2.821789e-03
5.263055e+01	2.995873e-03
5.273055e+01	3.265112e-03
5.283055e+01	3.544340e-03
5.293055e+01	3.591811e-03
5.303055e+01	3.452791e-03
5.313055e+01	3.403763e-03
5.323055e+01	3.567372e-03
5.333055e+01	3.939855e-03
5.343055e+01	4.392532e-03
5.353055e+01	4.583709e-03
5.363055e+01	4.297266e-03
5.373055e+01	3.922133e-03
5.383055e+01	3.704858e-03
5.393055e+01	3.462782e-03
5.403055e+01	3.085845e-03
5.413055e+01	2.727960e-03
5.423055e+01	2.472956e-03
5.433055e+01	2.305290e-03
5.443055e+01	2.194035e-03
5.453055e+01	2.117236e-03
5.463055e+01	2.061933e-03
5.473055e+01	2.024561e-03
5.483055e+01	2.004329e-03
5.493055e+01	2.002625e-03
5.503055e+01	2.022791e-03
5.513055e+01	2.062966e-03
5.523055e+01	2.104103e-03
5.533055e+01	2.106875e-03
5.543055e+01	2.059388e-03
5.553055e+01	1.989452e-03
5.563055e+01	1.922192e-03
5.573055e+01	1.869718e-03
5.583055e+01	1.832512e-03
5.593055e+01	1.807482e-03
5.603055e+01	1.791743e-03
5.613055e+01	1.783281e-03
5.623055e+01	1.779601e-03
5.633055e+01	1.776509e-03
5.643055e+01	1.769814e-03
5.653055e+01	1.759133e-03
5.663055e+01	1.748888e-03
5.673055e+01	1.742056e-03
5.683055e+01	1.738210e-03
5.693055e+01	1.735949e-03
5.703055e+01	1.734710e-03
5.713055e+01	1.734737e-03
5.723055e+01	1.736334e-03
5.733055e+01	1.739703e-03
5.743055e+01	1.744852e-03
5.753055e+01	1.751785e-03
5.763055e+01	1.760589e-03
5.773055e+01	1.771427e-03
5.783055e+01	1.784436e-03
5.793055e+01	1.799513e-03
5.803055e+01	1.816612e-03
5.813055e+01	1.836404e-03
5.823055e+01	1.859685e-03
5.833055e+01	1.887201e-03
5.843055e+01	1.919813e-03
5.853055e+01	1.958620e-03
5.863055e+01	2.004994e-03
5.873055e+01	2.060118e-03
5.883055e+01	2.124510e-03
5.893055e+01	2.200371e-03
5.903055e+01	2.292741e-03
5.913055e+01	2.408384e-03
5.923055e+01	2.558376e-03
5.933055e+01	2.760043e-03
5.943055e+01	3.040549e-03
5.953055e+01	3.439521e-03
5.963055e+01	3.981880e-03
5.973055e+01	4.552943e-03
5.983055e+01	4.864541e-03
5.993055e+01	4.972125e-03
6.003055e+01	5.228082e-03
6.013055e+01	5.813979e-03
6.023055e+01	6.840358e-03
6.033055e+01	8.475685e-03
6.043055e+01	1.090526e-02
6.053055e+01	1.392148e-02
6.063055e+01	1.680905e-02
6.073055e+01	2.029165e-02
6.083055e+01	2.632573e-02
6.093055e+01	3.463407e-02
6.103055e+01	3.908366e-02
6.113055e+01	3.377782e-02
6.123055e+01	2.453462e-02
6.133055e+01	1.729015e-02
6.143055e+01	1.264579e-02
6.153055e+01	9.784794e-03
6.163055e+01	8.071814e-03
6.173055e+01	7.136032e-03
6.183055e+01	6.755865e-03
6.193055e+01	6.706611e-03
6.203055e+01	6.723174e-03
6.213055e+01	6.535744e-03
6.223055e+01	6.176064e-03
6.233055e+01	5.804697e-03
6.243055e+01	5.193398e-03
6.253055e+01	4.430720e-03
6.263055e+01	3.799884e-03
6.273055e+01	3.364848e-03
6.283055e+01	3.085071e-03
6.293055e+01	2.906852e-03
6.303055e+01	2.785812e-03
6.313055e+01	2.717451e-03
6.323055e+01	2.716712e-03
6.333055e+01	2.796471e-03
6.343055e+01	2.978065e-03
6.353055e+01	3.299317e-03
6.363055e+01	3.775960e-03
6.373055e+01	4.255468e-03
6.383055e+01	4.477912e-03
6.393055e+01	4.606693e-03
6.403055e+01	5.005167e-03
6.413055e+01	5.841738e-03
6.423055e+01	7.134945e-03
6.433055e+01	8.637395e-03
6.443055e+01	9.248684e-03
6.453055e+01	8.138814e-03
6.463055e+01	6.529319e-03
6.473055e+01	5.453622e-03
6.483055e+01	5.018162e-03
6.493055e+01	5.118747e-03
6.503055e+01	5.680617e-03
6.513055e+01	6.484618e-03
6.523055e+01	6.964334e-03
6.533055e+01	6.604869e-03
6.543055e+01	5.597071e-03
6.553055e+01	4.449367e-03
6.563055e+01	3.553664e-03
6.573055e+01	2.961509e-03
6.583055e+01	2.579793e-03
6.593055e+01	2.324627e-03
6.603055e+01	2.149853e-03
6.613055e+01	2.025873e-03
6.623055e+01	1.933699e-03
6.633055e+01	1.863207e-03
6.643055e+01	1.813178e-03
6.653055e+01	1.788745e-03
6.663055e+01	1.793147e-03
6.673055e+01	1.831016e-03
6.683055e+01	1.912263e-03
6.693055e+01	2.055411e-03
6.703055e+01	2.295043e-03
6.713055e+01	2.685327e-03
6.723055e+01	3.237931e-03
6.733055e+01	3.709684e-03
6.743055e+01	3.646400e-03
6.753055e+01	3.161185e-03
6.763055e+01	2.701171e-03
6.773055e+01	2.416482e-03
6.783055e+01	2.281088e-03
6.793055e+01	2.256111e-03
6.803055e+01	2.338303e-03
6.813055e+01	2.554917e-03
6.823055e+01	2.962617e-03
6.833055e+01	3.651745e-03
6.843055e+01	4.641439e-03
6.853055e+01	5.495250e-03
6.863055e+01	5.377458e-03
6.873055e+01	4.504633e-03
6.883055e+01	3.691271e-03
6.893055e+01	3.210466e-03
6.903055e+01	2.990504e-03
6.913055e+01	2.926041e-03
6.923055e+01	3.056014e-03
6.933055e+01	3.441353e-03
6.943055e+01	3.896956e-03
6.953055e+01	3.868861e-03
6.963055e+01	3.265433e-03
6.973055e+01	2.617191e-03
6.983055e+01	2.161757e-03
6.993055e+01	1.868967e-03
