#RPA-results:
#Nucleus: Ni 74
#Fermi level: -4.992964e+00	-1.506242e+01
#Excitation: 1 +
#Total number of pairs: 1032
#Number of ph-/ah-pairs: 1032/0
#Maximal excitation-energy for particle-hole-pairs: 100
#Maximal excitation-energy for antiparticle-hole-pairs: 1000
#No imaginary eigenvalues

#Parameterset: DD-PC1
#natural parity: no
#Isoscalar result:

#width: 5.000000e-01
#maximum value: 3.941405e-03
#at energy: 6.993055e+01
-9.006945e+01	4.367903e-04
-8.996945e+01	4.377030e-04
-8.986945e+01	4.386185e-04
-8.976945e+01	4.395369e-04
-8.966945e+01	4.404582e-04
-8.956945e+01	4.413824e-04
-8.946945e+01	4.423095e-04
-8.936945e+01	4.432395e-04
-8.926945e+01	4.441725e-04
-8.916945e+01	4.451084e-04
-8.906945e+01	4.460473e-04
-8.896945e+01	4.469892e-04
-8.886945e+01	4.479341e-04
-8.876945e+01	4.488820e-04
-8.866945e+01	4.498329e-04
-8.856945e+01	4.507868e-04
-8.846945e+01	4.517438e-04
-8.836945e+01	4.527038e-04
-8.826945e+01	4.536669e-04
-8.816945e+01	4.546331e-04
-8.806945e+01	4.556023e-04
-8.796945e+01	4.565747e-04
-8.786945e+01	4.575502e-04
-8.776945e+01	4.585289e-04
-8.766945e+01	4.595107e-04
-8.756945e+01	4.604956e-04
-8.746945e+01	4.614838e-04
-8.736945e+01	4.624751e-04
-8.726945e+01	4.634696e-04
-8.716945e+01	4.644673e-04
-8.706945e+01	4.654683e-04
-8.696945e+01	4.664725e-04
-8.686945e+01	4.674800e-04
-8.676945e+01	4.684908e-04
-8.666945e+01	4.695048e-04
-8.656945e+01	4.705221e-04
-8.646945e+01	4.715428e-04
-8.636945e+01	4.725668e-04
-8.626945e+01	4.735941e-04
-8.616945e+01	4.746248e-04
-8.606945e+01	4.756589e-04
-8.596945e+01	4.766964e-04
-8.586945e+01	4.777372e-04
-8.576945e+01	4.787815e-04
-8.566945e+01	4.798292e-04
-8.556945e+01	4.808804e-04
-8.546945e+01	4.819350e-04
-8.536945e+01	4.829931e-04
-8.526945e+01	4.840548e-04
-8.516945e+01	4.851199e-04
-8.506945e+01	4.861885e-04
-8.496945e+01	4.872607e-04
-8.486945e+01	4.883365e-04
-8.476945e+01	4.894158e-04
-8.466945e+01	4.904987e-04
-8.456945e+01	4.915852e-04
-8.446945e+01	4.926753e-04
-8.436945e+01	4.937691e-04
-8.426945e+01	4.948666e-04
-8.416945e+01	4.959676e-04
-8.406945e+01	4.970724e-04
-8.396945e+01	4.981809e-04
-8.386945e+01	4.992931e-04
-8.376945e+01	5.004091e-04
-8.366945e+01	5.015288e-04
-8.356945e+01	5.026522e-04
-8.346945e+01	5.037795e-04
-8.336945e+01	5.049106e-04
-8.326945e+01	5.060454e-04
-8.316945e+01	5.071842e-04
-8.306945e+01	5.083267e-04
-8.296945e+01	5.094732e-04
-8.286945e+01	5.106235e-04
-8.276945e+01	5.117778e-04
-8.266945e+01	5.129360e-04
-8.256945e+01	5.140981e-04
-8.246945e+01	5.152642e-04
-8.236945e+01	5.164342e-04
-8.226945e+01	5.176083e-04
-8.216945e+01	5.187864e-04
-8.206945e+01	5.199685e-04
-8.196945e+01	5.211546e-04
-8.186945e+01	5.223449e-04
-8.176945e+01	5.235392e-04
-8.166945e+01	5.247376e-04
-8.156945e+01	5.259402e-04
-8.146945e+01	5.271469e-04
-8.136945e+01	5.283578e-04
-8.126945e+01	5.295729e-04
-8.116945e+01	5.307922e-04
-8.106945e+01	5.320157e-04
-8.096945e+01	5.332434e-04
-8.086945e+01	5.344754e-04
-8.076945e+01	5.357117e-04
-8.066945e+01	5.369523e-04
-8.056945e+01	5.381972e-04
-8.046945e+01	5.394465e-04
-8.036945e+01	5.407001e-04
-8.026945e+01	5.419581e-04
-8.016945e+01	5.432205e-04
-8.006945e+01	5.444874e-04
-7.996945e+01	5.457587e-04
-7.986945e+01	5.470344e-04
-7.976945e+01	5.483147e-04
-7.966945e+01	5.495994e-04
-7.956945e+01	5.508887e-04
-7.946945e+01	5.521826e-04
-7.936945e+01	5.534810e-04
-7.926945e+01	5.547840e-04
-7.916945e+01	5.560916e-04
-7.906945e+01	5.574039e-04
-7.896945e+01	5.587208e-04
-7.886945e+01	5.600424e-04
-7.876945e+01	5.613687e-04
-7.866945e+01	5.626998e-04
-7.856945e+01	5.640356e-04
-7.846945e+01	5.653761e-04
-7.836945e+01	5.667215e-04
-7.826945e+01	5.680717e-04
-7.816945e+01	5.694267e-04
-7.806945e+01	5.707866e-04
-7.796945e+01	5.721514e-04
-7.786945e+01	5.735211e-04
-7.776945e+01	5.748957e-04
-7.766945e+01	5.762753e-04
-7.756945e+01	5.776599e-04
-7.746945e+01	5.790494e-04
-7.736945e+01	5.804441e-04
-7.726945e+01	5.818437e-04
-7.716945e+01	5.832485e-04
-7.706945e+01	5.846583e-04
-7.696945e+01	5.860733e-04
-7.686945e+01	5.874935e-04
-7.676945e+01	5.889188e-04
-7.666945e+01	5.903493e-04
-7.656945e+01	5.917851e-04
-7.646945e+01	5.932261e-04
-7.636945e+01	5.946724e-04
-7.626945e+01	5.961240e-04
-7.616945e+01	5.975809e-04
-7.606945e+01	5.990432e-04
-7.596945e+01	6.005109e-04
-7.586945e+01	6.019840e-04
-7.576945e+01	6.034625e-04
-7.566945e+01	6.049466e-04
-7.556945e+01	6.064361e-04
-7.546945e+01	6.079311e-04
-7.536945e+01	6.094317e-04
-7.526945e+01	6.109378e-04
-7.516945e+01	6.124496e-04
-7.506945e+01	6.139670e-04
-7.496945e+01	6.154900e-04
-7.486945e+01	6.170187e-04
-7.476945e+01	6.185532e-04
-7.466945e+01	6.200934e-04
-7.456945e+01	6.216394e-04
-7.446945e+01	6.231911e-04
-7.436945e+01	6.247488e-04
-7.426945e+01	6.263122e-04
-7.416945e+01	6.278816e-04
-7.406945e+01	6.294569e-04
-7.396945e+01	6.310381e-04
-7.386945e+01	6.326253e-04
-7.376945e+01	6.342186e-04
-7.366945e+01	6.358178e-04
-7.356945e+01	6.374232e-04
-7.346945e+01	6.390346e-04
-7.336945e+01	6.406522e-04
-7.326945e+01	6.422759e-04
-7.316945e+01	6.439059e-04
-7.306945e+01	6.455420e-04
-7.296945e+01	6.471845e-04
-7.286945e+01	6.488332e-04
-7.276945e+01	6.504883e-04
-7.266945e+01	6.521497e-04
-7.256945e+01	6.538175e-04
-7.246945e+01	6.554917e-04
-7.236945e+01	6.571724e-04
-7.226945e+01	6.588595e-04
-7.216945e+01	6.605532e-04
-7.206945e+01	6.622535e-04
-7.196945e+01	6.639603e-04
-7.186945e+01	6.656738e-04
-7.176945e+01	6.673939e-04
-7.166945e+01	6.691207e-04
-7.156945e+01	6.708542e-04
-7.146945e+01	6.725946e-04
-7.136945e+01	6.743417e-04
-7.126945e+01	6.760956e-04
-7.116945e+01	6.778564e-04
-7.106945e+01	6.796241e-04
-7.096945e+01	6.813988e-04
-7.086945e+01	6.831804e-04
-7.076945e+01	6.849691e-04
-7.066945e+01	6.867648e-04
-7.056945e+01	6.885676e-04
-7.046945e+01	6.903775e-04
-7.036945e+01	6.921946e-04
-7.026945e+01	6.940189e-04
-7.016945e+01	6.958505e-04
-7.006945e+01	6.976893e-04
-6.996945e+01	6.995354e-04
-6.986945e+01	7.013889e-04
-6.976945e+01	7.032498e-04
-6.966945e+01	7.051182e-04
-6.956945e+01	7.069940e-04
-6.946945e+01	7.088773e-04
-6.936945e+01	7.107682e-04
-6.926945e+01	7.126667e-04
-6.916945e+01	7.145728e-04
-6.906945e+01	7.164866e-04
-6.896945e+01	7.184081e-04
-6.886945e+01	7.203374e-04
-6.876945e+01	7.222745e-04
-6.866945e+01	7.242194e-04
-6.856945e+01	7.261723e-04
-6.846945e+01	7.281330e-04
-6.836945e+01	7.301018e-04
-6.826945e+01	7.320785e-04
-6.816945e+01	7.340633e-04
-6.806945e+01	7.360562e-04
-6.796945e+01	7.380573e-04
-6.786945e+01	7.400666e-04
-6.776945e+01	7.420841e-04
-6.766945e+01	7.441099e-04
-6.756945e+01	7.461440e-04
-6.746945e+01	7.481865e-04
-6.736945e+01	7.502375e-04
-6.726945e+01	7.522969e-04
-6.716945e+01	7.543648e-04
-6.706945e+01	7.564413e-04
-6.696945e+01	7.585264e-04
-6.686945e+01	7.606201e-04
-6.676945e+01	7.627226e-04
-6.666945e+01	7.648338e-04
-6.656945e+01	7.669538e-04
-6.646945e+01	7.690827e-04
-6.636945e+01	7.712205e-04
-6.626945e+01	7.733672e-04
-6.616945e+01	7.755229e-04
-6.606945e+01	7.776877e-04
-6.596945e+01	7.798616e-04
-6.586945e+01	7.820447e-04
-6.576945e+01	7.842369e-04
-6.566945e+01	7.864385e-04
-6.556945e+01	7.886493e-04
-6.546945e+01	7.908695e-04
-6.536945e+01	7.930991e-04
-6.526945e+01	7.953382e-04
-6.516945e+01	7.975868e-04
-6.506945e+01	7.998450e-04
-6.496945e+01	8.021128e-04
-6.486945e+01	8.043904e-04
-6.476945e+01	8.066776e-04
-6.466945e+01	8.089747e-04
-6.456945e+01	8.112816e-04
-6.446945e+01	8.135985e-04
-6.436945e+01	8.159253e-04
-6.426945e+01	8.182621e-04
-6.416945e+01	8.206091e-04
-6.406945e+01	8.229661e-04
-6.396945e+01	8.253334e-04
-6.386945e+01	8.277110e-04
-6.376945e+01	8.300988e-04
-6.366945e+01	8.324971e-04
-6.356945e+01	8.349058e-04
-6.346945e+01	8.373249e-04
-6.336945e+01	8.397547e-04
-6.326945e+01	8.421951e-04
-6.316945e+01	8.446462e-04
-6.306945e+01	8.471080e-04
-6.296945e+01	8.495806e-04
-6.286945e+01	8.520642e-04
-6.276945e+01	8.545586e-04
-6.266945e+01	8.570641e-04
-6.256945e+01	8.595806e-04
-6.246945e+01	8.621083e-04
-6.236945e+01	8.646472e-04
-6.226945e+01	8.671974e-04
-6.216945e+01	8.697589e-04
-6.206945e+01	8.723318e-04
-6.196945e+01	8.749162e-04
-6.186945e+01	8.775121e-04
-6.176945e+01	8.801196e-04
-6.166945e+01	8.827388e-04
-6.156945e+01	8.853698e-04
-6.146945e+01	8.880126e-04
-6.136945e+01	8.906672e-04
-6.126945e+01	8.933339e-04
-6.116945e+01	8.960126e-04
-6.106945e+01	8.987033e-04
-6.096945e+01	9.014063e-04
-6.086945e+01	9.041215e-04
-6.076945e+01	9.068491e-04
-6.066945e+01	9.095891e-04
-6.056945e+01	9.123415e-04
-6.046945e+01	9.151065e-04
-6.036945e+01	9.178842e-04
-6.026945e+01	9.206745e-04
-6.016945e+01	9.234777e-04
-6.006945e+01	9.262937e-04
-5.996945e+01	9.291226e-04
-5.986945e+01	9.319646e-04
-5.976945e+01	9.348197e-04
-5.966945e+01	9.376880e-04
-5.956945e+01	9.405696e-04
-5.946945e+01	9.434645e-04
-5.936945e+01	9.463728e-04
-5.926945e+01	9.492947e-04
-5.916945e+01	9.522302e-04
-5.906945e+01	9.551793e-04
-5.896945e+01	9.581423e-04
-5.886945e+01	9.611190e-04
-5.876945e+01	9.641098e-04
-5.866945e+01	9.671146e-04
-5.856945e+01	9.701335e-04
-5.846945e+01	9.731666e-04
-5.836945e+01	9.762140e-04
-5.826945e+01	9.792758e-04
-5.816945e+01	9.823521e-04
-5.806945e+01	9.854430e-04
-5.796945e+01	9.885485e-04
-5.786945e+01	9.916688e-04
-5.776945e+01	9.948040e-04
-5.766945e+01	9.979541e-04
-5.756945e+01	1.001119e-03
-5.746945e+01	1.004300e-03
-5.736945e+01	1.007495e-03
-5.726945e+01	1.010706e-03
-5.716945e+01	1.013932e-03
-5.706945e+01	1.017174e-03
-5.696945e+01	1.020432e-03
-5.686945e+01	1.023705e-03
-5.676945e+01	1.026994e-03
-5.666945e+01	1.030299e-03
-5.656945e+01	1.033620e-03
-5.646945e+01	1.036957e-03
-5.636945e+01	1.040310e-03
-5.626945e+01	1.043680e-03
-5.616945e+01	1.047067e-03
-5.606945e+01	1.050469e-03
-5.596945e+01	1.053889e-03
-5.586945e+01	1.057325e-03
-5.576945e+01	1.060778e-03
-5.566945e+01	1.064249e-03
-5.556945e+01	1.067736e-03
-5.546945e+01	1.071241e-03
-5.536945e+01	1.074763e-03
-5.526945e+01	1.078302e-03
-5.516945e+01	1.081859e-03
-5.506945e+01	1.085434e-03
-5.496945e+01	1.089027e-03
-5.486945e+01	1.092637e-03
-5.476945e+01	1.096266e-03
-5.466945e+01	1.099912e-03
-5.456945e+01	1.103577e-03
-5.446945e+01	1.107261e-03
-5.436945e+01	1.110963e-03
-5.426945e+01	1.114684e-03
-5.416945e+01	1.118423e-03
-5.406945e+01	1.122182e-03
-5.396945e+01	1.125959e-03
-5.386945e+01	1.129756e-03
-5.376945e+01	1.133572e-03
-5.366945e+01	1.137408e-03
-5.356945e+01	1.141263e-03
-5.346945e+01	1.145137e-03
-5.336945e+01	1.149032e-03
-5.326945e+01	1.152947e-03
-5.316945e+01	1.156882e-03
-5.306945e+01	1.160837e-03
-5.296945e+01	1.164812e-03
-5.286945e+01	1.168808e-03
-5.276945e+01	1.172825e-03
-5.266945e+01	1.176862e-03
-5.256945e+01	1.180921e-03
-5.246945e+01	1.185001e-03
-5.236945e+01	1.189102e-03
-5.226945e+01	1.193224e-03
-5.216945e+01	1.197368e-03
-5.206945e+01	1.201534e-03
-5.196945e+01	1.205721e-03
-5.186945e+01	1.209931e-03
-5.176945e+01	1.214162e-03
-5.166945e+01	1.218417e-03
-5.156945e+01	1.222693e-03
-5.146945e+01	1.226993e-03
-5.136945e+01	1.231315e-03
-5.126945e+01	1.235660e-03
-5.116945e+01	1.240028e-03
-5.106945e+01	1.244420e-03
-5.096945e+01	1.248835e-03
-5.086945e+01	1.253273e-03
-5.076945e+01	1.257736e-03
-5.066945e+01	1.262222e-03
-5.056945e+01	1.266733e-03
-5.046945e+01	1.271268e-03
-5.036945e+01	1.275828e-03
-5.026945e+01	1.280412e-03
-5.016945e+01	1.285021e-03
-5.006945e+01	1.289656e-03
-4.996945e+01	1.294315e-03
-4.986945e+01	1.299000e-03
-4.976945e+01	1.303710e-03
-4.966945e+01	1.308447e-03
-4.956945e+01	1.313209e-03
-4.946945e+01	1.317997e-03
-4.936945e+01	1.322812e-03
-4.926945e+01	1.327654e-03
-4.916945e+01	1.332522e-03
-4.906945e+01	1.337417e-03
-4.896945e+01	1.342339e-03
-4.886945e+01	1.347289e-03
-4.876945e+01	1.352266e-03
-4.866945e+01	1.357271e-03
-4.856945e+01	1.362304e-03
-4.846945e+01	1.367366e-03
-4.836945e+01	1.372455e-03
-4.826945e+01	1.377573e-03
-4.816945e+01	1.382721e-03
-4.806945e+01	1.387897e-03
-4.796945e+01	1.393102e-03
-4.786945e+01	1.398337e-03
-4.776945e+01	1.403602e-03
-4.766945e+01	1.408896e-03
-4.756945e+01	1.414221e-03
-4.746945e+01	1.419576e-03
-4.736945e+01	1.424962e-03
-4.726945e+01	1.430379e-03
-4.716945e+01	1.435827e-03
-4.706945e+01	1.441306e-03
-4.696945e+01	1.446817e-03
-4.686945e+01	1.452360e-03
-4.676945e+01	1.457934e-03
-4.666945e+01	1.463541e-03
-4.656945e+01	1.469181e-03
-4.646945e+01	1.474854e-03
-4.636945e+01	1.480559e-03
-4.626945e+01	1.486298e-03
-4.616945e+01	1.492071e-03
-4.606945e+01	1.497878e-03
-4.596945e+01	1.503718e-03
-4.586945e+01	1.509593e-03
-4.576945e+01	1.515503e-03
-4.566945e+01	1.521448e-03
-4.556945e+01	1.527428e-03
-4.546945e+01	1.533444e-03
-4.536945e+01	1.539495e-03
-4.526945e+01	1.545583e-03
-4.516945e+01	1.551707e-03
-4.506945e+01	1.557867e-03
-4.496945e+01	1.564065e-03
-4.486945e+01	1.570300e-03
-4.476945e+01	1.576573e-03
-4.466945e+01	1.582883e-03
-4.456945e+01	1.589232e-03
-4.446945e+01	1.595619e-03
-4.436945e+01	1.602045e-03
-4.426945e+01	1.608510e-03
-4.416945e+01	1.615014e-03
-4.406945e+01	1.621559e-03
-4.396945e+01	1.628143e-03
-4.386945e+01	1.634768e-03
-4.376945e+01	1.641433e-03
-4.366945e+01	1.648140e-03
-4.356945e+01	1.654888e-03
-4.346945e+01	1.661678e-03
-4.336945e+01	1.668511e-03
-4.326945e+01	1.675385e-03
-4.316945e+01	1.682303e-03
-4.306945e+01	1.689264e-03
-4.296945e+01	1.696268e-03
-4.286945e+01	1.703316e-03
-4.276945e+01	1.710409e-03
-4.266945e+01	1.717546e-03
-4.256945e+01	1.724728e-03
-4.246945e+01	1.731956e-03
-4.236945e+01	1.739230e-03
-4.226945e+01	1.746550e-03
-4.216945e+01	1.753916e-03
-4.206945e+01	1.761330e-03
-4.196945e+01	1.768790e-03
-4.186945e+01	1.776299e-03
-4.176945e+01	1.783856e-03
-4.166945e+01	1.791462e-03
-4.156945e+01	1.799117e-03
-4.146945e+01	1.806821e-03
-4.136945e+01	1.814575e-03
-4.126945e+01	1.822380e-03
-4.116945e+01	1.830235e-03
-4.106945e+01	1.838142e-03
-4.096945e+01	1.846100e-03
-4.086945e+01	1.854111e-03
-4.076945e+01	1.862174e-03
-4.066945e+01	1.870290e-03
-4.056945e+01	1.878460e-03
-4.046945e+01	1.886684e-03
-4.036945e+01	1.894962e-03
-4.026945e+01	1.903296e-03
-4.016945e+01	1.911685e-03
-4.006945e+01	1.920130e-03
-3.996945e+01	1.928631e-03
-3.986945e+01	1.937190e-03
-3.976945e+01	1.945806e-03
-3.966945e+01	1.954480e-03
-3.956945e+01	1.963212e-03
-3.946945e+01	1.972004e-03
-3.936945e+01	1.980855e-03
-3.926945e+01	1.989767e-03
-3.916945e+01	1.998739e-03
-3.906945e+01	2.007773e-03
-3.896945e+01	2.016868e-03
-3.886945e+01	2.026026e-03
-3.876945e+01	2.035247e-03
-3.866945e+01	2.044531e-03
-3.856945e+01	2.053880e-03
-3.846945e+01	2.063294e-03
-3.836945e+01	2.072772e-03
-3.826945e+01	2.082317e-03
-3.816945e+01	2.091929e-03
-3.806945e+01	2.101607e-03
-3.796945e+01	2.111354e-03
-3.786945e+01	2.121169e-03
-3.776945e+01	2.131053e-03
-3.766945e+01	2.141007e-03
-3.756945e+01	2.151032e-03
-3.746945e+01	2.161128e-03
-3.736945e+01	2.171295e-03
-3.726945e+01	2.181535e-03
-3.716945e+01	2.191848e-03
-3.706945e+01	2.202236e-03
-3.696945e+01	2.212698e-03
-3.686945e+01	2.223235e-03
-3.676945e+01	2.233848e-03
-3.666945e+01	2.244538e-03
-3.656945e+01	2.255306e-03
-3.646945e+01	2.266152e-03
-3.636945e+01	2.277078e-03
-3.626945e+01	2.288083e-03
-3.616945e+01	2.299169e-03
-3.606945e+01	2.310336e-03
-3.596945e+01	2.321586e-03
-3.586945e+01	2.332918e-03
-3.576945e+01	2.344335e-03
-3.566945e+01	2.355837e-03
-3.556945e+01	2.367424e-03
-3.546945e+01	2.379097e-03
-3.536945e+01	2.390858e-03
-3.526945e+01	2.402707e-03
-3.516945e+01	2.414646e-03
-3.506945e+01	2.426674e-03
-3.496945e+01	2.438793e-03
-3.486945e+01	2.451004e-03
-3.476945e+01	2.463308e-03
-3.466945e+01	2.475706e-03
-3.456945e+01	2.488198e-03
-3.446945e+01	2.500786e-03
-3.436945e+01	2.513471e-03
-3.426945e+01	2.526254e-03
-3.416945e+01	2.539135e-03
-3.406945e+01	2.552116e-03
-3.396945e+01	2.565198e-03
-3.386945e+01	2.578382e-03
-3.376945e+01	2.591668e-03
-3.366945e+01	2.605059e-03
-3.356945e+01	2.618554e-03
-3.346945e+01	2.632156e-03
-3.336945e+01	2.645865e-03
-3.326945e+01	2.659683e-03
-3.316945e+01	2.673610e-03
-3.306945e+01	2.687648e-03
-3.296945e+01	2.701799e-03
-3.286945e+01	2.716062e-03
-3.276945e+01	2.730440e-03
-3.266945e+01	2.744933e-03
-3.256945e+01	2.759544e-03
-3.246945e+01	2.774272e-03
-3.236945e+01	2.789120e-03
-3.226945e+01	2.804089e-03
-3.216945e+01	2.819180e-03
-3.206945e+01	2.834395e-03
-3.196945e+01	2.849734e-03
-3.186945e+01	2.865200e-03
-3.176945e+01	2.880793e-03
-3.166945e+01	2.896515e-03
-3.156945e+01	2.912368e-03
-3.146945e+01	2.928353e-03
-3.136945e+01	2.944471e-03
-3.126945e+01	2.960724e-03
-3.116945e+01	2.977114e-03
-3.106945e+01	2.993641e-03
-3.096945e+01	3.010309e-03
-3.086945e+01	3.027117e-03
-3.076945e+01	3.044069e-03
-3.066945e+01	3.061164e-03
-3.056945e+01	3.078406e-03
-3.046945e+01	3.095796e-03
-3.036945e+01	3.113335e-03
-3.026945e+01	3.131026e-03
-3.016945e+01	3.148869e-03
-3.006945e+01	3.166868e-03
-2.996945e+01	3.185023e-03
-2.986945e+01	3.203336e-03
-2.976945e+01	3.221810e-03
-2.966945e+01	3.240446e-03
-2.956945e+01	3.259246e-03
-2.946945e+01	3.278213e-03
-2.936945e+01	3.297347e-03
-2.926945e+01	3.316652e-03
-2.916945e+01	3.336129e-03
-2.906945e+01	3.355780e-03
-2.896945e+01	3.375607e-03
-2.886945e+01	3.395614e-03
-2.876945e+01	3.415800e-03
-2.866945e+01	3.436170e-03
-2.856945e+01	3.456725e-03
-2.846945e+01	3.477467e-03
-2.836945e+01	3.498399e-03
-2.826945e+01	3.519523e-03
-2.816945e+01	3.540842e-03
-2.806945e+01	3.562358e-03
-2.796945e+01	3.584073e-03
-2.786945e+01	3.605989e-03
-2.776945e+01	3.628111e-03
-2.766945e+01	3.650439e-03
-2.756945e+01	3.672977e-03
-2.746945e+01	3.695727e-03
-2.736945e+01	3.718693e-03
-2.726945e+01	3.741876e-03
-2.716945e+01	3.765279e-03
-2.706945e+01	3.788906e-03
-2.696945e+01	3.812760e-03
-2.686945e+01	3.836842e-03
-2.676945e+01	3.861157e-03
-2.666945e+01	3.885708e-03
-2.656945e+01	3.910496e-03
-2.646945e+01	3.935526e-03
-2.636945e+01	3.960801e-03
-2.626945e+01	3.986324e-03
-2.616945e+01	4.012098e-03
-2.606945e+01	4.038126e-03
-2.596945e+01	4.064413e-03
-2.586945e+01	4.090961e-03
-2.576945e+01	4.117774e-03
-2.566945e+01	4.144856e-03
-2.556945e+01	4.172210e-03
-2.546945e+01	4.199840e-03
-2.536945e+01	4.227750e-03
-2.526945e+01	4.255944e-03
-2.516945e+01	4.284425e-03
-2.506945e+01	4.313198e-03
-2.496945e+01	4.342266e-03
-2.486945e+01	4.371634e-03
-2.476945e+01	4.401305e-03
-2.466945e+01	4.431285e-03
-2.456945e+01	4.461578e-03
-2.446945e+01	4.492188e-03
-2.436945e+01	4.523119e-03
-2.426945e+01	4.554376e-03
-2.416945e+01	4.585963e-03
-2.406945e+01	4.617887e-03
-2.396945e+01	4.650151e-03
-2.386945e+01	4.682760e-03
-2.376945e+01	4.715719e-03
-2.366945e+01	4.749034e-03
-2.356945e+01	4.782709e-03
-2.346945e+01	4.816750e-03
-2.336945e+01	4.851163e-03
-2.326945e+01	4.885953e-03
-2.316945e+01	4.921125e-03
-2.306945e+01	4.956686e-03
-2.296945e+01	4.992640e-03
-2.286945e+01	5.028995e-03
-2.276945e+01	5.065756e-03
-2.266945e+01	5.102929e-03
-2.256945e+01	5.140520e-03
-2.246945e+01	5.178537e-03
-2.236945e+01	5.216985e-03
-2.226945e+01	5.255872e-03
-2.216945e+01	5.295203e-03
-2.206945e+01	5.334987e-03
-2.196945e+01	5.375229e-03
-2.186945e+01	5.415938e-03
-2.176945e+01	5.457121e-03
-2.166945e+01	5.498785e-03
-2.156945e+01	5.540938e-03
-2.146945e+01	5.583587e-03
-2.136945e+01	5.626741e-03
-2.126945e+01	5.670408e-03
-2.116945e+01	5.714597e-03
-2.106945e+01	5.759314e-03
-2.096945e+01	5.804571e-03
-2.086945e+01	5.850374e-03
-2.076945e+01	5.896734e-03
-2.066945e+01	5.943659e-03
-2.056945e+01	5.991159e-03
-2.046945e+01	6.039244e-03
-2.036945e+01	6.087923e-03
-2.026945e+01	6.137206e-03
-2.016945e+01	6.187105e-03
-2.006945e+01	6.237628e-03
-1.996945e+01	6.288787e-03
-1.986945e+01	6.340593e-03
-1.976945e+01	6.393058e-03
-1.966945e+01	6.446191e-03
-1.956945e+01	6.500006e-03
-1.946945e+01	6.554514e-03
-1.936945e+01	6.609727e-03
-1.926945e+01	6.665658e-03
-1.916945e+01	6.722320e-03
-1.906945e+01	6.779726e-03
-1.896945e+01	6.837889e-03
-1.886945e+01	6.896822e-03
-1.876945e+01	6.956541e-03
-1.866945e+01	7.017058e-03
-1.856945e+01	7.078390e-03
-1.846945e+01	7.140550e-03
-1.836945e+01	7.203554e-03
-1.826945e+01	7.267419e-03
-1.816945e+01	7.332159e-03
-1.806945e+01	7.397793e-03
-1.796945e+01	7.464335e-03
-1.786945e+01	7.531805e-03
-1.776945e+01	7.600219e-03
-1.766945e+01	7.669595e-03
-1.756945e+01	7.739953e-03
-1.746945e+01	7.811312e-03
-1.736945e+01	7.883690e-03
-1.726945e+01	7.957109e-03
-1.716945e+01	8.031588e-03
-1.706945e+01	8.107149e-03
-1.696945e+01	8.183813e-03
-1.686945e+01	8.261602e-03
-1.676945e+01	8.340540e-03
-1.666945e+01	8.420650e-03
-1.656945e+01	8.501955e-03
-1.646945e+01	8.584481e-03
-1.636945e+01	8.668251e-03
-1.626945e+01	8.753294e-03
-1.616945e+01	8.839634e-03
-1.606945e+01	8.927299e-03
-1.596945e+01	9.016318e-03
-1.586945e+01	9.106719e-03
-1.576945e+01	9.198532e-03
-1.566945e+01	9.291787e-03
-1.556945e+01	9.386516e-03
-1.546945e+01	9.482751e-03
-1.536945e+01	9.580525e-03
-1.526945e+01	9.679872e-03
-1.516945e+01	9.780826e-03
-1.506945e+01	9.883425e-03
-1.496945e+01	9.987704e-03
-1.486945e+01	1.009370e-02
-1.476945e+01	1.020146e-02
-1.466945e+01	1.031102e-02
-1.456945e+01	1.042241e-02
-1.446945e+01	1.053569e-02
-1.436945e+01	1.065090e-02
-1.426945e+01	1.076808e-02
-1.416945e+01	1.088728e-02
-1.406945e+01	1.100855e-02
-1.396945e+01	1.113193e-02
-1.386945e+01	1.125749e-02
-1.376945e+01	1.138527e-02
-1.366945e+01	1.151532e-02
-1.356945e+01	1.164771e-02
-1.346945e+01	1.178249e-02
-1.336945e+01	1.191973e-02
-1.326945e+01	1.205947e-02
-1.316945e+01	1.220180e-02
-1.306945e+01	1.234677e-02
-1.296945e+01	1.249445e-02
-1.286945e+01	1.264491e-02
-1.276945e+01	1.279824e-02
-1.266945e+01	1.295449e-02
-1.256945e+01	1.311376e-02
-1.246945e+01	1.327612e-02
-1.236945e+01	1.344165e-02
-1.226945e+01	1.361045e-02
-1.216945e+01	1.378260e-02
-1.206945e+01	1.395819e-02
-1.196945e+01	1.413733e-02
-1.186945e+01	1.432011e-02
-1.176945e+01	1.450664e-02
-1.166945e+01	1.469702e-02
-1.156945e+01	1.489137e-02
-1.146945e+01	1.508979e-02
-1.136945e+01	1.529242e-02
-1.126945e+01	1.549938e-02
-1.116945e+01	1.571079e-02
-1.106945e+01	1.592680e-02
-1.096945e+01	1.614753e-02
-1.086945e+01	1.637315e-02
-1.076945e+01	1.660379e-02
-1.066945e+01	1.683962e-02
-1.056945e+01	1.708081e-02
-1.046945e+01	1.732752e-02
-1.036945e+01	1.757993e-02
-1.026945e+01	1.783822e-02
-1.016945e+01	1.810261e-02
-1.006945e+01	1.837327e-02
-9.969451e+00	1.865044e-02
-9.869451e+00	1.893432e-02
-9.769451e+00	1.922515e-02
-9.669451e+00	1.952317e-02
-9.569451e+00	1.982863e-02
-9.469451e+00	2.014179e-02
-9.369451e+00	2.046294e-02
-9.269451e+00	2.079236e-02
-9.169451e+00	2.113036e-02
-9.069451e+00	2.147725e-02
-8.969451e+00	2.183336e-02
-8.869451e+00	2.219906e-02
-8.769451e+00	2.257469e-02
-8.669451e+00	2.296066e-02
-8.569451e+00	2.335737e-02
-8.469451e+00	2.376524e-02
-8.369451e+00	2.418473e-02
-8.269451e+00	2.461630e-02
-8.169451e+00	2.506047e-02
-8.069451e+00	2.551776e-02
-7.969451e+00	2.598873e-02
-7.869451e+00	2.647396e-02
-7.769451e+00	2.697409e-02
-7.669451e+00	2.748976e-02
-7.569451e+00	2.802168e-02
-7.469451e+00	2.857059e-02
-7.369451e+00	2.913728e-02
-7.269451e+00	2.972258e-02
-7.169451e+00	3.032739e-02
-7.069451e+00	3.095263e-02
-6.969451e+00	3.159934e-02
-6.869451e+00	3.226857e-02
-6.769451e+00	3.296147e-02
-6.669451e+00	3.367928e-02
-6.569451e+00	3.442331e-02
-6.469451e+00	3.519495e-02
-6.369451e+00	3.599573e-02
-6.269451e+00	3.682725e-02
-6.169451e+00	3.769128e-02
-6.069451e+00	3.858968e-02
-5.969451e+00	3.952449e-02
-5.869451e+00	4.049790e-02
-5.769451e+00	4.151229e-02
-5.669451e+00	4.257024e-02
-5.569451e+00	4.367454e-02
-5.469451e+00	4.482825e-02
-5.369451e+00	4.603470e-02
-5.269451e+00	4.729752e-02
-5.169451e+00	4.862072e-02
-5.069451e+00	5.000867e-02
-4.969451e+00	5.146621e-02
-4.869451e+00	5.299868e-02
-4.769451e+00	5.461199e-02
-4.669451e+00	5.631272e-02
-4.569451e+00	5.810821e-02
-4.469451e+00	6.000665e-02
-4.369451e+00	6.201727e-02
-4.269451e+00	6.415046e-02
-4.169451e+00	6.641800e-02
-4.069451e+00	6.883327e-02
-3.969451e+00	7.141162e-02
-3.869451e+00	7.417064e-02
-3.769451e+00	7.713070e-02
-3.669451e+00	8.031550e-02
-3.569451e+00	8.375280e-02
-3.469451e+00	8.747534e-02
-3.369451e+00	9.152207e-02
-3.269451e+00	9.593968e-02
-3.169451e+00	1.007847e-01
-3.069451e+00	1.061264e-01
-2.969451e+00	1.120501e-01
-2.869451e+00	1.186631e-01
-2.769451e+00	1.261010e-01
-2.669451e+00	1.345390e-01
-2.569451e+00	1.442057e-01
-2.469451e+00	1.554061e-01
-2.369451e+00	1.685549e-01
-2.269451e+00	1.842278e-01
-2.169451e+00	2.032454e-01
-2.069451e+00	2.268086e-01
-1.969451e+00	2.567305e-01
-1.869451e+00	2.958413e-01
-1.769451e+00	3.487227e-01
-1.669451e+00	4.230671e-01
-1.569451e+00	5.321861e-01
-1.469451e+00	6.992003e-01
-1.369451e+00	9.607229e-01
-1.269451e+00	1.349156e+00
-1.169451e+00	1.777146e+00
-1.069451e+00	1.896637e+00
-9.694509e-01	1.581016e+00
-8.694509e-01	1.186195e+00
-7.694509e-01	9.113371e-01
-6.694509e-01	7.523678e-01
-5.694509e-01	6.713992e-01
-4.694509e-01	6.428907e-01
-3.694509e-01	6.534286e-01
-2.694509e-01	6.957334e-01
-1.694509e-01	7.709466e-01
-6.945093e-02	8.935088e-01
3.054907e-02	1.080542e+00
1.305491e-01	1.332302e+00
2.305491e-01	1.560744e+00
3.305491e-01	1.641231e+00
4.305491e-01	1.673206e+00
5.305491e-01	1.800796e+00
6.305491e-01	2.075718e+00
7.305491e-01	2.567017e+00
8.305491e-01	3.276295e+00
9.305491e-01	3.900914e+00
1.030549e+00	4.129302e+00
1.130549e+00	4.381726e+00
1.230549e+00	5.179659e+00
1.330549e+00	6.559677e+00
1.430549e+00	7.649964e+00
1.530549e+00	7.203365e+00
1.630549e+00	5.897464e+00
1.730549e+00	4.967038e+00
1.830549e+00	4.725571e+00
1.930549e+00	5.183680e+00
2.030549e+00	6.455436e+00
2.130549e+00	8.786583e+00
2.230549e+00	1.207588e+01
2.330549e+00	1.440626e+01
2.430549e+00	1.304332e+01
2.530549e+00	9.526133e+00
2.630549e+00	6.519618e+00
2.730549e+00	4.540624e+00
2.830549e+00	3.298832e+00
2.930549e+00	2.508846e+00
3.030549e+00	1.990427e+00
3.130549e+00	1.627137e+00
3.230549e+00	1.348035e+00
3.330549e+00	1.129882e+00
3.430549e+00	9.628384e-01
3.530549e+00	8.354780e-01
3.630549e+00	7.372792e-01
3.730549e+00	6.603873e-01
3.830549e+00	5.993932e-01
3.930549e+00	5.505966e-01
4.030549e+00	5.114326e-01
4.130549e+00	4.801135e-01
4.230549e+00	4.554045e-01
4.330549e+00	4.364596e-01
4.430549e+00	4.227657e-01
4.530549e+00	4.141638e-01
4.630549e+00	4.097154e-01
4.730549e+00	4.058923e-01
4.830549e+00	4.006609e-01
4.930549e+00	3.971410e-01
5.030549e+00	3.977550e-01
5.130549e+00	4.028362e-01
5.230549e+00	4.122751e-01
5.330549e+00	4.261691e-01
5.430549e+00	4.449170e-01
5.530549e+00	4.693572e-01
5.630549e+00	5.009000e-01
5.730549e+00	5.416853e-01
5.830549e+00	5.949901e-01
5.930549e+00	6.654445e-01
6.030549e+00	7.566539e-01
6.130549e+00	8.611679e-01
6.230549e+00	9.621035e-01
6.330549e+00	1.074922e+00
6.430549e+00	1.236718e+00
6.530549e+00	1.476882e+00
6.630549e+00	1.831692e+00
6.730549e+00	2.364265e+00
6.830549e+00	3.187556e+00
6.930549e+00	4.494541e+00
7.030549e+00	6.544117e+00
7.130549e+00	9.299958e+00
7.230549e+00	1.128218e+01
7.330549e+00	1.032335e+01
7.430549e+00	7.620497e+00
7.530549e+00	5.304237e+00
7.630549e+00	3.799365e+00
7.730549e+00	2.877826e+00
7.830549e+00	2.313717e+00
7.930549e+00	1.968317e+00
8.030549e+00	1.763611e+00
8.130549e+00	1.656559e+00
8.230549e+00	1.624224e+00
8.330549e+00	1.656107e+00
8.430549e+00	1.750590e+00
8.530549e+00	1.913896e+00
8.630549e+00	2.161043e+00
8.730549e+00	2.519034e+00
8.830549e+00	3.033437e+00
8.930549e+00	3.780953e+00
9.030549e+00	4.893134e+00
9.130549e+00	6.600237e+00
9.230549e+00	9.302892e+00
9.330549e+00	1.362235e+01
9.430549e+00	2.001595e+01
9.530549e+00	2.662309e+01
9.630549e+00	2.746345e+01
9.730549e+00	2.147885e+01
9.830549e+00	1.472022e+01
9.930549e+00	9.960062e+00
1.003055e+01	6.955801e+00
1.013055e+01	5.055915e+00
1.023055e+01	3.814084e+00
1.033055e+01	2.970901e+00
1.043055e+01	2.377946e+00
1.053055e+01	1.947711e+00
1.063055e+01	1.625109e+00
1.073055e+01	1.375028e+00
1.083055e+01	1.178057e+00
1.093055e+01	1.021720e+00
1.103055e+01	8.957106e-01
1.113055e+01	7.916389e-01
1.123055e+01	7.044714e-01
1.133055e+01	6.315018e-01
1.143055e+01	5.702576e-01
1.153055e+01	5.183173e-01
1.163055e+01	4.734397e-01
1.173055e+01	4.343213e-01
1.183055e+01	3.999734e-01
1.193055e+01	3.691531e-01
1.203055e+01	3.416245e-01
1.213055e+01	3.174019e-01
1.223055e+01	2.961409e-01
1.233055e+01	2.775040e-01
1.243055e+01	2.613300e-01
1.253055e+01	2.470345e-01
1.263055e+01	2.332558e-01
1.273055e+01	2.196015e-01
1.283055e+01	2.070068e-01
1.293055e+01	1.957341e-01
1.303055e+01	1.852291e-01
1.313055e+01	1.754144e-01
1.323055e+01	1.666009e-01
1.333055e+01	1.588109e-01
1.343055e+01	1.519147e-01
1.353055e+01	1.455614e-01
1.363055e+01	1.393001e-01
1.373055e+01	1.332431e-01
1.383055e+01	1.277186e-01
1.393055e+01	1.226735e-01
1.403055e+01	1.176704e-01
1.413055e+01	1.126974e-01
1.423055e+01	1.081171e-01
1.433055e+01	1.040480e-01
1.443055e+01	1.004850e-01
1.453055e+01	9.745737e-02
1.463055e+01	9.501917e-02
1.473055e+01	9.295292e-02
1.483055e+01	9.032739e-02
1.493055e+01	8.664096e-02
1.503055e+01	8.280044e-02
1.513055e+01	7.940361e-02
1.523055e+01	7.644974e-02
1.533055e+01	7.381997e-02
1.543055e+01	7.142483e-02
1.553055e+01	6.920904e-02
1.563055e+01	6.713858e-02
1.573055e+01	6.519148e-02
1.583055e+01	6.335271e-02
1.593055e+01	6.161139e-02
1.603055e+01	5.995930e-02
1.613055e+01	5.838997e-02
1.623055e+01	5.689824e-02
1.633055e+01	5.547994e-02
1.643055e+01	5.413176e-02
1.653055e+01	5.285114e-02
1.663055e+01	5.163631e-02
1.673055e+01	5.048633e-02
1.683055e+01	4.940125e-02
1.693055e+01	4.838232e-02
1.703055e+01	4.743250e-02
1.713055e+01	4.655704e-02
1.723055e+01	4.576473e-02
1.733055e+01	4.506975e-02
1.743055e+01	4.449519e-02
1.753055e+01	4.407919e-02
1.763055e+01	4.388636e-02
1.773055e+01	4.402844e-02
1.783055e+01	4.469595e-02
1.793055e+01	4.616794e-02
1.803055e+01	4.858113e-02
1.813055e+01	5.101204e-02
1.823055e+01	5.146087e-02
1.833055e+01	4.967113e-02
1.843055e+01	4.691062e-02
1.853055e+01	4.462187e-02
1.863055e+01	4.344953e-02
1.873055e+01	4.329806e-02
1.883055e+01	4.379683e-02
1.893055e+01	4.480228e-02
1.903055e+01	4.682612e-02
1.913055e+01	5.058560e-02
1.923055e+01	5.690731e-02
1.933055e+01	6.676478e-02
1.943055e+01	8.151442e-02
1.953055e+01	1.033512e-01
1.963055e+01	1.287422e-01
1.973055e+01	1.383518e-01
1.983055e+01	1.198860e-01
1.993055e+01	9.270234e-02
2.003055e+01	7.204611e-02
2.013055e+01	5.821517e-02
2.023055e+01	4.867397e-02
2.033055e+01	4.210937e-02
2.043055e+01	3.759050e-02
2.053055e+01	3.437170e-02
2.063055e+01	3.195646e-02
2.073055e+01	3.009117e-02
2.083055e+01	2.863602e-02
2.093055e+01	2.748911e-02
2.103055e+01	2.658261e-02
2.113055e+01	2.587934e-02
2.123055e+01	2.536948e-02
2.133055e+01	2.507218e-02
2.143055e+01	2.504246e-02
2.153055e+01	2.536732e-02
2.163055e+01	2.607375e-02
2.173055e+01	2.692328e-02
2.183055e+01	2.744322e-02
2.193055e+01	2.737341e-02
2.203055e+01	2.726628e-02
2.213055e+01	2.776320e-02
2.223055e+01	2.859555e-02
2.233055e+01	2.856841e-02
2.243055e+01	2.712707e-02
2.253055e+01	2.486428e-02
2.263055e+01	2.273536e-02
2.273055e+01	2.113559e-02
2.283055e+01	1.999369e-02
2.293055e+01	1.913570e-02
2.303055e+01	1.845921e-02
2.313055e+01	1.791536e-02
2.323055e+01	1.746816e-02
2.333055e+01	1.708925e-02
2.343055e+01	1.675923e-02
2.353055e+01	1.646568e-02
2.363055e+01	1.620072e-02
2.373055e+01	1.595940e-02
2.383055e+01	1.573879e-02
2.393055e+01	1.553755e-02
2.403055e+01	1.535586e-02
2.413055e+01	1.519582e-02
2.423055e+01	1.506223e-02
2.433055e+01	1.496418e-02
2.443055e+01	1.491689e-02
2.453055e+01	1.493686e-02
2.463055e+01	1.500324e-02
2.473055e+01	1.499102e-02
2.483055e+01	1.481611e-02
2.493055e+01	1.462558e-02
2.503055e+01	1.455307e-02
2.513055e+01	1.464499e-02
2.523055e+01	1.491042e-02
2.533055e+01	1.523730e-02
2.543055e+01	1.534045e-02
2.553055e+01	1.512147e-02
2.563055e+01	1.486449e-02
2.573055e+01	1.469203e-02
2.583055e+01	1.448907e-02
2.593055e+01	1.429482e-02
2.603055e+01	1.425082e-02
2.613055e+01	1.442570e-02
2.623055e+01	1.478679e-02
2.633055e+01	1.522821e-02
2.643055e+01	1.550873e-02
2.653055e+01	1.553422e-02
2.663055e+01	1.567664e-02
2.673055e+01	1.620469e-02
2.683055e+01	1.693642e-02
2.693055e+01	1.715646e-02
2.703055e+01	1.669930e-02
2.713055e+01	1.634181e-02
2.723055e+01	1.654135e-02
2.733055e+01	1.741228e-02
2.743055e+01	1.900035e-02
2.753055e+01	2.107142e-02
2.763055e+01	2.271933e-02
2.773055e+01	2.351705e-02
2.783055e+01	2.418673e-02
2.793055e+01	2.470863e-02
2.803055e+01	2.470249e-02
2.813055e+01	2.505832e-02
2.823055e+01	2.675904e-02
2.833055e+01	3.008930e-02
2.843055e+01	3.545990e-02
2.853055e+01	4.312771e-02
2.863055e+01	5.049036e-02
2.873055e+01	5.401873e-02
2.883055e+01	5.575836e-02
2.893055e+01	5.621374e-02
2.903055e+01	5.174971e-02
2.913055e+01	4.515291e-02
2.923055e+01	3.914526e-02
2.933055e+01	3.371733e-02
2.943055e+01	3.015994e-02
2.953055e+01	2.906826e-02
2.963055e+01	3.006183e-02
2.973055e+01	3.255437e-02
2.983055e+01	3.604669e-02
2.993055e+01	4.010645e-02
3.003055e+01	4.670142e-02
3.013055e+01	5.845183e-02
3.023055e+01	7.260399e-02
3.033055e+01	7.620018e-02
3.043055e+01	6.374603e-02
3.053055e+01	4.802542e-02
3.063055e+01	3.682833e-02
3.073055e+01	3.017893e-02
3.083055e+01	2.640360e-02
3.093055e+01	2.378592e-02
3.103055e+01	2.109687e-02
3.113055e+01	1.855940e-02
3.123055e+01	1.668967e-02
3.133055e+01	1.551434e-02
3.143055e+01	1.489352e-02
3.153055e+01	1.473800e-02
3.163055e+01	1.503433e-02
3.173055e+01	1.581688e-02
3.183055e+01	1.716138e-02
3.193055e+01	1.932697e-02
3.203055e+01	2.292572e-02
3.213055e+01	2.864477e-02
3.223055e+01	3.609533e-02
3.233055e+01	4.163818e-02
3.243055e+01	4.255545e-02
3.253055e+01	4.131730e-02
3.263055e+01	3.740890e-02
3.273055e+01	3.076113e-02
3.283055e+01	2.490691e-02
3.293055e+01	2.128485e-02
3.303055e+01	1.902435e-02
3.313055e+01	1.702642e-02
3.323055e+01	1.533158e-02
3.333055e+01	1.423487e-02
3.343055e+01	1.385005e-02
3.353055e+01	1.420536e-02
3.363055e+01	1.517084e-02
3.373055e+01	1.593286e-02
3.383055e+01	1.544142e-02
3.393055e+01	1.441271e-02
3.403055e+01	1.390151e-02
3.413055e+01	1.415904e-02
3.423055e+01	1.520948e-02
3.433055e+01	1.657139e-02
3.443055e+01	1.705865e-02
3.453055e+01	1.681316e-02
3.463055e+01	1.706917e-02
3.473055e+01	1.789306e-02
3.483055e+01	1.903629e-02
3.493055e+01	1.988698e-02
3.503055e+01	1.868106e-02
3.513055e+01	1.612483e-02
3.523055e+01	1.409957e-02
3.533055e+01	1.291137e-02
3.543055e+01	1.224538e-02
3.553055e+01	1.152295e-02
3.563055e+01	1.049199e-02
3.573055e+01	9.612321e-03
3.583055e+01	9.137903e-03
3.593055e+01	9.065177e-03
3.603055e+01	9.312314e-03
3.613055e+01	9.599487e-03
3.623055e+01	9.609633e-03
3.633055e+01	9.604400e-03
3.643055e+01	1.000935e-02
3.653055e+01	1.108855e-02
3.663055e+01	1.308877e-02
3.673055e+01	1.592405e-02
3.683055e+01	1.795956e-02
3.693055e+01	1.689474e-02
3.703055e+01	1.401647e-02
3.713055e+01	1.154787e-02
3.723055e+01	9.997778e-03
3.733055e+01	9.183755e-03
3.743055e+01	8.897730e-03
3.753055e+01	9.090148e-03
3.763055e+01	9.857599e-03
3.773055e+01	1.127126e-02
3.783055e+01	1.290046e-02
3.793055e+01	1.328587e-02
3.803055e+01	1.173612e-02
3.813055e+01	9.737459e-03
3.823055e+01	8.257838e-03
3.833055e+01	7.318750e-03
3.843055e+01	6.750124e-03
3.853055e+01	6.405696e-03
3.863055e+01	6.160771e-03
3.873055e+01	5.942333e-03
3.883055e+01	5.765025e-03
3.893055e+01	5.663302e-03
3.903055e+01	5.628717e-03
3.913055e+01	5.601781e-03
3.923055e+01	5.543473e-03
3.933055e+01	5.497267e-03
3.943055e+01	5.485731e-03
3.953055e+01	5.513016e-03
3.963055e+01	5.604902e-03
3.973055e+01	5.762036e-03
3.983055e+01	5.921776e-03
3.993055e+01	6.026719e-03
4.003055e+01	6.109082e-03
4.013055e+01	6.228593e-03
4.023055e+01	6.446489e-03
4.033055e+01	6.832202e-03
4.043055e+01	7.450167e-03
4.053055e+01	8.266695e-03
4.063055e+01	8.927048e-03
4.073055e+01	9.102382e-03
4.083055e+01	9.225943e-03
4.093055e+01	9.771729e-03
4.103055e+01	1.084641e-02
4.113055e+01	1.240562e-02
4.123055e+01	1.466025e-02
4.133055e+01	1.827487e-02
4.143055e+01	2.419844e-02
4.153055e+01	3.324038e-02
4.163055e+01	4.331597e-02
4.173055e+01	4.637032e-02
4.183055e+01	3.976482e-02
4.193055e+01	3.095849e-02
4.203055e+01	2.355574e-02
4.213055e+01	1.821723e-02
4.223055e+01	1.485939e-02
4.233055e+01	1.290881e-02
4.243055e+01	1.181984e-02
4.253055e+01	1.119967e-02
4.263055e+01	1.036706e-02
4.273055e+01	9.143244e-03
4.283055e+01	8.066451e-03
4.293055e+01	7.250193e-03
4.303055e+01	6.542312e-03
4.313055e+01	5.963660e-03
4.323055e+01	5.549841e-03
4.333055e+01	5.276193e-03
4.343055e+01	5.111389e-03
4.353055e+01	5.023988e-03
4.363055e+01	4.962466e-03
4.373055e+01	4.902351e-03
4.383055e+01	4.889694e-03
4.393055e+01	4.967529e-03
4.403055e+01	5.167738e-03
4.413055e+01	5.541685e-03
4.423055e+01	6.176422e-03
4.433055e+01	7.182505e-03
4.443055e+01	8.599723e-03
4.453055e+01	1.000823e-02
4.463055e+01	1.043878e-02
4.473055e+01	1.005557e-02
4.483055e+01	9.612368e-03
4.493055e+01	9.148123e-03
4.503055e+01	8.319484e-03
4.513055e+01	7.140752e-03
4.523055e+01	6.131381e-03
4.533055e+01	5.410932e-03
4.543055e+01	4.893355e-03
4.553055e+01	4.541536e-03
4.563055e+01	4.322886e-03
4.573055e+01	4.206058e-03
4.583055e+01	4.173482e-03
4.593055e+01	4.230750e-03
4.603055e+01	4.400188e-03
4.613055e+01	4.714334e-03
4.623055e+01	5.203155e-03
4.633055e+01	5.790036e-03
4.643055e+01	6.067331e-03
4.653055e+01	5.716345e-03
4.663055e+01	5.153836e-03
4.673055e+01	4.720011e-03
4.683055e+01	4.402817e-03
4.693055e+01	4.154067e-03
4.703055e+01	3.967770e-03
4.713055e+01	3.845844e-03
4.723055e+01	3.786434e-03
4.733055e+01	3.784662e-03
4.743055e+01	3.841169e-03
4.753055e+01	3.961516e-03
4.763055e+01	4.156124e-03
4.773055e+01	4.444364e-03
4.783055e+01	4.862667e-03
4.793055e+01	5.442935e-03
4.803055e+01	6.068437e-03
4.813055e+01	6.431141e-03
4.823055e+01	6.597902e-03
4.833055e+01	6.987632e-03
4.843055e+01	7.865804e-03
4.853055e+01	9.452783e-03
4.863055e+01	1.213621e-02
4.873055e+01	1.636573e-02
4.883055e+01	2.150338e-02
4.893055e+01	2.374268e-02
4.903055e+01	2.042081e-02
4.913055e+01	1.535038e-02
4.923055e+01	1.160011e-02
4.933055e+01	9.327503e-03
4.943055e+01	7.848284e-03
4.953055e+01	6.667522e-03
4.963055e+01	5.719271e-03
4.973055e+01	5.026994e-03
4.983055e+01	4.567091e-03
4.993055e+01	4.287549e-03
5.003055e+01	4.149123e-03
5.013055e+01	4.105835e-03
5.023055e+01	4.085601e-03
5.033055e+01	4.008645e-03
5.043055e+01	3.848997e-03
5.053055e+01	3.695231e-03
5.063055e+01	3.635054e-03
5.073055e+01	3.705196e-03
5.083055e+01	3.931935e-03
5.093055e+01	4.342142e-03
5.103055e+01	4.854300e-03
5.113055e+01	5.073611e-03
5.123055e+01	4.785340e-03
5.133055e+01	4.428637e-03
5.143055e+01	4.308410e-03
5.153055e+01	4.383020e-03
5.163055e+01	4.375730e-03
5.173055e+01	4.093102e-03
5.183055e+01	3.756557e-03
5.193055e+01	3.541884e-03
5.203055e+01	3.413313e-03
5.213055e+01	3.291395e-03
5.223055e+01	3.190704e-03
5.233055e+01	3.152454e-03
5.243055e+01	3.197182e-03
5.253055e+01	3.279570e-03
5.263055e+01	3.329823e-03
5.273055e+01	3.411788e-03
5.283055e+01	3.622241e-03
5.293055e+01	3.915880e-03
5.303055e+01	4.061477e-03
5.313055e+01	3.992213e-03
5.323055e+01	3.917035e-03
5.333055e+01	3.925768e-03
5.343055e+01	4.115409e-03
5.353055e+01	4.601990e-03
5.363055e+01	5.319004e-03
5.373055e+01	5.790677e-03
5.383055e+01	5.668145e-03
5.393055e+01	5.194285e-03
5.403055e+01	4.483711e-03
5.413055e+01	3.775490e-03
5.423055e+01	3.260091e-03
5.433055e+01	2.926079e-03
5.443055e+01	2.710804e-03
5.453055e+01	2.565726e-03
5.463055e+01	2.459602e-03
5.473055e+01	2.381348e-03
5.483055e+01	2.326057e-03
5.493055e+01	2.290869e-03
5.503055e+01	2.278149e-03
5.513055e+01	2.288833e-03
5.523055e+01	2.324571e-03
5.533055e+01	2.383377e-03
5.543055e+01	2.443252e-03
5.553055e+01	2.483178e-03
5.563055e+01	2.481211e-03
5.573055e+01	2.400853e-03
5.583055e+01	2.279702e-03
5.593055e+01	2.179412e-03
5.603055e+01	2.116712e-03
5.613055e+01	2.080752e-03
5.623055e+01	2.054088e-03
5.633055e+01	2.028085e-03
5.643055e+01	2.000599e-03
5.653055e+01	1.971600e-03
5.663055e+01	1.946570e-03
5.673055e+01	1.929236e-03
5.683055e+01	1.917995e-03
5.693055e+01	1.908451e-03
5.703055e+01	1.898256e-03
5.713055e+01	1.889206e-03
5.723055e+01	1.882738e-03
5.733055e+01	1.878896e-03
5.743055e+01	1.877212e-03
5.753055e+01	1.877816e-03
5.763055e+01	1.880851e-03
5.773055e+01	1.885312e-03
5.783055e+01	1.889403e-03
5.793055e+01	1.893769e-03
5.803055e+01	1.900216e-03
5.813055e+01	1.909396e-03
5.823055e+01	1.921480e-03
5.833055e+01	1.936891e-03
5.843055e+01	1.956372e-03
5.853055e+01	1.980980e-03
5.863055e+01	2.011940e-03
5.873055e+01	2.049032e-03
5.883055e+01	2.088044e-03
5.893055e+01	2.127148e-03
5.903055e+01	2.171826e-03
5.913055e+01	2.227437e-03
5.923055e+01	2.299800e-03
5.933055e+01	2.396206e-03
5.943055e+01	2.526815e-03
5.953055e+01	2.707734e-03
5.963055e+01	2.959703e-03
5.973055e+01	3.286410e-03
5.983055e+01	3.605146e-03
5.993055e+01	3.766035e-03
6.003055e+01	3.842856e-03
6.013055e+01	4.025414e-03
6.023055e+01	4.395235e-03
6.033055e+01	4.995927e-03
6.043055e+01	5.892176e-03
6.053055e+01	7.156053e-03
6.063055e+01	8.830925e-03
6.073055e+01	1.107249e-02
6.083055e+01	1.405222e-02
6.093055e+01	1.782724e-02
6.103055e+01	2.328258e-02
6.113055e+01	3.016954e-02
6.123055e+01	3.328382e-02
6.133055e+01	2.849989e-02
6.143055e+01	2.097925e-02
6.153055e+01	1.520006e-02
6.163055e+01	1.144603e-02
6.173055e+01	9.110889e-03
6.183055e+01	7.765418e-03
6.193055e+01	7.164336e-03
6.203055e+01	7.152998e-03
6.213055e+01	7.475032e-03
6.223055e+01	7.577305e-03
6.233055e+01	7.068991e-03
6.243055e+01	6.453368e-03
6.253055e+01	6.084370e-03
6.263055e+01	5.708322e-03
6.273055e+01	5.077320e-03
6.283055e+01	4.426099e-03
6.293055e+01	3.981145e-03
6.303055e+01	3.780508e-03
6.313055e+01	3.738701e-03
6.323055e+01	3.642660e-03
6.333055e+01	3.408692e-03
6.343055e+01	3.196758e-03
6.353055e+01	3.097541e-03
6.363055e+01	3.122155e-03
6.373055e+01	3.254958e-03
6.383055e+01	3.468646e-03
6.393055e+01	3.753784e-03
6.403055e+01	4.070541e-03
6.413055e+01	4.469853e-03
6.423055e+01	5.123583e-03
6.433055e+01	6.220082e-03
6.443055e+01	7.825418e-03
6.453055e+01	9.178642e-03
6.463055e+01	8.876242e-03
6.473055e+01	7.393100e-03
6.483055e+01	6.155427e-03
6.493055e+01	5.577113e-03
6.503055e+01	5.603284e-03
6.513055e+01	6.145501e-03
6.523055e+01	7.004110e-03
6.533055e+01	7.555268e-03
6.543055e+01	7.211935e-03
6.553055e+01	6.642774e-03
6.563055e+01	6.404755e-03
6.573055e+01	5.989557e-03
6.583055e+01	5.051774e-03
6.593055e+01	4.099738e-03
6.603055e+01	3.426766e-03
6.613055e+01	2.978588e-03
6.623055e+01	2.663050e-03
6.633055e+01	2.434525e-03
6.643055e+01	2.268692e-03
6.653055e+01	2.158813e-03
6.663055e+01	2.098952e-03
6.673055e+01	2.084215e-03
6.683055e+01	2.115080e-03
6.693055e+01	2.198999e-03
6.703055e+01	2.351779e-03
6.713055e+01	2.601885e-03
6.723055e+01	2.995203e-03
6.733055e+01	3.592980e-03
6.743055e+01	4.349022e-03
6.753055e+01	4.873977e-03
6.763055e+01	4.629635e-03
6.773055e+01	3.874287e-03
6.783055e+01	3.215977e-03
6.793055e+01	2.797230e-03
6.803055e+01	2.568759e-03
6.813055e+01	2.494671e-03
6.823055e+01	2.563620e-03
6.833055e+01	2.796046e-03
6.843055e+01	3.246451e-03
6.853055e+01	3.972716e-03
6.863055e+01	4.800830e-03
6.873055e+01	5.024075e-03
6.883055e+01	4.366223e-03
6.893055e+01	3.545498e-03
6.903055e+01	2.981328e-03
6.913055e+01	2.668174e-03
6.923055e+01	2.524953e-03
6.933055e+01	2.490244e-03
6.943055e+01	2.556947e-03
6.953055e+01	2.783916e-03
6.963055e+01	3.229023e-03
6.973055e+01	3.839100e-03
6.983055e+01	4.211043e-03
6.993055e+01	3.941405e-03
