#RPA-results:
#Nucleus: Ni 74
#Fermi level: -4.992964e+00	-1.506242e+01
#Excitation: 1 +
#Total number of pairs: 1032
#Number of ph-/ah-pairs: 1032/0
#Maximal excitation-energy for particle-hole-pairs: 100
#Maximal excitation-energy for antiparticle-hole-pairs: 1000
#No imaginary eigenvalues

#Parameterset: DD-PC1
#natural parity: no
#Isoscalar result:

#width: 5.000000e-01
#maximum value: 2.775289e-03
#at energy: 6.993055e+01
-9.006945e+01	4.257719e-04
-8.996945e+01	4.266508e-04
-8.986945e+01	4.275324e-04
-8.976945e+01	4.284167e-04
-8.966945e+01	4.293038e-04
-8.956945e+01	4.301936e-04
-8.946945e+01	4.310862e-04
-8.936945e+01	4.319816e-04
-8.926945e+01	4.328798e-04
-8.916945e+01	4.337808e-04
-8.906945e+01	4.346847e-04
-8.896945e+01	4.355913e-04
-8.886945e+01	4.365008e-04
-8.876945e+01	4.374132e-04
-8.866945e+01	4.383284e-04
-8.856945e+01	4.392465e-04
-8.846945e+01	4.401675e-04
-8.836945e+01	4.410915e-04
-8.826945e+01	4.420183e-04
-8.816945e+01	4.429480e-04
-8.806945e+01	4.438807e-04
-8.796945e+01	4.448164e-04
-8.786945e+01	4.457550e-04
-8.776945e+01	4.466966e-04
-8.766945e+01	4.476412e-04
-8.756945e+01	4.485888e-04
-8.746945e+01	4.495394e-04
-8.736945e+01	4.504931e-04
-8.726945e+01	4.514498e-04
-8.716945e+01	4.524095e-04
-8.706945e+01	4.533723e-04
-8.696945e+01	4.543382e-04
-8.686945e+01	4.553072e-04
-8.676945e+01	4.562793e-04
-8.666945e+01	4.572546e-04
-8.656945e+01	4.582329e-04
-8.646945e+01	4.592145e-04
-8.636945e+01	4.601991e-04
-8.626945e+01	4.611870e-04
-8.616945e+01	4.621780e-04
-8.606945e+01	4.631723e-04
-8.596945e+01	4.641697e-04
-8.586945e+01	4.651704e-04
-8.576945e+01	4.661744e-04
-8.566945e+01	4.671816e-04
-8.556945e+01	4.681921e-04
-8.546945e+01	4.692058e-04
-8.536945e+01	4.702229e-04
-8.526945e+01	4.712433e-04
-8.516945e+01	4.722670e-04
-8.506945e+01	4.732941e-04
-8.496945e+01	4.743245e-04
-8.486945e+01	4.753583e-04
-8.476945e+01	4.763955e-04
-8.466945e+01	4.774361e-04
-8.456945e+01	4.784801e-04
-8.446945e+01	4.795276e-04
-8.436945e+01	4.805785e-04
-8.426945e+01	4.816329e-04
-8.416945e+01	4.826907e-04
-8.406945e+01	4.837520e-04
-8.396945e+01	4.848169e-04
-8.386945e+01	4.858853e-04
-8.376945e+01	4.869572e-04
-8.366945e+01	4.880327e-04
-8.356945e+01	4.891118e-04
-8.346945e+01	4.901944e-04
-8.336945e+01	4.912807e-04
-8.326945e+01	4.923706e-04
-8.316945e+01	4.934641e-04
-8.306945e+01	4.945612e-04
-8.296945e+01	4.956621e-04
-8.286945e+01	4.967666e-04
-8.276945e+01	4.978748e-04
-8.266945e+01	4.989868e-04
-8.256945e+01	5.001025e-04
-8.246945e+01	5.012219e-04
-8.236945e+01	5.023452e-04
-8.226945e+01	5.034722e-04
-8.216945e+01	5.046030e-04
-8.206945e+01	5.057376e-04
-8.196945e+01	5.068761e-04
-8.186945e+01	5.080184e-04
-8.176945e+01	5.091646e-04
-8.166945e+01	5.103147e-04
-8.156945e+01	5.114687e-04
-8.146945e+01	5.126266e-04
-8.136945e+01	5.137885e-04
-8.126945e+01	5.149544e-04
-8.116945e+01	5.161242e-04
-8.106945e+01	5.172980e-04
-8.096945e+01	5.184758e-04
-8.086945e+01	5.196577e-04
-8.076945e+01	5.208436e-04
-8.066945e+01	5.220337e-04
-8.056945e+01	5.232277e-04
-8.046945e+01	5.244260e-04
-8.036945e+01	5.256283e-04
-8.026945e+01	5.268348e-04
-8.016945e+01	5.280454e-04
-8.006945e+01	5.292603e-04
-7.996945e+01	5.304793e-04
-7.986945e+01	5.317026e-04
-7.976945e+01	5.329301e-04
-7.966945e+01	5.341619e-04
-7.956945e+01	5.353980e-04
-7.946945e+01	5.366383e-04
-7.936945e+01	5.378830e-04
-7.926945e+01	5.391321e-04
-7.916945e+01	5.403855e-04
-7.906945e+01	5.416433e-04
-7.896945e+01	5.429055e-04
-7.886945e+01	5.441721e-04
-7.876945e+01	5.454432e-04
-7.866945e+01	5.467188e-04
-7.856945e+01	5.479988e-04
-7.846945e+01	5.492833e-04
-7.836945e+01	5.505724e-04
-7.826945e+01	5.518661e-04
-7.816945e+01	5.531643e-04
-7.806945e+01	5.544671e-04
-7.796945e+01	5.557745e-04
-7.786945e+01	5.570866e-04
-7.776945e+01	5.584033e-04
-7.766945e+01	5.597247e-04
-7.756945e+01	5.610508e-04
-7.746945e+01	5.623817e-04
-7.736945e+01	5.637173e-04
-7.726945e+01	5.650577e-04
-7.716945e+01	5.664029e-04
-7.706945e+01	5.677529e-04
-7.696945e+01	5.691077e-04
-7.686945e+01	5.704674e-04
-7.676945e+01	5.718320e-04
-7.666945e+01	5.732015e-04
-7.656945e+01	5.745760e-04
-7.646945e+01	5.759554e-04
-7.636945e+01	5.773398e-04
-7.626945e+01	5.787292e-04
-7.616945e+01	5.801236e-04
-7.606945e+01	5.815231e-04
-7.596945e+01	5.829277e-04
-7.586945e+01	5.843374e-04
-7.576945e+01	5.857522e-04
-7.566945e+01	5.871722e-04
-7.556945e+01	5.885974e-04
-7.546945e+01	5.900277e-04
-7.536945e+01	5.914633e-04
-7.526945e+01	5.929042e-04
-7.516945e+01	5.943504e-04
-7.506945e+01	5.958018e-04
-7.496945e+01	5.972586e-04
-7.486945e+01	5.987208e-04
-7.476945e+01	6.001883e-04
-7.466945e+01	6.016613e-04
-7.456945e+01	6.031397e-04
-7.446945e+01	6.046236e-04
-7.436945e+01	6.061129e-04
-7.426945e+01	6.076078e-04
-7.416945e+01	6.091083e-04
-7.406945e+01	6.106143e-04
-7.396945e+01	6.121260e-04
-7.386945e+01	6.136432e-04
-7.376945e+01	6.151662e-04
-7.366945e+01	6.166948e-04
-7.356945e+01	6.182291e-04
-7.346945e+01	6.197692e-04
-7.336945e+01	6.213151e-04
-7.326945e+01	6.228668e-04
-7.316945e+01	6.244243e-04
-7.306945e+01	6.259877e-04
-7.296945e+01	6.275569e-04
-7.286945e+01	6.291321e-04
-7.276945e+01	6.307133e-04
-7.266945e+01	6.323004e-04
-7.256945e+01	6.338935e-04
-7.246945e+01	6.354927e-04
-7.236945e+01	6.370980e-04
-7.226945e+01	6.387094e-04
-7.216945e+01	6.403269e-04
-7.206945e+01	6.419506e-04
-7.196945e+01	6.435804e-04
-7.186945e+01	6.452166e-04
-7.176945e+01	6.468589e-04
-7.166945e+01	6.485076e-04
-7.156945e+01	6.501626e-04
-7.146945e+01	6.518240e-04
-7.136945e+01	6.534917e-04
-7.126945e+01	6.551659e-04
-7.116945e+01	6.568465e-04
-7.106945e+01	6.585337e-04
-7.096945e+01	6.602273e-04
-7.086945e+01	6.619276e-04
-7.076945e+01	6.636344e-04
-7.066945e+01	6.653478e-04
-7.056945e+01	6.670679e-04
-7.046945e+01	6.687947e-04
-7.036945e+01	6.705283e-04
-7.026945e+01	6.722686e-04
-7.016945e+01	6.740157e-04
-7.006945e+01	6.757696e-04
-6.996945e+01	6.775305e-04
-6.986945e+01	6.792982e-04
-6.976945e+01	6.810729e-04
-6.966945e+01	6.828545e-04
-6.956945e+01	6.846432e-04
-6.946945e+01	6.864390e-04
-6.936945e+01	6.882418e-04
-6.926945e+01	6.900518e-04
-6.916945e+01	6.918689e-04
-6.906945e+01	6.936933e-04
-6.896945e+01	6.955249e-04
-6.886945e+01	6.973637e-04
-6.876945e+01	6.992099e-04
-6.866945e+01	7.010635e-04
-6.856945e+01	7.029245e-04
-6.846945e+01	7.047929e-04
-6.836945e+01	7.066688e-04
-6.826945e+01	7.085522e-04
-6.816945e+01	7.104432e-04
-6.806945e+01	7.123417e-04
-6.796945e+01	7.142480e-04
-6.786945e+01	7.161619e-04
-6.776945e+01	7.180835e-04
-6.766945e+01	7.200129e-04
-6.756945e+01	7.219501e-04
-6.746945e+01	7.238952e-04
-6.736945e+01	7.258481e-04
-6.726945e+01	7.278090e-04
-6.716945e+01	7.297779e-04
-6.706945e+01	7.317548e-04
-6.696945e+01	7.337398e-04
-6.686945e+01	7.357329e-04
-6.676945e+01	7.377341e-04
-6.666945e+01	7.397435e-04
-6.656945e+01	7.417612e-04
-6.646945e+01	7.437872e-04
-6.636945e+01	7.458215e-04
-6.626945e+01	7.478642e-04
-6.616945e+01	7.499154e-04
-6.606945e+01	7.519750e-04
-6.596945e+01	7.540431e-04
-6.586945e+01	7.561198e-04
-6.576945e+01	7.582051e-04
-6.566945e+01	7.602991e-04
-6.556945e+01	7.624018e-04
-6.546945e+01	7.645133e-04
-6.536945e+01	7.666335e-04
-6.526945e+01	7.687627e-04
-6.516945e+01	7.709007e-04
-6.506945e+01	7.730477e-04
-6.496945e+01	7.752038e-04
-6.486945e+01	7.773688e-04
-6.476945e+01	7.795430e-04
-6.466945e+01	7.817264e-04
-6.456945e+01	7.839190e-04
-6.446945e+01	7.861208e-04
-6.436945e+01	7.883320e-04
-6.426945e+01	7.905525e-04
-6.416945e+01	7.927825e-04
-6.406945e+01	7.950219e-04
-6.396945e+01	7.972709e-04
-6.386945e+01	7.995295e-04
-6.376945e+01	8.017977e-04
-6.366945e+01	8.040756e-04
-6.356945e+01	8.063632e-04
-6.346945e+01	8.086607e-04
-6.336945e+01	8.109680e-04
-6.326945e+01	8.132853e-04
-6.316945e+01	8.156125e-04
-6.306945e+01	8.179498e-04
-6.296945e+01	8.202972e-04
-6.286945e+01	8.226547e-04
-6.276945e+01	8.250225e-04
-6.266945e+01	8.274005e-04
-6.256945e+01	8.297888e-04
-6.246945e+01	8.321875e-04
-6.236945e+01	8.345967e-04
-6.226945e+01	8.370164e-04
-6.216945e+01	8.394467e-04
-6.206945e+01	8.418876e-04
-6.196945e+01	8.443392e-04
-6.186945e+01	8.468016e-04
-6.176945e+01	8.492748e-04
-6.166945e+01	8.517589e-04
-6.156945e+01	8.542540e-04
-6.146945e+01	8.567600e-04
-6.136945e+01	8.592772e-04
-6.126945e+01	8.618055e-04
-6.116945e+01	8.643450e-04
-6.106945e+01	8.668958e-04
-6.096945e+01	8.694579e-04
-6.086945e+01	8.720315e-04
-6.076945e+01	8.746165e-04
-6.066945e+01	8.772131e-04
-6.056945e+01	8.798214e-04
-6.046945e+01	8.824413e-04
-6.036945e+01	8.850730e-04
-6.026945e+01	8.877165e-04
-6.016945e+01	8.903719e-04
-6.006945e+01	8.930393e-04
-5.996945e+01	8.957187e-04
-5.986945e+01	8.984103e-04
-5.976945e+01	9.011141e-04
-5.966945e+01	9.038301e-04
-5.956945e+01	9.065585e-04
-5.946945e+01	9.092993e-04
-5.936945e+01	9.120526e-04
-5.926945e+01	9.148184e-04
-5.916945e+01	9.175969e-04
-5.906945e+01	9.203882e-04
-5.896945e+01	9.231922e-04
-5.886945e+01	9.260092e-04
-5.876945e+01	9.288391e-04
-5.866945e+01	9.316820e-04
-5.856945e+01	9.345380e-04
-5.846945e+01	9.374073e-04
-5.836945e+01	9.402899e-04
-5.826945e+01	9.431858e-04
-5.816945e+01	9.460951e-04
-5.806945e+01	9.490180e-04
-5.796945e+01	9.519546e-04
-5.786945e+01	9.549048e-04
-5.776945e+01	9.578688e-04
-5.766945e+01	9.608467e-04
-5.756945e+01	9.638386e-04
-5.746945e+01	9.668445e-04
-5.736945e+01	9.698645e-04
-5.726945e+01	9.728988e-04
-5.716945e+01	9.759474e-04
-5.706945e+01	9.790104e-04
-5.696945e+01	9.820880e-04
-5.686945e+01	9.851801e-04
-5.676945e+01	9.882869e-04
-5.666945e+01	9.914084e-04
-5.656945e+01	9.945449e-04
-5.646945e+01	9.976963e-04
-5.636945e+01	1.000863e-03
-5.626945e+01	1.004044e-03
-5.616945e+01	1.007241e-03
-5.606945e+01	1.010454e-03
-5.596945e+01	1.013681e-03
-5.586945e+01	1.016925e-03
-5.576945e+01	1.020184e-03
-5.566945e+01	1.023458e-03
-5.556945e+01	1.026749e-03
-5.546945e+01	1.030055e-03
-5.536945e+01	1.033378e-03
-5.526945e+01	1.036717e-03
-5.516945e+01	1.040072e-03
-5.506945e+01	1.043443e-03
-5.496945e+01	1.046831e-03
-5.486945e+01	1.050235e-03
-5.476945e+01	1.053657e-03
-5.466945e+01	1.057095e-03
-5.456945e+01	1.060550e-03
-5.446945e+01	1.064022e-03
-5.436945e+01	1.067511e-03
-5.426945e+01	1.071017e-03
-5.416945e+01	1.074541e-03
-5.406945e+01	1.078082e-03
-5.396945e+01	1.081641e-03
-5.386945e+01	1.085218e-03
-5.376945e+01	1.088812e-03
-5.366945e+01	1.092425e-03
-5.356945e+01	1.096055e-03
-5.346945e+01	1.099704e-03
-5.336945e+01	1.103371e-03
-5.326945e+01	1.107057e-03
-5.316945e+01	1.110761e-03
-5.306945e+01	1.114484e-03
-5.296945e+01	1.118226e-03
-5.286945e+01	1.121986e-03
-5.276945e+01	1.125766e-03
-5.266945e+01	1.129565e-03
-5.256945e+01	1.133383e-03
-5.246945e+01	1.137221e-03
-5.236945e+01	1.141078e-03
-5.226945e+01	1.144956e-03
-5.216945e+01	1.148853e-03
-5.206945e+01	1.152770e-03
-5.196945e+01	1.156707e-03
-5.186945e+01	1.160665e-03
-5.176945e+01	1.164643e-03
-5.166945e+01	1.168641e-03
-5.156945e+01	1.172660e-03
-5.146945e+01	1.176701e-03
-5.136945e+01	1.180762e-03
-5.126945e+01	1.184844e-03
-5.116945e+01	1.188948e-03
-5.106945e+01	1.193073e-03
-5.096945e+01	1.197220e-03
-5.086945e+01	1.201388e-03
-5.076945e+01	1.205579e-03
-5.066945e+01	1.209791e-03
-5.056945e+01	1.214026e-03
-5.046945e+01	1.218283e-03
-5.036945e+01	1.222563e-03
-5.026945e+01	1.226865e-03
-5.016945e+01	1.231191e-03
-5.006945e+01	1.235539e-03
-4.996945e+01	1.239910e-03
-4.986945e+01	1.244305e-03
-4.976945e+01	1.248724e-03
-4.966945e+01	1.253166e-03
-4.956945e+01	1.257632e-03
-4.946945e+01	1.262122e-03
-4.936945e+01	1.266636e-03
-4.926945e+01	1.271174e-03
-4.916945e+01	1.275737e-03
-4.906945e+01	1.280325e-03
-4.896945e+01	1.284938e-03
-4.886945e+01	1.289576e-03
-4.876945e+01	1.294239e-03
-4.866945e+01	1.298928e-03
-4.856945e+01	1.303642e-03
-4.846945e+01	1.308383e-03
-4.836945e+01	1.313149e-03
-4.826945e+01	1.317941e-03
-4.816945e+01	1.322760e-03
-4.806945e+01	1.327606e-03
-4.796945e+01	1.332478e-03
-4.786945e+01	1.337378e-03
-4.776945e+01	1.342304e-03
-4.766945e+01	1.347258e-03
-4.756945e+01	1.352240e-03
-4.746945e+01	1.357249e-03
-4.736945e+01	1.362287e-03
-4.726945e+01	1.367353e-03
-4.716945e+01	1.372447e-03
-4.706945e+01	1.377570e-03
-4.696945e+01	1.382722e-03
-4.686945e+01	1.387903e-03
-4.676945e+01	1.393113e-03
-4.666945e+01	1.398353e-03
-4.656945e+01	1.403623e-03
-4.646945e+01	1.408922e-03
-4.636945e+01	1.414252e-03
-4.626945e+01	1.419613e-03
-4.616945e+01	1.425004e-03
-4.606945e+01	1.430426e-03
-4.596945e+01	1.435879e-03
-4.586945e+01	1.441364e-03
-4.576945e+01	1.446881e-03
-4.566945e+01	1.452429e-03
-4.556945e+01	1.458009e-03
-4.546945e+01	1.463622e-03
-4.536945e+01	1.469268e-03
-4.526945e+01	1.474946e-03
-4.516945e+01	1.480658e-03
-4.506945e+01	1.486403e-03
-4.496945e+01	1.492182e-03
-4.486945e+01	1.497995e-03
-4.476945e+01	1.503842e-03
-4.466945e+01	1.509724e-03
-4.456945e+01	1.515640e-03
-4.446945e+01	1.521592e-03
-4.436945e+01	1.527578e-03
-4.426945e+01	1.533601e-03
-4.416945e+01	1.539659e-03
-4.406945e+01	1.545754e-03
-4.396945e+01	1.551885e-03
-4.386945e+01	1.558053e-03
-4.376945e+01	1.564258e-03
-4.366945e+01	1.570500e-03
-4.356945e+01	1.576780e-03
-4.346945e+01	1.583098e-03
-4.336945e+01	1.589454e-03
-4.326945e+01	1.595849e-03
-4.316945e+01	1.602283e-03
-4.306945e+01	1.608756e-03
-4.296945e+01	1.615268e-03
-4.286945e+01	1.621821e-03
-4.276945e+01	1.628414e-03
-4.266945e+01	1.635047e-03
-4.256945e+01	1.641721e-03
-4.246945e+01	1.648437e-03
-4.236945e+01	1.655194e-03
-4.226945e+01	1.661993e-03
-4.216945e+01	1.668834e-03
-4.206945e+01	1.675718e-03
-4.196945e+01	1.682644e-03
-4.186945e+01	1.689614e-03
-4.176945e+01	1.696628e-03
-4.166945e+01	1.703686e-03
-4.156945e+01	1.710789e-03
-4.146945e+01	1.717936e-03
-4.136945e+01	1.725128e-03
-4.126945e+01	1.732366e-03
-4.116945e+01	1.739650e-03
-4.106945e+01	1.746980e-03
-4.096945e+01	1.754357e-03
-4.086945e+01	1.761782e-03
-4.076945e+01	1.769254e-03
-4.066945e+01	1.776773e-03
-4.056945e+01	1.784342e-03
-4.046945e+01	1.791959e-03
-4.036945e+01	1.799625e-03
-4.026945e+01	1.807341e-03
-4.016945e+01	1.815107e-03
-4.006945e+01	1.822924e-03
-3.996945e+01	1.830791e-03
-3.986945e+01	1.838710e-03
-3.976945e+01	1.846681e-03
-3.966945e+01	1.854704e-03
-3.956945e+01	1.862780e-03
-3.946945e+01	1.870910e-03
-3.936945e+01	1.879093e-03
-3.926945e+01	1.887330e-03
-3.916945e+01	1.895622e-03
-3.906945e+01	1.903970e-03
-3.896945e+01	1.912372e-03
-3.886945e+01	1.920832e-03
-3.876945e+01	1.929347e-03
-3.866945e+01	1.937920e-03
-3.856945e+01	1.946551e-03
-3.846945e+01	1.955240e-03
-3.836945e+01	1.963988e-03
-3.826945e+01	1.972795e-03
-3.816945e+01	1.981662e-03
-3.806945e+01	1.990590e-03
-3.796945e+01	1.999578e-03
-3.786945e+01	2.008628e-03
-3.776945e+01	2.017740e-03
-3.766945e+01	2.026915e-03
-3.756945e+01	2.036153e-03
-3.746945e+01	2.045454e-03
-3.736945e+01	2.054821e-03
-3.726945e+01	2.064252e-03
-3.716945e+01	2.073749e-03
-3.706945e+01	2.083312e-03
-3.696945e+01	2.092942e-03
-3.686945e+01	2.102640e-03
-3.676945e+01	2.112405e-03
-3.666945e+01	2.122240e-03
-3.656945e+01	2.132144e-03
-3.646945e+01	2.142118e-03
-3.636945e+01	2.152163e-03
-3.626945e+01	2.162279e-03
-3.616945e+01	2.172467e-03
-3.606945e+01	2.182729e-03
-3.596945e+01	2.193063e-03
-3.586945e+01	2.203473e-03
-3.576945e+01	2.213957e-03
-3.566945e+01	2.224516e-03
-3.556945e+01	2.235152e-03
-3.546945e+01	2.245866e-03
-3.536945e+01	2.256657e-03
-3.526945e+01	2.267527e-03
-3.516945e+01	2.278477e-03
-3.506945e+01	2.289506e-03
-3.496945e+01	2.300617e-03
-3.486945e+01	2.311810e-03
-3.476945e+01	2.323085e-03
-3.466945e+01	2.334444e-03
-3.456945e+01	2.345887e-03
-3.446945e+01	2.357415e-03
-3.436945e+01	2.369030e-03
-3.426945e+01	2.380731e-03
-3.416945e+01	2.392520e-03
-3.406945e+01	2.404398e-03
-3.396945e+01	2.416365e-03
-3.386945e+01	2.428423e-03
-3.376945e+01	2.440572e-03
-3.366945e+01	2.452813e-03
-3.356945e+01	2.465148e-03
-3.346945e+01	2.477577e-03
-3.336945e+01	2.490101e-03
-3.326945e+01	2.502722e-03
-3.316945e+01	2.515439e-03
-3.306945e+01	2.528255e-03
-3.296945e+01	2.541170e-03
-3.286945e+01	2.554186e-03
-3.276945e+01	2.567302e-03
-3.266945e+01	2.580522e-03
-3.256945e+01	2.593844e-03
-3.246945e+01	2.607271e-03
-3.236945e+01	2.620804e-03
-3.226945e+01	2.634444e-03
-3.216945e+01	2.648191e-03
-3.206945e+01	2.662048e-03
-3.196945e+01	2.676015e-03
-3.186945e+01	2.690093e-03
-3.176945e+01	2.704284e-03
-3.166945e+01	2.718589e-03
-3.156945e+01	2.733009e-03
-3.146945e+01	2.747545e-03
-3.136945e+01	2.762199e-03
-3.126945e+01	2.776972e-03
-3.116945e+01	2.791865e-03
-3.106945e+01	2.806880e-03
-3.096945e+01	2.822017e-03
-3.086945e+01	2.837279e-03
-3.076945e+01	2.852667e-03
-3.066945e+01	2.868181e-03
-3.056945e+01	2.883824e-03
-3.046945e+01	2.899597e-03
-3.036945e+01	2.915501e-03
-3.026945e+01	2.931538e-03
-3.016945e+01	2.947709e-03
-3.006945e+01	2.964016e-03
-2.996945e+01	2.980460e-03
-2.986945e+01	2.997044e-03
-2.976945e+01	3.013768e-03
-2.966945e+01	3.030634e-03
-2.956945e+01	3.047644e-03
-2.946945e+01	3.064799e-03
-2.936945e+01	3.082102e-03
-2.926945e+01	3.099553e-03
-2.916945e+01	3.117155e-03
-2.906945e+01	3.134910e-03
-2.896945e+01	3.152818e-03
-2.886945e+01	3.170883e-03
-2.876945e+01	3.189105e-03
-2.866945e+01	3.207487e-03
-2.856945e+01	3.226030e-03
-2.846945e+01	3.244737e-03
-2.836945e+01	3.263609e-03
-2.826945e+01	3.282649e-03
-2.816945e+01	3.301858e-03
-2.806945e+01	3.321239e-03
-2.796945e+01	3.340793e-03
-2.786945e+01	3.360523e-03
-2.776945e+01	3.380431e-03
-2.766945e+01	3.400518e-03
-2.756945e+01	3.420788e-03
-2.746945e+01	3.441242e-03
-2.736945e+01	3.461883e-03
-2.726945e+01	3.482713e-03
-2.716945e+01	3.503734e-03
-2.706945e+01	3.524949e-03
-2.696945e+01	3.546360e-03
-2.686945e+01	3.567970e-03
-2.676945e+01	3.589781e-03
-2.666945e+01	3.611795e-03
-2.656945e+01	3.634016e-03
-2.646945e+01	3.656445e-03
-2.636945e+01	3.679086e-03
-2.626945e+01	3.701942e-03
-2.616945e+01	3.725014e-03
-2.606945e+01	3.748306e-03
-2.596945e+01	3.771821e-03
-2.586945e+01	3.795562e-03
-2.576945e+01	3.819530e-03
-2.566945e+01	3.843731e-03
-2.556945e+01	3.868165e-03
-2.546945e+01	3.892838e-03
-2.536945e+01	3.917751e-03
-2.526945e+01	3.942908e-03
-2.516945e+01	3.968312e-03
-2.506945e+01	3.993967e-03
-2.496945e+01	4.019875e-03
-2.486945e+01	4.046041e-03
-2.476945e+01	4.072467e-03
-2.466945e+01	4.099158e-03
-2.456945e+01	4.126117e-03
-2.446945e+01	4.153347e-03
-2.436945e+01	4.180852e-03
-2.426945e+01	4.208637e-03
-2.416945e+01	4.236704e-03
-2.406945e+01	4.265058e-03
-2.396945e+01	4.293703e-03
-2.386945e+01	4.322642e-03
-2.376945e+01	4.351881e-03
-2.366945e+01	4.381423e-03
-2.356945e+01	4.411272e-03
-2.346945e+01	4.441433e-03
-2.336945e+01	4.471911e-03
-2.326945e+01	4.502709e-03
-2.316945e+01	4.533832e-03
-2.306945e+01	4.565286e-03
-2.296945e+01	4.597075e-03
-2.286945e+01	4.629203e-03
-2.276945e+01	4.661676e-03
-2.266945e+01	4.694499e-03
-2.256945e+01	4.727676e-03
-2.246945e+01	4.761214e-03
-2.236945e+01	4.795117e-03
-2.226945e+01	4.829391e-03
-2.216945e+01	4.864042e-03
-2.206945e+01	4.899074e-03
-2.196945e+01	4.934494e-03
-2.186945e+01	4.970308e-03
-2.176945e+01	5.006522e-03
-2.166945e+01	5.043141e-03
-2.156945e+01	5.080173e-03
-2.146945e+01	5.117622e-03
-2.136945e+01	5.155497e-03
-2.126945e+01	5.193803e-03
-2.116945e+01	5.232546e-03
-2.106945e+01	5.271735e-03
-2.096945e+01	5.311376e-03
-2.086945e+01	5.351475e-03
-2.076945e+01	5.392041e-03
-2.066945e+01	5.433081e-03
-2.056945e+01	5.474602e-03
-2.046945e+01	5.516612e-03
-2.036945e+01	5.559119e-03
-2.026945e+01	5.602131e-03
-2.016945e+01	5.645656e-03
-2.006945e+01	5.689703e-03
-1.996945e+01	5.734280e-03
-1.986945e+01	5.779396e-03
-1.976945e+01	5.825059e-03
-1.966945e+01	5.871280e-03
-1.956945e+01	5.918067e-03
-1.946945e+01	5.965429e-03
-1.936945e+01	6.013378e-03
-1.926945e+01	6.061921e-03
-1.916945e+01	6.111071e-03
-1.906945e+01	6.160836e-03
-1.896945e+01	6.211228e-03
-1.886945e+01	6.262257e-03
-1.876945e+01	6.313935e-03
-1.866945e+01	6.366272e-03
-1.856945e+01	6.419281e-03
-1.846945e+01	6.472974e-03
-1.836945e+01	6.527361e-03
-1.826945e+01	6.582457e-03
-1.816945e+01	6.638273e-03
-1.806945e+01	6.694822e-03
-1.796945e+01	6.752118e-03
-1.786945e+01	6.810174e-03
-1.776945e+01	6.869005e-03
-1.766945e+01	6.928623e-03
-1.756945e+01	6.989045e-03
-1.746945e+01	7.050285e-03
-1.736945e+01	7.112357e-03
-1.726945e+01	7.175278e-03
-1.716945e+01	7.239064e-03
-1.706945e+01	7.303732e-03
-1.696945e+01	7.369297e-03
-1.686945e+01	7.435777e-03
-1.676945e+01	7.503190e-03
-1.666945e+01	7.571554e-03
-1.656945e+01	7.640887e-03
-1.646945e+01	7.711209e-03
-1.636945e+01	7.782538e-03
-1.626945e+01	7.854896e-03
-1.616945e+01	7.928302e-03
-1.606945e+01	8.002777e-03
-1.596945e+01	8.078343e-03
-1.586945e+01	8.155022e-03
-1.576945e+01	8.232837e-03
-1.566945e+01	8.311811e-03
-1.556945e+01	8.391968e-03
-1.546945e+01	8.473333e-03
-1.536945e+01	8.555930e-03
-1.526945e+01	8.639787e-03
-1.516945e+01	8.724928e-03
-1.506945e+01	8.811383e-03
-1.496945e+01	8.899178e-03
-1.486945e+01	8.988343e-03
-1.476945e+01	9.078908e-03
-1.466945e+01	9.170902e-03
-1.456945e+01	9.264358e-03
-1.446945e+01	9.359308e-03
-1.436945e+01	9.455785e-03
-1.426945e+01	9.553823e-03
-1.416945e+01	9.653457e-03
-1.406945e+01	9.754723e-03
-1.396945e+01	9.857660e-03
-1.386945e+01	9.962305e-03
-1.376945e+01	1.006870e-02
-1.366945e+01	1.017688e-02
-1.356945e+01	1.028689e-02
-1.346945e+01	1.039878e-02
-1.336945e+01	1.051258e-02
-1.326945e+01	1.062835e-02
-1.316945e+01	1.074613e-02
-1.306945e+01	1.086597e-02
-1.296945e+01	1.098793e-02
-1.286945e+01	1.111205e-02
-1.276945e+01	1.123838e-02
-1.266945e+01	1.136699e-02
-1.256945e+01	1.149793e-02
-1.246945e+01	1.163125e-02
-1.236945e+01	1.176703e-02
-1.226945e+01	1.190532e-02
-1.216945e+01	1.204620e-02
-1.206945e+01	1.218972e-02
-1.196945e+01	1.233596e-02
-1.186945e+01	1.248498e-02
-1.176945e+01	1.263688e-02
-1.166945e+01	1.279171e-02
-1.156945e+01	1.294957e-02
-1.146945e+01	1.311053e-02
-1.136945e+01	1.327469e-02
-1.126945e+01	1.344213e-02
-1.116945e+01	1.361295e-02
-1.106945e+01	1.378723e-02
-1.096945e+01	1.396509e-02
-1.086945e+01	1.414663e-02
-1.076945e+01	1.433194e-02
-1.066945e+01	1.452115e-02
-1.056945e+01	1.471438e-02
-1.046945e+01	1.491173e-02
-1.036945e+01	1.511334e-02
-1.026945e+01	1.531934e-02
-1.016945e+01	1.552987e-02
-1.006945e+01	1.574506e-02
-9.969451e+00	1.596507e-02
-9.869451e+00	1.619004e-02
-9.769451e+00	1.642014e-02
-9.669451e+00	1.665554e-02
-9.569451e+00	1.689640e-02
-9.469451e+00	1.714292e-02
-9.369451e+00	1.739528e-02
-9.269451e+00	1.765369e-02
-9.169451e+00	1.791834e-02
-9.069451e+00	1.818945e-02
-8.969451e+00	1.846726e-02
-8.869451e+00	1.875201e-02
-8.769451e+00	1.904393e-02
-8.669451e+00	1.934330e-02
-8.569451e+00	1.965038e-02
-8.469451e+00	1.996547e-02
-8.369451e+00	2.028887e-02
-8.269451e+00	2.062090e-02
-8.169451e+00	2.096189e-02
-8.069451e+00	2.131219e-02
-7.969451e+00	2.167217e-02
-7.869451e+00	2.204223e-02
-7.769451e+00	2.242278e-02
-7.669451e+00	2.281424e-02
-7.569451e+00	2.321709e-02
-7.469451e+00	2.363180e-02
-7.369451e+00	2.405889e-02
-7.269451e+00	2.449891e-02
-7.169451e+00	2.495243e-02
-7.069451e+00	2.542005e-02
-6.969451e+00	2.590245e-02
-6.869451e+00	2.640029e-02
-6.769451e+00	2.691433e-02
-6.669451e+00	2.744534e-02
-6.569451e+00	2.799415e-02
-6.469451e+00	2.856168e-02
-6.369451e+00	2.914886e-02
-6.269451e+00	2.975672e-02
-6.169451e+00	3.038635e-02
-6.069451e+00	3.103895e-02
-5.969451e+00	3.171577e-02
-5.869451e+00	3.241817e-02
-5.769451e+00	3.314764e-02
-5.669451e+00	3.390575e-02
-5.569451e+00	3.469424e-02
-5.469451e+00	3.551498e-02
-5.369451e+00	3.637000e-02
-5.269451e+00	3.726151e-02
-5.169451e+00	3.819193e-02
-5.069451e+00	3.916391e-02
-4.969451e+00	4.018036e-02
-4.869451e+00	4.124448e-02
-4.769451e+00	4.235978e-02
-4.669451e+00	4.353019e-02
-4.569451e+00	4.476003e-02
-4.469451e+00	4.605415e-02
-4.369451e+00	4.741795e-02
-4.269451e+00	4.885750e-02
-4.169451e+00	5.037964e-02
-4.069451e+00	5.199215e-02
-3.969451e+00	5.370383e-02
-3.869451e+00	5.552481e-02
-3.769451e+00	5.746671e-02
-3.669451e+00	5.954299e-02
-3.569451e+00	6.176934e-02
-3.469451e+00	6.416418e-02
-3.369451e+00	6.674928e-02
-3.269451e+00	6.955064e-02
-3.169451e+00	7.259950e-02
-3.069451e+00	7.593388e-02
-2.969451e+00	7.960046e-02
-2.869451e+00	8.365727e-02
-2.769451e+00	8.817738e-02
-2.669451e+00	9.325412e-02
-2.569451e+00	9.900851e-02
-2.469451e+00	1.056003e-01
-2.369451e+00	1.132441e-01
-2.269451e+00	1.222349e-01
-2.169451e+00	1.329871e-01
-2.069451e+00	1.460988e-01
-1.969451e+00	1.624580e-01
-1.869451e+00	1.834265e-01
-1.769451e+00	2.111671e-01
-1.669451e+00	2.492433e-01
-1.569451e+00	3.037350e-01
-1.469451e+00	3.852401e-01
-1.369451e+00	5.117335e-01
-1.269451e+00	7.077024e-01
-1.169451e+00	9.724930e-01
-1.069451e+00	1.174000e+00
-9.694509e-01	1.103674e+00
-8.694509e-01	8.619539e-01
-7.694509e-01	6.542279e-01
-6.694509e-01	5.259650e-01
-5.694509e-01	4.576770e-01
-4.694509e-01	4.298126e-01
-3.694509e-01	4.315249e-01
-2.694509e-01	4.574603e-01
-1.694509e-01	5.070858e-01
-6.945093e-02	5.815180e-01
3.054907e-02	6.731588e-01
1.305491e-01	7.895511e-01
2.305491e-01	9.392909e-01
3.305491e-01	1.058518e+00
4.305491e-01	1.114704e+00
5.305491e-01	1.181978e+00
6.305491e-01	1.240706e+00
7.305491e-01	1.252429e+00
8.305491e-01	1.318255e+00
9.305491e-01	1.526828e+00
1.030549e+00	1.860365e+00
1.130549e+00	2.103522e+00
1.230549e+00	2.041717e+00
1.330549e+00	1.889154e+00
1.430549e+00	1.898268e+00
1.530549e+00	2.150222e+00
1.630549e+00	2.674576e+00
1.730549e+00	3.367498e+00
1.830549e+00	3.743287e+00
1.930549e+00	3.496017e+00
2.030549e+00	3.134531e+00
2.130549e+00	3.064721e+00
2.230549e+00	3.376888e+00
2.330549e+00	4.141251e+00
2.430549e+00	5.537259e+00
2.530549e+00	7.870172e+00
2.630549e+00	1.127404e+01
2.730549e+00	1.441358e+01
2.830549e+00	1.417180e+01
2.930549e+00	1.089340e+01
3.030549e+00	7.634862e+00
3.130549e+00	5.341647e+00
3.230549e+00	3.808107e+00
3.330549e+00	2.798407e+00
3.430549e+00	2.130341e+00
3.530549e+00	1.676832e+00
3.630549e+00	1.358915e+00
3.730549e+00	1.129112e+00
3.830549e+00	9.585611e-01
3.930549e+00	8.292248e-01
4.030549e+00	7.294936e-01
4.130549e+00	6.517070e-01
4.230549e+00	5.907246e-01
4.330549e+00	5.430844e-01
4.430549e+00	5.066029e-01
4.530549e+00	4.797999e-01
4.630549e+00	4.597920e-01
4.730549e+00	4.410559e-01
4.830549e+00	4.225307e-01
4.930549e+00	4.085700e-01
5.030549e+00	4.015174e-01
5.130549e+00	4.020461e-01
5.230549e+00	4.112532e-01
5.330549e+00	4.313603e-01
5.430549e+00	4.664159e-01
5.530549e+00	5.195116e-01
5.630549e+00	5.736262e-01
5.730549e+00	5.832877e-01
5.830549e+00	5.496330e-01
5.930549e+00	5.188913e-01
6.030549e+00	5.088007e-01
6.130549e+00	5.176752e-01
6.230549e+00	5.423270e-01
6.330549e+00	5.818840e-01
6.430549e+00	6.378534e-01
6.530549e+00	7.141492e-01
6.630549e+00	8.177370e-01
6.730549e+00	9.601948e-01
6.830549e+00	1.160793e+00
6.930549e+00	1.452340e+00
7.030549e+00	1.892029e+00
7.130549e+00	2.579274e+00
7.230549e+00	3.669191e+00
7.330549e+00	5.282927e+00
7.430549e+00	6.983656e+00
7.530549e+00	7.281414e+00
7.630549e+00	5.834529e+00
7.730549e+00	4.155760e+00
7.830549e+00	2.978378e+00
7.930549e+00	2.252313e+00
8.030549e+00	1.813990e+00
8.130549e+00	1.550687e+00
8.230549e+00	1.397572e+00
8.330549e+00	1.318640e+00
8.430549e+00	1.294216e+00
8.530549e+00	1.314232e+00
8.630549e+00	1.374826e+00
8.730549e+00	1.476811e+00
8.830549e+00	1.625332e+00
8.930549e+00	1.830464e+00
9.030549e+00	2.108890e+00
9.130549e+00	2.487154e+00
9.230549e+00	3.007596e+00
9.330549e+00	3.739190e+00
9.430549e+00	4.797638e+00
9.530549e+00	6.382487e+00
9.630549e+00	8.840289e+00
9.730549e+00	1.272976e+01
9.830549e+00	1.862192e+01
9.930549e+00	2.556848e+01
1.003055e+01	2.879714e+01
1.013055e+01	2.603690e+01
1.023055e+01	2.235867e+01
1.033055e+01	1.979332e+01
1.043055e+01	1.621979e+01
1.053055e+01	1.186673e+01
1.063055e+01	8.418568e+00
1.073055e+01	6.133066e+00
1.083055e+01	4.638817e+00
1.093055e+01	3.617907e+00
1.103055e+01	2.910941e+00
1.113055e+01	2.424651e+00
1.123055e+01	2.073764e+00
1.133055e+01	1.775158e+00
1.143055e+01	1.509812e+00
1.153055e+01	1.299803e+00
1.163055e+01	1.145873e+00
1.173055e+01	1.032433e+00
1.183055e+01	9.326324e-01
1.193055e+01	8.277558e-01
1.203055e+01	7.293662e-01
1.213055e+01	6.471278e-01
1.223055e+01	5.787848e-01
1.233055e+01	5.218994e-01
1.243055e+01	4.744916e-01
1.253055e+01	4.343865e-01
1.263055e+01	3.997699e-01
1.273055e+01	3.695182e-01
1.283055e+01	3.429562e-01
1.293055e+01	3.195139e-01
1.303055e+01	2.987471e-01
1.313055e+01	2.803317e-01
1.323055e+01	2.640360e-01
1.333055e+01	2.496969e-01
1.343055e+01	2.371693e-01
1.353055e+01	2.264346e-01
1.363055e+01	2.176113e-01
1.373055e+01	2.104217e-01
1.383055e+01	2.041075e-01
1.393055e+01	1.961280e-01
1.403055e+01	1.844691e-01
1.413055e+01	1.720487e-01
1.423055e+01	1.613403e-01
1.433055e+01	1.524906e-01
1.443055e+01	1.450775e-01
1.453055e+01	1.387525e-01
1.463055e+01	1.331038e-01
1.473055e+01	1.275063e-01
1.483055e+01	1.218492e-01
1.493055e+01	1.165426e-01
1.503055e+01	1.117239e-01
1.513055e+01	1.073281e-01
1.523055e+01	1.032750e-01
1.533055e+01	9.950647e-02
1.543055e+01	9.598216e-02
1.553055e+01	9.267313e-02
1.563055e+01	8.955731e-02
1.573055e+01	8.661707e-02
1.583055e+01	8.383781e-02
1.593055e+01	8.120713e-02
1.603055e+01	7.871429e-02
1.613055e+01	7.634991e-02
1.623055e+01	7.410569e-02
1.633055e+01	7.197430e-02
1.643055e+01	6.994921e-02
1.653055e+01	6.802466e-02
1.663055e+01	6.619558e-02
1.673055e+01	6.445758e-02
1.683055e+01	6.280691e-02
1.693055e+01	6.124054e-02
1.703055e+01	5.975617e-02
1.713055e+01	5.835236e-02
1.723055e+01	5.702873e-02
1.733055e+01	5.578630e-02
1.743055e+01	5.462799e-02
1.753055e+01	5.355965e-02
1.763055e+01	5.259169e-02
1.773055e+01	5.174219e-02
1.783055e+01	5.104221e-02
1.793055e+01	5.054285e-02
1.803055e+01	5.031150e-02
1.813055e+01	5.036521e-02
1.823055e+01	5.050874e-02
1.833055e+01	5.028012e-02
1.843055e+01	4.951831e-02
1.853055e+01	4.880930e-02
1.863055e+01	4.857572e-02
1.873055e+01	4.890865e-02
1.883055e+01	4.987384e-02
1.893055e+01	5.165021e-02
1.903055e+01	5.458124e-02
1.913055e+01	5.926089e-02
1.923055e+01	6.670198e-02
1.933055e+01	7.857492e-02
1.943055e+01	9.748492e-02
1.953055e+01	1.261327e-01
1.963055e+01	1.604451e-01
1.973055e+01	1.789891e-01
1.983055e+01	1.629864e-01
1.993055e+01	1.300380e-01
2.003055e+01	1.009073e-01
2.013055e+01	7.989451e-02
2.023055e+01	6.509319e-02
2.033055e+01	5.487500e-02
2.043055e+01	4.788755e-02
2.053055e+01	4.299759e-02
2.063055e+01	3.944869e-02
2.073055e+01	3.677890e-02
2.083055e+01	3.470837e-02
2.093055e+01	3.306742e-02
2.103055e+01	3.175321e-02
2.113055e+01	3.070620e-02
2.123055e+01	2.989664e-02
2.133055e+01	2.931141e-02
2.143055e+01	2.897360e-02
2.153055e+01	2.898415e-02
2.163055e+01	2.941810e-02
2.173055e+01	3.002544e-02
2.183055e+01	3.006816e-02
2.193055e+01	2.897797e-02
2.203055e+01	2.733920e-02
2.213055e+01	2.598507e-02
2.223055e+01	2.499763e-02
2.233055e+01	2.411095e-02
2.243055e+01	2.324199e-02
2.253055e+01	2.247452e-02
2.263055e+01	2.183661e-02
2.273055e+01	2.130250e-02
2.283055e+01	2.083941e-02
2.293055e+01	2.042475e-02
2.303055e+01	2.004226e-02
2.313055e+01	1.968511e-02
2.323055e+01	1.935247e-02
2.333055e+01	1.904191e-02
2.343055e+01	1.875054e-02
2.353055e+01	1.847647e-02
2.363055e+01	1.821899e-02
2.373055e+01	1.797869e-02
2.383055e+01	1.775781e-02
2.393055e+01	1.756098e-02
2.403055e+01	1.739510e-02
2.413055e+01	1.726210e-02
2.423055e+01	1.713712e-02
2.433055e+01	1.698916e-02
2.443055e+01	1.685311e-02
2.453055e+01	1.677706e-02
2.463055e+01	1.675499e-02
2.473055e+01	1.665382e-02
2.483055e+01	1.636852e-02
2.493055e+01	1.604090e-02
2.503055e+01	1.579432e-02
2.513055e+01	1.564546e-02
2.523055e+01	1.555935e-02
2.533055e+01	1.543443e-02
2.543055e+01	1.520994e-02
2.553055e+01	1.497015e-02
2.563055e+01	1.477303e-02
2.573055e+01	1.461964e-02
2.583055e+01	1.450414e-02
2.593055e+01	1.442279e-02
2.603055e+01	1.437622e-02
2.613055e+01	1.436280e-02
2.623055e+01	1.438083e-02
2.633055e+01	1.443945e-02
2.643055e+01	1.456774e-02
2.653055e+01	1.481311e-02
2.663055e+01	1.524254e-02
2.673055e+01	1.593629e-02
2.683055e+01	1.687761e-02
2.693055e+01	1.763555e-02
2.703055e+01	1.767568e-02
2.713055e+01	1.744382e-02
2.723055e+01	1.760408e-02
2.733055e+01	1.835986e-02
2.743055e+01	1.973487e-02
2.753055e+01	2.151348e-02
2.763055e+01	2.263381e-02
2.773055e+01	2.237851e-02
2.783055e+01	2.175248e-02
2.793055e+01	2.153963e-02
2.803055e+01	2.159518e-02
2.813055e+01	2.201908e-02
2.823055e+01	2.334518e-02
2.833055e+01	2.580210e-02
2.843055e+01	2.939686e-02
2.853055e+01	3.451310e-02
2.863055e+01	4.117164e-02
2.873055e+01	4.827354e-02
2.883055e+01	5.535816e-02
2.893055e+01	6.107271e-02
2.903055e+01	5.950280e-02
2.913055e+01	5.105837e-02
2.923055e+01	4.357854e-02
2.933055e+01	3.932552e-02
2.943055e+01	3.602319e-02
2.953055e+01	3.307191e-02
2.963055e+01	3.166945e-02
2.973055e+01	3.209198e-02
2.983055e+01	3.450293e-02
2.993055e+01	3.975155e-02
3.003055e+01	4.932248e-02
3.013055e+01	6.534082e-02
3.023055e+01	8.853567e-02
3.033055e+01	1.100363e-01
3.043055e+01	1.106943e-01
3.053055e+01	9.283238e-02
3.063055e+01	7.343384e-02
3.073055e+01	5.795347e-02
3.083055e+01	4.720735e-02
3.093055e+01	4.031626e-02
3.103055e+01	3.481319e-02
3.113055e+01	2.936791e-02
3.123055e+01	2.485524e-02
3.133055e+01	2.173178e-02
3.143055e+01	1.974537e-02
3.153055e+01	1.859629e-02
3.163055e+01	1.810754e-02
3.173055e+01	1.822737e-02
3.183055e+01	1.903334e-02
3.193055e+01	2.076835e-02
3.203055e+01	2.389319e-02
3.213055e+01	2.909430e-02
3.223055e+01	3.671059e-02
3.233055e+01	4.440568e-02
3.243055e+01	4.736812e-02
3.253055e+01	4.681672e-02
3.263055e+01	4.574780e-02
3.273055e+01	4.157424e-02
3.283055e+01	3.465712e-02
3.293055e+01	2.900719e-02
3.303055e+01	2.553923e-02
3.313055e+01	2.273396e-02
3.323055e+01	1.987556e-02
3.333055e+01	1.771412e-02
3.343055e+01	1.667911e-02
3.353055e+01	1.680828e-02
3.363055e+01	1.805839e-02
3.373055e+01	1.971823e-02
3.383055e+01	1.975325e-02
3.393055e+01	1.770270e-02
3.403055e+01	1.556372e-02
3.413055e+01	1.431853e-02
3.423055e+01	1.390721e-02
3.433055e+01	1.385609e-02
3.443055e+01	1.369529e-02
3.453055e+01	1.361669e-02
3.463055e+01	1.376612e-02
3.473055e+01	1.407395e-02
3.483055e+01	1.434934e-02
3.493055e+01	1.453457e-02
3.503055e+01	1.508658e-02
3.513055e+01	1.629575e-02
3.523055e+01	1.771144e-02
3.533055e+01	1.864851e-02
3.543055e+01	1.857867e-02
3.553055e+01	1.779232e-02
3.563055e+01	1.641618e-02
3.573055e+01	1.416715e-02
3.583055e+01	1.199194e-02
3.593055e+01	1.046536e-02
3.603055e+01	9.503896e-03
3.613055e+01	8.922707e-03
3.623055e+01	8.596232e-03
3.633055e+01	8.453848e-03
3.643055e+01	8.470000e-03
3.653055e+01	8.656934e-03
3.663055e+01	9.048399e-03
3.673055e+01	9.720858e-03
3.683055e+01	1.084526e-02
3.693055e+01	1.271024e-02
3.703055e+01	1.570032e-02
3.713055e+01	1.980121e-02
3.723055e+01	2.294698e-02
3.733055e+01	2.202189e-02
3.743055e+01	1.862469e-02
3.753055e+01	1.572085e-02
3.763055e+01	1.409675e-02
3.773055e+01	1.379406e-02
3.783055e+01	1.470217e-02
3.793055e+01	1.593820e-02
3.803055e+01	1.553230e-02
3.813055e+01	1.336207e-02
3.823055e+01	1.110684e-02
3.833055e+01	9.430442e-03
3.843055e+01	8.309132e-03
3.853055e+01	7.569129e-03
3.863055e+01	7.060905e-03
3.873055e+01	6.714325e-03
3.883055e+01	6.500915e-03
3.893055e+01	6.397117e-03
3.903055e+01	6.345174e-03
3.913055e+01	6.238536e-03
3.923055e+01	6.068071e-03
3.933055e+01	5.910621e-03
3.943055e+01	5.800531e-03
3.953055e+01	5.740997e-03
3.963055e+01	5.724834e-03
3.973055e+01	5.746185e-03
3.983055e+01	5.804936e-03
3.993055e+01	5.905914e-03
4.003055e+01	6.058457e-03
4.013055e+01	6.276780e-03
4.023055e+01	6.591196e-03
4.033055e+01	7.065096e-03
4.043055e+01	7.789457e-03
4.053055e+01	8.823626e-03
4.063055e+01	9.926122e-03
4.073055e+01	1.039964e-02
4.083055e+01	1.025924e-02
4.093055e+01	1.032134e-02
4.103055e+01	1.098008e-02
4.113055e+01	1.226316e-02
4.123055e+01	1.415544e-02
4.133055e+01	1.706905e-02
4.143055e+01	2.193491e-02
4.153055e+01	2.971629e-02
4.163055e+01	3.974706e-02
4.173055e+01	4.590093e-02
4.183055e+01	4.246351e-02
4.193055e+01	3.461952e-02
4.203055e+01	2.699536e-02
4.213055e+01	2.108718e-02
4.223055e+01	1.748330e-02
4.233055e+01	1.565814e-02
4.243055e+01	1.462014e-02
4.253055e+01	1.381169e-02
4.263055e+01	1.321161e-02
4.273055e+01	1.224477e-02
4.283055e+01	1.083825e-02
4.293055e+01	9.745974e-03
4.303055e+01	9.289118e-03
4.313055e+01	9.286261e-03
4.323055e+01	9.069006e-03
4.333055e+01	8.236580e-03
4.343055e+01	7.305745e-03
4.353055e+01	6.637518e-03
4.363055e+01	6.229294e-03
4.373055e+01	6.017838e-03
4.383055e+01	5.963428e-03
4.393055e+01	6.054961e-03
4.403055e+01	6.310671e-03
4.413055e+01	6.784481e-03
4.423055e+01	7.583817e-03
4.433055e+01	8.903411e-03
4.443055e+01	1.105299e-02
4.453055e+01	1.428660e-02
4.463055e+01	1.781780e-02
4.473055e+01	1.895781e-02
4.483055e+01	1.700848e-02
4.493055e+01	1.450976e-02
4.503055e+01	1.291237e-02
4.513055e+01	1.160145e-02
4.523055e+01	9.811115e-03
4.533055e+01	8.094281e-03
4.543055e+01	6.887515e-03
4.553055e+01	6.127351e-03
4.563055e+01	5.636930e-03
4.573055e+01	5.294547e-03
4.583055e+01	5.065249e-03
4.593055e+01	4.934423e-03
4.603055e+01	4.886729e-03
4.613055e+01	4.903559e-03
4.623055e+01	4.998090e-03
4.633055e+01	5.248030e-03
4.643055e+01	5.731080e-03
4.653055e+01	6.373350e-03
4.663055e+01	6.699940e-03
4.673055e+01	6.313422e-03
4.683055e+01	5.605041e-03
4.693055e+01	4.990744e-03
4.703055e+01	4.574690e-03
4.713055e+01	4.319595e-03
4.723055e+01	4.175714e-03
4.733055e+01	4.113050e-03
4.743055e+01	4.117673e-03
4.753055e+01	4.187061e-03
4.763055e+01	4.329093e-03
4.773055e+01	4.561487e-03
4.783055e+01	4.918265e-03
4.793055e+01	5.456696e-03
4.803055e+01	6.203175e-03
4.813055e+01	6.944078e-03
4.823055e+01	7.300692e-03
4.833055e+01	7.519277e-03
4.843055e+01	8.157751e-03
4.853055e+01	9.565185e-03
4.863055e+01	1.211182e-02
4.873055e+01	1.621933e-02
4.883055e+01	2.136383e-02
4.893055e+01	2.392081e-02
4.903055e+01	2.087393e-02
4.913055e+01	1.577523e-02
4.923055e+01	1.187345e-02
4.933055e+01	9.411487e-03
4.943055e+01	7.813065e-03
4.953055e+01	6.762205e-03
4.963055e+01	6.155692e-03
4.973055e+01	5.842659e-03
4.983055e+01	5.577489e-03
4.993055e+01	5.257969e-03
5.003055e+01	4.990449e-03
5.013055e+01	4.784737e-03
5.023055e+01	4.604774e-03
5.033055e+01	4.398177e-03
5.043055e+01	4.134213e-03
5.053055e+01	3.898643e-03
5.063055e+01	3.755324e-03
5.073055e+01	3.719285e-03
5.083055e+01	3.792669e-03
5.093055e+01	3.996291e-03
5.103055e+01	4.388316e-03
5.113055e+01	5.017581e-03
5.123055e+01	5.706019e-03
5.133055e+01	5.923916e-03
5.143055e+01	5.671223e-03
5.153055e+01	5.491375e-03
5.163055e+01	5.347912e-03
5.173055e+01	4.898438e-03
5.183055e+01	4.304987e-03
5.193055e+01	3.816347e-03
5.203055e+01	3.463485e-03
5.213055e+01	3.218774e-03
5.223055e+01	3.061284e-03
5.233055e+01	2.970744e-03
5.243055e+01	2.933288e-03
5.253055e+01	2.944903e-03
5.263055e+01	3.014720e-03
5.273055e+01	3.166259e-03
5.283055e+01	3.433896e-03
5.293055e+01	3.819375e-03
5.303055e+01	4.156541e-03
5.313055e+01	4.213807e-03
5.323055e+01	4.093148e-03
5.333055e+01	3.910726e-03
5.343055e+01	3.761761e-03
5.353055e+01	3.796088e-03
5.363055e+01	4.090486e-03
5.373055e+01	4.595062e-03
5.383055e+01	4.912517e-03
5.393055e+01	4.572956e-03
5.403055e+01	3.895783e-03
5.413055e+01	3.334878e-03
5.423055e+01	2.964445e-03
5.433055e+01	2.727098e-03
5.443055e+01	2.570398e-03
5.453055e+01	2.463547e-03
5.463055e+01	2.389910e-03
5.473055e+01	2.339762e-03
5.483055e+01	2.308438e-03
5.493055e+01	2.295502e-03
5.503055e+01	2.300429e-03
5.513055e+01	2.316669e-03
5.523055e+01	2.337071e-03
5.533055e+01	2.365067e-03
5.543055e+01	2.392602e-03
5.553055e+01	2.424174e-03
5.563055e+01	2.490126e-03
5.573055e+01	2.578070e-03
5.583055e+01	2.595537e-03
5.593055e+01	2.488979e-03
5.603055e+01	2.352343e-03
5.613055e+01	2.246150e-03
5.623055e+01	2.166950e-03
5.633055e+01	2.109216e-03
5.643055e+01	2.066623e-03
5.653055e+01	2.033184e-03
5.663055e+01	2.007420e-03
5.673055e+01	1.988326e-03
5.683055e+01	1.973804e-03
5.693055e+01	1.962197e-03
5.703055e+01	1.953206e-03
5.713055e+01	1.946782e-03
5.723055e+01	1.942475e-03
5.733055e+01	1.939271e-03
5.743055e+01	1.936685e-03
5.753055e+01	1.935572e-03
5.763055e+01	1.936550e-03
5.773055e+01	1.939546e-03
5.783055e+01	1.943968e-03
5.793055e+01	1.948386e-03
5.803055e+01	1.952364e-03
5.813055e+01	1.957754e-03
5.823055e+01	1.965711e-03
5.833055e+01	1.976509e-03
5.843055e+01	1.990315e-03
5.853055e+01	2.007442e-03
5.863055e+01	2.028412e-03
5.873055e+01	2.053915e-03
5.883055e+01	2.084541e-03
5.893055e+01	2.120497e-03
5.903055e+01	2.162753e-03
5.913055e+01	2.214328e-03
5.923055e+01	2.279373e-03
5.933055e+01	2.363195e-03
5.943055e+01	2.474161e-03
5.953055e+01	2.625831e-03
5.963055e+01	2.838089e-03
5.973055e+01	3.126453e-03
5.983055e+01	3.442330e-03
5.993055e+01	3.631929e-03
6.003055e+01	3.693013e-03
6.013055e+01	3.811449e-03
6.023055e+01	4.084035e-03
6.033055e+01	4.538030e-03
6.043055e+01	5.211636e-03
6.053055e+01	6.144172e-03
6.063055e+01	7.390539e-03
6.073055e+01	9.155473e-03
6.083055e+01	1.177755e-02
6.093055e+01	1.519438e-02
6.103055e+01	1.885238e-02
6.113055e+01	2.337173e-02
6.123055e+01	2.863629e-02
6.133055e+01	3.004932e-02
6.143055e+01	2.500363e-02
6.153055e+01	1.830520e-02
6.163055e+01	1.334804e-02
6.173055e+01	1.023322e-02
6.183055e+01	8.425939e-03
6.193055e+01	7.547187e-03
6.203055e+01	7.404307e-03
6.213055e+01	7.861049e-03
6.223055e+01	8.535768e-03
6.233055e+01	8.535008e-03
6.243055e+01	7.623710e-03
6.253055e+01	6.677473e-03
6.263055e+01	5.958302e-03
6.273055e+01	5.297763e-03
6.283055e+01	4.699638e-03
6.293055e+01	4.203452e-03
6.303055e+01	3.868708e-03
6.313055e+01	3.723408e-03
6.323055e+01	3.767270e-03
6.333055e+01	3.887310e-03
6.343055e+01	3.838730e-03
6.353055e+01	3.608664e-03
6.363055e+01	3.412063e-03
6.373055e+01	3.297049e-03
6.383055e+01	3.254729e-03
6.393055e+01	3.330889e-03
6.403055e+01	3.554393e-03
6.413055e+01	3.925141e-03
6.423055e+01	4.464440e-03
6.433055e+01	5.321535e-03
6.443055e+01	6.649261e-03
6.453055e+01	8.112490e-03
6.463055e+01	8.624033e-03
6.473055e+01	7.870357e-03
6.483055e+01	6.845255e-03
6.493055e+01	6.264150e-03
6.503055e+01	6.270208e-03
6.513055e+01	6.802921e-03
6.523055e+01	7.732295e-03
6.533055e+01	8.516168e-03
6.543055e+01	8.213238e-03
6.553055e+01	7.152701e-03
6.563055e+01	6.440183e-03
6.573055e+01	6.354972e-03
6.583055e+01	6.432287e-03
6.593055e+01	5.917823e-03
6.603055e+01	4.954518e-03
6.613055e+01	4.074314e-03
6.623055e+01	3.401961e-03
6.633055e+01	2.933892e-03
6.643055e+01	2.626772e-03
6.653055e+01	2.428656e-03
6.663055e+01	2.305936e-03
6.673055e+01	2.238682e-03
6.683055e+01	2.217077e-03
6.693055e+01	2.244111e-03
6.703055e+01	2.335037e-03
6.713055e+01	2.514630e-03
6.723055e+01	2.808492e-03
6.733055e+01	3.226524e-03
6.743055e+01	3.796789e-03
6.753055e+01	4.527087e-03
6.763055e+01	5.025066e-03
6.773055e+01	4.695595e-03
6.783055e+01	3.899067e-03
6.793055e+01	3.227124e-03
6.803055e+01	2.812548e-03
6.813055e+01	2.610470e-03
6.823055e+01	2.574013e-03
6.833055e+01	2.692919e-03
6.843055e+01	3.000104e-03
6.853055e+01	3.557778e-03
6.863055e+01	4.343434e-03
6.873055e+01	4.960027e-03
6.883055e+01	4.766368e-03
6.893055e+01	3.975850e-03
6.903055e+01	3.256075e-03
6.913055e+01	2.771326e-03
6.923055e+01	2.445624e-03
6.933055e+01	2.231571e-03
6.943055e+01	2.103379e-03
6.953055e+01	2.044324e-03
6.963055e+01	2.057509e-03
6.973055e+01	2.161013e-03
6.983055e+01	2.387247e-03
6.993055e+01	2.775289e-03
