#RPA-results:
#Nucleus: Ni 74
#Fermi level: -4.992964e+00	-1.506242e+01
#Excitation: 1 +
#Total number of pairs: 1032
#Number of ph-/ah-pairs: 1032/0
#Maximal excitation-energy for particle-hole-pairs: 100
#Maximal excitation-energy for antiparticle-hole-pairs: 1000
#No imaginary eigenvalues

#Parameterset: DD-PC1
#natural parity: no
#Isoscalar result:

#width: 5.000000e-01
#maximum value: 2.677830e-03
#at energy: 6.993055e+01
-9.006945e+01	4.485236e-04
-8.996945e+01	4.494724e-04
-8.986945e+01	4.504243e-04
-8.976945e+01	4.513791e-04
-8.966945e+01	4.523371e-04
-8.956945e+01	4.532981e-04
-8.946945e+01	4.542621e-04
-8.936945e+01	4.552293e-04
-8.926945e+01	4.561995e-04
-8.916945e+01	4.571729e-04
-8.906945e+01	4.581494e-04
-8.896945e+01	4.591290e-04
-8.886945e+01	4.601118e-04
-8.876945e+01	4.610977e-04
-8.866945e+01	4.620868e-04
-8.856945e+01	4.630792e-04
-8.846945e+01	4.640747e-04
-8.836945e+01	4.650734e-04
-8.826945e+01	4.660754e-04
-8.816945e+01	4.670806e-04
-8.806945e+01	4.680891e-04
-8.796945e+01	4.691008e-04
-8.786945e+01	4.701159e-04
-8.776945e+01	4.711342e-04
-8.766945e+01	4.721559e-04
-8.756945e+01	4.731809e-04
-8.746945e+01	4.742093e-04
-8.736945e+01	4.752410e-04
-8.726945e+01	4.762761e-04
-8.716945e+01	4.773146e-04
-8.706945e+01	4.783565e-04
-8.696945e+01	4.794018e-04
-8.686945e+01	4.804505e-04
-8.676945e+01	4.815027e-04
-8.666945e+01	4.825584e-04
-8.656945e+01	4.836176e-04
-8.646945e+01	4.846802e-04
-8.636945e+01	4.857464e-04
-8.626945e+01	4.868161e-04
-8.616945e+01	4.878893e-04
-8.606945e+01	4.889661e-04
-8.596945e+01	4.900465e-04
-8.586945e+01	4.911305e-04
-8.576945e+01	4.922180e-04
-8.566945e+01	4.933092e-04
-8.556945e+01	4.944041e-04
-8.546945e+01	4.955026e-04
-8.536945e+01	4.966048e-04
-8.526945e+01	4.977106e-04
-8.516945e+01	4.988202e-04
-8.506945e+01	4.999335e-04
-8.496945e+01	5.010505e-04
-8.486945e+01	5.021713e-04
-8.476945e+01	5.032958e-04
-8.466945e+01	5.044242e-04
-8.456945e+01	5.055563e-04
-8.446945e+01	5.066923e-04
-8.436945e+01	5.078321e-04
-8.426945e+01	5.089758e-04
-8.416945e+01	5.101234e-04
-8.406945e+01	5.112748e-04
-8.396945e+01	5.124302e-04
-8.386945e+01	5.135894e-04
-8.376945e+01	5.147527e-04
-8.366945e+01	5.159199e-04
-8.356945e+01	5.170911e-04
-8.346945e+01	5.182662e-04
-8.336945e+01	5.194455e-04
-8.326945e+01	5.206287e-04
-8.316945e+01	5.218160e-04
-8.306945e+01	5.230074e-04
-8.296945e+01	5.242028e-04
-8.286945e+01	5.254024e-04
-8.276945e+01	5.266061e-04
-8.266945e+01	5.278140e-04
-8.256945e+01	5.290260e-04
-8.246945e+01	5.302422e-04
-8.236945e+01	5.314627e-04
-8.226945e+01	5.326873e-04
-8.216945e+01	5.339162e-04
-8.206945e+01	5.351494e-04
-8.196945e+01	5.363868e-04
-8.186945e+01	5.376286e-04
-8.176945e+01	5.388747e-04
-8.166945e+01	5.401251e-04
-8.156945e+01	5.413799e-04
-8.146945e+01	5.426391e-04
-8.136945e+01	5.439027e-04
-8.126945e+01	5.451708e-04
-8.116945e+01	5.464433e-04
-8.106945e+01	5.477202e-04
-8.096945e+01	5.490016e-04
-8.086945e+01	5.502876e-04
-8.076945e+01	5.515781e-04
-8.066945e+01	5.528731e-04
-8.056945e+01	5.541728e-04
-8.046945e+01	5.554770e-04
-8.036945e+01	5.567858e-04
-8.026945e+01	5.580993e-04
-8.016945e+01	5.594174e-04
-8.006945e+01	5.607403e-04
-7.996945e+01	5.620678e-04
-7.986945e+01	5.634001e-04
-7.976945e+01	5.647371e-04
-7.966945e+01	5.660789e-04
-7.956945e+01	5.674255e-04
-7.946945e+01	5.687770e-04
-7.936945e+01	5.701332e-04
-7.926945e+01	5.714944e-04
-7.916945e+01	5.728604e-04
-7.906945e+01	5.742313e-04
-7.896945e+01	5.756072e-04
-7.886945e+01	5.769881e-04
-7.876945e+01	5.783739e-04
-7.866945e+01	5.797647e-04
-7.856945e+01	5.811606e-04
-7.846945e+01	5.825616e-04
-7.836945e+01	5.839676e-04
-7.826945e+01	5.853787e-04
-7.816945e+01	5.867950e-04
-7.806945e+01	5.882164e-04
-7.796945e+01	5.896430e-04
-7.786945e+01	5.910748e-04
-7.776945e+01	5.925119e-04
-7.766945e+01	5.939542e-04
-7.756945e+01	5.954018e-04
-7.746945e+01	5.968547e-04
-7.736945e+01	5.983130e-04
-7.726945e+01	5.997766e-04
-7.716945e+01	6.012456e-04
-7.706945e+01	6.027200e-04
-7.696945e+01	6.041999e-04
-7.686945e+01	6.056852e-04
-7.676945e+01	6.071760e-04
-7.666945e+01	6.086724e-04
-7.656945e+01	6.101743e-04
-7.646945e+01	6.116818e-04
-7.636945e+01	6.131949e-04
-7.626945e+01	6.147136e-04
-7.616945e+01	6.162380e-04
-7.606945e+01	6.177681e-04
-7.596945e+01	6.193039e-04
-7.586945e+01	6.208455e-04
-7.576945e+01	6.223928e-04
-7.566945e+01	6.239460e-04
-7.556945e+01	6.255049e-04
-7.546945e+01	6.270698e-04
-7.536945e+01	6.286405e-04
-7.526945e+01	6.302172e-04
-7.516945e+01	6.317998e-04
-7.506945e+01	6.333884e-04
-7.496945e+01	6.349830e-04
-7.486945e+01	6.365837e-04
-7.476945e+01	6.381904e-04
-7.466945e+01	6.398033e-04
-7.456945e+01	6.414223e-04
-7.446945e+01	6.430474e-04
-7.436945e+01	6.446788e-04
-7.426945e+01	6.463164e-04
-7.416945e+01	6.479602e-04
-7.406945e+01	6.496104e-04
-7.396945e+01	6.512668e-04
-7.386945e+01	6.529297e-04
-7.376945e+01	6.545989e-04
-7.366945e+01	6.562746e-04
-7.356945e+01	6.579567e-04
-7.346945e+01	6.596453e-04
-7.336945e+01	6.613404e-04
-7.326945e+01	6.630421e-04
-7.316945e+01	6.647504e-04
-7.306945e+01	6.664653e-04
-7.296945e+01	6.681869e-04
-7.286945e+01	6.699152e-04
-7.276945e+01	6.716502e-04
-7.266945e+01	6.733920e-04
-7.256945e+01	6.751406e-04
-7.246945e+01	6.768960e-04
-7.236945e+01	6.786583e-04
-7.226945e+01	6.804275e-04
-7.216945e+01	6.822037e-04
-7.206945e+01	6.839868e-04
-7.196945e+01	6.857770e-04
-7.186945e+01	6.875742e-04
-7.176945e+01	6.893785e-04
-7.166945e+01	6.911899e-04
-7.156945e+01	6.930085e-04
-7.146945e+01	6.948344e-04
-7.136945e+01	6.966674e-04
-7.126945e+01	6.985078e-04
-7.116945e+01	7.003554e-04
-7.106945e+01	7.022105e-04
-7.096945e+01	7.040729e-04
-7.086945e+01	7.059428e-04
-7.076945e+01	7.078201e-04
-7.066945e+01	7.097050e-04
-7.056945e+01	7.115975e-04
-7.046945e+01	7.134975e-04
-7.036945e+01	7.154052e-04
-7.026945e+01	7.173206e-04
-7.016945e+01	7.192436e-04
-7.006945e+01	7.211745e-04
-6.996945e+01	7.231132e-04
-6.986945e+01	7.250597e-04
-6.976945e+01	7.270141e-04
-6.966945e+01	7.289764e-04
-6.956945e+01	7.309468e-04
-6.946945e+01	7.329251e-04
-6.936945e+01	7.349115e-04
-6.926945e+01	7.369061e-04
-6.916945e+01	7.389087e-04
-6.906945e+01	7.409196e-04
-6.896945e+01	7.429388e-04
-6.886945e+01	7.449662e-04
-6.876945e+01	7.470019e-04
-6.866945e+01	7.490461e-04
-6.856945e+01	7.510986e-04
-6.846945e+01	7.531597e-04
-6.836945e+01	7.552292e-04
-6.826945e+01	7.573073e-04
-6.816945e+01	7.593941e-04
-6.806945e+01	7.614895e-04
-6.796945e+01	7.635936e-04
-6.786945e+01	7.657065e-04
-6.776945e+01	7.678282e-04
-6.766945e+01	7.699587e-04
-6.756945e+01	7.720982e-04
-6.746945e+01	7.742466e-04
-6.736945e+01	7.764040e-04
-6.726945e+01	7.785705e-04
-6.716945e+01	7.807461e-04
-6.706945e+01	7.829308e-04
-6.696945e+01	7.851248e-04
-6.686945e+01	7.873280e-04
-6.676945e+01	7.895405e-04
-6.666945e+01	7.917624e-04
-6.656945e+01	7.939938e-04
-6.646945e+01	7.962346e-04
-6.636945e+01	7.984849e-04
-6.626945e+01	8.007449e-04
-6.616945e+01	8.030144e-04
-6.606945e+01	8.052937e-04
-6.596945e+01	8.075827e-04
-6.586945e+01	8.098815e-04
-6.576945e+01	8.121902e-04
-6.566945e+01	8.145088e-04
-6.556945e+01	8.168373e-04
-6.546945e+01	8.191759e-04
-6.536945e+01	8.215246e-04
-6.526945e+01	8.238835e-04
-6.516945e+01	8.262525e-04
-6.506945e+01	8.286318e-04
-6.496945e+01	8.310215e-04
-6.486945e+01	8.334215e-04
-6.476945e+01	8.358320e-04
-6.466945e+01	8.382530e-04
-6.456945e+01	8.406845e-04
-6.446945e+01	8.431267e-04
-6.436945e+01	8.455796e-04
-6.426945e+01	8.480432e-04
-6.416945e+01	8.505177e-04
-6.406945e+01	8.530030e-04
-6.396945e+01	8.554993e-04
-6.386945e+01	8.580066e-04
-6.376945e+01	8.605250e-04
-6.366945e+01	8.630545e-04
-6.356945e+01	8.655953e-04
-6.346945e+01	8.681473e-04
-6.336945e+01	8.707106e-04
-6.326945e+01	8.732854e-04
-6.316945e+01	8.758716e-04
-6.306945e+01	8.784694e-04
-6.296945e+01	8.810788e-04
-6.286945e+01	8.836998e-04
-6.276945e+01	8.863327e-04
-6.266945e+01	8.889773e-04
-6.256945e+01	8.916339e-04
-6.246945e+01	8.943024e-04
-6.236945e+01	8.969830e-04
-6.226945e+01	8.996757e-04
-6.216945e+01	9.023805e-04
-6.206945e+01	9.050977e-04
-6.196945e+01	9.078271e-04
-6.186945e+01	9.105690e-04
-6.176945e+01	9.133234e-04
-6.166945e+01	9.160903e-04
-6.156945e+01	9.188698e-04
-6.146945e+01	9.216621e-04
-6.136945e+01	9.244672e-04
-6.126945e+01	9.272851e-04
-6.116945e+01	9.301160e-04
-6.106945e+01	9.329600e-04
-6.096945e+01	9.358170e-04
-6.086945e+01	9.386872e-04
-6.076945e+01	9.415708e-04
-6.066945e+01	9.444676e-04
-6.056945e+01	9.473779e-04
-6.046945e+01	9.503018e-04
-6.036945e+01	9.532392e-04
-6.026945e+01	9.561903e-04
-6.016945e+01	9.591552e-04
-6.006945e+01	9.621340e-04
-5.996945e+01	9.651267e-04
-5.986945e+01	9.681335e-04
-5.976945e+01	9.711544e-04
-5.966945e+01	9.741895e-04
-5.956945e+01	9.772389e-04
-5.946945e+01	9.803027e-04
-5.936945e+01	9.833810e-04
-5.926945e+01	9.864739e-04
-5.916945e+01	9.895815e-04
-5.906945e+01	9.927038e-04
-5.896945e+01	9.958409e-04
-5.886945e+01	9.989931e-04
-5.876945e+01	1.002160e-03
-5.866945e+01	1.005343e-03
-5.856945e+01	1.008540e-03
-5.846945e+01	1.011753e-03
-5.836945e+01	1.014981e-03
-5.826945e+01	1.018225e-03
-5.816945e+01	1.021485e-03
-5.806945e+01	1.024760e-03
-5.796945e+01	1.028051e-03
-5.786945e+01	1.031358e-03
-5.776945e+01	1.034681e-03
-5.766945e+01	1.038021e-03
-5.756945e+01	1.041376e-03
-5.746945e+01	1.044748e-03
-5.736945e+01	1.048136e-03
-5.726945e+01	1.051541e-03
-5.716945e+01	1.054963e-03
-5.706945e+01	1.058401e-03
-5.696945e+01	1.061857e-03
-5.686945e+01	1.065329e-03
-5.676945e+01	1.068818e-03
-5.666945e+01	1.072325e-03
-5.656945e+01	1.075849e-03
-5.646945e+01	1.079391e-03
-5.636945e+01	1.082950e-03
-5.626945e+01	1.086527e-03
-5.616945e+01	1.090121e-03
-5.606945e+01	1.093734e-03
-5.596945e+01	1.097365e-03
-5.586945e+01	1.101014e-03
-5.576945e+01	1.104681e-03
-5.566945e+01	1.108366e-03
-5.556945e+01	1.112071e-03
-5.546945e+01	1.115793e-03
-5.536945e+01	1.119535e-03
-5.526945e+01	1.123296e-03
-5.516945e+01	1.127075e-03
-5.506945e+01	1.130874e-03
-5.496945e+01	1.134692e-03
-5.486945e+01	1.138530e-03
-5.476945e+01	1.142387e-03
-5.466945e+01	1.146264e-03
-5.456945e+01	1.150161e-03
-5.446945e+01	1.154078e-03
-5.436945e+01	1.158015e-03
-5.426945e+01	1.161972e-03
-5.416945e+01	1.165950e-03
-5.406945e+01	1.169948e-03
-5.396945e+01	1.173967e-03
-5.386945e+01	1.178006e-03
-5.376945e+01	1.182067e-03
-5.366945e+01	1.186149e-03
-5.356945e+01	1.190252e-03
-5.346945e+01	1.194377e-03
-5.336945e+01	1.198523e-03
-5.326945e+01	1.202690e-03
-5.316945e+01	1.206880e-03
-5.306945e+01	1.211092e-03
-5.296945e+01	1.215326e-03
-5.286945e+01	1.219582e-03
-5.276945e+01	1.223861e-03
-5.266945e+01	1.228162e-03
-5.256945e+01	1.232487e-03
-5.246945e+01	1.236834e-03
-5.236945e+01	1.241204e-03
-5.226945e+01	1.245598e-03
-5.216945e+01	1.250015e-03
-5.206945e+01	1.254456e-03
-5.196945e+01	1.258921e-03
-5.186945e+01	1.263410e-03
-5.176945e+01	1.267923e-03
-5.166945e+01	1.272460e-03
-5.156945e+01	1.277021e-03
-5.146945e+01	1.281608e-03
-5.136945e+01	1.286219e-03
-5.126945e+01	1.290856e-03
-5.116945e+01	1.295517e-03
-5.106945e+01	1.300204e-03
-5.096945e+01	1.304917e-03
-5.086945e+01	1.309655e-03
-5.076945e+01	1.314420e-03
-5.066945e+01	1.319210e-03
-5.056945e+01	1.324027e-03
-5.046945e+01	1.328871e-03
-5.036945e+01	1.333741e-03
-5.026945e+01	1.338638e-03
-5.016945e+01	1.343563e-03
-5.006945e+01	1.348515e-03
-4.996945e+01	1.353494e-03
-4.986945e+01	1.358501e-03
-4.976945e+01	1.363536e-03
-4.966945e+01	1.368600e-03
-4.956945e+01	1.373691e-03
-4.946945e+01	1.378812e-03
-4.936945e+01	1.383961e-03
-4.926945e+01	1.389139e-03
-4.916945e+01	1.394347e-03
-4.906945e+01	1.399584e-03
-4.896945e+01	1.404850e-03
-4.886945e+01	1.410147e-03
-4.876945e+01	1.415474e-03
-4.866945e+01	1.420831e-03
-4.856945e+01	1.426219e-03
-4.846945e+01	1.431638e-03
-4.836945e+01	1.437088e-03
-4.826945e+01	1.442569e-03
-4.816945e+01	1.448082e-03
-4.806945e+01	1.453626e-03
-4.796945e+01	1.459203e-03
-4.786945e+01	1.464812e-03
-4.776945e+01	1.470454e-03
-4.766945e+01	1.476129e-03
-4.756945e+01	1.481836e-03
-4.746945e+01	1.487577e-03
-4.736945e+01	1.493352e-03
-4.726945e+01	1.499160e-03
-4.716945e+01	1.505003e-03
-4.706945e+01	1.510880e-03
-4.696945e+01	1.516792e-03
-4.686945e+01	1.522738e-03
-4.676945e+01	1.528720e-03
-4.666945e+01	1.534738e-03
-4.656945e+01	1.540791e-03
-4.646945e+01	1.546880e-03
-4.636945e+01	1.553006e-03
-4.626945e+01	1.559169e-03
-4.616945e+01	1.565368e-03
-4.606945e+01	1.571605e-03
-4.596945e+01	1.577879e-03
-4.586945e+01	1.584191e-03
-4.576945e+01	1.590541e-03
-4.566945e+01	1.596930e-03
-4.556945e+01	1.603358e-03
-4.546945e+01	1.609825e-03
-4.536945e+01	1.616331e-03
-4.526945e+01	1.622877e-03
-4.516945e+01	1.629463e-03
-4.506945e+01	1.636089e-03
-4.496945e+01	1.642756e-03
-4.486945e+01	1.649465e-03
-4.476945e+01	1.656215e-03
-4.466945e+01	1.663006e-03
-4.456945e+01	1.669840e-03
-4.446945e+01	1.676716e-03
-4.436945e+01	1.683635e-03
-4.426945e+01	1.690597e-03
-4.416945e+01	1.697603e-03
-4.406945e+01	1.704652e-03
-4.396945e+01	1.711746e-03
-4.386945e+01	1.718885e-03
-4.376945e+01	1.726068e-03
-4.366945e+01	1.733297e-03
-4.356945e+01	1.740572e-03
-4.346945e+01	1.747893e-03
-4.336945e+01	1.755261e-03
-4.326945e+01	1.762676e-03
-4.316945e+01	1.770138e-03
-4.306945e+01	1.777648e-03
-4.296945e+01	1.785206e-03
-4.286945e+01	1.792812e-03
-4.276945e+01	1.800468e-03
-4.266945e+01	1.808173e-03
-4.256945e+01	1.815928e-03
-4.246945e+01	1.823734e-03
-4.236945e+01	1.831590e-03
-4.226945e+01	1.839498e-03
-4.216945e+01	1.847457e-03
-4.206945e+01	1.855468e-03
-4.196945e+01	1.863532e-03
-4.186945e+01	1.871649e-03
-4.176945e+01	1.879819e-03
-4.166945e+01	1.888044e-03
-4.156945e+01	1.896323e-03
-4.146945e+01	1.904657e-03
-4.136945e+01	1.913046e-03
-4.126945e+01	1.921491e-03
-4.116945e+01	1.929993e-03
-4.106945e+01	1.938552e-03
-4.096945e+01	1.947168e-03
-4.086945e+01	1.955842e-03
-4.076945e+01	1.964575e-03
-4.066945e+01	1.973367e-03
-4.056945e+01	1.982218e-03
-4.046945e+01	1.991129e-03
-4.036945e+01	2.000101e-03
-4.026945e+01	2.009135e-03
-4.016945e+01	2.018230e-03
-4.006945e+01	2.027388e-03
-3.996945e+01	2.036608e-03
-3.986945e+01	2.045892e-03
-3.976945e+01	2.055240e-03
-3.966945e+01	2.064653e-03
-3.956945e+01	2.074131e-03
-3.946945e+01	2.083675e-03
-3.936945e+01	2.093286e-03
-3.926945e+01	2.102964e-03
-3.916945e+01	2.112709e-03
-3.906945e+01	2.122523e-03
-3.896945e+01	2.132407e-03
-3.886945e+01	2.142359e-03
-3.876945e+01	2.152383e-03
-3.866945e+01	2.162477e-03
-3.856945e+01	2.172643e-03
-3.846945e+01	2.182882e-03
-3.836945e+01	2.193193e-03
-3.826945e+01	2.203579e-03
-3.816945e+01	2.214039e-03
-3.806945e+01	2.224574e-03
-3.796945e+01	2.235186e-03
-3.786945e+01	2.245874e-03
-3.776945e+01	2.256639e-03
-3.766945e+01	2.267483e-03
-3.756945e+01	2.278406e-03
-3.746945e+01	2.289408e-03
-3.736945e+01	2.300492e-03
-3.726945e+01	2.311656e-03
-3.716945e+01	2.322903e-03
-3.706945e+01	2.334232e-03
-3.696945e+01	2.345646e-03
-3.686945e+01	2.357144e-03
-3.676945e+01	2.368728e-03
-3.666945e+01	2.380398e-03
-3.656945e+01	2.392155e-03
-3.646945e+01	2.404000e-03
-3.636945e+01	2.415934e-03
-3.626945e+01	2.427959e-03
-3.616945e+01	2.440074e-03
-3.606945e+01	2.452280e-03
-3.596945e+01	2.464580e-03
-3.586945e+01	2.476972e-03
-3.576945e+01	2.489460e-03
-3.566945e+01	2.502043e-03
-3.556945e+01	2.514723e-03
-3.546945e+01	2.527500e-03
-3.536945e+01	2.540375e-03
-3.526945e+01	2.553350e-03
-3.516945e+01	2.566426e-03
-3.506945e+01	2.579604e-03
-3.496945e+01	2.592884e-03
-3.486945e+01	2.606268e-03
-3.476945e+01	2.619757e-03
-3.466945e+01	2.633351e-03
-3.456945e+01	2.647053e-03
-3.446945e+01	2.660863e-03
-3.436945e+01	2.674783e-03
-3.426945e+01	2.688813e-03
-3.416945e+01	2.702955e-03
-3.406945e+01	2.717210e-03
-3.396945e+01	2.731579e-03
-3.386945e+01	2.746064e-03
-3.376945e+01	2.760665e-03
-3.366945e+01	2.775384e-03
-3.356945e+01	2.790223e-03
-3.346945e+01	2.805182e-03
-3.336945e+01	2.820262e-03
-3.326945e+01	2.835466e-03
-3.316945e+01	2.850795e-03
-3.306945e+01	2.866249e-03
-3.296945e+01	2.881831e-03
-3.286945e+01	2.897541e-03
-3.276945e+01	2.913382e-03
-3.266945e+01	2.929354e-03
-3.256945e+01	2.945460e-03
-3.246945e+01	2.961700e-03
-3.236945e+01	2.978076e-03
-3.226945e+01	2.994590e-03
-3.216945e+01	3.011243e-03
-3.206945e+01	3.028037e-03
-3.196945e+01	3.044973e-03
-3.186945e+01	3.062054e-03
-3.176945e+01	3.079280e-03
-3.166945e+01	3.096653e-03
-3.156945e+01	3.114176e-03
-3.146945e+01	3.131849e-03
-3.136945e+01	3.149675e-03
-3.126945e+01	3.167655e-03
-3.116945e+01	3.185792e-03
-3.106945e+01	3.204086e-03
-3.096945e+01	3.222541e-03
-3.086945e+01	3.241157e-03
-3.076945e+01	3.259937e-03
-3.066945e+01	3.278882e-03
-3.056945e+01	3.297995e-03
-3.046945e+01	3.317277e-03
-3.036945e+01	3.336732e-03
-3.026945e+01	3.356359e-03
-3.016945e+01	3.376163e-03
-3.006945e+01	3.396145e-03
-2.996945e+01	3.416306e-03
-2.986945e+01	3.436650e-03
-2.976945e+01	3.457179e-03
-2.966945e+01	3.477894e-03
-2.956945e+01	3.498798e-03
-2.946945e+01	3.519894e-03
-2.936945e+01	3.541183e-03
-2.926945e+01	3.562669e-03
-2.916945e+01	3.584353e-03
-2.906945e+01	3.606238e-03
-2.896945e+01	3.628327e-03
-2.886945e+01	3.650622e-03
-2.876945e+01	3.673126e-03
-2.866945e+01	3.695841e-03
-2.856945e+01	3.718771e-03
-2.846945e+01	3.741917e-03
-2.836945e+01	3.765283e-03
-2.826945e+01	3.788872e-03
-2.816945e+01	3.812686e-03
-2.806945e+01	3.836728e-03
-2.796945e+01	3.861001e-03
-2.786945e+01	3.885509e-03
-2.776945e+01	3.910254e-03
-2.766945e+01	3.935239e-03
-2.756945e+01	3.960468e-03
-2.746945e+01	3.985943e-03
-2.736945e+01	4.011669e-03
-2.726945e+01	4.037648e-03
-2.716945e+01	4.063884e-03
-2.706945e+01	4.090380e-03
-2.696945e+01	4.117139e-03
-2.686945e+01	4.144166e-03
-2.676945e+01	4.171464e-03
-2.666945e+01	4.199037e-03
-2.656945e+01	4.226887e-03
-2.646945e+01	4.255020e-03
-2.636945e+01	4.283439e-03
-2.626945e+01	4.312148e-03
-2.616945e+01	4.341150e-03
-2.606945e+01	4.370451e-03
-2.596945e+01	4.400054e-03
-2.586945e+01	4.429963e-03
-2.576945e+01	4.460183e-03
-2.566945e+01	4.490718e-03
-2.556945e+01	4.521573e-03
-2.546945e+01	4.552752e-03
-2.536945e+01	4.584259e-03
-2.526945e+01	4.616100e-03
-2.516945e+01	4.648279e-03
-2.506945e+01	4.680802e-03
-2.496945e+01	4.713672e-03
-2.486945e+01	4.746895e-03
-2.476945e+01	4.780477e-03
-2.466945e+01	4.814422e-03
-2.456945e+01	4.848736e-03
-2.446945e+01	4.883424e-03
-2.436945e+01	4.918492e-03
-2.426945e+01	4.953946e-03
-2.416945e+01	4.989791e-03
-2.406945e+01	5.026033e-03
-2.396945e+01	5.062678e-03
-2.386945e+01	5.099733e-03
-2.376945e+01	5.137202e-03
-2.366945e+01	5.175094e-03
-2.356945e+01	5.213414e-03
-2.346945e+01	5.252168e-03
-2.336945e+01	5.291364e-03
-2.326945e+01	5.331009e-03
-2.316945e+01	5.371108e-03
-2.306945e+01	5.411671e-03
-2.296945e+01	5.452702e-03
-2.286945e+01	5.494211e-03
-2.276945e+01	5.536205e-03
-2.266945e+01	5.578691e-03
-2.256945e+01	5.621677e-03
-2.246945e+01	5.665172e-03
-2.236945e+01	5.709183e-03
-2.226945e+01	5.753718e-03
-2.216945e+01	5.798787e-03
-2.206945e+01	5.844398e-03
-2.196945e+01	5.890560e-03
-2.186945e+01	5.937281e-03
-2.176945e+01	5.984572e-03
-2.166945e+01	6.032442e-03
-2.156945e+01	6.080900e-03
-2.146945e+01	6.129956e-03
-2.136945e+01	6.179620e-03
-2.126945e+01	6.229903e-03
-2.116945e+01	6.280814e-03
-2.106945e+01	6.332366e-03
-2.096945e+01	6.384568e-03
-2.086945e+01	6.437432e-03
-2.076945e+01	6.490970e-03
-2.066945e+01	6.545192e-03
-2.056945e+01	6.600112e-03
-2.046945e+01	6.655741e-03
-2.036945e+01	6.712092e-03
-2.026945e+01	6.769177e-03
-2.016945e+01	6.827010e-03
-2.006945e+01	6.885604e-03
-1.996945e+01	6.944973e-03
-1.986945e+01	7.005131e-03
-1.976945e+01	7.066091e-03
-1.966945e+01	7.127869e-03
-1.956945e+01	7.190480e-03
-1.946945e+01	7.253939e-03
-1.936945e+01	7.318262e-03
-1.926945e+01	7.383465e-03
-1.916945e+01	7.449564e-03
-1.906945e+01	7.516576e-03
-1.896945e+01	7.584518e-03
-1.886945e+01	7.653409e-03
-1.876945e+01	7.723266e-03
-1.866945e+01	7.794107e-03
-1.856945e+01	7.865953e-03
-1.846945e+01	7.938822e-03
-1.836945e+01	8.012733e-03
-1.826945e+01	8.087709e-03
-1.816945e+01	8.163769e-03
-1.806945e+01	8.240936e-03
-1.796945e+01	8.319231e-03
-1.786945e+01	8.398676e-03
-1.776945e+01	8.479296e-03
-1.766945e+01	8.561114e-03
-1.756945e+01	8.644153e-03
-1.746945e+01	8.728441e-03
-1.736945e+01	8.814001e-03
-1.726945e+01	8.900861e-03
-1.716945e+01	8.989047e-03
-1.706945e+01	9.078588e-03
-1.696945e+01	9.169511e-03
-1.686945e+01	9.261847e-03
-1.676945e+01	9.355625e-03
-1.666945e+01	9.450877e-03
-1.656945e+01	9.547634e-03
-1.646945e+01	9.645929e-03
-1.636945e+01	9.745796e-03
-1.626945e+01	9.847269e-03
-1.616945e+01	9.950383e-03
-1.606945e+01	1.005518e-02
-1.596945e+01	1.016168e-02
-1.586945e+01	1.026995e-02
-1.576945e+01	1.038000e-02
-1.566945e+01	1.049190e-02
-1.556945e+01	1.060567e-02
-1.546945e+01	1.072136e-02
-1.536945e+01	1.083902e-02
-1.526945e+01	1.095868e-02
-1.516945e+01	1.108041e-02
-1.506945e+01	1.120425e-02
-1.496945e+01	1.133024e-02
-1.486945e+01	1.145845e-02
-1.476945e+01	1.158891e-02
-1.466945e+01	1.172170e-02
-1.456945e+01	1.185686e-02
-1.446945e+01	1.199446e-02
-1.436945e+01	1.213456e-02
-1.426945e+01	1.227721e-02
-1.416945e+01	1.242248e-02
-1.406945e+01	1.257044e-02
-1.396945e+01	1.272116e-02
-1.386945e+01	1.287472e-02
-1.376945e+01	1.303117e-02
-1.366945e+01	1.319060e-02
-1.356945e+01	1.335309e-02
-1.346945e+01	1.351872e-02
-1.336945e+01	1.368757e-02
-1.326945e+01	1.385973e-02
-1.316945e+01	1.403529e-02
-1.306945e+01	1.421434e-02
-1.296945e+01	1.439698e-02
-1.286945e+01	1.458331e-02
-1.276945e+01	1.477344e-02
-1.266945e+01	1.496746e-02
-1.256945e+01	1.516549e-02
-1.246945e+01	1.536766e-02
-1.236945e+01	1.557406e-02
-1.226945e+01	1.578484e-02
-1.216945e+01	1.600011e-02
-1.206945e+01	1.622002e-02
-1.196945e+01	1.644470e-02
-1.186945e+01	1.667430e-02
-1.176945e+01	1.690896e-02
-1.166945e+01	1.714884e-02
-1.156945e+01	1.739410e-02
-1.146945e+01	1.764492e-02
-1.136945e+01	1.790146e-02
-1.126945e+01	1.816392e-02
-1.116945e+01	1.843247e-02
-1.106945e+01	1.870732e-02
-1.096945e+01	1.898868e-02
-1.086945e+01	1.927676e-02
-1.076945e+01	1.957178e-02
-1.066945e+01	1.987399e-02
-1.056945e+01	2.018361e-02
-1.046945e+01	2.050092e-02
-1.036945e+01	2.082618e-02
-1.026945e+01	2.115966e-02
-1.016945e+01	2.150166e-02
-1.006945e+01	2.185248e-02
-9.969451e+00	2.221245e-02
-9.869451e+00	2.258190e-02
-9.769451e+00	2.296118e-02
-9.669451e+00	2.335066e-02
-9.569451e+00	2.375072e-02
-9.469451e+00	2.416177e-02
-9.369451e+00	2.458424e-02
-9.269451e+00	2.501856e-02
-9.169451e+00	2.546523e-02
-9.069451e+00	2.592472e-02
-8.969451e+00	2.639755e-02
-8.869451e+00	2.688429e-02
-8.769451e+00	2.738549e-02
-8.669451e+00	2.790178e-02
-8.569451e+00	2.843380e-02
-8.469451e+00	2.898222e-02
-8.369451e+00	2.954777e-02
-8.269451e+00	3.013120e-02
-8.169451e+00	3.073332e-02
-8.069451e+00	3.135497e-02
-7.969451e+00	3.199706e-02
-7.869451e+00	3.266055e-02
-7.769451e+00	3.334645e-02
-7.669451e+00	3.405585e-02
-7.569451e+00	3.478989e-02
-7.469451e+00	3.554980e-02
-7.369451e+00	3.633688e-02
-7.269451e+00	3.715252e-02
-7.169451e+00	3.799821e-02
-7.069451e+00	3.887553e-02
-6.969451e+00	3.978620e-02
-6.869451e+00	4.073202e-02
-6.769451e+00	4.171496e-02
-6.669451e+00	4.273711e-02
-6.569451e+00	4.380074e-02
-6.469451e+00	4.490827e-02
-6.369451e+00	4.606233e-02
-6.269451e+00	4.726575e-02
-6.169451e+00	4.852160e-02
-6.069451e+00	4.983319e-02
-5.969451e+00	5.120414e-02
-5.869451e+00	5.263835e-02
-5.769451e+00	5.414010e-02
-5.669451e+00	5.571403e-02
-5.569451e+00	5.736524e-02
-5.469451e+00	5.909931e-02
-5.369451e+00	6.092235e-02
-5.269451e+00	6.284109e-02
-5.169451e+00	6.486299e-02
-5.069451e+00	6.699624e-02
-4.969451e+00	6.924998e-02
-4.869451e+00	7.163434e-02
-4.769451e+00	7.416064e-02
-4.669451e+00	7.684154e-02
-4.569451e+00	7.969126e-02
-4.469451e+00	8.272584e-02
-4.369451e+00	8.596343e-02
-4.269451e+00	8.942464e-02
-4.169451e+00	9.313302e-02
-4.069451e+00	9.711558e-02
-3.969451e+00	1.014035e-01
-3.869451e+00	1.060327e-01
-3.769451e+00	1.110456e-01
-3.669451e+00	1.164914e-01
-3.569451e+00	1.224286e-01
-3.469451e+00	1.289269e-01
-3.369451e+00	1.360700e-01
-3.269451e+00	1.439592e-01
-3.169451e+00	1.527187e-01
-3.069451e+00	1.625021e-01
-2.969451e+00	1.735018e-01
-2.869451e+00	1.859618e-01
-2.769451e+00	2.001963e-01
-2.669451e+00	2.166159e-01
-2.569451e+00	2.357672e-01
-2.469451e+00	2.583920e-01
-2.369451e+00	2.855193e-01
-2.269451e+00	3.186115e-01
-2.169451e+00	3.598048e-01
-2.069451e+00	4.123149e-01
-1.969451e+00	4.811476e-01
-1.869451e+00	5.743821e-01
-1.769451e+00	7.055453e-01
-1.669451e+00	8.980000e-01
-1.569451e+00	1.192368e+00
-1.469451e+00	1.653759e+00
-1.369451e+00	2.344978e+00
-1.269451e+00	3.132964e+00
-1.169451e+00	3.406193e+00
-1.069451e+00	2.868219e+00
-9.694509e-01	2.144825e+00
-8.694509e-01	1.632408e+00
-7.694509e-01	1.335707e+00
-6.694509e-01	1.185697e+00
-5.694509e-01	1.134572e+00
-4.694509e-01	1.158879e+00
-3.694509e-01	1.250535e+00
-2.694509e-01	1.412849e+00
-1.694509e-01	1.671224e+00
-6.945093e-02	2.072691e+00
3.054907e-02	2.645183e+00
1.305491e-01	3.267549e+00
2.305491e-01	3.684074e+00
3.305491e-01	4.027038e+00
4.305491e-01	4.627745e+00
5.305491e-01	5.692560e+00
6.305491e-01	7.357299e+00
7.305491e-01	9.289242e+00
8.305491e-01	1.113792e+01
9.305491e-01	1.290607e+01
1.030549e+00	1.293807e+01
1.130549e+00	1.049071e+01
1.230549e+00	7.753597e+00
1.330549e+00	5.945464e+00
1.430549e+00	5.042467e+00
1.530549e+00	4.859141e+00
1.630549e+00	5.359177e+00
1.730549e+00	6.662932e+00
1.830549e+00	8.813610e+00
1.930549e+00	1.084457e+01
2.030549e+00	1.052463e+01
2.130549e+00	8.050251e+00
2.230549e+00	5.604377e+00
2.330549e+00	3.926367e+00
2.430549e+00	2.860081e+00
2.530549e+00	2.173854e+00
2.630549e+00	1.716256e+00
2.730549e+00	1.399765e+00
2.830549e+00	1.174309e+00
2.930549e+00	1.010718e+00
3.030549e+00	8.910256e-01
3.130549e+00	8.004861e-01
3.230549e+00	7.235048e-01
3.330549e+00	6.533641e-01
3.430549e+00	5.927282e-01
3.530549e+00	5.437077e-01
3.630549e+00	5.051850e-01
3.730549e+00	4.749875e-01
3.830549e+00	4.513507e-01
3.930549e+00	4.330665e-01
4.030549e+00	4.193402e-01
4.130549e+00	4.096736e-01
4.230549e+00	4.037999e-01
4.330549e+00	4.016327e-01
4.430549e+00	4.032082e-01
4.530549e+00	4.087720e-01
4.630549e+00	4.183834e-01
4.730549e+00	4.300257e-01
4.830549e+00	4.411255e-01
4.930549e+00	4.538896e-01
5.030549e+00	4.716761e-01
5.130549e+00	4.959100e-01
5.230549e+00	5.273317e-01
5.330549e+00	5.669777e-01
5.430549e+00	6.164834e-01
5.530549e+00	6.782574e-01
5.630549e+00	7.557539e-01
5.730549e+00	8.539299e-01
5.830549e+00	9.800088e-01
5.930549e+00	1.144761e+00
6.030549e+00	1.364700e+00
6.130549e+00	1.665973e+00
6.230549e+00	2.091430e+00
6.330549e+00	2.713713e+00
6.430549e+00	3.658917e+00
6.530549e+00	5.143102e+00
6.630549e+00	7.491097e+00
6.730549e+00	1.091422e+01
6.830549e+00	1.432964e+01
6.930549e+00	1.456611e+01
7.030549e+00	1.134048e+01
7.130549e+00	7.850642e+00
7.230549e+00	5.430637e+00
7.330549e+00	3.920393e+00
7.430549e+00	2.981161e+00
7.530549e+00	2.385286e+00
7.630549e+00	2.001629e+00
7.730549e+00	1.756236e+00
7.830549e+00	1.607264e+00
7.930549e+00	1.531437e+00
8.030549e+00	1.517099e+00
8.130549e+00	1.560914e+00
8.230549e+00	1.666855e+00
8.330549e+00	1.847020e+00
8.430549e+00	2.124577e+00
8.530549e+00	2.539989e+00
8.630549e+00	3.163081e+00
8.730549e+00	4.115855e+00
8.830549e+00	5.613185e+00
8.930549e+00	8.016718e+00
9.030549e+00	1.178556e+01
9.130549e+00	1.670978e+01
9.230549e+00	1.980936e+01
9.330549e+00	1.752776e+01
9.430549e+00	1.257554e+01
9.530549e+00	8.502679e+00
9.630549e+00	5.851547e+00
9.730549e+00	4.186865e+00
9.830549e+00	3.116724e+00
9.930549e+00	2.402348e+00
1.003055e+01	1.907129e+00
1.013055e+01	1.552099e+00
1.023055e+01	1.290234e+00
1.033055e+01	1.092637e+00
1.043055e+01	9.411328e-01
1.053055e+01	8.242708e-01
1.063055e+01	7.351294e-01
1.073055e+01	6.695299e-01
1.083055e+01	6.215269e-01
1.093055e+01	5.755632e-01
1.103055e+01	5.199104e-01
1.113055e+01	4.655108e-01
1.123055e+01	4.195072e-01
1.133055e+01	3.790612e-01
1.143055e+01	3.440123e-01
1.153055e+01	3.151893e-01
1.163055e+01	2.918345e-01
1.173055e+01	2.730027e-01
1.183055e+01	2.582357e-01
1.193055e+01	2.477177e-01
1.203055e+01	2.422778e-01
1.213055e+01	2.428937e-01
1.223055e+01	2.478240e-01
1.233055e+01	2.478766e-01
1.243055e+01	2.374625e-01
1.253055e+01	2.255481e-01
1.263055e+01	2.132692e-01
1.273055e+01	1.944955e-01
1.283055e+01	1.739277e-01
1.293055e+01	1.572928e-01
1.303055e+01	1.450001e-01
1.313055e+01	1.357936e-01
1.323055e+01	1.286849e-01
1.333055e+01	1.233375e-01
1.343055e+01	1.197744e-01
1.353055e+01	1.180846e-01
1.363055e+01	1.174766e-01
1.373055e+01	1.153461e-01
1.383055e+01	1.109653e-01
1.393055e+01	1.067097e-01
1.403055e+01	1.026384e-01
1.413055e+01	9.728268e-02
1.423055e+01	9.169402e-02
1.433055e+01	8.732920e-02
1.443055e+01	8.443766e-02
1.453055e+01	8.300341e-02
1.463055e+01	8.326893e-02
1.473055e+01	8.583918e-02
1.483055e+01	9.123425e-02
1.493055e+01	9.734811e-02
1.503055e+01	9.686796e-02
1.513055e+01	8.783326e-02
1.523055e+01	7.761991e-02
1.533055e+01	6.993632e-02
1.543055e+01	6.455771e-02
1.553055e+01	6.066461e-02
1.563055e+01	5.768434e-02
1.573055e+01	5.528125e-02
1.583055e+01	5.326181e-02
1.593055e+01	5.151160e-02
1.603055e+01	4.996052e-02
1.613055e+01	4.856409e-02
1.623055e+01	4.729326e-02
1.633055e+01	4.612874e-02
1.643055e+01	4.505769e-02
1.653055e+01	4.407187e-02
1.663055e+01	4.316664e-02
1.673055e+01	4.234048e-02
1.683055e+01	4.159494e-02
1.693055e+01	4.093515e-02
1.703055e+01	4.037073e-02
1.713055e+01	3.991764e-02
1.723055e+01	3.960139e-02
1.733055e+01	3.946257e-02
1.743055e+01	3.956690e-02
1.753055e+01	4.002357e-02
1.763055e+01	4.101930e-02
1.773055e+01	4.287865e-02
1.783055e+01	4.614594e-02
1.793055e+01	5.153093e-02
1.803055e+01	5.888337e-02
1.813055e+01	6.437084e-02
1.823055e+01	6.313115e-02
1.833055e+01	5.764959e-02
1.843055e+01	5.203815e-02
1.853055e+01	4.765798e-02
1.863055e+01	4.508326e-02
1.873055e+01	4.449163e-02
1.883055e+01	4.538259e-02
1.893055e+01	4.660781e-02
1.903055e+01	4.803959e-02
1.913055e+01	5.130017e-02
1.923055e+01	5.773956e-02
1.933055e+01	6.767782e-02
1.943055e+01	8.089446e-02
1.953055e+01	9.874161e-02
1.963055e+01	1.173868e-01
1.973055e+01	1.217700e-01
1.983055e+01	1.056824e-01
1.993055e+01	8.423977e-02
2.003055e+01	6.799063e-02
2.013055e+01	5.616068e-02
2.023055e+01	4.715090e-02
2.033055e+01	4.064140e-02
2.043055e+01	3.609379e-02
2.053055e+01	3.294434e-02
2.063055e+01	3.061314e-02
2.073055e+01	2.877033e-02
2.083055e+01	2.739739e-02
2.093055e+01	2.646875e-02
2.103055e+01	2.594121e-02
2.113055e+01	2.582551e-02
2.123055e+01	2.621493e-02
2.133055e+01	2.730533e-02
2.143055e+01	2.936165e-02
2.153055e+01	3.234801e-02
2.163055e+01	3.481890e-02
2.173055e+01	3.477077e-02
2.183055e+01	3.326249e-02
2.193055e+01	3.215566e-02
2.203055e+01	3.216946e-02
2.213055e+01	3.319277e-02
2.223055e+01	3.448968e-02
2.233055e+01	3.531073e-02
2.243055e+01	3.708999e-02
2.253055e+01	4.093096e-02
2.263055e+01	4.378521e-02
2.273055e+01	4.075655e-02
2.283055e+01	3.406759e-02
2.293055e+01	2.821963e-02
2.303055e+01	2.417426e-02
2.313055e+01	2.149634e-02
2.323055e+01	1.969269e-02
2.333055e+01	1.842831e-02
2.343055e+01	1.750266e-02
2.353055e+01	1.679850e-02
2.363055e+01	1.624628e-02
2.373055e+01	1.580415e-02
2.383055e+01	1.544720e-02
2.393055e+01	1.516215e-02
2.403055e+01	1.494544e-02
2.413055e+01	1.480338e-02
2.423055e+01	1.475034e-02
2.433055e+01	1.478558e-02
2.443055e+01	1.483136e-02
2.453055e+01	1.480081e-02
2.463055e+01	1.475157e-02
2.473055e+01	1.464018e-02
2.483055e+01	1.440626e-02
2.493055e+01	1.420583e-02
2.503055e+01	1.416728e-02
2.513055e+01	1.434234e-02
2.523055e+01	1.477977e-02
2.533055e+01	1.545955e-02
2.543055e+01	1.601607e-02
2.553055e+01	1.594839e-02
2.563055e+01	1.557960e-02
2.573055e+01	1.549841e-02
2.583055e+01	1.587056e-02
2.593055e+01	1.651442e-02
2.603055e+01	1.717214e-02
2.613055e+01	1.816478e-02
2.623055e+01	1.991250e-02
2.633055e+01	2.177433e-02
2.643055e+01	2.207696e-02
2.653055e+01	2.107947e-02
2.663055e+01	2.036127e-02
2.673055e+01	2.028879e-02
2.683055e+01	2.026760e-02
2.693055e+01	1.956919e-02
2.703055e+01	1.871168e-02
2.713055e+01	1.838514e-02
2.723055e+01	1.888112e-02
2.733055e+01	2.040677e-02
2.743055e+01	2.313054e-02
2.753055e+01	2.683782e-02
2.763055e+01	3.052494e-02
2.773055e+01	3.323429e-02
2.783055e+01	3.477445e-02
2.793055e+01	3.442888e-02
2.803055e+01	3.316512e-02
2.813055e+01	3.323062e-02
2.823055e+01	3.626763e-02
2.833055e+01	4.261667e-02
2.843055e+01	5.052849e-02
2.853055e+01	5.572793e-02
2.863055e+01	5.585295e-02
2.873055e+01	5.487921e-02
2.883055e+01	5.550145e-02
2.893055e+01	5.335750e-02
2.903055e+01	4.610788e-02
2.913055e+01	3.745361e-02
2.923055e+01	3.090879e-02
2.933055e+01	2.706399e-02
2.943055e+01	2.533905e-02
2.953055e+01	2.543810e-02
2.963055e+01	2.735187e-02
2.973055e+01	3.115281e-02
2.983055e+01	3.735611e-02
2.993055e+01	4.679227e-02
3.003055e+01	5.734581e-02
3.013055e+01	6.371925e-02
3.023055e+01	6.309886e-02
3.033055e+01	5.374780e-02
3.043055e+01	4.121658e-02
3.053055e+01	3.156922e-02
3.063055e+01	2.547508e-02
3.073055e+01	2.193989e-02
3.083055e+01	1.988614e-02
3.093055e+01	1.823231e-02
3.103055e+01	1.661457e-02
3.113055e+01	1.533638e-02
3.123055e+01	1.451176e-02
3.133055e+01	1.411361e-02
3.143055e+01	1.408627e-02
3.153055e+01	1.442671e-02
3.163055e+01	1.527182e-02
3.173055e+01	1.680397e-02
3.183055e+01	1.918020e-02
3.193055e+01	2.270263e-02
3.203055e+01	2.799906e-02
3.213055e+01	3.515592e-02
3.223055e+01	4.136828e-02
3.233055e+01	4.231687e-02
3.243055e+01	3.996022e-02
3.253055e+01	3.669925e-02
3.263055e+01	3.229389e-02
3.273055e+01	2.715284e-02
3.283055e+01	2.244554e-02
3.293055e+01	1.897655e-02
3.303055e+01	1.660336e-02
3.313055e+01	1.519564e-02
3.323055e+01	1.459258e-02
3.333055e+01	1.441938e-02
3.343055e+01	1.439554e-02
3.353055e+01	1.451811e-02
3.363055e+01	1.477124e-02
3.373055e+01	1.483191e-02
3.383055e+01	1.482532e-02
3.393055e+01	1.523039e-02
3.403055e+01	1.620892e-02
3.413055e+01	1.797936e-02
3.423055e+01	2.102309e-02
3.433055e+01	2.594482e-02
3.443055e+01	3.158777e-02
3.453055e+01	3.339557e-02
3.463055e+01	2.967089e-02
3.473055e+01	2.418106e-02
3.483055e+01	1.942438e-02
3.493055e+01	1.608244e-02
3.503055e+01	1.406853e-02
3.513055e+01	1.291741e-02
3.523055e+01	1.239339e-02
3.533055e+01	1.249083e-02
3.543055e+01	1.313038e-02
3.553055e+01	1.411947e-02
3.563055e+01	1.451756e-02
3.573055e+01	1.329359e-02
3.583055e+01	1.146410e-02
3.593055e+01	1.012632e-02
3.603055e+01	9.429831e-03
3.613055e+01	9.286002e-03
3.623055e+01	9.686654e-03
3.633055e+01	1.070672e-02
3.643055e+01	1.220265e-02
3.653055e+01	1.308494e-02
3.663055e+01	1.218857e-02
3.673055e+01	1.052601e-02
3.683055e+01	9.296983e-03
3.693055e+01	8.684906e-03
3.703055e+01	8.483749e-03
3.713055e+01	8.320609e-03
3.723055e+01	8.045005e-03
3.733055e+01	7.908678e-03
3.743055e+01	8.082186e-03
3.753055e+01	8.677757e-03
3.763055e+01	9.871245e-03
3.773055e+01	1.166063e-02
3.783055e+01	1.308099e-02
3.793055e+01	1.249338e-02
3.803055e+01	1.052734e-02
3.813055e+01	8.766622e-03
3.823055e+01	7.608427e-03
3.833055e+01	6.915754e-03
3.843055e+01	6.522214e-03
3.853055e+01	6.342732e-03
3.863055e+01	6.319158e-03
3.873055e+01	6.288316e-03
3.883055e+01	6.091598e-03
3.893055e+01	5.848666e-03
3.903055e+01	5.701942e-03
3.913055e+01	5.663837e-03
3.923055e+01	5.706491e-03
3.933055e+01	5.826144e-03
3.943055e+01	5.987101e-03
3.953055e+01	6.124632e-03
3.963055e+01	6.325366e-03
3.973055e+01	6.745285e-03
3.983055e+01	7.479758e-03
3.993055e+01	8.439209e-03
4.003055e+01	9.096779e-03
4.013055e+01	9.016397e-03
4.023055e+01	8.597650e-03
4.033055e+01	8.410246e-03
4.043055e+01	8.608244e-03
4.053055e+01	8.949212e-03
4.063055e+01	9.090413e-03
4.073055e+01	9.185640e-03
4.083055e+01	9.644178e-03
4.093055e+01	1.064229e-02
4.103055e+01	1.216723e-02
4.113055e+01	1.425996e-02
4.123055e+01	1.737684e-02
4.133055e+01	2.246082e-02
4.143055e+01	3.050691e-02
4.153055e+01	4.092242e-02
4.163055e+01	4.753817e-02
4.173055e+01	4.303584e-02
4.183055e+01	3.305259e-02
4.193055e+01	2.463592e-02
4.203055e+01	1.871520e-02
4.213055e+01	1.480798e-02
4.223055e+01	1.238869e-02
4.233055e+01	1.097782e-02
4.243055e+01	1.016313e-02
4.253055e+01	9.398028e-03
4.263055e+01	8.363317e-03
4.273055e+01	7.316937e-03
4.283055e+01	6.489414e-03
4.293055e+01	5.901039e-03
4.303055e+01	5.489317e-03
4.313055e+01	5.189269e-03
4.323055e+01	4.958788e-03
4.333055e+01	4.793714e-03
4.343055e+01	4.702772e-03
4.353055e+01	4.685617e-03
4.363055e+01	4.725194e-03
4.373055e+01	4.748527e-03
4.383055e+01	4.698312e-03
4.393055e+01	4.662963e-03
4.403055e+01	4.735388e-03
4.413055e+01	4.965218e-03
4.423055e+01	5.411718e-03
4.433055e+01	6.127659e-03
4.443055e+01	6.978026e-03
4.453055e+01	7.543119e-03
4.463055e+01	7.790454e-03
4.473055e+01	7.909535e-03
4.483055e+01	7.598473e-03
4.493055e+01	6.853475e-03
4.503055e+01	6.080949e-03
4.513055e+01	5.613914e-03
4.523055e+01	5.502902e-03
4.533055e+01	5.568147e-03
4.543055e+01	5.435508e-03
4.553055e+01	5.046322e-03
4.563055e+01	4.709139e-03
4.573055e+01	4.565308e-03
4.583055e+01	4.626084e-03
4.593055e+01	4.900150e-03
4.603055e+01	5.404447e-03
4.613055e+01	6.045487e-03
4.623055e+01	6.366864e-03
4.633055e+01	6.099765e-03
4.643055e+01	5.668474e-03
4.653055e+01	5.302022e-03
4.663055e+01	4.976692e-03
4.673055e+01	4.772492e-03
4.683055e+01	4.771384e-03
4.693055e+01	4.932277e-03
4.703055e+01	5.026226e-03
4.713055e+01	4.850674e-03
4.723055e+01	4.556987e-03
4.733055e+01	4.348751e-03
4.743055e+01	4.286227e-03
4.753055e+01	4.373660e-03
4.763055e+01	4.612244e-03
4.773055e+01	5.007606e-03
4.783055e+01	5.551048e-03
4.793055e+01	6.123138e-03
4.803055e+01	6.434175e-03
4.813055e+01	6.548632e-03
4.823055e+01	6.903108e-03
4.833055e+01	7.711485e-03
4.843055e+01	9.034424e-03
4.853055e+01	1.090989e-02
4.863055e+01	1.359977e-02
4.873055e+01	1.770992e-02
4.883055e+01	2.244362e-02
4.893055e+01	2.374270e-02
4.903055e+01	1.995868e-02
4.913055e+01	1.523585e-02
4.923055e+01	1.199032e-02
4.933055e+01	1.010374e-02
4.943055e+01	8.967714e-03
4.953055e+01	7.875468e-03
4.963055e+01	6.658395e-03
4.973055e+01	5.638987e-03
4.983055e+01	4.926484e-03
4.993055e+01	4.467264e-03
5.003055e+01	4.194365e-03
5.013055e+01	4.065814e-03
5.023055e+01	4.040158e-03
5.033055e+01	4.048697e-03
5.043055e+01	4.066842e-03
5.053055e+01	4.095852e-03
5.063055e+01	4.142439e-03
5.073055e+01	4.310567e-03
5.083055e+01	4.619654e-03
5.093055e+01	4.809492e-03
5.103055e+01	4.592914e-03
5.113055e+01	4.195494e-03
5.123055e+01	3.903411e-03
5.133055e+01	3.810036e-03
5.143055e+01	3.917111e-03
5.153055e+01	4.120119e-03
5.163055e+01	4.148081e-03
5.173055e+01	3.929999e-03
5.183055e+01	3.728706e-03
5.193055e+01	3.690702e-03
5.203055e+01	3.802437e-03
5.213055e+01	3.934488e-03
5.223055e+01	3.944791e-03
5.233055e+01	3.930019e-03
5.243055e+01	4.071411e-03
5.253055e+01	4.463546e-03
5.263055e+01	5.015596e-03
5.273055e+01	5.343050e-03
5.283055e+01	5.298911e-03
5.293055e+01	5.112739e-03
5.303055e+01	4.797219e-03
5.313055e+01	4.514967e-03
5.323055e+01	4.446312e-03
5.333055e+01	4.632021e-03
5.343055e+01	5.103141e-03
5.353055e+01	5.756926e-03
5.363055e+01	6.121152e-03
5.373055e+01	6.012768e-03
5.383055e+01	6.045613e-03
5.393055e+01	6.632615e-03
5.403055e+01	7.517828e-03
5.413055e+01	7.655559e-03
5.423055e+01	6.630839e-03
5.433055e+01	5.406565e-03
5.443055e+01	4.542406e-03
5.453055e+01	4.017565e-03
5.463055e+01	3.698272e-03
5.473055e+01	3.449815e-03
5.483055e+01	3.208162e-03
5.493055e+01	3.006114e-03
5.503055e+01	2.887230e-03
5.513055e+01	2.851484e-03
5.523055e+01	2.863019e-03
5.533055e+01	2.903315e-03
5.543055e+01	2.949968e-03
5.553055e+01	2.925175e-03
5.563055e+01	2.804038e-03
5.573055e+01	2.663394e-03
5.583055e+01	2.568402e-03
5.593055e+01	2.556114e-03
5.603055e+01	2.641428e-03
5.613055e+01	2.806645e-03
5.623055e+01	2.926800e-03
5.633055e+01	2.851960e-03
5.643055e+01	2.655940e-03
5.653055e+01	2.456895e-03
5.663055e+01	2.303049e-03
5.673055e+01	2.205624e-03
5.683055e+01	2.152214e-03
5.693055e+01	2.120944e-03
5.703055e+01	2.087986e-03
5.713055e+01	2.052761e-03
5.723055e+01	2.028473e-03
5.733055e+01	2.015452e-03
5.743055e+01	2.003083e-03
5.753055e+01	1.991699e-03
5.763055e+01	1.991295e-03
5.773055e+01	2.001960e-03
5.783055e+01	2.008563e-03
5.793055e+01	1.999759e-03
5.803055e+01	1.988989e-03
5.813055e+01	1.987584e-03
5.823055e+01	1.996771e-03
5.833055e+01	2.015976e-03
5.843055e+01	2.046069e-03
5.853055e+01	2.089946e-03
5.863055e+01	2.152603e-03
5.873055e+01	2.237691e-03
5.883055e+01	2.333035e-03
5.893055e+01	2.408326e-03
5.903055e+01	2.456477e-03
5.913055e+01	2.491254e-03
5.923055e+01	2.544719e-03
5.933055e+01	2.645097e-03
5.943055e+01	2.808369e-03
5.953055e+01	3.055282e-03
5.963055e+01	3.409158e-03
5.973055e+01	3.838424e-03
5.983055e+01	4.164857e-03
5.993055e+01	4.269579e-03
6.003055e+01	4.364275e-03
6.013055e+01	4.650968e-03
6.023055e+01	5.207972e-03
6.033055e+01	6.112941e-03
6.043055e+01	7.479977e-03
6.053055e+01	9.373797e-03
6.063055e+01	1.170657e-02
6.073055e+01	1.438501e-02
6.083055e+01	1.800135e-02
6.093055e+01	2.392983e-02
6.103055e+01	3.187865e-02
6.113055e+01	3.630531e-02
6.123055e+01	3.173020e-02
6.133055e+01	2.342959e-02
6.143055e+01	1.689199e-02
6.153055e+01	1.265099e-02
6.163055e+01	1.002246e-02
6.173055e+01	8.504594e-03
6.183055e+01	7.707351e-03
6.193055e+01	7.305272e-03
6.203055e+01	7.161156e-03
6.213055e+01	7.126316e-03
6.223055e+01	6.888331e-03
6.233055e+01	6.563380e-03
6.243055e+01	6.363034e-03
6.253055e+01	5.903881e-03
6.263055e+01	5.118944e-03
6.273055e+01	4.407119e-03
6.283055e+01	3.909369e-03
6.293055e+01	3.606663e-03
6.303055e+01	3.419214e-03
6.313055e+01	3.236501e-03
6.323055e+01	3.072359e-03
6.333055e+01	2.993568e-03
6.343055e+01	3.020006e-03
6.353055e+01	3.155811e-03
6.363055e+01	3.422029e-03
6.373055e+01	3.852771e-03
6.383055e+01	4.371930e-03
6.393055e+01	4.719285e-03
6.403055e+01	4.886731e-03
6.413055e+01	5.283769e-03
6.423055e+01	6.228900e-03
6.433055e+01	7.838045e-03
6.443055e+01	9.709306e-03
6.453055e+01	1.027515e-02
6.463055e+01	8.794785e-03
6.473055e+01	6.897408e-03
6.483055e+01	5.628023e-03
6.493055e+01	5.035710e-03
6.503055e+01	5.004591e-03
6.513055e+01	5.475288e-03
6.523055e+01	6.280152e-03
6.533055e+01	6.859788e-03
6.543055e+01	6.816194e-03
6.553055e+01	6.354728e-03
6.563055e+01	5.436001e-03
6.573055e+01	4.370411e-03
6.583055e+01	3.563111e-03
6.593055e+01	3.045953e-03
6.603055e+01	2.723441e-03
6.613055e+01	2.522400e-03
6.623055e+01	2.406063e-03
6.633055e+01	2.341335e-03
6.643055e+01	2.271038e-03
6.653055e+01	2.191098e-03
6.663055e+01	2.147678e-03
6.673055e+01	2.161272e-03
6.683055e+01	2.237320e-03
6.693055e+01	2.386042e-03
6.703055e+01	2.628845e-03
6.713055e+01	3.017495e-03
6.723055e+01	3.642221e-03
6.733055e+01	4.541933e-03
6.743055e+01	5.399508e-03
6.753055e+01	5.430147e-03
6.763055e+01	4.611059e-03
6.773055e+01	3.742986e-03
6.783055e+01	3.177639e-03
6.793055e+01	2.878266e-03
6.803055e+01	2.747760e-03
6.813055e+01	2.750180e-03
6.823055e+01	2.902638e-03
6.833055e+01	3.265026e-03
6.843055e+01	3.918383e-03
6.853055e+01	4.816455e-03
6.863055e+01	5.435116e-03
6.873055e+01	5.110220e-03
6.883055e+01	4.261421e-03
6.893055e+01	3.542856e-03
6.903055e+01	3.128129e-03
6.913055e+01	2.975257e-03
6.923055e+01	2.996777e-03
6.933055e+01	3.180503e-03
6.943055e+01	3.609679e-03
6.953055e+01	4.215172e-03
6.963055e+01	4.493223e-03
6.973055e+01	4.022941e-03
6.983055e+01	3.272006e-03
6.993055e+01	2.677830e-03
