#RPA-results:
#Nucleus: Ni 74
#Fermi level: -4.992964e+00	-1.506242e+01
#Excitation: 1 +
#Total number of pairs: 1032
#Number of ph-/ah-pairs: 1032/0
#Maximal excitation-energy for particle-hole-pairs: 100
#Maximal excitation-energy for antiparticle-hole-pairs: 1000
#No imaginary eigenvalues

#Parameterset: DD-PC1
#natural parity: no
#Isoscalar result:

#width: 5.000000e-01
#maximum value: 1.780350e-03
#at energy: 6.993055e+01
-9.006945e+01	4.018625e-04
-8.996945e+01	4.026683e-04
-8.986945e+01	4.034766e-04
-8.976945e+01	4.042874e-04
-8.966945e+01	4.051006e-04
-8.956945e+01	4.059163e-04
-8.946945e+01	4.067344e-04
-8.936945e+01	4.075550e-04
-8.926945e+01	4.083781e-04
-8.916945e+01	4.092037e-04
-8.906945e+01	4.100318e-04
-8.896945e+01	4.108625e-04
-8.886945e+01	4.116956e-04
-8.876945e+01	4.125314e-04
-8.866945e+01	4.133696e-04
-8.856945e+01	4.142105e-04
-8.846945e+01	4.150539e-04
-8.836945e+01	4.158998e-04
-8.826945e+01	4.167484e-04
-8.816945e+01	4.175996e-04
-8.806945e+01	4.184534e-04
-8.796945e+01	4.193098e-04
-8.786945e+01	4.201689e-04
-8.776945e+01	4.210306e-04
-8.766945e+01	4.218950e-04
-8.756945e+01	4.227620e-04
-8.746945e+01	4.236318e-04
-8.736945e+01	4.245042e-04
-8.726945e+01	4.253793e-04
-8.716945e+01	4.262571e-04
-8.706945e+01	4.271377e-04
-8.696945e+01	4.280210e-04
-8.686945e+01	4.289070e-04
-8.676945e+01	4.297959e-04
-8.666945e+01	4.306874e-04
-8.656945e+01	4.315818e-04
-8.646945e+01	4.324790e-04
-8.636945e+01	4.333789e-04
-8.626945e+01	4.342817e-04
-8.616945e+01	4.351873e-04
-8.606945e+01	4.360958e-04
-8.596945e+01	4.370071e-04
-8.586945e+01	4.379212e-04
-8.576945e+01	4.388383e-04
-8.566945e+01	4.397582e-04
-8.556945e+01	4.406811e-04
-8.546945e+01	4.416068e-04
-8.536945e+01	4.425355e-04
-8.526945e+01	4.434671e-04
-8.516945e+01	4.444017e-04
-8.506945e+01	4.453393e-04
-8.496945e+01	4.462798e-04
-8.486945e+01	4.472233e-04
-8.476945e+01	4.481698e-04
-8.466945e+01	4.491193e-04
-8.456945e+01	4.500718e-04
-8.446945e+01	4.510274e-04
-8.436945e+01	4.519861e-04
-8.426945e+01	4.529478e-04
-8.416945e+01	4.539126e-04
-8.406945e+01	4.548805e-04
-8.396945e+01	4.558514e-04
-8.386945e+01	4.568255e-04
-8.376945e+01	4.578028e-04
-8.366945e+01	4.587832e-04
-8.356945e+01	4.597667e-04
-8.346945e+01	4.607534e-04
-8.336945e+01	4.617433e-04
-8.326945e+01	4.627365e-04
-8.316945e+01	4.637328e-04
-8.306945e+01	4.647323e-04
-8.296945e+01	4.657351e-04
-8.286945e+01	4.667412e-04
-8.276945e+01	4.677505e-04
-8.266945e+01	4.687631e-04
-8.256945e+01	4.697790e-04
-8.246945e+01	4.707982e-04
-8.236945e+01	4.718208e-04
-8.226945e+01	4.728467e-04
-8.216945e+01	4.738759e-04
-8.206945e+01	4.749085e-04
-8.196945e+01	4.759445e-04
-8.186945e+01	4.769840e-04
-8.176945e+01	4.780268e-04
-8.166945e+01	4.790730e-04
-8.156945e+01	4.801227e-04
-8.146945e+01	4.811759e-04
-8.136945e+01	4.822326e-04
-8.126945e+01	4.832927e-04
-8.116945e+01	4.843563e-04
-8.106945e+01	4.854235e-04
-8.096945e+01	4.864942e-04
-8.086945e+01	4.875685e-04
-8.076945e+01	4.886463e-04
-8.066945e+01	4.897277e-04
-8.056945e+01	4.908128e-04
-8.046945e+01	4.919014e-04
-8.036945e+01	4.929937e-04
-8.026945e+01	4.940896e-04
-8.016945e+01	4.951892e-04
-8.006945e+01	4.962925e-04
-7.996945e+01	4.973995e-04
-7.986945e+01	4.985102e-04
-7.976945e+01	4.996246e-04
-7.966945e+01	5.007428e-04
-7.956945e+01	5.018647e-04
-7.946945e+01	5.029905e-04
-7.936945e+01	5.041200e-04
-7.926945e+01	5.052533e-04
-7.916945e+01	5.063905e-04
-7.906945e+01	5.075316e-04
-7.896945e+01	5.086765e-04
-7.886945e+01	5.098253e-04
-7.876945e+01	5.109780e-04
-7.866945e+01	5.121346e-04
-7.856945e+01	5.132952e-04
-7.846945e+01	5.144597e-04
-7.836945e+01	5.156283e-04
-7.826945e+01	5.168008e-04
-7.816945e+01	5.179773e-04
-7.806945e+01	5.191578e-04
-7.796945e+01	5.203424e-04
-7.786945e+01	5.215311e-04
-7.776945e+01	5.227239e-04
-7.766945e+01	5.239208e-04
-7.756945e+01	5.251217e-04
-7.746945e+01	5.263269e-04
-7.736945e+01	5.275362e-04
-7.726945e+01	5.287497e-04
-7.716945e+01	5.299674e-04
-7.706945e+01	5.311893e-04
-7.696945e+01	5.324155e-04
-7.686945e+01	5.336459e-04
-7.676945e+01	5.348806e-04
-7.666945e+01	5.361196e-04
-7.656945e+01	5.373629e-04
-7.646945e+01	5.386106e-04
-7.636945e+01	5.398626e-04
-7.626945e+01	5.411190e-04
-7.616945e+01	5.423798e-04
-7.606945e+01	5.436450e-04
-7.596945e+01	5.449147e-04
-7.586945e+01	5.461889e-04
-7.576945e+01	5.474675e-04
-7.566945e+01	5.487506e-04
-7.556945e+01	5.500383e-04
-7.546945e+01	5.513305e-04
-7.536945e+01	5.526273e-04
-7.526945e+01	5.539287e-04
-7.516945e+01	5.552347e-04
-7.506945e+01	5.565453e-04
-7.496945e+01	5.578606e-04
-7.486945e+01	5.591806e-04
-7.476945e+01	5.605053e-04
-7.466945e+01	5.618347e-04
-7.456945e+01	5.631689e-04
-7.446945e+01	5.645078e-04
-7.436945e+01	5.658515e-04
-7.426945e+01	5.672000e-04
-7.416945e+01	5.685534e-04
-7.406945e+01	5.699117e-04
-7.396945e+01	5.712748e-04
-7.386945e+01	5.726428e-04
-7.376945e+01	5.740158e-04
-7.366945e+01	5.753937e-04
-7.356945e+01	5.767766e-04
-7.346945e+01	5.781646e-04
-7.336945e+01	5.795575e-04
-7.326945e+01	5.809555e-04
-7.316945e+01	5.823586e-04
-7.306945e+01	5.837668e-04
-7.296945e+01	5.851801e-04
-7.286945e+01	5.865985e-04
-7.276945e+01	5.880222e-04
-7.266945e+01	5.894510e-04
-7.256945e+01	5.908851e-04
-7.246945e+01	5.923245e-04
-7.236945e+01	5.937691e-04
-7.226945e+01	5.952190e-04
-7.216945e+01	5.966743e-04
-7.206945e+01	5.981349e-04
-7.196945e+01	5.996009e-04
-7.186945e+01	6.010723e-04
-7.176945e+01	6.025491e-04
-7.166945e+01	6.040315e-04
-7.156945e+01	6.055193e-04
-7.146945e+01	6.070126e-04
-7.136945e+01	6.085115e-04
-7.126945e+01	6.100160e-04
-7.116945e+01	6.115260e-04
-7.106945e+01	6.130417e-04
-7.096945e+01	6.145631e-04
-7.086945e+01	6.160901e-04
-7.076945e+01	6.176228e-04
-7.066945e+01	6.191613e-04
-7.056945e+01	6.207056e-04
-7.046945e+01	6.222557e-04
-7.036945e+01	6.238116e-04
-7.026945e+01	6.253734e-04
-7.016945e+01	6.269410e-04
-7.006945e+01	6.285146e-04
-6.996945e+01	6.300941e-04
-6.986945e+01	6.316796e-04
-6.976945e+01	6.332712e-04
-6.966945e+01	6.348687e-04
-6.956945e+01	6.364724e-04
-6.946945e+01	6.380821e-04
-6.936945e+01	6.396980e-04
-6.926945e+01	6.413200e-04
-6.916945e+01	6.429482e-04
-6.906945e+01	6.445827e-04
-6.896945e+01	6.462234e-04
-6.886945e+01	6.478704e-04
-6.876945e+01	6.495238e-04
-6.866945e+01	6.511835e-04
-6.856945e+01	6.528496e-04
-6.846945e+01	6.545221e-04
-6.836945e+01	6.562011e-04
-6.826945e+01	6.578865e-04
-6.816945e+01	6.595785e-04
-6.806945e+01	6.612770e-04
-6.796945e+01	6.629822e-04
-6.786945e+01	6.646939e-04
-6.776945e+01	6.664123e-04
-6.766945e+01	6.681374e-04
-6.756945e+01	6.698693e-04
-6.746945e+01	6.716079e-04
-6.736945e+01	6.733533e-04
-6.726945e+01	6.751055e-04
-6.716945e+01	6.768646e-04
-6.706945e+01	6.786307e-04
-6.696945e+01	6.804036e-04
-6.686945e+01	6.821836e-04
-6.676945e+01	6.839705e-04
-6.666945e+01	6.857646e-04
-6.656945e+01	6.875657e-04
-6.646945e+01	6.893739e-04
-6.636945e+01	6.911893e-04
-6.626945e+01	6.930119e-04
-6.616945e+01	6.948418e-04
-6.606945e+01	6.966789e-04
-6.596945e+01	6.985234e-04
-6.586945e+01	7.003752e-04
-6.576945e+01	7.022344e-04
-6.566945e+01	7.041011e-04
-6.556945e+01	7.059752e-04
-6.546945e+01	7.078569e-04
-6.536945e+01	7.097461e-04
-6.526945e+01	7.116429e-04
-6.516945e+01	7.135473e-04
-6.506945e+01	7.154595e-04
-6.496945e+01	7.173793e-04
-6.486945e+01	7.193070e-04
-6.476945e+01	7.212424e-04
-6.466945e+01	7.231857e-04
-6.456945e+01	7.251369e-04
-6.446945e+01	7.270960e-04
-6.436945e+01	7.290631e-04
-6.426945e+01	7.310382e-04
-6.416945e+01	7.330214e-04
-6.406945e+01	7.350127e-04
-6.396945e+01	7.370121e-04
-6.386945e+01	7.390198e-04
-6.376945e+01	7.410357e-04
-6.366945e+01	7.430599e-04
-6.356945e+01	7.450924e-04
-6.346945e+01	7.471333e-04
-6.336945e+01	7.491826e-04
-6.326945e+01	7.512404e-04
-6.316945e+01	7.533067e-04
-6.306945e+01	7.553816e-04
-6.296945e+01	7.574651e-04
-6.286945e+01	7.595573e-04
-6.276945e+01	7.616582e-04
-6.266945e+01	7.637679e-04
-6.256945e+01	7.658863e-04
-6.246945e+01	7.680137e-04
-6.236945e+01	7.701499e-04
-6.226945e+01	7.722951e-04
-6.216945e+01	7.744493e-04
-6.206945e+01	7.766126e-04
-6.196945e+01	7.787849e-04
-6.186945e+01	7.809665e-04
-6.176945e+01	7.831572e-04
-6.166945e+01	7.853572e-04
-6.156945e+01	7.875666e-04
-6.146945e+01	7.897853e-04
-6.136945e+01	7.920134e-04
-6.126945e+01	7.942511e-04
-6.116945e+01	7.964982e-04
-6.106945e+01	7.987550e-04
-6.096945e+01	8.010214e-04
-6.086945e+01	8.032974e-04
-6.076945e+01	8.055833e-04
-6.066945e+01	8.078789e-04
-6.056945e+01	8.101844e-04
-6.046945e+01	8.124999e-04
-6.036945e+01	8.148253e-04
-6.026945e+01	8.171608e-04
-6.016945e+01	8.195063e-04
-6.006945e+01	8.218620e-04
-5.996945e+01	8.242279e-04
-5.986945e+01	8.266041e-04
-5.976945e+01	8.289907e-04
-5.966945e+01	8.313876e-04
-5.956945e+01	8.337950e-04
-5.946945e+01	8.362129e-04
-5.936945e+01	8.386413e-04
-5.926945e+01	8.410804e-04
-5.916945e+01	8.435303e-04
-5.906945e+01	8.459908e-04
-5.896945e+01	8.484622e-04
-5.886945e+01	8.509445e-04
-5.876945e+01	8.534378e-04
-5.866945e+01	8.559420e-04
-5.856945e+01	8.584574e-04
-5.846945e+01	8.609839e-04
-5.836945e+01	8.635216e-04
-5.826945e+01	8.660706e-04
-5.816945e+01	8.686310e-04
-5.806945e+01	8.712028e-04
-5.796945e+01	8.737861e-04
-5.786945e+01	8.763809e-04
-5.776945e+01	8.789873e-04
-5.766945e+01	8.816055e-04
-5.756945e+01	8.842354e-04
-5.746945e+01	8.868772e-04
-5.736945e+01	8.895308e-04
-5.726945e+01	8.921965e-04
-5.716945e+01	8.948742e-04
-5.706945e+01	8.975640e-04
-5.696945e+01	9.002661e-04
-5.686945e+01	9.029804e-04
-5.676945e+01	9.057070e-04
-5.666945e+01	9.084461e-04
-5.656945e+01	9.111977e-04
-5.646945e+01	9.139618e-04
-5.636945e+01	9.167387e-04
-5.626945e+01	9.195282e-04
-5.616945e+01	9.223306e-04
-5.606945e+01	9.251458e-04
-5.596945e+01	9.279740e-04
-5.586945e+01	9.308153e-04
-5.576945e+01	9.336697e-04
-5.566945e+01	9.365373e-04
-5.556945e+01	9.394182e-04
-5.546945e+01	9.423125e-04
-5.536945e+01	9.452202e-04
-5.526945e+01	9.481415e-04
-5.516945e+01	9.510764e-04
-5.506945e+01	9.540250e-04
-5.496945e+01	9.569875e-04
-5.486945e+01	9.599638e-04
-5.476945e+01	9.629541e-04
-5.466945e+01	9.659584e-04
-5.456945e+01	9.689769e-04
-5.446945e+01	9.720097e-04
-5.436945e+01	9.750567e-04
-5.426945e+01	9.781182e-04
-5.416945e+01	9.811942e-04
-5.406945e+01	9.842848e-04
-5.396945e+01	9.873901e-04
-5.386945e+01	9.905102e-04
-5.376945e+01	9.936452e-04
-5.366945e+01	9.967952e-04
-5.356945e+01	9.999602e-04
-5.346945e+01	1.003140e-03
-5.336945e+01	1.006336e-03
-5.326945e+01	1.009547e-03
-5.316945e+01	1.012773e-03
-5.306945e+01	1.016015e-03
-5.296945e+01	1.019273e-03
-5.286945e+01	1.022546e-03
-5.276945e+01	1.025835e-03
-5.266945e+01	1.029140e-03
-5.256945e+01	1.032462e-03
-5.246945e+01	1.035799e-03
-5.236945e+01	1.039153e-03
-5.226945e+01	1.042523e-03
-5.216945e+01	1.045910e-03
-5.206945e+01	1.049313e-03
-5.196945e+01	1.052733e-03
-5.186945e+01	1.056170e-03
-5.176945e+01	1.059624e-03
-5.166945e+01	1.063095e-03
-5.156945e+01	1.066583e-03
-5.146945e+01	1.070088e-03
-5.136945e+01	1.073611e-03
-5.126945e+01	1.077151e-03
-5.116945e+01	1.080709e-03
-5.106945e+01	1.084284e-03
-5.096945e+01	1.087878e-03
-5.086945e+01	1.091489e-03
-5.076945e+01	1.095119e-03
-5.066945e+01	1.098767e-03
-5.056945e+01	1.102433e-03
-5.046945e+01	1.106118e-03
-5.036945e+01	1.109821e-03
-5.026945e+01	1.113543e-03
-5.016945e+01	1.117284e-03
-5.006945e+01	1.121044e-03
-4.996945e+01	1.124823e-03
-4.986945e+01	1.128621e-03
-4.976945e+01	1.132439e-03
-4.966945e+01	1.136276e-03
-4.956945e+01	1.140133e-03
-4.946945e+01	1.144009e-03
-4.936945e+01	1.147906e-03
-4.926945e+01	1.151822e-03
-4.916945e+01	1.155759e-03
-4.906945e+01	1.159716e-03
-4.896945e+01	1.163694e-03
-4.886945e+01	1.167692e-03
-4.876945e+01	1.171711e-03
-4.866945e+01	1.175751e-03
-4.856945e+01	1.179812e-03
-4.846945e+01	1.183894e-03
-4.836945e+01	1.187997e-03
-4.826945e+01	1.192122e-03
-4.816945e+01	1.196269e-03
-4.806945e+01	1.200437e-03
-4.796945e+01	1.204628e-03
-4.786945e+01	1.208840e-03
-4.776945e+01	1.213075e-03
-4.766945e+01	1.217332e-03
-4.756945e+01	1.221612e-03
-4.746945e+01	1.225914e-03
-4.736945e+01	1.230240e-03
-4.726945e+01	1.234588e-03
-4.716945e+01	1.238960e-03
-4.706945e+01	1.243355e-03
-4.696945e+01	1.247774e-03
-4.686945e+01	1.252216e-03
-4.676945e+01	1.256683e-03
-4.666945e+01	1.261173e-03
-4.656945e+01	1.265688e-03
-4.646945e+01	1.270227e-03
-4.636945e+01	1.274791e-03
-4.626945e+01	1.279380e-03
-4.616945e+01	1.283994e-03
-4.606945e+01	1.288632e-03
-4.596945e+01	1.293296e-03
-4.586945e+01	1.297986e-03
-4.576945e+01	1.302702e-03
-4.566945e+01	1.307443e-03
-4.556945e+01	1.312210e-03
-4.546945e+01	1.317004e-03
-4.536945e+01	1.321824e-03
-4.526945e+01	1.326671e-03
-4.516945e+01	1.331545e-03
-4.506945e+01	1.336446e-03
-4.496945e+01	1.341374e-03
-4.486945e+01	1.346330e-03
-4.476945e+01	1.351313e-03
-4.466945e+01	1.356324e-03
-4.456945e+01	1.361364e-03
-4.446945e+01	1.366432e-03
-4.436945e+01	1.371528e-03
-4.426945e+01	1.376653e-03
-4.416945e+01	1.381807e-03
-4.406945e+01	1.386990e-03
-4.396945e+01	1.392203e-03
-4.386945e+01	1.397445e-03
-4.376945e+01	1.402718e-03
-4.366945e+01	1.408020e-03
-4.356945e+01	1.413353e-03
-4.346945e+01	1.418716e-03
-4.336945e+01	1.424110e-03
-4.326945e+01	1.429535e-03
-4.316945e+01	1.434991e-03
-4.306945e+01	1.440479e-03
-4.296945e+01	1.445999e-03
-4.286945e+01	1.451551e-03
-4.276945e+01	1.457135e-03
-4.266945e+01	1.462751e-03
-4.256945e+01	1.468401e-03
-4.246945e+01	1.474083e-03
-4.236945e+01	1.479799e-03
-4.226945e+01	1.485548e-03
-4.216945e+01	1.491331e-03
-4.206945e+01	1.497148e-03
-4.196945e+01	1.503000e-03
-4.186945e+01	1.508886e-03
-4.176945e+01	1.514807e-03
-4.166945e+01	1.520763e-03
-4.156945e+01	1.526755e-03
-4.146945e+01	1.532782e-03
-4.136945e+01	1.538846e-03
-4.126945e+01	1.544946e-03
-4.116945e+01	1.551082e-03
-4.106945e+01	1.557256e-03
-4.096945e+01	1.563466e-03
-4.086945e+01	1.569715e-03
-4.076945e+01	1.576001e-03
-4.066945e+01	1.582325e-03
-4.056945e+01	1.588687e-03
-4.046945e+01	1.595089e-03
-4.036945e+01	1.601529e-03
-4.026945e+01	1.608009e-03
-4.016945e+01	1.614529e-03
-4.006945e+01	1.621089e-03
-3.996945e+01	1.627689e-03
-3.986945e+01	1.634330e-03
-3.976945e+01	1.641012e-03
-3.966945e+01	1.647735e-03
-3.956945e+01	1.654500e-03
-3.946945e+01	1.661307e-03
-3.936945e+01	1.668157e-03
-3.926945e+01	1.675049e-03
-3.916945e+01	1.681985e-03
-3.906945e+01	1.688964e-03
-3.896945e+01	1.695987e-03
-3.886945e+01	1.703055e-03
-3.876945e+01	1.710167e-03
-3.866945e+01	1.717324e-03
-3.856945e+01	1.724527e-03
-3.846945e+01	1.731775e-03
-3.836945e+01	1.739070e-03
-3.826945e+01	1.746411e-03
-3.816945e+01	1.753799e-03
-3.806945e+01	1.761235e-03
-3.796945e+01	1.768718e-03
-3.786945e+01	1.776250e-03
-3.776945e+01	1.783830e-03
-3.766945e+01	1.791460e-03
-3.756945e+01	1.799138e-03
-3.746945e+01	1.806867e-03
-3.736945e+01	1.814647e-03
-3.726945e+01	1.822477e-03
-3.716945e+01	1.830358e-03
-3.706945e+01	1.838291e-03
-3.696945e+01	1.846277e-03
-3.686945e+01	1.854315e-03
-3.676945e+01	1.862406e-03
-3.666945e+01	1.870550e-03
-3.656945e+01	1.878749e-03
-3.646945e+01	1.887002e-03
-3.636945e+01	1.895311e-03
-3.626945e+01	1.903675e-03
-3.616945e+01	1.912095e-03
-3.606945e+01	1.920571e-03
-3.596945e+01	1.929105e-03
-3.586945e+01	1.937696e-03
-3.576945e+01	1.946345e-03
-3.566945e+01	1.955053e-03
-3.556945e+01	1.963820e-03
-3.546945e+01	1.972647e-03
-3.536945e+01	1.981534e-03
-3.526945e+01	1.990482e-03
-3.516945e+01	1.999491e-03
-3.506945e+01	2.008563e-03
-3.496945e+01	2.017696e-03
-3.486945e+01	2.026893e-03
-3.476945e+01	2.036154e-03
-3.466945e+01	2.045479e-03
-3.456945e+01	2.054869e-03
-3.446945e+01	2.064324e-03
-3.436945e+01	2.073845e-03
-3.426945e+01	2.083434e-03
-3.416945e+01	2.093089e-03
-3.406945e+01	2.102813e-03
-3.396945e+01	2.112605e-03
-3.386945e+01	2.122467e-03
-3.376945e+01	2.132399e-03
-3.366945e+01	2.142401e-03
-3.356945e+01	2.152475e-03
-3.346945e+01	2.162621e-03
-3.336945e+01	2.172839e-03
-3.326945e+01	2.183131e-03
-3.316945e+01	2.193497e-03
-3.306945e+01	2.203938e-03
-3.296945e+01	2.214455e-03
-3.286945e+01	2.225048e-03
-3.276945e+01	2.235718e-03
-3.266945e+01	2.246466e-03
-3.256945e+01	2.257292e-03
-3.246945e+01	2.268198e-03
-3.236945e+01	2.279184e-03
-3.226945e+01	2.290252e-03
-3.216945e+01	2.301401e-03
-3.206945e+01	2.312632e-03
-3.196945e+01	2.323947e-03
-3.186945e+01	2.335347e-03
-3.176945e+01	2.346831e-03
-3.166945e+01	2.358402e-03
-3.156945e+01	2.370059e-03
-3.146945e+01	2.381804e-03
-3.136945e+01	2.393638e-03
-3.126945e+01	2.405561e-03
-3.116945e+01	2.417575e-03
-3.106945e+01	2.429680e-03
-3.096945e+01	2.441878e-03
-3.086945e+01	2.454169e-03
-3.076945e+01	2.466554e-03
-3.066945e+01	2.479035e-03
-3.056945e+01	2.491612e-03
-3.046945e+01	2.504286e-03
-3.036945e+01	2.517058e-03
-3.026945e+01	2.529929e-03
-3.016945e+01	2.542901e-03
-3.006945e+01	2.555975e-03
-2.996945e+01	2.569151e-03
-2.986945e+01	2.582430e-03
-2.976945e+01	2.595814e-03
-2.966945e+01	2.609304e-03
-2.956945e+01	2.622901e-03
-2.946945e+01	2.636606e-03
-2.936945e+01	2.650421e-03
-2.926945e+01	2.664345e-03
-2.916945e+01	2.678382e-03
-2.906945e+01	2.692531e-03
-2.896945e+01	2.706794e-03
-2.886945e+01	2.721173e-03
-2.876945e+01	2.735668e-03
-2.866945e+01	2.750282e-03
-2.856945e+01	2.765014e-03
-2.846945e+01	2.779867e-03
-2.836945e+01	2.794842e-03
-2.826945e+01	2.809940e-03
-2.816945e+01	2.825162e-03
-2.806945e+01	2.840511e-03
-2.796945e+01	2.855987e-03
-2.786945e+01	2.871592e-03
-2.776945e+01	2.887327e-03
-2.766945e+01	2.903194e-03
-2.756945e+01	2.919194e-03
-2.746945e+01	2.935329e-03
-2.736945e+01	2.951600e-03
-2.726945e+01	2.968010e-03
-2.716945e+01	2.984558e-03
-2.706945e+01	3.001248e-03
-2.696945e+01	3.018081e-03
-2.686945e+01	3.035058e-03
-2.676945e+01	3.052181e-03
-2.666945e+01	3.069452e-03
-2.656945e+01	3.086873e-03
-2.646945e+01	3.104445e-03
-2.636945e+01	3.122170e-03
-2.626945e+01	3.140050e-03
-2.616945e+01	3.158087e-03
-2.606945e+01	3.176282e-03
-2.596945e+01	3.194638e-03
-2.586945e+01	3.213157e-03
-2.576945e+01	3.231840e-03
-2.566945e+01	3.250689e-03
-2.556945e+01	3.269707e-03
-2.546945e+01	3.288895e-03
-2.536945e+01	3.308256e-03
-2.526945e+01	3.327792e-03
-2.516945e+01	3.347504e-03
-2.506945e+01	3.367396e-03
-2.496945e+01	3.387468e-03
-2.486945e+01	3.407725e-03
-2.476945e+01	3.428167e-03
-2.466945e+01	3.448797e-03
-2.456945e+01	3.469618e-03
-2.446945e+01	3.490631e-03
-2.436945e+01	3.511840e-03
-2.426945e+01	3.533247e-03
-2.416945e+01	3.554854e-03
-2.406945e+01	3.576665e-03
-2.396945e+01	3.598680e-03
-2.386945e+01	3.620904e-03
-2.376945e+01	3.643338e-03
-2.366945e+01	3.665987e-03
-2.356945e+01	3.688851e-03
-2.346945e+01	3.711935e-03
-2.336945e+01	3.735241e-03
-2.326945e+01	3.758772e-03
-2.316945e+01	3.782530e-03
-2.306945e+01	3.806520e-03
-2.296945e+01	3.830744e-03
-2.286945e+01	3.855205e-03
-2.276945e+01	3.879906e-03
-2.266945e+01	3.904851e-03
-2.256945e+01	3.930043e-03
-2.246945e+01	3.955485e-03
-2.236945e+01	3.981181e-03
-2.226945e+01	4.007134e-03
-2.216945e+01	4.033348e-03
-2.206945e+01	4.059826e-03
-2.196945e+01	4.086571e-03
-2.186945e+01	4.113589e-03
-2.176945e+01	4.140881e-03
-2.166945e+01	4.168453e-03
-2.156945e+01	4.196309e-03
-2.146945e+01	4.224451e-03
-2.136945e+01	4.252884e-03
-2.126945e+01	4.281613e-03
-2.116945e+01	4.310642e-03
-2.106945e+01	4.339974e-03
-2.096945e+01	4.369615e-03
-2.086945e+01	4.399569e-03
-2.076945e+01	4.429839e-03
-2.066945e+01	4.460432e-03
-2.056945e+01	4.491351e-03
-2.046945e+01	4.522602e-03
-2.036945e+01	4.554188e-03
-2.026945e+01	4.586116e-03
-2.016945e+01	4.618391e-03
-2.006945e+01	4.651017e-03
-1.996945e+01	4.684000e-03
-1.986945e+01	4.717344e-03
-1.976945e+01	4.751057e-03
-1.966945e+01	4.785143e-03
-1.956945e+01	4.819608e-03
-1.946945e+01	4.854457e-03
-1.936945e+01	4.889697e-03
-1.926945e+01	4.925334e-03
-1.916945e+01	4.961374e-03
-1.906945e+01	4.997823e-03
-1.896945e+01	5.034688e-03
-1.886945e+01	5.071975e-03
-1.876945e+01	5.109691e-03
-1.866945e+01	5.147842e-03
-1.856945e+01	5.186436e-03
-1.846945e+01	5.225480e-03
-1.836945e+01	5.264981e-03
-1.826945e+01	5.304947e-03
-1.816945e+01	5.345384e-03
-1.806945e+01	5.386301e-03
-1.796945e+01	5.427706e-03
-1.786945e+01	5.469606e-03
-1.776945e+01	5.512010e-03
-1.766945e+01	5.554927e-03
-1.756945e+01	5.598364e-03
-1.746945e+01	5.642331e-03
-1.736945e+01	5.686837e-03
-1.726945e+01	5.731891e-03
-1.716945e+01	5.777502e-03
-1.706945e+01	5.823679e-03
-1.696945e+01	5.870433e-03
-1.686945e+01	5.917774e-03
-1.676945e+01	5.965712e-03
-1.666945e+01	6.014257e-03
-1.656945e+01	6.063420e-03
-1.646945e+01	6.113212e-03
-1.636945e+01	6.163645e-03
-1.626945e+01	6.214729e-03
-1.616945e+01	6.266476e-03
-1.606945e+01	6.318900e-03
-1.596945e+01	6.372011e-03
-1.586945e+01	6.425822e-03
-1.576945e+01	6.480347e-03
-1.566945e+01	6.535599e-03
-1.556945e+01	6.591591e-03
-1.546945e+01	6.648337e-03
-1.536945e+01	6.705851e-03
-1.526945e+01	6.764148e-03
-1.516945e+01	6.823243e-03
-1.506945e+01	6.883151e-03
-1.496945e+01	6.943888e-03
-1.486945e+01	7.005469e-03
-1.476945e+01	7.067913e-03
-1.466945e+01	7.131234e-03
-1.456945e+01	7.195452e-03
-1.446945e+01	7.260583e-03
-1.436945e+01	7.326646e-03
-1.426945e+01	7.393660e-03
-1.416945e+01	7.461644e-03
-1.406945e+01	7.530618e-03
-1.396945e+01	7.600602e-03
-1.386945e+01	7.671617e-03
-1.376945e+01	7.743684e-03
-1.366945e+01	7.816827e-03
-1.356945e+01	7.891066e-03
-1.346945e+01	7.966426e-03
-1.336945e+01	8.042931e-03
-1.326945e+01	8.120605e-03
-1.316945e+01	8.199473e-03
-1.306945e+01	8.279562e-03
-1.296945e+01	8.360899e-03
-1.286945e+01	8.443510e-03
-1.276945e+01	8.527426e-03
-1.266945e+01	8.612674e-03
-1.256945e+01	8.699285e-03
-1.246945e+01	8.787290e-03
-1.236945e+01	8.876722e-03
-1.226945e+01	8.967612e-03
-1.216945e+01	9.059996e-03
-1.206945e+01	9.153908e-03
-1.196945e+01	9.249385e-03
-1.186945e+01	9.346463e-03
-1.176945e+01	9.445181e-03
-1.166945e+01	9.545580e-03
-1.156945e+01	9.647700e-03
-1.146945e+01	9.751584e-03
-1.136945e+01	9.857276e-03
-1.126945e+01	9.964820e-03
-1.116945e+01	1.007426e-02
-1.106945e+01	1.018566e-02
-1.096945e+01	1.029905e-02
-1.086945e+01	1.041449e-02
-1.076945e+01	1.053203e-02
-1.066945e+01	1.065174e-02
-1.056945e+01	1.077366e-02
-1.046945e+01	1.089785e-02
-1.036945e+01	1.102439e-02
-1.026945e+01	1.115333e-02
-1.016945e+01	1.128474e-02
-1.006945e+01	1.141868e-02
-9.969451e+00	1.155524e-02
-9.869451e+00	1.169448e-02
-9.769451e+00	1.183648e-02
-9.669451e+00	1.198133e-02
-9.569451e+00	1.212910e-02
-9.469451e+00	1.227988e-02
-9.369451e+00	1.243377e-02
-9.269451e+00	1.259086e-02
-9.169451e+00	1.275124e-02
-9.069451e+00	1.291502e-02
-8.969451e+00	1.308230e-02
-8.869451e+00	1.325320e-02
-8.769451e+00	1.342784e-02
-8.669451e+00	1.360633e-02
-8.569451e+00	1.378880e-02
-8.469451e+00	1.397538e-02
-8.369451e+00	1.416622e-02
-8.269451e+00	1.436146e-02
-8.169451e+00	1.456125e-02
-8.069451e+00	1.476575e-02
-7.969451e+00	1.497514e-02
-7.869451e+00	1.518958e-02
-7.769451e+00	1.540926e-02
-7.669451e+00	1.563438e-02
-7.569451e+00	1.586514e-02
-7.469451e+00	1.610176e-02
-7.369451e+00	1.634446e-02
-7.269451e+00	1.659350e-02
-7.169451e+00	1.684911e-02
-7.069451e+00	1.711157e-02
-6.969451e+00	1.738117e-02
-6.869451e+00	1.765821e-02
-6.769451e+00	1.794300e-02
-6.669451e+00	1.823588e-02
-6.569451e+00	1.853723e-02
-6.469451e+00	1.884741e-02
-6.369451e+00	1.916685e-02
-6.269451e+00	1.949597e-02
-6.169451e+00	1.983525e-02
-6.069451e+00	2.018519e-02
-5.969451e+00	2.054632e-02
-5.869451e+00	2.091922e-02
-5.769451e+00	2.130451e-02
-5.669451e+00	2.170287e-02
-5.569451e+00	2.211501e-02
-5.469451e+00	2.254172e-02
-5.369451e+00	2.298384e-02
-5.269451e+00	2.344231e-02
-5.169451e+00	2.391811e-02
-5.069451e+00	2.441236e-02
-4.969451e+00	2.492626e-02
-4.869451e+00	2.546113e-02
-4.769451e+00	2.601842e-02
-4.669451e+00	2.659975e-02
-4.569451e+00	2.720691e-02
-4.469451e+00	2.784189e-02
-4.369451e+00	2.850690e-02
-4.269451e+00	2.920446e-02
-4.169451e+00	2.993736e-02
-4.069451e+00	3.070880e-02
-3.969451e+00	3.152241e-02
-3.869451e+00	3.238234e-02
-3.769451e+00	3.329337e-02
-3.669451e+00	3.426103e-02
-3.569451e+00	3.529177e-02
-3.469451e+00	3.639317e-02
-3.369451e+00	3.757419e-02
-3.269451e+00	3.884552e-02
-3.169451e+00	4.022005e-02
-3.069451e+00	4.171340e-02
-2.969451e+00	4.334479e-02
-2.869451e+00	4.513808e-02
-2.769451e+00	4.712328e-02
-2.669451e+00	4.933864e-02
-2.569451e+00	5.183367e-02
-2.469451e+00	5.467342e-02
-2.369451e+00	5.794503e-02
-2.269451e+00	6.176744e-02
-2.169451e+00	6.630671e-02
-2.069451e+00	7.180033e-02
-1.969451e+00	7.859745e-02
-1.869451e+00	8.722702e-02
-1.769451e+00	9.851773e-02
-1.669451e+00	1.138151e-01
-1.569451e+00	1.353843e-01
-1.469451e+00	1.671523e-01
-1.369451e+00	2.159381e-01
-1.269451e+00	2.924665e-01
-1.169451e+00	4.057266e-01
-1.069451e+00	5.280350e-01
-9.694509e-01	5.569247e-01
-8.694509e-01	4.616454e-01
-7.694509e-01	3.467356e-01
-6.694509e-01	2.669288e-01
-5.694509e-01	2.200255e-01
-4.694509e-01	1.949690e-01
-3.694509e-01	1.842952e-01
-2.694509e-01	1.842117e-01
-1.694509e-01	1.939094e-01
-6.945093e-02	2.146941e-01
3.054907e-02	2.477078e-01
1.305491e-01	2.931027e-01
2.305491e-01	3.560427e-01
3.305491e-01	4.302759e-01
4.305491e-01	4.681587e-01
5.305491e-01	4.547493e-01
6.305491e-01	4.502848e-01
7.305491e-01	4.873072e-01
8.305491e-01	5.364863e-01
9.305491e-01	5.341813e-01
1.030549e+00	4.957789e-01
1.130549e+00	4.860268e-01
1.230549e+00	5.320255e-01
1.330549e+00	6.318621e-01
1.430549e+00	7.282249e-01
1.530549e+00	7.112536e-01
1.630549e+00	6.021131e-01
1.730549e+00	5.045141e-01
1.830549e+00	4.494858e-01
1.930549e+00	4.295360e-01
2.030549e+00	4.356910e-01
2.130549e+00	4.642464e-01
2.230549e+00	5.160436e-01
2.330549e+00	5.924308e-01
2.430549e+00	6.817740e-01
2.530549e+00	7.570222e-01
2.630549e+00	8.285761e-01
2.730549e+00	9.377680e-01
2.830549e+00	1.112340e+00
2.930549e+00	1.375984e+00
3.030549e+00	1.754831e+00
3.130549e+00	2.272778e+00
3.230549e+00	3.011617e+00
3.330549e+00	4.180680e+00
3.430549e+00	6.062110e+00
3.530549e+00	8.709375e+00
3.630549e+00	1.087625e+01
3.730549e+00	1.025455e+01
3.830549e+00	7.594741e+00
3.930549e+00	5.156983e+00
4.030549e+00	3.530480e+00
4.130549e+00	2.511791e+00
4.230549e+00	1.864851e+00
4.330549e+00	1.440417e+00
4.430549e+00	1.153030e+00
4.530549e+00	9.543155e-01
4.630549e+00	8.139402e-01
4.730549e+00	7.056960e-01
4.830549e+00	6.121318e-01
4.930549e+00	5.332299e-01
5.030549e+00	4.710203e-01
5.130549e+00	4.230786e-01
5.230549e+00	3.859845e-01
5.330549e+00	3.570885e-01
5.430549e+00	3.345710e-01
5.530549e+00	3.172631e-01
5.630549e+00	3.044862e-01
5.730549e+00	2.959277e-01
5.830549e+00	2.916553e-01
5.930549e+00	2.921081e-01
6.030549e+00	2.974183e-01
6.130549e+00	3.045975e-01
6.230549e+00	3.072362e-01
6.330549e+00	3.067171e-01
6.430549e+00	3.099421e-01
6.530549e+00	3.196269e-01
6.630549e+00	3.363390e-01
6.730549e+00	3.610045e-01
6.830549e+00	3.956284e-01
6.930549e+00	4.437642e-01
7.030549e+00	5.113727e-01
7.130549e+00	6.084917e-01
7.230549e+00	7.524065e-01
7.330549e+00	9.734076e-01
7.430549e+00	1.323261e+00
7.530549e+00	1.874467e+00
7.630549e+00	2.636120e+00
7.730549e+00	3.246066e+00
7.830549e+00	3.060838e+00
7.930549e+00	2.315916e+00
8.030549e+00	1.642365e+00
8.130549e+00	1.197437e+00
8.230549e+00	9.224889e-01
8.330549e+00	7.515675e-01
8.430549e+00	6.431614e-01
8.530549e+00	5.734927e-01
8.630549e+00	5.289378e-01
8.730549e+00	5.014988e-01
8.830549e+00	4.863525e-01
8.930549e+00	4.805319e-01
9.030549e+00	4.822027e-01
9.130549e+00	4.902558e-01
9.230549e+00	5.040738e-01
9.330549e+00	5.233977e-01
9.430549e+00	5.482530e-01
9.530549e+00	5.789168e-01
9.630549e+00	6.159154e-01
9.730549e+00	6.600491e-01
9.830549e+00	7.124511e-01
9.930549e+00	7.746909e-01
1.003055e+01	8.489516e-01
1.013055e+01	9.383286e-01
1.023055e+01	1.047321e+00
1.033055e+01	1.182464e+00
1.043055e+01	1.352003e+00
1.053055e+01	1.559223e+00
1.063055e+01	1.787030e+00
1.073055e+01	2.024199e+00
1.083055e+01	2.314054e+00
1.093055e+01	2.706681e+00
1.103055e+01	3.238855e+00
1.113055e+01	3.958225e+00
1.123055e+01	4.955929e+00
1.133055e+01	6.389786e+00
1.143055e+01	8.518944e+00
1.153055e+01	1.178044e+01
1.163055e+01	1.690680e+01
1.173055e+01	2.492277e+01
1.183055e+01	3.590753e+01
1.193055e+01	4.493967e+01
1.203055e+01	4.322341e+01
1.213055e+01	3.283244e+01
1.223055e+01	2.245672e+01
1.233055e+01	1.526291e+01
1.243055e+01	1.071523e+01
1.253055e+01	7.827594e+00
1.263055e+01	5.927434e+00
1.273055e+01	4.622043e+00
1.283055e+01	3.692830e+00
1.293055e+01	3.013270e+00
1.303055e+01	2.501914e+00
1.313055e+01	2.107762e+00
1.323055e+01	1.799329e+00
1.333055e+01	1.554549e+00
1.343055e+01	1.357648e+00
1.353055e+01	1.197257e+00
1.363055e+01	1.064287e+00
1.373055e+01	9.515892e-01
1.383055e+01	8.551193e-01
1.393055e+01	7.724864e-01
1.403055e+01	7.010633e-01
1.413055e+01	6.389573e-01
1.423055e+01	5.851288e-01
1.433055e+01	5.384918e-01
1.443055e+01	4.981183e-01
1.453055e+01	4.634201e-01
1.463055e+01	4.340244e-01
1.473055e+01	4.087368e-01
1.483055e+01	3.839285e-01
1.493055e+01	3.573579e-01
1.503055e+01	3.318732e-01
1.513055e+01	3.094171e-01
1.523055e+01	2.898160e-01
1.533055e+01	2.724813e-01
1.543055e+01	2.569496e-01
1.553055e+01	2.428998e-01
1.563055e+01	2.301046e-01
1.573055e+01	2.183946e-01
1.583055e+01	2.076376e-01
1.593055e+01	1.977266e-01
1.603055e+01	1.885730e-01
1.613055e+01	1.801020e-01
1.623055e+01	1.722499e-01
1.633055e+01	1.649616e-01
1.643055e+01	1.581897e-01
1.653055e+01	1.518934e-01
1.663055e+01	1.460375e-01
1.673055e+01	1.405921e-01
1.683055e+01	1.355325e-01
1.693055e+01	1.308390e-01
1.703055e+01	1.264974e-01
1.713055e+01	1.225000e-01
1.723055e+01	1.188472e-01
1.733055e+01	1.155506e-01
1.743055e+01	1.126386e-01
1.753055e+01	1.101661e-01
1.763055e+01	1.082335e-01
1.773055e+01	1.070203e-01
1.783055e+01	1.068440e-01
1.793055e+01	1.082228e-01
1.803055e+01	1.117096e-01
1.813055e+01	1.165328e-01
1.823055e+01	1.183383e-01
1.833055e+01	1.143023e-01
1.843055e+01	1.082294e-01
1.853055e+01	1.036495e-01
1.863055e+01	1.015899e-01
1.873055e+01	1.017813e-01
1.883055e+01	1.034367e-01
1.893055e+01	1.062416e-01
1.903055e+01	1.112994e-01
1.913055e+01	1.201015e-01
1.923055e+01	1.344539e-01
1.933055e+01	1.572718e-01
1.943055e+01	1.934705e-01
1.953055e+01	2.506614e-01
1.963055e+01	3.331887e-01
1.973055e+01	4.187273e-01
1.983055e+01	4.611082e-01
1.993055e+01	4.600503e-01
2.003055e+01	4.138661e-01
2.013055e+01	3.264810e-01
2.023055e+01	2.425870e-01
2.033055e+01	1.825857e-01
2.043055e+01	1.433867e-01
2.053055e+01	1.177981e-01
2.063055e+01	1.005804e-01
2.073055e+01	8.861039e-02
2.083055e+01	8.009039e-02
2.093055e+01	7.397222e-02
2.103055e+01	6.966291e-02
2.113055e+01	6.687738e-02
2.123055e+01	6.558301e-02
2.133055e+01	6.601423e-02
2.143055e+01	6.876955e-02
2.153055e+01	7.496502e-02
2.163055e+01	8.574186e-02
2.173055e+01	9.871850e-02
2.183055e+01	1.030858e-01
2.193055e+01	9.334066e-02
2.203055e+01	7.979809e-02
2.213055e+01	7.018940e-02
2.223055e+01	6.509662e-02
2.233055e+01	6.181309e-02
2.243055e+01	5.720734e-02
2.253055e+01	5.128219e-02
2.263055e+01	4.610254e-02
2.273055e+01	4.229746e-02
2.283055e+01	3.949274e-02
2.293055e+01	3.727051e-02
2.303055e+01	3.545475e-02
2.313055e+01	3.396728e-02
2.323055e+01	3.273132e-02
2.333055e+01	3.167913e-02
2.343055e+01	3.076205e-02
2.353055e+01	2.994770e-02
2.363055e+01	2.921460e-02
2.373055e+01	2.854840e-02
2.383055e+01	2.793970e-02
2.393055e+01	2.738296e-02
2.403055e+01	2.687624e-02
2.413055e+01	2.642058e-02
2.423055e+01	2.601442e-02
2.433055e+01	2.563876e-02
2.443055e+01	2.527552e-02
2.453055e+01	2.495737e-02
2.463055e+01	2.470814e-02
2.473055e+01	2.446339e-02
2.483055e+01	2.413962e-02
2.493055e+01	2.381722e-02
2.503055e+01	2.361363e-02
2.513055e+01	2.358226e-02
2.523055e+01	2.371104e-02
2.533055e+01	2.379762e-02
2.543055e+01	2.356472e-02
2.553055e+01	2.314518e-02
2.563055e+01	2.283234e-02
2.573055e+01	2.265882e-02
2.583055e+01	2.248243e-02
2.593055e+01	2.229619e-02
2.603055e+01	2.226362e-02
2.613055e+01	2.253197e-02
2.623055e+01	2.316789e-02
2.633055e+01	2.417484e-02
2.643055e+01	2.513837e-02
2.653055e+01	2.508856e-02
2.663055e+01	2.419892e-02
2.673055e+01	2.351236e-02
2.683055e+01	2.342393e-02
2.693055e+01	2.378297e-02
2.703055e+01	2.400910e-02
2.713055e+01	2.382289e-02
2.723055e+01	2.385167e-02
2.733055e+01	2.461288e-02
2.743055e+01	2.622464e-02
2.753055e+01	2.825730e-02
2.763055e+01	2.908653e-02
2.773055e+01	2.776753e-02
2.783055e+01	2.591460e-02
2.793055e+01	2.472548e-02
2.803055e+01	2.431315e-02
2.813055e+01	2.453250e-02
2.823055e+01	2.536320e-02
2.833055e+01	2.692043e-02
2.843055e+01	2.939183e-02
2.853055e+01	3.304715e-02
2.863055e+01	3.822488e-02
2.873055e+01	4.529897e-02
2.883055e+01	5.537653e-02
2.893055e+01	6.906692e-02
2.903055e+01	8.169158e-02
2.913055e+01	8.242821e-02
2.923055e+01	7.150778e-02
2.933055e+01	5.977489e-02
2.943055e+01	5.252343e-02
2.953055e+01	5.000377e-02
2.963055e+01	5.034621e-02
2.973055e+01	5.177825e-02
2.983055e+01	5.392395e-02
2.993055e+01	5.611097e-02
3.003055e+01	5.965393e-02
3.013055e+01	6.726423e-02
3.023055e+01	8.140241e-02
3.033055e+01	1.052151e-01
3.043055e+01	1.423602e-01
3.053055e+01	1.917463e-01
3.063055e+01	2.396656e-01
3.073055e+01	2.716471e-01
3.083055e+01	2.715610e-01
3.093055e+01	2.313462e-01
3.103055e+01	1.808608e-01
3.113055e+01	1.379188e-01
3.123055e+01	1.037654e-01
3.133055e+01	7.941548e-02
3.143055e+01	6.295883e-02
3.153055e+01	5.197314e-02
3.163055e+01	4.486900e-02
3.173055e+01	4.049819e-02
3.183055e+01	3.807656e-02
3.193055e+01	3.728641e-02
3.203055e+01	3.842617e-02
3.213055e+01	4.210677e-02
3.223055e+01	4.885630e-02
3.233055e+01	5.702964e-02
3.243055e+01	6.043357e-02
3.253055e+01	5.773326e-02
3.263055e+01	5.645164e-02
3.273055e+01	6.059460e-02
3.283055e+01	6.679146e-02
3.293055e+01	6.563633e-02
3.303055e+01	5.599661e-02
3.313055e+01	4.592386e-02
3.323055e+01	3.818701e-02
3.333055e+01	3.254921e-02
3.343055e+01	2.921586e-02
3.353055e+01	2.817332e-02
3.363055e+01	2.931423e-02
3.373055e+01	3.229466e-02
3.383055e+01	3.469936e-02
3.393055e+01	3.287991e-02
3.403055e+01	2.856508e-02
3.413055e+01	2.527509e-02
3.423055e+01	2.379298e-02
3.433055e+01	2.339048e-02
3.443055e+01	2.237401e-02
3.453055e+01	2.026842e-02
3.463055e+01	1.841091e-02
3.473055e+01	1.744452e-02
3.483055e+01	1.729420e-02
3.493055e+01	1.771133e-02
3.503055e+01	1.825464e-02
3.513055e+01	1.864231e-02
3.523055e+01	1.886786e-02
3.533055e+01	1.929505e-02
3.543055e+01	2.081081e-02
3.553055e+01	2.410279e-02
3.563055e+01	2.920753e-02
3.573055e+01	3.456496e-02
3.583055e+01	3.650682e-02
3.593055e+01	3.220601e-02
3.603055e+01	2.545215e-02
3.613055e+01	2.016061e-02
3.623055e+01	1.675584e-02
3.633055e+01	1.464620e-02
3.643055e+01	1.334179e-02
3.653055e+01	1.256139e-02
3.663055e+01	1.216490e-02
3.673055e+01	1.210095e-02
3.683055e+01	1.238217e-02
3.693055e+01	1.304991e-02
3.703055e+01	1.410694e-02
3.713055e+01	1.551680e-02
3.723055e+01	1.686477e-02
3.733055e+01	1.732962e-02
3.743055e+01	1.720569e-02
3.753055e+01	1.715567e-02
3.763055e+01	1.773201e-02
3.773055e+01	1.956389e-02
3.783055e+01	2.322769e-02
3.793055e+01	2.953371e-02
3.803055e+01	3.895910e-02
3.813055e+01	4.858927e-02
3.823055e+01	5.046495e-02
3.833055e+01	4.310347e-02
3.843055e+01	3.404043e-02
3.853055e+01	2.647476e-02
3.863055e+01	2.078677e-02
3.873055e+01	1.691026e-02
3.883055e+01	1.438159e-02
3.893055e+01	1.279522e-02
3.903055e+01	1.182888e-02
3.913055e+01	1.112118e-02
3.923055e+01	1.039641e-02
3.933055e+01	9.738652e-03
3.943055e+01	9.253153e-03
3.953055e+01	8.935563e-03
3.963055e+01	8.778136e-03
3.973055e+01	8.761366e-03
3.983055e+01	8.814582e-03
3.993055e+01	8.858732e-03
4.003055e+01	8.906223e-03
4.013055e+01	9.021633e-03
4.023055e+01	9.287358e-03
4.033055e+01	9.800569e-03
4.043055e+01	1.069038e-02
4.053055e+01	1.212769e-02
4.063055e+01	1.414207e-02
4.073055e+01	1.590602e-02
4.083055e+01	1.599984e-02
4.093055e+01	1.508998e-02
4.103055e+01	1.472980e-02
4.113055e+01	1.540083e-02
4.123055e+01	1.711375e-02
4.133055e+01	1.976478e-02
4.143055e+01	2.373898e-02
4.153055e+01	3.029019e-02
4.163055e+01	3.962024e-02
4.173055e+01	4.700381e-02
4.183055e+01	4.554554e-02
4.193055e+01	3.849423e-02
4.203055e+01	3.095472e-02
4.213055e+01	2.465096e-02
4.223055e+01	2.065820e-02
4.233055e+01	1.881404e-02
4.243055e+01	1.837385e-02
4.253055e+01	1.834921e-02
4.263055e+01	1.782120e-02
4.273055e+01	1.685392e-02
4.283055e+01	1.607831e-02
4.293055e+01	1.490668e-02
4.303055e+01	1.320750e-02
4.313055e+01	1.175668e-02
4.323055e+01	1.079557e-02
4.333055e+01	1.036657e-02
4.343055e+01	1.052061e-02
4.353055e+01	1.130433e-02
4.363055e+01	1.263216e-02
4.373055e+01	1.377649e-02
4.383055e+01	1.345501e-02
4.393055e+01	1.203239e-02
4.403055e+01	1.082883e-02
4.413055e+01	1.023609e-02
4.423055e+01	1.017319e-02
4.433055e+01	1.052790e-02
4.443055e+01	1.124738e-02
4.453055e+01	1.241962e-02
4.463055e+01	1.428456e-02
4.473055e+01	1.724178e-02
4.483055e+01	2.196429e-02
4.493055e+01	2.956638e-02
4.503055e+01	4.137502e-02
4.513055e+01	5.630737e-02
4.523055e+01	6.525366e-02
4.533055e+01	5.926694e-02
4.543055e+01	4.564449e-02
4.553055e+01	3.386466e-02
4.563055e+01	2.546449e-02
4.573055e+01	1.961202e-02
4.583055e+01	1.569202e-02
4.593055e+01	1.314514e-02
4.603055e+01	1.153672e-02
4.613055e+01	1.052085e-02
4.623055e+01	9.812956e-03
4.633055e+01	9.250848e-03
4.643055e+01	8.899215e-03
4.653055e+01	8.836347e-03
4.663055e+01	9.144952e-03
4.673055e+01	9.972002e-03
4.683055e+01	1.131989e-02
4.693055e+01	1.265465e-02
4.703055e+01	1.283893e-02
4.713055e+01	1.142717e-02
4.723055e+01	9.583222e-03
4.733055e+01	8.200217e-03
4.743055e+01	7.349186e-03
4.753055e+01	6.885192e-03
4.763055e+01	6.695122e-03
4.773055e+01	6.721172e-03
4.783055e+01	6.951402e-03
4.793055e+01	7.435489e-03
4.803055e+01	8.286584e-03
4.813055e+01	9.623047e-03
4.823055e+01	1.122876e-02
4.833055e+01	1.224785e-02
4.843055e+01	1.252340e-02
4.853055e+01	1.309571e-02
4.863055e+01	1.486665e-02
4.873055e+01	1.843734e-02
4.883055e+01	2.341449e-02
4.893055e+01	2.628164e-02
4.903055e+01	2.347079e-02
4.913055e+01	1.823713e-02
4.923055e+01	1.419237e-02
4.933055e+01	1.173910e-02
4.943055e+01	1.010879e-02
4.953055e+01	8.766947e-03
4.963055e+01	7.773155e-03
4.973055e+01	7.189543e-03
4.983055e+01	6.973644e-03
4.993055e+01	7.105547e-03
5.003055e+01	7.632450e-03
5.013055e+01	8.654644e-03
5.023055e+01	1.024779e-02
5.033055e+01	1.245168e-02
5.043055e+01	1.489647e-02
5.053055e+01	1.558635e-02
5.063055e+01	1.344139e-02
5.073055e+01	1.063950e-02
5.083055e+01	8.619329e-03
5.093055e+01	7.369894e-03
5.103055e+01	6.643127e-03
5.113055e+01	6.327177e-03
5.123055e+01	6.393305e-03
5.133055e+01	6.882002e-03
5.143055e+01	7.875093e-03
5.153055e+01	9.294939e-03
5.163055e+01	1.047101e-02
5.173055e+01	1.044083e-02
5.183055e+01	9.470203e-03
5.193055e+01	8.334168e-03
5.203055e+01	7.180947e-03
5.213055e+01	6.185204e-03
5.223055e+01	5.466612e-03
5.233055e+01	5.017223e-03
5.243055e+01	4.795513e-03
5.253055e+01	4.691528e-03
5.263055e+01	4.575546e-03
5.273055e+01	4.502761e-03
5.283055e+01	4.599724e-03
5.293055e+01	4.929409e-03
5.303055e+01	5.460991e-03
5.313055e+01	5.914687e-03
5.323055e+01	5.994631e-03
5.333055e+01	5.719770e-03
5.343055e+01	5.208646e-03
5.353055e+01	4.747739e-03
5.363055e+01	4.527459e-03
5.373055e+01	4.593621e-03
5.383055e+01	4.871453e-03
5.393055e+01	5.034491e-03
5.403055e+01	4.775639e-03
5.413055e+01	4.324258e-03
5.423055e+01	3.901983e-03
5.433055e+01	3.544533e-03
5.443055e+01	3.281122e-03
5.453055e+01	3.100707e-03
5.463055e+01	2.972366e-03
5.473055e+01	2.879599e-03
5.483055e+01	2.812543e-03
5.493055e+01	2.765603e-03
5.503055e+01	2.740352e-03
5.513055e+01	2.737436e-03
5.523055e+01	2.759041e-03
5.533055e+01	2.802175e-03
5.543055e+01	2.834981e-03
5.553055e+01	2.830672e-03
5.563055e+01	2.824749e-03
5.573055e+01	2.862151e-03
5.583055e+01	2.974432e-03
5.593055e+01	3.179992e-03
5.603055e+01	3.402090e-03
5.613055e+01	3.412498e-03
5.623055e+01	3.178146e-03
5.633055e+01	2.915564e-03
5.643055e+01	2.719594e-03
5.653055e+01	2.582289e-03
5.663055e+01	2.487787e-03
5.673055e+01	2.425096e-03
5.683055e+01	2.383002e-03
5.693055e+01	2.349876e-03
5.703055e+01	2.319633e-03
5.713055e+01	2.294073e-03
5.723055e+01	2.274576e-03
5.733055e+01	2.260339e-03
5.743055e+01	2.250206e-03
5.753055e+01	2.244308e-03
5.763055e+01	2.242686e-03
5.773055e+01	2.242464e-03
5.783055e+01	2.238640e-03
5.793055e+01	2.232771e-03
5.803055e+01	2.229541e-03
5.813055e+01	2.230221e-03
5.823055e+01	2.234582e-03
5.833055e+01	2.242731e-03
5.843055e+01	2.255286e-03
5.853055e+01	2.273291e-03
5.863055e+01	2.298020e-03
5.873055e+01	2.328916e-03
5.883055e+01	2.360220e-03
5.893055e+01	2.388432e-03
5.903055e+01	2.419054e-03
5.913055e+01	2.458323e-03
5.923055e+01	2.512401e-03
5.933055e+01	2.587709e-03
5.943055e+01	2.692556e-03
5.953055e+01	2.840289e-03
5.963055e+01	3.049975e-03
5.973055e+01	3.339574e-03
5.983055e+01	3.687164e-03
5.993055e+01	3.938806e-03
6.003055e+01	3.983780e-03
6.013055e+01	4.009955e-03
6.023055e+01	4.177745e-03
6.033055e+01	4.509972e-03
6.043055e+01	5.019133e-03
6.053055e+01	5.754106e-03
6.063055e+01	6.702711e-03
6.073055e+01	7.946073e-03
6.083055e+01	9.886688e-03
6.093055e+01	1.290733e-02
6.103055e+01	1.662424e-02
6.113055e+01	1.936933e-02
6.123055e+01	2.118192e-02
6.133055e+01	2.400991e-02
6.143055e+01	2.613878e-02
6.153055e+01	2.352220e-02
6.163055e+01	1.796918e-02
6.173055e+01	1.331661e-02
6.183055e+01	1.036496e-02
6.193055e+01	8.719425e-03
6.203055e+01	7.996509e-03
6.213055e+01	7.975657e-03
6.223055e+01	8.645129e-03
6.233055e+01	1.000586e-02
6.243055e+01	1.120715e-02
6.253055e+01	1.070056e-02
6.263055e+01	8.978761e-03
6.273055e+01	7.360932e-03
6.283055e+01	6.037484e-03
6.293055e+01	5.024804e-03
6.303055e+01	4.346380e-03
6.313055e+01	3.921673e-03
6.323055e+01	3.668879e-03
6.333055e+01	3.538758e-03
6.343055e+01	3.507172e-03
6.353055e+01	3.579611e-03
6.363055e+01	3.721911e-03
6.373055e+01	3.839509e-03
6.383055e+01	3.891841e-03
6.393055e+01	3.856077e-03
6.403055e+01	3.825145e-03
6.413055e+01	3.931622e-03
6.423055e+01	4.227177e-03
6.433055e+01	4.770045e-03
6.443055e+01	5.658352e-03
6.453055e+01	6.919606e-03
6.463055e+01	8.332751e-03
6.473055e+01	9.095612e-03
6.483055e+01	8.842758e-03
6.493055e+01	8.359429e-03
6.503055e+01	7.979193e-03
6.513055e+01	7.943652e-03
6.523055e+01	8.522071e-03
6.533055e+01	9.818743e-03
6.543055e+01	1.121911e-02
6.553055e+01	1.103314e-02
6.563055e+01	9.300926e-03
6.573055e+01	7.725315e-03
6.583055e+01	6.932084e-03
6.593055e+01	6.863769e-03
6.603055e+01	7.384498e-03
6.613055e+01	7.878480e-03
6.623055e+01	7.331958e-03
6.633055e+01	5.984415e-03
6.643055e+01	4.765574e-03
6.653055e+01	3.942129e-03
6.663055e+01	3.428472e-03
6.673055e+01	3.119380e-03
6.683055e+01	2.949352e-03
6.693055e+01	2.884374e-03
6.703055e+01	2.912453e-03
6.713055e+01	3.048453e-03
6.723055e+01	3.328842e-03
6.733055e+01	3.783985e-03
6.743055e+01	4.393508e-03
6.753055e+01	5.141580e-03
6.763055e+01	6.057157e-03
6.773055e+01	6.665854e-03
6.783055e+01	6.255269e-03
6.793055e+01	5.224227e-03
6.803055e+01	4.279272e-03
6.813055e+01	3.609201e-03
6.823055e+01	3.211490e-03
6.833055e+01	3.036616e-03
6.843055e+01	3.043183e-03
6.853055e+01	3.236581e-03
6.863055e+01	3.646756e-03
6.873055e+01	4.241457e-03
6.883055e+01	4.828880e-03
6.893055e+01	4.917853e-03
6.903055e+01	4.364650e-03
6.913055e+01	3.746205e-03
6.923055e+01	3.346034e-03
6.933055e+01	3.037893e-03
6.943055e+01	2.688587e-03
6.953055e+01	2.373454e-03
6.963055e+01	2.140362e-03
6.973055e+01	1.972171e-03
6.983055e+01	1.855944e-03
6.993055e+01	1.780350e-03
