#RPA-results:
#Nucleus: Ni 74
#Fermi level: -4.992964e+00	-1.506242e+01
#Excitation: 1 +
#Total number of pairs: 1032
#Number of ph-/ah-pairs: 1032/0
#Maximal excitation-energy for particle-hole-pairs: 100
#Maximal excitation-energy for antiparticle-hole-pairs: 1000
#No imaginary eigenvalues

#Parameterset: DD-PC1
#natural parity: no
#Isoscalar result:

#width: 5.000000e-01
#maximum value: 4.379684e-03
#at energy: 6.993055e+01
-9.006945e+01	4.287627e-04
-8.996945e+01	4.296496e-04
-8.986945e+01	4.305393e-04
-8.976945e+01	4.314318e-04
-8.966945e+01	4.323271e-04
-8.956945e+01	4.332251e-04
-8.946945e+01	4.341260e-04
-8.936945e+01	4.350296e-04
-8.926945e+01	4.359362e-04
-8.916945e+01	4.368455e-04
-8.906945e+01	4.377577e-04
-8.896945e+01	4.386728e-04
-8.886945e+01	4.395907e-04
-8.876945e+01	4.405115e-04
-8.866945e+01	4.414353e-04
-8.856945e+01	4.423619e-04
-8.846945e+01	4.432915e-04
-8.836945e+01	4.442240e-04
-8.826945e+01	4.451595e-04
-8.816945e+01	4.460979e-04
-8.806945e+01	4.470393e-04
-8.796945e+01	4.479837e-04
-8.786945e+01	4.489312e-04
-8.776945e+01	4.498816e-04
-8.766945e+01	4.508350e-04
-8.756945e+01	4.517915e-04
-8.746945e+01	4.527510e-04
-8.736945e+01	4.537136e-04
-8.726945e+01	4.546793e-04
-8.716945e+01	4.556481e-04
-8.706945e+01	4.566200e-04
-8.696945e+01	4.575950e-04
-8.686945e+01	4.585731e-04
-8.676945e+01	4.595544e-04
-8.666945e+01	4.605389e-04
-8.656945e+01	4.615265e-04
-8.646945e+01	4.625173e-04
-8.636945e+01	4.635113e-04
-8.626945e+01	4.645085e-04
-8.616945e+01	4.655090e-04
-8.606945e+01	4.665126e-04
-8.596945e+01	4.675196e-04
-8.586945e+01	4.685298e-04
-8.576945e+01	4.695433e-04
-8.566945e+01	4.705601e-04
-8.556945e+01	4.715802e-04
-8.546945e+01	4.726037e-04
-8.536945e+01	4.736305e-04
-8.526945e+01	4.746606e-04
-8.516945e+01	4.756941e-04
-8.506945e+01	4.767310e-04
-8.496945e+01	4.777713e-04
-8.486945e+01	4.788150e-04
-8.476945e+01	4.798622e-04
-8.466945e+01	4.809128e-04
-8.456945e+01	4.819669e-04
-8.446945e+01	4.830244e-04
-8.436945e+01	4.840854e-04
-8.426945e+01	4.851500e-04
-8.416945e+01	4.862180e-04
-8.406945e+01	4.872896e-04
-8.396945e+01	4.883648e-04
-8.386945e+01	4.894435e-04
-8.376945e+01	4.905258e-04
-8.366945e+01	4.916117e-04
-8.356945e+01	4.927012e-04
-8.346945e+01	4.937944e-04
-8.336945e+01	4.948912e-04
-8.326945e+01	4.959917e-04
-8.316945e+01	4.970959e-04
-8.306945e+01	4.982037e-04
-8.296945e+01	4.993153e-04
-8.286945e+01	5.004306e-04
-8.276945e+01	5.015497e-04
-8.266945e+01	5.026725e-04
-8.256945e+01	5.037991e-04
-8.246945e+01	5.049296e-04
-8.236945e+01	5.060638e-04
-8.226945e+01	5.072019e-04
-8.216945e+01	5.083438e-04
-8.206945e+01	5.094896e-04
-8.196945e+01	5.106392e-04
-8.186945e+01	5.117928e-04
-8.176945e+01	5.129503e-04
-8.166945e+01	5.141118e-04
-8.156945e+01	5.152772e-04
-8.146945e+01	5.164466e-04
-8.136945e+01	5.176199e-04
-8.126945e+01	5.187973e-04
-8.116945e+01	5.199787e-04
-8.106945e+01	5.211642e-04
-8.096945e+01	5.223537e-04
-8.086945e+01	5.235474e-04
-8.076945e+01	5.247451e-04
-8.066945e+01	5.259470e-04
-8.056945e+01	5.271530e-04
-8.046945e+01	5.283631e-04
-8.036945e+01	5.295775e-04
-8.026945e+01	5.307960e-04
-8.016945e+01	5.320188e-04
-8.006945e+01	5.332458e-04
-7.996945e+01	5.344771e-04
-7.986945e+01	5.357126e-04
-7.976945e+01	5.369525e-04
-7.966945e+01	5.381966e-04
-7.956945e+01	5.394451e-04
-7.946945e+01	5.406980e-04
-7.936945e+01	5.419552e-04
-7.926945e+01	5.432169e-04
-7.916945e+01	5.444830e-04
-7.906945e+01	5.457535e-04
-7.896945e+01	5.470285e-04
-7.886945e+01	5.483079e-04
-7.876945e+01	5.495919e-04
-7.866945e+01	5.508804e-04
-7.856945e+01	5.521734e-04
-7.846945e+01	5.534710e-04
-7.836945e+01	5.547732e-04
-7.826945e+01	5.560800e-04
-7.816945e+01	5.573915e-04
-7.806945e+01	5.587076e-04
-7.796945e+01	5.600284e-04
-7.786945e+01	5.613539e-04
-7.776945e+01	5.626841e-04
-7.766945e+01	5.640190e-04
-7.756945e+01	5.653588e-04
-7.746945e+01	5.667033e-04
-7.736945e+01	5.680526e-04
-7.726945e+01	5.694068e-04
-7.716945e+01	5.707658e-04
-7.706945e+01	5.721297e-04
-7.696945e+01	5.734986e-04
-7.686945e+01	5.748723e-04
-7.676945e+01	5.762510e-04
-7.666945e+01	5.776347e-04
-7.656945e+01	5.790234e-04
-7.646945e+01	5.804171e-04
-7.636945e+01	5.818159e-04
-7.626945e+01	5.832197e-04
-7.616945e+01	5.846287e-04
-7.606945e+01	5.860427e-04
-7.596945e+01	5.874619e-04
-7.586945e+01	5.888863e-04
-7.576945e+01	5.903159e-04
-7.566945e+01	5.917508e-04
-7.556945e+01	5.931908e-04
-7.546945e+01	5.946362e-04
-7.536945e+01	5.960868e-04
-7.526945e+01	5.975428e-04
-7.516945e+01	5.990042e-04
-7.506945e+01	6.004709e-04
-7.496945e+01	6.019430e-04
-7.486945e+01	6.034206e-04
-7.476945e+01	6.049036e-04
-7.466945e+01	6.063921e-04
-7.456945e+01	6.078862e-04
-7.446945e+01	6.093858e-04
-7.436945e+01	6.108909e-04
-7.426945e+01	6.124016e-04
-7.416945e+01	6.139180e-04
-7.406945e+01	6.154401e-04
-7.396945e+01	6.169678e-04
-7.386945e+01	6.185012e-04
-7.376945e+01	6.200404e-04
-7.366945e+01	6.215853e-04
-7.356945e+01	6.231360e-04
-7.346945e+01	6.246926e-04
-7.336945e+01	6.262550e-04
-7.326945e+01	6.278233e-04
-7.316945e+01	6.293975e-04
-7.306945e+01	6.309777e-04
-7.296945e+01	6.325638e-04
-7.286945e+01	6.341559e-04
-7.276945e+01	6.357541e-04
-7.266945e+01	6.373584e-04
-7.256945e+01	6.389687e-04
-7.246945e+01	6.405852e-04
-7.236945e+01	6.422078e-04
-7.226945e+01	6.438366e-04
-7.216945e+01	6.454717e-04
-7.206945e+01	6.471130e-04
-7.196945e+01	6.487606e-04
-7.186945e+01	6.504145e-04
-7.176945e+01	6.520747e-04
-7.166945e+01	6.537414e-04
-7.156945e+01	6.554144e-04
-7.146945e+01	6.570939e-04
-7.136945e+01	6.587799e-04
-7.126945e+01	6.604724e-04
-7.116945e+01	6.621715e-04
-7.106945e+01	6.638771e-04
-7.096945e+01	6.655894e-04
-7.086945e+01	6.673083e-04
-7.076945e+01	6.690339e-04
-7.066945e+01	6.707662e-04
-7.056945e+01	6.725053e-04
-7.046945e+01	6.742512e-04
-7.036945e+01	6.760039e-04
-7.026945e+01	6.777635e-04
-7.016945e+01	6.795299e-04
-7.006945e+01	6.813033e-04
-6.996945e+01	6.830837e-04
-6.986945e+01	6.848711e-04
-6.976945e+01	6.866655e-04
-6.966945e+01	6.884670e-04
-6.956945e+01	6.902757e-04
-6.946945e+01	6.920915e-04
-6.936945e+01	6.939145e-04
-6.926945e+01	6.957447e-04
-6.916945e+01	6.975822e-04
-6.906945e+01	6.994270e-04
-6.896945e+01	7.012792e-04
-6.886945e+01	7.031387e-04
-6.876945e+01	7.050057e-04
-6.866945e+01	7.068802e-04
-6.856945e+01	7.087621e-04
-6.846945e+01	7.106516e-04
-6.836945e+01	7.125487e-04
-6.826945e+01	7.144535e-04
-6.816945e+01	7.163659e-04
-6.806945e+01	7.182860e-04
-6.796945e+01	7.202139e-04
-6.786945e+01	7.221496e-04
-6.776945e+01	7.240931e-04
-6.766945e+01	7.260445e-04
-6.756945e+01	7.280038e-04
-6.746945e+01	7.299711e-04
-6.736945e+01	7.319464e-04
-6.726945e+01	7.339297e-04
-6.716945e+01	7.359212e-04
-6.706945e+01	7.379208e-04
-6.696945e+01	7.399286e-04
-6.686945e+01	7.419446e-04
-6.676945e+01	7.439689e-04
-6.666945e+01	7.460015e-04
-6.656945e+01	7.480425e-04
-6.646945e+01	7.500919e-04
-6.636945e+01	7.521498e-04
-6.626945e+01	7.542162e-04
-6.616945e+01	7.562911e-04
-6.606945e+01	7.583746e-04
-6.596945e+01	7.604668e-04
-6.586945e+01	7.625677e-04
-6.576945e+01	7.646774e-04
-6.566945e+01	7.667958e-04
-6.556945e+01	7.689231e-04
-6.546945e+01	7.710592e-04
-6.536945e+01	7.732044e-04
-6.526945e+01	7.753585e-04
-6.516945e+01	7.775217e-04
-6.506945e+01	7.796939e-04
-6.496945e+01	7.818753e-04
-6.486945e+01	7.840659e-04
-6.476945e+01	7.862658e-04
-6.466945e+01	7.884750e-04
-6.456945e+01	7.906935e-04
-6.446945e+01	7.929214e-04
-6.436945e+01	7.951588e-04
-6.426945e+01	7.974057e-04
-6.416945e+01	7.996622e-04
-6.406945e+01	8.019283e-04
-6.396945e+01	8.042041e-04
-6.386945e+01	8.064896e-04
-6.376945e+01	8.087850e-04
-6.366945e+01	8.110901e-04
-6.356945e+01	8.134052e-04
-6.346945e+01	8.157302e-04
-6.336945e+01	8.180653e-04
-6.326945e+01	8.204104e-04
-6.316945e+01	8.227657e-04
-6.306945e+01	8.251312e-04
-6.296945e+01	8.275069e-04
-6.286945e+01	8.298929e-04
-6.276945e+01	8.322893e-04
-6.266945e+01	8.346962e-04
-6.256945e+01	8.371135e-04
-6.246945e+01	8.395414e-04
-6.236945e+01	8.419799e-04
-6.226945e+01	8.444291e-04
-6.216945e+01	8.468890e-04
-6.206945e+01	8.493597e-04
-6.196945e+01	8.518413e-04
-6.186945e+01	8.543339e-04
-6.176945e+01	8.568374e-04
-6.166945e+01	8.593520e-04
-6.156945e+01	8.618778e-04
-6.146945e+01	8.644147e-04
-6.136945e+01	8.669629e-04
-6.126945e+01	8.695224e-04
-6.116945e+01	8.720933e-04
-6.106945e+01	8.746757e-04
-6.096945e+01	8.772696e-04
-6.086945e+01	8.798751e-04
-6.076945e+01	8.824923e-04
-6.066945e+01	8.851212e-04
-6.056945e+01	8.877619e-04
-6.046945e+01	8.904145e-04
-6.036945e+01	8.930791e-04
-6.026945e+01	8.957557e-04
-6.016945e+01	8.984444e-04
-6.006945e+01	9.011452e-04
-5.996945e+01	9.038583e-04
-5.986945e+01	9.065838e-04
-5.976945e+01	9.093216e-04
-5.966945e+01	9.120719e-04
-5.956945e+01	9.148348e-04
-5.946945e+01	9.176102e-04
-5.936945e+01	9.203984e-04
-5.926945e+01	9.231994e-04
-5.916945e+01	9.260132e-04
-5.906945e+01	9.288399e-04
-5.896945e+01	9.316797e-04
-5.886945e+01	9.345325e-04
-5.876945e+01	9.373986e-04
-5.866945e+01	9.402779e-04
-5.856945e+01	9.431705e-04
-5.846945e+01	9.460766e-04
-5.836945e+01	9.489962e-04
-5.826945e+01	9.519294e-04
-5.816945e+01	9.548762e-04
-5.806945e+01	9.578368e-04
-5.796945e+01	9.608113e-04
-5.786945e+01	9.637997e-04
-5.776945e+01	9.668021e-04
-5.766945e+01	9.698186e-04
-5.756945e+01	9.728494e-04
-5.746945e+01	9.758944e-04
-5.736945e+01	9.789538e-04
-5.726945e+01	9.820277e-04
-5.716945e+01	9.851162e-04
-5.706945e+01	9.882193e-04
-5.696945e+01	9.913371e-04
-5.686945e+01	9.944698e-04
-5.676945e+01	9.976175e-04
-5.666945e+01	1.000780e-03
-5.656945e+01	1.003958e-03
-5.646945e+01	1.007151e-03
-5.636945e+01	1.010359e-03
-5.626945e+01	1.013583e-03
-5.616945e+01	1.016822e-03
-5.606945e+01	1.020077e-03
-5.596945e+01	1.023348e-03
-5.586945e+01	1.026634e-03
-5.576945e+01	1.029937e-03
-5.566945e+01	1.033255e-03
-5.556945e+01	1.036590e-03
-5.546945e+01	1.039941e-03
-5.536945e+01	1.043308e-03
-5.526945e+01	1.046692e-03
-5.516945e+01	1.050092e-03
-5.506945e+01	1.053509e-03
-5.496945e+01	1.056942e-03
-5.486945e+01	1.060393e-03
-5.476945e+01	1.063860e-03
-5.466945e+01	1.067345e-03
-5.456945e+01	1.070847e-03
-5.446945e+01	1.074366e-03
-5.436945e+01	1.077903e-03
-5.426945e+01	1.081457e-03
-5.416945e+01	1.085029e-03
-5.406945e+01	1.088619e-03
-5.396945e+01	1.092227e-03
-5.386945e+01	1.095852e-03
-5.376945e+01	1.099496e-03
-5.366945e+01	1.103159e-03
-5.356945e+01	1.106839e-03
-5.346945e+01	1.110538e-03
-5.336945e+01	1.114256e-03
-5.326945e+01	1.117993e-03
-5.316945e+01	1.121749e-03
-5.306945e+01	1.125523e-03
-5.296945e+01	1.129317e-03
-5.286945e+01	1.133130e-03
-5.276945e+01	1.136963e-03
-5.266945e+01	1.140815e-03
-5.256945e+01	1.144687e-03
-5.246945e+01	1.148578e-03
-5.236945e+01	1.152490e-03
-5.226945e+01	1.156422e-03
-5.216945e+01	1.160374e-03
-5.206945e+01	1.164346e-03
-5.196945e+01	1.168339e-03
-5.186945e+01	1.172353e-03
-5.176945e+01	1.176387e-03
-5.166945e+01	1.180443e-03
-5.156945e+01	1.184520e-03
-5.146945e+01	1.188617e-03
-5.136945e+01	1.192737e-03
-5.126945e+01	1.196877e-03
-5.116945e+01	1.201040e-03
-5.106945e+01	1.205224e-03
-5.096945e+01	1.209431e-03
-5.086945e+01	1.213660e-03
-5.076945e+01	1.217910e-03
-5.066945e+01	1.222184e-03
-5.056945e+01	1.226480e-03
-5.046945e+01	1.230799e-03
-5.036945e+01	1.235141e-03
-5.026945e+01	1.239506e-03
-5.016945e+01	1.243894e-03
-5.006945e+01	1.248306e-03
-4.996945e+01	1.252741e-03
-4.986945e+01	1.257201e-03
-4.976945e+01	1.261684e-03
-4.966945e+01	1.266191e-03
-4.956945e+01	1.270723e-03
-4.946945e+01	1.275279e-03
-4.936945e+01	1.279860e-03
-4.926945e+01	1.284466e-03
-4.916945e+01	1.289097e-03
-4.906945e+01	1.293753e-03
-4.896945e+01	1.298435e-03
-4.886945e+01	1.303142e-03
-4.876945e+01	1.307875e-03
-4.866945e+01	1.312634e-03
-4.856945e+01	1.317419e-03
-4.846945e+01	1.322230e-03
-4.836945e+01	1.327068e-03
-4.826945e+01	1.331933e-03
-4.816945e+01	1.336825e-03
-4.806945e+01	1.341743e-03
-4.796945e+01	1.346690e-03
-4.786945e+01	1.351664e-03
-4.776945e+01	1.356665e-03
-4.766945e+01	1.361695e-03
-4.756945e+01	1.366752e-03
-4.746945e+01	1.371838e-03
-4.736945e+01	1.376953e-03
-4.726945e+01	1.382097e-03
-4.716945e+01	1.387269e-03
-4.706945e+01	1.392471e-03
-4.696945e+01	1.397703e-03
-4.686945e+01	1.402964e-03
-4.676945e+01	1.408255e-03
-4.666945e+01	1.413576e-03
-4.656945e+01	1.418928e-03
-4.646945e+01	1.424310e-03
-4.636945e+01	1.429723e-03
-4.626945e+01	1.435168e-03
-4.616945e+01	1.440643e-03
-4.606945e+01	1.446150e-03
-4.596945e+01	1.451689e-03
-4.586945e+01	1.457261e-03
-4.576945e+01	1.462864e-03
-4.566945e+01	1.468500e-03
-4.556945e+01	1.474169e-03
-4.546945e+01	1.479871e-03
-4.536945e+01	1.485607e-03
-4.526945e+01	1.491376e-03
-4.516945e+01	1.497178e-03
-4.506945e+01	1.503016e-03
-4.496945e+01	1.508887e-03
-4.486945e+01	1.514793e-03
-4.476945e+01	1.520734e-03
-4.466945e+01	1.526711e-03
-4.456945e+01	1.532723e-03
-4.446945e+01	1.538771e-03
-4.436945e+01	1.544855e-03
-4.426945e+01	1.550975e-03
-4.416945e+01	1.557132e-03
-4.406945e+01	1.563326e-03
-4.396945e+01	1.569557e-03
-4.386945e+01	1.575826e-03
-4.376945e+01	1.582133e-03
-4.366945e+01	1.588478e-03
-4.356945e+01	1.594861e-03
-4.346945e+01	1.601283e-03
-4.336945e+01	1.607745e-03
-4.326945e+01	1.614246e-03
-4.316945e+01	1.620786e-03
-4.306945e+01	1.627367e-03
-4.296945e+01	1.633989e-03
-4.286945e+01	1.640651e-03
-4.276945e+01	1.647354e-03
-4.266945e+01	1.654098e-03
-4.256945e+01	1.660885e-03
-4.246945e+01	1.667713e-03
-4.236945e+01	1.674585e-03
-4.226945e+01	1.681499e-03
-4.216945e+01	1.688456e-03
-4.206945e+01	1.695457e-03
-4.196945e+01	1.702501e-03
-4.186945e+01	1.709590e-03
-4.176945e+01	1.716724e-03
-4.166945e+01	1.723903e-03
-4.156945e+01	1.731127e-03
-4.146945e+01	1.738398e-03
-4.136945e+01	1.745714e-03
-4.126945e+01	1.753077e-03
-4.116945e+01	1.760487e-03
-4.106945e+01	1.767945e-03
-4.096945e+01	1.775450e-03
-4.086945e+01	1.783004e-03
-4.076945e+01	1.790606e-03
-4.066945e+01	1.798258e-03
-4.056945e+01	1.805959e-03
-4.046945e+01	1.813710e-03
-4.036945e+01	1.821511e-03
-4.026945e+01	1.829363e-03
-4.016945e+01	1.837267e-03
-4.006945e+01	1.845222e-03
-3.996945e+01	1.853230e-03
-3.986945e+01	1.861290e-03
-3.976945e+01	1.869403e-03
-3.966945e+01	1.877570e-03
-3.956945e+01	1.885791e-03
-3.946945e+01	1.894066e-03
-3.936945e+01	1.902397e-03
-3.926945e+01	1.910783e-03
-3.916945e+01	1.919225e-03
-3.906945e+01	1.927724e-03
-3.896945e+01	1.936280e-03
-3.886945e+01	1.944893e-03
-3.876945e+01	1.953564e-03
-3.866945e+01	1.962294e-03
-3.856945e+01	1.971084e-03
-3.846945e+01	1.979932e-03
-3.836945e+01	1.988842e-03
-3.826945e+01	1.997811e-03
-3.816945e+01	2.006843e-03
-3.806945e+01	2.015936e-03
-3.796945e+01	2.025092e-03
-3.786945e+01	2.034310e-03
-3.776945e+01	2.043593e-03
-3.766945e+01	2.052939e-03
-3.756945e+01	2.062351e-03
-3.746945e+01	2.071828e-03
-3.736945e+01	2.081371e-03
-3.726945e+01	2.090981e-03
-3.716945e+01	2.100658e-03
-3.706945e+01	2.110403e-03
-3.696945e+01	2.120216e-03
-3.686945e+01	2.130099e-03
-3.676945e+01	2.140052e-03
-3.666945e+01	2.150075e-03
-3.656945e+01	2.160170e-03
-3.646945e+01	2.170336e-03
-3.636945e+01	2.180575e-03
-3.626945e+01	2.190888e-03
-3.616945e+01	2.201274e-03
-3.606945e+01	2.211735e-03
-3.596945e+01	2.222272e-03
-3.586945e+01	2.232885e-03
-3.576945e+01	2.243575e-03
-3.566945e+01	2.254342e-03
-3.556945e+01	2.265188e-03
-3.546945e+01	2.276114e-03
-3.536945e+01	2.287119e-03
-3.526945e+01	2.298205e-03
-3.516945e+01	2.309373e-03
-3.506945e+01	2.320623e-03
-3.496945e+01	2.331956e-03
-3.486945e+01	2.343374e-03
-3.476945e+01	2.354876e-03
-3.466945e+01	2.366464e-03
-3.456945e+01	2.378139e-03
-3.446945e+01	2.389901e-03
-3.436945e+01	2.401752e-03
-3.426945e+01	2.413692e-03
-3.416945e+01	2.425722e-03
-3.406945e+01	2.437844e-03
-3.396945e+01	2.450057e-03
-3.386945e+01	2.462364e-03
-3.376945e+01	2.474764e-03
-3.366945e+01	2.487259e-03
-3.356945e+01	2.499850e-03
-3.346945e+01	2.512538e-03
-3.336945e+01	2.525324e-03
-3.326945e+01	2.538209e-03
-3.316945e+01	2.551194e-03
-3.306945e+01	2.564280e-03
-3.296945e+01	2.577468e-03
-3.286945e+01	2.590759e-03
-3.276945e+01	2.604155e-03
-3.266945e+01	2.617655e-03
-3.256945e+01	2.631262e-03
-3.246945e+01	2.644977e-03
-3.236945e+01	2.658801e-03
-3.226945e+01	2.672734e-03
-3.216945e+01	2.686779e-03
-3.206945e+01	2.700935e-03
-3.196945e+01	2.715206e-03
-3.186945e+01	2.729591e-03
-3.176945e+01	2.744092e-03
-3.166945e+01	2.758710e-03
-3.156945e+01	2.773447e-03
-3.146945e+01	2.788304e-03
-3.136945e+01	2.803282e-03
-3.126945e+01	2.818382e-03
-3.116945e+01	2.833606e-03
-3.106945e+01	2.848956e-03
-3.096945e+01	2.864432e-03
-3.086945e+01	2.880036e-03
-3.076945e+01	2.895769e-03
-3.066945e+01	2.911634e-03
-3.056945e+01	2.927631e-03
-3.046945e+01	2.943761e-03
-3.036945e+01	2.960028e-03
-3.026945e+01	2.976431e-03
-3.016945e+01	2.992972e-03
-3.006945e+01	3.009654e-03
-2.996945e+01	3.026477e-03
-2.986945e+01	3.043444e-03
-2.976945e+01	3.060556e-03
-2.966945e+01	3.077814e-03
-2.956945e+01	3.095221e-03
-2.946945e+01	3.112778e-03
-2.936945e+01	3.130486e-03
-2.926945e+01	3.148348e-03
-2.916945e+01	3.166366e-03
-2.906945e+01	3.184541e-03
-2.896945e+01	3.202875e-03
-2.886945e+01	3.221370e-03
-2.876945e+01	3.240028e-03
-2.866945e+01	3.258851e-03
-2.856945e+01	3.277841e-03
-2.846945e+01	3.296999e-03
-2.836945e+01	3.316329e-03
-2.826945e+01	3.335831e-03
-2.816945e+01	3.355509e-03
-2.806945e+01	3.375363e-03
-2.796945e+01	3.395397e-03
-2.786945e+01	3.415613e-03
-2.776945e+01	3.436012e-03
-2.766945e+01	3.456598e-03
-2.756945e+01	3.477371e-03
-2.746945e+01	3.498336e-03
-2.736945e+01	3.519493e-03
-2.726945e+01	3.540846e-03
-2.716945e+01	3.562397e-03
-2.706945e+01	3.584148e-03
-2.696945e+01	3.606103e-03
-2.686945e+01	3.628262e-03
-2.676945e+01	3.650630e-03
-2.666945e+01	3.673209e-03
-2.656945e+01	3.696001e-03
-2.646945e+01	3.719010e-03
-2.636945e+01	3.742237e-03
-2.626945e+01	3.765686e-03
-2.616945e+01	3.789360e-03
-2.606945e+01	3.813262e-03
-2.596945e+01	3.837394e-03
-2.586945e+01	3.861760e-03
-2.576945e+01	3.886363e-03
-2.566945e+01	3.911206e-03
-2.556945e+01	3.936291e-03
-2.546945e+01	3.961623e-03
-2.536945e+01	3.987205e-03
-2.526945e+01	4.013039e-03
-2.516945e+01	4.039130e-03
-2.506945e+01	4.065480e-03
-2.496945e+01	4.092094e-03
-2.486945e+01	4.118975e-03
-2.476945e+01	4.146126e-03
-2.466945e+01	4.173551e-03
-2.456945e+01	4.201255e-03
-2.446945e+01	4.229240e-03
-2.436945e+01	4.257511e-03
-2.426945e+01	4.286072e-03
-2.416945e+01	4.314926e-03
-2.406945e+01	4.344078e-03
-2.396945e+01	4.373533e-03
-2.386945e+01	4.403293e-03
-2.376945e+01	4.433365e-03
-2.366945e+01	4.463751e-03
-2.356945e+01	4.494457e-03
-2.346945e+01	4.525487e-03
-2.336945e+01	4.556846e-03
-2.326945e+01	4.588539e-03
-2.316945e+01	4.620570e-03
-2.306945e+01	4.652944e-03
-2.296945e+01	4.685667e-03
-2.286945e+01	4.718743e-03
-2.276945e+01	4.752178e-03
-2.266945e+01	4.785977e-03
-2.256945e+01	4.820145e-03
-2.246945e+01	4.854689e-03
-2.236945e+01	4.889613e-03
-2.226945e+01	4.924923e-03
-2.216945e+01	4.960625e-03
-2.206945e+01	4.996725e-03
-2.196945e+01	5.033230e-03
-2.186945e+01	5.070145e-03
-2.176945e+01	5.107476e-03
-2.166945e+01	5.145230e-03
-2.156945e+01	5.183414e-03
-2.146945e+01	5.222035e-03
-2.136945e+01	5.261098e-03
-2.126945e+01	5.300612e-03
-2.116945e+01	5.340582e-03
-2.106945e+01	5.381017e-03
-2.096945e+01	5.421924e-03
-2.086945e+01	5.463310e-03
-2.076945e+01	5.505183e-03
-2.066945e+01	5.547551e-03
-2.056945e+01	5.590422e-03
-2.046945e+01	5.633804e-03
-2.036945e+01	5.677705e-03
-2.026945e+01	5.722134e-03
-2.016945e+01	5.767100e-03
-2.006945e+01	5.812611e-03
-1.996945e+01	5.858677e-03
-1.986945e+01	5.905307e-03
-1.976945e+01	5.952510e-03
-1.966945e+01	6.000296e-03
-1.956945e+01	6.048674e-03
-1.946945e+01	6.097656e-03
-1.936945e+01	6.147251e-03
-1.926945e+01	6.197470e-03
-1.916945e+01	6.248323e-03
-1.906945e+01	6.299822e-03
-1.896945e+01	6.351977e-03
-1.886945e+01	6.404801e-03
-1.876945e+01	6.458306e-03
-1.866945e+01	6.512502e-03
-1.856945e+01	6.567403e-03
-1.846945e+01	6.623021e-03
-1.836945e+01	6.679369e-03
-1.826945e+01	6.736460e-03
-1.816945e+01	6.794308e-03
-1.806945e+01	6.852926e-03
-1.796945e+01	6.912329e-03
-1.786945e+01	6.972531e-03
-1.776945e+01	7.033546e-03
-1.766945e+01	7.095391e-03
-1.756945e+01	7.158080e-03
-1.746945e+01	7.221630e-03
-1.736945e+01	7.286057e-03
-1.726945e+01	7.351376e-03
-1.716945e+01	7.417607e-03
-1.706945e+01	7.484765e-03
-1.696945e+01	7.552870e-03
-1.686945e+01	7.621939e-03
-1.676945e+01	7.691991e-03
-1.666945e+01	7.763046e-03
-1.656945e+01	7.835123e-03
-1.646945e+01	7.908243e-03
-1.636945e+01	7.982427e-03
-1.626945e+01	8.057695e-03
-1.616945e+01	8.134071e-03
-1.606945e+01	8.211577e-03
-1.596945e+01	8.290235e-03
-1.586945e+01	8.370069e-03
-1.576945e+01	8.451104e-03
-1.566945e+01	8.533365e-03
-1.556945e+01	8.616878e-03
-1.546945e+01	8.701669e-03
-1.536945e+01	8.787764e-03
-1.526945e+01	8.875193e-03
-1.516945e+01	8.963983e-03
-1.506945e+01	9.054164e-03
-1.496945e+01	9.145767e-03
-1.486945e+01	9.238822e-03
-1.476945e+01	9.333362e-03
-1.466945e+01	9.429419e-03
-1.456945e+01	9.527027e-03
-1.446945e+01	9.626222e-03
-1.436945e+01	9.727039e-03
-1.426945e+01	9.829514e-03
-1.416945e+01	9.933687e-03
-1.406945e+01	1.003960e-02
-1.396945e+01	1.014728e-02
-1.386945e+01	1.025678e-02
-1.376945e+01	1.036815e-02
-1.366945e+01	1.048142e-02
-1.356945e+01	1.059664e-02
-1.346945e+01	1.071386e-02
-1.336945e+01	1.083312e-02
-1.326945e+01	1.095448e-02
-1.316945e+01	1.107799e-02
-1.306945e+01	1.120370e-02
-1.296945e+01	1.133166e-02
-1.286945e+01	1.146194e-02
-1.276945e+01	1.159458e-02
-1.266945e+01	1.172966e-02
-1.256945e+01	1.186723e-02
-1.246945e+01	1.200736e-02
-1.236945e+01	1.215012e-02
-1.226945e+01	1.229557e-02
-1.216945e+01	1.244378e-02
-1.206945e+01	1.259484e-02
-1.196945e+01	1.274881e-02
-1.186945e+01	1.290578e-02
-1.176945e+01	1.306583e-02
-1.166945e+01	1.322904e-02
-1.156945e+01	1.339550e-02
-1.146945e+01	1.356530e-02
-1.136945e+01	1.373854e-02
-1.126945e+01	1.391532e-02
-1.116945e+01	1.409574e-02
-1.106945e+01	1.427989e-02
-1.096945e+01	1.446791e-02
-1.086945e+01	1.465989e-02
-1.076945e+01	1.485595e-02
-1.066945e+01	1.505623e-02
-1.056945e+01	1.526085e-02
-1.046945e+01	1.546993e-02
-1.036945e+01	1.568363e-02
-1.026945e+01	1.590209e-02
-1.016945e+01	1.612545e-02
-1.006945e+01	1.635387e-02
-9.969451e+00	1.658752e-02
-9.869451e+00	1.682657e-02
-9.769451e+00	1.707119e-02
-9.669451e+00	1.732158e-02
-9.569451e+00	1.757792e-02
-9.469451e+00	1.784042e-02
-9.369451e+00	1.810929e-02
-9.269451e+00	1.838476e-02
-9.169451e+00	1.866704e-02
-9.069451e+00	1.895640e-02
-8.969451e+00	1.925308e-02
-8.869451e+00	1.955735e-02
-8.769451e+00	1.986948e-02
-8.669451e+00	2.018978e-02
-8.569451e+00	2.051855e-02
-8.469451e+00	2.085611e-02
-8.369451e+00	2.120281e-02
-8.269451e+00	2.155901e-02
-8.169451e+00	2.192507e-02
-8.069451e+00	2.230141e-02
-7.969451e+00	2.268843e-02
-7.869451e+00	2.308658e-02
-7.769451e+00	2.349633e-02
-7.669451e+00	2.391817e-02
-7.569451e+00	2.435262e-02
-7.469451e+00	2.480024e-02
-7.369451e+00	2.526161e-02
-7.269451e+00	2.573735e-02
-7.169451e+00	2.622812e-02
-7.069451e+00	2.673463e-02
-6.969451e+00	2.725760e-02
-6.869451e+00	2.779785e-02
-6.769451e+00	2.835622e-02
-6.669451e+00	2.893360e-02
-6.569451e+00	2.953096e-02
-6.469451e+00	3.014934e-02
-6.369451e+00	3.078983e-02
-6.269451e+00	3.145363e-02
-6.169451e+00	3.214201e-02
-6.069451e+00	3.285634e-02
-5.969451e+00	3.359809e-02
-5.869451e+00	3.436886e-02
-5.769451e+00	3.517038e-02
-5.669451e+00	3.600450e-02
-5.569451e+00	3.687326e-02
-5.469451e+00	3.777886e-02
-5.369451e+00	3.872370e-02
-5.269451e+00	3.971040e-02
-5.169451e+00	4.074183e-02
-5.069451e+00	4.182115e-02
-4.969451e+00	4.295181e-02
-4.869451e+00	4.413764e-02
-4.769451e+00	4.538287e-02
-4.669451e+00	4.669221e-02
-4.569451e+00	4.807087e-02
-4.469451e+00	4.952473e-02
-4.369451e+00	5.106033e-02
-4.269451e+00	5.268507e-02
-4.169451e+00	5.440733e-02
-4.069451e+00	5.623662e-02
-3.969451e+00	5.818380e-02
-3.869451e+00	6.026137e-02
-3.769451e+00	6.248376e-02
-3.669451e+00	6.486773e-02
-3.569451e+00	6.743291e-02
-3.469451e+00	7.020245e-02
-3.369451e+00	7.320384e-02
-3.269451e+00	7.647001e-02
-3.169451e+00	8.004081e-02
-3.069451e+00	8.396488e-02
-2.969451e+00	8.830233e-02
-2.869451e+00	9.312822e-02
-2.769451e+00	9.853761e-02
-2.669451e+00	1.046526e-01
-2.569451e+00	1.116324e-01
-2.469451e+00	1.196885e-01
-2.369451e+00	1.291069e-01
-2.269451e+00	1.402831e-01
-2.169451e+00	1.537767e-01
-2.069451e+00	1.704011e-01
-1.969451e+00	1.913735e-01
-1.869451e+00	2.185759e-01
-1.769451e+00	2.550222e-01
-1.669451e+00	3.057191e-01
-1.569451e+00	3.792660e-01
-1.469451e+00	4.906686e-01
-1.369451e+00	6.649068e-01
-1.269451e+00	9.324446e-01
-1.169451e+00	1.272599e+00
-1.069451e+00	1.473149e+00
-9.694509e-01	1.313695e+00
-8.694509e-01	9.969689e-01
-7.694509e-01	7.484011e-01
-6.694509e-01	5.968892e-01
-5.694509e-01	5.138746e-01
-4.694509e-01	4.756385e-01
-3.694509e-01	4.687943e-01
-2.694509e-01	4.859341e-01
-1.694509e-01	5.261682e-01
-6.945093e-02	5.996178e-01
3.054907e-02	7.231290e-01
1.305491e-01	9.075903e-01
2.305491e-01	1.104799e+00
3.305491e-01	1.171483e+00
4.305491e-01	1.099203e+00
5.305491e-01	1.045134e+00
6.305491e-01	1.084898e+00
7.305491e-01	1.233772e+00
8.305491e-01	1.514871e+00
9.305491e-01	1.918285e+00
1.030549e+00	2.244070e+00
1.130549e+00	2.228003e+00
1.230549e+00	2.059999e+00
1.330549e+00	2.039277e+00
1.430549e+00	2.267404e+00
1.530549e+00	2.790091e+00
1.630549e+00	3.599030e+00
1.730549e+00	4.349394e+00
1.830549e+00	4.436414e+00
1.930549e+00	4.114054e+00
2.030549e+00	4.060355e+00
2.130549e+00	4.554560e+00
2.230549e+00	5.759342e+00
2.330549e+00	7.947935e+00
2.430549e+00	1.131055e+01
2.530549e+00	1.474862e+01
2.630549e+00	1.501293e+01
2.730549e+00	1.170607e+01
2.830549e+00	8.085903e+00
2.930549e+00	5.568013e+00
3.030549e+00	4.005064e+00
3.130549e+00	3.039004e+00
3.230549e+00	2.395073e+00
3.330549e+00	1.912345e+00
3.430549e+00	1.538116e+00
3.530549e+00	1.257225e+00
3.630549e+00	1.050643e+00
3.730549e+00	8.971354e-01
3.830549e+00	7.806717e-01
3.930549e+00	6.905831e-01
4.030549e+00	6.198584e-01
4.130549e+00	5.638164e-01
4.230549e+00	5.192948e-01
4.330549e+00	4.841732e-01
4.430549e+00	4.570797e-01
4.530549e+00	4.372277e-01
4.630549e+00	4.238274e-01
4.730549e+00	4.136697e-01
4.830549e+00	4.016762e-01
4.930549e+00	3.886773e-01
5.030549e+00	3.786633e-01
5.130549e+00	3.731866e-01
5.230549e+00	3.720566e-01
5.330549e+00	3.748364e-01
5.430549e+00	3.813265e-01
5.530549e+00	3.915877e-01
5.630549e+00	4.059083e-01
5.730549e+00	4.248014e-01
5.830549e+00	4.490388e-01
5.930549e+00	4.797221e-01
6.030549e+00	5.184055e-01
6.130549e+00	5.672910e-01
6.230549e+00	6.295433e-01
6.330549e+00	7.098055e-01
6.430549e+00	8.150551e-01
6.530549e+00	9.560048e-01
6.630549e+00	1.149122e+00
6.730549e+00	1.418675e+00
6.830549e+00	1.801558e+00
6.930549e+00	2.370819e+00
7.030549e+00	3.265478e+00
7.130549e+00	4.693190e+00
7.230549e+00	6.796802e+00
7.330549e+00	8.941362e+00
7.430549e+00	9.173219e+00
7.530549e+00	7.222222e+00
7.630549e+00	5.060367e+00
7.730549e+00	3.554910e+00
7.830549e+00	2.618283e+00
7.930549e+00	2.040171e+00
8.030549e+00	1.677883e+00
8.130549e+00	1.449026e+00
8.230549e+00	1.307023e+00
8.330549e+00	1.225318e+00
8.430549e+00	1.188762e+00
8.530549e+00	1.189083e+00
8.630549e+00	1.222534e+00
8.730549e+00	1.288764e+00
8.830549e+00	1.390450e+00
8.930549e+00	1.533523e+00
9.030549e+00	1.727997e+00
9.130549e+00	1.989632e+00
9.230549e+00	2.342896e+00
9.330549e+00	2.826214e+00
9.430549e+00	3.501380e+00
9.530549e+00	4.470869e+00
9.630549e+00	5.910093e+00
9.730549e+00	8.125852e+00
9.830549e+00	1.164384e+01
9.930549e+00	1.721357e+01
1.003055e+01	2.500885e+01
1.013055e+01	3.151771e+01
1.023055e+01	2.994746e+01
1.033055e+01	2.224507e+01
1.043055e+01	1.508872e+01
1.053055e+01	1.030735e+01
1.063055e+01	7.329350e+00
1.073055e+01	5.467808e+00
1.083055e+01	4.290052e+00
1.093055e+01	3.531279e+00
1.103055e+01	2.973958e+00
1.113055e+01	2.481046e+00
1.123055e+01	2.068095e+00
1.133055e+01	1.737659e+00
1.143055e+01	1.462427e+00
1.153055e+01	1.241785e+00
1.163055e+01	1.071798e+00
1.173055e+01	9.409841e-01
1.183055e+01	8.396671e-01
1.193055e+01	7.618826e-01
1.203055e+01	7.049118e-01
1.213055e+01	6.688429e-01
1.223055e+01	6.553118e-01
1.233055e+01	6.611684e-01
1.243055e+01	6.665809e-01
1.253055e+01	6.578516e-01
1.263055e+01	6.464794e-01
1.273055e+01	6.073981e-01
1.283055e+01	5.262403e-01
1.293055e+01	4.438087e-01
1.303055e+01	3.818239e-01
1.313055e+01	3.379963e-01
1.323055e+01	3.065547e-01
1.333055e+01	2.836926e-01
1.343055e+01	2.675545e-01
1.353055e+01	2.576416e-01
1.363055e+01	2.535174e-01
1.373055e+01	2.511610e-01
1.383055e+01	2.436253e-01
1.393055e+01	2.328591e-01
1.403055e+01	2.220180e-01
1.413055e+01	2.075990e-01
1.423055e+01	1.906447e-01
1.433055e+01	1.761783e-01
1.443055e+01	1.659228e-01
1.453055e+01	1.595217e-01
1.463055e+01	1.568522e-01
1.473055e+01	1.586690e-01
1.483055e+01	1.666915e-01
1.493055e+01	1.824433e-01
1.503055e+01	2.004814e-01
1.513055e+01	2.008880e-01
1.523055e+01	1.774198e-01
1.533055e+01	1.502062e-01
1.543055e+01	1.298624e-01
1.553055e+01	1.158965e-01
1.563055e+01	1.060460e-01
1.573055e+01	9.871405e-02
1.583055e+01	9.296222e-02
1.593055e+01	8.824878e-02
1.603055e+01	8.425270e-02
1.613055e+01	8.077635e-02
1.623055e+01	7.769318e-02
1.633055e+01	7.491908e-02
1.643055e+01	7.239624e-02
1.653055e+01	7.008385e-02
1.663055e+01	6.795238e-02
1.673055e+01	6.598024e-02
1.683055e+01	6.415162e-02
1.693055e+01	6.245517e-02
1.703055e+01	6.088334e-02
1.713055e+01	5.943209e-02
1.723055e+01	5.810112e-02
1.733055e+01	5.689461e-02
1.743055e+01	5.582289e-02
1.753055e+01	5.490548e-02
1.763055e+01	5.417688e-02
1.773055e+01	5.369701e-02
1.783055e+01	5.356857e-02
1.793055e+01	5.395354e-02
1.803055e+01	5.501823e-02
1.813055e+01	5.661423e-02
1.823055e+01	5.807154e-02
1.833055e+01	5.898078e-02
1.843055e+01	5.911297e-02
1.853055e+01	5.827394e-02
1.863055e+01	5.759926e-02
1.873055e+01	5.851433e-02
1.883055e+01	6.113139e-02
1.893055e+01	6.380610e-02
1.903055e+01	6.504033e-02
1.913055e+01	6.693020e-02
1.923055e+01	7.212377e-02
1.933055e+01	8.229743e-02
1.943055e+01	9.950559e-02
1.953055e+01	1.268163e-01
1.963055e+01	1.628610e-01
1.973055e+01	1.878769e-01
1.983055e+01	1.766605e-01
1.993055e+01	1.441579e-01
2.003055e+01	1.163319e-01
2.013055e+01	9.710983e-02
2.023055e+01	8.183792e-02
2.033055e+01	6.922404e-02
2.043055e+01	5.918198e-02
2.053055e+01	5.181418e-02
2.063055e+01	4.648218e-02
2.073055e+01	4.231591e-02
2.083055e+01	3.909593e-02
2.093055e+01	3.670949e-02
2.103055e+01	3.495679e-02
2.113055e+01	3.368924e-02
2.123055e+01	3.284415e-02
2.133055e+01	3.239352e-02
2.143055e+01	3.224813e-02
2.153055e+01	3.229327e-02
2.163055e+01	3.270844e-02
2.173055e+01	3.369739e-02
2.183055e+01	3.495218e-02
2.193055e+01	3.590372e-02
2.203055e+01	3.655810e-02
2.213055e+01	3.717048e-02
2.223055e+01	3.835662e-02
2.233055e+01	4.033232e-02
2.243055e+01	4.386882e-02
2.253055e+01	5.074542e-02
2.263055e+01	6.139782e-02
2.273055e+01	7.032878e-02
2.283055e+01	6.722509e-02
2.293055e+01	5.499093e-02
2.303055e+01	4.357228e-02
2.313055e+01	3.576311e-02
2.323055e+01	3.073713e-02
2.333055e+01	2.743685e-02
2.343055e+01	2.517676e-02
2.353055e+01	2.356053e-02
2.363055e+01	2.236093e-02
2.373055e+01	2.144558e-02
2.383055e+01	2.073712e-02
2.393055e+01	2.019300e-02
2.403055e+01	1.979674e-02
2.413055e+01	1.955641e-02
2.423055e+01	1.950364e-02
2.433055e+01	1.965818e-02
2.443055e+01	1.986647e-02
2.453055e+01	1.973919e-02
2.463055e+01	1.928231e-02
2.473055e+01	1.878506e-02
2.483055e+01	1.829733e-02
2.493055e+01	1.792532e-02
2.503055e+01	1.777365e-02
2.513055e+01	1.789226e-02
2.523055e+01	1.835029e-02
2.533055e+01	1.919408e-02
2.543055e+01	2.009801e-02
2.553055e+01	2.014548e-02
2.563055e+01	1.929124e-02
2.573055e+01	1.850305e-02
2.583055e+01	1.817608e-02
2.593055e+01	1.817337e-02
2.603055e+01	1.815372e-02
2.613055e+01	1.798531e-02
2.623055e+01	1.801954e-02
2.633055e+01	1.848800e-02
2.643055e+01	1.923438e-02
2.653055e+01	1.994580e-02
2.663055e+01	2.058545e-02
2.673055e+01	2.104412e-02
2.683055e+01	2.139418e-02
2.693055e+01	2.150949e-02
2.703055e+01	2.113622e-02
2.713055e+01	2.076320e-02
2.723055e+01	2.099968e-02
2.733055e+01	2.226296e-02
2.743055e+01	2.483077e-02
2.753055e+01	2.855528e-02
2.763055e+01	3.204224e-02
2.773055e+01	3.314709e-02
2.783055e+01	3.169214e-02
2.793055e+01	2.972610e-02
2.803055e+01	2.810119e-02
2.813055e+01	2.730860e-02
2.823055e+01	2.796194e-02
2.833055e+01	3.009075e-02
2.843055e+01	3.375594e-02
2.853055e+01	3.974543e-02
2.863055e+01	4.774698e-02
2.873055e+01	5.511035e-02
2.883055e+01	6.060656e-02
2.893055e+01	6.388891e-02
2.903055e+01	6.080205e-02
2.913055e+01	5.299103e-02
2.923055e+01	4.690370e-02
2.933055e+01	4.299427e-02
2.943055e+01	3.954891e-02
2.953055e+01	3.745485e-02
2.963055e+01	3.795639e-02
2.973055e+01	4.122713e-02
2.983055e+01	4.751702e-02
2.993055e+01	5.845267e-02
3.003055e+01	7.539130e-02
3.013055e+01	9.473558e-02
3.023055e+01	1.097796e-01
3.033055e+01	1.215352e-01
3.043055e+01	1.217740e-01
3.053055e+01	1.018021e-01
3.063055e+01	7.683679e-02
3.073055e+01	5.835331e-02
3.083055e+01	4.715797e-02
3.093055e+01	4.041026e-02
3.103055e+01	3.491520e-02
3.113055e+01	2.988084e-02
3.123055e+01	2.597421e-02
3.133055e+01	2.329966e-02
3.143055e+01	2.161661e-02
3.153055e+01	2.070325e-02
3.163055e+01	2.052350e-02
3.173055e+01	2.111353e-02
3.183055e+01	2.242302e-02
3.193055e+01	2.446966e-02
3.203055e+01	2.775574e-02
3.213055e+01	3.326935e-02
3.223055e+01	4.118119e-02
3.233055e+01	4.806347e-02
3.243055e+01	4.953445e-02
3.253055e+01	4.964361e-02
3.263055e+01	5.257777e-02
3.273055e+01	5.348141e-02
3.283055e+01	4.711171e-02
3.293055e+01	3.837530e-02
3.303055e+01	3.175438e-02
3.313055e+01	2.712416e-02
3.323055e+01	2.390811e-02
3.333055e+01	2.193435e-02
3.343055e+01	2.084989e-02
3.353055e+01	2.065049e-02
3.363055e+01	2.132648e-02
3.373055e+01	2.224565e-02
3.383055e+01	2.186066e-02
3.393055e+01	2.049017e-02
3.403055e+01	1.986409e-02
3.413055e+01	2.058254e-02
3.423055e+01	2.261894e-02
3.433055e+01	2.630379e-02
3.443055e+01	3.129986e-02
3.453055e+01	3.396661e-02
3.463055e+01	3.157701e-02
3.473055e+01	2.760306e-02
3.483055e+01	2.459065e-02
3.493055e+01	2.314608e-02
3.503055e+01	2.328864e-02
3.513055e+01	2.337465e-02
3.523055e+01	2.193196e-02
3.533055e+01	1.988770e-02
3.543055e+01	1.817217e-02
3.553055e+01	1.683113e-02
3.563055e+01	1.505883e-02
3.573055e+01	1.304249e-02
3.583055e+01	1.147690e-02
3.593055e+01	1.045806e-02
3.603055e+01	9.846901e-03
3.613055e+01	9.532025e-03
3.623055e+01	9.458439e-03
3.633055e+01	9.594540e-03
3.643055e+01	9.896692e-03
3.653055e+01	1.041063e-02
3.663055e+01	1.135968e-02
3.673055e+01	1.305358e-02
3.683055e+01	1.584730e-02
3.693055e+01	1.972278e-02
3.703055e+01	2.278436e-02
3.713055e+01	2.188786e-02
3.723055e+01	1.818599e-02
3.733055e+01	1.481021e-02
3.743055e+01	1.273846e-02
3.753055e+01	1.181327e-02
3.763055e+01	1.185026e-02
3.773055e+01	1.283256e-02
3.783055e+01	1.456794e-02
3.793055e+01	1.573153e-02
3.803055e+01	1.466566e-02
3.813055e+01	1.241767e-02
3.823055e+01	1.053317e-02
3.833055e+01	9.306809e-03
3.843055e+01	8.568325e-03
3.853055e+01	8.164347e-03
3.863055e+01	8.018531e-03
3.873055e+01	7.953188e-03
3.883055e+01	7.710483e-03
3.893055e+01	7.327628e-03
3.903055e+01	7.036538e-03
3.913055e+01	6.911117e-03
3.923055e+01	6.935474e-03
3.933055e+01	7.095294e-03
3.943055e+01	7.332658e-03
3.953055e+01	7.515792e-03
3.963055e+01	7.701358e-03
3.973055e+01	8.119363e-03
3.983055e+01	8.948046e-03
3.993055e+01	1.029581e-02
4.003055e+01	1.194722e-02
4.013055e+01	1.297277e-02
4.023055e+01	1.264671e-02
4.033055e+01	1.181163e-02
4.043055e+01	1.144981e-02
4.053055e+01	1.163812e-02
4.063055e+01	1.194761e-02
4.073055e+01	1.186299e-02
4.083055e+01	1.165373e-02
4.093055e+01	1.198764e-02
4.103055e+01	1.310452e-02
4.113055e+01	1.487918e-02
4.123055e+01	1.710682e-02
4.133055e+01	2.035356e-02
4.143055e+01	2.574310e-02
4.153055e+01	3.396373e-02
4.163055e+01	4.373360e-02
4.173055e+01	4.840013e-02
4.183055e+01	4.326477e-02
4.193055e+01	3.455125e-02
4.203055e+01	2.659035e-02
4.213055e+01	2.055904e-02
4.223055e+01	1.674743e-02
4.233055e+01	1.462519e-02
4.243055e+01	1.346765e-02
4.253055e+01	1.281698e-02
4.263055e+01	1.221576e-02
4.273055e+01	1.107348e-02
4.283055e+01	9.814130e-03
4.293055e+01	8.985284e-03
4.303055e+01	8.485442e-03
4.313055e+01	7.913212e-03
4.323055e+01	7.224191e-03
4.333055e+01	6.654280e-03
4.343055e+01	6.295631e-03
4.353055e+01	6.121308e-03
4.363055e+01	6.088456e-03
4.373055e+01	6.128534e-03
4.383055e+01	6.115923e-03
4.393055e+01	6.077798e-03
4.403055e+01	6.164633e-03
4.413055e+01	6.466552e-03
4.423055e+01	7.063278e-03
4.433055e+01	8.078518e-03
4.443055e+01	9.629506e-03
4.453055e+01	1.166039e-02
4.463055e+01	1.382446e-02
4.473055e+01	1.500562e-02
4.483055e+01	1.432124e-02
4.493055e+01	1.304580e-02
4.503055e+01	1.238031e-02
4.513055e+01	1.190899e-02
4.523055e+01	1.094846e-02
4.533055e+01	1.003487e-02
4.543055e+01	9.259812e-03
4.553055e+01	8.166702e-03
4.563055e+01	7.046844e-03
4.573055e+01	6.261066e-03
4.583055e+01	5.814971e-03
4.593055e+01	5.615066e-03
4.603055e+01	5.573228e-03
4.613055e+01	5.685386e-03
4.623055e+01	6.045686e-03
4.633055e+01	6.731086e-03
4.643055e+01	7.608428e-03
4.653055e+01	8.065100e-03
4.663055e+01	7.671799e-03
4.673055e+01	7.020181e-03
4.683055e+01	6.637455e-03
4.693055e+01	6.643114e-03
4.703055e+01	6.891098e-03
4.713055e+01	6.919648e-03
4.723055e+01	6.444905e-03
4.733055e+01	5.837842e-03
4.743055e+01	5.422996e-03
4.753055e+01	5.249656e-03
4.763055e+01	5.285267e-03
4.773055e+01	5.501236e-03
4.783055e+01	5.894101e-03
4.793055e+01	6.488076e-03
4.803055e+01	7.252927e-03
4.813055e+01	7.920881e-03
4.823055e+01	8.383918e-03
4.833055e+01	9.111586e-03
4.843055e+01	1.048196e-02
4.853055e+01	1.254136e-02
4.863055e+01	1.517895e-02
4.873055e+01	1.889615e-02
4.883055e+01	2.371869e-02
4.893055e+01	2.612138e-02
4.903055e+01	2.287858e-02
4.913055e+01	1.757817e-02
4.923055e+01	1.369315e-02
4.933055e+01	1.164222e-02
4.943055e+01	1.080951e-02
4.953055e+01	1.013128e-02
4.963055e+01	8.907977e-03
4.973055e+01	7.525175e-03
4.983055e+01	6.392174e-03
4.993055e+01	5.611462e-03
5.003055e+01	5.122878e-03
5.013055e+01	4.852792e-03
5.023055e+01	4.730148e-03
5.033055e+01	4.665595e-03
5.043055e+01	4.628064e-03
5.053055e+01	4.626394e-03
5.063055e+01	4.584394e-03
5.073055e+01	4.545835e-03
5.083055e+01	4.644717e-03
5.093055e+01	4.941778e-03
5.103055e+01	5.469267e-03
5.113055e+01	6.091566e-03
5.123055e+01	6.276818e-03
5.133055e+01	5.890592e-03
5.143055e+01	5.533974e-03
5.153055e+01	5.473738e-03
5.163055e+01	5.432021e-03
5.173055e+01	5.111158e-03
5.183055e+01	4.727374e-03
5.193055e+01	4.531736e-03
5.203055e+01	4.567236e-03
5.213055e+01	4.736842e-03
5.223055e+01	4.823760e-03
5.233055e+01	4.770424e-03
5.243055e+01	4.820183e-03
5.253055e+01	5.174948e-03
5.263055e+01	5.893638e-03
5.273055e+01	6.727781e-03
5.283055e+01	7.038248e-03
5.293055e+01	6.782776e-03
5.303055e+01	6.359416e-03
5.313055e+01	5.868994e-03
5.323055e+01	5.481774e-03
5.333055e+01	5.250887e-03
5.343055e+01	5.231442e-03
5.353055e+01	5.538597e-03
5.363055e+01	6.230949e-03
5.373055e+01	7.122945e-03
5.383055e+01	7.746605e-03
5.393055e+01	8.281688e-03
5.403055e+01	9.416961e-03
5.413055e+01	1.096119e-02
5.423055e+01	1.135594e-02
5.433055e+01	9.924411e-03
5.443055e+01	8.086340e-03
5.453055e+01	6.745123e-03
5.463055e+01	5.945356e-03
5.473055e+01	5.472104e-03
5.483055e+01	5.011384e-03
5.493055e+01	4.499308e-03
5.503055e+01	4.110247e-03
5.513055e+01	3.912407e-03
5.523055e+01	3.830193e-03
5.533055e+01	3.786884e-03
5.543055e+01	3.804952e-03
5.553055e+01	3.864965e-03
5.563055e+01	3.881615e-03
5.573055e+01	3.803319e-03
5.583055e+01	3.652780e-03
5.593055e+01	3.571530e-03
5.603055e+01	3.679746e-03
5.613055e+01	4.012270e-03
5.623055e+01	4.423872e-03
5.633055e+01	4.496202e-03
5.643055e+01	4.114644e-03
5.653055e+01	3.606000e-03
5.663055e+01	3.184282e-03
5.673055e+01	2.905970e-03
5.683055e+01	2.745497e-03
5.693055e+01	2.654736e-03
5.703055e+01	2.579189e-03
5.713055e+01	2.497841e-03
5.723055e+01	2.437249e-03
5.733055e+01	2.404725e-03
5.743055e+01	2.374771e-03
5.753055e+01	2.337634e-03
5.763055e+01	2.318263e-03
5.773055e+01	2.326042e-03
5.783055e+01	2.334312e-03
5.793055e+01	2.305773e-03
5.803055e+01	2.258926e-03
5.813055e+01	2.225981e-03
5.823055e+01	2.213317e-03
5.833055e+01	2.218941e-03
5.843055e+01	2.242410e-03
5.853055e+01	2.286935e-03
5.863055e+01	2.359976e-03
5.873055e+01	2.469760e-03
5.883055e+01	2.604977e-03
5.893055e+01	2.715617e-03
5.903055e+01	2.770740e-03
5.913055e+01	2.764201e-03
5.923055e+01	2.733472e-03
5.933055e+01	2.746103e-03
5.943055e+01	2.828381e-03
5.953055e+01	2.991804e-03
5.963055e+01	3.253094e-03
5.973055e+01	3.596372e-03
5.983055e+01	3.895301e-03
5.993055e+01	3.998275e-03
6.003055e+01	3.996876e-03
6.013055e+01	4.096153e-03
6.023055e+01	4.377828e-03
6.033055e+01	4.868635e-03
6.043055e+01	5.612331e-03
6.053055e+01	6.662272e-03
6.063055e+01	8.082575e-03
6.073055e+01	1.005510e-02
6.083055e+01	1.285723e-02
6.093055e+01	1.634381e-02
6.103055e+01	2.062323e-02
6.113055e+01	2.653214e-02
6.123055e+01	3.169997e-02
6.133055e+01	3.036236e-02
6.143055e+01	2.364966e-02
6.153055e+01	1.729345e-02
6.163055e+01	1.307148e-02
6.173055e+01	1.056858e-02
6.183055e+01	9.236602e-03
6.193055e+01	8.528146e-03
6.203055e+01	8.133293e-03
6.213055e+01	8.103478e-03
6.223055e+01	8.225702e-03
6.233055e+01	7.886774e-03
6.243055e+01	7.109256e-03
6.253055e+01	6.465450e-03
6.263055e+01	5.978000e-03
6.273055e+01	5.465606e-03
6.283055e+01	4.868713e-03
6.293055e+01	4.345458e-03
6.303055e+01	4.029823e-03
6.313055e+01	3.944281e-03
6.323055e+01	3.987504e-03
6.333055e+01	3.915653e-03
6.343055e+01	3.677355e-03
6.353055e+01	3.476747e-03
6.363055e+01	3.404966e-03
6.373055e+01	3.476236e-03
6.383055e+01	3.688772e-03
6.393055e+01	4.001407e-03
6.403055e+01	4.397202e-03
6.413055e+01	4.839845e-03
6.423055e+01	5.341038e-03
6.433055e+01	6.175536e-03
6.443055e+01	7.605238e-03
6.453055e+01	9.503837e-03
6.463055e+01	1.070676e-02
6.473055e+01	9.958028e-03
6.483055e+01	8.106822e-03
6.493055e+01	6.603465e-03
6.503055e+01	5.858350e-03
6.513055e+01	5.810722e-03
6.523055e+01	6.350306e-03
6.533055e+01	7.117222e-03
6.543055e+01	7.301648e-03
6.553055e+01	6.784777e-03
6.563055e+01	6.417700e-03
6.573055e+01	6.382536e-03
6.583055e+01	6.013394e-03
6.593055e+01	5.125199e-03
6.603055e+01	4.276327e-03
6.613055e+01	3.679198e-03
6.623055e+01	3.292197e-03
6.633055e+01	3.069244e-03
6.643055e+01	2.911862e-03
6.653055e+01	2.742923e-03
6.663055e+01	2.610003e-03
6.673055e+01	2.557459e-03
6.683055e+01	2.589139e-03
6.693055e+01	2.708430e-03
6.703055e+01	2.931851e-03
6.713055e+01	3.289093e-03
6.723055e+01	3.837727e-03
6.733055e+01	4.673973e-03
6.743055e+01	5.869245e-03
6.753055e+01	7.016511e-03
6.763055e+01	7.046939e-03
6.773055e+01	5.913100e-03
6.783055e+01	4.705018e-03
6.793055e+01	3.908282e-03
6.803055e+01	3.447093e-03
6.813055e+01	3.189222e-03
6.823055e+01	3.098861e-03
6.833055e+01	3.191973e-03
6.843055e+01	3.518311e-03
6.853055e+01	4.118635e-03
6.863055e+01	4.921449e-03
6.873055e+01	5.415728e-03
6.883055e+01	5.000385e-03
6.893055e+01	4.123685e-03
6.903055e+01	3.397790e-03
6.913055e+01	2.947813e-03
6.923055e+01	2.709571e-03
6.933055e+01	2.611259e-03
6.943055e+01	2.612423e-03
6.953055e+01	2.700316e-03
6.963055e+01	2.886811e-03
6.973055e+01	3.244860e-03
6.983055e+01	3.812857e-03
6.993055e+01	4.379684e-03
