#RPA-results:
#Nucleus: Ni 74
#Fermi level: -4.992964e+00	-1.506242e+01
#Excitation: 1 +
#Total number of pairs: 1032
#Number of ph-/ah-pairs: 1032/0
#Maximal excitation-energy for particle-hole-pairs: 100
#Maximal excitation-energy for antiparticle-hole-pairs: 1000
#No imaginary eigenvalues

#Parameterset: DD-PC1
#natural parity: no
#Isoscalar result:

#width: 5.000000e-01
#maximum value: 2.459159e-03
#at energy: 6.993055e+01
-9.006945e+01	4.527812e-04
-8.996945e+01	4.537451e-04
-8.986945e+01	4.547121e-04
-8.976945e+01	4.556822e-04
-8.966945e+01	4.566554e-04
-8.956945e+01	4.576318e-04
-8.946945e+01	4.586112e-04
-8.936945e+01	4.595939e-04
-8.926945e+01	4.605797e-04
-8.916945e+01	4.615687e-04
-8.906945e+01	4.625608e-04
-8.896945e+01	4.635562e-04
-8.886945e+01	4.645548e-04
-8.876945e+01	4.655567e-04
-8.866945e+01	4.665618e-04
-8.856945e+01	4.675701e-04
-8.846945e+01	4.685817e-04
-8.836945e+01	4.695967e-04
-8.826945e+01	4.706149e-04
-8.816945e+01	4.716365e-04
-8.806945e+01	4.726614e-04
-8.796945e+01	4.736896e-04
-8.786945e+01	4.747212e-04
-8.776945e+01	4.757562e-04
-8.766945e+01	4.767946e-04
-8.756945e+01	4.778364e-04
-8.746945e+01	4.788816e-04
-8.736945e+01	4.799303e-04
-8.726945e+01	4.809824e-04
-8.716945e+01	4.820380e-04
-8.706945e+01	4.830970e-04
-8.696945e+01	4.841596e-04
-8.686945e+01	4.852257e-04
-8.676945e+01	4.862953e-04
-8.666945e+01	4.873685e-04
-8.656945e+01	4.884452e-04
-8.646945e+01	4.895255e-04
-8.636945e+01	4.906094e-04
-8.626945e+01	4.916969e-04
-8.616945e+01	4.927881e-04
-8.606945e+01	4.938828e-04
-8.596945e+01	4.949813e-04
-8.586945e+01	4.960834e-04
-8.576945e+01	4.971892e-04
-8.566945e+01	4.982987e-04
-8.556945e+01	4.994120e-04
-8.546945e+01	5.005290e-04
-8.536945e+01	5.016497e-04
-8.526945e+01	5.027742e-04
-8.516945e+01	5.039025e-04
-8.506945e+01	5.050347e-04
-8.496945e+01	5.061706e-04
-8.486945e+01	5.073104e-04
-8.476945e+01	5.084541e-04
-8.466945e+01	5.096016e-04
-8.456945e+01	5.107531e-04
-8.446945e+01	5.119084e-04
-8.436945e+01	5.130677e-04
-8.426945e+01	5.142309e-04
-8.416945e+01	5.153981e-04
-8.406945e+01	5.165693e-04
-8.396945e+01	5.177445e-04
-8.386945e+01	5.189237e-04
-8.376945e+01	5.201070e-04
-8.366945e+01	5.212943e-04
-8.356945e+01	5.224857e-04
-8.346945e+01	5.236812e-04
-8.336945e+01	5.248808e-04
-8.326945e+01	5.260845e-04
-8.316945e+01	5.272924e-04
-8.306945e+01	5.285045e-04
-8.296945e+01	5.297208e-04
-8.286945e+01	5.309413e-04
-8.276945e+01	5.321660e-04
-8.266945e+01	5.333949e-04
-8.256945e+01	5.346282e-04
-8.246945e+01	5.358657e-04
-8.236945e+01	5.371075e-04
-8.226945e+01	5.383537e-04
-8.216945e+01	5.396042e-04
-8.206945e+01	5.408591e-04
-8.196945e+01	5.421184e-04
-8.186945e+01	5.433821e-04
-8.176945e+01	5.446502e-04
-8.166945e+01	5.459228e-04
-8.156945e+01	5.471998e-04
-8.146945e+01	5.484814e-04
-8.136945e+01	5.497675e-04
-8.126945e+01	5.510581e-04
-8.116945e+01	5.523532e-04
-8.106945e+01	5.536530e-04
-8.096945e+01	5.549573e-04
-8.086945e+01	5.562663e-04
-8.076945e+01	5.575799e-04
-8.066945e+01	5.588982e-04
-8.056945e+01	5.602212e-04
-8.046945e+01	5.615489e-04
-8.036945e+01	5.628813e-04
-8.026945e+01	5.642185e-04
-8.016945e+01	5.655605e-04
-8.006945e+01	5.669073e-04
-7.996945e+01	5.682589e-04
-7.986945e+01	5.696153e-04
-7.976945e+01	5.709766e-04
-7.966945e+01	5.723429e-04
-7.956945e+01	5.737140e-04
-7.946945e+01	5.750901e-04
-7.936945e+01	5.764711e-04
-7.926945e+01	5.778572e-04
-7.916945e+01	5.792482e-04
-7.906945e+01	5.806444e-04
-7.896945e+01	5.820455e-04
-7.886945e+01	5.834518e-04
-7.876945e+01	5.848632e-04
-7.866945e+01	5.862797e-04
-7.856945e+01	5.877013e-04
-7.846945e+01	5.891282e-04
-7.836945e+01	5.905603e-04
-7.826945e+01	5.919976e-04
-7.816945e+01	5.934402e-04
-7.806945e+01	5.948881e-04
-7.796945e+01	5.963413e-04
-7.786945e+01	5.977998e-04
-7.776945e+01	5.992637e-04
-7.766945e+01	6.007330e-04
-7.756945e+01	6.022077e-04
-7.746945e+01	6.036879e-04
-7.736945e+01	6.051736e-04
-7.726945e+01	6.066647e-04
-7.716945e+01	6.081614e-04
-7.706945e+01	6.096637e-04
-7.696945e+01	6.111715e-04
-7.686945e+01	6.126849e-04
-7.676945e+01	6.142040e-04
-7.666945e+01	6.157288e-04
-7.656945e+01	6.172593e-04
-7.646945e+01	6.187954e-04
-7.636945e+01	6.203374e-04
-7.626945e+01	6.218851e-04
-7.616945e+01	6.234387e-04
-7.606945e+01	6.249980e-04
-7.596945e+01	6.265633e-04
-7.586945e+01	6.281344e-04
-7.576945e+01	6.297115e-04
-7.566945e+01	6.312946e-04
-7.556945e+01	6.328836e-04
-7.546945e+01	6.344787e-04
-7.536945e+01	6.360798e-04
-7.526945e+01	6.376870e-04
-7.516945e+01	6.393003e-04
-7.506945e+01	6.409198e-04
-7.496945e+01	6.425454e-04
-7.486945e+01	6.441773e-04
-7.476945e+01	6.458153e-04
-7.466945e+01	6.474597e-04
-7.456945e+01	6.491104e-04
-7.446945e+01	6.507673e-04
-7.436945e+01	6.524307e-04
-7.426945e+01	6.541005e-04
-7.416945e+01	6.557767e-04
-7.406945e+01	6.574593e-04
-7.396945e+01	6.591485e-04
-7.386945e+01	6.608442e-04
-7.376945e+01	6.625465e-04
-7.366945e+01	6.642554e-04
-7.356945e+01	6.659709e-04
-7.346945e+01	6.676931e-04
-7.336945e+01	6.694220e-04
-7.326945e+01	6.711576e-04
-7.316945e+01	6.729000e-04
-7.306945e+01	6.746492e-04
-7.296945e+01	6.764053e-04
-7.286945e+01	6.781682e-04
-7.276945e+01	6.799381e-04
-7.266945e+01	6.817149e-04
-7.256945e+01	6.834987e-04
-7.246945e+01	6.852896e-04
-7.236945e+01	6.870875e-04
-7.226945e+01	6.888925e-04
-7.216945e+01	6.907047e-04
-7.206945e+01	6.925240e-04
-7.196945e+01	6.943505e-04
-7.186945e+01	6.961844e-04
-7.176945e+01	6.980255e-04
-7.166945e+01	6.998739e-04
-7.156945e+01	7.017297e-04
-7.146945e+01	7.035929e-04
-7.136945e+01	7.054636e-04
-7.126945e+01	7.073417e-04
-7.116945e+01	7.092274e-04
-7.106945e+01	7.111207e-04
-7.096945e+01	7.130216e-04
-7.086945e+01	7.149301e-04
-7.076945e+01	7.168463e-04
-7.066945e+01	7.187703e-04
-7.056945e+01	7.207020e-04
-7.046945e+01	7.226415e-04
-7.036945e+01	7.245889e-04
-7.026945e+01	7.265443e-04
-7.016945e+01	7.285075e-04
-7.006945e+01	7.304788e-04
-6.996945e+01	7.324581e-04
-6.986945e+01	7.344454e-04
-6.976945e+01	7.364409e-04
-6.966945e+01	7.384446e-04
-6.956945e+01	7.404565e-04
-6.946945e+01	7.424766e-04
-6.936945e+01	7.445050e-04
-6.926945e+01	7.465418e-04
-6.916945e+01	7.485869e-04
-6.906945e+01	7.506405e-04
-6.896945e+01	7.527026e-04
-6.886945e+01	7.547733e-04
-6.876945e+01	7.568525e-04
-6.866945e+01	7.589403e-04
-6.856945e+01	7.610368e-04
-6.846945e+01	7.631420e-04
-6.836945e+01	7.652561e-04
-6.826945e+01	7.673789e-04
-6.816945e+01	7.695106e-04
-6.806945e+01	7.716512e-04
-6.796945e+01	7.738008e-04
-6.786945e+01	7.759594e-04
-6.776945e+01	7.781271e-04
-6.766945e+01	7.803039e-04
-6.756945e+01	7.824899e-04
-6.746945e+01	7.846851e-04
-6.736945e+01	7.868896e-04
-6.726945e+01	7.891034e-04
-6.716945e+01	7.913266e-04
-6.706945e+01	7.935593e-04
-6.696945e+01	7.958014e-04
-6.686945e+01	7.980531e-04
-6.676945e+01	8.003143e-04
-6.666945e+01	8.025853e-04
-6.656945e+01	8.048659e-04
-6.646945e+01	8.071563e-04
-6.636945e+01	8.094565e-04
-6.626945e+01	8.117666e-04
-6.616945e+01	8.140866e-04
-6.606945e+01	8.164167e-04
-6.596945e+01	8.187567e-04
-6.586945e+01	8.211069e-04
-6.576945e+01	8.234673e-04
-6.566945e+01	8.258378e-04
-6.556945e+01	8.282187e-04
-6.546945e+01	8.306099e-04
-6.536945e+01	8.330115e-04
-6.526945e+01	8.354235e-04
-6.516945e+01	8.378461e-04
-6.506945e+01	8.402793e-04
-6.496945e+01	8.427231e-04
-6.486945e+01	8.451776e-04
-6.476945e+01	8.476429e-04
-6.466945e+01	8.501191e-04
-6.456945e+01	8.526061e-04
-6.446945e+01	8.551041e-04
-6.436945e+01	8.576131e-04
-6.426945e+01	8.601333e-04
-6.416945e+01	8.626646e-04
-6.406945e+01	8.652071e-04
-6.396945e+01	8.677609e-04
-6.386945e+01	8.703261e-04
-6.376945e+01	8.729027e-04
-6.366945e+01	8.754908e-04
-6.356945e+01	8.780904e-04
-6.346945e+01	8.807017e-04
-6.336945e+01	8.833247e-04
-6.326945e+01	8.859595e-04
-6.316945e+01	8.886061e-04
-6.306945e+01	8.912647e-04
-6.296945e+01	8.939352e-04
-6.286945e+01	8.966178e-04
-6.276945e+01	8.993125e-04
-6.266945e+01	9.020194e-04
-6.256945e+01	9.047386e-04
-6.246945e+01	9.074702e-04
-6.236945e+01	9.102142e-04
-6.226945e+01	9.129707e-04
-6.216945e+01	9.157398e-04
-6.206945e+01	9.185215e-04
-6.196945e+01	9.213160e-04
-6.186945e+01	9.241233e-04
-6.176945e+01	9.269435e-04
-6.166945e+01	9.297767e-04
-6.156945e+01	9.326229e-04
-6.146945e+01	9.354823e-04
-6.136945e+01	9.383549e-04
-6.126945e+01	9.412408e-04
-6.116945e+01	9.441400e-04
-6.106945e+01	9.470527e-04
-6.096945e+01	9.499790e-04
-6.086945e+01	9.529189e-04
-6.076945e+01	9.558725e-04
-6.066945e+01	9.588399e-04
-6.056945e+01	9.618213e-04
-6.046945e+01	9.648165e-04
-6.036945e+01	9.678259e-04
-6.026945e+01	9.708494e-04
-6.016945e+01	9.738871e-04
-6.006945e+01	9.769392e-04
-5.996945e+01	9.800057e-04
-5.986945e+01	9.830867e-04
-5.976945e+01	9.861823e-04
-5.966945e+01	9.892927e-04
-5.956945e+01	9.924178e-04
-5.946945e+01	9.955578e-04
-5.936945e+01	9.987127e-04
-5.926945e+01	1.001883e-03
-5.916945e+01	1.005068e-03
-5.906945e+01	1.008268e-03
-5.896945e+01	1.011484e-03
-5.886945e+01	1.014716e-03
-5.876945e+01	1.017963e-03
-5.866945e+01	1.021225e-03
-5.856945e+01	1.024504e-03
-5.846945e+01	1.027798e-03
-5.836945e+01	1.031108e-03
-5.826945e+01	1.034434e-03
-5.816945e+01	1.037777e-03
-5.806945e+01	1.041135e-03
-5.796945e+01	1.044510e-03
-5.786945e+01	1.047902e-03
-5.776945e+01	1.051310e-03
-5.766945e+01	1.054735e-03
-5.756945e+01	1.058177e-03
-5.746945e+01	1.061636e-03
-5.736945e+01	1.065112e-03
-5.726945e+01	1.068605e-03
-5.716945e+01	1.072115e-03
-5.706945e+01	1.075642e-03
-5.696945e+01	1.079188e-03
-5.686945e+01	1.082750e-03
-5.676945e+01	1.086331e-03
-5.666945e+01	1.089929e-03
-5.656945e+01	1.093545e-03
-5.646945e+01	1.097180e-03
-5.636945e+01	1.100833e-03
-5.626945e+01	1.104504e-03
-5.616945e+01	1.108193e-03
-5.606945e+01	1.111901e-03
-5.596945e+01	1.115628e-03
-5.586945e+01	1.119374e-03
-5.576945e+01	1.123138e-03
-5.566945e+01	1.126922e-03
-5.556945e+01	1.130725e-03
-5.546945e+01	1.134547e-03
-5.536945e+01	1.138389e-03
-5.526945e+01	1.142250e-03
-5.516945e+01	1.146131e-03
-5.506945e+01	1.150033e-03
-5.496945e+01	1.153954e-03
-5.486945e+01	1.157895e-03
-5.476945e+01	1.161857e-03
-5.466945e+01	1.165839e-03
-5.456945e+01	1.169841e-03
-5.446945e+01	1.173865e-03
-5.436945e+01	1.177909e-03
-5.426945e+01	1.181974e-03
-5.416945e+01	1.186061e-03
-5.406945e+01	1.190168e-03
-5.396945e+01	1.194298e-03
-5.386945e+01	1.198449e-03
-5.376945e+01	1.202621e-03
-5.366945e+01	1.206816e-03
-5.356945e+01	1.211032e-03
-5.346945e+01	1.215271e-03
-5.336945e+01	1.219533e-03
-5.326945e+01	1.223817e-03
-5.316945e+01	1.228123e-03
-5.306945e+01	1.232453e-03
-5.296945e+01	1.236805e-03
-5.286945e+01	1.241181e-03
-5.276945e+01	1.245580e-03
-5.266945e+01	1.250002e-03
-5.256945e+01	1.254449e-03
-5.246945e+01	1.258919e-03
-5.236945e+01	1.263413e-03
-5.226945e+01	1.267931e-03
-5.216945e+01	1.272474e-03
-5.206945e+01	1.277041e-03
-5.196945e+01	1.281634e-03
-5.186945e+01	1.286251e-03
-5.176945e+01	1.290893e-03
-5.166945e+01	1.295560e-03
-5.156945e+01	1.300253e-03
-5.146945e+01	1.304972e-03
-5.136945e+01	1.309716e-03
-5.126945e+01	1.314487e-03
-5.116945e+01	1.319284e-03
-5.106945e+01	1.324107e-03
-5.096945e+01	1.328956e-03
-5.086945e+01	1.333833e-03
-5.076945e+01	1.338737e-03
-5.066945e+01	1.343668e-03
-5.056945e+01	1.348626e-03
-5.046945e+01	1.353612e-03
-5.036945e+01	1.358626e-03
-5.026945e+01	1.363667e-03
-5.016945e+01	1.368737e-03
-5.006945e+01	1.373836e-03
-4.996945e+01	1.378963e-03
-4.986945e+01	1.384119e-03
-4.976945e+01	1.389304e-03
-4.966945e+01	1.394519e-03
-4.956945e+01	1.399763e-03
-4.946945e+01	1.405037e-03
-4.936945e+01	1.410341e-03
-4.926945e+01	1.415675e-03
-4.916945e+01	1.421040e-03
-4.906945e+01	1.426435e-03
-4.896945e+01	1.431861e-03
-4.886945e+01	1.437319e-03
-4.876945e+01	1.442808e-03
-4.866945e+01	1.448328e-03
-4.856945e+01	1.453881e-03
-4.846945e+01	1.459465e-03
-4.836945e+01	1.465082e-03
-4.826945e+01	1.470732e-03
-4.816945e+01	1.476415e-03
-4.806945e+01	1.482130e-03
-4.796945e+01	1.487880e-03
-4.786945e+01	1.493663e-03
-4.776945e+01	1.499479e-03
-4.766945e+01	1.505330e-03
-4.756945e+01	1.511216e-03
-4.746945e+01	1.517136e-03
-4.736945e+01	1.523092e-03
-4.726945e+01	1.529083e-03
-4.716945e+01	1.535109e-03
-4.706945e+01	1.541171e-03
-4.696945e+01	1.547270e-03
-4.686945e+01	1.553404e-03
-4.676945e+01	1.559576e-03
-4.666945e+01	1.565785e-03
-4.656945e+01	1.572031e-03
-4.646945e+01	1.578315e-03
-4.636945e+01	1.584636e-03
-4.626945e+01	1.590996e-03
-4.616945e+01	1.597395e-03
-4.606945e+01	1.603832e-03
-4.596945e+01	1.610309e-03
-4.586945e+01	1.616825e-03
-4.576945e+01	1.623381e-03
-4.566945e+01	1.629977e-03
-4.556945e+01	1.636614e-03
-4.546945e+01	1.643292e-03
-4.536945e+01	1.650011e-03
-4.526945e+01	1.656771e-03
-4.516945e+01	1.663573e-03
-4.506945e+01	1.670417e-03
-4.496945e+01	1.677304e-03
-4.486945e+01	1.684234e-03
-4.476945e+01	1.691208e-03
-4.466945e+01	1.698225e-03
-4.456945e+01	1.705285e-03
-4.446945e+01	1.712391e-03
-4.436945e+01	1.719541e-03
-4.426945e+01	1.726736e-03
-4.416945e+01	1.733977e-03
-4.406945e+01	1.741263e-03
-4.396945e+01	1.748596e-03
-4.386945e+01	1.755976e-03
-4.376945e+01	1.763403e-03
-4.366945e+01	1.770877e-03
-4.356945e+01	1.778400e-03
-4.346945e+01	1.785970e-03
-4.336945e+01	1.793589e-03
-4.326945e+01	1.801258e-03
-4.316945e+01	1.808976e-03
-4.306945e+01	1.816744e-03
-4.296945e+01	1.824563e-03
-4.286945e+01	1.832432e-03
-4.276945e+01	1.840353e-03
-4.266945e+01	1.848326e-03
-4.256945e+01	1.856350e-03
-4.246945e+01	1.864428e-03
-4.236945e+01	1.872559e-03
-4.226945e+01	1.880743e-03
-4.216945e+01	1.888982e-03
-4.206945e+01	1.897275e-03
-4.196945e+01	1.905623e-03
-4.186945e+01	1.914027e-03
-4.176945e+01	1.922487e-03
-4.166945e+01	1.931004e-03
-4.156945e+01	1.939577e-03
-4.146945e+01	1.948208e-03
-4.136945e+01	1.956898e-03
-4.126945e+01	1.965646e-03
-4.116945e+01	1.974453e-03
-4.106945e+01	1.983320e-03
-4.096945e+01	1.992247e-03
-4.086945e+01	2.001235e-03
-4.076945e+01	2.010285e-03
-4.066945e+01	2.019396e-03
-4.056945e+01	2.028570e-03
-4.046945e+01	2.037807e-03
-4.036945e+01	2.047108e-03
-4.026945e+01	2.056473e-03
-4.016945e+01	2.065903e-03
-4.006945e+01	2.075398e-03
-3.996945e+01	2.084960e-03
-3.986945e+01	2.094588e-03
-3.976945e+01	2.104283e-03
-3.966945e+01	2.114047e-03
-3.956945e+01	2.123879e-03
-3.946945e+01	2.133780e-03
-3.936945e+01	2.143751e-03
-3.926945e+01	2.153793e-03
-3.916945e+01	2.163906e-03
-3.906945e+01	2.174091e-03
-3.896945e+01	2.184349e-03
-3.886945e+01	2.194680e-03
-3.876945e+01	2.205084e-03
-3.866945e+01	2.215564e-03
-3.856945e+01	2.226119e-03
-3.846945e+01	2.236750e-03
-3.836945e+01	2.247459e-03
-3.826945e+01	2.258245e-03
-3.816945e+01	2.269109e-03
-3.806945e+01	2.280052e-03
-3.796945e+01	2.291076e-03
-3.786945e+01	2.302180e-03
-3.776945e+01	2.313366e-03
-3.766945e+01	2.324634e-03
-3.756945e+01	2.335986e-03
-3.746945e+01	2.347421e-03
-3.736945e+01	2.358941e-03
-3.726945e+01	2.370547e-03
-3.716945e+01	2.382240e-03
-3.706945e+01	2.394020e-03
-3.696945e+01	2.405888e-03
-3.686945e+01	2.417846e-03
-3.676945e+01	2.429893e-03
-3.666945e+01	2.442032e-03
-3.656945e+01	2.454262e-03
-3.646945e+01	2.466586e-03
-3.636945e+01	2.479003e-03
-3.626945e+01	2.491515e-03
-3.616945e+01	2.504123e-03
-3.606945e+01	2.516827e-03
-3.596945e+01	2.529630e-03
-3.586945e+01	2.542531e-03
-3.576945e+01	2.555532e-03
-3.566945e+01	2.568633e-03
-3.556945e+01	2.581837e-03
-3.546945e+01	2.595144e-03
-3.536945e+01	2.608554e-03
-3.526945e+01	2.622070e-03
-3.516945e+01	2.635692e-03
-3.506945e+01	2.649422e-03
-3.496945e+01	2.663259e-03
-3.486945e+01	2.677207e-03
-3.476945e+01	2.691266e-03
-3.466945e+01	2.705436e-03
-3.456945e+01	2.719720e-03
-3.446945e+01	2.734118e-03
-3.436945e+01	2.748632e-03
-3.426945e+01	2.763263e-03
-3.416945e+01	2.778012e-03
-3.406945e+01	2.792880e-03
-3.396945e+01	2.807870e-03
-3.386945e+01	2.822981e-03
-3.376945e+01	2.838216e-03
-3.366945e+01	2.853576e-03
-3.356945e+01	2.869062e-03
-3.346945e+01	2.884676e-03
-3.336945e+01	2.900418e-03
-3.326945e+01	2.916291e-03
-3.316945e+01	2.932297e-03
-3.306945e+01	2.948435e-03
-3.296945e+01	2.964709e-03
-3.286945e+01	2.981118e-03
-3.276945e+01	2.997666e-03
-3.266945e+01	3.014354e-03
-3.256945e+01	3.031182e-03
-3.246945e+01	3.048154e-03
-3.236945e+01	3.065269e-03
-3.226945e+01	3.082531e-03
-3.216945e+01	3.099940e-03
-3.206945e+01	3.117499e-03
-3.196945e+01	3.135209e-03
-3.186945e+01	3.153072e-03
-3.176945e+01	3.171090e-03
-3.166945e+01	3.189264e-03
-3.156945e+01	3.207596e-03
-3.146945e+01	3.226089e-03
-3.136945e+01	3.244744e-03
-3.126945e+01	3.263563e-03
-3.116945e+01	3.282547e-03
-3.106945e+01	3.301700e-03
-3.096945e+01	3.321023e-03
-3.086945e+01	3.340517e-03
-3.076945e+01	3.360186e-03
-3.066945e+01	3.380031e-03
-3.056945e+01	3.400054e-03
-3.046945e+01	3.420257e-03
-3.036945e+01	3.440643e-03
-3.026945e+01	3.461215e-03
-3.016945e+01	3.481973e-03
-3.006945e+01	3.502920e-03
-2.996945e+01	3.524060e-03
-2.986945e+01	3.545393e-03
-2.976945e+01	3.566923e-03
-2.966945e+01	3.588653e-03
-2.956945e+01	3.610583e-03
-2.946945e+01	3.632718e-03
-2.936945e+01	3.655059e-03
-2.926945e+01	3.677609e-03
-2.916945e+01	3.700372e-03
-2.906945e+01	3.723348e-03
-2.896945e+01	3.746543e-03
-2.886945e+01	3.769957e-03
-2.876945e+01	3.793594e-03
-2.866945e+01	3.817456e-03
-2.856945e+01	3.841548e-03
-2.846945e+01	3.865871e-03
-2.836945e+01	3.890428e-03
-2.826945e+01	3.915224e-03
-2.816945e+01	3.940260e-03
-2.806945e+01	3.965540e-03
-2.796945e+01	3.991067e-03
-2.786945e+01	4.016845e-03
-2.776945e+01	4.042876e-03
-2.766945e+01	4.069165e-03
-2.756945e+01	4.095714e-03
-2.746945e+01	4.122528e-03
-2.736945e+01	4.149609e-03
-2.726945e+01	4.176961e-03
-2.716945e+01	4.204589e-03
-2.706945e+01	4.232495e-03
-2.696945e+01	4.260683e-03
-2.686945e+01	4.289158e-03
-2.676945e+01	4.317924e-03
-2.666945e+01	4.346983e-03
-2.656945e+01	4.376341e-03
-2.646945e+01	4.406002e-03
-2.636945e+01	4.435969e-03
-2.626945e+01	4.466248e-03
-2.616945e+01	4.496842e-03
-2.606945e+01	4.527756e-03
-2.596945e+01	4.558994e-03
-2.586945e+01	4.590562e-03
-2.576945e+01	4.622463e-03
-2.566945e+01	4.654703e-03
-2.556945e+01	4.687286e-03
-2.546945e+01	4.720218e-03
-2.536945e+01	4.753503e-03
-2.526945e+01	4.787146e-03
-2.516945e+01	4.821154e-03
-2.506945e+01	4.855531e-03
-2.496945e+01	4.890282e-03
-2.486945e+01	4.925413e-03
-2.476945e+01	4.960931e-03
-2.466945e+01	4.996840e-03
-2.456945e+01	5.033146e-03
-2.446945e+01	5.069855e-03
-2.436945e+01	5.106974e-03
-2.426945e+01	5.144509e-03
-2.416945e+01	5.182466e-03
-2.406945e+01	5.220851e-03
-2.396945e+01	5.259671e-03
-2.386945e+01	5.298933e-03
-2.376945e+01	5.338643e-03
-2.366945e+01	5.378808e-03
-2.356945e+01	5.419437e-03
-2.346945e+01	5.460535e-03
-2.336945e+01	5.502110e-03
-2.326945e+01	5.544170e-03
-2.316945e+01	5.586722e-03
-2.306945e+01	5.629775e-03
-2.296945e+01	5.673335e-03
-2.286945e+01	5.717412e-03
-2.276945e+01	5.762014e-03
-2.266945e+01	5.807149e-03
-2.256945e+01	5.852826e-03
-2.246945e+01	5.899053e-03
-2.236945e+01	5.945840e-03
-2.226945e+01	5.993196e-03
-2.216945e+01	6.041131e-03
-2.206945e+01	6.089653e-03
-2.196945e+01	6.138774e-03
-2.186945e+01	6.188502e-03
-2.176945e+01	6.238848e-03
-2.166945e+01	6.289822e-03
-2.156945e+01	6.341436e-03
-2.146945e+01	6.393700e-03
-2.136945e+01	6.446625e-03
-2.126945e+01	6.500222e-03
-2.116945e+01	6.554504e-03
-2.106945e+01	6.609483e-03
-2.096945e+01	6.665169e-03
-2.086945e+01	6.721576e-03
-2.076945e+01	6.778717e-03
-2.066945e+01	6.836605e-03
-2.056945e+01	6.895252e-03
-2.046945e+01	6.954672e-03
-2.036945e+01	7.014880e-03
-2.026945e+01	7.075889e-03
-2.016945e+01	7.137715e-03
-2.006945e+01	7.200371e-03
-1.996945e+01	7.263874e-03
-1.986945e+01	7.328238e-03
-1.976945e+01	7.393480e-03
-1.966945e+01	7.459616e-03
-1.956945e+01	7.526664e-03
-1.946945e+01	7.594639e-03
-1.936945e+01	7.663559e-03
-1.926945e+01	7.733443e-03
-1.916945e+01	7.804309e-03
-1.906945e+01	7.876175e-03
-1.896945e+01	7.949062e-03
-1.886945e+01	8.022988e-03
-1.876945e+01	8.097975e-03
-1.866945e+01	8.174042e-03
-1.856945e+01	8.251211e-03
-1.846945e+01	8.329504e-03
-1.836945e+01	8.408944e-03
-1.826945e+01	8.489553e-03
-1.816945e+01	8.571355e-03
-1.806945e+01	8.654374e-03
-1.796945e+01	8.738634e-03
-1.786945e+01	8.824162e-03
-1.776945e+01	8.910983e-03
-1.766945e+01	8.999125e-03
-1.756945e+01	9.088613e-03
-1.746945e+01	9.179478e-03
-1.736945e+01	9.271747e-03
-1.726945e+01	9.365451e-03
-1.716945e+01	9.460620e-03
-1.706945e+01	9.557286e-03
-1.696945e+01	9.655480e-03
-1.686945e+01	9.755236e-03
-1.676945e+01	9.856588e-03
-1.666945e+01	9.959571e-03
-1.656945e+01	1.006422e-02
-1.646945e+01	1.017057e-02
-1.636945e+01	1.027867e-02
-1.626945e+01	1.038855e-02
-1.616945e+01	1.050025e-02
-1.606945e+01	1.061381e-02
-1.596945e+01	1.072928e-02
-1.586945e+01	1.084669e-02
-1.576945e+01	1.096611e-02
-1.566945e+01	1.108756e-02
-1.556945e+01	1.121110e-02
-1.546945e+01	1.133679e-02
-1.536945e+01	1.146466e-02
-1.526945e+01	1.159477e-02
-1.516945e+01	1.172718e-02
-1.506945e+01	1.186195e-02
-1.496945e+01	1.199912e-02
-1.486945e+01	1.213876e-02
-1.476945e+01	1.228093e-02
-1.466945e+01	1.242570e-02
-1.456945e+01	1.257312e-02
-1.446945e+01	1.272327e-02
-1.436945e+01	1.287621e-02
-1.426945e+01	1.303203e-02
-1.416945e+01	1.319078e-02
-1.406945e+01	1.335255e-02
-1.396945e+01	1.351742e-02
-1.386945e+01	1.368546e-02
-1.376945e+01	1.385677e-02
-1.366945e+01	1.403143e-02
-1.356945e+01	1.420954e-02
-1.346945e+01	1.439117e-02
-1.336945e+01	1.457644e-02
-1.326945e+01	1.476544e-02
-1.316945e+01	1.495828e-02
-1.306945e+01	1.515506e-02
-1.296945e+01	1.535590e-02
-1.286945e+01	1.556091e-02
-1.276945e+01	1.577021e-02
-1.266945e+01	1.598393e-02
-1.256945e+01	1.620219e-02
-1.246945e+01	1.642513e-02
-1.236945e+01	1.665288e-02
-1.226945e+01	1.688560e-02
-1.216945e+01	1.712343e-02
-1.206945e+01	1.736653e-02
-1.196945e+01	1.761506e-02
-1.186945e+01	1.786918e-02
-1.176945e+01	1.812908e-02
-1.166945e+01	1.839493e-02
-1.156945e+01	1.866693e-02
-1.146945e+01	1.894527e-02
-1.136945e+01	1.923016e-02
-1.126945e+01	1.952181e-02
-1.116945e+01	1.982044e-02
-1.106945e+01	2.012629e-02
-1.096945e+01	2.043960e-02
-1.086945e+01	2.076063e-02
-1.076945e+01	2.108963e-02
-1.066945e+01	2.142689e-02
-1.056945e+01	2.177270e-02
-1.046945e+01	2.212735e-02
-1.036945e+01	2.249116e-02
-1.026945e+01	2.286447e-02
-1.016945e+01	2.324761e-02
-1.006945e+01	2.364095e-02
-9.969451e+00	2.404487e-02
-9.869451e+00	2.445977e-02
-9.769451e+00	2.488607e-02
-9.669451e+00	2.532420e-02
-9.569451e+00	2.577462e-02
-9.469451e+00	2.623781e-02
-9.369451e+00	2.671429e-02
-9.269451e+00	2.720459e-02
-9.169451e+00	2.770927e-02
-9.069451e+00	2.822893e-02
-8.969451e+00	2.876417e-02
-8.869451e+00	2.931567e-02
-8.769451e+00	2.988412e-02
-8.669451e+00	3.047025e-02
-8.569451e+00	3.107483e-02
-8.469451e+00	3.169868e-02
-8.369451e+00	3.234267e-02
-8.269451e+00	3.300771e-02
-8.169451e+00	3.369478e-02
-8.069451e+00	3.440490e-02
-7.969451e+00	3.513916e-02
-7.869451e+00	3.589872e-02
-7.769451e+00	3.668483e-02
-7.669451e+00	3.749878e-02
-7.569451e+00	3.834198e-02
-7.469451e+00	3.921591e-02
-7.369451e+00	4.012217e-02
-7.269451e+00	4.106245e-02
-7.169451e+00	4.203856e-02
-7.069451e+00	4.305245e-02
-6.969451e+00	4.410619e-02
-6.869451e+00	4.520201e-02
-6.769451e+00	4.634231e-02
-6.669451e+00	4.752967e-02
-6.569451e+00	4.876685e-02
-6.469451e+00	5.005684e-02
-6.369451e+00	5.140288e-02
-6.269451e+00	5.280844e-02
-6.169451e+00	5.427729e-02
-6.069451e+00	5.581354e-02
-5.969451e+00	5.742162e-02
-5.869451e+00	5.910637e-02
-5.769451e+00	6.087306e-02
-5.669451e+00	6.272743e-02
-5.569451e+00	6.467578e-02
-5.469451e+00	6.672499e-02
-5.369451e+00	6.888264e-02
-5.269451e+00	7.115707e-02
-5.169451e+00	7.355746e-02
-5.069451e+00	7.609399e-02
-4.969451e+00	7.877793e-02
-4.869451e+00	8.162184e-02
-4.769451e+00	8.463969e-02
-4.669451e+00	8.784713e-02
-4.569451e+00	9.126173e-02
-4.469451e+00	9.490326e-02
-4.369451e+00	9.879410e-02
-4.269451e+00	1.029596e-01
-4.169451e+00	1.074288e-01
-4.069451e+00	1.122347e-01
-3.969451e+00	1.174155e-01
-3.869451e+00	1.230153e-01
-3.769451e+00	1.290855e-01
-3.669451e+00	1.356862e-01
-3.569451e+00	1.428882e-01
-3.469451e+00	1.507756e-01
-3.369451e+00	1.594492e-01
-3.269451e+00	1.690306e-01
-3.169451e+00	1.796680e-01
-3.069451e+00	1.915441e-01
-2.969451e+00	2.048865e-01
-2.869451e+00	2.199828e-01
-2.769451e+00	2.372011e-01
-2.669451e+00	2.570205e-01
-2.569451e+00	2.800752e-01
-2.469451e+00	3.072223e-01
-2.369451e+00	3.396449e-01
-2.269451e+00	3.790175e-01
-2.169451e+00	4.277769e-01
-2.069451e+00	4.895800e-01
-1.969451e+00	5.701058e-01
-1.869451e+00	6.785041e-01
-1.769451e+00	8.300772e-01
-1.669451e+00	1.051220e+00
-1.569451e+00	1.387659e+00
-1.469451e+00	1.911612e+00
-1.369451e+00	2.686528e+00
-1.269451e+00	3.539157e+00
-1.169451e+00	3.787393e+00
-1.069451e+00	3.192884e+00
-9.694509e-01	2.456010e+00
-8.694509e-01	1.965407e+00
-7.694509e-01	1.716267e+00
-6.694509e-01	1.641561e+00
-5.694509e-01	1.703175e+00
-4.694509e-01	1.894980e+00
-3.694509e-01	2.231185e+00
-2.694509e-01	2.722720e+00
-1.694509e-01	3.339169e+00
-6.945093e-02	4.071705e+00
3.054907e-02	5.130272e+00
1.305491e-01	6.647685e+00
2.305491e-01	8.242700e+00
3.305491e-01	9.715822e+00
4.305491e-01	1.192905e+01
5.305491e-01	1.487094e+01
6.305491e-01	1.595008e+01
7.305491e-01	1.362996e+01
8.305491e-01	1.020991e+01
9.305491e-01	7.346834e+00
1.030549e+00	5.402005e+00
1.130549e+00	4.218390e+00
1.230549e+00	3.557590e+00
1.330549e+00	3.268917e+00
1.430549e+00	3.296590e+00
1.530549e+00	3.669212e+00
1.630549e+00	4.505762e+00
1.730549e+00	6.000454e+00
1.830549e+00	8.153485e+00
1.930549e+00	9.833555e+00
2.030549e+00	9.123926e+00
2.130549e+00	6.795184e+00
2.230549e+00	4.716277e+00
2.330549e+00	3.329746e+00
2.430549e+00	2.453288e+00
2.530549e+00	1.886922e+00
2.630549e+00	1.504458e+00
2.730549e+00	1.236537e+00
2.830549e+00	1.043895e+00
2.930549e+00	9.015867e-01
3.030549e+00	7.926585e-01
3.130549e+00	7.070180e-01
3.230549e+00	6.395406e-01
3.330549e+00	5.863853e-01
3.430549e+00	5.444768e-01
3.530549e+00	5.115898e-01
3.630549e+00	4.861696e-01
3.730549e+00	4.671818e-01
3.830549e+00	4.540152e-01
3.930549e+00	4.464431e-01
4.030549e+00	4.446491e-01
4.130549e+00	4.493214e-01
4.230549e+00	4.618401e-01
4.330549e+00	4.847639e-01
4.430549e+00	5.224488e-01
4.530549e+00	5.797491e-01
4.630549e+00	6.573032e-01
4.730549e+00	7.578356e-01
4.830549e+00	8.975881e-01
4.930549e+00	1.044456e+00
5.030549e+00	1.072118e+00
5.130549e+00	9.664659e-01
5.230549e+00	8.569494e-01
5.330549e+00	7.970035e-01
5.430549e+00	7.816694e-01
5.530549e+00	8.022512e-01
5.630549e+00	8.539959e-01
5.730549e+00	9.363922e-01
5.830549e+00	1.053484e+00
5.930549e+00	1.214408e+00
6.030549e+00	1.435101e+00
6.130549e+00	1.742026e+00
6.230549e+00	2.179408e+00
6.330549e+00	2.822934e+00
6.430549e+00	3.804917e+00
6.530549e+00	5.353896e+00
6.630549e+00	7.811390e+00
6.730549e+00	1.135288e+01
6.830549e+00	1.468391e+01
6.930549e+00	1.457263e+01
7.030549e+00	1.118770e+01
7.130549e+00	7.750609e+00
7.230549e+00	5.413252e+00
7.330549e+00	3.968449e+00
7.430549e+00	3.082104e+00
7.530549e+00	2.536317e+00
7.630549e+00	2.208072e+00
7.730549e+00	2.030998e+00
7.830549e+00	1.972220e+00
7.930549e+00	2.021133e+00
8.030549e+00	2.185847e+00
8.130549e+00	2.495789e+00
8.230549e+00	3.011577e+00
8.330549e+00	3.846050e+00
8.430549e+00	5.200992e+00
8.530549e+00	7.400922e+00
8.630549e+00	1.074272e+01
8.730549e+00	1.448051e+01
8.830549e+00	1.549970e+01
8.930549e+00	1.253000e+01
9.030549e+00	8.750197e+00
9.130549e+00	6.017142e+00
9.230549e+00	4.308106e+00
9.330549e+00	3.271602e+00
9.430549e+00	2.664484e+00
9.530549e+00	2.356156e+00
9.630549e+00	2.250573e+00
9.730549e+00	2.158293e+00
9.830549e+00	1.881954e+00
9.930549e+00	1.533120e+00
1.003055e+01	1.274187e+00
1.013055e+01	1.125074e+00
1.023055e+01	1.031066e+00
1.033055e+01	9.102372e-01
1.043055e+01	7.614760e-01
1.053055e+01	6.350947e-01
1.063055e+01	5.436999e-01
1.073055e+01	4.801386e-01
1.083055e+01	4.373188e-01
1.093055e+01	4.093852e-01
1.103055e+01	3.851930e-01
1.113055e+01	3.525251e-01
1.123055e+01	3.171293e-01
1.133055e+01	2.887358e-01
1.143055e+01	2.691878e-01
1.153055e+01	2.569952e-01
1.163055e+01	2.473873e-01
1.173055e+01	2.335620e-01
1.183055e+01	2.172431e-01
1.193055e+01	2.032748e-01
1.203055e+01	1.897381e-01
1.213055e+01	1.749938e-01
1.223055e+01	1.616749e-01
1.233055e+01	1.510392e-01
1.243055e+01	1.426272e-01
1.253055e+01	1.354288e-01
1.263055e+01	1.285906e-01
1.273055e+01	1.222464e-01
1.283055e+01	1.167072e-01
1.293055e+01	1.120373e-01
1.303055e+01	1.082365e-01
1.313055e+01	1.053436e-01
1.323055e+01	1.034795e-01
1.333055e+01	1.029057e-01
1.343055e+01	1.040400e-01
1.353055e+01	1.070959e-01
1.363055e+01	1.108452e-01
1.373055e+01	1.127023e-01
1.383055e+01	1.120096e-01
1.393055e+01	1.067040e-01
1.403055e+01	9.727062e-02
1.413055e+01	8.849330e-02
1.423055e+01	8.254999e-02
1.433055e+01	7.935432e-02
1.443055e+01	7.827200e-02
1.453055e+01	7.749682e-02
1.463055e+01	7.415713e-02
1.473055e+01	6.882314e-02
1.483055e+01	6.396151e-02
1.493055e+01	6.021428e-02
1.503055e+01	5.731716e-02
1.513055e+01	5.497273e-02
1.523055e+01	5.298966e-02
1.533055e+01	5.125475e-02
1.543055e+01	4.970021e-02
1.553055e+01	4.828394e-02
1.563055e+01	4.697865e-02
1.573055e+01	4.576594e-02
1.583055e+01	4.463302e-02
1.593055e+01	4.357073e-02
1.603055e+01	4.257248e-02
1.613055e+01	4.163353e-02
1.623055e+01	4.075060e-02
1.633055e+01	3.992165e-02
1.643055e+01	3.914581e-02
1.653055e+01	3.842344e-02
1.663055e+01	3.775622e-02
1.673055e+01	3.714757e-02
1.683055e+01	3.660310e-02
1.693055e+01	3.613154e-02
1.703055e+01	3.574610e-02
1.713055e+01	3.546687e-02
1.723055e+01	3.532466e-02
1.733055e+01	3.536790e-02
1.743055e+01	3.567490e-02
1.753055e+01	3.637641e-02
1.763055e+01	3.769736e-02
1.773055e+01	4.002867e-02
1.783055e+01	4.400753e-02
1.793055e+01	5.033721e-02
1.803055e+01	5.822785e-02
1.813055e+01	6.259646e-02
1.823055e+01	5.922049e-02
1.833055e+01	5.187986e-02
1.843055e+01	4.520199e-02
1.853055e+01	4.079599e-02
1.863055e+01	3.833239e-02
1.873055e+01	3.712843e-02
1.883055e+01	3.696793e-02
1.893055e+01	3.800993e-02
1.903055e+01	4.058319e-02
1.913055e+01	4.522389e-02
1.923055e+01	5.230004e-02
1.933055e+01	6.105716e-02
1.943055e+01	7.135608e-02
1.953055e+01	8.525662e-02
1.963055e+01	9.819461e-02
1.973055e+01	9.745928e-02
1.983055e+01	8.235679e-02
1.993055e+01	6.466350e-02
2.003055e+01	5.127605e-02
2.013055e+01	4.222463e-02
2.023055e+01	3.605794e-02
2.033055e+01	3.183947e-02
2.043055e+01	2.892005e-02
2.053055e+01	2.685924e-02
2.063055e+01	2.537737e-02
2.073055e+01	2.430208e-02
2.083055e+01	2.354600e-02
2.093055e+01	2.307836e-02
2.103055e+01	2.290711e-02
2.113055e+01	2.308462e-02
2.123055e+01	2.371991e-02
2.133055e+01	2.502578e-02
2.143055e+01	2.735125e-02
2.153055e+01	3.077991e-02
2.163055e+01	3.401365e-02
2.173055e+01	3.514571e-02
2.183055e+01	3.433271e-02
2.193055e+01	3.225872e-02
2.203055e+01	2.995865e-02
2.213055e+01	2.846097e-02
2.223055e+01	2.706633e-02
2.233055e+01	2.465133e-02
2.243055e+01	2.201929e-02
2.253055e+01	2.003291e-02
2.263055e+01	1.868363e-02
2.273055e+01	1.768087e-02
2.283055e+01	1.685213e-02
2.293055e+01	1.617102e-02
2.303055e+01	1.561954e-02
2.313055e+01	1.517625e-02
2.323055e+01	1.481904e-02
2.333055e+01	1.452858e-02
2.343055e+01	1.429268e-02
2.353055e+01	1.410694e-02
2.363055e+01	1.397494e-02
2.373055e+01	1.391018e-02
2.383055e+01	1.393932e-02
2.393055e+01	1.409578e-02
2.403055e+01	1.435769e-02
2.413055e+01	1.453132e-02
2.423055e+01	1.442914e-02
2.433055e+01	1.412431e-02
2.443055e+01	1.384944e-02
2.453055e+01	1.377500e-02
2.463055e+01	1.382800e-02
2.473055e+01	1.369757e-02
2.483055e+01	1.329633e-02
2.493055e+01	1.289920e-02
2.503055e+01	1.264481e-02
2.513055e+01	1.252968e-02
2.523055e+01	1.253358e-02
2.533055e+01	1.265980e-02
2.543055e+01	1.289922e-02
2.553055e+01	1.312701e-02
2.563055e+01	1.323903e-02
2.573055e+01	1.338505e-02
2.583055e+01	1.366414e-02
2.593055e+01	1.411268e-02
2.603055e+01	1.481726e-02
2.613055e+01	1.588622e-02
2.623055e+01	1.746622e-02
2.633055e+01	1.908161e-02
2.643055e+01	1.955608e-02
2.653055e+01	1.914598e-02
2.663055e+01	1.901677e-02
2.673055e+01	1.953056e-02
2.683055e+01	1.992262e-02
2.693055e+01	1.949052e-02
2.703055e+01	1.895253e-02
2.713055e+01	1.890133e-02
2.723055e+01	1.914095e-02
2.733055e+01	1.969353e-02
2.743055e+01	2.099907e-02
2.753055e+01	2.320168e-02
2.763055e+01	2.589512e-02
2.773055e+01	2.890658e-02
2.783055e+01	3.162695e-02
2.793055e+01	3.245956e-02
2.803055e+01	3.227060e-02
2.813055e+01	3.351697e-02
2.823055e+01	3.797928e-02
2.833055e+01	4.524484e-02
2.843055e+01	5.098467e-02
2.853055e+01	5.100498e-02
2.863055e+01	4.879592e-02
2.873055e+01	4.856302e-02
2.883055e+01	4.865226e-02
2.893055e+01	4.499465e-02
2.903055e+01	3.875757e-02
2.913055e+01	3.239439e-02
2.923055e+01	2.680576e-02
2.933055e+01	2.276973e-02
2.943055e+01	2.035938e-02
2.953055e+01	1.922387e-02
2.963055e+01	1.916435e-02
2.973055e+01	2.034707e-02
2.983055e+01	2.318059e-02
2.993055e+01	2.801305e-02
3.003055e+01	3.379300e-02
3.013055e+01	3.697709e-02
3.023055e+01	3.494902e-02
3.033055e+01	2.920647e-02
3.043055e+01	2.366630e-02
3.053055e+01	1.982471e-02
3.063055e+01	1.740578e-02
3.073055e+01	1.607304e-02
3.083055e+01	1.545133e-02
3.093055e+01	1.480122e-02
3.103055e+01	1.380964e-02
3.113055e+01	1.292209e-02
3.123055e+01	1.243704e-02
3.133055e+01	1.237486e-02
3.143055e+01	1.267776e-02
3.153055e+01	1.335871e-02
3.163055e+01	1.448385e-02
3.173055e+01	1.618305e-02
3.183055e+01	1.891360e-02
3.193055e+01	2.338517e-02
3.203055e+01	3.029551e-02
3.213055e+01	3.930947e-02
3.223055e+01	4.624374e-02
3.233055e+01	4.438576e-02
3.243055e+01	3.581926e-02
3.253055e+01	2.731166e-02
3.263055e+01	2.131073e-02
3.273055e+01	1.756766e-02
3.283055e+01	1.536066e-02
3.293055e+01	1.391224e-02
3.303055e+01	1.267472e-02
3.313055e+01	1.170862e-02
3.323055e+01	1.117398e-02
3.333055e+01	1.106118e-02
3.343055e+01	1.121969e-02
3.353055e+01	1.156206e-02
3.363055e+01	1.201705e-02
3.373055e+01	1.215843e-02
3.383055e+01	1.203964e-02
3.393055e+01	1.204509e-02
3.403055e+01	1.223521e-02
3.413055e+01	1.283955e-02
3.423055e+01	1.429598e-02
3.433055e+01	1.688841e-02
3.443055e+01	2.020778e-02
3.453055e+01	2.203676e-02
3.463055e+01	2.057184e-02
3.473055e+01	1.735027e-02
3.483055e+01	1.425273e-02
3.493055e+01	1.206408e-02
3.503055e+01	1.074898e-02
3.513055e+01	1.011598e-02
3.523055e+01	1.005760e-02
3.533055e+01	1.049327e-02
3.543055e+01	1.134513e-02
3.553055e+01	1.245324e-02
3.563055e+01	1.294621e-02
3.573055e+01	1.190495e-02
3.583055e+01	1.030220e-02
3.593055e+01	9.152024e-03
3.603055e+01	8.595585e-03
3.613055e+01	8.558204e-03
3.623055e+01	9.034948e-03
3.633055e+01	1.009937e-02
3.643055e+01	1.160531e-02
3.653055e+01	1.244617e-02
3.663055e+01	1.147983e-02
3.673055e+01	9.724830e-03
3.683055e+01	8.322834e-03
3.693055e+01	7.437321e-03
3.703055e+01	6.942501e-03
3.713055e+01	6.728128e-03
3.723055e+01	6.737380e-03
3.733055e+01	6.931946e-03
3.743055e+01	7.276489e-03
3.753055e+01	7.880137e-03
3.763055e+01	8.983432e-03
3.773055e+01	1.063180e-02
3.783055e+01	1.196864e-02
3.793055e+01	1.146881e-02
3.803055e+01	9.666710e-03
3.813055e+01	8.045100e-03
3.823055e+01	6.977212e-03
3.833055e+01	6.333084e-03
3.843055e+01	5.957420e-03
3.853055e+01	5.705121e-03
3.863055e+01	5.486462e-03
3.873055e+01	5.318944e-03
3.883055e+01	5.239988e-03
3.893055e+01	5.249193e-03
3.903055e+01	5.289394e-03
3.913055e+01	5.293585e-03
3.923055e+01	5.245769e-03
3.933055e+01	5.165511e-03
3.943055e+01	5.096110e-03
3.953055e+01	5.043930e-03
3.963055e+01	5.014318e-03
3.973055e+01	5.023773e-03
3.983055e+01	5.073863e-03
3.993055e+01	5.151380e-03
4.003055e+01	5.265817e-03
4.013055e+01	5.452913e-03
4.023055e+01	5.751278e-03
4.033055e+01	6.210149e-03
4.043055e+01	6.852901e-03
4.053055e+01	7.519491e-03
4.063055e+01	7.891706e-03
4.073055e+01	8.119445e-03
4.083055e+01	8.621661e-03
4.093055e+01	9.559065e-03
4.103055e+01	1.092577e-02
4.113055e+01	1.288088e-02
4.123055e+01	1.600358e-02
4.133055e+01	2.116927e-02
4.143055e+01	2.937338e-02
4.153055e+01	4.012857e-02
4.163055e+01	4.698480e-02
4.173055e+01	4.250202e-02
4.183055e+01	3.256090e-02
4.193055e+01	2.420150e-02
4.203055e+01	1.831730e-02
4.213055e+01	1.442612e-02
4.223055e+01	1.202179e-02
4.233055e+01	1.063818e-02
4.243055e+01	9.851220e-03
4.253055e+01	9.125145e-03
4.263055e+01	8.173955e-03
4.273055e+01	7.192802e-03
4.283055e+01	6.348793e-03
4.293055e+01	5.710480e-03
4.303055e+01	5.253790e-03
4.313055e+01	4.919768e-03
4.323055e+01	4.676320e-03
4.333055e+01	4.500439e-03
4.343055e+01	4.364519e-03
4.353055e+01	4.261585e-03
4.363055e+01	4.203339e-03
4.373055e+01	4.199356e-03
4.383055e+01	4.262158e-03
4.393055e+01	4.414345e-03
4.403055e+01	4.685326e-03
4.413055e+01	5.101928e-03
4.423055e+01	5.676050e-03
4.433055e+01	6.254024e-03
4.443055e+01	6.596542e-03
4.453055e+01	6.846673e-03
4.463055e+01	6.940268e-03
4.473055e+01	6.574941e-03
4.483055e+01	5.959827e-03
4.493055e+01	5.296881e-03
4.503055e+01	4.732131e-03
4.513055e+01	4.352638e-03
4.523055e+01	4.126414e-03
4.533055e+01	4.010825e-03
4.543055e+01	3.956275e-03
4.553055e+01	3.904790e-03
4.563055e+01	3.876308e-03
4.573055e+01	3.933271e-03
4.583055e+01	4.119848e-03
4.593055e+01	4.468710e-03
4.603055e+01	5.001633e-03
4.613055e+01	5.593209e-03
4.623055e+01	5.768321e-03
4.633055e+01	5.306190e-03
4.643055e+01	4.720866e-03
4.653055e+01	4.312838e-03
4.663055e+01	4.027946e-03
4.673055e+01	3.806714e-03
4.683055e+01	3.652973e-03
4.693055e+01	3.549680e-03
4.703055e+01	3.471999e-03
4.713055e+01	3.420782e-03
4.723055e+01	3.405682e-03
4.733055e+01	3.436786e-03
4.743055e+01	3.522152e-03
4.753055e+01	3.675169e-03
4.763055e+01	3.921965e-03
4.773055e+01	4.303585e-03
4.783055e+01	4.845087e-03
4.793055e+01	5.413725e-03
4.803055e+01	5.672734e-03
4.813055e+01	5.667416e-03
4.823055e+01	5.804471e-03
4.833055e+01	6.303374e-03
4.843055e+01	7.293349e-03
4.853055e+01	8.994383e-03
4.863055e+01	1.180005e-02
4.873055e+01	1.604966e-02
4.883055e+01	2.064023e-02
4.893055e+01	2.165054e-02
4.903055e+01	1.801985e-02
4.913055e+01	1.371759e-02
4.923055e+01	1.067411e-02
4.933055e+01	8.603868e-03
4.943055e+01	7.131149e-03
4.953055e+01	6.078114e-03
4.963055e+01	5.323615e-03
4.973055e+01	4.815229e-03
4.983055e+01	4.489814e-03
4.993055e+01	4.284965e-03
5.003055e+01	4.132514e-03
5.013055e+01	3.978814e-03
5.023055e+01	3.852432e-03
5.033055e+01	3.723871e-03
5.043055e+01	3.577843e-03
5.053055e+01	3.495763e-03
5.063055e+01	3.547254e-03
5.073055e+01	3.765208e-03
5.083055e+01	4.106817e-03
5.093055e+01	4.297941e-03
5.103055e+01	4.070845e-03
5.113055e+01	3.685306e-03
5.123055e+01	3.430892e-03
5.133055e+01	3.364017e-03
5.143055e+01	3.467774e-03
5.153055e+01	3.648752e-03
5.163055e+01	3.655044e-03
5.173055e+01	3.398749e-03
5.183055e+01	3.114202e-03
5.193055e+01	2.930243e-03
5.203055e+01	2.828503e-03
5.213055e+01	2.757019e-03
5.223055e+01	2.712734e-03
5.233055e+01	2.707834e-03
5.243055e+01	2.716939e-03
5.253055e+01	2.744105e-03
5.263055e+01	2.841584e-03
5.273055e+01	3.050776e-03
5.283055e+01	3.362273e-03
5.293055e+01	3.608578e-03
5.303055e+01	3.589141e-03
5.313055e+01	3.470311e-03
5.323055e+01	3.466426e-03
5.333055e+01	3.628868e-03
5.343055e+01	3.989632e-03
5.353055e+01	4.444836e-03
5.363055e+01	4.531089e-03
5.373055e+01	4.031279e-03
5.383055e+01	3.404238e-03
5.393055e+01	2.940385e-03
5.403055e+01	2.646038e-03
5.413055e+01	2.466829e-03
5.423055e+01	2.359541e-03
5.433055e+01	2.292470e-03
5.443055e+01	2.238210e-03
5.453055e+01	2.189775e-03
5.463055e+01	2.154799e-03
5.473055e+01	2.135138e-03
5.483055e+01	2.137321e-03
5.493055e+01	2.169839e-03
5.503055e+01	2.222102e-03
5.513055e+01	2.253545e-03
5.523055e+01	2.253484e-03
5.533055e+01	2.255761e-03
5.543055e+01	2.250769e-03
5.553055e+01	2.209977e-03
5.563055e+01	2.142247e-03
5.573055e+01	2.089218e-03
5.583055e+01	2.075715e-03
5.593055e+01	2.103807e-03
5.603055e+01	2.140683e-03
5.613055e+01	2.117931e-03
5.623055e+01	2.038226e-03
5.633055e+01	1.961048e-03
5.643055e+01	1.904501e-03
5.653055e+01	1.865037e-03
5.663055e+01	1.839249e-03
5.673055e+01	1.823640e-03
5.683055e+01	1.814156e-03
5.693055e+01	1.807645e-03
5.703055e+01	1.804525e-03
5.713055e+01	1.806213e-03
5.723055e+01	1.811766e-03
5.733055e+01	1.816801e-03
5.743055e+01	1.821529e-03
5.753055e+01	1.831460e-03
5.763055e+01	1.845506e-03
5.773055e+01	1.856629e-03
5.783055e+01	1.863215e-03
5.793055e+01	1.863716e-03
5.803055e+01	1.861625e-03
5.813055e+01	1.864878e-03
5.823055e+01	1.875805e-03
5.833055e+01	1.894208e-03
5.843055e+01	1.920374e-03
5.853055e+01	1.955390e-03
5.863055e+01	1.999485e-03
5.873055e+01	2.048463e-03
5.883055e+01	2.093450e-03
5.893055e+01	2.134266e-03
5.903055e+01	2.184957e-03
5.913055e+01	2.255425e-03
5.923055e+01	2.351142e-03
5.933055e+01	2.480091e-03
5.943055e+01	2.656568e-03
5.953055e+01	2.903572e-03
5.963055e+01	3.246968e-03
5.973055e+01	3.668811e-03
5.983055e+01	4.012812e-03
5.993055e+01	4.150978e-03
6.003055e+01	4.276348e-03
6.013055e+01	4.589174e-03
6.023055e+01	5.171623e-03
6.033055e+01	6.105542e-03
6.043055e+01	7.508990e-03
6.053055e+01	9.444266e-03
6.063055e+01	1.181281e-02
6.073055e+01	1.452123e-02
6.083055e+01	1.819215e-02
6.093055e+01	2.421631e-02
6.103055e+01	3.223049e-02
6.113055e+01	3.654131e-02
6.123055e+01	3.174587e-02
6.133055e+01	2.330132e-02
6.143055e+01	1.669235e-02
6.153055e+01	1.239209e-02
6.163055e+01	9.673268e-03
6.173055e+01	8.043039e-03
6.183055e+01	7.207924e-03
6.193055e+01	6.973038e-03
6.203055e+01	7.097739e-03
6.213055e+01	7.164720e-03
6.223055e+01	6.838015e-03
6.233055e+01	6.455590e-03
6.243055e+01	6.234524e-03
6.253055e+01	5.741200e-03
6.263055e+01	4.923151e-03
6.273055e+01	4.192011e-03
6.283055e+01	3.706332e-03
6.293055e+01	3.437208e-03
6.303055e+01	3.275743e-03
6.313055e+01	3.102623e-03
6.323055e+01	2.938311e-03
6.333055e+01	2.854849e-03
6.343055e+01	2.875223e-03
6.353055e+01	3.004149e-03
6.363055e+01	3.231422e-03
6.373055e+01	3.512827e-03
6.383055e+01	3.763423e-03
6.393055e+01	3.955464e-03
6.403055e+01	4.213563e-03
6.413055e+01	4.708271e-03
6.423055e+01	5.633617e-03
6.433055e+01	7.049065e-03
6.443055e+01	8.400129e-03
6.453055e+01	8.430281e-03
6.463055e+01	7.269517e-03
6.473055e+01	6.202329e-03
6.483055e+01	5.679517e-03
6.493055e+01	5.690878e-03
6.503055e+01	6.133237e-03
6.513055e+01	6.801783e-03
6.523055e+01	7.173857e-03
6.533055e+01	6.878202e-03
6.543055e+01	6.405473e-03
6.553055e+01	5.990831e-03
6.563055e+01	5.309098e-03
6.573055e+01	4.412410e-03
6.583055e+01	3.604065e-03
6.593055e+01	3.035667e-03
6.603055e+01	2.668196e-03
6.613055e+01	2.413432e-03
6.623055e+01	2.221459e-03
6.633055e+01	2.086976e-03
6.643055e+01	2.002609e-03
6.653055e+01	1.956248e-03
6.663055e+01	1.934510e-03
6.673055e+01	1.928115e-03
6.683055e+01	1.949901e-03
6.693055e+01	2.021634e-03
6.703055e+01	2.165845e-03
6.713055e+01	2.416109e-03
6.723055e+01	2.825129e-03
6.733055e+01	3.409764e-03
6.743055e+01	3.910930e-03
6.753055e+01	3.813930e-03
6.763055e+01	3.258551e-03
6.773055e+01	2.751167e-03
6.783055e+01	2.434235e-03
6.793055e+01	2.278675e-03
6.803055e+01	2.251530e-03
6.813055e+01	2.343599e-03
6.823055e+01	2.576681e-03
6.833055e+01	3.010529e-03
6.843055e+01	3.727455e-03
6.853055e+01	4.682722e-03
6.863055e+01	5.309745e-03
6.873055e+01	4.925469e-03
6.883055e+01	4.031619e-03
6.893055e+01	3.323561e-03
6.903055e+01	2.934091e-03
6.913055e+01	2.786603e-03
6.923055e+01	2.790529e-03
6.933055e+01	2.934774e-03
6.943055e+01	3.304580e-03
6.953055e+01	3.851229e-03
6.963055e+01	4.110755e-03
6.973055e+01	3.689226e-03
6.983055e+01	3.009657e-03
6.993055e+01	2.459159e-03
