#RPA-results:
#Nucleus: Ni 80
#Fermi level: -1.541935e+00	-1.810941e+01
#Excitation: 1 +
#Total number of pairs: 494
#Number of ph-/ah-pairs: 494/0
#Maximal excitation-energy for particle-hole-pairs: 100
#Maximal excitation-energy for antiparticle-hole-pairs: 1000
#No imaginary eigenvalues

#Parameterset: DD-PC1
#natural parity: no
#Isoscalar result:

-6.124872e+00	1.173137e-25
-5.559282e+00	5.787938e-26
-5.282256e+00	6.619491e-24
-5.224072e+00	6.049373e-26
-5.038659e+00	2.688637e-04
-4.478195e+00	7.131063e-02
-4.066727e+00	6.219737e-04
-3.990469e+00	5.577930e-05
-3.640218e+00	1.493365e-02
-3.269502e+00	3.824124e-23
-3.192738e+00	1.908873e-01
-2.950759e+00	1.437063e-01
-2.878968e+00	1.688761e-24
-2.858204e+00	7.289384e-24
-2.811612e+00	2.475575e-01
-2.539831e+00	1.443385e-03
-2.263423e+00	4.237341e-02
-2.230576e+00	1.919497e-22
-2.221959e+00	6.779696e-02
-1.873361e+00	1.530956e-01
-1.636671e+00	3.975073e-01
-1.293146e+00	1.217491e-04
-9.431992e-01	6.873629e-25
-7.868117e-01	5.370332e-01
-9.410599e-02	3.220844e-01
4.915098e-01	8.653949e-24
5.673774e-01	2.530653e+00
8.085475e-01	1.169131e-21
9.528146e-01	2.643883e-23
1.007364e+00	3.384637e-24
1.510647e+00	4.345376e+00
1.701603e+00	1.911872e-22
1.885516e+00	2.898369e-01
2.208023e+00	7.162673e-01
2.557983e+00	5.972476e-24
2.982169e+00	1.576755e+00
3.152453e+00	7.732102e-22
3.167379e+00	6.607195e-02
3.366389e+00	2.424205e-23
3.390929e+00	7.471980e-03
3.399098e+00	4.102661e-24
3.707096e+00	5.912613e-23
3.799542e+00	4.523305e-02
3.990334e+00	2.775904e-02
4.033307e+00	5.023545e-23
4.172601e+00	5.678127e-02
4.489128e+00	1.608837e+00
4.831124e+00	1.085710e-03
5.453268e+00	6.386429e-26
7.425469e+00	1.479572e-24
7.983878e+00	3.018190e-23
9.558157e+00	5.239936e+01
9.893261e+00	9.527081e-02
1.016627e+01	5.292029e-23
1.112727e+01	1.701608e-03
1.187186e+01	1.785389e-01
1.216489e+01	2.948971e-02
1.229129e+01	7.867655e-23
1.235819e+01	5.119733e-02
1.251003e+01	6.340075e-02
1.258468e+01	1.317540e-01
1.277956e+01	1.497673e-03
1.302927e+01	7.168862e-23
1.304938e+01	1.432256e-03
1.314146e+01	8.792342e-04
1.333091e+01	4.076378e-03
1.338526e+01	1.209738e-03
1.348894e+01	9.297854e-04
1.366335e+01	2.197811e-04
1.408607e+01	4.314813e-03
1.425110e+01	1.646266e-03
1.435358e+01	4.101048e-25
1.454640e+01	2.107304e-04
1.457471e+01	1.951222e-24
1.510840e+01	2.229636e-04
1.514417e+01	1.658533e-26
1.526646e+01	3.650486e-22
1.530152e+01	2.828781e-03
1.534119e+01	2.954806e-26
1.597557e+01	9.166342e-06
1.601589e+01	4.018399e-26
1.613408e+01	4.478937e-25
1.617092e+01	8.685964e-29
1.698699e+01	5.778227e-04
1.713405e+01	4.557990e-03
1.749004e+01	4.145842e-03
1.750558e+01	1.877122e-26
1.754042e+01	7.194239e-03
1.762466e+01	4.437240e-25
1.772087e+01	5.352020e-24
1.774922e+01	4.587352e-03
1.789842e+01	4.001544e-03
1.798436e+01	2.324047e-03
1.805772e+01	1.698764e-06
1.816015e+01	5.471141e-04
1.833350e+01	1.664140e-03
1.845933e+01	7.084695e-25
1.850254e+01	7.848780e-25
1.856887e+01	1.516327e-03
1.862332e+01	2.356080e-05
1.898115e+01	1.996630e-01
1.909395e+01	1.117519e-23
1.913861e+01	5.679703e-02
1.917038e+01	1.116227e-23
1.928251e+01	5.656919e-06
1.930892e+01	4.325663e-25
1.939055e+01	1.285482e-04
1.951330e+01	2.334321e-03
1.953388e+01	3.487324e-04
1.963392e+01	1.321503e-25
1.981499e+01	1.411113e-02
2.003894e+01	1.157640e-02
2.007497e+01	4.377869e-02
2.024933e+01	2.712711e-22
2.045457e+01	4.902234e-04
2.050591e+01	2.918567e-03
2.074488e+01	1.025270e-22
2.080816e+01	1.812054e-24
2.101665e+01	3.220593e-02
2.142904e+01	2.299014e-02
2.145250e+01	2.079319e-03
2.162269e+01	3.151504e-27
2.190816e+01	1.567094e-03
2.200430e+01	1.038653e-24
2.212319e+01	5.503677e-04
2.231571e+01	3.625209e-04
2.243632e+01	1.116933e-04
2.255038e+01	7.844949e-05
2.255424e+01	3.712398e-26
2.303441e+01	4.609366e-06
2.305300e+01	1.580749e-05
2.311784e+01	9.276402e-04
2.356978e+01	2.700469e-04
2.362286e+01	2.083066e-04
2.369676e+01	1.072343e-04
2.371389e+01	5.834092e-04
2.382039e+01	7.246332e-04
2.389171e+01	1.603594e-04
2.392370e+01	2.211121e-04
2.419164e+01	4.391317e-04
2.451780e+01	7.656298e-04
2.457959e+01	3.830925e-04
2.470076e+01	1.209804e-03
2.472018e+01	1.212841e-03
2.477705e+01	4.331892e-05
2.478376e+01	1.980113e-25
2.483104e+01	1.008551e-03
2.489832e+01	2.436246e-05
2.491052e+01	4.205660e-24
2.509919e+01	3.084425e-03
2.518011e+01	1.029426e-03
2.522379e+01	2.581487e-22
2.528411e+01	1.722945e-04
2.531816e+01	3.014858e-06
2.533826e+01	2.798433e-04
2.543392e+01	3.658214e-03
2.545761e+01	2.653103e-24
2.557802e+01	7.235264e-04
2.566751e+01	1.296386e-22
2.568556e+01	2.820164e-04
2.573113e+01	5.015008e-03
2.592948e+01	3.259489e-26
2.606223e+01	5.990422e-04
2.636837e+01	2.129718e-03
2.661522e+01	5.836079e-03
2.665858e+01	4.791396e-05
2.666741e+01	8.798754e-26
2.671806e+01	6.031379e-04
2.681906e+01	9.877622e-07
2.689361e+01	8.031428e-03
2.698733e+01	4.395121e-02
2.709693e+01	1.566864e-05
2.714580e+01	3.570706e-04
2.722235e+01	1.313810e-22
2.722397e+01	3.848180e-04
2.731818e+01	2.480789e-02
2.753154e+01	2.698967e-03
2.757774e+01	7.267233e-04
2.772935e+01	1.203918e-25
2.777156e+01	6.112329e-06
2.789056e+01	2.729826e-04
2.799922e+01	6.412161e-03
2.808475e+01	7.263383e-06
2.818366e+01	5.068247e-03
2.818941e+01	6.474153e-25
2.826905e+01	8.678893e-03
2.833665e+01	1.040936e-24
2.869496e+01	8.246105e-03
2.925535e+01	7.918345e-23
2.932241e+01	1.311519e-01
2.952438e+01	1.728088e-02
2.984538e+01	3.509973e-02
2.986965e+01	5.904691e-06
2.997382e+01	9.367330e-05
3.032976e+01	3.238907e-25
3.039741e+01	2.082889e-04
3.044272e+01	5.053458e-02
3.063171e+01	1.616006e-24
3.072965e+01	2.737689e-02
3.093767e+01	6.583687e-05
3.102792e+01	7.030027e-27
3.114768e+01	2.841481e-02
3.115768e+01	3.215816e-04
3.120381e+01	6.281886e-04
3.155112e+01	4.467324e-04
3.221714e+01	6.115863e-24
3.233954e+01	8.746344e-04
3.234129e+01	2.765532e-03
3.240305e+01	1.124554e-03
3.246302e+01	4.006171e-04
3.268131e+01	1.068975e-21
3.283229e+01	1.340776e-04
3.300390e+01	1.719204e-04
3.311731e+01	2.368550e-03
3.321520e+01	1.087038e-04
3.344654e+01	1.495134e-24
3.358183e+01	3.305895e-07
3.373082e+01	1.044406e-02
3.380108e+01	7.001614e-03
3.385853e+01	2.765184e-03
3.391384e+01	4.693476e-04
3.416609e+01	1.582685e-25
3.443940e+01	2.090722e-04
3.445999e+01	5.524176e-06
3.459507e+01	1.766077e-25
3.465405e+01	3.803526e-26
3.475360e+01	3.513180e-05
3.481105e+01	5.271730e-08
3.510742e+01	6.068717e-05
3.532366e+01	3.185973e-05
3.543659e+01	1.832298e-02
3.600250e+01	1.115501e-05
3.607570e+01	1.637275e-23
3.630710e+01	8.489445e-03
3.640777e+01	1.552106e-05
3.650046e+01	3.189525e-25
3.707243e+01	9.708089e-04
3.714830e+01	2.801158e-05
3.736093e+01	2.243270e-04
3.757719e+01	3.274109e-05
3.806584e+01	8.408497e-03
3.820969e+01	3.539127e-04
3.828682e+01	1.535541e-03
3.835341e+01	2.002923e-04
3.840590e+01	9.632224e-06
3.844631e+01	3.832094e-06
3.849945e+01	1.621853e-04
3.860880e+01	6.445216e-05
3.867959e+01	4.136831e-05
3.874863e+01	6.478553e-05
3.876752e+01	2.821376e-05
3.900460e+01	3.400947e-04
3.902691e+01	2.021314e-04
3.906976e+01	1.322911e-24
3.911444e+01	3.161446e-04
3.913873e+01	9.309354e-05
3.920016e+01	3.479036e-04
3.934335e+01	9.888957e-05
3.939917e+01	2.729555e-03
3.940571e+01	2.173525e-03
3.945679e+01	7.900131e-04
3.950714e+01	1.488609e-22
3.954822e+01	4.668656e-04
3.968197e+01	2.748302e-07
3.983379e+01	1.032563e-03
3.999370e+01	2.400732e-05
4.009614e+01	6.113952e-05
4.011357e+01	3.563063e-05
4.030997e+01	2.084289e-03
4.035232e+01	1.648264e-05
4.050707e+01	3.771141e-04
4.056972e+01	1.177611e-24
4.064212e+01	1.858272e-02
4.083694e+01	6.706755e-04
4.088630e+01	2.629641e-03
4.100217e+01	1.114668e-02
4.107309e+01	6.163951e-22
4.114872e+01	6.039513e-03
4.134538e+01	3.124133e-04
4.136602e+01	3.865289e-24
4.151367e+01	3.391328e-05
4.159995e+01	5.373043e-04
4.167950e+01	7.468656e-04
4.169080e+01	6.306369e-04
4.178260e+01	2.883589e-04
4.188102e+01	2.624393e-04
4.192824e+01	1.177436e-03
4.206144e+01	5.233758e-04
4.217148e+01	1.210989e-04
4.239206e+01	2.434674e-05
4.297960e+01	2.358599e-03
4.329849e+01	6.400402e-02
4.344119e+01	8.792716e-04
4.368316e+01	1.082635e-04
4.387280e+01	3.454854e-27
4.425810e+01	1.457560e-06
4.458553e+01	1.797516e-04
4.472551e+01	6.620396e-04
4.476337e+01	1.665910e-06
4.506219e+01	1.434735e-05
4.570443e+01	4.465529e-20
4.582758e+01	4.190694e-03
4.585496e+01	2.170249e-04
4.640812e+01	2.823894e-07
4.698941e+01	5.720156e-03
4.704792e+01	1.125816e-05
4.737507e+01	7.972960e-23
4.801340e+01	9.225685e-03
4.810944e+01	2.314666e-24
4.831656e+01	5.928451e-05
4.843185e+01	1.433568e-28
4.868903e+01	6.367056e-05
4.873475e+01	3.248272e-06
4.875094e+01	4.729785e-03
4.889362e+01	6.336900e-06
4.903139e+01	8.086058e-03
4.906072e+01	2.752134e-22
4.925377e+01	4.060323e-22
4.953053e+01	2.616534e-05
4.959666e+01	6.348090e-05
4.960605e+01	3.022669e-04
4.977021e+01	7.121782e-06
5.019194e+01	3.149180e-03
5.034965e+01	1.019105e-25
5.042549e+01	2.386186e-25
5.047009e+01	3.029013e-09
5.053626e+01	6.161968e-07
5.061355e+01	2.222294e-25
5.117677e+01	1.829488e-03
5.123951e+01	6.036848e-26
5.137851e+01	1.610240e-04
5.190363e+01	1.194780e-25
5.199364e+01	1.900194e-03
5.242559e+01	5.179453e-06
5.252041e+01	4.411191e-04
5.252123e+01	3.532329e-04
5.264186e+01	6.447348e-06
5.266046e+01	3.215138e-24
5.302256e+01	3.854257e-04
5.375721e+01	1.207260e-05
5.381993e+01	3.127599e-26
5.419741e+01	2.819465e-04
5.422466e+01	2.143512e-27
5.431749e+01	4.088741e-05
5.433942e+01	4.453241e-26
5.441622e+01	5.524430e-05
5.483801e+01	3.102140e-04
5.491499e+01	2.697241e-25
5.497157e+01	2.248852e-08
5.502103e+01	7.353520e-07
5.540976e+01	1.784112e-25
5.563232e+01	2.512390e-04
5.569862e+01	2.495508e-06
5.628126e+01	4.445979e-05
5.691310e+01	1.375785e-05
5.698770e+01	1.757168e-04
5.719017e+01	1.825101e-04
5.765780e+01	8.386372e-05
5.769344e+01	1.544460e-05
5.775962e+01	3.369406e-04
5.780921e+01	1.758368e-05
5.785680e+01	3.990804e-04
5.791197e+01	7.303275e-05
5.803716e+01	6.050181e-06
5.805045e+01	4.468858e-21
5.808430e+01	7.682190e-04
5.817717e+01	4.531905e-04
5.822870e+01	9.192504e-05
5.826321e+01	4.606425e-04
5.838616e+01	2.567621e-04
5.845119e+01	6.774201e-05
5.852586e+01	3.789782e-05
5.854429e+01	2.722290e-22
5.860095e+01	1.271072e-06
5.866134e+01	1.929010e-23
5.874324e+01	1.750541e-03
5.881518e+01	1.247820e-06
5.886921e+01	1.519056e-05
5.887336e+01	4.685232e-07
5.897469e+01	9.871364e-23
5.899169e+01	5.111404e-06
5.902262e+01	2.405879e-05
5.906797e+01	3.934404e-05
5.911699e+01	6.361925e-06
5.924660e+01	1.642000e-04
5.932539e+01	5.962070e-03
5.935319e+01	6.871251e-04
5.954565e+01	3.353338e-03
5.976096e+01	1.845648e-04
5.978552e+01	5.756831e-23
5.981324e+01	1.188107e-02
5.986233e+01	2.134879e-03
5.995344e+01	2.851670e-03
6.003511e+01	1.180014e-04
6.030623e+01	3.397822e-03
6.034511e+01	1.395821e-03
6.039989e+01	2.135165e-05
6.051172e+01	6.178639e-25
6.061391e+01	3.772584e-05
6.074450e+01	3.320006e-04
6.085064e+01	2.196196e-04
6.105523e+01	1.312867e-04
6.110212e+01	1.869095e-24
6.140111e+01	1.586011e-25
6.145663e+01	8.604976e-05
6.172745e+01	5.708691e-04
6.176766e+01	1.525345e-05
6.224357e+01	6.559220e-06
6.251831e+01	2.915181e-03
6.262212e+01	3.923863e-04
6.301012e+01	3.620240e-10
6.324172e+01	2.102770e-26
6.359591e+01	1.094059e-02
6.403123e+01	2.715416e-03
6.435269e+01	3.169260e-04
6.442000e+01	1.654451e-05
6.579482e+01	3.179424e-03
6.619783e+01	2.666841e-05
6.674181e+01	1.372324e-03
6.693151e+01	6.280329e-04
6.721258e+01	6.082266e-04
6.744641e+01	1.732217e-04
6.818194e+01	1.166001e-07
6.828770e+01	1.075217e-06
6.833782e+01	6.202403e-07
6.852779e+01	5.440711e-07
6.873731e+01	7.620220e-04
6.905314e+01	3.819529e-06
6.920262e+01	8.919312e-07
6.936719e+01	8.112600e-04
6.994289e+01	6.627613e-07
7.014816e+01	7.283828e-13
7.050561e+01	4.966049e-25
7.133111e+01	1.968989e-05
7.195592e+01	3.432904e-06
7.247863e+01	1.058565e-04
7.299050e+01	1.537844e-07
7.317153e+01	2.862581e-06
7.342906e+01	9.480795e-07
7.381235e+01	3.153177e-06
7.392151e+01	3.770412e-05
7.399665e+01	1.735357e-07
7.445224e+01	4.807353e-07
7.466492e+01	1.038987e-06
7.470045e+01	1.522507e-06
7.474756e+01	1.458536e-26
7.480599e+01	2.500343e-05
7.482600e+01	2.210691e-04
7.630425e+01	4.649115e-07
7.639311e+01	1.256532e-25
7.723892e+01	9.423394e-06
7.736394e+01	2.765840e-24
7.747073e+01	1.212294e-27
7.768617e+01	3.144899e-05
7.787751e+01	5.175917e-05
7.808158e+01	2.252466e-26
7.901808e+01	2.048784e-06
7.920693e+01	1.231076e-06
7.981323e+01	1.125488e-05
8.009809e+01	3.865285e-26
8.034726e+01	1.100178e-25
8.068904e+01	2.999959e-24
8.082807e+01	7.705546e-05
8.104503e+01	2.398495e-07
8.127200e+01	8.836556e-06
8.144158e+01	1.997221e-25
8.149952e+01	2.451717e-07
8.158224e+01	5.133298e-24
8.164331e+01	4.239023e-07
8.171630e+01	8.034694e-06
8.175919e+01	8.133204e-05
8.185586e+01	2.113980e-04
8.189508e+01	5.090972e-06
8.215520e+01	7.241061e-06
8.227625e+01	2.272323e-24
8.228264e+01	4.970793e-10
8.229366e+01	1.527473e-08
8.244677e+01	7.089907e-05
8.256651e+01	5.010806e-04
8.260845e+01	3.205393e-07
8.270919e+01	2.067111e-06
8.280557e+01	1.261696e-04
8.284195e+01	2.996586e-04
8.294119e+01	2.620562e-04
8.312108e+01	6.107915e-04
