#RPA-results:
#Nucleus: Ni 80
#Fermi level: -1.541935e+00	-1.810941e+01
#Excitation: 1 +
#Total number of pairs: 494
#Number of ph-/ah-pairs: 494/0
#Maximal excitation-energy for particle-hole-pairs: 100
#Maximal excitation-energy for antiparticle-hole-pairs: 1000
#No imaginary eigenvalues

#Parameterset: DD-PC1
#natural parity: no
#Isoscalar result:

-6.217756e+00	1.217386e-24
-6.115409e+00	9.877027e-01
-5.869441e+00	8.516295e-23
-5.654549e+00	1.263849e-24
-5.360727e+00	5.770620e-25
-5.350300e+00	1.215550e-03
-4.943488e+00	1.214693e-22
-4.832442e+00	6.933636e-03
-4.337544e+00	9.536712e-04
-3.810270e+00	6.731298e-02
-3.566731e+00	1.153121e-23
-3.336192e+00	1.346142e+00
-3.033754e+00	5.683812e-01
-2.978716e+00	1.441521e-21
-2.977402e+00	7.669775e-01
-2.734148e+00	3.721444e-01
-2.674685e+00	4.249304e-01
-2.476105e+00	4.563226e-01
-2.407904e+00	9.053018e-25
-2.186727e+00	1.072683e+00
-2.056909e+00	1.581878e+00
-1.875694e+00	2.982668e-01
-1.557242e+00	9.495190e+00
-1.156729e+00	3.557494e-01
-1.124659e+00	2.216484e-23
-3.630662e-01	5.944284e+00
7.436317e-02	5.165099e+00
2.621315e-01	1.654415e-23
4.295121e-01	9.047962e-23
7.428242e-01	4.601556e-24
8.365559e-01	4.726300e-01
9.264050e-01	5.096903e-25
1.521300e+00	1.303908e-24
1.659885e+00	2.844082e-02
2.114937e+00	8.287750e-23
2.166942e+00	3.008330e-23
2.526119e+00	3.041598e-03
2.722985e+00	7.523367e-01
2.787374e+00	1.321481e-28
3.194238e+00	3.900730e-03
3.315655e+00	6.407861e-27
3.370795e+00	1.046320e-03
3.509188e+00	4.568733e-24
3.683096e+00	4.076594e-02
3.849878e+00	1.498456e-04
3.895286e+00	1.181261e-24
4.051925e+00	7.820780e+00
4.685180e+00	5.233969e-05
4.705365e+00	1.168915e-23
6.044202e+00	2.888863e+01
7.341197e+00	1.234073e-26
7.798734e+00	8.190932e-26
9.497729e+00	1.167045e-03
1.003845e+01	5.804447e-27
1.070801e+01	2.293124e-02
1.107673e+01	4.275696e-02
1.174609e+01	4.715066e-02
1.209117e+01	3.073040e-03
1.213987e+01	6.108162e-26
1.232120e+01	1.182877e-05
1.240436e+01	7.357988e-22
1.242016e+01	2.616721e-02
1.260942e+01	4.767379e-03
1.282785e+01	9.199215e-07
1.298711e+01	8.093048e-22
1.300374e+01	3.759628e-05
1.308071e+01	3.119742e-04
1.325836e+01	1.086782e-04
1.345484e+01	4.216562e-03
1.360356e+01	2.560981e-04
1.365322e+01	9.882030e-04
1.409673e+01	1.119946e-26
1.413299e+01	2.318221e-04
1.447438e+01	8.125535e-27
1.447710e+01	2.368192e-05
1.492941e+01	1.335952e-04
1.507332e+01	3.695713e-27
1.515451e+01	1.009417e-03
1.523659e+01	8.035334e-27
1.542947e+01	1.307716e-26
1.582539e+01	1.921000e-06
1.593174e+01	1.321139e-03
1.596856e+01	2.286983e-24
1.610511e+01	1.115382e-29
1.647791e+01	5.785587e-05
1.652709e+01	3.432249e-25
1.701823e+01	7.960060e-28
1.715355e+01	4.555238e-03
1.738277e+01	1.958033e-03
1.749227e+01	1.133159e-25
1.754503e+01	1.188718e-05
1.764490e+01	3.167225e-25
1.768299e+01	2.448358e-05
1.783274e+01	2.160515e-04
1.787608e+01	6.508582e-03
1.803133e+01	1.765107e-03
1.812793e+01	1.318964e-02
1.814829e+01	7.463680e-03
1.830990e+01	4.119281e-22
1.831215e+01	1.693949e-03
1.835637e+01	7.903036e-24
1.852376e+01	2.994118e-02
1.878600e+01	1.024064e-22
1.889124e+01	1.205905e-02
1.897159e+01	2.125125e-04
1.900457e+01	3.113317e-25
1.913569e+01	8.347339e-25
1.920456e+01	1.148994e-04
1.930118e+01	1.414993e-03
1.947072e+01	2.126682e-02
1.956773e+01	6.605960e-26
1.966483e+01	2.052502e-02
1.993574e+01	5.551339e-03
1.995297e+01	1.840607e-22
1.999766e+01	6.630706e-04
2.021603e+01	1.933105e-03
2.040781e+01	4.242415e-04
2.045547e+01	2.976773e-26
2.069382e+01	7.828590e-23
2.088264e+01	1.574375e-03
2.093208e+01	4.419896e-24
2.125460e+01	6.280421e-04
2.134459e+01	2.705822e-03
2.163647e+01	1.380873e-04
2.174124e+01	5.013836e-24
2.191192e+01	1.771248e-04
2.192744e+01	4.810766e-03
2.227945e+01	1.342842e-02
2.237831e+01	1.248595e-02
2.280716e+01	2.336297e-03
2.291007e+01	1.234833e-05
2.298479e+01	2.221422e-03
2.301987e+01	1.832224e-23
2.333061e+01	4.653386e-04
2.348331e+01	9.984002e-08
2.353708e+01	6.660794e-05
2.367824e+01	1.467877e-05
2.376086e+01	1.067616e-03
2.376425e+01	4.976953e-04
2.389456e+01	1.713723e-05
2.400665e+01	2.222731e-04
2.422743e+01	1.121411e-05
2.447979e+01	6.888328e-04
2.453473e+01	1.618502e-03
2.458180e+01	4.505167e-04
2.467731e+01	4.197954e-04
2.469662e+01	3.422893e-05
2.475763e+01	9.922469e-24
2.485721e+01	4.170072e-04
2.491553e+01	2.207977e-04
2.501595e+01	1.157741e-24
2.506296e+01	7.346637e-04
2.515348e+01	6.194773e-04
2.524090e+01	1.728988e-04
2.529129e+01	2.838284e-04
2.533646e+01	2.477250e-25
2.540133e+01	4.521182e-24
2.540557e+01	7.047792e-04
2.549349e+01	3.229865e-03
2.552871e+01	1.367161e-06
2.561993e+01	1.713467e-04
2.582249e+01	1.439218e-03
2.592086e+01	2.839499e-26
2.616566e+01	1.547043e-04
2.649650e+01	3.982470e-06
2.651399e+01	1.155736e-26
2.655080e+01	2.036214e-02
2.657130e+01	3.799758e-03
2.664880e+01	1.272224e-04
2.669651e+01	1.637466e-04
2.677501e+01	2.109172e-02
2.695553e+01	2.295003e-23
2.696463e+01	2.683917e-02
2.705039e+01	1.019617e-02
2.712659e+01	1.258588e-02
2.716253e+01	7.418868e-04
2.726061e+01	3.787122e-04
2.732310e+01	2.939767e-03
2.734421e+01	6.559391e-04
2.742364e+01	8.468622e-28
2.765209e+01	1.344364e-25
2.768153e+01	4.174918e-05
2.775824e+01	3.459633e-03
2.791502e+01	9.433615e-26
2.799097e+01	8.921903e-06
2.812976e+01	2.582525e-03
2.817798e+01	7.224250e-04
2.840540e+01	5.738453e-03
2.855677e+01	2.821052e-04
2.865824e+01	1.783980e-24
2.944580e+01	1.472352e-03
2.971224e+01	2.181302e-02
2.974764e+01	8.429125e-07
2.987312e+01	6.162028e-03
3.007041e+01	4.919039e-03
3.019503e+01	8.319268e-26
3.024798e+01	2.567925e-07
3.045828e+01	6.309570e-03
3.051554e+01	1.255059e-26
3.058032e+01	1.779908e-03
3.083795e+01	1.747338e-28
3.094771e+01	5.177171e-05
3.097560e+01	4.281306e-03
3.111089e+01	5.388038e-06
3.134803e+01	2.220255e-03
3.142367e+01	2.022941e-07
3.168679e+01	1.481155e-02
3.201575e+01	4.151717e-27
3.219921e+01	1.833810e-05
3.221450e+01	7.794347e-23
3.229824e+01	1.564170e-03
3.239548e+01	1.796948e-04
3.269255e+01	2.825707e-07
3.272646e+01	4.682259e-03
3.277634e+01	5.344715e-05
3.291287e+01	1.516170e-04
3.309183e+01	3.077553e-04
3.311628e+01	1.604219e-26
3.342674e+01	6.311865e-05
3.356701e+01	4.837388e-04
3.370879e+01	1.193404e-05
3.398793e+01	1.429630e-26
3.411436e+01	2.247693e-03
3.423348e+01	8.532832e-05
3.427672e+01	3.213265e-04
3.450344e+01	5.831330e-28
3.452467e+01	7.576810e-27
3.467360e+01	3.436311e-07
3.472786e+01	3.035739e-05
3.486706e+01	1.734364e-25
3.505050e+01	7.406935e-25
3.506748e+01	4.452970e-05
3.521816e+01	2.248482e-05
3.572489e+01	2.231048e-03
3.576451e+01	1.332338e-07
3.625863e+01	3.147244e-05
3.672386e+01	5.946199e-05
3.703403e+01	1.618719e-04
3.731096e+01	4.990888e-05
3.734699e+01	5.452932e-04
3.775635e+01	3.760078e-04
3.798797e+01	2.396146e-03
3.801743e+01	4.598074e-03
3.813791e+01	9.728312e-04
3.817731e+01	4.897028e-05
3.827265e+01	8.010822e-08
3.835220e+01	3.791256e-05
3.843181e+01	6.782599e-04
3.846612e+01	9.835968e-05
3.852394e+01	1.186850e-05
3.861463e+01	9.040158e-05
3.881250e+01	7.155266e-05
3.884672e+01	2.727575e-04
3.888007e+01	4.406584e-23
3.894062e+01	2.740386e-06
3.906149e+01	8.305638e-04
3.911137e+01	4.795437e-04
3.917846e+01	2.023000e-04
3.926131e+01	2.084162e-03
3.926861e+01	4.092819e-24
3.932006e+01	4.723067e-04
3.935440e+01	5.836786e-05
3.942615e+01	1.240295e-08
3.952520e+01	1.785279e-08
3.962581e+01	7.959876e-05
3.969113e+01	3.857422e-04
3.985990e+01	3.452293e-06
3.989294e+01	2.262446e-04
3.999621e+01	2.248110e-04
4.021127e+01	2.848353e-06
4.036622e+01	3.976437e-05
4.039314e+01	1.124952e-25
4.050811e+01	2.199116e-02
4.058945e+01	9.663969e-26
4.062264e+01	2.080645e-03
4.082125e+01	3.446249e-03
4.083477e+01	1.352587e-23
4.092307e+01	1.458311e-02
4.097616e+01	7.748241e-04
4.109488e+01	1.528787e-04
4.111872e+01	1.486389e-03
4.131588e+01	1.127793e-05
4.139709e+01	8.715393e-04
4.153596e+01	4.070281e-05
4.164621e+01	8.398095e-04
4.169917e+01	1.541254e-04
4.182590e+01	8.858688e-04
4.190714e+01	8.873109e-05
4.195794e+01	1.407815e-03
4.211681e+01	8.213640e-05
4.225987e+01	4.604070e-05
4.253886e+01	3.572429e-03
4.270892e+01	7.778152e-22
4.275019e+01	2.857216e-05
4.364232e+01	8.809400e-06
4.367902e+01	6.528510e-27
4.413046e+01	1.642113e-08
4.442385e+01	6.800883e-05
4.460521e+01	1.188959e-04
4.474519e+01	4.497587e-07
4.499905e+01	1.899151e-04
4.525387e+01	3.331317e-03
4.566136e+01	5.258704e-05
4.619342e+01	8.684415e-24
4.619996e+01	4.831889e-06
4.672367e+01	2.871907e-03
4.695504e+01	1.082608e-05
4.724965e+01	2.376291e-23
4.761786e+01	3.231157e-24
4.778454e+01	4.326401e-03
4.808980e+01	1.764063e-24
4.822230e+01	5.636578e-03
4.826335e+01	7.524323e-03
4.832922e+01	5.052733e-06
4.832961e+01	1.030710e-18
4.857065e+01	3.835599e-06
4.871156e+01	3.058789e-05
4.873936e+01	3.632250e-04
4.929142e+01	1.411633e-06
4.938938e+01	1.173852e-04
4.942473e+01	2.188615e-05
4.958536e+01	1.305560e-23
4.964102e+01	1.037550e-03
4.975244e+01	3.275100e-08
5.018028e+01	1.037943e-25
5.026466e+01	1.958014e-26
5.031759e+01	2.975054e-06
5.046166e+01	3.705914e-27
5.050400e+01	4.561215e-07
5.097942e+01	4.139394e-26
5.112117e+01	1.136386e-03
5.129013e+01	9.615765e-07
5.177604e+01	3.875573e-24
5.182920e+01	1.527673e-03
5.229884e+01	9.424771e-05
5.232849e+01	1.444317e-05
5.242128e+01	1.045896e-03
5.252575e+01	8.173598e-06
5.270892e+01	2.203599e-04
5.347597e+01	5.938200e-05
5.381686e+01	7.635029e-26
5.383961e+01	7.917742e-27
5.399170e+01	2.321459e-26
5.404047e+01	1.430419e-04
5.413480e+01	3.686713e-06
5.430614e+01	4.157094e-06
5.445367e+01	1.580588e-05
5.468796e+01	5.794524e-25
5.476476e+01	1.112212e-07
5.480717e+01	3.652413e-06
5.493824e+01	1.346405e-25
5.540443e+01	4.157442e-05
5.558952e+01	7.847622e-06
5.599173e+01	1.516592e-05
5.665348e+01	7.772651e-05
5.673517e+01	2.770238e-04
5.694264e+01	1.311806e-04
5.721872e+01	1.623600e-06
5.726917e+01	4.969012e-06
5.749460e+01	1.411018e-07
5.766428e+01	3.590405e-05
5.770073e+01	4.598477e-04
5.780973e+01	4.028316e-04
5.787355e+01	3.877673e-23
5.789332e+01	4.695030e-05
5.800070e+01	7.284014e-04
5.805223e+01	7.296614e-04
5.808918e+01	7.950973e-05
5.818256e+01	8.951006e-05
5.820279e+01	1.637666e-04
5.828667e+01	3.560583e-24
5.833439e+01	7.278522e-04
5.834982e+01	6.399930e-04
5.838996e+01	2.215882e-24
5.845777e+01	4.416602e-04
5.846242e+01	1.567647e-03
5.867068e+01	1.547062e-04
5.868747e+01	1.515747e-05
5.874451e+01	1.132056e-06
5.877579e+01	8.731097e-25
5.886384e+01	7.391556e-06
5.890035e+01	3.708964e-05
5.895198e+01	3.855745e-06
5.897360e+01	6.966061e-06
5.909393e+01	7.536624e-06
5.925361e+01	7.365889e-03
5.929709e+01	2.227989e-03
5.931951e+01	9.561528e-03
5.937045e+01	4.176254e-25
5.966171e+01	5.813707e-03
5.968805e+01	1.193744e-04
5.969530e+01	8.707441e-03
5.980372e+01	6.782240e-04
5.985932e+01	9.237925e-05
5.986751e+01	3.025277e-24
5.999867e+01	3.083045e-24
6.015258e+01	6.980004e-05
6.018321e+01	3.045801e-04
6.021221e+01	2.419682e-23
6.023371e+01	2.558002e-03
6.034389e+01	1.346886e-04
6.038011e+01	9.455636e-05
6.058532e+01	3.096781e-05
6.070913e+01	3.474383e-04
6.084829e+01	2.455384e-04
6.089580e+01	2.042091e-04
6.106230e+01	2.871312e-03
6.158654e+01	4.338554e-04
6.159698e+01	2.569810e-04
6.215325e+01	1.804830e-05
6.226359e+01	3.530399e-27
6.285805e+01	6.577087e-10
6.327102e+01	8.901508e-03
6.389698e+01	2.835633e-04
6.397807e+01	1.236152e-05
6.430813e+01	5.464414e-07
6.549144e+01	2.780319e-03
6.588534e+01	8.989040e-06
6.656892e+01	1.748021e-03
6.672646e+01	6.238302e-06
6.686662e+01	3.466906e-04
6.702601e+01	1.210383e-04
6.765616e+01	1.332089e-03
6.774122e+01	6.464699e-06
6.792475e+01	1.791097e-06
6.800413e+01	4.051517e-07
6.818269e+01	3.764796e-07
6.835915e+01	6.252884e-07
6.884730e+01	1.383061e-06
6.919119e+01	2.917453e-06
6.976893e+01	1.943057e-26
6.983003e+01	6.434277e-08
7.009407e+01	6.587385e-08
7.117443e+01	5.832712e-09
7.175618e+01	2.234783e-06
7.228965e+01	2.929004e-05
7.268042e+01	3.822519e-06
7.283597e+01	1.744861e-08
7.339928e+01	1.457449e-09
7.353573e+01	2.500995e-06
7.367220e+01	5.898348e-06
7.378841e+01	5.559175e-08
7.409612e+01	3.133808e-07
7.414119e+01	3.593884e-04
7.428849e+01	1.963552e-07
7.429795e+01	4.454452e-28
7.447130e+01	2.949476e-06
7.463408e+01	3.608941e-07
7.551364e+01	6.519012e-23
7.601416e+01	4.682456e-27
7.616363e+01	1.436639e-05
7.684189e+01	1.204422e-05
7.717819e+01	3.880143e-26
7.733679e+01	2.899621e-05
7.760320e+01	3.555223e-27
7.768797e+01	1.441908e-06
7.829379e+01	4.615989e-26
7.868689e+01	8.596571e-07
7.912251e+01	2.590089e-07
7.962937e+01	1.924721e-06
7.978588e+01	7.263138e-27
8.025663e+01	1.203074e-26
8.033972e+01	1.109652e-04
8.036928e+01	3.561734e-26
8.051834e+01	1.146429e-25
8.067445e+01	2.131035e-04
8.082686e+01	2.110540e-06
8.113351e+01	2.804406e-05
8.121823e+01	3.135153e-24
8.126138e+01	4.318074e-08
8.146956e+01	1.412372e-05
8.152723e+01	1.375370e-04
8.169523e+01	1.320464e-04
8.176654e+01	1.203219e-04
8.195886e+01	2.022390e-05
8.198321e+01	4.152438e-05
8.209790e+01	2.179327e-04
8.223156e+01	1.161284e-04
8.235048e+01	1.603826e-03
8.246217e+01	8.531753e-08
8.255297e+01	3.892176e-04
8.263677e+01	2.213230e-04
8.273035e+01	3.104699e-03
8.280900e+01	2.045849e-05
8.284892e+01	6.380263e-05
8.294464e+01	1.886584e-03
8.324848e+01	7.118587e-04
8.335383e+01	1.293633e-03
