#RPA-results:
#Nucleus: Ni 80
#Fermi level: -1.541935e+00	-1.810941e+01
#Excitation: 1 +
#Total number of pairs: 494
#Number of ph-/ah-pairs: 494/0
#Maximal excitation-energy for particle-hole-pairs: 100
#Maximal excitation-energy for antiparticle-hole-pairs: 1000
#No imaginary eigenvalues

#Parameterset: DD-PC1
#natural parity: no
#Isoscalar result:

-6.217415e+00	4.593934e-26
-5.860050e+00	1.244845e-21
-5.794355e+00	8.238069e-01
-5.649290e+00	1.345790e-24
-5.358186e+00	3.994440e-25
-5.291010e+00	2.928828e-03
-4.693259e+00	9.586057e-03
-4.536512e+00	6.846575e-23
-4.281589e+00	1.056721e-03
-3.785607e+00	7.590429e-02
-3.543091e+00	1.118291e-23
-3.334021e+00	1.344139e+00
-3.033406e+00	6.075527e-01
-2.976532e+00	1.628553e-25
-2.953380e+00	8.375988e-01
-2.686531e+00	6.372693e-02
-2.634137e+00	7.310500e-01
-2.449624e+00	5.233676e-01
-2.405630e+00	1.054458e-24
-2.171398e+00	8.152291e-01
-2.054216e+00	1.588005e+00
-1.795041e+00	5.093841e-01
-1.554099e+00	9.342780e+00
-1.143425e+00	3.241156e-01
-1.124598e+00	6.095823e-23
-3.612168e-01	6.348158e+00
2.821943e-01	2.648696e-22
2.870803e-01	4.794439e+00
4.306397e-01	7.082326e-22
7.457926e-01	1.048744e-24
9.265005e-01	4.938465e-24
9.922354e-01	3.986353e-01
1.525147e+00	1.156080e-24
1.709211e+00	7.874183e-02
2.148383e+00	2.513519e-24
2.328999e+00	6.738685e-23
2.596526e+00	5.908279e-04
2.732589e+00	8.104570e-01
2.791824e+00	3.799018e-25
3.224222e+00	5.003332e-03
3.315806e+00	2.580793e-26
3.419317e+00	5.416850e-05
3.509485e+00	1.903984e-24
3.746825e+00	4.924748e-02
3.872763e+00	2.121853e-05
3.895447e+00	2.511259e-24
4.052266e+00	7.849809e+00
4.701988e+00	9.228135e-05
4.705559e+00	5.623266e-22
6.047315e+00	2.901781e+01
7.341353e+00	1.702688e-26
7.798988e+00	7.613189e-26
9.569686e+00	8.151676e-04
1.003850e+01	5.306479e-27
1.078413e+01	1.059919e-02
1.119151e+01	2.653307e-02
1.184539e+01	4.684913e-02
1.212483e+01	6.459094e-03
1.213990e+01	7.759784e-24
1.236857e+01	1.812397e-03
1.241146e+01	2.126572e-22
1.244552e+01	2.391475e-02
1.263277e+01	3.536438e-03
1.285666e+01	4.794412e-06
1.301675e+01	2.280764e-05
1.310620e+01	3.431955e-04
1.327381e+01	1.761227e-04
1.334876e+01	6.479703e-22
1.346021e+01	5.088457e-03
1.361906e+01	6.520775e-04
1.370270e+01	7.241859e-04
1.409677e+01	6.283731e-27
1.414605e+01	1.831072e-04
1.447440e+01	8.873175e-29
1.448911e+01	2.380089e-05
1.495643e+01	8.047784e-05
1.507334e+01	1.395523e-26
1.518837e+01	6.292450e-04
1.523693e+01	1.882602e-26
1.542952e+01	1.399733e-26
1.584802e+01	1.408277e-05
1.596863e+01	6.476746e-27
1.610538e+01	4.237679e-26
1.614870e+01	2.661513e-05
1.662878e+01	1.368941e-03
1.683183e+01	4.520881e-25
1.701825e+01	6.469627e-27
1.718375e+01	2.996888e-03
1.742371e+01	1.310210e-03
1.749236e+01	4.641653e-26
1.757282e+01	1.194375e-05
1.764496e+01	1.026336e-26
1.772004e+01	2.714607e-05
1.786016e+01	4.077212e-04
1.788424e+01	5.805540e-03
1.807479e+01	1.043766e-02
1.817203e+01	4.610379e-03
1.818504e+01	6.514083e-03
1.831011e+01	8.377940e-25
1.833202e+01	1.114414e-03
1.852382e+01	2.993865e-02
1.855489e+01	1.409164e-23
1.889136e+01	1.209274e-02
1.900359e+01	8.212989e-24
1.901142e+01	2.070087e-04
1.901235e+01	1.036009e-22
1.914439e+01	1.493709e-23
1.922818e+01	6.649341e-05
1.933516e+01	1.760325e-03
1.947078e+01	2.112775e-02
1.956845e+01	1.708033e-26
1.966490e+01	2.053412e-02
1.994621e+01	6.559717e-03
2.000097e+01	8.842686e-04
2.017563e+01	2.032155e-24
2.024306e+01	1.379614e-03
2.041842e+01	4.998273e-04
2.045548e+01	8.984574e-26
2.072711e+01	6.999221e-23
2.088706e+01	1.438786e-03
2.126284e+01	7.341179e-04
2.128292e+01	1.413648e-23
2.134555e+01	2.761991e-03
2.168949e+01	2.195513e-04
2.176555e+01	4.910813e-24
2.194460e+01	3.496662e-04
2.195512e+01	4.552781e-03
2.230048e+01	1.107212e-02
2.239318e+01	1.410472e-02
2.283427e+01	2.972526e-03
2.293316e+01	1.090540e-05
2.299961e+01	2.427456e-03
2.311138e+01	7.710437e-25
2.336115e+01	3.809792e-04
2.351832e+01	1.815826e-05
2.354915e+01	1.513972e-04
2.368000e+01	1.925031e-05
2.376174e+01	1.544257e-03
2.378142e+01	2.731239e-05
2.389735e+01	1.748987e-05
2.403467e+01	3.383880e-04
2.424802e+01	1.419046e-05
2.450030e+01	1.218269e-04
2.457144e+01	1.240972e-03
2.459506e+01	4.635151e-04
2.468257e+01	4.304295e-04
2.470791e+01	8.590772e-06
2.476136e+01	8.958709e-24
2.486545e+01	3.113243e-04
2.493632e+01	4.318568e-04
2.501629e+01	1.503347e-24
2.507619e+01	7.952608e-04
2.517040e+01	4.204174e-04
2.525068e+01	2.202401e-04
2.529536e+01	2.356288e-04
2.533814e+01	2.558374e-25
2.540169e+01	5.009384e-24
2.540570e+01	7.048883e-04
2.549518e+01	3.219736e-03
2.553798e+01	1.942668e-05
2.563422e+01	3.092689e-04
2.582447e+01	1.450501e-03
2.592129e+01	3.062733e-26
2.619117e+01	3.843617e-05
2.651404e+01	7.190454e-27
2.651889e+01	5.061053e-08
2.655094e+01	2.030734e-02
2.657142e+01	3.901654e-03
2.664990e+01	1.600760e-04
2.671257e+01	3.011514e-04
2.677508e+01	2.116698e-02
2.695556e+01	1.486532e-23
2.696587e+01	2.850356e-02
2.705441e+01	8.698998e-03
2.714034e+01	1.236282e-02
2.718040e+01	2.318701e-04
2.726848e+01	1.730767e-04
2.732354e+01	2.934968e-03
2.735221e+01	7.978140e-04
2.742373e+01	4.675259e-27
2.765217e+01	3.379482e-25
2.769001e+01	1.065169e-05
2.776081e+01	3.362804e-03
2.791503e+01	1.320023e-25
2.800402e+01	5.112881e-06
2.812990e+01	2.631677e-03
2.818419e+01	7.465874e-04
2.840573e+01	5.700511e-03
2.855678e+01	2.834742e-04
2.872244e+01	1.902464e-24
2.944581e+01	1.471659e-03
2.971226e+01	2.182224e-02
2.976562e+01	7.070310e-07
2.987341e+01	6.133818e-03
3.007056e+01	4.920236e-03
3.019507e+01	9.532762e-26
3.026668e+01	1.365268e-06
3.045840e+01	6.311971e-03
3.051554e+01	1.898802e-26
3.058035e+01	1.769942e-03
3.083795e+01	2.300353e-27
3.097548e+01	4.290487e-03
3.099287e+01	2.625621e-05
3.111949e+01	1.920768e-06
3.134809e+01	2.220112e-03
3.143861e+01	5.322566e-06
3.168697e+01	1.482495e-02
3.201590e+01	3.349874e-27
3.221502e+01	6.702827e-22
3.221928e+01	5.069169e-05
3.229825e+01	1.568718e-03
3.240243e+01	1.009426e-04
3.272029e+01	1.193456e-03
3.272882e+01	3.409639e-03
3.280035e+01	6.247754e-05
3.291296e+01	1.622577e-04
3.311331e+01	1.470210e-04
3.311628e+01	9.776737e-26
3.345383e+01	3.402075e-05
3.359998e+01	2.346712e-04
3.374130e+01	1.736748e-05
3.398799e+01	1.224094e-26
3.411440e+01	2.263248e-03
3.426124e+01	8.826728e-05
3.427701e+01	2.918889e-04
3.450344e+01	3.439011e-28
3.452467e+01	6.150430e-27
3.468645e+01	1.248540e-06
3.473609e+01	2.414098e-05
3.486709e+01	2.220405e-25
3.505051e+01	5.595286e-25
3.506749e+01	4.438291e-05
3.523339e+01	1.853400e-05
3.572494e+01	2.226887e-03
3.580015e+01	2.398041e-06
3.627910e+01	1.967400e-05
3.678817e+01	1.745007e-04
3.705036e+01	9.355823e-05
3.731115e+01	6.213746e-05
3.736811e+01	6.479774e-04
3.782068e+01	2.239370e-04
3.800344e+01	6.314224e-03
3.803237e+01	7.409534e-04
3.817684e+01	2.599477e-04
3.818387e+01	8.151412e-04
3.830157e+01	8.780702e-07
3.838779e+01	5.796696e-05
3.845709e+01	4.029742e-04
3.848475e+01	1.087880e-04
3.855273e+01	5.134439e-06
3.862914e+01	5.741424e-05
3.883636e+01	9.958157e-05
3.886678e+01	1.959296e-04
3.888010e+01	1.700270e-22
3.895701e+01	1.776760e-05
3.907623e+01	7.353218e-04
3.911447e+01	3.943545e-04
3.920026e+01	1.560394e-04
3.926214e+01	2.143436e-03
3.926866e+01	9.336272e-24
3.933082e+01	3.827018e-04
3.936626e+01	9.402541e-05
3.943431e+01	6.726255e-06
3.954673e+01	2.137357e-10
3.962954e+01	1.289513e-04
3.973077e+01	1.861529e-04
3.986124e+01	1.882619e-05
3.992397e+01	1.037464e-04
4.001140e+01	1.776949e-04
4.022863e+01	9.569654e-06
4.038330e+01	1.011574e-04
4.039318e+01	5.875998e-25
4.051114e+01	2.232872e-02
4.058946e+01	4.495520e-26
4.062292e+01	2.221499e-03
4.082567e+01	3.399534e-03
4.083483e+01	3.172920e-23
4.092873e+01	1.394979e-02
4.097675e+01	8.806877e-04
4.109501e+01	1.692356e-04
4.112628e+01	1.449600e-03
4.135463e+01	1.589390e-05
4.140431e+01	8.464264e-04
4.154578e+01	6.345834e-05
4.164671e+01	8.595030e-04
4.171853e+01	1.407262e-04
4.182597e+01	8.726457e-04
4.191190e+01	5.784087e-05
4.195882e+01	1.408218e-03
4.212162e+01	5.608806e-05
4.227522e+01	4.566094e-05
4.253914e+01	3.567196e-03
4.277377e+01	8.877534e-05
4.313548e+01	9.953535e-22
4.364676e+01	3.416791e-06
4.367906e+01	7.216277e-27
4.414661e+01	5.935157e-08
4.444402e+01	7.373687e-05
4.460521e+01	1.189736e-04
4.474731e+01	6.289753e-07
4.500632e+01	1.466672e-04
4.525388e+01	3.329416e-03
4.566137e+01	5.257191e-05
4.622457e+01	3.188091e-06
4.660708e+01	2.302136e-23
4.672370e+01	2.867037e-03
4.696666e+01	1.085594e-05
4.725745e+01	2.410484e-23
4.761863e+01	2.543277e-24
4.778457e+01	4.335403e-03
4.808980e+01	7.144695e-25
4.822231e+01	5.628324e-03
4.826338e+01	7.518288e-03
4.832966e+01	9.648139e-24
4.838616e+01	6.717772e-06
4.859848e+01	3.290248e-06
4.873787e+01	3.239308e-04
4.874204e+01	6.564764e-05
4.932679e+01	7.981520e-07
4.941612e+01	5.640792e-05
4.944508e+01	1.661027e-05
4.964106e+01	1.037214e-03
4.975351e+01	2.828338e-08
4.997204e+01	8.380747e-24
5.018043e+01	5.829151e-26
5.027089e+01	8.651753e-26
5.033840e+01	2.969346e-06
5.046372e+01	3.950431e-30
5.050799e+01	3.281908e-07
5.097942e+01	3.419818e-26
5.112117e+01	1.137057e-03
5.129013e+01	9.594158e-07
5.179925e+01	7.168994e-24
5.182920e+01	1.528354e-03
5.232055e+01	5.617812e-05
5.235602e+01	2.180710e-05
5.242128e+01	1.045706e-03
5.252576e+01	8.243962e-06
5.270892e+01	2.199743e-04
5.351875e+01	3.922917e-05
5.381702e+01	7.653950e-26
5.383961e+01	5.024876e-27
5.399171e+01	2.015029e-26
5.404048e+01	1.431539e-04
5.415980e+01	6.187686e-07
5.431887e+01	1.638695e-06
5.445369e+01	1.591458e-05
5.470418e+01	5.473184e-25
5.479437e+01	1.172769e-09
5.484040e+01	2.592120e-06
5.493824e+01	1.301243e-25
5.543955e+01	1.673415e-05
5.560374e+01	5.055685e-06
5.603094e+01	1.826047e-05
5.668994e+01	7.285873e-05
5.677253e+01	2.614209e-04
5.697511e+01	1.318855e-04
5.723944e+01	1.718498e-06
5.730468e+01	6.484512e-06
5.752935e+01	2.343915e-09
5.767852e+01	4.937956e-05
5.772207e+01	4.579859e-04
5.782464e+01	3.661925e-04
5.787355e+01	2.442392e-23
5.791420e+01	6.425232e-05
5.800811e+01	8.265951e-04
5.805986e+01	6.811454e-04
5.809807e+01	1.733696e-05
5.819453e+01	2.059755e-04
5.821459e+01	4.401689e-05
5.828667e+01	6.415518e-24
5.833882e+01	1.250607e-03
5.837078e+01	1.200211e-04
5.838996e+01	3.402949e-24
5.846066e+01	1.755880e-03
5.846827e+01	2.700835e-04
5.869273e+01	1.049869e-04
5.870089e+01	3.863543e-05
5.874832e+01	5.728362e-07
5.877580e+01	7.984763e-25
5.886391e+01	6.851872e-06
5.891218e+01	3.465356e-05
5.896570e+01	9.620606e-07
5.898836e+01	1.271444e-05
5.910751e+01	1.312058e-05
5.925552e+01	7.171119e-03
5.930002e+01	3.679235e-03
5.932315e+01	8.602359e-03
5.937045e+01	3.465378e-25
5.966771e+01	4.891076e-03
5.969202e+01	3.170788e-03
5.969925e+01	6.279552e-03
5.980389e+01	7.090841e-04
5.985940e+01	9.362946e-05
5.986751e+01	3.155737e-24
5.999867e+01	3.153702e-24
6.015946e+01	7.290169e-05
6.018359e+01	3.113006e-04
6.021221e+01	2.001720e-23
6.023476e+01	2.543431e-03
6.034462e+01	1.507870e-04
6.038216e+01	7.932220e-05
6.059410e+01	2.663965e-05
6.071288e+01	3.518581e-04
6.084831e+01	2.449387e-04
6.089606e+01	2.055192e-04
6.106235e+01	2.873581e-03
6.158889e+01	6.463046e-04
6.161644e+01	3.707277e-05
6.216451e+01	1.230042e-05
6.226359e+01	5.223577e-27
6.287702e+01	2.990854e-08
6.327103e+01	8.904822e-03
6.389698e+01	2.838939e-04
6.397808e+01	1.232204e-05
6.432185e+01	1.955977e-08
6.549147e+01	2.781457e-03
6.588535e+01	8.974735e-06
6.656895e+01	1.747522e-03
6.672646e+01	6.239415e-06
6.686663e+01	3.471753e-04
6.702605e+01	1.209870e-04
6.765617e+01	1.330691e-03
6.774125e+01	6.495965e-06
6.797798e+01	1.096306e-06
6.803335e+01	4.527276e-07
6.820635e+01	7.806803e-08
6.838259e+01	5.127695e-07
6.887246e+01	7.312894e-07
6.919184e+01	2.736913e-06
6.976899e+01	4.489062e-27
6.984602e+01	1.454925e-08
7.009993e+01	5.329218e-08
7.119652e+01	4.641039e-07
7.178682e+01	2.310596e-06
7.228966e+01	2.935316e-05
7.268043e+01	3.824660e-06
7.288177e+01	5.012599e-09
7.340134e+01	1.075917e-08
7.357151e+01	2.383677e-06
7.367221e+01	5.876317e-06
7.381674e+01	5.829881e-08
7.409613e+01	3.129601e-07
7.414120e+01	3.591782e-04
7.429796e+01	3.135525e-27
7.431065e+01	2.352045e-07
7.449736e+01	2.503142e-06
7.464151e+01	4.422258e-07
7.574143e+01	5.578470e-23
7.601416e+01	4.403380e-27
7.618240e+01	1.187878e-05
7.684190e+01	1.204761e-05
7.717819e+01	3.808596e-26
7.733679e+01	2.899336e-05
7.760324e+01	2.245536e-27
7.771245e+01	3.812948e-06
7.829406e+01	5.031098e-26
7.873085e+01	6.118883e-07
7.913357e+01	3.327523e-07
7.965309e+01	6.831143e-07
7.978588e+01	6.777440e-27
8.025663e+01	1.115696e-26
8.033974e+01	1.110591e-04
8.036928e+01	3.234177e-26
8.051834e+01	1.255891e-25
8.067446e+01	2.133346e-04
8.086356e+01	1.643369e-06
8.115413e+01	2.746171e-05
8.121823e+01	2.081370e-24
8.129419e+01	8.526540e-07
8.150218e+01	3.804081e-05
8.154335e+01	1.085488e-04
8.171383e+01	1.379895e-04
8.177566e+01	1.377026e-04
8.197487e+01	2.319933e-05
8.200461e+01	3.095296e-05
8.210123e+01	2.282474e-04
8.223672e+01	9.601750e-05
8.236838e+01	1.791272e-03
8.247547e+01	9.205631e-08
8.256710e+01	3.371051e-04
8.265075e+01	1.015156e-04
8.273286e+01	3.095473e-03
8.281060e+01	1.988178e-05
8.284919e+01	6.397331e-05
8.294506e+01	1.897705e-03
8.324856e+01	7.122200e-04
8.335396e+01	1.298403e-03
