#RPA-results:
#Nucleus: Ni 80
#Fermi level: -1.541935e+00	-1.810941e+01
#Excitation: 1 +
#Total number of pairs: 494
#Number of ph-/ah-pairs: 494/0
#Maximal excitation-energy for particle-hole-pairs: 100
#Maximal excitation-energy for antiparticle-hole-pairs: 1000
#No imaginary eigenvalues

#Parameterset: DD-PC1
#natural parity: no
#Isoscalar result:

-6.118377e+00	1.297300e-25
-5.549349e+00	6.282484e-26
-5.241135e+00	8.197147e-24
-5.214345e+00	1.941611e-25
-5.038599e+00	2.518779e-04
-4.477867e+00	6.514819e-02
-4.066609e+00	4.302059e-04
-3.990349e+00	6.530363e-05
-3.639786e+00	1.261747e-02
-3.261113e+00	4.207063e-23
-3.189830e+00	1.690050e-01
-2.953915e+00	1.165435e-01
-2.872566e+00	1.285866e-24
-2.857006e+00	7.429601e-24
-2.805257e+00	2.292655e-01
-2.539741e+00	1.255804e-03
-2.262102e+00	3.475559e-02
-2.219873e+00	5.863758e-02
-2.217997e+00	2.343458e-21
-1.861332e+00	1.386622e-01
-1.603197e+00	3.645481e-01
-1.283830e+00	2.342133e-03
-9.296067e-01	4.076791e-25
-7.421456e-01	4.351727e-01
-4.115077e-03	2.210088e-01
4.965002e-01	4.404841e-24
6.246714e-01	1.911448e+00
8.397338e-01	1.066016e-21
9.628104e-01	2.465939e-23
1.023709e+00	3.645906e-24
1.568972e+00	3.948039e+00
1.710159e+00	3.787383e-22
1.916520e+00	4.130913e-01
2.217453e+00	7.864923e-01
2.594951e+00	5.654829e-24
3.001571e+00	1.608537e+00
3.169413e+00	8.339644e-02
3.171184e+00	3.114912e-20
3.366834e+00	2.920946e-23
3.391767e+00	7.904097e-03
3.405852e+00	1.082071e-24
3.730529e+00	8.944698e-23
3.801489e+00	4.729678e-02
3.991425e+00	2.884543e-02
4.050714e+00	8.777573e-23
4.175846e+00	6.068943e-02
4.509282e+00	1.425260e+00
4.831730e+00	1.346313e-03
5.525245e+00	3.728377e-26
7.431918e+00	1.630352e-24
8.003845e+00	2.725227e-23
9.890847e+00	9.409786e-01
9.993547e+00	5.224631e+01
1.017858e+01	7.462052e-22
1.112733e+01	4.355428e-03
1.187394e+01	2.727324e-01
1.216709e+01	5.909168e-02
1.230444e+01	1.345055e-22
1.236376e+01	1.139588e-01
1.251229e+01	9.878691e-02
1.259345e+01	2.964929e-01
1.277982e+01	2.163246e-03
1.304957e+01	2.115334e-03
1.308562e+01	3.228908e-23
1.314149e+01	1.224347e-03
1.333103e+01	6.347097e-03
1.338534e+01	2.074779e-03
1.348966e+01	4.196282e-03
1.366365e+01	8.032627e-04
1.408619e+01	4.839276e-03
1.425111e+01	1.917124e-03
1.437033e+01	3.259544e-25
1.454650e+01	2.726990e-04
1.458104e+01	2.463771e-24
1.510842e+01	2.522776e-04
1.514795e+01	1.625475e-26
1.526657e+01	4.513292e-22
1.530315e+01	3.543095e-03
1.535143e+01	7.373264e-26
1.597558e+01	1.040412e-05
1.601945e+01	8.083687e-26
1.617528e+01	5.863864e-26
1.621621e+01	9.970709e-25
1.698700e+01	6.222366e-04
1.713418e+01	3.945257e-03
1.749010e+01	4.205732e-03
1.751525e+01	1.527944e-23
1.754055e+01	8.282963e-03
1.766850e+01	2.606452e-24
1.772962e+01	1.885867e-23
1.774932e+01	5.201132e-03
1.789937e+01	5.810345e-03
1.798452e+01	2.171256e-03
1.805902e+01	2.723778e-05
1.816427e+01	2.006194e-03
1.833928e+01	1.554441e-03
1.846029e+01	3.825715e-25
1.852143e+01	9.427041e-25
1.857276e+01	5.676013e-04
1.862333e+01	2.319942e-05
1.899256e+01	2.451492e-01
1.909403e+01	1.177655e-23
1.913913e+01	6.583458e-02
1.917051e+01	1.205861e-23
1.928252e+01	1.458183e-05
1.934756e+01	3.042314e-27
1.939059e+01	1.279783e-04
1.951336e+01	2.336545e-03
1.953785e+01	1.017707e-03
1.963833e+01	1.452695e-25
1.983386e+01	2.807759e-02
2.004083e+01	1.327388e-02
2.007543e+01	4.836676e-02
2.025004e+01	3.392198e-22
2.045493e+01	4.764458e-04
2.050647e+01	2.974731e-03
2.074485e+01	1.124112e-22
2.084234e+01	1.829994e-24
2.102218e+01	4.147755e-02
2.143696e+01	3.356445e-02
2.146159e+01	2.038899e-03
2.162283e+01	1.919719e-27
2.191309e+01	2.633533e-03
2.200443e+01	7.721369e-25
2.212325e+01	5.944577e-04
2.231828e+01	1.328873e-04
2.243662e+01	8.577530e-05
2.255442e+01	1.705117e-26
2.255617e+01	1.096378e-04
2.303442e+01	6.703802e-06
2.305538e+01	1.685603e-04
2.312338e+01	2.550712e-03
2.357058e+01	3.923793e-04
2.362333e+01	8.015892e-05
2.369676e+01	1.024117e-04
2.371391e+01	6.279952e-04
2.382492e+01	6.538811e-04
2.389172e+01	1.668661e-04
2.392370e+01	2.323796e-04
2.419214e+01	3.681399e-04
2.451946e+01	8.368555e-04
2.457961e+01	4.080810e-04
2.470267e+01	1.120609e-03
2.472184e+01	1.634825e-03
2.477705e+01	4.242240e-05
2.478437e+01	1.197883e-25
2.483116e+01	1.113699e-03
2.489835e+01	4.103299e-05
2.491556e+01	3.480349e-24
2.509929e+01	3.121877e-03
2.518091e+01	1.558542e-03
2.523843e+01	2.928306e-22
2.528413e+01	1.632229e-04
2.531796e+01	2.217122e-05
2.533815e+01	3.737976e-04
2.543337e+01	5.070145e-03
2.546624e+01	3.723822e-24
2.558150e+01	4.725969e-04
2.568767e+01	5.626039e-21
2.568994e+01	2.590655e-04
2.573122e+01	5.468826e-03
2.592947e+01	3.376289e-26
2.608521e+01	6.309203e-04
2.636842e+01	2.205618e-03
2.661622e+01	5.378279e-03
2.665861e+01	4.998082e-05
2.667832e+01	6.632386e-26
2.672180e+01	9.260280e-04
2.681962e+01	3.805011e-06
2.691443e+01	7.910100e-03
2.698230e+01	4.424689e-02
2.709713e+01	6.890060e-05
2.716845e+01	3.131659e-04
2.722351e+01	2.248286e-04
2.725114e+01	4.199366e-24
2.732109e+01	2.560305e-02
2.753508e+01	3.362484e-03
2.758754e+01	3.088948e-04
2.775000e+01	1.609278e-25
2.777468e+01	9.556077e-08
2.793166e+01	6.836435e-05
2.803571e+01	7.783968e-03
2.808506e+01	4.499170e-05
2.818838e+01	4.893536e-03
2.822050e+01	4.265901e-25
2.827455e+01	1.037773e-02
2.840346e+01	6.656703e-24
2.870499e+01	8.347286e-03
2.925536e+01	1.930550e-23
2.941084e+01	1.380229e-01
2.953520e+01	4.029499e-02
2.985303e+01	4.103907e-02
2.986966e+01	1.529475e-05
2.998002e+01	6.106008e-08
3.033627e+01	8.825991e-26
3.039746e+01	1.206325e-04
3.046980e+01	5.737834e-02
3.064105e+01	2.225474e-24
3.074611e+01	3.695108e-02
3.098068e+01	1.546656e-05
3.104362e+01	5.691531e-27
3.115753e+01	2.723549e-03
3.115907e+01	3.059488e-02
3.120382e+01	6.519163e-04
3.155112e+01	4.451291e-04
3.223744e+01	5.727772e-24
3.234040e+01	2.282568e-04
3.240988e+01	3.832981e-03
3.241651e+01	4.706459e-04
3.246303e+01	4.350298e-04
3.273304e+01	2.236898e-21
3.283229e+01	1.358776e-04
3.300400e+01	1.889947e-04
3.316292e+01	3.585149e-03
3.321524e+01	1.124641e-04
3.346843e+01	2.644859e-24
3.358184e+01	6.148764e-07
3.380998e+01	1.795179e-03
3.385720e+01	7.290990e-04
3.390720e+01	1.777093e-02
3.391443e+01	1.110508e-04
3.418160e+01	1.626350e-25
3.443960e+01	2.084248e-04
3.448460e+01	2.861115e-07
3.460583e+01	2.993546e-25
3.466396e+01	2.880681e-26
3.475363e+01	3.914106e-05
3.481106e+01	2.227473e-08
3.511176e+01	7.507929e-05
3.532396e+01	1.606273e-06
3.557772e+01	2.590871e-02
3.600253e+01	1.499254e-05
3.620292e+01	3.801114e-23
3.639628e+01	7.948577e-03
3.640931e+01	1.206135e-03
3.663197e+01	1.412616e-25
3.707267e+01	8.793263e-04
3.714854e+01	5.346334e-05
3.736572e+01	2.521531e-04
3.758625e+01	4.544356e-08
3.807016e+01	8.667376e-03
3.821723e+01	4.391950e-04
3.830131e+01	1.847725e-03
3.837238e+01	5.148116e-04
3.840644e+01	2.868214e-06
3.844641e+01	8.584701e-06
3.849973e+01	1.882028e-04
3.860992e+01	1.075591e-04
3.868045e+01	7.337842e-05
3.874929e+01	6.714141e-05
3.877004e+01	1.763395e-05
3.900526e+01	3.836353e-04
3.902815e+01	2.549451e-04
3.908695e+01	2.351520e-23
3.911488e+01	3.189495e-04
3.913880e+01	1.026960e-04
3.920023e+01	3.628889e-04
3.934421e+01	9.074075e-05
3.940169e+01	5.596544e-04
3.941423e+01	4.800607e-03
3.945932e+01	1.105069e-03
3.953058e+01	2.669000e-22
3.954834e+01	5.154368e-04
3.968224e+01	5.231568e-07
3.985270e+01	1.252430e-03
3.999376e+01	2.231023e-05
4.009713e+01	4.661604e-05
4.013052e+01	2.406910e-05
4.031020e+01	2.173998e-03
4.035331e+01	1.716904e-05
4.050716e+01	3.621155e-04
4.058065e+01	1.698022e-24
4.064783e+01	1.851580e-02
4.085207e+01	3.706843e-04
4.088719e+01	2.742561e-03
4.100304e+01	1.119567e-02
4.113660e+01	4.898796e-21
4.115930e+01	6.406155e-03
4.136381e+01	1.698544e-04
4.144056e+01	2.997599e-24
4.151845e+01	2.866800e-05
4.164887e+01	4.979973e-04
4.168278e+01	2.780476e-04
4.169847e+01	1.171282e-03
4.179552e+01	2.724900e-04
4.188299e+01	2.381315e-04
4.193930e+01	1.210008e-03
4.208341e+01	7.703970e-04
4.217169e+01	1.430686e-04
4.239207e+01	2.498382e-05
4.297965e+01	2.560521e-03
4.346752e+01	7.562282e-02
4.356482e+01	3.089861e-03
4.368321e+01	1.459693e-04
4.389236e+01	1.710671e-26
4.425814e+01	2.042598e-06
4.458554e+01	1.657696e-04
4.474450e+01	7.906707e-04
4.476337e+01	1.298188e-06
4.506219e+01	1.563539e-05
4.570449e+01	2.425872e-20
4.587569e+01	3.048643e-03
4.588904e+01	2.126988e-03
4.640813e+01	4.019628e-07
4.701533e+01	6.629953e-03
4.704794e+01	1.608048e-05
4.737559e+01	9.793019e-23
4.802726e+01	8.919604e-03
4.813919e+01	1.429850e-24
4.832553e+01	3.604019e-05
4.846761e+01	2.720851e-27
4.868958e+01	1.489385e-05
4.873477e+01	2.289094e-06
4.878764e+01	3.727428e-03
4.889377e+01	1.720444e-06
4.906076e+01	3.275023e-22
4.911730e+01	1.162552e-02
4.936874e+01	5.343040e-22
4.953057e+01	3.251409e-05
4.959683e+01	9.272496e-05
4.960607e+01	2.949579e-04
4.977023e+01	1.053785e-05
5.025342e+01	3.462196e-03
5.035448e+01	4.393918e-25
5.043770e+01	1.847765e-25
5.047012e+01	8.149984e-08
5.053627e+01	6.951850e-07
5.062842e+01	2.187974e-25
5.118113e+01	2.016146e-03
5.126720e+01	3.375772e-26
5.138783e+01	2.138978e-04
5.190364e+01	1.079414e-25
5.200959e+01	2.058622e-03
5.242561e+01	4.021632e-06
5.252097e+01	6.230043e-06
5.252831e+01	7.261970e-04
5.264981e+01	1.689584e-05
5.266048e+01	5.417394e-24
5.307231e+01	2.753933e-04
5.375722e+01	1.298711e-05
5.381992e+01	2.312452e-26
5.420777e+01	2.996616e-04
5.424339e+01	1.602885e-27
5.431768e+01	3.352040e-05
5.438862e+01	2.116787e-26
5.441623e+01	5.762987e-05
5.487791e+01	3.637738e-04
5.491500e+01	3.875759e-25
5.497166e+01	4.656981e-08
5.502105e+01	9.379836e-07
5.546835e+01	1.689313e-25
5.563237e+01	2.620674e-04
5.569863e+01	2.701278e-06
5.628179e+01	4.863958e-05
5.691346e+01	1.982774e-05
5.699402e+01	1.985936e-04
5.719671e+01	1.945270e-04
5.767730e+01	6.824082e-05
5.770105e+01	4.409919e-05
5.776462e+01	3.756718e-04
5.781193e+01	6.463401e-06
5.785698e+01	3.854871e-04
5.791215e+01	7.402572e-05
5.803758e+01	9.942080e-06
5.805740e+01	6.487702e-21
5.808666e+01	7.513105e-04
5.817740e+01	4.545680e-04
5.822965e+01	7.210098e-05
5.826772e+01	5.045829e-04
5.838971e+01	2.697207e-04
5.845863e+01	5.841387e-05
5.852720e+01	3.989882e-05
5.856562e+01	1.295633e-22
5.860116e+01	1.399446e-06
5.868021e+01	4.499169e-23
5.875917e+01	1.829443e-03
5.881593e+01	5.187357e-06
5.887064e+01	9.647488e-06
5.888054e+01	8.144038e-06
5.899171e+01	4.322847e-06
5.899369e+01	2.997283e-23
5.902299e+01	2.851660e-05
5.908383e+01	4.697373e-05
5.911859e+01	1.125682e-05
5.924670e+01	1.652493e-04
5.932869e+01	5.848645e-03
5.935352e+01	7.935624e-04
5.955622e+01	2.837606e-03
5.976103e+01	1.547938e-04
5.982036e+01	1.217962e-02
5.982783e+01	4.692058e-24
5.987198e+01	1.870439e-03
5.996456e+01	3.035675e-03
6.004075e+01	9.424529e-05
6.031374e+01	3.887674e-03
6.035799e+01	1.134992e-03
6.041976e+01	6.317952e-06
6.056400e+01	1.664982e-25
6.062128e+01	4.900389e-05
6.074791e+01	3.715796e-04
6.089961e+01	1.818314e-04
6.110203e+01	1.199123e-04
6.121853e+01	2.523183e-25
6.154072e+01	1.140247e-04
6.157776e+01	3.860148e-26
6.176676e+01	7.364034e-05
6.183957e+01	7.246592e-04
6.224357e+01	7.852213e-06
6.266454e+01	2.977775e-03
6.276143e+01	2.057235e-04
6.301027e+01	2.578916e-07
6.337697e+01	9.553341e-26
6.363194e+01	1.101261e-02
6.405004e+01	3.460936e-03
6.439479e+01	4.694983e-04
6.442019e+01	6.184643e-06
6.582711e+01	3.242365e-03
6.624218e+01	1.676305e-05
6.675069e+01	1.344294e-03
6.696159e+01	6.728714e-04
6.723992e+01	6.229092e-04
6.750081e+01	2.013459e-04
6.818199e+01	1.198729e-07
6.828800e+01	9.006555e-07
6.833792e+01	6.546678e-07
6.852785e+01	5.182528e-07
6.892269e+01	6.503892e-04
6.905480e+01	1.619606e-05
6.920277e+01	2.095335e-07
6.958439e+01	9.872023e-04
6.994294e+01	4.802060e-07
7.014822e+01	2.705091e-08
7.057442e+01	5.138169e-25
7.133114e+01	1.811432e-05
7.195593e+01	3.113981e-06
7.249419e+01	1.156754e-04
7.302487e+01	1.231867e-07
7.317154e+01	2.541432e-06
7.342907e+01	1.107943e-06
7.381239e+01	3.335400e-06
7.394592e+01	3.985801e-05
7.399669e+01	2.061178e-07
7.445224e+01	4.872061e-07
7.466498e+01	1.846034e-06
7.470046e+01	1.808303e-06
7.479571e+01	2.142655e-26
7.490553e+01	7.329024e-05
7.492644e+01	1.579537e-04
7.630452e+01	4.541493e-07
7.642330e+01	8.560439e-26
7.728324e+01	8.002299e-06
7.736412e+01	1.232680e-24
7.749372e+01	6.447515e-29
7.773414e+01	3.115026e-05
7.787753e+01	5.060777e-05
7.810353e+01	2.203292e-26
7.901857e+01	2.507501e-06
7.920697e+01	1.362286e-06
7.981351e+01	1.134420e-05
8.011443e+01	3.983533e-26
8.036689e+01	5.531738e-26
8.088406e+01	7.588488e-05
8.098906e+01	1.679596e-26
8.104519e+01	3.414311e-07
8.127208e+01	8.168514e-06
8.150060e+01	2.478538e-07
8.155791e+01	4.830612e-24
8.166097e+01	1.921618e-08
8.172032e+01	7.311160e-20
8.172041e+01	7.217619e-07
8.181116e+01	5.565206e-05
8.185992e+01	2.616849e-04
8.192183e+01	2.149172e-05
8.215532e+01	7.545480e-06
8.228413e+01	3.050697e-08
8.232855e+01	9.884469e-07
8.243135e+01	6.095342e-25
8.249766e+01	5.269214e-05
8.257337e+01	4.295006e-04
8.261200e+01	5.154159e-07
8.271156e+01	9.153653e-07
8.280599e+01	1.384175e-04
8.284409e+01	2.585157e-04
8.295384e+01	2.944493e-04
8.315561e+01	6.511199e-04
