#RPA-results:
#Nucleus: Ni 80
#Fermi level: -1.541935e+00	-1.810941e+01
#Excitation: 1 +
#Total number of pairs: 494
#Number of ph-/ah-pairs: 494/0
#Maximal excitation-energy for particle-hole-pairs: 100
#Maximal excitation-energy for antiparticle-hole-pairs: 1000
#No imaginary eigenvalues

#Parameterset: DD-PC1
#natural parity: no
#Isoscalar result:

-6.188752e+00	6.760855e-26
-5.696198e+00	1.437522e-27
-5.593588e+00	6.733996e-26
-5.311760e+00	6.495149e-28
-5.039459e+00	4.278675e-04
-4.483502e+00	1.671552e-01
-4.068080e+00	7.261487e-03
-3.991752e+00	2.986569e-05
-3.648351e+00	8.291744e-02
-3.373454e+00	1.605374e-23
-3.267434e+00	6.982624e-01
-2.987639e+00	5.032537e-01
-2.941361e+00	1.607652e-27
-2.881160e+00	5.952327e-01
-2.861023e+00	3.886086e-23
-2.540765e+00	5.003215e-03
-2.347454e+00	1.763054e-24
-2.300828e+00	6.089322e-01
-2.253368e+00	1.412410e-01
-2.019269e+00	4.746832e-02
-1.943176e+00	1.074828e+00
-1.413308e+00	7.469824e-01
-1.205552e+00	5.034540e+00
-1.071337e+00	9.756948e-24
-8.780667e-01	1.181574e+00
-1.232765e-01	7.494592e+00
4.242609e-01	6.577269e-25
5.370547e-01	1.608443e-22
8.083328e-01	3.244023e-24
9.421552e-01	8.133075e-25
1.151568e+00	3.469675e+00
1.599261e+00	3.389848e-24
1.731583e+00	9.744224e-05
2.161448e+00	5.518109e-01
2.246626e+00	4.989285e-26
2.868493e+00	1.395144e+00
2.915447e+00	7.677535e-23
3.157768e+00	2.404893e-02
3.335614e+00	3.426308e-25
3.370525e+00	7.960967e-24
3.384767e+00	5.783318e-03
3.550096e+00	3.253076e-24
3.787395e+00	3.678708e-02
3.925329e+00	1.935435e-24
3.982842e+00	2.372934e-02
4.145182e+00	1.528426e-02
4.228243e+00	5.342169e+00
4.826783e+00	3.098119e-05
4.881943e+00	3.299952e-24
6.714675e+00	3.768548e+01
7.365828e+00	2.749028e-27
7.841229e+00	2.891588e-26
9.892685e+00	1.662835e-03
1.006997e+01	5.293001e-26
1.112714e+01	1.656448e-05
1.186577e+01	2.334310e-02
1.215353e+01	3.462083e-03
1.217978e+01	5.344440e-24
1.233230e+01	2.296177e-02
1.249853e+01	1.163304e-05
1.256070e+01	6.080281e-03
1.257281e+01	9.055361e-23
1.277770e+01	3.568236e-04
1.304809e+01	2.034925e-04
1.314129e+01	1.849231e-04
1.333049e+01	1.699366e-04
1.338491e+01	6.900964e-08
1.348597e+01	6.543015e-03
1.366148e+01	8.765250e-04
1.408514e+01	2.665837e-03
1.417648e+01	1.951768e-25
1.425104e+01	8.170692e-04
1.450590e+01	2.505680e-25
1.454562e+01	4.446287e-05
1.509831e+01	5.171072e-26
1.510824e+01	1.222012e-04
1.526099e+01	4.285318e-25
1.526575e+01	9.911390e-23
1.528955e+01	7.550518e-04
1.557625e+01	2.681851e-26
1.597550e+01	4.097380e-06
1.598321e+01	3.041123e-27
1.612281e+01	1.512497e-26
1.698691e+01	4.050088e-04
1.713303e+01	8.820560e-03
1.715991e+01	1.366647e-25
1.748955e+01	3.836603e-03
1.750843e+01	2.582748e-25
1.753949e+01	2.486205e-03
1.766447e+01	9.244535e-25
1.774838e+01	1.660859e-03
1.788907e+01	5.889485e-04
1.798263e+01	4.283139e-03
1.804448e+01	8.383986e-04
1.812526e+01	1.120597e-02
1.828749e+01	3.603560e-03
1.835520e+01	1.282843e-24
1.846270e+01	1.045605e-24
1.853608e+01	2.040153e-02
1.862321e+01	1.994885e-05
1.891036e+01	2.979029e-02
1.906546e+01	6.587921e-24
1.909343e+01	9.044276e-24
1.913647e+01	2.956815e-02
1.916946e+01	1.072658e-23
1.928238e+01	2.785317e-05
1.939021e+01	1.557401e-04
1.949112e+01	1.135640e-02
1.951311e+01	1.466554e-03
1.959004e+01	7.223712e-26
1.969534e+01	1.254218e-02
2.001822e+01	4.230490e-03
2.007244e+01	2.780626e-02
2.024485e+01	7.118445e-23
2.045076e+01	4.315674e-04
2.049997e+01	2.392505e-03
2.054128e+01	5.320795e-25
2.074511e+01	5.963055e-23
2.095713e+01	8.700745e-04
2.136503e+01	4.687712e-05
2.137674e+01	4.012210e-03
2.162188e+01	2.461461e-25
2.186215e+01	6.804980e-04
2.200325e+01	1.937222e-24
2.212266e+01	3.421917e-04
2.229428e+01	4.199302e-03
2.243406e+01	2.337372e-04
2.250871e+01	1.314150e-02
2.255286e+01	1.581022e-25
2.303076e+01	4.376812e-03
2.303454e+01	2.070665e-04
2.308612e+01	2.686358e-03
2.356378e+01	1.213643e-06
2.361995e+01	1.673619e-03
2.369663e+01	1.231116e-04
2.371380e+01	3.953385e-04
2.377887e+01	1.325425e-03
2.389168e+01	1.297794e-04
2.392368e+01	1.677167e-04
2.418785e+01	9.032871e-04
2.450258e+01	4.189136e-04
2.457947e+01	2.631188e-04
2.468015e+01	8.508009e-04
2.471473e+01	1.396442e-04
2.476900e+01	2.310925e-24
2.477703e+01	4.860388e-05
2.482994e+01	4.549077e-04
2.485013e+01	5.031445e-25
2.489816e+01	1.578872e-05
2.507600e+01	2.758083e-23
2.509788e+01	3.071692e-03
2.516935e+01	3.056484e-04
2.528353e+01	2.494490e-04
2.531758e+01	2.427557e-04
2.533842e+01	2.488444e-06
2.537986e+01	1.877958e-25
2.541873e+01	1.100317e-04
2.547949e+01	3.669674e-25
2.553255e+01	2.946919e-03
2.563206e+01	7.295641e-07
2.573058e+01	2.815509e-03
2.588938e+01	1.119056e-03
2.592950e+01	4.698376e-26
2.636783e+01	1.839797e-03
2.656100e+01	6.139449e-25
2.658554e+01	1.699046e-02
2.665774e+01	4.210244e-05
2.667513e+01	1.937707e-04
2.669626e+01	6.030607e-03
2.681869e+01	5.638777e-04
2.688356e+01	1.431397e-02
2.699274e+01	3.706804e-02
2.701383e+01	4.391561e-24
2.709395e+01	5.437793e-04
2.720234e+01	8.408102e-03
2.725901e+01	7.370539e-03
2.740106e+01	7.037305e-04
2.745325e+01	1.193809e-03
2.751656e+01	5.505480e-25
2.754860e+01	2.067119e-03
2.775884e+01	1.043046e-04
2.781422e+01	1.712550e-23
2.782636e+01	2.695243e-03
2.797178e+01	6.028550e-25
2.808405e+01	1.331600e-06
2.814770e+01	3.265599e-03
2.824048e+01	2.380965e-03
2.856023e+01	1.301595e-02
2.864860e+01	4.395522e-03
2.925523e+01	1.542376e-24
2.947125e+01	2.001899e-03
2.976213e+01	2.139351e-02
2.986963e+01	3.906045e-07
2.991546e+01	4.321760e-03
3.016419e+01	1.413222e-02
3.024260e+01	8.690162e-25
3.039747e+01	1.987546e-08
3.054777e+01	4.149775e-26
3.057735e+01	5.557663e-03
3.066573e+01	1.289145e-03
3.088879e+01	1.020281e-26
3.102824e+01	7.902765e-03
3.115752e+01	7.433299e-05
3.120378e+01	5.748160e-04
3.155109e+01	4.202172e-04
3.163136e+01	4.468835e-03
3.206370e+01	4.509095e-26
3.221510e+01	1.273152e-02
3.232024e+01	1.468139e-22
3.234039e+01	3.342201e-04
3.234634e+01	3.048057e-03
3.246301e+01	2.920334e-04
3.283227e+01	1.282385e-04
3.287925e+01	2.779838e-03
3.300311e+01	6.884402e-05
3.315257e+01	2.739258e-04
3.321531e+01	1.167936e-04
3.322124e+01	3.916265e-29
3.358172e+01	5.391010e-07
3.385787e+01	1.369508e-03
3.391289e+01	4.406802e-04
3.403533e+01	1.758768e-27
3.423284e+01	1.488153e-03
3.441304e+01	3.214224e-05
3.444087e+01	1.610388e-04
3.453010e+01	7.096161e-29
3.457062e+01	2.312392e-27
3.475384e+01	3.143384e-05
3.481101e+01	1.726474e-08
3.507673e+01	5.834447e-05
3.511311e+01	2.277892e-25
3.532410e+01	5.727748e-06
3.541200e+01	8.283341e-27
3.581619e+01	3.207412e-03
3.600238e+01	1.411473e-05
3.640755e+01	2.591535e-07
3.707085e+01	1.466407e-03
3.714674e+01	2.552520e-05
3.732364e+01	9.863492e-05
3.751051e+01	1.042645e-03
3.802584e+01	7.188303e-03
3.815323e+01	1.359872e-04
3.819862e+01	2.737196e-04
3.823883e+01	1.213849e-03
3.840240e+01	3.569526e-05
3.844599e+01	1.699454e-07
3.849829e+01	8.072704e-05
3.860437e+01	8.012947e-09
3.867484e+01	4.279142e-07
3.874369e+01	7.189521e-05
3.874959e+01	5.353635e-05
3.892920e+01	6.454500e-23
3.899638e+01	2.931877e-04
3.901668e+01	6.175484e-05
3.910941e+01	4.249241e-04
3.913763e+01	7.341575e-05
3.919971e+01	2.906751e-04
3.930248e+01	2.725241e-03
3.932616e+01	7.661814e-25
3.933775e+01	4.776103e-08
3.939863e+01	4.783703e-05
3.943259e+01	1.897111e-04
3.954735e+01	1.965326e-04
3.967827e+01	2.538162e-05
3.969133e+01	2.211408e-04
3.993529e+01	1.185913e-04
3.999343e+01	2.160829e-05
4.009706e+01	2.712117e-05
4.030857e+01	1.454198e-03
4.034711e+01	5.197655e-06
4.045196e+01	6.183140e-29
4.050550e+01	1.299073e-03
4.056943e+01	2.206712e-02
4.068035e+01	4.258522e-25
4.069181e+01	2.825200e-03
4.088246e+01	2.659122e-03
4.092537e+01	5.426088e-27
4.098300e+01	9.681294e-03
4.103171e+01	3.047806e-03
4.120151e+01	1.309532e-03
4.120529e+01	7.664529e-04
4.146640e+01	5.136372e-04
4.162225e+01	6.666314e-04
4.167388e+01	4.116004e-04
4.169084e+01	3.730227e-04
4.184730e+01	9.736383e-04
4.187407e+01	1.576034e-05
4.196338e+01	8.252912e-06
4.216962e+01	1.796167e-03
4.217567e+01	3.775654e-03
4.239202e+01	2.884129e-05
4.272052e+01	4.628926e-03
4.297965e+01	2.484791e-03
4.368313e+01	8.972792e-05
4.372533e+01	6.227153e-27
4.425794e+01	1.963519e-07
4.458541e+01	2.538053e-04
4.462727e+01	1.774065e-04
4.476337e+01	2.286312e-06
4.506218e+01	6.784765e-06
4.539064e+01	2.885291e-03
4.570167e+01	9.608417e-05
4.570398e+01	2.313308e-20
4.640808e+01	7.076215e-10
4.678960e+01	2.896295e-03
4.704781e+01	1.964658e-05
4.736541e+01	2.547887e-23
4.778800e+01	3.288402e-28
4.785658e+01	6.478546e-03
4.816874e+01	1.387567e-26
4.824868e+01	1.477493e-03
4.834376e+01	9.427549e-03
4.849738e+01	5.263649e-23
4.868900e+01	2.726732e-06
4.873463e+01	1.386131e-06
4.877634e+01	4.934737e-04
4.889405e+01	1.127337e-06
4.906049e+01	2.377420e-24
4.953035e+01	1.080725e-05
4.959610e+01	9.796290e-06
4.960600e+01	2.917752e-04
4.976331e+01	1.382640e-03
4.977015e+01	5.692117e-07
5.023925e+01	3.072032e-26
5.035555e+01	1.623744e-29
5.046993e+01	1.195215e-06
5.052959e+01	1.868740e-24
5.053622e+01	1.459076e-07
5.103777e+01	4.527078e-27
5.113721e+01	1.176623e-03
5.131115e+01	9.570926e-06
5.187096e+01	1.482489e-03
5.190358e+01	1.230666e-24
5.242550e+01	1.768323e-05
5.245208e+01	1.073428e-03
5.252090e+01	1.325065e-05
5.256132e+01	9.202328e-07
5.266029e+01	1.869759e-24
5.275181e+01	3.404288e-04
5.375716e+01	7.012954e-06
5.381993e+01	6.949293e-26
5.396028e+01	2.558491e-27
5.405625e+01	2.340370e-26
5.409287e+01	1.746840e-04
5.431638e+01	8.639857e-05
5.441618e+01	4.136221e-05
5.453854e+01	5.028127e-05
5.491496e+01	2.401467e-25
5.497127e+01	8.062671e-07
5.502091e+01	3.391738e-07
5.503108e+01	2.809398e-25
5.563193e+01	1.775150e-04
5.569859e+01	1.542260e-06
5.627783e+01	2.267901e-05
5.690824e+01	5.763373e-06
5.693931e+01	1.637842e-04
5.714293e+01	1.052155e-04
5.738377e+01	4.712863e-06
5.766637e+01	1.588846e-05
5.773298e+01	1.443962e-04
5.780032e+01	4.171315e-05
5.785569e+01	4.850372e-04
5.791070e+01	9.626911e-05
5.794067e+01	1.127452e-22
5.803150e+01	9.234302e-05
5.806409e+01	1.188936e-03
5.815641e+01	5.024974e-04
5.820019e+01	1.266424e-05
5.823126e+01	1.707420e-05
5.835659e+01	4.265016e-04
5.836844e+01	6.729152e-21
5.838494e+01	2.604358e-04
5.845859e+01	1.007944e-24
5.850799e+01	3.785937e-05
5.854726e+01	1.908364e-03
5.859872e+01	1.868495e-05
5.878934e+01	2.923366e-09
5.881110e+01	9.659124e-07
5.882642e+01	3.561349e-25
5.886971e+01	1.364674e-06
5.891402e+01	5.037519e-07
5.899152e+01	1.432269e-05
5.901999e+01	5.177855e-06
5.911246e+01	1.615889e-06
5.924586e+01	2.539679e-04
5.928782e+01	5.627516e-03
5.934798e+01	1.814778e-03
5.940592e+01	1.029623e-02
5.949115e+01	1.348247e-24
5.974000e+01	1.412107e-03
5.975633e+01	7.105072e-03
5.976460e+01	4.010828e-03
5.984914e+01	1.792481e-03
5.993062e+01	7.640860e-06
6.011358e+01	1.372049e-25
6.021042e+01	1.591021e-22
6.021614e+01	3.967254e-04
6.023984e+01	8.167919e-05
6.026842e+01	2.826130e-03
6.033664e+01	6.683260e-24
6.046152e+01	3.367920e-04
6.050082e+01	5.834329e-06
6.070708e+01	5.255268e-05
6.076282e+01	4.477100e-04
6.093655e+01	1.025181e-04
6.104782e+01	3.875369e-05
6.134509e+01	3.170631e-03
6.176702e+01	5.781981e-05
6.179007e+01	8.070896e-04
6.224357e+01	4.423222e-06
6.244470e+01	4.975951e-27
6.300984e+01	4.701781e-07
6.334817e+01	9.339385e-03
6.392998e+01	4.808191e-04
6.405298e+01	7.197975e-06
6.441977e+01	2.545202e-05
6.556204e+01	2.895662e-03
6.594372e+01	2.364349e-05
6.663095e+01	1.802839e-03
6.675401e+01	1.154137e-05
6.696814e+01	4.485429e-04
6.711579e+01	4.097541e-05
6.780320e+01	1.248169e-03
6.802821e+01	1.043524e-04
6.818180e+01	5.212040e-07
6.828683e+01	1.051073e-06
6.833726e+01	2.430911e-06
6.852784e+01	3.956971e-07
6.905219e+01	5.133626e-06
6.920253e+01	3.650648e-07
6.994270e+01	1.073558e-06
6.995441e+01	1.918016e-26
7.014805e+01	2.995526e-08
7.133094e+01	2.896702e-05
7.195585e+01	5.712523e-06
7.234113e+01	4.511322e-05
7.274962e+01	5.364115e-06
7.317147e+01	5.404568e-06
7.342901e+01	2.122855e-07
7.374104e+01	3.769943e-07
7.381213e+01	2.240738e-06
7.399650e+01	1.703925e-07
7.421929e+01	1.902651e-05
7.425835e+01	3.272122e-04
7.440094e+01	5.422563e-28
7.445221e+01	3.482661e-07
7.466483e+01	7.409641e-09
7.470046e+01	1.774710e-06
7.611794e+01	4.515586e-26
7.630275e+01	8.289290e-07
7.693121e+01	1.366042e-05
7.725893e+01	3.710334e-26
7.736260e+01	3.572114e-24
7.740401e+01	2.984617e-05
7.783133e+01	2.183174e-27
7.787735e+01	6.006386e-05
7.866897e+01	1.435196e-25
7.901511e+01	3.527410e-07
7.920667e+01	6.195253e-07
7.981149e+01	1.036920e-05
7.989398e+01	6.640655e-26
8.028497e+01	1.396660e-27
8.044662e+01	8.721614e-05
8.058178e+01	3.750132e-26
8.073488e+01	3.638748e-25
8.092126e+01	9.212472e-05
8.104431e+01	8.597102e-08
8.127138e+01	1.600477e-05
8.140448e+01	3.574667e-24
8.149934e+01	3.315424e-06
8.161083e+01	7.552842e-05
8.172125e+01	1.591086e-06
8.184097e+01	2.641979e-05
8.186112e+01	3.148065e-04
8.211379e+01	1.897825e-05
8.215535e+01	6.470536e-07
8.218617e+01	1.971253e-04
8.228678e+01	9.894356e-06
8.249908e+01	1.721113e-03
8.257958e+01	5.363155e-06
8.268322e+01	1.206036e-04
8.279025e+01	1.076584e-04
8.281550e+01	1.001150e-03
8.285990e+01	8.909218e-07
8.290209e+01	1.743431e-04
8.305027e+01	2.781472e-03
8.332768e+01	2.852459e-04
