#RPA-results:
#Nucleus: Ni 80
#Fermi level: -1.541935e+00	-1.810941e+01
#Excitation: 1 +
#Total number of pairs: 494
#Number of ph-/ah-pairs: 494/0
#Maximal excitation-energy for particle-hole-pairs: 100
#Maximal excitation-energy for antiparticle-hole-pairs: 1000
#No imaginary eigenvalues

#Parameterset: DD-PC1
#natural parity: no
#Isoscalar result:

-6.202815e+00	3.546461e-24
-6.108502e+00	8.582533e-01
-5.802572e+00	1.075600e-22
-5.634716e+00	4.850050e-26
-5.349986e+00	9.991783e-04
-5.343393e+00	9.859964e-26
-4.943294e+00	1.047142e-22
-4.831722e+00	3.729829e-03
-4.336949e+00	4.801167e-04
-3.808392e+00	4.472110e-02
-3.536369e+00	1.392678e-23
-3.304676e+00	9.691078e-01
-3.008188e+00	5.453139e-01
-2.966705e+00	2.666162e-22
-2.963007e+00	5.526711e-01
-2.727919e+00	1.855450e-01
-2.667698e+00	3.098792e-01
-2.465145e+00	2.914307e-01
-2.383294e+00	2.468248e-24
-2.113411e+00	4.366155e-01
-2.017812e+00	1.539191e+00
-1.860128e+00	6.329298e-02
-1.386948e+00	7.402308e+00
-1.096738e+00	8.083464e-23
-1.055482e+00	1.098997e+00
-2.640682e-01	4.809807e+00
1.321003e-01	7.297439e+00
2.867866e-01	8.447842e-23
4.805378e-01	1.859612e-22
7.679891e-01	1.013145e-23
8.545514e-01	5.153956e-01
9.341053e-01	1.714744e-24
1.548569e+00	3.025187e-24
1.663459e+00	2.725285e-02
2.128650e+00	1.276615e-22
2.199980e+00	8.187772e-24
2.527842e+00	4.365971e-03
2.728982e+00	7.446238e-01
2.854765e+00	1.473461e-25
3.195208e+00	4.028685e-03
3.325973e+00	1.552665e-27
3.372269e+00	2.258078e-03
3.527872e+00	1.139044e-23
3.686632e+00	4.096260e-02
3.851086e+00	3.119351e-06
3.909657e+00	2.285868e-24
4.145332e+00	6.249006e+00
4.685470e+00	1.978021e-05
4.792978e+00	8.676126e-25
6.349964e+00	3.295305e+01
7.353520e+00	1.131868e-26
7.819045e+00	5.695706e-26
9.497857e+00	1.054493e-03
1.005435e+01	2.141243e-26
1.070816e+01	2.257350e-02
1.107689e+01	4.432559e-02
1.174912e+01	3.637446e-02
1.209219e+01	2.467114e-03
1.216047e+01	3.355706e-25
1.232225e+01	1.439084e-06
1.242189e+01	2.019499e-02
1.247999e+01	4.089590e-23
1.261062e+01	2.868921e-03
1.282798e+01	2.516071e-05
1.299026e+01	1.088334e-21
1.300379e+01	3.409221e-05
1.308085e+01	5.275547e-04
1.325838e+01	1.015241e-04
1.345510e+01	3.333146e-03
1.360372e+01	2.894437e-04
1.365343e+01	7.403362e-04
1.413300e+01	1.969250e-04
1.413884e+01	5.120123e-26
1.447733e+01	3.127464e-05
1.449104e+01	4.489169e-27
1.492953e+01	1.596550e-04
1.508681e+01	9.078540e-28
1.515625e+01	1.213164e-03
1.524818e+01	9.024809e-27
1.550186e+01	2.854662e-26
1.582544e+01	1.430195e-06
1.593204e+01	1.823958e-03
1.597616e+01	2.452986e-24
1.611405e+01	5.127640e-27
1.647821e+01	3.973497e-06
1.652717e+01	3.182429e-25
1.709050e+01	4.226289e-27
1.715369e+01	4.209271e-03
1.738290e+01	1.751695e-03
1.750081e+01	1.471847e-25
1.754515e+01	2.629813e-06
1.765484e+01	9.163221e-25
1.768336e+01	7.211648e-05
1.783292e+01	2.585365e-04
1.787757e+01	4.916777e-03
1.803555e+01	5.103115e-04
1.813215e+01	1.174660e-02
1.815486e+01	5.386020e-03
1.831617e+01	1.606881e-03
1.833299e+01	8.694492e-24
1.835661e+01	8.201433e-24
1.853008e+01	2.477439e-02
1.878650e+01	9.848560e-23
1.890061e+01	1.966128e-02
1.897170e+01	2.340512e-04
1.903465e+01	4.167456e-25
1.913574e+01	7.177926e-25
1.920463e+01	1.269047e-04
1.930148e+01	1.198067e-03
1.948188e+01	1.501331e-02
1.957833e+01	1.547386e-26
1.967959e+01	1.670784e-02
1.993669e+01	6.066434e-03
1.995305e+01	1.847174e-22
2.000069e+01	5.649611e-04
2.021722e+01	2.028433e-03
2.041038e+01	4.952819e-04
2.049914e+01	1.464501e-27
2.069386e+01	8.196405e-23
2.089379e+01	5.458712e-04
2.093224e+01	3.102361e-24
2.127145e+01	1.938078e-05
2.135851e+01	2.813724e-03
2.163824e+01	1.092631e-04
2.174129e+01	5.471381e-24
2.191281e+01	3.273087e-04
2.193749e+01	3.473763e-03
2.228527e+01	1.053322e-02
2.238355e+01	1.131596e-02
2.280988e+01	1.838815e-03
2.291035e+01	4.649432e-06
2.298797e+01	1.728985e-03
2.302009e+01	2.779372e-23
2.333153e+01	4.550431e-04
2.348332e+01	2.752123e-07
2.353705e+01	6.474340e-05
2.367817e+01	1.571277e-05
2.376306e+01	2.830588e-05
2.377083e+01	1.414333e-03
2.389457e+01	1.700587e-05
2.400782e+01	2.354847e-04
2.422875e+01	1.763863e-05
2.447992e+01	6.404471e-04
2.453507e+01	1.520111e-03
2.458421e+01	4.798127e-04
2.467900e+01	4.611716e-04
2.469675e+01	4.347141e-05
2.478570e+01	1.258110e-23
2.485738e+01	3.393414e-04
2.491592e+01	1.470940e-04
2.504339e+01	1.238025e-24
2.506456e+01	4.901890e-04
2.515381e+01	6.589831e-04
2.524210e+01	8.905832e-05
2.529323e+01	1.138236e-04
2.535367e+01	2.843682e-27
2.541190e+01	3.052715e-04
2.543910e+01	6.518426e-26
2.550353e+01	2.799663e-03
2.554614e+01	3.163140e-04
2.561996e+01	1.956100e-04
2.584842e+01	1.176237e-03
2.592086e+01	2.831561e-26
2.616594e+01	1.700463e-04
2.649653e+01	1.125052e-06
2.653872e+01	1.900317e-25
2.657221e+01	2.024502e-02
2.663843e+01	1.833824e-03
2.666028e+01	3.397996e-04
2.669729e+01	4.556578e-05
2.682630e+01	1.766105e-02
2.697599e+01	2.455572e-02
2.698433e+01	1.020634e-22
2.705080e+01	1.046538e-02
2.713922e+01	1.247108e-02
2.717986e+01	5.028770e-03
2.727299e+01	1.650621e-03
2.736815e+01	1.498810e-03
2.738896e+01	6.476711e-04
2.747215e+01	1.006166e-26
2.768677e+01	1.313072e-04
2.773353e+01	2.505101e-24
2.778263e+01	3.577373e-03
2.794297e+01	1.049475e-25
2.799119e+01	1.345932e-05
2.813875e+01	2.622550e-03
2.818356e+01	1.155732e-03
2.848942e+01	1.093914e-02
2.859412e+01	4.017205e-05
2.865826e+01	1.946881e-24
2.945961e+01	1.700033e-03
2.974036e+01	2.123150e-02
2.974767e+01	5.301038e-05
2.989691e+01	5.468236e-03
3.011551e+01	9.387963e-03
3.022062e+01	1.771091e-25
3.024850e+01	2.050490e-05
3.052846e+01	5.471912e-03
3.053241e+01	3.525296e-24
3.062596e+01	1.615074e-03
3.086413e+01	1.223119e-27
3.094774e+01	4.038004e-05
3.100323e+01	5.954003e-03
3.111089e+01	4.370899e-06
3.142356e+01	3.786366e-06
3.149570e+01	3.467509e-03
3.195564e+01	1.505124e-02
3.203940e+01	4.007511e-28
3.219923e+01	2.305334e-05
3.226571e+01	6.134392e-23
3.231987e+01	1.193554e-03
3.239548e+01	1.789442e-04
3.269309e+01	5.886877e-05
3.277625e+01	3.944916e-06
3.282208e+01	3.317117e-03
3.301567e+01	4.542401e-04
3.309186e+01	3.068018e-04
3.317244e+01	2.398599e-26
3.342678e+01	6.697285e-05
3.356703e+01	4.929820e-04
3.370908e+01	7.509804e-06
3.401235e+01	1.634644e-26
3.417657e+01	1.849324e-03
3.423377e+01	1.020857e-04
3.433421e+01	1.327934e-04
3.452135e+01	6.866212e-27
3.454842e+01	1.855925e-28
3.467362e+01	2.549382e-07
3.472792e+01	2.883316e-05
3.498384e+01	7.535624e-27
3.507215e+01	5.134563e-05
3.521822e+01	2.146096e-05
3.523455e+01	2.415730e-23
3.576459e+01	1.123650e-07
3.576834e+01	2.688646e-03
3.625868e+01	3.361871e-05
3.672692e+01	2.924061e-05
3.703428e+01	1.512284e-04
3.731729e+01	6.835585e-05
3.735769e+01	4.608789e-04
3.776363e+01	4.623258e-04
3.799161e+01	2.647176e-03
3.802946e+01	4.362627e-03
3.814019e+01	8.107689e-04
3.818563e+01	5.647693e-05
3.827299e+01	1.751173e-08
3.835404e+01	2.931389e-05
3.843375e+01	6.406306e-04
3.846645e+01	1.005619e-04
3.852517e+01	8.294772e-06
3.861569e+01	8.921679e-05
3.881302e+01	8.228340e-05
3.884709e+01	2.743833e-04
3.890531e+01	1.736456e-23
3.894345e+01	1.000953e-07
3.906268e+01	7.494514e-04
3.911437e+01	4.365020e-04
3.917918e+01	2.071870e-04
3.927896e+01	2.158449e-03
3.929774e+01	5.444211e-25
3.932485e+01	5.980982e-04
3.935449e+01	7.404563e-05
3.942713e+01	2.464570e-08
3.952590e+01	1.200337e-07
3.964791e+01	7.236072e-05
3.969321e+01	4.135514e-04
3.988590e+01	6.615569e-05
3.990515e+01	2.150101e-04
3.999639e+01	1.988720e-04
4.021164e+01	4.749687e-06
4.036641e+01	2.167268e-05
4.042447e+01	8.246791e-26
4.052487e+01	2.045126e-02
4.063382e+01	6.364734e-25
4.065751e+01	1.687857e-03
4.082317e+01	3.185757e-03
4.087776e+01	1.380155e-24
4.093060e+01	1.544272e-02
4.100137e+01	1.260598e-03
4.113664e+01	1.510453e-03
4.114594e+01	3.075616e-04
4.131747e+01	2.646887e-05
4.140586e+01	9.222791e-04
4.155151e+01	8.975443e-05
4.165919e+01	7.819255e-04
4.170072e+01	2.123371e-04
4.183640e+01	9.486579e-04
4.191539e+01	1.082498e-04
4.205603e+01	3.080093e-03
4.211715e+01	1.510074e-04
4.226006e+01	5.010755e-05
4.262676e+01	4.064005e-03
4.270894e+01	5.755515e-22
4.275057e+01	6.552478e-05
4.364233e+01	9.111863e-06
4.370247e+01	8.227546e-27
4.413046e+01	1.349677e-08
4.442388e+01	6.798902e-05
4.461608e+01	1.427421e-04
4.474519e+01	4.132206e-07
4.499906e+01	1.884932e-04
4.532336e+01	3.089016e-03
4.568146e+01	7.182614e-05
4.619345e+01	1.292992e-23
4.619998e+01	5.400125e-06
4.675728e+01	2.873627e-03
4.695505e+01	1.009758e-05
4.725301e+01	2.685755e-23
4.770542e+01	4.317220e-24
4.782212e+01	5.356376e-03
4.812970e+01	3.151489e-24
4.823674e+01	2.733863e-03
4.829947e+01	9.307912e-03
4.832961e+01	1.649901e-05
4.840955e+01	1.310423e-22
4.857068e+01	3.613469e-06
4.871166e+01	2.468578e-05
4.875769e+01	4.115280e-04
4.929147e+01	1.081134e-06
4.938939e+01	1.178667e-04
4.942478e+01	2.094994e-05
4.958544e+01	1.193615e-23
4.970234e+01	1.199059e-03
4.975244e+01	3.904501e-08
5.021041e+01	1.437904e-25
5.026786e+01	4.165064e-27
5.031763e+01	2.975407e-06
5.047652e+01	1.049738e-25
5.050401e+01	4.412988e-07
5.100864e+01	4.617707e-26
5.112960e+01	1.145080e-03
5.130084e+01	4.148528e-06
5.177605e+01	3.621320e-24
5.185069e+01	1.494829e-03
5.229888e+01	9.476389e-05
5.232850e+01	1.428732e-05
5.243784e+01	1.073064e-03
5.254399e+01	2.566466e-07
5.272841e+01	2.785691e-04
5.347599e+01	6.010644e-05
5.381687e+01	7.417095e-26
5.390121e+01	5.876067e-27
5.402506e+01	4.860831e-26
5.406892e+01	1.578488e-04
5.413495e+01	5.181161e-06
5.430614e+01	4.065566e-06
5.449561e+01	3.058122e-05
5.468796e+01	5.578142e-25
5.476488e+01	2.077690e-07
5.480732e+01	4.028129e-06
5.498391e+01	2.078363e-25
5.540478e+01	3.882460e-05
5.558953e+01	7.738573e-06
5.599274e+01	1.882815e-05
5.665457e+01	7.090182e-05
5.674557e+01	2.514344e-04
5.695035e+01	1.427725e-04
5.723004e+01	1.493173e-08
5.731659e+01	2.076703e-06
5.750101e+01	4.121896e-07
5.766881e+01	5.052355e-05
5.770114e+01	4.420871e-04
5.781015e+01	3.781903e-04
5.789503e+01	2.955672e-05
5.791043e+01	5.820679e-23
5.800080e+01	6.850456e-04
5.805987e+01	6.192814e-04
5.811047e+01	4.407697e-04
5.819645e+01	1.217511e-05
5.820726e+01	6.061126e-05
5.833178e+01	4.225252e-23
5.834238e+01	5.630191e-05
5.835895e+01	8.793028e-04
5.842317e+01	1.920886e-26
5.846185e+01	5.460721e-06
5.850196e+01	1.974569e-03
5.867115e+01	1.442605e-04
5.869355e+01	6.236172e-06
5.876264e+01	8.868131e-08
5.880242e+01	1.988607e-24
5.888778e+01	6.985985e-06
5.890080e+01	2.742619e-05
5.895284e+01	2.853624e-06
5.897380e+01	7.813251e-06
5.909405e+01	5.763348e-06
5.926157e+01	7.206627e-03
5.930173e+01	2.790478e-05
5.935236e+01	9.811253e-03
5.943619e+01	1.668744e-24
5.967177e+01	6.236703e-03
5.969315e+01	2.902517e-03
5.972440e+01	6.027751e-03
5.982623e+01	9.918145e-04
5.989740e+01	3.958144e-05
5.999151e+01	6.578325e-26
6.010660e+01	9.706262e-25
6.016731e+01	1.065217e-04
6.020380e+01	2.242412e-04
6.024741e+01	2.850709e-03
6.026242e+01	1.292473e-22
6.039759e+01	1.636343e-04
6.042308e+01	1.480580e-04
6.062300e+01	1.614685e-05
6.071320e+01	4.087971e-04
6.088957e+01	1.551644e-04
6.096775e+01	1.042088e-04
6.119705e+01	3.065141e-03
6.159430e+01	5.263553e-06
6.168626e+01	7.439222e-04
6.215332e+01	1.869907e-05
6.235232e+01	4.774119e-27
6.285805e+01	2.400539e-09
6.331028e+01	9.099966e-03
6.391519e+01	3.709337e-04
6.401361e+01	7.177071e-06
6.430814e+01	5.183204e-07
6.552710e+01	2.836804e-03
6.591397e+01	1.607251e-05
6.660170e+01	1.785721e-03
6.673920e+01	1.383591e-09
6.691822e+01	3.897974e-04
6.707287e+01	8.091360e-05
6.772459e+01	1.302086e-03
6.787770e+01	5.081101e-05
6.792493e+01	1.046288e-06
6.800424e+01	6.222568e-07
6.818276e+01	3.724465e-07
6.835919e+01	7.353594e-07
6.884735e+01	1.412727e-06
6.919118e+01	2.909667e-06
6.983005e+01	6.675315e-08
6.986378e+01	7.951297e-28
7.009407e+01	6.810273e-08
7.117445e+01	3.350346e-11
7.175619e+01	2.189068e-06
7.231631e+01	3.681694e-05
7.271524e+01	4.744983e-06
7.283597e+01	2.942396e-08
7.339928e+01	9.320231e-11
7.353574e+01	2.586506e-06
7.370821e+01	7.605299e-07
7.378843e+01	5.968079e-08
7.415606e+01	8.388312e-06
7.419673e+01	3.476229e-04
7.428851e+01	1.567825e-07
7.435001e+01	1.519483e-27
7.447134e+01	3.569208e-06
7.463409e+01	3.915790e-07
7.551367e+01	6.948774e-23
7.606796e+01	6.863741e-28
7.616378e+01	1.424896e-05
7.688694e+01	1.304328e-05
7.722011e+01	4.701104e-26
7.736997e+01	2.947483e-05
7.768803e+01	1.267508e-06
7.773625e+01	1.680430e-26
7.845719e+01	5.157555e-26
7.868721e+01	1.045784e-06
7.912261e+01	3.105646e-07
7.962957e+01	2.001823e-06
7.984326e+01	2.987463e-26
8.027295e+01	2.647372e-27
8.039357e+01	9.532004e-05
8.047158e+01	3.513181e-26
8.062595e+01	1.892569e-25
8.079783e+01	1.473699e-04
8.082758e+01	2.055937e-07
8.113468e+01	2.211869e-05
8.126263e+01	3.252361e-09
8.130828e+01	7.402554e-24
8.147209e+01	7.674682e-06
8.153501e+01	1.117849e-04
8.169636e+01	1.209337e-04
8.177040e+01	9.657618e-05
8.197505e+01	1.160104e-05
8.198380e+01	4.387215e-05
8.212840e+01	1.554076e-04
8.223457e+01	1.014300e-04
8.236157e+01	1.212573e-03
8.246818e+01	5.991035e-07
8.255648e+01	2.872474e-04
8.264786e+01	2.558947e-04
8.277084e+01	2.246738e-03
8.283582e+01	6.015972e-06
8.286361e+01	7.516363e-05
8.298361e+01	2.490003e-03
8.329006e+01	4.363356e-04
8.340926e+01	1.433331e-03
