#RPA-results:
#Nucleus: Ni 80
#Fermi level: -1.541935e+00	-1.810941e+01
#Excitation: 1 +
#Total number of pairs: 494
#Number of ph-/ah-pairs: 494/0
#Maximal excitation-energy for particle-hole-pairs: 100
#Maximal excitation-energy for antiparticle-hole-pairs: 1000
#No imaginary eigenvalues

#Parameterset: DD-PC1
#natural parity: no
#Isoscalar result:

#width: 5.000000e-01
#maximum value: 9.962126e-03
#at energy: 6.343252e+01
-9.656748e+01	5.465030e-04
-9.646748e+01	5.476089e-04
-9.636748e+01	5.487181e-04
-9.626748e+01	5.498307e-04
-9.616748e+01	5.509468e-04
-9.606748e+01	5.520662e-04
-9.596748e+01	5.531890e-04
-9.586748e+01	5.543153e-04
-9.576748e+01	5.554450e-04
-9.566748e+01	5.565782e-04
-9.556748e+01	5.577149e-04
-9.546748e+01	5.588550e-04
-9.536748e+01	5.599987e-04
-9.526748e+01	5.611459e-04
-9.516748e+01	5.622966e-04
-9.506748e+01	5.634509e-04
-9.496748e+01	5.646087e-04
-9.486748e+01	5.657701e-04
-9.476748e+01	5.669351e-04
-9.466748e+01	5.681037e-04
-9.456748e+01	5.692759e-04
-9.446748e+01	5.704518e-04
-9.436748e+01	5.716313e-04
-9.426748e+01	5.728145e-04
-9.416748e+01	5.740014e-04
-9.406748e+01	5.751920e-04
-9.396748e+01	5.763862e-04
-9.386748e+01	5.775843e-04
-9.376748e+01	5.787860e-04
-9.366748e+01	5.799915e-04
-9.356748e+01	5.812008e-04
-9.346748e+01	5.824139e-04
-9.336748e+01	5.836308e-04
-9.326748e+01	5.848515e-04
-9.316748e+01	5.860761e-04
-9.306748e+01	5.873045e-04
-9.296748e+01	5.885368e-04
-9.286748e+01	5.897730e-04
-9.276748e+01	5.910131e-04
-9.266748e+01	5.922571e-04
-9.256748e+01	5.935050e-04
-9.246748e+01	5.947569e-04
-9.236748e+01	5.960128e-04
-9.226748e+01	5.972727e-04
-9.216748e+01	5.985366e-04
-9.206748e+01	5.998044e-04
-9.196748e+01	6.010764e-04
-9.186748e+01	6.023524e-04
-9.176748e+01	6.036324e-04
-9.166748e+01	6.049166e-04
-9.156748e+01	6.062048e-04
-9.146748e+01	6.074972e-04
-9.136748e+01	6.087938e-04
-9.126748e+01	6.100945e-04
-9.116748e+01	6.113993e-04
-9.106748e+01	6.127084e-04
-9.096748e+01	6.140217e-04
-9.086748e+01	6.153392e-04
-9.076748e+01	6.166610e-04
-9.066748e+01	6.179871e-04
-9.056748e+01	6.193174e-04
-9.046748e+01	6.206521e-04
-9.036748e+01	6.219910e-04
-9.026748e+01	6.233343e-04
-9.016748e+01	6.246820e-04
-9.006748e+01	6.260341e-04
-8.996748e+01	6.273906e-04
-8.986748e+01	6.287515e-04
-8.976748e+01	6.301168e-04
-8.966748e+01	6.314866e-04
-8.956748e+01	6.328608e-04
-8.946748e+01	6.342396e-04
-8.936748e+01	6.356229e-04
-8.926748e+01	6.370107e-04
-8.916748e+01	6.384031e-04
-8.906748e+01	6.398001e-04
-8.896748e+01	6.412016e-04
-8.886748e+01	6.426078e-04
-8.876748e+01	6.440186e-04
-8.866748e+01	6.454341e-04
-8.856748e+01	6.468543e-04
-8.846748e+01	6.482791e-04
-8.836748e+01	6.497087e-04
-8.826748e+01	6.511431e-04
-8.816748e+01	6.525821e-04
-8.806748e+01	6.540260e-04
-8.796748e+01	6.554747e-04
-8.786748e+01	6.569282e-04
-8.776748e+01	6.583866e-04
-8.766748e+01	6.598498e-04
-8.756748e+01	6.613179e-04
-8.746748e+01	6.627910e-04
-8.736748e+01	6.642689e-04
-8.726748e+01	6.657519e-04
-8.716748e+01	6.672398e-04
-8.706748e+01	6.687327e-04
-8.696748e+01	6.702306e-04
-8.686748e+01	6.717336e-04
-8.676748e+01	6.732417e-04
-8.666748e+01	6.747548e-04
-8.656748e+01	6.762731e-04
-8.646748e+01	6.777965e-04
-8.636748e+01	6.793251e-04
-8.626748e+01	6.808588e-04
-8.616748e+01	6.823978e-04
-8.606748e+01	6.839420e-04
-8.596748e+01	6.854915e-04
-8.586748e+01	6.870462e-04
-8.576748e+01	6.886063e-04
-8.566748e+01	6.901716e-04
-8.556748e+01	6.917424e-04
-8.546748e+01	6.933185e-04
-8.536748e+01	6.949000e-04
-8.526748e+01	6.964869e-04
-8.516748e+01	6.980793e-04
-8.506748e+01	6.996772e-04
-8.496748e+01	7.012806e-04
-8.486748e+01	7.028895e-04
-8.476748e+01	7.045040e-04
-8.466748e+01	7.061240e-04
-8.456748e+01	7.077496e-04
-8.446748e+01	7.093809e-04
-8.436748e+01	7.110179e-04
-8.426748e+01	7.126605e-04
-8.416748e+01	7.143088e-04
-8.406748e+01	7.159629e-04
-8.396748e+01	7.176227e-04
-8.386748e+01	7.192883e-04
-8.376748e+01	7.209598e-04
-8.366748e+01	7.226371e-04
-8.356748e+01	7.243202e-04
-8.346748e+01	7.260093e-04
-8.336748e+01	7.277042e-04
-8.326748e+01	7.294052e-04
-8.316748e+01	7.311121e-04
-8.306748e+01	7.328250e-04
-8.296748e+01	7.345440e-04
-8.286748e+01	7.362690e-04
-8.276748e+01	7.380002e-04
-8.266748e+01	7.397374e-04
-8.256748e+01	7.414808e-04
-8.246748e+01	7.432304e-04
-8.236748e+01	7.449863e-04
-8.226748e+01	7.467483e-04
-8.216748e+01	7.485166e-04
-8.206748e+01	7.502913e-04
-8.196748e+01	7.520722e-04
-8.186748e+01	7.538595e-04
-8.176748e+01	7.556533e-04
-8.166748e+01	7.574534e-04
-8.156748e+01	7.592600e-04
-8.146748e+01	7.610731e-04
-8.136748e+01	7.628926e-04
-8.126748e+01	7.647188e-04
-8.116748e+01	7.665515e-04
-8.106748e+01	7.683908e-04
-8.096748e+01	7.702368e-04
-8.086748e+01	7.720894e-04
-8.076748e+01	7.739488e-04
-8.066748e+01	7.758149e-04
-8.056748e+01	7.776877e-04
-8.046748e+01	7.795674e-04
-8.036748e+01	7.814539e-04
-8.026748e+01	7.833473e-04
-8.016748e+01	7.852476e-04
-8.006748e+01	7.871548e-04
-7.996748e+01	7.890690e-04
-7.986748e+01	7.909902e-04
-7.976748e+01	7.929184e-04
-7.966748e+01	7.948537e-04
-7.956748e+01	7.967962e-04
-7.946748e+01	7.987457e-04
-7.936748e+01	8.007025e-04
-7.926748e+01	8.026665e-04
-7.916748e+01	8.046377e-04
-7.906748e+01	8.066162e-04
-7.896748e+01	8.086020e-04
-7.886748e+01	8.105952e-04
-7.876748e+01	8.125958e-04
-7.866748e+01	8.146038e-04
-7.856748e+01	8.166193e-04
-7.846748e+01	8.186422e-04
-7.836748e+01	8.206728e-04
-7.826748e+01	8.227109e-04
-7.816748e+01	8.247566e-04
-7.806748e+01	8.268100e-04
-7.796748e+01	8.288711e-04
-7.786748e+01	8.309399e-04
-7.776748e+01	8.330165e-04
-7.766748e+01	8.351009e-04
-7.756748e+01	8.371932e-04
-7.746748e+01	8.392933e-04
-7.736748e+01	8.414014e-04
-7.726748e+01	8.435175e-04
-7.716748e+01	8.456415e-04
-7.706748e+01	8.477736e-04
-7.696748e+01	8.499138e-04
-7.686748e+01	8.520622e-04
-7.676748e+01	8.542187e-04
-7.666748e+01	8.563834e-04
-7.656748e+01	8.585564e-04
-7.646748e+01	8.607377e-04
-7.636748e+01	8.629274e-04
-7.626748e+01	8.651254e-04
-7.616748e+01	8.673318e-04
-7.606748e+01	8.695468e-04
-7.596748e+01	8.717702e-04
-7.586748e+01	8.740022e-04
-7.576748e+01	8.762428e-04
-7.566748e+01	8.784921e-04
-7.556748e+01	8.807500e-04
-7.546748e+01	8.830167e-04
-7.536748e+01	8.852922e-04
-7.526748e+01	8.875765e-04
-7.516748e+01	8.898696e-04
-7.506748e+01	8.921717e-04
-7.496748e+01	8.944828e-04
-7.486748e+01	8.968028e-04
-7.476748e+01	8.991320e-04
-7.466748e+01	9.014702e-04
-7.456748e+01	9.038176e-04
-7.446748e+01	9.061742e-04
-7.436748e+01	9.085401e-04
-7.426748e+01	9.109152e-04
-7.416748e+01	9.132997e-04
-7.406748e+01	9.156936e-04
-7.396748e+01	9.180970e-04
-7.386748e+01	9.205098e-04
-7.376748e+01	9.229322e-04
-7.366748e+01	9.253642e-04
-7.356748e+01	9.278059e-04
-7.346748e+01	9.302572e-04
-7.336748e+01	9.327183e-04
-7.326748e+01	9.351892e-04
-7.316748e+01	9.376700e-04
-7.306748e+01	9.401607e-04
-7.296748e+01	9.426613e-04
-7.286748e+01	9.451720e-04
-7.276748e+01	9.476927e-04
-7.266748e+01	9.502235e-04
-7.256748e+01	9.527646e-04
-7.246748e+01	9.553158e-04
-7.236748e+01	9.578774e-04
-7.226748e+01	9.604493e-04
-7.216748e+01	9.630316e-04
-7.206748e+01	9.656243e-04
-7.196748e+01	9.682276e-04
-7.186748e+01	9.708414e-04
-7.176748e+01	9.734659e-04
-7.166748e+01	9.761010e-04
-7.156748e+01	9.787469e-04
-7.146748e+01	9.814036e-04
-7.136748e+01	9.840711e-04
-7.126748e+01	9.867496e-04
-7.116748e+01	9.894391e-04
-7.106748e+01	9.921395e-04
-7.096748e+01	9.948511e-04
-7.086748e+01	9.975739e-04
-7.076748e+01	1.000308e-03
-7.066748e+01	1.003053e-03
-7.056748e+01	1.005810e-03
-7.046748e+01	1.008578e-03
-7.036748e+01	1.011357e-03
-7.026748e+01	1.014148e-03
-7.016748e+01	1.016951e-03
-7.006748e+01	1.019765e-03
-6.996748e+01	1.022591e-03
-6.986748e+01	1.025429e-03
-6.976748e+01	1.028279e-03
-6.966748e+01	1.031140e-03
-6.956748e+01	1.034014e-03
-6.946748e+01	1.036900e-03
-6.936748e+01	1.039798e-03
-6.926748e+01	1.042708e-03
-6.916748e+01	1.045630e-03
-6.906748e+01	1.048565e-03
-6.896748e+01	1.051512e-03
-6.886748e+01	1.054471e-03
-6.876748e+01	1.057443e-03
-6.866748e+01	1.060428e-03
-6.856748e+01	1.063425e-03
-6.846748e+01	1.066435e-03
-6.836748e+01	1.069458e-03
-6.826748e+01	1.072494e-03
-6.816748e+01	1.075543e-03
-6.806748e+01	1.078605e-03
-6.796748e+01	1.081680e-03
-6.786748e+01	1.084768e-03
-6.776748e+01	1.087870e-03
-6.766748e+01	1.090985e-03
-6.756748e+01	1.094113e-03
-6.746748e+01	1.097255e-03
-6.736748e+01	1.100410e-03
-6.726748e+01	1.103580e-03
-6.716748e+01	1.106762e-03
-6.706748e+01	1.109959e-03
-6.696748e+01	1.113170e-03
-6.686748e+01	1.116394e-03
-6.676748e+01	1.119633e-03
-6.666748e+01	1.122886e-03
-6.656748e+01	1.126153e-03
-6.646748e+01	1.129434e-03
-6.636748e+01	1.132730e-03
-6.626748e+01	1.136041e-03
-6.616748e+01	1.139365e-03
-6.606748e+01	1.142705e-03
-6.596748e+01	1.146059e-03
-6.586748e+01	1.149428e-03
-6.576748e+01	1.152813e-03
-6.566748e+01	1.156212e-03
-6.556748e+01	1.159626e-03
-6.546748e+01	1.163055e-03
-6.536748e+01	1.166500e-03
-6.526748e+01	1.169960e-03
-6.516748e+01	1.173435e-03
-6.506748e+01	1.176927e-03
-6.496748e+01	1.180433e-03
-6.486748e+01	1.183956e-03
-6.476748e+01	1.187494e-03
-6.466748e+01	1.191048e-03
-6.456748e+01	1.194619e-03
-6.446748e+01	1.198205e-03
-6.436748e+01	1.201808e-03
-6.426748e+01	1.205427e-03
-6.416748e+01	1.209062e-03
-6.406748e+01	1.212714e-03
-6.396748e+01	1.216382e-03
-6.386748e+01	1.220068e-03
-6.376748e+01	1.223770e-03
-6.366748e+01	1.227489e-03
-6.356748e+01	1.231225e-03
-6.346748e+01	1.234978e-03
-6.336748e+01	1.238749e-03
-6.326748e+01	1.242536e-03
-6.316748e+01	1.246342e-03
-6.306748e+01	1.250164e-03
-6.296748e+01	1.254005e-03
-6.286748e+01	1.257863e-03
-6.276748e+01	1.261739e-03
-6.266748e+01	1.265634e-03
-6.256748e+01	1.269546e-03
-6.246748e+01	1.273477e-03
-6.236748e+01	1.277425e-03
-6.226748e+01	1.281393e-03
-6.216748e+01	1.285379e-03
-6.206748e+01	1.289383e-03
-6.196748e+01	1.293407e-03
-6.186748e+01	1.297449e-03
-6.176748e+01	1.301511e-03
-6.166748e+01	1.305591e-03
-6.156748e+01	1.309691e-03
-6.146748e+01	1.313810e-03
-6.136748e+01	1.317949e-03
-6.126748e+01	1.322108e-03
-6.116748e+01	1.326286e-03
-6.106748e+01	1.330484e-03
-6.096748e+01	1.334702e-03
-6.086748e+01	1.338941e-03
-6.076748e+01	1.343199e-03
-6.066748e+01	1.347478e-03
-6.056748e+01	1.351778e-03
-6.046748e+01	1.356098e-03
-6.036748e+01	1.360440e-03
-6.026748e+01	1.364802e-03
-6.016748e+01	1.369185e-03
-6.006748e+01	1.373589e-03
-5.996748e+01	1.378015e-03
-5.986748e+01	1.382462e-03
-5.976748e+01	1.386931e-03
-5.966748e+01	1.391422e-03
-5.956748e+01	1.395935e-03
-5.946748e+01	1.400469e-03
-5.936748e+01	1.405026e-03
-5.926748e+01	1.409606e-03
-5.916748e+01	1.414208e-03
-5.906748e+01	1.418832e-03
-5.896748e+01	1.423479e-03
-5.886748e+01	1.428150e-03
-5.876748e+01	1.432843e-03
-5.866748e+01	1.437560e-03
-5.856748e+01	1.442300e-03
-5.846748e+01	1.447063e-03
-5.836748e+01	1.451851e-03
-5.826748e+01	1.456662e-03
-5.816748e+01	1.461497e-03
-5.806748e+01	1.466357e-03
-5.796748e+01	1.471241e-03
-5.786748e+01	1.476149e-03
-5.776748e+01	1.481082e-03
-5.766748e+01	1.486040e-03
-5.756748e+01	1.491023e-03
-5.746748e+01	1.496032e-03
-5.736748e+01	1.501065e-03
-5.726748e+01	1.506124e-03
-5.716748e+01	1.511209e-03
-5.706748e+01	1.516320e-03
-5.696748e+01	1.521457e-03
-5.686748e+01	1.526620e-03
-5.676748e+01	1.531810e-03
-5.666748e+01	1.537026e-03
-5.656748e+01	1.542269e-03
-5.646748e+01	1.547539e-03
-5.636748e+01	1.552836e-03
-5.626748e+01	1.558161e-03
-5.616748e+01	1.563513e-03
-5.606748e+01	1.568892e-03
-5.596748e+01	1.574300e-03
-5.586748e+01	1.579736e-03
-5.576748e+01	1.585200e-03
-5.566748e+01	1.590693e-03
-5.556748e+01	1.596214e-03
-5.546748e+01	1.601765e-03
-5.536748e+01	1.607344e-03
-5.526748e+01	1.612953e-03
-5.516748e+01	1.618591e-03
-5.506748e+01	1.624259e-03
-5.496748e+01	1.629957e-03
-5.486748e+01	1.635686e-03
-5.476748e+01	1.641444e-03
-5.466748e+01	1.647233e-03
-5.456748e+01	1.653053e-03
-5.446748e+01	1.658905e-03
-5.436748e+01	1.664787e-03
-5.426748e+01	1.670701e-03
-5.416748e+01	1.676646e-03
-5.406748e+01	1.682624e-03
-5.396748e+01	1.688633e-03
-5.386748e+01	1.694675e-03
-5.376748e+01	1.700750e-03
-5.366748e+01	1.706857e-03
-5.356748e+01	1.712998e-03
-5.346748e+01	1.719172e-03
-5.336748e+01	1.725380e-03
-5.326748e+01	1.731621e-03
-5.316748e+01	1.737897e-03
-5.306748e+01	1.744206e-03
-5.296748e+01	1.750551e-03
-5.286748e+01	1.756930e-03
-5.276748e+01	1.763345e-03
-5.266748e+01	1.769794e-03
-5.256748e+01	1.776280e-03
-5.246748e+01	1.782801e-03
-5.236748e+01	1.789358e-03
-5.226748e+01	1.795952e-03
-5.216748e+01	1.802583e-03
-5.206748e+01	1.809250e-03
-5.196748e+01	1.815955e-03
-5.186748e+01	1.822697e-03
-5.176748e+01	1.829477e-03
-5.166748e+01	1.836295e-03
-5.156748e+01	1.843152e-03
-5.146748e+01	1.850047e-03
-5.136748e+01	1.856981e-03
-5.126748e+01	1.863954e-03
-5.116748e+01	1.870967e-03
-5.106748e+01	1.878020e-03
-5.096748e+01	1.885113e-03
-5.086748e+01	1.892247e-03
-5.076748e+01	1.899421e-03
-5.066748e+01	1.906636e-03
-5.056748e+01	1.913893e-03
-5.046748e+01	1.921191e-03
-5.036748e+01	1.928531e-03
-5.026748e+01	1.935914e-03
-5.016748e+01	1.943340e-03
-5.006748e+01	1.950808e-03
-4.996748e+01	1.958320e-03
-4.986748e+01	1.965876e-03
-4.976748e+01	1.973475e-03
-4.966748e+01	1.981120e-03
-4.956748e+01	1.988808e-03
-4.946748e+01	1.996542e-03
-4.936748e+01	2.004321e-03
-4.926748e+01	2.012147e-03
-4.916748e+01	2.020018e-03
-4.906748e+01	2.027936e-03
-4.896748e+01	2.035900e-03
-4.886748e+01	2.043912e-03
-4.876748e+01	2.051972e-03
-4.866748e+01	2.060079e-03
-4.856748e+01	2.068236e-03
-4.846748e+01	2.076440e-03
-4.836748e+01	2.084694e-03
-4.826748e+01	2.092998e-03
-4.816748e+01	2.101352e-03
-4.806748e+01	2.109756e-03
-4.796748e+01	2.118211e-03
-4.786748e+01	2.126717e-03
-4.776748e+01	2.135274e-03
-4.766748e+01	2.143884e-03
-4.756748e+01	2.152546e-03
-4.746748e+01	2.161261e-03
-4.736748e+01	2.170030e-03
-4.726748e+01	2.178852e-03
-4.716748e+01	2.187729e-03
-4.706748e+01	2.196660e-03
-4.696748e+01	2.205646e-03
-4.686748e+01	2.214688e-03
-4.676748e+01	2.223786e-03
-4.666748e+01	2.232940e-03
-4.656748e+01	2.242151e-03
-4.646748e+01	2.251420e-03
-4.636748e+01	2.260747e-03
-4.626748e+01	2.270132e-03
-4.616748e+01	2.279576e-03
-4.606748e+01	2.289080e-03
-4.596748e+01	2.298643e-03
-4.586748e+01	2.308267e-03
-4.576748e+01	2.317952e-03
-4.566748e+01	2.327699e-03
-4.556748e+01	2.337507e-03
-4.546748e+01	2.347378e-03
-4.536748e+01	2.357311e-03
-4.526748e+01	2.367309e-03
-4.516748e+01	2.377370e-03
-4.506748e+01	2.387497e-03
-4.496748e+01	2.397688e-03
-4.486748e+01	2.407946e-03
-4.476748e+01	2.418269e-03
-4.466748e+01	2.428660e-03
-4.456748e+01	2.439118e-03
-4.446748e+01	2.449645e-03
-4.436748e+01	2.460240e-03
-4.426748e+01	2.470904e-03
-4.416748e+01	2.481639e-03
-4.406748e+01	2.492444e-03
-4.396748e+01	2.503320e-03
-4.386748e+01	2.514268e-03
-4.376748e+01	2.525288e-03
-4.366748e+01	2.536382e-03
-4.356748e+01	2.547549e-03
-4.346748e+01	2.558791e-03
-4.336748e+01	2.570108e-03
-4.326748e+01	2.581500e-03
-4.316748e+01	2.592969e-03
-4.306748e+01	2.604515e-03
-4.296748e+01	2.616139e-03
-4.286748e+01	2.627842e-03
-4.276748e+01	2.639624e-03
-4.266748e+01	2.651485e-03
-4.256748e+01	2.663428e-03
-4.246748e+01	2.675452e-03
-4.236748e+01	2.687558e-03
-4.226748e+01	2.699747e-03
-4.216748e+01	2.712019e-03
-4.206748e+01	2.724377e-03
-4.196748e+01	2.736819e-03
-4.186748e+01	2.749348e-03
-4.176748e+01	2.761963e-03
-4.166748e+01	2.774666e-03
-4.156748e+01	2.787458e-03
-4.146748e+01	2.800338e-03
-4.136748e+01	2.813309e-03
-4.126748e+01	2.826371e-03
-4.116748e+01	2.839525e-03
-4.106748e+01	2.852772e-03
-4.096748e+01	2.866112e-03
-4.086748e+01	2.879547e-03
-4.076748e+01	2.893077e-03
-4.066748e+01	2.906703e-03
-4.056748e+01	2.920427e-03
-4.046748e+01	2.934249e-03
-4.036748e+01	2.948170e-03
-4.026748e+01	2.962191e-03
-4.016748e+01	2.976313e-03
-4.006748e+01	2.990537e-03
-3.996748e+01	3.004865e-03
-3.986748e+01	3.019296e-03
-3.976748e+01	3.033832e-03
-3.966748e+01	3.048475e-03
-3.956748e+01	3.063224e-03
-3.946748e+01	3.078082e-03
-3.936748e+01	3.093049e-03
-3.926748e+01	3.108126e-03
-3.916748e+01	3.123314e-03
-3.906748e+01	3.138616e-03
-3.896748e+01	3.154030e-03
-3.886748e+01	3.169560e-03
-3.876748e+01	3.185206e-03
-3.866748e+01	3.200968e-03
-3.856748e+01	3.216849e-03
-3.846748e+01	3.232850e-03
-3.836748e+01	3.248971e-03
-3.826748e+01	3.265214e-03
-3.816748e+01	3.281580e-03
-3.806748e+01	3.298071e-03
-3.796748e+01	3.314687e-03
-3.786748e+01	3.331431e-03
-3.776748e+01	3.348303e-03
-3.766748e+01	3.365304e-03
-3.756748e+01	3.382436e-03
-3.746748e+01	3.399701e-03
-3.736748e+01	3.417099e-03
-3.726748e+01	3.434633e-03
-3.716748e+01	3.452303e-03
-3.706748e+01	3.470111e-03
-3.696748e+01	3.488058e-03
-3.686748e+01	3.506146e-03
-3.676748e+01	3.524377e-03
-3.666748e+01	3.542752e-03
-3.656748e+01	3.561271e-03
-3.646748e+01	3.579938e-03
-3.636748e+01	3.598754e-03
-3.626748e+01	3.617719e-03
-3.616748e+01	3.636837e-03
-3.606748e+01	3.656108e-03
-3.596748e+01	3.675533e-03
-3.586748e+01	3.695116e-03
-3.576748e+01	3.714857e-03
-3.566748e+01	3.734758e-03
-3.556748e+01	3.754821e-03
-3.546748e+01	3.775048e-03
-3.536748e+01	3.795440e-03
-3.526748e+01	3.816000e-03
-3.516748e+01	3.836729e-03
-3.506748e+01	3.857629e-03
-3.496748e+01	3.878702e-03
-3.486748e+01	3.899949e-03
-3.476748e+01	3.921374e-03
-3.466748e+01	3.942978e-03
-3.456748e+01	3.964762e-03
-3.446748e+01	3.986729e-03
-3.436748e+01	4.008882e-03
-3.426748e+01	4.031221e-03
-3.416748e+01	4.053750e-03
-3.406748e+01	4.076470e-03
-3.396748e+01	4.099384e-03
-3.386748e+01	4.122493e-03
-3.376748e+01	4.145801e-03
-3.366748e+01	4.169309e-03
-3.356748e+01	4.193020e-03
-3.346748e+01	4.216935e-03
-3.336748e+01	4.241059e-03
-3.326748e+01	4.265392e-03
-3.316748e+01	4.289937e-03
-3.306748e+01	4.314698e-03
-3.296748e+01	4.339676e-03
-3.286748e+01	4.364874e-03
-3.276748e+01	4.390294e-03
-3.266748e+01	4.415940e-03
-3.256748e+01	4.441814e-03
-3.246748e+01	4.467918e-03
-3.236748e+01	4.494256e-03
-3.226748e+01	4.520830e-03
-3.216748e+01	4.547644e-03
-3.206748e+01	4.574700e-03
-3.196748e+01	4.602000e-03
-3.186748e+01	4.629549e-03
-3.176748e+01	4.657349e-03
-3.166748e+01	4.685403e-03
-3.156748e+01	4.713715e-03
-3.146748e+01	4.742287e-03
-3.136748e+01	4.771123e-03
-3.126748e+01	4.800225e-03
-3.116748e+01	4.829599e-03
-3.106748e+01	4.859246e-03
-3.096748e+01	4.889171e-03
-3.086748e+01	4.919376e-03
-3.076748e+01	4.949866e-03
-3.066748e+01	4.980644e-03
-3.056748e+01	5.011713e-03
-3.046748e+01	5.043078e-03
-3.036748e+01	5.074743e-03
-3.026748e+01	5.106710e-03
-3.016748e+01	5.138985e-03
-3.006748e+01	5.171570e-03
-2.996748e+01	5.204471e-03
-2.986748e+01	5.237691e-03
-2.976748e+01	5.271234e-03
-2.966748e+01	5.305105e-03
-2.956748e+01	5.339308e-03
-2.946748e+01	5.373847e-03
-2.936748e+01	5.408728e-03
-2.926748e+01	5.443954e-03
-2.916748e+01	5.479530e-03
-2.906748e+01	5.515461e-03
-2.896748e+01	5.551752e-03
-2.886748e+01	5.588407e-03
-2.876748e+01	5.625432e-03
-2.866748e+01	5.662831e-03
-2.856748e+01	5.700610e-03
-2.846748e+01	5.738774e-03
-2.836748e+01	5.777329e-03
-2.826748e+01	5.816279e-03
-2.816748e+01	5.855630e-03
-2.806748e+01	5.895388e-03
-2.796748e+01	5.935558e-03
-2.786748e+01	5.976147e-03
-2.776748e+01	6.017160e-03
-2.766748e+01	6.058604e-03
-2.756748e+01	6.100484e-03
-2.746748e+01	6.142806e-03
-2.736748e+01	6.185578e-03
-2.726748e+01	6.228804e-03
-2.716748e+01	6.272494e-03
-2.706748e+01	6.316651e-03
-2.696748e+01	6.361285e-03
-2.686748e+01	6.406401e-03
-2.676748e+01	6.452006e-03
-2.666748e+01	6.498109e-03
-2.656748e+01	6.544716e-03
-2.646748e+01	6.591834e-03
-2.636748e+01	6.639472e-03
-2.626748e+01	6.687637e-03
-2.616748e+01	6.736338e-03
-2.606748e+01	6.785581e-03
-2.596748e+01	6.835376e-03
-2.586748e+01	6.885731e-03
-2.576748e+01	6.936654e-03
-2.566748e+01	6.988155e-03
-2.556748e+01	7.040241e-03
-2.546748e+01	7.092923e-03
-2.536748e+01	7.146209e-03
-2.526748e+01	7.200109e-03
-2.516748e+01	7.254632e-03
-2.506748e+01	7.309789e-03
-2.496748e+01	7.365589e-03
-2.486748e+01	7.422042e-03
-2.476748e+01	7.479160e-03
-2.466748e+01	7.536952e-03
-2.456748e+01	7.595430e-03
-2.446748e+01	7.654604e-03
-2.436748e+01	7.714487e-03
-2.426748e+01	7.775088e-03
-2.416748e+01	7.836421e-03
-2.406748e+01	7.898497e-03
-2.396748e+01	7.961329e-03
-2.386748e+01	8.024929e-03
-2.376748e+01	8.089310e-03
-2.366748e+01	8.154485e-03
-2.356748e+01	8.220467e-03
-2.346748e+01	8.287270e-03
-2.336748e+01	8.354909e-03
-2.326748e+01	8.423396e-03
-2.316748e+01	8.492748e-03
-2.306748e+01	8.562978e-03
-2.296748e+01	8.634102e-03
-2.286748e+01	8.706136e-03
-2.276748e+01	8.779095e-03
-2.266748e+01	8.852996e-03
-2.256748e+01	8.927855e-03
-2.246748e+01	9.003689e-03
-2.236748e+01	9.080516e-03
-2.226748e+01	9.158353e-03
-2.216748e+01	9.237219e-03
-2.206748e+01	9.317132e-03
-2.196748e+01	9.398112e-03
-2.186748e+01	9.480177e-03
-2.176748e+01	9.563348e-03
-2.166748e+01	9.647645e-03
-2.156748e+01	9.733089e-03
-2.146748e+01	9.819702e-03
-2.136748e+01	9.907504e-03
-2.126748e+01	9.996520e-03
-2.116748e+01	1.008677e-02
-2.106748e+01	1.017828e-02
-2.096748e+01	1.027107e-02
-2.086748e+01	1.036518e-02
-2.076748e+01	1.046061e-02
-2.066748e+01	1.055741e-02
-2.056748e+01	1.065559e-02
-2.046748e+01	1.075518e-02
-2.036748e+01	1.085621e-02
-2.026748e+01	1.095872e-02
-2.016748e+01	1.106272e-02
-2.006748e+01	1.116825e-02
-1.996748e+01	1.127534e-02
-1.986748e+01	1.138403e-02
-1.976748e+01	1.149434e-02
-1.966748e+01	1.160630e-02
-1.956748e+01	1.171996e-02
-1.946748e+01	1.183534e-02
-1.936748e+01	1.195249e-02
-1.926748e+01	1.207144e-02
-1.916748e+01	1.219223e-02
-1.906748e+01	1.231490e-02
-1.896748e+01	1.243948e-02
-1.886748e+01	1.256602e-02
-1.876748e+01	1.269457e-02
-1.866748e+01	1.282516e-02
-1.856748e+01	1.295784e-02
-1.846748e+01	1.309266e-02
-1.836748e+01	1.322966e-02
-1.826748e+01	1.336889e-02
-1.816748e+01	1.351041e-02
-1.806748e+01	1.365426e-02
-1.796748e+01	1.380051e-02
-1.786748e+01	1.394919e-02
-1.776748e+01	1.410038e-02
-1.766748e+01	1.425412e-02
-1.756748e+01	1.441048e-02
-1.746748e+01	1.456952e-02
-1.736748e+01	1.473130e-02
-1.726748e+01	1.489589e-02
-1.716748e+01	1.506336e-02
-1.706748e+01	1.523377e-02
-1.696748e+01	1.540721e-02
-1.686748e+01	1.558373e-02
-1.676748e+01	1.576342e-02
-1.666748e+01	1.594636e-02
-1.656748e+01	1.613263e-02
-1.646748e+01	1.632231e-02
-1.636748e+01	1.651549e-02
-1.626748e+01	1.671226e-02
-1.616748e+01	1.691271e-02
-1.606748e+01	1.711694e-02
-1.596748e+01	1.732505e-02
-1.586748e+01	1.753714e-02
-1.576748e+01	1.775332e-02
-1.566748e+01	1.797369e-02
-1.556748e+01	1.819837e-02
-1.546748e+01	1.842748e-02
-1.536748e+01	1.866113e-02
-1.526748e+01	1.889946e-02
-1.516748e+01	1.914260e-02
-1.506748e+01	1.939068e-02
-1.496748e+01	1.964384e-02
-1.486748e+01	1.990223e-02
-1.476748e+01	2.016599e-02
-1.466748e+01	2.043529e-02
-1.456748e+01	2.071029e-02
-1.446748e+01	2.099116e-02
-1.436748e+01	2.127807e-02
-1.426748e+01	2.157120e-02
-1.416748e+01	2.187074e-02
-1.406748e+01	2.217690e-02
-1.396748e+01	2.248988e-02
-1.386748e+01	2.280988e-02
-1.376748e+01	2.313714e-02
-1.366748e+01	2.347188e-02
-1.356748e+01	2.381435e-02
-1.346748e+01	2.416479e-02
-1.336748e+01	2.452347e-02
-1.326748e+01	2.489067e-02
-1.316748e+01	2.526666e-02
-1.306748e+01	2.565175e-02
-1.296748e+01	2.604624e-02
-1.286748e+01	2.645047e-02
-1.276748e+01	2.686476e-02
-1.266748e+01	2.728949e-02
-1.256748e+01	2.772502e-02
-1.246748e+01	2.817174e-02
-1.236748e+01	2.863006e-02
-1.226748e+01	2.910040e-02
-1.216748e+01	2.958323e-02
-1.206748e+01	3.007900e-02
-1.196748e+01	3.058822e-02
-1.186748e+01	3.111140e-02
-1.176748e+01	3.164909e-02
-1.166748e+01	3.220188e-02
-1.156748e+01	3.277036e-02
-1.146748e+01	3.335517e-02
-1.136748e+01	3.395699e-02
-1.126748e+01	3.457652e-02
-1.116748e+01	3.521453e-02
-1.106748e+01	3.587179e-02
-1.096748e+01	3.654916e-02
-1.086748e+01	3.724751e-02
-1.076748e+01	3.796778e-02
-1.066748e+01	3.871099e-02
-1.056748e+01	3.947817e-02
-1.046748e+01	4.027046e-02
-1.036748e+01	4.108905e-02
-1.026748e+01	4.193521e-02
-1.016748e+01	4.281030e-02
-1.006748e+01	4.371577e-02
-9.967479e+00	4.465315e-02
-9.867479e+00	4.562411e-02
-9.767479e+00	4.663041e-02
-9.667479e+00	4.767395e-02
-9.567479e+00	4.875677e-02
-9.467479e+00	4.988104e-02
-9.367479e+00	5.104915e-02
-9.267479e+00	5.226363e-02
-9.167479e+00	5.352722e-02
-9.067479e+00	5.484292e-02
-8.967479e+00	5.621396e-02
-8.867479e+00	5.764384e-02
-8.767479e+00	5.913639e-02
-8.667479e+00	6.069580e-02
-8.567479e+00	6.232665e-02
-8.467479e+00	6.403397e-02
-8.367479e+00	6.582328e-02
-8.267479e+00	6.770070e-02
-8.167479e+00	6.967301e-02
-8.067479e+00	7.174775e-02
-7.967479e+00	7.393334e-02
-7.867479e+00	7.623923e-02
-7.767479e+00	7.867604e-02
-7.667479e+00	8.125585e-02
-7.567479e+00	8.399239e-02
-7.467479e+00	8.690141e-02
-7.367479e+00	9.000107e-02
-7.267479e+00	9.331252e-02
-7.167479e+00	9.686054e-02
-7.067479e+00	1.006745e-01
-6.967479e+00	1.047894e-01
-6.867479e+00	1.092477e-01
-6.767479e+00	1.141016e-01
-6.667479e+00	1.194155e-01
-6.567479e+00	1.252711e-01
-6.467479e+00	1.317735e-01
-6.367479e+00	1.390602e-01
-6.267479e+00	1.473158e-01
-6.167479e+00	1.567943e-01
-6.067479e+00	1.678543e-01
-5.967479e+00	1.810191e-01
-5.867479e+00	1.970783e-01
-5.767479e+00	2.172684e-01
-5.667479e+00	2.436029e-01
-5.567479e+00	2.794820e-01
-5.467479e+00	3.307698e-01
-5.367479e+00	4.072546e-01
-5.267479e+00	5.219076e-01
-5.167479e+00	6.755247e-01
-5.067479e+00	8.078668e-01
-4.967479e+00	8.015468e-01
-4.867479e+00	6.820869e-01
-4.767479e+00	5.715926e-01
-4.667479e+00	5.085647e-01
-4.567479e+00	4.847488e-01
-4.467479e+00	4.886004e-01
-4.367479e+00	5.112256e-01
-4.267479e+00	5.461819e-01
-4.167479e+00	5.963399e-01
-4.067479e+00	6.707635e-01
-3.967479e+00	7.799639e-01
-3.867479e+00	9.363945e-01
-3.767479e+00	1.145707e+00
-3.667479e+00	1.407512e+00
-3.567479e+00	1.771330e+00
-3.467479e+00	2.299680e+00
-3.367479e+00	2.866116e+00
-3.267479e+00	3.150956e+00
-3.167479e+00	3.254200e+00
-3.067479e+00	3.465488e+00
-2.967479e+00	3.623100e+00
-2.867479e+00	3.506956e+00
-2.767479e+00	3.331979e+00
-2.667479e+00	3.444763e+00
-2.567479e+00	3.899543e+00
-2.467479e+00	4.400825e+00
-2.367479e+00	4.629165e+00
-2.267479e+00	4.815413e+00
-2.167479e+00	5.305823e+00
-2.067479e+00	5.978782e+00
-1.967479e+00	6.564987e+00
-1.867479e+00	7.498747e+00
-1.767479e+00	9.407631e+00
-1.667479e+00	1.202486e+01
-1.567479e+00	1.349945e+01
-1.467479e+00	1.214968e+01
-1.367479e+00	9.218641e+00
-1.267479e+00	6.742508e+00
-1.167479e+00	5.196300e+00
-1.067479e+00	4.303705e+00
-9.674791e-01	3.820406e+00
-8.674791e-01	3.704656e+00
-7.674791e-01	3.996798e+00
-6.674791e-01	4.803081e+00
-5.674791e-01	6.286317e+00
-4.674791e-01	8.324848e+00
-3.674791e-01	9.588255e+00
-2.674791e-01	8.529208e+00
-1.674791e-01	6.351971e+00
-6.747911e-02	4.598291e+00
3.252089e-02	3.502508e+00
1.325209e-01	2.885273e+00
2.325209e-01	2.598017e+00
3.325209e-01	2.577060e+00
4.325209e-01	2.833946e+00
5.325209e-01	3.445146e+00
6.325209e-01	4.473005e+00
7.325209e-01	5.576243e+00
8.325209e-01	5.677315e+00
9.325209e-01	4.571409e+00
1.032521e+00	3.341507e+00
1.132521e+00	2.492352e+00
1.232521e+00	1.985402e+00
1.332521e+00	1.695769e+00
1.432521e+00	1.507076e+00
1.532521e+00	1.361896e+00
1.632521e+00	1.284566e+00
1.732521e+00	1.293740e+00
1.832521e+00	1.354694e+00
1.932521e+00	1.353700e+00
2.032521e+00	1.246509e+00
2.132521e+00	1.139745e+00
2.232521e+00	1.098453e+00
2.332521e+00	1.132317e+00
2.432521e+00	1.250210e+00
2.532521e+00	1.474999e+00
2.632521e+00	1.814353e+00
2.732521e+00	2.135131e+00
2.832521e+00	2.149243e+00
2.932521e+00	1.904545e+00
3.032521e+00	1.690491e+00
3.132521e+00	1.609580e+00
3.232521e+00	1.654822e+00
3.332521e+00	1.816276e+00
3.432521e+00	2.109216e+00
3.532521e+00	2.583036e+00
3.632521e+00	3.333762e+00
3.732521e+00	4.536902e+00
3.832521e+00	6.432712e+00
3.932521e+00	8.993443e+00
4.032521e+00	1.088514e+01
4.132521e+00	1.007270e+01
4.232521e+00	7.593401e+00
4.332521e+00	5.457211e+00
4.432521e+00	4.089706e+00
4.532521e+00	3.284819e+00
4.632521e+00	2.833894e+00
4.732521e+00	2.611140e+00
4.832521e+00	2.550217e+00
4.932521e+00	2.621282e+00
5.032521e+00	2.818824e+00
5.132521e+00	3.157639e+00
5.232521e+00	3.675229e+00
5.332521e+00	4.441226e+00
5.432521e+00	5.577621e+00
5.532521e+00	7.298075e+00
5.632521e+00	9.979548e+00
5.732521e+00	1.426554e+01
5.832521e+00	2.103897e+01
5.932521e+00	3.029794e+01
6.032521e+00	3.731583e+01
6.132521e+00	3.445515e+01
6.232521e+00	2.519894e+01
6.332521e+00	1.703262e+01
6.432521e+00	1.162997e+01
6.532521e+00	8.240139e+00
6.632521e+00	6.073042e+00
6.732521e+00	4.635537e+00
6.832521e+00	3.644749e+00
6.932521e+00	2.937605e+00
7.032521e+00	2.417269e+00
7.132521e+00	2.024170e+00
7.232521e+00	1.720367e+00
7.332521e+00	1.480910e+00
7.432521e+00	1.288910e+00
7.532521e+00	1.132634e+00
7.632521e+00	1.003743e+00
7.732521e+00	8.961837e-01
7.832521e+00	8.054836e-01
7.932521e+00	7.282802e-01
8.032521e+00	6.620085e-01
8.132521e+00	6.046849e-01
8.232521e+00	5.547564e-01
8.332521e+00	5.109934e-01
8.432521e+00	4.724122e-01
8.532521e+00	4.382187e-01
8.632521e+00	4.077658e-01
8.732521e+00	3.805225e-01
8.832521e+00	3.560497e-01
8.932521e+00	3.339823e-01
9.032521e+00	3.140150e-01
9.132521e+00	2.958919e-01
9.232521e+00	2.793987e-01
9.332521e+00	2.643578e-01
9.432521e+00	2.506250e-01
9.532521e+00	2.380840e-01
9.632521e+00	2.266125e-01
9.732521e+00	2.159833e-01
9.832521e+00	2.059278e-01
9.932521e+00	1.964704e-01
1.003252e+01	1.877205e-01
1.013252e+01	1.796547e-01
1.023252e+01	1.722047e-01
1.033252e+01	1.653110e-01
1.043252e+01	1.589304e-01
1.053252e+01	1.530352e-01
1.063252e+01	1.476147e-01
1.073252e+01	1.426747e-01
1.083252e+01	1.382121e-01
1.093252e+01	1.341092e-01
1.103252e+01	1.301321e-01
1.113252e+01	1.263590e-01
1.123252e+01	1.230884e-01
1.133252e+01	1.204927e-01
1.143252e+01	1.187173e-01
1.153252e+01	1.179999e-01
1.163252e+01	1.187978e-01
1.173252e+01	1.219917e-01
1.183252e+01	1.288974e-01
1.193252e+01	1.402960e-01
1.203252e+01	1.528553e-01
1.213252e+01	1.595178e-01
1.223252e+01	1.581172e-01
1.233252e+01	1.492368e-01
1.243252e+01	1.387070e-01
1.253252e+01	1.279097e-01
1.263252e+01	1.148385e-01
1.273252e+01	1.026372e-01
1.283252e+01	9.343197e-02
1.293252e+01	8.696397e-02
1.303252e+01	8.253131e-02
1.313252e+01	7.966329e-02
1.323252e+01	7.816518e-02
1.333252e+01	7.784829e-02
1.343252e+01	7.770767e-02
1.353252e+01	7.569427e-02
1.363252e+01	7.190460e-02
1.373252e+01	6.807531e-02
1.383252e+01	6.490819e-02
1.393252e+01	6.220883e-02
1.403252e+01	5.978145e-02
1.413252e+01	5.769924e-02
1.423252e+01	5.588747e-02
1.433252e+01	5.425152e-02
1.443252e+01	5.278670e-02
1.453252e+01	5.147085e-02
1.463252e+01	5.026935e-02
1.473252e+01	4.916739e-02
1.483252e+01	4.815982e-02
1.493252e+01	4.724638e-02
1.503252e+01	4.643227e-02
1.513252e+01	4.570809e-02
1.523252e+01	4.498686e-02
1.533252e+01	4.415070e-02
1.543252e+01	4.326959e-02
1.553252e+01	4.245877e-02
1.563252e+01	4.174152e-02
1.573252e+01	4.110878e-02
1.583252e+01	4.055442e-02
1.593252e+01	4.008063e-02
1.603252e+01	3.969848e-02
1.613252e+01	3.942990e-02
1.623252e+01	3.931311e-02
1.633252e+01	3.941242e-02
1.643252e+01	3.983066e-02
1.653252e+01	4.069958e-02
1.663252e+01	4.209977e-02
1.673252e+01	4.413442e-02
1.683252e+01	4.719896e-02
1.693252e+01	5.068037e-02
1.703252e+01	5.144488e-02
1.713252e+01	4.858252e-02
1.723252e+01	4.541220e-02
1.733252e+01	4.361911e-02
1.743252e+01	4.319564e-02
1.753252e+01	4.410550e-02
1.763252e+01	4.659063e-02
1.773252e+01	5.107895e-02
1.783252e+01	5.756860e-02
1.793252e+01	6.499119e-02
1.803252e+01	7.219505e-02
1.813252e+01	7.651217e-02
1.823252e+01	7.712497e-02
1.833252e+01	7.870776e-02
1.843252e+01	8.385217e-02
1.853252e+01	8.649782e-02
1.863252e+01	8.037663e-02
1.873252e+01	7.218546e-02
1.883252e+01	6.733627e-02
1.893252e+01	6.329091e-02
1.903252e+01	5.884040e-02
1.913252e+01	5.703241e-02
1.923252e+01	5.973186e-02
1.933252e+01	6.711214e-02
1.943252e+01	7.602893e-02
1.953252e+01	8.025864e-02
1.963252e+01	7.878307e-02
1.973252e+01	7.241340e-02
1.983252e+01	6.469014e-02
1.993252e+01	5.933848e-02
2.003252e+01	5.363854e-02
2.013252e+01	4.613730e-02
2.023252e+01	3.958260e-02
2.033252e+01	3.511555e-02
2.043252e+01	3.215074e-02
2.053252e+01	2.994969e-02
2.063252e+01	2.831864e-02
2.073252e+01	2.730450e-02
2.083252e+01	2.680021e-02
2.093252e+01	2.653720e-02
2.103252e+01	2.646911e-02
2.113252e+01	2.691541e-02
2.123252e+01	2.786205e-02
2.133252e+01	2.840546e-02
2.143252e+01	2.775239e-02
2.153252e+01	2.679986e-02
2.163252e+01	2.654638e-02
2.173252e+01	2.717637e-02
2.183252e+01	2.852844e-02
2.193252e+01	3.071554e-02
2.203252e+01	3.392328e-02
2.213252e+01	3.752557e-02
2.223252e+01	4.178256e-02
2.233252e+01	4.710485e-02
2.243252e+01	4.956765e-02
2.253252e+01	4.547074e-02
2.263252e+01	3.905112e-02
2.273252e+01	3.489558e-02
2.283252e+01	3.340759e-02
2.293252e+01	3.265548e-02
2.303252e+01	3.056341e-02
2.313252e+01	2.734888e-02
2.323252e+01	2.442739e-02
2.333252e+01	2.250796e-02
2.343252e+01	2.150358e-02
2.353252e+01	2.108913e-02
2.363252e+01	2.086814e-02
2.373252e+01	2.053204e-02
2.383252e+01	1.985687e-02
2.393252e+01	1.906716e-02
2.403252e+01	1.851856e-02
2.413252e+01	1.812508e-02
2.423252e+01	1.772668e-02
2.433252e+01	1.744797e-02
2.443252e+01	1.740023e-02
2.453252e+01	1.760349e-02
2.463252e+01	1.795095e-02
2.473252e+01	1.829337e-02
2.483252e+01	1.876719e-02
2.493252e+01	1.953016e-02
2.503252e+01	2.033563e-02
2.513252e+01	2.091339e-02
2.523252e+01	2.151900e-02
2.533252e+01	2.252353e-02
2.543252e+01	2.374555e-02
2.553252e+01	2.443445e-02
2.563252e+01	2.448563e-02
2.573252e+01	2.455994e-02
2.583252e+01	2.488655e-02
2.593252e+01	2.556587e-02
2.603252e+01	2.717067e-02
2.613252e+01	3.038554e-02
2.623252e+01	3.592324e-02
2.633252e+01	4.477727e-02
2.643252e+01	5.758185e-02
2.653252e+01	7.150616e-02
2.663252e+01	8.138671e-02
2.673252e+01	8.869846e-02
2.683252e+01	9.415319e-02
2.693252e+01	9.598310e-02
2.703252e+01	9.011639e-02
2.713252e+01	7.728564e-02
2.723252e+01	6.315939e-02
2.733252e+01	5.082899e-02
2.743252e+01	4.116161e-02
2.753252e+01	3.436420e-02
2.763252e+01	3.029545e-02
2.773252e+01	2.800165e-02
2.783252e+01	2.619448e-02
2.793252e+01	2.482396e-02
2.803252e+01	2.449131e-02
2.813252e+01	2.478069e-02
2.823252e+01	2.488806e-02
2.833252e+01	2.483410e-02
2.843252e+01	2.393115e-02
2.853252e+01	2.167896e-02
2.863252e+01	1.935351e-02
2.873252e+01	1.776197e-02
2.883252e+01	1.693273e-02
2.893252e+01	1.673294e-02
2.903252e+01	1.711029e-02
2.913252e+01	1.814179e-02
2.923252e+01	2.005399e-02
2.933252e+01	2.321416e-02
2.943252e+01	2.800589e-02
2.953252e+01	3.480102e-02
2.963252e+01	4.295678e-02
2.973252e+01	4.756421e-02
2.983252e+01	4.520383e-02
2.993252e+01	3.981714e-02
3.003252e+01	3.475123e-02
3.013252e+01	3.051817e-02
3.023252e+01	2.748469e-02
3.033252e+01	2.644895e-02
3.043252e+01	2.642979e-02
3.053252e+01	2.525309e-02
3.063252e+01	2.292484e-02
3.073252e+01	2.106143e-02
3.083252e+01	2.051854e-02
3.093252e+01	2.080394e-02
3.103252e+01	2.057736e-02
3.113252e+01	1.989892e-02
3.123252e+01	1.995895e-02
3.133252e+01	2.102521e-02
3.143252e+01	2.288449e-02
3.153252e+01	2.597946e-02
3.163252e+01	2.934213e-02
3.173252e+01	2.896708e-02
3.183252e+01	2.444490e-02
3.193252e+01	1.984484e-02
3.203252e+01	1.688534e-02
3.213252e+01	1.538909e-02
3.223252e+01	1.479683e-02
3.233252e+01	1.438449e-02
3.243252e+01	1.397666e-02
3.253252e+01	1.409809e-02
3.263252e+01	1.479002e-02
3.273252e+01	1.498050e-02
3.283252e+01	1.374588e-02
3.293252e+01	1.200622e-02
3.303252e+01	1.060657e-02
3.313252e+01	9.649869e-03
3.323252e+01	9.024240e-03
3.333252e+01	8.620899e-03
3.343252e+01	8.375148e-03
3.353252e+01	8.258252e-03
3.363252e+01	8.263211e-03
3.373252e+01	8.391209e-03
3.383252e+01	8.673543e-03
3.393252e+01	9.184615e-03
3.403252e+01	9.844557e-03
3.413252e+01	1.009776e-02
3.423252e+01	9.573570e-03
3.433252e+01	8.752377e-03
3.443252e+01	8.041177e-03
3.453252e+01	7.541658e-03
3.463252e+01	7.215728e-03
3.473252e+01	7.005824e-03
3.483252e+01	6.873329e-03
3.493252e+01	6.799009e-03
3.503252e+01	6.771199e-03
3.513252e+01	6.781271e-03
3.523252e+01	6.846005e-03
3.533252e+01	7.006711e-03
3.543252e+01	7.320726e-03
3.553252e+01	7.850103e-03
3.563252e+01	8.520271e-03
3.573252e+01	8.826401e-03
3.583252e+01	8.364991e-03
3.593252e+01	7.636469e-03
3.603252e+01	7.077190e-03
3.613252e+01	6.725209e-03
3.623252e+01	6.518709e-03
3.633252e+01	6.409101e-03
3.643252e+01	6.371631e-03
3.653252e+01	6.401586e-03
3.663252e+01	6.510445e-03
3.673252e+01	6.721402e-03
3.683252e+01	7.037475e-03
3.693252e+01	7.339270e-03
3.703252e+01	7.448950e-03
3.713252e+01	7.502781e-03
3.723252e+01	7.736096e-03
3.733252e+01	8.173779e-03
3.743252e+01	8.612856e-03
3.753252e+01	8.922198e-03
3.763252e+01	9.442340e-03
3.773252e+01	1.058664e-02
3.783252e+01	1.258270e-02
3.793252e+01	1.502968e-02
3.803252e+01	1.606727e-02
3.813252e+01	1.465271e-02
3.823252e+01	1.247649e-02
3.833252e+01	1.070752e-02
3.843252e+01	9.452442e-03
3.853252e+01	8.667928e-03
3.863252e+01	8.260202e-03
3.873252e+01	8.170653e-03
3.883252e+01	8.388624e-03
3.893252e+01	8.882603e-03
3.903252e+01	9.586350e-03
3.913252e+01	1.037668e-02
3.923252e+01	1.092975e-02
3.933252e+01	1.079339e-02
3.943252e+01	1.018937e-02
3.953252e+01	9.720405e-03
3.963252e+01	9.611830e-03
3.973252e+01	9.866555e-03
3.983252e+01	1.052749e-02
3.993252e+01	1.171009e-02
4.003252e+01	1.362926e-02
4.013252e+01	1.669484e-02
4.023252e+01	2.160330e-02
4.033252e+01	2.912696e-02
4.043252e+01	3.846829e-02
4.053252e+01	4.424363e-02
4.063252e+01	4.245667e-02
4.073252e+01	3.858331e-02
4.083252e+01	3.704041e-02
4.093252e+01	3.569039e-02
4.103252e+01	3.112784e-02
4.113252e+01	2.494882e-02
4.123252e+01	1.979656e-02
4.133252e+01	1.631822e-02
4.143252e+01	1.420019e-02
4.153252e+01	1.289324e-02
4.163252e+01	1.208566e-02
4.173252e+01	1.152876e-02
4.183252e+01	1.108781e-02
4.193252e+01	1.055263e-02
4.203252e+01	9.775632e-03
4.213252e+01	9.043034e-03
4.223252e+01	8.759706e-03
4.233252e+01	9.057269e-03
4.243252e+01	9.805275e-03
4.253252e+01	1.026109e-02
4.263252e+01	9.602943e-03
4.273252e+01	8.455100e-03
4.283252e+01	7.514758e-03
4.293252e+01	6.720583e-03
4.303252e+01	6.029289e-03
4.313252e+01	5.511431e-03
4.323252e+01	5.149264e-03
4.333252e+01	4.893671e-03
4.343252e+01	4.707840e-03
4.353252e+01	4.569102e-03
4.363252e+01	4.463064e-03
4.373252e+01	4.380113e-03
4.383252e+01	4.316463e-03
4.393252e+01	4.271946e-03
4.403252e+01	4.247398e-03
4.413252e+01	4.245655e-03
4.423252e+01	4.272854e-03
4.433252e+01	4.337914e-03
4.443252e+01	4.442076e-03
4.453252e+01	4.555943e-03
4.463252e+01	4.648524e-03
4.473252e+01	4.763884e-03
4.483252e+01	4.997298e-03
4.493252e+01	5.440253e-03
4.503252e+01	6.181551e-03
4.513252e+01	7.201490e-03
4.523252e+01	7.952714e-03
4.533252e+01	7.591941e-03
4.543252e+01	6.548122e-03
4.553252e+01	5.654785e-03
4.563252e+01	5.080766e-03
4.573252e+01	4.727125e-03
4.583252e+01	4.513746e-03
4.593252e+01	4.404905e-03
4.603252e+01	4.381621e-03
4.613252e+01	4.439683e-03
4.623252e+01	4.592972e-03
4.633252e+01	4.879185e-03
4.643252e+01	5.367643e-03
4.653252e+01	6.138420e-03
4.663252e+01	7.094031e-03
4.673252e+01	7.583432e-03
4.683252e+01	7.107462e-03
4.693252e+01	6.329060e-03
4.703252e+01	5.811907e-03
4.713252e+01	5.616898e-03
4.723252e+01	5.699591e-03
4.733252e+01	6.057261e-03
4.743252e+01	6.755396e-03
4.753252e+01	7.932949e-03
4.763252e+01	9.712902e-03
4.773252e+01	1.175269e-02
4.783252e+01	1.302322e-02
4.793252e+01	1.378050e-02
4.803252e+01	1.561426e-02
4.813252e+01	1.883474e-02
4.823252e+01	2.098256e-02
4.833252e+01	1.895254e-02
4.843252e+01	1.463885e-02
4.853252e+01	1.105564e-02
4.863252e+01	8.755084e-03
4.873252e+01	7.300362e-03
4.883252e+01	6.259887e-03
4.893252e+01	5.491110e-03
4.903252e+01	4.960945e-03
4.913252e+01	4.618351e-03
4.923252e+01	4.424336e-03
4.933252e+01	4.367295e-03
4.943252e+01	4.454039e-03
4.953252e+01	4.651524e-03
4.963252e+01	4.747489e-03
4.973252e+01	4.501127e-03
4.983252e+01	4.094362e-03
4.993252e+01	3.762575e-03
5.003252e+01	3.539623e-03
5.013252e+01	3.395143e-03
5.023252e+01	3.302870e-03
5.033252e+01	3.247852e-03
5.043252e+01	3.223207e-03
5.053252e+01	3.229046e-03
5.063252e+01	3.273189e-03
5.073252e+01	3.372393e-03
5.083252e+01	3.555581e-03
5.093252e+01	3.855329e-03
5.103252e+01	4.230261e-03
5.113252e+01	4.417656e-03
5.123252e+01	4.234001e-03
5.133252e+01	3.961277e-03
5.143252e+01	3.837568e-03
5.153252e+01	3.915130e-03
5.163252e+01	4.206243e-03
5.173252e+01	4.645422e-03
5.183252e+01	4.887590e-03
5.193252e+01	4.635012e-03
5.203252e+01	4.229386e-03
5.213252e+01	4.010778e-03
5.223252e+01	4.039428e-03
5.233252e+01	4.230228e-03
5.243252e+01	4.299159e-03
5.253252e+01	4.051454e-03
5.263252e+01	3.713614e-03
5.273252e+01	3.424280e-03
5.283252e+01	3.165978e-03
5.293252e+01	2.960753e-03
5.303252e+01	2.817023e-03
5.313252e+01	2.718807e-03
5.323252e+01	2.650411e-03
5.333252e+01	2.601935e-03
5.343252e+01	2.567924e-03
5.353252e+01	2.545769e-03
5.363252e+01	2.534672e-03
5.373252e+01	2.535979e-03
5.383252e+01	2.553716e-03
5.393252e+01	2.586237e-03
5.403252e+01	2.605751e-03
5.413252e+01	2.579235e-03
5.423252e+01	2.529684e-03
5.433252e+01	2.486143e-03
5.443252e+01	2.452878e-03
5.453252e+01	2.425034e-03
5.463252e+01	2.402040e-03
5.473252e+01	2.385483e-03
5.483252e+01	2.374495e-03
5.493252e+01	2.367408e-03
5.503252e+01	2.363178e-03
5.513252e+01	2.361760e-03
5.523252e+01	2.363441e-03
5.533252e+01	2.368556e-03
5.543252e+01	2.376919e-03
5.553252e+01	2.386016e-03
5.563252e+01	2.393076e-03
5.573252e+01	2.401046e-03
5.583252e+01	2.413924e-03
5.593252e+01	2.433463e-03
5.603252e+01	2.460019e-03
5.613252e+01	2.490618e-03
5.623252e+01	2.521207e-03
5.633252e+01	2.557610e-03
5.643252e+01	2.610088e-03
5.653252e+01	2.687475e-03
5.663252e+01	2.799535e-03
5.673252e+01	2.947463e-03
5.683252e+01	3.091481e-03
5.693252e+01	3.171567e-03
5.703252e+01	3.208061e-03
5.713252e+01	3.242400e-03
5.723252e+01	3.311201e-03
5.733252e+01	3.453803e-03
5.743252e+01	3.696124e-03
5.753252e+01	4.069098e-03
5.763252e+01	4.611887e-03
5.773252e+01	5.313672e-03
5.783252e+01	6.068613e-03
5.793252e+01	6.827392e-03
5.803252e+01	7.506166e-03
5.813252e+01	7.996001e-03
5.823252e+01	8.585867e-03
5.833252e+01	9.330913e-03
5.843252e+01	9.738171e-03
5.853252e+01	9.529668e-03
5.863252e+01	9.244563e-03
5.873252e+01	9.566728e-03
5.883252e+01	1.078774e-02
5.893252e+01	1.319751e-02
5.903252e+01	1.731904e-02
5.913252e+01	2.359057e-02
5.923252e+01	3.059213e-02
5.933252e+01	3.355538e-02
5.943252e+01	3.122439e-02
5.953252e+01	2.890091e-02
5.963252e+01	2.880105e-02
5.973252e+01	2.746133e-02
5.983252e+01	2.273881e-02
5.993252e+01	1.766200e-02
6.003252e+01	1.433076e-02
6.013252e+01	1.264595e-02
6.023252e+01	1.152219e-02
6.033252e+01	1.001960e-02
6.043252e+01	8.464531e-03
6.053252e+01	7.395698e-03
6.063252e+01	6.898579e-03
6.073252e+01	6.834342e-03
6.083252e+01	7.058140e-03
6.093252e+01	7.487121e-03
6.103252e+01	7.756911e-03
6.113252e+01	7.199138e-03
6.123252e+01	6.102354e-03
6.133252e+01	5.214852e-03
6.143252e+01	4.718971e-03
6.153252e+01	4.469174e-03
6.163252e+01	4.190360e-03
6.173252e+01	3.800703e-03
6.183252e+01	3.456377e-03
6.193252e+01	3.223108e-03
6.203252e+01	3.083674e-03
6.213252e+01	3.014293e-03
6.223252e+01	3.001807e-03
6.233252e+01	3.043518e-03
6.243252e+01	3.146305e-03
6.253252e+01	3.327508e-03
6.263252e+01	3.619833e-03
6.273252e+01	4.082003e-03
6.283252e+01	4.818644e-03
6.293252e+01	6.010897e-03
6.303252e+01	7.922889e-03
6.313252e+01	1.064697e-02
6.323252e+01	1.303834e-02
6.333252e+01	1.265065e-02
6.343252e+01	9.962126e-03
