#RPA-results:
#Nucleus: Ni 80
#Fermi level: -1.541935e+00	-1.810941e+01
#Excitation: 1 +
#Total number of pairs: 494
#Number of ph-/ah-pairs: 494/0
#Maximal excitation-energy for particle-hole-pairs: 100
#Maximal excitation-energy for antiparticle-hole-pairs: 1000
#No imaginary eigenvalues

#Parameterset: DD-PC1
#natural parity: no
#Isoscalar result:

#width: 5.000000e-01
#maximum value: 1.472375e-02
#at energy: 6.343252e+01
-9.656748e+01	5.195642e-04
-9.646748e+01	5.205893e-04
-9.636748e+01	5.216174e-04
-9.626748e+01	5.226486e-04
-9.616748e+01	5.236828e-04
-9.606748e+01	5.247201e-04
-9.596748e+01	5.257605e-04
-9.586748e+01	5.268040e-04
-9.576748e+01	5.278506e-04
-9.566748e+01	5.289004e-04
-9.556748e+01	5.299532e-04
-9.546748e+01	5.310093e-04
-9.536748e+01	5.320685e-04
-9.526748e+01	5.331308e-04
-9.516748e+01	5.341964e-04
-9.506748e+01	5.352652e-04
-9.496748e+01	5.363371e-04
-9.486748e+01	5.374124e-04
-9.476748e+01	5.384908e-04
-9.466748e+01	5.395725e-04
-9.456748e+01	5.406575e-04
-9.446748e+01	5.417458e-04
-9.436748e+01	5.428373e-04
-9.426748e+01	5.439322e-04
-9.416748e+01	5.450303e-04
-9.406748e+01	5.461319e-04
-9.396748e+01	5.472367e-04
-9.386748e+01	5.483449e-04
-9.376748e+01	5.494565e-04
-9.366748e+01	5.505715e-04
-9.356748e+01	5.516899e-04
-9.346748e+01	5.528117e-04
-9.336748e+01	5.539370e-04
-9.326748e+01	5.550657e-04
-9.316748e+01	5.561978e-04
-9.306748e+01	5.573334e-04
-9.296748e+01	5.584725e-04
-9.286748e+01	5.596151e-04
-9.276748e+01	5.607613e-04
-9.266748e+01	5.619109e-04
-9.256748e+01	5.630641e-04
-9.246748e+01	5.642209e-04
-9.236748e+01	5.653812e-04
-9.226748e+01	5.665451e-04
-9.216748e+01	5.677126e-04
-9.206748e+01	5.688838e-04
-9.196748e+01	5.700586e-04
-9.186748e+01	5.712370e-04
-9.176748e+01	5.724191e-04
-9.166748e+01	5.736049e-04
-9.156748e+01	5.747943e-04
-9.146748e+01	5.759875e-04
-9.136748e+01	5.771844e-04
-9.126748e+01	5.783850e-04
-9.116748e+01	5.795894e-04
-9.106748e+01	5.807976e-04
-9.096748e+01	5.820096e-04
-9.086748e+01	5.832253e-04
-9.076748e+01	5.844449e-04
-9.066748e+01	5.856683e-04
-9.056748e+01	5.868956e-04
-9.046748e+01	5.881267e-04
-9.036748e+01	5.893618e-04
-9.026748e+01	5.906007e-04
-9.016748e+01	5.918435e-04
-9.006748e+01	5.930903e-04
-8.996748e+01	5.943411e-04
-8.986748e+01	5.955958e-04
-8.976748e+01	5.968544e-04
-8.966748e+01	5.981171e-04
-8.956748e+01	5.993838e-04
-8.946748e+01	6.006546e-04
-8.936748e+01	6.019293e-04
-8.926748e+01	6.032082e-04
-8.916748e+01	6.044912e-04
-8.906748e+01	6.057782e-04
-8.896748e+01	6.070694e-04
-8.886748e+01	6.083647e-04
-8.876748e+01	6.096642e-04
-8.866748e+01	6.109678e-04
-8.856748e+01	6.122757e-04
-8.846748e+01	6.135877e-04
-8.836748e+01	6.149040e-04
-8.826748e+01	6.162245e-04
-8.816748e+01	6.175493e-04
-8.806748e+01	6.188784e-04
-8.796748e+01	6.202118e-04
-8.786748e+01	6.215495e-04
-8.776748e+01	6.228915e-04
-8.766748e+01	6.242380e-04
-8.756748e+01	6.255887e-04
-8.746748e+01	6.269439e-04
-8.736748e+01	6.283035e-04
-8.726748e+01	6.296676e-04
-8.716748e+01	6.310361e-04
-8.706748e+01	6.324090e-04
-8.696748e+01	6.337865e-04
-8.686748e+01	6.351685e-04
-8.676748e+01	6.365550e-04
-8.666748e+01	6.379460e-04
-8.656748e+01	6.393417e-04
-8.646748e+01	6.407419e-04
-8.636748e+01	6.421467e-04
-8.626748e+01	6.435562e-04
-8.616748e+01	6.449703e-04
-8.606748e+01	6.463891e-04
-8.596748e+01	6.478126e-04
-8.586748e+01	6.492409e-04
-8.576748e+01	6.506738e-04
-8.566748e+01	6.521115e-04
-8.556748e+01	6.535540e-04
-8.546748e+01	6.550013e-04
-8.536748e+01	6.564534e-04
-8.526748e+01	6.579104e-04
-8.516748e+01	6.593722e-04
-8.506748e+01	6.608390e-04
-8.496748e+01	6.623106e-04
-8.486748e+01	6.637871e-04
-8.476748e+01	6.652686e-04
-8.466748e+01	6.667551e-04
-8.456748e+01	6.682466e-04
-8.446748e+01	6.697431e-04
-8.436748e+01	6.712447e-04
-8.426748e+01	6.727513e-04
-8.416748e+01	6.742630e-04
-8.406748e+01	6.757798e-04
-8.396748e+01	6.773017e-04
-8.386748e+01	6.788288e-04
-8.376748e+01	6.803611e-04
-8.366748e+01	6.818986e-04
-8.356748e+01	6.834413e-04
-8.346748e+01	6.849893e-04
-8.336748e+01	6.865425e-04
-8.326748e+01	6.881011e-04
-8.316748e+01	6.896649e-04
-8.306748e+01	6.912342e-04
-8.296748e+01	6.928087e-04
-8.286748e+01	6.943887e-04
-8.276748e+01	6.959741e-04
-8.266748e+01	6.975650e-04
-8.256748e+01	6.991613e-04
-8.246748e+01	7.007632e-04
-8.236748e+01	7.023705e-04
-8.226748e+01	7.039834e-04
-8.216748e+01	7.056019e-04
-8.206748e+01	7.072259e-04
-8.196748e+01	7.088556e-04
-8.186748e+01	7.104910e-04
-8.176748e+01	7.121320e-04
-8.166748e+01	7.137787e-04
-8.156748e+01	7.154312e-04
-8.146748e+01	7.170894e-04
-8.136748e+01	7.187534e-04
-8.126748e+01	7.204232e-04
-8.116748e+01	7.220989e-04
-8.106748e+01	7.237804e-04
-8.096748e+01	7.254678e-04
-8.086748e+01	7.271612e-04
-8.076748e+01	7.288604e-04
-8.066748e+01	7.305657e-04
-8.056748e+01	7.322770e-04
-8.046748e+01	7.339943e-04
-8.036748e+01	7.357176e-04
-8.026748e+01	7.374471e-04
-8.016748e+01	7.391826e-04
-8.006748e+01	7.409243e-04
-7.996748e+01	7.426722e-04
-7.986748e+01	7.444263e-04
-7.976748e+01	7.461867e-04
-7.966748e+01	7.479533e-04
-7.956748e+01	7.497261e-04
-7.946748e+01	7.515054e-04
-7.936748e+01	7.532909e-04
-7.926748e+01	7.550829e-04
-7.916748e+01	7.568813e-04
-7.906748e+01	7.586861e-04
-7.896748e+01	7.604974e-04
-7.886748e+01	7.623152e-04
-7.876748e+01	7.641396e-04
-7.866748e+01	7.659705e-04
-7.856748e+01	7.678080e-04
-7.846748e+01	7.696522e-04
-7.836748e+01	7.715030e-04
-7.826748e+01	7.733605e-04
-7.816748e+01	7.752248e-04
-7.806748e+01	7.770958e-04
-7.796748e+01	7.789736e-04
-7.786748e+01	7.808583e-04
-7.776748e+01	7.827498e-04
-7.766748e+01	7.846482e-04
-7.756748e+01	7.865536e-04
-7.746748e+01	7.884659e-04
-7.736748e+01	7.903852e-04
-7.726748e+01	7.923115e-04
-7.716748e+01	7.942449e-04
-7.706748e+01	7.961854e-04
-7.696748e+01	7.981331e-04
-7.686748e+01	8.000879e-04
-7.676748e+01	8.020499e-04
-7.666748e+01	8.040192e-04
-7.656748e+01	8.059958e-04
-7.646748e+01	8.079796e-04
-7.636748e+01	8.099709e-04
-7.626748e+01	8.119695e-04
-7.616748e+01	8.139755e-04
-7.606748e+01	8.159890e-04
-7.596748e+01	8.180100e-04
-7.586748e+01	8.200385e-04
-7.576748e+01	8.220746e-04
-7.566748e+01	8.241183e-04
-7.556748e+01	8.261697e-04
-7.546748e+01	8.282288e-04
-7.536748e+01	8.302955e-04
-7.526748e+01	8.323701e-04
-7.516748e+01	8.344524e-04
-7.506748e+01	8.365426e-04
-7.496748e+01	8.386407e-04
-7.486748e+01	8.407467e-04
-7.476748e+01	8.428606e-04
-7.466748e+01	8.449826e-04
-7.456748e+01	8.471126e-04
-7.446748e+01	8.492507e-04
-7.436748e+01	8.513969e-04
-7.426748e+01	8.535513e-04
-7.416748e+01	8.557139e-04
-7.406748e+01	8.578847e-04
-7.396748e+01	8.600639e-04
-7.386748e+01	8.622514e-04
-7.376748e+01	8.644472e-04
-7.366748e+01	8.666515e-04
-7.356748e+01	8.688642e-04
-7.346748e+01	8.710854e-04
-7.336748e+01	8.733152e-04
-7.326748e+01	8.755536e-04
-7.316748e+01	8.778006e-04
-7.306748e+01	8.800564e-04
-7.296748e+01	8.823208e-04
-7.286748e+01	8.845940e-04
-7.276748e+01	8.868760e-04
-7.266748e+01	8.891669e-04
-7.256748e+01	8.914667e-04
-7.246748e+01	8.937755e-04
-7.236748e+01	8.960933e-04
-7.226748e+01	8.984201e-04
-7.216748e+01	9.007560e-04
-7.206748e+01	9.031011e-04
-7.196748e+01	9.054554e-04
-7.186748e+01	9.078189e-04
-7.176748e+01	9.101917e-04
-7.166748e+01	9.125738e-04
-7.156748e+01	9.149654e-04
-7.146748e+01	9.173663e-04
-7.136748e+01	9.197768e-04
-7.126748e+01	9.221968e-04
-7.116748e+01	9.246264e-04
-7.106748e+01	9.270656e-04
-7.096748e+01	9.295145e-04
-7.086748e+01	9.319732e-04
-7.076748e+01	9.344416e-04
-7.066748e+01	9.369199e-04
-7.056748e+01	9.394082e-04
-7.046748e+01	9.419063e-04
-7.036748e+01	9.444145e-04
-7.026748e+01	9.469327e-04
-7.016748e+01	9.494610e-04
-7.006748e+01	9.519996e-04
-6.996748e+01	9.545483e-04
-6.986748e+01	9.571073e-04
-6.976748e+01	9.596766e-04
-6.966748e+01	9.622564e-04
-6.956748e+01	9.648466e-04
-6.946748e+01	9.674473e-04
-6.936748e+01	9.700585e-04
-6.926748e+01	9.726804e-04
-6.916748e+01	9.753129e-04
-6.906748e+01	9.779562e-04
-6.896748e+01	9.806102e-04
-6.886748e+01	9.832751e-04
-6.876748e+01	9.859510e-04
-6.866748e+01	9.886378e-04
-6.856748e+01	9.913356e-04
-6.846748e+01	9.940445e-04
-6.836748e+01	9.967646e-04
-6.826748e+01	9.994958e-04
-6.816748e+01	1.002238e-03
-6.806748e+01	1.004992e-03
-6.796748e+01	1.007758e-03
-6.786748e+01	1.010534e-03
-6.776748e+01	1.013323e-03
-6.766748e+01	1.016122e-03
-6.756748e+01	1.018934e-03
-6.746748e+01	1.021757e-03
-6.736748e+01	1.024592e-03
-6.726748e+01	1.027439e-03
-6.716748e+01	1.030298e-03
-6.706748e+01	1.033169e-03
-6.696748e+01	1.036052e-03
-6.686748e+01	1.038947e-03
-6.676748e+01	1.041854e-03
-6.666748e+01	1.044773e-03
-6.656748e+01	1.047705e-03
-6.646748e+01	1.050649e-03
-6.636748e+01	1.053606e-03
-6.626748e+01	1.056575e-03
-6.616748e+01	1.059557e-03
-6.606748e+01	1.062551e-03
-6.596748e+01	1.065558e-03
-6.586748e+01	1.068578e-03
-6.576748e+01	1.071611e-03
-6.566748e+01	1.074657e-03
-6.556748e+01	1.077716e-03
-6.546748e+01	1.080788e-03
-6.536748e+01	1.083873e-03
-6.526748e+01	1.086972e-03
-6.516748e+01	1.090084e-03
-6.506748e+01	1.093209e-03
-6.496748e+01	1.096348e-03
-6.486748e+01	1.099500e-03
-6.476748e+01	1.102666e-03
-6.466748e+01	1.105846e-03
-6.456748e+01	1.109039e-03
-6.446748e+01	1.112247e-03
-6.436748e+01	1.115468e-03
-6.426748e+01	1.118704e-03
-6.416748e+01	1.121954e-03
-6.406748e+01	1.125218e-03
-6.396748e+01	1.128496e-03
-6.386748e+01	1.131788e-03
-6.376748e+01	1.135096e-03
-6.366748e+01	1.138417e-03
-6.356748e+01	1.141754e-03
-6.346748e+01	1.145105e-03
-6.336748e+01	1.148470e-03
-6.326748e+01	1.151851e-03
-6.316748e+01	1.155247e-03
-6.306748e+01	1.158658e-03
-6.296748e+01	1.162084e-03
-6.286748e+01	1.165525e-03
-6.276748e+01	1.168982e-03
-6.266748e+01	1.172454e-03
-6.256748e+01	1.175942e-03
-6.246748e+01	1.179445e-03
-6.236748e+01	1.182964e-03
-6.226748e+01	1.186499e-03
-6.216748e+01	1.190050e-03
-6.206748e+01	1.193617e-03
-6.196748e+01	1.197200e-03
-6.186748e+01	1.200799e-03
-6.176748e+01	1.204415e-03
-6.166748e+01	1.208047e-03
-6.156748e+01	1.211695e-03
-6.146748e+01	1.215360e-03
-6.136748e+01	1.219042e-03
-6.126748e+01	1.222740e-03
-6.116748e+01	1.226456e-03
-6.106748e+01	1.230189e-03
-6.096748e+01	1.233938e-03
-6.086748e+01	1.237705e-03
-6.076748e+01	1.241489e-03
-6.066748e+01	1.245291e-03
-6.056748e+01	1.249110e-03
-6.046748e+01	1.252947e-03
-6.036748e+01	1.256802e-03
-6.026748e+01	1.260674e-03
-6.016748e+01	1.264565e-03
-6.006748e+01	1.268473e-03
-5.996748e+01	1.272400e-03
-5.986748e+01	1.276346e-03
-5.976748e+01	1.280309e-03
-5.966748e+01	1.284291e-03
-5.956748e+01	1.288292e-03
-5.946748e+01	1.292312e-03
-5.936748e+01	1.296351e-03
-5.926748e+01	1.300408e-03
-5.916748e+01	1.304485e-03
-5.906748e+01	1.308581e-03
-5.896748e+01	1.312697e-03
-5.886748e+01	1.316832e-03
-5.876748e+01	1.320986e-03
-5.866748e+01	1.325161e-03
-5.856748e+01	1.329355e-03
-5.846748e+01	1.333569e-03
-5.836748e+01	1.337804e-03
-5.826748e+01	1.342059e-03
-5.816748e+01	1.346334e-03
-5.806748e+01	1.350629e-03
-5.796748e+01	1.354946e-03
-5.786748e+01	1.359283e-03
-5.776748e+01	1.363641e-03
-5.766748e+01	1.368020e-03
-5.756748e+01	1.372421e-03
-5.746748e+01	1.376843e-03
-5.736748e+01	1.381286e-03
-5.726748e+01	1.385751e-03
-5.716748e+01	1.390238e-03
-5.706748e+01	1.394746e-03
-5.696748e+01	1.399277e-03
-5.686748e+01	1.403830e-03
-5.676748e+01	1.408405e-03
-5.666748e+01	1.413003e-03
-5.656748e+01	1.417623e-03
-5.646748e+01	1.422266e-03
-5.636748e+01	1.426933e-03
-5.626748e+01	1.431622e-03
-5.616748e+01	1.436334e-03
-5.606748e+01	1.441070e-03
-5.596748e+01	1.445830e-03
-5.586748e+01	1.450613e-03
-5.576748e+01	1.455420e-03
-5.566748e+01	1.460251e-03
-5.556748e+01	1.465106e-03
-5.546748e+01	1.469986e-03
-5.536748e+01	1.474890e-03
-5.526748e+01	1.479819e-03
-5.516748e+01	1.484773e-03
-5.506748e+01	1.489752e-03
-5.496748e+01	1.494756e-03
-5.486748e+01	1.499785e-03
-5.476748e+01	1.504840e-03
-5.466748e+01	1.509920e-03
-5.456748e+01	1.515027e-03
-5.446748e+01	1.520159e-03
-5.436748e+01	1.525318e-03
-5.426748e+01	1.530503e-03
-5.416748e+01	1.535715e-03
-5.406748e+01	1.540954e-03
-5.396748e+01	1.546219e-03
-5.386748e+01	1.551512e-03
-5.376748e+01	1.556832e-03
-5.366748e+01	1.562180e-03
-5.356748e+01	1.567555e-03
-5.346748e+01	1.572959e-03
-5.336748e+01	1.578390e-03
-5.326748e+01	1.583850e-03
-5.316748e+01	1.589338e-03
-5.306748e+01	1.594855e-03
-5.296748e+01	1.600401e-03
-5.286748e+01	1.605976e-03
-5.276748e+01	1.611580e-03
-5.266748e+01	1.617214e-03
-5.256748e+01	1.622878e-03
-5.246748e+01	1.628571e-03
-5.236748e+01	1.634295e-03
-5.226748e+01	1.640049e-03
-5.216748e+01	1.645834e-03
-5.206748e+01	1.651649e-03
-5.196748e+01	1.657496e-03
-5.186748e+01	1.663374e-03
-5.176748e+01	1.669283e-03
-5.166748e+01	1.675224e-03
-5.156748e+01	1.681197e-03
-5.146748e+01	1.687202e-03
-5.136748e+01	1.693239e-03
-5.126748e+01	1.699309e-03
-5.116748e+01	1.705412e-03
-5.106748e+01	1.711548e-03
-5.096748e+01	1.717718e-03
-5.086748e+01	1.723921e-03
-5.076748e+01	1.730158e-03
-5.066748e+01	1.736429e-03
-5.056748e+01	1.742734e-03
-5.046748e+01	1.749074e-03
-5.036748e+01	1.755448e-03
-5.026748e+01	1.761858e-03
-5.016748e+01	1.768303e-03
-5.006748e+01	1.774784e-03
-4.996748e+01	1.781301e-03
-4.986748e+01	1.787854e-03
-4.976748e+01	1.794443e-03
-4.966748e+01	1.801069e-03
-4.956748e+01	1.807732e-03
-4.946748e+01	1.814432e-03
-4.936748e+01	1.821170e-03
-4.926748e+01	1.827945e-03
-4.916748e+01	1.834759e-03
-4.906748e+01	1.841611e-03
-4.896748e+01	1.848501e-03
-4.886748e+01	1.855431e-03
-4.876748e+01	1.862400e-03
-4.866748e+01	1.869408e-03
-4.856748e+01	1.876456e-03
-4.846748e+01	1.883545e-03
-4.836748e+01	1.890674e-03
-4.826748e+01	1.897843e-03
-4.816748e+01	1.905054e-03
-4.806748e+01	1.912306e-03
-4.796748e+01	1.919600e-03
-4.786748e+01	1.926936e-03
-4.776748e+01	1.934315e-03
-4.766748e+01	1.941736e-03
-4.756748e+01	1.949200e-03
-4.746748e+01	1.956707e-03
-4.736748e+01	1.964259e-03
-4.726748e+01	1.971854e-03
-4.716748e+01	1.979494e-03
-4.706748e+01	1.987178e-03
-4.696748e+01	1.994908e-03
-4.686748e+01	2.002683e-03
-4.676748e+01	2.010504e-03
-4.666748e+01	2.018371e-03
-4.656748e+01	2.026284e-03
-4.646748e+01	2.034245e-03
-4.636748e+01	2.042252e-03
-4.626748e+01	2.050308e-03
-4.616748e+01	2.058411e-03
-4.606748e+01	2.066563e-03
-4.596748e+01	2.074764e-03
-4.586748e+01	2.083014e-03
-4.576748e+01	2.091314e-03
-4.566748e+01	2.099663e-03
-4.556748e+01	2.108063e-03
-4.546748e+01	2.116514e-03
-4.536748e+01	2.125017e-03
-4.526748e+01	2.133570e-03
-4.516748e+01	2.142176e-03
-4.506748e+01	2.150835e-03
-4.496748e+01	2.159546e-03
-4.486748e+01	2.168311e-03
-4.476748e+01	2.177129e-03
-4.466748e+01	2.186002e-03
-4.456748e+01	2.194930e-03
-4.446748e+01	2.203913e-03
-4.436748e+01	2.212951e-03
-4.426748e+01	2.222046e-03
-4.416748e+01	2.231197e-03
-4.406748e+01	2.240405e-03
-4.396748e+01	2.249670e-03
-4.386748e+01	2.258994e-03
-4.376748e+01	2.268376e-03
-4.366748e+01	2.277817e-03
-4.356748e+01	2.287317e-03
-4.346748e+01	2.296878e-03
-4.336748e+01	2.306499e-03
-4.326748e+01	2.316181e-03
-4.316748e+01	2.325925e-03
-4.306748e+01	2.335730e-03
-4.296748e+01	2.345598e-03
-4.286748e+01	2.355530e-03
-4.276748e+01	2.365525e-03
-4.266748e+01	2.375584e-03
-4.256748e+01	2.385708e-03
-4.246748e+01	2.395897e-03
-4.236748e+01	2.406152e-03
-4.226748e+01	2.416474e-03
-4.216748e+01	2.426863e-03
-4.206748e+01	2.437319e-03
-4.196748e+01	2.447843e-03
-4.186748e+01	2.458437e-03
-4.176748e+01	2.469100e-03
-4.166748e+01	2.479833e-03
-4.156748e+01	2.490636e-03
-4.146748e+01	2.501511e-03
-4.136748e+01	2.512458e-03
-4.126748e+01	2.523477e-03
-4.116748e+01	2.534570e-03
-4.106748e+01	2.545737e-03
-4.096748e+01	2.556978e-03
-4.086748e+01	2.568294e-03
-4.076748e+01	2.579686e-03
-4.066748e+01	2.591155e-03
-4.056748e+01	2.602701e-03
-4.046748e+01	2.614325e-03
-4.036748e+01	2.626027e-03
-4.026748e+01	2.637809e-03
-4.016748e+01	2.649671e-03
-4.006748e+01	2.661614e-03
-3.996748e+01	2.673639e-03
-3.986748e+01	2.685746e-03
-3.976748e+01	2.697936e-03
-3.966748e+01	2.710210e-03
-3.956748e+01	2.722569e-03
-3.946748e+01	2.735013e-03
-3.936748e+01	2.747543e-03
-3.926748e+01	2.760160e-03
-3.916748e+01	2.772865e-03
-3.906748e+01	2.785659e-03
-3.896748e+01	2.798543e-03
-3.886748e+01	2.811516e-03
-3.876748e+01	2.824581e-03
-3.866748e+01	2.837738e-03
-3.856748e+01	2.850988e-03
-3.846748e+01	2.864332e-03
-3.836748e+01	2.877771e-03
-3.826748e+01	2.891305e-03
-3.816748e+01	2.904936e-03
-3.806748e+01	2.918664e-03
-3.796748e+01	2.932491e-03
-3.786748e+01	2.946417e-03
-3.776748e+01	2.960444e-03
-3.766748e+01	2.974572e-03
-3.756748e+01	2.988802e-03
-3.746748e+01	3.003135e-03
-3.736748e+01	3.017573e-03
-3.726748e+01	3.032116e-03
-3.716748e+01	3.046766e-03
-3.706748e+01	3.061523e-03
-3.696748e+01	3.076388e-03
-3.686748e+01	3.091363e-03
-3.676748e+01	3.106449e-03
-3.666748e+01	3.121647e-03
-3.656748e+01	3.136957e-03
-3.646748e+01	3.152382e-03
-3.636748e+01	3.167921e-03
-3.626748e+01	3.183577e-03
-3.616748e+01	3.199351e-03
-3.606748e+01	3.215243e-03
-3.596748e+01	3.231255e-03
-3.586748e+01	3.247388e-03
-3.576748e+01	3.263644e-03
-3.566748e+01	3.280023e-03
-3.556748e+01	3.296527e-03
-3.546748e+01	3.313157e-03
-3.536748e+01	3.329915e-03
-3.526748e+01	3.346802e-03
-3.516748e+01	3.363818e-03
-3.506748e+01	3.380967e-03
-3.496748e+01	3.398248e-03
-3.486748e+01	3.415663e-03
-3.476748e+01	3.433214e-03
-3.466748e+01	3.450902e-03
-3.456748e+01	3.468729e-03
-3.446748e+01	3.486696e-03
-3.436748e+01	3.504804e-03
-3.426748e+01	3.523055e-03
-3.416748e+01	3.541451e-03
-3.406748e+01	3.559992e-03
-3.396748e+01	3.578682e-03
-3.386748e+01	3.597520e-03
-3.376748e+01	3.616510e-03
-3.366748e+01	3.635652e-03
-3.356748e+01	3.654948e-03
-3.346748e+01	3.674400e-03
-3.336748e+01	3.694010e-03
-3.326748e+01	3.713778e-03
-3.316748e+01	3.733708e-03
-3.306748e+01	3.753801e-03
-3.296748e+01	3.774058e-03
-3.286748e+01	3.794481e-03
-3.276748e+01	3.815073e-03
-3.266748e+01	3.835835e-03
-3.256748e+01	3.856769e-03
-3.246748e+01	3.877877e-03
-3.236748e+01	3.899160e-03
-3.226748e+01	3.920622e-03
-3.216748e+01	3.942264e-03
-3.206748e+01	3.964087e-03
-3.196748e+01	3.986095e-03
-3.186748e+01	4.008288e-03
-3.176748e+01	4.030670e-03
-3.166748e+01	4.053243e-03
-3.156748e+01	4.076008e-03
-3.146748e+01	4.098967e-03
-3.136748e+01	4.122124e-03
-3.126748e+01	4.145481e-03
-3.116748e+01	4.169039e-03
-3.106748e+01	4.192801e-03
-3.096748e+01	4.216770e-03
-3.086748e+01	4.240947e-03
-3.076748e+01	4.265336e-03
-3.066748e+01	4.289939e-03
-3.056748e+01	4.314758e-03
-3.046748e+01	4.339796e-03
-3.036748e+01	4.365056e-03
-3.026748e+01	4.390541e-03
-3.016748e+01	4.416252e-03
-3.006748e+01	4.442193e-03
-2.996748e+01	4.468366e-03
-2.986748e+01	4.494775e-03
-2.976748e+01	4.521423e-03
-2.966748e+01	4.548311e-03
-2.956748e+01	4.575443e-03
-2.946748e+01	4.602823e-03
-2.936748e+01	4.630453e-03
-2.926748e+01	4.658336e-03
-2.916748e+01	4.686475e-03
-2.906748e+01	4.714874e-03
-2.896748e+01	4.743536e-03
-2.886748e+01	4.772464e-03
-2.876748e+01	4.801662e-03
-2.866748e+01	4.831133e-03
-2.856748e+01	4.860880e-03
-2.846748e+01	4.890907e-03
-2.836748e+01	4.921218e-03
-2.826748e+01	4.951816e-03
-2.816748e+01	4.982705e-03
-2.806748e+01	5.013888e-03
-2.796748e+01	5.045370e-03
-2.786748e+01	5.077154e-03
-2.776748e+01	5.109245e-03
-2.766748e+01	5.141646e-03
-2.756748e+01	5.174361e-03
-2.746748e+01	5.207395e-03
-2.736748e+01	5.240752e-03
-2.726748e+01	5.274436e-03
-2.716748e+01	5.308451e-03
-2.706748e+01	5.342802e-03
-2.696748e+01	5.377494e-03
-2.686748e+01	5.412530e-03
-2.676748e+01	5.447916e-03
-2.666748e+01	5.483657e-03
-2.656748e+01	5.519757e-03
-2.646748e+01	5.556221e-03
-2.636748e+01	5.593054e-03
-2.626748e+01	5.630262e-03
-2.616748e+01	5.667849e-03
-2.606748e+01	5.705821e-03
-2.596748e+01	5.744183e-03
-2.586748e+01	5.782940e-03
-2.576748e+01	5.822099e-03
-2.566748e+01	5.861665e-03
-2.556748e+01	5.901643e-03
-2.546748e+01	5.942039e-03
-2.536748e+01	5.982860e-03
-2.526748e+01	6.024112e-03
-2.516748e+01	6.065800e-03
-2.506748e+01	6.107931e-03
-2.496748e+01	6.150512e-03
-2.486748e+01	6.193549e-03
-2.476748e+01	6.237048e-03
-2.466748e+01	6.281017e-03
-2.456748e+01	6.325463e-03
-2.446748e+01	6.370392e-03
-2.436748e+01	6.415811e-03
-2.426748e+01	6.461729e-03
-2.416748e+01	6.508152e-03
-2.406748e+01	6.555088e-03
-2.396748e+01	6.602545e-03
-2.386748e+01	6.650530e-03
-2.376748e+01	6.699053e-03
-2.366748e+01	6.748121e-03
-2.356748e+01	6.797742e-03
-2.346748e+01	6.847924e-03
-2.336748e+01	6.898678e-03
-2.326748e+01	6.950011e-03
-2.316748e+01	7.001933e-03
-2.306748e+01	7.054453e-03
-2.296748e+01	7.107580e-03
-2.286748e+01	7.161324e-03
-2.276748e+01	7.215695e-03
-2.266748e+01	7.270703e-03
-2.256748e+01	7.326357e-03
-2.246748e+01	7.382670e-03
-2.236748e+01	7.439650e-03
-2.226748e+01	7.497310e-03
-2.216748e+01	7.555660e-03
-2.206748e+01	7.614711e-03
-2.196748e+01	7.674475e-03
-2.186748e+01	7.734965e-03
-2.176748e+01	7.796191e-03
-2.166748e+01	7.858167e-03
-2.156748e+01	7.920904e-03
-2.146748e+01	7.984417e-03
-2.136748e+01	8.048718e-03
-2.126748e+01	8.113820e-03
-2.116748e+01	8.179738e-03
-2.106748e+01	8.246485e-03
-2.096748e+01	8.314075e-03
-2.086748e+01	8.382524e-03
-2.076748e+01	8.451847e-03
-2.066748e+01	8.522058e-03
-2.056748e+01	8.593174e-03
-2.046748e+01	8.665210e-03
-2.036748e+01	8.738184e-03
-2.026748e+01	8.812111e-03
-2.016748e+01	8.887009e-03
-2.006748e+01	8.962896e-03
-1.996748e+01	9.039790e-03
-1.986748e+01	9.117709e-03
-1.976748e+01	9.196672e-03
-1.966748e+01	9.276698e-03
-1.956748e+01	9.357808e-03
-1.946748e+01	9.440021e-03
-1.936748e+01	9.523358e-03
-1.926748e+01	9.607841e-03
-1.916748e+01	9.693491e-03
-1.906748e+01	9.780331e-03
-1.896748e+01	9.868384e-03
-1.886748e+01	9.957672e-03
-1.876748e+01	1.004822e-02
-1.866748e+01	1.014005e-02
-1.856748e+01	1.023320e-02
-1.846748e+01	1.032768e-02
-1.836748e+01	1.042352e-02
-1.826748e+01	1.052075e-02
-1.816748e+01	1.061940e-02
-1.806748e+01	1.071950e-02
-1.796748e+01	1.082107e-02
-1.786748e+01	1.092415e-02
-1.776748e+01	1.102877e-02
-1.766748e+01	1.113496e-02
-1.756748e+01	1.124275e-02
-1.746748e+01	1.135217e-02
-1.736748e+01	1.146327e-02
-1.726748e+01	1.157607e-02
-1.716748e+01	1.169062e-02
-1.706748e+01	1.180694e-02
-1.696748e+01	1.192509e-02
-1.686748e+01	1.204509e-02
-1.676748e+01	1.216699e-02
-1.666748e+01	1.229084e-02
-1.656748e+01	1.241667e-02
-1.646748e+01	1.254453e-02
-1.636748e+01	1.267446e-02
-1.626748e+01	1.280652e-02
-1.616748e+01	1.294075e-02
-1.606748e+01	1.307720e-02
-1.596748e+01	1.321592e-02
-1.586748e+01	1.335697e-02
-1.576748e+01	1.350040e-02
-1.566748e+01	1.364626e-02
-1.556748e+01	1.379463e-02
-1.546748e+01	1.394554e-02
-1.536748e+01	1.409908e-02
-1.526748e+01	1.425529e-02
-1.516748e+01	1.441426e-02
-1.506748e+01	1.457604e-02
-1.496748e+01	1.474070e-02
-1.486748e+01	1.490833e-02
-1.476748e+01	1.507898e-02
-1.466748e+01	1.525275e-02
-1.456748e+01	1.542971e-02
-1.446748e+01	1.560995e-02
-1.436748e+01	1.579355e-02
-1.426748e+01	1.598059e-02
-1.416748e+01	1.617118e-02
-1.406748e+01	1.636540e-02
-1.396748e+01	1.656335e-02
-1.386748e+01	1.676515e-02
-1.376748e+01	1.697088e-02
-1.366748e+01	1.718067e-02
-1.356748e+01	1.739462e-02
-1.346748e+01	1.761286e-02
-1.336748e+01	1.783550e-02
-1.326748e+01	1.806268e-02
-1.316748e+01	1.829452e-02
-1.306748e+01	1.853116e-02
-1.296748e+01	1.877275e-02
-1.286748e+01	1.901943e-02
-1.276748e+01	1.927135e-02
-1.266748e+01	1.952868e-02
-1.256748e+01	1.979158e-02
-1.246748e+01	2.006023e-02
-1.236748e+01	2.033480e-02
-1.226748e+01	2.061549e-02
-1.216748e+01	2.090249e-02
-1.206748e+01	2.119600e-02
-1.196748e+01	2.149624e-02
-1.186748e+01	2.180344e-02
-1.176748e+01	2.211782e-02
-1.166748e+01	2.243962e-02
-1.156748e+01	2.276911e-02
-1.146748e+01	2.310655e-02
-1.136748e+01	2.345221e-02
-1.126748e+01	2.380640e-02
-1.116748e+01	2.416940e-02
-1.106748e+01	2.454156e-02
-1.096748e+01	2.492319e-02
-1.086748e+01	2.531466e-02
-1.076748e+01	2.571633e-02
-1.066748e+01	2.612860e-02
-1.056748e+01	2.655187e-02
-1.046748e+01	2.698658e-02
-1.036748e+01	2.743318e-02
-1.026748e+01	2.789214e-02
-1.016748e+01	2.836399e-02
-1.006748e+01	2.884924e-02
-9.967479e+00	2.934846e-02
-9.867479e+00	2.986225e-02
-9.767479e+00	3.039125e-02
-9.667479e+00	3.093610e-02
-9.567479e+00	3.149754e-02
-9.467479e+00	3.207630e-02
-9.367479e+00	3.267319e-02
-9.267479e+00	3.328906e-02
-9.167479e+00	3.392481e-02
-9.067479e+00	3.458141e-02
-8.967479e+00	3.525988e-02
-8.867479e+00	3.596132e-02
-8.767479e+00	3.668692e-02
-8.667479e+00	3.743793e-02
-8.567479e+00	3.821570e-02
-8.467479e+00	3.902169e-02
-8.367479e+00	3.985745e-02
-8.267479e+00	4.072468e-02
-8.167479e+00	4.162518e-02
-8.067479e+00	4.256092e-02
-7.967479e+00	4.353402e-02
-7.867479e+00	4.454681e-02
-7.767479e+00	4.560178e-02
-7.667479e+00	4.670167e-02
-7.567479e+00	4.784948e-02
-7.467479e+00	4.904848e-02
-7.367479e+00	5.030226e-02
-7.267479e+00	5.161477e-02
-7.167479e+00	5.299040e-02
-7.067479e+00	5.443397e-02
-6.967479e+00	5.595087e-02
-6.867479e+00	5.754710e-02
-6.767479e+00	5.922937e-02
-6.667479e+00	6.100525e-02
-6.567479e+00	6.288328e-02
-6.467479e+00	6.487317e-02
-6.367479e+00	6.698599e-02
-6.267479e+00	6.923450e-02
-6.167479e+00	7.163344e-02
-6.067479e+00	7.420002e-02
-5.967479e+00	7.695449e-02
-5.867479e+00	7.992092e-02
-5.767479e+00	8.312827e-02
-5.667479e+00	8.661182e-02
-5.567479e+00	9.041523e-02
-5.467479e+00	9.459360e-02
-5.367479e+00	9.921791e-02
-5.267479e+00	1.043817e-01
-5.167479e+00	1.102093e-01
-5.067479e+00	1.168610e-01
-4.967479e+00	1.245382e-01
-4.867479e+00	1.335679e-01
-4.767479e+00	1.445394e-01
-4.667479e+00	1.583820e-01
-4.567479e+00	1.765851e-01
-4.467479e+00	2.014453e-01
-4.367479e+00	2.351640e-01
-4.267479e+00	2.737322e-01
-4.167479e+00	2.996849e-01
-4.067479e+00	3.081760e-01
-3.967479e+00	3.204890e-01
-3.867479e+00	3.506183e-01
-3.767479e+00	4.040227e-01
-3.667479e+00	4.826029e-01
-3.567479e+00	5.813589e-01
-3.467479e+00	7.102258e-01
-3.367479e+00	8.974942e-01
-3.267479e+00	1.112195e+00
-3.167479e+00	1.258822e+00
-3.067479e+00	1.366939e+00
-2.967479e+00	1.476014e+00
-2.867479e+00	1.466202e+00
-2.767479e+00	1.293457e+00
-2.667479e+00	1.095462e+00
-2.567479e+00	9.903492e-01
-2.467479e+00	9.985274e-01
-2.367479e+00	1.112757e+00
-2.267479e+00	1.296363e+00
-2.167479e+00	1.454487e+00
-2.067479e+00	1.580867e+00
-1.967479e+00	1.750456e+00
-1.867479e+00	1.873825e+00
-1.767479e+00	1.806318e+00
-1.667479e+00	1.655935e+00
-1.567479e+00	1.619218e+00
-1.467479e+00	1.764549e+00
-1.367479e+00	2.099808e+00
-1.267479e+00	2.600848e+00
-1.167479e+00	3.265747e+00
-1.067479e+00	3.975875e+00
-9.674791e-01	4.216535e+00
-8.674791e-01	3.983300e+00
-7.674791e-01	3.883046e+00
-6.674791e-01	3.954929e+00
-5.674791e-01	3.778615e+00
-4.674791e-01	3.452968e+00
-3.674791e-01	3.397289e+00
-2.674791e-01	3.802507e+00
-1.674791e-01	4.801055e+00
-6.747911e-02	6.551817e+00
3.252089e-02	8.801463e+00
1.325209e-01	9.904504e+00
2.325209e-01	8.481887e+00
3.325209e-01	6.143150e+00
4.325209e-01	4.351268e+00
5.325209e-01	3.236113e+00
6.325209e-01	2.589911e+00
7.325209e-01	2.254026e+00
8.325209e-01	2.152260e+00
9.325209e-01	2.274697e+00
1.032521e+00	2.668354e+00
1.132521e+00	3.400935e+00
1.232521e+00	4.334987e+00
1.332521e+00	4.713111e+00
1.432521e+00	4.005342e+00
1.532521e+00	2.965690e+00
1.632521e+00	2.188822e+00
1.732521e+00	1.709931e+00
1.832521e+00	1.431722e+00
1.932521e+00	1.271651e+00
2.032521e+00	1.193252e+00
2.132521e+00	1.196380e+00
2.232521e+00	1.258937e+00
2.332521e+00	1.293993e+00
2.432521e+00	1.260400e+00
2.532521e+00	1.255946e+00
2.632521e+00	1.364178e+00
2.732521e+00	1.630403e+00
2.832521e+00	2.072115e+00
2.932521e+00	2.523609e+00
3.032521e+00	2.540785e+00
3.132521e+00	2.101463e+00
3.232521e+00	1.647479e+00
3.332521e+00	1.355216e+00
3.432521e+00	1.201604e+00
3.532521e+00	1.146674e+00
3.632521e+00	1.172426e+00
3.732521e+00	1.279832e+00
3.832521e+00	1.487791e+00
3.932521e+00	1.835037e+00
4.032521e+00	2.388860e+00
4.132521e+00	3.253094e+00
4.232521e+00	4.406351e+00
4.332521e+00	5.203203e+00
4.432521e+00	4.753059e+00
4.532521e+00	3.592907e+00
4.632521e+00	2.612130e+00
4.732521e+00	1.979759e+00
4.832521e+00	1.596492e+00
4.932521e+00	1.365859e+00
5.032521e+00	1.228844e+00
5.132521e+00	1.152362e+00
5.232521e+00	1.117751e+00
5.332521e+00	1.114439e+00
5.432521e+00	1.136654e+00
5.532521e+00	1.181661e+00
5.632521e+00	1.248847e+00
5.732521e+00	1.339295e+00
5.832521e+00	1.455682e+00
5.932521e+00	1.602427e+00
6.032521e+00	1.786084e+00
6.132521e+00	2.016054e+00
6.232521e+00	2.305742e+00
6.332521e+00	2.674436e+00
6.432521e+00	3.150365e+00
6.532521e+00	3.775809e+00
6.632521e+00	4.615881e+00
6.732521e+00	5.774104e+00
6.832521e+00	7.420857e+00
6.932521e+00	9.846289e+00
7.032521e+00	1.355685e+01
7.132521e+00	1.942561e+01
7.232521e+00	2.874557e+01
7.332521e+00	4.211134e+01
7.432521e+00	5.438649e+01
7.532521e+00	5.340660e+01
7.632521e+00	4.038767e+01
7.732521e+00	2.740887e+01
7.832521e+00	1.855997e+01
7.932521e+00	1.300063e+01
8.032521e+00	9.472059e+00
8.132521e+00	7.152699e+00
8.232521e+00	5.568482e+00
8.332521e+00	4.447268e+00
8.432521e+00	3.628586e+00
8.532521e+00	3.014460e+00
8.632521e+00	2.542939e+00
8.732521e+00	2.173552e+00
8.832521e+00	1.879076e+00
8.932521e+00	1.640703e+00
9.032521e+00	1.445136e+00
9.132521e+00	1.282774e+00
9.232521e+00	1.146557e+00
9.332521e+00	1.031208e+00
9.432521e+00	9.327341e-01
9.532521e+00	8.480827e-01
9.632521e+00	7.749183e-01
9.732521e+00	7.114522e-01
9.832521e+00	6.562078e-01
9.932521e+00	6.074570e-01
1.003252e+01	5.631078e-01
1.013252e+01	5.225428e-01
1.023252e+01	4.861800e-01
1.033252e+01	4.538033e-01
1.043252e+01	4.248693e-01
1.053252e+01	3.988820e-01
1.063252e+01	3.754490e-01
1.073252e+01	3.542639e-01
1.083252e+01	3.350866e-01
1.093252e+01	3.177321e-01
1.103252e+01	3.020668e-01
1.113252e+01	2.880111e-01
1.123252e+01	2.755514e-01
1.133252e+01	2.647680e-01
1.143252e+01	2.558891e-01
1.153252e+01	2.493923e-01
1.163252e+01	2.461895e-01
1.173252e+01	2.478942e-01
1.183252e+01	2.567388e-01
1.193252e+01	2.726212e-01
1.203252e+01	2.833042e-01
1.213252e+01	2.698816e-01
1.223252e+01	2.419513e-01
1.233252e+01	2.174674e-01
1.243252e+01	1.988585e-01
1.253252e+01	1.842543e-01
1.263252e+01	1.720125e-01
1.273252e+01	1.611889e-01
1.283252e+01	1.521071e-01
1.293252e+01	1.447530e-01
1.303252e+01	1.388652e-01
1.313252e+01	1.342178e-01
1.323252e+01	1.307559e-01
1.333252e+01	1.283760e-01
1.343252e+01	1.260307e-01
1.353252e+01	1.219418e-01
1.363252e+01	1.165444e-01
1.373252e+01	1.115650e-01
1.383252e+01	1.076775e-01
1.393252e+01	1.050108e-01
1.403252e+01	1.036332e-01
1.413252e+01	1.032727e-01
1.423252e+01	1.022589e-01
1.433252e+01	9.863007e-02
1.443252e+01	9.347306e-02
1.453252e+01	8.875663e-02
1.463252e+01	8.497152e-02
1.473252e+01	8.192740e-02
1.483252e+01	7.942408e-02
1.493252e+01	7.734877e-02
1.503252e+01	7.563825e-02
1.513252e+01	7.415471e-02
1.523252e+01	7.262136e-02
1.533252e+01	7.081815e-02
1.543252e+01	6.876190e-02
1.553252e+01	6.676561e-02
1.563252e+01	6.499338e-02
1.573252e+01	6.342565e-02
1.583252e+01	6.201462e-02
1.593252e+01	6.072738e-02
1.603252e+01	5.954446e-02
1.613252e+01	5.845722e-02
1.623252e+01	5.746760e-02
1.633252e+01	5.658403e-02
1.643252e+01	5.582198e-02
1.653252e+01	5.520905e-02
1.663252e+01	5.479327e-02
1.673252e+01	5.465797e-02
1.683252e+01	5.494419e-02
1.693252e+01	5.585581e-02
1.703252e+01	5.748212e-02
1.713252e+01	5.910033e-02
1.723252e+01	5.931816e-02
1.733252e+01	5.883360e-02
1.743252e+01	5.938433e-02
1.753252e+01	6.110683e-02
1.763252e+01	6.266083e-02
1.773252e+01	6.339417e-02
1.783252e+01	6.409075e-02
1.793252e+01	6.573632e-02
1.803252e+01	6.886978e-02
1.813252e+01	7.163656e-02
1.823252e+01	7.290059e-02
1.833252e+01	7.489774e-02
1.843252e+01	7.942911e-02
1.853252e+01	8.582023e-02
1.863252e+01	9.260643e-02
1.873252e+01	1.033436e-01
1.883252e+01	1.194667e-01
1.893252e+01	1.289775e-01
1.903252e+01	1.205579e-01
1.913252e+01	1.072779e-01
1.923252e+01	1.023728e-01
1.933252e+01	1.077616e-01
1.943252e+01	1.170131e-01
1.953252e+01	1.165744e-01
1.963252e+01	1.057159e-01
1.973252e+01	9.612414e-02
1.983252e+01	9.333062e-02
1.993252e+01	9.950569e-02
2.003252e+01	1.145391e-01
2.013252e+01	1.292453e-01
2.023252e+01	1.253006e-01
2.033252e+01	1.053591e-01
2.043252e+01	8.726204e-02
2.053252e+01	7.516092e-02
2.063252e+01	6.566702e-02
2.073252e+01	5.857796e-02
2.083252e+01	5.501123e-02
2.093252e+01	5.403198e-02
2.103252e+01	5.233586e-02
2.113252e+01	4.821435e-02
2.123252e+01	4.423339e-02
2.133252e+01	4.171360e-02
2.143252e+01	3.945201e-02
2.153252e+01	3.657449e-02
2.163252e+01	3.394329e-02
2.173252e+01	3.212608e-02
2.183252e+01	3.108179e-02
2.193252e+01	3.070274e-02
2.203252e+01	3.098888e-02
2.213252e+01	3.196679e-02
2.223252e+01	3.357391e-02
2.233252e+01	3.568292e-02
2.243252e+01	3.757533e-02
2.253252e+01	3.802944e-02
2.263252e+01	3.590304e-02
2.273252e+01	3.267882e-02
2.283252e+01	3.041778e-02
2.293252e+01	2.953881e-02
2.303252e+01	2.958811e-02
2.313252e+01	2.934053e-02
2.323252e+01	2.803844e-02
2.333252e+01	2.666328e-02
2.343252e+01	2.602328e-02
2.353252e+01	2.619921e-02
2.363252e+01	2.678165e-02
2.373252e+01	2.693366e-02
2.383252e+01	2.628854e-02
2.393252e+01	2.524604e-02
2.403252e+01	2.427546e-02
2.413252e+01	2.365020e-02
2.423252e+01	2.332691e-02
2.433252e+01	2.316276e-02
2.443252e+01	2.336541e-02
2.453252e+01	2.408815e-02
2.463252e+01	2.502725e-02
2.473252e+01	2.563030e-02
2.483252e+01	2.599563e-02
2.493252e+01	2.664288e-02
2.503252e+01	2.792987e-02
2.513252e+01	2.955171e-02
2.523252e+01	3.021162e-02
2.533252e+01	2.991640e-02
2.543252e+01	2.977068e-02
2.553252e+01	3.029062e-02
2.563252e+01	3.115017e-02
2.573252e+01	3.188702e-02
2.583252e+01	3.167959e-02
2.593252e+01	3.091278e-02
2.603252e+01	3.081485e-02
2.613252e+01	3.214215e-02
2.623252e+01	3.544133e-02
2.633252e+01	4.114811e-02
2.643252e+01	4.918535e-02
2.653252e+01	5.871591e-02
2.663252e+01	6.820057e-02
2.673252e+01	7.737500e-02
2.683252e+01	8.810115e-02
2.693252e+01	9.909397e-02
2.703252e+01	1.005903e-01
2.713252e+01	9.036407e-02
2.723252e+01	7.899836e-02
2.733252e+01	6.793307e-02
2.743252e+01	5.690059e-02
2.753252e+01	4.898765e-02
2.763252e+01	4.419269e-02
2.773252e+01	4.068555e-02
2.783252e+01	3.812479e-02
2.793252e+01	3.670082e-02
2.803252e+01	3.667062e-02
2.813252e+01	3.804846e-02
2.823252e+01	3.945859e-02
2.833252e+01	4.033430e-02
2.843252e+01	4.250363e-02
2.853252e+01	4.779716e-02
2.863252e+01	5.529944e-02
2.873252e+01	6.242331e-02
2.883252e+01	6.438814e-02
2.893252e+01	5.668981e-02
2.903252e+01	4.591853e-02
2.913252e+01	3.830953e-02
2.923252e+01	3.453190e-02
2.933252e+01	3.387617e-02
2.943252e+01	3.572248e-02
2.953252e+01	3.950775e-02
2.963252e+01	4.549833e-02
2.973252e+01	5.274712e-02
2.983252e+01	5.561600e-02
2.993252e+01	5.276178e-02
3.003252e+01	5.051187e-02
3.013252e+01	5.232367e-02
3.023252e+01	5.493134e-02
3.033252e+01	5.170685e-02
3.043252e+01	4.494624e-02
3.053252e+01	4.038614e-02
3.063252e+01	3.792589e-02
3.073252e+01	3.528687e-02
3.083252e+01	3.334077e-02
3.093252e+01	3.363494e-02
3.103252e+01	3.477737e-02
3.113252e+01	3.299850e-02
3.123252e+01	2.848677e-02
3.133252e+01	2.429597e-02
3.143252e+01	2.159298e-02
3.153252e+01	2.030432e-02
3.163252e+01	2.001839e-02
3.173252e+01	2.049444e-02
3.183252e+01	2.115204e-02
3.193252e+01	2.057658e-02
3.203252e+01	1.897404e-02
3.213252e+01	1.780666e-02
3.223252e+01	1.762676e-02
3.233252e+01	1.844614e-02
3.243252e+01	2.023984e-02
3.253252e+01	2.311506e-02
3.263252e+01	2.688012e-02
3.273252e+01	2.957175e-02
3.283252e+01	2.929202e-02
3.293252e+01	2.757578e-02
3.303252e+01	2.465063e-02
3.313252e+01	2.074086e-02
3.323252e+01	1.743130e-02
3.333252e+01	1.517436e-02
3.343252e+01	1.377130e-02
3.353252e+01	1.302820e-02
3.363252e+01	1.285435e-02
3.373252e+01	1.326541e-02
3.383252e+01	1.425457e-02
3.393252e+01	1.529958e-02
3.403252e+01	1.520570e-02
3.413252e+01	1.397309e-02
3.423252e+01	1.278796e-02
3.433252e+01	1.199351e-02
3.443252e+01	1.140726e-02
3.453252e+01	1.096671e-02
3.463252e+01	1.059389e-02
3.473252e+01	1.016393e-02
3.483252e+01	9.672097e-03
3.493252e+01	9.238117e-03
3.503252e+01	8.940230e-03
3.513252e+01	8.760943e-03
3.523252e+01	8.679484e-03
3.533252e+01	8.706327e-03
3.543252e+01	8.860369e-03
3.553252e+01	9.205896e-03
3.563252e+01	9.861189e-03
3.573252e+01	1.095526e-02
3.583252e+01	1.235245e-02
3.593252e+01	1.304473e-02
3.603252e+01	1.215702e-02
3.613252e+01	1.067874e-02
3.623252e+01	9.537672e-03
3.633252e+01	8.826467e-03
3.643252e+01	8.418951e-03
3.653252e+01	8.218005e-03
3.663252e+01	8.179217e-03
3.673252e+01	8.301733e-03
3.683252e+01	8.623552e-03
3.693252e+01	9.200977e-03
3.703252e+01	9.968570e-03
3.713252e+01	1.046568e-02
3.723252e+01	1.033866e-02
3.733252e+01	1.006546e-02
3.743252e+01	1.008019e-02
3.753252e+01	1.039643e-02
3.763252e+01	1.087492e-02
3.773252e+01	1.172660e-02
3.783252e+01	1.336996e-02
3.793252e+01	1.576801e-02
3.803252e+01	1.749600e-02
3.813252e+01	1.684820e-02
3.823252e+01	1.496116e-02
3.833252e+01	1.314329e-02
3.843252e+01	1.164974e-02
3.853252e+01	1.061327e-02
3.863252e+01	9.998893e-03
3.873252e+01	9.762741e-03
3.883252e+01	9.856991e-03
3.893252e+01	1.027547e-02
3.903252e+01	1.103935e-02
3.913252e+01	1.209487e-02
3.923252e+01	1.329779e-02
3.933252e+01	1.391747e-02
3.943252e+01	1.338400e-02
3.953252e+01	1.248408e-02
3.963252e+01	1.194207e-02
3.973252e+01	1.182370e-02
3.983252e+01	1.208148e-02
3.993252e+01	1.282662e-02
4.003252e+01	1.422630e-02
4.013252e+01	1.656364e-02
4.023252e+01	2.039072e-02
4.033252e+01	2.644649e-02
4.043252e+01	3.509812e-02
4.053252e+01	4.440575e-02
4.063252e+01	4.844011e-02
4.073252e+01	4.511497e-02
4.083252e+01	4.060890e-02
4.093252e+01	3.836599e-02
4.103252e+01	3.602018e-02
4.113252e+01	3.114800e-02
4.123252e+01	2.559369e-02
4.133252e+01	2.110945e-02
4.143252e+01	1.796058e-02
4.153252e+01	1.612750e-02
4.163252e+01	1.522130e-02
4.173252e+01	1.465667e-02
4.183252e+01	1.421566e-02
4.193252e+01	1.399497e-02
4.203252e+01	1.432541e-02
4.213252e+01	1.572592e-02
4.223252e+01	1.856704e-02
4.233252e+01	2.269743e-02
4.243252e+01	2.580422e-02
4.253252e+01	2.470049e-02
4.263252e+01	2.158116e-02
4.273252e+01	1.993358e-02
4.283252e+01	2.021703e-02
4.293252e+01	2.074150e-02
4.303252e+01	1.985845e-02
4.313252e+01	1.740563e-02
4.323252e+01	1.413747e-02
4.333252e+01	1.139844e-02
4.343252e+01	9.555294e-03
4.353252e+01	8.388292e-03
4.363252e+01	7.637316e-03
4.373252e+01	7.073228e-03
4.383252e+01	6.581077e-03
4.393252e+01	6.186331e-03
4.403252e+01	5.901544e-03
4.413252e+01	5.710636e-03
4.423252e+01	5.602152e-03
4.433252e+01	5.578875e-03
4.443252e+01	5.654903e-03
4.453252e+01	5.821153e-03
4.463252e+01	5.945275e-03
4.473252e+01	5.850285e-03
4.483252e+01	5.657385e-03
4.493252e+01	5.560071e-03
4.503252e+01	5.604300e-03
4.513252e+01	5.780854e-03
4.523252e+01	6.137698e-03
4.533252e+01	6.772655e-03
4.543252e+01	7.596092e-03
4.553252e+01	7.978330e-03
4.563252e+01	7.449601e-03
4.573252e+01	6.609129e-03
4.583252e+01	5.933600e-03
4.593252e+01	5.486562e-03
4.603252e+01	5.230572e-03
4.613252e+01	5.117159e-03
4.623252e+01	5.118750e-03
4.633252e+01	5.234891e-03
4.643252e+01	5.494539e-03
4.653252e+01	5.962984e-03
4.663252e+01	6.734245e-03
4.673252e+01	7.795008e-03
4.683252e+01	8.596182e-03
4.693252e+01	8.338219e-03
4.703252e+01	7.477838e-03
4.713252e+01	6.817827e-03
4.723252e+01	6.544244e-03
4.733252e+01	6.627612e-03
4.743252e+01	7.069341e-03
4.753252e+01	7.960681e-03
4.763252e+01	9.504070e-03
4.773252e+01	1.193188e-02
4.783252e+01	1.489686e-02
4.793252e+01	1.645025e-02
4.803252e+01	1.549871e-02
4.813252e+01	1.428719e-02
4.823252e+01	1.446253e-02
4.833252e+01	1.590575e-02
4.843252e+01	1.698237e-02
4.853252e+01	1.551857e-02
4.863252e+01	1.260105e-02
4.873252e+01	1.023689e-02
4.883252e+01	8.612564e-03
4.893252e+01	7.345175e-03
4.903252e+01	6.394354e-03
4.913252e+01	5.769990e-03
4.923252e+01	5.409798e-03
4.933252e+01	5.265877e-03
4.943252e+01	5.332681e-03
4.953252e+01	5.627233e-03
4.963252e+01	6.092017e-03
4.973252e+01	6.510988e-03
4.983252e+01	6.697654e-03
4.993252e+01	6.385409e-03
5.003252e+01	5.634219e-03
5.013252e+01	4.929411e-03
5.023252e+01	4.447171e-03
5.033252e+01	4.144747e-03
5.043252e+01	3.962058e-03
5.053252e+01	3.863115e-03
5.063252e+01	3.833491e-03
5.073252e+01	3.876780e-03
5.083252e+01	4.014519e-03
5.093252e+01	4.281558e-03
5.103252e+01	4.671061e-03
5.113252e+01	4.963728e-03
5.123252e+01	4.843166e-03
5.133252e+01	4.491487e-03
5.143252e+01	4.231153e-03
5.153252e+01	4.155327e-03
5.163252e+01	4.277560e-03
5.173252e+01	4.605848e-03
5.183252e+01	5.038437e-03
5.193252e+01	5.188798e-03
5.203252e+01	4.882075e-03
5.213252e+01	4.525810e-03
5.223252e+01	4.394403e-03
5.233252e+01	4.506125e-03
5.243252e+01	4.699117e-03
5.253252e+01	4.657731e-03
5.263252e+01	4.393697e-03
5.273252e+01	4.159597e-03
5.283252e+01	3.940579e-03
5.293252e+01	3.654510e-03
5.303252e+01	3.387410e-03
5.313252e+01	3.195945e-03
5.323252e+01	3.068700e-03
5.333252e+01	2.984631e-03
5.343252e+01	2.929920e-03
5.353252e+01	2.897602e-03
5.363252e+01	2.885426e-03
5.373252e+01	2.893330e-03
5.383252e+01	2.920269e-03
5.393252e+01	2.969694e-03
5.403252e+01	3.047113e-03
5.413252e+01	3.121767e-03
5.423252e+01	3.159875e-03
5.433252e+01	3.186430e-03
5.443252e+01	3.182087e-03
5.453252e+01	3.115018e-03
5.463252e+01	3.011756e-03
5.473252e+01	2.901865e-03
5.483252e+01	2.812695e-03
5.493252e+01	2.755692e-03
5.503252e+01	2.725946e-03
5.513252e+01	2.718087e-03
5.523252e+01	2.731794e-03
5.533252e+01	2.772466e-03
5.543252e+01	2.851097e-03
5.553252e+01	2.975750e-03
5.563252e+01	3.106910e-03
5.573252e+01	3.122542e-03
5.583252e+01	3.003598e-03
5.593252e+01	2.873259e-03
5.603252e+01	2.787709e-03
5.613252e+01	2.742860e-03
5.623252e+01	2.726242e-03
5.633252e+01	2.727101e-03
5.643252e+01	2.736799e-03
5.653252e+01	2.756623e-03
5.663252e+01	2.793920e-03
5.673252e+01	2.855268e-03
5.683252e+01	2.945515e-03
5.693252e+01	3.054541e-03
5.703252e+01	3.148614e-03
5.713252e+01	3.223629e-03
5.723252e+01	3.296828e-03
5.733252e+01	3.387864e-03
5.743252e+01	3.542076e-03
5.753252e+01	3.794108e-03
5.763252e+01	4.169658e-03
5.773252e+01	4.654633e-03
5.783252e+01	5.184700e-03
5.793252e+01	5.747085e-03
5.803252e+01	6.311339e-03
5.813252e+01	6.708219e-03
5.823252e+01	6.843291e-03
5.833252e+01	6.922176e-03
5.843252e+01	7.169195e-03
5.853252e+01	7.635566e-03
5.863252e+01	8.067009e-03
5.873252e+01	8.229019e-03
5.883252e+01	8.580723e-03
5.893252e+01	9.603180e-03
5.903252e+01	1.159216e-02
5.913252e+01	1.490261e-02
5.923252e+01	1.955429e-02
5.933252e+01	2.420949e-02
5.943252e+01	2.695639e-02
5.953252e+01	2.709455e-02
5.963252e+01	2.661753e-02
5.973252e+01	2.739325e-02
5.983252e+01	2.672245e-02
5.993252e+01	2.265377e-02
6.003252e+01	1.803588e-02
6.013252e+01	1.508320e-02
6.023252e+01	1.352642e-02
6.033252e+01	1.194732e-02
6.043252e+01	9.948025e-03
6.053252e+01	8.276001e-03
6.063252e+01	7.150306e-03
6.073252e+01	6.387092e-03
6.083252e+01	5.777674e-03
6.093252e+01	5.246186e-03
6.103252e+01	4.855785e-03
6.113252e+01	4.646106e-03
6.123252e+01	4.633966e-03
6.133252e+01	4.864795e-03
6.143252e+01	5.418139e-03
6.153252e+01	6.328748e-03
6.163252e+01	7.227532e-03
6.173252e+01	7.276894e-03
6.183252e+01	6.584088e-03
6.193252e+01	5.903579e-03
6.203252e+01	5.314949e-03
6.213252e+01	4.687436e-03
6.223252e+01	4.169270e-03
6.233252e+01	3.839929e-03
6.243252e+01	3.670331e-03
6.253252e+01	3.630272e-03
6.263252e+01	3.708148e-03
6.273252e+01	3.914459e-03
6.283252e+01	4.287947e-03
6.293252e+01	4.909308e-03
6.303252e+01	5.927908e-03
6.313252e+01	7.592971e-03
6.323252e+01	1.017890e-02
6.333252e+01	1.331823e-02
6.343252e+01	1.472375e-02
