#RPA-results:
#Nucleus: Ni 80
#Fermi level: -1.541935e+00	-1.810941e+01
#Excitation: 1 +
#Total number of pairs: 494
#Number of ph-/ah-pairs: 494/0
#Maximal excitation-energy for particle-hole-pairs: 100
#Maximal excitation-energy for antiparticle-hole-pairs: 1000
#No imaginary eigenvalues

#Parameterset: DD-PC1
#natural parity: no
#Isoscalar result:

#width: 5.000000e-01
#maximum value: 1.092399e-02
#at energy: 6.343252e+01
-9.656748e+01	4.813745e-04
-9.646748e+01	4.822891e-04
-9.636748e+01	4.832063e-04
-9.626748e+01	4.841261e-04
-9.616748e+01	4.850486e-04
-9.606748e+01	4.859737e-04
-9.596748e+01	4.869014e-04
-9.586748e+01	4.878319e-04
-9.576748e+01	4.887650e-04
-9.566748e+01	4.897007e-04
-9.556748e+01	4.906392e-04
-9.546748e+01	4.915804e-04
-9.536748e+01	4.925243e-04
-9.526748e+01	4.934709e-04
-9.516748e+01	4.944203e-04
-9.506748e+01	4.953724e-04
-9.496748e+01	4.963273e-04
-9.486748e+01	4.972849e-04
-9.476748e+01	4.982453e-04
-9.466748e+01	4.992085e-04
-9.456748e+01	5.001745e-04
-9.446748e+01	5.011434e-04
-9.436748e+01	5.021150e-04
-9.426748e+01	5.030895e-04
-9.416748e+01	5.040668e-04
-9.406748e+01	5.050470e-04
-9.396748e+01	5.060300e-04
-9.386748e+01	5.070159e-04
-9.376748e+01	5.080048e-04
-9.366748e+01	5.089965e-04
-9.356748e+01	5.099911e-04
-9.346748e+01	5.109886e-04
-9.336748e+01	5.119891e-04
-9.326748e+01	5.129925e-04
-9.316748e+01	5.139989e-04
-9.306748e+01	5.150083e-04
-9.296748e+01	5.160206e-04
-9.286748e+01	5.170360e-04
-9.276748e+01	5.180543e-04
-9.266748e+01	5.190757e-04
-9.256748e+01	5.201000e-04
-9.246748e+01	5.211275e-04
-9.236748e+01	5.221579e-04
-9.226748e+01	5.231915e-04
-9.216748e+01	5.242281e-04
-9.206748e+01	5.252678e-04
-9.196748e+01	5.263106e-04
-9.186748e+01	5.273566e-04
-9.176748e+01	5.284056e-04
-9.166748e+01	5.294578e-04
-9.156748e+01	5.305131e-04
-9.146748e+01	5.315717e-04
-9.136748e+01	5.326333e-04
-9.126748e+01	5.336982e-04
-9.116748e+01	5.347663e-04
-9.106748e+01	5.358376e-04
-9.096748e+01	5.369121e-04
-9.086748e+01	5.379899e-04
-9.076748e+01	5.390709e-04
-9.066748e+01	5.401552e-04
-9.056748e+01	5.412428e-04
-9.046748e+01	5.423336e-04
-9.036748e+01	5.434278e-04
-9.026748e+01	5.445253e-04
-9.016748e+01	5.456261e-04
-9.006748e+01	5.467303e-04
-8.996748e+01	5.478378e-04
-8.986748e+01	5.489488e-04
-8.976748e+01	5.500631e-04
-8.966748e+01	5.511808e-04
-8.956748e+01	5.523019e-04
-8.946748e+01	5.534264e-04
-8.936748e+01	5.545544e-04
-8.926748e+01	5.556859e-04
-8.916748e+01	5.568208e-04
-8.906748e+01	5.579593e-04
-8.896748e+01	5.591012e-04
-8.886748e+01	5.602466e-04
-8.876748e+01	5.613956e-04
-8.866748e+01	5.625481e-04
-8.856748e+01	5.637042e-04
-8.846748e+01	5.648638e-04
-8.836748e+01	5.660270e-04
-8.826748e+01	5.671939e-04
-8.816748e+01	5.683644e-04
-8.806748e+01	5.695384e-04
-8.796748e+01	5.707162e-04
-8.786748e+01	5.718976e-04
-8.776748e+01	5.730827e-04
-8.766748e+01	5.742715e-04
-8.756748e+01	5.754640e-04
-8.746748e+01	5.766602e-04
-8.736748e+01	5.778602e-04
-8.726748e+01	5.790639e-04
-8.716748e+01	5.802714e-04
-8.706748e+01	5.814826e-04
-8.696748e+01	5.826977e-04
-8.686748e+01	5.839166e-04
-8.676748e+01	5.851394e-04
-8.666748e+01	5.863660e-04
-8.656748e+01	5.875964e-04
-8.646748e+01	5.888308e-04
-8.636748e+01	5.900691e-04
-8.626748e+01	5.913112e-04
-8.616748e+01	5.925573e-04
-8.606748e+01	5.938074e-04
-8.596748e+01	5.950614e-04
-8.586748e+01	5.963194e-04
-8.576748e+01	5.975814e-04
-8.566748e+01	5.988475e-04
-8.556748e+01	6.001175e-04
-8.546748e+01	6.013917e-04
-8.536748e+01	6.026699e-04
-8.526748e+01	6.039521e-04
-8.516748e+01	6.052385e-04
-8.506748e+01	6.065290e-04
-8.496748e+01	6.078237e-04
-8.486748e+01	6.091225e-04
-8.476748e+01	6.104255e-04
-8.466748e+01	6.117327e-04
-8.456748e+01	6.130441e-04
-8.446748e+01	6.143597e-04
-8.436748e+01	6.156796e-04
-8.426748e+01	6.170037e-04
-8.416748e+01	6.183321e-04
-8.406748e+01	6.196649e-04
-8.396748e+01	6.210019e-04
-8.386748e+01	6.223433e-04
-8.376748e+01	6.236891e-04
-8.366748e+01	6.250392e-04
-8.356748e+01	6.263938e-04
-8.346748e+01	6.277527e-04
-8.336748e+01	6.291161e-04
-8.326748e+01	6.304840e-04
-8.316748e+01	6.318563e-04
-8.306748e+01	6.332331e-04
-8.296748e+01	6.346145e-04
-8.286748e+01	6.360003e-04
-8.276748e+01	6.373908e-04
-8.266748e+01	6.387858e-04
-8.256748e+01	6.401854e-04
-8.246748e+01	6.415896e-04
-8.236748e+01	6.429984e-04
-8.226748e+01	6.444119e-04
-8.216748e+01	6.458301e-04
-8.206748e+01	6.472530e-04
-8.196748e+01	6.486806e-04
-8.186748e+01	6.501129e-04
-8.176748e+01	6.515500e-04
-8.166748e+01	6.529919e-04
-8.156748e+01	6.544386e-04
-8.146748e+01	6.558901e-04
-8.136748e+01	6.573465e-04
-8.126748e+01	6.588077e-04
-8.116748e+01	6.602738e-04
-8.106748e+01	6.617448e-04
-8.096748e+01	6.632208e-04
-8.086748e+01	6.647017e-04
-8.076748e+01	6.661876e-04
-8.066748e+01	6.676785e-04
-8.056748e+01	6.691744e-04
-8.046748e+01	6.706754e-04
-8.036748e+01	6.721814e-04
-8.026748e+01	6.736925e-04
-8.016748e+01	6.752087e-04
-8.006748e+01	6.767301e-04
-7.996748e+01	6.782566e-04
-7.986748e+01	6.797883e-04
-7.976748e+01	6.813253e-04
-7.966748e+01	6.828674e-04
-7.956748e+01	6.844148e-04
-7.946748e+01	6.859675e-04
-7.936748e+01	6.875255e-04
-7.926748e+01	6.890888e-04
-7.916748e+01	6.906575e-04
-7.906748e+01	6.922315e-04
-7.896748e+01	6.938110e-04
-7.886748e+01	6.953958e-04
-7.876748e+01	6.969862e-04
-7.866748e+01	6.985820e-04
-7.856748e+01	7.001832e-04
-7.846748e+01	7.017901e-04
-7.836748e+01	7.034024e-04
-7.826748e+01	7.050204e-04
-7.816748e+01	7.066440e-04
-7.806748e+01	7.082731e-04
-7.796748e+01	7.099080e-04
-7.786748e+01	7.115485e-04
-7.776748e+01	7.131947e-04
-7.766748e+01	7.148467e-04
-7.756748e+01	7.165044e-04
-7.746748e+01	7.181679e-04
-7.736748e+01	7.198373e-04
-7.726748e+01	7.215124e-04
-7.716748e+01	7.231935e-04
-7.706748e+01	7.248804e-04
-7.696748e+01	7.265733e-04
-7.686748e+01	7.282721e-04
-7.676748e+01	7.299769e-04
-7.666748e+01	7.316877e-04
-7.656748e+01	7.334045e-04
-7.646748e+01	7.351274e-04
-7.636748e+01	7.368565e-04
-7.626748e+01	7.385916e-04
-7.616748e+01	7.403329e-04
-7.606748e+01	7.420803e-04
-7.596748e+01	7.438340e-04
-7.586748e+01	7.455939e-04
-7.576748e+01	7.473601e-04
-7.566748e+01	7.491326e-04
-7.556748e+01	7.509114e-04
-7.546748e+01	7.526966e-04
-7.536748e+01	7.544881e-04
-7.526748e+01	7.562861e-04
-7.516748e+01	7.580906e-04
-7.506748e+01	7.599015e-04
-7.496748e+01	7.617189e-04
-7.486748e+01	7.635429e-04
-7.476748e+01	7.653735e-04
-7.466748e+01	7.672107e-04
-7.456748e+01	7.690545e-04
-7.446748e+01	7.709050e-04
-7.436748e+01	7.727622e-04
-7.426748e+01	7.746261e-04
-7.416748e+01	7.764968e-04
-7.406748e+01	7.783743e-04
-7.396748e+01	7.802587e-04
-7.386748e+01	7.821499e-04
-7.376748e+01	7.840480e-04
-7.366748e+01	7.859531e-04
-7.356748e+01	7.878651e-04
-7.346748e+01	7.897841e-04
-7.336748e+01	7.917102e-04
-7.326748e+01	7.936434e-04
-7.316748e+01	7.955836e-04
-7.306748e+01	7.975310e-04
-7.296748e+01	7.994856e-04
-7.286748e+01	8.014474e-04
-7.276748e+01	8.034165e-04
-7.266748e+01	8.053928e-04
-7.256748e+01	8.073765e-04
-7.246748e+01	8.093675e-04
-7.236748e+01	8.113659e-04
-7.226748e+01	8.133718e-04
-7.216748e+01	8.153851e-04
-7.206748e+01	8.174059e-04
-7.196748e+01	8.194343e-04
-7.186748e+01	8.214702e-04
-7.176748e+01	8.235138e-04
-7.166748e+01	8.255651e-04
-7.156748e+01	8.276240e-04
-7.146748e+01	8.296907e-04
-7.136748e+01	8.317651e-04
-7.126748e+01	8.338474e-04
-7.116748e+01	8.359375e-04
-7.106748e+01	8.380355e-04
-7.096748e+01	8.401414e-04
-7.086748e+01	8.422553e-04
-7.076748e+01	8.443772e-04
-7.066748e+01	8.465072e-04
-7.056748e+01	8.486453e-04
-7.046748e+01	8.507915e-04
-7.036748e+01	8.529458e-04
-7.026748e+01	8.551084e-04
-7.016748e+01	8.572793e-04
-7.006748e+01	8.594585e-04
-6.996748e+01	8.616460e-04
-6.986748e+01	8.638419e-04
-6.976748e+01	8.660462e-04
-6.966748e+01	8.682590e-04
-6.956748e+01	8.704803e-04
-6.946748e+01	8.727102e-04
-6.936748e+01	8.749487e-04
-6.926748e+01	8.771959e-04
-6.916748e+01	8.794517e-04
-6.906748e+01	8.817163e-04
-6.896748e+01	8.839897e-04
-6.886748e+01	8.862719e-04
-6.876748e+01	8.885630e-04
-6.866748e+01	8.908630e-04
-6.856748e+01	8.931720e-04
-6.846748e+01	8.954900e-04
-6.836748e+01	8.978170e-04
-6.826748e+01	9.001532e-04
-6.816748e+01	9.024985e-04
-6.806748e+01	9.048531e-04
-6.796748e+01	9.072169e-04
-6.786748e+01	9.095900e-04
-6.776748e+01	9.119725e-04
-6.766748e+01	9.143643e-04
-6.756748e+01	9.167657e-04
-6.746748e+01	9.191765e-04
-6.736748e+01	9.215969e-04
-6.726748e+01	9.240269e-04
-6.716748e+01	9.264665e-04
-6.706748e+01	9.289158e-04
-6.696748e+01	9.313750e-04
-6.686748e+01	9.338439e-04
-6.676748e+01	9.363227e-04
-6.666748e+01	9.388114e-04
-6.656748e+01	9.413101e-04
-6.646748e+01	9.438188e-04
-6.636748e+01	9.463375e-04
-6.626748e+01	9.488664e-04
-6.616748e+01	9.514055e-04
-6.606748e+01	9.539549e-04
-6.596748e+01	9.565145e-04
-6.586748e+01	9.590845e-04
-6.576748e+01	9.616649e-04
-6.566748e+01	9.642557e-04
-6.556748e+01	9.668571e-04
-6.546748e+01	9.694691e-04
-6.536748e+01	9.720917e-04
-6.526748e+01	9.747250e-04
-6.516748e+01	9.773690e-04
-6.506748e+01	9.800239e-04
-6.496748e+01	9.826896e-04
-6.486748e+01	9.853663e-04
-6.476748e+01	9.880539e-04
-6.466748e+01	9.907526e-04
-6.456748e+01	9.934624e-04
-6.446748e+01	9.961834e-04
-6.436748e+01	9.989157e-04
-6.426748e+01	1.001659e-03
-6.416748e+01	1.004414e-03
-6.406748e+01	1.007180e-03
-6.396748e+01	1.009958e-03
-6.386748e+01	1.012748e-03
-6.376748e+01	1.015548e-03
-6.366748e+01	1.018361e-03
-6.356748e+01	1.021186e-03
-6.346748e+01	1.024022e-03
-6.336748e+01	1.026870e-03
-6.326748e+01	1.029730e-03
-6.316748e+01	1.032602e-03
-6.306748e+01	1.035486e-03
-6.296748e+01	1.038382e-03
-6.286748e+01	1.041291e-03
-6.276748e+01	1.044211e-03
-6.266748e+01	1.047145e-03
-6.256748e+01	1.050090e-03
-6.246748e+01	1.053048e-03
-6.236748e+01	1.056019e-03
-6.226748e+01	1.059002e-03
-6.216748e+01	1.061998e-03
-6.206748e+01	1.065007e-03
-6.196748e+01	1.068028e-03
-6.186748e+01	1.071063e-03
-6.176748e+01	1.074110e-03
-6.166748e+01	1.077171e-03
-6.156748e+01	1.080245e-03
-6.146748e+01	1.083332e-03
-6.136748e+01	1.086432e-03
-6.126748e+01	1.089546e-03
-6.116748e+01	1.092673e-03
-6.106748e+01	1.095813e-03
-6.096748e+01	1.098968e-03
-6.086748e+01	1.102136e-03
-6.076748e+01	1.105317e-03
-6.066748e+01	1.108513e-03
-6.056748e+01	1.111722e-03
-6.046748e+01	1.114946e-03
-6.036748e+01	1.118184e-03
-6.026748e+01	1.121436e-03
-6.016748e+01	1.124702e-03
-6.006748e+01	1.127982e-03
-5.996748e+01	1.131277e-03
-5.986748e+01	1.134586e-03
-5.976748e+01	1.137910e-03
-5.966748e+01	1.141249e-03
-5.956748e+01	1.144603e-03
-5.946748e+01	1.147971e-03
-5.936748e+01	1.151354e-03
-5.926748e+01	1.154753e-03
-5.916748e+01	1.158166e-03
-5.906748e+01	1.161595e-03
-5.896748e+01	1.165039e-03
-5.886748e+01	1.168498e-03
-5.876748e+01	1.171973e-03
-5.866748e+01	1.175464e-03
-5.856748e+01	1.178970e-03
-5.846748e+01	1.182492e-03
-5.836748e+01	1.186030e-03
-5.826748e+01	1.189584e-03
-5.816748e+01	1.193154e-03
-5.806748e+01	1.196740e-03
-5.796748e+01	1.200342e-03
-5.786748e+01	1.203961e-03
-5.776748e+01	1.207596e-03
-5.766748e+01	1.211248e-03
-5.756748e+01	1.214916e-03
-5.746748e+01	1.218601e-03
-5.736748e+01	1.222303e-03
-5.726748e+01	1.226022e-03
-5.716748e+01	1.229758e-03
-5.706748e+01	1.233512e-03
-5.696748e+01	1.237282e-03
-5.686748e+01	1.241070e-03
-5.676748e+01	1.244876e-03
-5.666748e+01	1.248699e-03
-5.656748e+01	1.252540e-03
-5.646748e+01	1.256398e-03
-5.636748e+01	1.260275e-03
-5.626748e+01	1.264170e-03
-5.616748e+01	1.268082e-03
-5.606748e+01	1.272013e-03
-5.596748e+01	1.275963e-03
-5.586748e+01	1.279931e-03
-5.576748e+01	1.283918e-03
-5.566748e+01	1.287923e-03
-5.556748e+01	1.291947e-03
-5.546748e+01	1.295990e-03
-5.536748e+01	1.300053e-03
-5.526748e+01	1.304134e-03
-5.516748e+01	1.308235e-03
-5.506748e+01	1.312356e-03
-5.496748e+01	1.316496e-03
-5.486748e+01	1.320655e-03
-5.476748e+01	1.324835e-03
-5.466748e+01	1.329034e-03
-5.456748e+01	1.333254e-03
-5.446748e+01	1.337494e-03
-5.436748e+01	1.341754e-03
-5.426748e+01	1.346035e-03
-5.416748e+01	1.350336e-03
-5.406748e+01	1.354658e-03
-5.396748e+01	1.359001e-03
-5.386748e+01	1.363365e-03
-5.376748e+01	1.367750e-03
-5.366748e+01	1.372157e-03
-5.356748e+01	1.376585e-03
-5.346748e+01	1.381034e-03
-5.336748e+01	1.385505e-03
-5.326748e+01	1.389998e-03
-5.316748e+01	1.394514e-03
-5.306748e+01	1.399051e-03
-5.296748e+01	1.403610e-03
-5.286748e+01	1.408192e-03
-5.276748e+01	1.412797e-03
-5.266748e+01	1.417424e-03
-5.256748e+01	1.422074e-03
-5.246748e+01	1.426748e-03
-5.236748e+01	1.431444e-03
-5.226748e+01	1.436164e-03
-5.216748e+01	1.440907e-03
-5.206748e+01	1.445674e-03
-5.196748e+01	1.450465e-03
-5.186748e+01	1.455280e-03
-5.176748e+01	1.460119e-03
-5.166748e+01	1.464982e-03
-5.156748e+01	1.469870e-03
-5.146748e+01	1.474783e-03
-5.136748e+01	1.479720e-03
-5.126748e+01	1.484682e-03
-5.116748e+01	1.489669e-03
-5.106748e+01	1.494682e-03
-5.096748e+01	1.499720e-03
-5.086748e+01	1.504784e-03
-5.076748e+01	1.509874e-03
-5.066748e+01	1.514989e-03
-5.056748e+01	1.520131e-03
-5.046748e+01	1.525300e-03
-5.036748e+01	1.530494e-03
-5.026748e+01	1.535716e-03
-5.016748e+01	1.540964e-03
-5.006748e+01	1.546240e-03
-4.996748e+01	1.551543e-03
-4.986748e+01	1.556873e-03
-4.976748e+01	1.562231e-03
-4.966748e+01	1.567617e-03
-4.956748e+01	1.573031e-03
-4.946748e+01	1.578474e-03
-4.936748e+01	1.583945e-03
-4.926748e+01	1.589444e-03
-4.916748e+01	1.594972e-03
-4.906748e+01	1.600530e-03
-4.896748e+01	1.606116e-03
-4.886748e+01	1.611733e-03
-4.876748e+01	1.617378e-03
-4.866748e+01	1.623054e-03
-4.856748e+01	1.628760e-03
-4.846748e+01	1.634496e-03
-4.836748e+01	1.640263e-03
-4.826748e+01	1.646061e-03
-4.816748e+01	1.651889e-03
-4.806748e+01	1.657749e-03
-4.796748e+01	1.663640e-03
-4.786748e+01	1.669563e-03
-4.776748e+01	1.675518e-03
-4.766748e+01	1.681505e-03
-4.756748e+01	1.687524e-03
-4.746748e+01	1.693576e-03
-4.736748e+01	1.699660e-03
-4.726748e+01	1.705778e-03
-4.716748e+01	1.711929e-03
-4.706748e+01	1.718114e-03
-4.696748e+01	1.724332e-03
-4.686748e+01	1.730585e-03
-4.676748e+01	1.736871e-03
-4.666748e+01	1.743193e-03
-4.656748e+01	1.749549e-03
-4.646748e+01	1.755940e-03
-4.636748e+01	1.762367e-03
-4.626748e+01	1.768829e-03
-4.616748e+01	1.775327e-03
-4.606748e+01	1.781861e-03
-4.596748e+01	1.788431e-03
-4.586748e+01	1.795039e-03
-4.576748e+01	1.801683e-03
-4.566748e+01	1.808364e-03
-4.556748e+01	1.815083e-03
-4.546748e+01	1.821840e-03
-4.536748e+01	1.828634e-03
-4.526748e+01	1.835467e-03
-4.516748e+01	1.842339e-03
-4.506748e+01	1.849250e-03
-4.496748e+01	1.856200e-03
-4.486748e+01	1.863189e-03
-4.476748e+01	1.870219e-03
-4.466748e+01	1.877288e-03
-4.456748e+01	1.884398e-03
-4.446748e+01	1.891549e-03
-4.436748e+01	1.898741e-03
-4.426748e+01	1.905974e-03
-4.416748e+01	1.913249e-03
-4.406748e+01	1.920566e-03
-4.396748e+01	1.927925e-03
-4.386748e+01	1.935327e-03
-4.376748e+01	1.942773e-03
-4.366748e+01	1.950261e-03
-4.356748e+01	1.957793e-03
-4.346748e+01	1.965370e-03
-4.336748e+01	1.972991e-03
-4.326748e+01	1.980656e-03
-4.316748e+01	1.988367e-03
-4.306748e+01	1.996123e-03
-4.296748e+01	2.003925e-03
-4.286748e+01	2.011773e-03
-4.276748e+01	2.019668e-03
-4.266748e+01	2.027609e-03
-4.256748e+01	2.035598e-03
-4.246748e+01	2.043635e-03
-4.236748e+01	2.051720e-03
-4.226748e+01	2.059853e-03
-4.216748e+01	2.068035e-03
-4.206748e+01	2.076267e-03
-4.196748e+01	2.084548e-03
-4.186748e+01	2.092879e-03
-4.176748e+01	2.101261e-03
-4.166748e+01	2.109693e-03
-4.156748e+01	2.118177e-03
-4.146748e+01	2.126713e-03
-4.136748e+01	2.135300e-03
-4.126748e+01	2.143941e-03
-4.116748e+01	2.152634e-03
-4.106748e+01	2.161381e-03
-4.096748e+01	2.170181e-03
-4.086748e+01	2.179036e-03
-4.076748e+01	2.187946e-03
-4.066748e+01	2.196911e-03
-4.056748e+01	2.205932e-03
-4.046748e+01	2.215009e-03
-4.036748e+01	2.224142e-03
-4.026748e+01	2.233333e-03
-4.016748e+01	2.242581e-03
-4.006748e+01	2.251888e-03
-3.996748e+01	2.261253e-03
-3.986748e+01	2.270677e-03
-3.976748e+01	2.280161e-03
-3.966748e+01	2.289705e-03
-3.956748e+01	2.299309e-03
-3.946748e+01	2.308975e-03
-3.936748e+01	2.318702e-03
-3.926748e+01	2.328491e-03
-3.916748e+01	2.338344e-03
-3.906748e+01	2.348259e-03
-3.896748e+01	2.358238e-03
-3.886748e+01	2.368282e-03
-3.876748e+01	2.378391e-03
-3.866748e+01	2.388565e-03
-3.856748e+01	2.398805e-03
-3.846748e+01	2.409112e-03
-3.836748e+01	2.419486e-03
-3.826748e+01	2.429928e-03
-3.816748e+01	2.440439e-03
-3.806748e+01	2.451018e-03
-3.796748e+01	2.461667e-03
-3.786748e+01	2.472387e-03
-3.776748e+01	2.483177e-03
-3.766748e+01	2.494039e-03
-3.756748e+01	2.504973e-03
-3.746748e+01	2.515980e-03
-3.736748e+01	2.527060e-03
-3.726748e+01	2.538214e-03
-3.716748e+01	2.549444e-03
-3.706748e+01	2.560749e-03
-3.696748e+01	2.572130e-03
-3.686748e+01	2.583588e-03
-3.676748e+01	2.595123e-03
-3.666748e+01	2.606737e-03
-3.656748e+01	2.618430e-03
-3.646748e+01	2.630202e-03
-3.636748e+01	2.642055e-03
-3.626748e+01	2.653989e-03
-3.616748e+01	2.666005e-03
-3.606748e+01	2.678104e-03
-3.596748e+01	2.690287e-03
-3.586748e+01	2.702554e-03
-3.576748e+01	2.714905e-03
-3.566748e+01	2.727343e-03
-3.556748e+01	2.739867e-03
-3.546748e+01	2.752479e-03
-3.536748e+01	2.765179e-03
-3.526748e+01	2.777969e-03
-3.516748e+01	2.790848e-03
-3.506748e+01	2.803818e-03
-3.496748e+01	2.816880e-03
-3.486748e+01	2.830035e-03
-3.476748e+01	2.843283e-03
-3.466748e+01	2.856625e-03
-3.456748e+01	2.870063e-03
-3.446748e+01	2.883597e-03
-3.436748e+01	2.897228e-03
-3.426748e+01	2.910958e-03
-3.416748e+01	2.924786e-03
-3.406748e+01	2.938714e-03
-3.396748e+01	2.952744e-03
-3.386748e+01	2.966875e-03
-3.376748e+01	2.981110e-03
-3.366748e+01	2.995449e-03
-3.356748e+01	3.009892e-03
-3.346748e+01	3.024442e-03
-3.336748e+01	3.039099e-03
-3.326748e+01	3.053864e-03
-3.316748e+01	3.068739e-03
-3.306748e+01	3.083724e-03
-3.296748e+01	3.098820e-03
-3.286748e+01	3.114029e-03
-3.276748e+01	3.129353e-03
-3.266748e+01	3.144791e-03
-3.256748e+01	3.160345e-03
-3.246748e+01	3.176016e-03
-3.236748e+01	3.191806e-03
-3.226748e+01	3.207716e-03
-3.216748e+01	3.223747e-03
-3.206748e+01	3.239900e-03
-3.196748e+01	3.256176e-03
-3.186748e+01	3.272577e-03
-3.176748e+01	3.289105e-03
-3.166748e+01	3.305759e-03
-3.156748e+01	3.322543e-03
-3.146748e+01	3.339456e-03
-3.136748e+01	3.356501e-03
-3.126748e+01	3.373679e-03
-3.116748e+01	3.390991e-03
-3.106748e+01	3.408439e-03
-3.096748e+01	3.426024e-03
-3.086748e+01	3.443747e-03
-3.076748e+01	3.461611e-03
-3.066748e+01	3.479616e-03
-3.056748e+01	3.497764e-03
-3.046748e+01	3.516057e-03
-3.036748e+01	3.534496e-03
-3.026748e+01	3.553083e-03
-3.016748e+01	3.571819e-03
-3.006748e+01	3.590707e-03
-2.996748e+01	3.609747e-03
-2.986748e+01	3.628941e-03
-2.976748e+01	3.648292e-03
-2.966748e+01	3.667800e-03
-2.956748e+01	3.687468e-03
-2.946748e+01	3.707298e-03
-2.936748e+01	3.727291e-03
-2.926748e+01	3.747448e-03
-2.916748e+01	3.767773e-03
-2.906748e+01	3.788266e-03
-2.896748e+01	3.808930e-03
-2.886748e+01	3.829766e-03
-2.876748e+01	3.850777e-03
-2.866748e+01	3.871965e-03
-2.856748e+01	3.893331e-03
-2.846748e+01	3.914878e-03
-2.836748e+01	3.936608e-03
-2.826748e+01	3.958522e-03
-2.816748e+01	3.980624e-03
-2.806748e+01	4.002914e-03
-2.796748e+01	4.025396e-03
-2.786748e+01	4.048072e-03
-2.776748e+01	4.070943e-03
-2.766748e+01	4.094013e-03
-2.756748e+01	4.117283e-03
-2.746748e+01	4.140756e-03
-2.736748e+01	4.164435e-03
-2.726748e+01	4.188321e-03
-2.716748e+01	4.212418e-03
-2.706748e+01	4.236727e-03
-2.696748e+01	4.261252e-03
-2.686748e+01	4.285995e-03
-2.676748e+01	4.310959e-03
-2.666748e+01	4.336146e-03
-2.656748e+01	4.361559e-03
-2.646748e+01	4.387201e-03
-2.636748e+01	4.413075e-03
-2.626748e+01	4.439184e-03
-2.616748e+01	4.465530e-03
-2.606748e+01	4.492116e-03
-2.596748e+01	4.518946e-03
-2.586748e+01	4.546022e-03
-2.576748e+01	4.573348e-03
-2.566748e+01	4.600927e-03
-2.556748e+01	4.628762e-03
-2.546748e+01	4.656856e-03
-2.536748e+01	4.685213e-03
-2.526748e+01	4.713836e-03
-2.516748e+01	4.742728e-03
-2.506748e+01	4.771893e-03
-2.496748e+01	4.801334e-03
-2.486748e+01	4.831056e-03
-2.476748e+01	4.861061e-03
-2.466748e+01	4.891353e-03
-2.456748e+01	4.921937e-03
-2.446748e+01	4.952816e-03
-2.436748e+01	4.983993e-03
-2.426748e+01	5.015474e-03
-2.416748e+01	5.047262e-03
-2.406748e+01	5.079360e-03
-2.396748e+01	5.111774e-03
-2.386748e+01	5.144508e-03
-2.376748e+01	5.177565e-03
-2.366748e+01	5.210951e-03
-2.356748e+01	5.244670e-03
-2.346748e+01	5.278726e-03
-2.336748e+01	5.313124e-03
-2.326748e+01	5.347869e-03
-2.316748e+01	5.382966e-03
-2.306748e+01	5.418419e-03
-2.296748e+01	5.454234e-03
-2.286748e+01	5.490415e-03
-2.276748e+01	5.526969e-03
-2.266748e+01	5.563899e-03
-2.256748e+01	5.601212e-03
-2.246748e+01	5.638913e-03
-2.236748e+01	5.677008e-03
-2.226748e+01	5.715501e-03
-2.216748e+01	5.754400e-03
-2.206748e+01	5.793710e-03
-2.196748e+01	5.833437e-03
-2.186748e+01	5.873587e-03
-2.176748e+01	5.914166e-03
-2.166748e+01	5.955182e-03
-2.156748e+01	5.996639e-03
-2.146748e+01	6.038545e-03
-2.136748e+01	6.080907e-03
-2.126748e+01	6.123732e-03
-2.116748e+01	6.167026e-03
-2.106748e+01	6.210796e-03
-2.096748e+01	6.255051e-03
-2.086748e+01	6.299797e-03
-2.076748e+01	6.345042e-03
-2.066748e+01	6.390794e-03
-2.056748e+01	6.437061e-03
-2.046748e+01	6.483850e-03
-2.036748e+01	6.531171e-03
-2.026748e+01	6.579030e-03
-2.016748e+01	6.627438e-03
-2.006748e+01	6.676403e-03
-1.996748e+01	6.725933e-03
-1.986748e+01	6.776039e-03
-1.976748e+01	6.826728e-03
-1.966748e+01	6.878011e-03
-1.956748e+01	6.929898e-03
-1.946748e+01	6.982398e-03
-1.936748e+01	7.035522e-03
-1.926748e+01	7.089280e-03
-1.916748e+01	7.143682e-03
-1.906748e+01	7.198740e-03
-1.896748e+01	7.254464e-03
-1.886748e+01	7.310866e-03
-1.876748e+01	7.367957e-03
-1.866748e+01	7.425750e-03
-1.856748e+01	7.484256e-03
-1.846748e+01	7.543489e-03
-1.836748e+01	7.603459e-03
-1.826748e+01	7.664181e-03
-1.816748e+01	7.725668e-03
-1.806748e+01	7.787934e-03
-1.796748e+01	7.850992e-03
-1.786748e+01	7.914856e-03
-1.776748e+01	7.979541e-03
-1.766748e+01	8.045063e-03
-1.756748e+01	8.111436e-03
-1.746748e+01	8.178676e-03
-1.736748e+01	8.246800e-03
-1.726748e+01	8.315823e-03
-1.716748e+01	8.385762e-03
-1.706748e+01	8.456636e-03
-1.696748e+01	8.528461e-03
-1.686748e+01	8.601255e-03
-1.676748e+01	8.675038e-03
-1.666748e+01	8.749829e-03
-1.656748e+01	8.825647e-03
-1.646748e+01	8.902512e-03
-1.636748e+01	8.980445e-03
-1.626748e+01	9.059468e-03
-1.616748e+01	9.139602e-03
-1.606748e+01	9.220869e-03
-1.596748e+01	9.303292e-03
-1.586748e+01	9.386896e-03
-1.576748e+01	9.471704e-03
-1.566748e+01	9.557741e-03
-1.556748e+01	9.645033e-03
-1.546748e+01	9.733606e-03
-1.536748e+01	9.823488e-03
-1.526748e+01	9.914707e-03
-1.516748e+01	1.000729e-02
-1.506748e+01	1.010127e-02
-1.496748e+01	1.019667e-02
-1.486748e+01	1.029353e-02
-1.476748e+01	1.039188e-02
-1.466748e+01	1.049175e-02
-1.456748e+01	1.059318e-02
-1.446748e+01	1.069620e-02
-1.436748e+01	1.080084e-02
-1.426748e+01	1.090716e-02
-1.416748e+01	1.101517e-02
-1.406748e+01	1.112494e-02
-1.396748e+01	1.123648e-02
-1.386748e+01	1.134986e-02
-1.376748e+01	1.146511e-02
-1.366748e+01	1.158227e-02
-1.356748e+01	1.170141e-02
-1.346748e+01	1.182255e-02
-1.336748e+01	1.194576e-02
-1.326748e+01	1.207109e-02
-1.316748e+01	1.219859e-02
-1.306748e+01	1.232831e-02
-1.296748e+01	1.246032e-02
-1.286748e+01	1.259467e-02
-1.276748e+01	1.273143e-02
-1.266748e+01	1.287066e-02
-1.256748e+01	1.301243e-02
-1.246748e+01	1.315680e-02
-1.236748e+01	1.330386e-02
-1.226748e+01	1.345367e-02
-1.216748e+01	1.360631e-02
-1.206748e+01	1.376186e-02
-1.196748e+01	1.392042e-02
-1.186748e+01	1.408206e-02
-1.176748e+01	1.424688e-02
-1.166748e+01	1.441497e-02
-1.156748e+01	1.458643e-02
-1.146748e+01	1.476137e-02
-1.136748e+01	1.493990e-02
-1.126748e+01	1.512212e-02
-1.116748e+01	1.530816e-02
-1.106748e+01	1.549815e-02
-1.096748e+01	1.569220e-02
-1.086748e+01	1.589046e-02
-1.076748e+01	1.609307e-02
-1.066748e+01	1.630019e-02
-1.056748e+01	1.651196e-02
-1.046748e+01	1.672855e-02
-1.036748e+01	1.695015e-02
-1.026748e+01	1.717692e-02
-1.016748e+01	1.740907e-02
-1.006748e+01	1.764680e-02
-9.967479e+00	1.789032e-02
-9.867479e+00	1.813986e-02
-9.767479e+00	1.839568e-02
-9.667479e+00	1.865801e-02
-9.567479e+00	1.892714e-02
-9.467479e+00	1.920335e-02
-9.367479e+00	1.948695e-02
-9.267479e+00	1.977827e-02
-9.167479e+00	2.007766e-02
-9.067479e+00	2.038550e-02
-8.967479e+00	2.070218e-02
-8.867479e+00	2.102815e-02
-8.767479e+00	2.136386e-02
-8.667479e+00	2.170982e-02
-8.567479e+00	2.206656e-02
-8.467479e+00	2.243467e-02
-8.367479e+00	2.281479e-02
-8.267479e+00	2.320761e-02
-8.167479e+00	2.361388e-02
-8.067479e+00	2.403444e-02
-7.967479e+00	2.447019e-02
-7.867479e+00	2.492213e-02
-7.767479e+00	2.539137e-02
-7.667479e+00	2.587915e-02
-7.567479e+00	2.638684e-02
-7.467479e+00	2.691598e-02
-7.367479e+00	2.746831e-02
-7.267479e+00	2.804580e-02
-7.167479e+00	2.865070e-02
-7.067479e+00	2.928560e-02
-6.967479e+00	2.995348e-02
-6.867479e+00	3.065782e-02
-6.767479e+00	3.140272e-02
-6.667479e+00	3.219307e-02
-6.567479e+00	3.303469e-02
-6.467479e+00	3.393471e-02
-6.367479e+00	3.490187e-02
-6.267479e+00	3.594711e-02
-6.167479e+00	3.708431e-02
-6.067479e+00	3.833143e-02
-5.967479e+00	3.971214e-02
-5.867479e+00	4.125842e-02
-5.767479e+00	4.301449e-02
-5.667479e+00	4.504334e-02
-5.567479e+00	4.743750e-02
-5.467479e+00	5.033760e-02
-5.367479e+00	5.396441e-02
-5.267479e+00	5.867210e-02
-5.167479e+00	6.502442e-02
-5.067479e+00	7.392316e-02
-4.967479e+00	8.698440e-02
-4.867479e+00	1.066886e-01
-4.767479e+00	1.335119e-01
-4.667479e+00	1.559256e-01
-4.567479e+00	1.530506e-01
-4.467479e+00	1.323184e-01
-4.367479e+00	1.144133e-01
-4.267479e+00	1.047454e-01
-4.167479e+00	1.016844e-01
-4.067479e+00	1.034677e-01
-3.967479e+00	1.094632e-01
-3.867479e+00	1.199841e-01
-3.767479e+00	1.356511e-01
-3.667479e+00	1.563429e-01
-3.567479e+00	1.833433e-01
-3.467479e+00	2.239560e-01
-3.367479e+00	2.867490e-01
-3.267479e+00	3.681713e-01
-3.167479e+00	4.363218e-01
-3.067479e+00	4.768208e-01
-2.967479e+00	5.154452e-01
-2.867479e+00	5.396966e-01
-2.767479e+00	5.107883e-01
-2.667479e+00	4.332084e-01
-2.567479e+00	3.666580e-01
-2.467479e+00	3.378490e-01
-2.367479e+00	3.410080e-01
-2.267479e+00	3.547344e-01
-2.167479e+00	3.632356e-01
-2.067479e+00	3.842245e-01
-1.967479e+00	4.369425e-01
-1.867479e+00	5.094762e-01
-1.767479e+00	5.782868e-01
-1.667479e+00	6.469829e-01
-1.567479e+00	6.665590e-01
-1.467479e+00	5.890835e-01
-1.367479e+00	4.891536e-01
-1.267479e+00	4.221926e-01
-1.167479e+00	3.937265e-01
-1.067479e+00	4.034229e-01
-9.674791e-01	4.544371e-01
-8.674791e-01	5.497734e-01
-7.674791e-01	6.595570e-01
-6.674791e-01	6.874296e-01
-5.674791e-01	6.089595e-01
-4.674791e-01	5.218385e-01
-3.674791e-01	4.766084e-01
-2.674791e-01	4.746812e-01
-1.674791e-01	5.122246e-01
-6.747911e-02	5.877369e-01
3.252089e-02	6.854876e-01
1.325209e-01	7.712433e-01
2.325209e-01	8.657792e-01
3.325209e-01	1.040803e+00
4.325209e-01	1.345320e+00
5.325209e-01	1.742681e+00
6.325209e-01	1.970644e+00
7.325209e-01	1.812014e+00
8.325209e-01	1.531664e+00
9.325209e-01	1.375635e+00
1.032521e+00	1.384807e+00
1.132521e+00	1.560860e+00
1.232521e+00	1.939237e+00
1.332521e+00	2.605250e+00
1.432521e+00	3.651790e+00
1.532521e+00	4.890745e+00
1.632521e+00	5.432663e+00
1.732521e+00	4.855285e+00
1.832521e+00	4.046020e+00
1.932521e+00	3.471384e+00
2.032521e+00	3.156871e+00
2.132521e+00	2.975323e+00
2.232521e+00	2.592896e+00
2.332521e+00	2.073779e+00
2.432521e+00	1.689597e+00
2.532521e+00	1.508014e+00
2.632521e+00	1.517539e+00
2.732521e+00	1.725438e+00
2.832521e+00	2.130971e+00
2.932521e+00	2.540573e+00
3.032521e+00	2.503396e+00
3.132521e+00	2.014052e+00
3.232521e+00	1.495593e+00
3.332521e+00	1.132484e+00
3.432521e+00	9.072377e-01
3.532521e+00	7.747162e-01
3.632521e+00	7.050410e-01
3.732521e+00	6.754401e-01
3.832521e+00	6.733881e-01
3.932521e+00	7.031777e-01
4.032521e+00	7.674321e-01
4.132521e+00	8.708136e-01
4.232521e+00	1.039912e+00
4.332521e+00	1.324486e+00
4.432521e+00	1.691533e+00
4.532521e+00	1.856153e+00
4.632521e+00	1.593902e+00
4.732521e+00	1.186318e+00
4.832521e+00	8.736322e-01
4.932521e+00	6.727684e-01
5.032521e+00	5.465373e-01
5.132521e+00	4.655003e-01
5.232521e+00	4.119806e-01
5.332521e+00	3.758190e-01
5.432521e+00	3.510919e-01
5.532521e+00	3.342361e-01
5.632521e+00	3.230352e-01
5.732521e+00	3.160676e-01
5.832521e+00	3.123982e-01
5.932521e+00	3.114008e-01
6.032521e+00	3.126517e-01
6.132521e+00	3.158652e-01
6.232521e+00	3.208528e-01
6.332521e+00	3.274973e-01
6.432521e+00	3.357361e-01
6.532521e+00	3.455501e-01
6.632521e+00	3.569575e-01
6.732521e+00	3.700090e-01
6.832521e+00	3.847867e-01
6.932521e+00	4.014038e-01
7.032521e+00	4.200053e-01
7.132521e+00	4.407714e-01
7.232521e+00	4.639208e-01
7.332521e+00	4.897168e-01
7.432521e+00	5.184742e-01
7.532521e+00	5.505689e-01
7.632521e+00	5.864499e-01
7.732521e+00	6.266550e-01
7.832521e+00	6.718304e-01
7.932521e+00	7.227563e-01
8.032521e+00	7.803805e-01
8.132521e+00	8.458611e-01
8.232521e+00	9.206248e-01
8.332521e+00	1.006443e+00
8.432521e+00	1.105534e+00
8.532521e+00	1.220708e+00
8.632521e+00	1.355559e+00
8.732521e+00	1.514745e+00
8.832521e+00	1.704380e+00
8.932521e+00	1.932614e+00
9.032521e+00	2.210491e+00
9.132521e+00	2.553258e+00
9.232521e+00	2.982400e+00
9.332521e+00	3.528908e+00
9.432521e+00	4.238654e+00
9.532521e+00	5.181520e+00
9.632521e+00	6.467266e+00
9.732521e+00	8.273595e+00
9.832521e+00	1.089728e+01
9.932521e+00	1.485452e+01
1.003252e+01	2.105461e+01
1.013252e+01	3.094733e+01
1.023252e+01	4.586079e+01
1.033252e+01	6.253084e+01
1.043252e+01	6.719111e+01
1.053252e+01	5.411892e+01
1.063252e+01	3.735989e+01
1.073252e+01	2.517458e+01
1.083252e+01	1.745555e+01
1.093252e+01	1.260202e+01
1.103252e+01	9.457414e+00
1.113252e+01	7.339886e+00
1.123252e+01	5.865267e+00
1.133252e+01	4.818032e+00
1.143252e+01	4.071899e+00
1.153252e+01	3.553387e+00
1.163252e+01	3.213371e+00
1.173252e+01	2.972750e+00
1.183252e+01	2.709841e+00
1.193252e+01	2.432357e+00
1.203252e+01	2.238931e+00
1.213252e+01	2.144047e+00
1.223252e+01	2.111346e+00
1.233252e+01	2.118422e+00
1.243252e+01	2.126415e+00
1.253252e+01	2.103720e+00
1.263252e+01	1.942108e+00
1.273252e+01	1.621677e+00
1.283252e+01	1.308333e+00
1.293252e+01	1.078154e+00
1.303252e+01	9.178521e-01
1.313252e+01	8.028936e-01
1.323252e+01	7.172497e-01
1.333252e+01	6.509815e-01
1.343252e+01	5.969157e-01
1.353252e+01	5.490127e-01
1.363252e+01	5.050015e-01
1.373252e+01	4.661890e-01
1.383252e+01	4.328955e-01
1.393252e+01	4.043740e-01
1.403252e+01	3.792774e-01
1.413252e+01	3.565271e-01
1.423252e+01	3.358570e-01
1.433252e+01	3.170586e-01
1.443252e+01	3.000377e-01
1.453252e+01	2.846220e-01
1.463252e+01	2.705336e-01
1.473252e+01	2.576656e-01
1.483252e+01	2.459863e-01
1.493252e+01	2.354605e-01
1.503252e+01	2.260942e-01
1.513252e+01	2.178744e-01
1.523252e+01	2.103639e-01
1.533252e+01	2.023316e-01
1.543252e+01	1.935020e-01
1.553252e+01	1.850236e-01
1.563252e+01	1.774127e-01
1.573252e+01	1.705898e-01
1.583252e+01	1.643977e-01
1.593252e+01	1.587242e-01
1.603252e+01	1.534991e-01
1.613252e+01	1.486822e-01
1.623252e+01	1.442534e-01
1.633252e+01	1.402093e-01
1.643252e+01	1.365652e-01
1.653252e+01	1.333638e-01
1.663252e+01	1.306867e-01
1.673252e+01	1.286575e-01
1.683252e+01	1.273748e-01
1.693252e+01	1.268151e-01
1.703252e+01	1.268888e-01
1.713252e+01	1.270677e-01
1.723252e+01	1.274227e-01
1.733252e+01	1.292279e-01
1.743252e+01	1.314962e-01
1.753252e+01	1.313557e-01
1.763252e+01	1.297344e-01
1.773252e+01	1.289990e-01
1.783252e+01	1.290157e-01
1.793252e+01	1.290579e-01
1.803252e+01	1.297066e-01
1.813252e+01	1.324272e-01
1.823252e+01	1.371706e-01
1.833252e+01	1.450111e-01
1.843252e+01	1.586958e-01
1.853252e+01	1.821686e-01
1.863252e+01	2.216243e-01
1.873252e+01	2.866430e-01
1.883252e+01	3.857050e-01
1.893252e+01	4.958162e-01
1.903252e+01	5.252114e-01
1.913252e+01	4.382575e-01
1.923252e+01	3.289538e-01
1.933252e+01	2.521550e-01
1.943252e+01	2.075961e-01
1.953252e+01	1.852204e-01
1.963252e+01	1.790941e-01
1.973252e+01	1.867195e-01
1.983252e+01	1.996192e-01
1.993252e+01	2.030675e-01
2.003252e+01	1.918429e-01
2.013252e+01	1.661357e-01
2.023252e+01	1.381044e-01
2.033252e+01	1.180011e-01
2.043252e+01	1.060268e-01
2.053252e+01	9.960355e-02
2.063252e+01	9.755617e-02
2.073252e+01	1.006620e-01
2.083252e+01	1.098987e-01
2.093252e+01	1.230423e-01
2.103252e+01	1.301109e-01
2.113252e+01	1.271419e-01
2.123252e+01	1.264135e-01
2.133252e+01	1.334993e-01
2.143252e+01	1.366329e-01
2.153252e+01	1.222912e-01
2.163252e+01	1.007423e-01
2.173252e+01	8.407946e-02
2.183252e+01	7.338872e-02
2.193252e+01	6.593165e-02
2.203252e+01	5.984354e-02
2.213252e+01	5.501970e-02
2.223252e+01	5.141486e-02
2.233252e+01	4.884664e-02
2.243252e+01	4.708873e-02
2.253252e+01	4.576932e-02
2.263252e+01	4.452549e-02
2.273252e+01	4.355950e-02
2.283252e+01	4.326294e-02
2.293252e+01	4.375853e-02
2.303252e+01	4.453968e-02
2.313252e+01	4.415259e-02
2.323252e+01	4.209496e-02
2.333252e+01	3.983529e-02
2.343252e+01	3.826013e-02
2.353252e+01	3.726935e-02
2.363252e+01	3.652765e-02
2.373252e+01	3.586243e-02
2.383252e+01	3.519016e-02
2.393252e+01	3.449083e-02
2.403252e+01	3.392640e-02
2.413252e+01	3.363970e-02
2.423252e+01	3.361578e-02
2.433252e+01	3.391130e-02
2.443252e+01	3.456122e-02
2.453252e+01	3.543135e-02
2.463252e+01	3.645100e-02
2.473252e+01	3.713269e-02
2.483252e+01	3.712238e-02
2.493252e+01	3.725911e-02
2.503252e+01	3.812298e-02
2.513252e+01	3.925038e-02
2.523252e+01	4.041222e-02
2.533252e+01	4.192502e-02
2.543252e+01	4.290227e-02
2.553252e+01	4.230924e-02
2.563252e+01	4.131077e-02
2.573252e+01	4.009188e-02
2.583252e+01	3.820439e-02
2.593252e+01	3.675475e-02
2.603252e+01	3.645563e-02
2.613252e+01	3.720826e-02
2.623252e+01	3.892404e-02
2.633252e+01	4.172171e-02
2.643252e+01	4.586631e-02
2.653252e+01	5.206303e-02
2.663252e+01	6.052962e-02
2.673252e+01	7.199481e-02
2.683252e+01	8.800780e-02
2.693252e+01	1.031498e-01
2.703252e+01	1.047888e-01
2.713252e+01	9.667495e-02
2.723252e+01	9.106364e-02
2.733252e+01	8.570395e-02
2.743252e+01	7.537449e-02
2.753252e+01	6.417608e-02
2.763252e+01	5.592468e-02
2.773252e+01	5.166245e-02
2.783252e+01	5.126172e-02
2.793252e+01	5.440350e-02
2.803252e+01	5.984647e-02
2.813252e+01	6.445263e-02
2.823252e+01	6.587453e-02
2.833252e+01	6.332583e-02
2.843252e+01	5.959675e-02
2.853252e+01	5.866078e-02
2.863252e+01	6.106557e-02
2.873252e+01	6.458692e-02
2.883252e+01	6.817440e-02
2.893252e+01	7.472415e-02
2.903252e+01	8.742641e-02
2.913252e+01	1.095485e-01
2.923252e+01	1.461017e-01
2.933252e+01	2.021347e-01
2.943252e+01	2.690864e-01
2.953252e+01	3.064108e-01
2.963252e+01	2.847211e-01
2.973252e+01	2.392372e-01
2.983252e+01	2.028209e-01
2.993252e+01	1.691846e-01
3.003252e+01	1.387943e-01
3.013252e+01	1.211122e-01
3.023252e+01	1.185211e-01
3.033252e+01	1.300979e-01
3.043252e+01	1.492412e-01
3.053252e+01	1.585964e-01
3.063252e+01	1.544636e-01
3.073252e+01	1.472652e-01
3.083252e+01	1.324075e-01
3.093252e+01	1.146613e-01
3.103252e+01	1.054068e-01
3.113252e+01	1.014342e-01
3.123252e+01	9.006726e-02
3.133252e+01	7.187263e-02
3.143252e+01	5.619949e-02
3.153252e+01	4.539105e-02
3.163252e+01	3.813529e-02
3.173252e+01	3.317280e-02
3.183252e+01	2.973533e-02
3.193252e+01	2.736264e-02
3.203252e+01	2.581262e-02
3.213252e+01	2.500413e-02
3.223252e+01	2.493593e-02
3.233252e+01	2.540244e-02
3.243252e+01	2.549827e-02
3.253252e+01	2.433059e-02
3.263252e+01	2.260348e-02
3.273252e+01	2.134059e-02
3.283252e+01	2.079644e-02
3.293252e+01	2.095709e-02
3.303252e+01	2.183201e-02
3.313252e+01	2.311192e-02
3.323252e+01	2.355714e-02
3.333252e+01	2.261677e-02
3.343252e+01	2.167788e-02
3.353252e+01	2.173002e-02
3.363252e+01	2.308791e-02
3.373252e+01	2.599338e-02
3.383252e+01	3.044547e-02
3.393252e+01	3.531853e-02
3.403252e+01	3.680444e-02
3.413252e+01	3.252002e-02
3.423252e+01	2.664637e-02
3.433252e+01	2.229509e-02
3.443252e+01	1.955942e-02
3.453252e+01	1.788879e-02
3.463252e+01	1.691634e-02
3.473252e+01	1.644679e-02
3.483252e+01	1.638560e-02
3.493252e+01	1.672222e-02
3.503252e+01	1.751851e-02
3.513252e+01	1.891578e-02
3.523252e+01	2.121702e-02
3.533252e+01	2.501561e-02
3.543252e+01	3.125266e-02
3.553252e+01	4.078449e-02
3.563252e+01	5.151131e-02
3.573252e+01	5.458977e-02
3.583252e+01	4.639158e-02
3.593252e+01	3.601085e-02
3.603252e+01	2.884563e-02
3.613252e+01	2.500329e-02
3.623252e+01	2.373687e-02
3.633252e+01	2.449595e-02
3.643252e+01	2.596751e-02
3.653252e+01	2.525368e-02
3.663252e+01	2.189272e-02
3.673252e+01	1.848746e-02
3.683252e+01	1.615989e-02
3.693252e+01	1.475792e-02
3.703252e+01	1.391455e-02
3.713252e+01	1.332855e-02
3.723252e+01	1.292898e-02
3.733252e+01	1.274238e-02
3.743252e+01	1.272964e-02
3.753252e+01	1.293596e-02
3.763252e+01	1.351211e-02
3.773252e+01	1.466434e-02
3.783252e+01	1.669152e-02
3.793252e+01	1.975945e-02
3.803252e+01	2.290064e-02
3.813252e+01	2.382298e-02
3.823252e+01	2.245751e-02
3.833252e+01	2.023171e-02
3.843252e+01	1.778651e-02
3.853252e+01	1.573455e-02
3.863252e+01	1.438570e-02
3.873252e+01	1.368289e-02
3.883252e+01	1.356450e-02
3.893252e+01	1.395960e-02
3.903252e+01	1.469296e-02
3.913252e+01	1.574392e-02
3.923252e+01	1.737966e-02
3.933252e+01	1.959020e-02
3.943252e+01	2.087005e-02
3.953252e+01	1.974371e-02
3.963252e+01	1.775068e-02
3.973252e+01	1.654629e-02
3.983252e+01	1.620812e-02
3.993252e+01	1.618463e-02
4.003252e+01	1.649558e-02
4.013252e+01	1.755709e-02
4.023252e+01	1.944948e-02
4.033252e+01	2.233501e-02
4.043252e+01	2.701539e-02
4.053252e+01	3.368733e-02
4.063252e+01	3.944143e-02
4.073252e+01	4.056966e-02
4.083252e+01	4.005553e-02
4.093252e+01	4.052950e-02
4.103252e+01	3.946793e-02
4.113252e+01	3.537139e-02
4.123252e+01	2.961157e-02
4.133252e+01	2.407240e-02
4.143252e+01	2.026357e-02
4.153252e+01	1.823673e-02
4.163252e+01	1.740659e-02
4.173252e+01	1.694062e-02
4.183252e+01	1.639318e-02
4.193252e+01	1.587445e-02
4.203252e+01	1.530051e-02
4.213252e+01	1.461310e-02
4.223252e+01	1.392583e-02
4.233252e+01	1.353867e-02
4.243252e+01	1.359538e-02
4.253252e+01	1.410963e-02
4.263252e+01	1.512496e-02
4.273252e+01	1.674870e-02
4.283252e+01	1.908699e-02
4.293252e+01	2.206798e-02
4.303252e+01	2.580211e-02
4.313252e+01	3.138538e-02
4.323252e+01	4.053378e-02
4.333252e+01	5.552267e-02
4.343252e+01	7.868743e-02
4.353252e+01	1.068184e-01
4.363252e+01	1.219222e-01
4.373252e+01	1.097033e-01
4.383252e+01	8.255279e-02
4.393252e+01	5.810440e-02
4.403252e+01	4.154125e-02
4.413252e+01	3.107552e-02
4.423252e+01	2.440373e-02
4.433252e+01	2.003621e-02
4.443252e+01	1.712062e-02
4.453252e+01	1.516072e-02
4.463252e+01	1.382924e-02
4.473252e+01	1.282728e-02
4.483252e+01	1.182502e-02
4.493252e+01	1.083218e-02
4.503252e+01	1.004538e-02
4.513252e+01	9.502238e-03
4.523252e+01	9.172051e-03
4.533252e+01	9.040617e-03
4.543252e+01	9.130797e-03
4.553252e+01	9.515792e-03
4.563252e+01	1.033546e-02
4.573252e+01	1.175578e-02
4.583252e+01	1.359490e-02
4.593252e+01	1.454316e-02
4.603252e+01	1.342261e-02
4.613252e+01	1.147216e-02
4.623252e+01	9.982839e-03
4.633252e+01	9.127462e-03
4.643252e+01	8.764782e-03
4.653252e+01	8.807367e-03
4.663252e+01	9.274962e-03
4.673252e+01	1.030051e-02
4.683252e+01	1.208717e-02
4.693252e+01	1.450646e-02
4.703252e+01	1.603716e-02
4.713252e+01	1.491768e-02
4.723252e+01	1.255226e-02
4.733252e+01	1.072937e-02
4.743252e+01	9.748597e-03
4.753252e+01	9.459065e-03
4.763252e+01	9.786423e-03
4.773252e+01	1.081552e-02
4.783252e+01	1.273504e-02
4.793252e+01	1.538092e-02
4.803252e+01	1.706902e-02
4.813252e+01	1.589151e-02
4.823252e+01	1.341478e-02
4.833252e+01	1.159504e-02
4.843252e+01	1.077939e-02
4.853252e+01	1.085740e-02
4.863252e+01	1.178330e-02
4.873252e+01	1.343217e-02
4.883252e+01	1.524700e-02
4.893252e+01	1.715261e-02
4.903252e+01	2.029693e-02
4.913252e+01	2.447349e-02
4.923252e+01	2.586669e-02
4.933252e+01	2.209887e-02
4.943252e+01	1.699355e-02
4.953252e+01	1.322474e-02
4.963252e+01	1.079902e-02
4.973252e+01	9.279987e-03
4.983252e+01	8.410067e-03
4.993252e+01	8.055026e-03
5.003252e+01	8.186694e-03
5.013252e+01	8.826792e-03
5.023252e+01	9.743246e-03
5.033252e+01	9.977472e-03
5.043252e+01	8.990373e-03
5.053252e+01	7.725245e-03
5.063252e+01	6.836270e-03
5.073252e+01	6.359561e-03
5.083252e+01	6.222254e-03
5.093252e+01	6.404822e-03
5.103252e+01	6.901196e-03
5.113252e+01	7.470078e-03
5.123252e+01	7.488411e-03
5.133252e+01	6.902315e-03
5.143252e+01	6.258554e-03
5.153252e+01	5.799417e-03
5.163252e+01	5.599628e-03
5.173252e+01	5.687620e-03
5.183252e+01	6.081724e-03
5.193252e+01	6.676504e-03
5.203252e+01	6.946311e-03
5.213252e+01	6.479921e-03
5.223252e+01	5.794865e-03
5.233252e+01	5.349032e-03
5.243252e+01	5.160834e-03
5.253252e+01	5.026265e-03
5.263252e+01	4.747578e-03
5.273252e+01	4.414875e-03
5.283252e+01	4.160157e-03
5.293252e+01	4.003493e-03
5.303252e+01	3.915674e-03
5.313252e+01	3.839159e-03
5.323252e+01	3.733160e-03
5.333252e+01	3.626497e-03
5.343252e+01	3.545422e-03
5.353252e+01	3.490218e-03
5.363252e+01	3.455890e-03
5.373252e+01	3.439530e-03
5.383252e+01	3.442785e-03
5.393252e+01	3.473856e-03
5.403252e+01	3.542343e-03
5.413252e+01	3.635627e-03
5.423252e+01	3.678364e-03
5.433252e+01	3.619333e-03
5.443252e+01	3.530223e-03
5.453252e+01	3.474460e-03
5.463252e+01	3.475262e-03
5.473252e+01	3.538966e-03
5.483252e+01	3.639060e-03
5.493252e+01	3.668586e-03
5.503252e+01	3.562397e-03
5.513252e+01	3.423427e-03
5.523252e+01	3.328619e-03
5.533252e+01	3.285150e-03
5.543252e+01	3.284197e-03
5.553252e+01	3.305053e-03
5.563252e+01	3.298553e-03
5.573252e+01	3.246342e-03
5.583252e+01	3.192080e-03
5.593252e+01	3.161234e-03
5.603252e+01	3.154821e-03
5.613252e+01	3.167343e-03
5.623252e+01	3.184213e-03
5.633252e+01	3.190901e-03
5.643252e+01	3.200053e-03
5.653252e+01	3.230120e-03
5.663252e+01	3.291069e-03
5.673252e+01	3.392179e-03
5.683252e+01	3.536339e-03
5.693252e+01	3.694060e-03
5.703252e+01	3.806966e-03
5.713252e+01	3.866652e-03
5.723252e+01	3.891880e-03
5.733252e+01	3.925078e-03
5.743252e+01	4.047031e-03
5.753252e+01	4.306535e-03
5.763252e+01	4.714837e-03
5.773252e+01	5.199751e-03
5.783252e+01	5.607608e-03
5.793252e+01	5.939212e-03
5.803252e+01	6.320428e-03
5.813252e+01	6.634250e-03
5.823252e+01	6.732920e-03
5.833252e+01	6.691074e-03
5.843252e+01	6.687436e-03
5.853252e+01	6.927424e-03
5.863252e+01	7.545035e-03
5.873252e+01	8.355359e-03
5.883252e+01	8.876436e-03
5.893252e+01	9.305770e-03
5.903252e+01	1.035019e-02
5.913252e+01	1.240485e-02
5.923252e+01	1.534232e-02
5.933252e+01	1.785941e-02
5.943252e+01	1.890869e-02
5.953252e+01	2.000511e-02
5.963252e+01	2.245619e-02
5.973252e+01	2.623242e-02
5.983252e+01	2.848851e-02
5.993252e+01	2.632012e-02
6.003252e+01	2.194777e-02
6.013252e+01	1.838681e-02
6.023252e+01	1.655714e-02
6.033252e+01	1.512917e-02
6.043252e+01	1.274770e-02
6.053252e+01	1.022728e-02
6.063252e+01	8.397811e-03
6.073252e+01	7.180793e-03
6.083252e+01	6.289755e-03
6.093252e+01	5.608951e-03
6.103252e+01	5.090228e-03
6.113252e+01	4.696795e-03
6.123252e+01	4.398803e-03
6.133252e+01	4.195267e-03
6.143252e+01	4.099121e-03
6.153252e+01	4.106570e-03
6.163252e+01	4.192324e-03
6.173252e+01	4.348559e-03
6.183252e+01	4.594918e-03
6.193252e+01	4.786270e-03
6.203252e+01	4.683276e-03
6.213252e+01	4.440149e-03
6.223252e+01	4.317557e-03
6.233252e+01	4.391983e-03
6.243252e+01	4.692887e-03
6.253252e+01	5.284045e-03
6.263252e+01	6.226711e-03
6.273252e+01	7.298846e-03
6.283252e+01	7.705105e-03
6.293252e+01	7.226693e-03
6.303252e+01	6.703771e-03
6.313252e+01	6.659080e-03
6.323252e+01	7.228199e-03
6.333252e+01	8.557692e-03
6.343252e+01	1.092399e-02
