#RPA-results:
#Nucleus: Ni 80
#Fermi level: -1.541935e+00	-1.810941e+01
#Excitation: 1 +
#Total number of pairs: 494
#Number of ph-/ah-pairs: 494/0
#Maximal excitation-energy for particle-hole-pairs: 100
#Maximal excitation-energy for antiparticle-hole-pairs: 1000
#No imaginary eigenvalues

#Parameterset: DD-PC1
#natural parity: no
#Isoscalar result:

#width: 5.000000e-01
#maximum value: 1.274349e-02
#at energy: 6.343252e+01
-9.656748e+01	5.328508e-04
-9.646748e+01	5.339155e-04
-9.636748e+01	5.349833e-04
-9.626748e+01	5.360544e-04
-9.616748e+01	5.371287e-04
-9.606748e+01	5.382063e-04
-9.596748e+01	5.392871e-04
-9.586748e+01	5.403711e-04
-9.576748e+01	5.414585e-04
-9.566748e+01	5.425491e-04
-9.556748e+01	5.436430e-04
-9.546748e+01	5.447403e-04
-9.536748e+01	5.458408e-04
-9.526748e+01	5.469447e-04
-9.516748e+01	5.480520e-04
-9.506748e+01	5.491627e-04
-9.496748e+01	5.502767e-04
-9.486748e+01	5.513941e-04
-9.476748e+01	5.525150e-04
-9.466748e+01	5.536393e-04
-9.456748e+01	5.547670e-04
-9.446748e+01	5.558981e-04
-9.436748e+01	5.570328e-04
-9.426748e+01	5.581709e-04
-9.416748e+01	5.593125e-04
-9.406748e+01	5.604576e-04
-9.396748e+01	5.616063e-04
-9.386748e+01	5.627585e-04
-9.376748e+01	5.639142e-04
-9.366748e+01	5.650736e-04
-9.356748e+01	5.662365e-04
-9.346748e+01	5.674030e-04
-9.336748e+01	5.685731e-04
-9.326748e+01	5.697468e-04
-9.316748e+01	5.709242e-04
-9.306748e+01	5.721053e-04
-9.296748e+01	5.732900e-04
-9.286748e+01	5.744784e-04
-9.276748e+01	5.756705e-04
-9.266748e+01	5.768664e-04
-9.256748e+01	5.780660e-04
-9.246748e+01	5.792693e-04
-9.236748e+01	5.804764e-04
-9.226748e+01	5.816873e-04
-9.216748e+01	5.829020e-04
-9.206748e+01	5.841205e-04
-9.196748e+01	5.853428e-04
-9.186748e+01	5.865690e-04
-9.176748e+01	5.877990e-04
-9.166748e+01	5.890329e-04
-9.156748e+01	5.902707e-04
-9.146748e+01	5.915125e-04
-9.136748e+01	5.927581e-04
-9.126748e+01	5.940077e-04
-9.116748e+01	5.952613e-04
-9.106748e+01	5.965188e-04
-9.096748e+01	5.977804e-04
-9.086748e+01	5.990459e-04
-9.076748e+01	6.003155e-04
-9.066748e+01	6.015891e-04
-9.056748e+01	6.028668e-04
-9.046748e+01	6.041486e-04
-9.036748e+01	6.054345e-04
-9.026748e+01	6.067245e-04
-9.016748e+01	6.080186e-04
-9.006748e+01	6.093169e-04
-8.996748e+01	6.106193e-04
-8.986748e+01	6.119259e-04
-8.976748e+01	6.132368e-04
-8.966748e+01	6.145519e-04
-8.956748e+01	6.158712e-04
-8.946748e+01	6.171947e-04
-8.936748e+01	6.185226e-04
-8.926748e+01	6.198547e-04
-8.916748e+01	6.211912e-04
-8.906748e+01	6.225320e-04
-8.896748e+01	6.238771e-04
-8.886748e+01	6.252267e-04
-8.876748e+01	6.265806e-04
-8.866748e+01	6.279389e-04
-8.856748e+01	6.293016e-04
-8.846748e+01	6.306689e-04
-8.836748e+01	6.320405e-04
-8.826748e+01	6.334167e-04
-8.816748e+01	6.347974e-04
-8.806748e+01	6.361825e-04
-8.796748e+01	6.375723e-04
-8.786748e+01	6.389666e-04
-8.776748e+01	6.403655e-04
-8.766748e+01	6.417690e-04
-8.756748e+01	6.431771e-04
-8.746748e+01	6.445899e-04
-8.736748e+01	6.460074e-04
-8.726748e+01	6.474295e-04
-8.716748e+01	6.488563e-04
-8.706748e+01	6.502879e-04
-8.696748e+01	6.517243e-04
-8.686748e+01	6.531654e-04
-8.676748e+01	6.546113e-04
-8.666748e+01	6.560620e-04
-8.656748e+01	6.575175e-04
-8.646748e+01	6.589779e-04
-8.636748e+01	6.604432e-04
-8.626748e+01	6.619134e-04
-8.616748e+01	6.633885e-04
-8.606748e+01	6.648686e-04
-8.596748e+01	6.663536e-04
-8.586748e+01	6.678436e-04
-8.576748e+01	6.693387e-04
-8.566748e+01	6.708387e-04
-8.556748e+01	6.723439e-04
-8.546748e+01	6.738541e-04
-8.536748e+01	6.753694e-04
-8.526748e+01	6.768898e-04
-8.516748e+01	6.784154e-04
-8.506748e+01	6.799462e-04
-8.496748e+01	6.814821e-04
-8.486748e+01	6.830233e-04
-8.476748e+01	6.845697e-04
-8.466748e+01	6.861214e-04
-8.456748e+01	6.876784e-04
-8.446748e+01	6.892407e-04
-8.436748e+01	6.908083e-04
-8.426748e+01	6.923813e-04
-8.416748e+01	6.939597e-04
-8.406748e+01	6.955436e-04
-8.396748e+01	6.971328e-04
-8.386748e+01	6.987275e-04
-8.376748e+01	7.003277e-04
-8.366748e+01	7.019334e-04
-8.356748e+01	7.035447e-04
-8.346748e+01	7.051615e-04
-8.336748e+01	7.067839e-04
-8.326748e+01	7.084120e-04
-8.316748e+01	7.100456e-04
-8.306748e+01	7.116850e-04
-8.296748e+01	7.133300e-04
-8.286748e+01	7.149808e-04
-8.276748e+01	7.166373e-04
-8.266748e+01	7.182996e-04
-8.256748e+01	7.199676e-04
-8.246748e+01	7.216416e-04
-8.236748e+01	7.233213e-04
-8.226748e+01	7.250070e-04
-8.216748e+01	7.266986e-04
-8.206748e+01	7.283961e-04
-8.196748e+01	7.300995e-04
-8.186748e+01	7.318090e-04
-8.176748e+01	7.335245e-04
-8.166748e+01	7.352461e-04
-8.156748e+01	7.369737e-04
-8.146748e+01	7.387074e-04
-8.136748e+01	7.404473e-04
-8.126748e+01	7.421933e-04
-8.116748e+01	7.439456e-04
-8.106748e+01	7.457040e-04
-8.096748e+01	7.474687e-04
-8.086748e+01	7.492397e-04
-8.076748e+01	7.510171e-04
-8.066748e+01	7.528007e-04
-8.056748e+01	7.545908e-04
-8.046748e+01	7.563872e-04
-8.036748e+01	7.581901e-04
-8.026748e+01	7.599994e-04
-8.016748e+01	7.618153e-04
-8.006748e+01	7.636377e-04
-7.996748e+01	7.654666e-04
-7.986748e+01	7.673021e-04
-7.976748e+01	7.691443e-04
-7.966748e+01	7.709931e-04
-7.956748e+01	7.728486e-04
-7.946748e+01	7.747108e-04
-7.936748e+01	7.765798e-04
-7.926748e+01	7.784556e-04
-7.916748e+01	7.803382e-04
-7.906748e+01	7.822276e-04
-7.896748e+01	7.841239e-04
-7.886748e+01	7.860272e-04
-7.876748e+01	7.879374e-04
-7.866748e+01	7.898546e-04
-7.856748e+01	7.917788e-04
-7.846748e+01	7.937100e-04
-7.836748e+01	7.956484e-04
-7.826748e+01	7.975938e-04
-7.816748e+01	7.995465e-04
-7.806748e+01	8.015063e-04
-7.796748e+01	8.034734e-04
-7.786748e+01	8.054477e-04
-7.776748e+01	8.074293e-04
-7.766748e+01	8.094183e-04
-7.756748e+01	8.114147e-04
-7.746748e+01	8.134184e-04
-7.736748e+01	8.154296e-04
-7.726748e+01	8.174483e-04
-7.716748e+01	8.194746e-04
-7.706748e+01	8.215083e-04
-7.696748e+01	8.235497e-04
-7.686748e+01	8.255987e-04
-7.676748e+01	8.276554e-04
-7.666748e+01	8.297198e-04
-7.656748e+01	8.317920e-04
-7.646748e+01	8.338719e-04
-7.636748e+01	8.359597e-04
-7.626748e+01	8.380553e-04
-7.616748e+01	8.401589e-04
-7.606748e+01	8.422704e-04
-7.596748e+01	8.443899e-04
-7.586748e+01	8.465174e-04
-7.576748e+01	8.486530e-04
-7.566748e+01	8.507967e-04
-7.556748e+01	8.529485e-04
-7.546748e+01	8.551086e-04
-7.536748e+01	8.572769e-04
-7.526748e+01	8.594534e-04
-7.516748e+01	8.616383e-04
-7.506748e+01	8.638316e-04
-7.496748e+01	8.660332e-04
-7.486748e+01	8.682433e-04
-7.476748e+01	8.704619e-04
-7.466748e+01	8.726890e-04
-7.456748e+01	8.749247e-04
-7.446748e+01	8.771691e-04
-7.436748e+01	8.794221e-04
-7.426748e+01	8.816838e-04
-7.416748e+01	8.839543e-04
-7.406748e+01	8.862335e-04
-7.396748e+01	8.885217e-04
-7.386748e+01	8.908187e-04
-7.376748e+01	8.931246e-04
-7.366748e+01	8.954396e-04
-7.356748e+01	8.977636e-04
-7.346748e+01	9.000966e-04
-7.336748e+01	9.024388e-04
-7.326748e+01	9.047902e-04
-7.316748e+01	9.071508e-04
-7.306748e+01	9.095207e-04
-7.296748e+01	9.118999e-04
-7.286748e+01	9.142884e-04
-7.276748e+01	9.166864e-04
-7.266748e+01	9.190939e-04
-7.256748e+01	9.215109e-04
-7.246748e+01	9.239374e-04
-7.236748e+01	9.263736e-04
-7.226748e+01	9.288195e-04
-7.216748e+01	9.312750e-04
-7.206748e+01	9.337404e-04
-7.196748e+01	9.362156e-04
-7.186748e+01	9.387006e-04
-7.176748e+01	9.411956e-04
-7.166748e+01	9.437006e-04
-7.156748e+01	9.462156e-04
-7.146748e+01	9.487408e-04
-7.136748e+01	9.512760e-04
-7.126748e+01	9.538215e-04
-7.116748e+01	9.563772e-04
-7.106748e+01	9.589433e-04
-7.096748e+01	9.615197e-04
-7.086748e+01	9.641065e-04
-7.076748e+01	9.667039e-04
-7.066748e+01	9.693117e-04
-7.056748e+01	9.719302e-04
-7.046748e+01	9.745593e-04
-7.036748e+01	9.771991e-04
-7.026748e+01	9.798497e-04
-7.016748e+01	9.825111e-04
-7.006748e+01	9.851834e-04
-6.996748e+01	9.878667e-04
-6.986748e+01	9.905610e-04
-6.976748e+01	9.932663e-04
-6.966748e+01	9.959828e-04
-6.956748e+01	9.987104e-04
-6.946748e+01	1.001449e-03
-6.936748e+01	1.004200e-03
-6.926748e+01	1.006961e-03
-6.916748e+01	1.009734e-03
-6.906748e+01	1.012519e-03
-6.896748e+01	1.015315e-03
-6.886748e+01	1.018123e-03
-6.876748e+01	1.020942e-03
-6.866748e+01	1.023773e-03
-6.856748e+01	1.026616e-03
-6.846748e+01	1.029471e-03
-6.836748e+01	1.032338e-03
-6.826748e+01	1.035217e-03
-6.816748e+01	1.038108e-03
-6.806748e+01	1.041011e-03
-6.796748e+01	1.043927e-03
-6.786748e+01	1.046854e-03
-6.776748e+01	1.049794e-03
-6.766748e+01	1.052747e-03
-6.756748e+01	1.055712e-03
-6.746748e+01	1.058689e-03
-6.736748e+01	1.061680e-03
-6.726748e+01	1.064683e-03
-6.716748e+01	1.067698e-03
-6.706748e+01	1.070727e-03
-6.696748e+01	1.073769e-03
-6.686748e+01	1.076823e-03
-6.676748e+01	1.079891e-03
-6.666748e+01	1.082972e-03
-6.656748e+01	1.086066e-03
-6.646748e+01	1.089173e-03
-6.636748e+01	1.092294e-03
-6.626748e+01	1.095429e-03
-6.616748e+01	1.098576e-03
-6.606748e+01	1.101738e-03
-6.596748e+01	1.104913e-03
-6.586748e+01	1.108102e-03
-6.576748e+01	1.111305e-03
-6.566748e+01	1.114522e-03
-6.556748e+01	1.117753e-03
-6.546748e+01	1.120998e-03
-6.536748e+01	1.124257e-03
-6.526748e+01	1.127530e-03
-6.516748e+01	1.130818e-03
-6.506748e+01	1.134120e-03
-6.496748e+01	1.137437e-03
-6.486748e+01	1.140768e-03
-6.476748e+01	1.144115e-03
-6.466748e+01	1.147475e-03
-6.456748e+01	1.150851e-03
-6.446748e+01	1.154242e-03
-6.436748e+01	1.157648e-03
-6.426748e+01	1.161069e-03
-6.416748e+01	1.164505e-03
-6.406748e+01	1.167956e-03
-6.396748e+01	1.171423e-03
-6.386748e+01	1.174906e-03
-6.376748e+01	1.178404e-03
-6.366748e+01	1.181918e-03
-6.356748e+01	1.185447e-03
-6.346748e+01	1.188992e-03
-6.336748e+01	1.192554e-03
-6.326748e+01	1.196131e-03
-6.316748e+01	1.199725e-03
-6.306748e+01	1.203335e-03
-6.296748e+01	1.206961e-03
-6.286748e+01	1.210604e-03
-6.276748e+01	1.214263e-03
-6.266748e+01	1.217939e-03
-6.256748e+01	1.221632e-03
-6.246748e+01	1.225342e-03
-6.236748e+01	1.229069e-03
-6.226748e+01	1.232812e-03
-6.216748e+01	1.236573e-03
-6.206748e+01	1.240351e-03
-6.196748e+01	1.244147e-03
-6.186748e+01	1.247960e-03
-6.176748e+01	1.251791e-03
-6.166748e+01	1.255640e-03
-6.156748e+01	1.259506e-03
-6.146748e+01	1.263390e-03
-6.136748e+01	1.267292e-03
-6.126748e+01	1.271213e-03
-6.116748e+01	1.275152e-03
-6.106748e+01	1.279109e-03
-6.096748e+01	1.283085e-03
-6.086748e+01	1.287079e-03
-6.076748e+01	1.291092e-03
-6.066748e+01	1.295124e-03
-6.056748e+01	1.299175e-03
-6.046748e+01	1.303245e-03
-6.036748e+01	1.307334e-03
-6.026748e+01	1.311443e-03
-6.016748e+01	1.315571e-03
-6.006748e+01	1.319719e-03
-5.996748e+01	1.323886e-03
-5.986748e+01	1.328074e-03
-5.976748e+01	1.332281e-03
-5.966748e+01	1.336508e-03
-5.956748e+01	1.340756e-03
-5.946748e+01	1.345024e-03
-5.936748e+01	1.349312e-03
-5.926748e+01	1.353621e-03
-5.916748e+01	1.357951e-03
-5.906748e+01	1.362302e-03
-5.896748e+01	1.366673e-03
-5.886748e+01	1.371066e-03
-5.876748e+01	1.375480e-03
-5.866748e+01	1.379916e-03
-5.856748e+01	1.384373e-03
-5.846748e+01	1.388852e-03
-5.836748e+01	1.393353e-03
-5.826748e+01	1.397876e-03
-5.816748e+01	1.402420e-03
-5.806748e+01	1.406988e-03
-5.796748e+01	1.411577e-03
-5.786748e+01	1.416189e-03
-5.776748e+01	1.420824e-03
-5.766748e+01	1.425482e-03
-5.756748e+01	1.430163e-03
-5.746748e+01	1.434867e-03
-5.736748e+01	1.439594e-03
-5.726748e+01	1.444345e-03
-5.716748e+01	1.449120e-03
-5.706748e+01	1.453918e-03
-5.696748e+01	1.458741e-03
-5.686748e+01	1.463587e-03
-5.676748e+01	1.468458e-03
-5.666748e+01	1.473353e-03
-5.656748e+01	1.478273e-03
-5.646748e+01	1.483217e-03
-5.636748e+01	1.488187e-03
-5.626748e+01	1.493182e-03
-5.616748e+01	1.498201e-03
-5.606748e+01	1.503247e-03
-5.596748e+01	1.508318e-03
-5.586748e+01	1.513415e-03
-5.576748e+01	1.518538e-03
-5.566748e+01	1.523687e-03
-5.556748e+01	1.528862e-03
-5.546748e+01	1.534064e-03
-5.536748e+01	1.539293e-03
-5.526748e+01	1.544548e-03
-5.516748e+01	1.549831e-03
-5.506748e+01	1.555141e-03
-5.496748e+01	1.560478e-03
-5.486748e+01	1.565843e-03
-5.476748e+01	1.571236e-03
-5.466748e+01	1.576657e-03
-5.456748e+01	1.582106e-03
-5.446748e+01	1.587583e-03
-5.436748e+01	1.593089e-03
-5.426748e+01	1.598624e-03
-5.416748e+01	1.604188e-03
-5.406748e+01	1.609781e-03
-5.396748e+01	1.615404e-03
-5.386748e+01	1.621056e-03
-5.376748e+01	1.626738e-03
-5.366748e+01	1.632451e-03
-5.356748e+01	1.638193e-03
-5.346748e+01	1.643966e-03
-5.336748e+01	1.649770e-03
-5.326748e+01	1.655604e-03
-5.316748e+01	1.661470e-03
-5.306748e+01	1.667367e-03
-5.296748e+01	1.673296e-03
-5.286748e+01	1.679257e-03
-5.276748e+01	1.685249e-03
-5.266748e+01	1.691274e-03
-5.256748e+01	1.697332e-03
-5.246748e+01	1.703422e-03
-5.236748e+01	1.709545e-03
-5.226748e+01	1.715701e-03
-5.216748e+01	1.721891e-03
-5.206748e+01	1.728115e-03
-5.196748e+01	1.734373e-03
-5.186748e+01	1.740664e-03
-5.176748e+01	1.746991e-03
-5.166748e+01	1.753352e-03
-5.156748e+01	1.759748e-03
-5.146748e+01	1.766179e-03
-5.136748e+01	1.772646e-03
-5.126748e+01	1.779148e-03
-5.116748e+01	1.785687e-03
-5.106748e+01	1.792261e-03
-5.096748e+01	1.798873e-03
-5.086748e+01	1.805521e-03
-5.076748e+01	1.812206e-03
-5.066748e+01	1.818929e-03
-5.056748e+01	1.825689e-03
-5.046748e+01	1.832488e-03
-5.036748e+01	1.839324e-03
-5.026748e+01	1.846199e-03
-5.016748e+01	1.853113e-03
-5.006748e+01	1.860066e-03
-4.996748e+01	1.867059e-03
-4.986748e+01	1.874091e-03
-4.976748e+01	1.881163e-03
-4.966748e+01	1.888276e-03
-4.956748e+01	1.895429e-03
-4.946748e+01	1.902623e-03
-4.936748e+01	1.909858e-03
-4.926748e+01	1.917135e-03
-4.916748e+01	1.924454e-03
-4.906748e+01	1.931815e-03
-4.896748e+01	1.939219e-03
-4.886748e+01	1.946665e-03
-4.876748e+01	1.954155e-03
-4.866748e+01	1.961688e-03
-4.856748e+01	1.969265e-03
-4.846748e+01	1.976886e-03
-4.836748e+01	1.984552e-03
-4.826748e+01	1.992263e-03
-4.816748e+01	2.000019e-03
-4.806748e+01	2.007821e-03
-4.796748e+01	2.015669e-03
-4.786748e+01	2.023563e-03
-4.776748e+01	2.031503e-03
-4.766748e+01	2.039491e-03
-4.756748e+01	2.047527e-03
-4.746748e+01	2.055610e-03
-4.736748e+01	2.063742e-03
-4.726748e+01	2.071922e-03
-4.716748e+01	2.080151e-03
-4.706748e+01	2.088430e-03
-4.696748e+01	2.096758e-03
-4.686748e+01	2.105137e-03
-4.676748e+01	2.113566e-03
-4.666748e+01	2.122046e-03
-4.656748e+01	2.130578e-03
-4.646748e+01	2.139161e-03
-4.636748e+01	2.147797e-03
-4.626748e+01	2.156486e-03
-4.616748e+01	2.165228e-03
-4.606748e+01	2.174023e-03
-4.596748e+01	2.182872e-03
-4.586748e+01	2.191776e-03
-4.576748e+01	2.200735e-03
-4.566748e+01	2.209749e-03
-4.556748e+01	2.218819e-03
-4.546748e+01	2.227945e-03
-4.536748e+01	2.237129e-03
-4.526748e+01	2.246369e-03
-4.516748e+01	2.255667e-03
-4.506748e+01	2.265023e-03
-4.496748e+01	2.274438e-03
-4.486748e+01	2.283913e-03
-4.476748e+01	2.293446e-03
-4.466748e+01	2.303041e-03
-4.456748e+01	2.312696e-03
-4.446748e+01	2.322412e-03
-4.436748e+01	2.332189e-03
-4.426748e+01	2.342030e-03
-4.416748e+01	2.351933e-03
-4.406748e+01	2.361899e-03
-4.396748e+01	2.371929e-03
-4.386748e+01	2.382024e-03
-4.376748e+01	2.392184e-03
-4.366748e+01	2.402409e-03
-4.356748e+01	2.412700e-03
-4.346748e+01	2.423059e-03
-4.336748e+01	2.433484e-03
-4.326748e+01	2.443978e-03
-4.316748e+01	2.454539e-03
-4.306748e+01	2.465170e-03
-4.296748e+01	2.475871e-03
-4.286748e+01	2.486642e-03
-4.276748e+01	2.497484e-03
-4.266748e+01	2.508398e-03
-4.256748e+01	2.519383e-03
-4.246748e+01	2.530442e-03
-4.236748e+01	2.541574e-03
-4.226748e+01	2.552780e-03
-4.216748e+01	2.564061e-03
-4.206748e+01	2.575418e-03
-4.196748e+01	2.586850e-03
-4.186748e+01	2.598360e-03
-4.176748e+01	2.609947e-03
-4.166748e+01	2.621612e-03
-4.156748e+01	2.633357e-03
-4.146748e+01	2.645181e-03
-4.136748e+01	2.657085e-03
-4.126748e+01	2.669071e-03
-4.116748e+01	2.681138e-03
-4.106748e+01	2.693288e-03
-4.096748e+01	2.705522e-03
-4.086748e+01	2.717840e-03
-4.076748e+01	2.730242e-03
-4.066748e+01	2.742731e-03
-4.056748e+01	2.755306e-03
-4.046748e+01	2.767968e-03
-4.036748e+01	2.780719e-03
-4.026748e+01	2.793558e-03
-4.016748e+01	2.806488e-03
-4.006748e+01	2.819508e-03
-3.996748e+01	2.832619e-03
-3.986748e+01	2.845823e-03
-3.976748e+01	2.859121e-03
-3.966748e+01	2.872512e-03
-3.956748e+01	2.885999e-03
-3.946748e+01	2.899581e-03
-3.936748e+01	2.913261e-03
-3.926748e+01	2.927038e-03
-3.916748e+01	2.940914e-03
-3.906748e+01	2.954890e-03
-3.896748e+01	2.968967e-03
-3.886748e+01	2.983145e-03
-3.876748e+01	2.997426e-03
-3.866748e+01	3.011810e-03
-3.856748e+01	3.026300e-03
-3.846748e+01	3.040894e-03
-3.836748e+01	3.055596e-03
-3.826748e+01	3.070406e-03
-3.816748e+01	3.085324e-03
-3.806748e+01	3.100353e-03
-3.796748e+01	3.115492e-03
-3.786748e+01	3.130743e-03
-3.776748e+01	3.146108e-03
-3.766748e+01	3.161588e-03
-3.756748e+01	3.177182e-03
-3.746748e+01	3.192894e-03
-3.736748e+01	3.208723e-03
-3.726748e+01	3.224672e-03
-3.716748e+01	3.240741e-03
-3.706748e+01	3.256931e-03
-3.696748e+01	3.273244e-03
-3.686748e+01	3.289681e-03
-3.676748e+01	3.306243e-03
-3.666748e+01	3.322932e-03
-3.656748e+01	3.339749e-03
-3.646748e+01	3.356695e-03
-3.636748e+01	3.373772e-03
-3.626748e+01	3.390981e-03
-3.616748e+01	3.408322e-03
-3.606748e+01	3.425799e-03
-3.596748e+01	3.443411e-03
-3.586748e+01	3.461161e-03
-3.576748e+01	3.479051e-03
-3.566748e+01	3.497080e-03
-3.556748e+01	3.515251e-03
-3.546748e+01	3.533566e-03
-3.536748e+01	3.552026e-03
-3.526748e+01	3.570632e-03
-3.516748e+01	3.589387e-03
-3.506748e+01	3.608291e-03
-3.496748e+01	3.627346e-03
-3.486748e+01	3.646554e-03
-3.476748e+01	3.665917e-03
-3.466748e+01	3.685436e-03
-3.456748e+01	3.705113e-03
-3.446748e+01	3.724950e-03
-3.436748e+01	3.744948e-03
-3.426748e+01	3.765110e-03
-3.416748e+01	3.785436e-03
-3.406748e+01	3.805930e-03
-3.396748e+01	3.826591e-03
-3.386748e+01	3.847424e-03
-3.376748e+01	3.868429e-03
-3.366748e+01	3.889608e-03
-3.356748e+01	3.910964e-03
-3.346748e+01	3.932498e-03
-3.336748e+01	3.954213e-03
-3.326748e+01	3.976110e-03
-3.316748e+01	3.998191e-03
-3.306748e+01	4.020459e-03
-3.296748e+01	4.042916e-03
-3.286748e+01	4.065563e-03
-3.276748e+01	4.088404e-03
-3.266748e+01	4.111439e-03
-3.256748e+01	4.134673e-03
-3.246748e+01	4.158106e-03
-3.236748e+01	4.181742e-03
-3.226748e+01	4.205581e-03
-3.216748e+01	4.229628e-03
-3.206748e+01	4.253885e-03
-3.196748e+01	4.278353e-03
-3.186748e+01	4.303035e-03
-3.176748e+01	4.327934e-03
-3.166748e+01	4.353053e-03
-3.156748e+01	4.378394e-03
-3.146748e+01	4.403959e-03
-3.136748e+01	4.429752e-03
-3.126748e+01	4.455775e-03
-3.116748e+01	4.482031e-03
-3.106748e+01	4.508523e-03
-3.096748e+01	4.535253e-03
-3.086748e+01	4.562225e-03
-3.076748e+01	4.589442e-03
-3.066748e+01	4.616906e-03
-3.056748e+01	4.644620e-03
-3.046748e+01	4.672589e-03
-3.036748e+01	4.700814e-03
-3.026748e+01	4.729299e-03
-3.016748e+01	4.758047e-03
-3.006748e+01	4.787062e-03
-2.996748e+01	4.816347e-03
-2.986748e+01	4.845905e-03
-2.976748e+01	4.875739e-03
-2.966748e+01	4.905854e-03
-2.956748e+01	4.936253e-03
-2.946748e+01	4.966940e-03
-2.936748e+01	4.997917e-03
-2.926748e+01	5.029190e-03
-2.916748e+01	5.060761e-03
-2.906748e+01	5.092635e-03
-2.896748e+01	5.124815e-03
-2.886748e+01	5.157306e-03
-2.876748e+01	5.190111e-03
-2.866748e+01	5.223235e-03
-2.856748e+01	5.256682e-03
-2.846748e+01	5.290457e-03
-2.836748e+01	5.324563e-03
-2.826748e+01	5.359005e-03
-2.816748e+01	5.393787e-03
-2.806748e+01	5.428914e-03
-2.796748e+01	5.464391e-03
-2.786748e+01	5.500223e-03
-2.776748e+01	5.536414e-03
-2.766748e+01	5.572969e-03
-2.756748e+01	5.609893e-03
-2.746748e+01	5.647191e-03
-2.736748e+01	5.684868e-03
-2.726748e+01	5.722931e-03
-2.716748e+01	5.761383e-03
-2.706748e+01	5.800230e-03
-2.696748e+01	5.839479e-03
-2.686748e+01	5.879133e-03
-2.676748e+01	5.919200e-03
-2.666748e+01	5.959686e-03
-2.656748e+01	6.000595e-03
-2.646748e+01	6.041934e-03
-2.636748e+01	6.083710e-03
-2.626748e+01	6.125928e-03
-2.616748e+01	6.168594e-03
-2.606748e+01	6.211717e-03
-2.596748e+01	6.255301e-03
-2.586748e+01	6.299354e-03
-2.576748e+01	6.343882e-03
-2.566748e+01	6.388893e-03
-2.556748e+01	6.434394e-03
-2.546748e+01	6.480392e-03
-2.536748e+01	6.526894e-03
-2.526748e+01	6.573908e-03
-2.516748e+01	6.621442e-03
-2.506748e+01	6.669503e-03
-2.496748e+01	6.718100e-03
-2.486748e+01	6.767240e-03
-2.476748e+01	6.816932e-03
-2.466748e+01	6.867184e-03
-2.456748e+01	6.918005e-03
-2.446748e+01	6.969404e-03
-2.436748e+01	7.021390e-03
-2.426748e+01	7.073971e-03
-2.416748e+01	7.127158e-03
-2.406748e+01	7.180959e-03
-2.396748e+01	7.235385e-03
-2.386748e+01	7.290445e-03
-2.376748e+01	7.346150e-03
-2.366748e+01	7.402509e-03
-2.356748e+01	7.459533e-03
-2.346748e+01	7.517233e-03
-2.336748e+01	7.575620e-03
-2.326748e+01	7.634706e-03
-2.316748e+01	7.694500e-03
-2.306748e+01	7.755016e-03
-2.296748e+01	7.816265e-03
-2.286748e+01	7.878260e-03
-2.276748e+01	7.941011e-03
-2.266748e+01	8.004534e-03
-2.256748e+01	8.068839e-03
-2.246748e+01	8.133941e-03
-2.236748e+01	8.199853e-03
-2.226748e+01	8.266589e-03
-2.216748e+01	8.334163e-03
-2.206748e+01	8.402589e-03
-2.196748e+01	8.471883e-03
-2.186748e+01	8.542058e-03
-2.176748e+01	8.613131e-03
-2.166748e+01	8.685118e-03
-2.156748e+01	8.758034e-03
-2.146748e+01	8.831896e-03
-2.136748e+01	8.906721e-03
-2.126748e+01	8.982526e-03
-2.116748e+01	9.059328e-03
-2.106748e+01	9.137146e-03
-2.096748e+01	9.215999e-03
-2.086748e+01	9.295904e-03
-2.076748e+01	9.376882e-03
-2.066748e+01	9.458952e-03
-2.056748e+01	9.542135e-03
-2.046748e+01	9.626450e-03
-2.036748e+01	9.711921e-03
-2.026748e+01	9.798567e-03
-2.016748e+01	9.886412e-03
-2.006748e+01	9.975479e-03
-1.996748e+01	1.006579e-02
-1.986748e+01	1.015737e-02
-1.976748e+01	1.025024e-02
-1.966748e+01	1.034443e-02
-1.956748e+01	1.043997e-02
-1.946748e+01	1.053688e-02
-1.936748e+01	1.063518e-02
-1.926748e+01	1.073491e-02
-1.916748e+01	1.083610e-02
-1.906748e+01	1.093877e-02
-1.896748e+01	1.104295e-02
-1.886748e+01	1.114867e-02
-1.876748e+01	1.125598e-02
-1.866748e+01	1.136489e-02
-1.856748e+01	1.147544e-02
-1.846748e+01	1.158767e-02
-1.836748e+01	1.170161e-02
-1.826748e+01	1.181730e-02
-1.816748e+01	1.193477e-02
-1.806748e+01	1.205407e-02
-1.796748e+01	1.217523e-02
-1.786748e+01	1.229829e-02
-1.776748e+01	1.242330e-02
-1.766748e+01	1.255029e-02
-1.756748e+01	1.267931e-02
-1.746748e+01	1.281041e-02
-1.736748e+01	1.294362e-02
-1.726748e+01	1.307901e-02
-1.716748e+01	1.321662e-02
-1.706748e+01	1.335649e-02
-1.696748e+01	1.349869e-02
-1.686748e+01	1.364326e-02
-1.676748e+01	1.379026e-02
-1.666748e+01	1.393975e-02
-1.656748e+01	1.409179e-02
-1.646748e+01	1.424643e-02
-1.636748e+01	1.440374e-02
-1.626748e+01	1.456378e-02
-1.616748e+01	1.472662e-02
-1.606748e+01	1.489232e-02
-1.596748e+01	1.506097e-02
-1.586748e+01	1.523262e-02
-1.576748e+01	1.540736e-02
-1.566748e+01	1.558526e-02
-1.556748e+01	1.576641e-02
-1.546748e+01	1.595088e-02
-1.536748e+01	1.613877e-02
-1.526748e+01	1.633015e-02
-1.516748e+01	1.652513e-02
-1.506748e+01	1.672379e-02
-1.496748e+01	1.692624e-02
-1.486748e+01	1.713257e-02
-1.476748e+01	1.734289e-02
-1.466748e+01	1.755731e-02
-1.456748e+01	1.777594e-02
-1.446748e+01	1.799890e-02
-1.436748e+01	1.822630e-02
-1.426748e+01	1.845828e-02
-1.416748e+01	1.869497e-02
-1.406748e+01	1.893648e-02
-1.396748e+01	1.918298e-02
-1.386748e+01	1.943460e-02
-1.376748e+01	1.969149e-02
-1.366748e+01	1.995381e-02
-1.356748e+01	2.022172e-02
-1.346748e+01	2.049538e-02
-1.336748e+01	2.077499e-02
-1.326748e+01	2.106071e-02
-1.316748e+01	2.135274e-02
-1.306748e+01	2.165128e-02
-1.296748e+01	2.195652e-02
-1.286748e+01	2.226870e-02
-1.276748e+01	2.258802e-02
-1.266748e+01	2.291473e-02
-1.256748e+01	2.324907e-02
-1.246748e+01	2.359128e-02
-1.236748e+01	2.394165e-02
-1.226748e+01	2.430043e-02
-1.216748e+01	2.466793e-02
-1.206748e+01	2.504445e-02
-1.196748e+01	2.543030e-02
-1.186748e+01	2.582582e-02
-1.176748e+01	2.623135e-02
-1.166748e+01	2.664727e-02
-1.156748e+01	2.707394e-02
-1.146748e+01	2.751177e-02
-1.136748e+01	2.796119e-02
-1.126748e+01	2.842263e-02
-1.116748e+01	2.889656e-02
-1.106748e+01	2.938348e-02
-1.096748e+01	2.988388e-02
-1.086748e+01	3.039833e-02
-1.076748e+01	3.092738e-02
-1.066748e+01	3.147165e-02
-1.056748e+01	3.203176e-02
-1.046748e+01	3.260840e-02
-1.036748e+01	3.320228e-02
-1.026748e+01	3.381414e-02
-1.016748e+01	3.444478e-02
-1.006748e+01	3.509506e-02
-9.967479e+00	3.576587e-02
-9.867479e+00	3.645815e-02
-9.767479e+00	3.717294e-02
-9.667479e+00	3.791131e-02
-9.567479e+00	3.867440e-02
-9.467479e+00	3.946345e-02
-9.367479e+00	4.027976e-02
-9.267479e+00	4.112475e-02
-9.167479e+00	4.199991e-02
-9.067479e+00	4.290686e-02
-8.967479e+00	4.384732e-02
-8.867479e+00	4.482317e-02
-8.767479e+00	4.583640e-02
-8.667479e+00	4.688919e-02
-8.567479e+00	4.798387e-02
-8.467479e+00	4.912298e-02
-8.367479e+00	5.030928e-02
-8.267479e+00	5.154577e-02
-8.167479e+00	5.283570e-02
-8.067479e+00	5.418266e-02
-7.967479e+00	5.559056e-02
-7.867479e+00	5.706370e-02
-7.767479e+00	5.860681e-02
-7.667479e+00	6.022515e-02
-7.567479e+00	6.192454e-02
-7.467479e+00	6.371144e-02
-7.367479e+00	6.559313e-02
-7.267479e+00	6.757775e-02
-7.167479e+00	6.967451e-02
-7.067479e+00	7.189386e-02
-6.967479e+00	7.424775e-02
-6.867479e+00	7.674994e-02
-6.767479e+00	7.941635e-02
-6.667479e+00	8.226562e-02
-6.567479e+00	8.531973e-02
-6.467479e+00	8.860489e-02
-6.367479e+00	9.215273e-02
-6.267479e+00	9.600198e-02
-6.167479e+00	1.002007e-01
-6.067479e+00	1.048097e-01
-5.967479e+00	1.099074e-01
-5.867479e+00	1.155973e-01
-5.767479e+00	1.220192e-01
-5.667479e+00	1.293683e-01
-5.567479e+00	1.379254e-01
-5.467479e+00	1.481100e-01
-5.367479e+00	1.605708e-01
-5.267479e+00	1.763415e-01
-5.167479e+00	1.970804e-01
-5.067479e+00	2.254822e-01
-4.967479e+00	2.662497e-01
-4.867479e+00	3.261929e-01
-4.767479e+00	4.054432e-01
-4.667479e+00	4.693545e-01
-4.567479e+00	4.638316e-01
-4.467479e+00	4.164608e-01
-4.367479e+00	3.818803e-01
-4.267479e+00	3.727991e-01
-4.167479e+00	3.843030e-01
-4.067479e+00	4.117751e-01
-3.967479e+00	4.574917e-01
-3.867479e+00	5.282360e-01
-3.767479e+00	6.292879e-01
-3.667479e+00	7.578319e-01
-3.567479e+00	9.221037e-01
-3.467479e+00	1.166185e+00
-3.367479e+00	1.500586e+00
-3.267479e+00	1.797676e+00
-3.167479e+00	1.944107e+00
-3.067479e+00	2.079915e+00
-2.967479e+00	2.202974e+00
-2.867479e+00	2.125258e+00
-2.767479e+00	1.878806e+00
-2.667479e+00	1.693863e+00
-2.567479e+00	1.690585e+00
-2.467479e+00	1.869282e+00
-2.367479e+00	2.136088e+00
-2.267479e+00	2.320422e+00
-2.167479e+00	2.463863e+00
-2.067479e+00	2.740378e+00
-1.967479e+00	3.028506e+00
-1.867479e+00	3.056084e+00
-1.767479e+00	3.014386e+00
-1.667479e+00	3.250170e+00
-1.567479e+00	3.913584e+00
-1.467479e+00	5.044570e+00
-1.367479e+00	6.590027e+00
-1.267479e+00	8.068856e+00
-1.167479e+00	8.189871e+00
-1.067479e+00	7.038595e+00
-9.674791e-01	5.972956e+00
-8.674791e-01	5.200548e+00
-7.674791e-01	4.480762e+00
-6.674791e-01	4.037662e+00
-5.674791e-01	4.072922e+00
-4.674791e-01	4.678354e+00
-3.674791e-01	5.997823e+00
-2.674791e-01	8.074895e+00
-1.674791e-01	9.996336e+00
-6.747911e-02	9.719953e+00
3.252089e-02	7.502604e+00
1.325209e-01	5.349152e+00
2.325209e-01	3.917433e+00
3.325209e-01	3.067941e+00
4.325209e-01	2.604532e+00
5.325209e-01	2.415385e+00
6.325209e-01	2.465507e+00
7.325209e-01	2.785781e+00
8.325209e-01	3.464078e+00
9.325209e-01	4.545977e+00
1.032521e+00	5.596204e+00
1.132521e+00	5.518478e+00
1.232521e+00	4.339311e+00
1.332521e+00	3.145105e+00
1.432521e+00	2.335616e+00
1.532521e+00	1.845271e+00
1.632521e+00	1.564134e+00
1.732521e+00	1.425395e+00
1.832521e+00	1.404331e+00
1.932521e+00	1.488467e+00
2.032521e+00	1.601714e+00
2.132521e+00	1.577881e+00
2.232521e+00	1.424591e+00
2.332521e+00	1.308441e+00
2.432521e+00	1.302822e+00
2.532521e+00	1.426617e+00
2.632521e+00	1.700297e+00
2.732521e+00	2.090400e+00
2.832521e+00	2.335374e+00
2.932521e+00	2.154281e+00
3.032521e+00	1.783420e+00
3.132521e+00	1.498206e+00
3.232521e+00	1.343295e+00
3.332521e+00	1.295301e+00
3.432521e+00	1.333082e+00
3.532521e+00	1.454332e+00
3.632521e+00	1.674877e+00
3.732521e+00	2.028043e+00
3.832521e+00	2.586891e+00
3.932521e+00	3.486109e+00
4.032521e+00	4.871701e+00
4.132521e+00	6.567257e+00
4.232521e+00	7.376323e+00
4.332521e+00	6.349968e+00
4.432521e+00	4.687887e+00
4.532521e+00	3.424477e+00
4.632521e+00	2.638922e+00
4.732521e+00	2.175097e+00
4.832521e+00	1.909739e+00
4.932521e+00	1.770612e+00
5.032521e+00	1.718202e+00
5.132521e+00	1.731890e+00
5.232521e+00	1.802384e+00
5.332521e+00	1.928030e+00
5.432521e+00	2.113382e+00
5.532521e+00	2.369303e+00
5.632521e+00	2.714450e+00
5.732521e+00	3.178509e+00
5.832521e+00	3.808159e+00
5.932521e+00	4.677837e+00
6.032521e+00	5.909405e+00
6.132521e+00	7.708717e+00
6.232521e+00	1.043336e+01
6.332521e+00	1.470744e+01
6.432521e+00	2.153388e+01
6.532521e+00	3.188362e+01
6.632521e+00	4.370807e+01
6.732521e+00	4.752992e+01
6.832521e+00	3.866821e+01
6.932521e+00	2.678771e+01
7.032521e+00	1.804641e+01
7.132521e+00	1.249119e+01
7.232521e+00	8.992849e+00
7.332521e+00	6.721710e+00
7.432521e+00	5.189478e+00
7.532521e+00	4.116944e+00
7.632521e+00	3.341195e+00
7.732521e+00	2.763936e+00
7.832521e+00	2.323723e+00
7.932521e+00	1.980840e+00
8.032521e+00	1.708813e+00
8.132521e+00	1.489512e+00
8.232521e+00	1.310207e+00
8.332521e+00	1.161767e+00
8.432521e+00	1.037509e+00
8.532521e+00	9.324586e-01
8.632521e+00	8.428538e-01
8.732521e+00	7.658074e-01
8.832521e+00	6.990762e-01
8.932521e+00	6.408965e-01
9.032521e+00	5.898671e-01
9.132521e+00	5.448649e-01
9.232521e+00	5.049831e-01
9.332521e+00	4.694861e-01
9.432521e+00	4.377775e-01
9.532521e+00	4.093784e-01
9.632521e+00	3.839035e-01
9.732521e+00	3.609878e-01
9.832521e+00	3.400963e-01
9.932521e+00	3.206473e-01
1.003252e+01	3.026189e-01
1.013252e+01	2.861461e-01
1.023252e+01	2.711296e-01
1.033252e+01	2.573968e-01
1.043252e+01	2.447957e-01
1.053252e+01	2.332052e-01
1.063252e+01	2.225288e-01
1.073252e+01	2.126909e-01
1.083252e+01	2.036339e-01
1.093252e+01	1.953184e-01
1.103252e+01	1.877194e-01
1.113252e+01	1.808335e-01
1.123252e+01	1.747220e-01
1.133252e+01	1.695392e-01
1.143252e+01	1.655554e-01
1.153252e+01	1.631727e-01
1.163252e+01	1.625596e-01
1.173252e+01	1.621994e-01
1.183252e+01	1.592379e-01
1.193252e+01	1.552436e-01
1.203252e+01	1.538581e-01
1.213252e+01	1.553536e-01
1.223252e+01	1.572420e-01
1.233252e+01	1.547854e-01
1.243252e+01	1.459641e-01
1.253252e+01	1.355231e-01
1.263252e+01	1.255059e-01
1.273252e+01	1.167047e-01
1.283252e+01	1.097672e-01
1.293252e+01	1.044729e-01
1.303252e+01	1.004315e-01
1.313252e+01	9.735623e-02
1.323252e+01	9.524460e-02
1.333252e+01	9.414416e-02
1.343252e+01	9.336347e-02
1.353252e+01	9.116534e-02
1.363252e+01	8.740899e-02
1.373252e+01	8.358168e-02
1.383252e+01	8.046286e-02
1.393252e+01	7.808830e-02
1.403252e+01	7.589233e-02
1.413252e+01	7.343528e-02
1.423252e+01	7.094974e-02
1.433252e+01	6.860062e-02
1.443252e+01	6.647545e-02
1.453252e+01	6.459499e-02
1.463252e+01	6.290537e-02
1.473252e+01	6.137004e-02
1.483252e+01	5.997407e-02
1.493252e+01	5.871206e-02
1.503252e+01	5.758673e-02
1.513252e+01	5.658925e-02
1.523252e+01	5.563130e-02
1.533252e+01	5.451784e-02
1.543252e+01	5.326328e-02
1.553252e+01	5.206473e-02
1.563252e+01	5.099095e-02
1.573252e+01	5.002926e-02
1.583252e+01	4.916116e-02
1.593252e+01	4.837710e-02
1.603252e+01	4.767601e-02
1.613252e+01	4.706521e-02
1.623252e+01	4.656072e-02
1.633252e+01	4.618970e-02
1.643252e+01	4.599765e-02
1.653252e+01	4.606147e-02
1.663252e+01	4.651095e-02
1.673252e+01	4.755170e-02
1.683252e+01	4.943773e-02
1.693252e+01	5.231176e-02
1.703252e+01	5.563595e-02
1.713252e+01	5.712316e-02
1.723252e+01	5.593565e-02
1.733252e+01	5.476611e-02
1.743252e+01	5.434955e-02
1.753252e+01	5.354592e-02
1.763252e+01	5.305445e-02
1.773252e+01	5.408628e-02
1.783252e+01	5.689095e-02
1.793252e+01	6.109821e-02
1.803252e+01	6.566201e-02
1.813252e+01	6.911264e-02
1.823252e+01	7.079626e-02
1.833252e+01	7.327436e-02
1.843252e+01	7.858088e-02
1.853252e+01	8.433999e-02
1.863252e+01	8.737023e-02
1.873252e+01	9.267031e-02
1.883252e+01	1.027193e-01
1.893252e+01	1.068772e-01
1.903252e+01	9.605158e-02
1.913252e+01	8.079969e-02
1.923252e+01	7.099791e-02
1.933252e+01	6.783982e-02
1.943252e+01	6.905905e-02
1.953252e+01	7.046892e-02
1.963252e+01	7.037074e-02
1.973252e+01	6.901273e-02
1.983252e+01	6.754993e-02
1.993252e+01	6.850894e-02
2.003252e+01	6.809871e-02
2.013252e+01	6.102424e-02
2.023252e+01	5.142462e-02
2.033252e+01	4.412310e-02
2.043252e+01	3.939123e-02
2.053252e+01	3.594766e-02
2.063252e+01	3.314294e-02
2.073252e+01	3.107480e-02
2.083252e+01	2.970955e-02
2.093252e+01	2.884364e-02
2.103252e+01	2.831202e-02
2.113252e+01	2.820146e-02
2.123252e+01	2.860942e-02
2.133252e+01	2.911083e-02
2.143252e+01	2.873132e-02
2.153252e+01	2.760929e-02
2.163252e+01	2.674196e-02
2.173252e+01	2.649510e-02
2.183252e+01	2.679649e-02
2.193252e+01	2.757096e-02
2.203252e+01	2.909364e-02
2.213252e+01	3.162415e-02
2.223252e+01	3.479240e-02
2.233252e+01	3.805129e-02
2.243252e+01	4.079820e-02
2.253252e+01	4.022139e-02
2.263252e+01	3.618167e-02
2.273252e+01	3.248536e-02
2.283252e+01	3.082806e-02
2.293252e+01	3.067804e-02
2.303252e+01	3.017433e-02
2.313252e+01	2.810826e-02
2.323252e+01	2.559880e-02
2.333252e+01	2.382310e-02
2.343252e+01	2.296466e-02
2.353252e+01	2.278144e-02
2.363252e+01	2.275957e-02
2.373252e+01	2.243438e-02
2.383252e+01	2.171300e-02
2.393252e+01	2.086124e-02
2.403252e+01	2.026881e-02
2.413252e+01	1.995671e-02
2.423252e+01	1.967655e-02
2.433252e+01	1.944915e-02
2.443252e+01	1.943791e-02
2.453252e+01	1.962573e-02
2.463252e+01	1.992703e-02
2.473252e+01	2.016541e-02
2.483252e+01	2.040703e-02
2.493252e+01	2.094442e-02
2.503252e+01	2.165901e-02
2.513252e+01	2.197592e-02
2.523252e+01	2.204104e-02
2.533252e+01	2.252391e-02
2.543252e+01	2.362077e-02
2.553252e+01	2.481427e-02
2.563252e+01	2.545284e-02
2.573252e+01	2.564053e-02
2.583252e+01	2.562849e-02
2.593252e+01	2.584690e-02
2.603252e+01	2.676926e-02
2.613252e+01	2.897360e-02
2.623252e+01	3.297721e-02
2.633252e+01	3.929540e-02
2.643252e+01	4.849752e-02
2.653252e+01	5.995778e-02
2.663252e+01	6.996218e-02
2.673252e+01	7.801376e-02
2.683252e+01	8.777438e-02
2.693252e+01	9.622961e-02
2.703252e+01	9.473264e-02
2.713252e+01	8.422785e-02
2.723252e+01	7.185529e-02
2.733252e+01	5.913803e-02
2.743252e+01	4.824605e-02
2.753252e+01	4.030033e-02
2.763252e+01	3.499313e-02
2.773252e+01	3.203145e-02
2.783252e+01	3.040999e-02
2.793252e+01	2.935073e-02
2.803252e+01	2.935301e-02
2.813252e+01	3.033488e-02
2.823252e+01	3.131057e-02
2.833252e+01	3.268424e-02
2.843252e+01	3.572636e-02
2.853252e+01	3.890795e-02
2.863252e+01	3.788019e-02
2.873252e+01	3.275878e-02
2.883252e+01	2.753880e-02
2.893252e+01	2.410110e-02
2.903252e+01	2.236473e-02
2.913252e+01	2.197295e-02
2.923252e+01	2.280927e-02
2.933252e+01	2.499713e-02
2.943252e+01	2.869192e-02
2.953252e+01	3.404513e-02
2.963252e+01	4.143164e-02
2.973252e+01	4.850629e-02
2.983252e+01	4.982055e-02
2.993252e+01	4.671258e-02
3.003252e+01	4.421696e-02
3.013252e+01	4.284180e-02
3.023252e+01	3.914536e-02
3.033252e+01	3.397108e-02
3.043252e+01	3.070365e-02
3.053252e+01	2.945397e-02
3.063252e+01	2.811551e-02
3.073252e+01	2.618747e-02
3.083252e+01	2.523352e-02
3.093252e+01	2.574354e-02
3.103252e+01	2.589013e-02
3.113252e+01	2.388779e-02
3.123252e+01	2.122308e-02
3.133252e+01	1.954997e-02
3.143252e+01	1.923800e-02
3.153252e+01	1.993127e-02
3.163252e+01	2.046849e-02
3.173252e+01	2.000057e-02
3.183252e+01	1.966908e-02
3.193252e+01	2.074894e-02
3.203252e+01	2.372532e-02
3.213252e+01	2.794645e-02
3.223252e+01	3.013713e-02
3.233252e+01	2.777755e-02
3.243252e+01	2.322503e-02
3.253252e+01	1.926169e-02
3.263252e+01	1.682868e-02
3.273252e+01	1.573659e-02
3.283252e+01	1.527982e-02
3.293252e+01	1.441576e-02
3.303252e+01	1.304956e-02
3.313252e+01	1.182869e-02
3.323252e+01	1.089462e-02
3.333252e+01	1.020425e-02
3.343252e+01	9.760694e-03
3.353252e+01	9.549655e-03
3.363252e+01	9.555530e-03
3.373252e+01	9.712484e-03
3.383252e+01	9.791165e-03
3.393252e+01	9.668803e-03
3.403252e+01	9.599882e-03
3.413252e+01	9.727950e-03
3.423252e+01	9.757944e-03
3.433252e+01	9.350261e-03
3.443252e+01	8.752433e-03
3.453252e+01	8.244483e-03
3.463252e+01	7.884608e-03
3.473252e+01	7.648241e-03
3.483252e+01	7.499133e-03
3.493252e+01	7.415855e-03
3.503252e+01	7.383193e-03
3.513252e+01	7.385626e-03
3.523252e+01	7.435599e-03
3.533252e+01	7.574715e-03
3.543252e+01	7.857633e-03
3.553252e+01	8.365865e-03
3.563252e+01	9.184052e-03
3.573252e+01	1.016556e-02
3.583252e+01	1.053111e-02
3.593252e+01	9.802613e-03
3.603252e+01	8.767315e-03
3.613252e+01	7.995488e-03
3.623252e+01	7.514771e-03
3.633252e+01	7.234478e-03
3.643252e+01	7.088272e-03
3.653252e+01	7.044320e-03
3.663252e+01	7.097772e-03
3.673252e+01	7.266895e-03
3.683252e+01	7.584969e-03
3.693252e+01	8.038004e-03
3.703252e+01	8.406969e-03
3.713252e+01	8.460845e-03
3.723252e+01	8.455747e-03
3.733252e+01	8.672911e-03
3.743252e+01	9.087466e-03
3.753252e+01	9.493876e-03
3.763252e+01	9.957249e-03
3.773252e+01	1.092278e-02
3.783252e+01	1.272716e-02
3.793252e+01	1.515293e-02
3.803252e+01	1.656152e-02
3.813252e+01	1.552488e-02
3.823252e+01	1.335538e-02
3.833252e+01	1.137042e-02
3.843252e+01	9.958586e-03
3.853252e+01	9.090923e-03
3.863252e+01	8.646719e-03
3.873252e+01	8.526314e-03
3.883252e+01	8.688985e-03
3.893252e+01	9.139602e-03
3.903252e+01	9.829835e-03
3.913252e+01	1.067177e-02
3.923252e+01	1.148346e-02
3.933252e+01	1.171848e-02
3.943252e+01	1.119558e-02
3.953252e+01	1.059152e-02
3.963252e+01	1.031880e-02
3.973252e+01	1.041729e-02
3.983252e+01	1.090186e-02
3.993252e+01	1.187441e-02
4.003252e+01	1.348988e-02
4.013252e+01	1.604097e-02
4.023252e+01	1.993672e-02
4.033252e+01	2.580542e-02
4.043252e+01	3.400312e-02
4.053252e+01	4.161510e-02
4.063252e+01	4.296360e-02
4.073252e+01	3.982454e-02
4.083252e+01	3.777929e-02
4.093252e+01	3.694147e-02
4.103252e+01	3.374884e-02
4.113252e+01	2.804534e-02
4.123252e+01	2.262110e-02
4.133252e+01	1.856001e-02
4.143252e+01	1.599864e-02
4.153252e+01	1.456002e-02
4.163252e+01	1.376964e-02
4.173252e+01	1.328289e-02
4.183252e+01	1.306452e-02
4.193252e+01	1.324594e-02
4.203252e+01	1.407258e-02
4.213252e+01	1.504190e-02
4.223252e+01	1.464749e-02
4.233252e+01	1.314096e-02
4.243252e+01	1.210643e-02
4.253252e+01	1.214527e-02
4.263252e+01	1.299100e-02
4.273252e+01	1.343937e-02
4.283252e+01	1.259304e-02
4.293252e+01	1.112520e-02
4.303252e+01	9.479679e-03
4.313252e+01	8.021514e-03
4.323252e+01	6.977386e-03
4.333252e+01	6.279406e-03
4.343252e+01	5.809293e-03
4.353252e+01	5.484423e-03
4.363252e+01	5.249683e-03
4.373252e+01	5.063359e-03
4.383252e+01	4.909885e-03
4.393252e+01	4.792054e-03
4.403252e+01	4.709332e-03
4.413252e+01	4.660470e-03
4.423252e+01	4.648497e-03
4.433252e+01	4.681777e-03
4.443252e+01	4.766102e-03
4.453252e+01	4.869615e-03
4.463252e+01	4.909311e-03
4.473252e+01	4.881937e-03
4.483252e+01	4.891146e-03
4.493252e+01	5.014322e-03
4.503252e+01	5.303860e-03
4.513252e+01	5.832357e-03
4.523252e+01	6.651333e-03
4.533252e+01	7.501918e-03
4.543252e+01	7.594472e-03
4.553252e+01	6.821168e-03
4.563252e+01	5.973774e-03
4.573252e+01	5.379314e-03
4.583252e+01	4.996334e-03
4.593252e+01	4.769544e-03
4.603252e+01	4.661673e-03
4.613252e+01	4.649643e-03
4.623252e+01	4.729991e-03
4.633252e+01	4.921645e-03
4.643252e+01	5.272095e-03
4.653252e+01	5.861473e-03
4.663252e+01	6.746633e-03
4.673252e+01	7.666577e-03
4.683252e+01	7.830952e-03
4.693252e+01	7.151511e-03
4.703252e+01	6.439639e-03
4.713252e+01	6.058351e-03
4.723252e+01	6.006719e-03
4.733252e+01	6.258519e-03
4.743252e+01	6.852245e-03
4.753252e+01	7.915640e-03
4.763252e+01	9.656121e-03
4.773252e+01	1.211801e-02
4.783252e+01	1.435379e-02
4.793252e+01	1.484415e-02
4.803252e+01	1.461145e-02
4.813252e+01	1.557467e-02
4.823252e+01	1.773543e-02
4.833252e+01	1.879057e-02
4.843252e+01	1.657324e-02
4.853252e+01	1.293487e-02
4.863252e+01	1.009564e-02
4.873252e+01	8.281236e-03
4.883252e+01	7.033660e-03
4.893252e+01	6.092001e-03
4.903252e+01	5.426724e-03
4.913252e+01	4.993179e-03
4.923252e+01	4.737708e-03
4.933252e+01	4.633424e-03
4.943252e+01	4.679589e-03
4.953252e+01	4.875958e-03
4.963252e+01	5.174826e-03
4.973252e+01	5.378655e-03
4.983252e+01	5.154453e-03
4.993252e+01	4.633296e-03
5.003252e+01	4.172873e-03
5.013252e+01	3.862066e-03
5.023252e+01	3.665231e-03
5.033252e+01	3.543860e-03
5.043252e+01	3.475420e-03
5.053252e+01	3.450425e-03
5.063252e+01	3.470468e-03
5.073252e+01	3.548248e-03
5.083252e+01	3.709802e-03
5.093252e+01	3.989388e-03
5.103252e+01	4.366674e-03
5.113252e+01	4.606589e-03
5.123252e+01	4.456602e-03
5.133252e+01	4.148649e-03
5.143252e+01	3.960193e-03
5.153252e+01	3.959506e-03
5.163252e+01	4.160102e-03
5.173252e+01	4.550852e-03
5.183252e+01	4.927926e-03
5.193252e+01	4.882826e-03
5.203252e+01	4.504737e-03
5.213252e+01	4.217682e-03
5.223252e+01	4.176744e-03
5.233252e+01	4.348779e-03
5.243252e+01	4.511308e-03
5.253252e+01	4.372066e-03
5.263252e+01	4.063690e-03
5.273252e+01	3.789485e-03
5.283252e+01	3.512796e-03
5.293252e+01	3.248196e-03
5.303252e+01	3.049246e-03
5.313252e+01	2.913768e-03
5.323252e+01	2.821761e-03
5.333252e+01	2.758072e-03
5.343252e+01	2.713889e-03
5.353252e+01	2.684766e-03
5.363252e+01	2.669267e-03
5.373252e+01	2.668422e-03
5.383252e+01	2.686237e-03
5.393252e+01	2.727218e-03
5.403252e+01	2.778567e-03
5.413252e+01	2.794760e-03
5.423252e+01	2.763947e-03
5.433252e+01	2.719555e-03
5.443252e+01	2.675494e-03
5.453252e+01	2.632707e-03
5.463252e+01	2.586433e-03
5.473252e+01	2.544686e-03
5.483252e+01	2.515233e-03
5.493252e+01	2.497011e-03
5.503252e+01	2.487201e-03
5.513252e+01	2.484717e-03
5.523252e+01	2.490357e-03
5.533252e+01	2.506358e-03
5.543252e+01	2.534832e-03
5.553252e+01	2.568581e-03
5.563252e+01	2.580305e-03
5.573252e+01	2.560888e-03
5.583252e+01	2.538753e-03
5.593252e+01	2.530098e-03
5.603252e+01	2.535676e-03
5.613252e+01	2.552580e-03
5.623252e+01	2.574392e-03
5.633252e+01	2.595877e-03
5.643252e+01	2.623855e-03
5.653252e+01	2.667758e-03
5.663252e+01	2.734728e-03
5.673252e+01	2.831832e-03
5.683252e+01	2.955275e-03
5.693252e+01	3.067697e-03
5.703252e+01	3.140189e-03
5.713252e+01	3.194629e-03
5.723252e+01	3.253439e-03
5.733252e+01	3.358333e-03
5.743252e+01	3.546855e-03
5.753252e+01	3.851095e-03
5.763252e+01	4.304888e-03
5.773252e+01	4.902477e-03
5.783252e+01	5.558821e-03
5.793252e+01	6.208333e-03
5.803252e+01	6.806213e-03
5.813252e+01	7.130957e-03
5.823252e+01	7.274350e-03
5.833252e+01	7.593260e-03
5.843252e+01	8.105366e-03
5.853252e+01	8.515265e-03
5.863252e+01	8.535136e-03
5.873252e+01	8.582370e-03
5.883252e+01	9.235450e-03
5.893252e+01	1.080255e-02
5.903252e+01	1.362893e-02
5.913252e+01	1.813076e-02
5.923252e+01	2.395770e-02
5.933252e+01	2.864317e-02
5.943252e+01	2.955350e-02
5.953252e+01	2.817505e-02
5.963252e+01	2.809705e-02
5.973252e+01	2.837578e-02
5.983252e+01	2.533749e-02
5.993252e+01	2.016104e-02
6.003252e+01	1.603572e-02
6.013252e+01	1.379118e-02
6.023252e+01	1.256306e-02
6.033252e+01	1.106392e-02
6.043252e+01	9.283473e-03
6.053252e+01	7.834446e-03
6.063252e+01	6.876841e-03
6.073252e+01	6.294716e-03
6.083252e+01	5.887588e-03
6.093252e+01	5.656280e-03
6.103252e+01	5.707566e-03
6.113252e+01	6.138360e-03
6.123252e+01	6.914936e-03
6.133252e+01	7.441952e-03
6.143252e+01	6.961355e-03
6.153252e+01	6.001661e-03
6.163252e+01	5.316757e-03
6.173252e+01	4.946872e-03
6.183252e+01	4.574299e-03
6.193252e+01	4.096957e-03
6.203252e+01	3.693567e-03
6.213252e+01	3.433190e-03
6.223252e+01	3.291118e-03
6.233252e+01	3.238719e-03
6.243252e+01	3.263110e-03
6.253252e+01	3.366281e-03
6.263252e+01	3.565110e-03
6.273252e+01	3.896361e-03
6.283252e+01	4.428840e-03
6.293252e+01	5.286558e-03
6.303252e+01	6.681245e-03
6.313252e+01	8.892879e-03
6.323252e+01	1.185550e-02
6.333252e+01	1.390110e-02
6.343252e+01	1.274349e-02
