#RPA-results:
#Nucleus: Ni 80
#Fermi level: -1.541935e+00	-1.810941e+01
#Excitation: 1 +
#Total number of pairs: 494
#Number of ph-/ah-pairs: 494/0
#Maximal excitation-energy for particle-hole-pairs: 100
#Maximal excitation-energy for antiparticle-hole-pairs: 1000
#No imaginary eigenvalues

#Parameterset: DD-PC1
#natural parity: no
#Isoscalar result:

#width: 5.000000e-01
#maximum value: 8.649898e-03
#at energy: 6.343252e+01
-9.656748e+01	5.535602e-04
-9.646748e+01	5.546876e-04
-9.636748e+01	5.558185e-04
-9.626748e+01	5.569528e-04
-9.616748e+01	5.580906e-04
-9.606748e+01	5.592319e-04
-9.596748e+01	5.603767e-04
-9.586748e+01	5.615250e-04
-9.576748e+01	5.626769e-04
-9.566748e+01	5.638323e-04
-9.556748e+01	5.649913e-04
-9.546748e+01	5.661539e-04
-9.536748e+01	5.673200e-04
-9.526748e+01	5.684898e-04
-9.516748e+01	5.696632e-04
-9.506748e+01	5.708403e-04
-9.496748e+01	5.720210e-04
-9.486748e+01	5.732054e-04
-9.476748e+01	5.743935e-04
-9.466748e+01	5.755852e-04
-9.456748e+01	5.767807e-04
-9.446748e+01	5.779800e-04
-9.436748e+01	5.791829e-04
-9.426748e+01	5.803897e-04
-9.416748e+01	5.816002e-04
-9.406748e+01	5.828145e-04
-9.396748e+01	5.840327e-04
-9.386748e+01	5.852547e-04
-9.376748e+01	5.864805e-04
-9.366748e+01	5.877101e-04
-9.356748e+01	5.889437e-04
-9.346748e+01	5.901811e-04
-9.336748e+01	5.914225e-04
-9.326748e+01	5.926678e-04
-9.316748e+01	5.939170e-04
-9.306748e+01	5.951702e-04
-9.296748e+01	5.964274e-04
-9.286748e+01	5.976885e-04
-9.276748e+01	5.989537e-04
-9.266748e+01	6.002229e-04
-9.256748e+01	6.014962e-04
-9.246748e+01	6.027735e-04
-9.236748e+01	6.040549e-04
-9.226748e+01	6.053403e-04
-9.216748e+01	6.066299e-04
-9.206748e+01	6.079237e-04
-9.196748e+01	6.092216e-04
-9.186748e+01	6.105236e-04
-9.176748e+01	6.118299e-04
-9.166748e+01	6.131403e-04
-9.156748e+01	6.144550e-04
-9.146748e+01	6.157739e-04
-9.136748e+01	6.170970e-04
-9.126748e+01	6.184245e-04
-9.116748e+01	6.197562e-04
-9.106748e+01	6.210923e-04
-9.096748e+01	6.224326e-04
-9.086748e+01	6.237774e-04
-9.076748e+01	6.251265e-04
-9.066748e+01	6.264800e-04
-9.056748e+01	6.278379e-04
-9.046748e+01	6.292002e-04
-9.036748e+01	6.305670e-04
-9.026748e+01	6.319382e-04
-9.016748e+01	6.333139e-04
-9.006748e+01	6.346942e-04
-8.996748e+01	6.360789e-04
-8.986748e+01	6.374682e-04
-8.976748e+01	6.388621e-04
-8.966748e+01	6.402606e-04
-8.956748e+01	6.416636e-04
-8.946748e+01	6.430713e-04
-8.936748e+01	6.444836e-04
-8.926748e+01	6.459006e-04
-8.916748e+01	6.473223e-04
-8.906748e+01	6.487487e-04
-8.896748e+01	6.501798e-04
-8.886748e+01	6.516157e-04
-8.876748e+01	6.530563e-04
-8.866748e+01	6.545018e-04
-8.856748e+01	6.559520e-04
-8.846748e+01	6.574071e-04
-8.836748e+01	6.588670e-04
-8.826748e+01	6.603319e-04
-8.816748e+01	6.618016e-04
-8.806748e+01	6.632762e-04
-8.796748e+01	6.647558e-04
-8.786748e+01	6.662403e-04
-8.776748e+01	6.677299e-04
-8.766748e+01	6.692244e-04
-8.756748e+01	6.707240e-04
-8.746748e+01	6.722286e-04
-8.736748e+01	6.737383e-04
-8.726748e+01	6.752531e-04
-8.716748e+01	6.767731e-04
-8.706748e+01	6.782981e-04
-8.696748e+01	6.798284e-04
-8.686748e+01	6.813638e-04
-8.676748e+01	6.829045e-04
-8.666748e+01	6.844504e-04
-8.656748e+01	6.860016e-04
-8.646748e+01	6.875580e-04
-8.636748e+01	6.891198e-04
-8.626748e+01	6.906869e-04
-8.616748e+01	6.922594e-04
-8.606748e+01	6.938373e-04
-8.596748e+01	6.954205e-04
-8.586748e+01	6.970093e-04
-8.576748e+01	6.986034e-04
-8.566748e+01	7.002031e-04
-8.556748e+01	7.018082e-04
-8.546748e+01	7.034190e-04
-8.536748e+01	7.050352e-04
-8.526748e+01	7.066571e-04
-8.516748e+01	7.082845e-04
-8.506748e+01	7.099177e-04
-8.496748e+01	7.115564e-04
-8.486748e+01	7.132009e-04
-8.476748e+01	7.148511e-04
-8.466748e+01	7.165070e-04
-8.456748e+01	7.181687e-04
-8.446748e+01	7.198362e-04
-8.436748e+01	7.215096e-04
-8.426748e+01	7.231887e-04
-8.416748e+01	7.248738e-04
-8.406748e+01	7.265648e-04
-8.396748e+01	7.282617e-04
-8.386748e+01	7.299646e-04
-8.376748e+01	7.316734e-04
-8.366748e+01	7.333883e-04
-8.356748e+01	7.351092e-04
-8.346748e+01	7.368363e-04
-8.336748e+01	7.385694e-04
-8.326748e+01	7.403086e-04
-8.316748e+01	7.420540e-04
-8.306748e+01	7.438056e-04
-8.296748e+01	7.455635e-04
-8.286748e+01	7.473276e-04
-8.276748e+01	7.490979e-04
-8.266748e+01	7.508746e-04
-8.256748e+01	7.526576e-04
-8.246748e+01	7.544470e-04
-8.236748e+01	7.562428e-04
-8.226748e+01	7.580450e-04
-8.216748e+01	7.598537e-04
-8.206748e+01	7.616689e-04
-8.196748e+01	7.634906e-04
-8.186748e+01	7.653189e-04
-8.176748e+01	7.671537e-04
-8.166748e+01	7.689952e-04
-8.156748e+01	7.708433e-04
-8.146748e+01	7.726981e-04
-8.136748e+01	7.745597e-04
-8.126748e+01	7.764280e-04
-8.116748e+01	7.783030e-04
-8.106748e+01	7.801849e-04
-8.096748e+01	7.820736e-04
-8.086748e+01	7.839692e-04
-8.076748e+01	7.858718e-04
-8.066748e+01	7.877812e-04
-8.056748e+01	7.896977e-04
-8.046748e+01	7.916212e-04
-8.036748e+01	7.935517e-04
-8.026748e+01	7.954893e-04
-8.016748e+01	7.974340e-04
-8.006748e+01	7.993859e-04
-7.996748e+01	8.013450e-04
-7.986748e+01	8.033113e-04
-7.976748e+01	8.052849e-04
-7.966748e+01	8.072658e-04
-7.956748e+01	8.092540e-04
-7.946748e+01	8.112495e-04
-7.936748e+01	8.132525e-04
-7.926748e+01	8.152629e-04
-7.916748e+01	8.172808e-04
-7.906748e+01	8.193063e-04
-7.896748e+01	8.213393e-04
-7.886748e+01	8.233798e-04
-7.876748e+01	8.254280e-04
-7.866748e+01	8.274839e-04
-7.856748e+01	8.295475e-04
-7.846748e+01	8.316188e-04
-7.836748e+01	8.336979e-04
-7.826748e+01	8.357849e-04
-7.816748e+01	8.378797e-04
-7.806748e+01	8.399824e-04
-7.796748e+01	8.420931e-04
-7.786748e+01	8.442117e-04
-7.776748e+01	8.463384e-04
-7.766748e+01	8.484731e-04
-7.756748e+01	8.506159e-04
-7.746748e+01	8.527669e-04
-7.736748e+01	8.549261e-04
-7.726748e+01	8.570935e-04
-7.716748e+01	8.592691e-04
-7.706748e+01	8.614531e-04
-7.696748e+01	8.636455e-04
-7.686748e+01	8.658462e-04
-7.676748e+01	8.680554e-04
-7.666748e+01	8.702731e-04
-7.656748e+01	8.724993e-04
-7.646748e+01	8.747341e-04
-7.636748e+01	8.769775e-04
-7.626748e+01	8.792295e-04
-7.616748e+01	8.814903e-04
-7.606748e+01	8.837598e-04
-7.596748e+01	8.860381e-04
-7.586748e+01	8.883253e-04
-7.576748e+01	8.906213e-04
-7.566748e+01	8.929263e-04
-7.556748e+01	8.952403e-04
-7.546748e+01	8.975633e-04
-7.536748e+01	8.998953e-04
-7.526748e+01	9.022365e-04
-7.516748e+01	9.045869e-04
-7.506748e+01	9.069465e-04
-7.496748e+01	9.093153e-04
-7.486748e+01	9.116935e-04
-7.476748e+01	9.140810e-04
-7.466748e+01	9.164780e-04
-7.456748e+01	9.188844e-04
-7.446748e+01	9.213003e-04
-7.436748e+01	9.237258e-04
-7.426748e+01	9.261609e-04
-7.416748e+01	9.286057e-04
-7.406748e+01	9.310602e-04
-7.396748e+01	9.335244e-04
-7.386748e+01	9.359985e-04
-7.376748e+01	9.384825e-04
-7.366748e+01	9.409764e-04
-7.356748e+01	9.434802e-04
-7.346748e+01	9.459941e-04
-7.336748e+01	9.485181e-04
-7.326748e+01	9.510522e-04
-7.316748e+01	9.535966e-04
-7.306748e+01	9.561511e-04
-7.296748e+01	9.587160e-04
-7.286748e+01	9.612913e-04
-7.276748e+01	9.638769e-04
-7.266748e+01	9.664730e-04
-7.256748e+01	9.690797e-04
-7.246748e+01	9.716970e-04
-7.236748e+01	9.743249e-04
-7.226748e+01	9.769635e-04
-7.216748e+01	9.796128e-04
-7.206748e+01	9.822730e-04
-7.196748e+01	9.849441e-04
-7.186748e+01	9.876261e-04
-7.176748e+01	9.903191e-04
-7.166748e+01	9.930231e-04
-7.156748e+01	9.957383e-04
-7.146748e+01	9.984647e-04
-7.136748e+01	1.001202e-03
-7.126748e+01	1.003951e-03
-7.116748e+01	1.006711e-03
-7.106748e+01	1.009483e-03
-7.096748e+01	1.012266e-03
-7.086748e+01	1.015061e-03
-7.076748e+01	1.017868e-03
-7.066748e+01	1.020686e-03
-7.056748e+01	1.023515e-03
-7.046748e+01	1.026357e-03
-7.036748e+01	1.029211e-03
-7.026748e+01	1.032076e-03
-7.016748e+01	1.034954e-03
-7.006748e+01	1.037843e-03
-6.996748e+01	1.040745e-03
-6.986748e+01	1.043659e-03
-6.976748e+01	1.046585e-03
-6.966748e+01	1.049524e-03
-6.956748e+01	1.052475e-03
-6.946748e+01	1.055438e-03
-6.936748e+01	1.058414e-03
-6.926748e+01	1.061403e-03
-6.916748e+01	1.064405e-03
-6.906748e+01	1.067419e-03
-6.896748e+01	1.070446e-03
-6.886748e+01	1.073486e-03
-6.876748e+01	1.076539e-03
-6.866748e+01	1.079605e-03
-6.856748e+01	1.082685e-03
-6.846748e+01	1.085777e-03
-6.836748e+01	1.088883e-03
-6.826748e+01	1.092002e-03
-6.816748e+01	1.095135e-03
-6.806748e+01	1.098281e-03
-6.796748e+01	1.101441e-03
-6.786748e+01	1.104614e-03
-6.776748e+01	1.107802e-03
-6.766748e+01	1.111003e-03
-6.756748e+01	1.114218e-03
-6.746748e+01	1.117447e-03
-6.736748e+01	1.120690e-03
-6.726748e+01	1.123948e-03
-6.716748e+01	1.127220e-03
-6.706748e+01	1.130506e-03
-6.696748e+01	1.133806e-03
-6.686748e+01	1.137121e-03
-6.676748e+01	1.140451e-03
-6.666748e+01	1.143795e-03
-6.656748e+01	1.147154e-03
-6.646748e+01	1.150528e-03
-6.636748e+01	1.153917e-03
-6.626748e+01	1.157321e-03
-6.616748e+01	1.160740e-03
-6.606748e+01	1.164174e-03
-6.596748e+01	1.167624e-03
-6.586748e+01	1.171089e-03
-6.576748e+01	1.174569e-03
-6.566748e+01	1.178065e-03
-6.556748e+01	1.181577e-03
-6.546748e+01	1.185104e-03
-6.536748e+01	1.188648e-03
-6.526748e+01	1.192207e-03
-6.516748e+01	1.195783e-03
-6.506748e+01	1.199374e-03
-6.496748e+01	1.202982e-03
-6.486748e+01	1.206606e-03
-6.476748e+01	1.210247e-03
-6.466748e+01	1.213904e-03
-6.456748e+01	1.217578e-03
-6.446748e+01	1.221269e-03
-6.436748e+01	1.224976e-03
-6.426748e+01	1.228701e-03
-6.416748e+01	1.232442e-03
-6.406748e+01	1.236201e-03
-6.396748e+01	1.239977e-03
-6.386748e+01	1.243770e-03
-6.376748e+01	1.247581e-03
-6.366748e+01	1.251410e-03
-6.356748e+01	1.255256e-03
-6.346748e+01	1.259120e-03
-6.336748e+01	1.263002e-03
-6.326748e+01	1.266902e-03
-6.316748e+01	1.270820e-03
-6.306748e+01	1.274756e-03
-6.296748e+01	1.278711e-03
-6.286748e+01	1.282684e-03
-6.276748e+01	1.286676e-03
-6.266748e+01	1.290687e-03
-6.256748e+01	1.294716e-03
-6.246748e+01	1.298765e-03
-6.236748e+01	1.302832e-03
-6.226748e+01	1.306919e-03
-6.216748e+01	1.311025e-03
-6.206748e+01	1.315151e-03
-6.196748e+01	1.319296e-03
-6.186748e+01	1.323460e-03
-6.176748e+01	1.327645e-03
-6.166748e+01	1.331849e-03
-6.156748e+01	1.336074e-03
-6.146748e+01	1.340319e-03
-6.136748e+01	1.344584e-03
-6.126748e+01	1.348870e-03
-6.116748e+01	1.353176e-03
-6.106748e+01	1.357503e-03
-6.096748e+01	1.361851e-03
-6.086748e+01	1.366220e-03
-6.076748e+01	1.370609e-03
-6.066748e+01	1.375021e-03
-6.056748e+01	1.379453e-03
-6.046748e+01	1.383907e-03
-6.036748e+01	1.388383e-03
-6.026748e+01	1.392881e-03
-6.016748e+01	1.397401e-03
-6.006748e+01	1.401942e-03
-5.996748e+01	1.406507e-03
-5.986748e+01	1.411093e-03
-5.976748e+01	1.415702e-03
-5.966748e+01	1.420334e-03
-5.956748e+01	1.424988e-03
-5.946748e+01	1.429666e-03
-5.936748e+01	1.434367e-03
-5.926748e+01	1.439091e-03
-5.916748e+01	1.443838e-03
-5.906748e+01	1.448609e-03
-5.896748e+01	1.453404e-03
-5.886748e+01	1.458223e-03
-5.876748e+01	1.463066e-03
-5.866748e+01	1.467933e-03
-5.856748e+01	1.472825e-03
-5.846748e+01	1.477741e-03
-5.836748e+01	1.482682e-03
-5.826748e+01	1.487648e-03
-5.816748e+01	1.492639e-03
-5.806748e+01	1.497655e-03
-5.796748e+01	1.502697e-03
-5.786748e+01	1.507764e-03
-5.776748e+01	1.512857e-03
-5.766748e+01	1.517976e-03
-5.756748e+01	1.523122e-03
-5.746748e+01	1.528293e-03
-5.736748e+01	1.533491e-03
-5.726748e+01	1.538716e-03
-5.716748e+01	1.543967e-03
-5.706748e+01	1.549246e-03
-5.696748e+01	1.554551e-03
-5.686748e+01	1.559885e-03
-5.676748e+01	1.565245e-03
-5.666748e+01	1.570634e-03
-5.656748e+01	1.576051e-03
-5.646748e+01	1.581495e-03
-5.636748e+01	1.586969e-03
-5.626748e+01	1.592470e-03
-5.616748e+01	1.598001e-03
-5.606748e+01	1.603560e-03
-5.596748e+01	1.609149e-03
-5.586748e+01	1.614767e-03
-5.576748e+01	1.620415e-03
-5.566748e+01	1.626092e-03
-5.556748e+01	1.631800e-03
-5.546748e+01	1.637537e-03
-5.536748e+01	1.643306e-03
-5.526748e+01	1.649105e-03
-5.516748e+01	1.654934e-03
-5.506748e+01	1.660795e-03
-5.496748e+01	1.666687e-03
-5.486748e+01	1.672611e-03
-5.476748e+01	1.678567e-03
-5.466748e+01	1.684554e-03
-5.456748e+01	1.690574e-03
-5.446748e+01	1.696626e-03
-5.436748e+01	1.702711e-03
-5.426748e+01	1.708829e-03
-5.416748e+01	1.714980e-03
-5.406748e+01	1.721164e-03
-5.396748e+01	1.727382e-03
-5.386748e+01	1.733635e-03
-5.376748e+01	1.739921e-03
-5.366748e+01	1.746241e-03
-5.356748e+01	1.752597e-03
-5.346748e+01	1.758987e-03
-5.336748e+01	1.765412e-03
-5.326748e+01	1.771873e-03
-5.316748e+01	1.778370e-03
-5.306748e+01	1.784902e-03
-5.296748e+01	1.791471e-03
-5.286748e+01	1.798076e-03
-5.276748e+01	1.804718e-03
-5.266748e+01	1.811397e-03
-5.256748e+01	1.818114e-03
-5.246748e+01	1.824868e-03
-5.236748e+01	1.831659e-03
-5.226748e+01	1.838489e-03
-5.216748e+01	1.845358e-03
-5.206748e+01	1.852265e-03
-5.196748e+01	1.859211e-03
-5.186748e+01	1.866197e-03
-5.176748e+01	1.873222e-03
-5.166748e+01	1.880288e-03
-5.156748e+01	1.887393e-03
-5.146748e+01	1.894539e-03
-5.136748e+01	1.901726e-03
-5.126748e+01	1.908954e-03
-5.116748e+01	1.916224e-03
-5.106748e+01	1.923535e-03
-5.096748e+01	1.930889e-03
-5.086748e+01	1.938285e-03
-5.076748e+01	1.945723e-03
-5.066748e+01	1.953205e-03
-5.056748e+01	1.960731e-03
-5.046748e+01	1.968300e-03
-5.036748e+01	1.975913e-03
-5.026748e+01	1.983571e-03
-5.016748e+01	1.991273e-03
-5.006748e+01	1.999021e-03
-4.996748e+01	2.006815e-03
-4.986748e+01	2.014654e-03
-4.976748e+01	2.022539e-03
-4.966748e+01	2.030472e-03
-4.956748e+01	2.038451e-03
-4.946748e+01	2.046477e-03
-4.936748e+01	2.054552e-03
-4.926748e+01	2.062674e-03
-4.916748e+01	2.070845e-03
-4.906748e+01	2.079065e-03
-4.896748e+01	2.087334e-03
-4.886748e+01	2.095653e-03
-4.876748e+01	2.104022e-03
-4.866748e+01	2.112442e-03
-4.856748e+01	2.120912e-03
-4.846748e+01	2.129434e-03
-4.836748e+01	2.138008e-03
-4.826748e+01	2.146633e-03
-4.816748e+01	2.155312e-03
-4.806748e+01	2.164043e-03
-4.796748e+01	2.172828e-03
-4.786748e+01	2.181667e-03
-4.776748e+01	2.190560e-03
-4.766748e+01	2.199508e-03
-4.756748e+01	2.208511e-03
-4.746748e+01	2.217570e-03
-4.736748e+01	2.226685e-03
-4.726748e+01	2.235856e-03
-4.716748e+01	2.245085e-03
-4.706748e+01	2.254371e-03
-4.696748e+01	2.263716e-03
-4.686748e+01	2.273119e-03
-4.676748e+01	2.282581e-03
-4.666748e+01	2.292103e-03
-4.656748e+01	2.301684e-03
-4.646748e+01	2.311327e-03
-4.636748e+01	2.321030e-03
-4.626748e+01	2.330795e-03
-4.616748e+01	2.340622e-03
-4.606748e+01	2.350512e-03
-4.596748e+01	2.360465e-03
-4.586748e+01	2.370481e-03
-4.576748e+01	2.380562e-03
-4.566748e+01	2.390708e-03
-4.556748e+01	2.400920e-03
-4.546748e+01	2.411197e-03
-4.536748e+01	2.421541e-03
-4.526748e+01	2.431951e-03
-4.516748e+01	2.442430e-03
-4.506748e+01	2.452977e-03
-4.496748e+01	2.463593e-03
-4.486748e+01	2.474278e-03
-4.476748e+01	2.485033e-03
-4.466748e+01	2.495860e-03
-4.456748e+01	2.506757e-03
-4.446748e+01	2.517727e-03
-4.436748e+01	2.528769e-03
-4.426748e+01	2.539884e-03
-4.416748e+01	2.551074e-03
-4.406748e+01	2.562338e-03
-4.396748e+01	2.573677e-03
-4.386748e+01	2.585092e-03
-4.376748e+01	2.596584e-03
-4.366748e+01	2.608153e-03
-4.356748e+01	2.619800e-03
-4.346748e+01	2.631526e-03
-4.336748e+01	2.643332e-03
-4.326748e+01	2.655217e-03
-4.316748e+01	2.667183e-03
-4.306748e+01	2.679231e-03
-4.296748e+01	2.691362e-03
-4.286748e+01	2.703575e-03
-4.276748e+01	2.715873e-03
-4.266748e+01	2.728255e-03
-4.256748e+01	2.740723e-03
-4.246748e+01	2.753277e-03
-4.236748e+01	2.765918e-03
-4.226748e+01	2.778646e-03
-4.216748e+01	2.791464e-03
-4.206748e+01	2.804371e-03
-4.196748e+01	2.817369e-03
-4.186748e+01	2.830457e-03
-4.176748e+01	2.843638e-03
-4.166748e+01	2.856912e-03
-4.156748e+01	2.870280e-03
-4.146748e+01	2.883742e-03
-4.136748e+01	2.897300e-03
-4.126748e+01	2.910954e-03
-4.116748e+01	2.924706e-03
-4.106748e+01	2.938557e-03
-4.096748e+01	2.952507e-03
-4.086748e+01	2.966557e-03
-4.076748e+01	2.980708e-03
-4.066748e+01	2.994962e-03
-4.056748e+01	3.009319e-03
-4.046748e+01	3.023781e-03
-4.036748e+01	3.038347e-03
-4.026748e+01	3.053020e-03
-4.016748e+01	3.067800e-03
-4.006748e+01	3.082689e-03
-3.996748e+01	3.097688e-03
-3.986748e+01	3.112796e-03
-3.976748e+01	3.128017e-03
-3.966748e+01	3.143351e-03
-3.956748e+01	3.158798e-03
-3.946748e+01	3.174360e-03
-3.936748e+01	3.190039e-03
-3.926748e+01	3.205835e-03
-3.916748e+01	3.221750e-03
-3.906748e+01	3.237784e-03
-3.896748e+01	3.253940e-03
-3.886748e+01	3.270217e-03
-3.876748e+01	3.286618e-03
-3.866748e+01	3.303144e-03
-3.856748e+01	3.319796e-03
-3.846748e+01	3.336575e-03
-3.836748e+01	3.353483e-03
-3.826748e+01	3.370521e-03
-3.816748e+01	3.387690e-03
-3.806748e+01	3.404992e-03
-3.796748e+01	3.422428e-03
-3.786748e+01	3.439999e-03
-3.776748e+01	3.457707e-03
-3.766748e+01	3.475554e-03
-3.756748e+01	3.493540e-03
-3.746748e+01	3.511667e-03
-3.736748e+01	3.529937e-03
-3.726748e+01	3.548352e-03
-3.716748e+01	3.566912e-03
-3.706748e+01	3.585619e-03
-3.696748e+01	3.604476e-03
-3.686748e+01	3.623483e-03
-3.676748e+01	3.642642e-03
-3.666748e+01	3.661955e-03
-3.656748e+01	3.681423e-03
-3.646748e+01	3.701048e-03
-3.636748e+01	3.720833e-03
-3.626748e+01	3.740777e-03
-3.616748e+01	3.760885e-03
-3.606748e+01	3.781156e-03
-3.596748e+01	3.801593e-03
-3.586748e+01	3.822198e-03
-3.576748e+01	3.842972e-03
-3.566748e+01	3.863918e-03
-3.556748e+01	3.885038e-03
-3.546748e+01	3.906333e-03
-3.536748e+01	3.927805e-03
-3.526748e+01	3.949456e-03
-3.516748e+01	3.971289e-03
-3.506748e+01	3.993305e-03
-3.496748e+01	4.015506e-03
-3.486748e+01	4.037896e-03
-3.476748e+01	4.060474e-03
-3.466748e+01	4.083245e-03
-3.456748e+01	4.106210e-03
-3.446748e+01	4.129371e-03
-3.436748e+01	4.152730e-03
-3.426748e+01	4.176291e-03
-3.416748e+01	4.200054e-03
-3.406748e+01	4.224024e-03
-3.396748e+01	4.248201e-03
-3.386748e+01	4.272589e-03
-3.376748e+01	4.297189e-03
-3.366748e+01	4.322005e-03
-3.356748e+01	4.347039e-03
-3.346748e+01	4.372293e-03
-3.336748e+01	4.397771e-03
-3.326748e+01	4.423474e-03
-3.316748e+01	4.449406e-03
-3.306748e+01	4.475569e-03
-3.296748e+01	4.501966e-03
-3.286748e+01	4.528600e-03
-3.276748e+01	4.555474e-03
-3.266748e+01	4.582591e-03
-3.256748e+01	4.609953e-03
-3.246748e+01	4.637564e-03
-3.236748e+01	4.665426e-03
-3.226748e+01	4.693543e-03
-3.216748e+01	4.721919e-03
-3.206748e+01	4.750555e-03
-3.196748e+01	4.779456e-03
-3.186748e+01	4.808625e-03
-3.176748e+01	4.838064e-03
-3.166748e+01	4.867778e-03
-3.156748e+01	4.897770e-03
-3.146748e+01	4.928044e-03
-3.136748e+01	4.958602e-03
-3.126748e+01	4.989450e-03
-3.116748e+01	5.020589e-03
-3.106748e+01	5.052025e-03
-3.096748e+01	5.083761e-03
-3.086748e+01	5.115800e-03
-3.076748e+01	5.148147e-03
-3.066748e+01	5.180806e-03
-3.056748e+01	5.213781e-03
-3.046748e+01	5.247075e-03
-3.036748e+01	5.280694e-03
-3.026748e+01	5.314641e-03
-3.016748e+01	5.348921e-03
-3.006748e+01	5.383538e-03
-2.996748e+01	5.418497e-03
-2.986748e+01	5.453802e-03
-2.976748e+01	5.489457e-03
-2.966748e+01	5.525469e-03
-2.956748e+01	5.561841e-03
-2.946748e+01	5.598578e-03
-2.936748e+01	5.635685e-03
-2.926748e+01	5.673168e-03
-2.916748e+01	5.711031e-03
-2.906748e+01	5.749280e-03
-2.896748e+01	5.787920e-03
-2.886748e+01	5.826957e-03
-2.876748e+01	5.866395e-03
-2.866748e+01	5.906241e-03
-2.856748e+01	5.946501e-03
-2.846748e+01	5.987179e-03
-2.836748e+01	6.028283e-03
-2.826748e+01	6.069817e-03
-2.816748e+01	6.111789e-03
-2.806748e+01	6.154205e-03
-2.796748e+01	6.197070e-03
-2.786748e+01	6.240391e-03
-2.776748e+01	6.284175e-03
-2.766748e+01	6.328429e-03
-2.756748e+01	6.373159e-03
-2.746748e+01	6.418373e-03
-2.736748e+01	6.464077e-03
-2.726748e+01	6.510279e-03
-2.716748e+01	6.556986e-03
-2.706748e+01	6.604206e-03
-2.696748e+01	6.651946e-03
-2.686748e+01	6.700213e-03
-2.676748e+01	6.749017e-03
-2.666748e+01	6.798365e-03
-2.656748e+01	6.848265e-03
-2.646748e+01	6.898726e-03
-2.636748e+01	6.949756e-03
-2.626748e+01	7.001364e-03
-2.616748e+01	7.053558e-03
-2.606748e+01	7.106349e-03
-2.596748e+01	7.159745e-03
-2.586748e+01	7.213756e-03
-2.576748e+01	7.268391e-03
-2.566748e+01	7.323660e-03
-2.556748e+01	7.379573e-03
-2.546748e+01	7.436141e-03
-2.536748e+01	7.493373e-03
-2.526748e+01	7.551281e-03
-2.516748e+01	7.609874e-03
-2.506748e+01	7.669166e-03
-2.496748e+01	7.729165e-03
-2.486748e+01	7.789885e-03
-2.476748e+01	7.851337e-03
-2.466748e+01	7.913533e-03
-2.456748e+01	7.976485e-03
-2.446748e+01	8.040206e-03
-2.436748e+01	8.104708e-03
-2.426748e+01	8.170005e-03
-2.416748e+01	8.236110e-03
-2.406748e+01	8.303037e-03
-2.396748e+01	8.370799e-03
-2.386748e+01	8.439411e-03
-2.376748e+01	8.508887e-03
-2.366748e+01	8.579242e-03
-2.356748e+01	8.650491e-03
-2.346748e+01	8.722651e-03
-2.336748e+01	8.795736e-03
-2.326748e+01	8.869763e-03
-2.316748e+01	8.944748e-03
-2.306748e+01	9.020709e-03
-2.296748e+01	9.097663e-03
-2.286748e+01	9.175627e-03
-2.276748e+01	9.254620e-03
-2.266748e+01	9.334660e-03
-2.256748e+01	9.415766e-03
-2.246748e+01	9.497958e-03
-2.236748e+01	9.581255e-03
-2.226748e+01	9.665678e-03
-2.216748e+01	9.751247e-03
-2.206748e+01	9.837984e-03
-2.196748e+01	9.925911e-03
-2.186748e+01	1.001505e-02
-2.176748e+01	1.010542e-02
-2.166748e+01	1.019706e-02
-2.156748e+01	1.028997e-02
-2.146748e+01	1.038419e-02
-2.136748e+01	1.047975e-02
-2.126748e+01	1.057666e-02
-2.116748e+01	1.067495e-02
-2.106748e+01	1.077466e-02
-2.096748e+01	1.087581e-02
-2.086748e+01	1.097842e-02
-2.076748e+01	1.108253e-02
-2.066748e+01	1.118817e-02
-2.056748e+01	1.129536e-02
-2.046748e+01	1.140415e-02
-2.036748e+01	1.151455e-02
-2.026748e+01	1.162661e-02
-2.016748e+01	1.174036e-02
-2.006748e+01	1.185583e-02
-1.996748e+01	1.197307e-02
-1.986748e+01	1.209209e-02
-1.976748e+01	1.221296e-02
-1.966748e+01	1.233569e-02
-1.956748e+01	1.246034e-02
-1.946748e+01	1.258694e-02
-1.936748e+01	1.271554e-02
-1.926748e+01	1.284618e-02
-1.916748e+01	1.297890e-02
-1.906748e+01	1.311375e-02
-1.896748e+01	1.325078e-02
-1.886748e+01	1.339003e-02
-1.876748e+01	1.353156e-02
-1.866748e+01	1.367541e-02
-1.856748e+01	1.382164e-02
-1.846748e+01	1.397031e-02
-1.836748e+01	1.412146e-02
-1.826748e+01	1.427516e-02
-1.816748e+01	1.443147e-02
-1.806748e+01	1.459044e-02
-1.796748e+01	1.475215e-02
-1.786748e+01	1.491664e-02
-1.776748e+01	1.508400e-02
-1.766748e+01	1.525429e-02
-1.756748e+01	1.542758e-02
-1.746748e+01	1.560394e-02
-1.736748e+01	1.578345e-02
-1.726748e+01	1.596619e-02
-1.716748e+01	1.615223e-02
-1.706748e+01	1.634167e-02
-1.696748e+01	1.653458e-02
-1.686748e+01	1.673105e-02
-1.676748e+01	1.693118e-02
-1.666748e+01	1.713506e-02
-1.656748e+01	1.734279e-02
-1.646748e+01	1.755447e-02
-1.636748e+01	1.777020e-02
-1.626748e+01	1.799008e-02
-1.616748e+01	1.821424e-02
-1.606748e+01	1.844279e-02
-1.596748e+01	1.867584e-02
-1.586748e+01	1.891352e-02
-1.576748e+01	1.915596e-02
-1.566748e+01	1.940329e-02
-1.556748e+01	1.965565e-02
-1.546748e+01	1.991318e-02
-1.536748e+01	2.017602e-02
-1.526748e+01	2.044434e-02
-1.516748e+01	2.071828e-02
-1.506748e+01	2.099802e-02
-1.496748e+01	2.128373e-02
-1.486748e+01	2.157558e-02
-1.476748e+01	2.187375e-02
-1.466748e+01	2.217845e-02
-1.456748e+01	2.248987e-02
-1.446748e+01	2.280821e-02
-1.436748e+01	2.313370e-02
-1.426748e+01	2.346655e-02
-1.416748e+01	2.380701e-02
-1.406748e+01	2.415531e-02
-1.396748e+01	2.451171e-02
-1.386748e+01	2.487647e-02
-1.376748e+01	2.524987e-02
-1.366748e+01	2.563220e-02
-1.356748e+01	2.602375e-02
-1.346748e+01	2.642485e-02
-1.336748e+01	2.683581e-02
-1.326748e+01	2.725699e-02
-1.316748e+01	2.768873e-02
-1.306748e+01	2.813141e-02
-1.296748e+01	2.858543e-02
-1.286748e+01	2.905120e-02
-1.276748e+01	2.952914e-02
-1.266748e+01	3.001971e-02
-1.256748e+01	3.052337e-02
-1.246748e+01	3.104064e-02
-1.236748e+01	3.157201e-02
-1.226748e+01	3.211805e-02
-1.216748e+01	3.267933e-02
-1.206748e+01	3.325645e-02
-1.196748e+01	3.385006e-02
-1.186748e+01	3.446082e-02
-1.176748e+01	3.508944e-02
-1.166748e+01	3.573667e-02
-1.156748e+01	3.640329e-02
-1.146748e+01	3.709014e-02
-1.136748e+01	3.779810e-02
-1.126748e+01	3.852811e-02
-1.116748e+01	3.928114e-02
-1.106748e+01	4.005824e-02
-1.096748e+01	4.086053e-02
-1.086748e+01	4.168918e-02
-1.076748e+01	4.254545e-02
-1.066748e+01	4.343067e-02
-1.056748e+01	4.434625e-02
-1.046748e+01	4.529373e-02
-1.036748e+01	4.627470e-02
-1.026748e+01	4.729090e-02
-1.016748e+01	4.834418e-02
-1.006748e+01	4.943653e-02
-9.967479e+00	5.057006e-02
-9.867479e+00	5.174707e-02
-9.767479e+00	5.297002e-02
-9.667479e+00	5.424157e-02
-9.567479e+00	5.556457e-02
-9.467479e+00	5.694212e-02
-9.367479e+00	5.837760e-02
-9.267479e+00	5.987464e-02
-9.167479e+00	6.143722e-02
-9.067479e+00	6.306967e-02
-8.967479e+00	6.477673e-02
-8.867479e+00	6.656359e-02
-8.767479e+00	6.843596e-02
-8.667479e+00	7.040013e-02
-8.567479e+00	7.246307e-02
-8.467479e+00	7.463250e-02
-8.367479e+00	7.691702e-02
-8.267479e+00	7.932626e-02
-8.167479e+00	8.187104e-02
-8.067479e+00	8.456355e-02
-7.967479e+00	8.741762e-02
-7.867479e+00	9.044906e-02
-7.767479e+00	9.367596e-02
-7.667479e+00	9.711928e-02
-7.567479e+00	1.008034e-01
-7.467479e+00	1.047568e-01
-7.367479e+00	1.090135e-01
-7.267479e+00	1.136139e-01
-7.167479e+00	1.186069e-01
-7.067479e+00	1.240524e-01
-6.967479e+00	1.300248e-01
-6.867479e+00	1.366174e-01
-6.767479e+00	1.439498e-01
-6.667479e+00	1.521780e-01
-6.567479e+00	1.615092e-01
-6.467479e+00	1.722257e-01
-6.367479e+00	1.847211e-01
-6.267479e+00	1.995605e-01
-6.167479e+00	2.175807e-01
-6.067479e+00	2.400642e-01
-5.967479e+00	2.690503e-01
-5.867479e+00	3.079093e-01
-5.767479e+00	3.624050e-01
-5.667479e+00	4.425509e-01
-5.567479e+00	5.648687e-01
-5.467479e+00	7.488163e-01
-5.367479e+00	9.780506e-01
-5.267479e+00	1.114692e+00
-5.167479e+00	1.028011e+00
-5.067479e+00	8.388337e-01
-4.967479e+00	6.874644e-01
-4.867479e+00	6.001318e-01
-4.767479e+00	5.611254e-01
-4.667479e+00	5.554452e-01
-4.567479e+00	5.740423e-01
-4.467479e+00	6.090108e-01
-4.367479e+00	6.538996e-01
-4.267479e+00	7.141668e-01
-4.167479e+00	8.008744e-01
-4.067479e+00	9.251390e-01
-3.967479e+00	1.103271e+00
-3.867479e+00	1.354383e+00
-3.767479e+00	1.684284e+00
-3.667479e+00	2.104725e+00
-3.567479e+00	2.705272e+00
-3.467479e+00	3.504364e+00
-3.367479e+00	4.147107e+00
-3.267479e+00	4.313258e+00
-3.167479e+00	4.437781e+00
-3.067479e+00	4.793887e+00
-2.967479e+00	5.080632e+00
-2.867479e+00	5.104758e+00
-2.767479e+00	5.272744e+00
-2.667479e+00	5.920072e+00
-2.567479e+00	6.670676e+00
-2.467479e+00	6.939425e+00
-2.367479e+00	7.035761e+00
-2.267479e+00	7.530370e+00
-2.167479e+00	8.542608e+00
-2.067479e+00	9.875712e+00
-1.967479e+00	1.166926e+01
-1.867479e+00	1.408416e+01
-1.767479e+00	1.520006e+01
-1.667479e+00	1.314035e+01
-1.567479e+00	9.772875e+00
-1.467479e+00	7.013096e+00
-1.367479e+00	5.218258e+00
-1.267479e+00	4.151082e+00
-1.167479e+00	3.559343e+00
-1.067479e+00	3.299534e+00
-9.674791e-01	3.335454e+00
-8.674791e-01	3.708817e+00
-7.674791e-01	4.538291e+00
-6.674791e-01	5.985678e+00
-5.674791e-01	7.900310e+00
-4.674791e-01	8.965753e+00
-3.674791e-01	7.866716e+00
-2.674791e-01	5.860942e+00
-1.674791e-01	4.297941e+00
-6.747911e-02	3.345924e+00
3.252089e-02	2.841341e+00
1.325209e-01	2.663690e+00
2.325209e-01	2.779618e+00
3.325209e-01	3.232900e+00
4.325209e-01	4.090498e+00
5.325209e-01	5.151953e+00
6.325209e-01	5.495014e+00
7.325209e-01	4.605531e+00
8.325209e-01	3.409831e+00
9.325209e-01	2.541220e+00
1.032521e+00	2.020230e+00
1.132521e+00	1.736427e+00
1.232521e+00	1.570699e+00
1.332521e+00	1.409345e+00
1.432521e+00	1.251297e+00
1.532521e+00	1.152327e+00
1.632521e+00	1.127264e+00
1.732521e+00	1.156179e+00
1.832521e+00	1.168690e+00
1.932521e+00	1.109437e+00
2.032521e+00	1.037447e+00
2.132521e+00	1.008893e+00
2.232521e+00	1.034843e+00
2.332521e+00	1.120364e+00
2.432521e+00	1.281992e+00
2.532521e+00	1.546823e+00
2.632521e+00	1.908634e+00
2.732521e+00	2.195298e+00
2.832521e+00	2.167152e+00
2.932521e+00	1.975679e+00
3.032521e+00	1.872689e+00
3.132521e+00	1.921706e+00
3.232521e+00	2.123788e+00
3.332521e+00	2.498391e+00
3.432521e+00	3.109512e+00
3.532521e+00	4.087013e+00
3.632521e+00	5.658247e+00
3.732521e+00	8.111286e+00
3.832521e+00	1.126666e+01
3.932521e+00	1.315653e+01
4.032521e+00	1.164590e+01
4.132521e+00	8.579446e+00
4.232521e+00	6.128210e+00
4.332521e+00	4.589110e+00
4.432521e+00	3.687496e+00
4.532521e+00	3.186843e+00
4.632521e+00	2.949926e+00
4.732521e+00	2.907630e+00
4.832521e+00	3.034091e+00
4.932521e+00	3.335679e+00
5.032521e+00	3.850747e+00
5.132521e+00	4.660262e+00
5.232521e+00	5.913769e+00
5.332521e+00	7.880160e+00
5.432521e+00	1.103006e+01
5.532521e+00	1.607963e+01
5.632521e+00	2.345815e+01
5.732521e+00	3.065323e+01
5.832521e+00	3.079767e+01
5.932521e+00	2.367827e+01
6.032521e+00	1.617566e+01
6.132521e+00	1.098297e+01
6.232521e+00	7.711379e+00
6.332521e+00	5.635797e+00
6.432521e+00	4.272675e+00
6.532521e+00	3.341996e+00
6.632521e+00	2.683166e+00
6.732521e+00	2.201688e+00
6.832521e+00	1.839990e+00
6.932521e+00	1.561743e+00
7.032521e+00	1.343253e+00
7.132521e+00	1.168597e+00
7.232521e+00	1.026789e+00
7.332521e+00	9.100601e-01
7.432521e+00	8.128035e-01
7.532521e+00	7.308917e-01
7.632521e+00	6.612344e-01
7.732521e+00	6.014824e-01
7.832521e+00	5.498240e-01
7.932521e+00	5.048447e-01
8.032521e+00	4.654269e-01
8.132521e+00	4.306784e-01
8.232521e+00	3.998802e-01
8.332521e+00	3.724471e-01
8.432521e+00	3.478997e-01
8.532521e+00	3.258416e-01
8.632521e+00	3.059433e-01
8.732521e+00	2.879290e-01
8.832521e+00	2.715668e-01
8.932521e+00	2.566607e-01
9.032521e+00	2.430449e-01
9.132521e+00	2.305796e-01
9.232521e+00	2.191481e-01
9.332521e+00	2.086557e-01
9.432521e+00	1.990287e-01
9.532521e+00	1.902018e-01
9.632521e+00	1.820531e-01
9.732521e+00	1.743457e-01
9.832521e+00	1.669890e-01
9.932521e+00	1.601189e-01
1.003252e+01	1.537852e-01
1.013252e+01	1.479527e-01
1.023252e+01	1.425813e-01
1.033252e+01	1.376479e-01
1.043252e+01	1.331504e-01
1.053252e+01	1.291135e-01
1.063252e+01	1.255961e-01
1.073252e+01	1.226708e-01
1.083252e+01	1.202515e-01
1.093252e+01	1.178211e-01
1.103252e+01	1.151682e-01
1.113252e+01	1.130613e-01
1.123252e+01	1.121412e-01
1.133252e+01	1.124681e-01
1.143252e+01	1.132773e-01
1.153252e+01	1.142134e-01
1.163252e+01	1.172168e-01
1.173252e+01	1.247319e-01
1.183252e+01	1.383693e-01
1.193252e+01	1.555245e-01
1.203252e+01	1.651136e-01
1.213252e+01	1.625543e-01
1.223252e+01	1.540527e-01
1.233252e+01	1.444382e-01
1.243252e+01	1.370874e-01
1.253252e+01	1.270496e-01
1.263252e+01	1.124086e-01
1.273252e+01	9.868679e-02
1.283252e+01	8.840559e-02
1.293252e+01	8.130139e-02
1.303252e+01	7.657314e-02
1.313252e+01	7.363627e-02
1.323252e+01	7.219858e-02
1.333252e+01	7.202450e-02
1.343252e+01	7.199275e-02
1.353252e+01	6.996611e-02
1.363252e+01	6.617721e-02
1.373252e+01	6.238354e-02
1.383252e+01	5.915594e-02
1.393252e+01	5.638337e-02
1.403252e+01	5.407449e-02
1.413252e+01	5.218975e-02
1.423252e+01	5.056280e-02
1.433252e+01	4.910371e-02
1.443252e+01	4.780567e-02
1.453252e+01	4.664326e-02
1.463252e+01	4.558637e-02
1.473252e+01	4.462213e-02
1.483252e+01	4.374548e-02
1.493252e+01	4.295531e-02
1.503252e+01	4.225159e-02
1.513252e+01	4.161735e-02
1.523252e+01	4.096845e-02
1.533252e+01	4.022687e-02
1.543252e+01	3.947591e-02
1.553252e+01	3.879890e-02
1.563252e+01	3.820698e-02
1.573252e+01	3.769358e-02
1.583252e+01	3.725733e-02
1.593252e+01	3.690566e-02
1.603252e+01	3.665713e-02
1.613252e+01	3.654611e-02
1.623252e+01	3.662978e-02
1.633252e+01	3.699035e-02
1.643252e+01	3.769141e-02
1.653252e+01	3.870288e-02
1.663252e+01	4.017582e-02
1.673252e+01	4.255880e-02
1.683252e+01	4.533441e-02
1.693252e+01	4.598266e-02
1.703252e+01	4.374955e-02
1.713252e+01	4.128702e-02
1.723252e+01	4.002095e-02
1.733252e+01	3.997500e-02
1.743252e+01	4.101989e-02
1.753252e+01	4.318419e-02
1.763252e+01	4.694714e-02
1.773252e+01	5.306257e-02
1.783252e+01	6.147044e-02
1.793252e+01	7.065562e-02
1.803252e+01	7.893610e-02
1.813252e+01	8.279662e-02
1.823252e+01	8.195204e-02
1.833252e+01	8.254967e-02
1.843252e+01	8.708750e-02
1.853252e+01	8.776141e-02
1.863252e+01	7.876911e-02
1.873252e+01	6.835930e-02
1.883252e+01	6.195001e-02
1.893252e+01	5.802137e-02
1.903252e+01	5.586912e-02
1.913252e+01	5.723793e-02
1.923252e+01	6.350676e-02
1.933252e+01	7.467559e-02
1.943252e+01	8.591216e-02
1.953252e+01	8.948069e-02
1.963252e+01	8.539765e-02
1.973252e+01	7.557668e-02
1.983252e+01	6.500382e-02
1.993252e+01	5.745104e-02
2.003252e+01	5.051100e-02
2.013252e+01	4.331822e-02
2.023252e+01	3.766554e-02
2.033252e+01	3.387207e-02
2.043252e+01	3.131012e-02
2.053252e+01	2.953768e-02
2.063252e+01	2.852491e-02
2.073252e+01	2.830483e-02
2.083252e+01	2.854396e-02
2.093252e+01	2.849501e-02
2.103252e+01	2.825605e-02
2.113252e+01	2.865541e-02
2.123252e+01	2.955938e-02
2.133252e+01	2.966727e-02
2.143252e+01	2.857899e-02
2.153252e+01	2.760726e-02
2.163252e+01	2.764967e-02
2.173252e+01	2.878719e-02
2.183252e+01	3.090320e-02
2.193252e+01	3.409327e-02
2.203252e+01	3.780711e-02
2.213252e+01	4.168936e-02
2.223252e+01	4.732792e-02
2.233252e+01	5.347881e-02
2.243252e+01	5.402081e-02
2.253252e+01	4.742811e-02
2.263252e+01	4.011945e-02
2.273252e+01	3.592132e-02
2.283252e+01	3.432105e-02
2.293252e+01	3.291717e-02
2.303252e+01	3.021064e-02
2.313252e+01	2.677652e-02
2.323252e+01	2.386459e-02
2.333252e+01	2.198420e-02
2.343252e+01	2.095851e-02
2.353252e+01	2.047507e-02
2.363252e+01	2.024210e-02
2.373252e+01	1.995010e-02
2.383252e+01	1.928552e-02
2.393252e+01	1.849933e-02
2.403252e+01	1.793456e-02
2.413252e+01	1.750099e-02
2.423252e+01	1.713169e-02
2.433252e+01	1.696016e-02
2.443252e+01	1.706807e-02
2.453252e+01	1.745418e-02
2.463252e+01	1.796628e-02
2.473252e+01	1.843253e-02
2.483252e+01	1.903483e-02
2.493252e+01	1.993659e-02
2.503252e+01	2.089861e-02
2.513252e+01	2.170852e-02
2.523252e+01	2.258005e-02
2.533252e+01	2.375698e-02
2.543252e+01	2.483382e-02
2.553252e+01	2.511164e-02
2.563252e+01	2.493084e-02
2.573252e+01	2.505373e-02
2.583252e+01	2.553089e-02
2.593252e+01	2.646076e-02
2.603252e+01	2.856920e-02
2.613252e+01	3.262397e-02
2.623252e+01	3.954113e-02
2.633252e+01	5.057994e-02
2.643252e+01	6.597520e-02
2.653252e+01	8.097225e-02
2.663252e+01	8.960707e-02
2.673252e+01	9.384304e-02
2.683252e+01	9.563368e-02
2.693252e+01	9.465254e-02
2.703252e+01	8.597367e-02
2.713252e+01	7.209729e-02
2.723252e+01	5.872553e-02
2.733252e+01	4.736991e-02
2.743252e+01	3.833783e-02
2.753252e+01	3.225556e-02
2.763252e+01	2.874239e-02
2.773252e+01	2.655401e-02
2.783252e+01	2.457495e-02
2.793252e+01	2.312660e-02
2.803252e+01	2.263965e-02
2.813252e+01	2.247152e-02
2.823252e+01	2.183250e-02
2.833252e+01	2.068901e-02
2.843252e+01	1.910739e-02
2.853252e+01	1.757709e-02
2.863252e+01	1.642507e-02
2.873252e+01	1.574082e-02
2.883252e+01	1.552446e-02
2.893252e+01	1.575684e-02
2.903252e+01	1.648529e-02
2.913252e+01	1.786708e-02
2.923252e+01	2.020907e-02
2.933252e+01	2.396951e-02
2.943252e+01	2.962031e-02
2.953252e+01	3.735095e-02
2.963252e+01	4.494412e-02
2.973252e+01	4.643893e-02
2.983252e+01	4.161913e-02
2.993252e+01	3.526748e-02
3.003252e+01	3.030405e-02
3.013252e+01	2.768121e-02
3.023252e+01	2.733146e-02
3.033252e+01	2.768794e-02
3.043252e+01	2.623183e-02
3.053252e+01	2.333173e-02
3.063252e+01	2.069663e-02
3.073252e+01	1.922894e-02
3.083252e+01	1.905202e-02
3.093252e+01	1.952566e-02
3.103252e+01	1.991783e-02
3.113252e+01	2.076807e-02
3.123252e+01	2.283881e-02
3.133252e+01	2.598198e-02
3.143252e+01	2.777528e-02
3.153252e+01	2.522578e-02
3.163252e+01	2.064942e-02
3.173252e+01	1.704662e-02
3.183252e+01	1.487732e-02
3.193252e+01	1.381963e-02
3.203252e+01	1.364193e-02
3.213252e+01	1.421589e-02
3.223252e+01	1.513124e-02
3.233252e+01	1.565857e-02
3.243252e+01	1.604635e-02
3.253252e+01	1.663688e-02
3.263252e+01	1.614956e-02
3.273252e+01	1.413760e-02
3.283252e+01	1.203407e-02
3.293252e+01	1.052437e-02
3.303252e+01	9.532381e-03
3.313252e+01	8.883864e-03
3.323252e+01	8.455277e-03
3.333252e+01	8.178441e-03
3.343252e+01	8.022318e-03
3.353252e+01	7.980033e-03
3.363252e+01	8.070423e-03
3.373252e+01	8.342067e-03
3.383252e+01	8.863449e-03
3.393252e+01	9.639174e-03
3.403252e+01	1.028341e-02
3.413252e+01	1.013379e-02
3.423252e+01	9.368547e-03
3.433252e+01	8.499827e-03
3.443252e+01	7.789968e-03
3.453252e+01	7.302917e-03
3.463252e+01	6.986705e-03
3.473252e+01	6.781338e-03
3.483252e+01	6.648088e-03
3.493252e+01	6.570153e-03
3.503252e+01	6.538675e-03
3.513252e+01	6.547506e-03
3.523252e+01	6.613444e-03
3.533252e+01	6.775282e-03
3.543252e+01	7.087273e-03
3.553252e+01	7.583420e-03
3.563252e+01	8.084203e-03
3.573252e+01	8.080553e-03
3.583252e+01	7.537260e-03
3.593252e+01	6.963407e-03
3.603252e+01	6.568102e-03
3.613252e+01	6.327907e-03
3.623252e+01	6.191966e-03
3.633252e+01	6.127346e-03
3.643252e+01	6.120036e-03
3.653252e+01	6.173071e-03
3.663252e+01	6.301954e-03
3.673252e+01	6.523854e-03
3.683252e+01	6.803271e-03
3.693252e+01	6.989697e-03
3.703252e+01	7.050052e-03
3.713252e+01	7.182282e-03
3.723252e+01	7.512010e-03
3.733252e+01	7.985056e-03
3.743252e+01	8.366177e-03
3.753252e+01	8.659792e-03
3.763252e+01	9.267230e-03
3.773252e+01	1.053792e-02
3.783252e+01	1.265869e-02
3.793252e+01	1.512118e-02
3.803252e+01	1.596710e-02
3.813252e+01	1.443708e-02
3.823252e+01	1.234379e-02
3.833252e+01	1.063823e-02
3.843252e+01	9.422472e-03
3.853252e+01	8.667688e-03
3.863252e+01	8.270617e-03
3.873252e+01	8.204067e-03
3.883252e+01	8.464820e-03
3.893252e+01	9.008573e-03
3.903252e+01	9.759323e-03
3.913252e+01	1.051360e-02
3.923252e+01	1.087111e-02
3.933252e+01	1.054071e-02
3.943252e+01	9.913796e-03
3.953252e+01	9.517004e-03
3.963252e+01	9.503487e-03
3.973252e+01	9.873575e-03
3.983252e+01	1.068365e-02
3.993252e+01	1.207085e-02
4.003252e+01	1.429796e-02
4.013252e+01	1.784743e-02
4.023252e+01	2.350989e-02
4.033252e+01	3.197491e-02
4.043252e+01	4.148673e-02
4.053252e+01	4.546741e-02
4.063252e+01	4.191320e-02
4.073252e+01	3.779774e-02
4.083252e+01	3.635185e-02
4.093252e+01	3.445030e-02
4.103252e+01	2.927702e-02
4.113252e+01	2.312491e-02
4.123252e+01	1.830651e-02
4.133252e+01	1.516144e-02
4.143252e+01	1.320477e-02
4.153252e+01	1.193345e-02
4.163252e+01	1.109433e-02
4.173252e+01	1.042296e-02
4.183252e+01	9.760606e-03
4.193252e+01	9.023412e-03
4.203252e+01	8.388051e-03
4.213252e+01	8.106461e-03
4.223252e+01	8.295293e-03
4.233252e+01	8.891807e-03
4.243252e+01	9.349357e-03
4.253252e+01	8.853945e-03
4.263252e+01	7.768177e-03
4.273252e+01	6.856434e-03
4.283252e+01	6.210715e-03
4.293252e+01	5.680677e-03
4.303252e+01	5.251644e-03
4.313252e+01	4.936787e-03
4.323252e+01	4.710425e-03
4.333252e+01	4.543977e-03
4.343252e+01	4.418220e-03
4.353252e+01	4.321501e-03
4.363252e+01	4.246800e-03
4.373252e+01	4.189996e-03
4.383252e+01	4.149351e-03
4.393252e+01	4.124972e-03
4.403252e+01	4.118658e-03
4.413252e+01	4.134543e-03
4.423252e+01	4.179977e-03
4.433252e+01	4.264450e-03
4.443252e+01	4.388603e-03
4.453252e+01	4.530361e-03
4.463252e+01	4.684665e-03
4.473252e+01	4.915479e-03
4.483252e+01	5.332694e-03
4.493252e+01	6.050574e-03
4.503252e+01	7.111796e-03
4.513252e+01	8.131210e-03
4.523252e+01	8.120846e-03
4.533252e+01	7.068315e-03
4.543252e+01	5.979587e-03
4.553252e+01	5.243511e-03
4.563252e+01	4.795512e-03
4.573252e+01	4.522885e-03
4.583252e+01	4.365576e-03
4.593252e+01	4.298066e-03
4.603252e+01	4.309283e-03
4.613252e+01	4.403001e-03
4.623252e+01	4.601993e-03
4.633252e+01	4.955690e-03
4.643252e+01	5.545417e-03
4.653252e+01	6.428420e-03
4.663252e+01	7.341302e-03
4.673252e+01	7.487958e-03
4.683252e+01	6.778905e-03
4.693252e+01	6.028632e-03
4.703252e+01	5.595497e-03
4.713252e+01	5.464453e-03
4.723252e+01	5.591413e-03
4.733252e+01	5.984241e-03
4.743252e+01	6.715756e-03
4.753252e+01	7.914001e-03
4.763252e+01	9.611380e-03
4.773252e+01	1.130624e-02
4.783252e+01	1.241577e-02
4.793252e+01	1.386511e-02
4.803252e+01	1.682175e-02
4.813252e+01	2.066706e-02
4.823252e+01	2.181645e-02
4.833252e+01	1.837067e-02
4.843252e+01	1.378816e-02
4.853252e+01	1.043198e-02
4.863252e+01	8.337956e-03
4.873252e+01	6.993354e-03
4.883252e+01	6.016898e-03
4.893252e+01	5.303440e-03
4.903252e+01	4.816805e-03
4.913252e+01	4.507481e-03
4.923252e+01	4.343466e-03
4.933252e+01	4.318211e-03
4.943252e+01	4.424393e-03
4.953252e+01	4.550044e-03
4.963252e+01	4.438133e-03
4.973252e+01	4.091608e-03
4.983252e+01	3.754890e-03
4.993252e+01	3.516151e-03
5.003252e+01	3.358233e-03
5.013252e+01	3.254549e-03
5.023252e+01	3.188295e-03
5.033252e+01	3.150771e-03
5.043252e+01	3.138767e-03
5.053252e+01	3.155021e-03
5.063252e+01	3.209254e-03
5.073252e+01	3.319959e-03
5.083252e+01	3.517821e-03
5.093252e+01	3.834232e-03
5.103252e+01	4.212742e-03
5.113252e+01	4.372304e-03
5.123252e+01	4.170278e-03
5.133252e+01	3.913863e-03
5.143252e+01	3.823124e-03
5.153252e+01	3.945184e-03
5.163252e+01	4.287362e-03
5.173252e+01	4.733576e-03
5.183252e+01	4.869601e-03
5.193252e+01	4.521925e-03
5.203252e+01	4.117823e-03
5.213252e+01	3.931625e-03
5.223252e+01	3.985932e-03
5.233252e+01	4.164914e-03
5.243252e+01	4.167747e-03
5.253252e+01	3.880473e-03
5.263252e+01	3.546386e-03
5.273252e+01	3.267829e-03
5.283252e+01	3.031743e-03
5.293252e+01	2.852842e-03
5.303252e+01	2.729000e-03
5.313252e+01	2.644028e-03
5.323252e+01	2.584711e-03
5.333252e+01	2.543158e-03
5.343252e+01	2.515158e-03
5.353252e+01	2.498087e-03
5.363252e+01	2.489359e-03
5.373252e+01	2.490171e-03
5.383252e+01	2.505778e-03
5.393252e+01	2.529839e-03
5.403252e+01	2.529557e-03
5.413252e+01	2.489795e-03
5.423252e+01	2.442105e-03
5.433252e+01	2.405247e-03
5.443252e+01	2.378786e-03
5.453252e+01	2.358864e-03
5.463252e+01	2.344309e-03
5.473252e+01	2.334424e-03
5.483252e+01	2.328050e-03
5.493252e+01	2.324023e-03
5.503252e+01	2.321844e-03
5.513252e+01	2.321707e-03
5.523252e+01	2.323763e-03
5.533252e+01	2.328095e-03
5.543252e+01	2.334830e-03
5.553252e+01	2.344078e-03
5.563252e+01	2.355933e-03
5.573252e+01	2.370903e-03
5.583252e+01	2.390352e-03
5.593252e+01	2.415796e-03
5.603252e+01	2.447327e-03
5.613252e+01	2.481816e-03
5.623252e+01	2.519437e-03
5.633252e+01	2.569130e-03
5.643252e+01	2.640864e-03
5.653252e+01	2.745441e-03
5.663252e+01	2.893234e-03
5.673252e+01	3.069779e-03
5.683252e+01	3.202631e-03
5.693252e+01	3.249646e-03
5.703252e+01	3.267977e-03
5.713252e+01	3.300869e-03
5.723252e+01	3.386300e-03
5.733252e+01	3.554817e-03
5.743252e+01	3.829484e-03
5.753252e+01	4.247345e-03
5.763252e+01	4.853888e-03
5.773252e+01	5.624946e-03
5.783252e+01	6.446083e-03
5.793252e+01	7.288048e-03
5.803252e+01	8.109194e-03
5.813252e+01	8.904214e-03
5.823252e+01	9.817765e-03
5.833252e+01	1.056176e-02
5.843252e+01	1.056930e-02
5.853252e+01	1.003394e-02
5.863252e+01	9.812275e-03
5.873252e+01	1.041444e-02
5.883252e+01	1.204980e-02
5.893252e+01	1.510311e-02
5.903252e+01	2.021602e-02
5.913252e+01	2.760713e-02
5.923252e+01	3.445318e-02
5.933252e+01	3.510675e-02
5.943252e+01	3.126918e-02
5.953252e+01	2.898980e-02
5.963252e+01	2.866376e-02
5.973252e+01	2.619705e-02
5.983252e+01	2.097530e-02
5.993252e+01	1.625369e-02
6.003252e+01	1.336762e-02
6.013252e+01	1.189770e-02
6.023252e+01	1.076903e-02
6.033252e+01	9.334636e-03
6.043252e+01	8.042749e-03
6.053252e+01	7.314175e-03
6.063252e+01	7.185205e-03
6.073252e+01	7.512511e-03
6.083252e+01	7.962060e-03
6.093252e+01	7.962336e-03
6.103252e+01	7.105341e-03
6.113252e+01	5.937854e-03
6.123252e+01	5.072565e-03
6.133252e+01	4.589689e-03
6.143252e+01	4.345796e-03
6.153252e+01	4.093056e-03
6.163252e+01	3.731243e-03
6.173252e+01	3.398884e-03
6.183252e+01	3.167159e-03
6.193252e+01	3.023214e-03
6.203252e+01	2.944589e-03
6.213252e+01	2.917700e-03
6.223252e+01	2.937370e-03
6.233252e+01	3.006993e-03
6.243252e+01	3.139229e-03
6.253252e+01	3.357375e-03
6.263252e+01	3.702383e-03
6.273252e+01	4.246850e-03
6.283252e+01	5.119219e-03
6.293252e+01	6.533501e-03
6.303252e+01	8.743550e-03
6.313252e+01	1.153051e-02
6.323252e+01	1.302015e-02
6.333252e+01	1.145049e-02
6.343252e+01	8.649898e-03
