#RPA-results:
#Nucleus: Ni 80
#Fermi level: -1.541935e+00	-1.810941e+01
#Excitation: 1 +
#Total number of pairs: 494
#Number of ph-/ah-pairs: 494/0
#Maximal excitation-energy for particle-hole-pairs: 100
#Maximal excitation-energy for antiparticle-hole-pairs: 1000
#No imaginary eigenvalues

#Parameterset: DD-PC1
#natural parity: no
#Isoscalar result:

#width: 5.000000e-01
#maximum value: 6.492969e-03
#at energy: 6.343252e+01
-9.656748e+01	5.678546e-04
-9.646748e+01	5.690260e-04
-9.636748e+01	5.702010e-04
-9.626748e+01	5.713796e-04
-9.616748e+01	5.725619e-04
-9.606748e+01	5.737479e-04
-9.596748e+01	5.749376e-04
-9.586748e+01	5.761310e-04
-9.576748e+01	5.773281e-04
-9.566748e+01	5.785290e-04
-9.556748e+01	5.797336e-04
-9.546748e+01	5.809420e-04
-9.536748e+01	5.821541e-04
-9.526748e+01	5.833701e-04
-9.516748e+01	5.845899e-04
-9.506748e+01	5.858136e-04
-9.496748e+01	5.870411e-04
-9.486748e+01	5.882724e-04
-9.476748e+01	5.895077e-04
-9.466748e+01	5.907468e-04
-9.456748e+01	5.919899e-04
-9.446748e+01	5.932369e-04
-9.436748e+01	5.944878e-04
-9.426748e+01	5.957427e-04
-9.416748e+01	5.970016e-04
-9.406748e+01	5.982645e-04
-9.396748e+01	5.995315e-04
-9.386748e+01	6.008024e-04
-9.376748e+01	6.020774e-04
-9.366748e+01	6.033565e-04
-9.356748e+01	6.046397e-04
-9.346748e+01	6.059270e-04
-9.336748e+01	6.072184e-04
-9.326748e+01	6.085139e-04
-9.316748e+01	6.098136e-04
-9.306748e+01	6.111175e-04
-9.296748e+01	6.124255e-04
-9.286748e+01	6.137378e-04
-9.276748e+01	6.150543e-04
-9.266748e+01	6.163750e-04
-9.256748e+01	6.177001e-04
-9.246748e+01	6.190294e-04
-9.236748e+01	6.203630e-04
-9.226748e+01	6.217009e-04
-9.216748e+01	6.230432e-04
-9.206748e+01	6.243898e-04
-9.196748e+01	6.257408e-04
-9.186748e+01	6.270962e-04
-9.176748e+01	6.284560e-04
-9.166748e+01	6.298203e-04
-9.156748e+01	6.311890e-04
-9.146748e+01	6.325622e-04
-9.136748e+01	6.339399e-04
-9.126748e+01	6.353221e-04
-9.116748e+01	6.367088e-04
-9.106748e+01	6.381001e-04
-9.096748e+01	6.394960e-04
-9.086748e+01	6.408964e-04
-9.076748e+01	6.423015e-04
-9.066748e+01	6.437112e-04
-9.056748e+01	6.451255e-04
-9.046748e+01	6.465445e-04
-9.036748e+01	6.479683e-04
-9.026748e+01	6.493967e-04
-9.016748e+01	6.508299e-04
-9.006748e+01	6.522678e-04
-8.996748e+01	6.537105e-04
-8.986748e+01	6.551581e-04
-8.976748e+01	6.566104e-04
-8.966748e+01	6.580676e-04
-8.956748e+01	6.595296e-04
-8.946748e+01	6.609966e-04
-8.936748e+01	6.624684e-04
-8.926748e+01	6.639452e-04
-8.916748e+01	6.654269e-04
-8.906748e+01	6.669136e-04
-8.896748e+01	6.684053e-04
-8.886748e+01	6.699020e-04
-8.876748e+01	6.714038e-04
-8.866748e+01	6.729106e-04
-8.856748e+01	6.744226e-04
-8.846748e+01	6.759396e-04
-8.836748e+01	6.774617e-04
-8.826748e+01	6.789891e-04
-8.816748e+01	6.805216e-04
-8.806748e+01	6.820593e-04
-8.796748e+01	6.836022e-04
-8.786748e+01	6.851504e-04
-8.776748e+01	6.867039e-04
-8.766748e+01	6.882626e-04
-8.756748e+01	6.898267e-04
-8.746748e+01	6.913961e-04
-8.736748e+01	6.929709e-04
-8.726748e+01	6.945511e-04
-8.716748e+01	6.961368e-04
-8.706748e+01	6.977278e-04
-8.696748e+01	6.993244e-04
-8.686748e+01	7.009264e-04
-8.676748e+01	7.025340e-04
-8.666748e+01	7.041471e-04
-8.656748e+01	7.057658e-04
-8.646748e+01	7.073900e-04
-8.636748e+01	7.090200e-04
-8.626748e+01	7.106555e-04
-8.616748e+01	7.122968e-04
-8.606748e+01	7.139437e-04
-8.596748e+01	7.155964e-04
-8.586748e+01	7.172548e-04
-8.576748e+01	7.189190e-04
-8.566748e+01	7.205890e-04
-8.556748e+01	7.222649e-04
-8.546748e+01	7.239466e-04
-8.536748e+01	7.256342e-04
-8.526748e+01	7.273278e-04
-8.516748e+01	7.290272e-04
-8.506748e+01	7.307327e-04
-8.496748e+01	7.324442e-04
-8.486748e+01	7.341617e-04
-8.476748e+01	7.358852e-04
-8.466748e+01	7.376149e-04
-8.456748e+01	7.393506e-04
-8.446748e+01	7.410925e-04
-8.436748e+01	7.428406e-04
-8.426748e+01	7.445949e-04
-8.416748e+01	7.463554e-04
-8.406748e+01	7.481222e-04
-8.396748e+01	7.498953e-04
-8.386748e+01	7.516747e-04
-8.376748e+01	7.534605e-04
-8.366748e+01	7.552527e-04
-8.356748e+01	7.570512e-04
-8.346748e+01	7.588562e-04
-8.336748e+01	7.606677e-04
-8.326748e+01	7.624857e-04
-8.316748e+01	7.643103e-04
-8.306748e+01	7.661414e-04
-8.296748e+01	7.679791e-04
-8.286748e+01	7.698234e-04
-8.276748e+01	7.716744e-04
-8.266748e+01	7.735321e-04
-8.256748e+01	7.753966e-04
-8.246748e+01	7.772678e-04
-8.236748e+01	7.791458e-04
-8.226748e+01	7.810306e-04
-8.216748e+01	7.829223e-04
-8.206748e+01	7.848209e-04
-8.196748e+01	7.867264e-04
-8.186748e+01	7.886389e-04
-8.176748e+01	7.905584e-04
-8.166748e+01	7.924849e-04
-8.156748e+01	7.944185e-04
-8.146748e+01	7.963591e-04
-8.136748e+01	7.983070e-04
-8.126748e+01	8.002619e-04
-8.116748e+01	8.022241e-04
-8.106748e+01	8.041936e-04
-8.096748e+01	8.061703e-04
-8.086748e+01	8.081543e-04
-8.076748e+01	8.101457e-04
-8.066748e+01	8.121445e-04
-8.056748e+01	8.141506e-04
-8.046748e+01	8.161643e-04
-8.036748e+01	8.181854e-04
-8.026748e+01	8.202141e-04
-8.016748e+01	8.222503e-04
-8.006748e+01	8.242942e-04
-7.996748e+01	8.263457e-04
-7.986748e+01	8.284049e-04
-7.976748e+01	8.304718e-04
-7.966748e+01	8.325465e-04
-7.956748e+01	8.346290e-04
-7.946748e+01	8.367193e-04
-7.936748e+01	8.388175e-04
-7.926748e+01	8.409236e-04
-7.916748e+01	8.430377e-04
-7.906748e+01	8.451598e-04
-7.896748e+01	8.472899e-04
-7.886748e+01	8.494281e-04
-7.876748e+01	8.515745e-04
-7.866748e+01	8.537290e-04
-7.856748e+01	8.558917e-04
-7.846748e+01	8.580626e-04
-7.836748e+01	8.602419e-04
-7.826748e+01	8.624294e-04
-7.816748e+01	8.646254e-04
-7.806748e+01	8.668298e-04
-7.796748e+01	8.690426e-04
-7.786748e+01	8.712639e-04
-7.776748e+01	8.734938e-04
-7.766748e+01	8.757323e-04
-7.756748e+01	8.779794e-04
-7.746748e+01	8.802352e-04
-7.736748e+01	8.824997e-04
-7.726748e+01	8.847730e-04
-7.716748e+01	8.870551e-04
-7.706748e+01	8.893461e-04
-7.696748e+01	8.916460e-04
-7.686748e+01	8.939548e-04
-7.676748e+01	8.962726e-04
-7.666748e+01	8.985995e-04
-7.656748e+01	9.009355e-04
-7.646748e+01	9.032806e-04
-7.636748e+01	9.056349e-04
-7.626748e+01	9.079985e-04
-7.616748e+01	9.103713e-04
-7.606748e+01	9.127535e-04
-7.596748e+01	9.151451e-04
-7.586748e+01	9.175461e-04
-7.576748e+01	9.199566e-04
-7.566748e+01	9.223766e-04
-7.556748e+01	9.248062e-04
-7.546748e+01	9.272455e-04
-7.536748e+01	9.296944e-04
-7.526748e+01	9.321531e-04
-7.516748e+01	9.346215e-04
-7.506748e+01	9.370998e-04
-7.496748e+01	9.395880e-04
-7.486748e+01	9.420862e-04
-7.476748e+01	9.445944e-04
-7.466748e+01	9.471126e-04
-7.456748e+01	9.496409e-04
-7.446748e+01	9.521794e-04
-7.436748e+01	9.547281e-04
-7.426748e+01	9.572871e-04
-7.416748e+01	9.598564e-04
-7.406748e+01	9.624361e-04
-7.396748e+01	9.650262e-04
-7.386748e+01	9.676268e-04
-7.376748e+01	9.702380e-04
-7.366748e+01	9.728598e-04
-7.356748e+01	9.754923e-04
-7.346748e+01	9.781355e-04
-7.336748e+01	9.807895e-04
-7.326748e+01	9.834543e-04
-7.316748e+01	9.861300e-04
-7.306748e+01	9.888167e-04
-7.296748e+01	9.915145e-04
-7.286748e+01	9.942233e-04
-7.276748e+01	9.969432e-04
-7.266748e+01	9.996744e-04
-7.256748e+01	1.002417e-03
-7.246748e+01	1.005171e-03
-7.236748e+01	1.007936e-03
-7.226748e+01	1.010712e-03
-7.216748e+01	1.013501e-03
-7.206748e+01	1.016300e-03
-7.196748e+01	1.019112e-03
-7.186748e+01	1.021935e-03
-7.176748e+01	1.024770e-03
-7.166748e+01	1.027616e-03
-7.156748e+01	1.030475e-03
-7.146748e+01	1.033345e-03
-7.136748e+01	1.036228e-03
-7.126748e+01	1.039123e-03
-7.116748e+01	1.042030e-03
-7.106748e+01	1.044949e-03
-7.096748e+01	1.047881e-03
-7.086748e+01	1.050824e-03
-7.076748e+01	1.053781e-03
-7.066748e+01	1.056750e-03
-7.056748e+01	1.059731e-03
-7.046748e+01	1.062725e-03
-7.036748e+01	1.065732e-03
-7.026748e+01	1.068752e-03
-7.016748e+01	1.071785e-03
-7.006748e+01	1.074830e-03
-6.996748e+01	1.077889e-03
-6.986748e+01	1.080960e-03
-6.976748e+01	1.084045e-03
-6.966748e+01	1.087144e-03
-6.956748e+01	1.090255e-03
-6.946748e+01	1.093380e-03
-6.936748e+01	1.096518e-03
-6.926748e+01	1.099670e-03
-6.916748e+01	1.102836e-03
-6.906748e+01	1.106016e-03
-6.896748e+01	1.109209e-03
-6.886748e+01	1.112416e-03
-6.876748e+01	1.115637e-03
-6.866748e+01	1.118872e-03
-6.856748e+01	1.122121e-03
-6.846748e+01	1.125385e-03
-6.836748e+01	1.128662e-03
-6.826748e+01	1.131955e-03
-6.816748e+01	1.135261e-03
-6.806748e+01	1.138582e-03
-6.796748e+01	1.141918e-03
-6.786748e+01	1.145269e-03
-6.776748e+01	1.148634e-03
-6.766748e+01	1.152014e-03
-6.756748e+01	1.155410e-03
-6.746748e+01	1.158820e-03
-6.736748e+01	1.162245e-03
-6.726748e+01	1.165686e-03
-6.716748e+01	1.169142e-03
-6.706748e+01	1.172614e-03
-6.696748e+01	1.176101e-03
-6.686748e+01	1.179604e-03
-6.676748e+01	1.183122e-03
-6.666748e+01	1.186656e-03
-6.656748e+01	1.190206e-03
-6.646748e+01	1.193773e-03
-6.636748e+01	1.197355e-03
-6.626748e+01	1.200953e-03
-6.616748e+01	1.204568e-03
-6.606748e+01	1.208199e-03
-6.596748e+01	1.211847e-03
-6.586748e+01	1.215511e-03
-6.576748e+01	1.219192e-03
-6.566748e+01	1.222890e-03
-6.556748e+01	1.226604e-03
-6.546748e+01	1.230336e-03
-6.536748e+01	1.234085e-03
-6.526748e+01	1.237851e-03
-6.516748e+01	1.241634e-03
-6.506748e+01	1.245435e-03
-6.496748e+01	1.249253e-03
-6.486748e+01	1.253089e-03
-6.476748e+01	1.256943e-03
-6.466748e+01	1.260814e-03
-6.456748e+01	1.264704e-03
-6.446748e+01	1.268612e-03
-6.436748e+01	1.272537e-03
-6.426748e+01	1.276481e-03
-6.416748e+01	1.280444e-03
-6.406748e+01	1.284425e-03
-6.396748e+01	1.288425e-03
-6.386748e+01	1.292443e-03
-6.376748e+01	1.296481e-03
-6.366748e+01	1.300537e-03
-6.356748e+01	1.304613e-03
-6.346748e+01	1.308708e-03
-6.336748e+01	1.312822e-03
-6.326748e+01	1.316956e-03
-6.316748e+01	1.321109e-03
-6.306748e+01	1.325282e-03
-6.296748e+01	1.329475e-03
-6.286748e+01	1.333688e-03
-6.276748e+01	1.337921e-03
-6.266748e+01	1.342174e-03
-6.256748e+01	1.346448e-03
-6.246748e+01	1.350742e-03
-6.236748e+01	1.355057e-03
-6.226748e+01	1.359393e-03
-6.216748e+01	1.363749e-03
-6.206748e+01	1.368127e-03
-6.196748e+01	1.372526e-03
-6.186748e+01	1.376946e-03
-6.176748e+01	1.381388e-03
-6.166748e+01	1.385851e-03
-6.156748e+01	1.390336e-03
-6.146748e+01	1.394843e-03
-6.136748e+01	1.399372e-03
-6.126748e+01	1.403923e-03
-6.116748e+01	1.408496e-03
-6.106748e+01	1.413092e-03
-6.096748e+01	1.417710e-03
-6.086748e+01	1.422352e-03
-6.076748e+01	1.427016e-03
-6.066748e+01	1.431703e-03
-6.056748e+01	1.436413e-03
-6.046748e+01	1.441147e-03
-6.036748e+01	1.445905e-03
-6.026748e+01	1.450686e-03
-6.016748e+01	1.455491e-03
-6.006748e+01	1.460319e-03
-5.996748e+01	1.465172e-03
-5.986748e+01	1.470050e-03
-5.976748e+01	1.474952e-03
-5.966748e+01	1.479878e-03
-5.956748e+01	1.484829e-03
-5.946748e+01	1.489806e-03
-5.936748e+01	1.494807e-03
-5.926748e+01	1.499834e-03
-5.916748e+01	1.504886e-03
-5.906748e+01	1.509964e-03
-5.896748e+01	1.515068e-03
-5.886748e+01	1.520198e-03
-5.876748e+01	1.525354e-03
-5.866748e+01	1.530536e-03
-5.856748e+01	1.535745e-03
-5.846748e+01	1.540981e-03
-5.836748e+01	1.546244e-03
-5.826748e+01	1.551534e-03
-5.816748e+01	1.556851e-03
-5.806748e+01	1.562195e-03
-5.796748e+01	1.567568e-03
-5.786748e+01	1.572968e-03
-5.776748e+01	1.578396e-03
-5.766748e+01	1.583852e-03
-5.756748e+01	1.589337e-03
-5.746748e+01	1.594851e-03
-5.736748e+01	1.600393e-03
-5.726748e+01	1.605965e-03
-5.716748e+01	1.611566e-03
-5.706748e+01	1.617196e-03
-5.696748e+01	1.622856e-03
-5.686748e+01	1.628545e-03
-5.676748e+01	1.634265e-03
-5.666748e+01	1.640016e-03
-5.656748e+01	1.645796e-03
-5.646748e+01	1.651608e-03
-5.636748e+01	1.657450e-03
-5.626748e+01	1.663324e-03
-5.616748e+01	1.669229e-03
-5.606748e+01	1.675166e-03
-5.596748e+01	1.681134e-03
-5.586748e+01	1.687135e-03
-5.576748e+01	1.693168e-03
-5.566748e+01	1.699234e-03
-5.556748e+01	1.705332e-03
-5.546748e+01	1.711464e-03
-5.536748e+01	1.717628e-03
-5.526748e+01	1.723826e-03
-5.516748e+01	1.730058e-03
-5.506748e+01	1.736324e-03
-5.496748e+01	1.742625e-03
-5.486748e+01	1.748959e-03
-5.476748e+01	1.755329e-03
-5.466748e+01	1.761733e-03
-5.456748e+01	1.768173e-03
-5.446748e+01	1.774648e-03
-5.436748e+01	1.781160e-03
-5.426748e+01	1.787707e-03
-5.416748e+01	1.794290e-03
-5.406748e+01	1.800910e-03
-5.396748e+01	1.807567e-03
-5.386748e+01	1.814262e-03
-5.376748e+01	1.820993e-03
-5.366748e+01	1.827762e-03
-5.356748e+01	1.834570e-03
-5.346748e+01	1.841415e-03
-5.336748e+01	1.848299e-03
-5.326748e+01	1.855222e-03
-5.316748e+01	1.862185e-03
-5.306748e+01	1.869186e-03
-5.296748e+01	1.876228e-03
-5.286748e+01	1.883309e-03
-5.276748e+01	1.890431e-03
-5.266748e+01	1.897593e-03
-5.256748e+01	1.904797e-03
-5.246748e+01	1.912041e-03
-5.236748e+01	1.919328e-03
-5.226748e+01	1.926656e-03
-5.216748e+01	1.934027e-03
-5.206748e+01	1.941440e-03
-5.196748e+01	1.948896e-03
-5.186748e+01	1.956395e-03
-5.176748e+01	1.963938e-03
-5.166748e+01	1.971525e-03
-5.156748e+01	1.979156e-03
-5.146748e+01	1.986831e-03
-5.136748e+01	1.994552e-03
-5.126748e+01	2.002318e-03
-5.116748e+01	2.010130e-03
-5.106748e+01	2.017987e-03
-5.096748e+01	2.025891e-03
-5.086748e+01	2.033842e-03
-5.076748e+01	2.041840e-03
-5.066748e+01	2.049886e-03
-5.056748e+01	2.057979e-03
-5.046748e+01	2.066121e-03
-5.036748e+01	2.074311e-03
-5.026748e+01	2.082551e-03
-5.016748e+01	2.090839e-03
-5.006748e+01	2.099178e-03
-4.996748e+01	2.107567e-03
-4.986748e+01	2.116007e-03
-4.976748e+01	2.124497e-03
-4.966748e+01	2.133040e-03
-4.956748e+01	2.141634e-03
-4.946748e+01	2.150280e-03
-4.936748e+01	2.158979e-03
-4.926748e+01	2.167732e-03
-4.916748e+01	2.176537e-03
-4.906748e+01	2.185397e-03
-4.896748e+01	2.194312e-03
-4.886748e+01	2.203282e-03
-4.876748e+01	2.212306e-03
-4.866748e+01	2.221387e-03
-4.856748e+01	2.230524e-03
-4.846748e+01	2.239718e-03
-4.836748e+01	2.248969e-03
-4.826748e+01	2.258278e-03
-4.816748e+01	2.267646e-03
-4.806748e+01	2.277072e-03
-4.796748e+01	2.286557e-03
-4.786748e+01	2.296102e-03
-4.776748e+01	2.305707e-03
-4.766748e+01	2.315373e-03
-4.756748e+01	2.325100e-03
-4.746748e+01	2.334889e-03
-4.736748e+01	2.344740e-03
-4.726748e+01	2.354654e-03
-4.716748e+01	2.364632e-03
-4.706748e+01	2.374673e-03
-4.696748e+01	2.384779e-03
-4.686748e+01	2.394950e-03
-4.676748e+01	2.405187e-03
-4.666748e+01	2.415489e-03
-4.656748e+01	2.425859e-03
-4.646748e+01	2.436296e-03
-4.636748e+01	2.446800e-03
-4.626748e+01	2.457374e-03
-4.616748e+01	2.468016e-03
-4.606748e+01	2.478728e-03
-4.596748e+01	2.489510e-03
-4.586748e+01	2.500363e-03
-4.576748e+01	2.511288e-03
-4.566748e+01	2.522285e-03
-4.556748e+01	2.533355e-03
-4.546748e+01	2.544499e-03
-4.536748e+01	2.555716e-03
-4.526748e+01	2.567009e-03
-4.516748e+01	2.578376e-03
-4.506748e+01	2.589820e-03
-4.496748e+01	2.601341e-03
-4.486748e+01	2.612940e-03
-4.476748e+01	2.624616e-03
-4.466748e+01	2.636372e-03
-4.456748e+01	2.648207e-03
-4.446748e+01	2.660123e-03
-4.436748e+01	2.672120e-03
-4.426748e+01	2.684199e-03
-4.416748e+01	2.696360e-03
-4.406748e+01	2.708605e-03
-4.396748e+01	2.720934e-03
-4.386748e+01	2.733347e-03
-4.376748e+01	2.745847e-03
-4.366748e+01	2.758433e-03
-4.356748e+01	2.771106e-03
-4.346748e+01	2.783868e-03
-4.336748e+01	2.796718e-03
-4.326748e+01	2.809659e-03
-4.316748e+01	2.822690e-03
-4.306748e+01	2.835812e-03
-4.296748e+01	2.849027e-03
-4.286748e+01	2.862335e-03
-4.276748e+01	2.875737e-03
-4.266748e+01	2.889234e-03
-4.256748e+01	2.902827e-03
-4.246748e+01	2.916517e-03
-4.236748e+01	2.930305e-03
-4.226748e+01	2.944191e-03
-4.216748e+01	2.958177e-03
-4.206748e+01	2.972264e-03
-4.196748e+01	2.986452e-03
-4.186748e+01	3.000743e-03
-4.176748e+01	3.015138e-03
-4.166748e+01	3.029637e-03
-4.156748e+01	3.044241e-03
-4.146748e+01	3.058953e-03
-4.136748e+01	3.073771e-03
-4.126748e+01	3.088699e-03
-4.116748e+01	3.103737e-03
-4.106748e+01	3.118885e-03
-4.096748e+01	3.134146e-03
-4.086748e+01	3.149519e-03
-4.076748e+01	3.165007e-03
-4.066748e+01	3.180610e-03
-4.056748e+01	3.196330e-03
-4.046748e+01	3.212168e-03
-4.036748e+01	3.228124e-03
-4.026748e+01	3.244201e-03
-4.016748e+01	3.260399e-03
-4.006748e+01	3.276720e-03
-3.996748e+01	3.293164e-03
-3.986748e+01	3.309733e-03
-3.976748e+01	3.326429e-03
-3.966748e+01	3.343253e-03
-3.956748e+01	3.360205e-03
-3.946748e+01	3.377288e-03
-3.936748e+01	3.394503e-03
-3.926748e+01	3.411850e-03
-3.916748e+01	3.429332e-03
-3.906748e+01	3.446950e-03
-3.896748e+01	3.464705e-03
-3.886748e+01	3.482598e-03
-3.876748e+01	3.500632e-03
-3.866748e+01	3.518808e-03
-3.856748e+01	3.537126e-03
-3.846748e+01	3.555589e-03
-3.836748e+01	3.574199e-03
-3.826748e+01	3.592956e-03
-3.816748e+01	3.611862e-03
-3.806748e+01	3.630920e-03
-3.796748e+01	3.650130e-03
-3.786748e+01	3.669494e-03
-3.776748e+01	3.689014e-03
-3.766748e+01	3.708691e-03
-3.756748e+01	3.728528e-03
-3.746748e+01	3.748525e-03
-3.736748e+01	3.768686e-03
-3.726748e+01	3.789011e-03
-3.716748e+01	3.809502e-03
-3.706748e+01	3.830162e-03
-3.696748e+01	3.850992e-03
-3.686748e+01	3.871993e-03
-3.676748e+01	3.893169e-03
-3.666748e+01	3.914520e-03
-3.656748e+01	3.936049e-03
-3.646748e+01	3.957757e-03
-3.636748e+01	3.979648e-03
-3.626748e+01	4.001722e-03
-3.616748e+01	4.023983e-03
-3.606748e+01	4.046431e-03
-3.596748e+01	4.069069e-03
-3.586748e+01	4.091900e-03
-3.576748e+01	4.114925e-03
-3.566748e+01	4.138148e-03
-3.556748e+01	4.161569e-03
-3.546748e+01	4.185191e-03
-3.536748e+01	4.209018e-03
-3.526748e+01	4.233050e-03
-3.516748e+01	4.257291e-03
-3.506748e+01	4.281742e-03
-3.496748e+01	4.306407e-03
-3.486748e+01	4.331288e-03
-3.476748e+01	4.356388e-03
-3.466748e+01	4.381708e-03
-3.456748e+01	4.407252e-03
-3.446748e+01	4.433023e-03
-3.436748e+01	4.459022e-03
-3.426748e+01	4.485254e-03
-3.416748e+01	4.511720e-03
-3.406748e+01	4.538423e-03
-3.396748e+01	4.565366e-03
-3.386748e+01	4.592553e-03
-3.376748e+01	4.619986e-03
-3.366748e+01	4.647668e-03
-3.356748e+01	4.675603e-03
-3.346748e+01	4.703792e-03
-3.336748e+01	4.732241e-03
-3.326748e+01	4.760950e-03
-3.316748e+01	4.789925e-03
-3.306748e+01	4.819168e-03
-3.296748e+01	4.848683e-03
-3.286748e+01	4.878473e-03
-3.276748e+01	4.908541e-03
-3.266748e+01	4.938891e-03
-3.256748e+01	4.969527e-03
-3.246748e+01	5.000452e-03
-3.236748e+01	5.031670e-03
-3.226748e+01	5.063185e-03
-3.216748e+01	5.095000e-03
-3.206748e+01	5.127119e-03
-3.196748e+01	5.159547e-03
-3.186748e+01	5.192287e-03
-3.176748e+01	5.225343e-03
-3.166748e+01	5.258720e-03
-3.156748e+01	5.292421e-03
-3.146748e+01	5.326451e-03
-3.136748e+01	5.360815e-03
-3.126748e+01	5.395516e-03
-3.116748e+01	5.430560e-03
-3.106748e+01	5.465950e-03
-3.096748e+01	5.501691e-03
-3.086748e+01	5.537789e-03
-3.076748e+01	5.574248e-03
-3.066748e+01	5.611072e-03
-3.056748e+01	5.648267e-03
-3.046748e+01	5.685839e-03
-3.036748e+01	5.723791e-03
-3.026748e+01	5.762129e-03
-3.016748e+01	5.800858e-03
-3.006748e+01	5.839985e-03
-2.996748e+01	5.879514e-03
-2.986748e+01	5.919451e-03
-2.976748e+01	5.959802e-03
-2.966748e+01	6.000572e-03
-2.956748e+01	6.041768e-03
-2.946748e+01	6.083396e-03
-2.936748e+01	6.125460e-03
-2.926748e+01	6.167969e-03
-2.916748e+01	6.210928e-03
-2.906748e+01	6.254343e-03
-2.896748e+01	6.298222e-03
-2.886748e+01	6.342571e-03
-2.876748e+01	6.387396e-03
-2.866748e+01	6.432705e-03
-2.856748e+01	6.478505e-03
-2.846748e+01	6.524802e-03
-2.836748e+01	6.571605e-03
-2.826748e+01	6.618921e-03
-2.816748e+01	6.666757e-03
-2.806748e+01	6.715121e-03
-2.796748e+01	6.764021e-03
-2.786748e+01	6.813466e-03
-2.776748e+01	6.863462e-03
-2.766748e+01	6.914019e-03
-2.756748e+01	6.965146e-03
-2.746748e+01	7.016850e-03
-2.736748e+01	7.069142e-03
-2.726748e+01	7.122029e-03
-2.716748e+01	7.175521e-03
-2.706748e+01	7.229627e-03
-2.696748e+01	7.284358e-03
-2.686748e+01	7.339722e-03
-2.676748e+01	7.395730e-03
-2.666748e+01	7.452392e-03
-2.656748e+01	7.509718e-03
-2.646748e+01	7.567719e-03
-2.636748e+01	7.626406e-03
-2.626748e+01	7.685790e-03
-2.616748e+01	7.745881e-03
-2.606748e+01	7.806691e-03
-2.596748e+01	7.868233e-03
-2.586748e+01	7.930518e-03
-2.576748e+01	7.993558e-03
-2.566748e+01	8.057365e-03
-2.556748e+01	8.121953e-03
-2.546748e+01	8.187334e-03
-2.536748e+01	8.253522e-03
-2.526748e+01	8.320530e-03
-2.516748e+01	8.388372e-03
-2.506748e+01	8.457062e-03
-2.496748e+01	8.526615e-03
-2.486748e+01	8.597044e-03
-2.476748e+01	8.668366e-03
-2.466748e+01	8.740596e-03
-2.456748e+01	8.813749e-03
-2.446748e+01	8.887841e-03
-2.436748e+01	8.962890e-03
-2.426748e+01	9.038911e-03
-2.416748e+01	9.115922e-03
-2.406748e+01	9.193940e-03
-2.396748e+01	9.272984e-03
-2.386748e+01	9.353071e-03
-2.376748e+01	9.434221e-03
-2.366748e+01	9.516452e-03
-2.356748e+01	9.599785e-03
-2.346748e+01	9.684240e-03
-2.336748e+01	9.769836e-03
-2.326748e+01	9.856596e-03
-2.316748e+01	9.944540e-03
-2.306748e+01	1.003369e-02
-2.296748e+01	1.012407e-02
-2.286748e+01	1.021570e-02
-2.276748e+01	1.030861e-02
-2.266748e+01	1.040282e-02
-2.256748e+01	1.049836e-02
-2.246748e+01	1.059524e-02
-2.236748e+01	1.069350e-02
-2.226748e+01	1.079317e-02
-2.216748e+01	1.089426e-02
-2.206748e+01	1.099682e-02
-2.196748e+01	1.110086e-02
-2.186748e+01	1.120642e-02
-2.176748e+01	1.131353e-02
-2.166748e+01	1.142221e-02
-2.156748e+01	1.153251e-02
-2.146748e+01	1.164445e-02
-2.136748e+01	1.175806e-02
-2.126748e+01	1.187339e-02
-2.116748e+01	1.199046e-02
-2.106748e+01	1.210931e-02
-2.096748e+01	1.222998e-02
-2.086748e+01	1.235251e-02
-2.076748e+01	1.247694e-02
-2.066748e+01	1.260330e-02
-2.056748e+01	1.273164e-02
-2.046748e+01	1.286200e-02
-2.036748e+01	1.299443e-02
-2.026748e+01	1.312896e-02
-2.016748e+01	1.326565e-02
-2.006748e+01	1.340454e-02
-1.996748e+01	1.354567e-02
-1.986748e+01	1.368912e-02
-1.976748e+01	1.383491e-02
-1.966748e+01	1.398310e-02
-1.956748e+01	1.413376e-02
-1.946748e+01	1.428693e-02
-1.936748e+01	1.444268e-02
-1.926748e+01	1.460106e-02
-1.916748e+01	1.476213e-02
-1.906748e+01	1.492595e-02
-1.896748e+01	1.509260e-02
-1.886748e+01	1.526214e-02
-1.876748e+01	1.543463e-02
-1.866748e+01	1.561015e-02
-1.856748e+01	1.578877e-02
-1.846748e+01	1.597057e-02
-1.836748e+01	1.615562e-02
-1.826748e+01	1.634401e-02
-1.816748e+01	1.653581e-02
-1.806748e+01	1.673112e-02
-1.796748e+01	1.693001e-02
-1.786748e+01	1.713259e-02
-1.776748e+01	1.733894e-02
-1.766748e+01	1.754916e-02
-1.756748e+01	1.776335e-02
-1.746748e+01	1.798163e-02
-1.736748e+01	1.820408e-02
-1.726748e+01	1.843082e-02
-1.716748e+01	1.866198e-02
-1.706748e+01	1.889766e-02
-1.696748e+01	1.913799e-02
-1.686748e+01	1.938309e-02
-1.676748e+01	1.963310e-02
-1.666748e+01	1.988815e-02
-1.656748e+01	2.014838e-02
-1.646748e+01	2.041395e-02
-1.636748e+01	2.068499e-02
-1.626748e+01	2.096166e-02
-1.616748e+01	2.124414e-02
-1.606748e+01	2.153258e-02
-1.596748e+01	2.182716e-02
-1.586748e+01	2.212806e-02
-1.576748e+01	2.243548e-02
-1.566748e+01	2.274960e-02
-1.556748e+01	2.307063e-02
-1.546748e+01	2.339877e-02
-1.536748e+01	2.373426e-02
-1.526748e+01	2.407731e-02
-1.516748e+01	2.442817e-02
-1.506748e+01	2.478708e-02
-1.496748e+01	2.515429e-02
-1.486748e+01	2.553008e-02
-1.476748e+01	2.591473e-02
-1.466748e+01	2.630851e-02
-1.456748e+01	2.671175e-02
-1.446748e+01	2.712475e-02
-1.436748e+01	2.754784e-02
-1.426748e+01	2.798137e-02
-1.416748e+01	2.842570e-02
-1.406748e+01	2.888120e-02
-1.396748e+01	2.934827e-02
-1.386748e+01	2.982731e-02
-1.376748e+01	3.031875e-02
-1.366748e+01	3.082305e-02
-1.356748e+01	3.134067e-02
-1.346748e+01	3.187212e-02
-1.336748e+01	3.241789e-02
-1.326748e+01	3.297855e-02
-1.316748e+01	3.355466e-02
-1.306748e+01	3.414681e-02
-1.296748e+01	3.475563e-02
-1.286748e+01	3.538179e-02
-1.276748e+01	3.602597e-02
-1.266748e+01	3.668892e-02
-1.256748e+01	3.737139e-02
-1.246748e+01	3.807421e-02
-1.236748e+01	3.879822e-02
-1.226748e+01	3.954433e-02
-1.216748e+01	4.031350e-02
-1.206748e+01	4.110673e-02
-1.196748e+01	4.192508e-02
-1.186748e+01	4.276970e-02
-1.176748e+01	4.364176e-02
-1.166748e+01	4.454255e-02
-1.156748e+01	4.547340e-02
-1.146748e+01	4.643574e-02
-1.136748e+01	4.743109e-02
-1.126748e+01	4.846108e-02
-1.116748e+01	4.952741e-02
-1.106748e+01	5.063192e-02
-1.096748e+01	5.177658e-02
-1.086748e+01	5.296347e-02
-1.076748e+01	5.419483e-02
-1.066748e+01	5.547307e-02
-1.056748e+01	5.680075e-02
-1.046748e+01	5.818063e-02
-1.036748e+01	5.961569e-02
-1.026748e+01	6.110911e-02
-1.016748e+01	6.266435e-02
-1.006748e+01	6.428513e-02
-9.967479e+00	6.597548e-02
-9.867479e+00	6.773977e-02
-9.767479e+00	6.958272e-02
-9.667479e+00	7.150951e-02
-9.567479e+00	7.352575e-02
-9.467479e+00	7.563758e-02
-9.367479e+00	7.785172e-02
-9.267479e+00	8.017556e-02
-9.167479e+00	8.261721e-02
-9.067479e+00	8.518563e-02
-8.967479e+00	8.789075e-02
-8.867479e+00	9.074357e-02
-8.767479e+00	9.375637e-02
-8.667479e+00	9.694286e-02
-8.567479e+00	1.003185e-01
-8.467479e+00	1.039005e-01
-8.367479e+00	1.077087e-01
-8.267479e+00	1.117654e-01
-8.167479e+00	1.160963e-01
-8.067479e+00	1.207308e-01
-7.967479e+00	1.257033e-01
-7.867479e+00	1.310535e-01
-7.767479e+00	1.368286e-01
-7.667479e+00	1.430842e-01
-7.567479e+00	1.498872e-01
-7.467479e+00	1.573183e-01
-7.367479e+00	1.654767e-01
-7.267479e+00	1.744852e-01
-7.167479e+00	1.844982e-01
-7.067479e+00	1.957132e-01
-6.967479e+00	2.083869e-01
-6.867479e+00	2.228597e-01
-6.767479e+00	2.395927e-01
-6.667479e+00	2.592257e-01
-6.567479e+00	2.826707e-01
-6.467479e+00	3.112665e-01
-6.367479e+00	3.470450e-01
-6.267479e+00	3.932020e-01
-6.167479e+00	4.549586e-01
-6.067479e+00	5.411607e-01
-5.967479e+00	6.671752e-01
-5.867479e+00	8.592261e-01
-5.767479e+00	1.154678e+00
-5.667479e+00	1.562701e+00
-5.567479e+00	1.910971e+00
-5.467479e+00	1.865281e+00
-5.367479e+00	1.521979e+00
-5.267479e+00	1.208887e+00
-5.167479e+00	1.012881e+00
-5.067479e+00	9.087895e-01
-4.967479e+00	8.691219e-01
-4.867479e+00	8.766324e-01
-4.767479e+00	9.228140e-01
-4.667479e+00	1.002184e+00
-4.567479e+00	1.102304e+00
-4.467479e+00	1.215554e+00
-4.367479e+00	1.364348e+00
-4.267479e+00	1.577011e+00
-4.167479e+00	1.880198e+00
-4.067479e+00	2.318762e+00
-3.967479e+00	2.962003e+00
-3.867479e+00	3.872224e+00
-3.767479e+00	5.042215e+00
-3.667479e+00	6.519908e+00
-3.567479e+00	8.270042e+00
-3.467479e+00	9.396603e+00
-3.367479e+00	9.529258e+00
-3.267479e+00	1.002060e+01
-3.167479e+00	1.169050e+01
-3.067479e+00	1.386496e+01
-2.967479e+00	1.508808e+01
-2.867479e+00	1.535135e+01
-2.767479e+00	1.446806e+01
-2.667479e+00	1.247604e+01
-2.567479e+00	1.106201e+01
-2.467479e+00	1.094796e+01
-2.367479e+00	1.189756e+01
-2.267479e+00	1.324168e+01
-2.167479e+00	1.331293e+01
-2.067479e+00	1.104075e+01
-1.967479e+00	8.081200e+00
-1.867479e+00	5.826530e+00
-1.767479e+00	4.371863e+00
-1.667479e+00	3.461920e+00
-1.567479e+00	2.897985e+00
-1.467479e+00	2.566822e+00
-1.367479e+00	2.407114e+00
-1.267479e+00	2.390236e+00
-1.167479e+00	2.529916e+00
-1.067479e+00	2.889460e+00
-9.674791e-01	3.580950e+00
-8.674791e-01	4.749048e+00
-7.674791e-01	6.324574e+00
-6.674791e-01	7.332463e+00
-5.674791e-01	6.587897e+00
-4.674791e-01	4.969930e+00
-3.674791e-01	3.662965e+00
-2.674791e-01	2.861606e+00
-1.674791e-01	2.439849e+00
-6.747911e-02	2.298261e+00
3.252089e-02	2.410754e+00
1.325209e-01	2.812950e+00
2.325209e-01	3.528108e+00
3.325209e-01	4.260567e+00
4.325209e-01	4.227400e+00
5.325209e-01	3.394014e+00
6.325209e-01	2.536574e+00
7.325209e-01	1.965563e+00
8.325209e-01	1.645853e+00
9.325209e-01	1.500877e+00
1.032521e+00	1.443276e+00
1.132521e+00	1.348387e+00
1.232521e+00	1.191594e+00
1.332521e+00	1.058184e+00
1.432521e+00	9.843638e-01
1.532521e+00	9.668104e-01
1.632521e+00	9.934109e-01
1.732521e+00	1.029103e+00
1.832521e+00	1.027984e+00
1.932521e+00	1.011645e+00
2.032521e+00	1.024673e+00
2.132521e+00	1.081848e+00
2.232521e+00	1.189761e+00
2.332521e+00	1.363099e+00
2.432521e+00	1.630180e+00
2.532521e+00	2.025387e+00
2.632521e+00	2.519677e+00
2.732521e+00	2.886358e+00
2.832521e+00	2.971583e+00
2.932521e+00	3.057923e+00
3.032521e+00	3.409975e+00
3.132521e+00	4.155252e+00
3.232521e+00	5.461914e+00
3.332521e+00	7.630444e+00
3.432521e+00	1.100563e+01
3.532521e+00	1.515281e+01
3.632521e+00	1.717138e+01
3.732521e+00	1.468451e+01
3.832521e+00	1.057323e+01
3.932521e+00	7.405188e+00
4.032521e+00	5.405486e+00
4.132521e+00	4.201647e+00
4.232521e+00	3.493143e+00
4.332521e+00	3.105320e+00
4.432521e+00	2.948285e+00
4.532521e+00	2.985817e+00
4.632521e+00	3.221781e+00
4.732521e+00	3.700868e+00
4.832521e+00	4.524436e+00
4.932521e+00	5.886179e+00
5.032521e+00	8.126350e+00
5.132521e+00	1.172226e+01
5.232521e+00	1.670951e+01
5.332521e+00	2.061761e+01
5.432521e+00	1.920614e+01
5.532521e+00	1.416074e+01
5.632521e+00	9.634947e+00
5.732521e+00	6.624101e+00
5.832521e+00	4.730158e+00
5.932521e+00	3.516689e+00
6.032521e+00	2.709591e+00
6.132521e+00	2.151447e+00
6.232521e+00	1.751507e+00
6.332521e+00	1.455889e+00
6.432521e+00	1.231448e+00
6.532521e+00	1.057065e+00
6.632521e+00	9.188451e-01
6.732521e+00	8.073724e-01
6.832521e+00	7.160984e-01
6.932521e+00	6.403611e-01
7.032521e+00	5.767711e-01
7.132521e+00	5.228183e-01
7.232521e+00	4.766117e-01
7.332521e+00	4.367054e-01
7.432521e+00	4.019780e-01
7.532521e+00	3.715495e-01
7.632521e+00	3.447210e-01
7.732521e+00	3.209316e-01
7.832521e+00	2.997273e-01
7.932521e+00	2.807367e-01
8.032521e+00	2.636543e-01
8.132521e+00	2.482263e-01
8.232521e+00	2.342407e-01
8.332521e+00	2.215193e-01
8.432521e+00	2.099116e-01
8.532521e+00	1.992896e-01
8.632521e+00	1.895442e-01
8.732521e+00	1.805821e-01
8.832521e+00	1.723237e-01
8.932521e+00	1.647011e-01
9.032521e+00	1.576573e-01
9.132521e+00	1.511458e-01
9.232521e+00	1.451323e-01
9.332521e+00	1.395956e-01
9.432521e+00	1.345242e-01
9.532521e+00	1.298735e-01
9.632521e+00	1.254612e-01
9.732521e+00	1.211055e-01
9.832521e+00	1.169436e-01
9.932521e+00	1.131335e-01
1.003252e+01	1.096954e-01
1.013252e+01	1.066176e-01
1.023252e+01	1.039077e-01
1.033252e+01	1.016069e-01
1.043252e+01	9.980518e-02
1.053252e+01	9.866482e-02
1.063252e+01	9.841981e-02
1.073252e+01	9.915071e-02
1.083252e+01	1.000459e-01
1.093252e+01	9.995833e-02
1.103252e+01	1.001796e-01
1.113252e+01	1.026684e-01
1.123252e+01	1.071289e-01
1.133252e+01	1.100913e-01
1.143252e+01	1.103671e-01
1.153252e+01	1.129171e-01
1.163252e+01	1.221004e-01
1.173252e+01	1.402624e-01
1.183252e+01	1.648883e-01
1.193252e+01	1.798033e-01
1.203252e+01	1.730556e-01
1.213252e+01	1.592295e-01
1.223252e+01	1.483595e-01
1.233252e+01	1.435984e-01
1.243252e+01	1.413270e-01
1.253252e+01	1.303475e-01
1.263252e+01	1.121092e-01
1.273252e+01	9.526642e-02
1.283252e+01	8.264946e-02
1.293252e+01	7.407983e-02
1.303252e+01	6.854907e-02
1.313252e+01	6.528283e-02
1.323252e+01	6.389831e-02
1.333252e+01	6.405421e-02
1.343252e+01	6.432880e-02
1.353252e+01	6.228598e-02
1.363252e+01	5.836112e-02
1.373252e+01	5.443601e-02
1.383252e+01	5.101266e-02
1.393252e+01	4.818481e-02
1.403252e+01	4.599712e-02
1.413252e+01	4.428065e-02
1.423252e+01	4.281713e-02
1.433252e+01	4.152509e-02
1.443252e+01	4.040086e-02
1.453252e+01	3.941688e-02
1.463252e+01	3.854256e-02
1.473252e+01	3.776128e-02
1.483252e+01	3.706459e-02
1.493252e+01	3.644738e-02
1.503252e+01	3.590261e-02
1.513252e+01	3.540816e-02
1.523252e+01	3.489234e-02
1.533252e+01	3.432318e-02
1.543252e+01	3.377881e-02
1.553252e+01	3.330787e-02
1.563252e+01	3.291408e-02
1.573252e+01	3.259571e-02
1.583252e+01	3.235784e-02
1.593252e+01	3.221551e-02
1.603252e+01	3.219914e-02
1.613252e+01	3.235640e-02
1.623252e+01	3.273092e-02
1.633252e+01	3.329688e-02
1.643252e+01	3.405319e-02
1.653252e+01	3.530291e-02
1.663252e+01	3.728417e-02
1.673252e+01	3.925589e-02
1.683252e+01	3.951811e-02
1.693252e+01	3.847831e-02
1.703252e+01	3.799104e-02
1.713252e+01	3.861234e-02
1.723252e+01	3.988196e-02
1.733252e+01	4.152511e-02
1.743252e+01	4.407559e-02
1.753252e+01	4.809860e-02
1.763252e+01	5.470786e-02
1.773252e+01	6.513667e-02
1.783252e+01	7.877423e-02
1.793252e+01	9.226512e-02
1.803252e+01	1.021294e-01
1.813252e+01	1.038568e-01
1.823252e+01	1.004441e-01
1.833252e+01	1.013217e-01
1.843252e+01	1.071863e-01
1.853252e+01	1.051254e-01
1.863252e+01	8.988898e-02
1.873252e+01	7.395590e-02
1.883252e+01	6.411858e-02
1.893252e+01	6.012631e-02
1.903252e+01	6.127944e-02
1.913252e+01	6.809685e-02
1.923252e+01	8.176392e-02
1.933252e+01	1.004932e-01
1.943252e+01	1.131310e-01
1.953252e+01	1.105160e-01
1.963252e+01	9.842602e-02
1.973252e+01	8.188252e-02
1.983252e+01	6.741555e-02
1.993252e+01	5.758912e-02
2.003252e+01	4.973043e-02
2.013252e+01	4.296479e-02
2.023252e+01	3.811439e-02
2.033252e+01	3.497038e-02
2.043252e+01	3.314189e-02
2.053252e+01	3.262795e-02
2.063252e+01	3.361957e-02
2.073252e+01	3.588836e-02
2.083252e+01	3.755232e-02
2.093252e+01	3.675740e-02
2.103252e+01	3.549197e-02
2.113252e+01	3.558315e-02
2.123252e+01	3.574384e-02
2.133252e+01	3.415229e-02
2.143252e+01	3.191813e-02
2.153252e+01	3.084987e-02
2.163252e+01	3.148737e-02
2.173252e+01	3.370369e-02
2.183252e+01	3.737078e-02
2.193252e+01	4.187808e-02
2.203252e+01	4.596669e-02
2.213252e+01	5.135650e-02
2.223252e+01	5.958392e-02
2.233252e+01	6.529815e-02
2.243252e+01	6.133521e-02
2.253252e+01	5.120145e-02
2.263252e+01	4.284882e-02
2.273252e+01	3.858737e-02
2.283252e+01	3.671623e-02
2.293252e+01	3.448803e-02
2.303252e+01	3.102980e-02
2.313252e+01	2.711734e-02
2.323252e+01	2.399179e-02
2.333252e+01	2.200613e-02
2.343252e+01	2.088525e-02
2.353252e+01	2.034824e-02
2.363252e+01	2.014746e-02
2.373252e+01	1.982749e-02
2.383252e+01	1.903505e-02
2.393252e+01	1.818185e-02
2.403252e+01	1.759609e-02
2.413252e+01	1.720363e-02
2.423252e+01	1.701424e-02
2.433252e+01	1.714463e-02
2.443252e+01	1.766158e-02
2.453252e+01	1.851188e-02
2.463252e+01	1.938777e-02
2.473252e+01	2.017280e-02
2.483252e+01	2.131113e-02
2.493252e+01	2.295016e-02
2.503252e+01	2.469696e-02
2.513252e+01	2.618844e-02
2.523252e+01	2.756777e-02
2.533252e+01	2.871944e-02
2.543252e+01	2.896510e-02
2.553252e+01	2.844724e-02
2.563252e+01	2.816532e-02
2.573252e+01	2.859420e-02
2.583252e+01	2.955553e-02
2.593252e+01	3.162282e-02
2.603252e+01	3.592635e-02
2.613252e+01	4.340422e-02
2.623252e+01	5.500616e-02
2.633252e+01	7.139815e-02
2.643252e+01	8.852018e-02
2.653252e+01	9.821401e-02
2.663252e+01	1.017023e-01
2.673252e+01	1.015903e-01
2.683252e+01	9.586217e-02
2.693252e+01	8.387508e-02
2.703252e+01	7.208848e-02
2.713252e+01	6.233437e-02
2.723252e+01	5.212721e-02
2.733252e+01	4.186845e-02
2.743252e+01	3.415978e-02
2.753252e+01	2.944596e-02
2.763252e+01	2.664954e-02
2.773252e+01	2.441669e-02
2.783252e+01	2.254814e-02
2.793252e+01	2.156613e-02
2.803252e+01	2.114195e-02
2.813252e+01	2.014810e-02
2.823252e+01	1.847408e-02
2.833252e+01	1.691068e-02
2.843252e+01	1.581114e-02
2.853252e+01	1.513707e-02
2.863252e+01	1.483189e-02
2.873252e+01	1.488870e-02
2.883252e+01	1.533230e-02
2.893252e+01	1.625229e-02
2.903252e+01	1.784410e-02
2.913252e+01	2.047084e-02
2.923252e+01	2.472966e-02
2.933252e+01	3.132243e-02
2.943252e+01	4.011272e-02
2.953252e+01	4.776731e-02
2.963252e+01	4.931219e-02
2.973252e+01	4.589408e-02
2.983252e+01	4.042268e-02
2.993252e+01	3.539708e-02
3.003252e+01	3.158073e-02
3.013252e+01	2.757208e-02
3.023252e+01	2.327154e-02
3.033252e+01	1.989108e-02
3.043252e+01	1.747503e-02
3.053252e+01	1.588484e-02
3.063252e+01	1.516595e-02
3.073252e+01	1.531465e-02
3.083252e+01	1.625972e-02
3.093252e+01	1.771585e-02
3.103252e+01	1.894633e-02
3.113252e+01	1.839083e-02
3.123252e+01	1.613838e-02
3.133252e+01	1.399753e-02
3.143252e+01	1.264432e-02
3.153252e+01	1.198112e-02
3.163252e+01	1.187825e-02
3.173252e+01	1.233721e-02
3.183252e+01	1.350743e-02
3.193252e+01	1.567116e-02
3.203252e+01	1.891071e-02
3.213252e+01	2.186204e-02
3.223252e+01	2.191137e-02
3.233252e+01	1.963116e-02
3.243252e+01	1.679025e-02
3.253252e+01	1.396399e-02
3.263252e+01	1.176954e-02
3.273252e+01	1.030451e-02
3.283252e+01	9.347810e-03
3.293252e+01	8.706289e-03
3.303252e+01	8.273616e-03
3.313252e+01	7.981578e-03
3.323252e+01	7.786506e-03
3.333252e+01	7.688263e-03
3.343252e+01	7.705545e-03
3.353252e+01	7.864658e-03
3.363252e+01	8.212613e-03
3.373252e+01	8.824065e-03
3.383252e+01	9.720361e-03
3.393252e+01	1.051676e-02
3.403252e+01	1.053365e-02
3.413252e+01	9.903740e-03
3.423252e+01	8.986069e-03
3.433252e+01	8.060550e-03
3.443252e+01	7.364982e-03
3.453252e+01	6.903869e-03
3.463252e+01	6.604662e-03
3.473252e+01	6.406401e-03
3.483252e+01	6.271671e-03
3.493252e+01	6.187470e-03
3.503252e+01	6.148683e-03
3.513252e+01	6.152711e-03
3.523252e+01	6.215093e-03
3.533252e+01	6.368130e-03
3.543252e+01	6.648514e-03
3.553252e+01	7.006889e-03
3.563252e+01	7.141741e-03
3.573252e+01	6.845400e-03
3.583252e+01	6.420753e-03
3.593252e+01	6.103166e-03
3.603252e+01	5.907001e-03
3.613252e+01	5.796963e-03
3.623252e+01	5.746525e-03
3.633252e+01	5.741417e-03
3.643252e+01	5.780826e-03
3.653252e+01	5.878083e-03
3.663252e+01	6.052937e-03
3.673252e+01	6.304413e-03
3.683252e+01	6.538489e-03
3.693252e+01	6.646076e-03
3.703252e+01	6.741981e-03
3.713252e+01	6.973903e-03
3.723252e+01	7.383974e-03
3.733252e+01	7.845926e-03
3.743252e+01	8.151407e-03
3.753252e+01	8.501306e-03
3.763252e+01	9.296907e-03
3.773252e+01	1.082941e-02
3.783252e+01	1.323081e-02
3.793252e+01	1.574831e-02
3.803252e+01	1.626827e-02
3.813252e+01	1.454741e-02
3.823252e+01	1.245058e-02
3.833252e+01	1.073596e-02
3.843252e+01	9.565656e-03
3.853252e+01	8.850424e-03
3.863252e+01	8.486011e-03
3.873252e+01	8.497001e-03
3.883252e+01	8.890138e-03
3.893252e+01	9.583728e-03
3.903252e+01	1.039180e-02
3.913252e+01	1.091187e-02
3.923252e+01	1.080361e-02
3.933252e+01	1.021445e-02
3.943252e+01	9.666431e-03
3.953252e+01	9.489015e-03
3.963252e+01	9.746613e-03
3.973252e+01	1.044599e-02
3.983252e+01	1.165378e-02
3.993252e+01	1.358668e-02
4.003252e+01	1.664467e-02
4.013252e+01	2.151116e-02
4.023252e+01	2.917602e-02
4.033252e+01	3.957428e-02
4.043252e+01	4.764085e-02
4.053252e+01	4.612899e-02
4.063252e+01	3.936553e-02
4.073252e+01	3.501284e-02
4.083252e+01	3.334782e-02
4.093252e+01	3.041992e-02
4.103252e+01	2.490527e-02
4.113252e+01	1.942525e-02
4.123252e+01	1.549477e-02
4.133252e+01	1.300999e-02
4.143252e+01	1.142180e-02
4.153252e+01	1.040437e-02
4.163252e+01	9.754973e-03
4.173252e+01	9.251238e-03
4.183252e+01	8.762374e-03
4.193252e+01	8.267278e-03
4.203252e+01	7.973800e-03
4.213252e+01	8.056788e-03
4.223252e+01	8.333670e-03
4.233252e+01	8.142981e-03
4.243252e+01	7.292887e-03
4.253252e+01	6.394283e-03
4.263252e+01	5.754959e-03
4.273252e+01	5.337465e-03
4.283252e+01	5.029673e-03
4.293252e+01	4.767757e-03
4.303252e+01	4.556370e-03
4.313252e+01	4.395832e-03
4.323252e+01	4.274191e-03
4.333252e+01	4.180706e-03
4.343252e+01	4.108437e-03
4.353252e+01	4.053314e-03
4.363252e+01	4.013183e-03
4.373252e+01	3.987330e-03
4.383252e+01	3.976448e-03
4.393252e+01	3.982756e-03
4.403252e+01	4.010492e-03
4.413252e+01	4.066962e-03
4.423252e+01	4.163885e-03
4.433252e+01	4.316541e-03
4.443252e+01	4.534076e-03
4.453252e+01	4.820081e-03
4.463252e+01	5.227543e-03
4.473252e+01	5.891801e-03
4.483252e+01	6.973012e-03
4.493252e+01	8.397154e-03
4.503252e+01	9.251135e-03
4.513252e+01	8.525340e-03
4.523252e+01	7.066892e-03
4.533252e+01	5.892884e-03
4.543252e+01	5.145138e-03
4.553252e+01	4.694044e-03
4.563252e+01	4.423599e-03
4.573252e+01	4.267159e-03
4.583252e+01	4.196555e-03
4.593252e+01	4.202211e-03
4.603252e+01	4.288150e-03
4.613252e+01	4.475859e-03
4.623252e+01	4.812263e-03
4.633252e+01	5.379003e-03
4.643252e+01	6.263752e-03
4.653252e+01	7.325037e-03
4.663252e+01	7.783560e-03
4.673252e+01	7.149995e-03
4.683252e+01	6.223278e-03
4.693252e+01	5.592152e-03
4.703252e+01	5.291581e-03
4.713252e+01	5.248627e-03
4.723252e+01	5.432601e-03
4.733252e+01	5.865935e-03
4.743252e+01	6.619550e-03
4.753252e+01	7.754698e-03
4.763252e+01	9.108081e-03
4.773252e+01	1.039132e-02
4.783252e+01	1.212414e-02
4.793252e+01	1.526539e-02
4.803252e+01	1.995279e-02
4.813252e+01	2.362052e-02
4.823252e+01	2.203302e-02
4.833252e+01	1.695346e-02
4.843252e+01	1.247883e-02
4.853252e+01	9.560729e-03
4.863252e+01	7.762608e-03
4.873252e+01	6.560200e-03
4.883252e+01	5.674312e-03
4.893252e+01	5.043458e-03
4.903252e+01	4.625125e-03
4.913252e+01	4.376192e-03
4.923252e+01	4.274209e-03
4.933252e+01	4.292863e-03
4.943252e+01	4.308422e-03
4.953252e+01	4.127339e-03
4.963252e+01	3.813884e-03
4.973252e+01	3.541451e-03
4.983252e+01	3.349637e-03
4.993252e+01	3.219211e-03
5.003252e+01	3.130258e-03
5.013252e+01	3.070782e-03
5.023252e+01	3.034749e-03
5.033252e+01	3.019881e-03
5.043252e+01	3.027179e-03
5.053252e+01	3.062939e-03
5.063252e+01	3.140347e-03
5.073252e+01	3.282432e-03
5.083252e+01	3.524996e-03
5.093252e+01	3.894685e-03
5.103252e+01	4.287695e-03
5.113252e+01	4.378877e-03
5.123252e+01	4.134665e-03
5.133252e+01	3.911766e-03
5.143252e+01	3.896015e-03
5.153252e+01	4.126467e-03
5.163252e+01	4.573680e-03
5.173252e+01	4.951940e-03
5.183252e+01	4.800458e-03
5.193252e+01	4.305313e-03
5.203252e+01	3.926296e-03
5.213252e+01	3.795102e-03
5.223252e+01	3.872960e-03
5.233252e+01	3.982439e-03
5.243252e+01	3.861599e-03
5.253252e+01	3.555253e-03
5.263252e+01	3.258327e-03
5.273252e+01	3.017234e-03
5.283252e+01	2.825458e-03
5.293252e+01	2.686868e-03
5.303252e+01	2.591566e-03
5.313252e+01	2.525888e-03
5.323252e+01	2.480526e-03
5.333252e+01	2.450426e-03
5.343252e+01	2.432714e-03
5.353252e+01	2.423063e-03
5.363252e+01	2.416269e-03
5.373252e+01	2.416112e-03
5.383252e+01	2.424572e-03
5.393252e+01	2.421703e-03
5.403252e+01	2.390909e-03
5.413252e+01	2.352232e-03
5.423252e+01	2.322026e-03
5.433252e+01	2.301037e-03
5.443252e+01	2.286791e-03
5.453252e+01	2.277374e-03
5.463252e+01	2.271591e-03
5.473252e+01	2.268690e-03
5.483252e+01	2.268014e-03
5.493252e+01	2.268957e-03
5.503252e+01	2.271668e-03
5.513252e+01	2.276766e-03
5.523252e+01	2.284724e-03
5.533252e+01	2.295849e-03
5.543252e+01	2.309638e-03
5.553252e+01	2.324520e-03
5.563252e+01	2.340623e-03
5.573252e+01	2.360104e-03
5.583252e+01	2.385465e-03
5.593252e+01	2.418468e-03
5.603252e+01	2.459343e-03
5.613252e+01	2.507795e-03
5.623252e+01	2.569073e-03
5.633252e+01	2.653806e-03
5.643252e+01	2.775589e-03
5.653252e+01	2.951451e-03
5.663252e+01	3.183570e-03
5.673252e+01	3.399953e-03
5.683252e+01	3.485128e-03
5.693252e+01	3.481706e-03
5.703252e+01	3.488727e-03
5.713252e+01	3.538475e-03
5.723252e+01	3.666321e-03
5.733252e+01	3.903014e-03
5.743252e+01	4.278256e-03
5.753252e+01	4.843376e-03
5.763252e+01	5.653164e-03
5.773252e+01	6.684283e-03
5.783252e+01	7.846847e-03
5.793252e+01	9.184526e-03
5.803252e+01	1.068788e-02
5.813252e+01	1.210164e-02
5.823252e+01	1.304157e-02
5.833252e+01	1.297726e-02
5.843252e+01	1.207437e-02
5.853252e+01	1.141419e-02
5.863252e+01	1.172128e-02
5.873252e+01	1.321370e-02
5.883252e+01	1.621819e-02
5.893252e+01	2.143451e-02
5.903252e+01	2.933563e-02
5.913252e+01	3.760743e-02
5.923252e+01	3.965895e-02
5.933252e+01	3.472604e-02
5.943252e+01	2.971730e-02
5.953252e+01	2.750495e-02
5.963252e+01	2.567531e-02
5.973252e+01	2.162426e-02
5.983252e+01	1.678000e-02
5.993252e+01	1.322730e-02
6.003252e+01	1.118863e-02
6.013252e+01	1.005482e-02
6.023252e+01	9.098667e-03
6.033252e+01	8.166540e-03
6.043252e+01	7.647906e-03
6.053252e+01	7.760503e-03
6.063252e+01	8.326896e-03
6.073252e+01	8.516887e-03
6.083252e+01	7.615881e-03
6.093252e+01	6.283273e-03
6.103252e+01	5.249897e-03
6.113252e+01	4.624588e-03
6.123252e+01	4.289364e-03
6.133252e+01	4.045034e-03
6.143252e+01	3.724345e-03
6.153252e+01	3.393030e-03
6.163252e+01	3.142380e-03
6.173252e+01	2.974839e-03
6.183252e+01	2.870080e-03
6.193252e+01	2.813552e-03
6.203252e+01	2.798170e-03
6.213252e+01	2.822073e-03
6.223252e+01	2.887876e-03
6.233252e+01	3.006968e-03
6.243252e+01	3.202004e-03
6.253252e+01	3.509935e-03
6.263252e+01	3.994372e-03
6.273252e+01	4.767680e-03
6.283252e+01	6.020651e-03
6.293252e+01	8.005105e-03
6.303252e+01	1.066238e-02
6.313252e+01	1.249364e-02
6.323252e+01	1.143581e-02
6.333252e+01	8.756824e-03
6.343252e+01	6.492969e-03
