#RPA-results:
#Nucleus: Ni 80
#Fermi level: -1.541935e+00	-1.810941e+01
#Excitation: 1 +
#Total number of pairs: 494
#Number of ph-/ah-pairs: 494/0
#Maximal excitation-energy for particle-hole-pairs: 100
#Maximal excitation-energy for antiparticle-hole-pairs: 1000
#No imaginary eigenvalues

#Parameterset: DD-PC1
#natural parity: no
#Isoscalar result:

#width: 5.000000e-01
#maximum value: 1.091602e-02
#at energy: 6.343252e+01
-9.656748e+01	4.804490e-04
-9.646748e+01	4.813608e-04
-9.636748e+01	4.822753e-04
-9.626748e+01	4.831924e-04
-9.616748e+01	4.841121e-04
-9.606748e+01	4.850345e-04
-9.596748e+01	4.859594e-04
-9.586748e+01	4.868871e-04
-9.576748e+01	4.878174e-04
-9.566748e+01	4.887504e-04
-9.556748e+01	4.896860e-04
-9.546748e+01	4.906244e-04
-9.536748e+01	4.915654e-04
-9.526748e+01	4.925092e-04
-9.516748e+01	4.934557e-04
-9.506748e+01	4.944049e-04
-9.496748e+01	4.953569e-04
-9.486748e+01	4.963117e-04
-9.476748e+01	4.972692e-04
-9.466748e+01	4.982295e-04
-9.456748e+01	4.991925e-04
-9.446748e+01	5.001584e-04
-9.436748e+01	5.011271e-04
-9.426748e+01	5.020986e-04
-9.416748e+01	5.030729e-04
-9.406748e+01	5.040501e-04
-9.396748e+01	5.050302e-04
-9.386748e+01	5.060131e-04
-9.376748e+01	5.069989e-04
-9.366748e+01	5.079875e-04
-9.356748e+01	5.089791e-04
-9.346748e+01	5.099736e-04
-9.336748e+01	5.109710e-04
-9.326748e+01	5.119713e-04
-9.316748e+01	5.129746e-04
-9.306748e+01	5.139809e-04
-9.296748e+01	5.149901e-04
-9.286748e+01	5.160023e-04
-9.276748e+01	5.170175e-04
-9.266748e+01	5.180357e-04
-9.256748e+01	5.190569e-04
-9.246748e+01	5.200811e-04
-9.236748e+01	5.211084e-04
-9.226748e+01	5.221387e-04
-9.216748e+01	5.231721e-04
-9.206748e+01	5.242086e-04
-9.196748e+01	5.252481e-04
-9.186748e+01	5.262908e-04
-9.176748e+01	5.273366e-04
-9.166748e+01	5.283855e-04
-9.156748e+01	5.294375e-04
-9.146748e+01	5.304927e-04
-9.136748e+01	5.315511e-04
-9.126748e+01	5.326126e-04
-9.116748e+01	5.336773e-04
-9.106748e+01	5.347453e-04
-9.096748e+01	5.358164e-04
-9.086748e+01	5.368908e-04
-9.076748e+01	5.379684e-04
-9.066748e+01	5.390492e-04
-9.056748e+01	5.401334e-04
-9.046748e+01	5.412208e-04
-9.036748e+01	5.423115e-04
-9.026748e+01	5.434055e-04
-9.016748e+01	5.445028e-04
-9.006748e+01	5.456035e-04
-8.996748e+01	5.467075e-04
-8.986748e+01	5.478149e-04
-8.976748e+01	5.489256e-04
-8.966748e+01	5.500397e-04
-8.956748e+01	5.511573e-04
-8.946748e+01	5.522782e-04
-8.936748e+01	5.534026e-04
-8.926748e+01	5.545304e-04
-8.916748e+01	5.556617e-04
-8.906748e+01	5.567965e-04
-8.896748e+01	5.579347e-04
-8.886748e+01	5.590765e-04
-8.876748e+01	5.602217e-04
-8.866748e+01	5.613705e-04
-8.856748e+01	5.625229e-04
-8.846748e+01	5.636788e-04
-8.836748e+01	5.648382e-04
-8.826748e+01	5.660013e-04
-8.816748e+01	5.671680e-04
-8.806748e+01	5.683382e-04
-8.796748e+01	5.695121e-04
-8.786748e+01	5.706897e-04
-8.776748e+01	5.718709e-04
-8.766748e+01	5.730558e-04
-8.756748e+01	5.742444e-04
-8.746748e+01	5.754367e-04
-8.736748e+01	5.766328e-04
-8.726748e+01	5.778325e-04
-8.716748e+01	5.790361e-04
-8.706748e+01	5.802434e-04
-8.696748e+01	5.814545e-04
-8.686748e+01	5.826694e-04
-8.676748e+01	5.838881e-04
-8.666748e+01	5.851106e-04
-8.656748e+01	5.863370e-04
-8.646748e+01	5.875673e-04
-8.636748e+01	5.888014e-04
-8.626748e+01	5.900395e-04
-8.616748e+01	5.912815e-04
-8.606748e+01	5.925274e-04
-8.596748e+01	5.937772e-04
-8.586748e+01	5.950310e-04
-8.576748e+01	5.962888e-04
-8.566748e+01	5.975507e-04
-8.556748e+01	5.988165e-04
-8.546748e+01	6.000863e-04
-8.536748e+01	6.013603e-04
-8.526748e+01	6.026382e-04
-8.516748e+01	6.039203e-04
-8.506748e+01	6.052065e-04
-8.496748e+01	6.064968e-04
-8.486748e+01	6.077912e-04
-8.476748e+01	6.090898e-04
-8.466748e+01	6.103926e-04
-8.456748e+01	6.116996e-04
-8.446748e+01	6.130107e-04
-8.436748e+01	6.143261e-04
-8.426748e+01	6.156458e-04
-8.416748e+01	6.169697e-04
-8.406748e+01	6.182979e-04
-8.396748e+01	6.196304e-04
-8.386748e+01	6.209673e-04
-8.376748e+01	6.223084e-04
-8.366748e+01	6.236540e-04
-8.356748e+01	6.250039e-04
-8.346748e+01	6.263582e-04
-8.336748e+01	6.277169e-04
-8.326748e+01	6.290801e-04
-8.316748e+01	6.304477e-04
-8.306748e+01	6.318198e-04
-8.296748e+01	6.331963e-04
-8.286748e+01	6.345774e-04
-8.276748e+01	6.359631e-04
-8.266748e+01	6.373533e-04
-8.256748e+01	6.387480e-04
-8.246748e+01	6.401474e-04
-8.236748e+01	6.415514e-04
-8.226748e+01	6.429600e-04
-8.216748e+01	6.443732e-04
-8.206748e+01	6.457911e-04
-8.196748e+01	6.472138e-04
-8.186748e+01	6.486411e-04
-8.176748e+01	6.500732e-04
-8.166748e+01	6.515101e-04
-8.156748e+01	6.529517e-04
-8.146748e+01	6.543981e-04
-8.136748e+01	6.558494e-04
-8.126748e+01	6.573055e-04
-8.116748e+01	6.587664e-04
-8.106748e+01	6.602323e-04
-8.096748e+01	6.617030e-04
-8.086748e+01	6.631787e-04
-8.076748e+01	6.646594e-04
-8.066748e+01	6.661450e-04
-8.056748e+01	6.676356e-04
-8.046748e+01	6.691313e-04
-8.036748e+01	6.706319e-04
-8.026748e+01	6.721377e-04
-8.016748e+01	6.736485e-04
-8.006748e+01	6.751645e-04
-7.996748e+01	6.766856e-04
-7.986748e+01	6.782118e-04
-7.976748e+01	6.797433e-04
-7.966748e+01	6.812799e-04
-7.956748e+01	6.828218e-04
-7.946748e+01	6.843689e-04
-7.936748e+01	6.859213e-04
-7.926748e+01	6.874790e-04
-7.916748e+01	6.890420e-04
-7.906748e+01	6.906104e-04
-7.896748e+01	6.921841e-04
-7.886748e+01	6.937633e-04
-7.876748e+01	6.953479e-04
-7.866748e+01	6.969379e-04
-7.856748e+01	6.985334e-04
-7.846748e+01	7.001344e-04
-7.836748e+01	7.017409e-04
-7.826748e+01	7.033530e-04
-7.816748e+01	7.049706e-04
-7.806748e+01	7.065938e-04
-7.796748e+01	7.082227e-04
-7.786748e+01	7.098572e-04
-7.776748e+01	7.114975e-04
-7.766748e+01	7.131434e-04
-7.756748e+01	7.147950e-04
-7.746748e+01	7.164524e-04
-7.736748e+01	7.181156e-04
-7.726748e+01	7.197846e-04
-7.716748e+01	7.214595e-04
-7.706748e+01	7.231402e-04
-7.696748e+01	7.248268e-04
-7.686748e+01	7.265193e-04
-7.676748e+01	7.282178e-04
-7.666748e+01	7.299223e-04
-7.656748e+01	7.316327e-04
-7.646748e+01	7.333492e-04
-7.636748e+01	7.350718e-04
-7.626748e+01	7.368005e-04
-7.616748e+01	7.385353e-04
-7.606748e+01	7.402762e-04
-7.596748e+01	7.420233e-04
-7.586748e+01	7.437766e-04
-7.576748e+01	7.455362e-04
-7.566748e+01	7.473020e-04
-7.556748e+01	7.490742e-04
-7.546748e+01	7.508526e-04
-7.536748e+01	7.526374e-04
-7.526748e+01	7.544287e-04
-7.516748e+01	7.562263e-04
-7.506748e+01	7.580304e-04
-7.496748e+01	7.598409e-04
-7.486748e+01	7.616580e-04
-7.476748e+01	7.634816e-04
-7.466748e+01	7.653118e-04
-7.456748e+01	7.671486e-04
-7.446748e+01	7.689920e-04
-7.436748e+01	7.708421e-04
-7.426748e+01	7.726990e-04
-7.416748e+01	7.745625e-04
-7.406748e+01	7.764328e-04
-7.396748e+01	7.783099e-04
-7.386748e+01	7.801939e-04
-7.376748e+01	7.820847e-04
-7.366748e+01	7.839825e-04
-7.356748e+01	7.858871e-04
-7.346748e+01	7.877987e-04
-7.336748e+01	7.897174e-04
-7.326748e+01	7.916431e-04
-7.316748e+01	7.935758e-04
-7.306748e+01	7.955157e-04
-7.296748e+01	7.974627e-04
-7.286748e+01	7.994168e-04
-7.276748e+01	8.013782e-04
-7.266748e+01	8.033468e-04
-7.256748e+01	8.053228e-04
-7.246748e+01	8.073060e-04
-7.236748e+01	8.092966e-04
-7.226748e+01	8.112946e-04
-7.216748e+01	8.133000e-04
-7.206748e+01	8.153129e-04
-7.196748e+01	8.173333e-04
-7.186748e+01	8.193612e-04
-7.176748e+01	8.213967e-04
-7.166748e+01	8.234399e-04
-7.156748e+01	8.254907e-04
-7.146748e+01	8.275492e-04
-7.136748e+01	8.296154e-04
-7.126748e+01	8.316894e-04
-7.116748e+01	8.337712e-04
-7.106748e+01	8.358608e-04
-7.096748e+01	8.379583e-04
-7.086748e+01	8.400638e-04
-7.076748e+01	8.421772e-04
-7.066748e+01	8.442987e-04
-7.056748e+01	8.464282e-04
-7.046748e+01	8.485658e-04
-7.036748e+01	8.507115e-04
-7.026748e+01	8.528654e-04
-7.016748e+01	8.550275e-04
-7.006748e+01	8.571979e-04
-6.996748e+01	8.593766e-04
-6.986748e+01	8.615636e-04
-6.976748e+01	8.637590e-04
-6.966748e+01	8.659628e-04
-6.956748e+01	8.681751e-04
-6.946748e+01	8.703960e-04
-6.936748e+01	8.726254e-04
-6.926748e+01	8.748633e-04
-6.916748e+01	8.771100e-04
-6.906748e+01	8.793653e-04
-6.896748e+01	8.816294e-04
-6.886748e+01	8.839022e-04
-6.876748e+01	8.861839e-04
-6.866748e+01	8.884745e-04
-6.856748e+01	8.907739e-04
-6.846748e+01	8.930824e-04
-6.836748e+01	8.953998e-04
-6.826748e+01	8.977264e-04
-6.816748e+01	9.000620e-04
-6.806748e+01	9.024068e-04
-6.796748e+01	9.047608e-04
-6.786748e+01	9.071240e-04
-6.776748e+01	9.094966e-04
-6.766748e+01	9.118785e-04
-6.756748e+01	9.142698e-04
-6.746748e+01	9.166705e-04
-6.736748e+01	9.190808e-04
-6.726748e+01	9.215006e-04
-6.716748e+01	9.239300e-04
-6.706748e+01	9.263691e-04
-6.696748e+01	9.288178e-04
-6.686748e+01	9.312764e-04
-6.676748e+01	9.337447e-04
-6.666748e+01	9.362229e-04
-6.656748e+01	9.387110e-04
-6.646748e+01	9.412091e-04
-6.636748e+01	9.437171e-04
-6.626748e+01	9.462353e-04
-6.616748e+01	9.487636e-04
-6.606748e+01	9.513021e-04
-6.596748e+01	9.538508e-04
-6.586748e+01	9.564098e-04
-6.576748e+01	9.589792e-04
-6.566748e+01	9.615589e-04
-6.556748e+01	9.641491e-04
-6.546748e+01	9.667499e-04
-6.536748e+01	9.693612e-04
-6.526748e+01	9.719831e-04
-6.516748e+01	9.746158e-04
-6.506748e+01	9.772592e-04
-6.496748e+01	9.799134e-04
-6.486748e+01	9.825784e-04
-6.476748e+01	9.852544e-04
-6.466748e+01	9.879414e-04
-6.456748e+01	9.906394e-04
-6.446748e+01	9.933485e-04
-6.436748e+01	9.960689e-04
-6.426748e+01	9.988004e-04
-6.416748e+01	1.001543e-03
-6.406748e+01	1.004297e-03
-6.396748e+01	1.007063e-03
-6.386748e+01	1.009840e-03
-6.376748e+01	1.012629e-03
-6.366748e+01	1.015429e-03
-6.356748e+01	1.018241e-03
-6.346748e+01	1.021065e-03
-6.336748e+01	1.023900e-03
-6.326748e+01	1.026747e-03
-6.316748e+01	1.029607e-03
-6.306748e+01	1.032478e-03
-6.296748e+01	1.035361e-03
-6.286748e+01	1.038257e-03
-6.276748e+01	1.041165e-03
-6.266748e+01	1.044084e-03
-6.256748e+01	1.047017e-03
-6.246748e+01	1.049962e-03
-6.236748e+01	1.052919e-03
-6.226748e+01	1.055889e-03
-6.216748e+01	1.058871e-03
-6.206748e+01	1.061866e-03
-6.196748e+01	1.064874e-03
-6.186748e+01	1.067895e-03
-6.176748e+01	1.070929e-03
-6.166748e+01	1.073975e-03
-6.156748e+01	1.077035e-03
-6.146748e+01	1.080108e-03
-6.136748e+01	1.083194e-03
-6.126748e+01	1.086294e-03
-6.116748e+01	1.089406e-03
-6.106748e+01	1.092533e-03
-6.096748e+01	1.095673e-03
-6.086748e+01	1.098826e-03
-6.076748e+01	1.101993e-03
-6.066748e+01	1.105174e-03
-6.056748e+01	1.108369e-03
-6.046748e+01	1.111577e-03
-6.036748e+01	1.114800e-03
-6.026748e+01	1.118037e-03
-6.016748e+01	1.121288e-03
-6.006748e+01	1.124553e-03
-5.996748e+01	1.127832e-03
-5.986748e+01	1.131126e-03
-5.976748e+01	1.134435e-03
-5.966748e+01	1.137758e-03
-5.956748e+01	1.141096e-03
-5.946748e+01	1.144448e-03
-5.936748e+01	1.147816e-03
-5.926748e+01	1.151198e-03
-5.916748e+01	1.154595e-03
-5.906748e+01	1.158008e-03
-5.896748e+01	1.161436e-03
-5.886748e+01	1.164879e-03
-5.876748e+01	1.168337e-03
-5.866748e+01	1.171811e-03
-5.856748e+01	1.175301e-03
-5.846748e+01	1.178806e-03
-5.836748e+01	1.182327e-03
-5.826748e+01	1.185864e-03
-5.816748e+01	1.189417e-03
-5.806748e+01	1.192985e-03
-5.796748e+01	1.196570e-03
-5.786748e+01	1.200172e-03
-5.776748e+01	1.203789e-03
-5.766748e+01	1.207424e-03
-5.756748e+01	1.211074e-03
-5.746748e+01	1.214742e-03
-5.736748e+01	1.218426e-03
-5.726748e+01	1.222127e-03
-5.716748e+01	1.225845e-03
-5.706748e+01	1.229579e-03
-5.696748e+01	1.233332e-03
-5.686748e+01	1.237101e-03
-5.676748e+01	1.240888e-03
-5.666748e+01	1.244692e-03
-5.656748e+01	1.248514e-03
-5.646748e+01	1.252354e-03
-5.636748e+01	1.256211e-03
-5.626748e+01	1.260087e-03
-5.616748e+01	1.263980e-03
-5.606748e+01	1.267892e-03
-5.596748e+01	1.271822e-03
-5.586748e+01	1.275770e-03
-5.576748e+01	1.279737e-03
-5.566748e+01	1.283722e-03
-5.556748e+01	1.287726e-03
-5.546748e+01	1.291749e-03
-5.536748e+01	1.295791e-03
-5.526748e+01	1.299852e-03
-5.516748e+01	1.303933e-03
-5.506748e+01	1.308032e-03
-5.496748e+01	1.312151e-03
-5.486748e+01	1.316290e-03
-5.476748e+01	1.320449e-03
-5.466748e+01	1.324627e-03
-5.456748e+01	1.328825e-03
-5.446748e+01	1.333043e-03
-5.436748e+01	1.337282e-03
-5.426748e+01	1.341541e-03
-5.416748e+01	1.345820e-03
-5.406748e+01	1.350120e-03
-5.396748e+01	1.354441e-03
-5.386748e+01	1.358782e-03
-5.376748e+01	1.363145e-03
-5.366748e+01	1.367529e-03
-5.356748e+01	1.371934e-03
-5.346748e+01	1.376360e-03
-5.336748e+01	1.380808e-03
-5.326748e+01	1.385278e-03
-5.316748e+01	1.389770e-03
-5.306748e+01	1.394283e-03
-5.296748e+01	1.398819e-03
-5.286748e+01	1.403377e-03
-5.276748e+01	1.407957e-03
-5.266748e+01	1.412561e-03
-5.256748e+01	1.417186e-03
-5.246748e+01	1.421835e-03
-5.236748e+01	1.426507e-03
-5.226748e+01	1.431202e-03
-5.216748e+01	1.435920e-03
-5.206748e+01	1.440662e-03
-5.196748e+01	1.445427e-03
-5.186748e+01	1.450216e-03
-5.176748e+01	1.455030e-03
-5.166748e+01	1.459867e-03
-5.156748e+01	1.464729e-03
-5.146748e+01	1.469615e-03
-5.136748e+01	1.474525e-03
-5.126748e+01	1.479461e-03
-5.116748e+01	1.484421e-03
-5.106748e+01	1.489407e-03
-5.096748e+01	1.494418e-03
-5.086748e+01	1.499455e-03
-5.076748e+01	1.504517e-03
-5.066748e+01	1.509605e-03
-5.056748e+01	1.514718e-03
-5.046748e+01	1.519859e-03
-5.036748e+01	1.525025e-03
-5.026748e+01	1.530218e-03
-5.016748e+01	1.535438e-03
-5.006748e+01	1.540684e-03
-4.996748e+01	1.545958e-03
-4.986748e+01	1.551259e-03
-4.976748e+01	1.556588e-03
-4.966748e+01	1.561944e-03
-4.956748e+01	1.567328e-03
-4.946748e+01	1.572740e-03
-4.936748e+01	1.578180e-03
-4.926748e+01	1.583649e-03
-4.916748e+01	1.589147e-03
-4.906748e+01	1.594673e-03
-4.896748e+01	1.600228e-03
-4.886748e+01	1.605813e-03
-4.876748e+01	1.611427e-03
-4.866748e+01	1.617071e-03
-4.856748e+01	1.622745e-03
-4.846748e+01	1.628449e-03
-4.836748e+01	1.634183e-03
-4.826748e+01	1.639947e-03
-4.816748e+01	1.645743e-03
-4.806748e+01	1.651569e-03
-4.796748e+01	1.657427e-03
-4.786748e+01	1.663316e-03
-4.776748e+01	1.669236e-03
-4.766748e+01	1.675189e-03
-4.756748e+01	1.681174e-03
-4.746748e+01	1.687191e-03
-4.736748e+01	1.693240e-03
-4.726748e+01	1.699322e-03
-4.716748e+01	1.705438e-03
-4.706748e+01	1.711587e-03
-4.696748e+01	1.717769e-03
-4.686748e+01	1.723985e-03
-4.676748e+01	1.730235e-03
-4.666748e+01	1.736519e-03
-4.656748e+01	1.742838e-03
-4.646748e+01	1.749192e-03
-4.636748e+01	1.755581e-03
-4.626748e+01	1.762005e-03
-4.616748e+01	1.768464e-03
-4.606748e+01	1.774960e-03
-4.596748e+01	1.781491e-03
-4.586748e+01	1.788059e-03
-4.576748e+01	1.794664e-03
-4.566748e+01	1.801306e-03
-4.556748e+01	1.807984e-03
-4.546748e+01	1.814700e-03
-4.536748e+01	1.821454e-03
-4.526748e+01	1.828246e-03
-4.516748e+01	1.835077e-03
-4.506748e+01	1.841946e-03
-4.496748e+01	1.848854e-03
-4.486748e+01	1.855801e-03
-4.476748e+01	1.862788e-03
-4.466748e+01	1.869814e-03
-4.456748e+01	1.876881e-03
-4.446748e+01	1.883988e-03
-4.436748e+01	1.891136e-03
-4.426748e+01	1.898325e-03
-4.416748e+01	1.905555e-03
-4.406748e+01	1.912827e-03
-4.396748e+01	1.920141e-03
-4.386748e+01	1.927497e-03
-4.376748e+01	1.934896e-03
-4.366748e+01	1.942338e-03
-4.356748e+01	1.949824e-03
-4.346748e+01	1.957353e-03
-4.336748e+01	1.964926e-03
-4.326748e+01	1.972544e-03
-4.316748e+01	1.980206e-03
-4.306748e+01	1.987913e-03
-4.296748e+01	1.995666e-03
-4.286748e+01	2.003465e-03
-4.276748e+01	2.011310e-03
-4.266748e+01	2.019201e-03
-4.256748e+01	2.027139e-03
-4.246748e+01	2.035125e-03
-4.236748e+01	2.043158e-03
-4.226748e+01	2.051239e-03
-4.216748e+01	2.059369e-03
-4.206748e+01	2.067548e-03
-4.196748e+01	2.075776e-03
-4.186748e+01	2.084053e-03
-4.176748e+01	2.092381e-03
-4.166748e+01	2.100759e-03
-4.156748e+01	2.109187e-03
-4.146748e+01	2.117667e-03
-4.136748e+01	2.126199e-03
-4.126748e+01	2.134783e-03
-4.116748e+01	2.143420e-03
-4.106748e+01	2.152109e-03
-4.096748e+01	2.160852e-03
-4.086748e+01	2.169648e-03
-4.076748e+01	2.178499e-03
-4.066748e+01	2.187405e-03
-4.056748e+01	2.196366e-03
-4.046748e+01	2.205383e-03
-4.036748e+01	2.214456e-03
-4.026748e+01	2.223585e-03
-4.016748e+01	2.232771e-03
-4.006748e+01	2.242016e-03
-3.996748e+01	2.251318e-03
-3.986748e+01	2.260678e-03
-3.976748e+01	2.270098e-03
-3.966748e+01	2.279577e-03
-3.956748e+01	2.289117e-03
-3.946748e+01	2.298717e-03
-3.936748e+01	2.308378e-03
-3.926748e+01	2.318101e-03
-3.916748e+01	2.327885e-03
-3.906748e+01	2.337733e-03
-3.896748e+01	2.347644e-03
-3.886748e+01	2.357618e-03
-3.876748e+01	2.367657e-03
-3.866748e+01	2.377761e-03
-3.856748e+01	2.387930e-03
-3.846748e+01	2.398165e-03
-3.836748e+01	2.408467e-03
-3.826748e+01	2.418836e-03
-3.816748e+01	2.429273e-03
-3.806748e+01	2.439779e-03
-3.796748e+01	2.450353e-03
-3.786748e+01	2.460997e-03
-3.776748e+01	2.471711e-03
-3.766748e+01	2.482496e-03
-3.756748e+01	2.493352e-03
-3.746748e+01	2.504281e-03
-3.736748e+01	2.515282e-03
-3.726748e+01	2.526357e-03
-3.716748e+01	2.537506e-03
-3.706748e+01	2.548729e-03
-3.696748e+01	2.560029e-03
-3.686748e+01	2.571404e-03
-3.676748e+01	2.582856e-03
-3.666748e+01	2.594385e-03
-3.656748e+01	2.605993e-03
-3.646748e+01	2.617680e-03
-3.636748e+01	2.629446e-03
-3.626748e+01	2.641293e-03
-3.616748e+01	2.653221e-03
-3.606748e+01	2.665231e-03
-3.596748e+01	2.677324e-03
-3.586748e+01	2.689500e-03
-3.576748e+01	2.701760e-03
-3.566748e+01	2.714105e-03
-3.556748e+01	2.726536e-03
-3.546748e+01	2.739054e-03
-3.536748e+01	2.751659e-03
-3.526748e+01	2.764352e-03
-3.516748e+01	2.777135e-03
-3.506748e+01	2.790007e-03
-3.496748e+01	2.802970e-03
-3.486748e+01	2.816025e-03
-3.476748e+01	2.829172e-03
-3.466748e+01	2.842413e-03
-3.456748e+01	2.855748e-03
-3.446748e+01	2.869179e-03
-3.436748e+01	2.882705e-03
-3.426748e+01	2.896329e-03
-3.416748e+01	2.910051e-03
-3.406748e+01	2.923871e-03
-3.396748e+01	2.937792e-03
-3.386748e+01	2.951814e-03
-3.376748e+01	2.965937e-03
-3.366748e+01	2.980164e-03
-3.356748e+01	2.994494e-03
-3.346748e+01	3.008929e-03
-3.336748e+01	3.023471e-03
-3.326748e+01	3.038119e-03
-3.316748e+01	3.052876e-03
-3.306748e+01	3.067742e-03
-3.296748e+01	3.082718e-03
-3.286748e+01	3.097806e-03
-3.276748e+01	3.113006e-03
-3.266748e+01	3.128320e-03
-3.256748e+01	3.143749e-03
-3.246748e+01	3.159294e-03
-3.236748e+01	3.174956e-03
-3.226748e+01	3.190737e-03
-3.216748e+01	3.206637e-03
-3.206748e+01	3.222658e-03
-3.196748e+01	3.238801e-03
-3.186748e+01	3.255068e-03
-3.176748e+01	3.271459e-03
-3.166748e+01	3.287976e-03
-3.156748e+01	3.304621e-03
-3.146748e+01	3.321394e-03
-3.136748e+01	3.338297e-03
-3.126748e+01	3.355331e-03
-3.116748e+01	3.372498e-03
-3.106748e+01	3.389799e-03
-3.096748e+01	3.407236e-03
-3.086748e+01	3.424810e-03
-3.076748e+01	3.442522e-03
-3.066748e+01	3.460374e-03
-3.056748e+01	3.478368e-03
-3.046748e+01	3.496505e-03
-3.036748e+01	3.514786e-03
-3.026748e+01	3.533213e-03
-3.016748e+01	3.551788e-03
-3.006748e+01	3.570512e-03
-2.996748e+01	3.589387e-03
-2.986748e+01	3.608415e-03
-2.976748e+01	3.627596e-03
-2.966748e+01	3.646934e-03
-2.956748e+01	3.666430e-03
-2.946748e+01	3.686085e-03
-2.936748e+01	3.705901e-03
-2.926748e+01	3.725880e-03
-2.916748e+01	3.746024e-03
-2.906748e+01	3.766335e-03
-2.896748e+01	3.786814e-03
-2.886748e+01	3.807464e-03
-2.876748e+01	3.828286e-03
-2.866748e+01	3.849282e-03
-2.856748e+01	3.870455e-03
-2.846748e+01	3.891807e-03
-2.836748e+01	3.913339e-03
-2.826748e+01	3.935053e-03
-2.816748e+01	3.956952e-03
-2.806748e+01	3.979038e-03
-2.796748e+01	4.001312e-03
-2.786748e+01	4.023778e-03
-2.776748e+01	4.046437e-03
-2.766748e+01	4.069292e-03
-2.756748e+01	4.092345e-03
-2.746748e+01	4.115599e-03
-2.736748e+01	4.139055e-03
-2.726748e+01	4.162716e-03
-2.716748e+01	4.186584e-03
-2.706748e+01	4.210663e-03
-2.696748e+01	4.234955e-03
-2.686748e+01	4.259461e-03
-2.676748e+01	4.284186e-03
-2.666748e+01	4.309130e-03
-2.656748e+01	4.334298e-03
-2.646748e+01	4.359692e-03
-2.636748e+01	4.385314e-03
-2.626748e+01	4.411168e-03
-2.616748e+01	4.437257e-03
-2.606748e+01	4.463582e-03
-2.596748e+01	4.490148e-03
-2.586748e+01	4.516956e-03
-2.576748e+01	4.544011e-03
-2.566748e+01	4.571316e-03
-2.556748e+01	4.598872e-03
-2.546748e+01	4.626685e-03
-2.536748e+01	4.654757e-03
-2.526748e+01	4.683090e-03
-2.516748e+01	4.711690e-03
-2.506748e+01	4.740558e-03
-2.496748e+01	4.769699e-03
-2.486748e+01	4.799116e-03
-2.476748e+01	4.828813e-03
-2.466748e+01	4.858793e-03
-2.456748e+01	4.889060e-03
-2.446748e+01	4.919617e-03
-2.436748e+01	4.950470e-03
-2.426748e+01	4.981621e-03
-2.416748e+01	5.013074e-03
-2.406748e+01	5.044835e-03
-2.396748e+01	5.076905e-03
-2.386748e+01	5.109291e-03
-2.376748e+01	5.141996e-03
-2.366748e+01	5.175024e-03
-2.356748e+01	5.208380e-03
-2.346748e+01	5.242069e-03
-2.336748e+01	5.276094e-03
-2.326748e+01	5.310461e-03
-2.316748e+01	5.345175e-03
-2.306748e+01	5.380239e-03
-2.296748e+01	5.415660e-03
-2.286748e+01	5.451441e-03
-2.276748e+01	5.487589e-03
-2.266748e+01	5.524108e-03
-2.256748e+01	5.561003e-03
-2.246748e+01	5.598281e-03
-2.236748e+01	5.635946e-03
-2.226748e+01	5.674003e-03
-2.216748e+01	5.712460e-03
-2.206748e+01	5.751321e-03
-2.196748e+01	5.790592e-03
-2.186748e+01	5.830280e-03
-2.176748e+01	5.870390e-03
-2.166748e+01	5.910929e-03
-2.156748e+01	5.951902e-03
-2.146748e+01	5.993318e-03
-2.136748e+01	6.035181e-03
-2.126748e+01	6.077500e-03
-2.116748e+01	6.120280e-03
-2.106748e+01	6.163528e-03
-2.096748e+01	6.207253e-03
-2.086748e+01	6.251461e-03
-2.076748e+01	6.296159e-03
-2.066748e+01	6.341356e-03
-2.056748e+01	6.387058e-03
-2.046748e+01	6.433274e-03
-2.036748e+01	6.480012e-03
-2.026748e+01	6.527280e-03
-2.016748e+01	6.575087e-03
-2.006748e+01	6.623440e-03
-1.996748e+01	6.672350e-03
-1.986748e+01	6.721824e-03
-1.976748e+01	6.771871e-03
-1.966748e+01	6.822502e-03
-1.956748e+01	6.873725e-03
-1.946748e+01	6.925551e-03
-1.936748e+01	6.977988e-03
-1.926748e+01	7.031048e-03
-1.916748e+01	7.084741e-03
-1.906748e+01	7.139077e-03
-1.896748e+01	7.194067e-03
-1.886748e+01	7.249722e-03
-1.876748e+01	7.306053e-03
-1.866748e+01	7.363072e-03
-1.856748e+01	7.420791e-03
-1.846748e+01	7.479222e-03
-1.836748e+01	7.538377e-03
-1.826748e+01	7.598269e-03
-1.816748e+01	7.658911e-03
-1.806748e+01	7.720315e-03
-1.796748e+01	7.782497e-03
-1.786748e+01	7.845468e-03
-1.776748e+01	7.909244e-03
-1.766748e+01	7.973840e-03
-1.756748e+01	8.039269e-03
-1.746748e+01	8.105547e-03
-1.736748e+01	8.172691e-03
-1.726748e+01	8.240715e-03
-1.716748e+01	8.309636e-03
-1.706748e+01	8.379472e-03
-1.696748e+01	8.450238e-03
-1.686748e+01	8.521954e-03
-1.676748e+01	8.594636e-03
-1.666748e+01	8.668304e-03
-1.656748e+01	8.742977e-03
-1.646748e+01	8.818673e-03
-1.636748e+01	8.895414e-03
-1.626748e+01	8.973219e-03
-1.616748e+01	9.052111e-03
-1.606748e+01	9.132109e-03
-1.596748e+01	9.213237e-03
-1.586748e+01	9.295518e-03
-1.576748e+01	9.378975e-03
-1.566748e+01	9.463632e-03
-1.556748e+01	9.549514e-03
-1.546748e+01	9.636646e-03
-1.536748e+01	9.725054e-03
-1.526748e+01	9.814767e-03
-1.516748e+01	9.905810e-03
-1.506748e+01	9.998213e-03
-1.496748e+01	1.009201e-02
-1.486748e+01	1.018722e-02
-1.476748e+01	1.028388e-02
-1.466748e+01	1.038202e-02
-1.456748e+01	1.048168e-02
-1.446748e+01	1.058289e-02
-1.436748e+01	1.068568e-02
-1.426748e+01	1.079009e-02
-1.416748e+01	1.089616e-02
-1.406748e+01	1.100393e-02
-1.396748e+01	1.111343e-02
-1.386748e+01	1.122471e-02
-1.376748e+01	1.133781e-02
-1.366748e+01	1.145277e-02
-1.356748e+01	1.156963e-02
-1.346748e+01	1.168845e-02
-1.336748e+01	1.180927e-02
-1.326748e+01	1.193214e-02
-1.316748e+01	1.205712e-02
-1.306748e+01	1.218425e-02
-1.296748e+01	1.231359e-02
-1.286748e+01	1.244520e-02
-1.276748e+01	1.257914e-02
-1.266748e+01	1.271546e-02
-1.256748e+01	1.285424e-02
-1.246748e+01	1.299553e-02
-1.236748e+01	1.313941e-02
-1.226748e+01	1.328594e-02
-1.216748e+01	1.343520e-02
-1.206748e+01	1.358727e-02
-1.196748e+01	1.374223e-02
-1.186748e+01	1.390015e-02
-1.176748e+01	1.406113e-02
-1.166748e+01	1.422525e-02
-1.156748e+01	1.439260e-02
-1.146748e+01	1.456329e-02
-1.136748e+01	1.473742e-02
-1.126748e+01	1.491508e-02
-1.116748e+01	1.509639e-02
-1.106748e+01	1.528146e-02
-1.096748e+01	1.547042e-02
-1.086748e+01	1.566339e-02
-1.076748e+01	1.586049e-02
-1.066748e+01	1.606188e-02
-1.056748e+01	1.626769e-02
-1.046748e+01	1.647806e-02
-1.036748e+01	1.669317e-02
-1.026748e+01	1.691318e-02
-1.016748e+01	1.713826e-02
-1.006748e+01	1.736859e-02
-9.967479e+00	1.760437e-02
-9.867479e+00	1.784580e-02
-9.767479e+00	1.809310e-02
-9.667479e+00	1.834648e-02
-9.567479e+00	1.860620e-02
-9.467479e+00	1.887251e-02
-9.367479e+00	1.914567e-02
-9.267479e+00	1.942596e-02
-9.167479e+00	1.971369e-02
-9.067479e+00	2.000917e-02
-8.967479e+00	2.031276e-02
-8.867479e+00	2.062480e-02
-8.767479e+00	2.094569e-02
-8.667479e+00	2.127584e-02
-8.567479e+00	2.161568e-02
-8.467479e+00	2.196571e-02
-8.367479e+00	2.232641e-02
-8.267479e+00	2.269834e-02
-8.167479e+00	2.308208e-02
-8.067479e+00	2.347828e-02
-7.967479e+00	2.388760e-02
-7.867479e+00	2.431081e-02
-7.767479e+00	2.474870e-02
-7.667479e+00	2.520216e-02
-7.567479e+00	2.567215e-02
-7.467479e+00	2.615971e-02
-7.367479e+00	2.666599e-02
-7.267479e+00	2.719228e-02
-7.167479e+00	2.773998e-02
-7.067479e+00	2.831063e-02
-6.967479e+00	2.890598e-02
-6.867479e+00	2.952796e-02
-6.767479e+00	3.017876e-02
-6.667479e+00	3.086082e-02
-6.567479e+00	3.157693e-02
-6.467479e+00	3.233028e-02
-6.367479e+00	3.312453e-02
-6.267479e+00	3.396390e-02
-6.167479e+00	3.485332e-02
-6.067479e+00	3.579862e-02
-5.967479e+00	3.680669e-02
-5.867479e+00	3.788583e-02
-5.767479e+00	3.904619e-02
-5.667479e+00	4.030029e-02
-5.567479e+00	4.166395e-02
-5.467479e+00	4.315755e-02
-5.367479e+00	4.480801e-02
-5.267479e+00	4.665167e-02
-5.167479e+00	4.873755e-02
-5.067479e+00	5.112648e-02
-4.967479e+00	5.388751e-02
-4.867479e+00	5.714538e-02
-4.767479e+00	6.115631e-02
-4.667479e+00	6.632373e-02
-4.567479e+00	7.329078e-02
-4.467479e+00	8.305663e-02
-4.367479e+00	9.656921e-02
-4.267479e+00	1.119193e-01
-4.167479e+00	1.208118e-01
-4.067479e+00	1.203926e-01
-3.967479e+00	1.201106e-01
-3.867479e+00	1.259995e-01
-3.767479e+00	1.395216e-01
-3.667479e+00	1.610232e-01
-3.567479e+00	1.895448e-01
-3.467479e+00	2.280598e-01
-3.367479e+00	2.866316e-01
-3.267479e+00	3.649137e-01
-3.167479e+00	4.327297e-01
-3.067479e+00	4.731778e-01
-2.967479e+00	5.112105e-01
-2.867479e+00	5.380627e-01
-2.767479e+00	5.148667e-01
-2.667479e+00	4.366870e-01
-2.567479e+00	3.627528e-01
-2.467479e+00	3.248742e-01
-2.367479e+00	3.229088e-01
-2.267479e+00	3.484255e-01
-2.167479e+00	3.814673e-01
-2.067479e+00	4.098468e-01
-1.967479e+00	4.543225e-01
-1.867479e+00	5.167870e-01
-1.767479e+00	5.758274e-01
-1.667479e+00	6.400342e-01
-1.567479e+00	6.710835e-01
-1.467479e+00	6.018491e-01
-1.367479e+00	4.939734e-01
-1.267479e+00	4.196720e-01
-1.167479e+00	3.897702e-01
-1.067479e+00	3.994737e-01
-9.674791e-01	4.496971e-01
-8.674791e-01	5.444800e-01
-7.674791e-01	6.600832e-01
-6.674791e-01	7.029108e-01
-5.674791e-01	6.314005e-01
-4.674791e-01	5.409490e-01
-3.674791e-01	4.913302e-01
-2.674791e-01	4.865137e-01
-1.674791e-01	5.221665e-01
-6.747911e-02	5.962778e-01
3.252089e-02	6.937488e-01
1.325209e-01	7.793682e-01
2.325209e-01	8.679679e-01
3.325209e-01	1.027988e+00
4.325209e-01	1.320523e+00
5.325209e-01	1.801335e+00
6.325209e-01	2.442597e+00
7.325209e-01	2.876238e+00
8.325209e-01	2.664697e+00
9.325209e-01	2.151092e+00
1.032521e+00	1.790545e+00
1.132521e+00	1.676269e+00
1.232521e+00	1.799358e+00
1.332521e+00	2.186888e+00
1.432521e+00	2.906283e+00
1.532521e+00	3.904434e+00
1.632521e+00	4.573531e+00
1.732521e+00	4.188265e+00
1.832521e+00	3.313413e+00
1.932521e+00	2.685982e+00
2.032521e+00	2.347291e+00
2.132521e+00	2.076000e+00
2.232521e+00	1.839511e+00
2.332521e+00	1.653686e+00
2.432521e+00	1.439678e+00
2.532521e+00	1.250177e+00
2.632521e+00	1.166610e+00
2.732521e+00	1.212518e+00
2.832521e+00	1.409781e+00
2.932521e+00	1.791040e+00
3.032521e+00	2.293297e+00
3.132521e+00	2.531808e+00
3.232521e+00	2.194388e+00
3.332521e+00	1.654216e+00
3.432521e+00	1.237317e+00
3.532521e+00	9.726440e-01
3.632521e+00	8.197491e-01
3.732521e+00	7.458770e-01
3.832521e+00	7.327377e-01
3.932521e+00	7.672831e-01
4.032521e+00	8.325126e-01
4.132521e+00	9.348820e-01
4.232521e+00	1.120864e+00
4.332521e+00	1.431595e+00
4.432521e+00	1.837953e+00
4.532521e+00	2.067221e+00
4.632521e+00	1.820214e+00
4.732521e+00	1.360771e+00
4.832521e+00	9.927031e-01
4.932521e+00	7.534925e-01
5.032521e+00	6.021160e-01
5.132521e+00	5.046335e-01
5.232521e+00	4.402692e-01
5.332521e+00	3.967545e-01
5.432521e+00	3.668663e-01
5.532521e+00	3.462648e-01
5.632521e+00	3.322622e-01
5.732521e+00	3.231414e-01
5.832521e+00	3.177760e-01
5.932521e+00	3.154113e-01
6.032521e+00	3.155353e-01
6.132521e+00	3.177996e-01
6.232521e+00	3.219701e-01
6.332521e+00	3.278953e-01
6.432521e+00	3.354866e-01
6.532521e+00	3.447041e-01
6.632521e+00	3.555491e-01
6.732521e+00	3.680583e-01
6.832521e+00	3.823014e-01
6.932521e+00	3.983801e-01
7.032521e+00	4.164288e-01
7.132521e+00	4.366168e-01
7.232521e+00	4.591520e-01
7.332521e+00	4.842854e-01
7.432521e+00	5.123187e-01
7.532521e+00	5.436128e-01
7.632521e+00	5.785991e-01
7.732521e+00	6.177944e-01
7.832521e+00	6.618198e-01
7.932521e+00	7.114248e-01
8.032521e+00	7.675188e-01
8.132521e+00	8.312124e-01
8.232521e+00	9.038714e-01
8.332521e+00	9.871893e-01
8.432521e+00	1.083284e+00
8.532521e+00	1.194833e+00
8.632521e+00	1.325253e+00
8.732521e+00	1.478963e+00
8.832521e+00	1.661749e+00
8.932521e+00	1.881302e+00
9.032521e+00	2.148015e+00
9.132521e+00	2.476185e+00
9.232521e+00	2.885890e+00
9.332521e+00	3.405972e+00
9.432521e+00	4.078941e+00
9.532521e+00	4.969264e+00
9.632521e+00	6.177771e+00
9.732521e+00	7.867129e+00
9.832521e+00	1.030635e+01
9.932521e+00	1.394780e+01
1.003252e+01	1.957796e+01
1.013252e+01	2.853553e+01
1.023252e+01	4.236023e+01
1.033252e+01	5.938169e+01
1.043252e+01	6.764829e+01
1.053252e+01	5.732523e+01
1.063252e+01	4.028793e+01
1.073252e+01	2.710417e+01
1.083252e+01	1.864720e+01
1.093252e+01	1.334163e+01
1.103252e+01	9.924623e+00
1.113252e+01	7.641863e+00
1.123252e+01	6.062000e+00
1.133252e+01	4.935446e+00
1.143252e+01	4.115626e+00
1.153252e+01	3.514572e+00
1.163252e+01	3.080248e+00
1.173252e+01	2.786204e+00
1.183252e+01	2.625057e+00
1.193252e+01	2.588666e+00
1.203252e+01	2.602158e+00
1.213252e+01	2.525832e+00
1.223252e+01	2.387040e+00
1.233252e+01	2.314078e+00
1.243252e+01	2.341555e+00
1.253252e+01	2.420427e+00
1.263252e+01	2.352647e+00
1.273252e+01	2.001496e+00
1.283252e+01	1.588777e+00
1.293252e+01	1.275143e+00
1.303252e+01	1.062464e+00
1.313252e+01	9.187865e-01
1.323252e+01	8.208272e-01
1.333252e+01	7.539258e-01
1.343252e+01	7.006460e-01
1.353252e+01	6.418767e-01
1.363252e+01	5.796959e-01
1.373252e+01	5.251824e-01
1.383252e+01	4.812353e-01
1.393252e+01	4.472462e-01
1.403252e+01	4.220133e-01
1.413252e+01	4.035551e-01
1.423252e+01	3.860537e-01
1.433252e+01	3.626915e-01
1.443252e+01	3.360078e-01
1.453252e+01	3.118942e-01
1.463252e+01	2.917741e-01
1.473252e+01	2.749251e-01
1.483252e+01	2.606176e-01
1.493252e+01	2.483928e-01
1.503252e+01	2.379775e-01
1.513252e+01	2.289539e-01
1.523252e+01	2.205000e-01
1.533252e+01	2.116266e-01
1.543252e+01	2.018762e-01
1.553252e+01	1.923438e-01
1.563252e+01	1.838322e-01
1.573252e+01	1.763109e-01
1.583252e+01	1.695698e-01
1.593252e+01	1.634462e-01
1.603252e+01	1.578307e-01
1.613252e+01	1.526541e-01
1.623252e+01	1.478803e-01
1.633252e+01	1.434881e-01
1.643252e+01	1.394652e-01
1.653252e+01	1.358111e-01
1.663252e+01	1.325418e-01
1.673252e+01	1.296960e-01
1.683252e+01	1.273471e-01
1.693252e+01	1.256111e-01
1.703252e+01	1.245928e-01
1.713252e+01	1.241491e-01
1.723252e+01	1.239780e-01
1.733252e+01	1.246853e-01
1.743252e+01	1.273657e-01
1.753252e+01	1.320809e-01
1.763252e+01	1.369402e-01
1.773252e+01	1.408269e-01
1.783252e+01	1.443072e-01
1.793252e+01	1.460186e-01
1.803252e+01	1.454328e-01
1.813252e+01	1.445796e-01
1.823252e+01	1.453097e-01
1.833252e+01	1.499431e-01
1.843252e+01	1.607887e-01
1.853252e+01	1.809590e-01
1.863252e+01	2.158095e-01
1.873252e+01	2.737541e-01
1.883252e+01	3.625403e-01
1.893252e+01	4.629496e-01
1.903252e+01	4.952987e-01
1.913252e+01	4.296816e-01
1.923252e+01	3.508436e-01
1.933252e+01	3.077287e-01
1.943252e+01	2.924091e-01
1.953252e+01	2.762919e-01
1.963252e+01	2.541630e-01
1.973252e+01	2.440636e-01
1.983252e+01	2.470536e-01
1.993252e+01	2.522694e-01
2.003252e+01	2.644272e-01
2.013252e+01	2.792287e-01
2.023252e+01	2.647921e-01
2.033252e+01	2.223531e-01
2.043252e+01	1.845919e-01
2.053252e+01	1.610086e-01
2.063252e+01	1.470406e-01
2.073252e+01	1.423912e-01
2.083252e+01	1.498319e-01
2.093252e+01	1.693588e-01
2.103252e+01	1.887711e-01
2.113252e+01	1.838398e-01
2.123252e+01	1.597984e-01
2.133252e+01	1.403028e-01
2.143252e+01	1.285329e-01
2.153252e+01	1.146826e-01
2.163252e+01	9.804305e-02
2.173252e+01	8.491621e-02
2.183252e+01	7.661466e-02
2.193252e+01	7.096743e-02
2.203252e+01	6.563761e-02
2.213252e+01	6.070379e-02
2.223252e+01	5.660585e-02
2.233252e+01	5.329178e-02
2.243252e+01	5.063888e-02
2.253252e+01	4.844933e-02
2.263252e+01	4.663226e-02
2.273252e+01	4.521753e-02
2.283252e+01	4.437325e-02
2.293252e+01	4.423832e-02
2.303252e+01	4.479528e-02
2.313252e+01	4.528234e-02
2.323252e+01	4.427942e-02
2.333252e+01	4.219512e-02
2.343252e+01	4.046347e-02
2.353252e+01	3.952149e-02
2.363252e+01	3.920379e-02
2.373252e+01	3.909309e-02
2.383252e+01	3.871203e-02
2.393252e+01	3.792937e-02
2.403252e+01	3.693316e-02
2.413252e+01	3.612818e-02
2.423252e+01	3.577401e-02
2.433252e+01	3.592890e-02
2.443252e+01	3.674027e-02
2.453252e+01	3.834372e-02
2.463252e+01	4.046390e-02
2.473252e+01	4.219813e-02
2.483252e+01	4.303268e-02
2.493252e+01	4.385503e-02
2.503252e+01	4.579474e-02
2.513252e+01	4.873671e-02
2.523252e+01	5.060014e-02
2.533252e+01	5.078618e-02
2.543252e+01	5.005932e-02
2.553252e+01	4.870618e-02
2.563252e+01	4.822669e-02
2.573252e+01	4.844901e-02
2.583252e+01	4.694517e-02
2.593252e+01	4.422201e-02
2.603252e+01	4.263603e-02
2.613252e+01	4.281611e-02
2.623252e+01	4.477632e-02
2.633252e+01	4.873036e-02
2.643252e+01	5.426907e-02
2.653252e+01	6.084770e-02
2.663252e+01	6.901923e-02
2.673252e+01	7.998756e-02
2.683252e+01	9.559406e-02
2.693252e+01	1.107124e-01
2.703252e+01	1.118135e-01
2.713252e+01	1.018895e-01
2.723252e+01	9.430179e-02
2.733252e+01	8.848646e-02
2.743252e+01	7.859617e-02
2.753252e+01	6.857420e-02
2.763252e+01	6.211698e-02
2.773252e+01	5.799106e-02
2.783252e+01	5.616433e-02
2.793252e+01	5.785241e-02
2.803252e+01	6.243469e-02
2.813252e+01	6.695006e-02
2.823252e+01	6.906363e-02
2.833252e+01	6.747687e-02
2.843252e+01	6.354710e-02
2.853252e+01	6.168474e-02
2.863252e+01	6.329311e-02
2.873252e+01	6.626114e-02
2.883252e+01	6.943734e-02
2.893252e+01	7.565076e-02
2.903252e+01	8.803889e-02
2.913252e+01	1.098048e-01
2.923252e+01	1.458984e-01
2.933252e+01	2.014362e-01
2.943252e+01	2.684380e-01
2.953252e+01	3.070051e-01
2.963252e+01	2.865423e-01
2.973252e+01	2.412931e-01
2.983252e+01	2.047252e-01
2.993252e+01	1.708301e-01
3.003252e+01	1.401289e-01
3.013252e+01	1.222110e-01
3.023252e+01	1.194912e-01
3.033252e+01	1.310162e-01
3.043252e+01	1.501456e-01
3.053252e+01	1.595459e-01
3.063252e+01	1.554928e-01
3.073252e+01	1.484028e-01
3.083252e+01	1.336303e-01
3.093252e+01	1.158840e-01
3.103252e+01	1.066746e-01
3.113252e+01	1.028574e-01
3.123252e+01	9.163608e-02
3.133252e+01	7.338619e-02
3.143252e+01	5.757273e-02
3.153252e+01	4.672289e-02
3.163252e+01	3.942016e-02
3.173252e+01	3.428341e-02
3.183252e+01	3.066282e-02
3.193252e+01	2.817359e-02
3.203252e+01	2.657189e-02
3.213252e+01	2.576911e-02
3.223252e+01	2.578342e-02
3.233252e+01	2.646505e-02
3.243252e+01	2.687885e-02
3.253252e+01	2.587914e-02
3.263252e+01	2.405193e-02
3.273252e+01	2.265553e-02
3.283252e+01	2.208343e-02
3.293252e+01	2.230091e-02
3.303252e+01	2.328386e-02
3.313252e+01	2.461811e-02
3.323252e+01	2.501311e-02
3.333252e+01	2.398557e-02
3.343252e+01	2.301150e-02
3.353252e+01	2.313852e-02
3.363252e+01	2.473102e-02
3.373252e+01	2.820692e-02
3.383252e+01	3.395937e-02
3.393252e+01	4.079273e-02
3.403252e+01	4.342455e-02
3.413252e+01	3.836072e-02
3.423252e+01	3.098111e-02
3.433252e+01	2.551529e-02
3.443252e+01	2.215993e-02
3.453252e+01	2.008959e-02
3.463252e+01	1.875943e-02
3.473252e+01	1.801190e-02
3.483252e+01	1.771589e-02
3.493252e+01	1.782964e-02
3.503252e+01	1.845720e-02
3.513252e+01	1.975289e-02
3.523252e+01	2.200908e-02
3.533252e+01	2.580869e-02
3.543252e+01	3.209632e-02
3.553252e+01	4.179282e-02
3.563252e+01	5.297393e-02
3.573252e+01	5.668600e-02
3.583252e+01	4.851121e-02
3.593252e+01	3.765228e-02
3.603252e+01	3.004842e-02
3.613252e+01	2.592241e-02
3.623252e+01	2.448406e-02
3.633252e+01	2.514687e-02
3.643252e+01	2.659017e-02
3.653252e+01	2.591152e-02
3.663252e+01	2.261161e-02
3.673252e+01	1.930475e-02
3.683252e+01	1.716552e-02
3.693252e+01	1.609923e-02
3.703252e+01	1.573323e-02
3.713252e+01	1.542221e-02
3.723252e+01	1.473573e-02
3.733252e+01	1.404371e-02
3.743252e+01	1.363001e-02
3.753252e+01	1.357212e-02
3.763252e+01	1.398437e-02
3.773252e+01	1.503204e-02
3.783252e+01	1.697976e-02
3.793252e+01	1.998449e-02
3.803252e+01	2.303429e-02
3.813252e+01	2.356051e-02
3.823252e+01	2.173202e-02
3.833252e+01	1.984750e-02
3.843252e+01	1.810995e-02
3.853252e+01	1.639320e-02
3.863252e+01	1.509781e-02
3.873252e+01	1.438680e-02
3.883252e+01	1.420844e-02
3.893252e+01	1.458087e-02
3.903252e+01	1.550549e-02
3.913252e+01	1.684491e-02
3.923252e+01	1.866046e-02
3.933252e+01	2.076320e-02
3.943252e+01	2.187899e-02
3.953252e+01	2.088361e-02
3.963252e+01	1.905036e-02
3.973252e+01	1.777841e-02
3.983252e+01	1.730737e-02
3.993252e+01	1.721748e-02
4.003252e+01	1.754480e-02
4.013252e+01	1.882285e-02
4.023252e+01	2.151538e-02
4.033252e+01	2.609865e-02
4.043252e+01	3.278171e-02
4.053252e+01	4.071351e-02
4.063252e+01	4.698399e-02
4.073252e+01	4.742467e-02
4.083252e+01	4.420943e-02
4.093252e+01	4.206670e-02
4.103252e+01	4.011602e-02
4.113252e+01	3.624799e-02
4.123252e+01	3.067967e-02
4.133252e+01	2.506710e-02
4.143252e+01	2.105717e-02
4.153252e+01	1.882286e-02
4.163252e+01	1.789349e-02
4.173252e+01	1.748581e-02
4.183252e+01	1.701100e-02
4.193252e+01	1.653886e-02
4.203252e+01	1.605161e-02
4.213252e+01	1.549075e-02
4.223252e+01	1.488091e-02
4.233252e+01	1.448441e-02
4.243252e+01	1.455153e-02
4.253252e+01	1.515995e-02
4.263252e+01	1.637864e-02
4.273252e+01	1.838224e-02
4.283252e+01	2.149174e-02
4.293252e+01	2.607484e-02
4.303252e+01	3.191386e-02
4.313252e+01	3.788516e-02
4.323252e+01	4.513475e-02
4.333252e+01	5.769308e-02
4.343252e+01	7.873387e-02
4.353252e+01	1.055634e-01
4.363252e+01	1.210368e-01
4.373252e+01	1.100045e-01
4.383252e+01	8.339211e-02
4.393252e+01	5.887274e-02
4.403252e+01	4.213038e-02
4.413252e+01	3.153410e-02
4.423252e+01	2.478309e-02
4.433252e+01	2.037251e-02
4.443252e+01	1.744511e-02
4.453252e+01	1.551699e-02
4.463252e+01	1.424698e-02
4.473252e+01	1.325977e-02
4.483252e+01	1.222866e-02
4.493252e+01	1.121683e-02
4.503252e+01	1.042662e-02
4.513252e+01	9.854105e-03
4.523252e+01	9.459805e-03
4.533252e+01	9.265940e-03
4.543252e+01	9.309545e-03
4.553252e+01	9.659649e-03
4.563252e+01	1.044964e-02
4.573252e+01	1.184069e-02
4.583252e+01	1.365147e-02
4.593252e+01	1.458438e-02
4.603252e+01	1.346868e-02
4.613252e+01	1.152904e-02
4.623252e+01	1.004654e-02
4.633252e+01	9.193658e-03
4.643252e+01	8.830774e-03
4.653252e+01	8.871066e-03
4.663252e+01	9.333818e-03
4.673252e+01	1.035104e-02
4.683252e+01	1.212497e-02
4.693252e+01	1.453000e-02
4.703252e+01	1.605798e-02
4.713252e+01	1.495262e-02
4.723252e+01	1.260261e-02
4.733252e+01	1.079061e-02
4.743252e+01	9.818349e-03
4.753252e+01	9.537221e-03
4.763252e+01	9.874929e-03
4.773252e+01	1.091882e-02
4.783252e+01	1.286064e-02
4.793252e+01	1.553648e-02
4.803252e+01	1.724693e-02
4.813252e+01	1.605970e-02
4.823252e+01	1.355311e-02
4.833252e+01	1.170675e-02
4.843252e+01	1.087201e-02
4.853252e+01	1.093497e-02
4.863252e+01	1.184702e-02
4.873252e+01	1.348457e-02
4.883252e+01	1.529897e-02
4.893252e+01	1.721626e-02
4.903252e+01	2.037608e-02
4.913252e+01	2.459029e-02
4.923252e+01	2.607331e-02
4.933252e+01	2.241068e-02
4.943252e+01	1.743079e-02
4.953252e+01	1.389792e-02
4.963252e+01	1.178852e-02
4.973252e+01	1.035673e-02
4.983252e+01	9.274550e-03
4.993252e+01	8.662691e-03
5.003252e+01	8.611548e-03
5.013252e+01	9.138880e-03
5.023252e+01	9.988759e-03
5.033252e+01	1.018203e-02
5.043252e+01	9.162022e-03
5.053252e+01	7.868377e-03
5.063252e+01	6.957220e-03
5.073252e+01	6.464480e-03
5.083252e+01	6.316212e-03
5.093252e+01	6.491866e-03
5.103252e+01	6.984620e-03
5.113252e+01	7.551552e-03
5.123252e+01	7.566101e-03
5.133252e+01	6.973668e-03
5.143252e+01	6.323970e-03
5.153252e+01	5.860559e-03
5.163252e+01	5.658000e-03
5.173252e+01	5.744442e-03
5.183252e+01	6.138120e-03
5.193252e+01	6.733750e-03
5.203252e+01	7.005839e-03
5.213252e+01	6.543019e-03
5.223252e+01	5.863928e-03
5.233252e+01	5.429028e-03
5.243252e+01	5.258460e-03
5.253252e+01	5.140610e-03
5.263252e+01	4.859787e-03
5.273252e+01	4.509174e-03
5.283252e+01	4.237314e-03
5.293252e+01	4.069087e-03
5.303252e+01	3.974290e-03
5.313252e+01	3.894897e-03
5.323252e+01	3.789839e-03
5.333252e+01	3.686679e-03
5.343252e+01	3.611335e-03
5.353252e+01	3.565045e-03
5.363252e+01	3.544535e-03
5.373252e+01	3.547200e-03
5.383252e+01	3.567263e-03
5.393252e+01	3.606785e-03
5.403252e+01	3.687143e-03
5.413252e+01	3.808564e-03
5.423252e+01	3.901882e-03
5.433252e+01	3.909216e-03
5.443252e+01	3.861880e-03
5.453252e+01	3.778398e-03
5.463252e+01	3.710926e-03
5.473252e+01	3.716793e-03
5.483252e+01	3.781420e-03
5.493252e+01	3.793753e-03
5.503252e+01	3.683917e-03
5.513252e+01	3.552638e-03
5.523252e+01	3.477604e-03
5.533252e+01	3.470992e-03
5.543252e+01	3.536239e-03
5.553252e+01	3.675440e-03
5.563252e+01	3.830760e-03
5.573252e+01	3.835920e-03
5.583252e+01	3.663087e-03
5.593252e+01	3.476198e-03
5.603252e+01	3.350273e-03
5.613252e+01	3.279679e-03
5.623252e+01	3.247371e-03
5.633252e+01	3.237261e-03
5.643252e+01	3.234545e-03
5.653252e+01	3.240697e-03
5.663252e+01	3.267227e-03
5.673252e+01	3.322762e-03
5.683252e+01	3.415319e-03
5.693252e+01	3.543109e-03
5.703252e+01	3.668229e-03
5.713252e+01	3.756865e-03
5.723252e+01	3.828270e-03
5.733252e+01	3.891741e-03
5.743252e+01	4.002044e-03
5.753252e+01	4.228726e-03
5.763252e+01	4.601600e-03
5.773252e+01	5.063630e-03
5.783252e+01	5.465193e-03
5.793252e+01	5.793302e-03
5.803252e+01	6.177238e-03
5.813252e+01	6.591542e-03
5.823252e+01	6.834686e-03
5.833252e+01	6.835513e-03
5.843252e+01	6.792910e-03
5.853252e+01	6.982594e-03
5.863252e+01	7.557378e-03
5.873252e+01	8.358352e-03
5.883252e+01	8.903870e-03
5.893252e+01	9.312737e-03
5.903252e+01	1.026201e-02
5.913252e+01	1.218565e-02
5.923252e+01	1.510822e-02
5.933252e+01	1.798017e-02
5.943252e+01	1.950257e-02
5.953252e+01	2.067722e-02
5.963252e+01	2.255648e-02
5.973252e+01	2.539736e-02
5.983252e+01	2.777740e-02
5.993252e+01	2.648040e-02
6.003252e+01	2.239579e-02
6.013252e+01	1.867215e-02
6.023252e+01	1.663815e-02
6.033252e+01	1.516882e-02
6.043252e+01	1.283893e-02
6.053252e+01	1.030415e-02
6.063252e+01	8.443436e-03
6.073252e+01	7.235000e-03
6.083252e+01	6.363436e-03
6.093252e+01	5.680610e-03
6.103252e+01	5.152592e-03
6.113252e+01	4.753564e-03
6.123252e+01	4.453271e-03
6.133252e+01	4.249490e-03
6.143252e+01	4.157722e-03
6.153252e+01	4.177420e-03
6.163252e+01	4.287189e-03
6.173252e+01	4.475388e-03
6.183252e+01	4.727731e-03
6.193252e+01	4.880979e-03
6.203252e+01	4.749004e-03
6.213252e+01	4.498666e-03
6.223252e+01	4.374834e-03
6.233252e+01	4.441428e-03
6.243252e+01	4.725995e-03
6.253252e+01	5.298325e-03
6.263252e+01	6.223849e-03
6.273252e+01	7.293000e-03
6.283252e+01	7.721166e-03
6.293252e+01	7.259990e-03
6.303252e+01	6.736135e-03
6.313252e+01	6.683521e-03
6.323252e+01	7.243134e-03
6.333252e+01	8.562154e-03
6.343252e+01	1.091602e-02
