#RPA-results:
#Nucleus: Ni 80
#Fermi level: -1.541935e+00	-1.810941e+01
#Excitation: 1 +
#Total number of pairs: 494
#Number of ph-/ah-pairs: 494/0
#Maximal excitation-energy for particle-hole-pairs: 100
#Maximal excitation-energy for antiparticle-hole-pairs: 1000
#No imaginary eigenvalues

#Parameterset: DD-PC1
#natural parity: no
#Isoscalar result:

#width: 5.000000e-01
#maximum value: 1.271028e-02
#at energy: 6.343252e+01
-9.656748e+01	4.974892e-04
-9.646748e+01	4.984504e-04
-9.636748e+01	4.994143e-04
-9.626748e+01	5.003811e-04
-9.616748e+01	5.013507e-04
-9.606748e+01	5.023232e-04
-9.596748e+01	5.032984e-04
-9.586748e+01	5.042765e-04
-9.576748e+01	5.052575e-04
-9.566748e+01	5.062414e-04
-9.556748e+01	5.072281e-04
-9.546748e+01	5.082177e-04
-9.536748e+01	5.092103e-04
-9.526748e+01	5.102057e-04
-9.516748e+01	5.112041e-04
-9.506748e+01	5.122054e-04
-9.496748e+01	5.132097e-04
-9.486748e+01	5.142169e-04
-9.476748e+01	5.152272e-04
-9.466748e+01	5.162403e-04
-9.456748e+01	5.172565e-04
-9.446748e+01	5.182758e-04
-9.436748e+01	5.192980e-04
-9.426748e+01	5.203232e-04
-9.416748e+01	5.213516e-04
-9.406748e+01	5.223829e-04
-9.396748e+01	5.234174e-04
-9.386748e+01	5.244549e-04
-9.376748e+01	5.254955e-04
-9.366748e+01	5.265392e-04
-9.356748e+01	5.275861e-04
-9.346748e+01	5.286361e-04
-9.336748e+01	5.296892e-04
-9.326748e+01	5.307455e-04
-9.316748e+01	5.318049e-04
-9.306748e+01	5.328676e-04
-9.296748e+01	5.339334e-04
-9.286748e+01	5.350024e-04
-9.276748e+01	5.360747e-04
-9.266748e+01	5.371502e-04
-9.256748e+01	5.382289e-04
-9.246748e+01	5.393110e-04
-9.236748e+01	5.403962e-04
-9.226748e+01	5.414848e-04
-9.216748e+01	5.425767e-04
-9.206748e+01	5.436719e-04
-9.196748e+01	5.447704e-04
-9.186748e+01	5.458722e-04
-9.176748e+01	5.469774e-04
-9.166748e+01	5.480860e-04
-9.156748e+01	5.491980e-04
-9.146748e+01	5.503133e-04
-9.136748e+01	5.514321e-04
-9.126748e+01	5.525543e-04
-9.116748e+01	5.536799e-04
-9.106748e+01	5.548090e-04
-9.096748e+01	5.559415e-04
-9.086748e+01	5.570775e-04
-9.076748e+01	5.582170e-04
-9.066748e+01	5.593601e-04
-9.056748e+01	5.605066e-04
-9.046748e+01	5.616567e-04
-9.036748e+01	5.628104e-04
-9.026748e+01	5.639676e-04
-9.016748e+01	5.651284e-04
-9.006748e+01	5.662927e-04
-8.996748e+01	5.674607e-04
-8.986748e+01	5.686324e-04
-8.976748e+01	5.698076e-04
-8.966748e+01	5.709866e-04
-8.956748e+01	5.721692e-04
-8.946748e+01	5.733554e-04
-8.936748e+01	5.745454e-04
-8.926748e+01	5.757391e-04
-8.916748e+01	5.769366e-04
-8.906748e+01	5.781378e-04
-8.896748e+01	5.793427e-04
-8.886748e+01	5.805514e-04
-8.876748e+01	5.817640e-04
-8.866748e+01	5.829803e-04
-8.856748e+01	5.842005e-04
-8.846748e+01	5.854245e-04
-8.836748e+01	5.866524e-04
-8.826748e+01	5.878842e-04
-8.816748e+01	5.891198e-04
-8.806748e+01	5.903594e-04
-8.796748e+01	5.916029e-04
-8.786748e+01	5.928503e-04
-8.776748e+01	5.941017e-04
-8.766748e+01	5.953571e-04
-8.756748e+01	5.966164e-04
-8.746748e+01	5.978798e-04
-8.736748e+01	5.991472e-04
-8.726748e+01	6.004187e-04
-8.716748e+01	6.016942e-04
-8.706748e+01	6.029738e-04
-8.696748e+01	6.042575e-04
-8.686748e+01	6.055453e-04
-8.676748e+01	6.068372e-04
-8.666748e+01	6.081333e-04
-8.656748e+01	6.094336e-04
-8.646748e+01	6.107380e-04
-8.636748e+01	6.120467e-04
-8.626748e+01	6.133595e-04
-8.616748e+01	6.146766e-04
-8.606748e+01	6.159980e-04
-8.596748e+01	6.173237e-04
-8.586748e+01	6.186536e-04
-8.576748e+01	6.199879e-04
-8.566748e+01	6.213265e-04
-8.556748e+01	6.226694e-04
-8.546748e+01	6.240167e-04
-8.536748e+01	6.253684e-04
-8.526748e+01	6.267246e-04
-8.516748e+01	6.280851e-04
-8.506748e+01	6.294501e-04
-8.496748e+01	6.308196e-04
-8.486748e+01	6.321935e-04
-8.476748e+01	6.335720e-04
-8.466748e+01	6.349550e-04
-8.456748e+01	6.363425e-04
-8.446748e+01	6.377346e-04
-8.436748e+01	6.391313e-04
-8.426748e+01	6.405326e-04
-8.416748e+01	6.419385e-04
-8.406748e+01	6.433491e-04
-8.396748e+01	6.447643e-04
-8.386748e+01	6.461842e-04
-8.376748e+01	6.476089e-04
-8.366748e+01	6.490382e-04
-8.356748e+01	6.504723e-04
-8.346748e+01	6.519112e-04
-8.336748e+01	6.533549e-04
-8.326748e+01	6.548034e-04
-8.316748e+01	6.562567e-04
-8.306748e+01	6.577149e-04
-8.296748e+01	6.591780e-04
-8.286748e+01	6.606460e-04
-8.276748e+01	6.621189e-04
-8.266748e+01	6.635968e-04
-8.256748e+01	6.650796e-04
-8.246748e+01	6.665674e-04
-8.236748e+01	6.680602e-04
-8.226748e+01	6.695581e-04
-8.216748e+01	6.710610e-04
-8.206748e+01	6.725690e-04
-8.196748e+01	6.740821e-04
-8.186748e+01	6.756003e-04
-8.176748e+01	6.771237e-04
-8.166748e+01	6.786523e-04
-8.156748e+01	6.801860e-04
-8.146748e+01	6.817250e-04
-8.136748e+01	6.832692e-04
-8.126748e+01	6.848187e-04
-8.116748e+01	6.863735e-04
-8.106748e+01	6.879336e-04
-8.096748e+01	6.894991e-04
-8.086748e+01	6.910699e-04
-8.076748e+01	6.926461e-04
-8.066748e+01	6.942277e-04
-8.056748e+01	6.958148e-04
-8.046748e+01	6.974073e-04
-8.036748e+01	6.990053e-04
-8.026748e+01	7.006089e-04
-8.016748e+01	7.022180e-04
-8.006748e+01	7.038326e-04
-7.996748e+01	7.054529e-04
-7.986748e+01	7.070787e-04
-7.976748e+01	7.087102e-04
-7.966748e+01	7.103474e-04
-7.956748e+01	7.119903e-04
-7.946748e+01	7.136389e-04
-7.936748e+01	7.152933e-04
-7.926748e+01	7.169534e-04
-7.916748e+01	7.186194e-04
-7.906748e+01	7.202911e-04
-7.896748e+01	7.219688e-04
-7.886748e+01	7.236523e-04
-7.876748e+01	7.253417e-04
-7.866748e+01	7.270371e-04
-7.856748e+01	7.287385e-04
-7.846748e+01	7.304458e-04
-7.836748e+01	7.321592e-04
-7.826748e+01	7.338787e-04
-7.816748e+01	7.356042e-04
-7.806748e+01	7.373358e-04
-7.796748e+01	7.390736e-04
-7.786748e+01	7.408176e-04
-7.776748e+01	7.425677e-04
-7.766748e+01	7.443241e-04
-7.756748e+01	7.460868e-04
-7.746748e+01	7.478557e-04
-7.736748e+01	7.496310e-04
-7.726748e+01	7.514126e-04
-7.716748e+01	7.532006e-04
-7.706748e+01	7.549950e-04
-7.696748e+01	7.567958e-04
-7.686748e+01	7.586031e-04
-7.676748e+01	7.604170e-04
-7.666748e+01	7.622373e-04
-7.656748e+01	7.640643e-04
-7.646748e+01	7.658978e-04
-7.636748e+01	7.677380e-04
-7.626748e+01	7.695848e-04
-7.616748e+01	7.714383e-04
-7.606748e+01	7.732986e-04
-7.596748e+01	7.751656e-04
-7.586748e+01	7.770394e-04
-7.576748e+01	7.789201e-04
-7.566748e+01	7.808076e-04
-7.556748e+01	7.827019e-04
-7.546748e+01	7.846033e-04
-7.536748e+01	7.865116e-04
-7.526748e+01	7.884268e-04
-7.516748e+01	7.903491e-04
-7.506748e+01	7.922785e-04
-7.496748e+01	7.942150e-04
-7.486748e+01	7.961586e-04
-7.476748e+01	7.981094e-04
-7.466748e+01	8.000674e-04
-7.456748e+01	8.020326e-04
-7.446748e+01	8.040051e-04
-7.436748e+01	8.059850e-04
-7.426748e+01	8.079721e-04
-7.416748e+01	8.099667e-04
-7.406748e+01	8.119687e-04
-7.396748e+01	8.139781e-04
-7.386748e+01	8.159951e-04
-7.376748e+01	8.180195e-04
-7.366748e+01	8.200516e-04
-7.356748e+01	8.220913e-04
-7.346748e+01	8.241386e-04
-7.336748e+01	8.261936e-04
-7.326748e+01	8.282563e-04
-7.316748e+01	8.303268e-04
-7.306748e+01	8.324051e-04
-7.296748e+01	8.344912e-04
-7.286748e+01	8.365852e-04
-7.276748e+01	8.386872e-04
-7.266748e+01	8.407971e-04
-7.256748e+01	8.429150e-04
-7.246748e+01	8.450410e-04
-7.236748e+01	8.471750e-04
-7.226748e+01	8.493172e-04
-7.216748e+01	8.514675e-04
-7.206748e+01	8.536261e-04
-7.196748e+01	8.557929e-04
-7.186748e+01	8.579680e-04
-7.176748e+01	8.601514e-04
-7.166748e+01	8.623432e-04
-7.156748e+01	8.645434e-04
-7.146748e+01	8.667521e-04
-7.136748e+01	8.689694e-04
-7.126748e+01	8.711951e-04
-7.116748e+01	8.734295e-04
-7.106748e+01	8.756725e-04
-7.096748e+01	8.779242e-04
-7.086748e+01	8.801846e-04
-7.076748e+01	8.824538e-04
-7.066748e+01	8.847319e-04
-7.056748e+01	8.870188e-04
-7.046748e+01	8.893146e-04
-7.036748e+01	8.916194e-04
-7.026748e+01	8.939332e-04
-7.016748e+01	8.962560e-04
-7.006748e+01	8.985880e-04
-6.996748e+01	9.009291e-04
-6.986748e+01	9.032794e-04
-6.976748e+01	9.056390e-04
-6.966748e+01	9.080078e-04
-6.956748e+01	9.103860e-04
-6.946748e+01	9.127736e-04
-6.936748e+01	9.151707e-04
-6.926748e+01	9.175772e-04
-6.916748e+01	9.199933e-04
-6.906748e+01	9.224190e-04
-6.896748e+01	9.248544e-04
-6.886748e+01	9.272994e-04
-6.876748e+01	9.297542e-04
-6.866748e+01	9.322188e-04
-6.856748e+01	9.346933e-04
-6.846748e+01	9.371776e-04
-6.836748e+01	9.396719e-04
-6.826748e+01	9.421763e-04
-6.816748e+01	9.446907e-04
-6.806748e+01	9.472153e-04
-6.796748e+01	9.497500e-04
-6.786748e+01	9.522949e-04
-6.776748e+01	9.548502e-04
-6.766748e+01	9.574158e-04
-6.756748e+01	9.599918e-04
-6.746748e+01	9.625782e-04
-6.736748e+01	9.651752e-04
-6.726748e+01	9.677828e-04
-6.716748e+01	9.704009e-04
-6.706748e+01	9.730298e-04
-6.696748e+01	9.756694e-04
-6.686748e+01	9.783198e-04
-6.676748e+01	9.809811e-04
-6.666748e+01	9.836533e-04
-6.656748e+01	9.863366e-04
-6.646748e+01	9.890308e-04
-6.636748e+01	9.917362e-04
-6.626748e+01	9.944527e-04
-6.616748e+01	9.971804e-04
-6.606748e+01	9.999195e-04
-6.596748e+01	1.002670e-03
-6.586748e+01	1.005432e-03
-6.576748e+01	1.008205e-03
-6.566748e+01	1.010990e-03
-6.556748e+01	1.013786e-03
-6.546748e+01	1.016595e-03
-6.536748e+01	1.019414e-03
-6.526748e+01	1.022246e-03
-6.516748e+01	1.025090e-03
-6.506748e+01	1.027945e-03
-6.496748e+01	1.030813e-03
-6.486748e+01	1.033692e-03
-6.476748e+01	1.036584e-03
-6.466748e+01	1.039488e-03
-6.456748e+01	1.042404e-03
-6.446748e+01	1.045333e-03
-6.436748e+01	1.048274e-03
-6.426748e+01	1.051227e-03
-6.416748e+01	1.054193e-03
-6.406748e+01	1.057172e-03
-6.396748e+01	1.060164e-03
-6.386748e+01	1.063168e-03
-6.376748e+01	1.066185e-03
-6.366748e+01	1.069215e-03
-6.356748e+01	1.072258e-03
-6.346748e+01	1.075314e-03
-6.336748e+01	1.078383e-03
-6.326748e+01	1.081466e-03
-6.316748e+01	1.084561e-03
-6.306748e+01	1.087670e-03
-6.296748e+01	1.090793e-03
-6.286748e+01	1.093929e-03
-6.276748e+01	1.097079e-03
-6.266748e+01	1.100242e-03
-6.256748e+01	1.103420e-03
-6.246748e+01	1.106611e-03
-6.236748e+01	1.109816e-03
-6.226748e+01	1.113035e-03
-6.216748e+01	1.116268e-03
-6.206748e+01	1.119515e-03
-6.196748e+01	1.122777e-03
-6.186748e+01	1.126053e-03
-6.176748e+01	1.129343e-03
-6.166748e+01	1.132648e-03
-6.156748e+01	1.135968e-03
-6.146748e+01	1.139302e-03
-6.136748e+01	1.142651e-03
-6.126748e+01	1.146015e-03
-6.116748e+01	1.149394e-03
-6.106748e+01	1.152788e-03
-6.096748e+01	1.156197e-03
-6.086748e+01	1.159621e-03
-6.076748e+01	1.163061e-03
-6.066748e+01	1.166516e-03
-6.056748e+01	1.169986e-03
-6.046748e+01	1.173473e-03
-6.036748e+01	1.176974e-03
-6.026748e+01	1.180492e-03
-6.016748e+01	1.184026e-03
-6.006748e+01	1.187575e-03
-5.996748e+01	1.191141e-03
-5.986748e+01	1.194722e-03
-5.976748e+01	1.198320e-03
-5.966748e+01	1.201935e-03
-5.956748e+01	1.205566e-03
-5.946748e+01	1.209213e-03
-5.936748e+01	1.212877e-03
-5.926748e+01	1.216558e-03
-5.916748e+01	1.220256e-03
-5.906748e+01	1.223971e-03
-5.896748e+01	1.227703e-03
-5.886748e+01	1.231452e-03
-5.876748e+01	1.235218e-03
-5.866748e+01	1.239002e-03
-5.856748e+01	1.242804e-03
-5.846748e+01	1.246623e-03
-5.836748e+01	1.250459e-03
-5.826748e+01	1.254314e-03
-5.816748e+01	1.258186e-03
-5.806748e+01	1.262077e-03
-5.796748e+01	1.265986e-03
-5.786748e+01	1.269913e-03
-5.776748e+01	1.273859e-03
-5.766748e+01	1.277823e-03
-5.756748e+01	1.281805e-03
-5.746748e+01	1.285807e-03
-5.736748e+01	1.289827e-03
-5.726748e+01	1.293867e-03
-5.716748e+01	1.297925e-03
-5.706748e+01	1.302003e-03
-5.696748e+01	1.306100e-03
-5.686748e+01	1.310217e-03
-5.676748e+01	1.314353e-03
-5.666748e+01	1.318509e-03
-5.656748e+01	1.322685e-03
-5.646748e+01	1.326881e-03
-5.636748e+01	1.331097e-03
-5.626748e+01	1.335333e-03
-5.616748e+01	1.339590e-03
-5.606748e+01	1.343867e-03
-5.596748e+01	1.348165e-03
-5.586748e+01	1.352484e-03
-5.576748e+01	1.356824e-03
-5.566748e+01	1.361184e-03
-5.556748e+01	1.365566e-03
-5.546748e+01	1.369969e-03
-5.536748e+01	1.374394e-03
-5.526748e+01	1.378840e-03
-5.516748e+01	1.383309e-03
-5.506748e+01	1.387799e-03
-5.496748e+01	1.392311e-03
-5.486748e+01	1.396845e-03
-5.476748e+01	1.401402e-03
-5.466748e+01	1.405981e-03
-5.456748e+01	1.410582e-03
-5.446748e+01	1.415207e-03
-5.436748e+01	1.419855e-03
-5.426748e+01	1.424525e-03
-5.416748e+01	1.429219e-03
-5.406748e+01	1.433936e-03
-5.396748e+01	1.438677e-03
-5.386748e+01	1.443442e-03
-5.376748e+01	1.448230e-03
-5.366748e+01	1.453043e-03
-5.356748e+01	1.457879e-03
-5.346748e+01	1.462741e-03
-5.336748e+01	1.467626e-03
-5.326748e+01	1.472537e-03
-5.316748e+01	1.477472e-03
-5.306748e+01	1.482432e-03
-5.296748e+01	1.487418e-03
-5.286748e+01	1.492428e-03
-5.276748e+01	1.497465e-03
-5.266748e+01	1.502527e-03
-5.256748e+01	1.507615e-03
-5.246748e+01	1.512729e-03
-5.236748e+01	1.517870e-03
-5.226748e+01	1.523037e-03
-5.216748e+01	1.528230e-03
-5.206748e+01	1.533451e-03
-5.196748e+01	1.538698e-03
-5.186748e+01	1.543973e-03
-5.176748e+01	1.549275e-03
-5.166748e+01	1.554604e-03
-5.156748e+01	1.559962e-03
-5.146748e+01	1.565347e-03
-5.136748e+01	1.570760e-03
-5.126748e+01	1.576202e-03
-5.116748e+01	1.581673e-03
-5.106748e+01	1.587172e-03
-5.096748e+01	1.592700e-03
-5.086748e+01	1.598257e-03
-5.076748e+01	1.603844e-03
-5.066748e+01	1.609460e-03
-5.056748e+01	1.615107e-03
-5.046748e+01	1.620783e-03
-5.036748e+01	1.626489e-03
-5.026748e+01	1.632226e-03
-5.016748e+01	1.637994e-03
-5.006748e+01	1.643792e-03
-4.996748e+01	1.649622e-03
-4.986748e+01	1.655482e-03
-4.976748e+01	1.661375e-03
-4.966748e+01	1.667299e-03
-4.956748e+01	1.673255e-03
-4.946748e+01	1.679244e-03
-4.936748e+01	1.685265e-03
-4.926748e+01	1.691319e-03
-4.916748e+01	1.697405e-03
-4.906748e+01	1.703525e-03
-4.896748e+01	1.709679e-03
-4.886748e+01	1.715866e-03
-4.876748e+01	1.722087e-03
-4.866748e+01	1.728343e-03
-4.856748e+01	1.734632e-03
-4.846748e+01	1.740957e-03
-4.836748e+01	1.747316e-03
-4.826748e+01	1.753711e-03
-4.816748e+01	1.760141e-03
-4.806748e+01	1.766607e-03
-4.796748e+01	1.773109e-03
-4.786748e+01	1.779648e-03
-4.776748e+01	1.786223e-03
-4.766748e+01	1.792835e-03
-4.756748e+01	1.799484e-03
-4.746748e+01	1.806170e-03
-4.736748e+01	1.812894e-03
-4.726748e+01	1.819656e-03
-4.716748e+01	1.826457e-03
-4.706748e+01	1.833295e-03
-4.696748e+01	1.840173e-03
-4.686748e+01	1.847090e-03
-4.676748e+01	1.854047e-03
-4.666748e+01	1.861043e-03
-4.656748e+01	1.868079e-03
-4.646748e+01	1.875156e-03
-4.636748e+01	1.882274e-03
-4.626748e+01	1.889432e-03
-4.616748e+01	1.896632e-03
-4.606748e+01	1.903873e-03
-4.596748e+01	1.911157e-03
-4.586748e+01	1.918483e-03
-4.576748e+01	1.925851e-03
-4.566748e+01	1.933263e-03
-4.556748e+01	1.940717e-03
-4.546748e+01	1.948216e-03
-4.536748e+01	1.955758e-03
-4.526748e+01	1.963345e-03
-4.516748e+01	1.970977e-03
-4.506748e+01	1.978653e-03
-4.496748e+01	1.986376e-03
-4.486748e+01	1.994143e-03
-4.476748e+01	2.001957e-03
-4.466748e+01	2.009818e-03
-4.456748e+01	2.017726e-03
-4.446748e+01	2.025680e-03
-4.436748e+01	2.033683e-03
-4.426748e+01	2.041733e-03
-4.416748e+01	2.049832e-03
-4.406748e+01	2.057980e-03
-4.396748e+01	2.066177e-03
-4.386748e+01	2.074424e-03
-4.376748e+01	2.082721e-03
-4.366748e+01	2.091068e-03
-4.356748e+01	2.099467e-03
-4.346748e+01	2.107916e-03
-4.336748e+01	2.116417e-03
-4.326748e+01	2.124971e-03
-4.316748e+01	2.133577e-03
-4.306748e+01	2.142236e-03
-4.296748e+01	2.150948e-03
-4.286748e+01	2.159714e-03
-4.276748e+01	2.168535e-03
-4.266748e+01	2.177411e-03
-4.256748e+01	2.186342e-03
-4.246748e+01	2.195328e-03
-4.236748e+01	2.204371e-03
-4.226748e+01	2.213471e-03
-4.216748e+01	2.222628e-03
-4.206748e+01	2.231842e-03
-4.196748e+01	2.241115e-03
-4.186748e+01	2.250446e-03
-4.176748e+01	2.259837e-03
-4.166748e+01	2.269287e-03
-4.156748e+01	2.278797e-03
-4.146748e+01	2.288368e-03
-4.136748e+01	2.298000e-03
-4.126748e+01	2.307694e-03
-4.116748e+01	2.317451e-03
-4.106748e+01	2.327270e-03
-4.096748e+01	2.337153e-03
-4.086748e+01	2.347099e-03
-4.076748e+01	2.357110e-03
-4.066748e+01	2.367187e-03
-4.056748e+01	2.377329e-03
-4.046748e+01	2.387537e-03
-4.036748e+01	2.397812e-03
-4.026748e+01	2.408154e-03
-4.016748e+01	2.418564e-03
-4.006748e+01	2.429043e-03
-3.996748e+01	2.439592e-03
-3.986748e+01	2.450210e-03
-3.976748e+01	2.460898e-03
-3.966748e+01	2.471658e-03
-3.956748e+01	2.482490e-03
-3.946748e+01	2.493394e-03
-3.936748e+01	2.504371e-03
-3.926748e+01	2.515422e-03
-3.916748e+01	2.526547e-03
-3.906748e+01	2.537747e-03
-3.896748e+01	2.549023e-03
-3.886748e+01	2.560376e-03
-3.876748e+01	2.571806e-03
-3.866748e+01	2.583314e-03
-3.856748e+01	2.594900e-03
-3.846748e+01	2.606566e-03
-3.836748e+01	2.618312e-03
-3.826748e+01	2.630139e-03
-3.816748e+01	2.642047e-03
-3.806748e+01	2.654038e-03
-3.796748e+01	2.666112e-03
-3.786748e+01	2.678270e-03
-3.776748e+01	2.690512e-03
-3.766748e+01	2.702840e-03
-3.756748e+01	2.715255e-03
-3.746748e+01	2.727757e-03
-3.736748e+01	2.740346e-03
-3.726748e+01	2.753025e-03
-3.716748e+01	2.765793e-03
-3.706748e+01	2.778652e-03
-3.696748e+01	2.791602e-03
-3.686748e+01	2.804645e-03
-3.676748e+01	2.817781e-03
-3.666748e+01	2.831011e-03
-3.656748e+01	2.844336e-03
-3.646748e+01	2.857757e-03
-3.636748e+01	2.871276e-03
-3.626748e+01	2.884892e-03
-3.616748e+01	2.898606e-03
-3.606748e+01	2.912421e-03
-3.596748e+01	2.926337e-03
-3.586748e+01	2.940354e-03
-3.576748e+01	2.954475e-03
-3.566748e+01	2.968699e-03
-3.556748e+01	2.983028e-03
-3.546748e+01	2.997463e-03
-3.536748e+01	3.012005e-03
-3.526748e+01	3.026656e-03
-3.516748e+01	3.041415e-03
-3.506748e+01	3.056286e-03
-3.496748e+01	3.071267e-03
-3.486748e+01	3.086361e-03
-3.476748e+01	3.101569e-03
-3.466748e+01	3.116892e-03
-3.456748e+01	3.132331e-03
-3.446748e+01	3.147888e-03
-3.436748e+01	3.163563e-03
-3.426748e+01	3.179358e-03
-3.416748e+01	3.195274e-03
-3.406748e+01	3.211313e-03
-3.396748e+01	3.227475e-03
-3.386748e+01	3.243762e-03
-3.376748e+01	3.260175e-03
-3.366748e+01	3.276716e-03
-3.356748e+01	3.293386e-03
-3.346748e+01	3.310187e-03
-3.336748e+01	3.327119e-03
-3.326748e+01	3.344184e-03
-3.316748e+01	3.361384e-03
-3.306748e+01	3.378720e-03
-3.296748e+01	3.396193e-03
-3.286748e+01	3.413806e-03
-3.276748e+01	3.431559e-03
-3.266748e+01	3.449455e-03
-3.256748e+01	3.467494e-03
-3.246748e+01	3.485678e-03
-3.236748e+01	3.504009e-03
-3.226748e+01	3.522489e-03
-3.216748e+01	3.541119e-03
-3.206748e+01	3.559900e-03
-3.196748e+01	3.578836e-03
-3.186748e+01	3.597926e-03
-3.176748e+01	3.617174e-03
-3.166748e+01	3.636580e-03
-3.156748e+01	3.656147e-03
-3.146748e+01	3.675876e-03
-3.136748e+01	3.695770e-03
-3.126748e+01	3.715830e-03
-3.116748e+01	3.736058e-03
-3.106748e+01	3.756456e-03
-3.096748e+01	3.777026e-03
-3.086748e+01	3.797770e-03
-3.076748e+01	3.818691e-03
-3.066748e+01	3.839789e-03
-3.056748e+01	3.861067e-03
-3.046748e+01	3.882528e-03
-3.036748e+01	3.904174e-03
-3.026748e+01	3.926006e-03
-3.016748e+01	3.948027e-03
-3.006748e+01	3.970239e-03
-2.996748e+01	3.992645e-03
-2.986748e+01	4.015246e-03
-2.976748e+01	4.038046e-03
-2.966748e+01	4.061046e-03
-2.956748e+01	4.084250e-03
-2.946748e+01	4.107658e-03
-2.936748e+01	4.131275e-03
-2.926748e+01	4.155103e-03
-2.916748e+01	4.179144e-03
-2.906748e+01	4.203400e-03
-2.896748e+01	4.227876e-03
-2.886748e+01	4.252572e-03
-2.876748e+01	4.277493e-03
-2.866748e+01	4.302640e-03
-2.856748e+01	4.328018e-03
-2.846748e+01	4.353628e-03
-2.836748e+01	4.379473e-03
-2.826748e+01	4.405558e-03
-2.816748e+01	4.431884e-03
-2.806748e+01	4.458455e-03
-2.796748e+01	4.485274e-03
-2.786748e+01	4.512345e-03
-2.776748e+01	4.539670e-03
-2.766748e+01	4.567253e-03
-2.756748e+01	4.595097e-03
-2.746748e+01	4.623206e-03
-2.736748e+01	4.651584e-03
-2.726748e+01	4.680233e-03
-2.716748e+01	4.709158e-03
-2.706748e+01	4.738362e-03
-2.696748e+01	4.767849e-03
-2.686748e+01	4.797623e-03
-2.676748e+01	4.827688e-03
-2.666748e+01	4.858047e-03
-2.656748e+01	4.888706e-03
-2.646748e+01	4.919667e-03
-2.636748e+01	4.950936e-03
-2.626748e+01	4.982515e-03
-2.616748e+01	5.014411e-03
-2.606748e+01	5.046627e-03
-2.596748e+01	5.079168e-03
-2.586748e+01	5.112038e-03
-2.576748e+01	5.145243e-03
-2.566748e+01	5.178786e-03
-2.556748e+01	5.212673e-03
-2.546748e+01	5.246908e-03
-2.536748e+01	5.281498e-03
-2.526748e+01	5.316446e-03
-2.516748e+01	5.351759e-03
-2.506748e+01	5.387442e-03
-2.496748e+01	5.423499e-03
-2.486748e+01	5.459937e-03
-2.476748e+01	5.496762e-03
-2.466748e+01	5.533979e-03
-2.456748e+01	5.571594e-03
-2.446748e+01	5.609613e-03
-2.436748e+01	5.648043e-03
-2.426748e+01	5.686890e-03
-2.416748e+01	5.726159e-03
-2.406748e+01	5.765859e-03
-2.396748e+01	5.805994e-03
-2.386748e+01	5.846574e-03
-2.376748e+01	5.887603e-03
-2.366748e+01	5.929090e-03
-2.356748e+01	5.971042e-03
-2.346748e+01	6.013466e-03
-2.336748e+01	6.056370e-03
-2.326748e+01	6.099761e-03
-2.316748e+01	6.143648e-03
-2.306748e+01	6.188039e-03
-2.296748e+01	6.232942e-03
-2.286748e+01	6.278366e-03
-2.276748e+01	6.324319e-03
-2.266748e+01	6.370810e-03
-2.256748e+01	6.417848e-03
-2.246748e+01	6.465443e-03
-2.236748e+01	6.513605e-03
-2.226748e+01	6.562342e-03
-2.216748e+01	6.611666e-03
-2.206748e+01	6.661586e-03
-2.196748e+01	6.712112e-03
-2.186748e+01	6.763256e-03
-2.176748e+01	6.815029e-03
-2.166748e+01	6.867441e-03
-2.156748e+01	6.920505e-03
-2.146748e+01	6.974231e-03
-2.136748e+01	7.028634e-03
-2.126748e+01	7.083724e-03
-2.116748e+01	7.139514e-03
-2.106748e+01	7.196019e-03
-2.096748e+01	7.253250e-03
-2.086748e+01	7.311223e-03
-2.076748e+01	7.369951e-03
-2.066748e+01	7.429449e-03
-2.056748e+01	7.489731e-03
-2.046748e+01	7.550813e-03
-2.036748e+01	7.612712e-03
-2.026748e+01	7.675442e-03
-2.016748e+01	7.739022e-03
-2.006748e+01	7.803467e-03
-1.996748e+01	7.868796e-03
-1.986748e+01	7.935027e-03
-1.976748e+01	8.002179e-03
-1.966748e+01	8.070271e-03
-1.956748e+01	8.139322e-03
-1.946748e+01	8.209353e-03
-1.936748e+01	8.280385e-03
-1.926748e+01	8.352441e-03
-1.916748e+01	8.425542e-03
-1.906748e+01	8.499711e-03
-1.896748e+01	8.574972e-03
-1.886748e+01	8.651350e-03
-1.876748e+01	8.728871e-03
-1.866748e+01	8.807560e-03
-1.856748e+01	8.887444e-03
-1.846748e+01	8.968552e-03
-1.836748e+01	9.050913e-03
-1.826748e+01	9.134557e-03
-1.816748e+01	9.219514e-03
-1.806748e+01	9.305817e-03
-1.796748e+01	9.393499e-03
-1.786748e+01	9.482595e-03
-1.776748e+01	9.573141e-03
-1.766748e+01	9.665173e-03
-1.756748e+01	9.758730e-03
-1.746748e+01	9.853852e-03
-1.736748e+01	9.950581e-03
-1.726748e+01	1.004896e-02
-1.716748e+01	1.014903e-02
-1.706748e+01	1.025085e-02
-1.696748e+01	1.035445e-02
-1.686748e+01	1.045990e-02
-1.676748e+01	1.056724e-02
-1.666748e+01	1.067653e-02
-1.656748e+01	1.078783e-02
-1.646748e+01	1.090119e-02
-1.636748e+01	1.101668e-02
-1.626748e+01	1.113437e-02
-1.616748e+01	1.125432e-02
-1.606748e+01	1.137661e-02
-1.596748e+01	1.150131e-02
-1.586748e+01	1.162850e-02
-1.576748e+01	1.175827e-02
-1.566748e+01	1.189069e-02
-1.556748e+01	1.202587e-02
-1.546748e+01	1.216390e-02
-1.536748e+01	1.230488e-02
-1.526748e+01	1.244892e-02
-1.516748e+01	1.259614e-02
-1.506748e+01	1.274664e-02
-1.496748e+01	1.290057e-02
-1.486748e+01	1.305804e-02
-1.476748e+01	1.321922e-02
-1.466748e+01	1.338424e-02
-1.456748e+01	1.355326e-02
-1.446748e+01	1.372647e-02
-1.436748e+01	1.390403e-02
-1.426748e+01	1.408615e-02
-1.416748e+01	1.427302e-02
-1.406748e+01	1.446487e-02
-1.396748e+01	1.466194e-02
-1.386748e+01	1.486448e-02
-1.376748e+01	1.507276e-02
-1.366748e+01	1.528708e-02
-1.356748e+01	1.550775e-02
-1.346748e+01	1.573511e-02
-1.336748e+01	1.596953e-02
-1.326748e+01	1.621140e-02
-1.316748e+01	1.646117e-02
-1.306748e+01	1.671929e-02
-1.296748e+01	1.698628e-02
-1.286748e+01	1.726271e-02
-1.276748e+01	1.754917e-02
-1.266748e+01	1.784634e-02
-1.256748e+01	1.815495e-02
-1.246748e+01	1.847581e-02
-1.236748e+01	1.880981e-02
-1.226748e+01	1.915795e-02
-1.216748e+01	1.952131e-02
-1.206748e+01	1.990112e-02
-1.196748e+01	2.029874e-02
-1.186748e+01	2.071569e-02
-1.176748e+01	2.115367e-02
-1.166748e+01	2.161463e-02
-1.156748e+01	2.210072e-02
-1.146748e+01	2.261443e-02
-1.136748e+01	2.315856e-02
-1.126748e+01	2.373634e-02
-1.116748e+01	2.435144e-02
-1.106748e+01	2.500813e-02
-1.096748e+01	2.571135e-02
-1.086748e+01	2.646682e-02
-1.076748e+01	2.728127e-02
-1.066748e+01	2.816260e-02
-1.056748e+01	2.912018e-02
-1.046748e+01	3.016514e-02
-1.036748e+01	3.131085e-02
-1.026748e+01	3.257344e-02
-1.016748e+01	3.397254e-02
-1.006748e+01	3.553225e-02
-9.967479e+00	3.728237e-02
-9.867479e+00	3.926016e-02
-9.767479e+00	4.151268e-02
-9.667479e+00	4.410001e-02
-9.567479e+00	4.709985e-02
-9.467479e+00	5.061409e-02
-9.367479e+00	5.477827e-02
-9.267479e+00	5.977583e-02
-9.167479e+00	6.585959e-02
-9.067479e+00	7.338531e-02
-8.967479e+00	8.286518e-02
-8.867479e+00	9.505606e-02
-8.767479e+00	1.111089e-01
-8.667479e+00	1.328312e-01
-8.567479e+00	1.631609e-01
-8.467479e+00	2.070462e-01
-8.367479e+00	2.730702e-01
-8.267479e+00	3.761996e-01
-8.167479e+00	5.404351e-01
-8.067479e+00	7.887235e-01
-7.967479e+00	1.070805e+00
-7.867479e+00	1.159463e+00
-7.767479e+00	9.468706e-01
-7.667479e+00	6.648157e-01
-7.567479e+00	4.580908e-01
-7.467479e+00	3.270766e-01
-7.367479e+00	2.448627e-01
-7.267479e+00	1.917705e-01
-7.167479e+00	1.562289e-01
-7.067479e+00	1.316229e-01
-6.967479e+00	1.140934e-01
-6.867479e+00	1.013132e-01
-6.767479e+00	9.182944e-02
-6.667479e+00	8.470542e-02
-6.567479e+00	7.932021e-02
-6.467479e+00	7.525298e-02
-6.367479e+00	7.221464e-02
-6.267479e+00	7.000703e-02
-6.167479e+00	6.849961e-02
-6.067479e+00	6.761873e-02
-5.967479e+00	6.734844e-02
-5.867479e+00	6.774235e-02
-5.767479e+00	6.893101e-02
-5.667479e+00	7.102964e-02
-5.567479e+00	7.361112e-02
-5.467479e+00	7.497974e-02
-5.367479e+00	7.441361e-02
-5.267479e+00	7.365634e-02
-5.167479e+00	7.375523e-02
-5.067479e+00	7.472167e-02
-4.967479e+00	7.639079e-02
-4.867479e+00	7.866906e-02
-4.767479e+00	8.154229e-02
-4.667479e+00	8.504868e-02
-4.567479e+00	8.925503e-02
-4.467479e+00	9.431818e-02
-4.367479e+00	1.005759e-01
-4.267479e+00	1.085251e-01
-4.167479e+00	1.188083e-01
-4.067479e+00	1.318041e-01
-3.967479e+00	1.462965e-01
-3.867479e+00	1.608829e-01
-3.767479e+00	1.791336e-01
-3.667479e+00	2.067369e-01
-3.567479e+00	2.494647e-01
-3.467479e+00	3.153660e-01
-3.367479e+00	4.135687e-01
-3.267479e+00	5.380587e-01
-3.167479e+00	6.349949e-01
-3.067479e+00	6.671271e-01
-2.967479e+00	6.757921e-01
-2.867479e+00	6.667443e-01
-2.767479e+00	6.305001e-01
-2.667479e+00	5.683617e-01
-2.567479e+00	5.087880e-01
-2.467479e+00	4.790269e-01
-2.367479e+00	4.841941e-01
-2.267479e+00	5.023803e-01
-2.167479e+00	5.131451e-01
-2.067479e+00	5.436422e-01
-1.967479e+00	6.147902e-01
-1.867479e+00	7.016513e-01
-1.767479e+00	7.807558e-01
-1.667479e+00	8.482600e-01
-1.567479e+00	8.278102e-01
-1.467479e+00	7.183056e-01
-1.367479e+00	6.224834e-01
-1.267479e+00	5.821774e-01
-1.167479e+00	5.968211e-01
-1.067479e+00	6.672497e-01
-9.674791e-01	8.065012e-01
-8.674791e-01	1.032608e+00
-7.674791e-01	1.311677e+00
-6.674791e-01	1.453416e+00
-5.674791e-01	1.332160e+00
-4.674791e-01	1.148668e+00
-3.674791e-01	1.062042e+00
-2.674791e-01	1.088763e+00
-1.674791e-01	1.179273e+00
-6.747911e-02	1.229222e+00
3.252089e-02	1.220270e+00
1.325209e-01	1.248995e+00
2.325209e-01	1.368653e+00
3.325209e-01	1.591487e+00
4.325209e-01	1.936224e+00
5.325209e-01	2.470075e+00
6.325209e-01	3.322564e+00
7.325209e-01	4.702440e+00
8.325209e-01	6.888077e+00
9.325209e-01	9.847901e+00
1.032521e+00	1.200401e+01
1.132521e+00	1.099664e+01
1.232521e+00	8.084633e+00
1.332521e+00	5.594664e+00
1.432521e+00	4.000981e+00
1.532521e+00	3.018505e+00
1.632521e+00	2.334509e+00
1.732521e+00	1.824971e+00
1.832521e+00	1.469376e+00
1.932521e+00	1.235782e+00
2.032521e+00	1.093442e+00
2.132521e+00	1.025153e+00
2.232521e+00	1.019421e+00
2.332521e+00	1.047746e+00
2.432521e+00	1.082670e+00
2.532521e+00	1.165938e+00
2.632521e+00	1.319674e+00
2.732521e+00	1.404246e+00
2.832521e+00	1.257520e+00
2.932521e+00	1.012598e+00
3.032521e+00	8.273676e-01
3.132521e+00	7.169332e-01
3.232521e+00	6.424201e-01
3.332521e+00	5.791144e-01
3.432521e+00	5.319550e-01
3.532521e+00	5.031841e-01
3.632521e+00	4.932529e-01
3.732521e+00	5.036443e-01
3.832521e+00	5.370952e-01
3.932521e+00	6.006750e-01
4.032521e+00	7.091434e-01
4.132521e+00	8.894863e-01
4.232521e+00	1.182173e+00
4.332521e+00	1.604076e+00
4.432521e+00	1.986483e+00
4.532521e+00	1.944878e+00
4.632521e+00	1.530554e+00
4.732521e+00	1.124062e+00
4.832521e+00	8.495029e-01
4.932521e+00	6.792294e-01
5.032521e+00	5.736095e-01
5.132521e+00	5.069002e-01
5.232521e+00	4.642715e-01
5.332521e+00	4.372288e-01
5.432521e+00	4.207881e-01
5.532521e+00	4.119374e-01
5.632521e+00	4.088092e-01
5.732521e+00	4.102268e-01
5.832521e+00	4.154472e-01
5.932521e+00	4.240133e-01
6.032521e+00	4.356646e-01
6.132521e+00	4.502848e-01
6.232521e+00	4.678696e-01
6.332521e+00	4.885094e-01
6.432521e+00	5.123803e-01
6.532521e+00	5.397426e-01
6.632521e+00	5.709447e-01
6.732521e+00	6.064326e-01
6.832521e+00	6.467647e-01
6.932521e+00	6.926328e-01
7.032521e+00	7.448917e-01
7.132521e+00	8.045978e-01
7.232521e+00	8.730620e-01
7.332521e+00	9.519204e-01
7.432521e+00	1.043231e+00
7.532521e+00	1.149604e+00
7.632521e+00	1.274388e+00
7.732521e+00	1.421927e+00
7.832521e+00	1.597935e+00
7.932521e+00	1.810032e+00
8.032521e+00	2.068559e+00
8.132521e+00	2.387808e+00
8.232521e+00	2.787942e+00
8.332521e+00	3.298078e+00
8.432521e+00	3.961374e+00
8.532521e+00	4.843697e+00
8.632521e+00	6.048863e+00
8.732521e+00	7.746313e+00
8.832521e+00	1.022243e+01
8.932521e+00	1.397494e+01
9.032521e+00	1.986809e+01
9.132521e+00	2.925444e+01
9.232521e+00	4.323050e+01
9.332521e+00	5.813946e+01
9.432521e+00	6.096680e+01
9.532521e+00	4.824053e+01
9.632521e+00	3.319794e+01
9.732521e+00	2.251426e+01
9.832521e+00	1.582025e+01
9.932521e+00	1.168534e+01
1.003252e+01	9.129418e+00
1.013252e+01	7.588640e+00
1.023252e+01	6.642562e+00
1.033252e+01	5.812017e+00
1.043252e+01	4.939210e+00
1.053252e+01	4.264331e+00
1.063252e+01	3.834208e+00
1.073252e+01	3.423257e+00
1.083252e+01	2.907724e+00
1.093252e+01	2.443592e+00
1.103252e+01	2.124616e+00
1.113252e+01	1.940218e+00
1.123252e+01	1.828489e+00
1.133252e+01	1.672229e+00
1.143252e+01	1.442721e+00
1.153252e+01	1.226986e+00
1.163252e+01	1.062382e+00
1.173252e+01	9.410339e-01
1.183252e+01	8.488079e-01
1.193252e+01	7.748756e-01
1.203252e+01	7.155692e-01
1.213252e+01	6.714579e-01
1.223252e+01	6.436106e-01
1.233252e+01	6.326235e-01
1.243252e+01	6.346474e-01
1.253252e+01	6.358078e-01
1.263252e+01	6.079435e-01
1.273252e+01	5.503388e-01
1.283252e+01	4.954695e-01
1.293252e+01	4.558733e-01
1.303252e+01	4.241429e-01
1.313252e+01	3.940460e-01
1.323252e+01	3.695201e-01
1.333252e+01	3.523764e-01
1.343252e+01	3.369854e-01
1.353252e+01	3.163563e-01
1.363252e+01	2.944937e-01
1.373252e+01	2.769972e-01
1.383252e+01	2.647347e-01
1.393252e+01	2.572179e-01
1.403252e+01	2.538827e-01
1.413252e+01	2.542893e-01
1.423252e+01	2.601711e-01
1.433252e+01	2.742676e-01
1.443252e+01	2.970316e-01
1.453252e+01	3.274775e-01
1.463252e+01	3.494116e-01
1.473252e+01	3.360421e-01
1.483252e+01	3.014969e-01
1.493252e+01	2.691751e-01
1.503252e+01	2.485256e-01
1.513252e+01	2.424745e-01
1.523252e+01	2.422747e-01
1.533252e+01	2.300849e-01
1.543252e+01	2.069485e-01
1.553252e+01	1.879933e-01
1.563252e+01	1.779659e-01
1.573252e+01	1.737536e-01
1.583252e+01	1.698890e-01
1.593252e+01	1.610548e-01
1.603252e+01	1.467677e-01
1.613252e+01	1.331643e-01
1.623252e+01	1.229983e-01
1.633252e+01	1.157435e-01
1.643252e+01	1.105098e-01
1.653252e+01	1.067500e-01
1.663252e+01	1.042440e-01
1.673252e+01	1.030303e-01
1.683252e+01	1.032989e-01
1.693252e+01	1.048945e-01
1.703252e+01	1.065104e-01
1.713252e+01	1.072807e-01
1.723252e+01	1.080238e-01
1.733252e+01	1.099873e-01
1.743252e+01	1.137372e-01
1.753252e+01	1.171343e-01
1.763252e+01	1.187711e-01
1.773252e+01	1.180979e-01
1.783252e+01	1.136443e-01
1.793252e+01	1.070433e-01
1.803252e+01	1.016303e-01
1.813252e+01	9.929278e-02
1.823252e+01	1.001687e-01
1.833252e+01	1.043899e-01
1.843252e+01	1.128342e-01
1.853252e+01	1.276550e-01
1.863252e+01	1.525544e-01
1.873252e+01	1.935477e-01
1.883252e+01	2.541066e-01
1.893252e+01	3.120223e-01
1.903252e+01	3.101767e-01
1.913252e+01	2.497681e-01
1.923252e+01	1.876887e-01
1.933252e+01	1.453984e-01
1.943252e+01	1.198667e-01
1.953252e+01	1.055851e-01
1.963252e+01	9.913523e-02
1.973252e+01	9.786637e-02
1.983252e+01	9.683657e-02
1.993252e+01	9.175085e-02
2.003252e+01	8.479599e-02
2.013252e+01	7.843191e-02
2.023252e+01	7.189334e-02
2.033252e+01	6.597360e-02
2.043252e+01	6.175657e-02
2.053252e+01	5.925357e-02
2.063252e+01	5.845539e-02
2.073252e+01	5.945387e-02
2.083252e+01	6.218022e-02
2.093252e+01	6.597551e-02
2.103252e+01	7.121607e-02
2.113252e+01	8.065501e-02
2.123252e+01	9.533635e-02
2.133252e+01	1.075561e-01
2.143252e+01	1.033029e-01
2.153252e+01	8.633042e-02
2.163252e+01	6.982247e-02
2.173252e+01	5.826436e-02
2.183252e+01	5.079336e-02
2.193252e+01	4.585592e-02
2.203252e+01	4.237966e-02
2.213252e+01	3.985425e-02
2.223252e+01	3.799449e-02
2.233252e+01	3.652561e-02
2.243252e+01	3.528266e-02
2.253252e+01	3.428368e-02
2.263252e+01	3.356384e-02
2.273252e+01	3.302783e-02
2.283252e+01	3.254861e-02
2.293252e+01	3.200015e-02
2.303252e+01	3.123005e-02
2.313252e+01	3.041991e-02
2.323252e+01	2.974107e-02
2.333252e+01	2.917698e-02
2.343252e+01	2.874913e-02
2.353252e+01	2.850174e-02
2.363252e+01	2.846165e-02
2.373252e+01	2.861854e-02
2.383252e+01	2.885057e-02
2.393252e+01	2.911565e-02
2.403252e+01	2.971631e-02
2.413252e+01	3.095125e-02
2.423252e+01	3.265963e-02
2.433252e+01	3.372943e-02
2.443252e+01	3.326120e-02
2.453252e+01	3.217927e-02
2.463252e+01	3.124811e-02
2.473252e+01	3.062616e-02
2.483252e+01	3.038328e-02
2.493252e+01	3.054740e-02
2.503252e+01	3.109784e-02
2.513252e+01	3.165473e-02
2.523252e+01	3.211497e-02
2.533252e+01	3.270788e-02
2.543252e+01	3.278678e-02
2.553252e+01	3.166205e-02
2.563252e+01	3.016261e-02
2.573252e+01	2.919022e-02
2.583252e+01	2.901149e-02
2.593252e+01	2.961317e-02
2.603252e+01	3.067641e-02
2.613252e+01	3.170703e-02
2.623252e+01	3.299901e-02
2.633252e+01	3.538605e-02
2.643252e+01	3.949458e-02
2.653252e+01	4.568908e-02
2.663252e+01	5.391620e-02
2.673252e+01	6.518575e-02
2.683252e+01	8.146681e-02
2.693252e+01	9.942533e-02
2.703252e+01	1.076528e-01
2.713252e+01	1.011840e-01
2.723252e+01	9.094030e-02
2.733252e+01	8.083133e-02
2.743252e+01	6.852143e-02
2.753252e+01	5.753604e-02
2.763252e+01	5.033722e-02
2.773252e+01	4.699374e-02
2.783252e+01	4.702455e-02
2.793252e+01	4.928827e-02
2.803252e+01	5.154909e-02
2.813252e+01	5.298312e-02
2.823252e+01	5.287358e-02
2.833252e+01	5.074192e-02
2.843252e+01	4.966275e-02
2.853252e+01	5.171980e-02
2.863252e+01	5.656095e-02
2.873252e+01	6.229401e-02
2.883252e+01	6.944734e-02
2.893252e+01	8.233921e-02
2.903252e+01	1.056117e-01
2.913252e+01	1.430653e-01
2.923252e+01	1.888840e-01
2.933252e+01	2.112631e-01
2.943252e+01	1.905549e-01
2.953252e+01	1.566531e-01
2.963252e+01	1.310905e-01
2.973252e+01	1.182526e-01
2.983252e+01	1.112424e-01
2.993252e+01	9.956753e-02
3.003252e+01	8.736220e-02
3.013252e+01	8.262409e-02
3.023252e+01	8.760912e-02
3.033252e+01	1.006568e-01
3.043252e+01	1.116526e-01
3.053252e+01	1.091733e-01
3.063252e+01	1.010697e-01
3.073252e+01	9.300475e-02
3.083252e+01	8.203377e-02
3.093252e+01	7.342850e-02
3.103252e+01	7.111369e-02
3.113252e+01	6.972158e-02
3.123252e+01	6.115020e-02
3.133252e+01	4.877952e-02
3.143252e+01	3.879129e-02
3.153252e+01	3.207636e-02
3.163252e+01	2.768169e-02
3.173252e+01	2.477562e-02
3.183252e+01	2.286798e-02
3.193252e+01	2.171607e-02
3.203252e+01	2.124843e-02
3.213252e+01	2.150072e-02
3.223252e+01	2.238572e-02
3.233252e+01	2.306553e-02
3.243252e+01	2.235790e-02
3.253252e+01	2.083865e-02
3.263252e+01	1.974950e-02
3.273252e+01	1.953071e-02
3.283252e+01	2.022365e-02
3.293252e+01	2.154226e-02
3.303252e+01	2.255552e-02
3.313252e+01	2.267561e-02
3.323252e+01	2.257437e-02
3.333252e+01	2.335351e-02
3.343252e+01	2.544361e-02
3.353252e+01	2.880060e-02
3.363252e+01	3.331978e-02
3.373252e+01	3.638037e-02
3.383252e+01	3.398259e-02
3.393252e+01	2.799648e-02
3.403252e+01	2.260152e-02
3.413252e+01	1.896602e-02
3.423252e+01	1.667603e-02
3.433252e+01	1.524393e-02
3.443252e+01	1.436447e-02
3.453252e+01	1.386593e-02
3.463252e+01	1.366501e-02
3.473252e+01	1.373459e-02
3.483252e+01	1.411382e-02
3.493252e+01	1.493237e-02
3.503252e+01	1.641294e-02
3.513252e+01	1.889244e-02
3.523252e+01	2.275378e-02
3.533252e+01	2.752053e-02
3.543252e+01	2.979840e-02
3.553252e+01	2.690697e-02
3.563252e+01	2.231911e-02
3.573252e+01	1.903918e-02
3.583252e+01	1.738994e-02
3.593252e+01	1.710296e-02
3.603252e+01	1.811175e-02
3.613252e+01	2.048545e-02
3.623252e+01	2.358924e-02
3.633252e+01	2.499474e-02
3.643252e+01	2.341289e-02
3.653252e+01	2.044700e-02
3.663252e+01	1.745656e-02
3.673252e+01	1.531903e-02
3.683252e+01	1.413719e-02
3.693252e+01	1.356540e-02
3.703252e+01	1.321515e-02
3.713252e+01	1.311564e-02
3.723252e+01	1.350560e-02
3.733252e+01	1.439853e-02
3.743252e+01	1.558747e-02
3.753252e+01	1.669242e-02
3.763252e+01	1.705266e-02
3.773252e+01	1.719255e-02
3.783252e+01	1.826971e-02
3.793252e+01	2.029804e-02
3.803252e+01	2.205865e-02
3.813252e+01	2.190364e-02
3.823252e+01	1.970387e-02
3.833252e+01	1.715710e-02
3.843252e+01	1.521310e-02
3.853252e+01	1.396758e-02
3.863252e+01	1.337509e-02
3.873252e+01	1.332387e-02
3.883252e+01	1.363181e-02
3.893252e+01	1.422518e-02
3.903252e+01	1.490611e-02
3.913252e+01	1.557749e-02
3.923252e+01	1.667704e-02
3.933252e+01	1.815036e-02
3.943252e+01	1.850435e-02
3.953252e+01	1.724518e-02
3.963252e+01	1.594275e-02
3.973252e+01	1.532962e-02
3.983252e+01	1.497295e-02
3.993252e+01	1.459751e-02
4.003252e+01	1.460418e-02
4.013252e+01	1.535691e-02
4.023252e+01	1.713551e-02
4.033252e+01	2.033703e-02
4.043252e+01	2.529546e-02
4.053252e+01	3.101981e-02
4.063252e+01	3.463302e-02
4.073252e+01	3.675711e-02
4.083252e+01	4.054485e-02
4.093252e+01	4.402683e-02
4.103252e+01	4.213018e-02
4.113252e+01	3.566655e-02
4.123252e+01	2.849169e-02
4.133252e+01	2.302955e-02
4.143252e+01	1.967684e-02
4.153252e+01	1.779994e-02
4.163252e+01	1.669193e-02
4.173252e+01	1.587114e-02
4.183252e+01	1.532004e-02
4.193252e+01	1.485470e-02
4.203252e+01	1.419055e-02
4.213252e+01	1.354208e-02
4.223252e+01	1.325219e-02
4.233252e+01	1.349089e-02
4.243252e+01	1.432238e-02
4.253252e+01	1.582603e-02
4.263252e+01	1.806403e-02
4.273252e+01	2.115214e-02
4.283252e+01	2.581651e-02
4.293252e+01	3.348521e-02
4.303252e+01	4.605091e-02
4.313252e+01	6.469298e-02
4.323252e+01	8.340574e-02
4.333252e+01	8.476037e-02
4.343252e+01	6.709103e-02
4.353252e+01	4.766726e-02
4.363252e+01	3.393978e-02
4.373252e+01	2.523031e-02
4.383252e+01	1.971207e-02
4.393252e+01	1.611404e-02
4.403252e+01	1.369487e-02
4.413252e+01	1.203479e-02
4.423252e+01	1.088644e-02
4.433252e+01	1.006732e-02
4.443252e+01	9.441606e-03
4.453252e+01	9.003307e-03
4.463252e+01	8.755342e-03
4.473252e+01	8.546656e-03
4.483252e+01	8.242179e-03
4.493252e+01	7.928636e-03
4.503252e+01	7.627215e-03
4.513252e+01	7.365209e-03
4.523252e+01	7.236849e-03
4.533252e+01	7.292165e-03
4.543252e+01	7.578845e-03
4.553252e+01	8.190568e-03
4.563252e+01	9.245006e-03
4.573252e+01	1.060706e-02
4.583252e+01	1.129140e-02
4.593252e+01	1.044641e-02
4.603252e+01	9.041594e-03
4.613252e+01	7.983920e-03
4.623252e+01	7.367324e-03
4.633252e+01	7.088360e-03
4.643252e+01	7.081118e-03
4.653252e+01	7.345561e-03
4.663252e+01	7.955023e-03
4.673252e+01	9.056845e-03
4.683252e+01	1.075043e-02
4.693252e+01	1.248675e-02
4.703252e+01	1.267397e-02
4.713252e+01	1.116315e-02
4.723252e+01	9.579412e-03
4.733252e+01	8.632450e-03
4.743252e+01	8.293762e-03
4.753252e+01	8.479143e-03
4.763252e+01	9.224829e-03
4.773252e+01	1.070917e-02
4.783252e+01	1.314435e-02
4.793252e+01	1.607749e-02
4.803252e+01	1.728498e-02
4.813252e+01	1.552024e-02
4.823252e+01	1.307367e-02
4.833252e+01	1.159708e-02
4.843252e+01	1.128789e-02
4.853252e+01	1.209517e-02
4.863252e+01	1.389640e-02
4.873252e+01	1.592165e-02
4.883252e+01	1.715785e-02
4.893252e+01	1.806596e-02
4.903252e+01	1.803875e-02
4.913252e+01	1.569235e-02
4.923252e+01	1.259415e-02
4.933252e+01	1.017254e-02
4.943252e+01	8.493120e-03
4.953252e+01	7.405090e-03
4.963252e+01	6.763058e-03
4.973252e+01	6.460793e-03
4.983252e+01	6.464267e-03
4.993252e+01	6.807712e-03
5.003252e+01	7.521787e-03
5.013252e+01	8.309656e-03
5.023252e+01	8.297823e-03
5.033252e+01	7.352857e-03
5.043252e+01	6.343537e-03
5.053252e+01	5.659497e-03
5.063252e+01	5.272408e-03
5.073252e+01	5.108922e-03
5.083252e+01	5.141541e-03
5.093252e+01	5.388058e-03
5.103252e+01	5.855794e-03
5.113252e+01	6.329439e-03
5.123252e+01	6.310399e-03
5.133252e+01	5.831921e-03
5.143252e+01	5.352357e-03
5.153252e+01	5.061577e-03
5.163252e+01	5.005647e-03
5.173252e+01	5.206253e-03
5.183252e+01	5.675516e-03
5.193252e+01	6.248501e-03
5.203252e+01	6.414734e-03
5.213252e+01	6.033718e-03
5.223252e+01	5.531701e-03
5.233252e+01	5.186406e-03
5.243252e+01	5.048430e-03
5.253252e+01	4.916835e-03
5.263252e+01	4.624362e-03
5.273252e+01	4.329128e-03
5.283252e+01	4.168624e-03
5.293252e+01	4.128654e-03
5.303252e+01	4.089029e-03
5.313252e+01	3.962720e-03
5.323252e+01	3.821443e-03
5.333252e+01	3.687360e-03
5.343252e+01	3.541077e-03
5.353252e+01	3.417979e-03
5.363252e+01	3.338266e-03
5.373252e+01	3.299119e-03
5.383252e+01	3.297906e-03
5.393252e+01	3.335738e-03
5.403252e+01	3.405371e-03
5.413252e+01	3.472946e-03
5.423252e+01	3.470829e-03
5.433252e+01	3.387179e-03
5.443252e+01	3.306731e-03
5.453252e+01	3.280092e-03
5.463252e+01	3.312498e-03
5.473252e+01	3.386089e-03
5.483252e+01	3.435360e-03
5.493252e+01	3.393814e-03
5.503252e+01	3.327208e-03
5.513252e+01	3.307715e-03
5.523252e+01	3.308332e-03
5.533252e+01	3.254790e-03
5.543252e+01	3.162507e-03
5.553252e+01	3.086719e-03
5.563252e+01	3.036861e-03
5.573252e+01	3.010253e-03
5.583252e+01	3.000102e-03
5.593252e+01	2.996203e-03
5.603252e+01	3.002241e-03
5.613252e+01	3.028717e-03
5.623252e+01	3.084317e-03
5.633252e+01	3.180225e-03
5.643252e+01	3.326473e-03
5.653252e+01	3.506821e-03
5.663252e+01	3.647399e-03
5.673252e+01	3.681516e-03
5.683252e+01	3.651462e-03
5.693252e+01	3.581972e-03
5.703252e+01	3.518441e-03
5.713252e+01	3.513996e-03
5.723252e+01	3.586163e-03
5.733252e+01	3.751828e-03
5.743252e+01	4.034715e-03
5.753252e+01	4.437185e-03
5.763252e+01	4.856879e-03
5.773252e+01	5.162233e-03
5.783252e+01	5.419660e-03
5.793252e+01	5.745128e-03
5.803252e+01	6.036759e-03
5.813252e+01	6.210565e-03
5.823252e+01	6.324570e-03
5.833252e+01	6.384228e-03
5.843252e+01	6.492217e-03
5.853252e+01	6.862819e-03
5.863252e+01	7.532040e-03
5.873252e+01	8.173721e-03
5.883252e+01	8.518498e-03
5.893252e+01	9.057747e-03
5.903252e+01	1.036640e-02
5.913252e+01	1.268490e-02
5.923252e+01	1.558733e-02
5.933252e+01	1.756618e-02
5.943252e+01	1.853655e-02
5.953252e+01	2.053053e-02
5.963252e+01	2.458138e-02
5.973252e+01	2.895260e-02
5.983252e+01	2.912468e-02
5.993252e+01	2.491201e-02
6.003252e+01	2.021894e-02
6.013252e+01	1.720328e-02
6.023252e+01	1.566200e-02
6.033252e+01	1.400169e-02
6.043252e+01	1.164125e-02
6.053252e+01	9.438779e-03
6.063252e+01	7.866462e-03
6.073252e+01	6.790017e-03
6.083252e+01	5.981425e-03
6.093252e+01	5.345674e-03
6.103252e+01	4.860599e-03
6.113252e+01	4.498624e-03
6.123252e+01	4.257202e-03
6.133252e+01	4.144807e-03
6.143252e+01	4.142549e-03
6.153252e+01	4.206549e-03
6.163252e+01	4.299751e-03
6.173252e+01	4.326852e-03
6.183252e+01	4.219027e-03
6.193252e+01	4.131277e-03
6.203252e+01	4.195563e-03
6.213252e+01	4.455340e-03
6.223252e+01	4.970377e-03
6.233252e+01	5.826536e-03
6.243252e+01	6.881340e-03
6.253252e+01	7.378376e-03
6.263252e+01	6.847512e-03
6.273252e+01	6.001722e-03
6.283252e+01	5.448421e-03
6.293252e+01	5.298046e-03
6.303252e+01	5.531026e-03
6.313252e+01	6.186830e-03
6.323252e+01	7.419799e-03
6.333252e+01	9.517001e-03
6.343252e+01	1.271028e-02
