#RPA-results:
#Nucleus: Ni 80
#Fermi level: -1.541935e+00	-1.810941e+01
#Excitation: 1 +
#Total number of pairs: 494
#Number of ph-/ah-pairs: 494/0
#Maximal excitation-energy for particle-hole-pairs: 100
#Maximal excitation-energy for antiparticle-hole-pairs: 1000
#No imaginary eigenvalues

#Parameterset: DD-PC1
#natural parity: no
#Isoscalar result:

#width: 5.000000e-01
#maximum value: 1.273326e-02
#at energy: 6.343252e+01
-9.656748e+01	4.920163e-04
-9.646748e+01	4.929612e-04
-9.636748e+01	4.939089e-04
-9.626748e+01	4.948593e-04
-9.616748e+01	4.958125e-04
-9.606748e+01	4.967685e-04
-9.596748e+01	4.977272e-04
-9.586748e+01	4.986887e-04
-9.576748e+01	4.996529e-04
-9.566748e+01	5.006200e-04
-9.556748e+01	5.015899e-04
-9.546748e+01	5.025627e-04
-9.536748e+01	5.035382e-04
-9.526748e+01	5.045166e-04
-9.516748e+01	5.054979e-04
-9.506748e+01	5.064821e-04
-9.496748e+01	5.074691e-04
-9.486748e+01	5.084590e-04
-9.476748e+01	5.094518e-04
-9.466748e+01	5.104476e-04
-9.456748e+01	5.114462e-04
-9.446748e+01	5.124478e-04
-9.436748e+01	5.134524e-04
-9.426748e+01	5.144599e-04
-9.416748e+01	5.154704e-04
-9.406748e+01	5.164839e-04
-9.396748e+01	5.175004e-04
-9.386748e+01	5.185198e-04
-9.376748e+01	5.195424e-04
-9.366748e+01	5.205679e-04
-9.356748e+01	5.215965e-04
-9.346748e+01	5.226281e-04
-9.336748e+01	5.236628e-04
-9.326748e+01	5.247006e-04
-9.316748e+01	5.257415e-04
-9.306748e+01	5.267855e-04
-9.296748e+01	5.278326e-04
-9.286748e+01	5.288828e-04
-9.276748e+01	5.299362e-04
-9.266748e+01	5.309927e-04
-9.256748e+01	5.320524e-04
-9.246748e+01	5.331153e-04
-9.236748e+01	5.341814e-04
-9.226748e+01	5.352507e-04
-9.216748e+01	5.363232e-04
-9.206748e+01	5.373989e-04
-9.196748e+01	5.384779e-04
-9.186748e+01	5.395602e-04
-9.176748e+01	5.406457e-04
-9.166748e+01	5.417345e-04
-9.156748e+01	5.428266e-04
-9.146748e+01	5.439220e-04
-9.136748e+01	5.450207e-04
-9.126748e+01	5.461228e-04
-9.116748e+01	5.472282e-04
-9.106748e+01	5.483370e-04
-9.096748e+01	5.494492e-04
-9.086748e+01	5.505648e-04
-9.076748e+01	5.516837e-04
-9.066748e+01	5.528061e-04
-9.056748e+01	5.539320e-04
-9.046748e+01	5.550612e-04
-9.036748e+01	5.561940e-04
-9.026748e+01	5.573302e-04
-9.016748e+01	5.584699e-04
-9.006748e+01	5.596131e-04
-8.996748e+01	5.607599e-04
-8.986748e+01	5.619101e-04
-8.976748e+01	5.630640e-04
-8.966748e+01	5.642214e-04
-8.956748e+01	5.653823e-04
-8.946748e+01	5.665469e-04
-8.936748e+01	5.677150e-04
-8.926748e+01	5.688868e-04
-8.916748e+01	5.700623e-04
-8.906748e+01	5.712414e-04
-8.896748e+01	5.724241e-04
-8.886748e+01	5.736106e-04
-8.876748e+01	5.748007e-04
-8.866748e+01	5.759945e-04
-8.856748e+01	5.771921e-04
-8.846748e+01	5.783935e-04
-8.836748e+01	5.795985e-04
-8.826748e+01	5.808074e-04
-8.816748e+01	5.820201e-04
-8.806748e+01	5.832365e-04
-8.796748e+01	5.844568e-04
-8.786748e+01	5.856810e-04
-8.776748e+01	5.869090e-04
-8.766748e+01	5.881409e-04
-8.756748e+01	5.893766e-04
-8.746748e+01	5.906163e-04
-8.736748e+01	5.918599e-04
-8.726748e+01	5.931074e-04
-8.716748e+01	5.943589e-04
-8.706748e+01	5.956143e-04
-8.696748e+01	5.968738e-04
-8.686748e+01	5.981372e-04
-8.676748e+01	5.994047e-04
-8.666748e+01	6.006762e-04
-8.656748e+01	6.019518e-04
-8.646748e+01	6.032315e-04
-8.636748e+01	6.045152e-04
-8.626748e+01	6.058031e-04
-8.616748e+01	6.070951e-04
-8.606748e+01	6.083912e-04
-8.596748e+01	6.096915e-04
-8.586748e+01	6.109960e-04
-8.576748e+01	6.123047e-04
-8.566748e+01	6.136176e-04
-8.556748e+01	6.149347e-04
-8.546748e+01	6.162561e-04
-8.536748e+01	6.175818e-04
-8.526748e+01	6.189117e-04
-8.516748e+01	6.202460e-04
-8.506748e+01	6.215846e-04
-8.496748e+01	6.229275e-04
-8.486748e+01	6.242748e-04
-8.476748e+01	6.256265e-04
-8.466748e+01	6.269826e-04
-8.456748e+01	6.283431e-04
-8.446748e+01	6.297080e-04
-8.436748e+01	6.310775e-04
-8.426748e+01	6.324514e-04
-8.416748e+01	6.338298e-04
-8.406748e+01	6.352127e-04
-8.396748e+01	6.366002e-04
-8.386748e+01	6.379922e-04
-8.376748e+01	6.393888e-04
-8.366748e+01	6.407900e-04
-8.356748e+01	6.421958e-04
-8.346748e+01	6.436063e-04
-8.336748e+01	6.450214e-04
-8.326748e+01	6.464412e-04
-8.316748e+01	6.478658e-04
-8.306748e+01	6.492950e-04
-8.296748e+01	6.507290e-04
-8.286748e+01	6.521677e-04
-8.276748e+01	6.536113e-04
-8.266748e+01	6.550596e-04
-8.256748e+01	6.565128e-04
-8.246748e+01	6.579708e-04
-8.236748e+01	6.594337e-04
-8.226748e+01	6.609015e-04
-8.216748e+01	6.623742e-04
-8.206748e+01	6.638519e-04
-8.196748e+01	6.653345e-04
-8.186748e+01	6.668221e-04
-8.176748e+01	6.683147e-04
-8.166748e+01	6.698124e-04
-8.156748e+01	6.713151e-04
-8.146748e+01	6.728228e-04
-8.136748e+01	6.743357e-04
-8.126748e+01	6.758536e-04
-8.116748e+01	6.773768e-04
-8.106748e+01	6.789051e-04
-8.096748e+01	6.804385e-04
-8.086748e+01	6.819772e-04
-8.076748e+01	6.835211e-04
-8.066748e+01	6.850703e-04
-8.056748e+01	6.866248e-04
-8.046748e+01	6.881846e-04
-8.036748e+01	6.897497e-04
-8.026748e+01	6.913202e-04
-8.016748e+01	6.928960e-04
-8.006748e+01	6.944773e-04
-7.996748e+01	6.960640e-04
-7.986748e+01	6.976562e-04
-7.976748e+01	6.992538e-04
-7.966748e+01	7.008569e-04
-7.956748e+01	7.024656e-04
-7.946748e+01	7.040798e-04
-7.936748e+01	7.056997e-04
-7.926748e+01	7.073251e-04
-7.916748e+01	7.089561e-04
-7.906748e+01	7.105929e-04
-7.896748e+01	7.122353e-04
-7.886748e+01	7.138834e-04
-7.876748e+01	7.155373e-04
-7.866748e+01	7.171969e-04
-7.856748e+01	7.188623e-04
-7.846748e+01	7.205336e-04
-7.836748e+01	7.222107e-04
-7.826748e+01	7.238937e-04
-7.816748e+01	7.255826e-04
-7.806748e+01	7.272774e-04
-7.796748e+01	7.289781e-04
-7.786748e+01	7.306849e-04
-7.776748e+01	7.323977e-04
-7.766748e+01	7.341165e-04
-7.756748e+01	7.358414e-04
-7.746748e+01	7.375724e-04
-7.736748e+01	7.393095e-04
-7.726748e+01	7.410528e-04
-7.716748e+01	7.428023e-04
-7.706748e+01	7.445580e-04
-7.696748e+01	7.463199e-04
-7.686748e+01	7.480882e-04
-7.676748e+01	7.498627e-04
-7.666748e+01	7.516435e-04
-7.656748e+01	7.534308e-04
-7.646748e+01	7.552244e-04
-7.636748e+01	7.570245e-04
-7.626748e+01	7.588310e-04
-7.616748e+01	7.606440e-04
-7.606748e+01	7.624635e-04
-7.596748e+01	7.642896e-04
-7.586748e+01	7.661223e-04
-7.576748e+01	7.679616e-04
-7.566748e+01	7.698075e-04
-7.556748e+01	7.716602e-04
-7.546748e+01	7.735195e-04
-7.536748e+01	7.753856e-04
-7.526748e+01	7.772584e-04
-7.516748e+01	7.791381e-04
-7.506748e+01	7.810246e-04
-7.496748e+01	7.829180e-04
-7.486748e+01	7.848183e-04
-7.476748e+01	7.867256e-04
-7.466748e+01	7.886398e-04
-7.456748e+01	7.905610e-04
-7.446748e+01	7.924893e-04
-7.436748e+01	7.944247e-04
-7.426748e+01	7.963672e-04
-7.416748e+01	7.983168e-04
-7.406748e+01	8.002737e-04
-7.396748e+01	8.022377e-04
-7.386748e+01	8.042090e-04
-7.376748e+01	8.061877e-04
-7.366748e+01	8.081736e-04
-7.356748e+01	8.101669e-04
-7.346748e+01	8.121676e-04
-7.336748e+01	8.141758e-04
-7.326748e+01	8.161914e-04
-7.316748e+01	8.182146e-04
-7.306748e+01	8.202453e-04
-7.296748e+01	8.222836e-04
-7.286748e+01	8.243295e-04
-7.276748e+01	8.263831e-04
-7.266748e+01	8.284444e-04
-7.256748e+01	8.305134e-04
-7.246748e+01	8.325902e-04
-7.236748e+01	8.346748e-04
-7.226748e+01	8.367673e-04
-7.216748e+01	8.388678e-04
-7.206748e+01	8.409761e-04
-7.196748e+01	8.430924e-04
-7.186748e+01	8.452168e-04
-7.176748e+01	8.473492e-04
-7.166748e+01	8.494897e-04
-7.156748e+01	8.516384e-04
-7.146748e+01	8.537952e-04
-7.136748e+01	8.559603e-04
-7.126748e+01	8.581336e-04
-7.116748e+01	8.603153e-04
-7.106748e+01	8.625053e-04
-7.096748e+01	8.647037e-04
-7.086748e+01	8.669105e-04
-7.076748e+01	8.691259e-04
-7.066748e+01	8.713497e-04
-7.056748e+01	8.735822e-04
-7.046748e+01	8.758232e-04
-7.036748e+01	8.780729e-04
-7.026748e+01	8.803313e-04
-7.016748e+01	8.825985e-04
-7.006748e+01	8.848745e-04
-6.996748e+01	8.871593e-04
-6.986748e+01	8.894530e-04
-6.976748e+01	8.917556e-04
-6.966748e+01	8.940672e-04
-6.956748e+01	8.963878e-04
-6.946748e+01	8.987175e-04
-6.936748e+01	9.010564e-04
-6.926748e+01	9.034044e-04
-6.916748e+01	9.057616e-04
-6.906748e+01	9.081281e-04
-6.896748e+01	9.105039e-04
-6.886748e+01	9.128890e-04
-6.876748e+01	9.152836e-04
-6.866748e+01	9.176877e-04
-6.856748e+01	9.201012e-04
-6.846748e+01	9.225243e-04
-6.836748e+01	9.249571e-04
-6.826748e+01	9.273995e-04
-6.816748e+01	9.298516e-04
-6.806748e+01	9.323135e-04
-6.796748e+01	9.347852e-04
-6.786748e+01	9.372668e-04
-6.776748e+01	9.397583e-04
-6.766748e+01	9.422598e-04
-6.756748e+01	9.447713e-04
-6.746748e+01	9.472929e-04
-6.736748e+01	9.498247e-04
-6.726748e+01	9.523667e-04
-6.716748e+01	9.549189e-04
-6.706748e+01	9.574814e-04
-6.696748e+01	9.600542e-04
-6.686748e+01	9.626375e-04
-6.676748e+01	9.652313e-04
-6.666748e+01	9.678356e-04
-6.656748e+01	9.704505e-04
-6.646748e+01	9.730760e-04
-6.636748e+01	9.757123e-04
-6.626748e+01	9.783593e-04
-6.616748e+01	9.810171e-04
-6.606748e+01	9.836858e-04
-6.596748e+01	9.863655e-04
-6.586748e+01	9.890561e-04
-6.576748e+01	9.917579e-04
-6.566748e+01	9.944707e-04
-6.556748e+01	9.971947e-04
-6.546748e+01	9.999300e-04
-6.536748e+01	1.002677e-03
-6.526748e+01	1.005435e-03
-6.516748e+01	1.008204e-03
-6.506748e+01	1.010985e-03
-6.496748e+01	1.013777e-03
-6.486748e+01	1.016581e-03
-6.476748e+01	1.019397e-03
-6.466748e+01	1.022225e-03
-6.456748e+01	1.025064e-03
-6.446748e+01	1.027915e-03
-6.436748e+01	1.030778e-03
-6.426748e+01	1.033654e-03
-6.416748e+01	1.036541e-03
-6.406748e+01	1.039440e-03
-6.396748e+01	1.042352e-03
-6.386748e+01	1.045276e-03
-6.376748e+01	1.048212e-03
-6.366748e+01	1.051161e-03
-6.356748e+01	1.054122e-03
-6.346748e+01	1.057096e-03
-6.336748e+01	1.060083e-03
-6.326748e+01	1.063082e-03
-6.316748e+01	1.066094e-03
-6.306748e+01	1.069119e-03
-6.296748e+01	1.072157e-03
-6.286748e+01	1.075208e-03
-6.276748e+01	1.078272e-03
-6.266748e+01	1.081349e-03
-6.256748e+01	1.084439e-03
-6.246748e+01	1.087543e-03
-6.236748e+01	1.090660e-03
-6.226748e+01	1.093790e-03
-6.216748e+01	1.096934e-03
-6.206748e+01	1.100092e-03
-6.196748e+01	1.103263e-03
-6.186748e+01	1.106449e-03
-6.176748e+01	1.109648e-03
-6.166748e+01	1.112861e-03
-6.156748e+01	1.116088e-03
-6.146748e+01	1.119329e-03
-6.136748e+01	1.122584e-03
-6.126748e+01	1.125854e-03
-6.116748e+01	1.129138e-03
-6.106748e+01	1.132436e-03
-6.096748e+01	1.135749e-03
-6.086748e+01	1.139077e-03
-6.076748e+01	1.142419e-03
-6.066748e+01	1.145776e-03
-6.056748e+01	1.149148e-03
-6.046748e+01	1.152535e-03
-6.036748e+01	1.155937e-03
-6.026748e+01	1.159354e-03
-6.016748e+01	1.162786e-03
-6.006748e+01	1.166234e-03
-5.996748e+01	1.169697e-03
-5.986748e+01	1.173176e-03
-5.976748e+01	1.176670e-03
-5.966748e+01	1.180180e-03
-5.956748e+01	1.183706e-03
-5.946748e+01	1.187247e-03
-5.936748e+01	1.190805e-03
-5.926748e+01	1.194378e-03
-5.916748e+01	1.197968e-03
-5.906748e+01	1.201574e-03
-5.896748e+01	1.205197e-03
-5.886748e+01	1.208836e-03
-5.876748e+01	1.212491e-03
-5.866748e+01	1.216164e-03
-5.856748e+01	1.219853e-03
-5.846748e+01	1.223558e-03
-5.836748e+01	1.227281e-03
-5.826748e+01	1.231021e-03
-5.816748e+01	1.234778e-03
-5.806748e+01	1.238553e-03
-5.796748e+01	1.242345e-03
-5.786748e+01	1.246154e-03
-5.776748e+01	1.249981e-03
-5.766748e+01	1.253826e-03
-5.756748e+01	1.257688e-03
-5.746748e+01	1.261569e-03
-5.736748e+01	1.265468e-03
-5.726748e+01	1.269384e-03
-5.716748e+01	1.273320e-03
-5.706748e+01	1.277273e-03
-5.696748e+01	1.281245e-03
-5.686748e+01	1.285236e-03
-5.676748e+01	1.289245e-03
-5.666748e+01	1.293273e-03
-5.656748e+01	1.297321e-03
-5.646748e+01	1.301387e-03
-5.636748e+01	1.305473e-03
-5.626748e+01	1.309578e-03
-5.616748e+01	1.313702e-03
-5.606748e+01	1.317846e-03
-5.596748e+01	1.322010e-03
-5.586748e+01	1.326194e-03
-5.576748e+01	1.330397e-03
-5.566748e+01	1.334621e-03
-5.556748e+01	1.338865e-03
-5.546748e+01	1.343130e-03
-5.536748e+01	1.347415e-03
-5.526748e+01	1.351720e-03
-5.516748e+01	1.356046e-03
-5.506748e+01	1.360394e-03
-5.496748e+01	1.364762e-03
-5.486748e+01	1.369151e-03
-5.476748e+01	1.373562e-03
-5.466748e+01	1.377994e-03
-5.456748e+01	1.382448e-03
-5.446748e+01	1.386923e-03
-5.436748e+01	1.391421e-03
-5.426748e+01	1.395940e-03
-5.416748e+01	1.400482e-03
-5.406748e+01	1.405046e-03
-5.396748e+01	1.409632e-03
-5.386748e+01	1.414241e-03
-5.376748e+01	1.418873e-03
-5.366748e+01	1.423527e-03
-5.356748e+01	1.428205e-03
-5.346748e+01	1.432906e-03
-5.336748e+01	1.437630e-03
-5.326748e+01	1.442378e-03
-5.316748e+01	1.447149e-03
-5.306748e+01	1.451944e-03
-5.296748e+01	1.456764e-03
-5.286748e+01	1.461607e-03
-5.276748e+01	1.466475e-03
-5.266748e+01	1.471367e-03
-5.256748e+01	1.476284e-03
-5.246748e+01	1.481226e-03
-5.236748e+01	1.486192e-03
-5.226748e+01	1.491184e-03
-5.216748e+01	1.496201e-03
-5.206748e+01	1.501244e-03
-5.196748e+01	1.506312e-03
-5.186748e+01	1.511407e-03
-5.176748e+01	1.516527e-03
-5.166748e+01	1.521673e-03
-5.156748e+01	1.526846e-03
-5.146748e+01	1.532045e-03
-5.136748e+01	1.537271e-03
-5.126748e+01	1.542525e-03
-5.116748e+01	1.547805e-03
-5.106748e+01	1.553112e-03
-5.096748e+01	1.558447e-03
-5.086748e+01	1.563810e-03
-5.076748e+01	1.569200e-03
-5.066748e+01	1.574619e-03
-5.056748e+01	1.580066e-03
-5.046748e+01	1.585541e-03
-5.036748e+01	1.591045e-03
-5.026748e+01	1.596578e-03
-5.016748e+01	1.602140e-03
-5.006748e+01	1.607732e-03
-4.996748e+01	1.613353e-03
-4.986748e+01	1.619003e-03
-4.976748e+01	1.624683e-03
-4.966748e+01	1.630394e-03
-4.956748e+01	1.636135e-03
-4.946748e+01	1.641906e-03
-4.936748e+01	1.647708e-03
-4.926748e+01	1.653542e-03
-4.916748e+01	1.659406e-03
-4.906748e+01	1.665302e-03
-4.896748e+01	1.671229e-03
-4.886748e+01	1.677189e-03
-4.876748e+01	1.683180e-03
-4.866748e+01	1.689204e-03
-4.856748e+01	1.695261e-03
-4.846748e+01	1.701350e-03
-4.836748e+01	1.707472e-03
-4.826748e+01	1.713628e-03
-4.816748e+01	1.719817e-03
-4.806748e+01	1.726040e-03
-4.796748e+01	1.732298e-03
-4.786748e+01	1.738589e-03
-4.776748e+01	1.744915e-03
-4.766748e+01	1.751276e-03
-4.756748e+01	1.757672e-03
-4.746748e+01	1.764103e-03
-4.736748e+01	1.770569e-03
-4.726748e+01	1.777072e-03
-4.716748e+01	1.783611e-03
-4.706748e+01	1.790186e-03
-4.696748e+01	1.796798e-03
-4.686748e+01	1.803446e-03
-4.676748e+01	1.810132e-03
-4.666748e+01	1.816856e-03
-4.656748e+01	1.823617e-03
-4.646748e+01	1.830416e-03
-4.636748e+01	1.837254e-03
-4.626748e+01	1.844130e-03
-4.616748e+01	1.851045e-03
-4.606748e+01	1.858000e-03
-4.596748e+01	1.864994e-03
-4.586748e+01	1.872028e-03
-4.576748e+01	1.879102e-03
-4.566748e+01	1.886216e-03
-4.556748e+01	1.893371e-03
-4.546748e+01	1.900568e-03
-4.536748e+01	1.907805e-03
-4.526748e+01	1.915085e-03
-4.516748e+01	1.922406e-03
-4.506748e+01	1.929770e-03
-4.496748e+01	1.937176e-03
-4.486748e+01	1.944626e-03
-4.476748e+01	1.952119e-03
-4.466748e+01	1.959655e-03
-4.456748e+01	1.967236e-03
-4.446748e+01	1.974861e-03
-4.436748e+01	1.982530e-03
-4.426748e+01	1.990245e-03
-4.416748e+01	1.998005e-03
-4.406748e+01	2.005812e-03
-4.396748e+01	2.013664e-03
-4.386748e+01	2.021563e-03
-4.376748e+01	2.029508e-03
-4.366748e+01	2.037501e-03
-4.356748e+01	2.045542e-03
-4.346748e+01	2.053631e-03
-4.336748e+01	2.061768e-03
-4.326748e+01	2.069954e-03
-4.316748e+01	2.078189e-03
-4.306748e+01	2.086474e-03
-4.296748e+01	2.094809e-03
-4.286748e+01	2.103194e-03
-4.276748e+01	2.111631e-03
-4.266748e+01	2.120118e-03
-4.256748e+01	2.128657e-03
-4.246748e+01	2.137248e-03
-4.236748e+01	2.145892e-03
-4.226748e+01	2.154589e-03
-4.216748e+01	2.163339e-03
-4.206748e+01	2.172143e-03
-4.196748e+01	2.181001e-03
-4.186748e+01	2.189914e-03
-4.176748e+01	2.198883e-03
-4.166748e+01	2.207907e-03
-4.156748e+01	2.216987e-03
-4.146748e+01	2.226123e-03
-4.136748e+01	2.235317e-03
-4.126748e+01	2.244568e-03
-4.116748e+01	2.253877e-03
-4.106748e+01	2.263245e-03
-4.096748e+01	2.272672e-03
-4.086748e+01	2.282158e-03
-4.076748e+01	2.291705e-03
-4.066748e+01	2.301312e-03
-4.056748e+01	2.310980e-03
-4.046748e+01	2.320709e-03
-4.036748e+01	2.330501e-03
-4.026748e+01	2.340355e-03
-4.016748e+01	2.350273e-03
-4.006748e+01	2.360254e-03
-3.996748e+01	2.370300e-03
-3.986748e+01	2.380410e-03
-3.976748e+01	2.390586e-03
-3.966748e+01	2.400828e-03
-3.956748e+01	2.411136e-03
-3.946748e+01	2.421512e-03
-3.936748e+01	2.431955e-03
-3.926748e+01	2.442467e-03
-3.916748e+01	2.453047e-03
-3.906748e+01	2.463697e-03
-3.896748e+01	2.474418e-03
-3.886748e+01	2.485209e-03
-3.876748e+01	2.496071e-03
-3.866748e+01	2.507006e-03
-3.856748e+01	2.518013e-03
-3.846748e+01	2.529093e-03
-3.836748e+01	2.540248e-03
-3.826748e+01	2.551477e-03
-3.816748e+01	2.562782e-03
-3.806748e+01	2.574163e-03
-3.796748e+01	2.585620e-03
-3.786748e+01	2.597155e-03
-3.776748e+01	2.608768e-03
-3.766748e+01	2.620460e-03
-3.756748e+01	2.632231e-03
-3.746748e+01	2.644083e-03
-3.736748e+01	2.656016e-03
-3.726748e+01	2.668030e-03
-3.716748e+01	2.680128e-03
-3.706748e+01	2.692308e-03
-3.696748e+01	2.704573e-03
-3.686748e+01	2.716922e-03
-3.676748e+01	2.729357e-03
-3.666748e+01	2.741879e-03
-3.656748e+01	2.754488e-03
-3.646748e+01	2.767185e-03
-3.636748e+01	2.779971e-03
-3.626748e+01	2.792846e-03
-3.616748e+01	2.805813e-03
-3.606748e+01	2.818871e-03
-3.596748e+01	2.832021e-03
-3.586748e+01	2.845264e-03
-3.576748e+01	2.858602e-03
-3.566748e+01	2.872035e-03
-3.556748e+01	2.885564e-03
-3.546748e+01	2.899189e-03
-3.536748e+01	2.912913e-03
-3.526748e+01	2.926735e-03
-3.516748e+01	2.940657e-03
-3.506748e+01	2.954680e-03
-3.496748e+01	2.968805e-03
-3.486748e+01	2.983032e-03
-3.476748e+01	2.997363e-03
-3.466748e+01	3.011798e-03
-3.456748e+01	3.026340e-03
-3.446748e+01	3.040988e-03
-3.436748e+01	3.055745e-03
-3.426748e+01	3.070610e-03
-3.416748e+01	3.085585e-03
-3.406748e+01	3.100672e-03
-3.396748e+01	3.115870e-03
-3.386748e+01	3.131183e-03
-3.376748e+01	3.146609e-03
-3.366748e+01	3.162152e-03
-3.356748e+01	3.177811e-03
-3.346748e+01	3.193589e-03
-3.336748e+01	3.209486e-03
-3.326748e+01	3.225503e-03
-3.316748e+01	3.241642e-03
-3.306748e+01	3.257904e-03
-3.296748e+01	3.274291e-03
-3.286748e+01	3.290803e-03
-3.276748e+01	3.307442e-03
-3.266748e+01	3.324209e-03
-3.256748e+01	3.341106e-03
-3.246748e+01	3.358133e-03
-3.236748e+01	3.375293e-03
-3.226748e+01	3.392587e-03
-3.216748e+01	3.410016e-03
-3.206748e+01	3.427581e-03
-3.196748e+01	3.445284e-03
-3.186748e+01	3.463127e-03
-3.176748e+01	3.481110e-03
-3.166748e+01	3.499236e-03
-3.156748e+01	3.517506e-03
-3.146748e+01	3.535922e-03
-3.136748e+01	3.554484e-03
-3.126748e+01	3.573196e-03
-3.116748e+01	3.592057e-03
-3.106748e+01	3.611071e-03
-3.096748e+01	3.630238e-03
-3.086748e+01	3.649561e-03
-3.076748e+01	3.669041e-03
-3.066748e+01	3.688679e-03
-3.056748e+01	3.708478e-03
-3.046748e+01	3.728439e-03
-3.036748e+01	3.748564e-03
-3.026748e+01	3.768856e-03
-3.016748e+01	3.789315e-03
-3.006748e+01	3.809944e-03
-2.996748e+01	3.830744e-03
-2.986748e+01	3.851718e-03
-2.976748e+01	3.872867e-03
-2.966748e+01	3.894194e-03
-2.956748e+01	3.915701e-03
-2.946748e+01	3.937389e-03
-2.936748e+01	3.959261e-03
-2.926748e+01	3.981319e-03
-2.916748e+01	4.003564e-03
-2.906748e+01	4.026000e-03
-2.896748e+01	4.048628e-03
-2.886748e+01	4.071451e-03
-2.876748e+01	4.094470e-03
-2.866748e+01	4.117689e-03
-2.856748e+01	4.141109e-03
-2.846748e+01	4.164734e-03
-2.836748e+01	4.188564e-03
-2.826748e+01	4.212604e-03
-2.816748e+01	4.236854e-03
-2.806748e+01	4.261319e-03
-2.796748e+01	4.286000e-03
-2.786748e+01	4.310900e-03
-2.776748e+01	4.336022e-03
-2.766748e+01	4.361368e-03
-2.756748e+01	4.386941e-03
-2.746748e+01	4.412744e-03
-2.736748e+01	4.438780e-03
-2.726748e+01	4.465051e-03
-2.716748e+01	4.491561e-03
-2.706748e+01	4.518312e-03
-2.696748e+01	4.545308e-03
-2.686748e+01	4.572551e-03
-2.676748e+01	4.600045e-03
-2.666748e+01	4.627792e-03
-2.656748e+01	4.655797e-03
-2.646748e+01	4.684061e-03
-2.636748e+01	4.712590e-03
-2.626748e+01	4.741385e-03
-2.616748e+01	4.770450e-03
-2.606748e+01	4.799789e-03
-2.596748e+01	4.829405e-03
-2.586748e+01	4.859303e-03
-2.576748e+01	4.889485e-03
-2.566748e+01	4.919955e-03
-2.556748e+01	4.950717e-03
-2.546748e+01	4.981774e-03
-2.536748e+01	5.013132e-03
-2.526748e+01	5.044793e-03
-2.516748e+01	5.076762e-03
-2.506748e+01	5.109043e-03
-2.496748e+01	5.141640e-03
-2.486748e+01	5.174557e-03
-2.476748e+01	5.207799e-03
-2.466748e+01	5.241370e-03
-2.456748e+01	5.275274e-03
-2.446748e+01	5.309516e-03
-2.436748e+01	5.344101e-03
-2.426748e+01	5.379033e-03
-2.416748e+01	5.414317e-03
-2.406748e+01	5.449958e-03
-2.396748e+01	5.485961e-03
-2.386748e+01	5.522331e-03
-2.376748e+01	5.559073e-03
-2.366748e+01	5.596193e-03
-2.356748e+01	5.633695e-03
-2.346748e+01	5.671586e-03
-2.336748e+01	5.709870e-03
-2.326748e+01	5.748554e-03
-2.316748e+01	5.787642e-03
-2.306748e+01	5.827142e-03
-2.296748e+01	5.867058e-03
-2.286748e+01	5.907398e-03
-2.276748e+01	5.948166e-03
-2.266748e+01	5.989370e-03
-2.256748e+01	6.031016e-03
-2.246748e+01	6.073110e-03
-2.236748e+01	6.115659e-03
-2.226748e+01	6.158670e-03
-2.216748e+01	6.202150e-03
-2.206748e+01	6.246105e-03
-2.196748e+01	6.290544e-03
-2.186748e+01	6.335472e-03
-2.176748e+01	6.380899e-03
-2.166748e+01	6.426831e-03
-2.156748e+01	6.473277e-03
-2.146748e+01	6.520243e-03
-2.136748e+01	6.567739e-03
-2.126748e+01	6.615773e-03
-2.116748e+01	6.664353e-03
-2.106748e+01	6.713487e-03
-2.096748e+01	6.763184e-03
-2.086748e+01	6.813454e-03
-2.076748e+01	6.864306e-03
-2.066748e+01	6.915748e-03
-2.056748e+01	6.967791e-03
-2.046748e+01	7.020443e-03
-2.036748e+01	7.073716e-03
-2.026748e+01	7.127619e-03
-2.016748e+01	7.182163e-03
-2.006748e+01	7.237358e-03
-1.996748e+01	7.293215e-03
-1.986748e+01	7.349745e-03
-1.976748e+01	7.406959e-03
-1.966748e+01	7.464870e-03
-1.956748e+01	7.523488e-03
-1.946748e+01	7.582826e-03
-1.936748e+01	7.642896e-03
-1.926748e+01	7.703711e-03
-1.916748e+01	7.765284e-03
-1.906748e+01	7.827628e-03
-1.896748e+01	7.890756e-03
-1.886748e+01	7.954682e-03
-1.876748e+01	8.019421e-03
-1.866748e+01	8.084986e-03
-1.856748e+01	8.151393e-03
-1.846748e+01	8.218657e-03
-1.836748e+01	8.286793e-03
-1.826748e+01	8.355818e-03
-1.816748e+01	8.425746e-03
-1.806748e+01	8.496596e-03
-1.796748e+01	8.568384e-03
-1.786748e+01	8.641128e-03
-1.776748e+01	8.714845e-03
-1.766748e+01	8.789554e-03
-1.756748e+01	8.865274e-03
-1.746748e+01	8.942024e-03
-1.736748e+01	9.019824e-03
-1.726748e+01	9.098693e-03
-1.716748e+01	9.178654e-03
-1.706748e+01	9.259726e-03
-1.696748e+01	9.341933e-03
-1.686748e+01	9.425296e-03
-1.676748e+01	9.509839e-03
-1.666748e+01	9.595585e-03
-1.656748e+01	9.682559e-03
-1.646748e+01	9.770785e-03
-1.636748e+01	9.860290e-03
-1.626748e+01	9.951099e-03
-1.616748e+01	1.004324e-02
-1.606748e+01	1.013674e-02
-1.596748e+01	1.023163e-02
-1.586748e+01	1.032793e-02
-1.576748e+01	1.042568e-02
-1.566748e+01	1.052492e-02
-1.556748e+01	1.062566e-02
-1.546748e+01	1.072794e-02
-1.536748e+01	1.083181e-02
-1.526748e+01	1.093728e-02
-1.516748e+01	1.104440e-02
-1.506748e+01	1.115321e-02
-1.496748e+01	1.126374e-02
-1.486748e+01	1.137604e-02
-1.476748e+01	1.149014e-02
-1.466748e+01	1.160608e-02
-1.456748e+01	1.172391e-02
-1.446748e+01	1.184367e-02
-1.436748e+01	1.196541e-02
-1.426748e+01	1.208918e-02
-1.416748e+01	1.221502e-02
-1.406748e+01	1.234299e-02
-1.396748e+01	1.247313e-02
-1.386748e+01	1.260551e-02
-1.376748e+01	1.274017e-02
-1.366748e+01	1.287717e-02
-1.356748e+01	1.301658e-02
-1.346748e+01	1.315846e-02
-1.336748e+01	1.330286e-02
-1.326748e+01	1.344986e-02
-1.316748e+01	1.359953e-02
-1.306748e+01	1.375193e-02
-1.296748e+01	1.390714e-02
-1.286748e+01	1.406523e-02
-1.276748e+01	1.422629e-02
-1.266748e+01	1.439039e-02
-1.256748e+01	1.455763e-02
-1.246748e+01	1.472808e-02
-1.236748e+01	1.490185e-02
-1.226748e+01	1.507903e-02
-1.216748e+01	1.525972e-02
-1.206748e+01	1.544402e-02
-1.196748e+01	1.563204e-02
-1.186748e+01	1.582389e-02
-1.176748e+01	1.601970e-02
-1.166748e+01	1.621958e-02
-1.156748e+01	1.642365e-02
-1.146748e+01	1.663207e-02
-1.136748e+01	1.684496e-02
-1.126748e+01	1.706246e-02
-1.116748e+01	1.728474e-02
-1.106748e+01	1.751196e-02
-1.096748e+01	1.774427e-02
-1.086748e+01	1.798186e-02
-1.076748e+01	1.822491e-02
-1.066748e+01	1.847362e-02
-1.056748e+01	1.872818e-02
-1.046748e+01	1.898881e-02
-1.036748e+01	1.925574e-02
-1.026748e+01	1.952921e-02
-1.016748e+01	1.980945e-02
-1.006748e+01	2.009675e-02
-9.967479e+00	2.039137e-02
-9.867479e+00	2.069362e-02
-9.767479e+00	2.100380e-02
-9.667479e+00	2.132225e-02
-9.567479e+00	2.164933e-02
-9.467479e+00	2.198539e-02
-9.367479e+00	2.233086e-02
-9.267479e+00	2.268614e-02
-9.167479e+00	2.305170e-02
-9.067479e+00	2.342801e-02
-8.967479e+00	2.381561e-02
-8.867479e+00	2.421504e-02
-8.767479e+00	2.462692e-02
-8.667479e+00	2.505188e-02
-8.567479e+00	2.549062e-02
-8.467479e+00	2.594391e-02
-8.367479e+00	2.641256e-02
-8.267479e+00	2.689745e-02
-8.167479e+00	2.739958e-02
-8.067479e+00	2.791998e-02
-7.967479e+00	2.845985e-02
-7.867479e+00	2.902044e-02
-7.767479e+00	2.960320e-02
-7.667479e+00	3.020969e-02
-7.567479e+00	3.084166e-02
-7.467479e+00	3.150108e-02
-7.367479e+00	3.219015e-02
-7.267479e+00	3.291138e-02
-7.167479e+00	3.366760e-02
-7.067479e+00	3.446206e-02
-6.967479e+00	3.529853e-02
-6.867479e+00	3.618137e-02
-6.767479e+00	3.711569e-02
-6.667479e+00	3.810757e-02
-6.567479e+00	3.916425e-02
-6.467479e+00	4.029454e-02
-6.367479e+00	4.150920e-02
-6.267479e+00	4.282168e-02
-6.167479e+00	4.424895e-02
-6.067479e+00	4.581291e-02
-5.967479e+00	4.754234e-02
-5.867479e+00	4.947594e-02
-5.767479e+00	5.166713e-02
-5.667479e+00	5.419175e-02
-5.567479e+00	5.716093e-02
-5.467479e+00	6.074316e-02
-5.367479e+00	6.520255e-02
-5.267479e+00	7.096242e-02
-5.167479e+00	7.869727e-02
-5.067479e+00	8.948841e-02
-4.967479e+00	1.052675e-01
-4.867479e+00	1.289800e-01
-4.767479e+00	1.611359e-01
-4.667479e+00	1.878977e-01
-4.567479e+00	1.846091e-01
-4.467479e+00	1.604505e-01
-4.367479e+00	1.398825e-01
-4.267479e+00	1.292119e-01
-4.167479e+00	1.264774e-01
-4.067479e+00	1.295928e-01
-3.967479e+00	1.379657e-01
-3.867479e+00	1.521870e-01
-3.767479e+00	1.731054e-01
-3.667479e+00	2.004238e-01
-3.567479e+00	2.357053e-01
-3.467479e+00	2.886395e-01
-3.367479e+00	3.703230e-01
-3.267479e+00	4.753841e-01
-3.167479e+00	5.630792e-01
-3.067479e+00	6.191582e-01
-2.967479e+00	6.732500e-01
-2.867479e+00	6.957206e-01
-2.767479e+00	6.415763e-01
-2.667479e+00	5.394433e-01
-2.567479e+00	4.625331e-01
-2.467479e+00	4.352904e-01
-2.367479e+00	4.478584e-01
-2.267479e+00	4.718385e-01
-2.167479e+00	4.885381e-01
-2.067479e+00	5.243201e-01
-1.967479e+00	6.028248e-01
-1.867479e+00	7.038165e-01
-1.767479e+00	7.970731e-01
-1.667479e+00	8.515738e-01
-1.567479e+00	7.914876e-01
-1.467479e+00	6.643198e-01
-1.367479e+00	5.704834e-01
-1.267479e+00	5.346764e-01
-1.167479e+00	5.541438e-01
-1.067479e+00	6.322296e-01
-9.674791e-01	7.759124e-01
-8.674791e-01	9.516009e-01
-7.674791e-01	1.022587e+00
-6.674791e-01	9.264969e-01
-5.674791e-01	8.053748e-01
-4.674791e-01	7.519274e-01
-3.674791e-01	7.773430e-01
-2.674791e-01	8.774567e-01
-1.674791e-01	1.026820e+00
-6.747911e-02	1.145950e+00
3.252089e-02	1.216604e+00
1.325209e-01	1.354335e+00
2.325209e-01	1.660812e+00
3.325209e-01	2.198911e+00
4.325209e-01	2.910102e+00
5.325209e-01	3.335597e+00
6.325209e-01	3.039425e+00
7.325209e-01	2.472336e+00
8.325209e-01	2.104552e+00
9.325209e-01	2.015610e+00
1.032521e+00	2.195139e+00
1.132521e+00	2.681835e+00
1.232521e+00	3.584631e+00
1.332521e+00	4.985001e+00
1.432521e+00	6.442687e+00
1.532521e+00	6.635974e+00
1.632521e+00	5.407915e+00
1.732521e+00	4.093213e+00
1.832521e+00	3.228922e+00
1.932521e+00	2.750890e+00
2.032521e+00	2.563657e+00
2.132521e+00	2.425331e+00
2.232521e+00	2.095041e+00
2.332521e+00	1.719557e+00
2.432521e+00	1.479666e+00
2.532521e+00	1.405051e+00
2.632521e+00	1.496776e+00
2.732521e+00	1.772940e+00
2.832521e+00	2.196244e+00
2.932521e+00	2.465769e+00
3.032521e+00	2.229589e+00
3.132521e+00	1.728876e+00
3.232521e+00	1.303988e+00
3.332521e+00	1.026467e+00
3.432521e+00	8.595487e-01
3.532521e+00	7.665165e-01
3.632521e+00	7.260404e-01
3.732521e+00	7.217811e-01
3.832521e+00	7.467697e-01
3.932521e+00	8.100346e-01
4.032521e+00	9.208187e-01
4.132521e+00	1.095335e+00
4.232521e+00	1.375808e+00
4.332521e+00	1.805166e+00
4.432521e+00	2.239442e+00
4.532521e+00	2.245623e+00
4.632521e+00	1.792672e+00
4.732521e+00	1.312443e+00
4.832521e+00	9.799683e-01
4.932521e+00	7.716049e-01
5.032521e+00	6.412070e-01
5.132521e+00	5.578213e-01
5.232521e+00	5.034395e-01
5.332521e+00	4.677182e-01
5.432521e+00	4.445832e-01
5.532521e+00	4.303561e-01
5.632521e+00	4.227442e-01
5.732521e+00	4.202869e-01
5.832521e+00	4.220426e-01
5.932521e+00	4.274077e-01
6.032521e+00	4.360081e-01
6.132521e+00	4.476332e-01
6.232521e+00	4.621961e-01
6.332521e+00	4.797091e-01
6.432521e+00	5.002704e-01
6.532521e+00	5.240577e-01
6.632521e+00	5.513282e-01
6.732521e+00	5.824229e-01
6.832521e+00	6.177759e-01
6.932521e+00	6.579287e-01
7.032521e+00	7.035503e-01
7.132521e+00	7.554645e-01
7.232521e+00	8.146862e-01
7.332521e+00	8.824702e-01
7.432521e+00	9.603762e-01
7.532521e+00	1.050357e+00
7.632521e+00	1.154879e+00
7.732521e+00	1.277086e+00
7.832521e+00	1.421034e+00
7.932521e+00	1.592017e+00
8.032521e+00	1.797046e+00
8.132521e+00	2.045551e+00
8.232521e+00	2.350438e+00
8.332521e+00	2.729718e+00
8.432521e+00	3.209081e+00
8.532521e+00	3.826082e+00
8.632521e+00	4.637149e+00
8.732521e+00	5.729705e+00
8.832521e+00	7.243825e+00
8.932521e+00	9.412034e+00
9.032521e+00	1.263336e+01
9.132521e+00	1.760577e+01
9.232521e+00	2.551098e+01
9.332521e+00	3.792433e+01
9.432521e+00	5.458900e+01
9.532521e+00	6.641786e+01
9.632521e+00	6.031284e+01
9.732521e+00	4.371215e+01
9.832521e+00	2.948264e+01
9.932521e+00	2.011911e+01
1.003252e+01	1.423139e+01
1.013252e+01	1.046002e+01
1.023252e+01	7.957040e+00
1.033252e+01	6.232590e+00
1.043252e+01	5.003160e+00
1.053252e+01	4.100104e+00
1.063252e+01	3.419613e+00
1.073252e+01	2.895605e+00
1.083252e+01	2.484718e+00
1.093252e+01	2.157705e+00
1.103252e+01	1.894169e+00
1.113252e+01	1.679504e+00
1.123252e+01	1.504196e+00
1.133252e+01	1.362792e+00
1.143252e+01	1.252591e+00
1.153252e+01	1.173375e+00
1.163252e+01	1.123446e+00
1.173252e+01	1.083594e+00
1.183252e+01	1.017266e+00
1.193252e+01	9.334675e-01
1.203252e+01	8.685877e-01
1.213252e+01	8.293015e-01
1.223252e+01	8.064900e-01
1.233252e+01	7.945305e-01
1.243252e+01	7.839157e-01
1.253252e+01	7.601892e-01
1.263252e+01	6.969912e-01
1.273252e+01	6.062875e-01
1.283252e+01	5.257940e-01
1.293252e+01	4.657358e-01
1.303252e+01	4.211946e-01
1.313252e+01	3.865338e-01
1.323252e+01	3.583985e-01
1.333252e+01	3.347244e-01
1.343252e+01	3.141427e-01
1.353252e+01	2.958660e-01
1.363252e+01	2.795039e-01
1.373252e+01	2.649594e-01
1.383252e+01	2.520994e-01
1.393252e+01	2.406418e-01
1.403252e+01	2.299600e-01
1.413252e+01	2.195893e-01
1.423252e+01	2.097142e-01
1.433252e+01	2.004465e-01
1.443252e+01	1.918842e-01
1.453252e+01	1.840222e-01
1.463252e+01	1.767410e-01
1.473252e+01	1.700064e-01
1.483252e+01	1.638259e-01
1.493252e+01	1.582044e-01
1.503252e+01	1.531685e-01
1.513252e+01	1.487238e-01
1.523252e+01	1.445958e-01
1.533252e+01	1.400216e-01
1.543252e+01	1.348829e-01
1.553252e+01	1.299178e-01
1.563252e+01	1.254423e-01
1.573252e+01	1.214100e-01
1.583252e+01	1.177305e-01
1.593252e+01	1.143415e-01
1.603252e+01	1.112071e-01
1.613252e+01	1.083105e-01
1.623252e+01	1.056493e-01
1.633252e+01	1.032335e-01
1.643252e+01	1.010901e-01
1.653252e+01	9.927205e-02
1.663252e+01	9.787223e-02
1.673252e+01	9.703109e-02
1.683252e+01	9.688212e-02
1.693252e+01	9.744208e-02
1.703252e+01	9.850885e-02
1.713252e+01	9.912148e-02
1.723252e+01	9.909268e-02
1.733252e+01	9.997404e-02
1.743252e+01	1.012030e-01
1.753252e+01	1.004252e-01
1.763252e+01	9.844220e-02
1.773252e+01	9.707690e-02
1.783252e+01	9.623124e-02
1.793252e+01	9.555879e-02
1.803252e+01	9.544391e-02
1.813252e+01	9.710093e-02
1.823252e+01	1.012214e-01
1.833252e+01	1.083173e-01
1.843252e+01	1.196337e-01
1.853252e+01	1.379482e-01
1.863252e+01	1.677491e-01
1.873252e+01	2.161250e-01
1.883252e+01	2.872189e-01
1.893252e+01	3.552663e-01
1.903252e+01	3.538530e-01
1.913252e+01	2.843413e-01
1.923252e+01	2.132970e-01
1.933252e+01	1.657082e-01
1.943252e+01	1.377229e-01
1.953252e+01	1.224903e-01
1.963252e+01	1.162908e-01
1.973252e+01	1.174008e-01
1.983252e+01	1.223540e-01
1.993252e+01	1.273592e-01
2.003252e+01	1.268171e-01
2.013252e+01	1.140526e-01
2.023252e+01	9.699081e-02
2.033252e+01	8.428359e-02
2.043252e+01	7.668572e-02
2.053252e+01	7.242881e-02
2.063252e+01	7.072520e-02
2.073252e+01	7.224036e-02
2.083252e+01	7.756470e-02
2.093252e+01	8.491167e-02
2.103252e+01	8.786179e-02
2.113252e+01	8.495123e-02
2.123252e+01	8.372267e-02
2.133252e+01	8.651971e-02
2.143252e+01	8.607308e-02
2.153252e+01	7.668397e-02
2.163252e+01	6.492475e-02
2.173252e+01	5.615601e-02
2.183252e+01	5.044186e-02
2.193252e+01	4.641956e-02
2.203252e+01	4.323198e-02
2.213252e+01	4.069227e-02
2.223252e+01	3.865927e-02
2.233252e+01	3.702070e-02
2.243252e+01	3.568304e-02
2.253252e+01	3.457427e-02
2.263252e+01	3.365902e-02
2.273252e+01	3.293196e-02
2.283252e+01	3.240103e-02
2.293252e+01	3.206795e-02
2.303252e+01	3.184057e-02
2.313252e+01	3.145278e-02
2.323252e+01	3.084309e-02
2.333252e+01	3.031115e-02
2.343252e+01	3.002641e-02
2.353252e+01	2.993938e-02
2.363252e+01	2.988632e-02
2.373252e+01	2.973920e-02
2.383252e+01	2.942283e-02
2.393252e+01	2.895492e-02
2.403252e+01	2.856332e-02
2.413252e+01	2.839219e-02
2.423252e+01	2.838262e-02
2.433252e+01	2.858364e-02
2.443252e+01	2.906432e-02
2.453252e+01	2.972380e-02
2.463252e+01	3.047893e-02
2.473252e+01	3.092367e-02
2.483252e+01	3.084136e-02
2.493252e+01	3.088213e-02
2.503252e+01	3.137510e-02
2.513252e+01	3.186829e-02
2.523252e+01	3.235750e-02
2.533252e+01	3.328651e-02
2.543252e+01	3.423790e-02
2.553252e+01	3.454638e-02
2.563252e+01	3.457729e-02
2.573252e+01	3.409889e-02
2.583252e+01	3.286739e-02
2.593252e+01	3.195171e-02
2.603252e+01	3.196616e-02
2.613252e+01	3.286261e-02
2.623252e+01	3.473011e-02
2.633252e+01	3.771827e-02
2.643252e+01	4.206121e-02
2.653252e+01	4.836429e-02
2.663252e+01	5.661311e-02
2.673252e+01	6.747726e-02
2.683252e+01	8.260290e-02
2.693252e+01	9.719866e-02
2.703252e+01	9.991295e-02
2.713252e+01	9.254863e-02
2.723252e+01	8.644551e-02
2.733252e+01	8.015785e-02
2.743252e+01	6.945192e-02
2.753252e+01	5.853527e-02
2.763252e+01	5.077703e-02
2.773252e+01	4.689730e-02
2.783252e+01	4.654209e-02
2.793252e+01	4.872035e-02
2.803252e+01	5.150347e-02
2.813252e+01	5.379783e-02
2.823252e+01	5.481055e-02
2.833252e+01	5.333667e-02
2.843252e+01	5.181709e-02
2.853252e+01	5.315837e-02
2.863252e+01	5.742705e-02
2.873252e+01	6.268107e-02
2.883252e+01	6.931720e-02
2.893252e+01	8.153950e-02
2.903252e+01	1.038660e-01
2.913252e+01	1.401871e-01
2.923252e+01	1.859098e-01
2.933252e+01	2.109891e-01
2.943252e+01	1.929321e-01
2.953252e+01	1.594256e-01
2.963252e+01	1.334121e-01
2.973252e+01	1.201832e-01
2.983252e+01	1.129514e-01
2.993252e+01	1.009645e-01
3.003252e+01	8.833334e-02
3.013252e+01	8.324753e-02
3.023252e+01	8.807168e-02
3.033252e+01	1.011523e-01
3.043252e+01	1.123266e-01
3.053252e+01	1.099726e-01
3.063252e+01	1.018855e-01
3.073252e+01	9.397134e-02
3.083252e+01	8.320460e-02
3.093252e+01	7.477501e-02
3.103252e+01	7.273065e-02
3.113252e+01	7.159850e-02
3.123252e+01	6.296458e-02
3.133252e+01	5.028224e-02
3.143252e+01	4.002747e-02
3.153252e+01	3.310907e-02
3.163252e+01	2.848192e-02
3.173252e+01	2.534684e-02
3.183252e+01	2.325670e-02
3.193252e+01	2.196005e-02
3.203252e+01	2.136474e-02
3.213252e+01	2.149056e-02
3.223252e+01	2.223868e-02
3.233252e+01	2.277395e-02
3.243252e+01	2.192407e-02
3.253252e+01	2.018624e-02
3.263252e+01	1.873098e-02
3.273252e+01	1.793322e-02
3.283252e+01	1.774627e-02
3.293252e+01	1.810204e-02
3.303252e+01	1.885385e-02
3.313252e+01	1.947717e-02
3.323252e+01	1.972788e-02
3.333252e+01	2.041067e-02
3.343252e+01	2.236690e-02
3.353252e+01	2.616517e-02
3.363252e+01	3.167872e-02
3.373252e+01	3.600412e-02
3.383252e+01	3.464818e-02
3.393252e+01	2.886804e-02
3.403252e+01	2.324322e-02
3.413252e+01	1.939849e-02
3.423252e+01	1.701202e-02
3.433252e+01	1.555623e-02
3.443252e+01	1.466331e-02
3.453252e+01	1.413311e-02
3.463252e+01	1.391018e-02
3.473252e+01	1.399777e-02
3.483252e+01	1.444152e-02
3.493252e+01	1.536561e-02
3.503252e+01	1.701333e-02
3.513252e+01	1.979651e-02
3.523252e+01	2.423375e-02
3.533252e+01	2.996966e-02
3.543252e+01	3.329736e-02
3.553252e+01	3.035024e-02
3.563252e+01	2.469276e-02
3.573252e+01	2.033146e-02
3.583252e+01	1.784644e-02
3.593252e+01	1.685507e-02
3.603252e+01	1.713400e-02
3.613252e+01	1.862596e-02
3.623252e+01	2.067307e-02
3.633252e+01	2.100732e-02
3.643252e+01	1.863147e-02
3.653252e+01	1.573994e-02
3.663252e+01	1.365709e-02
3.673252e+01	1.237688e-02
3.683252e+01	1.165712e-02
3.693252e+01	1.130731e-02
3.703252e+01	1.111734e-02
3.713252e+01	1.089957e-02
3.723252e+01	1.071651e-02
3.733252e+01	1.067240e-02
3.743252e+01	1.076155e-02
3.753252e+01	1.104439e-02
3.763252e+01	1.166537e-02
3.773252e+01	1.281869e-02
3.783252e+01	1.477275e-02
3.793252e+01	1.761820e-02
3.803252e+01	2.024569e-02
3.813252e+01	2.044195e-02
3.823252e+01	1.848529e-02
3.833252e+01	1.605654e-02
3.843252e+01	1.397980e-02
3.853252e+01	1.256859e-02
3.863252e+01	1.175990e-02
3.873252e+01	1.141736e-02
3.883252e+01	1.148524e-02
3.893252e+01	1.193100e-02
3.903252e+01	1.265849e-02
3.913252e+01	1.366454e-02
3.923252e+01	1.511912e-02
3.933252e+01	1.684542e-02
3.943252e+01	1.749079e-02
3.953252e+01	1.638279e-02
3.963252e+01	1.496070e-02
3.973252e+01	1.422684e-02
3.983252e+01	1.408268e-02
3.993252e+01	1.422683e-02
4.003252e+01	1.485338e-02
4.013252e+01	1.622766e-02
4.023252e+01	1.839886e-02
4.033252e+01	2.160721e-02
4.043252e+01	2.665185e-02
4.053252e+01	3.353106e-02
4.063252e+01	3.895678e-02
4.073252e+01	3.966652e-02
4.083252e+01	3.916676e-02
4.093252e+01	3.964068e-02
4.103252e+01	3.838986e-02
4.113252e+01	3.392952e-02
4.123252e+01	2.797178e-02
4.133252e+01	2.273493e-02
4.143252e+01	1.932352e-02
4.153252e+01	1.752562e-02
4.163252e+01	1.663041e-02
4.173252e+01	1.594022e-02
4.183252e+01	1.531975e-02
4.193252e+01	1.475615e-02
4.203252e+01	1.409264e-02
4.213252e+01	1.348257e-02
4.223252e+01	1.318588e-02
4.233252e+01	1.335855e-02
4.243252e+01	1.405896e-02
4.253252e+01	1.537941e-02
4.263252e+01	1.753271e-02
4.273252e+01	2.090798e-02
4.283252e+01	2.612251e-02
4.293252e+01	3.405435e-02
4.303252e+01	4.623382e-02
4.313252e+01	6.436650e-02
4.323252e+01	8.382740e-02
4.333252e+01	8.736841e-02
4.343252e+01	7.038406e-02
4.353252e+01	5.018348e-02
4.363252e+01	3.562548e-02
4.373252e+01	2.635011e-02
4.383252e+01	2.046409e-02
4.393252e+01	1.662096e-02
4.403252e+01	1.402563e-02
4.413252e+01	1.222117e-02
4.423252e+01	1.094472e-02
4.433252e+01	1.004619e-02
4.443252e+01	9.440288e-03
4.453252e+01	9.058117e-03
4.463252e+01	8.797555e-03
4.473252e+01	8.496512e-03
4.483252e+01	8.053331e-03
4.493252e+01	7.615130e-03
4.503252e+01	7.305559e-03
4.513252e+01	7.136050e-03
4.523252e+01	7.100643e-03
4.533252e+01	7.216012e-03
4.543252e+01	7.535394e-03
4.553252e+01	8.160776e-03
4.563252e+01	9.214995e-03
4.573252e+01	1.057043e-02
4.583252e+01	1.125686e-02
4.593252e+01	1.042266e-02
4.603252e+01	9.023452e-03
4.613252e+01	7.970086e-03
4.623252e+01	7.362314e-03
4.633252e+01	7.091048e-03
4.643252e+01	7.085580e-03
4.653252e+01	7.344726e-03
4.663252e+01	7.940569e-03
4.673252e+01	9.018397e-03
4.683252e+01	1.068117e-02
4.693252e+01	1.240355e-02
4.703252e+01	1.261526e-02
4.713252e+01	1.113994e-02
4.723252e+01	9.580538e-03
4.733252e+01	8.649042e-03
4.743252e+01	8.321701e-03
4.753252e+01	8.517614e-03
4.763252e+01	9.276035e-03
4.773252e+01	1.077882e-02
4.783252e+01	1.324028e-02
4.793252e+01	1.619444e-02
4.803252e+01	1.737095e-02
4.813252e+01	1.552823e-02
4.823252e+01	1.302807e-02
4.833252e+01	1.151382e-02
4.843252e+01	1.115913e-02
4.853252e+01	1.191301e-02
4.863252e+01	1.367022e-02
4.873252e+01	1.567012e-02
4.883252e+01	1.688430e-02
4.893252e+01	1.775453e-02
4.903252e+01	1.769596e-02
4.913252e+01	1.529693e-02
4.923252e+01	1.212215e-02
4.933252e+01	9.744538e-03
4.943252e+01	8.266659e-03
4.953252e+01	7.381860e-03
4.963252e+01	6.829860e-03
4.973252e+01	6.527509e-03
4.983252e+01	6.509150e-03
4.993252e+01	6.833814e-03
5.003252e+01	7.534631e-03
5.013252e+01	8.317642e-03
5.023252e+01	8.311900e-03
5.033252e+01	7.372981e-03
5.043252e+01	6.365372e-03
5.053252e+01	5.681923e-03
5.063252e+01	5.295650e-03
5.073252e+01	5.133464e-03
5.083252e+01	5.168266e-03
5.093252e+01	5.418537e-03
5.103252e+01	5.891909e-03
5.113252e+01	6.369928e-03
5.123252e+01	6.345967e-03
5.133252e+01	5.852923e-03
5.143252e+01	5.356315e-03
5.153252e+01	5.047686e-03
5.163252e+01	4.970480e-03
5.173252e+01	5.141954e-03
5.183252e+01	5.566812e-03
5.193252e+01	6.066539e-03
5.203252e+01	6.118395e-03
5.213252e+01	5.628236e-03
5.223252e+01	5.133645e-03
5.233252e+01	4.896598e-03
5.243252e+01	4.864774e-03
5.253252e+01	4.798849e-03
5.263252e+01	4.536180e-03
5.273252e+01	4.248510e-03
5.283252e+01	4.080688e-03
5.293252e+01	4.020400e-03
5.303252e+01	3.949804e-03
5.313252e+01	3.780853e-03
5.323252e+01	3.590967e-03
5.333252e+01	3.446950e-03
5.343252e+01	3.349847e-03
5.353252e+01	3.286446e-03
5.363252e+01	3.247552e-03
5.373252e+01	3.228857e-03
5.383252e+01	3.231357e-03
5.393252e+01	3.262367e-03
5.403252e+01	3.328959e-03
5.413252e+01	3.410837e-03
5.423252e+01	3.432547e-03
5.433252e+01	3.369793e-03
5.443252e+01	3.294719e-03
5.453252e+01	3.255573e-03
5.463252e+01	3.269266e-03
5.473252e+01	3.325785e-03
5.483252e+01	3.356320e-03
5.493252e+01	3.288049e-03
5.503252e+01	3.177332e-03
5.513252e+01	3.093306e-03
5.523252e+01	3.047491e-03
5.533252e+01	3.034880e-03
5.543252e+01	3.051178e-03
5.553252e+01	3.081373e-03
5.563252e+01	3.082658e-03
5.573252e+01	3.039642e-03
5.583252e+01	2.993319e-03
5.593252e+01	2.967403e-03
5.603252e+01	2.962893e-03
5.613252e+01	2.974857e-03
5.623252e+01	2.990787e-03
5.633252e+01	2.998590e-03
5.643252e+01	3.008963e-03
5.653252e+01	3.037116e-03
5.663252e+01	3.091179e-03
5.673252e+01	3.178863e-03
5.683252e+01	3.303052e-03
5.693252e+01	3.439704e-03
5.703252e+01	3.543532e-03
5.713252e+01	3.610219e-03
5.723252e+01	3.648432e-03
5.733252e+01	3.701123e-03
5.743252e+01	3.839572e-03
5.753252e+01	4.103816e-03
5.763252e+01	4.499618e-03
5.773252e+01	4.965197e-03
5.783252e+01	5.382229e-03
5.793252e+01	5.746111e-03
5.803252e+01	6.149445e-03
5.813252e+01	6.462723e-03
5.823252e+01	6.547940e-03
5.833252e+01	6.502740e-03
5.843252e+01	6.529293e-03
5.853252e+01	6.817249e-03
5.863252e+01	7.442864e-03
5.873252e+01	8.127826e-03
5.883252e+01	8.523798e-03
5.893252e+01	9.048934e-03
5.903252e+01	1.030681e-02
5.913252e+01	1.261363e-02
5.923252e+01	1.581469e-02
5.933252e+01	1.855593e-02
5.943252e+01	1.989485e-02
5.953252e+01	2.123167e-02
5.963252e+01	2.364902e-02
5.973252e+01	2.709521e-02
5.983252e+01	2.848413e-02
5.993252e+01	2.548909e-02
6.003252e+01	2.085705e-02
6.013252e+01	1.741826e-02
6.023252e+01	1.568111e-02
6.033252e+01	1.418238e-02
6.043252e+01	1.183685e-02
6.053252e+01	9.518071e-03
6.063252e+01	7.891171e-03
6.073252e+01	6.832796e-03
6.083252e+01	6.047884e-03
6.093252e+01	5.403917e-03
6.103252e+01	4.898666e-03
6.113252e+01	4.513769e-03
6.123252e+01	4.241835e-03
6.133252e+01	4.089862e-03
6.143252e+01	4.042345e-03
6.153252e+01	4.076862e-03
6.163252e+01	4.176523e-03
6.173252e+01	4.233063e-03
6.183252e+01	4.150192e-03
6.193252e+01	4.066408e-03
6.203252e+01	4.120344e-03
6.213252e+01	4.369879e-03
6.223252e+01	4.879775e-03
6.233252e+01	5.727635e-03
6.243252e+01	6.793882e-03
6.253252e+01	7.362918e-03
6.263252e+01	6.899522e-03
6.273252e+01	6.063465e-03
6.283252e+01	5.496826e-03
6.293252e+01	5.334991e-03
6.303252e+01	5.561292e-03
6.313252e+01	6.213109e-03
6.323252e+01	7.443044e-03
6.333252e+01	9.537633e-03
6.343252e+01	1.273326e-02
