#RPA-results:
#Nucleus: Ni 80
#Fermi level: -1.541935e+00	-1.810941e+01
#Excitation: 1 +
#Total number of pairs: 494
#Number of ph-/ah-pairs: 494/0
#Maximal excitation-energy for particle-hole-pairs: 100
#Maximal excitation-energy for antiparticle-hole-pairs: 1000
#No imaginary eigenvalues

#Parameterset: DD-PC1
#natural parity: no
#Isoscalar result:

#width: 5.000000e-01
#maximum value: 1.383244e-02
#at energy: 6.343252e+01
-9.656748e+01	5.326313e-04
-9.646748e+01	5.336956e-04
-9.636748e+01	5.347631e-04
-9.626748e+01	5.358338e-04
-9.616748e+01	5.369077e-04
-9.606748e+01	5.379849e-04
-9.596748e+01	5.390653e-04
-9.586748e+01	5.401490e-04
-9.576748e+01	5.412359e-04
-9.566748e+01	5.423262e-04
-9.556748e+01	5.434198e-04
-9.546748e+01	5.445166e-04
-9.536748e+01	5.456168e-04
-9.526748e+01	5.467204e-04
-9.516748e+01	5.478273e-04
-9.506748e+01	5.489376e-04
-9.496748e+01	5.500513e-04
-9.486748e+01	5.511683e-04
-9.476748e+01	5.522888e-04
-9.466748e+01	5.534127e-04
-9.456748e+01	5.545401e-04
-9.446748e+01	5.556709e-04
-9.436748e+01	5.568052e-04
-9.426748e+01	5.579430e-04
-9.416748e+01	5.590842e-04
-9.406748e+01	5.602290e-04
-9.396748e+01	5.613773e-04
-9.386748e+01	5.625291e-04
-9.376748e+01	5.636845e-04
-9.366748e+01	5.648435e-04
-9.356748e+01	5.660061e-04
-9.346748e+01	5.671722e-04
-9.336748e+01	5.683420e-04
-9.326748e+01	5.695154e-04
-9.316748e+01	5.706925e-04
-9.306748e+01	5.718732e-04
-9.296748e+01	5.730576e-04
-9.286748e+01	5.742456e-04
-9.276748e+01	5.754374e-04
-9.266748e+01	5.766329e-04
-9.256748e+01	5.778322e-04
-9.246748e+01	5.790352e-04
-9.236748e+01	5.802419e-04
-9.226748e+01	5.814525e-04
-9.216748e+01	5.826668e-04
-9.206748e+01	5.838850e-04
-9.196748e+01	5.851070e-04
-9.186748e+01	5.863329e-04
-9.176748e+01	5.875626e-04
-9.166748e+01	5.887962e-04
-9.156748e+01	5.900337e-04
-9.146748e+01	5.912751e-04
-9.136748e+01	5.925204e-04
-9.126748e+01	5.937697e-04
-9.116748e+01	5.950230e-04
-9.106748e+01	5.962802e-04
-9.096748e+01	5.975414e-04
-9.086748e+01	5.988067e-04
-9.076748e+01	6.000760e-04
-9.066748e+01	6.013493e-04
-9.056748e+01	6.026267e-04
-9.046748e+01	6.039082e-04
-9.036748e+01	6.051938e-04
-9.026748e+01	6.064835e-04
-9.016748e+01	6.077773e-04
-9.006748e+01	6.090753e-04
-8.996748e+01	6.103775e-04
-8.986748e+01	6.116838e-04
-8.976748e+01	6.129944e-04
-8.966748e+01	6.143092e-04
-8.956748e+01	6.156282e-04
-8.946748e+01	6.169515e-04
-8.936748e+01	6.182791e-04
-8.926748e+01	6.196109e-04
-8.916748e+01	6.209471e-04
-8.906748e+01	6.222877e-04
-8.896748e+01	6.236326e-04
-8.886748e+01	6.249818e-04
-8.876748e+01	6.263355e-04
-8.866748e+01	6.276936e-04
-8.856748e+01	6.290561e-04
-8.846748e+01	6.304230e-04
-8.836748e+01	6.317944e-04
-8.826748e+01	6.331704e-04
-8.816748e+01	6.345508e-04
-8.806748e+01	6.359358e-04
-8.796748e+01	6.373253e-04
-8.786748e+01	6.387194e-04
-8.776748e+01	6.401180e-04
-8.766748e+01	6.415213e-04
-8.756748e+01	6.429292e-04
-8.746748e+01	6.443418e-04
-8.736748e+01	6.457590e-04
-8.726748e+01	6.471809e-04
-8.716748e+01	6.486076e-04
-8.706748e+01	6.500390e-04
-8.696748e+01	6.514751e-04
-8.686748e+01	6.529160e-04
-8.676748e+01	6.543617e-04
-8.666748e+01	6.558122e-04
-8.656748e+01	6.572676e-04
-8.646748e+01	6.587278e-04
-8.636748e+01	6.601929e-04
-8.626748e+01	6.616630e-04
-8.616748e+01	6.631379e-04
-8.606748e+01	6.646178e-04
-8.596748e+01	6.661027e-04
-8.586748e+01	6.675925e-04
-8.576748e+01	6.690874e-04
-8.566748e+01	6.705873e-04
-8.556748e+01	6.720923e-04
-8.546748e+01	6.736024e-04
-8.536748e+01	6.751176e-04
-8.526748e+01	6.766379e-04
-8.516748e+01	6.781633e-04
-8.506748e+01	6.796940e-04
-8.496748e+01	6.812298e-04
-8.486748e+01	6.827709e-04
-8.476748e+01	6.843172e-04
-8.466748e+01	6.858688e-04
-8.456748e+01	6.874257e-04
-8.446748e+01	6.889879e-04
-8.436748e+01	6.905554e-04
-8.426748e+01	6.921284e-04
-8.416748e+01	6.937067e-04
-8.406748e+01	6.952904e-04
-8.396748e+01	6.968796e-04
-8.386748e+01	6.984742e-04
-8.376748e+01	7.000744e-04
-8.366748e+01	7.016801e-04
-8.356748e+01	7.032913e-04
-8.346748e+01	7.049080e-04
-8.336748e+01	7.065304e-04
-8.326748e+01	7.081584e-04
-8.316748e+01	7.097921e-04
-8.306748e+01	7.114314e-04
-8.296748e+01	7.130764e-04
-8.286748e+01	7.147272e-04
-8.276748e+01	7.163837e-04
-8.266748e+01	7.180460e-04
-8.256748e+01	7.197141e-04
-8.246748e+01	7.213880e-04
-8.236748e+01	7.230678e-04
-8.226748e+01	7.247535e-04
-8.216748e+01	7.264451e-04
-8.206748e+01	7.281427e-04
-8.196748e+01	7.298462e-04
-8.186748e+01	7.315557e-04
-8.176748e+01	7.332713e-04
-8.166748e+01	7.349929e-04
-8.156748e+01	7.367206e-04
-8.146748e+01	7.384544e-04
-8.136748e+01	7.401944e-04
-8.126748e+01	7.419405e-04
-8.116748e+01	7.436929e-04
-8.106748e+01	7.454515e-04
-8.096748e+01	7.472163e-04
-8.086748e+01	7.489874e-04
-8.076748e+01	7.507649e-04
-8.066748e+01	7.525487e-04
-8.056748e+01	7.543389e-04
-8.046748e+01	7.561355e-04
-8.036748e+01	7.579386e-04
-8.026748e+01	7.597481e-04
-8.016748e+01	7.615641e-04
-8.006748e+01	7.633867e-04
-7.996748e+01	7.652159e-04
-7.986748e+01	7.670516e-04
-7.976748e+01	7.688940e-04
-7.966748e+01	7.707430e-04
-7.956748e+01	7.725988e-04
-7.946748e+01	7.744613e-04
-7.936748e+01	7.763305e-04
-7.926748e+01	7.782065e-04
-7.916748e+01	7.800894e-04
-7.906748e+01	7.819791e-04
-7.896748e+01	7.838757e-04
-7.886748e+01	7.857793e-04
-7.876748e+01	7.876898e-04
-7.866748e+01	7.896073e-04
-7.856748e+01	7.915319e-04
-7.846748e+01	7.934635e-04
-7.836748e+01	7.954022e-04
-7.826748e+01	7.973480e-04
-7.816748e+01	7.993011e-04
-7.806748e+01	8.012613e-04
-7.796748e+01	8.032288e-04
-7.786748e+01	8.052035e-04
-7.776748e+01	8.071856e-04
-7.766748e+01	8.091750e-04
-7.756748e+01	8.111718e-04
-7.746748e+01	8.131760e-04
-7.736748e+01	8.151877e-04
-7.726748e+01	8.172069e-04
-7.716748e+01	8.192336e-04
-7.706748e+01	8.212679e-04
-7.696748e+01	8.233098e-04
-7.686748e+01	8.253593e-04
-7.676748e+01	8.274165e-04
-7.666748e+01	8.294815e-04
-7.656748e+01	8.315542e-04
-7.646748e+01	8.336348e-04
-7.636748e+01	8.357231e-04
-7.626748e+01	8.378194e-04
-7.616748e+01	8.399236e-04
-7.606748e+01	8.420357e-04
-7.596748e+01	8.441559e-04
-7.586748e+01	8.462841e-04
-7.576748e+01	8.484203e-04
-7.566748e+01	8.505647e-04
-7.556748e+01	8.527173e-04
-7.546748e+01	8.548781e-04
-7.536748e+01	8.570471e-04
-7.526748e+01	8.592244e-04
-7.516748e+01	8.614101e-04
-7.506748e+01	8.636041e-04
-7.496748e+01	8.658066e-04
-7.486748e+01	8.680175e-04
-7.476748e+01	8.702369e-04
-7.466748e+01	8.724649e-04
-7.456748e+01	8.747015e-04
-7.446748e+01	8.769467e-04
-7.436748e+01	8.792006e-04
-7.426748e+01	8.814632e-04
-7.416748e+01	8.837346e-04
-7.406748e+01	8.860149e-04
-7.396748e+01	8.883040e-04
-7.386748e+01	8.906020e-04
-7.376748e+01	8.929089e-04
-7.366748e+01	8.952249e-04
-7.356748e+01	8.975500e-04
-7.346748e+01	8.998841e-04
-7.336748e+01	9.022274e-04
-7.326748e+01	9.045798e-04
-7.316748e+01	9.069416e-04
-7.306748e+01	9.093126e-04
-7.296748e+01	9.116930e-04
-7.286748e+01	9.140827e-04
-7.276748e+01	9.164819e-04
-7.266748e+01	9.188906e-04
-7.256748e+01	9.213088e-04
-7.246748e+01	9.237366e-04
-7.236748e+01	9.261741e-04
-7.226748e+01	9.286213e-04
-7.216748e+01	9.310782e-04
-7.206748e+01	9.335449e-04
-7.196748e+01	9.360215e-04
-7.186748e+01	9.385079e-04
-7.176748e+01	9.410043e-04
-7.166748e+01	9.435108e-04
-7.156748e+01	9.460273e-04
-7.146748e+01	9.485539e-04
-7.136748e+01	9.510907e-04
-7.126748e+01	9.536377e-04
-7.116748e+01	9.561950e-04
-7.106748e+01	9.587626e-04
-7.096748e+01	9.613407e-04
-7.086748e+01	9.639291e-04
-7.076748e+01	9.665281e-04
-7.066748e+01	9.691377e-04
-7.056748e+01	9.717579e-04
-7.046748e+01	9.743887e-04
-7.036748e+01	9.770303e-04
-7.026748e+01	9.796827e-04
-7.016748e+01	9.823460e-04
-7.006748e+01	9.850202e-04
-6.996748e+01	9.877053e-04
-6.986748e+01	9.904015e-04
-6.976748e+01	9.931088e-04
-6.966748e+01	9.958272e-04
-6.956748e+01	9.985569e-04
-6.946748e+01	1.001298e-03
-6.936748e+01	1.004050e-03
-6.926748e+01	1.006814e-03
-6.916748e+01	1.009589e-03
-6.906748e+01	1.012376e-03
-6.896748e+01	1.015174e-03
-6.886748e+01	1.017984e-03
-6.876748e+01	1.020806e-03
-6.866748e+01	1.023639e-03
-6.856748e+01	1.026485e-03
-6.846748e+01	1.029342e-03
-6.836748e+01	1.032211e-03
-6.826748e+01	1.035092e-03
-6.816748e+01	1.037986e-03
-6.806748e+01	1.040892e-03
-6.796748e+01	1.043810e-03
-6.786748e+01	1.046740e-03
-6.776748e+01	1.049683e-03
-6.766748e+01	1.052638e-03
-6.756748e+01	1.055605e-03
-6.746748e+01	1.058586e-03
-6.736748e+01	1.061579e-03
-6.726748e+01	1.064585e-03
-6.716748e+01	1.067603e-03
-6.706748e+01	1.070635e-03
-6.696748e+01	1.073679e-03
-6.686748e+01	1.076737e-03
-6.676748e+01	1.079808e-03
-6.666748e+01	1.082892e-03
-6.656748e+01	1.085989e-03
-6.646748e+01	1.089099e-03
-6.636748e+01	1.092223e-03
-6.626748e+01	1.095361e-03
-6.616748e+01	1.098512e-03
-6.606748e+01	1.101677e-03
-6.596748e+01	1.104855e-03
-6.586748e+01	1.108048e-03
-6.576748e+01	1.111254e-03
-6.566748e+01	1.114474e-03
-6.556748e+01	1.117709e-03
-6.546748e+01	1.120957e-03
-6.536748e+01	1.124220e-03
-6.526748e+01	1.127497e-03
-6.516748e+01	1.130789e-03
-6.506748e+01	1.134095e-03
-6.496748e+01	1.137416e-03
-6.486748e+01	1.140751e-03
-6.476748e+01	1.144101e-03
-6.466748e+01	1.147466e-03
-6.456748e+01	1.150846e-03
-6.446748e+01	1.154241e-03
-6.436748e+01	1.157651e-03
-6.426748e+01	1.161076e-03
-6.416748e+01	1.164516e-03
-6.406748e+01	1.167972e-03
-6.396748e+01	1.171444e-03
-6.386748e+01	1.174931e-03
-6.376748e+01	1.178433e-03
-6.366748e+01	1.181951e-03
-6.356748e+01	1.185486e-03
-6.346748e+01	1.189036e-03
-6.336748e+01	1.192602e-03
-6.326748e+01	1.196184e-03
-6.316748e+01	1.199783e-03
-6.306748e+01	1.203398e-03
-6.296748e+01	1.207029e-03
-6.286748e+01	1.210677e-03
-6.276748e+01	1.214342e-03
-6.266748e+01	1.218023e-03
-6.256748e+01	1.221721e-03
-6.246748e+01	1.225436e-03
-6.236748e+01	1.229168e-03
-6.226748e+01	1.232918e-03
-6.216748e+01	1.236684e-03
-6.206748e+01	1.240468e-03
-6.196748e+01	1.244269e-03
-6.186748e+01	1.248088e-03
-6.176748e+01	1.251925e-03
-6.166748e+01	1.255780e-03
-6.156748e+01	1.259652e-03
-6.146748e+01	1.263542e-03
-6.136748e+01	1.267451e-03
-6.126748e+01	1.271378e-03
-6.116748e+01	1.275323e-03
-6.106748e+01	1.279287e-03
-6.096748e+01	1.283269e-03
-6.086748e+01	1.287270e-03
-6.076748e+01	1.291290e-03
-6.066748e+01	1.295329e-03
-6.056748e+01	1.299387e-03
-6.046748e+01	1.303464e-03
-6.036748e+01	1.307560e-03
-6.026748e+01	1.311676e-03
-6.016748e+01	1.315811e-03
-6.006748e+01	1.319967e-03
-5.996748e+01	1.324142e-03
-5.986748e+01	1.328336e-03
-5.976748e+01	1.332551e-03
-5.966748e+01	1.336786e-03
-5.956748e+01	1.341042e-03
-5.946748e+01	1.345318e-03
-5.936748e+01	1.349614e-03
-5.926748e+01	1.353932e-03
-5.916748e+01	1.358270e-03
-5.906748e+01	1.362629e-03
-5.896748e+01	1.367009e-03
-5.886748e+01	1.371411e-03
-5.876748e+01	1.375834e-03
-5.866748e+01	1.380278e-03
-5.856748e+01	1.384744e-03
-5.846748e+01	1.389232e-03
-5.836748e+01	1.393742e-03
-5.826748e+01	1.398274e-03
-5.816748e+01	1.402829e-03
-5.806748e+01	1.407405e-03
-5.796748e+01	1.412005e-03
-5.786748e+01	1.416627e-03
-5.776748e+01	1.421272e-03
-5.766748e+01	1.425940e-03
-5.756748e+01	1.430631e-03
-5.746748e+01	1.435345e-03
-5.736748e+01	1.440083e-03
-5.726748e+01	1.444844e-03
-5.716748e+01	1.449630e-03
-5.706748e+01	1.454439e-03
-5.696748e+01	1.459272e-03
-5.686748e+01	1.464130e-03
-5.676748e+01	1.469012e-03
-5.666748e+01	1.473919e-03
-5.656748e+01	1.478850e-03
-5.646748e+01	1.483807e-03
-5.636748e+01	1.488788e-03
-5.626748e+01	1.493795e-03
-5.616748e+01	1.498827e-03
-5.606748e+01	1.503885e-03
-5.596748e+01	1.508969e-03
-5.586748e+01	1.514078e-03
-5.576748e+01	1.519214e-03
-5.566748e+01	1.524376e-03
-5.556748e+01	1.529565e-03
-5.546748e+01	1.534780e-03
-5.536748e+01	1.540022e-03
-5.526748e+01	1.545292e-03
-5.516748e+01	1.550588e-03
-5.506748e+01	1.555912e-03
-5.496748e+01	1.561264e-03
-5.486748e+01	1.566643e-03
-5.476748e+01	1.572051e-03
-5.466748e+01	1.577487e-03
-5.456748e+01	1.582951e-03
-5.446748e+01	1.588444e-03
-5.436748e+01	1.593965e-03
-5.426748e+01	1.599516e-03
-5.416748e+01	1.605096e-03
-5.406748e+01	1.610705e-03
-5.396748e+01	1.616344e-03
-5.386748e+01	1.622013e-03
-5.376748e+01	1.627712e-03
-5.366748e+01	1.633441e-03
-5.356748e+01	1.639200e-03
-5.346748e+01	1.644991e-03
-5.336748e+01	1.650812e-03
-5.326748e+01	1.656665e-03
-5.316748e+01	1.662549e-03
-5.306748e+01	1.668464e-03
-5.296748e+01	1.674411e-03
-5.286748e+01	1.680391e-03
-5.276748e+01	1.686403e-03
-5.266748e+01	1.692447e-03
-5.256748e+01	1.698524e-03
-5.246748e+01	1.704634e-03
-5.236748e+01	1.710777e-03
-5.226748e+01	1.716954e-03
-5.216748e+01	1.723165e-03
-5.206748e+01	1.729409e-03
-5.196748e+01	1.735688e-03
-5.186748e+01	1.742001e-03
-5.176748e+01	1.748349e-03
-5.166748e+01	1.754732e-03
-5.156748e+01	1.761151e-03
-5.146748e+01	1.767605e-03
-5.136748e+01	1.774094e-03
-5.126748e+01	1.780620e-03
-5.116748e+01	1.787182e-03
-5.106748e+01	1.793781e-03
-5.096748e+01	1.800417e-03
-5.086748e+01	1.807089e-03
-5.076748e+01	1.813799e-03
-5.066748e+01	1.820547e-03
-5.056748e+01	1.827333e-03
-5.046748e+01	1.834157e-03
-5.036748e+01	1.841020e-03
-5.026748e+01	1.847922e-03
-5.016748e+01	1.854863e-03
-5.006748e+01	1.861843e-03
-4.996748e+01	1.868863e-03
-4.986748e+01	1.875923e-03
-4.976748e+01	1.883024e-03
-4.966748e+01	1.890165e-03
-4.956748e+01	1.897348e-03
-4.946748e+01	1.904571e-03
-4.936748e+01	1.911837e-03
-4.926748e+01	1.919144e-03
-4.916748e+01	1.926493e-03
-4.906748e+01	1.933886e-03
-4.896748e+01	1.941321e-03
-4.886748e+01	1.948799e-03
-4.876748e+01	1.956322e-03
-4.866748e+01	1.963888e-03
-4.856748e+01	1.971498e-03
-4.846748e+01	1.979153e-03
-4.836748e+01	1.986854e-03
-4.826748e+01	1.994599e-03
-4.816748e+01	2.002391e-03
-4.806748e+01	2.010228e-03
-4.796748e+01	2.018112e-03
-4.786748e+01	2.026043e-03
-4.776748e+01	2.034021e-03
-4.766748e+01	2.042047e-03
-4.756748e+01	2.050120e-03
-4.746748e+01	2.058243e-03
-4.736748e+01	2.066413e-03
-4.726748e+01	2.074633e-03
-4.716748e+01	2.082903e-03
-4.706748e+01	2.091223e-03
-4.696748e+01	2.099593e-03
-4.686748e+01	2.108013e-03
-4.676748e+01	2.116485e-03
-4.666748e+01	2.125009e-03
-4.656748e+01	2.133585e-03
-4.646748e+01	2.142213e-03
-4.636748e+01	2.150894e-03
-4.626748e+01	2.159628e-03
-4.616748e+01	2.168416e-03
-4.606748e+01	2.177259e-03
-4.596748e+01	2.186156e-03
-4.586748e+01	2.195108e-03
-4.576748e+01	2.204116e-03
-4.566748e+01	2.213180e-03
-4.556748e+01	2.222300e-03
-4.546748e+01	2.231478e-03
-4.536748e+01	2.240713e-03
-4.526748e+01	2.250006e-03
-4.516748e+01	2.259358e-03
-4.506748e+01	2.268768e-03
-4.496748e+01	2.278238e-03
-4.486748e+01	2.287768e-03
-4.476748e+01	2.297358e-03
-4.466748e+01	2.307010e-03
-4.456748e+01	2.316723e-03
-4.446748e+01	2.326498e-03
-4.436748e+01	2.336336e-03
-4.426748e+01	2.346237e-03
-4.416748e+01	2.356201e-03
-4.406748e+01	2.366230e-03
-4.396748e+01	2.376324e-03
-4.386748e+01	2.386483e-03
-4.376748e+01	2.396708e-03
-4.366748e+01	2.406999e-03
-4.356748e+01	2.417358e-03
-4.346748e+01	2.427784e-03
-4.336748e+01	2.438278e-03
-4.326748e+01	2.448842e-03
-4.316748e+01	2.459475e-03
-4.306748e+01	2.470178e-03
-4.296748e+01	2.480952e-03
-4.286748e+01	2.491797e-03
-4.276748e+01	2.502715e-03
-4.266748e+01	2.513705e-03
-4.256748e+01	2.524768e-03
-4.246748e+01	2.535905e-03
-4.236748e+01	2.547117e-03
-4.226748e+01	2.558405e-03
-4.216748e+01	2.569768e-03
-4.206748e+01	2.581208e-03
-4.196748e+01	2.592725e-03
-4.186748e+01	2.604321e-03
-4.176748e+01	2.615995e-03
-4.166748e+01	2.627749e-03
-4.156748e+01	2.639584e-03
-4.146748e+01	2.651499e-03
-4.136748e+01	2.663496e-03
-4.126748e+01	2.675576e-03
-4.116748e+01	2.687739e-03
-4.106748e+01	2.699986e-03
-4.096748e+01	2.712318e-03
-4.086748e+01	2.724735e-03
-4.076748e+01	2.737240e-03
-4.066748e+01	2.749831e-03
-4.056748e+01	2.762511e-03
-4.046748e+01	2.775279e-03
-4.036748e+01	2.788137e-03
-4.026748e+01	2.801086e-03
-4.016748e+01	2.814127e-03
-4.006748e+01	2.827260e-03
-3.996748e+01	2.840486e-03
-3.986748e+01	2.853806e-03
-3.976748e+01	2.867222e-03
-3.966748e+01	2.880733e-03
-3.956748e+01	2.894341e-03
-3.946748e+01	2.908048e-03
-3.936748e+01	2.921853e-03
-3.926748e+01	2.935758e-03
-3.916748e+01	2.949763e-03
-3.906748e+01	2.963871e-03
-3.896748e+01	2.978081e-03
-3.886748e+01	2.992395e-03
-3.876748e+01	3.006814e-03
-3.866748e+01	3.021339e-03
-3.856748e+01	3.035970e-03
-3.846748e+01	3.050710e-03
-3.836748e+01	3.065559e-03
-3.826748e+01	3.080517e-03
-3.816748e+01	3.095587e-03
-3.806748e+01	3.110770e-03
-3.796748e+01	3.126066e-03
-3.786748e+01	3.141476e-03
-3.776748e+01	3.157003e-03
-3.766748e+01	3.172646e-03
-3.756748e+01	3.188408e-03
-3.746748e+01	3.204289e-03
-3.736748e+01	3.220291e-03
-3.726748e+01	3.236415e-03
-3.716748e+01	3.252661e-03
-3.706748e+01	3.269033e-03
-3.696748e+01	3.285530e-03
-3.686748e+01	3.302154e-03
-3.676748e+01	3.318906e-03
-3.666748e+01	3.335788e-03
-3.656748e+01	3.352801e-03
-3.646748e+01	3.369947e-03
-3.636748e+01	3.387226e-03
-3.626748e+01	3.404641e-03
-3.616748e+01	3.422193e-03
-3.606748e+01	3.439882e-03
-3.596748e+01	3.457712e-03
-3.586748e+01	3.475682e-03
-3.576748e+01	3.493796e-03
-3.566748e+01	3.512053e-03
-3.556748e+01	3.530456e-03
-3.546748e+01	3.549007e-03
-3.536748e+01	3.567706e-03
-3.526748e+01	3.586556e-03
-3.516748e+01	3.605559e-03
-3.506748e+01	3.624715e-03
-3.496748e+01	3.644027e-03
-3.486748e+01	3.663496e-03
-3.476748e+01	3.683125e-03
-3.466748e+01	3.702914e-03
-3.456748e+01	3.722866e-03
-3.446748e+01	3.742982e-03
-3.436748e+01	3.763265e-03
-3.426748e+01	3.783715e-03
-3.416748e+01	3.804336e-03
-3.406748e+01	3.825129e-03
-3.396748e+01	3.846096e-03
-3.386748e+01	3.867239e-03
-3.376748e+01	3.888560e-03
-3.366748e+01	3.910061e-03
-3.356748e+01	3.931743e-03
-3.346748e+01	3.953611e-03
-3.336748e+01	3.975664e-03
-3.326748e+01	3.997906e-03
-3.316748e+01	4.020338e-03
-3.306748e+01	4.042964e-03
-3.296748e+01	4.065785e-03
-3.286748e+01	4.088803e-03
-3.276748e+01	4.112021e-03
-3.266748e+01	4.135441e-03
-3.256748e+01	4.159065e-03
-3.246748e+01	4.182897e-03
-3.236748e+01	4.206938e-03
-3.226748e+01	4.231192e-03
-3.216748e+01	4.255659e-03
-3.206748e+01	4.280344e-03
-3.196748e+01	4.305249e-03
-3.186748e+01	4.330377e-03
-3.176748e+01	4.355729e-03
-3.166748e+01	4.381309e-03
-3.156748e+01	4.407121e-03
-3.146748e+01	4.433165e-03
-3.136748e+01	4.459447e-03
-3.126748e+01	4.485967e-03
-3.116748e+01	4.512731e-03
-3.106748e+01	4.539739e-03
-3.096748e+01	4.566996e-03
-3.086748e+01	4.594505e-03
-3.076748e+01	4.622269e-03
-3.066748e+01	4.650291e-03
-3.056748e+01	4.678574e-03
-3.046748e+01	4.707122e-03
-3.036748e+01	4.735938e-03
-3.026748e+01	4.765026e-03
-3.016748e+01	4.794388e-03
-3.006748e+01	4.824030e-03
-2.996748e+01	4.853954e-03
-2.986748e+01	4.884163e-03
-2.976748e+01	4.914663e-03
-2.966748e+01	4.945456e-03
-2.956748e+01	4.976546e-03
-2.946748e+01	5.007938e-03
-2.936748e+01	5.039635e-03
-2.926748e+01	5.071642e-03
-2.916748e+01	5.103963e-03
-2.906748e+01	5.136601e-03
-2.896748e+01	5.169561e-03
-2.886748e+01	5.202848e-03
-2.876748e+01	5.236466e-03
-2.866748e+01	5.270420e-03
-2.856748e+01	5.304714e-03
-2.846748e+01	5.339352e-03
-2.836748e+01	5.374340e-03
-2.826748e+01	5.409683e-03
-2.816748e+01	5.445385e-03
-2.806748e+01	5.481452e-03
-2.796748e+01	5.517888e-03
-2.786748e+01	5.554699e-03
-2.776748e+01	5.591890e-03
-2.766748e+01	5.629467e-03
-2.756748e+01	5.667435e-03
-2.746748e+01	5.705799e-03
-2.736748e+01	5.744567e-03
-2.726748e+01	5.783742e-03
-2.716748e+01	5.823332e-03
-2.706748e+01	5.863342e-03
-2.696748e+01	5.903778e-03
-2.686748e+01	5.944647e-03
-2.676748e+01	5.985956e-03
-2.666748e+01	6.027710e-03
-2.656748e+01	6.069917e-03
-2.646748e+01	6.112582e-03
-2.636748e+01	6.155714e-03
-2.626748e+01	6.199319e-03
-2.616748e+01	6.243405e-03
-2.606748e+01	6.287978e-03
-2.596748e+01	6.333047e-03
-2.586748e+01	6.378618e-03
-2.576748e+01	6.424700e-03
-2.566748e+01	6.471301e-03
-2.556748e+01	6.518429e-03
-2.546748e+01	6.566091e-03
-2.536748e+01	6.614297e-03
-2.526748e+01	6.663056e-03
-2.516748e+01	6.712375e-03
-2.506748e+01	6.762264e-03
-2.496748e+01	6.812732e-03
-2.486748e+01	6.863789e-03
-2.476748e+01	6.915445e-03
-2.466748e+01	6.967708e-03
-2.456748e+01	7.020589e-03
-2.446748e+01	7.074098e-03
-2.436748e+01	7.128245e-03
-2.426748e+01	7.183042e-03
-2.416748e+01	7.238499e-03
-2.406748e+01	7.294628e-03
-2.396748e+01	7.351439e-03
-2.386748e+01	7.408944e-03
-2.376748e+01	7.467156e-03
-2.366748e+01	7.526086e-03
-2.356748e+01	7.585747e-03
-2.346748e+01	7.646152e-03
-2.336748e+01	7.707313e-03
-2.326748e+01	7.769244e-03
-2.316748e+01	7.831959e-03
-2.306748e+01	7.895472e-03
-2.296748e+01	7.959797e-03
-2.286748e+01	8.024948e-03
-2.276748e+01	8.090941e-03
-2.266748e+01	8.157791e-03
-2.256748e+01	8.225514e-03
-2.246748e+01	8.294125e-03
-2.236748e+01	8.363642e-03
-2.226748e+01	8.434082e-03
-2.216748e+01	8.505461e-03
-2.206748e+01	8.577797e-03
-2.196748e+01	8.651109e-03
-2.186748e+01	8.725416e-03
-2.176748e+01	8.800737e-03
-2.166748e+01	8.877090e-03
-2.156748e+01	8.954498e-03
-2.146748e+01	9.032979e-03
-2.136748e+01	9.112556e-03
-2.126748e+01	9.193251e-03
-2.116748e+01	9.275086e-03
-2.106748e+01	9.358083e-03
-2.096748e+01	9.442267e-03
-2.086748e+01	9.527662e-03
-2.076748e+01	9.614293e-03
-2.066748e+01	9.702186e-03
-2.056748e+01	9.791367e-03
-2.046748e+01	9.881864e-03
-2.036748e+01	9.973703e-03
-2.026748e+01	1.006692e-02
-2.016748e+01	1.016153e-02
-2.006748e+01	1.025757e-02
-1.996748e+01	1.035508e-02
-1.986748e+01	1.045409e-02
-1.976748e+01	1.055462e-02
-1.966748e+01	1.065672e-02
-1.956748e+01	1.076042e-02
-1.946748e+01	1.086575e-02
-1.936748e+01	1.097276e-02
-1.926748e+01	1.108148e-02
-1.916748e+01	1.119195e-02
-1.906748e+01	1.130422e-02
-1.896748e+01	1.141832e-02
-1.886748e+01	1.153430e-02
-1.876748e+01	1.165221e-02
-1.866748e+01	1.177209e-02
-1.856748e+01	1.189399e-02
-1.846748e+01	1.201797e-02
-1.836748e+01	1.214407e-02
-1.826748e+01	1.227235e-02
-1.816748e+01	1.240286e-02
-1.806748e+01	1.253567e-02
-1.796748e+01	1.267083e-02
-1.786748e+01	1.280841e-02
-1.776748e+01	1.294846e-02
-1.766748e+01	1.309107e-02
-1.756748e+01	1.323629e-02
-1.746748e+01	1.338420e-02
-1.736748e+01	1.353487e-02
-1.726748e+01	1.368839e-02
-1.716748e+01	1.384483e-02
-1.706748e+01	1.400428e-02
-1.696748e+01	1.416682e-02
-1.686748e+01	1.433256e-02
-1.676748e+01	1.450158e-02
-1.666748e+01	1.467398e-02
-1.656748e+01	1.484987e-02
-1.646748e+01	1.502936e-02
-1.636748e+01	1.521256e-02
-1.626748e+01	1.539959e-02
-1.616748e+01	1.559057e-02
-1.606748e+01	1.578564e-02
-1.596748e+01	1.598493e-02
-1.586748e+01	1.618859e-02
-1.576748e+01	1.639675e-02
-1.566748e+01	1.660959e-02
-1.556748e+01	1.682727e-02
-1.546748e+01	1.704997e-02
-1.536748e+01	1.727785e-02
-1.526748e+01	1.751113e-02
-1.516748e+01	1.775000e-02
-1.506748e+01	1.799468e-02
-1.496748e+01	1.824540e-02
-1.486748e+01	1.850239e-02
-1.476748e+01	1.876592e-02
-1.466748e+01	1.903624e-02
-1.456748e+01	1.931366e-02
-1.446748e+01	1.959847e-02
-1.436748e+01	1.989100e-02
-1.426748e+01	2.019160e-02
-1.416748e+01	2.050062e-02
-1.406748e+01	2.081847e-02
-1.396748e+01	2.114556e-02
-1.386748e+01	2.148234e-02
-1.376748e+01	2.182930e-02
-1.366748e+01	2.218696e-02
-1.356748e+01	2.255587e-02
-1.346748e+01	2.293663e-02
-1.336748e+01	2.332989e-02
-1.326748e+01	2.373635e-02
-1.316748e+01	2.415677e-02
-1.306748e+01	2.459197e-02
-1.296748e+01	2.504285e-02
-1.286748e+01	2.551039e-02
-1.276748e+01	2.599564e-02
-1.266748e+01	2.649978e-02
-1.256748e+01	2.702409e-02
-1.246748e+01	2.756997e-02
-1.236748e+01	2.813898e-02
-1.226748e+01	2.873282e-02
-1.216748e+01	2.935339e-02
-1.206748e+01	3.000282e-02
-1.196748e+01	3.068345e-02
-1.186748e+01	3.139791e-02
-1.176748e+01	3.214916e-02
-1.166748e+01	3.294052e-02
-1.156748e+01	3.377575e-02
-1.146748e+01	3.465910e-02
-1.136748e+01	3.559543e-02
-1.126748e+01	3.659028e-02
-1.116748e+01	3.765002e-02
-1.106748e+01	3.878198e-02
-1.096748e+01	3.999467e-02
-1.086748e+01	4.129802e-02
-1.076748e+01	4.270363e-02
-1.066748e+01	4.422518e-02
-1.056748e+01	4.587888e-02
-1.046748e+01	4.768409e-02
-1.036748e+01	4.966405e-02
-1.026748e+01	5.184688e-02
-1.016748e+01	5.426690e-02
-1.006748e+01	5.696636e-02
-9.967479e+00	5.999770e-02
-9.867479e+00	6.342674e-02
-9.767479e+00	6.733696e-02
-9.667479e+00	7.183551e-02
-9.567479e+00	7.706173e-02
-9.467479e+00	8.319942e-02
-9.367479e+00	9.049496e-02
-9.267479e+00	9.928433e-02
-9.167479e+00	1.100348e-01
-9.067479e+00	1.234106e-01
-8.967479e+00	1.403791e-01
-8.867479e+00	1.623878e-01
-8.767479e+00	1.916702e-01
-8.667479e+00	2.317888e-01
-8.567479e+00	2.886307e-01
-8.467479e+00	3.722606e-01
-8.367479e+00	5.002694e-01
-8.267479e+00	7.027277e-01
-8.167479e+00	1.022024e+00
-8.067479e+00	1.465167e+00
-7.967479e+00	1.825287e+00
-7.867479e+00	1.723130e+00
-7.767479e+00	1.286302e+00
-7.667479e+00	8.869492e-01
-7.567479e+00	6.210590e-01
-7.467479e+00	4.549167e-01
-7.367479e+00	3.496614e-01
-7.267479e+00	2.807283e-01
-7.167479e+00	2.340090e-01
-7.067479e+00	2.013861e-01
-6.967479e+00	1.780548e-01
-6.867479e+00	1.610702e-01
-6.767479e+00	1.485657e-01
-6.667479e+00	1.393207e-01
-6.567479e+00	1.325155e-01
-6.467479e+00	1.275875e-01
-6.367479e+00	1.241433e-01
-6.267479e+00	1.219060e-01
-6.167479e+00	1.206805e-01
-6.067479e+00	1.203339e-01
-5.967479e+00	1.207836e-01
-5.867479e+00	1.219935e-01
-5.767479e+00	1.239688e-01
-5.667479e+00	1.267204e-01
-5.567479e+00	1.301035e-01
-5.467479e+00	1.336137e-01
-5.367479e+00	1.370916e-01
-5.267479e+00	1.411143e-01
-5.167479e+00	1.460410e-01
-5.067479e+00	1.519495e-01
-4.967479e+00	1.588970e-01
-4.867479e+00	1.669998e-01
-4.767479e+00	1.764498e-01
-4.667479e+00	1.875336e-01
-4.567479e+00	2.006718e-01
-4.467479e+00	2.164912e-01
-4.367479e+00	2.359492e-01
-4.267479e+00	2.605106e-01
-4.167479e+00	2.921654e-01
-4.067479e+00	3.321112e-01
-3.967479e+00	3.769674e-01
-3.867479e+00	4.237746e-01
-3.767479e+00	4.845392e-01
-3.667479e+00	5.775322e-01
-3.567479e+00	7.228327e-01
-3.467479e+00	9.466537e-01
-3.367479e+00	1.258063e+00
-3.267479e+00	1.559838e+00
-3.167479e+00	1.691802e+00
-3.067479e+00	1.736341e+00
-2.967479e+00	1.775730e+00
-2.867479e+00	1.729578e+00
-2.767479e+00	1.597197e+00
-2.667479e+00	1.454280e+00
-2.567479e+00	1.388787e+00
-2.467479e+00	1.438629e+00
-2.367479e+00	1.584338e+00
-2.267479e+00	1.732504e+00
-2.167479e+00	1.873591e+00
-2.067479e+00	2.114645e+00
-1.967479e+00	2.376771e+00
-1.867479e+00	2.408222e+00
-1.767479e+00	2.235591e+00
-1.667479e+00	2.142652e+00
-1.567479e+00	2.272867e+00
-1.467479e+00	2.675041e+00
-1.367479e+00	3.387075e+00
-1.267479e+00	4.297609e+00
-1.167479e+00	4.984716e+00
-1.067479e+00	5.440811e+00
-9.674791e-01	6.274179e+00
-8.674791e-01	7.410068e+00
-7.674791e-01	7.636980e+00
-6.674791e-01	6.583248e+00
-5.674791e-01	5.486807e+00
-4.674791e-01	5.033007e+00
-3.674791e-01	5.307420e+00
-2.674791e-01	6.388681e+00
-1.674791e-01	8.479356e+00
-6.747911e-02	1.152627e+01
3.252089e-02	1.401893e+01
1.325209e-01	1.380520e+01
2.325209e-01	1.185937e+01
3.325209e-01	9.424899e+00
4.325209e-01	6.873079e+00
5.325209e-01	4.867278e+00
6.325209e-01	3.527911e+00
7.325209e-01	2.659302e+00
8.325209e-01	2.083111e+00
9.325209e-01	1.687826e+00
1.032521e+00	1.408262e+00
1.132521e+00	1.206210e+00
1.232521e+00	1.059015e+00
1.332521e+00	9.529495e-01
1.432521e+00	8.769743e-01
1.532521e+00	8.150265e-01
1.632521e+00	7.549830e-01
1.732521e+00	7.040529e-01
1.832521e+00	6.698246e-01
1.932521e+00	6.534901e-01
2.032521e+00	6.560670e-01
2.132521e+00	6.805229e-01
2.232521e+00	7.283619e-01
2.332521e+00	7.939284e-01
2.432521e+00	8.844225e-01
2.532521e+00	1.029391e+00
2.632521e+00	1.203277e+00
2.732521e+00	1.256116e+00
2.832521e+00	1.125899e+00
2.932521e+00	9.672680e-01
3.032521e+00	8.712954e-01
3.132521e+00	8.344257e-01
3.232521e+00	8.306114e-01
3.332521e+00	8.486802e-01
3.432521e+00	8.949987e-01
3.532521e+00	9.777206e-01
3.632521e+00	1.112542e+00
3.732521e+00	1.325097e+00
3.832521e+00	1.659067e+00
3.932521e+00	2.191191e+00
4.032521e+00	3.036511e+00
4.132521e+00	4.249041e+00
4.232521e+00	5.372294e+00
4.332521e+00	5.315351e+00
4.432521e+00	4.178203e+00
4.532521e+00	3.045277e+00
4.632521e+00	2.287684e+00
4.732521e+00	1.831623e+00
4.832521e+00	1.565067e+00
4.932521e+00	1.415400e+00
5.032521e+00	1.341540e+00
5.132521e+00	1.320983e+00
5.232521e+00	1.341830e+00
5.332521e+00	1.398561e+00
5.432521e+00	1.489926e+00
5.532521e+00	1.618046e+00
5.632521e+00	1.788269e+00
5.732521e+00	2.009653e+00
5.832521e+00	2.296121e+00
5.932521e+00	2.668560e+00
6.032521e+00	3.158441e+00
6.132521e+00	3.814051e+00
6.232521e+00	4.711479e+00
6.332521e+00	5.974504e+00
6.432521e+00	7.811462e+00
6.532521e+00	1.058353e+01
6.632521e+00	1.492134e+01
6.732521e+00	2.184595e+01
6.832521e+00	3.239729e+01
6.932521e+00	4.472031e+01
7.032521e+00	4.927545e+01
7.132521e+00	4.052536e+01
7.232521e+00	2.817109e+01
7.332521e+00	1.896327e+01
7.432521e+00	1.309813e+01
7.532521e+00	9.408302e+00
7.632521e+00	7.017355e+00
7.732521e+00	5.407564e+00
7.832521e+00	4.282959e+00
7.932521e+00	3.471081e+00
8.032521e+00	2.868050e+00
8.132521e+00	2.409045e+00
8.232521e+00	2.052238e+00
8.332521e+00	1.769809e+00
8.432521e+00	1.542754e+00
8.532521e+00	1.357792e+00
8.632521e+00	1.205475e+00
8.732521e+00	1.079020e+00
8.832521e+00	9.735650e-01
8.932521e+00	8.855642e-01
9.032521e+00	8.116556e-01
9.132521e+00	7.469058e-01
9.232521e+00	6.876575e-01
9.332521e+00	6.354353e-01
9.432521e+00	5.916799e-01
9.532521e+00	5.562057e-01
9.632521e+00	5.289017e-01
9.732521e+00	5.105631e-01
9.832521e+00	5.034515e-01
9.932521e+00	5.121182e-01
1.003252e+01	5.438761e-01
1.013252e+01	6.034682e-01
1.023252e+01	6.661832e-01
1.033252e+01	6.637084e-01
1.043252e+01	5.967474e-01
1.053252e+01	5.378390e-01
1.063252e+01	5.052753e-01
1.073252e+01	4.644784e-01
1.083252e+01	4.014792e-01
1.093252e+01	3.422248e-01
1.103252e+01	2.985591e-01
1.113252e+01	2.676819e-01
1.123252e+01	2.449288e-01
1.133252e+01	2.268657e-01
1.143252e+01	2.120096e-01
1.153252e+01	1.999316e-01
1.163252e+01	1.902694e-01
1.173252e+01	1.826064e-01
1.183252e+01	1.759536e-01
1.193252e+01	1.689883e-01
1.203252e+01	1.620177e-01
1.213252e+01	1.561770e-01
1.223252e+01	1.521142e-01
1.233252e+01	1.490293e-01
1.243252e+01	1.441533e-01
1.253252e+01	1.369040e-01
1.263252e+01	1.298566e-01
1.273252e+01	1.241148e-01
1.283252e+01	1.195008e-01
1.293252e+01	1.157101e-01
1.303252e+01	1.121726e-01
1.313252e+01	1.085653e-01
1.323252e+01	1.051811e-01
1.333252e+01	1.022294e-01
1.343252e+01	9.972291e-02
1.353252e+01	9.753107e-02
1.363252e+01	9.557275e-02
1.373252e+01	9.399311e-02
1.383252e+01	9.321773e-02
1.393252e+01	9.354727e-02
1.403252e+01	9.484332e-02
1.413252e+01	9.659376e-02
1.423252e+01	9.956472e-02
1.433252e+01	1.053395e-01
1.443252e+01	1.143840e-01
1.453252e+01	1.261692e-01
1.463252e+01	1.341644e-01
1.473252e+01	1.293225e-01
1.483252e+01	1.177127e-01
1.493252e+01	1.071891e-01
1.503252e+01	1.008798e-01
1.513252e+01	9.978282e-02
1.523252e+01	1.002130e-01
1.533252e+01	9.544762e-02
1.543252e+01	8.676589e-02
1.553252e+01	7.989566e-02
1.563252e+01	7.633538e-02
1.573252e+01	7.481983e-02
1.583252e+01	7.335990e-02
1.593252e+01	7.021828e-02
1.603252e+01	6.536665e-02
1.613252e+01	6.087506e-02
1.623252e+01	5.762470e-02
1.633252e+01	5.544053e-02
1.643252e+01	5.405935e-02
1.653252e+01	5.336558e-02
1.663252e+01	5.340428e-02
1.673252e+01	5.438361e-02
1.683252e+01	5.660339e-02
1.693252e+01	5.991044e-02
1.703252e+01	6.277007e-02
1.713252e+01	6.392019e-02
1.723252e+01	6.360810e-02
1.733252e+01	6.292076e-02
1.743252e+01	6.348150e-02
1.753252e+01	6.472974e-02
1.763252e+01	6.560104e-02
1.773252e+01	6.549196e-02
1.783252e+01	6.390045e-02
1.793252e+01	6.256534e-02
1.803252e+01	6.314644e-02
1.813252e+01	6.434486e-02
1.823252e+01	6.488150e-02
1.833252e+01	6.663277e-02
1.843252e+01	7.097746e-02
1.853252e+01	7.601817e-02
1.863252e+01	7.913856e-02
1.873252e+01	8.412917e-02
1.883252e+01	9.277244e-02
1.893252e+01	9.548803e-02
1.903252e+01	8.496213e-02
1.913252e+01	7.093683e-02
1.923252e+01	6.114656e-02
1.933252e+01	5.630936e-02
1.943252e+01	5.498722e-02
1.953252e+01	5.470592e-02
1.963252e+01	5.400688e-02
1.973252e+01	5.242565e-02
1.983252e+01	4.954154e-02
1.993252e+01	4.645711e-02
2.003252e+01	4.377962e-02
2.013252e+01	4.126375e-02
2.023252e+01	3.808337e-02
2.033252e+01	3.488757e-02
2.043252e+01	3.237533e-02
2.053252e+01	3.053296e-02
2.063252e+01	2.924895e-02
2.073252e+01	2.841021e-02
2.083252e+01	2.794612e-02
2.093252e+01	2.785892e-02
2.103252e+01	2.823023e-02
2.113252e+01	2.916384e-02
2.123252e+01	3.047071e-02
2.133252e+01	3.131454e-02
2.143252e+01	3.108872e-02
2.153252e+01	3.030056e-02
2.163252e+01	2.994012e-02
2.173252e+01	3.026907e-02
2.183252e+01	3.093602e-02
2.193252e+01	3.214320e-02
2.203252e+01	3.456329e-02
2.213252e+01	3.816057e-02
2.223252e+01	4.040368e-02
2.233252e+01	3.866103e-02
2.243252e+01	3.417856e-02
2.253252e+01	2.973830e-02
2.263252e+01	2.661353e-02
2.273252e+01	2.461700e-02
2.283252e+01	2.332203e-02
2.293252e+01	2.242616e-02
2.303252e+01	2.174410e-02
2.313252e+01	2.127032e-02
2.323252e+01	2.092066e-02
2.333252e+01	2.056704e-02
2.343252e+01	2.029940e-02
2.353252e+01	2.025366e-02
2.363252e+01	2.048011e-02
2.373252e+01	2.088177e-02
2.383252e+01	2.117462e-02
2.393252e+01	2.143338e-02
2.403252e+01	2.215935e-02
2.413252e+01	2.367463e-02
2.423252e+01	2.574168e-02
2.433252e+01	2.692837e-02
2.443252e+01	2.609208e-02
2.453252e+01	2.439861e-02
2.463252e+01	2.289737e-02
2.473252e+01	2.186125e-02
2.483252e+01	2.133277e-02
2.493252e+01	2.125799e-02
2.503252e+01	2.143853e-02
2.513252e+01	2.143855e-02
2.523252e+01	2.126980e-02
2.533252e+01	2.147654e-02
2.543252e+01	2.211971e-02
2.553252e+01	2.260905e-02
2.563252e+01	2.259052e-02
2.573252e+01	2.258937e-02
2.583252e+01	2.312487e-02
2.593252e+01	2.416607e-02
2.603252e+01	2.559307e-02
2.613252e+01	2.748978e-02
2.623252e+01	3.038483e-02
2.633252e+01	3.522802e-02
2.643252e+01	4.288034e-02
2.653252e+01	5.306094e-02
2.663252e+01	6.314272e-02
2.673252e+01	7.221422e-02
2.683252e+01	8.317853e-02
2.693252e+01	9.632810e-02
2.703252e+01	1.021887e-01
2.713252e+01	9.416105e-02
2.723252e+01	7.987378e-02
2.733252e+01	6.461015e-02
2.743252e+01	5.135394e-02
2.753252e+01	4.241203e-02
2.763252e+01	3.739596e-02
2.773252e+01	3.497937e-02
2.783252e+01	3.351655e-02
2.793252e+01	3.213435e-02
2.803252e+01	3.169015e-02
2.813252e+01	3.230224e-02
2.823252e+01	3.296812e-02
2.833252e+01	3.440359e-02
2.843252e+01	3.840886e-02
2.853252e+01	4.493564e-02
2.863252e+01	5.037420e-02
2.873252e+01	4.991971e-02
2.883252e+01	4.312142e-02
2.893252e+01	3.527850e-02
2.903252e+01	2.993405e-02
2.913252e+01	2.721863e-02
2.923252e+01	2.660687e-02
2.933252e+01	2.785906e-02
2.943252e+01	3.087647e-02
2.953252e+01	3.555445e-02
2.963252e+01	4.231759e-02
2.973252e+01	4.965923e-02
2.983252e+01	5.202945e-02
2.993252e+01	4.939961e-02
3.003252e+01	4.748590e-02
3.013252e+01	4.816255e-02
3.023252e+01	4.716732e-02
3.033252e+01	4.182109e-02
3.043252e+01	3.658708e-02
3.053252e+01	3.405701e-02
3.063252e+01	3.257674e-02
3.073252e+01	3.045726e-02
3.083252e+01	2.888228e-02
3.093252e+01	2.899773e-02
3.103252e+01	2.924284e-02
3.113252e+01	2.686232e-02
3.123252e+01	2.303254e-02
3.133252e+01	2.011573e-02
3.143252e+01	1.861287e-02
3.153252e+01	1.836304e-02
3.163252e+01	1.910038e-02
3.173252e+01	1.990562e-02
3.183252e+01	1.945913e-02
3.193252e+01	1.835661e-02
3.203252e+01	1.797997e-02
3.213252e+01	1.887476e-02
3.223252e+01	2.127267e-02
3.233252e+01	2.511519e-02
3.243252e+01	2.907930e-02
3.253252e+01	2.987820e-02
3.263252e+01	2.683137e-02
3.273252e+01	2.375157e-02
3.283252e+01	2.242101e-02
3.293252e+01	2.154216e-02
3.303252e+01	1.944948e-02
3.313252e+01	1.689308e-02
3.323252e+01	1.507755e-02
3.333252e+01	1.408835e-02
3.343252e+01	1.339951e-02
3.353252e+01	1.243100e-02
3.363252e+01	1.130210e-02
3.373252e+01	1.040544e-02
3.383252e+01	9.817153e-03
3.393252e+01	9.484527e-03
3.403252e+01	9.366349e-03
3.413252e+01	9.419819e-03
3.423252e+01	9.499199e-03
3.433252e+01	9.338681e-03
3.443252e+01	8.954760e-03
3.453252e+01	8.575376e-03
3.463252e+01	8.259192e-03
3.473252e+01	8.017482e-03
3.483252e+01	7.853770e-03
3.493252e+01	7.763145e-03
3.503252e+01	7.731530e-03
3.513252e+01	7.734661e-03
3.523252e+01	7.775517e-03
3.533252e+01	7.898236e-03
3.543252e+01	8.159996e-03
3.553252e+01	8.640227e-03
3.563252e+01	9.452431e-03
3.573252e+01	1.063315e-02
3.583252e+01	1.167477e-02
3.593252e+01	1.152986e-02
3.603252e+01	1.045010e-02
3.613252e+01	9.468393e-03
3.623252e+01	8.854584e-03
3.633252e+01	8.530855e-03
3.643252e+01	8.349810e-03
3.653252e+01	8.134539e-03
3.663252e+01	7.946811e-03
3.673252e+01	7.922402e-03
3.683252e+01	8.079429e-03
3.693252e+01	8.288492e-03
3.703252e+01	8.350656e-03
3.713252e+01	8.370044e-03
3.723252e+01	8.580358e-03
3.733252e+01	9.052668e-03
3.743252e+01	9.746893e-03
3.753252e+01	1.046894e-02
3.763252e+01	1.110588e-02
3.773252e+01	1.213545e-02
3.783252e+01	1.395845e-02
3.793252e+01	1.613862e-02
3.803252e+01	1.717555e-02
3.813252e+01	1.610891e-02
3.823252e+01	1.431342e-02
3.833252e+01	1.296519e-02
3.843252e+01	1.194617e-02
3.853252e+01	1.119645e-02
3.863252e+01	1.085243e-02
3.873252e+01	1.093590e-02
3.883252e+01	1.134024e-02
3.893252e+01	1.198507e-02
3.903252e+01	1.265623e-02
3.913252e+01	1.318324e-02
3.923252e+01	1.373324e-02
3.933252e+01	1.394383e-02
3.943252e+01	1.340614e-02
3.953252e+01	1.277520e-02
3.963252e+01	1.243395e-02
3.973252e+01	1.233597e-02
3.983252e+01	1.241859e-02
3.993252e+01	1.278494e-02
4.003252e+01	1.363510e-02
4.013252e+01	1.532042e-02
4.023252e+01	1.836831e-02
4.033252e+01	2.337476e-02
4.043252e+01	3.026797e-02
4.053252e+01	3.617577e-02
4.063252e+01	3.799499e-02
4.073252e+01	3.908496e-02
4.083252e+01	4.195533e-02
4.093252e+01	4.276686e-02
4.103252e+01	3.771954e-02
4.113252e+01	3.015379e-02
4.123252e+01	2.391507e-02
4.133252e+01	1.973163e-02
4.143252e+01	1.693944e-02
4.153252e+01	1.509577e-02
4.163252e+01	1.411271e-02
4.173252e+01	1.370416e-02
4.183252e+01	1.362625e-02
4.193252e+01	1.383604e-02
4.203252e+01	1.475693e-02
4.213252e+01	1.685048e-02
4.223252e+01	1.938255e-02
4.233252e+01	1.974115e-02
4.243252e+01	1.737794e-02
4.253252e+01	1.504079e-02
4.263252e+01	1.410658e-02
4.273252e+01	1.418630e-02
4.283252e+01	1.371581e-02
4.293252e+01	1.184418e-02
4.303252e+01	9.747503e-03
4.313252e+01	8.201431e-03
4.323252e+01	7.175804e-03
4.333252e+01	6.492870e-03
4.343252e+01	6.024476e-03
4.353252e+01	5.692206e-03
4.363252e+01	5.441727e-03
4.373252e+01	5.238570e-03
4.383252e+01	5.076331e-03
4.393252e+01	4.954677e-03
4.403252e+01	4.870584e-03
4.413252e+01	4.823018e-03
4.423252e+01	4.811636e-03
4.433252e+01	4.826496e-03
4.443252e+01	4.855425e-03
4.453252e+01	4.912707e-03
4.463252e+01	4.988361e-03
4.473252e+01	5.057527e-03
4.483252e+01	5.172197e-03
4.493252e+01	5.351947e-03
4.503252e+01	5.536279e-03
4.513252e+01	5.795257e-03
4.523252e+01	6.310015e-03
4.533252e+01	7.114008e-03
4.543252e+01	7.755550e-03
4.553252e+01	7.493313e-03
4.563252e+01	6.638615e-03
4.573252e+01	5.879358e-03
4.583252e+01	5.358871e-03
4.593252e+01	5.038708e-03
4.603252e+01	4.871882e-03
4.613252e+01	4.817985e-03
4.623252e+01	4.860293e-03
4.633252e+01	5.013408e-03
4.643252e+01	5.319489e-03
4.653252e+01	5.853729e-03
4.663252e+01	6.700677e-03
4.673252e+01	7.740179e-03
4.683252e+01	8.245293e-03
4.693252e+01	7.707624e-03
4.703252e+01	6.873811e-03
4.713252e+01	6.344840e-03
4.723252e+01	6.186061e-03
4.733252e+01	6.356212e-03
4.743252e+01	6.871547e-03
4.753252e+01	7.840741e-03
4.763252e+01	9.472306e-03
4.773252e+01	1.192979e-02
4.783252e+01	1.459026e-02
4.793252e+01	1.557345e-02
4.803252e+01	1.487824e-02
4.813252e+01	1.472252e-02
4.823252e+01	1.600639e-02
4.833252e+01	1.771746e-02
4.843252e+01	1.730495e-02
4.853252e+01	1.432842e-02
4.863252e+01	1.125689e-02
4.873252e+01	9.167760e-03
4.883252e+01	7.769263e-03
4.893252e+01	6.732544e-03
4.903252e+01	6.035364e-03
4.913252e+01	5.654197e-03
4.923252e+01	5.478375e-03
4.933252e+01	5.316986e-03
4.943252e+01	5.120400e-03
4.953252e+01	5.050011e-03
4.963252e+01	5.210041e-03
4.973252e+01	5.533778e-03
4.983252e+01	5.637750e-03
4.993252e+01	5.223403e-03
5.003252e+01	4.642379e-03
5.013252e+01	4.198106e-03
5.023252e+01	3.910598e-03
5.033252e+01	3.731822e-03
5.043252e+01	3.626609e-03
5.053252e+01	3.577621e-03
5.063252e+01	3.581288e-03
5.073252e+01	3.647142e-03
5.083252e+01	3.799441e-03
5.093252e+01	4.072821e-03
5.103252e+01	4.454812e-03
5.113252e+01	4.722338e-03
5.123252e+01	4.594438e-03
5.133252e+01	4.276481e-03
5.143252e+01	4.065179e-03
5.153252e+01	4.040726e-03
5.163252e+01	4.218571e-03
5.173252e+01	4.603805e-03
5.183252e+01	5.057066e-03
5.193252e+01	5.181776e-03
5.203252e+01	4.933107e-03
5.213252e+01	4.695627e-03
5.223252e+01	4.593946e-03
5.233252e+01	4.638000e-03
5.243252e+01	4.726341e-03
5.253252e+01	4.583931e-03
5.263252e+01	4.279120e-03
5.273252e+01	4.025829e-03
5.283252e+01	3.773078e-03
5.293252e+01	3.497867e-03
5.303252e+01	3.287326e-03
5.313252e+01	3.166287e-03
5.323252e+01	3.105243e-03
5.333252e+01	3.042884e-03
5.343252e+01	2.949816e-03
5.353252e+01	2.863295e-03
5.363252e+01	2.806787e-03
5.373252e+01	2.781271e-03
5.383252e+01	2.786307e-03
5.393252e+01	2.822352e-03
5.403252e+01	2.872585e-03
5.413252e+01	2.884035e-03
5.423252e+01	2.833852e-03
5.433252e+01	2.771446e-03
5.443252e+01	2.733644e-03
5.453252e+01	2.719587e-03
5.463252e+01	2.702362e-03
5.473252e+01	2.670756e-03
5.483252e+01	2.645595e-03
5.493252e+01	2.643940e-03
5.503252e+01	2.671899e-03
5.513252e+01	2.726804e-03
5.523252e+01	2.773462e-03
5.533252e+01	2.755851e-03
5.543252e+01	2.696912e-03
5.553252e+01	2.646121e-03
5.563252e+01	2.611155e-03
5.573252e+01	2.591709e-03
5.583252e+01	2.586801e-03
5.593252e+01	2.593220e-03
5.603252e+01	2.612317e-03
5.613252e+01	2.648930e-03
5.623252e+01	2.710205e-03
5.633252e+01	2.806736e-03
5.643252e+01	2.943842e-03
5.653252e+01	3.085177e-03
5.663252e+01	3.146670e-03
5.673252e+01	3.132708e-03
5.683252e+01	3.106698e-03
5.693252e+01	3.086025e-03
5.703252e+01	3.098698e-03
5.713252e+01	3.161022e-03
5.723252e+01	3.283186e-03
5.733252e+01	3.487913e-03
5.743252e+01	3.804320e-03
5.753252e+01	4.238020e-03
5.763252e+01	4.701810e-03
5.773252e+01	5.096984e-03
5.783252e+01	5.483617e-03
5.793252e+01	5.971965e-03
5.803252e+01	6.430582e-03
5.813252e+01	6.673714e-03
5.823252e+01	6.789255e-03
5.833252e+01	7.025499e-03
5.843252e+01	7.495179e-03
5.853252e+01	8.061943e-03
5.863252e+01	8.335680e-03
5.873252e+01	8.404790e-03
5.883252e+01	8.898312e-03
5.893252e+01	1.021862e-02
5.903252e+01	1.268107e-02
5.913252e+01	1.653566e-02
5.923252e+01	2.111939e-02
5.933252e+01	2.447164e-02
5.943252e+01	2.610032e-02
5.953252e+01	2.777147e-02
5.963252e+01	3.033325e-02
5.973252e+01	3.033453e-02
5.983252e+01	2.585888e-02
5.993252e+01	2.022220e-02
6.003252e+01	1.612941e-02
6.013252e+01	1.397313e-02
6.023252e+01	1.278737e-02
6.033252e+01	1.126618e-02
6.043252e+01	9.426443e-03
6.053252e+01	7.949158e-03
6.063252e+01	6.927939e-03
6.073252e+01	6.192175e-03
6.083252e+01	5.594402e-03
6.093252e+01	5.175054e-03
6.103252e+01	4.979256e-03
6.113252e+01	5.029844e-03
6.123252e+01	5.401228e-03
6.133252e+01	6.158363e-03
6.143252e+01	7.074804e-03
6.153252e+01	7.306284e-03
6.163252e+01	6.574028e-03
6.173252e+01	5.753357e-03
6.183252e+01	5.244207e-03
6.193252e+01	4.804683e-03
6.203252e+01	4.300124e-03
6.213252e+01	3.877271e-03
6.223252e+01	3.592966e-03
6.233252e+01	3.435115e-03
6.243252e+01	3.384444e-03
6.253252e+01	3.429391e-03
6.263252e+01	3.574453e-03
6.273252e+01	3.844477e-03
6.283252e+01	4.293054e-03
6.293252e+01	5.020902e-03
6.303252e+01	6.206820e-03
6.313252e+01	8.124723e-03
6.323252e+01	1.094384e-02
6.333252e+01	1.372076e-02
6.343252e+01	1.383244e-02
