#RPA-results:
#Nucleus: Ni 80
#Fermi level: -1.541935e+00	-1.810941e+01
#Excitation: 1 +
#Total number of pairs: 494
#Number of ph-/ah-pairs: 494/0
#Maximal excitation-energy for particle-hole-pairs: 100
#Maximal excitation-energy for antiparticle-hole-pairs: 1000
#No imaginary eigenvalues

#Parameterset: DD-PC1
#natural parity: no
#Isoscalar result:

#width: 5.000000e-01
#maximum value: 1.273394e-02
#at energy: 6.343252e+01
-9.656748e+01	5.332272e-04
-9.646748e+01	5.342930e-04
-9.636748e+01	5.353621e-04
-9.626748e+01	5.364343e-04
-9.616748e+01	5.375098e-04
-9.606748e+01	5.385885e-04
-9.596748e+01	5.396705e-04
-9.586748e+01	5.407558e-04
-9.576748e+01	5.418443e-04
-9.566748e+01	5.429362e-04
-9.556748e+01	5.440313e-04
-9.546748e+01	5.451298e-04
-9.536748e+01	5.462316e-04
-9.526748e+01	5.473367e-04
-9.516748e+01	5.484452e-04
-9.506748e+01	5.495571e-04
-9.496748e+01	5.506724e-04
-9.486748e+01	5.517911e-04
-9.476748e+01	5.529132e-04
-9.466748e+01	5.540387e-04
-9.456748e+01	5.551677e-04
-9.446748e+01	5.563001e-04
-9.436748e+01	5.574360e-04
-9.426748e+01	5.585754e-04
-9.416748e+01	5.597183e-04
-9.406748e+01	5.608647e-04
-9.396748e+01	5.620147e-04
-9.386748e+01	5.631682e-04
-9.376748e+01	5.643252e-04
-9.366748e+01	5.654859e-04
-9.356748e+01	5.666501e-04
-9.346748e+01	5.678179e-04
-9.336748e+01	5.689894e-04
-9.326748e+01	5.701645e-04
-9.316748e+01	5.713432e-04
-9.306748e+01	5.725256e-04
-9.296748e+01	5.737117e-04
-9.286748e+01	5.749014e-04
-9.276748e+01	5.760949e-04
-9.266748e+01	5.772921e-04
-9.256748e+01	5.784931e-04
-9.246748e+01	5.796978e-04
-9.236748e+01	5.809063e-04
-9.226748e+01	5.821186e-04
-9.216748e+01	5.833346e-04
-9.206748e+01	5.845545e-04
-9.196748e+01	5.857783e-04
-9.186748e+01	5.870059e-04
-9.176748e+01	5.882373e-04
-9.166748e+01	5.894727e-04
-9.156748e+01	5.907119e-04
-9.146748e+01	5.919551e-04
-9.136748e+01	5.932022e-04
-9.126748e+01	5.944532e-04
-9.116748e+01	5.957083e-04
-9.106748e+01	5.969673e-04
-9.096748e+01	5.982303e-04
-9.086748e+01	5.994973e-04
-9.076748e+01	6.007684e-04
-9.066748e+01	6.020435e-04
-9.056748e+01	6.033227e-04
-9.046748e+01	6.046060e-04
-9.036748e+01	6.058933e-04
-9.026748e+01	6.071848e-04
-9.016748e+01	6.084805e-04
-9.006748e+01	6.097803e-04
-8.996748e+01	6.110843e-04
-8.986748e+01	6.123925e-04
-8.976748e+01	6.137049e-04
-8.966748e+01	6.150215e-04
-8.956748e+01	6.163424e-04
-8.946748e+01	6.176675e-04
-8.936748e+01	6.189969e-04
-8.926748e+01	6.203307e-04
-8.916748e+01	6.216687e-04
-8.906748e+01	6.230111e-04
-8.896748e+01	6.243579e-04
-8.886748e+01	6.257090e-04
-8.876748e+01	6.270645e-04
-8.866748e+01	6.284245e-04
-8.856748e+01	6.297889e-04
-8.846748e+01	6.311577e-04
-8.836748e+01	6.325310e-04
-8.826748e+01	6.339088e-04
-8.816748e+01	6.352912e-04
-8.806748e+01	6.366780e-04
-8.796748e+01	6.380695e-04
-8.786748e+01	6.394654e-04
-8.776748e+01	6.408660e-04
-8.766748e+01	6.422712e-04
-8.756748e+01	6.436811e-04
-8.746748e+01	6.450956e-04
-8.736748e+01	6.465147e-04
-8.726748e+01	6.479386e-04
-8.716748e+01	6.493672e-04
-8.706748e+01	6.508005e-04
-8.696748e+01	6.522386e-04
-8.686748e+01	6.536815e-04
-8.676748e+01	6.551291e-04
-8.666748e+01	6.565816e-04
-8.656748e+01	6.580390e-04
-8.646748e+01	6.595012e-04
-8.636748e+01	6.609683e-04
-8.626748e+01	6.624403e-04
-8.616748e+01	6.639172e-04
-8.606748e+01	6.653991e-04
-8.596748e+01	6.668860e-04
-8.586748e+01	6.683778e-04
-8.576748e+01	6.698747e-04
-8.566748e+01	6.713766e-04
-8.556748e+01	6.728836e-04
-8.546748e+01	6.743957e-04
-8.536748e+01	6.759129e-04
-8.526748e+01	6.774352e-04
-8.516748e+01	6.789627e-04
-8.506748e+01	6.804954e-04
-8.496748e+01	6.820333e-04
-8.486748e+01	6.835764e-04
-8.476748e+01	6.851248e-04
-8.466748e+01	6.866784e-04
-8.456748e+01	6.882373e-04
-8.446748e+01	6.898016e-04
-8.436748e+01	6.913712e-04
-8.426748e+01	6.929462e-04
-8.416748e+01	6.945266e-04
-8.406748e+01	6.961124e-04
-8.396748e+01	6.977037e-04
-8.386748e+01	6.993004e-04
-8.376748e+01	7.009026e-04
-8.366748e+01	7.025104e-04
-8.356748e+01	7.041237e-04
-8.346748e+01	7.057426e-04
-8.336748e+01	7.073671e-04
-8.326748e+01	7.089972e-04
-8.316748e+01	7.106329e-04
-8.306748e+01	7.122744e-04
-8.296748e+01	7.139215e-04
-8.286748e+01	7.155744e-04
-8.276748e+01	7.172330e-04
-8.266748e+01	7.188975e-04
-8.256748e+01	7.205677e-04
-8.246748e+01	7.222438e-04
-8.236748e+01	7.239257e-04
-8.226748e+01	7.256136e-04
-8.216748e+01	7.273073e-04
-8.206748e+01	7.290070e-04
-8.196748e+01	7.307127e-04
-8.186748e+01	7.324244e-04
-8.176748e+01	7.341421e-04
-8.166748e+01	7.358659e-04
-8.156748e+01	7.375958e-04
-8.146748e+01	7.393318e-04
-8.136748e+01	7.410739e-04
-8.126748e+01	7.428223e-04
-8.116748e+01	7.445768e-04
-8.106748e+01	7.463376e-04
-8.096748e+01	7.481046e-04
-8.086748e+01	7.498779e-04
-8.076748e+01	7.516576e-04
-8.066748e+01	7.534436e-04
-8.056748e+01	7.552360e-04
-8.046748e+01	7.570348e-04
-8.036748e+01	7.588401e-04
-8.026748e+01	7.606519e-04
-8.016748e+01	7.624701e-04
-8.006748e+01	7.642949e-04
-7.996748e+01	7.661263e-04
-7.986748e+01	7.679643e-04
-7.976748e+01	7.698089e-04
-7.966748e+01	7.716602e-04
-7.956748e+01	7.735182e-04
-7.946748e+01	7.753829e-04
-7.936748e+01	7.772544e-04
-7.926748e+01	7.791326e-04
-7.916748e+01	7.810178e-04
-7.906748e+01	7.829097e-04
-7.896748e+01	7.848086e-04
-7.886748e+01	7.867144e-04
-7.876748e+01	7.886272e-04
-7.866748e+01	7.905470e-04
-7.856748e+01	7.924738e-04
-7.846748e+01	7.944077e-04
-7.836748e+01	7.963487e-04
-7.826748e+01	7.982968e-04
-7.816748e+01	8.002521e-04
-7.806748e+01	8.022146e-04
-7.796748e+01	8.041843e-04
-7.786748e+01	8.061614e-04
-7.776748e+01	8.081457e-04
-7.766748e+01	8.101374e-04
-7.756748e+01	8.121365e-04
-7.746748e+01	8.141430e-04
-7.736748e+01	8.161570e-04
-7.726748e+01	8.181785e-04
-7.716748e+01	8.202075e-04
-7.706748e+01	8.222441e-04
-7.696748e+01	8.242883e-04
-7.686748e+01	8.263401e-04
-7.676748e+01	8.283997e-04
-7.666748e+01	8.304670e-04
-7.656748e+01	8.325420e-04
-7.646748e+01	8.346248e-04
-7.636748e+01	8.367155e-04
-7.626748e+01	8.388141e-04
-7.616748e+01	8.409206e-04
-7.606748e+01	8.430350e-04
-7.596748e+01	8.451575e-04
-7.586748e+01	8.472880e-04
-7.576748e+01	8.494266e-04
-7.566748e+01	8.515733e-04
-7.556748e+01	8.537282e-04
-7.546748e+01	8.558913e-04
-7.536748e+01	8.580627e-04
-7.526748e+01	8.602423e-04
-7.516748e+01	8.624303e-04
-7.506748e+01	8.646266e-04
-7.496748e+01	8.668314e-04
-7.486748e+01	8.690447e-04
-7.476748e+01	8.712664e-04
-7.466748e+01	8.734967e-04
-7.456748e+01	8.757356e-04
-7.446748e+01	8.779832e-04
-7.436748e+01	8.802394e-04
-7.426748e+01	8.825044e-04
-7.416748e+01	8.847781e-04
-7.406748e+01	8.870607e-04
-7.396748e+01	8.893521e-04
-7.386748e+01	8.916524e-04
-7.376748e+01	8.939617e-04
-7.366748e+01	8.962800e-04
-7.356748e+01	8.986073e-04
-7.346748e+01	9.009438e-04
-7.336748e+01	9.032894e-04
-7.326748e+01	9.056442e-04
-7.316748e+01	9.080082e-04
-7.306748e+01	9.103816e-04
-7.296748e+01	9.127642e-04
-7.286748e+01	9.151563e-04
-7.276748e+01	9.175578e-04
-7.266748e+01	9.199688e-04
-7.256748e+01	9.223893e-04
-7.246748e+01	9.248195e-04
-7.236748e+01	9.272592e-04
-7.226748e+01	9.297087e-04
-7.216748e+01	9.321679e-04
-7.206748e+01	9.346369e-04
-7.196748e+01	9.371157e-04
-7.186748e+01	9.396045e-04
-7.176748e+01	9.421032e-04
-7.166748e+01	9.446119e-04
-7.156748e+01	9.471307e-04
-7.146748e+01	9.496596e-04
-7.136748e+01	9.521986e-04
-7.126748e+01	9.547479e-04
-7.116748e+01	9.573075e-04
-7.106748e+01	9.598774e-04
-7.096748e+01	9.624576e-04
-7.086748e+01	9.650484e-04
-7.076748e+01	9.676496e-04
-7.066748e+01	9.702614e-04
-7.056748e+01	9.728838e-04
-7.046748e+01	9.755169e-04
-7.036748e+01	9.781607e-04
-7.026748e+01	9.808154e-04
-7.016748e+01	9.834808e-04
-7.006748e+01	9.861572e-04
-6.996748e+01	9.888445e-04
-6.986748e+01	9.915429e-04
-6.976748e+01	9.942524e-04
-6.966748e+01	9.969730e-04
-6.956748e+01	9.997049e-04
-6.946748e+01	1.002448e-03
-6.936748e+01	1.005202e-03
-6.926748e+01	1.007968e-03
-6.916748e+01	1.010746e-03
-6.906748e+01	1.013534e-03
-6.896748e+01	1.016335e-03
-6.886748e+01	1.019147e-03
-6.876748e+01	1.021971e-03
-6.866748e+01	1.024806e-03
-6.856748e+01	1.027654e-03
-6.846748e+01	1.030513e-03
-6.836748e+01	1.033385e-03
-6.826748e+01	1.036268e-03
-6.816748e+01	1.039164e-03
-6.806748e+01	1.042071e-03
-6.796748e+01	1.044991e-03
-6.786748e+01	1.047924e-03
-6.776748e+01	1.050868e-03
-6.766748e+01	1.053825e-03
-6.756748e+01	1.056795e-03
-6.746748e+01	1.059777e-03
-6.736748e+01	1.062772e-03
-6.726748e+01	1.065780e-03
-6.716748e+01	1.068801e-03
-6.706748e+01	1.071834e-03
-6.696748e+01	1.074881e-03
-6.686748e+01	1.077940e-03
-6.676748e+01	1.081013e-03
-6.666748e+01	1.084099e-03
-6.656748e+01	1.087198e-03
-6.646748e+01	1.090310e-03
-6.636748e+01	1.093436e-03
-6.626748e+01	1.096575e-03
-6.616748e+01	1.099728e-03
-6.606748e+01	1.102895e-03
-6.596748e+01	1.106075e-03
-6.586748e+01	1.109269e-03
-6.576748e+01	1.112477e-03
-6.566748e+01	1.115699e-03
-6.556748e+01	1.118936e-03
-6.546748e+01	1.122186e-03
-6.536748e+01	1.125450e-03
-6.526748e+01	1.128729e-03
-6.516748e+01	1.132022e-03
-6.506748e+01	1.135330e-03
-6.496748e+01	1.138652e-03
-6.486748e+01	1.141989e-03
-6.476748e+01	1.145341e-03
-6.466748e+01	1.148707e-03
-6.456748e+01	1.152088e-03
-6.446748e+01	1.155485e-03
-6.436748e+01	1.158896e-03
-6.426748e+01	1.162323e-03
-6.416748e+01	1.165765e-03
-6.406748e+01	1.169222e-03
-6.396748e+01	1.172695e-03
-6.386748e+01	1.176183e-03
-6.376748e+01	1.179687e-03
-6.366748e+01	1.183206e-03
-6.356748e+01	1.186742e-03
-6.346748e+01	1.190293e-03
-6.336748e+01	1.193861e-03
-6.326748e+01	1.197444e-03
-6.316748e+01	1.201044e-03
-6.306748e+01	1.204660e-03
-6.296748e+01	1.208292e-03
-6.286748e+01	1.211941e-03
-6.276748e+01	1.215607e-03
-6.266748e+01	1.219289e-03
-6.256748e+01	1.222988e-03
-6.246748e+01	1.226704e-03
-6.236748e+01	1.230437e-03
-6.226748e+01	1.234188e-03
-6.216748e+01	1.237955e-03
-6.206748e+01	1.241740e-03
-6.196748e+01	1.245542e-03
-6.186748e+01	1.249362e-03
-6.176748e+01	1.253199e-03
-6.166748e+01	1.257054e-03
-6.156748e+01	1.260927e-03
-6.146748e+01	1.264818e-03
-6.136748e+01	1.268728e-03
-6.126748e+01	1.272655e-03
-6.116748e+01	1.276601e-03
-6.106748e+01	1.280565e-03
-6.096748e+01	1.284547e-03
-6.086748e+01	1.288549e-03
-6.076748e+01	1.292569e-03
-6.066748e+01	1.296608e-03
-6.056748e+01	1.300666e-03
-6.046748e+01	1.304743e-03
-6.036748e+01	1.308840e-03
-6.026748e+01	1.312956e-03
-6.016748e+01	1.317091e-03
-6.006748e+01	1.321246e-03
-5.996748e+01	1.325421e-03
-5.986748e+01	1.329616e-03
-5.976748e+01	1.333831e-03
-5.966748e+01	1.338066e-03
-5.956748e+01	1.342321e-03
-5.946748e+01	1.346596e-03
-5.936748e+01	1.350893e-03
-5.926748e+01	1.355209e-03
-5.916748e+01	1.359547e-03
-5.906748e+01	1.363906e-03
-5.896748e+01	1.368285e-03
-5.886748e+01	1.372686e-03
-5.876748e+01	1.377108e-03
-5.866748e+01	1.381552e-03
-5.856748e+01	1.386017e-03
-5.846748e+01	1.390504e-03
-5.836748e+01	1.395013e-03
-5.826748e+01	1.399544e-03
-5.816748e+01	1.404098e-03
-5.806748e+01	1.408673e-03
-5.796748e+01	1.413271e-03
-5.786748e+01	1.417892e-03
-5.776748e+01	1.422535e-03
-5.766748e+01	1.427202e-03
-5.756748e+01	1.431891e-03
-5.746748e+01	1.436604e-03
-5.736748e+01	1.441340e-03
-5.726748e+01	1.446100e-03
-5.716748e+01	1.450884e-03
-5.706748e+01	1.455691e-03
-5.696748e+01	1.460522e-03
-5.686748e+01	1.465378e-03
-5.676748e+01	1.470258e-03
-5.666748e+01	1.475162e-03
-5.656748e+01	1.480091e-03
-5.646748e+01	1.485045e-03
-5.636748e+01	1.490024e-03
-5.626748e+01	1.495028e-03
-5.616748e+01	1.500058e-03
-5.606748e+01	1.505113e-03
-5.596748e+01	1.510194e-03
-5.586748e+01	1.515300e-03
-5.576748e+01	1.520433e-03
-5.566748e+01	1.525592e-03
-5.556748e+01	1.530777e-03
-5.546748e+01	1.535989e-03
-5.536748e+01	1.541228e-03
-5.526748e+01	1.546494e-03
-5.516748e+01	1.551787e-03
-5.506748e+01	1.557107e-03
-5.496748e+01	1.562454e-03
-5.486748e+01	1.567830e-03
-5.476748e+01	1.573233e-03
-5.466748e+01	1.578665e-03
-5.456748e+01	1.584124e-03
-5.446748e+01	1.589613e-03
-5.436748e+01	1.595130e-03
-5.426748e+01	1.600675e-03
-5.416748e+01	1.606250e-03
-5.406748e+01	1.611855e-03
-5.396748e+01	1.617488e-03
-5.386748e+01	1.623152e-03
-5.376748e+01	1.628845e-03
-5.366748e+01	1.634569e-03
-5.356748e+01	1.640323e-03
-5.346748e+01	1.646107e-03
-5.336748e+01	1.651923e-03
-5.326748e+01	1.657769e-03
-5.316748e+01	1.663647e-03
-5.306748e+01	1.669556e-03
-5.296748e+01	1.675496e-03
-5.286748e+01	1.681469e-03
-5.276748e+01	1.687474e-03
-5.266748e+01	1.693511e-03
-5.256748e+01	1.699581e-03
-5.246748e+01	1.705683e-03
-5.236748e+01	1.711819e-03
-5.226748e+01	1.717988e-03
-5.216748e+01	1.724191e-03
-5.206748e+01	1.730427e-03
-5.196748e+01	1.736697e-03
-5.186748e+01	1.743002e-03
-5.176748e+01	1.749342e-03
-5.166748e+01	1.755716e-03
-5.156748e+01	1.762125e-03
-5.146748e+01	1.768570e-03
-5.136748e+01	1.775050e-03
-5.126748e+01	1.781566e-03
-5.116748e+01	1.788118e-03
-5.106748e+01	1.794707e-03
-5.096748e+01	1.801332e-03
-5.086748e+01	1.807994e-03
-5.076748e+01	1.814693e-03
-5.066748e+01	1.821430e-03
-5.056748e+01	1.828205e-03
-5.046748e+01	1.835018e-03
-5.036748e+01	1.841869e-03
-5.026748e+01	1.848759e-03
-5.016748e+01	1.855687e-03
-5.006748e+01	1.862655e-03
-4.996748e+01	1.869663e-03
-4.986748e+01	1.876710e-03
-4.976748e+01	1.883797e-03
-4.966748e+01	1.890925e-03
-4.956748e+01	1.898094e-03
-4.946748e+01	1.905303e-03
-4.936748e+01	1.912554e-03
-4.926748e+01	1.919847e-03
-4.916748e+01	1.927182e-03
-4.906748e+01	1.934559e-03
-4.896748e+01	1.941978e-03
-4.886748e+01	1.949441e-03
-4.876748e+01	1.956947e-03
-4.866748e+01	1.964497e-03
-4.856748e+01	1.972091e-03
-4.846748e+01	1.979729e-03
-4.836748e+01	1.987412e-03
-4.826748e+01	1.995140e-03
-4.816748e+01	2.002913e-03
-4.806748e+01	2.010732e-03
-4.796748e+01	2.018597e-03
-4.786748e+01	2.026509e-03
-4.776748e+01	2.034468e-03
-4.766748e+01	2.042474e-03
-4.756748e+01	2.050527e-03
-4.746748e+01	2.058629e-03
-4.736748e+01	2.066779e-03
-4.726748e+01	2.074977e-03
-4.716748e+01	2.083225e-03
-4.706748e+01	2.091523e-03
-4.696748e+01	2.099870e-03
-4.686748e+01	2.108268e-03
-4.676748e+01	2.116716e-03
-4.666748e+01	2.125216e-03
-4.656748e+01	2.133767e-03
-4.646748e+01	2.142371e-03
-4.636748e+01	2.151026e-03
-4.626748e+01	2.159735e-03
-4.616748e+01	2.168497e-03
-4.606748e+01	2.177313e-03
-4.596748e+01	2.186183e-03
-4.586748e+01	2.195107e-03
-4.576748e+01	2.204087e-03
-4.566748e+01	2.213123e-03
-4.556748e+01	2.222214e-03
-4.546748e+01	2.231362e-03
-4.536748e+01	2.240566e-03
-4.526748e+01	2.249829e-03
-4.516748e+01	2.259149e-03
-4.506748e+01	2.268527e-03
-4.496748e+01	2.277965e-03
-4.486748e+01	2.287461e-03
-4.476748e+01	2.297018e-03
-4.466748e+01	2.306635e-03
-4.456748e+01	2.316313e-03
-4.446748e+01	2.326053e-03
-4.436748e+01	2.335854e-03
-4.426748e+01	2.345718e-03
-4.416748e+01	2.355645e-03
-4.406748e+01	2.365636e-03
-4.396748e+01	2.375691e-03
-4.386748e+01	2.385810e-03
-4.376748e+01	2.395994e-03
-4.366748e+01	2.406245e-03
-4.356748e+01	2.416562e-03
-4.346748e+01	2.426945e-03
-4.336748e+01	2.437397e-03
-4.326748e+01	2.447916e-03
-4.316748e+01	2.458504e-03
-4.306748e+01	2.469161e-03
-4.296748e+01	2.479889e-03
-4.286748e+01	2.490687e-03
-4.276748e+01	2.501556e-03
-4.266748e+01	2.512497e-03
-4.256748e+01	2.523510e-03
-4.246748e+01	2.534596e-03
-4.236748e+01	2.545757e-03
-4.226748e+01	2.556991e-03
-4.216748e+01	2.568301e-03
-4.206748e+01	2.579686e-03
-4.196748e+01	2.591148e-03
-4.186748e+01	2.602687e-03
-4.176748e+01	2.614304e-03
-4.166748e+01	2.625999e-03
-4.156748e+01	2.637774e-03
-4.146748e+01	2.649628e-03
-4.136748e+01	2.661564e-03
-4.126748e+01	2.673580e-03
-4.116748e+01	2.685679e-03
-4.106748e+01	2.697861e-03
-4.096748e+01	2.710127e-03
-4.086748e+01	2.722477e-03
-4.076748e+01	2.734912e-03
-4.066748e+01	2.747433e-03
-4.056748e+01	2.760041e-03
-4.046748e+01	2.772737e-03
-4.036748e+01	2.785522e-03
-4.026748e+01	2.798395e-03
-4.016748e+01	2.811359e-03
-4.006748e+01	2.824414e-03
-3.996748e+01	2.837561e-03
-3.986748e+01	2.850800e-03
-3.976748e+01	2.864133e-03
-3.966748e+01	2.877561e-03
-3.956748e+01	2.891084e-03
-3.946748e+01	2.904704e-03
-3.936748e+01	2.918420e-03
-3.926748e+01	2.932235e-03
-3.916748e+01	2.946149e-03
-3.906748e+01	2.960163e-03
-3.896748e+01	2.974279e-03
-3.886748e+01	2.988496e-03
-3.876748e+01	3.002816e-03
-3.866748e+01	3.017241e-03
-3.856748e+01	3.031770e-03
-3.846748e+01	3.046406e-03
-3.836748e+01	3.061149e-03
-3.826748e+01	3.076000e-03
-3.816748e+01	3.090960e-03
-3.806748e+01	3.106031e-03
-3.796748e+01	3.121213e-03
-3.786748e+01	3.136508e-03
-3.776748e+01	3.151916e-03
-3.766748e+01	3.167439e-03
-3.756748e+01	3.183078e-03
-3.746748e+01	3.198835e-03
-3.736748e+01	3.214710e-03
-3.726748e+01	3.230704e-03
-3.716748e+01	3.246819e-03
-3.706748e+01	3.263056e-03
-3.696748e+01	3.279417e-03
-3.686748e+01	3.295902e-03
-3.676748e+01	3.312512e-03
-3.666748e+01	3.329250e-03
-3.656748e+01	3.346116e-03
-3.646748e+01	3.363112e-03
-3.636748e+01	3.380239e-03
-3.626748e+01	3.397499e-03
-3.616748e+01	3.414892e-03
-3.606748e+01	3.432420e-03
-3.596748e+01	3.450085e-03
-3.586748e+01	3.467888e-03
-3.576748e+01	3.485831e-03
-3.566748e+01	3.503915e-03
-3.556748e+01	3.522141e-03
-3.546748e+01	3.540511e-03
-3.536748e+01	3.559027e-03
-3.526748e+01	3.577690e-03
-3.516748e+01	3.596501e-03
-3.506748e+01	3.615463e-03
-3.496748e+01	3.634577e-03
-3.486748e+01	3.653844e-03
-3.476748e+01	3.673267e-03
-3.466748e+01	3.692846e-03
-3.456748e+01	3.712585e-03
-3.446748e+01	3.732483e-03
-3.436748e+01	3.752544e-03
-3.426748e+01	3.772768e-03
-3.416748e+01	3.793158e-03
-3.406748e+01	3.813716e-03
-3.396748e+01	3.834443e-03
-3.386748e+01	3.855342e-03
-3.376748e+01	3.876414e-03
-3.366748e+01	3.897661e-03
-3.356748e+01	3.919085e-03
-3.346748e+01	3.940688e-03
-3.336748e+01	3.962472e-03
-3.326748e+01	3.984440e-03
-3.316748e+01	4.006593e-03
-3.306748e+01	4.028933e-03
-3.296748e+01	4.051462e-03
-3.286748e+01	4.074184e-03
-3.276748e+01	4.097099e-03
-3.266748e+01	4.120211e-03
-3.256748e+01	4.143521e-03
-3.246748e+01	4.167032e-03
-3.236748e+01	4.190745e-03
-3.226748e+01	4.214665e-03
-3.216748e+01	4.238792e-03
-3.206748e+01	4.263129e-03
-3.196748e+01	4.287680e-03
-3.186748e+01	4.312445e-03
-3.176748e+01	4.337429e-03
-3.166748e+01	4.362633e-03
-3.156748e+01	4.388060e-03
-3.146748e+01	4.413712e-03
-3.136748e+01	4.439594e-03
-3.126748e+01	4.465706e-03
-3.116748e+01	4.492053e-03
-3.106748e+01	4.518636e-03
-3.096748e+01	4.545459e-03
-3.086748e+01	4.572525e-03
-3.076748e+01	4.599837e-03
-3.066748e+01	4.627397e-03
-3.056748e+01	4.655209e-03
-3.046748e+01	4.683276e-03
-3.036748e+01	4.711601e-03
-3.026748e+01	4.740187e-03
-3.016748e+01	4.769038e-03
-3.006748e+01	4.798157e-03
-2.996748e+01	4.827546e-03
-2.986748e+01	4.857211e-03
-2.976748e+01	4.887154e-03
-2.966748e+01	4.917378e-03
-2.956748e+01	4.947887e-03
-2.946748e+01	4.978686e-03
-2.936748e+01	5.009777e-03
-2.926748e+01	5.041164e-03
-2.916748e+01	5.072852e-03
-2.906748e+01	5.104844e-03
-2.896748e+01	5.137144e-03
-2.886748e+01	5.169756e-03
-2.876748e+01	5.202684e-03
-2.866748e+01	5.235933e-03
-2.856748e+01	5.269506e-03
-2.846748e+01	5.303408e-03
-2.836748e+01	5.337643e-03
-2.826748e+01	5.372216e-03
-2.816748e+01	5.407132e-03
-2.806748e+01	5.442394e-03
-2.796748e+01	5.478008e-03
-2.786748e+01	5.513978e-03
-2.776748e+01	5.550309e-03
-2.766748e+01	5.587007e-03
-2.756748e+01	5.624075e-03
-2.746748e+01	5.661520e-03
-2.736748e+01	5.699346e-03
-2.726748e+01	5.737559e-03
-2.716748e+01	5.776164e-03
-2.706748e+01	5.815166e-03
-2.696748e+01	5.854571e-03
-2.686748e+01	5.894386e-03
-2.676748e+01	5.934614e-03
-2.666748e+01	5.975264e-03
-2.656748e+01	6.016339e-03
-2.646748e+01	6.057847e-03
-2.636748e+01	6.099794e-03
-2.626748e+01	6.142185e-03
-2.616748e+01	6.185028e-03
-2.606748e+01	6.228329e-03
-2.596748e+01	6.272095e-03
-2.586748e+01	6.316332e-03
-2.576748e+01	6.361048e-03
-2.566748e+01	6.406248e-03
-2.556748e+01	6.451942e-03
-2.546748e+01	6.498135e-03
-2.536748e+01	6.544836e-03
-2.526748e+01	6.592051e-03
-2.516748e+01	6.639789e-03
-2.506748e+01	6.688058e-03
-2.496748e+01	6.736866e-03
-2.486748e+01	6.786220e-03
-2.476748e+01	6.836129e-03
-2.466748e+01	6.886603e-03
-2.456748e+01	6.937648e-03
-2.446748e+01	6.989275e-03
-2.436748e+01	7.041492e-03
-2.426748e+01	7.094309e-03
-2.416748e+01	7.147734e-03
-2.406748e+01	7.201778e-03
-2.396748e+01	7.256450e-03
-2.386748e+01	7.311761e-03
-2.376748e+01	7.367720e-03
-2.366748e+01	7.424338e-03
-2.356748e+01	7.481625e-03
-2.346748e+01	7.539593e-03
-2.336748e+01	7.598252e-03
-2.326748e+01	7.657614e-03
-2.316748e+01	7.717689e-03
-2.306748e+01	7.778491e-03
-2.296748e+01	7.840030e-03
-2.286748e+01	7.902320e-03
-2.276748e+01	7.965372e-03
-2.266748e+01	8.029200e-03
-2.256748e+01	8.093816e-03
-2.246748e+01	8.159235e-03
-2.236748e+01	8.225468e-03
-2.226748e+01	8.292532e-03
-2.216748e+01	8.360438e-03
-2.206748e+01	8.429204e-03
-2.196748e+01	8.498842e-03
-2.186748e+01	8.569368e-03
-2.176748e+01	8.640799e-03
-2.166748e+01	8.713149e-03
-2.156748e+01	8.786435e-03
-2.146748e+01	8.860674e-03
-2.136748e+01	8.935883e-03
-2.126748e+01	9.012079e-03
-2.116748e+01	9.089279e-03
-2.106748e+01	9.167503e-03
-2.096748e+01	9.246768e-03
-2.086748e+01	9.327094e-03
-2.076748e+01	9.408501e-03
-2.066748e+01	9.491008e-03
-2.056748e+01	9.574636e-03
-2.046748e+01	9.659405e-03
-2.036748e+01	9.745338e-03
-2.026748e+01	9.832455e-03
-2.016748e+01	9.920781e-03
-2.006748e+01	1.001034e-02
-1.996748e+01	1.010115e-02
-1.986748e+01	1.019324e-02
-1.976748e+01	1.028663e-02
-1.966748e+01	1.038135e-02
-1.956748e+01	1.047743e-02
-1.946748e+01	1.057489e-02
-1.936748e+01	1.067375e-02
-1.926748e+01	1.077406e-02
-1.916748e+01	1.087583e-02
-1.906748e+01	1.097910e-02
-1.896748e+01	1.108389e-02
-1.886748e+01	1.119024e-02
-1.876748e+01	1.129818e-02
-1.866748e+01	1.140774e-02
-1.856748e+01	1.151896e-02
-1.846748e+01	1.163187e-02
-1.836748e+01	1.174650e-02
-1.826748e+01	1.186290e-02
-1.816748e+01	1.198110e-02
-1.806748e+01	1.210114e-02
-1.796748e+01	1.222305e-02
-1.786748e+01	1.234689e-02
-1.776748e+01	1.247268e-02
-1.766748e+01	1.260048e-02
-1.756748e+01	1.273033e-02
-1.746748e+01	1.286228e-02
-1.736748e+01	1.299636e-02
-1.726748e+01	1.313264e-02
-1.716748e+01	1.327115e-02
-1.706748e+01	1.341196e-02
-1.696748e+01	1.355511e-02
-1.686748e+01	1.370065e-02
-1.676748e+01	1.384866e-02
-1.666748e+01	1.399917e-02
-1.656748e+01	1.415225e-02
-1.646748e+01	1.430796e-02
-1.636748e+01	1.446637e-02
-1.626748e+01	1.462754e-02
-1.616748e+01	1.479154e-02
-1.606748e+01	1.495843e-02
-1.596748e+01	1.512830e-02
-1.586748e+01	1.530120e-02
-1.576748e+01	1.547722e-02
-1.566748e+01	1.565645e-02
-1.556748e+01	1.583894e-02
-1.546748e+01	1.602481e-02
-1.536748e+01	1.621412e-02
-1.526748e+01	1.640697e-02
-1.516748e+01	1.660345e-02
-1.506748e+01	1.680366e-02
-1.496748e+01	1.700770e-02
-1.486748e+01	1.721567e-02
-1.476748e+01	1.742767e-02
-1.466748e+01	1.764383e-02
-1.456748e+01	1.786424e-02
-1.446748e+01	1.808904e-02
-1.436748e+01	1.831834e-02
-1.426748e+01	1.855227e-02
-1.416748e+01	1.879096e-02
-1.406748e+01	1.903455e-02
-1.396748e+01	1.928318e-02
-1.386748e+01	1.953700e-02
-1.376748e+01	1.979616e-02
-1.366748e+01	2.006083e-02
-1.356748e+01	2.033116e-02
-1.346748e+01	2.060733e-02
-1.336748e+01	2.088952e-02
-1.326748e+01	2.117791e-02
-1.316748e+01	2.147271e-02
-1.306748e+01	2.177410e-02
-1.296748e+01	2.208231e-02
-1.286748e+01	2.239755e-02
-1.276748e+01	2.272005e-02
-1.266748e+01	2.305004e-02
-1.256748e+01	2.338779e-02
-1.246748e+01	2.373354e-02
-1.236748e+01	2.408757e-02
-1.226748e+01	2.445017e-02
-1.216748e+01	2.482163e-02
-1.206748e+01	2.520226e-02
-1.196748e+01	2.559239e-02
-1.186748e+01	2.599236e-02
-1.176748e+01	2.640253e-02
-1.166748e+01	2.682327e-02
-1.156748e+01	2.725497e-02
-1.146748e+01	2.769806e-02
-1.136748e+01	2.815295e-02
-1.126748e+01	2.862012e-02
-1.116748e+01	2.910003e-02
-1.106748e+01	2.959320e-02
-1.096748e+01	3.010016e-02
-1.086748e+01	3.062147e-02
-1.076748e+01	3.115772e-02
-1.066748e+01	3.170954e-02
-1.056748e+01	3.227758e-02
-1.046748e+01	3.286256e-02
-1.036748e+01	3.346521e-02
-1.026748e+01	3.408632e-02
-1.016748e+01	3.472672e-02
-1.006748e+01	3.538729e-02
-9.967479e+00	3.606898e-02
-9.867479e+00	3.677278e-02
-9.767479e+00	3.749977e-02
-9.667479e+00	3.825108e-02
-9.567479e+00	3.902793e-02
-9.467479e+00	3.983161e-02
-9.367479e+00	4.066352e-02
-9.267479e+00	4.152515e-02
-9.167479e+00	4.241810e-02
-9.067479e+00	4.334410e-02
-8.967479e+00	4.430501e-02
-8.867479e+00	4.530283e-02
-8.767479e+00	4.633973e-02
-8.667479e+00	4.741807e-02
-8.567479e+00	4.854040e-02
-8.467479e+00	4.970950e-02
-8.367479e+00	5.092841e-02
-8.267479e+00	5.220044e-02
-8.167479e+00	5.352925e-02
-8.067479e+00	5.491884e-02
-7.967479e+00	5.637364e-02
-7.867479e+00	5.789856e-02
-7.767479e+00	5.949906e-02
-7.667479e+00	6.118124e-02
-7.567479e+00	6.295195e-02
-7.467479e+00	6.481889e-02
-7.367479e+00	6.679083e-02
-7.267479e+00	6.887776e-02
-7.167479e+00	7.109114e-02
-7.067479e+00	7.344424e-02
-6.967479e+00	7.595255e-02
-6.867479e+00	7.863429e-02
-6.767479e+00	8.151111e-02
-6.667479e+00	8.460908e-02
-6.567479e+00	8.795991e-02
-6.467479e+00	9.160279e-02
-6.367479e+00	9.558688e-02
-6.267479e+00	9.997495e-02
-6.167479e+00	1.048488e-01
-6.067479e+00	1.103174e-01
-5.967479e+00	1.165296e-01
-5.867479e+00	1.236945e-01
-5.767479e+00	1.321153e-01
-5.667479e+00	1.422469e-01
-5.567479e+00	1.547983e-01
-5.467479e+00	1.709167e-01
-5.367479e+00	1.925190e-01
-5.267479e+00	2.228334e-01
-5.167479e+00	2.670453e-01
-5.067479e+00	3.324139e-01
-4.967479e+00	4.224180e-01
-4.867479e+00	5.060565e-01
-4.767479e+00	5.103772e-01
-4.667479e+00	4.450238e-01
-4.567479e+00	3.834365e-01
-4.467479e+00	3.503745e-01
-4.367479e+00	3.414529e-01
-4.267479e+00	3.492162e-01
-4.167479e+00	3.686211e-01
-4.067479e+00	4.004897e-01
-3.967479e+00	4.498361e-01
-3.867479e+00	5.226803e-01
-3.767479e+00	6.227848e-01
-3.667479e+00	7.478352e-01
-3.567479e+00	9.137662e-01
-3.467479e+00	1.165552e+00
-3.367479e+00	1.507085e+00
-3.267479e+00	1.805199e+00
-3.167479e+00	1.949336e+00
-3.067479e+00	2.084449e+00
-2.967479e+00	2.204855e+00
-2.867479e+00	2.122015e+00
-2.767479e+00	1.879684e+00
-2.667479e+00	1.710163e+00
-2.567479e+00	1.724705e+00
-2.467479e+00	1.902632e+00
-2.367479e+00	2.115572e+00
-2.267479e+00	2.244176e+00
-2.167479e+00	2.405226e+00
-2.067479e+00	2.732838e+00
-1.967479e+00	3.048802e+00
-1.867479e+00	3.071160e+00
-1.767479e+00	3.022247e+00
-1.667479e+00	3.253796e+00
-1.567479e+00	3.903281e+00
-1.467479e+00	5.022706e+00
-1.367479e+00	6.620601e+00
-1.267479e+00	8.102223e+00
-1.167479e+00	8.105200e+00
-1.067479e+00	6.953772e+00
-9.674791e-01	5.969388e+00
-8.674791e-01	5.218332e+00
-7.674791e-01	4.478889e+00
-6.674791e-01	4.025374e+00
-5.674791e-01	4.054748e+00
-4.674791e-01	4.650695e+00
-3.674791e-01	5.951161e+00
-2.674791e-01	7.987394e+00
-1.674791e-01	9.833553e+00
-6.747911e-02	9.510847e+00
3.252089e-02	7.352932e+00
1.325209e-01	5.300329e+00
2.325209e-01	3.963296e+00
3.325209e-01	3.206605e+00
4.325209e-01	2.853637e+00
5.325209e-01	2.820172e+00
6.325209e-01	3.112616e+00
7.325209e-01	3.814614e+00
8.325209e-01	4.992113e+00
9.325209e-01	6.240744e+00
1.032521e+00	6.326990e+00
1.132521e+00	5.052071e+00
1.232521e+00	3.651091e+00
1.332521e+00	2.680005e+00
1.432521e+00	2.087651e+00
1.532521e+00	1.738156e+00
1.632521e+00	1.537904e+00
1.732521e+00	1.454502e+00
1.832521e+00	1.481556e+00
1.932521e+00	1.562680e+00
2.032521e+00	1.543529e+00
2.132521e+00	1.386505e+00
2.232521e+00	1.239352e+00
2.332521e+00	1.180800e+00
2.432521e+00	1.223004e+00
2.532521e+00	1.379649e+00
2.632521e+00	1.669743e+00
2.732521e+00	2.027640e+00
2.832521e+00	2.163408e+00
2.932521e+00	1.921982e+00
3.032521e+00	1.587902e+00
3.132521e+00	1.358435e+00
3.232521e+00	1.248160e+00
3.332521e+00	1.229498e+00
3.432521e+00	1.285155e+00
3.532521e+00	1.416879e+00
3.632521e+00	1.641078e+00
3.732521e+00	1.995431e+00
3.832521e+00	2.560618e+00
3.932521e+00	3.464782e+00
4.032521e+00	4.842853e+00
4.132521e+00	6.509065e+00
4.232521e+00	7.272764e+00
4.332521e+00	6.234589e+00
4.432521e+00	4.599105e+00
4.532521e+00	3.364402e+00
4.632521e+00	2.598471e+00
4.732521e+00	2.147016e+00
4.832521e+00	1.889607e+00
4.932521e+00	1.755855e+00
5.032521e+00	1.707320e+00
5.132521e+00	1.724016e+00
5.232521e+00	1.797056e+00
5.332521e+00	1.925077e+00
5.432521e+00	2.112887e+00
5.532521e+00	2.371614e+00
5.632521e+00	2.720264e+00
5.732521e+00	3.189024e+00
5.832521e+00	3.825376e+00
5.932521e+00	4.705106e+00
6.032521e+00	5.952458e+00
6.132521e+00	7.777612e+00
6.232521e+00	1.054602e+01
6.332521e+00	1.489482e+01
6.432521e+00	2.183915e+01
6.532521e+00	3.230499e+01
6.632521e+00	4.397378e+01
6.732521e+00	4.716832e+01
6.832521e+00	3.795215e+01
6.932521e+00	2.619788e+01
7.032521e+00	1.765826e+01
7.132521e+00	1.224345e+01
7.232521e+00	8.830410e+00
7.332521e+00	6.610865e+00
7.432521e+00	5.110807e+00
7.532521e+00	4.059118e+00
7.632521e+00	3.297385e+00
7.732521e+00	2.729874e+00
7.832521e+00	2.296646e+00
7.932521e+00	1.958901e+00
8.032521e+00	1.690742e+00
8.132521e+00	1.474410e+00
8.232521e+00	1.297427e+00
8.332521e+00	1.150829e+00
8.432521e+00	1.028055e+00
8.532521e+00	9.242151e-01
8.632521e+00	8.356075e-01
8.732521e+00	7.593913e-01
8.832521e+00	6.933573e-01
8.932521e+00	6.357676e-01
9.032521e+00	5.852411e-01
9.132521e+00	5.406702e-01
9.232521e+00	5.011603e-01
9.332521e+00	4.659857e-01
9.432521e+00	4.345581e-01
9.532521e+00	4.064031e-01
9.632521e+00	3.811255e-01
9.732521e+00	3.583018e-01
9.832521e+00	3.373614e-01
9.932521e+00	3.179604e-01
1.003252e+01	3.001609e-01
1.013252e+01	2.839287e-01
1.023252e+01	2.691001e-01
1.033252e+01	2.555082e-01
1.043252e+01	2.430147e-01
1.053252e+01	2.315073e-01
1.063252e+01	2.208955e-01
1.073252e+01	2.111073e-01
1.083252e+01	2.020864e-01
1.093252e+01	1.937807e-01
1.103252e+01	1.861193e-01
1.113252e+01	1.790638e-01
1.123252e+01	1.726866e-01
1.133252e+01	1.671076e-01
1.143252e+01	1.624710e-01
1.153252e+01	1.588467e-01
1.163252e+01	1.557888e-01
1.173252e+01	1.526211e-01
1.183252e+01	1.502700e-01
1.193252e+01	1.503132e-01
1.203252e+01	1.529768e-01
1.213252e+01	1.562203e-01
1.223252e+01	1.571187e-01
1.233252e+01	1.523362e-01
1.243252e+01	1.429762e-01
1.253252e+01	1.331814e-01
1.263252e+01	1.236237e-01
1.273252e+01	1.151734e-01
1.283252e+01	1.084751e-01
1.293252e+01	1.033202e-01
1.303252e+01	9.934795e-02
1.313252e+01	9.632988e-02
1.323252e+01	9.426616e-02
1.333252e+01	9.312106e-02
1.343252e+01	9.218961e-02
1.353252e+01	8.990109e-02
1.363252e+01	8.622789e-02
1.373252e+01	8.251901e-02
1.383252e+01	7.941937e-02
1.393252e+01	7.681467e-02
1.403252e+01	7.427732e-02
1.413252e+01	7.182326e-02
1.423252e+01	6.957314e-02
1.433252e+01	6.748985e-02
1.443252e+01	6.559144e-02
1.453252e+01	6.386900e-02
1.463252e+01	6.228221e-02
1.473252e+01	6.081483e-02
1.483252e+01	5.946384e-02
1.493252e+01	5.823096e-02
1.503252e+01	5.712616e-02
1.513252e+01	5.614681e-02
1.523252e+01	5.519252e-02
1.533252e+01	5.407359e-02
1.543252e+01	5.284029e-02
1.553252e+01	5.167585e-02
1.563252e+01	5.063166e-02
1.573252e+01	4.969397e-02
1.583252e+01	4.884740e-02
1.593252e+01	4.808593e-02
1.603252e+01	4.741239e-02
1.613252e+01	4.683848e-02
1.623252e+01	4.638677e-02
1.633252e+01	4.609615e-02
1.643252e+01	4.603252e-02
1.653252e+01	4.630530e-02
1.663252e+01	4.707700e-02
1.673252e+01	4.851734e-02
1.683252e+01	5.076838e-02
1.693252e+01	5.395695e-02
1.703252e+01	5.681665e-02
1.713252e+01	5.651009e-02
1.723252e+01	5.398701e-02
1.733252e+01	5.194328e-02
1.743252e+01	5.040755e-02
1.753252e+01	4.930371e-02
1.763252e+01	4.941577e-02
1.773252e+01	5.105555e-02
1.783252e+01	5.417748e-02
1.793252e+01	5.832590e-02
1.803252e+01	6.292602e-02
1.813252e+01	6.673229e-02
1.823252e+01	6.887783e-02
1.833252e+01	7.178299e-02
1.843252e+01	7.761870e-02
1.853252e+01	8.406118e-02
1.863252e+01	8.745128e-02
1.873252e+01	9.058113e-02
1.883252e+01	9.330865e-02
1.893252e+01	8.978042e-02
1.903252e+01	7.857990e-02
1.913252e+01	6.775849e-02
1.923252e+01	6.204370e-02
1.933252e+01	6.145329e-02
1.943252e+01	6.401956e-02
1.953252e+01	6.606439e-02
1.963252e+01	6.635237e-02
1.973252e+01	6.505961e-02
1.983252e+01	6.308291e-02
1.993252e+01	6.251288e-02
2.003252e+01	5.992387e-02
2.013252e+01	5.264762e-02
2.023252e+01	4.485993e-02
2.033252e+01	3.931779e-02
2.043252e+01	3.571199e-02
2.053252e+01	3.301256e-02
2.063252e+01	3.081043e-02
2.073252e+01	2.918233e-02
2.083252e+01	2.808347e-02
2.093252e+01	2.738915e-02
2.103252e+01	2.703091e-02
2.113252e+01	2.707927e-02
2.123252e+01	2.758207e-02
2.133252e+01	2.814445e-02
2.143252e+01	2.787866e-02
2.153252e+01	2.692760e-02
2.163252e+01	2.622745e-02
2.173252e+01	2.612919e-02
2.183252e+01	2.658942e-02
2.193252e+01	2.760984e-02
2.203252e+01	2.944282e-02
2.213252e+01	3.202507e-02
2.223252e+01	3.486874e-02
2.233252e+01	3.816463e-02
2.243252e+01	4.077410e-02
2.253252e+01	3.941604e-02
2.263252e+01	3.508701e-02
2.273252e+01	3.159425e-02
2.283252e+01	3.009008e-02
2.293252e+01	2.968853e-02
2.303252e+01	2.864102e-02
2.313252e+01	2.646998e-02
2.323252e+01	2.425439e-02
2.333252e+01	2.276304e-02
2.343252e+01	2.203899e-02
2.353252e+01	2.183893e-02
2.363252e+01	2.175651e-02
2.373252e+01	2.149034e-02
2.383252e+01	2.091388e-02
2.393252e+01	2.019886e-02
2.403252e+01	1.969987e-02
2.413252e+01	1.939772e-02
2.423252e+01	1.908197e-02
2.433252e+01	1.882964e-02
2.443252e+01	1.876264e-02
2.453252e+01	1.890123e-02
2.463252e+01	1.916183e-02
2.473252e+01	1.933282e-02
2.483252e+01	1.950788e-02
2.493252e+01	1.993443e-02
2.503252e+01	2.041995e-02
2.513252e+01	2.062104e-02
2.523252e+01	2.083112e-02
2.533252e+01	2.151183e-02
2.543252e+01	2.273287e-02
2.553252e+01	2.392860e-02
2.563252e+01	2.444825e-02
2.573252e+01	2.451064e-02
2.583252e+01	2.455575e-02
2.593252e+01	2.492069e-02
2.603252e+01	2.593273e-02
2.613252e+01	2.812043e-02
2.623252e+01	3.198951e-02
2.633252e+01	3.813805e-02
2.643252e+01	4.731908e-02
2.653252e+01	5.885499e-02
2.663252e+01	6.891164e-02
2.673252e+01	7.694872e-02
2.683252e+01	8.662682e-02
2.693252e+01	9.513356e-02
2.703252e+01	9.414622e-02
2.713252e+01	8.435605e-02
2.723252e+01	7.214829e-02
2.733252e+01	5.910232e-02
2.743252e+01	4.784294e-02
2.753252e+01	3.967228e-02
2.763252e+01	3.445281e-02
2.773252e+01	3.170523e-02
2.783252e+01	3.020489e-02
2.793252e+01	2.915078e-02
2.803252e+01	2.911440e-02
2.813252e+01	3.003564e-02
2.823252e+01	3.095934e-02
2.833252e+01	3.238230e-02
2.843252e+01	3.556016e-02
2.853252e+01	3.885505e-02
2.863252e+01	3.786099e-02
2.873252e+01	3.272551e-02
2.883252e+01	2.748804e-02
2.893252e+01	2.404002e-02
2.903252e+01	2.229851e-02
2.913252e+01	2.190426e-02
2.923252e+01	2.273929e-02
2.933252e+01	2.492607e-02
2.943252e+01	2.861939e-02
2.953252e+01	3.397030e-02
2.963252e+01	4.135366e-02
2.973252e+01	4.842723e-02
2.983252e+01	4.974872e-02
2.993252e+01	4.665054e-02
3.003252e+01	4.415777e-02
3.013252e+01	4.277681e-02
3.023252e+01	3.907084e-02
3.033252e+01	3.389389e-02
3.043252e+01	3.062649e-02
3.053252e+01	2.937388e-02
3.063252e+01	2.802853e-02
3.073252e+01	2.608978e-02
3.083252e+01	2.511844e-02
3.093252e+01	2.560075e-02
3.103252e+01	2.570153e-02
3.113252e+01	2.362997e-02
3.123252e+01	2.091872e-02
3.133252e+01	1.925400e-02
3.143252e+01	1.895277e-02
3.153252e+01	1.964677e-02
3.163252e+01	2.021163e-02
3.173252e+01	1.979197e-02
3.183252e+01	1.950053e-02
3.193252e+01	2.060458e-02
3.203252e+01	2.359036e-02
3.213252e+01	2.779969e-02
3.223252e+01	2.994150e-02
3.233252e+01	2.751121e-02
3.243252e+01	2.292799e-02
3.253252e+01	1.899146e-02
3.263252e+01	1.659935e-02
3.273252e+01	1.553112e-02
3.283252e+01	1.508283e-02
3.293252e+01	1.422232e-02
3.303252e+01	1.285584e-02
3.313252e+01	1.162727e-02
3.323252e+01	1.068064e-02
3.333252e+01	9.975467e-03
3.343252e+01	9.500368e-03
3.353252e+01	9.222716e-03
3.363252e+01	9.104562e-03
3.373252e+01	9.069448e-03
3.383252e+01	9.006681e-03
3.393252e+01	8.958428e-03
3.403252e+01	9.067869e-03
3.413252e+01	9.339739e-03
3.423252e+01	9.458177e-03
3.433252e+01	9.103180e-03
3.443252e+01	8.542857e-03
3.453252e+01	8.071162e-03
3.463252e+01	7.742732e-03
3.473252e+01	7.529694e-03
3.483252e+01	7.398590e-03
3.493252e+01	7.329153e-03
3.503252e+01	7.306528e-03
3.513252e+01	7.316112e-03
3.523252e+01	7.371206e-03
3.533252e+01	7.514061e-03
3.543252e+01	7.799755e-03
3.553252e+01	8.309967e-03
3.563252e+01	9.129407e-03
3.573252e+01	1.011142e-02
3.583252e+01	1.047662e-02
3.593252e+01	9.746517e-03
3.603252e+01	8.708539e-03
3.613252e+01	7.934431e-03
3.623252e+01	7.451024e-03
3.633252e+01	7.166443e-03
3.643252e+01	7.013554e-03
3.653252e+01	6.960043e-03
3.663252e+01	7.000065e-03
3.673252e+01	7.148259e-03
3.683252e+01	7.423350e-03
3.693252e+01	7.767972e-03
3.703252e+01	7.964997e-03
3.713252e+01	7.974120e-03
3.723252e+01	8.067603e-03
3.733252e+01	8.378207e-03
3.743252e+01	8.812671e-03
3.753252e+01	9.194565e-03
3.763252e+01	9.682489e-03
3.773252e+01	1.070035e-02
3.783252e+01	1.254046e-02
3.793252e+01	1.496686e-02
3.803252e+01	1.631617e-02
3.813252e+01	1.516628e-02
3.823252e+01	1.294688e-02
3.833252e+01	1.105503e-02
3.843252e+01	9.740164e-03
3.853252e+01	8.925482e-03
3.863252e+01	8.502542e-03
3.873252e+01	8.386143e-03
3.883252e+01	8.552443e-03
3.893252e+01	8.990752e-03
3.903252e+01	9.653342e-03
3.913252e+01	1.048647e-02
3.923252e+01	1.131823e-02
3.933252e+01	1.157819e-02
3.943252e+01	1.105572e-02
3.953252e+01	1.042902e-02
3.963252e+01	1.013892e-02
3.973252e+01	1.021993e-02
3.983252e+01	1.066901e-02
3.993252e+01	1.157541e-02
4.003252e+01	1.307661e-02
4.013252e+01	1.545036e-02
4.023252e+01	1.919136e-02
4.033252e+01	2.505730e-02
4.043252e+01	3.325508e-02
4.053252e+01	4.069380e-02
4.063252e+01	4.200823e-02
4.073252e+01	3.938629e-02
4.083252e+01	3.801822e-02
4.093252e+01	3.743731e-02
4.103252e+01	3.398927e-02
4.113252e+01	2.804184e-02
4.123252e+01	2.254507e-02
4.133252e+01	1.849878e-02
4.143252e+01	1.595960e-02
4.153252e+01	1.449555e-02
4.163252e+01	1.367062e-02
4.173252e+01	1.319214e-02
4.183252e+01	1.299757e-02
4.193252e+01	1.319392e-02
4.203252e+01	1.402848e-02
4.213252e+01	1.499315e-02
4.223252e+01	1.457892e-02
4.233252e+01	1.304809e-02
4.243252e+01	1.198436e-02
4.253252e+01	1.198454e-02
4.263252e+01	1.277042e-02
4.273252e+01	1.311413e-02
4.283252e+01	1.207254e-02
4.293252e+01	1.035379e-02
4.303252e+01	8.688878e-03
4.313252e+01	7.424754e-03
4.323252e+01	6.567985e-03
4.333252e+01	5.993042e-03
4.343252e+01	5.596207e-03
4.353252e+01	5.313144e-03
4.363252e+01	5.103325e-03
4.373252e+01	4.938950e-03
4.383252e+01	4.808039e-03
4.393252e+01	4.708380e-03
4.403252e+01	4.638054e-03
4.413252e+01	4.596837e-03
4.423252e+01	4.588468e-03
4.433252e+01	4.620744e-03
4.443252e+01	4.696472e-03
4.453252e+01	4.783373e-03
4.463252e+01	4.818700e-03
4.473252e+01	4.808554e-03
4.483252e+01	4.839083e-03
4.493252e+01	4.979500e-03
4.503252e+01	5.280666e-03
4.513252e+01	5.814521e-03
4.523252e+01	6.635741e-03
4.533252e+01	7.488034e-03
4.543252e+01	7.581060e-03
4.553252e+01	6.806917e-03
4.563252e+01	5.958698e-03
4.573252e+01	5.363907e-03
4.583252e+01	4.980980e-03
4.593252e+01	4.754479e-03
4.603252e+01	4.647042e-03
4.613252e+01	4.635563e-03
4.623252e+01	4.716585e-03
4.633252e+01	4.909052e-03
4.643252e+01	5.260530e-03
4.653252e+01	5.851367e-03
4.663252e+01	6.738514e-03
4.673252e+01	7.660124e-03
4.683252e+01	7.823847e-03
4.693252e+01	7.141484e-03
4.703252e+01	6.426465e-03
4.713252e+01	6.043540e-03
4.723252e+01	5.991517e-03
4.733252e+01	6.242897e-03
4.743252e+01	6.835587e-03
4.753252e+01	7.896989e-03
4.763252e+01	9.634069e-03
4.773252e+01	1.209102e-02
4.783252e+01	1.432270e-02
4.793252e+01	1.481488e-02
4.803252e+01	1.458923e-02
4.813252e+01	1.556011e-02
4.823252e+01	1.772706e-02
4.833252e+01	1.878464e-02
4.843252e+01	1.656524e-02
4.853252e+01	1.292341e-02
4.863252e+01	1.008107e-02
4.873252e+01	8.263909e-03
4.883252e+01	7.013451e-03
4.893252e+01	6.068258e-03
4.903252e+01	5.398070e-03
4.913252e+01	4.957080e-03
4.923252e+01	4.689798e-03
4.933252e+01	4.566378e-03
4.943252e+01	4.583274e-03
4.953252e+01	4.748663e-03
4.963252e+01	5.044743e-03
4.973252e+01	5.276159e-03
4.983252e+01	5.081644e-03
4.993252e+01	4.581636e-03
5.003252e+01	4.134837e-03
5.013252e+01	3.832760e-03
5.023252e+01	3.641712e-03
5.033252e+01	3.524298e-03
5.043252e+01	3.458495e-03
5.053252e+01	3.435246e-03
5.063252e+01	3.456591e-03
5.073252e+01	3.535360e-03
5.083252e+01	3.697612e-03
5.093252e+01	3.977620e-03
5.103252e+01	4.355110e-03
5.113252e+01	4.595268e-03
5.123252e+01	4.445850e-03
5.133252e+01	4.138591e-03
5.143252e+01	3.950694e-03
5.153252e+01	3.950401e-03
5.163252e+01	4.151257e-03
5.173252e+01	4.542163e-03
5.183252e+01	4.919337e-03
5.193252e+01	4.874397e-03
5.203252e+01	4.496565e-03
5.213252e+01	4.209770e-03
5.223252e+01	4.168902e-03
5.233252e+01	4.340173e-03
5.243252e+01	4.500777e-03
5.253252e+01	4.360599e-03
5.263252e+01	4.053194e-03
5.273252e+01	3.780270e-03
5.283252e+01	3.504241e-03
5.293252e+01	3.239782e-03
5.303252e+01	3.040739e-03
5.313252e+01	2.905029e-03
5.323252e+01	2.812643e-03
5.333252e+01	2.748381e-03
5.343252e+01	2.703344e-03
5.353252e+01	2.672973e-03
5.363252e+01	2.655793e-03
5.373252e+01	2.653082e-03
5.383252e+01	2.668847e-03
5.393252e+01	2.706645e-03
5.403252e+01	2.752486e-03
5.413252e+01	2.759727e-03
5.423252e+01	2.717131e-03
5.433252e+01	2.665809e-03
5.443252e+01	2.626726e-03
5.453252e+01	2.594841e-03
5.463252e+01	2.557849e-03
5.473252e+01	2.521931e-03
5.483252e+01	2.495597e-03
5.493252e+01	2.478519e-03
5.503252e+01	2.468264e-03
5.513252e+01	2.463753e-03
5.523252e+01	2.465210e-03
5.533252e+01	2.473632e-03
5.543252e+01	2.489271e-03
5.553252e+01	2.505488e-03
5.563252e+01	2.508323e-03
5.573252e+01	2.500887e-03
5.583252e+01	2.497866e-03
5.593252e+01	2.504677e-03
5.603252e+01	2.521382e-03
5.613252e+01	2.545072e-03
5.623252e+01	2.568472e-03
5.633252e+01	2.591375e-03
5.643252e+01	2.624213e-03
5.653252e+01	2.675483e-03
5.663252e+01	2.752511e-03
5.673252e+01	2.861741e-03
5.683252e+01	2.991640e-03
5.693252e+01	3.096436e-03
5.703252e+01	3.159141e-03
5.713252e+01	3.204765e-03
5.723252e+01	3.259504e-03
5.733252e+01	3.369190e-03
5.743252e+01	3.567747e-03
5.753252e+01	3.885646e-03
5.763252e+01	4.353450e-03
5.773252e+01	4.954636e-03
5.783252e+01	5.590888e-03
5.793252e+01	6.220486e-03
5.803252e+01	6.804350e-03
5.813252e+01	7.112406e-03
5.823252e+01	7.249240e-03
5.833252e+01	7.572395e-03
5.843252e+01	8.092260e-03
5.853252e+01	8.505369e-03
5.863252e+01	8.530387e-03
5.873252e+01	8.591688e-03
5.883252e+01	9.260579e-03
5.893252e+01	1.084302e-02
5.903252e+01	1.368784e-02
5.913252e+01	1.819570e-02
5.923252e+01	2.394303e-02
5.933252e+01	2.842759e-02
5.943252e+01	2.927553e-02
5.953252e+01	2.818886e-02
5.963252e+01	2.845845e-02
5.973252e+01	2.865137e-02
5.983252e+01	2.527079e-02
5.993252e+01	1.998978e-02
6.003252e+01	1.591204e-02
6.013252e+01	1.372601e-02
6.023252e+01	1.252902e-02
6.033252e+01	1.103569e-02
6.043252e+01	9.258708e-03
6.053252e+01	7.816305e-03
6.063252e+01	6.862503e-03
6.073252e+01	6.275153e-03
6.083252e+01	5.860967e-03
6.093252e+01	5.631831e-03
6.103252e+01	5.688200e-03
6.113252e+01	6.122580e-03
6.123252e+01	6.900492e-03
6.133252e+01	7.425812e-03
6.143252e+01	6.942183e-03
6.153252e+01	5.979591e-03
6.163252e+01	5.289992e-03
6.173252e+01	4.914914e-03
6.183252e+01	4.542982e-03
6.193252e+01	4.071950e-03
6.203252e+01	3.674848e-03
6.213252e+01	3.418678e-03
6.223252e+01	3.279313e-03
6.233252e+01	3.228931e-03
6.243252e+01	3.254838e-03
6.253252e+01	3.359055e-03
6.263252e+01	3.558569e-03
6.273252e+01	3.890241e-03
6.283252e+01	4.422922e-03
6.293252e+01	5.280617e-03
6.303252e+01	6.675036e-03
6.313252e+01	8.886090e-03
6.323252e+01	1.184762e-02
6.333252e+01	1.389181e-02
6.343252e+01	1.273394e-02
