#RPA-results:
#Nucleus: Ni 80
#Fermi level: -1.541935e+00	-1.810941e+01
#Excitation: 1 +
#Total number of pairs: 494
#Number of ph-/ah-pairs: 494/0
#Maximal excitation-energy for particle-hole-pairs: 100
#Maximal excitation-energy for antiparticle-hole-pairs: 1000
#No imaginary eigenvalues

#Parameterset: DD-PC1
#natural parity: no
#Isoscalar result:

#width: 5.000000e-01
#maximum value: 1.463269e-02
#at energy: 6.343252e+01
-9.656748e+01	5.238772e-04
-9.646748e+01	5.249155e-04
-9.636748e+01	5.259569e-04
-9.626748e+01	5.270013e-04
-9.616748e+01	5.280489e-04
-9.606748e+01	5.290996e-04
-9.596748e+01	5.301535e-04
-9.586748e+01	5.312105e-04
-9.576748e+01	5.322707e-04
-9.566748e+01	5.333341e-04
-9.556748e+01	5.344007e-04
-9.546748e+01	5.354704e-04
-9.536748e+01	5.365435e-04
-9.526748e+01	5.376197e-04
-9.516748e+01	5.386992e-04
-9.506748e+01	5.397819e-04
-9.496748e+01	5.408679e-04
-9.486748e+01	5.419572e-04
-9.476748e+01	5.430498e-04
-9.466748e+01	5.441458e-04
-9.456748e+01	5.452450e-04
-9.446748e+01	5.463476e-04
-9.436748e+01	5.474535e-04
-9.426748e+01	5.485628e-04
-9.416748e+01	5.496755e-04
-9.406748e+01	5.507916e-04
-9.396748e+01	5.519111e-04
-9.386748e+01	5.530340e-04
-9.376748e+01	5.541604e-04
-9.366748e+01	5.552902e-04
-9.356748e+01	5.564234e-04
-9.346748e+01	5.575602e-04
-9.336748e+01	5.587004e-04
-9.326748e+01	5.598442e-04
-9.316748e+01	5.609914e-04
-9.306748e+01	5.621422e-04
-9.296748e+01	5.632966e-04
-9.286748e+01	5.644545e-04
-9.276748e+01	5.656160e-04
-9.266748e+01	5.667811e-04
-9.256748e+01	5.679498e-04
-9.246748e+01	5.691222e-04
-9.236748e+01	5.702981e-04
-9.226748e+01	5.714778e-04
-9.216748e+01	5.726611e-04
-9.206748e+01	5.738481e-04
-9.196748e+01	5.750388e-04
-9.186748e+01	5.762332e-04
-9.176748e+01	5.774313e-04
-9.166748e+01	5.786332e-04
-9.156748e+01	5.798388e-04
-9.146748e+01	5.810483e-04
-9.136748e+01	5.822615e-04
-9.126748e+01	5.834785e-04
-9.116748e+01	5.846994e-04
-9.106748e+01	5.859241e-04
-9.096748e+01	5.871527e-04
-9.086748e+01	5.883851e-04
-9.076748e+01	5.896215e-04
-9.066748e+01	5.908617e-04
-9.056748e+01	5.921059e-04
-9.046748e+01	5.933540e-04
-9.036748e+01	5.946061e-04
-9.026748e+01	5.958621e-04
-9.016748e+01	5.971221e-04
-9.006748e+01	5.983862e-04
-8.996748e+01	5.996542e-04
-8.986748e+01	6.009264e-04
-8.976748e+01	6.022025e-04
-8.966748e+01	6.034828e-04
-8.956748e+01	6.047671e-04
-8.946748e+01	6.060556e-04
-8.936748e+01	6.073482e-04
-8.926748e+01	6.086449e-04
-8.916748e+01	6.099458e-04
-8.906748e+01	6.112509e-04
-8.896748e+01	6.125602e-04
-8.886748e+01	6.138737e-04
-8.876748e+01	6.151915e-04
-8.866748e+01	6.165135e-04
-8.856748e+01	6.178398e-04
-8.846748e+01	6.191703e-04
-8.836748e+01	6.205052e-04
-8.826748e+01	6.218444e-04
-8.816748e+01	6.231880e-04
-8.806748e+01	6.245359e-04
-8.796748e+01	6.258882e-04
-8.786748e+01	6.272450e-04
-8.776748e+01	6.286061e-04
-8.766748e+01	6.299717e-04
-8.756748e+01	6.313418e-04
-8.746748e+01	6.327163e-04
-8.736748e+01	6.340954e-04
-8.726748e+01	6.354789e-04
-8.716748e+01	6.368670e-04
-8.706748e+01	6.382597e-04
-8.696748e+01	6.396570e-04
-8.686748e+01	6.410588e-04
-8.676748e+01	6.424653e-04
-8.666748e+01	6.438765e-04
-8.656748e+01	6.452922e-04
-8.646748e+01	6.467127e-04
-8.636748e+01	6.481379e-04
-8.626748e+01	6.495678e-04
-8.616748e+01	6.510025e-04
-8.606748e+01	6.524419e-04
-8.596748e+01	6.538861e-04
-8.586748e+01	6.553351e-04
-8.576748e+01	6.567890e-04
-8.566748e+01	6.582477e-04
-8.556748e+01	6.597113e-04
-8.546748e+01	6.611798e-04
-8.536748e+01	6.626532e-04
-8.526748e+01	6.641316e-04
-8.516748e+01	6.656149e-04
-8.506748e+01	6.671032e-04
-8.496748e+01	6.685965e-04
-8.486748e+01	6.700948e-04
-8.476748e+01	6.715982e-04
-8.466748e+01	6.731067e-04
-8.456748e+01	6.746202e-04
-8.446748e+01	6.761389e-04
-8.436748e+01	6.776628e-04
-8.426748e+01	6.791918e-04
-8.416748e+01	6.807260e-04
-8.406748e+01	6.822654e-04
-8.396748e+01	6.838100e-04
-8.386748e+01	6.853599e-04
-8.376748e+01	6.869151e-04
-8.366748e+01	6.884756e-04
-8.356748e+01	6.900415e-04
-8.346748e+01	6.916127e-04
-8.336748e+01	6.931893e-04
-8.326748e+01	6.947713e-04
-8.316748e+01	6.963588e-04
-8.306748e+01	6.979517e-04
-8.296748e+01	6.995500e-04
-8.286748e+01	7.011539e-04
-8.276748e+01	7.027634e-04
-8.266748e+01	7.043783e-04
-8.256748e+01	7.059989e-04
-8.246748e+01	7.076251e-04
-8.236748e+01	7.092569e-04
-8.226748e+01	7.108944e-04
-8.216748e+01	7.125376e-04
-8.206748e+01	7.141865e-04
-8.196748e+01	7.158412e-04
-8.186748e+01	7.175016e-04
-8.176748e+01	7.191678e-04
-8.166748e+01	7.208398e-04
-8.156748e+01	7.225177e-04
-8.146748e+01	7.242015e-04
-8.136748e+01	7.258912e-04
-8.126748e+01	7.275868e-04
-8.116748e+01	7.292883e-04
-8.106748e+01	7.309959e-04
-8.096748e+01	7.327095e-04
-8.086748e+01	7.344291e-04
-8.076748e+01	7.361548e-04
-8.066748e+01	7.378866e-04
-8.056748e+01	7.396246e-04
-8.046748e+01	7.413687e-04
-8.036748e+01	7.431190e-04
-8.026748e+01	7.448755e-04
-8.016748e+01	7.466383e-04
-8.006748e+01	7.484073e-04
-7.996748e+01	7.501827e-04
-7.986748e+01	7.519644e-04
-7.976748e+01	7.537524e-04
-7.966748e+01	7.555469e-04
-7.956748e+01	7.573478e-04
-7.946748e+01	7.591552e-04
-7.936748e+01	7.609691e-04
-7.926748e+01	7.627894e-04
-7.916748e+01	7.646164e-04
-7.906748e+01	7.664499e-04
-7.896748e+01	7.682901e-04
-7.886748e+01	7.701369e-04
-7.876748e+01	7.719904e-04
-7.866748e+01	7.738506e-04
-7.856748e+01	7.757175e-04
-7.846748e+01	7.775913e-04
-7.836748e+01	7.794718e-04
-7.826748e+01	7.813592e-04
-7.816748e+01	7.832535e-04
-7.806748e+01	7.851547e-04
-7.796748e+01	7.870628e-04
-7.786748e+01	7.889780e-04
-7.776748e+01	7.909001e-04
-7.766748e+01	7.928293e-04
-7.756748e+01	7.947656e-04
-7.746748e+01	7.967090e-04
-7.736748e+01	7.986595e-04
-7.726748e+01	8.006173e-04
-7.716748e+01	8.025823e-04
-7.706748e+01	8.045545e-04
-7.696748e+01	8.065340e-04
-7.686748e+01	8.085209e-04
-7.676748e+01	8.105151e-04
-7.666748e+01	8.125168e-04
-7.656748e+01	8.145259e-04
-7.646748e+01	8.165425e-04
-7.636748e+01	8.185666e-04
-7.626748e+01	8.205982e-04
-7.616748e+01	8.226374e-04
-7.606748e+01	8.246843e-04
-7.596748e+01	8.267389e-04
-7.586748e+01	8.288011e-04
-7.576748e+01	8.308711e-04
-7.566748e+01	8.329489e-04
-7.556748e+01	8.350345e-04
-7.546748e+01	8.371280e-04
-7.536748e+01	8.392294e-04
-7.526748e+01	8.413387e-04
-7.516748e+01	8.434560e-04
-7.506748e+01	8.455814e-04
-7.496748e+01	8.477148e-04
-7.486748e+01	8.498563e-04
-7.476748e+01	8.520059e-04
-7.466748e+01	8.541638e-04
-7.456748e+01	8.563299e-04
-7.446748e+01	8.585042e-04
-7.436748e+01	8.606869e-04
-7.426748e+01	8.628779e-04
-7.416748e+01	8.650773e-04
-7.406748e+01	8.672852e-04
-7.396748e+01	8.695016e-04
-7.386748e+01	8.717265e-04
-7.376748e+01	8.739599e-04
-7.366748e+01	8.762020e-04
-7.356748e+01	8.784528e-04
-7.346748e+01	8.807122e-04
-7.336748e+01	8.829805e-04
-7.326748e+01	8.852575e-04
-7.316748e+01	8.875433e-04
-7.306748e+01	8.898381e-04
-7.296748e+01	8.921418e-04
-7.286748e+01	8.944544e-04
-7.276748e+01	8.967762e-04
-7.266748e+01	8.991069e-04
-7.256748e+01	9.014469e-04
-7.246748e+01	9.037959e-04
-7.236748e+01	9.061542e-04
-7.226748e+01	9.085218e-04
-7.216748e+01	9.108987e-04
-7.206748e+01	9.132850e-04
-7.196748e+01	9.156807e-04
-7.186748e+01	9.180858e-04
-7.176748e+01	9.205005e-04
-7.166748e+01	9.229247e-04
-7.156748e+01	9.253586e-04
-7.146748e+01	9.278021e-04
-7.136748e+01	9.302554e-04
-7.126748e+01	9.327184e-04
-7.116748e+01	9.351912e-04
-7.106748e+01	9.376739e-04
-7.096748e+01	9.401666e-04
-7.086748e+01	9.426692e-04
-7.076748e+01	9.451819e-04
-7.066748e+01	9.477047e-04
-7.056748e+01	9.502376e-04
-7.046748e+01	9.527807e-04
-7.036748e+01	9.553341e-04
-7.026748e+01	9.578978e-04
-7.016748e+01	9.604718e-04
-7.006748e+01	9.630563e-04
-6.996748e+01	9.656512e-04
-6.986748e+01	9.682567e-04
-6.976748e+01	9.708728e-04
-6.966748e+01	9.734995e-04
-6.956748e+01	9.761370e-04
-6.946748e+01	9.787852e-04
-6.936748e+01	9.814442e-04
-6.926748e+01	9.841142e-04
-6.916748e+01	9.867950e-04
-6.906748e+01	9.894869e-04
-6.896748e+01	9.921898e-04
-6.886748e+01	9.949039e-04
-6.876748e+01	9.976292e-04
-6.866748e+01	1.000366e-03
-6.856748e+01	1.003113e-03
-6.846748e+01	1.005873e-03
-6.836748e+01	1.008643e-03
-6.826748e+01	1.011425e-03
-6.816748e+01	1.014219e-03
-6.806748e+01	1.017024e-03
-6.796748e+01	1.019842e-03
-6.786748e+01	1.022670e-03
-6.776748e+01	1.025511e-03
-6.766748e+01	1.028363e-03
-6.756748e+01	1.031228e-03
-6.746748e+01	1.034104e-03
-6.736748e+01	1.036993e-03
-6.726748e+01	1.039894e-03
-6.716748e+01	1.042807e-03
-6.706748e+01	1.045732e-03
-6.696748e+01	1.048670e-03
-6.686748e+01	1.051620e-03
-6.676748e+01	1.054582e-03
-6.666748e+01	1.057558e-03
-6.656748e+01	1.060545e-03
-6.646748e+01	1.063546e-03
-6.636748e+01	1.066559e-03
-6.626748e+01	1.069585e-03
-6.616748e+01	1.072625e-03
-6.606748e+01	1.075677e-03
-6.596748e+01	1.078742e-03
-6.586748e+01	1.081821e-03
-6.576748e+01	1.084912e-03
-6.566748e+01	1.088017e-03
-6.556748e+01	1.091136e-03
-6.546748e+01	1.094268e-03
-6.536748e+01	1.097413e-03
-6.526748e+01	1.100572e-03
-6.516748e+01	1.103745e-03
-6.506748e+01	1.106932e-03
-6.496748e+01	1.110132e-03
-6.486748e+01	1.113346e-03
-6.476748e+01	1.116575e-03
-6.466748e+01	1.119817e-03
-6.456748e+01	1.123074e-03
-6.446748e+01	1.126345e-03
-6.436748e+01	1.129631e-03
-6.426748e+01	1.132930e-03
-6.416748e+01	1.136245e-03
-6.406748e+01	1.139574e-03
-6.396748e+01	1.142918e-03
-6.386748e+01	1.146276e-03
-6.376748e+01	1.149649e-03
-6.366748e+01	1.153038e-03
-6.356748e+01	1.156441e-03
-6.346748e+01	1.159860e-03
-6.336748e+01	1.163294e-03
-6.326748e+01	1.166743e-03
-6.316748e+01	1.170207e-03
-6.306748e+01	1.173687e-03
-6.296748e+01	1.177183e-03
-6.286748e+01	1.180695e-03
-6.276748e+01	1.184222e-03
-6.266748e+01	1.187765e-03
-6.256748e+01	1.191324e-03
-6.246748e+01	1.194899e-03
-6.236748e+01	1.198490e-03
-6.226748e+01	1.202098e-03
-6.216748e+01	1.205722e-03
-6.206748e+01	1.209363e-03
-6.196748e+01	1.213020e-03
-6.186748e+01	1.216693e-03
-6.176748e+01	1.220384e-03
-6.166748e+01	1.224091e-03
-6.156748e+01	1.227816e-03
-6.146748e+01	1.231557e-03
-6.136748e+01	1.235316e-03
-6.126748e+01	1.239092e-03
-6.116748e+01	1.242885e-03
-6.106748e+01	1.246696e-03
-6.096748e+01	1.250525e-03
-6.086748e+01	1.254371e-03
-6.076748e+01	1.258235e-03
-6.066748e+01	1.262117e-03
-6.056748e+01	1.266018e-03
-6.046748e+01	1.269936e-03
-6.036748e+01	1.273873e-03
-6.026748e+01	1.277828e-03
-6.016748e+01	1.281801e-03
-6.006748e+01	1.285794e-03
-5.996748e+01	1.289805e-03
-5.986748e+01	1.293834e-03
-5.976748e+01	1.297883e-03
-5.966748e+01	1.301951e-03
-5.956748e+01	1.306039e-03
-5.946748e+01	1.310145e-03
-5.936748e+01	1.314271e-03
-5.926748e+01	1.318417e-03
-5.916748e+01	1.322582e-03
-5.906748e+01	1.326768e-03
-5.896748e+01	1.330973e-03
-5.886748e+01	1.335198e-03
-5.876748e+01	1.339444e-03
-5.866748e+01	1.343710e-03
-5.856748e+01	1.347997e-03
-5.846748e+01	1.352304e-03
-5.836748e+01	1.356632e-03
-5.826748e+01	1.360981e-03
-5.816748e+01	1.365351e-03
-5.806748e+01	1.369742e-03
-5.796748e+01	1.374154e-03
-5.786748e+01	1.378588e-03
-5.776748e+01	1.383043e-03
-5.766748e+01	1.387520e-03
-5.756748e+01	1.392020e-03
-5.746748e+01	1.396541e-03
-5.736748e+01	1.401084e-03
-5.726748e+01	1.405649e-03
-5.716748e+01	1.410237e-03
-5.706748e+01	1.414848e-03
-5.696748e+01	1.419481e-03
-5.686748e+01	1.424138e-03
-5.676748e+01	1.428817e-03
-5.666748e+01	1.433520e-03
-5.656748e+01	1.438245e-03
-5.646748e+01	1.442995e-03
-5.636748e+01	1.447768e-03
-5.626748e+01	1.452565e-03
-5.616748e+01	1.457386e-03
-5.606748e+01	1.462231e-03
-5.596748e+01	1.467101e-03
-5.586748e+01	1.471995e-03
-5.576748e+01	1.476913e-03
-5.566748e+01	1.481856e-03
-5.556748e+01	1.486825e-03
-5.546748e+01	1.491818e-03
-5.536748e+01	1.496837e-03
-5.526748e+01	1.501882e-03
-5.516748e+01	1.506952e-03
-5.506748e+01	1.512048e-03
-5.496748e+01	1.517170e-03
-5.486748e+01	1.522318e-03
-5.476748e+01	1.527492e-03
-5.466748e+01	1.532693e-03
-5.456748e+01	1.537921e-03
-5.446748e+01	1.543176e-03
-5.436748e+01	1.548458e-03
-5.426748e+01	1.553767e-03
-5.416748e+01	1.559104e-03
-5.406748e+01	1.564468e-03
-5.396748e+01	1.569860e-03
-5.386748e+01	1.575281e-03
-5.376748e+01	1.580729e-03
-5.366748e+01	1.586206e-03
-5.356748e+01	1.591712e-03
-5.346748e+01	1.597247e-03
-5.336748e+01	1.602810e-03
-5.326748e+01	1.608403e-03
-5.316748e+01	1.614026e-03
-5.306748e+01	1.619678e-03
-5.296748e+01	1.625360e-03
-5.286748e+01	1.631072e-03
-5.276748e+01	1.636815e-03
-5.266748e+01	1.642588e-03
-5.256748e+01	1.648392e-03
-5.246748e+01	1.654226e-03
-5.236748e+01	1.660092e-03
-5.226748e+01	1.665990e-03
-5.216748e+01	1.671919e-03
-5.206748e+01	1.677880e-03
-5.196748e+01	1.683873e-03
-5.186748e+01	1.689899e-03
-5.176748e+01	1.695957e-03
-5.166748e+01	1.702048e-03
-5.156748e+01	1.708172e-03
-5.146748e+01	1.714329e-03
-5.136748e+01	1.720520e-03
-5.126748e+01	1.726745e-03
-5.116748e+01	1.733003e-03
-5.106748e+01	1.739296e-03
-5.096748e+01	1.745624e-03
-5.086748e+01	1.751986e-03
-5.076748e+01	1.758383e-03
-5.066748e+01	1.764816e-03
-5.056748e+01	1.771284e-03
-5.046748e+01	1.777788e-03
-5.036748e+01	1.784329e-03
-5.026748e+01	1.790905e-03
-5.016748e+01	1.797519e-03
-5.006748e+01	1.804169e-03
-4.996748e+01	1.810856e-03
-4.986748e+01	1.817581e-03
-4.976748e+01	1.824344e-03
-4.966748e+01	1.831144e-03
-4.956748e+01	1.837983e-03
-4.946748e+01	1.844861e-03
-4.936748e+01	1.851778e-03
-4.926748e+01	1.858733e-03
-4.916748e+01	1.865729e-03
-4.906748e+01	1.872764e-03
-4.896748e+01	1.879839e-03
-4.886748e+01	1.886955e-03
-4.876748e+01	1.894111e-03
-4.866748e+01	1.901309e-03
-4.856748e+01	1.908547e-03
-4.846748e+01	1.915828e-03
-4.836748e+01	1.923151e-03
-4.826748e+01	1.930516e-03
-4.816748e+01	1.937923e-03
-4.806748e+01	1.945374e-03
-4.796748e+01	1.952868e-03
-4.786748e+01	1.960405e-03
-4.776748e+01	1.967987e-03
-4.766748e+01	1.975613e-03
-4.756748e+01	1.983284e-03
-4.746748e+01	1.990999e-03
-4.736748e+01	1.998761e-03
-4.726748e+01	2.006568e-03
-4.716748e+01	2.014421e-03
-4.706748e+01	2.022321e-03
-4.696748e+01	2.030267e-03
-4.686748e+01	2.038261e-03
-4.676748e+01	2.046302e-03
-4.666748e+01	2.054392e-03
-4.656748e+01	2.062530e-03
-4.646748e+01	2.070716e-03
-4.636748e+01	2.078952e-03
-4.626748e+01	2.087238e-03
-4.616748e+01	2.095573e-03
-4.606748e+01	2.103959e-03
-4.596748e+01	2.112396e-03
-4.586748e+01	2.120884e-03
-4.576748e+01	2.129423e-03
-4.566748e+01	2.138015e-03
-4.556748e+01	2.146659e-03
-4.546748e+01	2.155356e-03
-4.536748e+01	2.164106e-03
-4.526748e+01	2.172911e-03
-4.516748e+01	2.181769e-03
-4.506748e+01	2.190682e-03
-4.496748e+01	2.199651e-03
-4.486748e+01	2.208674e-03
-4.476748e+01	2.217754e-03
-4.466748e+01	2.226891e-03
-4.456748e+01	2.236084e-03
-4.446748e+01	2.245335e-03
-4.436748e+01	2.254644e-03
-4.426748e+01	2.264012e-03
-4.416748e+01	2.273438e-03
-4.406748e+01	2.282924e-03
-4.396748e+01	2.292470e-03
-4.386748e+01	2.302077e-03
-4.376748e+01	2.311744e-03
-4.366748e+01	2.321473e-03
-4.356748e+01	2.331264e-03
-4.346748e+01	2.341117e-03
-4.336748e+01	2.351034e-03
-4.326748e+01	2.361014e-03
-4.316748e+01	2.371059e-03
-4.306748e+01	2.381168e-03
-4.296748e+01	2.391343e-03
-4.286748e+01	2.401583e-03
-4.276748e+01	2.411890e-03
-4.266748e+01	2.422264e-03
-4.256748e+01	2.432706e-03
-4.246748e+01	2.443216e-03
-4.236748e+01	2.453795e-03
-4.226748e+01	2.464443e-03
-4.216748e+01	2.475162e-03
-4.206748e+01	2.485951e-03
-4.196748e+01	2.496811e-03
-4.186748e+01	2.507743e-03
-4.176748e+01	2.518748e-03
-4.166748e+01	2.529826e-03
-4.156748e+01	2.540978e-03
-4.146748e+01	2.552205e-03
-4.136748e+01	2.563507e-03
-4.126748e+01	2.574885e-03
-4.116748e+01	2.586339e-03
-4.106748e+01	2.597871e-03
-4.096748e+01	2.609481e-03
-4.086748e+01	2.621169e-03
-4.076748e+01	2.632937e-03
-4.066748e+01	2.644785e-03
-4.056748e+01	2.656714e-03
-4.046748e+01	2.668725e-03
-4.036748e+01	2.680818e-03
-4.026748e+01	2.692994e-03
-4.016748e+01	2.705255e-03
-4.006748e+01	2.717600e-03
-3.996748e+01	2.730030e-03
-3.986748e+01	2.742547e-03
-3.976748e+01	2.755151e-03
-3.966748e+01	2.767842e-03
-3.956748e+01	2.780623e-03
-3.946748e+01	2.793493e-03
-3.936748e+01	2.806454e-03
-3.926748e+01	2.819506e-03
-3.916748e+01	2.832650e-03
-3.906748e+01	2.845887e-03
-3.896748e+01	2.859219e-03
-3.886748e+01	2.872645e-03
-3.876748e+01	2.886167e-03
-3.866748e+01	2.899785e-03
-3.856748e+01	2.913501e-03
-3.846748e+01	2.927316e-03
-3.836748e+01	2.941230e-03
-3.826748e+01	2.955245e-03
-3.816748e+01	2.969361e-03
-3.806748e+01	2.983580e-03
-3.796748e+01	2.997902e-03
-3.786748e+01	3.012329e-03
-3.776748e+01	3.026861e-03
-3.766748e+01	3.041500e-03
-3.756748e+01	3.056247e-03
-3.746748e+01	3.071102e-03
-3.736748e+01	3.086067e-03
-3.726748e+01	3.101143e-03
-3.716748e+01	3.116330e-03
-3.706748e+01	3.131631e-03
-3.696748e+01	3.147046e-03
-3.686748e+01	3.162577e-03
-3.676748e+01	3.178224e-03
-3.666748e+01	3.193989e-03
-3.656748e+01	3.209873e-03
-3.646748e+01	3.225877e-03
-3.636748e+01	3.242002e-03
-3.626748e+01	3.258251e-03
-3.616748e+01	3.274623e-03
-3.606748e+01	3.291120e-03
-3.596748e+01	3.307743e-03
-3.586748e+01	3.324495e-03
-3.576748e+01	3.341376e-03
-3.566748e+01	3.358387e-03
-3.556748e+01	3.375530e-03
-3.546748e+01	3.392806e-03
-3.536748e+01	3.410217e-03
-3.526748e+01	3.427763e-03
-3.516748e+01	3.445448e-03
-3.506748e+01	3.463271e-03
-3.496748e+01	3.481235e-03
-3.486748e+01	3.499340e-03
-3.476748e+01	3.517589e-03
-3.466748e+01	3.535984e-03
-3.456748e+01	3.554524e-03
-3.446748e+01	3.573213e-03
-3.436748e+01	3.592051e-03
-3.426748e+01	3.611041e-03
-3.416748e+01	3.630184e-03
-3.406748e+01	3.649482e-03
-3.396748e+01	3.668936e-03
-3.386748e+01	3.688548e-03
-3.376748e+01	3.708319e-03
-3.366748e+01	3.728253e-03
-3.356748e+01	3.748350e-03
-3.346748e+01	3.768612e-03
-3.336748e+01	3.789041e-03
-3.326748e+01	3.809639e-03
-3.316748e+01	3.830408e-03
-3.306748e+01	3.851349e-03
-3.296748e+01	3.872466e-03
-3.286748e+01	3.893759e-03
-3.276748e+01	3.915230e-03
-3.266748e+01	3.936883e-03
-3.256748e+01	3.958718e-03
-3.246748e+01	3.980738e-03
-3.236748e+01	4.002945e-03
-3.226748e+01	4.025341e-03
-3.216748e+01	4.047928e-03
-3.206748e+01	4.070709e-03
-3.196748e+01	4.093686e-03
-3.186748e+01	4.116861e-03
-3.176748e+01	4.140236e-03
-3.166748e+01	4.163815e-03
-3.156748e+01	4.187598e-03
-3.146748e+01	4.211589e-03
-3.136748e+01	4.235790e-03
-3.126748e+01	4.260203e-03
-3.116748e+01	4.284832e-03
-3.106748e+01	4.309678e-03
-3.096748e+01	4.334745e-03
-3.086748e+01	4.360035e-03
-3.076748e+01	4.385550e-03
-3.066748e+01	4.411293e-03
-3.056748e+01	4.437268e-03
-3.046748e+01	4.463477e-03
-3.036748e+01	4.489923e-03
-3.026748e+01	4.516608e-03
-3.016748e+01	4.543537e-03
-3.006748e+01	4.570710e-03
-2.996748e+01	4.598133e-03
-2.986748e+01	4.625808e-03
-2.976748e+01	4.653738e-03
-2.966748e+01	4.681926e-03
-2.956748e+01	4.710375e-03
-2.946748e+01	4.739090e-03
-2.936748e+01	4.768072e-03
-2.926748e+01	4.797327e-03
-2.916748e+01	4.826856e-03
-2.906748e+01	4.856664e-03
-2.896748e+01	4.886754e-03
-2.886748e+01	4.917130e-03
-2.876748e+01	4.947795e-03
-2.866748e+01	4.978754e-03
-2.856748e+01	5.010010e-03
-2.846748e+01	5.041567e-03
-2.836748e+01	5.073429e-03
-2.826748e+01	5.105600e-03
-2.816748e+01	5.138084e-03
-2.806748e+01	5.170886e-03
-2.796748e+01	5.204009e-03
-2.786748e+01	5.237458e-03
-2.776748e+01	5.271237e-03
-2.766748e+01	5.305350e-03
-2.756748e+01	5.339803e-03
-2.746748e+01	5.374600e-03
-2.736748e+01	5.409745e-03
-2.726748e+01	5.445243e-03
-2.716748e+01	5.481100e-03
-2.706748e+01	5.517319e-03
-2.696748e+01	5.553907e-03
-2.686748e+01	5.590868e-03
-2.676748e+01	5.628208e-03
-2.666748e+01	5.665931e-03
-2.656748e+01	5.704043e-03
-2.646748e+01	5.742550e-03
-2.636748e+01	5.781458e-03
-2.626748e+01	5.820771e-03
-2.616748e+01	5.860496e-03
-2.606748e+01	5.900639e-03
-2.596748e+01	5.941205e-03
-2.586748e+01	5.982202e-03
-2.576748e+01	6.023634e-03
-2.566748e+01	6.065509e-03
-2.556748e+01	6.107833e-03
-2.546748e+01	6.150613e-03
-2.536748e+01	6.193855e-03
-2.526748e+01	6.237566e-03
-2.516748e+01	6.281753e-03
-2.506748e+01	6.326424e-03
-2.496748e+01	6.371585e-03
-2.486748e+01	6.417244e-03
-2.476748e+01	6.463409e-03
-2.466748e+01	6.510087e-03
-2.456748e+01	6.557286e-03
-2.446748e+01	6.605014e-03
-2.436748e+01	6.653280e-03
-2.426748e+01	6.702091e-03
-2.416748e+01	6.751457e-03
-2.406748e+01	6.801385e-03
-2.396748e+01	6.851885e-03
-2.386748e+01	6.902966e-03
-2.376748e+01	6.954636e-03
-2.366748e+01	7.006906e-03
-2.356748e+01	7.059785e-03
-2.346748e+01	7.113282e-03
-2.336748e+01	7.167408e-03
-2.326748e+01	7.222173e-03
-2.316748e+01	7.277588e-03
-2.306748e+01	7.333662e-03
-2.296748e+01	7.390408e-03
-2.286748e+01	7.447835e-03
-2.276748e+01	7.505956e-03
-2.266748e+01	7.564781e-03
-2.256748e+01	7.624324e-03
-2.246748e+01	7.684595e-03
-2.236748e+01	7.745608e-03
-2.226748e+01	7.807374e-03
-2.216748e+01	7.869907e-03
-2.206748e+01	7.933221e-03
-2.196748e+01	7.997328e-03
-2.186748e+01	8.062242e-03
-2.176748e+01	8.127978e-03
-2.166748e+01	8.194550e-03
-2.156748e+01	8.261972e-03
-2.146748e+01	8.330261e-03
-2.136748e+01	8.399431e-03
-2.126748e+01	8.469498e-03
-2.116748e+01	8.540478e-03
-2.106748e+01	8.612389e-03
-2.096748e+01	8.685246e-03
-2.086748e+01	8.759068e-03
-2.076748e+01	8.833873e-03
-2.066748e+01	8.909677e-03
-2.056748e+01	8.986501e-03
-2.046748e+01	9.064364e-03
-2.036748e+01	9.143285e-03
-2.026748e+01	9.223283e-03
-2.016748e+01	9.304381e-03
-2.006748e+01	9.386598e-03
-1.996748e+01	9.469958e-03
-1.986748e+01	9.554481e-03
-1.976748e+01	9.640190e-03
-1.966748e+01	9.727110e-03
-1.956748e+01	9.815264e-03
-1.946748e+01	9.904677e-03
-1.936748e+01	9.995374e-03
-1.926748e+01	1.008738e-02
-1.916748e+01	1.018073e-02
-1.906748e+01	1.027543e-02
-1.896748e+01	1.037153e-02
-1.886748e+01	1.046905e-02
-1.876748e+01	1.056803e-02
-1.866748e+01	1.066848e-02
-1.856748e+01	1.077045e-02
-1.846748e+01	1.087396e-02
-1.836748e+01	1.097905e-02
-1.826748e+01	1.108575e-02
-1.816748e+01	1.119410e-02
-1.806748e+01	1.130414e-02
-1.796748e+01	1.141589e-02
-1.786748e+01	1.152941e-02
-1.776748e+01	1.164472e-02
-1.766748e+01	1.176187e-02
-1.756748e+01	1.188090e-02
-1.746748e+01	1.200186e-02
-1.736748e+01	1.212479e-02
-1.726748e+01	1.224973e-02
-1.716748e+01	1.237674e-02
-1.706748e+01	1.250585e-02
-1.696748e+01	1.263713e-02
-1.686748e+01	1.277062e-02
-1.676748e+01	1.290638e-02
-1.666748e+01	1.304447e-02
-1.656748e+01	1.318493e-02
-1.646748e+01	1.332783e-02
-1.636748e+01	1.347324e-02
-1.626748e+01	1.362120e-02
-1.616748e+01	1.377180e-02
-1.606748e+01	1.392510e-02
-1.596748e+01	1.408117e-02
-1.586748e+01	1.424007e-02
-1.576748e+01	1.440190e-02
-1.566748e+01	1.456672e-02
-1.556748e+01	1.473462e-02
-1.546748e+01	1.490567e-02
-1.536748e+01	1.507998e-02
-1.526748e+01	1.525763e-02
-1.516748e+01	1.543871e-02
-1.506748e+01	1.562332e-02
-1.496748e+01	1.581156e-02
-1.486748e+01	1.600355e-02
-1.476748e+01	1.619938e-02
-1.466748e+01	1.639918e-02
-1.456748e+01	1.660307e-02
-1.446748e+01	1.681116e-02
-1.436748e+01	1.702360e-02
-1.426748e+01	1.724051e-02
-1.416748e+01	1.746204e-02
-1.406748e+01	1.768834e-02
-1.396748e+01	1.791957e-02
-1.386748e+01	1.815587e-02
-1.376748e+01	1.839744e-02
-1.366748e+01	1.864444e-02
-1.356748e+01	1.889706e-02
-1.346748e+01	1.915550e-02
-1.336748e+01	1.941997e-02
-1.326748e+01	1.969067e-02
-1.316748e+01	1.996785e-02
-1.306748e+01	2.025175e-02
-1.296748e+01	2.054260e-02
-1.286748e+01	2.084070e-02
-1.276748e+01	2.114631e-02
-1.266748e+01	2.145974e-02
-1.256748e+01	2.178130e-02
-1.246748e+01	2.211134e-02
-1.236748e+01	2.245020e-02
-1.226748e+01	2.279827e-02
-1.216748e+01	2.315596e-02
-1.206748e+01	2.352369e-02
-1.196748e+01	2.390193e-02
-1.186748e+01	2.429116e-02
-1.176748e+01	2.469191e-02
-1.166748e+01	2.510475e-02
-1.156748e+01	2.553029e-02
-1.146748e+01	2.596917e-02
-1.136748e+01	2.642211e-02
-1.126748e+01	2.688986e-02
-1.116748e+01	2.737325e-02
-1.106748e+01	2.787318e-02
-1.096748e+01	2.839061e-02
-1.086748e+01	2.892662e-02
-1.076748e+01	2.948237e-02
-1.066748e+01	3.005912e-02
-1.056748e+01	3.065829e-02
-1.046748e+01	3.128142e-02
-1.036748e+01	3.193023e-02
-1.026748e+01	3.260660e-02
-1.016748e+01	3.331267e-02
-1.006748e+01	3.405079e-02
-9.967479e+00	3.482364e-02
-9.867479e+00	3.563420e-02
-9.767479e+00	3.648587e-02
-9.667479e+00	3.738252e-02
-9.567479e+00	3.832856e-02
-9.467479e+00	3.932907e-02
-9.367479e+00	4.038989e-02
-9.267479e+00	4.151786e-02
-9.167479e+00	4.272093e-02
-9.067479e+00	4.400847e-02
-8.967479e+00	4.539160e-02
-8.867479e+00	4.688358e-02
-8.767479e+00	4.850038e-02
-8.667479e+00	5.026138e-02
-8.567479e+00	5.219031e-02
-8.467479e+00	5.431654e-02
-8.367479e+00	5.667680e-02
-8.267479e+00	5.931752e-02
-8.167479e+00	6.229821e-02
-8.067479e+00	6.569609e-02
-7.967479e+00	6.961296e-02
-7.867479e+00	7.418524e-02
-7.767479e+00	7.959905e-02
-7.667479e+00	8.611358e-02
-7.567479e+00	9.409790e-02
-7.467479e+00	1.040910e-01
-7.367479e+00	1.169023e-01
-7.267479e+00	1.337859e-01
-7.167479e+00	1.567520e-01
-7.067479e+00	1.891396e-01
-6.967479e+00	2.366827e-01
-6.867479e+00	3.094092e-01
-6.767479e+00	4.242350e-01
-6.667479e+00	6.032656e-01
-6.567479e+00	8.403212e-01
-6.467479e+00	1.001447e+00
-6.367479e+00	9.079443e-01
-6.267479e+00	6.752336e-01
-6.167479e+00	4.798453e-01
-6.067479e+00	3.530638e-01
-5.967479e+00	2.746971e-01
-5.867479e+00	2.256571e-01
-5.767479e+00	1.942350e-01
-5.667479e+00	1.737437e-01
-5.567479e+00	1.603348e-01
-5.467479e+00	1.517049e-01
-5.367479e+00	1.463986e-01
-5.267479e+00	1.435506e-01
-5.167479e+00	1.426878e-01
-5.067479e+00	1.435006e-01
-4.967479e+00	1.457873e-01
-4.867479e+00	1.494491e-01
-4.767479e+00	1.544839e-01
-4.667479e+00	1.609749e-01
-4.567479e+00	1.690969e-01
-4.467479e+00	1.791406e-01
-4.367479e+00	1.915590e-01
-4.267479e+00	2.070607e-01
-4.167479e+00	2.267531e-01
-4.067479e+00	2.522730e-01
-3.967479e+00	2.855099e-01
-3.867479e+00	3.269934e-01
-3.767479e+00	3.768266e-01
-3.667479e+00	4.440320e-01
-3.567479e+00	5.462207e-01
-3.467479e+00	7.035466e-01
-3.367479e+00	9.245367e-01
-3.267479e+00	1.154046e+00
-3.167479e+00	1.307680e+00
-3.067479e+00	1.430817e+00
-2.967479e+00	1.499644e+00
-2.867479e+00	1.427337e+00
-2.767479e+00	1.306053e+00
-2.667479e+00	1.189269e+00
-2.567479e+00	1.091753e+00
-2.467479e+00	1.037446e+00
-2.367479e+00	1.030204e+00
-2.267479e+00	1.103149e+00
-2.167479e+00	1.292330e+00
-2.067479e+00	1.593159e+00
-1.967479e+00	1.880135e+00
-1.867479e+00	1.947548e+00
-1.767479e+00	1.798194e+00
-1.667479e+00	1.621304e+00
-1.567479e+00	1.570918e+00
-1.467479e+00	1.698354e+00
-1.367479e+00	2.034725e+00
-1.267479e+00	2.611093e+00
-1.167479e+00	3.300566e+00
-1.067479e+00	3.626166e+00
-9.674791e-01	3.456360e+00
-8.674791e-01	3.343952e+00
-7.674791e-01	3.543160e+00
-6.674791e-01	3.736572e+00
-5.674791e-01	3.513412e+00
-4.674791e-01	3.143814e+00
-3.674791e-01	3.004190e+00
-2.674791e-01	3.188507e+00
-1.674791e-01	3.733907e+00
-6.747911e-02	4.754410e+00
3.252089e-02	6.495094e+00
1.325209e-01	9.319884e+00
2.325209e-01	1.326226e+01
3.325209e-01	1.642606e+01
4.325209e-01	1.553987e+01
5.325209e-01	1.193287e+01
6.325209e-01	8.837074e+00
7.325209e-01	6.826501e+00
8.325209e-01	5.245615e+00
9.325209e-01	3.898237e+00
1.032521e+00	2.911503e+00
1.132521e+00	2.243232e+00
1.232521e+00	1.790000e+00
1.332521e+00	1.474332e+00
1.432521e+00	1.248305e+00
1.532521e+00	1.082905e+00
1.632521e+00	9.600010e-01
1.732521e+00	8.681834e-01
1.832521e+00	8.009870e-01
1.932521e+00	7.549207e-01
2.032521e+00	7.286488e-01
2.132521e+00	7.233587e-01
2.232521e+00	7.436489e-01
2.332521e+00	7.987137e-01
2.432521e+00	9.023206e-01
2.532521e+00	1.069596e+00
2.632521e+00	1.288117e+00
2.732521e+00	1.417785e+00
2.832521e+00	1.302765e+00
2.932521e+00	1.080309e+00
3.032521e+00	9.106523e-01
3.132521e+00	8.159674e-01
3.232521e+00	7.762816e-01
3.332521e+00	7.741855e-01
3.432521e+00	8.017543e-01
3.532521e+00	8.608567e-01
3.632521e+00	9.529270e-01
3.732521e+00	1.085613e+00
3.832521e+00	1.292604e+00
3.932521e+00	1.629200e+00
4.032521e+00	2.176913e+00
4.132521e+00	3.027529e+00
4.232521e+00	4.080269e+00
4.332521e+00	4.607114e+00
4.432521e+00	3.997821e+00
4.532521e+00	2.973724e+00
4.632521e+00	2.187207e+00
4.732521e+00	1.694550e+00
4.832521e+00	1.399789e+00
4.932521e+00	1.225843e+00
5.032521e+00	1.126982e+00
5.132521e+00	1.077536e+00
5.232521e+00	1.063180e+00
5.332521e+00	1.076034e+00
5.432521e+00	1.112068e+00
5.532521e+00	1.169773e+00
5.632521e+00	1.249498e+00
5.732521e+00	1.353204e+00
5.832521e+00	1.484495e+00
5.932521e+00	1.648893e+00
6.032521e+00	1.854406e+00
6.132521e+00	2.112464e+00
6.232521e+00	2.439453e+00
6.332521e+00	2.859207e+00
6.432521e+00	3.407125e+00
6.532521e+00	4.137194e+00
6.632521e+00	5.134297e+00
6.732521e+00	6.536501e+00
6.832521e+00	8.576342e+00
6.932521e+00	1.165722e+01
7.032521e+00	1.648274e+01
7.132521e+00	2.418344e+01
7.232521e+00	3.585371e+01
7.332521e+00	4.918536e+01
7.432521e+00	5.349835e+01
7.532521e+00	4.351683e+01
7.632521e+00	3.013229e+01
7.732521e+00	2.028495e+01
7.832521e+00	1.402783e+01
7.932521e+00	1.008844e+01
8.032521e+00	7.531807e+00
8.132521e+00	5.807659e+00
8.232521e+00	4.601371e+00
8.332521e+00	3.729372e+00
8.432521e+00	3.080909e+00
8.532521e+00	2.586762e+00
8.632521e+00	2.202192e+00
8.732521e+00	1.897386e+00
8.832521e+00	1.651935e+00
8.932521e+00	1.451520e+00
9.032521e+00	1.285884e+00
9.132521e+00	1.147544e+00
9.232521e+00	1.030945e+00
9.332521e+00	9.318316e-01
9.432521e+00	8.467382e-01
9.532521e+00	7.730136e-01
9.632521e+00	7.089801e-01
9.732521e+00	6.533377e-01
9.832521e+00	6.049610e-01
9.932521e+00	5.629988e-01
1.003252e+01	5.269242e-01
1.013252e+01	4.965976e-01
1.023252e+01	4.724058e-01
1.033252e+01	4.554517e-01
1.043252e+01	4.472598e-01
1.053252e+01	4.465804e-01
1.063252e+01	4.431828e-01
1.073252e+01	4.307324e-01
1.083252e+01	4.214172e-01
1.093252e+01	4.141978e-01
1.103252e+01	3.879814e-01
1.113252e+01	3.457615e-01
1.123252e+01	3.075967e-01
1.133252e+01	2.791636e-01
1.143252e+01	2.584527e-01
1.153252e+01	2.429146e-01
1.163252e+01	2.299372e-01
1.173252e+01	2.172020e-01
1.183252e+01	2.050083e-01
1.193252e+01	1.944008e-01
1.203252e+01	1.854478e-01
1.213252e+01	1.779153e-01
1.223252e+01	1.716923e-01
1.233252e+01	1.663962e-01
1.243252e+01	1.606890e-01
1.253252e+01	1.538199e-01
1.263252e+01	1.469932e-01
1.273252e+01	1.410155e-01
1.283252e+01	1.358450e-01
1.293252e+01	1.312861e-01
1.303252e+01	1.270321e-01
1.313252e+01	1.225236e-01
1.323252e+01	1.179446e-01
1.333252e+01	1.137995e-01
1.343252e+01	1.101070e-01
1.353252e+01	1.066156e-01
1.363252e+01	1.031660e-01
1.373252e+01	9.979338e-02
1.383252e+01	9.664311e-02
1.393252e+01	9.377007e-02
1.403252e+01	9.114051e-02
1.413252e+01	8.868287e-02
1.423252e+01	8.635263e-02
1.433252e+01	8.418717e-02
1.443252e+01	8.221588e-02
1.453252e+01	8.044471e-02
1.463252e+01	7.893325e-02
1.473252e+01	7.779317e-02
1.483252e+01	7.711807e-02
1.493252e+01	7.688895e-02
1.503252e+01	7.684355e-02
1.513252e+01	7.605946e-02
1.523252e+01	7.416081e-02
1.533252e+01	7.248450e-02
1.543252e+01	7.205131e-02
1.553252e+01	7.314927e-02
1.563252e+01	7.504529e-02
1.573252e+01	7.489018e-02
1.583252e+01	7.119879e-02
1.593252e+01	6.660547e-02
1.603252e+01	6.306340e-02
1.613252e+01	6.077295e-02
1.623252e+01	5.935295e-02
1.633252e+01	5.808422e-02
1.643252e+01	5.643405e-02
1.653252e+01	5.480152e-02
1.663252e+01	5.360032e-02
1.673252e+01	5.291962e-02
1.683252e+01	5.281808e-02
1.693252e+01	5.340349e-02
1.703252e+01	5.454882e-02
1.713252e+01	5.528332e-02
1.723252e+01	5.480930e-02
1.733252e+01	5.384108e-02
1.743252e+01	5.296173e-02
1.753252e+01	5.277538e-02
1.763252e+01	5.364492e-02
1.773252e+01	5.547259e-02
1.783252e+01	5.790741e-02
1.793252e+01	6.019857e-02
1.803252e+01	6.211147e-02
1.813252e+01	6.361508e-02
1.823252e+01	6.456310e-02
1.833252e+01	6.661203e-02
1.843252e+01	7.124611e-02
1.853252e+01	7.750518e-02
1.863252e+01	8.381786e-02
1.873252e+01	9.366605e-02
1.883252e+01	1.082814e-01
1.893252e+01	1.153305e-01
1.903252e+01	1.030628e-01
1.913252e+01	8.374967e-02
1.923252e+01	6.920361e-02
1.933252e+01	6.050900e-02
1.943252e+01	5.592078e-02
1.953252e+01	5.341035e-02
1.963252e+01	5.177337e-02
1.973252e+01	5.079665e-02
1.983252e+01	4.987645e-02
1.993252e+01	4.836863e-02
2.003252e+01	4.560351e-02
2.013252e+01	4.264954e-02
2.023252e+01	3.987526e-02
2.033252e+01	3.706600e-02
2.043252e+01	3.464633e-02
2.053252e+01	3.275889e-02
2.063252e+01	3.142746e-02
2.073252e+01	3.061735e-02
2.083252e+01	3.026192e-02
2.093252e+01	3.031439e-02
2.103252e+01	3.086629e-02
2.113252e+01	3.216658e-02
2.123252e+01	3.405756e-02
2.133252e+01	3.511349e-02
2.143252e+01	3.395907e-02
2.153252e+01	3.166057e-02
2.163252e+01	2.980958e-02
2.173252e+01	2.886449e-02
2.183252e+01	2.872364e-02
2.193252e+01	2.909993e-02
2.203252e+01	2.993621e-02
2.213252e+01	3.165956e-02
2.223252e+01	3.408675e-02
2.233252e+01	3.533022e-02
2.243252e+01	3.364791e-02
2.253252e+01	3.023778e-02
2.263252e+01	2.727888e-02
2.273252e+01	2.532441e-02
2.283252e+01	2.403587e-02
2.293252e+01	2.309327e-02
2.303252e+01	2.234625e-02
2.313252e+01	2.176242e-02
2.323252e+01	2.136271e-02
2.333252e+01	2.103699e-02
2.343252e+01	2.072628e-02
2.353252e+01	2.055379e-02
2.363252e+01	2.059756e-02
2.373252e+01	2.076439e-02
2.383252e+01	2.074801e-02
2.393252e+01	2.048677e-02
2.403252e+01	2.027295e-02
2.413252e+01	2.031246e-02
2.423252e+01	2.073211e-02
2.433252e+01	2.156179e-02
2.443252e+01	2.246428e-02
2.453252e+01	2.269512e-02
2.463252e+01	2.213794e-02
2.473252e+01	2.131937e-02
2.483252e+01	2.066119e-02
2.493252e+01	2.036622e-02
2.503252e+01	2.044338e-02
2.513252e+01	2.067899e-02
2.523252e+01	2.087385e-02
2.533252e+01	2.126968e-02
2.543252e+01	2.198911e-02
2.553252e+01	2.255963e-02
2.563252e+01	2.255444e-02
2.573252e+01	2.239381e-02
2.583252e+01	2.264684e-02
2.593252e+01	2.337803e-02
2.603252e+01	2.451454e-02
2.613252e+01	2.626295e-02
2.623252e+01	2.897418e-02
2.633252e+01	3.328602e-02
2.643252e+01	3.999080e-02
2.653252e+01	4.912135e-02
2.663252e+01	5.886798e-02
2.673252e+01	6.840898e-02
2.683252e+01	7.917108e-02
2.693252e+01	9.119462e-02
2.703252e+01	9.765017e-02
2.713252e+01	9.323934e-02
2.723252e+01	8.195175e-02
2.733252e+01	6.793731e-02
2.743252e+01	5.439823e-02
2.753252e+01	4.463361e-02
2.763252e+01	3.899843e-02
2.773252e+01	3.637043e-02
2.783252e+01	3.527215e-02
2.793252e+01	3.437672e-02
2.803252e+01	3.416249e-02
2.813252e+01	3.495890e-02
2.823252e+01	3.559635e-02
2.833252e+01	3.652693e-02
2.843252e+01	3.987385e-02
2.853252e+01	4.657785e-02
2.863252e+01	5.528736e-02
2.873252e+01	6.318404e-02
2.883252e+01	6.505936e-02
2.893252e+01	5.675581e-02
2.903252e+01	4.562509e-02
2.913252e+01	3.787185e-02
2.923252e+01	3.402272e-02
2.933252e+01	3.331692e-02
2.943252e+01	3.511741e-02
2.953252e+01	3.885544e-02
2.963252e+01	4.479038e-02
2.973252e+01	5.198416e-02
2.983252e+01	5.487848e-02
2.993252e+01	5.215777e-02
3.003252e+01	5.003201e-02
3.013252e+01	5.187610e-02
3.023252e+01	5.435606e-02
3.033252e+01	5.101044e-02
3.043252e+01	4.425175e-02
3.053252e+01	3.970951e-02
3.063252e+01	3.722862e-02
3.073252e+01	3.454135e-02
3.083252e+01	3.249862e-02
3.093252e+01	3.258300e-02
3.103252e+01	3.338841e-02
3.113252e+01	3.122665e-02
3.123252e+01	2.645302e-02
3.133252e+01	2.226256e-02
3.143252e+01	1.963341e-02
3.153252e+01	1.834319e-02
3.163252e+01	1.815773e-02
3.173252e+01	1.889399e-02
3.183252e+01	1.978816e-02
3.193252e+01	1.938366e-02
3.203252e+01	1.790841e-02
3.213252e+01	1.679332e-02
3.223252e+01	1.656691e-02
3.233252e+01	1.723977e-02
3.243252e+01	1.885176e-02
3.253252e+01	2.172687e-02
3.263252e+01	2.573578e-02
3.273252e+01	2.866575e-02
3.283252e+01	2.865857e-02
3.293252e+01	2.730368e-02
3.303252e+01	2.454495e-02
3.313252e+01	2.051802e-02
3.323252e+01	1.705737e-02
3.333252e+01	1.479935e-02
3.343252e+01	1.343362e-02
3.353252e+01	1.245945e-02
3.363252e+01	1.152569e-02
3.373252e+01	1.069453e-02
3.383252e+01	1.008596e-02
3.393252e+01	9.689536e-03
3.403252e+01	9.471261e-03
3.413252e+01	9.411035e-03
3.423252e+01	9.453694e-03
3.433252e+01	9.435377e-03
3.443252e+01	9.275721e-03
3.453252e+01	9.135820e-03
3.463252e+01	9.031719e-03
3.473252e+01	8.803375e-03
3.483252e+01	8.501845e-03
3.493252e+01	8.275737e-03
3.503252e+01	8.150100e-03
3.513252e+01	8.088169e-03
3.523252e+01	8.077266e-03
3.533252e+01	8.148059e-03
3.543252e+01	8.345901e-03
3.553252e+01	8.736571e-03
3.563252e+01	9.428784e-03
3.573252e+01	1.054997e-02
3.583252e+01	1.196400e-02
3.593252e+01	1.266203e-02
3.603252e+01	1.178267e-02
3.613252e+01	1.032399e-02
3.623252e+01	9.192250e-03
3.633252e+01	8.457192e-03
3.643252e+01	8.002293e-03
3.653252e+01	7.739022e-03
3.663252e+01	7.599184e-03
3.673252e+01	7.529031e-03
3.683252e+01	7.522308e-03
3.693252e+01	7.589560e-03
3.703252e+01	7.692992e-03
3.713252e+01	7.814334e-03
3.723252e+01	8.023301e-03
3.733252e+01	8.353283e-03
3.743252e+01	8.810423e-03
3.753252e+01	9.517797e-03
3.763252e+01	1.060081e-02
3.773252e+01	1.198946e-02
3.783252e+01	1.370918e-02
3.793252e+01	1.585369e-02
3.803252e+01	1.715868e-02
3.813252e+01	1.606764e-02
3.823252e+01	1.383510e-02
3.833252e+01	1.211075e-02
3.843252e+01	1.102782e-02
3.853252e+01	1.027530e-02
3.863252e+01	9.845901e-03
3.873252e+01	9.782188e-03
3.883252e+01	1.001946e-02
3.893252e+01	1.050216e-02
3.903252e+01	1.122669e-02
3.913252e+01	1.203934e-02
3.923252e+01	1.286154e-02
3.933252e+01	1.327326e-02
3.943252e+01	1.270055e-02
3.953252e+01	1.186123e-02
3.963252e+01	1.147920e-02
3.973252e+01	1.149144e-02
3.983252e+01	1.171401e-02
3.993252e+01	1.219725e-02
4.003252e+01	1.308289e-02
4.013252e+01	1.466786e-02
4.023252e+01	1.745361e-02
4.033252e+01	2.205662e-02
4.043252e+01	2.869202e-02
4.053252e+01	3.515741e-02
4.063252e+01	3.763101e-02
4.073252e+01	3.824611e-02
4.083252e+01	4.046495e-02
4.093252e+01	4.177775e-02
4.103252e+01	3.792719e-02
4.113252e+01	3.089036e-02
4.123252e+01	2.461571e-02
4.133252e+01	2.030750e-02
4.143252e+01	1.748787e-02
4.153252e+01	1.559907e-02
4.163252e+01	1.448253e-02
4.173252e+01	1.391599e-02
4.183252e+01	1.364305e-02
4.193252e+01	1.354036e-02
4.203252e+01	1.392717e-02
4.213252e+01	1.540706e-02
4.223252e+01	1.843685e-02
4.233252e+01	2.274185e-02
4.243252e+01	2.549709e-02
4.253252e+01	2.364560e-02
4.263252e+01	1.995788e-02
4.273252e+01	1.769194e-02
4.283252e+01	1.693592e-02
4.293252e+01	1.585680e-02
4.303252e+01	1.343198e-02
4.313252e+01	1.090917e-02
4.323252e+01	9.074108e-03
4.333252e+01	7.855098e-03
4.343252e+01	7.038491e-03
4.353252e+01	6.472441e-03
4.363252e+01	6.063113e-03
4.373252e+01	5.753774e-03
4.383252e+01	5.516202e-03
4.393252e+01	5.335571e-03
4.403252e+01	5.202045e-03
4.413252e+01	5.110937e-03
4.423252e+01	5.061997e-03
4.433252e+01	5.053323e-03
4.443252e+01	5.072639e-03
4.453252e+01	5.113564e-03
4.463252e+01	5.158724e-03
4.473252e+01	5.167319e-03
4.483252e+01	5.186470e-03
4.493252e+01	5.269699e-03
4.503252e+01	5.389508e-03
4.513252e+01	5.571485e-03
4.523252e+01	5.944024e-03
4.533252e+01	6.611487e-03
4.543252e+01	7.470015e-03
4.553252e+01	7.872643e-03
4.563252e+01	7.342025e-03
4.573252e+01	6.493245e-03
4.583252e+01	5.813759e-03
4.593252e+01	5.367949e-03
4.603252e+01	5.116898e-03
4.613252e+01	5.009968e-03
4.623252e+01	5.016538e-03
4.633252e+01	5.136681e-03
4.643252e+01	5.402978e-03
4.653252e+01	5.883374e-03
4.663252e+01	6.673819e-03
4.673252e+01	7.758735e-03
4.683252e+01	8.571317e-03
4.693252e+01	8.292825e-03
4.703252e+01	7.397380e-03
4.713252e+01	6.713299e-03
4.723252e+01	6.429385e-03
4.733252e+01	6.505660e-03
4.743252e+01	6.937033e-03
4.753252e+01	7.811076e-03
4.763252e+01	9.325558e-03
4.773252e+01	1.170752e-02
4.783252e+01	1.461628e-02
4.793252e+01	1.615250e-02
4.803252e+01	1.527174e-02
4.813252e+01	1.417549e-02
4.823252e+01	1.445343e-02
4.833252e+01	1.595248e-02
4.843252e+01	1.703491e-02
4.853252e+01	1.553940e-02
4.863252e+01	1.257822e-02
4.873252e+01	1.017461e-02
4.883252e+01	8.520003e-03
4.893252e+01	7.235923e-03
4.903252e+01	6.280839e-03
4.913252e+01	5.659290e-03
4.923252e+01	5.296949e-03
4.933252e+01	5.098468e-03
4.943252e+01	4.974320e-03
4.953252e+01	4.942465e-03
4.963252e+01	5.093865e-03
4.973252e+01	5.465655e-03
4.983252e+01	5.867948e-03
4.993252e+01	5.795113e-03
5.003252e+01	5.216264e-03
5.013252e+01	4.623644e-03
5.023252e+01	4.213149e-03
5.033252e+01	3.956935e-03
5.043252e+01	3.804414e-03
5.053252e+01	3.726002e-03
5.063252e+01	3.711032e-03
5.073252e+01	3.764932e-03
5.083252e+01	3.909988e-03
5.093252e+01	4.181351e-03
5.103252e+01	4.572750e-03
5.113252e+01	4.867641e-03
5.123252e+01	4.753611e-03
5.133252e+01	4.411189e-03
5.143252e+01	4.159462e-03
5.153252e+01	4.091200e-03
5.163252e+01	4.220823e-03
5.173252e+01	4.557499e-03
5.183252e+01	5.001527e-03
5.193252e+01	5.170730e-03
5.203252e+01	4.895503e-03
5.213252e+01	4.582732e-03
5.223252e+01	4.484879e-03
5.233252e+01	4.576603e-03
5.243252e+01	4.706292e-03
5.253252e+01	4.613006e-03
5.263252e+01	4.333462e-03
5.273252e+01	4.107583e-03
5.283252e+01	3.899059e-03
5.293252e+01	3.619253e-03
5.303252e+01	3.358435e-03
5.313252e+01	3.177777e-03
5.323252e+01	3.068699e-03
5.333252e+01	3.007780e-03
5.343252e+01	2.962161e-03
5.353252e+01	2.905673e-03
5.363252e+01	2.852508e-03
5.373252e+01	2.821404e-03
5.383252e+01	2.818005e-03
5.393252e+01	2.845099e-03
5.403252e+01	2.894798e-03
5.413252e+01	2.919825e-03
5.423252e+01	2.876948e-03
5.433252e+01	2.811379e-03
5.443252e+01	2.770366e-03
5.453252e+01	2.757541e-03
5.463252e+01	2.744958e-03
5.473252e+01	2.707462e-03
5.483252e+01	2.661627e-03
5.493252e+01	2.627008e-03
5.503252e+01	2.608474e-03
5.513252e+01	2.605382e-03
5.523252e+01	2.615699e-03
5.533252e+01	2.629346e-03
5.543252e+01	2.627475e-03
5.553252e+01	2.612467e-03
5.563252e+01	2.599773e-03
5.573252e+01	2.596092e-03
5.583252e+01	2.603426e-03
5.593252e+01	2.617450e-03
5.603252e+01	2.631060e-03
5.613252e+01	2.648651e-03
5.623252e+01	2.680488e-03
5.633252e+01	2.734333e-03
5.643252e+01	2.818937e-03
5.653252e+01	2.940759e-03
5.663252e+01	3.082982e-03
5.673252e+01	3.192690e-03
5.683252e+01	3.236673e-03
5.693252e+01	3.240273e-03
5.703252e+01	3.219084e-03
5.713252e+01	3.218939e-03
5.723252e+01	3.283686e-03
5.733252e+01	3.431699e-03
5.743252e+01	3.683547e-03
5.753252e+01	4.062301e-03
5.763252e+01	4.542239e-03
5.773252e+01	5.006823e-03
5.783252e+01	5.423246e-03
5.793252e+01	5.889307e-03
5.803252e+01	6.336261e-03
5.813252e+01	6.564636e-03
5.823252e+01	6.618746e-03
5.833252e+01	6.733786e-03
5.843252e+01	7.073886e-03
5.853252e+01	7.630827e-03
5.863252e+01	8.089706e-03
5.873252e+01	8.254198e-03
5.883252e+01	8.644089e-03
5.893252e+01	9.759653e-03
5.903252e+01	1.192185e-02
5.913252e+01	1.538162e-02
5.923252e+01	1.962496e-02
5.933252e+01	2.287638e-02
5.943252e+01	2.463544e-02
5.953252e+01	2.630731e-02
5.963252e+01	2.905054e-02
5.973252e+01	3.025996e-02
5.983252e+01	2.685871e-02
5.993252e+01	2.135210e-02
6.003252e+01	1.695627e-02
6.013252e+01	1.452908e-02
6.023252e+01	1.325210e-02
6.033252e+01	1.170666e-02
6.043252e+01	9.740555e-03
6.053252e+01	8.133501e-03
6.063252e+01	7.043232e-03
6.073252e+01	6.251993e-03
6.083252e+01	5.586701e-03
6.093252e+01	5.054897e-03
6.103252e+01	4.708941e-03
6.113252e+01	4.540895e-03
6.123252e+01	4.557044e-03
6.133252e+01	4.808380e-03
6.143252e+01	5.377693e-03
6.153252e+01	6.284224e-03
6.163252e+01	7.119822e-03
6.173252e+01	7.064724e-03
6.183252e+01	6.321268e-03
6.193252e+01	5.667229e-03
6.203252e+01	5.125390e-03
6.213252e+01	4.541967e-03
6.223252e+01	4.053563e-03
6.233252e+01	3.742509e-03
6.243252e+01	3.589070e-03
6.253252e+01	3.561652e-03
6.263252e+01	3.648019e-03
6.273252e+01	3.859669e-03
6.283252e+01	4.236242e-03
6.293252e+01	4.858901e-03
6.303252e+01	5.877123e-03
6.313252e+01	7.539761e-03
6.323252e+01	1.011961e-02
6.333252e+01	1.324545e-02
6.343252e+01	1.463269e-02
