#RPA-results:
#Nucleus: Ni 80
#Fermi level: -1.541935e+00	-1.810941e+01
#Excitation: 1 +
#Total number of pairs: 494
#Number of ph-/ah-pairs: 494/0
#Maximal excitation-energy for particle-hole-pairs: 100
#Maximal excitation-energy for antiparticle-hole-pairs: 1000
#No imaginary eigenvalues

#Parameterset: DD-PC1
#natural parity: no
#Isoscalar result:

#width: 5.000000e-01
#maximum value: 8.627518e-03
#at energy: 6.343252e+01
-9.656748e+01	5.576109e-04
-9.646748e+01	5.587508e-04
-9.636748e+01	5.598942e-04
-9.626748e+01	5.610411e-04
-9.616748e+01	5.621916e-04
-9.606748e+01	5.633456e-04
-9.596748e+01	5.645031e-04
-9.586748e+01	5.656643e-04
-9.576748e+01	5.668290e-04
-9.566748e+01	5.679974e-04
-9.556748e+01	5.691693e-04
-9.546748e+01	5.703449e-04
-9.536748e+01	5.715242e-04
-9.526748e+01	5.727071e-04
-9.516748e+01	5.738937e-04
-9.506748e+01	5.750840e-04
-9.496748e+01	5.762780e-04
-9.486748e+01	5.774758e-04
-9.476748e+01	5.786773e-04
-9.466748e+01	5.798825e-04
-9.456748e+01	5.810916e-04
-9.446748e+01	5.823044e-04
-9.436748e+01	5.835210e-04
-9.426748e+01	5.847415e-04
-9.416748e+01	5.859658e-04
-9.406748e+01	5.871939e-04
-9.396748e+01	5.884260e-04
-9.386748e+01	5.896619e-04
-9.376748e+01	5.909017e-04
-9.366748e+01	5.921455e-04
-9.356748e+01	5.933931e-04
-9.346748e+01	5.946448e-04
-9.336748e+01	5.959004e-04
-9.326748e+01	5.971600e-04
-9.316748e+01	5.984236e-04
-9.306748e+01	5.996912e-04
-9.296748e+01	6.009629e-04
-9.286748e+01	6.022386e-04
-9.276748e+01	6.035184e-04
-9.266748e+01	6.048023e-04
-9.256748e+01	6.060903e-04
-9.246748e+01	6.073825e-04
-9.236748e+01	6.086788e-04
-9.226748e+01	6.099792e-04
-9.216748e+01	6.112838e-04
-9.206748e+01	6.125926e-04
-9.196748e+01	6.139057e-04
-9.186748e+01	6.152229e-04
-9.176748e+01	6.165445e-04
-9.166748e+01	6.178703e-04
-9.156748e+01	6.192004e-04
-9.146748e+01	6.205347e-04
-9.136748e+01	6.218735e-04
-9.126748e+01	6.232165e-04
-9.116748e+01	6.245640e-04
-9.106748e+01	6.259158e-04
-9.096748e+01	6.272720e-04
-9.086748e+01	6.286326e-04
-9.076748e+01	6.299977e-04
-9.066748e+01	6.313673e-04
-9.056748e+01	6.327413e-04
-9.046748e+01	6.341198e-04
-9.036748e+01	6.355029e-04
-9.026748e+01	6.368904e-04
-9.016748e+01	6.382826e-04
-9.006748e+01	6.396793e-04
-8.996748e+01	6.410806e-04
-8.986748e+01	6.424866e-04
-8.976748e+01	6.438971e-04
-8.966748e+01	6.453124e-04
-8.956748e+01	6.467323e-04
-8.946748e+01	6.481569e-04
-8.936748e+01	6.495863e-04
-8.926748e+01	6.510204e-04
-8.916748e+01	6.524592e-04
-8.906748e+01	6.539029e-04
-8.896748e+01	6.553513e-04
-8.886748e+01	6.568046e-04
-8.876748e+01	6.582627e-04
-8.866748e+01	6.597257e-04
-8.856748e+01	6.611936e-04
-8.846748e+01	6.626664e-04
-8.836748e+01	6.641441e-04
-8.826748e+01	6.656268e-04
-8.816748e+01	6.671145e-04
-8.806748e+01	6.686072e-04
-8.796748e+01	6.701049e-04
-8.786748e+01	6.716077e-04
-8.776748e+01	6.731155e-04
-8.766748e+01	6.746285e-04
-8.756748e+01	6.761465e-04
-8.746748e+01	6.776697e-04
-8.736748e+01	6.791981e-04
-8.726748e+01	6.807316e-04
-8.716748e+01	6.822704e-04
-8.706748e+01	6.838144e-04
-8.696748e+01	6.853636e-04
-8.686748e+01	6.869182e-04
-8.676748e+01	6.884780e-04
-8.666748e+01	6.900432e-04
-8.656748e+01	6.916137e-04
-8.646748e+01	6.931896e-04
-8.636748e+01	6.947709e-04
-8.626748e+01	6.963577e-04
-8.616748e+01	6.979499e-04
-8.606748e+01	6.995476e-04
-8.596748e+01	7.011507e-04
-8.586748e+01	7.027594e-04
-8.576748e+01	7.043737e-04
-8.566748e+01	7.059936e-04
-8.556748e+01	7.076190e-04
-8.546748e+01	7.092501e-04
-8.536748e+01	7.108869e-04
-8.526748e+01	7.125293e-04
-8.516748e+01	7.141775e-04
-8.506748e+01	7.158313e-04
-8.496748e+01	7.174910e-04
-8.486748e+01	7.191564e-04
-8.476748e+01	7.208277e-04
-8.466748e+01	7.225048e-04
-8.456748e+01	7.241878e-04
-8.446748e+01	7.258767e-04
-8.436748e+01	7.275715e-04
-8.426748e+01	7.292723e-04
-8.416748e+01	7.309791e-04
-8.406748e+01	7.326918e-04
-8.396748e+01	7.344106e-04
-8.386748e+01	7.361355e-04
-8.376748e+01	7.378665e-04
-8.366748e+01	7.396036e-04
-8.356748e+01	7.413469e-04
-8.346748e+01	7.430963e-04
-8.336748e+01	7.448520e-04
-8.326748e+01	7.466139e-04
-8.316748e+01	7.483821e-04
-8.306748e+01	7.501566e-04
-8.296748e+01	7.519374e-04
-8.286748e+01	7.537246e-04
-8.276748e+01	7.555182e-04
-8.266748e+01	7.573182e-04
-8.256748e+01	7.591247e-04
-8.246748e+01	7.609377e-04
-8.236748e+01	7.627571e-04
-8.226748e+01	7.645832e-04
-8.216748e+01	7.664158e-04
-8.206748e+01	7.682550e-04
-8.196748e+01	7.701009e-04
-8.186748e+01	7.719534e-04
-8.176748e+01	7.738127e-04
-8.166748e+01	7.756787e-04
-8.156748e+01	7.775514e-04
-8.146748e+01	7.794310e-04
-8.136748e+01	7.813175e-04
-8.126748e+01	7.832108e-04
-8.116748e+01	7.851110e-04
-8.106748e+01	7.870181e-04
-8.096748e+01	7.889322e-04
-8.086748e+01	7.908534e-04
-8.076748e+01	7.927815e-04
-8.066748e+01	7.947168e-04
-8.056748e+01	7.966592e-04
-8.046748e+01	7.986087e-04
-8.036748e+01	8.005654e-04
-8.026748e+01	8.025293e-04
-8.016748e+01	8.045005e-04
-8.006748e+01	8.064790e-04
-7.996748e+01	8.084648e-04
-7.986748e+01	8.104579e-04
-7.976748e+01	8.124585e-04
-7.966748e+01	8.144665e-04
-7.956748e+01	8.164819e-04
-7.946748e+01	8.185049e-04
-7.936748e+01	8.205354e-04
-7.926748e+01	8.225736e-04
-7.916748e+01	8.246193e-04
-7.906748e+01	8.266727e-04
-7.896748e+01	8.287338e-04
-7.886748e+01	8.308026e-04
-7.876748e+01	8.328792e-04
-7.866748e+01	8.349637e-04
-7.856748e+01	8.370560e-04
-7.846748e+01	8.391562e-04
-7.836748e+01	8.412643e-04
-7.826748e+01	8.433804e-04
-7.816748e+01	8.455045e-04
-7.806748e+01	8.476367e-04
-7.796748e+01	8.497769e-04
-7.786748e+01	8.519253e-04
-7.776748e+01	8.540819e-04
-7.766748e+01	8.562467e-04
-7.756748e+01	8.584198e-04
-7.746748e+01	8.606012e-04
-7.736748e+01	8.627909e-04
-7.726748e+01	8.649891e-04
-7.716748e+01	8.671956e-04
-7.706748e+01	8.694107e-04
-7.696748e+01	8.716342e-04
-7.686748e+01	8.738664e-04
-7.676748e+01	8.761071e-04
-7.666748e+01	8.783565e-04
-7.656748e+01	8.806146e-04
-7.646748e+01	8.828814e-04
-7.636748e+01	8.851570e-04
-7.626748e+01	8.874415e-04
-7.616748e+01	8.897348e-04
-7.606748e+01	8.920371e-04
-7.596748e+01	8.943484e-04
-7.586748e+01	8.966686e-04
-7.576748e+01	8.989980e-04
-7.566748e+01	9.013364e-04
-7.556748e+01	9.036840e-04
-7.546748e+01	9.060408e-04
-7.536748e+01	9.084069e-04
-7.526748e+01	9.107823e-04
-7.516748e+01	9.131671e-04
-7.506748e+01	9.155612e-04
-7.496748e+01	9.179648e-04
-7.486748e+01	9.203779e-04
-7.476748e+01	9.228006e-04
-7.466748e+01	9.252329e-04
-7.456748e+01	9.276748e-04
-7.446748e+01	9.301265e-04
-7.436748e+01	9.325879e-04
-7.426748e+01	9.350591e-04
-7.416748e+01	9.375402e-04
-7.406748e+01	9.400312e-04
-7.396748e+01	9.425322e-04
-7.386748e+01	9.450432e-04
-7.376748e+01	9.475643e-04
-7.366748e+01	9.500955e-04
-7.356748e+01	9.526369e-04
-7.346748e+01	9.551886e-04
-7.336748e+01	9.577505e-04
-7.326748e+01	9.603228e-04
-7.316748e+01	9.629055e-04
-7.306748e+01	9.654987e-04
-7.296748e+01	9.681024e-04
-7.286748e+01	9.707167e-04
-7.276748e+01	9.733416e-04
-7.266748e+01	9.759772e-04
-7.256748e+01	9.786236e-04
-7.246748e+01	9.812808e-04
-7.236748e+01	9.839488e-04
-7.226748e+01	9.866278e-04
-7.216748e+01	9.893178e-04
-7.206748e+01	9.920188e-04
-7.196748e+01	9.947309e-04
-7.186748e+01	9.974543e-04
-7.176748e+01	1.000189e-03
-7.166748e+01	1.002935e-03
-7.156748e+01	1.005692e-03
-7.146748e+01	1.008461e-03
-7.136748e+01	1.011241e-03
-7.126748e+01	1.014032e-03
-7.116748e+01	1.016836e-03
-7.106748e+01	1.019651e-03
-7.096748e+01	1.022477e-03
-7.086748e+01	1.025316e-03
-7.076748e+01	1.028166e-03
-7.066748e+01	1.031029e-03
-7.056748e+01	1.033903e-03
-7.046748e+01	1.036789e-03
-7.036748e+01	1.039688e-03
-7.026748e+01	1.042599e-03
-7.016748e+01	1.045522e-03
-7.006748e+01	1.048457e-03
-6.996748e+01	1.051405e-03
-6.986748e+01	1.054365e-03
-6.976748e+01	1.057338e-03
-6.966748e+01	1.060324e-03
-6.956748e+01	1.063322e-03
-6.946748e+01	1.066333e-03
-6.936748e+01	1.069357e-03
-6.926748e+01	1.072394e-03
-6.916748e+01	1.075443e-03
-6.906748e+01	1.078506e-03
-6.896748e+01	1.081582e-03
-6.886748e+01	1.084672e-03
-6.876748e+01	1.087774e-03
-6.866748e+01	1.090890e-03
-6.856748e+01	1.094019e-03
-6.846748e+01	1.097162e-03
-6.836748e+01	1.100319e-03
-6.826748e+01	1.103489e-03
-6.816748e+01	1.106673e-03
-6.806748e+01	1.109871e-03
-6.796748e+01	1.113083e-03
-6.786748e+01	1.116309e-03
-6.776748e+01	1.119548e-03
-6.766748e+01	1.122803e-03
-6.756748e+01	1.126071e-03
-6.746748e+01	1.129353e-03
-6.736748e+01	1.132651e-03
-6.726748e+01	1.135962e-03
-6.716748e+01	1.139288e-03
-6.706748e+01	1.142629e-03
-6.696748e+01	1.145985e-03
-6.686748e+01	1.149355e-03
-6.676748e+01	1.152741e-03
-6.666748e+01	1.156141e-03
-6.656748e+01	1.159557e-03
-6.646748e+01	1.162988e-03
-6.636748e+01	1.166434e-03
-6.626748e+01	1.169896e-03
-6.616748e+01	1.173373e-03
-6.606748e+01	1.176865e-03
-6.596748e+01	1.180374e-03
-6.586748e+01	1.183898e-03
-6.576748e+01	1.187438e-03
-6.566748e+01	1.190994e-03
-6.556748e+01	1.194565e-03
-6.546748e+01	1.198154e-03
-6.536748e+01	1.201758e-03
-6.526748e+01	1.205379e-03
-6.516748e+01	1.209016e-03
-6.506748e+01	1.212670e-03
-6.496748e+01	1.216340e-03
-6.486748e+01	1.220027e-03
-6.476748e+01	1.223731e-03
-6.466748e+01	1.227452e-03
-6.456748e+01	1.231190e-03
-6.446748e+01	1.234945e-03
-6.436748e+01	1.238718e-03
-6.426748e+01	1.242508e-03
-6.416748e+01	1.246315e-03
-6.406748e+01	1.250140e-03
-6.396748e+01	1.253983e-03
-6.386748e+01	1.257843e-03
-6.376748e+01	1.261722e-03
-6.366748e+01	1.265618e-03
-6.356748e+01	1.269533e-03
-6.346748e+01	1.273465e-03
-6.336748e+01	1.277417e-03
-6.326748e+01	1.281386e-03
-6.316748e+01	1.285375e-03
-6.306748e+01	1.289382e-03
-6.296748e+01	1.293408e-03
-6.286748e+01	1.297453e-03
-6.276748e+01	1.301517e-03
-6.266748e+01	1.305600e-03
-6.256748e+01	1.309702e-03
-6.246748e+01	1.313824e-03
-6.236748e+01	1.317966e-03
-6.226748e+01	1.322127e-03
-6.216748e+01	1.326308e-03
-6.206748e+01	1.330509e-03
-6.196748e+01	1.334730e-03
-6.186748e+01	1.338971e-03
-6.176748e+01	1.343233e-03
-6.166748e+01	1.347515e-03
-6.156748e+01	1.351818e-03
-6.146748e+01	1.356141e-03
-6.136748e+01	1.360485e-03
-6.126748e+01	1.364851e-03
-6.116748e+01	1.369237e-03
-6.106748e+01	1.373645e-03
-6.096748e+01	1.378074e-03
-6.086748e+01	1.382524e-03
-6.076748e+01	1.386997e-03
-6.066748e+01	1.391491e-03
-6.056748e+01	1.396007e-03
-6.046748e+01	1.400545e-03
-6.036748e+01	1.405106e-03
-6.026748e+01	1.409689e-03
-6.016748e+01	1.414294e-03
-6.006748e+01	1.418923e-03
-5.996748e+01	1.423574e-03
-5.986748e+01	1.428248e-03
-5.976748e+01	1.432945e-03
-5.966748e+01	1.437666e-03
-5.956748e+01	1.442410e-03
-5.946748e+01	1.447178e-03
-5.936748e+01	1.451969e-03
-5.926748e+01	1.456784e-03
-5.916748e+01	1.461624e-03
-5.906748e+01	1.466488e-03
-5.896748e+01	1.471376e-03
-5.886748e+01	1.476289e-03
-5.876748e+01	1.481227e-03
-5.866748e+01	1.486189e-03
-5.856748e+01	1.491177e-03
-5.846748e+01	1.496190e-03
-5.836748e+01	1.501228e-03
-5.826748e+01	1.506292e-03
-5.816748e+01	1.511382e-03
-5.806748e+01	1.516497e-03
-5.796748e+01	1.521639e-03
-5.786748e+01	1.526808e-03
-5.776748e+01	1.532002e-03
-5.766748e+01	1.537224e-03
-5.756748e+01	1.542472e-03
-5.746748e+01	1.547747e-03
-5.736748e+01	1.553050e-03
-5.726748e+01	1.558380e-03
-5.716748e+01	1.563738e-03
-5.706748e+01	1.569123e-03
-5.696748e+01	1.574537e-03
-5.686748e+01	1.579978e-03
-5.676748e+01	1.585448e-03
-5.666748e+01	1.590947e-03
-5.656748e+01	1.596474e-03
-5.646748e+01	1.602031e-03
-5.636748e+01	1.607617e-03
-5.626748e+01	1.613232e-03
-5.616748e+01	1.618876e-03
-5.606748e+01	1.624551e-03
-5.596748e+01	1.630256e-03
-5.586748e+01	1.635991e-03
-5.576748e+01	1.641756e-03
-5.566748e+01	1.647552e-03
-5.556748e+01	1.653379e-03
-5.546748e+01	1.659237e-03
-5.536748e+01	1.665127e-03
-5.526748e+01	1.671048e-03
-5.516748e+01	1.677000e-03
-5.506748e+01	1.682985e-03
-5.496748e+01	1.689002e-03
-5.486748e+01	1.695052e-03
-5.476748e+01	1.701135e-03
-5.466748e+01	1.707250e-03
-5.456748e+01	1.713398e-03
-5.446748e+01	1.719581e-03
-5.436748e+01	1.725796e-03
-5.426748e+01	1.732046e-03
-5.416748e+01	1.738330e-03
-5.406748e+01	1.744648e-03
-5.396748e+01	1.751001e-03
-5.386748e+01	1.757389e-03
-5.376748e+01	1.763813e-03
-5.366748e+01	1.770271e-03
-5.356748e+01	1.776766e-03
-5.346748e+01	1.783296e-03
-5.336748e+01	1.789863e-03
-5.326748e+01	1.796466e-03
-5.316748e+01	1.803107e-03
-5.306748e+01	1.809784e-03
-5.296748e+01	1.816499e-03
-5.286748e+01	1.823251e-03
-5.276748e+01	1.830041e-03
-5.266748e+01	1.836869e-03
-5.256748e+01	1.843736e-03
-5.246748e+01	1.850642e-03
-5.236748e+01	1.857587e-03
-5.226748e+01	1.864571e-03
-5.216748e+01	1.871595e-03
-5.206748e+01	1.878659e-03
-5.196748e+01	1.885764e-03
-5.186748e+01	1.892909e-03
-5.176748e+01	1.900094e-03
-5.166748e+01	1.907322e-03
-5.156748e+01	1.914590e-03
-5.146748e+01	1.921901e-03
-5.136748e+01	1.929254e-03
-5.126748e+01	1.936649e-03
-5.116748e+01	1.944087e-03
-5.106748e+01	1.951568e-03
-5.096748e+01	1.959093e-03
-5.086748e+01	1.966662e-03
-5.076748e+01	1.974275e-03
-5.066748e+01	1.981933e-03
-5.056748e+01	1.989635e-03
-5.046748e+01	1.997383e-03
-5.036748e+01	2.005177e-03
-5.026748e+01	2.013016e-03
-5.016748e+01	2.020902e-03
-5.006748e+01	2.028834e-03
-4.996748e+01	2.036814e-03
-4.986748e+01	2.044841e-03
-4.976748e+01	2.052916e-03
-4.966748e+01	2.061039e-03
-4.956748e+01	2.069211e-03
-4.946748e+01	2.077432e-03
-4.936748e+01	2.085702e-03
-4.926748e+01	2.094023e-03
-4.916748e+01	2.102393e-03
-4.906748e+01	2.110814e-03
-4.896748e+01	2.119286e-03
-4.886748e+01	2.127809e-03
-4.876748e+01	2.136385e-03
-4.866748e+01	2.145012e-03
-4.856748e+01	2.153693e-03
-4.846748e+01	2.162426e-03
-4.836748e+01	2.171213e-03
-4.826748e+01	2.180055e-03
-4.816748e+01	2.188950e-03
-4.806748e+01	2.197901e-03
-4.796748e+01	2.206907e-03
-4.786748e+01	2.215969e-03
-4.776748e+01	2.225087e-03
-4.766748e+01	2.234262e-03
-4.756748e+01	2.243494e-03
-4.746748e+01	2.252784e-03
-4.736748e+01	2.262133e-03
-4.726748e+01	2.271540e-03
-4.716748e+01	2.281006e-03
-4.706748e+01	2.290532e-03
-4.696748e+01	2.300118e-03
-4.686748e+01	2.309765e-03
-4.676748e+01	2.319474e-03
-4.666748e+01	2.329244e-03
-4.656748e+01	2.339076e-03
-4.646748e+01	2.348971e-03
-4.636748e+01	2.358930e-03
-4.626748e+01	2.368953e-03
-4.616748e+01	2.379040e-03
-4.606748e+01	2.389192e-03
-4.596748e+01	2.399410e-03
-4.586748e+01	2.409694e-03
-4.576748e+01	2.420044e-03
-4.566748e+01	2.430463e-03
-4.556748e+01	2.440949e-03
-4.546748e+01	2.451503e-03
-4.536748e+01	2.462127e-03
-4.526748e+01	2.472820e-03
-4.516748e+01	2.483584e-03
-4.506748e+01	2.494419e-03
-4.496748e+01	2.505326e-03
-4.486748e+01	2.516304e-03
-4.476748e+01	2.527356e-03
-4.466748e+01	2.538481e-03
-4.456748e+01	2.549681e-03
-4.446748e+01	2.560955e-03
-4.436748e+01	2.572305e-03
-4.426748e+01	2.583731e-03
-4.416748e+01	2.595235e-03
-4.406748e+01	2.606815e-03
-4.396748e+01	2.618474e-03
-4.386748e+01	2.630213e-03
-4.376748e+01	2.642030e-03
-4.366748e+01	2.653929e-03
-4.356748e+01	2.665909e-03
-4.346748e+01	2.677970e-03
-4.336748e+01	2.690115e-03
-4.326748e+01	2.702343e-03
-4.316748e+01	2.714655e-03
-4.306748e+01	2.727052e-03
-4.296748e+01	2.739535e-03
-4.286748e+01	2.752105e-03
-4.276748e+01	2.764763e-03
-4.266748e+01	2.777508e-03
-4.256748e+01	2.790343e-03
-4.246748e+01	2.803268e-03
-4.236748e+01	2.816283e-03
-4.226748e+01	2.829390e-03
-4.216748e+01	2.842590e-03
-4.206748e+01	2.855884e-03
-4.196748e+01	2.869271e-03
-4.186748e+01	2.882754e-03
-4.176748e+01	2.896333e-03
-4.166748e+01	2.910009e-03
-4.156748e+01	2.923783e-03
-4.146748e+01	2.937656e-03
-4.136748e+01	2.951629e-03
-4.126748e+01	2.965702e-03
-4.116748e+01	2.979878e-03
-4.106748e+01	2.994156e-03
-4.096748e+01	3.008539e-03
-4.086748e+01	3.023026e-03
-4.076748e+01	3.037619e-03
-4.066748e+01	3.052319e-03
-4.056748e+01	3.067127e-03
-4.046748e+01	3.082044e-03
-4.036748e+01	3.097072e-03
-4.026748e+01	3.112210e-03
-4.016748e+01	3.127462e-03
-4.006748e+01	3.142826e-03
-3.996748e+01	3.158305e-03
-3.986748e+01	3.173900e-03
-3.976748e+01	3.189612e-03
-3.966748e+01	3.205442e-03
-3.956748e+01	3.221392e-03
-3.946748e+01	3.237462e-03
-3.936748e+01	3.253654e-03
-3.926748e+01	3.269969e-03
-3.916748e+01	3.286408e-03
-3.906748e+01	3.302973e-03
-3.896748e+01	3.319665e-03
-3.886748e+01	3.336485e-03
-3.876748e+01	3.353434e-03
-3.866748e+01	3.370515e-03
-3.856748e+01	3.387728e-03
-3.846748e+01	3.405074e-03
-3.836748e+01	3.422555e-03
-3.826748e+01	3.440173e-03
-3.816748e+01	3.457929e-03
-3.806748e+01	3.475824e-03
-3.796748e+01	3.493860e-03
-3.786748e+01	3.512038e-03
-3.776748e+01	3.530360e-03
-3.766748e+01	3.548827e-03
-3.756748e+01	3.567442e-03
-3.746748e+01	3.586205e-03
-3.736748e+01	3.605118e-03
-3.726748e+01	3.624183e-03
-3.716748e+01	3.643401e-03
-3.706748e+01	3.662774e-03
-3.696748e+01	3.682305e-03
-3.686748e+01	3.701993e-03
-3.676748e+01	3.721842e-03
-3.666748e+01	3.741853e-03
-3.656748e+01	3.762027e-03
-3.646748e+01	3.782368e-03
-3.636748e+01	3.802875e-03
-3.626748e+01	3.823552e-03
-3.616748e+01	3.844400e-03
-3.606748e+01	3.865421e-03
-3.596748e+01	3.886618e-03
-3.586748e+01	3.907991e-03
-3.576748e+01	3.929543e-03
-3.566748e+01	3.951277e-03
-3.556748e+01	3.973193e-03
-3.546748e+01	3.995295e-03
-3.536748e+01	4.017584e-03
-3.526748e+01	4.040062e-03
-3.516748e+01	4.062733e-03
-3.506748e+01	4.085597e-03
-3.496748e+01	4.108657e-03
-3.486748e+01	4.131915e-03
-3.476748e+01	4.155375e-03
-3.466748e+01	4.179037e-03
-3.456748e+01	4.202905e-03
-3.446748e+01	4.226980e-03
-3.436748e+01	4.251266e-03
-3.426748e+01	4.275765e-03
-3.416748e+01	4.300479e-03
-3.406748e+01	4.325411e-03
-3.396748e+01	4.350563e-03
-3.386748e+01	4.375939e-03
-3.376748e+01	4.401540e-03
-3.366748e+01	4.427370e-03
-3.356748e+01	4.453431e-03
-3.346748e+01	4.479727e-03
-3.336748e+01	4.506259e-03
-3.326748e+01	4.533031e-03
-3.316748e+01	4.560046e-03
-3.306748e+01	4.587307e-03
-3.296748e+01	4.614817e-03
-3.286748e+01	4.642579e-03
-3.276748e+01	4.670596e-03
-3.266748e+01	4.698871e-03
-3.256748e+01	4.727407e-03
-3.246748e+01	4.756208e-03
-3.236748e+01	4.785278e-03
-3.226748e+01	4.814618e-03
-3.216748e+01	4.844234e-03
-3.206748e+01	4.874128e-03
-3.196748e+01	4.904304e-03
-3.186748e+01	4.934766e-03
-3.176748e+01	4.965517e-03
-3.166748e+01	4.996561e-03
-3.156748e+01	5.027902e-03
-3.146748e+01	5.059544e-03
-3.136748e+01	5.091490e-03
-3.126748e+01	5.123744e-03
-3.116748e+01	5.156312e-03
-3.106748e+01	5.189196e-03
-3.096748e+01	5.222401e-03
-3.086748e+01	5.255931e-03
-3.076748e+01	5.289791e-03
-3.066748e+01	5.323984e-03
-3.056748e+01	5.358516e-03
-3.046748e+01	5.393391e-03
-3.036748e+01	5.428614e-03
-3.026748e+01	5.464189e-03
-3.016748e+01	5.500121e-03
-3.006748e+01	5.536415e-03
-2.996748e+01	5.573077e-03
-2.986748e+01	5.610110e-03
-2.976748e+01	5.647520e-03
-2.966748e+01	5.685313e-03
-2.956748e+01	5.723493e-03
-2.946748e+01	5.762067e-03
-2.936748e+01	5.801039e-03
-2.926748e+01	5.840416e-03
-2.916748e+01	5.880203e-03
-2.906748e+01	5.920405e-03
-2.896748e+01	5.961030e-03
-2.886748e+01	6.002082e-03
-2.876748e+01	6.043568e-03
-2.866748e+01	6.085494e-03
-2.856748e+01	6.127867e-03
-2.846748e+01	6.170693e-03
-2.836748e+01	6.213979e-03
-2.826748e+01	6.257731e-03
-2.816748e+01	6.301957e-03
-2.806748e+01	6.346663e-03
-2.796748e+01	6.391856e-03
-2.786748e+01	6.437544e-03
-2.776748e+01	6.483734e-03
-2.766748e+01	6.530434e-03
-2.756748e+01	6.577651e-03
-2.746748e+01	6.625393e-03
-2.736748e+01	6.673668e-03
-2.726748e+01	6.722485e-03
-2.716748e+01	6.771851e-03
-2.706748e+01	6.821776e-03
-2.696748e+01	6.872267e-03
-2.686748e+01	6.923333e-03
-2.676748e+01	6.974984e-03
-2.666748e+01	7.027229e-03
-2.656748e+01	7.080077e-03
-2.646748e+01	7.133537e-03
-2.636748e+01	7.187620e-03
-2.626748e+01	7.242335e-03
-2.616748e+01	7.297692e-03
-2.606748e+01	7.353702e-03
-2.596748e+01	7.410375e-03
-2.586748e+01	7.467722e-03
-2.576748e+01	7.525755e-03
-2.566748e+01	7.584483e-03
-2.556748e+01	7.643919e-03
-2.546748e+01	7.704075e-03
-2.536748e+01	7.764962e-03
-2.526748e+01	7.826593e-03
-2.516748e+01	7.888980e-03
-2.506748e+01	7.952135e-03
-2.496748e+01	8.016073e-03
-2.486748e+01	8.080806e-03
-2.476748e+01	8.146347e-03
-2.466748e+01	8.212712e-03
-2.456748e+01	8.279913e-03
-2.446748e+01	8.347966e-03
-2.436748e+01	8.416885e-03
-2.426748e+01	8.486685e-03
-2.416748e+01	8.557383e-03
-2.406748e+01	8.628994e-03
-2.396748e+01	8.701534e-03
-2.386748e+01	8.775019e-03
-2.376748e+01	8.849468e-03
-2.366748e+01	8.924897e-03
-2.356748e+01	9.001324e-03
-2.346748e+01	9.078767e-03
-2.336748e+01	9.157246e-03
-2.326748e+01	9.236778e-03
-2.316748e+01	9.317384e-03
-2.306748e+01	9.399084e-03
-2.296748e+01	9.481899e-03
-2.286748e+01	9.565848e-03
-2.276748e+01	9.650955e-03
-2.266748e+01	9.737240e-03
-2.256748e+01	9.824728e-03
-2.246748e+01	9.913439e-03
-2.236748e+01	1.000340e-02
-2.226748e+01	1.009463e-02
-2.216748e+01	1.018716e-02
-2.206748e+01	1.028102e-02
-2.196748e+01	1.037622e-02
-2.186748e+01	1.047281e-02
-2.176748e+01	1.057079e-02
-2.166748e+01	1.067021e-02
-2.156748e+01	1.077109e-02
-2.146748e+01	1.087347e-02
-2.136748e+01	1.097736e-02
-2.126748e+01	1.108281e-02
-2.116748e+01	1.118985e-02
-2.106748e+01	1.129850e-02
-2.096748e+01	1.140882e-02
-2.086748e+01	1.152082e-02
-2.076748e+01	1.163454e-02
-2.066748e+01	1.175003e-02
-2.056748e+01	1.186732e-02
-2.046748e+01	1.198645e-02
-2.036748e+01	1.210746e-02
-2.026748e+01	1.223039e-02
-2.016748e+01	1.235529e-02
-2.006748e+01	1.248219e-02
-1.996748e+01	1.261115e-02
-1.986748e+01	1.274222e-02
-1.976748e+01	1.287543e-02
-1.966748e+01	1.301084e-02
-1.956748e+01	1.314849e-02
-1.946748e+01	1.328846e-02
-1.936748e+01	1.343077e-02
-1.926748e+01	1.357550e-02
-1.916748e+01	1.372270e-02
-1.906748e+01	1.387243e-02
-1.896748e+01	1.402475e-02
-1.886748e+01	1.417973e-02
-1.876748e+01	1.433742e-02
-1.866748e+01	1.449791e-02
-1.856748e+01	1.466125e-02
-1.846748e+01	1.482752e-02
-1.836748e+01	1.499679e-02
-1.826748e+01	1.516914e-02
-1.816748e+01	1.534466e-02
-1.806748e+01	1.552342e-02
-1.796748e+01	1.570551e-02
-1.786748e+01	1.589101e-02
-1.776748e+01	1.608003e-02
-1.766748e+01	1.627265e-02
-1.756748e+01	1.646897e-02
-1.746748e+01	1.666910e-02
-1.736748e+01	1.687313e-02
-1.726748e+01	1.708119e-02
-1.716748e+01	1.729337e-02
-1.706748e+01	1.750981e-02
-1.696748e+01	1.773063e-02
-1.686748e+01	1.795594e-02
-1.676748e+01	1.818589e-02
-1.666748e+01	1.842062e-02
-1.656748e+01	1.866026e-02
-1.646748e+01	1.890496e-02
-1.636748e+01	1.915488e-02
-1.626748e+01	1.941019e-02
-1.616748e+01	1.967105e-02
-1.606748e+01	1.993763e-02
-1.596748e+01	2.021013e-02
-1.586748e+01	2.048873e-02
-1.576748e+01	2.077364e-02
-1.566748e+01	2.106506e-02
-1.556748e+01	2.136321e-02
-1.546748e+01	2.166832e-02
-1.536748e+01	2.198063e-02
-1.526748e+01	2.230040e-02
-1.516748e+01	2.262789e-02
-1.506748e+01	2.296337e-02
-1.496748e+01	2.330713e-02
-1.486748e+01	2.365949e-02
-1.476748e+01	2.402075e-02
-1.466748e+01	2.439127e-02
-1.456748e+01	2.477139e-02
-1.446748e+01	2.516149e-02
-1.436748e+01	2.556197e-02
-1.426748e+01	2.597324e-02
-1.416748e+01	2.639575e-02
-1.406748e+01	2.682996e-02
-1.396748e+01	2.727637e-02
-1.386748e+01	2.773550e-02
-1.376748e+01	2.820791e-02
-1.366748e+01	2.869419e-02
-1.356748e+01	2.919498e-02
-1.346748e+01	2.971093e-02
-1.336748e+01	3.024277e-02
-1.326748e+01	3.079125e-02
-1.316748e+01	3.135720e-02
-1.306748e+01	3.194149e-02
-1.296748e+01	3.254505e-02
-1.286748e+01	3.316890e-02
-1.276748e+01	3.381410e-02
-1.266748e+01	3.448184e-02
-1.256748e+01	3.517336e-02
-1.246748e+01	3.589003e-02
-1.236748e+01	3.663332e-02
-1.226748e+01	3.740484e-02
-1.216748e+01	3.820632e-02
-1.206748e+01	3.903966e-02
-1.196748e+01	3.990695e-02
-1.186748e+01	4.081045e-02
-1.176748e+01	4.175267e-02
-1.166748e+01	4.273634e-02
-1.156748e+01	4.376450e-02
-1.146748e+01	4.484053e-02
-1.136748e+01	4.596814e-02
-1.126748e+01	4.715151e-02
-1.116748e+01	4.839528e-02
-1.106748e+01	4.970468e-02
-1.096748e+01	5.108557e-02
-1.086748e+01	5.254462e-02
-1.076748e+01	5.408937e-02
-1.066748e+01	5.572842e-02
-1.056748e+01	5.747164e-02
-1.046748e+01	5.933038e-02
-1.036748e+01	6.131777e-02
-1.026748e+01	6.344911e-02
-1.016748e+01	6.574227e-02
-1.006748e+01	6.821834e-02
-9.967479e+00	7.090228e-02
-9.867479e+00	7.382391e-02
-9.767479e+00	7.701910e-02
-9.667479e+00	8.053131e-02
-9.567479e+00	8.441375e-02
-9.467479e+00	8.873205e-02
-9.367479e+00	9.356808e-02
-9.267479e+00	9.902506e-02
-9.167479e+00	1.052346e-01
-9.067479e+00	1.123670e-01
-8.967479e+00	1.206451e-01
-8.867479e+00	1.303659e-01
-8.767479e+00	1.419317e-01
-8.667479e+00	1.558976e-01
-8.567479e+00	1.730468e-01
-8.467479e+00	1.945103e-01
-8.367479e+00	2.219652e-01
-8.267479e+00	2.579736e-01
-8.167479e+00	3.065790e-01
-8.067479e+00	3.743914e-01
-7.967479e+00	4.726016e-01
-7.867479e+00	6.206856e-01
-7.767479e+00	8.524406e-01
-7.667479e+00	1.220175e+00
-7.567479e+00	1.762101e+00
-7.467479e+00	2.320628e+00
-7.367479e+00	2.392852e+00
-7.267479e+00	1.893145e+00
-7.167479e+00	1.330215e+00
-7.067479e+00	9.355271e-01
-6.967479e+00	6.883145e-01
-6.867479e+00	5.338965e-01
-6.767479e+00	4.348670e-01
-6.667479e+00	3.694921e-01
-6.567479e+00	3.253407e-01
-6.467479e+00	2.951384e-01
-6.367479e+00	2.744885e-01
-6.267479e+00	2.606488e-01
-6.167479e+00	2.518620e-01
-6.067479e+00	2.469807e-01
-5.967479e+00	2.452506e-01
-5.867479e+00	2.461825e-01
-5.767479e+00	2.494772e-01
-5.667479e+00	2.549752e-01
-5.567479e+00	2.626174e-01
-5.467479e+00	2.724151e-01
-5.367479e+00	2.842482e-01
-5.267479e+00	2.977082e-01
-5.167479e+00	3.130216e-01
-5.067479e+00	3.310845e-01
-4.967479e+00	3.525631e-01
-4.867479e+00	3.780378e-01
-4.767479e+00	4.082886e-01
-4.667479e+00	4.444119e-01
-4.567479e+00	4.878674e-01
-4.467479e+00	5.406824e-01
-4.367479e+00	6.062894e-01
-4.267479e+00	6.901976e-01
-4.167479e+00	8.004385e-01
-4.067479e+00	9.469799e-01
-3.967479e+00	1.134422e+00
-3.867479e+00	1.359386e+00
-3.767479e+00	1.656811e+00
-3.667479e+00	2.113005e+00
-3.567479e+00	2.808807e+00
-3.467479e+00	3.692858e+00
-3.367479e+00	4.374382e+00
-3.267479e+00	4.596125e+00
-3.167479e+00	4.689374e+00
-3.067479e+00	4.904341e+00
-2.967479e+00	5.182168e+00
-2.867479e+00	5.380580e+00
-2.767479e+00	5.455746e+00
-2.667479e+00	5.749615e+00
-2.567479e+00	6.541503e+00
-2.467479e+00	7.720457e+00
-2.367479e+00	8.606473e+00
-2.267479e+00	8.814582e+00
-2.167479e+00	9.150771e+00
-2.067479e+00	9.962956e+00
-1.967479e+00	1.143357e+01
-1.867479e+00	1.381230e+01
-1.767479e+00	1.530134e+01
-1.667479e+00	1.346697e+01
-1.567479e+00	1.001804e+01
-1.467479e+00	7.279304e+00
-1.367479e+00	5.596140e+00
-1.267479e+00	4.662195e+00
-1.167479e+00	4.229662e+00
-1.067479e+00	4.224834e+00
-9.674791e-01	4.688165e+00
-8.674791e-01	5.737976e+00
-7.674791e-01	7.442751e+00
-6.674791e-01	9.424251e+00
-5.674791e-01	1.095577e+01
-4.674791e-01	1.118576e+01
-3.674791e-01	9.324719e+00
-2.674791e-01	6.752323e+00
-1.674791e-01	4.791563e+00
-6.747911e-02	3.545997e+00
3.252089e-02	2.796855e+00
1.325209e-01	2.376100e+00
2.325209e-01	2.171556e+00
3.325209e-01	2.029911e+00
4.325209e-01	1.778618e+00
5.325209e-01	1.465537e+00
6.325209e-01	1.209023e+00
7.325209e-01	1.027191e+00
8.325209e-01	8.998902e-01
9.325209e-01	8.088090e-01
1.032521e+00	7.422986e-01
1.132521e+00	6.933594e-01
1.232521e+00	6.577938e-01
1.332521e+00	6.330813e-01
1.432521e+00	6.174907e-01
1.532521e+00	6.090004e-01
1.632521e+00	6.059811e-01
1.732521e+00	6.096117e-01
1.832521e+00	6.219487e-01
1.932521e+00	6.447993e-01
2.032521e+00	6.808902e-01
2.132521e+00	7.348808e-01
2.232521e+00	8.137925e-01
2.332521e+00	9.264315e-01
2.432521e+00	1.087247e+00
2.532521e+00	1.315046e+00
2.632521e+00	1.565666e+00
2.732521e+00	1.670411e+00
2.832521e+00	1.596411e+00
2.932521e+00	1.526658e+00
3.032521e+00	1.556491e+00
3.132521e+00	1.696438e+00
3.232521e+00	1.951990e+00
3.332521e+00	2.353264e+00
3.432521e+00	2.973181e+00
3.532521e+00	3.944494e+00
3.632521e+00	5.495898e+00
3.732521e+00	7.912114e+00
3.832521e+00	1.101113e+01
3.932521e+00	1.284303e+01
4.032521e+00	1.133670e+01
4.132521e+00	8.339834e+00
4.232521e+00	5.958064e+00
4.332521e+00	4.466901e+00
4.432521e+00	3.596389e+00
4.532521e+00	3.116714e+00
4.632521e+00	2.895194e+00
4.732521e+00	2.865713e+00
4.832521e+00	3.004714e+00
4.932521e+00	3.320795e+00
5.032521e+00	3.855333e+00
5.132521e+00	4.694330e+00
5.232521e+00	5.996330e+00
5.332521e+00	8.046239e+00
5.432521e+00	1.133853e+01
5.532521e+00	1.659184e+01
5.632521e+00	2.403866e+01
5.732521e+00	3.050183e+01
5.832521e+00	2.933380e+01
5.932521e+00	2.195216e+01
6.032521e+00	1.491058e+01
6.132521e+00	1.015939e+01
6.232521e+00	7.173709e+00
6.332521e+00	5.271735e+00
6.432521e+00	4.015684e+00
6.532521e+00	3.153483e+00
6.632521e+00	2.540206e+00
6.732521e+00	2.090170e+00
6.832521e+00	1.750905e+00
6.932521e+00	1.489136e+00
7.032521e+00	1.283066e+00
7.132521e+00	1.117988e+00
7.232521e+00	9.837157e-01
7.332521e+00	8.730271e-01
7.432521e+00	7.806929e-01
7.532521e+00	7.028553e-01
7.632521e+00	6.366202e-01
7.732521e+00	5.797835e-01
7.832521e+00	5.306438e-01
7.932521e+00	4.878719e-01
8.032521e+00	4.504182e-01
8.132521e+00	4.174463e-01
8.232521e+00	3.882849e-01
8.332521e+00	3.623929e-01
8.432521e+00	3.393342e-01
8.532521e+00	3.187606e-01
8.632521e+00	3.004024e-01
8.732521e+00	2.840678e-01
8.832521e+00	2.696533e-01
8.932521e+00	2.571608e-01
9.032521e+00	2.466594e-01
9.132521e+00	2.378903e-01
9.232521e+00	2.293534e-01
9.332521e+00	2.196630e-01
9.432521e+00	2.102649e-01
9.532521e+00	2.027018e-01
9.632521e+00	1.973655e-01
9.732521e+00	1.944910e-01
9.832521e+00	1.946816e-01
9.932521e+00	1.992025e-01
1.003252e+01	2.103958e-01
1.013252e+01	2.320860e-01
1.023252e+01	2.679802e-01
1.033252e+01	3.105257e-01
1.043252e+01	3.263585e-01
1.053252e+01	3.031974e-01
1.063252e+01	2.773667e-01
1.073252e+01	2.624073e-01
1.083252e+01	2.405624e-01
1.093252e+01	2.095282e-01
1.103252e+01	1.848079e-01
1.113252e+01	1.720542e-01
1.123252e+01	1.698014e-01
1.133252e+01	1.713338e-01
1.143252e+01	1.637541e-01
1.153252e+01	1.462709e-01
1.163252e+01	1.298476e-01
1.173252e+01	1.186397e-01
1.183252e+01	1.120442e-01
1.193252e+01	1.090027e-01
1.203252e+01	1.086621e-01
1.213252e+01	1.107006e-01
1.223252e+01	1.159758e-01
1.233252e+01	1.227717e-01
1.243252e+01	1.230352e-01
1.253252e+01	1.142121e-01
1.263252e+01	1.020853e-01
1.273252e+01	9.084950e-02
1.283252e+01	8.243041e-02
1.293252e+01	7.654198e-02
1.303252e+01	7.229577e-02
1.313252e+01	6.915787e-02
1.323252e+01	6.693688e-02
1.333252e+01	6.544314e-02
1.343252e+01	6.416784e-02
1.353252e+01	6.251339e-02
1.363252e+01	6.050473e-02
1.373252e+01	5.846994e-02
1.383252e+01	5.681582e-02
1.393252e+01	5.569200e-02
1.403252e+01	5.495633e-02
1.413252e+01	5.423688e-02
1.423252e+01	5.349535e-02
1.433252e+01	5.317291e-02
1.443252e+01	5.357371e-02
1.453252e+01	5.498057e-02
1.463252e+01	5.780091e-02
1.473252e+01	6.163933e-02
1.483252e+01	6.409594e-02
1.493252e+01	6.311520e-02
1.503252e+01	5.993452e-02
1.513252e+01	5.772193e-02
1.523252e+01	5.775546e-02
1.533252e+01	5.811253e-02
1.543252e+01	5.554251e-02
1.553252e+01	5.109927e-02
1.563252e+01	4.751068e-02
1.573252e+01	4.528697e-02
1.583252e+01	4.397020e-02
1.593252e+01	4.322907e-02
1.603252e+01	4.243979e-02
1.613252e+01	4.102734e-02
1.623252e+01	3.954917e-02
1.633252e+01	3.853009e-02
1.643252e+01	3.802716e-02
1.653252e+01	3.801710e-02
1.663252e+01	3.856111e-02
1.673252e+01	3.984980e-02
1.683252e+01	4.219906e-02
1.693252e+01	4.574911e-02
1.703252e+01	4.942594e-02
1.713252e+01	5.128344e-02
1.723252e+01	5.128084e-02
1.733252e+01	5.021119e-02
1.743252e+01	4.995288e-02
1.753252e+01	5.184919e-02
1.763252e+01	5.585730e-02
1.773252e+01	6.168555e-02
1.783252e+01	6.844783e-02
1.793252e+01	7.584397e-02
1.803252e+01	8.366975e-02
1.813252e+01	8.686090e-02
1.823252e+01	8.455838e-02
1.833252e+01	8.437546e-02
1.843252e+01	8.843021e-02
1.853252e+01	8.869879e-02
1.863252e+01	7.939090e-02
1.873252e+01	6.875789e-02
1.883252e+01	6.217469e-02
1.893252e+01	5.806419e-02
1.903252e+01	5.568692e-02
1.913252e+01	5.669832e-02
1.923252e+01	6.220297e-02
1.933252e+01	7.238150e-02
1.943252e+01	8.326077e-02
1.953252e+01	8.699328e-02
1.963252e+01	8.275722e-02
1.973252e+01	7.221317e-02
1.983252e+01	6.024035e-02
1.993252e+01	5.114107e-02
2.003252e+01	4.478411e-02
2.013252e+01	4.018359e-02
2.023252e+01	3.616340e-02
2.033252e+01	3.273593e-02
2.043252e+01	3.031998e-02
2.053252e+01	2.890114e-02
2.063252e+01	2.840854e-02
2.073252e+01	2.871499e-02
2.083252e+01	2.921468e-02
2.093252e+01	2.899688e-02
2.103252e+01	2.851392e-02
2.113252e+01	2.867052e-02
2.123252e+01	2.923030e-02
2.133252e+01	2.940772e-02
2.143252e+01	2.923537e-02
2.153252e+01	2.967151e-02
2.163252e+01	3.149064e-02
2.173252e+01	3.479712e-02
2.183252e+01	3.864856e-02
2.193252e+01	4.237231e-02
2.203252e+01	4.767715e-02
2.213252e+01	5.490908e-02
2.223252e+01	5.833845e-02
2.233252e+01	5.360126e-02
2.243252e+01	4.461596e-02
2.253252e+01	3.657978e-02
2.263252e+01	3.134798e-02
2.273252e+01	2.823010e-02
2.283252e+01	2.618052e-02
2.293252e+01	2.454452e-02
2.303252e+01	2.288004e-02
2.313252e+01	2.145056e-02
2.323252e+01	2.044035e-02
2.333252e+01	1.965552e-02
2.343252e+01	1.909623e-02
2.353252e+01	1.889633e-02
2.363252e+01	1.906221e-02
2.373252e+01	1.929865e-02
2.383252e+01	1.919292e-02
2.393252e+01	1.901936e-02
2.403252e+01	1.930848e-02
2.413252e+01	2.033130e-02
2.423252e+01	2.210837e-02
2.433252e+01	2.385725e-02
2.443252e+01	2.403397e-02
2.453252e+01	2.280455e-02
2.463252e+01	2.147797e-02
2.473252e+01	2.067108e-02
2.483252e+01	2.042492e-02
2.493252e+01	2.067514e-02
2.503252e+01	2.131215e-02
2.513252e+01	2.200934e-02
2.523252e+01	2.278719e-02
2.533252e+01	2.382046e-02
2.543252e+01	2.464919e-02
2.553252e+01	2.457488e-02
2.563252e+01	2.419814e-02
2.573252e+01	2.445253e-02
2.583252e+01	2.522617e-02
2.593252e+01	2.652723e-02
2.603252e+01	2.898999e-02
2.613252e+01	3.315252e-02
2.623252e+01	3.989964e-02
2.633252e+01	5.069026e-02
2.643252e+01	6.578113e-02
2.653252e+01	8.037851e-02
2.663252e+01	8.887637e-02
2.673252e+01	9.375521e-02
2.683252e+01	9.718185e-02
2.693252e+01	9.883492e-02
2.703252e+01	9.208274e-02
2.713252e+01	7.667048e-02
2.723252e+01	6.086226e-02
2.733252e+01	4.823006e-02
2.743252e+01	3.887992e-02
2.753252e+01	3.293818e-02
2.763252e+01	2.963265e-02
2.773252e+01	2.739257e-02
2.783252e+01	2.510911e-02
2.793252e+01	2.338423e-02
2.803252e+01	2.268123e-02
2.813252e+01	2.235012e-02
2.823252e+01	2.166527e-02
2.833252e+01	2.057913e-02
2.843252e+01	1.905020e-02
2.853252e+01	1.754737e-02
2.863252e+01	1.640968e-02
2.873252e+01	1.573346e-02
2.883252e+01	1.552235e-02
2.893252e+01	1.575929e-02
2.903252e+01	1.649313e-02
2.913252e+01	1.788255e-02
2.923252e+01	2.023602e-02
2.933252e+01	2.401365e-02
2.943252e+01	2.968881e-02
2.953252e+01	3.745341e-02
2.963252e+01	4.509200e-02
2.973252e+01	4.663383e-02
2.983252e+01	4.181789e-02
2.993252e+01	3.541766e-02
3.003252e+01	3.041726e-02
3.013252e+01	2.777976e-02
3.023252e+01	2.743106e-02
3.033252e+01	2.781669e-02
3.043252e+01	2.642367e-02
3.053252e+01	2.362171e-02
3.063252e+01	2.111030e-02
3.073252e+01	1.975676e-02
3.083252e+01	1.956640e-02
3.093252e+01	1.987889e-02
3.103252e+01	2.010341e-02
3.113252e+01	2.086180e-02
3.123252e+01	2.290115e-02
3.133252e+01	2.601691e-02
3.143252e+01	2.775029e-02
3.153252e+01	2.517012e-02
3.163252e+01	2.063504e-02
3.173252e+01	1.709481e-02
3.183252e+01	1.498534e-02
3.193252e+01	1.398855e-02
3.203252e+01	1.388357e-02
3.213252e+01	1.456105e-02
3.223252e+01	1.565414e-02
3.233252e+01	1.643994e-02
3.243252e+01	1.701800e-02
3.253252e+01	1.769805e-02
3.263252e+01	1.728432e-02
3.273252e+01	1.537914e-02
3.283252e+01	1.352755e-02
3.293252e+01	1.242153e-02
3.303252e+01	1.169398e-02
3.313252e+01	1.097260e-02
3.323252e+01	1.046269e-02
3.333252e+01	1.031241e-02
3.343252e+01	1.031694e-02
3.353252e+01	1.008394e-02
3.363252e+01	9.640924e-03
3.373252e+01	9.405911e-03
3.383252e+01	9.586162e-03
3.393252e+01	1.016028e-02
3.403252e+01	1.069716e-02
3.413252e+01	1.049742e-02
3.423252e+01	9.681846e-03
3.433252e+01	8.752003e-03
3.443252e+01	7.994260e-03
3.453252e+01	7.477640e-03
3.463252e+01	7.143810e-03
3.473252e+01	6.921364e-03
3.483252e+01	6.768034e-03
3.493252e+01	6.675049e-03
3.503252e+01	6.636157e-03
3.513252e+01	6.640294e-03
3.523252e+01	6.696883e-03
3.533252e+01	6.848533e-03
3.543252e+01	7.156732e-03
3.553252e+01	7.655538e-03
3.563252e+01	8.161634e-03
3.573252e+01	8.159934e-03
3.583252e+01	7.617872e-03
3.593252e+01	7.054807e-03
3.603252e+01	6.683808e-03
3.613252e+01	6.471818e-03
3.623252e+01	6.340801e-03
3.633252e+01	6.252144e-03
3.643252e+01	6.214074e-03
3.653252e+01	6.224146e-03
3.663252e+01	6.283877e-03
3.673252e+01	6.420747e-03
3.683252e+01	6.654847e-03
3.693252e+01	6.935921e-03
3.703252e+01	7.130769e-03
3.713252e+01	7.273317e-03
3.723252e+01	7.510761e-03
3.733252e+01	7.849790e-03
3.743252e+01	8.331466e-03
3.753252e+01	9.028306e-03
3.763252e+01	9.935643e-03
3.773252e+01	1.132805e-02
3.783252e+01	1.355349e-02
3.793252e+01	1.602390e-02
3.803252e+01	1.664097e-02
3.813252e+01	1.498682e-02
3.823252e+01	1.319445e-02
3.833252e+01	1.207390e-02
3.843252e+01	1.116982e-02
3.853252e+01	1.039928e-02
3.863252e+01	9.994163e-03
3.873252e+01	1.003395e-02
3.883252e+01	1.046680e-02
3.893252e+01	1.123303e-02
3.903252e+01	1.208508e-02
3.913252e+01	1.258973e-02
3.923252e+01	1.259240e-02
3.933252e+01	1.205723e-02
3.943252e+01	1.147754e-02
3.953252e+01	1.131954e-02
3.963252e+01	1.143321e-02
3.973252e+01	1.170826e-02
3.983252e+01	1.233232e-02
3.993252e+01	1.344806e-02
4.003252e+01	1.532392e-02
4.013252e+01	1.852926e-02
4.023252e+01	2.390321e-02
4.033252e+01	3.199887e-02
4.043252e+01	4.066349e-02
4.053252e+01	4.376644e-02
4.063252e+01	4.127385e-02
4.073252e+01	3.959817e-02
4.083252e+01	3.964800e-02
4.093252e+01	3.685090e-02
4.103252e+01	3.017443e-02
4.113252e+01	2.340836e-02
4.123252e+01	1.846013e-02
4.133252e+01	1.529576e-02
4.143252e+01	1.325241e-02
4.153252e+01	1.195594e-02
4.163252e+01	1.118630e-02
4.173252e+01	1.061211e-02
4.183252e+01	1.004221e-02
4.193252e+01	9.334921e-03
4.203252e+01	8.684605e-03
4.213252e+01	8.369122e-03
4.223252e+01	8.485075e-03
4.233252e+01	8.998859e-03
4.243252e+01	9.382182e-03
4.253252e+01	8.804021e-03
4.263252e+01	7.618770e-03
4.273252e+01	6.586780e-03
4.283252e+01	5.866977e-03
4.293252e+01	5.382048e-03
4.303252e+01	5.048235e-03
4.313252e+01	4.809818e-03
4.323252e+01	4.633867e-03
4.333252e+01	4.501512e-03
4.343252e+01	4.401901e-03
4.353252e+01	4.327089e-03
4.363252e+01	4.266091e-03
4.373252e+01	4.210383e-03
4.383252e+01	4.165722e-03
4.393252e+01	4.139298e-03
4.403252e+01	4.134343e-03
4.413252e+01	4.154734e-03
4.423252e+01	4.205504e-03
4.433252e+01	4.286129e-03
4.443252e+01	4.390933e-03
4.453252e+01	4.533304e-03
4.463252e+01	4.732831e-03
4.473252e+01	5.038267e-03
4.483252e+01	5.549863e-03
4.493252e+01	6.348308e-03
4.503252e+01	7.404212e-03
4.513252e+01	8.348959e-03
4.523252e+01	8.266431e-03
4.533252e+01	7.164171e-03
4.543252e+01	6.044068e-03
4.553252e+01	5.288482e-03
4.563252e+01	4.828279e-03
4.573252e+01	4.548151e-03
4.583252e+01	4.386781e-03
4.593252e+01	4.318111e-03
4.603252e+01	4.330356e-03
4.613252e+01	4.424889e-03
4.623252e+01	4.622464e-03
4.633252e+01	4.975297e-03
4.643252e+01	5.567726e-03
4.653252e+01	6.457326e-03
4.663252e+01	7.376688e-03
4.673252e+01	7.521577e-03
4.683252e+01	6.803555e-03
4.693252e+01	6.042829e-03
4.703252e+01	5.600946e-03
4.713252e+01	5.465587e-03
4.723252e+01	5.590566e-03
4.733252e+01	5.981469e-03
4.743252e+01	6.709994e-03
4.753252e+01	7.903319e-03
4.763252e+01	9.594470e-03
4.773252e+01	1.128943e-02
4.783252e+01	1.241857e-02
4.793252e+01	1.390509e-02
4.803252e+01	1.690356e-02
4.813252e+01	2.077248e-02
4.823252e+01	2.191125e-02
4.833252e+01	1.845050e-02
4.843252e+01	1.386776e-02
4.853252e+01	1.052102e-02
4.863252e+01	8.435885e-03
4.873252e+01	7.097169e-03
4.883252e+01	6.137632e-03
4.893252e+01	5.463595e-03
4.903252e+01	5.047216e-03
4.913252e+01	4.848339e-03
4.923252e+01	4.816331e-03
4.933252e+01	4.845082e-03
4.943252e+01	4.860754e-03
4.953252e+01	4.850835e-03
4.963252e+01	4.636574e-03
4.973252e+01	4.225334e-03
4.983252e+01	3.848428e-03
4.993252e+01	3.583943e-03
5.003252e+01	3.408970e-03
5.013252e+01	3.293616e-03
5.023252e+01	3.218767e-03
5.033252e+01	3.174227e-03
5.043252e+01	3.157086e-03
5.053252e+01	3.170076e-03
5.063252e+01	3.221969e-03
5.073252e+01	3.330884e-03
5.083252e+01	3.527385e-03
5.093252e+01	3.842760e-03
5.103252e+01	4.220705e-03
5.113252e+01	4.380985e-03
5.123252e+01	4.181569e-03
5.133252e+01	3.929114e-03
5.143252e+01	3.843501e-03
5.153252e+01	3.972454e-03
5.163252e+01	4.324521e-03
5.173252e+01	4.786045e-03
5.183252e+01	4.947676e-03
5.193252e+01	4.642721e-03
5.203252e+01	4.302641e-03
5.213252e+01	4.185053e-03
5.223252e+01	4.250444e-03
5.233252e+01	4.362904e-03
5.243252e+01	4.294415e-03
5.253252e+01	3.966514e-03
5.263252e+01	3.612869e-03
5.273252e+01	3.325477e-03
5.283252e+01	3.087595e-03
5.293252e+01	2.914093e-03
5.303252e+01	2.804910e-03
5.313252e+01	2.747040e-03
5.323252e+01	2.725773e-03
5.333252e+01	2.709547e-03
5.343252e+01	2.662031e-03
5.353252e+01	2.600945e-03
5.363252e+01	2.557970e-03
5.373252e+01	2.541419e-03
5.383252e+01	2.550783e-03
5.393252e+01	2.574960e-03
5.403252e+01	2.576949e-03
5.413252e+01	2.537272e-03
5.423252e+01	2.488406e-03
5.433252e+01	2.449504e-03
5.443252e+01	2.420889e-03
5.453252e+01	2.402264e-03
5.463252e+01	2.392847e-03
5.473252e+01	2.389560e-03
5.483252e+01	2.392192e-03
5.493252e+01	2.405717e-03
5.503252e+01	2.435820e-03
5.513252e+01	2.485947e-03
5.523252e+01	2.542004e-03
5.533252e+01	2.558330e-03
5.543252e+01	2.526152e-03
5.553252e+01	2.489010e-03
5.563252e+01	2.464266e-03
5.573252e+01	2.453875e-03
5.583252e+01	2.458600e-03
5.593252e+01	2.477182e-03
5.603252e+01	2.510427e-03
5.613252e+01	2.562916e-03
5.623252e+01	2.643230e-03
5.633252e+01	2.764699e-03
5.643252e+01	2.936113e-03
5.653252e+01	3.116621e-03
5.663252e+01	3.194404e-03
5.673252e+01	3.164832e-03
5.683252e+01	3.128646e-03
5.693252e+01	3.121786e-03
5.703252e+01	3.163355e-03
5.713252e+01	3.261438e-03
5.723252e+01	3.420556e-03
5.733252e+01	3.667847e-03
5.743252e+01	4.044795e-03
5.753252e+01	4.578927e-03
5.763252e+01	5.209146e-03
5.773252e+01	5.813096e-03
5.783252e+01	6.416638e-03
5.793252e+01	7.157284e-03
5.803252e+01	7.957545e-03
5.813252e+01	8.761077e-03
5.823252e+01	9.688296e-03
5.833252e+01	1.046094e-02
5.843252e+01	1.053476e-02
5.853252e+01	1.009122e-02
5.863252e+01	9.909869e-03
5.873252e+01	1.046618e-02
5.883252e+01	1.205285e-02
5.893252e+01	1.507566e-02
5.903252e+01	2.014319e-02
5.913252e+01	2.732827e-02
5.923252e+01	3.359302e-02
5.933252e+01	3.403121e-02
5.943252e+01	3.121117e-02
5.953252e+01	3.026260e-02
5.963252e+01	2.998608e-02
5.973252e+01	2.624110e-02
5.983252e+01	2.039559e-02
5.993252e+01	1.576478e-02
6.003252e+01	1.307877e-02
6.013252e+01	1.173588e-02
6.023252e+01	1.064867e-02
6.033252e+01	9.238408e-03
6.043252e+01	7.986361e-03
6.053252e+01	7.283506e-03
6.063252e+01	7.147722e-03
6.073252e+01	7.446446e-03
6.083252e+01	7.882086e-03
6.093252e+01	7.891293e-03
6.103252e+01	7.053210e-03
6.113252e+01	5.906642e-03
6.123252e+01	5.060834e-03
6.133252e+01	4.597526e-03
6.143252e+01	4.374790e-03
6.153252e+01	4.139055e-03
6.163252e+01	3.777912e-03
6.173252e+01	3.435832e-03
6.183252e+01	3.197955e-03
6.193252e+01	3.055361e-03
6.203252e+01	2.982929e-03
6.213252e+01	2.957309e-03
6.223252e+01	2.967068e-03
6.233252e+01	3.024137e-03
6.243252e+01	3.147105e-03
6.253252e+01	3.359114e-03
6.263252e+01	3.699877e-03
6.273252e+01	4.241012e-03
6.283252e+01	5.110209e-03
6.293252e+01	6.520843e-03
6.303252e+01	8.726125e-03
6.313252e+01	1.150685e-02
6.323252e+01	1.299133e-02
6.333252e+01	1.142279e-02
6.343252e+01	8.627518e-03
