#RPA-results:
#Nucleus: Ni 80
#Fermi level: -1.541935e+00	-1.810941e+01
#Excitation: 1 +
#Total number of pairs: 494
#Number of ph-/ah-pairs: 494/0
#Maximal excitation-energy for particle-hole-pairs: 100
#Maximal excitation-energy for antiparticle-hole-pairs: 1000
#No imaginary eigenvalues

#Parameterset: DD-PC1
#natural parity: no
#Isoscalar result:

#width: 5.000000e-01
#maximum value: 1.092640e-02
#at energy: 6.343252e+01
-9.656748e+01	4.817182e-04
-9.646748e+01	4.826338e-04
-9.636748e+01	4.835520e-04
-9.626748e+01	4.844729e-04
-9.616748e+01	4.853964e-04
-9.606748e+01	4.863225e-04
-9.596748e+01	4.872513e-04
-9.586748e+01	4.881828e-04
-9.576748e+01	4.891169e-04
-9.566748e+01	4.900538e-04
-9.556748e+01	4.909933e-04
-9.546748e+01	4.919355e-04
-9.536748e+01	4.928805e-04
-9.526748e+01	4.938282e-04
-9.516748e+01	4.947786e-04
-9.506748e+01	4.957318e-04
-9.496748e+01	4.966878e-04
-9.486748e+01	4.976465e-04
-9.476748e+01	4.986080e-04
-9.466748e+01	4.995723e-04
-9.456748e+01	5.005394e-04
-9.446748e+01	5.015093e-04
-9.436748e+01	5.024821e-04
-9.426748e+01	5.034577e-04
-9.416748e+01	5.044361e-04
-9.406748e+01	5.054174e-04
-9.396748e+01	5.064015e-04
-9.386748e+01	5.073886e-04
-9.376748e+01	5.083785e-04
-9.366748e+01	5.093714e-04
-9.356748e+01	5.103672e-04
-9.346748e+01	5.113659e-04
-9.336748e+01	5.123675e-04
-9.326748e+01	5.133721e-04
-9.316748e+01	5.143796e-04
-9.306748e+01	5.153901e-04
-9.296748e+01	5.164036e-04
-9.286748e+01	5.174202e-04
-9.276748e+01	5.184397e-04
-9.266748e+01	5.194622e-04
-9.256748e+01	5.204878e-04
-9.246748e+01	5.215164e-04
-9.236748e+01	5.225481e-04
-9.226748e+01	5.235828e-04
-9.216748e+01	5.246207e-04
-9.206748e+01	5.256616e-04
-9.196748e+01	5.267056e-04
-9.186748e+01	5.277528e-04
-9.176748e+01	5.288030e-04
-9.166748e+01	5.298565e-04
-9.156748e+01	5.309131e-04
-9.146748e+01	5.319728e-04
-9.136748e+01	5.330357e-04
-9.126748e+01	5.341019e-04
-9.116748e+01	5.351712e-04
-9.106748e+01	5.362438e-04
-9.096748e+01	5.373196e-04
-9.086748e+01	5.383986e-04
-9.076748e+01	5.394809e-04
-9.066748e+01	5.405665e-04
-9.056748e+01	5.416554e-04
-9.046748e+01	5.427475e-04
-9.036748e+01	5.438430e-04
-9.026748e+01	5.449418e-04
-9.016748e+01	5.460439e-04
-9.006748e+01	5.471494e-04
-8.996748e+01	5.482583e-04
-8.986748e+01	5.493705e-04
-8.976748e+01	5.504862e-04
-8.966748e+01	5.516052e-04
-8.956748e+01	5.527277e-04
-8.946748e+01	5.538536e-04
-8.936748e+01	5.549829e-04
-8.926748e+01	5.561158e-04
-8.916748e+01	5.572521e-04
-8.906748e+01	5.583919e-04
-8.896748e+01	5.595352e-04
-8.886748e+01	5.606820e-04
-8.876748e+01	5.618323e-04
-8.866748e+01	5.629862e-04
-8.856748e+01	5.641437e-04
-8.846748e+01	5.653048e-04
-8.836748e+01	5.664694e-04
-8.826748e+01	5.676377e-04
-8.816748e+01	5.688096e-04
-8.806748e+01	5.699851e-04
-8.796748e+01	5.711643e-04
-8.786748e+01	5.723472e-04
-8.776748e+01	5.735337e-04
-8.766748e+01	5.747239e-04
-8.756748e+01	5.759179e-04
-8.746748e+01	5.771156e-04
-8.736748e+01	5.783170e-04
-8.726748e+01	5.795222e-04
-8.716748e+01	5.807312e-04
-8.706748e+01	5.819440e-04
-8.696748e+01	5.831606e-04
-8.686748e+01	5.843810e-04
-8.676748e+01	5.856052e-04
-8.666748e+01	5.868334e-04
-8.656748e+01	5.880654e-04
-8.646748e+01	5.893012e-04
-8.636748e+01	5.905410e-04
-8.626748e+01	5.917848e-04
-8.616748e+01	5.930324e-04
-8.606748e+01	5.942840e-04
-8.596748e+01	5.955396e-04
-8.586748e+01	5.967992e-04
-8.576748e+01	5.980628e-04
-8.566748e+01	5.993304e-04
-8.556748e+01	6.006021e-04
-8.546748e+01	6.018778e-04
-8.536748e+01	6.031576e-04
-8.526748e+01	6.044415e-04
-8.516748e+01	6.057295e-04
-8.506748e+01	6.070217e-04
-8.496748e+01	6.083180e-04
-8.486748e+01	6.096184e-04
-8.476748e+01	6.109231e-04
-8.466748e+01	6.122319e-04
-8.456748e+01	6.135450e-04
-8.446748e+01	6.148623e-04
-8.436748e+01	6.161838e-04
-8.426748e+01	6.175097e-04
-8.416748e+01	6.188398e-04
-8.406748e+01	6.201742e-04
-8.396748e+01	6.215130e-04
-8.386748e+01	6.228561e-04
-8.376748e+01	6.242036e-04
-8.366748e+01	6.255555e-04
-8.356748e+01	6.269118e-04
-8.346748e+01	6.282725e-04
-8.336748e+01	6.296376e-04
-8.326748e+01	6.310072e-04
-8.316748e+01	6.323813e-04
-8.306748e+01	6.337599e-04
-8.296748e+01	6.351431e-04
-8.286748e+01	6.365307e-04
-8.276748e+01	6.379230e-04
-8.266748e+01	6.393198e-04
-8.256748e+01	6.407212e-04
-8.246748e+01	6.421273e-04
-8.236748e+01	6.435380e-04
-8.226748e+01	6.449533e-04
-8.216748e+01	6.463733e-04
-8.206748e+01	6.477981e-04
-8.196748e+01	6.492276e-04
-8.186748e+01	6.506618e-04
-8.176748e+01	6.521008e-04
-8.166748e+01	6.535446e-04
-8.156748e+01	6.549932e-04
-8.146748e+01	6.564466e-04
-8.136748e+01	6.579049e-04
-8.126748e+01	6.593680e-04
-8.116748e+01	6.608361e-04
-8.106748e+01	6.623090e-04
-8.096748e+01	6.637870e-04
-8.086748e+01	6.652698e-04
-8.076748e+01	6.667577e-04
-8.066748e+01	6.682506e-04
-8.056748e+01	6.697485e-04
-8.046748e+01	6.712515e-04
-8.036748e+01	6.727595e-04
-8.026748e+01	6.742727e-04
-8.016748e+01	6.757909e-04
-8.006748e+01	6.773143e-04
-7.996748e+01	6.788429e-04
-7.986748e+01	6.803767e-04
-7.976748e+01	6.819157e-04
-7.966748e+01	6.834599e-04
-7.956748e+01	6.850094e-04
-7.946748e+01	6.865642e-04
-7.936748e+01	6.881243e-04
-7.926748e+01	6.896897e-04
-7.916748e+01	6.912605e-04
-7.906748e+01	6.928367e-04
-7.896748e+01	6.944183e-04
-7.886748e+01	6.960053e-04
-7.876748e+01	6.975978e-04
-7.866748e+01	6.991958e-04
-7.856748e+01	7.007993e-04
-7.846748e+01	7.024083e-04
-7.836748e+01	7.040229e-04
-7.826748e+01	7.056431e-04
-7.816748e+01	7.072689e-04
-7.806748e+01	7.089003e-04
-7.796748e+01	7.105374e-04
-7.786748e+01	7.121802e-04
-7.776748e+01	7.138287e-04
-7.766748e+01	7.154829e-04
-7.756748e+01	7.171430e-04
-7.746748e+01	7.188088e-04
-7.736748e+01	7.204804e-04
-7.726748e+01	7.221579e-04
-7.716748e+01	7.238413e-04
-7.706748e+01	7.255306e-04
-7.696748e+01	7.272258e-04
-7.686748e+01	7.289270e-04
-7.676748e+01	7.306342e-04
-7.666748e+01	7.323474e-04
-7.656748e+01	7.340667e-04
-7.646748e+01	7.357920e-04
-7.636748e+01	7.375234e-04
-7.626748e+01	7.392610e-04
-7.616748e+01	7.410048e-04
-7.606748e+01	7.427547e-04
-7.596748e+01	7.445108e-04
-7.586748e+01	7.462733e-04
-7.576748e+01	7.480419e-04
-7.566748e+01	7.498169e-04
-7.556748e+01	7.515983e-04
-7.546748e+01	7.533860e-04
-7.536748e+01	7.551801e-04
-7.526748e+01	7.569807e-04
-7.516748e+01	7.587877e-04
-7.506748e+01	7.606012e-04
-7.496748e+01	7.624213e-04
-7.486748e+01	7.642479e-04
-7.476748e+01	7.660811e-04
-7.466748e+01	7.679209e-04
-7.456748e+01	7.697674e-04
-7.446748e+01	7.716205e-04
-7.436748e+01	7.734804e-04
-7.426748e+01	7.753471e-04
-7.416748e+01	7.772205e-04
-7.406748e+01	7.791007e-04
-7.396748e+01	7.809878e-04
-7.386748e+01	7.828818e-04
-7.376748e+01	7.847827e-04
-7.366748e+01	7.866905e-04
-7.356748e+01	7.886053e-04
-7.346748e+01	7.905272e-04
-7.336748e+01	7.924561e-04
-7.326748e+01	7.943921e-04
-7.316748e+01	7.963352e-04
-7.306748e+01	7.982854e-04
-7.296748e+01	8.002429e-04
-7.286748e+01	8.022076e-04
-7.276748e+01	8.041796e-04
-7.266748e+01	8.061588e-04
-7.256748e+01	8.081454e-04
-7.246748e+01	8.101394e-04
-7.236748e+01	8.121408e-04
-7.226748e+01	8.141496e-04
-7.216748e+01	8.161659e-04
-7.206748e+01	8.181898e-04
-7.196748e+01	8.202212e-04
-7.186748e+01	8.222602e-04
-7.176748e+01	8.243068e-04
-7.166748e+01	8.263611e-04
-7.156748e+01	8.284232e-04
-7.146748e+01	8.304929e-04
-7.136748e+01	8.325705e-04
-7.126748e+01	8.346559e-04
-7.116748e+01	8.367492e-04
-7.106748e+01	8.388503e-04
-7.096748e+01	8.409595e-04
-7.086748e+01	8.430766e-04
-7.076748e+01	8.452017e-04
-7.066748e+01	8.473349e-04
-7.056748e+01	8.494763e-04
-7.046748e+01	8.516257e-04
-7.036748e+01	8.537834e-04
-7.026748e+01	8.559493e-04
-7.016748e+01	8.581235e-04
-7.006748e+01	8.603060e-04
-6.996748e+01	8.624969e-04
-6.986748e+01	8.646962e-04
-6.976748e+01	8.669039e-04
-6.966748e+01	8.691201e-04
-6.956748e+01	8.713449e-04
-6.946748e+01	8.735782e-04
-6.936748e+01	8.758202e-04
-6.926748e+01	8.780708e-04
-6.916748e+01	8.803302e-04
-6.906748e+01	8.825983e-04
-6.896748e+01	8.848752e-04
-6.886748e+01	8.871609e-04
-6.876748e+01	8.894556e-04
-6.866748e+01	8.917592e-04
-6.856748e+01	8.940718e-04
-6.846748e+01	8.963935e-04
-6.836748e+01	8.987242e-04
-6.826748e+01	9.010640e-04
-6.816748e+01	9.034131e-04
-6.806748e+01	9.057713e-04
-6.796748e+01	9.081389e-04
-6.786748e+01	9.105157e-04
-6.776748e+01	9.129020e-04
-6.766748e+01	9.152976e-04
-6.756748e+01	9.177028e-04
-6.746748e+01	9.201175e-04
-6.736748e+01	9.225417e-04
-6.726748e+01	9.249756e-04
-6.716748e+01	9.274191e-04
-6.706748e+01	9.298724e-04
-6.696748e+01	9.323354e-04
-6.686748e+01	9.348083e-04
-6.676748e+01	9.372911e-04
-6.666748e+01	9.397838e-04
-6.656748e+01	9.422865e-04
-6.646748e+01	9.447993e-04
-6.636748e+01	9.473221e-04
-6.626748e+01	9.498552e-04
-6.616748e+01	9.523984e-04
-6.606748e+01	9.549519e-04
-6.596748e+01	9.575157e-04
-6.586748e+01	9.600898e-04
-6.576748e+01	9.626744e-04
-6.566748e+01	9.652695e-04
-6.556748e+01	9.678752e-04
-6.546748e+01	9.704914e-04
-6.536748e+01	9.731183e-04
-6.526748e+01	9.757560e-04
-6.516748e+01	9.784044e-04
-6.506748e+01	9.810636e-04
-6.496748e+01	9.837337e-04
-6.486748e+01	9.864148e-04
-6.476748e+01	9.891070e-04
-6.466748e+01	9.918101e-04
-6.456748e+01	9.945245e-04
-6.446748e+01	9.972500e-04
-6.436748e+01	9.999868e-04
-6.426748e+01	1.002735e-03
-6.416748e+01	1.005494e-03
-6.406748e+01	1.008265e-03
-6.396748e+01	1.011048e-03
-6.386748e+01	1.013842e-03
-6.376748e+01	1.016648e-03
-6.366748e+01	1.019465e-03
-6.356748e+01	1.022294e-03
-6.346748e+01	1.025135e-03
-6.336748e+01	1.027988e-03
-6.326748e+01	1.030853e-03
-6.316748e+01	1.033730e-03
-6.306748e+01	1.036619e-03
-6.296748e+01	1.039520e-03
-6.286748e+01	1.042433e-03
-6.276748e+01	1.045359e-03
-6.266748e+01	1.048297e-03
-6.256748e+01	1.051248e-03
-6.246748e+01	1.054211e-03
-6.236748e+01	1.057187e-03
-6.226748e+01	1.060175e-03
-6.216748e+01	1.063176e-03
-6.206748e+01	1.066190e-03
-6.196748e+01	1.069217e-03
-6.186748e+01	1.072257e-03
-6.176748e+01	1.075310e-03
-6.166748e+01	1.078376e-03
-6.156748e+01	1.081455e-03
-6.146748e+01	1.084547e-03
-6.136748e+01	1.087653e-03
-6.126748e+01	1.090772e-03
-6.116748e+01	1.093904e-03
-6.106748e+01	1.097051e-03
-6.096748e+01	1.100210e-03
-6.086748e+01	1.103384e-03
-6.076748e+01	1.106571e-03
-6.066748e+01	1.109773e-03
-6.056748e+01	1.112988e-03
-6.046748e+01	1.116217e-03
-6.036748e+01	1.119461e-03
-6.026748e+01	1.122718e-03
-6.016748e+01	1.125990e-03
-6.006748e+01	1.129276e-03
-5.996748e+01	1.132577e-03
-5.986748e+01	1.135893e-03
-5.976748e+01	1.139223e-03
-5.966748e+01	1.142567e-03
-5.956748e+01	1.145927e-03
-5.946748e+01	1.149301e-03
-5.936748e+01	1.152691e-03
-5.926748e+01	1.156095e-03
-5.916748e+01	1.159515e-03
-5.906748e+01	1.162950e-03
-5.896748e+01	1.166400e-03
-5.886748e+01	1.169866e-03
-5.876748e+01	1.173347e-03
-5.866748e+01	1.176844e-03
-5.856748e+01	1.180357e-03
-5.846748e+01	1.183885e-03
-5.836748e+01	1.187430e-03
-5.826748e+01	1.190990e-03
-5.816748e+01	1.194566e-03
-5.806748e+01	1.198159e-03
-5.796748e+01	1.201768e-03
-5.786748e+01	1.205394e-03
-5.776748e+01	1.209036e-03
-5.766748e+01	1.212694e-03
-5.756748e+01	1.216369e-03
-5.746748e+01	1.220061e-03
-5.736748e+01	1.223770e-03
-5.726748e+01	1.227496e-03
-5.716748e+01	1.231239e-03
-5.706748e+01	1.235000e-03
-5.696748e+01	1.238777e-03
-5.686748e+01	1.242573e-03
-5.676748e+01	1.246385e-03
-5.666748e+01	1.250216e-03
-5.656748e+01	1.254064e-03
-5.646748e+01	1.257930e-03
-5.636748e+01	1.261814e-03
-5.626748e+01	1.265716e-03
-5.616748e+01	1.269636e-03
-5.606748e+01	1.273575e-03
-5.596748e+01	1.277532e-03
-5.586748e+01	1.281507e-03
-5.576748e+01	1.285502e-03
-5.566748e+01	1.289515e-03
-5.556748e+01	1.293547e-03
-5.546748e+01	1.297598e-03
-5.536748e+01	1.301668e-03
-5.526748e+01	1.305757e-03
-5.516748e+01	1.309866e-03
-5.506748e+01	1.313995e-03
-5.496748e+01	1.318143e-03
-5.486748e+01	1.322311e-03
-5.476748e+01	1.326498e-03
-5.466748e+01	1.330706e-03
-5.456748e+01	1.334934e-03
-5.446748e+01	1.339182e-03
-5.436748e+01	1.343451e-03
-5.426748e+01	1.347740e-03
-5.416748e+01	1.352050e-03
-5.406748e+01	1.356380e-03
-5.396748e+01	1.360732e-03
-5.386748e+01	1.365105e-03
-5.376748e+01	1.369499e-03
-5.366748e+01	1.373914e-03
-5.356748e+01	1.378351e-03
-5.346748e+01	1.382809e-03
-5.336748e+01	1.387289e-03
-5.326748e+01	1.391791e-03
-5.316748e+01	1.396316e-03
-5.306748e+01	1.400862e-03
-5.296748e+01	1.405431e-03
-5.286748e+01	1.410022e-03
-5.276748e+01	1.414636e-03
-5.266748e+01	1.419273e-03
-5.256748e+01	1.423932e-03
-5.246748e+01	1.428615e-03
-5.236748e+01	1.433321e-03
-5.226748e+01	1.438051e-03
-5.216748e+01	1.442804e-03
-5.206748e+01	1.447581e-03
-5.196748e+01	1.452382e-03
-5.186748e+01	1.457206e-03
-5.176748e+01	1.462055e-03
-5.166748e+01	1.466929e-03
-5.156748e+01	1.471827e-03
-5.146748e+01	1.476749e-03
-5.136748e+01	1.481697e-03
-5.126748e+01	1.486669e-03
-5.116748e+01	1.491667e-03
-5.106748e+01	1.496690e-03
-5.096748e+01	1.501739e-03
-5.086748e+01	1.506814e-03
-5.076748e+01	1.511914e-03
-5.066748e+01	1.517041e-03
-5.056748e+01	1.522193e-03
-5.046748e+01	1.527373e-03
-5.036748e+01	1.532578e-03
-5.026748e+01	1.537811e-03
-5.016748e+01	1.543071e-03
-5.006748e+01	1.548358e-03
-4.996748e+01	1.553672e-03
-4.986748e+01	1.559014e-03
-4.976748e+01	1.564384e-03
-4.966748e+01	1.569781e-03
-4.956748e+01	1.575207e-03
-4.946748e+01	1.580661e-03
-4.936748e+01	1.586144e-03
-4.926748e+01	1.591655e-03
-4.916748e+01	1.597195e-03
-4.906748e+01	1.602765e-03
-4.896748e+01	1.608364e-03
-4.886748e+01	1.613992e-03
-4.876748e+01	1.619651e-03
-4.866748e+01	1.625339e-03
-4.856748e+01	1.631057e-03
-4.846748e+01	1.636806e-03
-4.836748e+01	1.642586e-03
-4.826748e+01	1.648396e-03
-4.816748e+01	1.654238e-03
-4.806748e+01	1.660110e-03
-4.796748e+01	1.666015e-03
-4.786748e+01	1.671951e-03
-4.776748e+01	1.677919e-03
-4.766748e+01	1.683919e-03
-4.756748e+01	1.689952e-03
-4.746748e+01	1.696018e-03
-4.736748e+01	1.702116e-03
-4.726748e+01	1.708248e-03
-4.716748e+01	1.714413e-03
-4.706748e+01	1.720611e-03
-4.696748e+01	1.726844e-03
-4.686748e+01	1.733111e-03
-4.676748e+01	1.739412e-03
-4.666748e+01	1.745748e-03
-4.656748e+01	1.752118e-03
-4.646748e+01	1.758524e-03
-4.636748e+01	1.764966e-03
-4.626748e+01	1.771443e-03
-4.616748e+01	1.777956e-03
-4.606748e+01	1.784505e-03
-4.596748e+01	1.791091e-03
-4.586748e+01	1.797714e-03
-4.576748e+01	1.804373e-03
-4.566748e+01	1.811070e-03
-4.556748e+01	1.817805e-03
-4.546748e+01	1.824577e-03
-4.536748e+01	1.831388e-03
-4.526748e+01	1.838237e-03
-4.516748e+01	1.845125e-03
-4.506748e+01	1.852053e-03
-4.496748e+01	1.859019e-03
-4.486748e+01	1.866025e-03
-4.476748e+01	1.873071e-03
-4.466748e+01	1.880158e-03
-4.456748e+01	1.887285e-03
-4.446748e+01	1.894453e-03
-4.436748e+01	1.901662e-03
-4.426748e+01	1.908913e-03
-4.416748e+01	1.916205e-03
-4.406748e+01	1.923540e-03
-4.396748e+01	1.930917e-03
-4.386748e+01	1.938338e-03
-4.376748e+01	1.945801e-03
-4.366748e+01	1.953308e-03
-4.356748e+01	1.960859e-03
-4.346748e+01	1.968454e-03
-4.336748e+01	1.976093e-03
-4.326748e+01	1.983778e-03
-4.316748e+01	1.991507e-03
-4.306748e+01	1.999283e-03
-4.296748e+01	2.007104e-03
-4.286748e+01	2.014972e-03
-4.276748e+01	2.022886e-03
-4.266748e+01	2.030848e-03
-4.256748e+01	2.038857e-03
-4.246748e+01	2.046914e-03
-4.236748e+01	2.055019e-03
-4.226748e+01	2.063173e-03
-4.216748e+01	2.071376e-03
-4.206748e+01	2.079628e-03
-4.196748e+01	2.087931e-03
-4.186748e+01	2.096283e-03
-4.176748e+01	2.104686e-03
-4.166748e+01	2.113140e-03
-4.156748e+01	2.121646e-03
-4.146748e+01	2.130204e-03
-4.136748e+01	2.138813e-03
-4.126748e+01	2.147476e-03
-4.116748e+01	2.156192e-03
-4.106748e+01	2.164962e-03
-4.096748e+01	2.173785e-03
-4.086748e+01	2.182663e-03
-4.076748e+01	2.191596e-03
-4.066748e+01	2.200585e-03
-4.056748e+01	2.209630e-03
-4.046748e+01	2.218730e-03
-4.036748e+01	2.227888e-03
-4.026748e+01	2.237103e-03
-4.016748e+01	2.246376e-03
-4.006748e+01	2.255708e-03
-3.996748e+01	2.265098e-03
-3.986748e+01	2.274547e-03
-3.976748e+01	2.284056e-03
-3.966748e+01	2.293626e-03
-3.956748e+01	2.303256e-03
-3.946748e+01	2.312948e-03
-3.936748e+01	2.322702e-03
-3.926748e+01	2.332518e-03
-3.916748e+01	2.342397e-03
-3.906748e+01	2.352340e-03
-3.896748e+01	2.362346e-03
-3.886748e+01	2.372418e-03
-3.876748e+01	2.382554e-03
-3.866748e+01	2.392757e-03
-3.856748e+01	2.403025e-03
-3.846748e+01	2.413361e-03
-3.836748e+01	2.423764e-03
-3.826748e+01	2.434235e-03
-3.816748e+01	2.444775e-03
-3.806748e+01	2.455384e-03
-3.796748e+01	2.466063e-03
-3.786748e+01	2.476813e-03
-3.776748e+01	2.487634e-03
-3.766748e+01	2.498526e-03
-3.756748e+01	2.509491e-03
-3.746748e+01	2.520530e-03
-3.736748e+01	2.531642e-03
-3.726748e+01	2.542828e-03
-3.716748e+01	2.554090e-03
-3.706748e+01	2.565427e-03
-3.696748e+01	2.576841e-03
-3.686748e+01	2.588332e-03
-3.676748e+01	2.599901e-03
-3.666748e+01	2.611549e-03
-3.656748e+01	2.623276e-03
-3.646748e+01	2.635083e-03
-3.636748e+01	2.646971e-03
-3.626748e+01	2.658940e-03
-3.616748e+01	2.670992e-03
-3.606748e+01	2.683127e-03
-3.596748e+01	2.695346e-03
-3.586748e+01	2.707649e-03
-3.576748e+01	2.720038e-03
-3.566748e+01	2.732512e-03
-3.556748e+01	2.745074e-03
-3.546748e+01	2.757724e-03
-3.536748e+01	2.770463e-03
-3.526748e+01	2.783291e-03
-3.516748e+01	2.796210e-03
-3.506748e+01	2.809219e-03
-3.496748e+01	2.822321e-03
-3.486748e+01	2.835516e-03
-3.476748e+01	2.848805e-03
-3.466748e+01	2.862189e-03
-3.456748e+01	2.875668e-03
-3.446748e+01	2.889244e-03
-3.436748e+01	2.902918e-03
-3.426748e+01	2.916690e-03
-3.416748e+01	2.930562e-03
-3.406748e+01	2.944534e-03
-3.396748e+01	2.958607e-03
-3.386748e+01	2.972784e-03
-3.376748e+01	2.987063e-03
-3.366748e+01	3.001447e-03
-3.356748e+01	3.015937e-03
-3.346748e+01	3.030533e-03
-3.336748e+01	3.045237e-03
-3.326748e+01	3.060050e-03
-3.316748e+01	3.074973e-03
-3.306748e+01	3.090006e-03
-3.296748e+01	3.105152e-03
-3.286748e+01	3.120410e-03
-3.276748e+01	3.135783e-03
-3.266748e+01	3.151272e-03
-3.256748e+01	3.166877e-03
-3.246748e+01	3.182600e-03
-3.236748e+01	3.198443e-03
-3.226748e+01	3.214405e-03
-3.216748e+01	3.230489e-03
-3.206748e+01	3.246696e-03
-3.196748e+01	3.263027e-03
-3.186748e+01	3.279483e-03
-3.176748e+01	3.296066e-03
-3.166748e+01	3.312778e-03
-3.156748e+01	3.329618e-03
-3.146748e+01	3.346589e-03
-3.136748e+01	3.363692e-03
-3.126748e+01	3.380929e-03
-3.116748e+01	3.398300e-03
-3.106748e+01	3.415808e-03
-3.096748e+01	3.433454e-03
-3.086748e+01	3.451239e-03
-3.076748e+01	3.469165e-03
-3.066748e+01	3.487233e-03
-3.056748e+01	3.505445e-03
-3.046748e+01	3.523802e-03
-3.036748e+01	3.542306e-03
-3.026748e+01	3.560959e-03
-3.016748e+01	3.579762e-03
-3.006748e+01	3.598717e-03
-2.996748e+01	3.617825e-03
-2.986748e+01	3.637088e-03
-2.976748e+01	3.656509e-03
-2.966748e+01	3.676088e-03
-2.956748e+01	3.695827e-03
-2.946748e+01	3.715729e-03
-2.936748e+01	3.735794e-03
-2.926748e+01	3.756026e-03
-2.916748e+01	3.776425e-03
-2.906748e+01	3.796994e-03
-2.896748e+01	3.817735e-03
-2.886748e+01	3.838649e-03
-2.876748e+01	3.859738e-03
-2.866748e+01	3.881005e-03
-2.856748e+01	3.902452e-03
-2.846748e+01	3.924080e-03
-2.836748e+01	3.945892e-03
-2.826748e+01	3.967890e-03
-2.816748e+01	3.990075e-03
-2.806748e+01	4.012451e-03
-2.796748e+01	4.035020e-03
-2.786748e+01	4.057783e-03
-2.776748e+01	4.080743e-03
-2.766748e+01	4.103902e-03
-2.756748e+01	4.127263e-03
-2.746748e+01	4.150828e-03
-2.736748e+01	4.174600e-03
-2.726748e+01	4.198581e-03
-2.716748e+01	4.222773e-03
-2.706748e+01	4.247179e-03
-2.696748e+01	4.271802e-03
-2.686748e+01	4.296644e-03
-2.676748e+01	4.321709e-03
-2.666748e+01	4.346997e-03
-2.656748e+01	4.372514e-03
-2.646748e+01	4.398260e-03
-2.636748e+01	4.424240e-03
-2.626748e+01	4.450455e-03
-2.616748e+01	4.476910e-03
-2.606748e+01	4.503606e-03
-2.596748e+01	4.530548e-03
-2.586748e+01	4.557737e-03
-2.576748e+01	4.585178e-03
-2.566748e+01	4.612873e-03
-2.556748e+01	4.640825e-03
-2.546748e+01	4.669039e-03
-2.536748e+01	4.697516e-03
-2.526748e+01	4.726261e-03
-2.516748e+01	4.755278e-03
-2.506748e+01	4.784569e-03
-2.496748e+01	4.814138e-03
-2.486748e+01	4.843988e-03
-2.476748e+01	4.874125e-03
-2.466748e+01	4.904550e-03
-2.456748e+01	4.935269e-03
-2.446748e+01	4.966284e-03
-2.436748e+01	4.997601e-03
-2.426748e+01	5.029222e-03
-2.416748e+01	5.061152e-03
-2.406748e+01	5.093396e-03
-2.396748e+01	5.125957e-03
-2.386748e+01	5.158839e-03
-2.376748e+01	5.192048e-03
-2.366748e+01	5.225587e-03
-2.356748e+01	5.259461e-03
-2.346748e+01	5.293675e-03
-2.336748e+01	5.328234e-03
-2.326748e+01	5.363141e-03
-2.316748e+01	5.398403e-03
-2.306748e+01	5.434024e-03
-2.296748e+01	5.470008e-03
-2.286748e+01	5.506362e-03
-2.276748e+01	5.543091e-03
-2.266748e+01	5.580199e-03
-2.256748e+01	5.617693e-03
-2.246748e+01	5.655577e-03
-2.236748e+01	5.693858e-03
-2.226748e+01	5.732541e-03
-2.216748e+01	5.771632e-03
-2.206748e+01	5.811137e-03
-2.196748e+01	5.851062e-03
-2.186748e+01	5.891413e-03
-2.176748e+01	5.932197e-03
-2.166748e+01	5.973420e-03
-2.156748e+01	6.015089e-03
-2.146748e+01	6.057209e-03
-2.136748e+01	6.099789e-03
-2.126748e+01	6.142835e-03
-2.116748e+01	6.186355e-03
-2.106748e+01	6.230354e-03
-2.096748e+01	6.274842e-03
-2.086748e+01	6.319824e-03
-2.076748e+01	6.365310e-03
-2.066748e+01	6.411307e-03
-2.056748e+01	6.457822e-03
-2.046748e+01	6.504865e-03
-2.036748e+01	6.552442e-03
-2.026748e+01	6.600564e-03
-2.016748e+01	6.649238e-03
-2.006748e+01	6.698474e-03
-1.996748e+01	6.748280e-03
-1.986748e+01	6.798666e-03
-1.976748e+01	6.849641e-03
-1.966748e+01	6.901215e-03
-1.956748e+01	6.953398e-03
-1.946748e+01	7.006199e-03
-1.936748e+01	7.059629e-03
-1.926748e+01	7.113699e-03
-1.916748e+01	7.168419e-03
-1.906748e+01	7.223801e-03
-1.896748e+01	7.279855e-03
-1.886748e+01	7.336593e-03
-1.876748e+01	7.394027e-03
-1.866748e+01	7.452169e-03
-1.856748e+01	7.511031e-03
-1.846748e+01	7.570625e-03
-1.836748e+01	7.630965e-03
-1.826748e+01	7.692064e-03
-1.816748e+01	7.753935e-03
-1.806748e+01	7.816592e-03
-1.796748e+01	7.880049e-03
-1.786748e+01	7.944320e-03
-1.776748e+01	8.009421e-03
-1.766748e+01	8.075366e-03
-1.756748e+01	8.142172e-03
-1.746748e+01	8.209853e-03
-1.736748e+01	8.278427e-03
-1.726748e+01	8.347910e-03
-1.716748e+01	8.418319e-03
-1.706748e+01	8.489671e-03
-1.696748e+01	8.561986e-03
-1.686748e+01	8.635281e-03
-1.676748e+01	8.709575e-03
-1.666748e+01	8.784887e-03
-1.656748e+01	8.861239e-03
-1.646748e+01	8.938649e-03
-1.636748e+01	9.017140e-03
-1.626748e+01	9.096732e-03
-1.616748e+01	9.177449e-03
-1.606748e+01	9.259312e-03
-1.596748e+01	9.342345e-03
-1.586748e+01	9.426573e-03
-1.576748e+01	9.512019e-03
-1.566748e+01	9.598710e-03
-1.556748e+01	9.686672e-03
-1.546748e+01	9.775931e-03
-1.536748e+01	9.866516e-03
-1.526748e+01	9.958453e-03
-1.516748e+01	1.005177e-02
-1.506748e+01	1.014651e-02
-1.496748e+01	1.024269e-02
-1.486748e+01	1.034034e-02
-1.476748e+01	1.043950e-02
-1.466748e+01	1.054021e-02
-1.456748e+01	1.064250e-02
-1.446748e+01	1.074640e-02
-1.436748e+01	1.085195e-02
-1.426748e+01	1.095919e-02
-1.416748e+01	1.106816e-02
-1.406748e+01	1.117890e-02
-1.396748e+01	1.129146e-02
-1.386748e+01	1.140587e-02
-1.376748e+01	1.152219e-02
-1.366748e+01	1.164045e-02
-1.356748e+01	1.176072e-02
-1.346748e+01	1.188303e-02
-1.336748e+01	1.200744e-02
-1.326748e+01	1.213400e-02
-1.316748e+01	1.226277e-02
-1.306748e+01	1.239380e-02
-1.296748e+01	1.252717e-02
-1.286748e+01	1.266292e-02
-1.276748e+01	1.280112e-02
-1.266748e+01	1.294184e-02
-1.256748e+01	1.308515e-02
-1.246748e+01	1.323111e-02
-1.236748e+01	1.337982e-02
-1.226748e+01	1.353133e-02
-1.216748e+01	1.368574e-02
-1.206748e+01	1.384312e-02
-1.196748e+01	1.400357e-02
-1.186748e+01	1.416718e-02
-1.176748e+01	1.433404e-02
-1.166748e+01	1.450425e-02
-1.156748e+01	1.467791e-02
-1.146748e+01	1.485514e-02
-1.136748e+01	1.503605e-02
-1.126748e+01	1.522075e-02
-1.116748e+01	1.540938e-02
-1.106748e+01	1.560205e-02
-1.096748e+01	1.579892e-02
-1.086748e+01	1.600012e-02
-1.076748e+01	1.620580e-02
-1.066748e+01	1.641612e-02
-1.056748e+01	1.663125e-02
-1.046748e+01	1.685137e-02
-1.036748e+01	1.707666e-02
-1.026748e+01	1.730731e-02
-1.016748e+01	1.754354e-02
-1.006748e+01	1.778557e-02
-9.967479e+00	1.803362e-02
-9.867479e+00	1.828794e-02
-9.767479e+00	1.854880e-02
-9.667479e+00	1.881647e-02
-9.567479e+00	1.909126e-02
-9.467479e+00	1.937347e-02
-9.367479e+00	1.966345e-02
-9.267479e+00	1.996156e-02
-9.167479e+00	2.026819e-02
-9.067479e+00	2.058376e-02
-8.967479e+00	2.090872e-02
-8.867479e+00	2.124356e-02
-8.767479e+00	2.158881e-02
-8.667479e+00	2.194503e-02
-8.567479e+00	2.231286e-02
-8.467479e+00	2.269297e-02
-8.367479e+00	2.308610e-02
-8.267479e+00	2.349308e-02
-8.167479e+00	2.391480e-02
-8.067479e+00	2.435227e-02
-7.967479e+00	2.480658e-02
-7.867479e+00	2.527898e-02
-7.767479e+00	2.577085e-02
-7.667479e+00	2.628375e-02
-7.567479e+00	2.681945e-02
-7.467479e+00	2.737997e-02
-7.367479e+00	2.796762e-02
-7.267479e+00	2.858508e-02
-7.167479e+00	2.923546e-02
-7.067479e+00	2.992242e-02
-6.967479e+00	3.065029e-02
-6.867479e+00	3.142426e-02
-6.767479e+00	3.225060e-02
-6.667479e+00	3.313701e-02
-6.567479e+00	3.409301e-02
-6.467479e+00	3.513061e-02
-6.367479e+00	3.626515e-02
-6.267479e+00	3.751661e-02
-6.167479e+00	3.891149e-02
-6.067479e+00	4.048572e-02
-5.967479e+00	4.228920e-02
-5.867479e+00	4.439308e-02
-5.767479e+00	4.690186e-02
-5.667479e+00	4.997412e-02
-5.567479e+00	5.385917e-02
-5.467479e+00	5.896320e-02
-5.367479e+00	6.596754e-02
-5.267479e+00	7.601989e-02
-5.167479e+00	9.096054e-02
-5.067479e+00	1.134271e-01
-4.967479e+00	1.451872e-01
-4.867479e+00	1.764664e-01
-4.767479e+00	1.795260e-01
-4.667479e+00	1.533122e-01
-4.567479e+00	1.258602e-01
-4.467479e+00	1.083093e-01
-4.367479e+00	9.923221e-02
-4.267479e+00	9.585090e-02
-4.167479e+00	9.644728e-02
-4.067479e+00	1.003336e-01
-3.967479e+00	1.075821e-01
-3.867479e+00	1.187988e-01
-3.767479e+00	1.345891e-01
-3.667479e+00	1.548853e-01
-3.567479e+00	1.819828e-01
-3.467479e+00	2.234859e-01
-3.367479e+00	2.872910e-01
-3.267479e+00	3.693102e-01
-3.167479e+00	4.373768e-01
-3.067479e+00	4.780614e-01
-2.967479e+00	5.170781e-01
-2.867479e+00	5.401463e-01
-2.767479e+00	5.088089e-01
-2.667479e+00	4.320785e-01
-2.567479e+00	3.693983e-01
-2.467479e+00	3.442637e-01
-2.367479e+00	3.460782e-01
-2.267479e+00	3.514019e-01
-2.167479e+00	3.543788e-01
-2.067479e+00	3.769243e-01
-1.967479e+00	4.331499e-01
-1.867479e+00	5.091308e-01
-1.767479e+00	5.813920e-01
-1.667479e+00	6.492763e-01
-1.567479e+00	6.609963e-01
-1.467479e+00	5.844253e-01
-1.367479e+00	4.914181e-01
-1.267479e+00	4.250161e-01
-1.167479e+00	3.950723e-01
-1.067479e+00	4.039811e-01
-9.674791e-01	4.546169e-01
-8.674791e-01	5.492409e-01
-7.674791e-01	6.561271e-01
-6.674791e-01	6.790996e-01
-5.674791e-01	5.992698e-01
-4.674791e-01	5.138069e-01
-3.674791e-01	4.701549e-01
-2.674791e-01	4.690703e-01
-1.674791e-01	5.069550e-01
-6.747911e-02	5.824384e-01
3.252089e-02	6.793984e-01
1.325209e-01	7.639659e-01
2.325209e-01	8.588800e-01
3.325209e-01	1.033142e+00
4.325209e-01	1.311121e+00
5.325209e-01	1.578120e+00
6.325209e-01	1.590471e+00
7.325209e-01	1.398773e+00
8.325209e-01	1.250201e+00
9.325209e-01	1.231306e+00
1.032521e+00	1.347447e+00
1.132521e+00	1.616052e+00
1.232521e+00	2.094633e+00
1.332521e+00	2.889349e+00
1.432521e+00	4.092715e+00
1.532521e+00	5.427625e+00
1.632521e+00	5.920362e+00
1.732521e+00	5.328339e+00
1.832521e+00	4.503988e+00
1.932521e+00	3.934685e+00
2.032521e+00	3.645922e+00
2.132521e+00	3.218540e+00
2.232521e+00	2.552363e+00
2.332521e+00	1.985846e+00
2.432521e+00	1.650018e+00
2.532521e+00	1.522436e+00
2.632521e+00	1.585118e+00
2.732521e+00	1.849004e+00
2.832521e+00	2.269957e+00
2.932521e+00	2.531716e+00
3.032521e+00	2.264269e+00
3.132521e+00	1.724872e+00
3.232521e+00	1.280170e+00
3.332521e+00	9.921143e-01
3.432521e+00	8.148819e-01
3.532521e+00	7.097189e-01
3.632521e+00	6.529857e-01
3.732521e+00	6.298190e-01
3.832521e+00	6.380805e-01
3.932521e+00	6.768161e-01
4.032521e+00	7.391483e-01
4.132521e+00	8.331405e-01
4.232521e+00	9.999958e-01
4.332521e+00	1.287092e+00
4.432521e+00	1.650981e+00
4.532521e+00	1.806686e+00
4.632521e+00	1.545587e+00
4.732521e+00	1.149933e+00
4.832521e+00	8.485979e-01
4.932521e+00	6.555353e-01
5.032521e+00	5.343667e-01
5.132521e+00	4.566408e-01
5.232521e+00	4.053576e-01
5.332521e+00	3.707662e-01
5.432521e+00	3.471830e-01
5.532521e+00	3.311884e-01
5.632521e+00	3.206552e-01
5.732521e+00	3.142189e-01
5.832521e+00	3.109829e-01
5.932521e+00	3.103471e-01
6.032521e+00	3.119063e-01
6.132521e+00	3.153885e-01
6.232521e+00	3.206156e-01
6.332521e+00	3.274781e-01
6.432521e+00	3.359198e-01
6.532521e+00	3.459268e-01
6.632521e+00	3.575216e-01
6.732521e+00	3.707591e-01
6.832521e+00	3.857249e-01
6.932521e+00	4.025356e-01
7.032521e+00	4.213401e-01
7.132521e+00	4.423220e-01
7.232521e+00	4.657043e-01
7.332521e+00	4.917545e-01
7.432521e+00	5.207928e-01
7.532521e+00	5.532008e-01
7.632521e+00	5.894349e-01
7.732521e+00	6.300411e-01
7.832521e+00	6.756761e-01
7.932521e+00	7.271329e-01
8.032521e+00	7.853751e-01
8.132521e+00	8.515812e-01
8.232521e+00	9.272032e-01
8.332521e+00	1.014045e+00
8.432521e+00	1.114370e+00
8.532521e+00	1.231043e+00
8.632521e+00	1.367734e+00
8.732521e+00	1.529205e+00
8.832521e+00	1.721712e+00
8.932521e+00	1.953603e+00
9.032521e+00	2.236209e+00
9.132521e+00	2.585191e+00
9.232521e+00	3.022655e+00
9.332521e+00	3.580541e+00
9.432521e+00	4.306219e+00
9.532521e+00	5.271997e+00
9.632521e+00	6.591734e+00
9.732521e+00	8.450546e+00
9.832521e+00	1.116037e+01
9.932521e+00	1.526620e+01
1.003252e+01	2.171849e+01
1.013252e+01	3.200477e+01
1.023252e+01	4.732648e+01
1.033252e+01	6.365431e+01
1.043252e+01	6.670475e+01
1.053252e+01	5.270563e+01
1.063252e+01	3.617515e+01
1.073252e+01	2.440845e+01
1.083252e+01	1.698329e+01
1.093252e+01	1.230806e+01
1.103252e+01	9.267319e+00
1.113252e+01	7.210395e+00
1.123252e+01	5.777529e+00
1.133252e+01	4.764395e+00
1.143252e+01	4.049514e+00
1.153252e+01	3.552916e+00
1.163252e+01	3.183209e+00
1.173252e+01	2.833994e+00
1.183252e+01	2.512723e+00
1.193252e+01	2.287692e+00
1.203252e+01	2.170506e+00
1.213252e+01	2.118390e+00
1.223252e+01	2.086445e+00
1.233252e+01	2.057035e+00
1.243252e+01	2.021660e+00
1.253252e+01	1.984295e+00
1.263252e+01	1.824045e+00
1.273252e+01	1.522512e+00
1.283252e+01	1.235567e+00
1.293252e+01	1.025431e+00
1.303252e+01	8.778023e-01
1.313252e+01	7.709956e-01
1.323252e+01	6.909167e-01
1.333252e+01	6.291230e-01
1.343252e+01	5.791073e-01
1.353252e+01	5.343140e-01
1.363252e+01	4.924807e-01
1.373252e+01	4.552464e-01
1.383252e+01	4.230055e-01
1.393252e+01	3.950435e-01
1.403252e+01	3.704594e-01
1.413252e+01	3.485941e-01
1.423252e+01	3.289641e-01
1.433252e+01	3.112066e-01
1.443252e+01	2.950930e-01
1.453252e+01	2.803652e-01
1.463252e+01	2.667886e-01
1.473252e+01	2.543221e-01
1.483252e+01	2.429684e-01
1.493252e+01	2.327145e-01
1.503252e+01	2.235845e-01
1.513252e+01	2.155605e-01
1.523252e+01	2.081213e-01
1.533252e+01	2.000393e-01
1.543252e+01	1.912881e-01
1.553252e+01	1.829945e-01
1.563252e+01	1.755548e-01
1.573252e+01	1.688657e-01
1.583252e+01	1.627786e-01
1.593252e+01	1.571917e-01
1.603252e+01	1.520430e-01
1.613252e+01	1.472976e-01
1.623252e+01	1.429409e-01
1.633252e+01	1.389781e-01
1.643252e+01	1.354395e-01
1.653252e+01	1.323889e-01
1.663252e+01	1.299176e-01
1.673252e+01	1.280680e-01
1.683252e+01	1.267988e-01
1.693252e+01	1.262607e-01
1.703252e+01	1.262075e-01
1.713252e+01	1.256502e-01
1.723252e+01	1.251739e-01
1.733252e+01	1.254137e-01
1.743252e+01	1.245778e-01
1.753252e+01	1.223914e-01
1.763252e+01	1.208353e-01
1.773252e+01	1.205187e-01
1.783252e+01	1.209945e-01
1.793252e+01	1.220221e-01
1.803252e+01	1.243168e-01
1.813252e+01	1.285691e-01
1.823252e+01	1.342833e-01
1.833252e+01	1.427782e-01
1.843252e+01	1.572348e-01
1.853252e+01	1.818015e-01
1.863252e+01	2.221156e-01
1.873252e+01	2.845411e-01
1.883252e+01	3.728270e-01
1.893252e+01	4.682232e-01
1.903252e+01	4.911227e-01
1.913252e+01	4.093509e-01
1.923252e+01	3.083404e-01
1.933252e+01	2.375833e-01
1.943252e+01	1.965287e-01
1.953252e+01	1.760353e-01
1.963252e+01	1.709040e-01
1.973252e+01	1.786747e-01
1.983252e+01	1.904914e-01
1.993252e+01	1.907067e-01
2.003252e+01	1.746536e-01
2.013252e+01	1.482857e-01
2.023252e+01	1.241712e-01
2.033252e+01	1.079875e-01
2.043252e+01	9.847689e-02
2.053252e+01	9.340588e-02
2.063252e+01	9.209149e-02
2.073252e+01	9.532433e-02
2.083252e+01	1.038221e-01
2.093252e+01	1.150953e-01
2.103252e+01	1.208203e-01
2.113252e+01	1.205188e-01
2.123252e+01	1.251199e-01
2.133252e+01	1.369768e-01
2.143252e+01	1.414081e-01
2.153252e+01	1.253137e-01
2.163252e+01	1.021115e-01
2.173252e+01	8.445687e-02
2.183252e+01	7.304155e-02
2.193252e+01	6.506532e-02
2.203252e+01	5.891219e-02
2.213252e+01	5.430381e-02
2.223252e+01	5.095557e-02
2.233252e+01	4.859578e-02
2.243252e+01	4.699634e-02
2.253252e+01	4.573598e-02
2.263252e+01	4.448212e-02
2.273252e+01	4.356980e-02
2.283252e+01	4.340688e-02
2.293252e+01	4.399283e-02
2.303252e+01	4.455679e-02
2.313252e+01	4.370711e-02
2.323252e+01	4.143598e-02
2.333252e+01	3.922624e-02
2.343252e+01	3.770155e-02
2.353252e+01	3.664758e-02
2.363252e+01	3.579921e-02
2.373252e+01	3.509571e-02
2.383252e+01	3.447329e-02
2.393252e+01	3.386808e-02
2.403252e+01	3.340935e-02
2.413252e+01	3.318457e-02
2.423252e+01	3.315133e-02
2.433252e+01	3.334995e-02
2.443252e+01	3.374060e-02
2.453252e+01	3.433555e-02
2.463252e+01	3.515441e-02
2.473252e+01	3.557626e-02
2.483252e+01	3.536059e-02
2.493252e+01	3.539808e-02
2.503252e+01	3.612434e-02
2.513252e+01	3.727067e-02
2.523252e+01	3.877367e-02
2.533252e+01	4.066087e-02
2.543252e+01	4.176678e-02
2.553252e+01	4.104060e-02
2.563252e+01	3.968439e-02
2.573252e+01	3.812063e-02
2.583252e+01	3.632908e-02
2.593252e+01	3.520833e-02
2.603252e+01	3.512869e-02
2.613252e+01	3.591754e-02
2.623252e+01	3.750155e-02
2.633252e+01	4.011575e-02
2.643252e+01	4.424974e-02
2.653252e+01	5.053073e-02
2.663252e+01	5.903479e-02
2.673252e+01	7.053415e-02
2.683252e+01	8.657478e-02
2.693252e+01	1.017525e-01
2.703252e+01	1.037350e-01
2.713252e+01	9.630349e-02
2.723252e+01	9.110971e-02
2.733252e+01	8.547003e-02
2.743252e+01	7.474466e-02
2.753252e+01	6.324283e-02
2.763252e+01	5.504035e-02
2.773252e+01	5.101012e-02
2.783252e+01	5.080896e-02
2.793252e+01	5.408492e-02
2.803252e+01	5.957074e-02
2.813252e+01	6.409904e-02
2.823252e+01	6.531731e-02
2.833252e+01	6.256155e-02
2.843252e+01	5.888564e-02
2.853252e+01	5.812227e-02
2.863252e+01	6.066763e-02
2.873252e+01	6.428755e-02
2.883252e+01	6.795360e-02
2.893252e+01	7.457441e-02
2.903252e+01	8.735160e-02
2.913252e+01	1.095694e-01
2.923252e+01	1.462557e-01
2.933252e+01	2.024335e-01
2.943252e+01	2.693462e-01
2.953252e+01	3.062439e-01
2.963252e+01	2.841535e-01
2.973252e+01	2.386045e-01
2.983252e+01	2.022467e-01
2.993252e+01	1.686978e-01
3.003252e+01	1.384093e-01
3.013252e+01	1.208055e-01
3.023252e+01	1.182596e-01
3.033252e+01	1.298545e-01
3.043252e+01	1.489871e-01
3.053252e+01	1.583067e-01
3.063252e+01	1.541455e-01
3.073252e+01	1.469159e-01
3.083252e+01	1.320339e-01
3.093252e+01	1.142852e-01
3.103252e+01	1.050073e-01
3.113252e+01	1.009799e-01
3.123252e+01	8.959413e-02
3.133252e+01	7.144909e-02
3.143252e+01	5.582446e-02
3.153252e+01	4.504126e-02
3.163252e+01	3.782570e-02
3.173252e+01	3.291527e-02
3.183252e+01	2.951617e-02
3.193252e+01	2.716361e-02
3.203252e+01	2.561801e-02
3.213252e+01	2.479734e-02
3.223252e+01	2.469195e-02
3.233252e+01	2.509384e-02
3.243252e+01	2.513980e-02
3.253252e+01	2.397924e-02
3.263252e+01	2.228705e-02
3.273252e+01	2.104141e-02
3.283252e+01	2.049095e-02
3.293252e+01	2.063771e-02
3.303252e+01	2.150783e-02
3.313252e+01	2.279151e-02
3.323252e+01	2.323928e-02
3.333252e+01	2.229503e-02
3.343252e+01	2.132768e-02
3.353252e+01	2.130746e-02
3.363252e+01	2.252375e-02
3.373252e+01	2.519959e-02
3.383252e+01	2.945128e-02
3.393252e+01	3.433460e-02
3.403252e+01	3.596754e-02
3.413252e+01	3.186601e-02
3.423252e+01	2.614634e-02
3.433252e+01	2.189104e-02
3.443252e+01	1.921702e-02
3.453252e+01	1.760413e-02
3.463252e+01	1.668112e-02
3.473252e+01	1.624658e-02
3.483252e+01	1.621003e-02
3.493252e+01	1.656303e-02
3.503252e+01	1.736815e-02
3.513252e+01	1.876747e-02
3.523252e+01	2.106269e-02
3.533252e+01	2.484217e-02
3.543252e+01	3.103940e-02
3.553252e+01	4.048754e-02
3.563252e+01	5.102563e-02
3.573252e+01	5.386471e-02
3.583252e+01	4.566703e-02
3.593252e+01	3.546617e-02
3.603252e+01	2.846343e-02
3.613252e+01	2.472907e-02
3.623252e+01	2.353134e-02
3.633252e+01	2.433390e-02
3.643252e+01	2.582657e-02
3.653252e+01	2.510882e-02
3.663252e+01	2.173135e-02
3.673252e+01	1.829854e-02
3.683252e+01	1.592120e-02
3.693252e+01	1.444557e-02
3.703252e+01	1.354810e-02
3.713252e+01	1.299714e-02
3.723252e+01	1.269275e-02
3.733252e+01	1.259968e-02
3.743252e+01	1.266054e-02
3.753252e+01	1.292146e-02
3.763252e+01	1.353609e-02
3.773252e+01	1.472638e-02
3.783252e+01	1.680998e-02
3.793252e+01	1.997598e-02
3.803252e+01	2.332434e-02
3.813252e+01	2.456481e-02
3.823252e+01	2.314022e-02
3.833252e+01	2.047820e-02
3.843252e+01	1.772840e-02
3.853252e+01	1.558832e-02
3.863252e+01	1.423996e-02
3.873252e+01	1.357105e-02
3.883252e+01	1.349432e-02
3.893252e+01	1.387280e-02
3.903252e+01	1.453135e-02
3.913252e+01	1.554478e-02
3.923252e+01	1.719821e-02
3.933252e+01	1.943330e-02
3.943252e+01	2.065976e-02
3.953252e+01	1.943159e-02
3.963252e+01	1.741992e-02
3.973252e+01	1.624214e-02
3.983252e+01	1.589588e-02
3.993252e+01	1.580234e-02
4.003252e+01	1.596985e-02
4.013252e+01	1.676929e-02
4.023252e+01	1.840030e-02
4.033252e+01	2.131137e-02
4.043252e+01	2.616910e-02
4.053252e+01	3.287880e-02
4.063252e+01	3.842334e-02
4.073252e+01	3.961894e-02
4.083252e+01	3.970567e-02
4.093252e+01	4.073835e-02
4.103252e+01	3.976822e-02
4.113252e+01	3.549132e-02
4.123252e+01	2.958501e-02
4.133252e+01	2.400326e-02
4.143252e+01	2.020901e-02
4.153252e+01	1.819205e-02
4.163252e+01	1.733983e-02
4.173252e+01	1.684515e-02
4.183252e+01	1.628732e-02
4.193252e+01	1.576717e-02
4.203252e+01	1.518104e-02
4.213252e+01	1.446762e-02
4.223252e+01	1.376221e-02
4.233252e+01	1.336548e-02
4.243252e+01	1.340115e-02
4.253252e+01	1.387272e-02
4.263252e+01	1.480994e-02
4.273252e+01	1.629320e-02
4.283252e+01	1.839603e-02
4.293252e+01	2.114988e-02
4.303252e+01	2.495736e-02
4.313252e+01	3.084015e-02
4.323252e+01	4.029401e-02
4.333252e+01	5.556126e-02
4.343252e+01	7.898776e-02
4.353252e+01	1.072324e-01
4.363252e+01	1.220803e-01
4.373252e+01	1.094824e-01
4.383252e+01	8.220956e-02
4.393252e+01	5.783043e-02
4.403252e+01	4.135388e-02
4.413252e+01	3.094728e-02
4.423252e+01	2.431244e-02
4.433252e+01	1.996862e-02
4.443252e+01	1.706621e-02
4.453252e+01	1.510584e-02
4.463252e+01	1.377013e-02
4.473252e+01	1.277303e-02
4.483252e+01	1.177983e-02
4.493252e+01	1.079589e-02
4.503252e+01	1.001578e-02
4.513252e+01	9.476456e-03
4.523252e+01	9.148459e-03
4.533252e+01	9.018861e-03
4.543252e+01	9.110995e-03
4.553252e+01	9.498291e-03
4.563252e+01	1.032090e-02
4.573252e+01	1.174510e-02
4.583252e+01	1.358842e-02
4.593252e+01	1.453846e-02
4.603252e+01	1.341610e-02
4.613252e+01	1.146337e-02
4.623252e+01	9.972861e-03
4.633252e+01	9.116957e-03
4.643252e+01	8.753927e-03
4.653252e+01	8.796661e-03
4.663252e+01	9.265219e-03
4.673252e+01	1.029279e-02
4.683252e+01	1.208274e-02
4.693252e+01	1.450569e-02
4.703252e+01	1.603666e-02
4.713252e+01	1.491299e-02
4.723252e+01	1.254326e-02
4.733252e+01	1.071733e-02
4.743252e+01	9.734158e-03
4.753252e+01	9.442262e-03
4.763252e+01	9.766725e-03
4.773252e+01	1.079170e-02
4.783252e+01	1.270501e-02
4.793252e+01	1.534253e-02
4.803252e+01	1.702441e-02
4.813252e+01	1.584995e-02
4.823252e+01	1.338232e-02
4.833252e+01	1.157106e-02
4.843252e+01	1.076203e-02
4.853252e+01	1.084552e-02
4.863252e+01	1.177599e-02
4.873252e+01	1.342841e-02
4.883252e+01	1.524374e-02
4.893252e+01	1.714692e-02
4.903252e+01	2.028824e-02
4.913252e+01	2.445496e-02
4.923252e+01	2.582197e-02
4.933252e+01	2.202411e-02
4.943252e+01	1.688376e-02
4.953252e+01	1.306911e-02
4.963252e+01	1.063146e-02
4.973252e+01	9.145735e-03
4.983252e+01	8.314753e-03
4.993252e+01	7.987695e-03
5.003252e+01	8.137138e-03
5.013252e+01	8.788179e-03
5.023252e+01	9.710955e-03
5.033252e+01	9.948509e-03
5.043252e+01	8.964415e-03
5.053252e+01	7.702588e-03
5.063252e+01	6.816333e-03
5.073252e+01	6.341516e-03
5.083252e+01	6.205345e-03
5.093252e+01	6.388362e-03
5.103252e+01	6.884546e-03
5.113252e+01	7.453013e-03
5.123252e+01	7.471788e-03
5.133252e+01	6.887173e-03
5.143252e+01	6.244898e-03
5.153252e+01	5.786802e-03
5.163252e+01	5.587650e-03
5.173252e+01	5.675959e-03
5.183252e+01	6.070089e-03
5.193252e+01	6.664646e-03
5.203252e+01	6.934275e-03
5.213252e+01	6.468176e-03
5.223252e+01	5.783530e-03
5.233252e+01	5.337352e-03
5.243252e+01	5.147570e-03
5.253252e+01	5.011887e-03
5.263252e+01	4.734087e-03
5.273252e+01	4.403001e-03
5.283252e+01	4.149610e-03
5.293252e+01	3.993950e-03
5.303252e+01	3.906857e-03
5.313252e+01	3.830468e-03
5.323252e+01	3.723787e-03
5.333252e+01	3.615991e-03
5.343252e+01	3.533480e-03
5.353252e+01	3.476378e-03
5.363252e+01	3.439730e-03
5.373252e+01	3.421499e-03
5.383252e+01	3.423870e-03
5.393252e+01	3.453624e-03
5.403252e+01	3.518931e-03
5.413252e+01	3.606609e-03
5.423252e+01	3.642324e-03
5.433252e+01	3.578311e-03
5.443252e+01	3.490152e-03
5.453252e+01	3.440972e-03
5.463252e+01	3.448577e-03
5.473252e+01	3.516625e-03
5.483252e+01	3.618772e-03
5.493252e+01	3.648675e-03
5.503252e+01	3.541052e-03
5.513252e+01	3.398232e-03
5.523252e+01	3.296606e-03
5.533252e+01	3.241639e-03
5.543252e+01	3.221553e-03
5.553252e+01	3.215724e-03
5.563252e+01	3.194601e-03
5.573252e+01	3.159969e-03
5.583252e+01	3.135377e-03
5.593252e+01	3.129510e-03
5.603252e+01	3.142091e-03
5.613252e+01	3.166240e-03
5.623252e+01	3.183244e-03
5.633252e+01	3.188701e-03
5.643252e+01	3.204450e-03
5.653252e+01	3.246323e-03
5.663252e+01	3.323656e-03
5.673252e+01	3.445079e-03
5.683252e+01	3.604316e-03
5.693252e+01	3.760188e-03
5.703252e+01	3.860746e-03
5.713252e+01	3.905991e-03
5.723252e+01	3.913279e-03
5.733252e+01	3.943974e-03
5.743252e+01	4.076875e-03
5.753252e+01	4.347308e-03
5.763252e+01	4.757579e-03
5.773252e+01	5.236851e-03
5.783252e+01	5.631041e-03
5.793252e+01	5.958921e-03
5.803252e+01	6.333134e-03
5.813252e+01	6.615615e-03
5.823252e+01	6.694542e-03
5.833252e+01	6.660763e-03
5.843252e+01	6.670611e-03
5.853252e+01	6.921986e-03
5.863252e+01	7.550946e-03
5.873252e+01	8.366366e-03
5.883252e+01	8.885119e-03
5.893252e+01	9.319707e-03
5.903252e+01	1.037849e-02
5.913252e+01	1.244703e-02
5.923252e+01	1.536187e-02
5.933252e+01	1.777131e-02
5.943252e+01	1.872467e-02
5.953252e+01	1.985120e-02
5.963252e+01	2.249247e-02
5.973252e+01	2.647418e-02
5.983252e+01	2.863769e-02
5.993252e+01	2.625953e-02
6.003252e+01	2.183730e-02
6.013252e+01	1.832748e-02
6.023252e+01	1.654995e-02
6.033252e+01	1.511939e-02
6.043252e+01	1.271939e-02
6.053252e+01	1.020850e-02
6.063252e+01	8.388934e-03
6.073252e+01	7.169148e-03
6.083252e+01	6.273647e-03
6.093252e+01	5.593771e-03
6.103252e+01	5.077451e-03
6.113252e+01	4.685554e-03
6.123252e+01	4.388406e-03
6.133252e+01	4.185386e-03
6.143252e+01	4.088957e-03
6.153252e+01	4.094903e-03
6.163252e+01	4.178399e-03
6.173252e+01	4.335513e-03
6.183252e+01	4.589684e-03
6.193252e+01	4.787881e-03
6.203252e+01	4.684147e-03
6.213252e+01	4.438210e-03
6.223252e+01	4.314323e-03
6.233252e+01	4.389546e-03
6.243252e+01	4.692703e-03
6.253252e+01	5.287091e-03
6.263252e+01	6.233200e-03
6.273252e+01	7.304761e-03
6.283252e+01	7.703012e-03
6.293252e+01	7.218692e-03
6.303252e+01	6.695896e-03
6.313252e+01	6.653477e-03
6.323252e+01	7.225035e-03
6.333252e+01	8.557089e-03
6.343252e+01	1.092640e-02
