#RPA-results:
#Nucleus: Ni 80
#Fermi level: -1.541935e+00	-1.810941e+01
#Excitation: 1 +
#Total number of pairs: 494
#Number of ph-/ah-pairs: 494/0
#Maximal excitation-energy for particle-hole-pairs: 100
#Maximal excitation-energy for antiparticle-hole-pairs: 1000
#No imaginary eigenvalues

#Parameterset: DD-PC1
#natural parity: no
#Isoscalar result:

#width: 5.000000e-01
#maximum value: 1.462564e-02
#at energy: 6.343252e+01
-9.656748e+01	5.245974e-04
-9.646748e+01	5.256378e-04
-9.636748e+01	5.266813e-04
-9.626748e+01	5.277280e-04
-9.616748e+01	5.287778e-04
-9.606748e+01	5.298307e-04
-9.596748e+01	5.308868e-04
-9.586748e+01	5.319460e-04
-9.576748e+01	5.330084e-04
-9.566748e+01	5.340741e-04
-9.556748e+01	5.351429e-04
-9.546748e+01	5.362149e-04
-9.536748e+01	5.372902e-04
-9.526748e+01	5.383687e-04
-9.516748e+01	5.394505e-04
-9.506748e+01	5.405355e-04
-9.496748e+01	5.416238e-04
-9.486748e+01	5.427155e-04
-9.476748e+01	5.438104e-04
-9.466748e+01	5.449086e-04
-9.456748e+01	5.460102e-04
-9.446748e+01	5.471152e-04
-9.436748e+01	5.482235e-04
-9.426748e+01	5.493351e-04
-9.416748e+01	5.504502e-04
-9.406748e+01	5.515687e-04
-9.396748e+01	5.526906e-04
-9.386748e+01	5.538159e-04
-9.376748e+01	5.549447e-04
-9.366748e+01	5.560769e-04
-9.356748e+01	5.572126e-04
-9.346748e+01	5.583518e-04
-9.336748e+01	5.594945e-04
-9.326748e+01	5.606408e-04
-9.316748e+01	5.617905e-04
-9.306748e+01	5.629438e-04
-9.296748e+01	5.641007e-04
-9.286748e+01	5.652611e-04
-9.276748e+01	5.664252e-04
-9.266748e+01	5.675928e-04
-9.256748e+01	5.687641e-04
-9.246748e+01	5.699390e-04
-9.236748e+01	5.711175e-04
-9.226748e+01	5.722997e-04
-9.216748e+01	5.734856e-04
-9.206748e+01	5.746752e-04
-9.196748e+01	5.758685e-04
-9.186748e+01	5.770656e-04
-9.176748e+01	5.782664e-04
-9.166748e+01	5.794709e-04
-9.156748e+01	5.806792e-04
-9.146748e+01	5.818913e-04
-9.136748e+01	5.831072e-04
-9.126748e+01	5.843270e-04
-9.116748e+01	5.855505e-04
-9.106748e+01	5.867780e-04
-9.096748e+01	5.880093e-04
-9.086748e+01	5.892445e-04
-9.076748e+01	5.904836e-04
-9.066748e+01	5.917266e-04
-9.056748e+01	5.929735e-04
-9.046748e+01	5.942244e-04
-9.036748e+01	5.954793e-04
-9.026748e+01	5.967382e-04
-9.016748e+01	5.980010e-04
-9.006748e+01	5.992679e-04
-8.996748e+01	6.005388e-04
-8.986748e+01	6.018138e-04
-8.976748e+01	6.030929e-04
-8.966748e+01	6.043760e-04
-8.956748e+01	6.056633e-04
-8.946748e+01	6.069547e-04
-8.936748e+01	6.082502e-04
-8.926748e+01	6.095499e-04
-8.916748e+01	6.108537e-04
-8.906748e+01	6.121618e-04
-8.896748e+01	6.134741e-04
-8.886748e+01	6.147906e-04
-8.876748e+01	6.161114e-04
-8.866748e+01	6.174364e-04
-8.856748e+01	6.187657e-04
-8.846748e+01	6.200993e-04
-8.836748e+01	6.214373e-04
-8.826748e+01	6.227796e-04
-8.816748e+01	6.241262e-04
-8.806748e+01	6.254773e-04
-8.796748e+01	6.268327e-04
-8.786748e+01	6.281926e-04
-8.776748e+01	6.295569e-04
-8.766748e+01	6.309257e-04
-8.756748e+01	6.322989e-04
-8.746748e+01	6.336766e-04
-8.736748e+01	6.350589e-04
-8.726748e+01	6.364457e-04
-8.716748e+01	6.378370e-04
-8.706748e+01	6.392330e-04
-8.696748e+01	6.406335e-04
-8.686748e+01	6.420386e-04
-8.676748e+01	6.434484e-04
-8.666748e+01	6.448629e-04
-8.656748e+01	6.462820e-04
-8.646748e+01	6.477058e-04
-8.636748e+01	6.491344e-04
-8.626748e+01	6.505676e-04
-8.616748e+01	6.520057e-04
-8.606748e+01	6.534485e-04
-8.596748e+01	6.548962e-04
-8.586748e+01	6.563486e-04
-8.576748e+01	6.578059e-04
-8.566748e+01	6.592681e-04
-8.556748e+01	6.607352e-04
-8.546748e+01	6.622072e-04
-8.536748e+01	6.636841e-04
-8.526748e+01	6.651660e-04
-8.516748e+01	6.666529e-04
-8.506748e+01	6.681447e-04
-8.496748e+01	6.696416e-04
-8.486748e+01	6.711436e-04
-8.476748e+01	6.726506e-04
-8.466748e+01	6.741627e-04
-8.456748e+01	6.756799e-04
-8.446748e+01	6.772023e-04
-8.436748e+01	6.787298e-04
-8.426748e+01	6.802625e-04
-8.416748e+01	6.818004e-04
-8.406748e+01	6.833436e-04
-8.396748e+01	6.848920e-04
-8.386748e+01	6.864457e-04
-8.376748e+01	6.880047e-04
-8.366748e+01	6.895690e-04
-8.356748e+01	6.911387e-04
-8.346748e+01	6.927138e-04
-8.336748e+01	6.942942e-04
-8.326748e+01	6.958801e-04
-8.316748e+01	6.974715e-04
-8.306748e+01	6.990683e-04
-8.296748e+01	7.006706e-04
-8.286748e+01	7.022785e-04
-8.276748e+01	7.038919e-04
-8.266748e+01	7.055109e-04
-8.256748e+01	7.071355e-04
-8.246748e+01	7.087657e-04
-8.236748e+01	7.104016e-04
-8.226748e+01	7.120431e-04
-8.216748e+01	7.136904e-04
-8.206748e+01	7.153434e-04
-8.196748e+01	7.170022e-04
-8.186748e+01	7.186668e-04
-8.176748e+01	7.203372e-04
-8.166748e+01	7.220134e-04
-8.156748e+01	7.236955e-04
-8.146748e+01	7.253836e-04
-8.136748e+01	7.270775e-04
-8.126748e+01	7.287774e-04
-8.116748e+01	7.304833e-04
-8.106748e+01	7.321951e-04
-8.096748e+01	7.339131e-04
-8.086748e+01	7.356371e-04
-8.076748e+01	7.373672e-04
-8.066748e+01	7.391034e-04
-8.056748e+01	7.408458e-04
-8.046748e+01	7.425943e-04
-8.036748e+01	7.443491e-04
-8.026748e+01	7.461101e-04
-8.016748e+01	7.478774e-04
-8.006748e+01	7.496510e-04
-7.996748e+01	7.514309e-04
-7.986748e+01	7.532172e-04
-7.976748e+01	7.550099e-04
-7.966748e+01	7.568090e-04
-7.956748e+01	7.586146e-04
-7.946748e+01	7.604266e-04
-7.936748e+01	7.622452e-04
-7.926748e+01	7.640703e-04
-7.916748e+01	7.659020e-04
-7.906748e+01	7.677403e-04
-7.896748e+01	7.695853e-04
-7.886748e+01	7.714369e-04
-7.876748e+01	7.732953e-04
-7.866748e+01	7.751603e-04
-7.856748e+01	7.770322e-04
-7.846748e+01	7.789109e-04
-7.836748e+01	7.807964e-04
-7.826748e+01	7.826887e-04
-7.816748e+01	7.845880e-04
-7.806748e+01	7.864943e-04
-7.796748e+01	7.884075e-04
-7.786748e+01	7.903277e-04
-7.776748e+01	7.922549e-04
-7.766748e+01	7.941892e-04
-7.756748e+01	7.961307e-04
-7.746748e+01	7.980793e-04
-7.736748e+01	8.000350e-04
-7.726748e+01	8.019980e-04
-7.716748e+01	8.039683e-04
-7.706748e+01	8.059458e-04
-7.696748e+01	8.079307e-04
-7.686748e+01	8.099229e-04
-7.676748e+01	8.119225e-04
-7.666748e+01	8.139296e-04
-7.656748e+01	8.159441e-04
-7.646748e+01	8.179661e-04
-7.636748e+01	8.199957e-04
-7.626748e+01	8.220329e-04
-7.616748e+01	8.240777e-04
-7.606748e+01	8.261301e-04
-7.596748e+01	8.281903e-04
-7.586748e+01	8.302582e-04
-7.576748e+01	8.323338e-04
-7.566748e+01	8.344173e-04
-7.556748e+01	8.365087e-04
-7.546748e+01	8.386079e-04
-7.536748e+01	8.407151e-04
-7.526748e+01	8.428302e-04
-7.516748e+01	8.449534e-04
-7.506748e+01	8.470846e-04
-7.496748e+01	8.492239e-04
-7.486748e+01	8.513714e-04
-7.476748e+01	8.535270e-04
-7.466748e+01	8.556909e-04
-7.456748e+01	8.578630e-04
-7.446748e+01	8.600434e-04
-7.436748e+01	8.622322e-04
-7.426748e+01	8.644294e-04
-7.416748e+01	8.666350e-04
-7.406748e+01	8.688490e-04
-7.396748e+01	8.710717e-04
-7.386748e+01	8.733028e-04
-7.376748e+01	8.755426e-04
-7.366748e+01	8.777910e-04
-7.356748e+01	8.800482e-04
-7.346748e+01	8.823140e-04
-7.336748e+01	8.845887e-04
-7.326748e+01	8.868722e-04
-7.316748e+01	8.891646e-04
-7.306748e+01	8.914659e-04
-7.296748e+01	8.937762e-04
-7.286748e+01	8.960955e-04
-7.276748e+01	8.984238e-04
-7.266748e+01	9.007613e-04
-7.256748e+01	9.031080e-04
-7.246748e+01	9.054638e-04
-7.236748e+01	9.078290e-04
-7.226748e+01	9.102034e-04
-7.216748e+01	9.125872e-04
-7.206748e+01	9.149804e-04
-7.196748e+01	9.173830e-04
-7.186748e+01	9.197952e-04
-7.176748e+01	9.222169e-04
-7.166748e+01	9.246482e-04
-7.156748e+01	9.270892e-04
-7.146748e+01	9.295399e-04
-7.136748e+01	9.320003e-04
-7.126748e+01	9.344706e-04
-7.116748e+01	9.369507e-04
-7.106748e+01	9.394408e-04
-7.096748e+01	9.419408e-04
-7.086748e+01	9.444509e-04
-7.076748e+01	9.469710e-04
-7.066748e+01	9.495013e-04
-7.056748e+01	9.520417e-04
-7.046748e+01	9.545924e-04
-7.036748e+01	9.571534e-04
-7.026748e+01	9.597248e-04
-7.016748e+01	9.623065e-04
-7.006748e+01	9.648988e-04
-6.996748e+01	9.675015e-04
-6.986748e+01	9.701148e-04
-6.976748e+01	9.727388e-04
-6.966748e+01	9.753735e-04
-6.956748e+01	9.780189e-04
-6.946748e+01	9.806752e-04
-6.936748e+01	9.833423e-04
-6.926748e+01	9.860203e-04
-6.916748e+01	9.887094e-04
-6.906748e+01	9.914094e-04
-6.896748e+01	9.941207e-04
-6.886748e+01	9.968430e-04
-6.876748e+01	9.995767e-04
-6.866748e+01	1.002322e-03
-6.856748e+01	1.005078e-03
-6.846748e+01	1.007846e-03
-6.836748e+01	1.010625e-03
-6.826748e+01	1.013416e-03
-6.816748e+01	1.016218e-03
-6.806748e+01	1.019032e-03
-6.796748e+01	1.021858e-03
-6.786748e+01	1.024695e-03
-6.776748e+01	1.027545e-03
-6.766748e+01	1.030406e-03
-6.756748e+01	1.033280e-03
-6.746748e+01	1.036165e-03
-6.736748e+01	1.039063e-03
-6.726748e+01	1.041973e-03
-6.716748e+01	1.044895e-03
-6.706748e+01	1.047830e-03
-6.696748e+01	1.050776e-03
-6.686748e+01	1.053736e-03
-6.676748e+01	1.056708e-03
-6.666748e+01	1.059693e-03
-6.656748e+01	1.062690e-03
-6.646748e+01	1.065700e-03
-6.636748e+01	1.068723e-03
-6.626748e+01	1.071759e-03
-6.616748e+01	1.074808e-03
-6.606748e+01	1.077870e-03
-6.596748e+01	1.080945e-03
-6.586748e+01	1.084034e-03
-6.576748e+01	1.087135e-03
-6.566748e+01	1.090250e-03
-6.556748e+01	1.093379e-03
-6.546748e+01	1.096521e-03
-6.536748e+01	1.099677e-03
-6.526748e+01	1.102846e-03
-6.516748e+01	1.106029e-03
-6.506748e+01	1.109226e-03
-6.496748e+01	1.112437e-03
-6.486748e+01	1.115662e-03
-6.476748e+01	1.118901e-03
-6.466748e+01	1.122155e-03
-6.456748e+01	1.125422e-03
-6.446748e+01	1.128704e-03
-6.436748e+01	1.132000e-03
-6.426748e+01	1.135311e-03
-6.416748e+01	1.138637e-03
-6.406748e+01	1.141977e-03
-6.396748e+01	1.145332e-03
-6.386748e+01	1.148702e-03
-6.376748e+01	1.152086e-03
-6.366748e+01	1.155486e-03
-6.356748e+01	1.158901e-03
-6.346748e+01	1.162331e-03
-6.336748e+01	1.165777e-03
-6.326748e+01	1.169237e-03
-6.316748e+01	1.172714e-03
-6.306748e+01	1.176206e-03
-6.296748e+01	1.179713e-03
-6.286748e+01	1.183237e-03
-6.276748e+01	1.186776e-03
-6.266748e+01	1.190331e-03
-6.256748e+01	1.193903e-03
-6.246748e+01	1.197490e-03
-6.236748e+01	1.201094e-03
-6.226748e+01	1.204714e-03
-6.216748e+01	1.208351e-03
-6.206748e+01	1.212004e-03
-6.196748e+01	1.215674e-03
-6.186748e+01	1.219360e-03
-6.176748e+01	1.223064e-03
-6.166748e+01	1.226784e-03
-6.156748e+01	1.230521e-03
-6.146748e+01	1.234276e-03
-6.136748e+01	1.238048e-03
-6.126748e+01	1.241837e-03
-6.116748e+01	1.245644e-03
-6.106748e+01	1.249469e-03
-6.096748e+01	1.253311e-03
-6.086748e+01	1.257171e-03
-6.076748e+01	1.261049e-03
-6.066748e+01	1.264945e-03
-6.056748e+01	1.268859e-03
-6.046748e+01	1.272791e-03
-6.036748e+01	1.276742e-03
-6.026748e+01	1.280711e-03
-6.016748e+01	1.284699e-03
-6.006748e+01	1.288706e-03
-5.996748e+01	1.292732e-03
-5.986748e+01	1.296776e-03
-5.976748e+01	1.300840e-03
-5.966748e+01	1.304923e-03
-5.956748e+01	1.309025e-03
-5.946748e+01	1.313147e-03
-5.936748e+01	1.317288e-03
-5.926748e+01	1.321449e-03
-5.916748e+01	1.325630e-03
-5.906748e+01	1.329830e-03
-5.896748e+01	1.334051e-03
-5.886748e+01	1.338292e-03
-5.876748e+01	1.342554e-03
-5.866748e+01	1.346836e-03
-5.856748e+01	1.351138e-03
-5.846748e+01	1.355462e-03
-5.836748e+01	1.359806e-03
-5.826748e+01	1.364171e-03
-5.816748e+01	1.368557e-03
-5.806748e+01	1.372965e-03
-5.796748e+01	1.377394e-03
-5.786748e+01	1.381845e-03
-5.776748e+01	1.386317e-03
-5.766748e+01	1.390811e-03
-5.756748e+01	1.395327e-03
-5.746748e+01	1.399866e-03
-5.736748e+01	1.404426e-03
-5.726748e+01	1.409010e-03
-5.716748e+01	1.413615e-03
-5.706748e+01	1.418244e-03
-5.696748e+01	1.422895e-03
-5.686748e+01	1.427569e-03
-5.676748e+01	1.432267e-03
-5.666748e+01	1.436988e-03
-5.656748e+01	1.441732e-03
-5.646748e+01	1.446500e-03
-5.636748e+01	1.451292e-03
-5.626748e+01	1.456108e-03
-5.616748e+01	1.460948e-03
-5.606748e+01	1.465812e-03
-5.596748e+01	1.470701e-03
-5.586748e+01	1.475614e-03
-5.576748e+01	1.480552e-03
-5.566748e+01	1.485515e-03
-5.556748e+01	1.490503e-03
-5.546748e+01	1.495517e-03
-5.536748e+01	1.500556e-03
-5.526748e+01	1.505620e-03
-5.516748e+01	1.510711e-03
-5.506748e+01	1.515827e-03
-5.496748e+01	1.520970e-03
-5.486748e+01	1.526139e-03
-5.476748e+01	1.531335e-03
-5.466748e+01	1.536557e-03
-5.456748e+01	1.541806e-03
-5.446748e+01	1.547082e-03
-5.436748e+01	1.552386e-03
-5.426748e+01	1.557717e-03
-5.416748e+01	1.563076e-03
-5.406748e+01	1.568462e-03
-5.396748e+01	1.573877e-03
-5.386748e+01	1.579320e-03
-5.376748e+01	1.584791e-03
-5.366748e+01	1.590291e-03
-5.356748e+01	1.595820e-03
-5.346748e+01	1.601377e-03
-5.336748e+01	1.606964e-03
-5.326748e+01	1.612581e-03
-5.316748e+01	1.618227e-03
-5.306748e+01	1.623903e-03
-5.296748e+01	1.629609e-03
-5.286748e+01	1.635346e-03
-5.276748e+01	1.641113e-03
-5.266748e+01	1.646911e-03
-5.256748e+01	1.652739e-03
-5.246748e+01	1.658599e-03
-5.236748e+01	1.664491e-03
-5.226748e+01	1.670414e-03
-5.216748e+01	1.676368e-03
-5.206748e+01	1.682355e-03
-5.196748e+01	1.688374e-03
-5.186748e+01	1.694426e-03
-5.176748e+01	1.700511e-03
-5.166748e+01	1.706628e-03
-5.156748e+01	1.712779e-03
-5.146748e+01	1.718964e-03
-5.136748e+01	1.725182e-03
-5.126748e+01	1.731434e-03
-5.116748e+01	1.737721e-03
-5.106748e+01	1.744042e-03
-5.096748e+01	1.750397e-03
-5.086748e+01	1.756788e-03
-5.076748e+01	1.763214e-03
-5.066748e+01	1.769676e-03
-5.056748e+01	1.776173e-03
-5.046748e+01	1.782707e-03
-5.036748e+01	1.789277e-03
-5.026748e+01	1.795883e-03
-5.016748e+01	1.802526e-03
-5.006748e+01	1.809207e-03
-4.996748e+01	1.815925e-03
-4.986748e+01	1.822681e-03
-4.976748e+01	1.829474e-03
-4.966748e+01	1.836307e-03
-4.956748e+01	1.843177e-03
-4.946748e+01	1.850087e-03
-4.936748e+01	1.857036e-03
-4.926748e+01	1.864024e-03
-4.916748e+01	1.871052e-03
-4.906748e+01	1.878120e-03
-4.896748e+01	1.885228e-03
-4.886748e+01	1.892378e-03
-4.876748e+01	1.899568e-03
-4.866748e+01	1.906800e-03
-4.856748e+01	1.914073e-03
-4.846748e+01	1.921388e-03
-4.836748e+01	1.928746e-03
-4.826748e+01	1.936146e-03
-4.816748e+01	1.943589e-03
-4.806748e+01	1.951076e-03
-4.796748e+01	1.958606e-03
-4.786748e+01	1.966180e-03
-4.776748e+01	1.973799e-03
-4.766748e+01	1.981462e-03
-4.756748e+01	1.989170e-03
-4.746748e+01	1.996924e-03
-4.736748e+01	2.004723e-03
-4.726748e+01	2.012568e-03
-4.716748e+01	2.020460e-03
-4.706748e+01	2.028399e-03
-4.696748e+01	2.036385e-03
-4.686748e+01	2.044419e-03
-4.676748e+01	2.052501e-03
-4.666748e+01	2.060631e-03
-4.656748e+01	2.068810e-03
-4.646748e+01	2.077038e-03
-4.636748e+01	2.085315e-03
-4.626748e+01	2.093643e-03
-4.616748e+01	2.102021e-03
-4.606748e+01	2.110449e-03
-4.596748e+01	2.118929e-03
-4.586748e+01	2.127461e-03
-4.576748e+01	2.136044e-03
-4.566748e+01	2.144680e-03
-4.556748e+01	2.153369e-03
-4.546748e+01	2.162111e-03
-4.536748e+01	2.170907e-03
-4.526748e+01	2.179758e-03
-4.516748e+01	2.188662e-03
-4.506748e+01	2.197623e-03
-4.496748e+01	2.206638e-03
-4.486748e+01	2.215710e-03
-4.476748e+01	2.224838e-03
-4.466748e+01	2.234023e-03
-4.456748e+01	2.243266e-03
-4.446748e+01	2.252566e-03
-4.436748e+01	2.261925e-03
-4.426748e+01	2.271343e-03
-4.416748e+01	2.280821e-03
-4.406748e+01	2.290358e-03
-4.396748e+01	2.299956e-03
-4.386748e+01	2.309615e-03
-4.376748e+01	2.319335e-03
-4.366748e+01	2.329117e-03
-4.356748e+01	2.338962e-03
-4.346748e+01	2.348870e-03
-4.336748e+01	2.358842e-03
-4.326748e+01	2.368878e-03
-4.316748e+01	2.378978e-03
-4.306748e+01	2.389144e-03
-4.296748e+01	2.399376e-03
-4.286748e+01	2.409674e-03
-4.276748e+01	2.420040e-03
-4.266748e+01	2.430473e-03
-4.256748e+01	2.440974e-03
-4.246748e+01	2.451544e-03
-4.236748e+01	2.462183e-03
-4.226748e+01	2.472893e-03
-4.216748e+01	2.483673e-03
-4.206748e+01	2.494524e-03
-4.196748e+01	2.505448e-03
-4.186748e+01	2.516444e-03
-4.176748e+01	2.527513e-03
-4.166748e+01	2.538656e-03
-4.156748e+01	2.549874e-03
-4.146748e+01	2.561167e-03
-4.136748e+01	2.572536e-03
-4.126748e+01	2.583981e-03
-4.116748e+01	2.595504e-03
-4.106748e+01	2.607105e-03
-4.096748e+01	2.618784e-03
-4.086748e+01	2.630543e-03
-4.076748e+01	2.642382e-03
-4.066748e+01	2.654302e-03
-4.056748e+01	2.666304e-03
-4.046748e+01	2.678388e-03
-4.036748e+01	2.690555e-03
-4.026748e+01	2.702806e-03
-4.016748e+01	2.715142e-03
-4.006748e+01	2.727564e-03
-3.996748e+01	2.740072e-03
-3.986748e+01	2.752667e-03
-3.976748e+01	2.765349e-03
-3.966748e+01	2.778121e-03
-3.956748e+01	2.790982e-03
-3.946748e+01	2.803934e-03
-3.936748e+01	2.816977e-03
-3.926748e+01	2.830113e-03
-3.916748e+01	2.843341e-03
-3.906748e+01	2.856663e-03
-3.896748e+01	2.870081e-03
-3.886748e+01	2.883594e-03
-3.876748e+01	2.897204e-03
-3.866748e+01	2.910911e-03
-3.856748e+01	2.924717e-03
-3.846748e+01	2.938623e-03
-3.836748e+01	2.952629e-03
-3.826748e+01	2.966736e-03
-3.816748e+01	2.980947e-03
-3.806748e+01	2.995260e-03
-3.796748e+01	3.009678e-03
-3.786748e+01	3.024202e-03
-3.776748e+01	3.038833e-03
-3.766748e+01	3.053571e-03
-3.756748e+01	3.068418e-03
-3.746748e+01	3.083374e-03
-3.736748e+01	3.098442e-03
-3.726748e+01	3.113622e-03
-3.716748e+01	3.128914e-03
-3.706748e+01	3.144322e-03
-3.696748e+01	3.159844e-03
-3.686748e+01	3.175483e-03
-3.676748e+01	3.191241e-03
-3.666748e+01	3.207117e-03
-3.656748e+01	3.223113e-03
-3.646748e+01	3.239231e-03
-3.636748e+01	3.255472e-03
-3.626748e+01	3.271836e-03
-3.616748e+01	3.288326e-03
-3.606748e+01	3.304943e-03
-3.596748e+01	3.321687e-03
-3.586748e+01	3.338561e-03
-3.576748e+01	3.355565e-03
-3.566748e+01	3.372701e-03
-3.556748e+01	3.389971e-03
-3.546748e+01	3.407375e-03
-3.536748e+01	3.424916e-03
-3.526748e+01	3.442594e-03
-3.516748e+01	3.460411e-03
-3.506748e+01	3.478369e-03
-3.496748e+01	3.496469e-03
-3.486748e+01	3.514712e-03
-3.476748e+01	3.533101e-03
-3.466748e+01	3.551636e-03
-3.456748e+01	3.570320e-03
-3.446748e+01	3.589153e-03
-3.436748e+01	3.608139e-03
-3.426748e+01	3.627277e-03
-3.416748e+01	3.646570e-03
-3.406748e+01	3.666020e-03
-3.396748e+01	3.685628e-03
-3.386748e+01	3.705396e-03
-3.376748e+01	3.725326e-03
-3.366748e+01	3.745419e-03
-3.356748e+01	3.765679e-03
-3.346748e+01	3.786105e-03
-3.336748e+01	3.806700e-03
-3.326748e+01	3.827467e-03
-3.316748e+01	3.848407e-03
-3.306748e+01	3.869521e-03
-3.296748e+01	3.890813e-03
-3.286748e+01	3.912283e-03
-3.276748e+01	3.933935e-03
-3.266748e+01	3.955769e-03
-3.256748e+01	3.977789e-03
-3.246748e+01	3.999997e-03
-3.236748e+01	4.022393e-03
-3.226748e+01	4.044982e-03
-3.216748e+01	4.067764e-03
-3.206748e+01	4.090743e-03
-3.196748e+01	4.113920e-03
-3.186748e+01	4.137297e-03
-3.176748e+01	4.160879e-03
-3.166748e+01	4.184665e-03
-3.156748e+01	4.208660e-03
-3.146748e+01	4.232865e-03
-3.136748e+01	4.257284e-03
-3.126748e+01	4.281918e-03
-3.116748e+01	4.306770e-03
-3.106748e+01	4.331843e-03
-3.096748e+01	4.357139e-03
-3.086748e+01	4.382662e-03
-3.076748e+01	4.408414e-03
-3.066748e+01	4.434397e-03
-3.056748e+01	4.460615e-03
-3.046748e+01	4.487071e-03
-3.036748e+01	4.513767e-03
-3.026748e+01	4.540706e-03
-3.016748e+01	4.567892e-03
-3.006748e+01	4.595328e-03
-2.996748e+01	4.623016e-03
-2.986748e+01	4.650960e-03
-2.976748e+01	4.679163e-03
-2.966748e+01	4.707628e-03
-2.956748e+01	4.736359e-03
-2.946748e+01	4.765359e-03
-2.936748e+01	4.794632e-03
-2.926748e+01	4.824180e-03
-2.916748e+01	4.854008e-03
-2.906748e+01	4.884120e-03
-2.896748e+01	4.914518e-03
-2.886748e+01	4.945206e-03
-2.876748e+01	4.976190e-03
-2.866748e+01	5.007471e-03
-2.856748e+01	5.039054e-03
-2.846748e+01	5.070944e-03
-2.836748e+01	5.103144e-03
-2.826748e+01	5.135658e-03
-2.816748e+01	5.168491e-03
-2.806748e+01	5.201647e-03
-2.796748e+01	5.235130e-03
-2.786748e+01	5.268944e-03
-2.776748e+01	5.303095e-03
-2.766748e+01	5.337586e-03
-2.756748e+01	5.372422e-03
-2.746748e+01	5.407609e-03
-2.736748e+01	5.443151e-03
-2.726748e+01	5.479052e-03
-2.716748e+01	5.515318e-03
-2.706748e+01	5.551955e-03
-2.696748e+01	5.588966e-03
-2.686748e+01	5.626357e-03
-2.676748e+01	5.664135e-03
-2.666748e+01	5.702303e-03
-2.656748e+01	5.740869e-03
-2.646748e+01	5.779836e-03
-2.636748e+01	5.819212e-03
-2.626748e+01	5.859002e-03
-2.616748e+01	5.899213e-03
-2.606748e+01	5.939849e-03
-2.596748e+01	5.980918e-03
-2.586748e+01	6.022425e-03
-2.576748e+01	6.064378e-03
-2.566748e+01	6.106782e-03
-2.556748e+01	6.149645e-03
-2.546748e+01	6.192973e-03
-2.536748e+01	6.236773e-03
-2.526748e+01	6.281053e-03
-2.516748e+01	6.325819e-03
-2.506748e+01	6.371080e-03
-2.496748e+01	6.416841e-03
-2.486748e+01	6.463112e-03
-2.476748e+01	6.509900e-03
-2.466748e+01	6.557213e-03
-2.456748e+01	6.605059e-03
-2.446748e+01	6.653446e-03
-2.436748e+01	6.702384e-03
-2.426748e+01	6.751879e-03
-2.416748e+01	6.801942e-03
-2.406748e+01	6.852582e-03
-2.396748e+01	6.903807e-03
-2.386748e+01	6.955627e-03
-2.376748e+01	7.008051e-03
-2.366748e+01	7.061090e-03
-2.356748e+01	7.114753e-03
-2.346748e+01	7.169050e-03
-2.336748e+01	7.223992e-03
-2.326748e+01	7.279590e-03
-2.316748e+01	7.335854e-03
-2.306748e+01	7.392795e-03
-2.296748e+01	7.450426e-03
-2.286748e+01	7.508756e-03
-2.276748e+01	7.567799e-03
-2.266748e+01	7.627566e-03
-2.256748e+01	7.688070e-03
-2.246748e+01	7.749323e-03
-2.236748e+01	7.811338e-03
-2.226748e+01	7.874129e-03
-2.216748e+01	7.937709e-03
-2.206748e+01	8.002092e-03
-2.196748e+01	8.067292e-03
-2.186748e+01	8.133323e-03
-2.176748e+01	8.200201e-03
-2.166748e+01	8.267940e-03
-2.156748e+01	8.336556e-03
-2.146748e+01	8.406066e-03
-2.136748e+01	8.476484e-03
-2.126748e+01	8.547828e-03
-2.116748e+01	8.620116e-03
-2.106748e+01	8.693363e-03
-2.096748e+01	8.767590e-03
-2.086748e+01	8.842812e-03
-2.076748e+01	8.919051e-03
-2.066748e+01	8.996324e-03
-2.056748e+01	9.074652e-03
-2.046748e+01	9.154055e-03
-2.036748e+01	9.234554e-03
-2.026748e+01	9.316169e-03
-2.016748e+01	9.398924e-03
-2.006748e+01	9.482840e-03
-1.996748e+01	9.567940e-03
-1.986748e+01	9.654248e-03
-1.976748e+01	9.741789e-03
-1.966748e+01	9.830587e-03
-1.956748e+01	9.920668e-03
-1.946748e+01	1.001206e-02
-1.936748e+01	1.010478e-02
-1.926748e+01	1.019887e-02
-1.916748e+01	1.029436e-02
-1.906748e+01	1.039126e-02
-1.896748e+01	1.048962e-02
-1.886748e+01	1.058946e-02
-1.876748e+01	1.069081e-02
-1.866748e+01	1.079372e-02
-1.856748e+01	1.089820e-02
-1.846748e+01	1.100430e-02
-1.836748e+01	1.111205e-02
-1.826748e+01	1.122150e-02
-1.816748e+01	1.133267e-02
-1.806748e+01	1.144560e-02
-1.796748e+01	1.156035e-02
-1.786748e+01	1.167694e-02
-1.776748e+01	1.179542e-02
-1.766748e+01	1.191584e-02
-1.756748e+01	1.203824e-02
-1.746748e+01	1.216268e-02
-1.736748e+01	1.228918e-02
-1.726748e+01	1.241782e-02
-1.716748e+01	1.254864e-02
-1.706748e+01	1.268169e-02
-1.696748e+01	1.281703e-02
-1.686748e+01	1.295472e-02
-1.676748e+01	1.309482e-02
-1.666748e+01	1.323738e-02
-1.656748e+01	1.338248e-02
-1.646748e+01	1.353017e-02
-1.636748e+01	1.368054e-02
-1.626748e+01	1.383364e-02
-1.616748e+01	1.398955e-02
-1.606748e+01	1.414835e-02
-1.596748e+01	1.431012e-02
-1.586748e+01	1.447494e-02
-1.576748e+01	1.464290e-02
-1.566748e+01	1.481408e-02
-1.556748e+01	1.498858e-02
-1.546748e+01	1.516649e-02
-1.536748e+01	1.534792e-02
-1.526748e+01	1.553296e-02
-1.516748e+01	1.572174e-02
-1.506748e+01	1.591435e-02
-1.496748e+01	1.611093e-02
-1.486748e+01	1.631159e-02
-1.476748e+01	1.651646e-02
-1.466748e+01	1.672568e-02
-1.456748e+01	1.693940e-02
-1.446748e+01	1.715775e-02
-1.436748e+01	1.738089e-02
-1.426748e+01	1.760899e-02
-1.416748e+01	1.784222e-02
-1.406748e+01	1.808075e-02
-1.396748e+01	1.832478e-02
-1.386748e+01	1.857450e-02
-1.376748e+01	1.883013e-02
-1.366748e+01	1.909188e-02
-1.356748e+01	1.935998e-02
-1.346748e+01	1.963468e-02
-1.336748e+01	1.991624e-02
-1.326748e+01	2.020494e-02
-1.316748e+01	2.050106e-02
-1.306748e+01	2.080491e-02
-1.296748e+01	2.111683e-02
-1.286748e+01	2.143715e-02
-1.276748e+01	2.176625e-02
-1.266748e+01	2.210454e-02
-1.256748e+01	2.245242e-02
-1.246748e+01	2.281035e-02
-1.236748e+01	2.317881e-02
-1.226748e+01	2.355833e-02
-1.216748e+01	2.394947e-02
-1.206748e+01	2.435282e-02
-1.196748e+01	2.476903e-02
-1.186748e+01	2.519881e-02
-1.176748e+01	2.564291e-02
-1.166748e+01	2.610216e-02
-1.156748e+01	2.657746e-02
-1.146748e+01	2.706979e-02
-1.136748e+01	2.758021e-02
-1.126748e+01	2.810990e-02
-1.116748e+01	2.866014e-02
-1.106748e+01	2.923235e-02
-1.096748e+01	2.982810e-02
-1.086748e+01	3.044914e-02
-1.076748e+01	3.109739e-02
-1.066748e+01	3.177501e-02
-1.056748e+01	3.248442e-02
-1.046748e+01	3.322834e-02
-1.036748e+01	3.400982e-02
-1.026748e+01	3.483236e-02
-1.016748e+01	3.569989e-02
-1.006748e+01	3.661696e-02
-9.967479e+00	3.758874e-02
-9.867479e+00	3.862124e-02
-9.767479e+00	3.972144e-02
-9.667479e+00	4.089747e-02
-9.567479e+00	4.215889e-02
-9.467479e+00	4.351703e-02
-9.367479e+00	4.498534e-02
-9.267479e+00	4.658000e-02
-9.167479e+00	4.832054e-02
-9.067479e+00	5.023079e-02
-8.967479e+00	5.234007e-02
-8.867479e+00	5.468482e-02
-8.767479e+00	5.731081e-02
-8.667479e+00	6.027616e-02
-8.567479e+00	6.365565e-02
-8.467479e+00	6.754682e-02
-8.367479e+00	7.207876e-02
-8.267479e+00	7.742525e-02
-8.167479e+00	8.382456e-02
-8.067479e+00	9.161003e-02
-7.967479e+00	1.012589e-01
-7.867479e+00	1.134718e-01
-7.767479e+00	1.293073e-01
-7.667479e+00	1.504159e-01
-7.567479e+00	1.794609e-01
-7.467479e+00	2.208951e-01
-7.367479e+00	2.824048e-01
-7.267479e+00	3.774272e-01
-7.167479e+00	5.281842e-01
-7.067479e+00	7.605219e-01
-6.967479e+00	1.049421e+00
-6.867479e+00	1.198505e+00
-6.767479e+00	1.033664e+00
-6.667479e+00	7.481003e-01
-6.567479e+00	5.252991e-01
-6.467479e+00	3.827974e-01
-6.367479e+00	2.942161e-01
-6.267479e+00	2.380097e-01
-6.167479e+00	2.012691e-01
-6.067479e+00	1.766218e-01
-5.967479e+00	1.597976e-01
-5.867479e+00	1.482467e-01
-5.767479e+00	1.403969e-01
-5.667479e+00	1.352501e-01
-5.567479e+00	1.321540e-01
-5.467479e+00	1.306673e-01
-5.367479e+00	1.305044e-01
-5.267479e+00	1.314980e-01
-5.167479e+00	1.335260e-01
-5.067479e+00	1.364989e-01
-4.967479e+00	1.404261e-01
-4.867479e+00	1.453860e-01
-4.767479e+00	1.514793e-01
-4.667479e+00	1.588549e-01
-4.567479e+00	1.677399e-01
-4.467479e+00	1.784725e-01
-4.367479e+00	1.915602e-01
-4.267479e+00	2.077781e-01
-4.167479e+00	2.283058e-01
-4.067479e+00	2.547884e-01
-3.967479e+00	2.886572e-01
-3.867479e+00	3.292924e-01
-3.767479e+00	3.778070e-01
-3.667479e+00	4.453728e-01
-3.567479e+00	5.487995e-01
-3.467479e+00	7.074264e-01
-3.367479e+00	9.299422e-01
-3.267479e+00	1.165994e+00
-3.167479e+00	1.337647e+00
-3.067479e+00	1.452757e+00
-2.967479e+00	1.488653e+00
-2.867479e+00	1.426744e+00
-2.767479e+00	1.315567e+00
-2.667479e+00	1.185222e+00
-2.567479e+00	1.081355e+00
-2.467479e+00	1.031722e+00
-2.367479e+00	1.047345e+00
-2.267479e+00	1.157383e+00
-2.167479e+00	1.368385e+00
-2.067479e+00	1.631644e+00
-1.967479e+00	1.857130e+00
-1.867479e+00	1.924782e+00
-1.767479e+00	1.796913e+00
-1.667479e+00	1.624109e+00
-1.567479e+00	1.571668e+00
-1.467479e+00	1.694262e+00
-1.367479e+00	2.020783e+00
-1.267479e+00	2.574874e+00
-1.167479e+00	3.215979e+00
-1.067479e+00	3.492513e+00
-9.674791e-01	3.346353e+00
-8.674791e-01	3.302569e+00
-7.674791e-01	3.569896e+00
-6.674791e-01	3.853377e+00
-5.674791e-01	3.812929e+00
-4.674791e-01	3.705141e+00
-3.674791e-01	3.767480e+00
-2.674791e-01	4.029910e+00
-1.674791e-01	4.684758e+00
-6.747911e-02	6.004029e+00
3.252089e-02	8.312670e+00
1.325209e-01	1.180146e+01
2.325209e-01	1.531828e+01
3.325209e-01	1.572996e+01
4.325209e-01	1.299993e+01
5.325209e-01	1.017416e+01
6.325209e-01	7.935739e+00
7.325209e-01	5.885093e+00
8.325209e-01	4.250992e+00
9.325209e-01	3.133071e+00
1.032521e+00	2.394944e+00
1.132521e+00	1.898158e+00
1.232521e+00	1.553079e+00
1.332521e+00	1.306295e+00
1.432521e+00	1.125803e+00
1.532521e+00	9.915121e-01
1.632521e+00	8.898334e-01
1.732521e+00	8.126707e-01
1.832521e+00	7.564020e-01
1.932521e+00	7.191097e-01
2.032521e+00	7.004509e-01
2.132521e+00	7.025068e-01
2.232521e+00	7.304644e-01
2.332521e+00	7.918783e-01
2.432521e+00	8.944953e-01
2.532521e+00	1.051944e+00
2.632521e+00	1.252497e+00
2.732521e+00	1.353085e+00
2.832521e+00	1.226656e+00
2.932521e+00	1.020826e+00
3.032521e+00	8.721351e-01
3.132521e+00	7.935963e-01
3.232521e+00	7.645646e-01
3.332521e+00	7.663568e-01
3.432521e+00	7.934274e-01
3.532521e+00	8.484061e-01
3.632521e+00	9.330224e-01
3.732521e+00	1.063846e+00
3.832521e+00	1.274225e+00
3.932521e+00	1.614064e+00
4.032521e+00	2.163302e+00
4.132521e+00	3.013311e+00
4.232521e+00	4.061806e+00
4.332521e+00	4.581103e+00
4.432521e+00	3.970401e+00
4.532521e+00	2.952386e+00
4.632521e+00	2.172259e+00
4.732521e+00	1.684035e+00
4.832521e+00	1.392155e+00
4.932521e+00	1.220153e+00
5.032521e+00	1.122697e+00
5.132521e+00	1.074349e+00
5.232521e+00	1.060927e+00
5.332521e+00	1.074639e+00
5.432521e+00	1.111529e+00
5.532521e+00	1.170147e+00
5.632521e+00	1.250902e+00
5.732521e+00	1.355828e+00
5.832521e+00	1.488618e+00
5.932521e+00	1.654922e+00
6.032521e+00	1.862922e+00
6.132521e+00	2.124307e+00
6.232521e+00	2.455860e+00
6.332521e+00	2.882026e+00
6.432521e+00	3.439195e+00
6.532521e+00	4.182995e+00
6.632521e+00	5.201129e+00
6.732521e+00	6.636658e+00
6.832521e+00	8.731203e+00
6.932521e+00	1.190466e+01
7.032521e+00	1.688804e+01
7.132521e+00	2.483730e+01
7.232521e+00	3.675287e+01
7.332521e+00	4.976945e+01
7.432521e+00	5.281597e+01
7.532521e+00	4.212924e+01
7.632521e+00	2.899109e+01
7.732521e+00	1.953643e+01
7.832521e+00	1.355206e+01
7.932521e+00	9.778088e+00
8.032521e+00	7.321326e+00
8.132521e+00	5.659356e+00
8.232521e+00	4.493294e+00
8.332521e+00	3.648320e+00
8.432521e+00	3.018659e+00
8.532521e+00	2.538013e+00
8.632521e+00	2.163426e+00
8.732521e+00	1.866212e+00
8.832521e+00	1.626702e+00
8.932521e+00	1.431089e+00
9.032521e+00	1.269494e+00
9.132521e+00	1.134714e+00
9.232521e+00	1.021297e+00
9.332521e+00	9.247069e-01
9.432521e+00	8.414111e-01
9.532521e+00	7.695133e-01
9.632521e+00	7.076965e-01
9.732521e+00	6.547111e-01
9.832521e+00	6.096374e-01
9.932521e+00	5.720466e-01
1.003252e+01	5.421521e-01
1.013252e+01	5.210970e-01
1.023252e+01	5.113180e-01
1.033252e+01	5.158669e-01
1.043252e+01	5.316962e-01
1.053252e+01	5.368264e-01
1.063252e+01	5.170045e-01
1.073252e+01	4.969450e-01
1.083252e+01	4.823583e-01
1.093252e+01	4.461385e-01
1.103252e+01	3.906670e-01
1.113252e+01	3.412299e-01
1.123252e+01	3.048005e-01
1.133252e+01	2.783936e-01
1.143252e+01	2.584816e-01
1.153252e+01	2.421483e-01
1.163252e+01	2.274934e-01
1.173252e+01	2.144669e-01
1.183252e+01	2.032770e-01
1.193252e+01	1.937443e-01
1.203252e+01	1.856523e-01
1.213252e+01	1.787711e-01
1.223252e+01	1.728303e-01
1.233252e+01	1.675050e-01
1.243252e+01	1.615997e-01
1.253252e+01	1.545637e-01
1.263252e+01	1.476752e-01
1.273252e+01	1.416517e-01
1.283252e+01	1.364253e-01
1.293252e+01	1.318302e-01
1.303252e+01	1.274584e-01
1.313252e+01	1.227625e-01
1.323252e+01	1.180966e-01
1.333252e+01	1.139368e-01
1.343252e+01	1.102822e-01
1.353252e+01	1.068973e-01
1.363252e+01	1.035823e-01
1.373252e+01	1.003665e-01
1.383252e+01	9.740870e-02
1.393252e+01	9.477622e-02
1.403252e+01	9.243180e-02
1.413252e+01	9.025892e-02
1.423252e+01	8.822405e-02
1.433252e+01	8.647426e-02
1.443252e+01	8.512249e-02
1.453252e+01	8.426966e-02
1.463252e+01	8.418652e-02
1.473252e+01	8.524316e-02
1.483252e+01	8.752805e-02
1.493252e+01	9.022628e-02
1.503252e+01	9.116728e-02
1.513252e+01	8.908925e-02
1.523252e+01	8.716522e-02
1.533252e+01	8.814581e-02
1.543252e+01	9.111937e-02
1.553252e+01	9.083530e-02
1.563252e+01	8.468942e-02
1.573252e+01	7.749211e-02
1.583252e+01	7.213383e-02
1.593252e+01	6.870651e-02
1.603252e+01	6.692100e-02
1.613252e+01	6.583156e-02
1.623252e+01	6.378747e-02
1.633252e+01	6.081535e-02
1.643252e+01	5.820172e-02
1.653252e+01	5.637002e-02
1.663252e+01	5.525692e-02
1.673252e+01	5.482645e-02
1.683252e+01	5.517677e-02
1.693252e+01	5.643566e-02
1.703252e+01	5.819378e-02
1.713252e+01	5.902556e-02
1.723252e+01	5.851975e-02
1.733252e+01	5.751929e-02
1.743252e+01	5.685823e-02
1.753252e+01	5.740054e-02
1.763252e+01	5.903853e-02
1.773252e+01	6.127632e-02
1.783252e+01	6.317828e-02
1.793252e+01	6.367722e-02
1.803252e+01	6.374840e-02
1.813252e+01	6.426616e-02
1.823252e+01	6.489195e-02
1.833252e+01	6.691920e-02
1.843252e+01	7.154922e-02
1.853252e+01	7.778894e-02
1.863252e+01	8.407767e-02
1.873252e+01	9.390222e-02
1.883252e+01	1.084881e-01
1.893252e+01	1.155027e-01
1.903252e+01	1.032070e-01
1.913252e+01	8.383608e-02
1.923252e+01	6.915926e-02
1.933252e+01	6.036300e-02
1.943252e+01	5.575987e-02
1.953252e+01	5.323736e-02
1.963252e+01	5.153690e-02
1.973252e+01	5.042107e-02
1.983252e+01	4.927282e-02
1.993252e+01	4.761468e-02
2.003252e+01	4.515838e-02
2.013252e+01	4.265503e-02
2.023252e+01	3.991940e-02
2.033252e+01	3.699690e-02
2.043252e+01	3.453876e-02
2.053252e+01	3.266907e-02
2.063252e+01	3.137194e-02
2.073252e+01	3.058809e-02
2.083252e+01	3.025552e-02
2.093252e+01	3.035837e-02
2.103252e+01	3.101631e-02
2.113252e+01	3.245956e-02
2.123252e+01	3.445549e-02
2.133252e+01	3.547886e-02
2.143252e+01	3.428312e-02
2.153252e+01	3.204734e-02
2.163252e+01	3.027369e-02
2.173252e+01	2.942091e-02
2.183252e+01	2.933263e-02
2.193252e+01	2.971118e-02
2.203252e+01	3.069440e-02
2.213252e+01	3.269775e-02
2.223252e+01	3.509957e-02
2.233252e+01	3.566206e-02
2.243252e+01	3.328358e-02
2.253252e+01	2.972580e-02
2.263252e+01	2.687080e-02
2.273252e+01	2.499522e-02
2.283252e+01	2.375149e-02
2.293252e+01	2.287029e-02
2.303252e+01	2.219798e-02
2.313252e+01	2.170062e-02
2.323252e+01	2.135630e-02
2.333252e+01	2.103186e-02
2.343252e+01	2.072897e-02
2.353252e+01	2.059131e-02
2.363252e+01	2.068327e-02
2.373252e+01	2.090755e-02
2.383252e+01	2.096369e-02
2.393252e+01	2.080979e-02
2.403252e+01	2.079018e-02
2.413252e+01	2.116682e-02
2.423252e+01	2.206526e-02
2.433252e+01	2.332748e-02
2.443252e+01	2.410704e-02
2.453252e+01	2.373519e-02
2.463252e+01	2.274880e-02
2.473252e+01	2.177161e-02
2.483252e+01	2.109578e-02
2.493252e+01	2.084377e-02
2.503252e+01	2.096438e-02
2.513252e+01	2.115252e-02
2.523252e+01	2.122121e-02
2.533252e+01	2.151464e-02
2.543252e+01	2.215290e-02
2.553252e+01	2.264609e-02
2.563252e+01	2.261432e-02
2.573252e+01	2.248722e-02
2.583252e+01	2.280503e-02
2.593252e+01	2.362059e-02
2.603252e+01	2.484111e-02
2.613252e+01	2.659864e-02
2.623252e+01	2.923574e-02
2.633252e+01	3.347495e-02
2.643252e+01	4.013108e-02
2.653252e+01	4.923272e-02
2.663252e+01	5.898902e-02
2.673252e+01	6.861505e-02
2.683252e+01	7.960379e-02
2.693252e+01	9.214893e-02
2.703252e+01	9.917978e-02
2.713252e+01	9.423580e-02
2.723252e+01	8.223626e-02
2.733252e+01	6.805094e-02
2.743252e+01	5.447340e-02
2.753252e+01	4.474861e-02
2.763252e+01	3.917550e-02
2.773252e+01	3.657966e-02
2.783252e+01	3.545406e-02
2.793252e+01	3.449269e-02
2.803252e+01	3.422173e-02
2.813252e+01	3.497098e-02
2.823252e+01	3.557516e-02
2.833252e+01	3.651429e-02
2.843252e+01	3.989933e-02
2.853252e+01	4.664759e-02
2.863252e+01	5.539637e-02
2.873252e+01	6.330705e-02
2.883252e+01	6.514135e-02
2.893252e+01	5.678435e-02
2.903252e+01	4.563634e-02
2.913252e+01	3.788218e-02
2.923252e+01	3.403405e-02
2.933252e+01	3.332864e-02
2.943252e+01	3.512920e-02
2.953252e+01	3.886790e-02
2.963252e+01	4.480446e-02
2.973252e+01	5.200113e-02
2.983252e+01	5.490386e-02
2.993252e+01	5.219871e-02
3.003252e+01	5.008573e-02
3.013252e+01	5.192818e-02
3.023252e+01	5.439295e-02
3.033252e+01	5.105001e-02
3.043252e+01	4.430794e-02
3.053252e+01	3.979081e-02
3.063252e+01	3.734456e-02
3.073252e+01	3.469513e-02
3.083252e+01	3.266065e-02
3.093252e+01	3.270161e-02
3.103252e+01	3.345738e-02
3.113252e+01	3.127022e-02
3.123252e+01	2.649018e-02
3.133252e+01	2.230018e-02
3.143252e+01	1.967214e-02
3.153252e+01	1.838248e-02
3.163252e+01	1.819821e-02
3.173252e+01	1.893707e-02
3.183252e+01	1.983669e-02
3.193252e+01	1.944531e-02
3.203252e+01	1.799502e-02
3.213252e+01	1.691832e-02
3.223252e+01	1.674604e-02
3.233252e+01	1.747363e-02
3.243252e+01	1.910758e-02
3.253252e+01	2.198249e-02
3.263252e+01	2.600144e-02
3.273252e+01	2.898343e-02
3.283252e+01	2.912291e-02
3.293252e+01	2.795638e-02
3.303252e+01	2.526542e-02
3.313252e+01	2.116833e-02
3.323252e+01	1.766339e-02
3.333252e+01	1.543531e-02
3.343252e+01	1.409285e-02
3.353252e+01	1.301575e-02
3.363252e+01	1.190206e-02
3.373252e+01	1.094698e-02
3.383252e+01	1.026884e-02
3.393252e+01	9.831709e-03
3.403252e+01	9.588893e-03
3.413252e+01	9.511062e-03
3.423252e+01	9.535180e-03
3.433252e+01	9.499945e-03
3.443252e+01	9.328550e-03
3.453252e+01	9.180415e-03
3.463252e+01	9.069975e-03
3.473252e+01	8.837521e-03
3.483252e+01	8.534402e-03
3.493252e+01	8.308092e-03
3.503252e+01	8.182896e-03
3.513252e+01	8.121372e-03
3.523252e+01	8.110381e-03
3.533252e+01	8.181937e-03
3.543252e+01	8.382156e-03
3.553252e+01	8.776760e-03
3.563252e+01	9.474851e-03
3.573252e+01	1.060464e-02
3.583252e+01	1.203057e-02
3.593252e+01	1.274380e-02
3.603252e+01	1.188521e-02
3.613252e+01	1.045376e-02
3.623252e+01	9.348391e-03
3.633252e+01	8.643424e-03
3.643252e+01	8.238791e-03
3.653252e+01	8.032827e-03
3.663252e+01	7.905200e-03
3.673252e+01	7.808973e-03
3.683252e+01	7.801815e-03
3.693252e+01	7.890205e-03
3.703252e+01	7.986874e-03
3.713252e+01	8.076250e-03
3.723252e+01	8.274756e-03
3.733252e+01	8.640499e-03
3.743252e+01	9.201826e-03
3.753252e+01	1.005081e-02
3.763252e+01	1.112401e-02
3.773252e+01	1.226385e-02
3.783252e+01	1.384898e-02
3.793252e+01	1.602730e-02
3.803252e+01	1.732027e-02
3.813252e+01	1.620119e-02
3.823252e+01	1.406505e-02
3.833252e+01	1.245302e-02
3.843252e+01	1.139023e-02
3.853252e+01	1.061924e-02
3.863252e+01	1.020163e-02
3.873252e+01	1.017447e-02
3.883252e+01	1.045460e-02
3.893252e+01	1.098466e-02
3.903252e+01	1.171286e-02
3.913252e+01	1.245222e-02
3.923252e+01	1.320354e-02
3.933252e+01	1.359494e-02
3.943252e+01	1.305219e-02
3.953252e+01	1.227283e-02
3.963252e+01	1.191669e-02
3.973252e+01	1.189690e-02
3.983252e+01	1.205396e-02
3.993252e+01	1.244850e-02
4.003252e+01	1.325794e-02
4.013252e+01	1.479348e-02
4.023252e+01	1.755053e-02
4.033252e+01	2.212822e-02
4.043252e+01	2.869438e-02
4.053252e+01	3.498901e-02
4.063252e+01	3.739865e-02
4.073252e+01	3.828270e-02
4.083252e+01	4.086231e-02
4.093252e+01	4.226783e-02
4.103252e+01	3.822347e-02
4.113252e+01	3.101514e-02
4.123252e+01	2.467022e-02
4.133252e+01	2.036584e-02
4.143252e+01	1.753829e-02
4.153252e+01	1.562226e-02
4.163252e+01	1.449941e-02
4.173252e+01	1.394536e-02
4.183252e+01	1.369414e-02
4.193252e+01	1.361108e-02
4.203252e+01	1.401537e-02
4.213252e+01	1.551675e-02
4.223252e+01	1.857402e-02
4.233252e+01	2.289630e-02
4.243252e+01	2.560627e-02
4.253252e+01	2.367466e-02
4.263252e+01	1.994409e-02
4.273252e+01	1.765926e-02
4.283252e+01	1.689331e-02
4.293252e+01	1.580933e-02
4.303252e+01	1.339214e-02
4.313252e+01	1.088409e-02
4.323252e+01	9.061280e-03
4.333252e+01	7.850864e-03
4.343252e+01	7.040816e-03
4.353252e+01	6.480228e-03
4.363252e+01	6.074158e-03
4.373252e+01	5.764785e-03
4.383252e+01	5.526046e-03
4.393252e+01	5.345032e-03
4.403252e+01	5.212360e-03
4.413252e+01	5.123433e-03
4.423252e+01	5.077527e-03
4.433252e+01	5.069941e-03
4.443252e+01	5.086587e-03
4.453252e+01	5.127981e-03
4.463252e+01	5.179599e-03
4.473252e+01	5.199536e-03
4.483252e+01	5.234223e-03
4.493252e+01	5.329657e-03
4.503252e+01	5.444833e-03
4.513252e+01	5.611631e-03
4.523252e+01	5.971724e-03
4.533252e+01	6.631626e-03
4.543252e+01	7.485825e-03
4.553252e+01	7.885430e-03
4.563252e+01	7.352159e-03
4.573252e+01	6.501447e-03
4.583252e+01	5.820969e-03
4.593252e+01	5.375018e-03
4.603252e+01	5.124342e-03
4.613252e+01	5.017283e-03
4.623252e+01	5.022681e-03
4.633252e+01	5.141951e-03
4.643252e+01	5.408230e-03
4.653252e+01	5.889392e-03
4.663252e+01	6.681457e-03
4.673252e+01	7.768572e-03
4.683252e+01	8.582143e-03
4.693252e+01	8.301818e-03
4.703252e+01	7.403757e-03
4.713252e+01	6.717966e-03
4.723252e+01	6.433087e-03
4.733252e+01	6.508775e-03
4.743252e+01	6.939710e-03
4.753252e+01	7.813276e-03
4.763252e+01	9.327032e-03
4.773252e+01	1.170793e-02
4.783252e+01	1.461649e-02
4.793252e+01	1.615840e-02
4.803252e+01	1.529329e-02
4.813252e+01	1.421194e-02
4.823252e+01	1.448533e-02
4.833252e+01	1.597367e-02
4.843252e+01	1.705746e-02
4.853252e+01	1.556335e-02
4.863252e+01	1.260210e-02
4.873252e+01	1.020005e-02
4.883252e+01	8.551161e-03
4.893252e+01	7.278059e-03
4.903252e+01	6.341497e-03
4.913252e+01	5.748792e-03
4.923252e+01	5.419755e-03
4.933252e+01	5.228644e-03
4.943252e+01	5.071848e-03
4.953252e+01	5.005568e-03
4.963252e+01	5.136081e-03
4.973252e+01	5.495810e-03
4.983252e+01	5.890570e-03
4.993252e+01	5.812295e-03
5.003252e+01	5.229449e-03
5.013252e+01	4.634051e-03
5.023252e+01	4.221513e-03
5.033252e+01	3.963689e-03
5.043252e+01	3.810070e-03
5.053252e+01	3.730917e-03
5.063252e+01	3.715369e-03
5.073252e+01	3.768810e-03
5.083252e+01	3.913499e-03
5.093252e+01	4.184545e-03
5.103252e+01	4.575679e-03
5.113252e+01	4.870582e-03
5.123252e+01	4.757201e-03
5.133252e+01	4.415966e-03
5.143252e+01	4.165743e-03
5.153252e+01	4.099411e-03
5.163252e+01	4.231725e-03
5.173252e+01	4.572438e-03
5.183252e+01	5.023009e-03
5.193252e+01	5.203389e-03
5.203252e+01	4.945740e-03
5.213252e+01	4.651767e-03
5.223252e+01	4.553044e-03
5.233252e+01	4.620261e-03
5.243252e+01	4.731559e-03
5.253252e+01	4.630862e-03
5.263252e+01	4.348684e-03
5.273252e+01	4.122239e-03
5.283252e+01	3.914339e-03
5.293252e+01	3.636421e-03
5.303252e+01	3.379752e-03
5.313252e+01	3.206714e-03
5.323252e+01	3.108401e-03
5.333252e+01	3.053242e-03
5.343252e+01	2.995642e-03
5.353252e+01	2.923287e-03
5.363252e+01	2.864149e-03
5.373252e+01	2.832286e-03
5.383252e+01	2.830061e-03
5.393252e+01	2.859556e-03
5.403252e+01	2.911603e-03
5.413252e+01	2.936730e-03
5.423252e+01	2.892668e-03
5.433252e+01	2.825666e-03
5.443252e+01	2.783390e-03
5.453252e+01	2.770657e-03
5.463252e+01	2.759870e-03
5.473252e+01	2.724341e-03
5.483252e+01	2.679890e-03
5.493252e+01	2.648949e-03
5.503252e+01	2.638232e-03
5.513252e+01	2.647958e-03
5.523252e+01	2.672926e-03
5.533252e+01	2.689046e-03
5.543252e+01	2.672933e-03
5.553252e+01	2.644153e-03
5.563252e+01	2.622511e-03
5.573252e+01	2.612904e-03
5.583252e+01	2.615708e-03
5.593252e+01	2.625080e-03
5.603252e+01	2.637221e-03
5.613252e+01	2.658949e-03
5.623252e+01	2.698455e-03
5.633252e+01	2.763544e-03
5.643252e+01	2.863904e-03
5.653252e+01	3.000775e-03
5.663252e+01	3.138744e-03
5.673252e+01	3.214063e-03
5.683252e+01	3.226325e-03
5.693252e+01	3.210109e-03
5.703252e+01	3.185182e-03
5.713252e+01	3.199932e-03
5.723252e+01	3.282330e-03
5.733252e+01	3.447126e-03
5.743252e+01	3.717267e-03
5.753252e+01	4.112477e-03
5.763252e+01	4.587786e-03
5.773252e+01	5.023126e-03
5.783252e+01	5.418181e-03
5.793252e+01	5.877464e-03
5.803252e+01	6.315114e-03
5.813252e+01	6.540842e-03
5.823252e+01	6.605687e-03
5.833252e+01	6.729846e-03
5.843252e+01	7.076662e-03
5.853252e+01	7.640039e-03
5.863252e+01	8.097049e-03
5.873252e+01	8.253446e-03
5.883252e+01	8.639959e-03
5.893252e+01	9.755078e-03
5.903252e+01	1.191776e-02
5.913252e+01	1.536984e-02
5.923252e+01	1.956891e-02
5.933252e+01	2.274833e-02
5.943252e+01	2.451146e-02
5.953252e+01	2.633831e-02
5.963252e+01	2.924347e-02
5.973252e+01	3.038733e-02
5.983252e+01	2.683764e-02
5.993252e+01	2.129310e-02
6.003252e+01	1.691960e-02
6.013252e+01	1.451524e-02
6.023252e+01	1.324057e-02
6.033252e+01	1.169160e-02
6.043252e+01	9.730214e-03
6.053252e+01	8.129600e-03
6.063252e+01	7.042591e-03
6.073252e+01	6.249786e-03
6.083252e+01	5.581880e-03
6.093252e+01	5.051031e-03
6.103252e+01	4.708090e-03
6.113252e+01	4.543472e-03
6.123252e+01	4.563563e-03
6.133252e+01	4.819958e-03
6.143252e+01	5.394826e-03
6.153252e+01	6.302389e-03
6.163252e+01	7.131293e-03
6.173252e+01	7.069249e-03
6.183252e+01	6.323977e-03
6.193252e+01	5.670902e-03
6.203252e+01	5.130956e-03
6.213252e+01	4.549506e-03
6.223252e+01	4.059988e-03
6.233252e+01	3.746540e-03
6.243252e+01	3.591274e-03
6.253252e+01	3.562662e-03
6.263252e+01	3.648229e-03
6.273252e+01	3.859298e-03
6.283252e+01	4.235393e-03
6.293252e+01	4.857599e-03
6.303252e+01	5.875317e-03
6.313252e+01	7.537296e-03
6.323252e+01	1.011613e-02
6.333252e+01	1.324030e-02
6.343252e+01	1.462564e-02
