#RPA-results:
#Nucleus: Ni 80
#Fermi level: -1.541935e+00	-1.810941e+01
#Excitation: 1 +
#Total number of pairs: 494
#Number of ph-/ah-pairs: 494/0
#Maximal excitation-energy for particle-hole-pairs: 100
#Maximal excitation-energy for antiparticle-hole-pairs: 1000
#No imaginary eigenvalues

#Parameterset: DD-PC1
#natural parity: no
#Isoscalar result:

#width: 5.000000e-01
#maximum value: 1.138075e-02
#at energy: 6.343252e+01
-9.656748e+01	5.395446e-04
-9.646748e+01	5.406294e-04
-9.636748e+01	5.417175e-04
-9.626748e+01	5.428088e-04
-9.616748e+01	5.439035e-04
-9.606748e+01	5.450015e-04
-9.596748e+01	5.461028e-04
-9.586748e+01	5.472075e-04
-9.576748e+01	5.483156e-04
-9.566748e+01	5.494270e-04
-9.556748e+01	5.505418e-04
-9.546748e+01	5.516600e-04
-9.536748e+01	5.527816e-04
-9.526748e+01	5.539067e-04
-9.516748e+01	5.550352e-04
-9.506748e+01	5.561671e-04
-9.496748e+01	5.573026e-04
-9.486748e+01	5.584415e-04
-9.476748e+01	5.595839e-04
-9.466748e+01	5.607298e-04
-9.456748e+01	5.618793e-04
-9.446748e+01	5.630323e-04
-9.436748e+01	5.641888e-04
-9.426748e+01	5.653490e-04
-9.416748e+01	5.665127e-04
-9.406748e+01	5.676800e-04
-9.396748e+01	5.688509e-04
-9.386748e+01	5.700255e-04
-9.376748e+01	5.712037e-04
-9.366748e+01	5.723856e-04
-9.356748e+01	5.735712e-04
-9.346748e+01	5.747604e-04
-9.336748e+01	5.759534e-04
-9.326748e+01	5.771501e-04
-9.316748e+01	5.783505e-04
-9.306748e+01	5.795547e-04
-9.296748e+01	5.807626e-04
-9.286748e+01	5.819744e-04
-9.276748e+01	5.831899e-04
-9.266748e+01	5.844093e-04
-9.256748e+01	5.856325e-04
-9.246748e+01	5.868595e-04
-9.236748e+01	5.880904e-04
-9.226748e+01	5.893252e-04
-9.216748e+01	5.905639e-04
-9.206748e+01	5.918065e-04
-9.196748e+01	5.930531e-04
-9.186748e+01	5.943036e-04
-9.176748e+01	5.955580e-04
-9.166748e+01	5.968165e-04
-9.156748e+01	5.980789e-04
-9.146748e+01	5.993454e-04
-9.136748e+01	6.006159e-04
-9.126748e+01	6.018904e-04
-9.116748e+01	6.031690e-04
-9.106748e+01	6.044517e-04
-9.096748e+01	6.057386e-04
-9.086748e+01	6.070295e-04
-9.076748e+01	6.083245e-04
-9.066748e+01	6.096238e-04
-9.056748e+01	6.109271e-04
-9.046748e+01	6.122347e-04
-9.036748e+01	6.135465e-04
-9.026748e+01	6.148625e-04
-9.016748e+01	6.161828e-04
-9.006748e+01	6.175073e-04
-8.996748e+01	6.188362e-04
-8.986748e+01	6.201693e-04
-8.976748e+01	6.215067e-04
-8.966748e+01	6.228485e-04
-8.956748e+01	6.241946e-04
-8.946748e+01	6.255451e-04
-8.936748e+01	6.269000e-04
-8.926748e+01	6.282593e-04
-8.916748e+01	6.296231e-04
-8.906748e+01	6.309913e-04
-8.896748e+01	6.323640e-04
-8.886748e+01	6.337412e-04
-8.876748e+01	6.351228e-04
-8.866748e+01	6.365091e-04
-8.856748e+01	6.378998e-04
-8.846748e+01	6.392952e-04
-8.836748e+01	6.406951e-04
-8.826748e+01	6.420996e-04
-8.816748e+01	6.435088e-04
-8.806748e+01	6.449226e-04
-8.796748e+01	6.463411e-04
-8.786748e+01	6.477643e-04
-8.776748e+01	6.491922e-04
-8.766748e+01	6.506249e-04
-8.756748e+01	6.520623e-04
-8.746748e+01	6.535045e-04
-8.736748e+01	6.549514e-04
-8.726748e+01	6.564032e-04
-8.716748e+01	6.578599e-04
-8.706748e+01	6.593214e-04
-8.696748e+01	6.607877e-04
-8.686748e+01	6.622590e-04
-8.676748e+01	6.637353e-04
-8.666748e+01	6.652164e-04
-8.656748e+01	6.667026e-04
-8.646748e+01	6.681937e-04
-8.636748e+01	6.696899e-04
-8.626748e+01	6.711911e-04
-8.616748e+01	6.726973e-04
-8.606748e+01	6.742087e-04
-8.596748e+01	6.757251e-04
-8.586748e+01	6.772467e-04
-8.576748e+01	6.787735e-04
-8.566748e+01	6.803054e-04
-8.556748e+01	6.818425e-04
-8.546748e+01	6.833849e-04
-8.536748e+01	6.849325e-04
-8.526748e+01	6.864853e-04
-8.516748e+01	6.880435e-04
-8.506748e+01	6.896070e-04
-8.496748e+01	6.911758e-04
-8.486748e+01	6.927500e-04
-8.476748e+01	6.943296e-04
-8.466748e+01	6.959147e-04
-8.456748e+01	6.975051e-04
-8.446748e+01	6.991010e-04
-8.436748e+01	7.007025e-04
-8.426748e+01	7.023094e-04
-8.416748e+01	7.039219e-04
-8.406748e+01	7.055400e-04
-8.396748e+01	7.071636e-04
-8.386748e+01	7.087929e-04
-8.376748e+01	7.104279e-04
-8.366748e+01	7.120685e-04
-8.356748e+01	7.137148e-04
-8.346748e+01	7.153668e-04
-8.336748e+01	7.170246e-04
-8.326748e+01	7.186882e-04
-8.316748e+01	7.203576e-04
-8.306748e+01	7.220328e-04
-8.296748e+01	7.237139e-04
-8.286748e+01	7.254008e-04
-8.276748e+01	7.270937e-04
-8.266748e+01	7.287925e-04
-8.256748e+01	7.304973e-04
-8.246748e+01	7.322081e-04
-8.236748e+01	7.339250e-04
-8.226748e+01	7.356479e-04
-8.216748e+01	7.373769e-04
-8.206748e+01	7.391119e-04
-8.196748e+01	7.408532e-04
-8.186748e+01	7.426006e-04
-8.176748e+01	7.443542e-04
-8.166748e+01	7.461141e-04
-8.156748e+01	7.478802e-04
-8.146748e+01	7.496526e-04
-8.136748e+01	7.514313e-04
-8.126748e+01	7.532164e-04
-8.116748e+01	7.550078e-04
-8.106748e+01	7.568057e-04
-8.096748e+01	7.586100e-04
-8.086748e+01	7.604208e-04
-8.076748e+01	7.622381e-04
-8.066748e+01	7.640619e-04
-8.056748e+01	7.658923e-04
-8.046748e+01	7.677293e-04
-8.036748e+01	7.695729e-04
-8.026748e+01	7.714232e-04
-8.016748e+01	7.732802e-04
-8.006748e+01	7.751439e-04
-7.996748e+01	7.770144e-04
-7.986748e+01	7.788916e-04
-7.976748e+01	7.807757e-04
-7.966748e+01	7.826667e-04
-7.956748e+01	7.845645e-04
-7.946748e+01	7.864693e-04
-7.936748e+01	7.883810e-04
-7.926748e+01	7.902998e-04
-7.916748e+01	7.922255e-04
-7.906748e+01	7.941583e-04
-7.896748e+01	7.960983e-04
-7.886748e+01	7.980453e-04
-7.876748e+01	7.999995e-04
-7.866748e+01	8.019609e-04
-7.856748e+01	8.039296e-04
-7.846748e+01	8.059055e-04
-7.836748e+01	8.078888e-04
-7.826748e+01	8.098794e-04
-7.816748e+01	8.118773e-04
-7.806748e+01	8.138827e-04
-7.796748e+01	8.158956e-04
-7.786748e+01	8.179159e-04
-7.776748e+01	8.199438e-04
-7.766748e+01	8.219793e-04
-7.756748e+01	8.240223e-04
-7.746748e+01	8.260730e-04
-7.736748e+01	8.281314e-04
-7.726748e+01	8.301975e-04
-7.716748e+01	8.322713e-04
-7.706748e+01	8.343530e-04
-7.696748e+01	8.364425e-04
-7.686748e+01	8.385399e-04
-7.676748e+01	8.406451e-04
-7.666748e+01	8.427584e-04
-7.656748e+01	8.448796e-04
-7.646748e+01	8.470089e-04
-7.636748e+01	8.491463e-04
-7.626748e+01	8.512918e-04
-7.616748e+01	8.534454e-04
-7.606748e+01	8.556072e-04
-7.596748e+01	8.577773e-04
-7.586748e+01	8.599557e-04
-7.576748e+01	8.621424e-04
-7.566748e+01	8.643375e-04
-7.556748e+01	8.665410e-04
-7.546748e+01	8.687529e-04
-7.536748e+01	8.709734e-04
-7.526748e+01	8.732024e-04
-7.516748e+01	8.754400e-04
-7.506748e+01	8.776862e-04
-7.496748e+01	8.799411e-04
-7.486748e+01	8.822047e-04
-7.476748e+01	8.844771e-04
-7.466748e+01	8.867583e-04
-7.456748e+01	8.890483e-04
-7.446748e+01	8.913473e-04
-7.436748e+01	8.936552e-04
-7.426748e+01	8.959721e-04
-7.416748e+01	8.982980e-04
-7.406748e+01	9.006331e-04
-7.396748e+01	9.029773e-04
-7.386748e+01	9.053307e-04
-7.376748e+01	9.076933e-04
-7.366748e+01	9.100652e-04
-7.356748e+01	9.124464e-04
-7.346748e+01	9.148370e-04
-7.336748e+01	9.172370e-04
-7.326748e+01	9.196465e-04
-7.316748e+01	9.220656e-04
-7.306748e+01	9.244942e-04
-7.296748e+01	9.269325e-04
-7.286748e+01	9.293805e-04
-7.276748e+01	9.318381e-04
-7.266748e+01	9.343056e-04
-7.256748e+01	9.367829e-04
-7.246748e+01	9.392701e-04
-7.236748e+01	9.417673e-04
-7.226748e+01	9.442744e-04
-7.216748e+01	9.467916e-04
-7.206748e+01	9.493189e-04
-7.196748e+01	9.518564e-04
-7.186748e+01	9.544041e-04
-7.176748e+01	9.569620e-04
-7.166748e+01	9.595303e-04
-7.156748e+01	9.621090e-04
-7.146748e+01	9.646980e-04
-7.136748e+01	9.672976e-04
-7.126748e+01	9.699078e-04
-7.116748e+01	9.725285e-04
-7.106748e+01	9.751599e-04
-7.096748e+01	9.778021e-04
-7.086748e+01	9.804550e-04
-7.076748e+01	9.831187e-04
-7.066748e+01	9.857934e-04
-7.056748e+01	9.884790e-04
-7.046748e+01	9.911756e-04
-7.036748e+01	9.938834e-04
-7.026748e+01	9.966022e-04
-7.016748e+01	9.993323e-04
-7.006748e+01	1.002074e-03
-6.996748e+01	1.004826e-03
-6.986748e+01	1.007590e-03
-6.976748e+01	1.010366e-03
-6.966748e+01	1.013153e-03
-6.956748e+01	1.015951e-03
-6.946748e+01	1.018762e-03
-6.936748e+01	1.021584e-03
-6.926748e+01	1.024417e-03
-6.916748e+01	1.027263e-03
-6.906748e+01	1.030120e-03
-6.896748e+01	1.032990e-03
-6.886748e+01	1.035871e-03
-6.876748e+01	1.038765e-03
-6.866748e+01	1.041671e-03
-6.856748e+01	1.044589e-03
-6.846748e+01	1.047519e-03
-6.836748e+01	1.050462e-03
-6.826748e+01	1.053417e-03
-6.816748e+01	1.056385e-03
-6.806748e+01	1.059365e-03
-6.796748e+01	1.062358e-03
-6.786748e+01	1.065364e-03
-6.776748e+01	1.068382e-03
-6.766748e+01	1.071413e-03
-6.756748e+01	1.074458e-03
-6.746748e+01	1.077515e-03
-6.736748e+01	1.080586e-03
-6.726748e+01	1.083669e-03
-6.716748e+01	1.086766e-03
-6.706748e+01	1.089877e-03
-6.696748e+01	1.093000e-03
-6.686748e+01	1.096137e-03
-6.676748e+01	1.099288e-03
-6.666748e+01	1.102452e-03
-6.656748e+01	1.105631e-03
-6.646748e+01	1.108823e-03
-6.636748e+01	1.112028e-03
-6.626748e+01	1.115248e-03
-6.616748e+01	1.118482e-03
-6.606748e+01	1.121730e-03
-6.596748e+01	1.124992e-03
-6.586748e+01	1.128268e-03
-6.576748e+01	1.131559e-03
-6.566748e+01	1.134865e-03
-6.556748e+01	1.138184e-03
-6.546748e+01	1.141519e-03
-6.536748e+01	1.144868e-03
-6.526748e+01	1.148232e-03
-6.516748e+01	1.151611e-03
-6.506748e+01	1.155005e-03
-6.496748e+01	1.158414e-03
-6.486748e+01	1.161838e-03
-6.476748e+01	1.165277e-03
-6.466748e+01	1.168732e-03
-6.456748e+01	1.172202e-03
-6.446748e+01	1.175688e-03
-6.436748e+01	1.179189e-03
-6.426748e+01	1.182706e-03
-6.416748e+01	1.186239e-03
-6.406748e+01	1.189788e-03
-6.396748e+01	1.193353e-03
-6.386748e+01	1.196933e-03
-6.376748e+01	1.200531e-03
-6.366748e+01	1.204144e-03
-6.356748e+01	1.207774e-03
-6.346748e+01	1.211420e-03
-6.336748e+01	1.215083e-03
-6.326748e+01	1.218762e-03
-6.316748e+01	1.222458e-03
-6.306748e+01	1.226172e-03
-6.296748e+01	1.229902e-03
-6.286748e+01	1.233649e-03
-6.276748e+01	1.237414e-03
-6.266748e+01	1.241195e-03
-6.256748e+01	1.244995e-03
-6.246748e+01	1.248812e-03
-6.236748e+01	1.252646e-03
-6.226748e+01	1.256498e-03
-6.216748e+01	1.260368e-03
-6.206748e+01	1.264256e-03
-6.196748e+01	1.268162e-03
-6.186748e+01	1.272087e-03
-6.176748e+01	1.276029e-03
-6.166748e+01	1.279990e-03
-6.156748e+01	1.283970e-03
-6.146748e+01	1.287968e-03
-6.136748e+01	1.291985e-03
-6.126748e+01	1.296021e-03
-6.116748e+01	1.300076e-03
-6.106748e+01	1.304150e-03
-6.096748e+01	1.308243e-03
-6.086748e+01	1.312356e-03
-6.076748e+01	1.316488e-03
-6.066748e+01	1.320639e-03
-6.056748e+01	1.324811e-03
-6.046748e+01	1.329002e-03
-6.036748e+01	1.333214e-03
-6.026748e+01	1.337445e-03
-6.016748e+01	1.341697e-03
-6.006748e+01	1.345969e-03
-5.996748e+01	1.350262e-03
-5.986748e+01	1.354575e-03
-5.976748e+01	1.358909e-03
-5.966748e+01	1.363264e-03
-5.956748e+01	1.367640e-03
-5.946748e+01	1.372037e-03
-5.936748e+01	1.376455e-03
-5.926748e+01	1.380895e-03
-5.916748e+01	1.385357e-03
-5.906748e+01	1.389840e-03
-5.896748e+01	1.394345e-03
-5.886748e+01	1.398873e-03
-5.876748e+01	1.403422e-03
-5.866748e+01	1.407994e-03
-5.856748e+01	1.412588e-03
-5.846748e+01	1.417205e-03
-5.836748e+01	1.421844e-03
-5.826748e+01	1.426507e-03
-5.816748e+01	1.431192e-03
-5.806748e+01	1.435901e-03
-5.796748e+01	1.440633e-03
-5.786748e+01	1.445389e-03
-5.776748e+01	1.450168e-03
-5.766748e+01	1.454971e-03
-5.756748e+01	1.459798e-03
-5.746748e+01	1.464650e-03
-5.736748e+01	1.469525e-03
-5.726748e+01	1.474425e-03
-5.716748e+01	1.479350e-03
-5.706748e+01	1.484300e-03
-5.696748e+01	1.489274e-03
-5.686748e+01	1.494274e-03
-5.676748e+01	1.499299e-03
-5.666748e+01	1.504349e-03
-5.656748e+01	1.509426e-03
-5.646748e+01	1.514528e-03
-5.636748e+01	1.519656e-03
-5.626748e+01	1.524810e-03
-5.616748e+01	1.529991e-03
-5.606748e+01	1.535198e-03
-5.596748e+01	1.540432e-03
-5.586748e+01	1.545693e-03
-5.576748e+01	1.550981e-03
-5.566748e+01	1.556296e-03
-5.556748e+01	1.561639e-03
-5.546748e+01	1.567009e-03
-5.536748e+01	1.572407e-03
-5.526748e+01	1.577834e-03
-5.516748e+01	1.583288e-03
-5.506748e+01	1.588772e-03
-5.496748e+01	1.594283e-03
-5.486748e+01	1.599824e-03
-5.476748e+01	1.605394e-03
-5.466748e+01	1.610993e-03
-5.456748e+01	1.616621e-03
-5.446748e+01	1.622279e-03
-5.436748e+01	1.627967e-03
-5.426748e+01	1.633685e-03
-5.416748e+01	1.639434e-03
-5.406748e+01	1.645213e-03
-5.396748e+01	1.651022e-03
-5.386748e+01	1.656863e-03
-5.376748e+01	1.662735e-03
-5.366748e+01	1.668638e-03
-5.356748e+01	1.674573e-03
-5.346748e+01	1.680540e-03
-5.336748e+01	1.686539e-03
-5.326748e+01	1.692570e-03
-5.316748e+01	1.698633e-03
-5.306748e+01	1.704730e-03
-5.296748e+01	1.710860e-03
-5.286748e+01	1.717022e-03
-5.276748e+01	1.723219e-03
-5.266748e+01	1.729449e-03
-5.256748e+01	1.735713e-03
-5.246748e+01	1.742012e-03
-5.236748e+01	1.748344e-03
-5.226748e+01	1.754712e-03
-5.216748e+01	1.761115e-03
-5.206748e+01	1.767553e-03
-5.196748e+01	1.774026e-03
-5.186748e+01	1.780536e-03
-5.176748e+01	1.787081e-03
-5.166748e+01	1.793663e-03
-5.156748e+01	1.800281e-03
-5.146748e+01	1.806936e-03
-5.136748e+01	1.813629e-03
-5.126748e+01	1.820359e-03
-5.116748e+01	1.827126e-03
-5.106748e+01	1.833932e-03
-5.096748e+01	1.840776e-03
-5.086748e+01	1.847658e-03
-5.076748e+01	1.854579e-03
-5.066748e+01	1.861540e-03
-5.056748e+01	1.868539e-03
-5.046748e+01	1.875579e-03
-5.036748e+01	1.882659e-03
-5.026748e+01	1.889779e-03
-5.016748e+01	1.896940e-03
-5.006748e+01	1.904141e-03
-4.996748e+01	1.911384e-03
-4.986748e+01	1.918669e-03
-4.976748e+01	1.925996e-03
-4.966748e+01	1.933365e-03
-4.956748e+01	1.940776e-03
-4.946748e+01	1.948231e-03
-4.936748e+01	1.955728e-03
-4.926748e+01	1.963270e-03
-4.916748e+01	1.970855e-03
-4.906748e+01	1.978484e-03
-4.896748e+01	1.986158e-03
-4.886748e+01	1.993878e-03
-4.876748e+01	2.001642e-03
-4.866748e+01	2.009452e-03
-4.856748e+01	2.017308e-03
-4.846748e+01	2.025211e-03
-4.836748e+01	2.033160e-03
-4.826748e+01	2.041157e-03
-4.816748e+01	2.049201e-03
-4.806748e+01	2.057293e-03
-4.796748e+01	2.065433e-03
-4.786748e+01	2.073622e-03
-4.776748e+01	2.081861e-03
-4.766748e+01	2.090148e-03
-4.756748e+01	2.098486e-03
-4.746748e+01	2.106873e-03
-4.736748e+01	2.115312e-03
-4.726748e+01	2.123801e-03
-4.716748e+01	2.132342e-03
-4.706748e+01	2.140935e-03
-4.696748e+01	2.149580e-03
-4.686748e+01	2.158278e-03
-4.676748e+01	2.167030e-03
-4.666748e+01	2.175834e-03
-4.656748e+01	2.184693e-03
-4.646748e+01	2.193607e-03
-4.636748e+01	2.202576e-03
-4.626748e+01	2.211600e-03
-4.616748e+01	2.220679e-03
-4.606748e+01	2.229816e-03
-4.596748e+01	2.239009e-03
-4.586748e+01	2.248259e-03
-4.576748e+01	2.257568e-03
-4.566748e+01	2.266934e-03
-4.556748e+01	2.276359e-03
-4.546748e+01	2.285844e-03
-4.536748e+01	2.295388e-03
-4.526748e+01	2.304993e-03
-4.516748e+01	2.314658e-03
-4.506748e+01	2.324385e-03
-4.496748e+01	2.334174e-03
-4.486748e+01	2.344025e-03
-4.476748e+01	2.353939e-03
-4.466748e+01	2.363916e-03
-4.456748e+01	2.373957e-03
-4.446748e+01	2.384063e-03
-4.436748e+01	2.394234e-03
-4.426748e+01	2.404470e-03
-4.416748e+01	2.414773e-03
-4.406748e+01	2.425143e-03
-4.396748e+01	2.435580e-03
-4.386748e+01	2.446084e-03
-4.376748e+01	2.456658e-03
-4.366748e+01	2.467301e-03
-4.356748e+01	2.478013e-03
-4.346748e+01	2.488796e-03
-4.336748e+01	2.499650e-03
-4.326748e+01	2.510575e-03
-4.316748e+01	2.521573e-03
-4.306748e+01	2.532644e-03
-4.296748e+01	2.543788e-03
-4.286748e+01	2.555007e-03
-4.276748e+01	2.566300e-03
-4.266748e+01	2.577669e-03
-4.256748e+01	2.589114e-03
-4.246748e+01	2.600636e-03
-4.236748e+01	2.612236e-03
-4.226748e+01	2.623914e-03
-4.216748e+01	2.635672e-03
-4.206748e+01	2.647509e-03
-4.196748e+01	2.659426e-03
-4.186748e+01	2.671425e-03
-4.176748e+01	2.683505e-03
-4.166748e+01	2.695669e-03
-4.156748e+01	2.707916e-03
-4.146748e+01	2.720247e-03
-4.136748e+01	2.732663e-03
-4.126748e+01	2.745166e-03
-4.116748e+01	2.757754e-03
-4.106748e+01	2.770431e-03
-4.096748e+01	2.783195e-03
-4.086748e+01	2.796049e-03
-4.076748e+01	2.808992e-03
-4.066748e+01	2.822026e-03
-4.056748e+01	2.835152e-03
-4.046748e+01	2.848371e-03
-4.036748e+01	2.861683e-03
-4.026748e+01	2.875089e-03
-4.016748e+01	2.888590e-03
-4.006748e+01	2.902187e-03
-3.996748e+01	2.915882e-03
-3.986748e+01	2.929674e-03
-3.976748e+01	2.943565e-03
-3.966748e+01	2.957556e-03
-3.956748e+01	2.971648e-03
-3.946748e+01	2.985842e-03
-3.936748e+01	3.000138e-03
-3.926748e+01	3.014538e-03
-3.916748e+01	3.029043e-03
-3.906748e+01	3.043654e-03
-3.896748e+01	3.058371e-03
-3.886748e+01	3.073197e-03
-3.876748e+01	3.088131e-03
-3.866748e+01	3.103176e-03
-3.856748e+01	3.118332e-03
-3.846748e+01	3.133600e-03
-3.836748e+01	3.148981e-03
-3.826748e+01	3.164477e-03
-3.816748e+01	3.180088e-03
-3.806748e+01	3.195816e-03
-3.796748e+01	3.211663e-03
-3.786748e+01	3.227628e-03
-3.776748e+01	3.243714e-03
-3.766748e+01	3.259922e-03
-3.756748e+01	3.276252e-03
-3.746748e+01	3.292707e-03
-3.736748e+01	3.309287e-03
-3.726748e+01	3.325993e-03
-3.716748e+01	3.342828e-03
-3.706748e+01	3.359792e-03
-3.696748e+01	3.376886e-03
-3.686748e+01	3.394113e-03
-3.676748e+01	3.411473e-03
-3.666748e+01	3.428967e-03
-3.656748e+01	3.446598e-03
-3.646748e+01	3.464367e-03
-3.636748e+01	3.482275e-03
-3.626748e+01	3.500323e-03
-3.616748e+01	3.518513e-03
-3.606748e+01	3.536847e-03
-3.596748e+01	3.555325e-03
-3.586748e+01	3.573951e-03
-3.576748e+01	3.592724e-03
-3.566748e+01	3.611648e-03
-3.556748e+01	3.630723e-03
-3.546748e+01	3.649950e-03
-3.536748e+01	3.669333e-03
-3.526748e+01	3.688872e-03
-3.516748e+01	3.708569e-03
-3.506748e+01	3.728425e-03
-3.496748e+01	3.748443e-03
-3.486748e+01	3.768625e-03
-3.476748e+01	3.788972e-03
-3.466748e+01	3.809485e-03
-3.456748e+01	3.830168e-03
-3.446748e+01	3.851021e-03
-3.436748e+01	3.872046e-03
-3.426748e+01	3.893246e-03
-3.416748e+01	3.914623e-03
-3.406748e+01	3.936178e-03
-3.396748e+01	3.957914e-03
-3.386748e+01	3.979832e-03
-3.376748e+01	4.001934e-03
-3.366748e+01	4.024223e-03
-3.356748e+01	4.046701e-03
-3.346748e+01	4.069370e-03
-3.336748e+01	4.092232e-03
-3.326748e+01	4.115290e-03
-3.316748e+01	4.138545e-03
-3.306748e+01	4.162000e-03
-3.296748e+01	4.185657e-03
-3.286748e+01	4.209519e-03
-3.276748e+01	4.233588e-03
-3.266748e+01	4.257866e-03
-3.256748e+01	4.282357e-03
-3.246748e+01	4.307061e-03
-3.236748e+01	4.331983e-03
-3.226748e+01	4.357124e-03
-3.216748e+01	4.382487e-03
-3.206748e+01	4.408075e-03
-3.196748e+01	4.433890e-03
-3.186748e+01	4.459936e-03
-3.176748e+01	4.486215e-03
-3.166748e+01	4.512729e-03
-3.156748e+01	4.539482e-03
-3.146748e+01	4.566477e-03
-3.136748e+01	4.593716e-03
-3.126748e+01	4.621203e-03
-3.116748e+01	4.648941e-03
-3.106748e+01	4.676932e-03
-3.096748e+01	4.705180e-03
-3.086748e+01	4.733687e-03
-3.076748e+01	4.762459e-03
-3.066748e+01	4.791496e-03
-3.056748e+01	4.820804e-03
-3.046748e+01	4.850385e-03
-3.036748e+01	4.880242e-03
-3.026748e+01	4.910380e-03
-3.016748e+01	4.940802e-03
-3.006748e+01	4.971511e-03
-2.996748e+01	5.002511e-03
-2.986748e+01	5.033806e-03
-2.976748e+01	5.065400e-03
-2.966748e+01	5.097296e-03
-2.956748e+01	5.129499e-03
-2.946748e+01	5.162012e-03
-2.936748e+01	5.194840e-03
-2.926748e+01	5.227986e-03
-2.916748e+01	5.261455e-03
-2.906748e+01	5.295252e-03
-2.896748e+01	5.329379e-03
-2.886748e+01	5.363843e-03
-2.876748e+01	5.398647e-03
-2.866748e+01	5.433795e-03
-2.856748e+01	5.469293e-03
-2.846748e+01	5.505146e-03
-2.836748e+01	5.541357e-03
-2.826748e+01	5.577933e-03
-2.816748e+01	5.614877e-03
-2.806748e+01	5.652195e-03
-2.796748e+01	5.689893e-03
-2.786748e+01	5.727974e-03
-2.776748e+01	5.766446e-03
-2.766748e+01	5.805312e-03
-2.756748e+01	5.844579e-03
-2.746748e+01	5.884252e-03
-2.736748e+01	5.924337e-03
-2.726748e+01	5.964839e-03
-2.716748e+01	6.005765e-03
-2.706748e+01	6.047121e-03
-2.696748e+01	6.088913e-03
-2.686748e+01	6.131146e-03
-2.676748e+01	6.173828e-03
-2.666748e+01	6.216965e-03
-2.656748e+01	6.260563e-03
-2.646748e+01	6.304630e-03
-2.636748e+01	6.349171e-03
-2.626748e+01	6.394194e-03
-2.616748e+01	6.439707e-03
-2.606748e+01	6.485715e-03
-2.596748e+01	6.532228e-03
-2.586748e+01	6.579251e-03
-2.576748e+01	6.626793e-03
-2.566748e+01	6.674862e-03
-2.556748e+01	6.723465e-03
-2.546748e+01	6.772611e-03
-2.536748e+01	6.822308e-03
-2.526748e+01	6.872564e-03
-2.516748e+01	6.923388e-03
-2.506748e+01	6.974789e-03
-2.496748e+01	7.026775e-03
-2.486748e+01	7.079356e-03
-2.476748e+01	7.132541e-03
-2.466748e+01	7.186339e-03
-2.456748e+01	7.240761e-03
-2.446748e+01	7.295815e-03
-2.436748e+01	7.351512e-03
-2.426748e+01	7.407862e-03
-2.416748e+01	7.464876e-03
-2.406748e+01	7.522564e-03
-2.396748e+01	7.580937e-03
-2.386748e+01	7.640006e-03
-2.376748e+01	7.699783e-03
-2.366748e+01	7.760280e-03
-2.356748e+01	7.821507e-03
-2.346748e+01	7.883478e-03
-2.336748e+01	7.946204e-03
-2.326748e+01	8.009697e-03
-2.316748e+01	8.073972e-03
-2.306748e+01	8.139041e-03
-2.296748e+01	8.204917e-03
-2.286748e+01	8.271614e-03
-2.276748e+01	8.339147e-03
-2.266748e+01	8.407528e-03
-2.256748e+01	8.476774e-03
-2.246748e+01	8.546899e-03
-2.236748e+01	8.617918e-03
-2.226748e+01	8.689847e-03
-2.216748e+01	8.762702e-03
-2.206748e+01	8.836499e-03
-2.196748e+01	8.911255e-03
-2.186748e+01	8.986986e-03
-2.176748e+01	9.063712e-03
-2.166748e+01	9.141448e-03
-2.156748e+01	9.220214e-03
-2.146748e+01	9.300028e-03
-2.136748e+01	9.380910e-03
-2.126748e+01	9.462879e-03
-2.116748e+01	9.545954e-03
-2.106748e+01	9.630157e-03
-2.096748e+01	9.715509e-03
-2.086748e+01	9.802031e-03
-2.076748e+01	9.889745e-03
-2.066748e+01	9.978674e-03
-2.056748e+01	1.006884e-02
-2.046748e+01	1.016027e-02
-2.036748e+01	1.025298e-02
-2.026748e+01	1.034701e-02
-2.016748e+01	1.044237e-02
-2.006748e+01	1.053909e-02
-1.996748e+01	1.063720e-02
-1.986748e+01	1.073673e-02
-1.976748e+01	1.083770e-02
-1.966748e+01	1.094015e-02
-1.956748e+01	1.104410e-02
-1.946748e+01	1.114958e-02
-1.936748e+01	1.125663e-02
-1.926748e+01	1.136527e-02
-1.916748e+01	1.147554e-02
-1.906748e+01	1.158748e-02
-1.896748e+01	1.170112e-02
-1.886748e+01	1.181649e-02
-1.876748e+01	1.193362e-02
-1.866748e+01	1.205257e-02
-1.856748e+01	1.217336e-02
-1.846748e+01	1.229604e-02
-1.836748e+01	1.242064e-02
-1.826748e+01	1.254721e-02
-1.816748e+01	1.267580e-02
-1.806748e+01	1.280644e-02
-1.796748e+01	1.293918e-02
-1.786748e+01	1.307406e-02
-1.776748e+01	1.321114e-02
-1.766748e+01	1.335047e-02
-1.756748e+01	1.349210e-02
-1.746748e+01	1.363607e-02
-1.736748e+01	1.378244e-02
-1.726748e+01	1.393128e-02
-1.716748e+01	1.408263e-02
-1.706748e+01	1.423655e-02
-1.696748e+01	1.439311e-02
-1.686748e+01	1.455237e-02
-1.676748e+01	1.471439e-02
-1.666748e+01	1.487924e-02
-1.656748e+01	1.504699e-02
-1.646748e+01	1.521770e-02
-1.636748e+01	1.539146e-02
-1.626748e+01	1.556834e-02
-1.616748e+01	1.574841e-02
-1.606748e+01	1.593176e-02
-1.596748e+01	1.611847e-02
-1.586748e+01	1.630862e-02
-1.576748e+01	1.650231e-02
-1.566748e+01	1.669962e-02
-1.556748e+01	1.690066e-02
-1.546748e+01	1.710551e-02
-1.536748e+01	1.731428e-02
-1.526748e+01	1.752708e-02
-1.516748e+01	1.774401e-02
-1.506748e+01	1.796519e-02
-1.496748e+01	1.819073e-02
-1.486748e+01	1.842075e-02
-1.476748e+01	1.865538e-02
-1.466748e+01	1.889474e-02
-1.456748e+01	1.913898e-02
-1.446748e+01	1.938823e-02
-1.436748e+01	1.964264e-02
-1.426748e+01	1.990235e-02
-1.416748e+01	2.016752e-02
-1.406748e+01	2.043831e-02
-1.396748e+01	2.071490e-02
-1.386748e+01	2.099744e-02
-1.376748e+01	2.128614e-02
-1.366748e+01	2.158117e-02
-1.356748e+01	2.188273e-02
-1.346748e+01	2.219103e-02
-1.336748e+01	2.250628e-02
-1.326748e+01	2.282870e-02
-1.316748e+01	2.315852e-02
-1.306748e+01	2.349598e-02
-1.296748e+01	2.384133e-02
-1.286748e+01	2.419484e-02
-1.276748e+01	2.455677e-02
-1.266748e+01	2.492742e-02
-1.256748e+01	2.530709e-02
-1.246748e+01	2.569607e-02
-1.236748e+01	2.609471e-02
-1.226748e+01	2.650334e-02
-1.216748e+01	2.692231e-02
-1.206748e+01	2.735201e-02
-1.196748e+01	2.779283e-02
-1.186748e+01	2.824517e-02
-1.176748e+01	2.870947e-02
-1.166748e+01	2.918619e-02
-1.156748e+01	2.967579e-02
-1.146748e+01	3.017877e-02
-1.136748e+01	3.069568e-02
-1.126748e+01	3.122705e-02
-1.116748e+01	3.177347e-02
-1.106748e+01	3.233557e-02
-1.096748e+01	3.291398e-02
-1.086748e+01	3.350939e-02
-1.076748e+01	3.412252e-02
-1.066748e+01	3.475415e-02
-1.056748e+01	3.540508e-02
-1.046748e+01	3.607616e-02
-1.036748e+01	3.676831e-02
-1.026748e+01	3.748250e-02
-1.016748e+01	3.821974e-02
-1.006748e+01	3.898112e-02
-9.967479e+00	3.976781e-02
-9.867479e+00	4.058104e-02
-9.767479e+00	4.142213e-02
-9.667479e+00	4.229248e-02
-9.567479e+00	4.319360e-02
-9.467479e+00	4.412709e-02
-9.367479e+00	4.509469e-02
-9.267479e+00	4.609825e-02
-9.167479e+00	4.713975e-02
-9.067479e+00	4.822136e-02
-8.967479e+00	4.934537e-02
-8.867479e+00	5.051430e-02
-8.767479e+00	5.173085e-02
-8.667479e+00	5.299796e-02
-8.567479e+00	5.431882e-02
-8.467479e+00	5.569690e-02
-8.367479e+00	5.713602e-02
-8.267479e+00	5.864033e-02
-8.167479e+00	6.021439e-02
-8.067479e+00	6.186323e-02
-7.967479e+00	6.359241e-02
-7.867479e+00	6.540808e-02
-7.767479e+00	6.731708e-02
-7.667479e+00	6.932707e-02
-7.567479e+00	7.144663e-02
-7.467479e+00	7.368542e-02
-7.367479e+00	7.605441e-02
-7.267479e+00	7.856609e-02
-7.167479e+00	8.123480e-02
-7.067479e+00	8.407710e-02
-6.967479e+00	8.711228e-02
-6.867479e+00	9.036300e-02
-6.767479e+00	9.385615e-02
-6.667479e+00	9.762398e-02
-6.567479e+00	1.017057e-01
-6.467479e+00	1.061495e-01
-6.367479e+00	1.110157e-01
-6.267479e+00	1.163811e-01
-6.167479e+00	1.223456e-01
-6.067479e+00	1.290414e-01
-5.967479e+00	1.366487e-01
-5.867479e+00	1.454201e-01
-5.767479e+00	1.557203e-01
-5.667479e+00	1.680953e-01
-5.567479e+00	1.833938e-01
-5.467479e+00	2.029870e-01
-5.367479e+00	2.291634e-01
-5.267479e+00	2.657753e-01
-5.167479e+00	3.190135e-01
-5.067479e+00	3.974918e-01
-4.967479e+00	5.049419e-01
-4.867479e+00	6.035003e-01
-4.767479e+00	6.077711e-01
-4.667479e+00	5.324183e-01
-4.567479e+00	4.634246e-01
-4.467479e+00	4.287715e-01
-4.367479e+00	4.232598e-01
-4.267479e+00	4.381271e-01
-4.167479e+00	4.673457e-01
-4.067479e+00	5.129344e-01
-3.967479e+00	5.827038e-01
-3.867479e+00	6.856828e-01
-3.767479e+00	8.273016e-01
-3.667479e+00	1.004248e+00
-3.567479e+00	1.239888e+00
-3.467479e+00	1.592000e+00
-3.367479e+00	2.033514e+00
-3.267479e+00	2.350191e+00
-3.167479e+00	2.478098e+00
-3.067479e+00	2.637807e+00
-2.967479e+00	2.767479e+00
-2.867479e+00	2.653925e+00
-2.767479e+00	2.399685e+00
-2.667479e+00	2.288183e+00
-2.567479e+00	2.434926e+00
-2.467479e+00	2.780583e+00
-2.367479e+00	3.091517e+00
-2.267479e+00	3.245385e+00
-2.167479e+00	3.482491e+00
-2.067479e+00	3.912998e+00
-1.967479e+00	4.229250e+00
-1.867479e+00	4.358744e+00
-1.767479e+00	4.785425e+00
-1.667479e+00	5.877944e+00
-1.567479e+00	7.711817e+00
-1.467479e+00	9.869719e+00
-1.367479e+00	1.101154e+01
-1.267479e+00	9.822490e+00
-1.167479e+00	7.646335e+00
-1.067479e+00	6.018106e+00
-9.674791e-01	4.980550e+00
-8.674791e-01	4.281987e+00
-7.674791e-01	3.972479e+00
-6.674791e-01	4.132156e+00
-5.674791e-01	4.849215e+00
-4.674791e-01	6.279631e+00
-3.674791e-01	8.383154e+00
-2.674791e-01	9.983030e+00
-1.674791e-01	9.219851e+00
-6.747911e-02	6.948648e+00
3.252089e-02	4.978628e+00
1.325209e-01	3.712576e+00
2.325209e-01	2.975513e+00
3.325209e-01	2.592137e+00
4.325209e-01	2.472581e+00
5.325209e-01	2.601318e+00
6.325209e-01	3.029337e+00
7.325209e-01	3.853668e+00
8.325209e-01	5.036773e+00
9.325209e-01	5.864385e+00
1.032521e+00	5.333431e+00
1.132521e+00	4.026673e+00
1.232521e+00	2.925970e+00
1.332521e+00	2.220468e+00
1.432521e+00	1.802721e+00
1.532521e+00	1.559054e+00
1.632521e+00	1.419493e+00
1.732521e+00	1.374075e+00
1.832521e+00	1.426643e+00
1.932521e+00	1.520746e+00
2.032521e+00	1.506455e+00
2.132521e+00	1.363122e+00
2.232521e+00	1.237004e+00
2.332521e+00	1.199532e+00
2.432521e+00	1.262805e+00
2.532521e+00	1.442666e+00
2.632521e+00	1.756074e+00
2.732521e+00	2.118430e+00
2.832521e+00	2.225708e+00
2.932521e+00	1.976851e+00
3.032521e+00	1.673485e+00
3.132521e+00	1.487127e+00
3.232521e+00	1.425399e+00
3.332521e+00	1.465638e+00
3.432521e+00	1.599800e+00
3.532521e+00	1.843654e+00
3.632521e+00	2.236651e+00
3.732521e+00	2.857057e+00
3.832521e+00	3.852663e+00
3.932521e+00	5.414895e+00
4.032521e+00	7.493721e+00
4.132521e+00	8.944053e+00
4.232521e+00	8.173985e+00
4.332521e+00	6.150481e+00
4.432521e+00	4.449765e+00
4.532521e+00	3.367025e+00
4.632521e+00	2.728311e+00
4.732521e+00	2.366798e+00
4.832521e+00	2.181962e+00
4.932521e+00	2.119488e+00
5.032521e+00	2.152506e+00
5.132521e+00	2.271209e+00
5.232521e+00	2.478260e+00
5.332521e+00	2.787937e+00
5.432521e+00	3.228388e+00
5.532521e+00	3.847592e+00
5.632521e+00	4.725198e+00
5.732521e+00	5.994925e+00
5.832521e+00	7.886715e+00
5.932521e+00	1.080355e+01
6.032521e+00	1.543824e+01
6.132521e+00	2.279278e+01
6.232521e+00	3.318232e+01
6.332521e+00	4.216014e+01
6.432521e+00	4.050196e+01
6.532521e+00	3.025116e+01
6.632521e+00	2.049964e+01
6.732521e+00	1.392816e+01
6.832521e+00	9.802448e+00
6.932521e+00	7.176962e+00
7.032521e+00	5.445285e+00
7.132521e+00	4.258366e+00
7.232521e+00	3.415554e+00
7.332521e+00	2.798237e+00
7.432521e+00	2.333803e+00
7.532521e+00	1.976216e+00
7.632521e+00	1.695334e+00
7.732521e+00	1.470829e+00
7.832521e+00	1.288631e+00
7.932521e+00	1.138771e+00
8.032521e+00	1.014035e+00
8.132521e+00	9.091047e-01
8.232521e+00	8.199942e-01
8.332521e+00	7.436689e-01
8.432521e+00	6.777873e-01
8.532521e+00	6.205201e-01
8.632521e+00	5.704217e-01
8.732521e+00	5.263381e-01
8.832521e+00	4.873392e-01
8.932521e+00	4.526690e-01
9.032521e+00	4.217088e-01
9.132521e+00	3.939487e-01
9.232521e+00	3.689675e-01
9.332521e+00	3.464173e-01
9.432521e+00	3.260132e-01
9.532521e+00	3.075259e-01
9.632521e+00	2.907604e-01
9.732521e+00	2.754681e-01
9.832521e+00	2.612470e-01
9.932521e+00	2.478786e-01
1.003252e+01	2.354922e-01
1.013252e+01	2.241190e-01
1.023252e+01	2.136655e-01
1.033252e+01	2.040279e-01
1.043252e+01	1.951213e-01
1.053252e+01	1.868795e-01
1.063252e+01	1.792521e-01
1.073252e+01	1.722028e-01
1.083252e+01	1.657071e-01
1.093252e+01	1.597347e-01
1.103252e+01	1.542149e-01
1.113252e+01	1.491092e-01
1.123252e+01	1.445222e-01
1.133252e+01	1.405954e-01
1.143252e+01	1.374757e-01
1.153252e+01	1.352916e-01
1.163252e+01	1.339174e-01
1.173252e+01	1.332000e-01
1.183252e+01	1.341471e-01
1.193252e+01	1.382649e-01
1.203252e+01	1.455943e-01
1.213252e+01	1.530266e-01
1.223252e+01	1.564920e-01
1.233252e+01	1.518608e-01
1.243252e+01	1.413063e-01
1.253252e+01	1.302190e-01
1.263252e+01	1.187062e-01
1.273252e+01	1.082491e-01
1.283252e+01	1.002283e-01
1.293252e+01	9.440860e-02
1.303252e+01	9.022757e-02
1.313252e+01	8.731656e-02
1.323252e+01	8.560724e-02
1.333252e+01	8.501719e-02
1.343252e+01	8.466473e-02
1.353252e+01	8.262592e-02
1.363252e+01	7.887193e-02
1.373252e+01	7.504362e-02
1.383252e+01	7.191787e-02
1.393252e+01	6.937982e-02
1.403252e+01	6.695612e-02
1.413252e+01	6.464278e-02
1.423252e+01	6.255525e-02
1.433252e+01	6.064739e-02
1.443252e+01	5.893058e-02
1.453252e+01	5.739308e-02
1.463252e+01	5.599272e-02
1.473252e+01	5.470864e-02
1.483252e+01	5.353359e-02
1.493252e+01	5.246630e-02
1.503252e+01	5.151343e-02
1.513252e+01	5.067081e-02
1.523252e+01	4.985077e-02
1.533252e+01	4.889379e-02
1.543252e+01	4.784711e-02
1.553252e+01	4.686473e-02
1.563252e+01	4.598867e-02
1.573252e+01	4.520771e-02
1.583252e+01	4.451003e-02
1.593252e+01	4.389224e-02
1.603252e+01	4.335910e-02
1.613252e+01	4.292406e-02
1.623252e+01	4.261156e-02
1.633252e+01	4.246295e-02
1.643252e+01	4.254765e-02
1.653252e+01	4.298064e-02
1.663252e+01	4.393361e-02
1.673252e+01	4.559116e-02
1.683252e+01	4.811564e-02
1.693252e+01	5.163690e-02
1.703252e+01	5.478689e-02
1.713252e+01	5.454262e-02
1.723252e+01	5.192230e-02
1.733252e+01	4.985317e-02
1.743252e+01	4.852798e-02
1.753252e+01	4.790246e-02
1.763252e+01	4.874990e-02
1.773252e+01	5.149221e-02
1.783252e+01	5.611566e-02
1.793252e+01	6.185746e-02
1.803252e+01	6.772612e-02
1.813252e+01	7.182316e-02
1.823252e+01	7.324932e-02
1.833252e+01	7.548482e-02
1.843252e+01	8.100002e-02
1.853252e+01	8.612292e-02
1.863252e+01	8.624909e-02
1.873252e+01	8.515179e-02
1.883252e+01	8.370571e-02
1.893252e+01	7.828618e-02
1.903252e+01	6.932852e-02
1.913252e+01	6.253325e-02
1.923252e+01	6.072166e-02
1.933252e+01	6.385452e-02
1.943252e+01	6.963460e-02
1.953252e+01	7.319933e-02
1.963252e+01	7.314055e-02
1.973252e+01	6.977153e-02
1.983252e+01	6.522264e-02
1.993252e+01	6.273674e-02
2.003252e+01	5.908627e-02
2.013252e+01	5.149834e-02
2.023252e+01	4.369792e-02
2.033252e+01	3.816883e-02
2.043252e+01	3.455962e-02
2.053252e+01	3.187135e-02
2.063252e+01	2.970617e-02
2.073252e+01	2.811905e-02
2.083252e+01	2.706500e-02
2.093252e+01	2.646042e-02
2.103252e+01	2.629030e-02
2.113252e+01	2.662010e-02
2.123252e+01	2.742404e-02
2.133252e+01	2.809598e-02
2.143252e+01	2.770562e-02
2.153252e+01	2.673207e-02
2.163252e+01	2.619603e-02
2.173252e+01	2.638350e-02
2.183252e+01	2.716525e-02
2.193252e+01	2.852998e-02
2.203252e+01	3.086886e-02
2.213252e+01	3.412322e-02
2.223252e+01	3.769468e-02
2.233252e+01	4.181246e-02
2.243252e+01	4.485066e-02
2.253252e+01	4.288389e-02
2.263252e+01	3.763521e-02
2.273252e+01	3.365292e-02
2.283252e+01	3.212595e-02
2.293252e+01	3.183923e-02
2.303252e+01	3.056152e-02
2.313252e+01	2.780667e-02
2.323252e+01	2.501140e-02
2.333252e+01	2.312379e-02
2.343252e+01	2.217330e-02
2.353252e+01	2.186073e-02
2.363252e+01	2.170938e-02
2.373252e+01	2.135406e-02
2.383252e+01	2.065572e-02
2.393252e+01	1.984500e-02
2.403252e+01	1.929267e-02
2.413252e+01	1.895447e-02
2.423252e+01	1.860240e-02
2.433252e+01	1.831715e-02
2.443252e+01	1.823214e-02
2.453252e+01	1.836977e-02
2.463252e+01	1.864816e-02
2.473252e+01	1.889174e-02
2.483252e+01	1.921849e-02
2.493252e+01	1.985222e-02
2.503252e+01	2.056640e-02
2.513252e+01	2.095932e-02
2.523252e+01	2.129527e-02
2.533252e+01	2.207239e-02
2.543252e+01	2.330002e-02
2.553252e+01	2.431038e-02
2.563252e+01	2.465209e-02
2.573252e+01	2.474435e-02
2.583252e+01	2.490616e-02
2.593252e+01	2.536792e-02
2.603252e+01	2.660192e-02
2.613252e+01	2.923379e-02
2.623252e+01	3.384842e-02
2.633252e+01	4.118036e-02
2.643252e+01	5.195406e-02
2.653252e+01	6.462503e-02
2.663252e+01	7.447200e-02
2.673252e+01	8.245821e-02
2.683252e+01	9.122160e-02
2.693252e+01	9.651787e-02
2.703252e+01	9.283707e-02
2.713252e+01	8.133151e-02
2.723252e+01	6.781289e-02
2.733252e+01	5.489561e-02
2.743252e+01	4.454161e-02
2.753252e+01	3.707971e-02
2.763252e+01	3.237470e-02
2.773252e+01	2.982102e-02
2.783252e+01	2.816083e-02
2.793252e+01	2.694086e-02
2.803252e+01	2.678584e-02
2.813252e+01	2.746867e-02
2.823252e+01	2.814038e-02
2.833252e+01	2.916625e-02
2.843252e+01	3.054613e-02
2.853252e+01	2.970309e-02
2.863252e+01	2.609884e-02
2.873252e+01	2.252074e-02
2.883252e+01	2.021392e-02
2.893252e+01	1.905670e-02
2.903252e+01	1.879594e-02
2.913252e+01	1.935269e-02
2.923252e+01	2.084343e-02
2.933252e+01	2.354508e-02
2.943252e+01	2.774142e-02
2.953252e+01	3.373976e-02
2.963252e+01	4.162805e-02
2.973252e+01	4.794091e-02
2.983252e+01	4.777281e-02
2.993252e+01	4.377674e-02
3.003252e+01	4.003219e-02
3.013252e+01	3.650378e-02
3.023252e+01	3.206046e-02
3.033252e+01	2.864555e-02
3.043252e+01	2.737167e-02
3.053252e+01	2.681247e-02
3.063252e+01	2.520128e-02
3.073252e+01	2.329530e-02
3.083252e+01	2.255434e-02
3.093252e+01	2.293457e-02
3.103252e+01	2.271550e-02
3.113252e+01	2.112919e-02
3.123252e+01	1.968720e-02
3.133252e+01	1.940037e-02
3.143252e+01	2.010680e-02
3.153252e+01	2.081905e-02
3.163252e+01	2.146329e-02
3.173252e+01	2.340864e-02
3.183252e+01	2.712034e-02
3.193252e+01	3.015305e-02
3.203252e+01	2.849003e-02
3.213252e+01	2.384895e-02
3.223252e+01	1.997745e-02
3.233252e+01	1.737444e-02
3.243252e+01	1.545569e-02
3.253252e+01	1.425376e-02
3.263252e+01	1.388084e-02
3.273252e+01	1.409834e-02
3.283252e+01	1.405047e-02
3.293252e+01	1.309557e-02
3.303252e+01	1.180700e-02
3.313252e+01	1.067910e-02
3.323252e+01	9.844095e-03
3.333252e+01	9.285712e-03
3.343252e+01	8.943811e-03
3.353252e+01	8.776481e-03
3.363252e+01	8.759684e-03
3.373252e+01	8.837644e-03
3.383252e+01	8.925790e-03
3.393252e+01	9.089627e-03
3.403252e+01	9.457215e-03
3.413252e+01	9.844475e-03
3.423252e+01	9.702024e-03
3.433252e+01	9.039262e-03
3.443252e+01	8.350961e-03
3.453252e+01	7.840273e-03
3.463252e+01	7.501146e-03
3.473252e+01	7.283157e-03
3.483252e+01	7.147725e-03
3.493252e+01	7.073841e-03
3.503252e+01	7.047339e-03
3.513252e+01	7.056442e-03
3.523252e+01	7.116579e-03
3.533252e+01	7.270225e-03
3.543252e+01	7.574857e-03
3.553252e+01	8.108064e-03
3.563252e+01	8.891482e-03
3.573252e+01	9.566148e-03
3.583252e+01	9.401553e-03
3.593252e+01	8.569087e-03
3.603252e+01	7.785680e-03
3.613252e+01	7.263341e-03
3.623252e+01	6.948548e-03
3.633252e+01	6.771099e-03
3.643252e+01	6.689586e-03
3.653252e+01	6.688404e-03
3.663252e+01	6.772387e-03
3.673252e+01	6.964088e-03
3.683252e+01	7.287714e-03
3.693252e+01	7.681643e-03
3.703252e+01	7.908835e-03
3.713252e+01	7.929428e-03
3.723252e+01	8.043758e-03
3.733252e+01	8.393260e-03
3.743252e+01	8.850287e-03
3.753252e+01	9.208611e-03
3.763252e+01	9.680890e-03
3.773252e+01	1.072231e-02
3.783252e+01	1.261284e-02
3.793252e+01	1.504761e-02
3.803252e+01	1.627887e-02
3.813252e+01	1.504296e-02
3.823252e+01	1.282626e-02
3.833252e+01	1.094040e-02
3.843252e+01	9.623698e-03
3.853252e+01	8.806543e-03
3.863252e+01	8.386530e-03
3.873252e+01	8.280554e-03
3.883252e+01	8.466526e-03
3.893252e+01	8.931697e-03
3.903252e+01	9.614007e-03
3.913252e+01	1.042288e-02
3.923252e+01	1.112287e-02
3.933252e+01	1.118191e-02
3.943252e+01	1.061674e-02
3.953252e+01	1.008270e-02
3.963252e+01	9.893417e-03
3.973252e+01	1.006574e-02
3.983252e+01	1.062768e-02
3.993252e+01	1.167949e-02
4.003252e+01	1.339533e-02
4.013252e+01	1.610273e-02
4.023252e+01	2.036880e-02
4.033252e+01	2.699454e-02
4.043252e+01	3.585214e-02
4.053252e+01	4.281150e-02
4.063252e+01	4.270592e-02
4.073252e+01	3.919912e-02
4.083252e+01	3.746609e-02
4.093252e+01	3.649386e-02
4.103252e+01	3.263855e-02
4.113252e+01	2.663413e-02
4.123252e+01	2.127334e-02
4.133252e+01	1.746891e-02
4.143252e+01	1.514687e-02
4.153252e+01	1.379370e-02
4.163252e+01	1.300759e-02
4.173252e+01	1.252476e-02
4.183252e+01	1.229590e-02
4.193252e+01	1.229976e-02
4.203252e+01	1.226626e-02
4.213252e+01	1.156232e-02
4.223252e+01	1.054104e-02
4.233252e+01	1.002936e-02
4.243252e+01	1.028870e-02
4.253252e+01	1.112340e-02
4.263252e+01	1.157452e-02
4.273252e+01	1.081214e-02
4.283252e+01	9.593182e-03
4.293252e+01	8.434314e-03
4.303252e+01	7.333415e-03
4.313252e+01	6.459039e-03
4.323252e+01	5.850917e-03
4.333252e+01	5.436243e-03
4.343252e+01	5.146691e-03
4.353252e+01	4.938569e-03
4.363252e+01	4.783263e-03
4.373252e+01	4.660052e-03
4.383252e+01	4.561338e-03
4.393252e+01	4.487752e-03
4.403252e+01	4.439318e-03
4.413252e+01	4.417229e-03
4.423252e+01	4.426339e-03
4.433252e+01	4.475319e-03
4.443252e+01	4.567302e-03
4.453252e+01	4.669698e-03
4.463252e+01	4.725550e-03
4.473252e+01	4.758806e-03
4.483252e+01	4.863703e-03
4.493252e+01	5.117061e-03
4.503252e+01	5.591979e-03
4.513252e+01	6.365192e-03
4.523252e+01	7.326157e-03
4.533252e+01	7.768521e-03
4.543252e+01	7.153668e-03
4.553252e+01	6.191311e-03
4.563252e+01	5.467991e-03
4.573252e+01	5.007106e-03
4.583252e+01	4.720283e-03
4.593252e+01	4.559932e-03
4.603252e+01	4.498162e-03
4.613252e+01	4.521992e-03
4.623252e+01	4.636824e-03
4.633252e+01	4.870421e-03
4.643252e+01	5.280472e-03
4.653252e+01	5.951073e-03
4.663252e+01	6.885516e-03
4.673252e+01	7.636403e-03
4.683252e+01	7.465244e-03
4.693252e+01	6.703593e-03
4.703252e+01	6.090527e-03
4.713252e+01	5.812467e-03
4.723252e+01	5.836193e-03
4.733252e+01	6.146916e-03
4.743252e+01	6.798318e-03
4.753252e+01	7.928086e-03
4.763252e+01	9.717081e-03
4.773252e+01	1.203323e-02
4.783252e+01	1.374524e-02
4.793252e+01	1.414846e-02
4.803252e+01	1.484343e-02
4.813252e+01	1.702768e-02
4.823252e+01	1.954953e-02
4.833252e+01	1.919265e-02
4.843252e+01	1.562088e-02
4.853252e+01	1.188302e-02
4.863252e+01	9.325439e-03
4.873252e+01	7.717255e-03
4.883252e+01	6.589175e-03
4.893252e+01	5.746782e-03
4.903252e+01	5.159684e-03
4.913252e+01	4.777772e-03
4.923252e+01	4.554827e-03
4.933252e+01	4.471971e-03
4.943252e+01	4.534193e-03
4.953252e+01	4.740433e-03
4.963252e+01	4.987024e-03
4.973252e+01	4.964373e-03
4.983252e+01	4.570525e-03
4.993252e+01	4.125249e-03
5.003252e+01	3.801548e-03
5.013252e+01	3.591442e-03
5.023252e+01	3.458136e-03
5.033252e+01	3.376670e-03
5.043252e+01	3.334129e-03
5.053252e+01	3.326809e-03
5.063252e+01	3.359962e-03
5.073252e+01	3.448522e-03
5.083252e+01	3.619920e-03
5.093252e+01	3.907657e-03
5.103252e+01	4.282167e-03
5.113252e+01	4.496183e-03
5.123252e+01	4.329930e-03
5.133252e+01	4.040058e-03
5.143252e+01	3.883906e-03
5.153252e+01	3.920744e-03
5.163252e+01	4.164215e-03
5.173252e+01	4.582505e-03
5.183252e+01	4.904826e-03
5.193252e+01	4.756076e-03
5.203252e+01	4.359040e-03
5.213252e+01	4.106465e-03
5.223252e+01	4.103003e-03
5.233252e+01	4.290944e-03
5.243252e+01	4.415341e-03
5.253252e+01	4.220533e-03
5.263252e+01	3.892116e-03
5.273252e+01	3.603308e-03
5.283252e+01	3.328433e-03
5.293252e+01	3.093026e-03
5.303252e+01	2.924107e-03
5.313252e+01	2.809204e-03
5.323252e+01	2.730067e-03
5.333252e+01	2.674385e-03
5.343252e+01	2.635167e-03
5.353252e+01	2.608994e-03
5.363252e+01	2.595102e-03
5.373252e+01	2.595251e-03
5.383252e+01	2.613507e-03
5.393252e+01	2.651404e-03
5.403252e+01	2.688524e-03
5.413252e+01	2.681816e-03
5.423252e+01	2.637687e-03
5.433252e+01	2.590736e-03
5.443252e+01	2.551427e-03
5.453252e+01	2.515751e-03
5.463252e+01	2.481528e-03
5.473252e+01	2.454526e-03
5.483252e+01	2.436321e-03
5.493252e+01	2.424885e-03
5.503252e+01	2.418394e-03
5.513252e+01	2.416444e-03
5.523252e+01	2.419612e-03
5.533252e+01	2.429018e-03
5.543252e+01	2.445012e-03
5.553252e+01	2.461612e-03
5.563252e+01	2.466154e-03
5.573252e+01	2.461560e-03
5.583252e+01	2.461282e-03
5.593252e+01	2.470318e-03
5.603252e+01	2.488814e-03
5.613252e+01	2.514308e-03
5.623252e+01	2.540582e-03
5.633252e+01	2.567927e-03
5.643252e+01	2.606292e-03
5.653252e+01	2.664316e-03
5.663252e+01	2.750095e-03
5.673252e+01	2.869953e-03
5.683252e+01	3.007434e-03
5.693252e+01	3.109623e-03
5.703252e+01	3.165480e-03
5.713252e+01	3.208504e-03
5.723252e+01	3.268518e-03
5.733252e+01	3.389044e-03
5.743252e+01	3.602223e-03
5.753252e+01	3.939259e-03
5.763252e+01	4.434197e-03
5.773252e+01	5.079447e-03
5.783252e+01	5.780459e-03
5.793252e+01	6.479313e-03
5.803252e+01	7.105017e-03
5.813252e+01	7.458497e-03
5.823252e+01	7.760168e-03
5.833252e+01	8.302705e-03
5.843252e+01	8.864817e-03
5.853252e+01	9.026807e-03
5.863252e+01	8.837977e-03
5.873252e+01	8.970873e-03
5.883252e+01	9.869644e-03
5.893252e+01	1.179968e-02
5.903252e+01	1.517655e-02
5.913252e+01	2.045605e-02
5.923252e+01	2.694872e-02
5.933252e+01	3.120064e-02
5.943252e+01	3.062988e-02
5.953252e+01	2.862218e-02
5.963252e+01	2.855213e-02
5.973252e+01	2.813714e-02
5.983252e+01	2.418697e-02
5.993252e+01	1.895667e-02
6.003252e+01	1.520278e-02
6.013252e+01	1.325318e-02
6.023252e+01	1.210407e-02
6.033252e+01	1.060716e-02
6.043252e+01	8.910352e-03
6.053252e+01	7.598286e-03
6.063252e+01	6.821704e-03
6.073252e+01	6.440889e-03
6.083252e+01	6.287989e-03
6.093252e+01	6.397608e-03
6.103252e+01	6.852867e-03
6.113252e+01	7.455253e-03
6.123252e+01	7.404558e-03
6.133252e+01	6.483356e-03
6.143252e+01	5.528714e-03
6.153252e+01	4.958793e-03
6.163252e+01	4.668879e-03
6.173252e+01	4.354143e-03
6.183252e+01	3.926929e-03
6.193252e+01	3.557600e-03
6.203252e+01	3.313337e-03
6.213252e+01	3.173399e-03
6.223252e+01	3.111965e-03
6.233252e+01	3.116025e-03
6.243252e+01	3.184752e-03
6.253252e+01	3.328888e-03
6.263252e+01	3.573474e-03
6.273252e+01	3.965599e-03
6.283252e+01	4.590209e-03
6.293252e+01	5.597589e-03
6.303252e+01	7.230570e-03
6.313252e+01	9.725415e-03
6.323252e+01	1.258787e-02
6.333252e+01	1.351986e-02
6.343252e+01	1.138075e-02
