#RPA-results:
#Nucleus: Ni 80
#Fermi level: -1.541935e+00	-1.810941e+01
#Excitation: 1 +
#Total number of pairs: 494
#Number of ph-/ah-pairs: 494/0
#Maximal excitation-energy for particle-hole-pairs: 100
#Maximal excitation-energy for antiparticle-hole-pairs: 1000
#No imaginary eigenvalues

#Parameterset: DD-PC1
#natural parity: no
#Isoscalar result:

#width: 5.000000e-01
#maximum value: 8.630189e-03
#at energy: 6.343252e+01
-9.656748e+01	5.566603e-04
-9.646748e+01	5.577973e-04
-9.636748e+01	5.589378e-04
-9.626748e+01	5.600819e-04
-9.616748e+01	5.612294e-04
-9.606748e+01	5.623805e-04
-9.596748e+01	5.635351e-04
-9.586748e+01	5.646933e-04
-9.576748e+01	5.658551e-04
-9.566748e+01	5.670205e-04
-9.556748e+01	5.681895e-04
-9.546748e+01	5.693621e-04
-9.536748e+01	5.705384e-04
-9.526748e+01	5.717183e-04
-9.516748e+01	5.729019e-04
-9.506748e+01	5.740891e-04
-9.496748e+01	5.752801e-04
-9.486748e+01	5.764748e-04
-9.476748e+01	5.776732e-04
-9.466748e+01	5.788754e-04
-9.456748e+01	5.800813e-04
-9.446748e+01	5.812910e-04
-9.436748e+01	5.825045e-04
-9.426748e+01	5.837218e-04
-9.416748e+01	5.849430e-04
-9.406748e+01	5.861680e-04
-9.396748e+01	5.873968e-04
-9.386748e+01	5.886295e-04
-9.376748e+01	5.898662e-04
-9.366748e+01	5.911067e-04
-9.356748e+01	5.923511e-04
-9.346748e+01	5.935995e-04
-9.336748e+01	5.948519e-04
-9.326748e+01	5.961082e-04
-9.316748e+01	5.973685e-04
-9.306748e+01	5.986328e-04
-9.296748e+01	5.999012e-04
-9.286748e+01	6.011735e-04
-9.276748e+01	6.024500e-04
-9.266748e+01	6.037305e-04
-9.256748e+01	6.050152e-04
-9.246748e+01	6.063039e-04
-9.236748e+01	6.075968e-04
-9.226748e+01	6.088938e-04
-9.216748e+01	6.101949e-04
-9.206748e+01	6.115003e-04
-9.196748e+01	6.128099e-04
-9.186748e+01	6.141237e-04
-9.176748e+01	6.154417e-04
-9.166748e+01	6.167640e-04
-9.156748e+01	6.180905e-04
-9.146748e+01	6.194214e-04
-9.136748e+01	6.207565e-04
-9.126748e+01	6.220960e-04
-9.116748e+01	6.234398e-04
-9.106748e+01	6.247880e-04
-9.096748e+01	6.261406e-04
-9.086748e+01	6.274976e-04
-9.076748e+01	6.288591e-04
-9.066748e+01	6.302249e-04
-9.056748e+01	6.315952e-04
-9.046748e+01	6.329701e-04
-9.036748e+01	6.343494e-04
-9.026748e+01	6.357332e-04
-9.016748e+01	6.371216e-04
-9.006748e+01	6.385145e-04
-8.996748e+01	6.399121e-04
-8.986748e+01	6.413142e-04
-8.976748e+01	6.427209e-04
-8.966748e+01	6.441323e-04
-8.956748e+01	6.455484e-04
-8.946748e+01	6.469691e-04
-8.936748e+01	6.483946e-04
-8.926748e+01	6.498248e-04
-8.916748e+01	6.512597e-04
-8.906748e+01	6.526994e-04
-8.896748e+01	6.541439e-04
-8.886748e+01	6.555931e-04
-8.876748e+01	6.570473e-04
-8.866748e+01	6.585062e-04
-8.856748e+01	6.599701e-04
-8.846748e+01	6.614388e-04
-8.836748e+01	6.629125e-04
-8.826748e+01	6.643911e-04
-8.816748e+01	6.658747e-04
-8.806748e+01	6.673632e-04
-8.796748e+01	6.688568e-04
-8.786748e+01	6.703554e-04
-8.776748e+01	6.718590e-04
-8.766748e+01	6.733677e-04
-8.756748e+01	6.748816e-04
-8.746748e+01	6.764005e-04
-8.736748e+01	6.779246e-04
-8.726748e+01	6.794538e-04
-8.716748e+01	6.809883e-04
-8.706748e+01	6.825279e-04
-8.696748e+01	6.840728e-04
-8.686748e+01	6.856230e-04
-8.676748e+01	6.871785e-04
-8.666748e+01	6.887392e-04
-8.656748e+01	6.903053e-04
-8.646748e+01	6.918768e-04
-8.636748e+01	6.934536e-04
-8.626748e+01	6.950358e-04
-8.616748e+01	6.966235e-04
-8.606748e+01	6.982167e-04
-8.596748e+01	6.998153e-04
-8.586748e+01	7.014194e-04
-8.576748e+01	7.030291e-04
-8.566748e+01	7.046443e-04
-8.556748e+01	7.062651e-04
-8.546748e+01	7.078915e-04
-8.536748e+01	7.095236e-04
-8.526748e+01	7.111613e-04
-8.516748e+01	7.128047e-04
-8.506748e+01	7.144539e-04
-8.496748e+01	7.161087e-04
-8.486748e+01	7.177694e-04
-8.476748e+01	7.194358e-04
-8.466748e+01	7.211081e-04
-8.456748e+01	7.227862e-04
-8.446748e+01	7.244702e-04
-8.436748e+01	7.261601e-04
-8.426748e+01	7.278559e-04
-8.416748e+01	7.295577e-04
-8.406748e+01	7.312655e-04
-8.396748e+01	7.329793e-04
-8.386748e+01	7.346991e-04
-8.376748e+01	7.364250e-04
-8.366748e+01	7.381570e-04
-8.356748e+01	7.398952e-04
-8.346748e+01	7.416395e-04
-8.336748e+01	7.433900e-04
-8.326748e+01	7.451467e-04
-8.316748e+01	7.469097e-04
-8.306748e+01	7.486789e-04
-8.296748e+01	7.504545e-04
-8.286748e+01	7.522364e-04
-8.276748e+01	7.540247e-04
-8.266748e+01	7.558193e-04
-8.256748e+01	7.576204e-04
-8.246748e+01	7.594280e-04
-8.236748e+01	7.612420e-04
-8.226748e+01	7.630626e-04
-8.216748e+01	7.648897e-04
-8.206748e+01	7.667234e-04
-8.196748e+01	7.685638e-04
-8.186748e+01	7.704108e-04
-8.176748e+01	7.722644e-04
-8.166748e+01	7.741248e-04
-8.156748e+01	7.759919e-04
-8.146748e+01	7.778658e-04
-8.136748e+01	7.797466e-04
-8.126748e+01	7.816341e-04
-8.116748e+01	7.835286e-04
-8.106748e+01	7.854299e-04
-8.096748e+01	7.873382e-04
-8.086748e+01	7.892535e-04
-8.076748e+01	7.911758e-04
-8.066748e+01	7.931051e-04
-8.056748e+01	7.950416e-04
-8.046748e+01	7.969851e-04
-8.036748e+01	7.989358e-04
-8.026748e+01	8.008937e-04
-8.016748e+01	8.028588e-04
-8.006748e+01	8.048312e-04
-7.996748e+01	8.068109e-04
-7.986748e+01	8.087979e-04
-7.976748e+01	8.107923e-04
-7.966748e+01	8.127940e-04
-7.956748e+01	8.148033e-04
-7.946748e+01	8.168200e-04
-7.936748e+01	8.188442e-04
-7.926748e+01	8.208759e-04
-7.916748e+01	8.229153e-04
-7.906748e+01	8.249623e-04
-7.896748e+01	8.270169e-04
-7.886748e+01	8.290793e-04
-7.876748e+01	8.311494e-04
-7.866748e+01	8.332273e-04
-7.856748e+01	8.353130e-04
-7.846748e+01	8.374065e-04
-7.836748e+01	8.395080e-04
-7.826748e+01	8.416174e-04
-7.816748e+01	8.437348e-04
-7.806748e+01	8.458602e-04
-7.796748e+01	8.479937e-04
-7.786748e+01	8.501353e-04
-7.776748e+01	8.522850e-04
-7.766748e+01	8.544429e-04
-7.756748e+01	8.566091e-04
-7.746748e+01	8.587835e-04
-7.736748e+01	8.609662e-04
-7.726748e+01	8.631573e-04
-7.716748e+01	8.653568e-04
-7.706748e+01	8.675647e-04
-7.696748e+01	8.697811e-04
-7.686748e+01	8.720060e-04
-7.676748e+01	8.742395e-04
-7.666748e+01	8.764816e-04
-7.656748e+01	8.787324e-04
-7.646748e+01	8.809919e-04
-7.636748e+01	8.832601e-04
-7.626748e+01	8.855371e-04
-7.616748e+01	8.878230e-04
-7.606748e+01	8.901178e-04
-7.596748e+01	8.924214e-04
-7.586748e+01	8.947341e-04
-7.576748e+01	8.970558e-04
-7.566748e+01	8.993866e-04
-7.556748e+01	9.017265e-04
-7.546748e+01	9.040755e-04
-7.536748e+01	9.064338e-04
-7.526748e+01	9.088013e-04
-7.516748e+01	9.111782e-04
-7.506748e+01	9.135644e-04
-7.496748e+01	9.159600e-04
-7.486748e+01	9.183651e-04
-7.476748e+01	9.207798e-04
-7.466748e+01	9.232039e-04
-7.456748e+01	9.256377e-04
-7.446748e+01	9.280812e-04
-7.436748e+01	9.305343e-04
-7.426748e+01	9.329973e-04
-7.416748e+01	9.354700e-04
-7.406748e+01	9.379526e-04
-7.396748e+01	9.404452e-04
-7.386748e+01	9.429477e-04
-7.376748e+01	9.454603e-04
-7.366748e+01	9.479829e-04
-7.356748e+01	9.505157e-04
-7.346748e+01	9.530587e-04
-7.336748e+01	9.556119e-04
-7.326748e+01	9.581754e-04
-7.316748e+01	9.607493e-04
-7.306748e+01	9.633336e-04
-7.296748e+01	9.659284e-04
-7.286748e+01	9.685337e-04
-7.276748e+01	9.711496e-04
-7.266748e+01	9.737762e-04
-7.256748e+01	9.764134e-04
-7.246748e+01	9.790614e-04
-7.236748e+01	9.817203e-04
-7.226748e+01	9.843900e-04
-7.216748e+01	9.870706e-04
-7.206748e+01	9.897623e-04
-7.196748e+01	9.924650e-04
-7.186748e+01	9.951788e-04
-7.176748e+01	9.979038e-04
-7.166748e+01	1.000640e-03
-7.156748e+01	1.003388e-03
-7.146748e+01	1.006146e-03
-7.136748e+01	1.008917e-03
-7.126748e+01	1.011699e-03
-7.116748e+01	1.014492e-03
-7.106748e+01	1.017297e-03
-7.096748e+01	1.020114e-03
-7.086748e+01	1.022942e-03
-7.076748e+01	1.025783e-03
-7.066748e+01	1.028635e-03
-7.056748e+01	1.031499e-03
-7.046748e+01	1.034375e-03
-7.036748e+01	1.037263e-03
-7.026748e+01	1.040164e-03
-7.016748e+01	1.043076e-03
-7.006748e+01	1.046001e-03
-6.996748e+01	1.048938e-03
-6.986748e+01	1.051888e-03
-6.976748e+01	1.054850e-03
-6.966748e+01	1.057825e-03
-6.956748e+01	1.060812e-03
-6.946748e+01	1.063812e-03
-6.936748e+01	1.066825e-03
-6.926748e+01	1.069851e-03
-6.916748e+01	1.072890e-03
-6.906748e+01	1.075941e-03
-6.896748e+01	1.079006e-03
-6.886748e+01	1.082084e-03
-6.876748e+01	1.085175e-03
-6.866748e+01	1.088280e-03
-6.856748e+01	1.091397e-03
-6.846748e+01	1.094529e-03
-6.836748e+01	1.097674e-03
-6.826748e+01	1.100832e-03
-6.816748e+01	1.104004e-03
-6.806748e+01	1.107190e-03
-6.796748e+01	1.110390e-03
-6.786748e+01	1.113604e-03
-6.776748e+01	1.116832e-03
-6.766748e+01	1.120073e-03
-6.756748e+01	1.123330e-03
-6.746748e+01	1.126600e-03
-6.736748e+01	1.129885e-03
-6.726748e+01	1.133184e-03
-6.716748e+01	1.136497e-03
-6.706748e+01	1.139826e-03
-6.696748e+01	1.143168e-03
-6.686748e+01	1.146526e-03
-6.676748e+01	1.149899e-03
-6.666748e+01	1.153286e-03
-6.656748e+01	1.156689e-03
-6.646748e+01	1.160107e-03
-6.636748e+01	1.163540e-03
-6.626748e+01	1.166988e-03
-6.616748e+01	1.170452e-03
-6.606748e+01	1.173931e-03
-6.596748e+01	1.177425e-03
-6.586748e+01	1.180936e-03
-6.576748e+01	1.184462e-03
-6.566748e+01	1.188004e-03
-6.556748e+01	1.191562e-03
-6.546748e+01	1.195137e-03
-6.536748e+01	1.198727e-03
-6.526748e+01	1.202333e-03
-6.516748e+01	1.205956e-03
-6.506748e+01	1.209596e-03
-6.496748e+01	1.213252e-03
-6.486748e+01	1.216924e-03
-6.476748e+01	1.220614e-03
-6.466748e+01	1.224320e-03
-6.456748e+01	1.228043e-03
-6.446748e+01	1.231783e-03
-6.436748e+01	1.235541e-03
-6.426748e+01	1.239316e-03
-6.416748e+01	1.243108e-03
-6.406748e+01	1.246918e-03
-6.396748e+01	1.250745e-03
-6.386748e+01	1.254590e-03
-6.376748e+01	1.258453e-03
-6.366748e+01	1.262333e-03
-6.356748e+01	1.266232e-03
-6.346748e+01	1.270149e-03
-6.336748e+01	1.274084e-03
-6.326748e+01	1.278038e-03
-6.316748e+01	1.282010e-03
-6.306748e+01	1.286001e-03
-6.296748e+01	1.290010e-03
-6.286748e+01	1.294038e-03
-6.276748e+01	1.298086e-03
-6.266748e+01	1.302152e-03
-6.256748e+01	1.306238e-03
-6.246748e+01	1.310343e-03
-6.236748e+01	1.314467e-03
-6.226748e+01	1.318611e-03
-6.216748e+01	1.322775e-03
-6.206748e+01	1.326958e-03
-6.196748e+01	1.331162e-03
-6.186748e+01	1.335385e-03
-6.176748e+01	1.339629e-03
-6.166748e+01	1.343893e-03
-6.156748e+01	1.348178e-03
-6.146748e+01	1.352483e-03
-6.136748e+01	1.356809e-03
-6.126748e+01	1.361156e-03
-6.116748e+01	1.365524e-03
-6.106748e+01	1.369913e-03
-6.096748e+01	1.374323e-03
-6.086748e+01	1.378755e-03
-6.076748e+01	1.383208e-03
-6.066748e+01	1.387683e-03
-6.056748e+01	1.392180e-03
-6.046748e+01	1.396699e-03
-6.036748e+01	1.401240e-03
-6.026748e+01	1.405803e-03
-6.016748e+01	1.410388e-03
-6.006748e+01	1.414997e-03
-5.996748e+01	1.419627e-03
-5.986748e+01	1.424281e-03
-5.976748e+01	1.428958e-03
-5.966748e+01	1.433658e-03
-5.956748e+01	1.438381e-03
-5.946748e+01	1.443128e-03
-5.936748e+01	1.447899e-03
-5.926748e+01	1.452693e-03
-5.916748e+01	1.457511e-03
-5.906748e+01	1.462353e-03
-5.896748e+01	1.467220e-03
-5.886748e+01	1.472111e-03
-5.876748e+01	1.477027e-03
-5.866748e+01	1.481967e-03
-5.856748e+01	1.486932e-03
-5.846748e+01	1.491923e-03
-5.836748e+01	1.496939e-03
-5.826748e+01	1.501980e-03
-5.816748e+01	1.507047e-03
-5.806748e+01	1.512139e-03
-5.796748e+01	1.517258e-03
-5.786748e+01	1.522403e-03
-5.776748e+01	1.527574e-03
-5.766748e+01	1.532771e-03
-5.756748e+01	1.537996e-03
-5.746748e+01	1.543247e-03
-5.736748e+01	1.548525e-03
-5.726748e+01	1.553831e-03
-5.716748e+01	1.559164e-03
-5.706748e+01	1.564524e-03
-5.696748e+01	1.569913e-03
-5.686748e+01	1.575329e-03
-5.676748e+01	1.580774e-03
-5.666748e+01	1.586247e-03
-5.656748e+01	1.591748e-03
-5.646748e+01	1.597279e-03
-5.636748e+01	1.602838e-03
-5.626748e+01	1.608427e-03
-5.616748e+01	1.614045e-03
-5.606748e+01	1.619693e-03
-5.596748e+01	1.625371e-03
-5.586748e+01	1.631078e-03
-5.576748e+01	1.636816e-03
-5.566748e+01	1.642585e-03
-5.556748e+01	1.648384e-03
-5.546748e+01	1.654214e-03
-5.536748e+01	1.660075e-03
-5.526748e+01	1.665968e-03
-5.516748e+01	1.671892e-03
-5.506748e+01	1.677848e-03
-5.496748e+01	1.683836e-03
-5.486748e+01	1.689856e-03
-5.476748e+01	1.695909e-03
-5.466748e+01	1.701994e-03
-5.456748e+01	1.708113e-03
-5.446748e+01	1.714265e-03
-5.436748e+01	1.720450e-03
-5.426748e+01	1.726669e-03
-5.416748e+01	1.732922e-03
-5.406748e+01	1.739209e-03
-5.396748e+01	1.745530e-03
-5.386748e+01	1.751887e-03
-5.376748e+01	1.758278e-03
-5.366748e+01	1.764704e-03
-5.356748e+01	1.771166e-03
-5.346748e+01	1.777664e-03
-5.336748e+01	1.784198e-03
-5.326748e+01	1.790768e-03
-5.316748e+01	1.797374e-03
-5.306748e+01	1.804018e-03
-5.296748e+01	1.810698e-03
-5.286748e+01	1.817416e-03
-5.276748e+01	1.824171e-03
-5.266748e+01	1.830965e-03
-5.256748e+01	1.837797e-03
-5.246748e+01	1.844667e-03
-5.236748e+01	1.851576e-03
-5.226748e+01	1.858524e-03
-5.216748e+01	1.865512e-03
-5.206748e+01	1.872539e-03
-5.196748e+01	1.879606e-03
-5.186748e+01	1.886714e-03
-5.176748e+01	1.893862e-03
-5.166748e+01	1.901051e-03
-5.156748e+01	1.908281e-03
-5.146748e+01	1.915553e-03
-5.136748e+01	1.922867e-03
-5.126748e+01	1.930223e-03
-5.116748e+01	1.937622e-03
-5.106748e+01	1.945063e-03
-5.096748e+01	1.952548e-03
-5.086748e+01	1.960076e-03
-5.076748e+01	1.967648e-03
-5.066748e+01	1.975265e-03
-5.056748e+01	1.982926e-03
-5.046748e+01	1.990631e-03
-5.036748e+01	1.998383e-03
-5.026748e+01	2.006179e-03
-5.016748e+01	2.014022e-03
-5.006748e+01	2.021911e-03
-4.996748e+01	2.029847e-03
-4.986748e+01	2.037830e-03
-4.976748e+01	2.045860e-03
-4.966748e+01	2.053939e-03
-4.956748e+01	2.062065e-03
-4.946748e+01	2.070240e-03
-4.936748e+01	2.078464e-03
-4.926748e+01	2.086738e-03
-4.916748e+01	2.095061e-03
-4.906748e+01	2.103435e-03
-4.896748e+01	2.111859e-03
-4.886748e+01	2.120334e-03
-4.876748e+01	2.128861e-03
-4.866748e+01	2.137440e-03
-4.856748e+01	2.146070e-03
-4.846748e+01	2.154754e-03
-4.836748e+01	2.163491e-03
-4.826748e+01	2.172281e-03
-4.816748e+01	2.181125e-03
-4.806748e+01	2.190024e-03
-4.796748e+01	2.198978e-03
-4.786748e+01	2.207987e-03
-4.776748e+01	2.217052e-03
-4.766748e+01	2.226174e-03
-4.756748e+01	2.235352e-03
-4.746748e+01	2.244587e-03
-4.736748e+01	2.253880e-03
-4.726748e+01	2.263232e-03
-4.716748e+01	2.272642e-03
-4.706748e+01	2.282111e-03
-4.696748e+01	2.291640e-03
-4.686748e+01	2.301229e-03
-4.676748e+01	2.310879e-03
-4.666748e+01	2.320590e-03
-4.656748e+01	2.330363e-03
-4.646748e+01	2.340199e-03
-4.636748e+01	2.350097e-03
-4.626748e+01	2.360058e-03
-4.616748e+01	2.370084e-03
-4.606748e+01	2.380174e-03
-4.596748e+01	2.390328e-03
-4.586748e+01	2.400549e-03
-4.576748e+01	2.410836e-03
-4.566748e+01	2.421189e-03
-4.556748e+01	2.431610e-03
-4.546748e+01	2.442099e-03
-4.536748e+01	2.452656e-03
-4.526748e+01	2.463282e-03
-4.516748e+01	2.473978e-03
-4.506748e+01	2.484744e-03
-4.496748e+01	2.495582e-03
-4.486748e+01	2.506491e-03
-4.476748e+01	2.517472e-03
-4.466748e+01	2.528526e-03
-4.456748e+01	2.539653e-03
-4.446748e+01	2.550855e-03
-4.436748e+01	2.562132e-03
-4.426748e+01	2.573484e-03
-4.416748e+01	2.584912e-03
-4.406748e+01	2.596417e-03
-4.396748e+01	2.608000e-03
-4.386748e+01	2.619661e-03
-4.376748e+01	2.631401e-03
-4.366748e+01	2.643221e-03
-4.356748e+01	2.655121e-03
-4.346748e+01	2.667103e-03
-4.336748e+01	2.679166e-03
-4.326748e+01	2.691312e-03
-4.316748e+01	2.703542e-03
-4.306748e+01	2.715855e-03
-4.296748e+01	2.728254e-03
-4.286748e+01	2.740739e-03
-4.276748e+01	2.753310e-03
-4.266748e+01	2.765969e-03
-4.256748e+01	2.778715e-03
-4.246748e+01	2.791551e-03
-4.236748e+01	2.804477e-03
-4.226748e+01	2.817493e-03
-4.216748e+01	2.830601e-03
-4.206748e+01	2.843802e-03
-4.196748e+01	2.857096e-03
-4.186748e+01	2.870484e-03
-4.176748e+01	2.883967e-03
-4.166748e+01	2.897547e-03
-4.156748e+01	2.911223e-03
-4.146748e+01	2.924997e-03
-4.136748e+01	2.938870e-03
-4.126748e+01	2.952843e-03
-4.116748e+01	2.966917e-03
-4.106748e+01	2.981092e-03
-4.096748e+01	2.995370e-03
-4.086748e+01	3.009752e-03
-4.076748e+01	3.024239e-03
-4.066748e+01	3.038831e-03
-4.056748e+01	3.053531e-03
-4.046748e+01	3.068338e-03
-4.036748e+01	3.083254e-03
-4.026748e+01	3.098280e-03
-4.016748e+01	3.113418e-03
-4.006748e+01	3.128667e-03
-3.996748e+01	3.144030e-03
-3.986748e+01	3.159508e-03
-3.976748e+01	3.175101e-03
-3.966748e+01	3.190811e-03
-3.956748e+01	3.206639e-03
-3.946748e+01	3.222586e-03
-3.936748e+01	3.238653e-03
-3.926748e+01	3.254843e-03
-3.916748e+01	3.271155e-03
-3.906748e+01	3.287591e-03
-3.896748e+01	3.304153e-03
-3.886748e+01	3.320841e-03
-3.876748e+01	3.337657e-03
-3.866748e+01	3.354603e-03
-3.856748e+01	3.371679e-03
-3.846748e+01	3.388888e-03
-3.836748e+01	3.406230e-03
-3.826748e+01	3.423706e-03
-3.816748e+01	3.441319e-03
-3.806748e+01	3.459070e-03
-3.796748e+01	3.476960e-03
-3.786748e+01	3.494990e-03
-3.776748e+01	3.513162e-03
-3.766748e+01	3.531478e-03
-3.756748e+01	3.549939e-03
-3.746748e+01	3.568547e-03
-3.736748e+01	3.587303e-03
-3.726748e+01	3.606209e-03
-3.716748e+01	3.625267e-03
-3.706748e+01	3.644477e-03
-3.696748e+01	3.663842e-03
-3.686748e+01	3.683364e-03
-3.676748e+01	3.703044e-03
-3.666748e+01	3.722884e-03
-3.656748e+01	3.742885e-03
-3.646748e+01	3.763050e-03
-3.636748e+01	3.783380e-03
-3.626748e+01	3.803877e-03
-3.616748e+01	3.824543e-03
-3.606748e+01	3.845380e-03
-3.596748e+01	3.866390e-03
-3.586748e+01	3.887574e-03
-3.576748e+01	3.908935e-03
-3.566748e+01	3.930475e-03
-3.556748e+01	3.952195e-03
-3.546748e+01	3.974098e-03
-3.536748e+01	3.996185e-03
-3.526748e+01	4.018460e-03
-3.516748e+01	4.040923e-03
-3.506748e+01	4.063578e-03
-3.496748e+01	4.086426e-03
-3.486748e+01	4.109470e-03
-3.476748e+01	4.132711e-03
-3.466748e+01	4.156153e-03
-3.456748e+01	4.179797e-03
-3.446748e+01	4.203646e-03
-3.436748e+01	4.227702e-03
-3.426748e+01	4.251968e-03
-3.416748e+01	4.276447e-03
-3.406748e+01	4.301139e-03
-3.396748e+01	4.326050e-03
-3.386748e+01	4.351180e-03
-3.376748e+01	4.376532e-03
-3.366748e+01	4.402110e-03
-3.356748e+01	4.427915e-03
-3.346748e+01	4.453951e-03
-3.336748e+01	4.480221e-03
-3.326748e+01	4.506726e-03
-3.316748e+01	4.533471e-03
-3.306748e+01	4.560458e-03
-3.296748e+01	4.587690e-03
-3.286748e+01	4.615170e-03
-3.276748e+01	4.642900e-03
-3.266748e+01	4.670886e-03
-3.256748e+01	4.699128e-03
-3.246748e+01	4.727631e-03
-3.236748e+01	4.756398e-03
-3.226748e+01	4.785431e-03
-3.216748e+01	4.814736e-03
-3.206748e+01	4.844314e-03
-3.196748e+01	4.874169e-03
-3.186748e+01	4.904306e-03
-3.176748e+01	4.934727e-03
-3.166748e+01	4.965436e-03
-3.156748e+01	4.996437e-03
-3.146748e+01	5.027733e-03
-3.136748e+01	5.059329e-03
-3.126748e+01	5.091228e-03
-3.116748e+01	5.123435e-03
-3.106748e+01	5.155952e-03
-3.096748e+01	5.188786e-03
-3.086748e+01	5.221938e-03
-3.076748e+01	5.255414e-03
-3.066748e+01	5.289219e-03
-3.056748e+01	5.323356e-03
-3.046748e+01	5.357829e-03
-3.036748e+01	5.392644e-03
-3.026748e+01	5.427805e-03
-3.016748e+01	5.463317e-03
-3.006748e+01	5.499184e-03
-2.996748e+01	5.535411e-03
-2.986748e+01	5.572003e-03
-2.976748e+01	5.608965e-03
-2.966748e+01	5.646303e-03
-2.956748e+01	5.684021e-03
-2.946748e+01	5.722124e-03
-2.936748e+01	5.760619e-03
-2.926748e+01	5.799510e-03
-2.916748e+01	5.838804e-03
-2.906748e+01	5.878505e-03
-2.896748e+01	5.918619e-03
-2.886748e+01	5.959153e-03
-2.876748e+01	6.000112e-03
-2.866748e+01	6.041502e-03
-2.856748e+01	6.083330e-03
-2.846748e+01	6.125602e-03
-2.836748e+01	6.168324e-03
-2.826748e+01	6.211503e-03
-2.816748e+01	6.255146e-03
-2.806748e+01	6.299258e-03
-2.796748e+01	6.343848e-03
-2.786748e+01	6.388922e-03
-2.776748e+01	6.434487e-03
-2.766748e+01	6.480551e-03
-2.756748e+01	6.527121e-03
-2.746748e+01	6.574205e-03
-2.736748e+01	6.621810e-03
-2.726748e+01	6.669945e-03
-2.716748e+01	6.718617e-03
-2.706748e+01	6.767834e-03
-2.696748e+01	6.817605e-03
-2.686748e+01	6.867939e-03
-2.676748e+01	6.918844e-03
-2.666748e+01	6.970328e-03
-2.656748e+01	7.022402e-03
-2.646748e+01	7.075073e-03
-2.636748e+01	7.128352e-03
-2.626748e+01	7.182248e-03
-2.616748e+01	7.236772e-03
-2.606748e+01	7.291931e-03
-2.596748e+01	7.347738e-03
-2.586748e+01	7.404202e-03
-2.576748e+01	7.461335e-03
-2.566748e+01	7.519146e-03
-2.556748e+01	7.577646e-03
-2.546748e+01	7.636848e-03
-2.536748e+01	7.696763e-03
-2.526748e+01	7.757402e-03
-2.516748e+01	7.818777e-03
-2.506748e+01	7.880901e-03
-2.496748e+01	7.943785e-03
-2.486748e+01	8.007444e-03
-2.476748e+01	8.071890e-03
-2.466748e+01	8.137135e-03
-2.456748e+01	8.203195e-03
-2.446748e+01	8.270083e-03
-2.436748e+01	8.337812e-03
-2.426748e+01	8.406398e-03
-2.416748e+01	8.475856e-03
-2.406748e+01	8.546200e-03
-2.396748e+01	8.617447e-03
-2.386748e+01	8.689611e-03
-2.376748e+01	8.762710e-03
-2.366748e+01	8.836760e-03
-2.356748e+01	8.911778e-03
-2.346748e+01	8.987781e-03
-2.336748e+01	9.064788e-03
-2.326748e+01	9.142815e-03
-2.316748e+01	9.221883e-03
-2.306748e+01	9.302010e-03
-2.296748e+01	9.383216e-03
-2.286748e+01	9.465520e-03
-2.276748e+01	9.548944e-03
-2.266748e+01	9.633507e-03
-2.256748e+01	9.719232e-03
-2.246748e+01	9.806141e-03
-2.236748e+01	9.894256e-03
-2.226748e+01	9.983600e-03
-2.216748e+01	1.007420e-02
-2.206748e+01	1.016607e-02
-2.196748e+01	1.025925e-02
-2.186748e+01	1.035375e-02
-2.176748e+01	1.044961e-02
-2.166748e+01	1.054685e-02
-2.156748e+01	1.064549e-02
-2.146748e+01	1.074557e-02
-2.136748e+01	1.084712e-02
-2.126748e+01	1.095016e-02
-2.116748e+01	1.105473e-02
-2.106748e+01	1.116085e-02
-2.096748e+01	1.126856e-02
-2.086748e+01	1.137790e-02
-2.076748e+01	1.148888e-02
-2.066748e+01	1.160156e-02
-2.056748e+01	1.171597e-02
-2.046748e+01	1.183214e-02
-2.036748e+01	1.195010e-02
-2.026748e+01	1.206991e-02
-2.016748e+01	1.219160e-02
-2.006748e+01	1.231520e-02
-1.996748e+01	1.244077e-02
-1.986748e+01	1.256835e-02
-1.976748e+01	1.269797e-02
-1.966748e+01	1.282969e-02
-1.956748e+01	1.296356e-02
-1.946748e+01	1.309961e-02
-1.936748e+01	1.323791e-02
-1.926748e+01	1.337850e-02
-1.916748e+01	1.352144e-02
-1.906748e+01	1.366678e-02
-1.896748e+01	1.381458e-02
-1.886748e+01	1.396490e-02
-1.876748e+01	1.411779e-02
-1.866748e+01	1.427332e-02
-1.856748e+01	1.443155e-02
-1.846748e+01	1.459256e-02
-1.836748e+01	1.475639e-02
-1.826748e+01	1.492314e-02
-1.816748e+01	1.509286e-02
-1.806748e+01	1.526563e-02
-1.796748e+01	1.544154e-02
-1.786748e+01	1.562066e-02
-1.776748e+01	1.580307e-02
-1.766748e+01	1.598886e-02
-1.756748e+01	1.617812e-02
-1.746748e+01	1.637093e-02
-1.736748e+01	1.656740e-02
-1.726748e+01	1.676763e-02
-1.716748e+01	1.697170e-02
-1.706748e+01	1.717974e-02
-1.696748e+01	1.739184e-02
-1.686748e+01	1.760812e-02
-1.676748e+01	1.782870e-02
-1.666748e+01	1.805369e-02
-1.656748e+01	1.828324e-02
-1.646748e+01	1.851745e-02
-1.636748e+01	1.875649e-02
-1.626748e+01	1.900047e-02
-1.616748e+01	1.924955e-02
-1.606748e+01	1.950389e-02
-1.596748e+01	1.976364e-02
-1.586748e+01	2.002897e-02
-1.576748e+01	2.030004e-02
-1.566748e+01	2.057705e-02
-1.556748e+01	2.086017e-02
-1.546748e+01	2.114960e-02
-1.536748e+01	2.144555e-02
-1.526748e+01	2.174822e-02
-1.516748e+01	2.205784e-02
-1.506748e+01	2.237464e-02
-1.496748e+01	2.269886e-02
-1.486748e+01	2.303075e-02
-1.476748e+01	2.337059e-02
-1.466748e+01	2.371864e-02
-1.456748e+01	2.407520e-02
-1.446748e+01	2.444058e-02
-1.436748e+01	2.481509e-02
-1.426748e+01	2.519907e-02
-1.416748e+01	2.559287e-02
-1.406748e+01	2.599686e-02
-1.396748e+01	2.641145e-02
-1.386748e+01	2.683703e-02
-1.376748e+01	2.727404e-02
-1.366748e+01	2.772294e-02
-1.356748e+01	2.818422e-02
-1.346748e+01	2.865838e-02
-1.336748e+01	2.914597e-02
-1.326748e+01	2.964756e-02
-1.316748e+01	3.016375e-02
-1.306748e+01	3.069520e-02
-1.296748e+01	3.124259e-02
-1.286748e+01	3.180665e-02
-1.276748e+01	3.238814e-02
-1.266748e+01	3.298791e-02
-1.256748e+01	3.360684e-02
-1.246748e+01	3.424587e-02
-1.236748e+01	3.490601e-02
-1.226748e+01	3.558835e-02
-1.216748e+01	3.629407e-02
-1.206748e+01	3.702440e-02
-1.196748e+01	3.778072e-02
-1.186748e+01	3.856447e-02
-1.176748e+01	3.937725e-02
-1.166748e+01	4.022076e-02
-1.156748e+01	4.109687e-02
-1.146748e+01	4.200761e-02
-1.136748e+01	4.295520e-02
-1.126748e+01	4.394205e-02
-1.116748e+01	4.497082e-02
-1.106748e+01	4.604444e-02
-1.096748e+01	4.716612e-02
-1.086748e+01	4.833944e-02
-1.076748e+01	4.956834e-02
-1.066748e+01	5.085725e-02
-1.056748e+01	5.221107e-02
-1.046748e+01	5.363534e-02
-1.036748e+01	5.513627e-02
-1.026748e+01	5.672089e-02
-1.016748e+01	5.839718e-02
-1.006748e+01	6.017427e-02
-9.967479e+00	6.206259e-02
-9.867479e+00	6.407419e-02
-9.767479e+00	6.622303e-02
-9.667479e+00	6.852539e-02
-9.567479e+00	7.100036e-02
-9.467479e+00	7.367051e-02
-9.367479e+00	7.656269e-02
-9.267479e+00	7.970910e-02
-9.167479e+00	8.314865e-02
-9.067479e+00	8.692883e-02
-8.967479e+00	9.110811e-02
-8.867479e+00	9.575925e-02
-8.767479e+00	1.009738e-01
-8.667479e+00	1.068683e-01
-8.567479e+00	1.135933e-01
-8.467479e+00	1.213458e-01
-8.367479e+00	1.303880e-01
-8.267479e+00	1.410747e-01
-8.167479e+00	1.538959e-01
-8.067479e+00	1.695429e-01
-7.967479e+00	1.890146e-01
-7.867479e+00	2.137938e-01
-7.767479e+00	2.461489e-01
-7.667479e+00	2.896660e-01
-7.567479e+00	3.502187e-01
-7.467479e+00	4.377696e-01
-7.367479e+00	5.696740e-01
-7.267479e+00	7.759702e-01
-7.167479e+00	1.102378e+00
-7.067479e+00	1.577584e+00
-6.967479e+00	2.046419e+00
-6.867479e+00	2.071404e+00
-6.767479e+00	1.626941e+00
-6.667479e+00	1.152376e+00
-6.567479e+00	8.249729e-01
-6.467479e+00	6.212628e-01
-6.367479e+00	4.948615e-01
-6.267479e+00	4.147075e-01
-6.167479e+00	3.628323e-01
-6.067479e+00	3.289702e-01
-5.967479e+00	3.071272e-01
-5.867479e+00	2.937037e-01
-5.767479e+00	2.864905e-01
-5.667479e+00	2.841238e-01
-5.567479e+00	2.857850e-01
-5.467479e+00	2.910361e-01
-5.367479e+00	2.997290e-01
-5.267479e+00	3.117613e-01
-5.167479e+00	3.263581e-01
-5.067479e+00	3.423898e-01
-4.967479e+00	3.608087e-01
-4.867479e+00	3.834247e-01
-4.767479e+00	4.112774e-01
-4.667479e+00	4.453032e-01
-4.567479e+00	4.868148e-01
-4.467479e+00	5.376063e-01
-4.367479e+00	6.004871e-01
-4.267479e+00	6.804844e-01
-4.167479e+00	7.853534e-01
-4.067479e+00	9.258334e-01
-3.967479e+00	1.112230e+00
-3.867479e+00	1.345984e+00
-3.767479e+00	1.646490e+00
-3.667479e+00	2.093606e+00
-3.567479e+00	2.775310e+00
-3.467479e+00	3.641428e+00
-3.367479e+00	4.281559e+00
-3.267479e+00	4.457044e+00
-3.167479e+00	4.620672e+00
-3.067479e+00	4.905003e+00
-2.967479e+00	5.145817e+00
-2.867479e+00	5.350102e+00
-2.767479e+00	5.433500e+00
-2.667479e+00	5.606905e+00
-2.567479e+00	6.176749e+00
-2.467479e+00	7.175178e+00
-2.367479e+00	8.305494e+00
-2.267479e+00	8.972783e+00
-2.167479e+00	9.433879e+00
-2.067479e+00	1.018554e+01
-1.967479e+00	1.150732e+01
-1.867479e+00	1.371086e+01
-1.767479e+00	1.514363e+01
-1.667479e+00	1.335981e+01
-1.567479e+00	9.925464e+00
-1.467479e+00	7.158309e+00
-1.367479e+00	5.426507e+00
-1.267479e+00	4.429708e+00
-1.167479e+00	3.906088e+00
-1.067479e+00	3.745261e+00
-9.674791e-01	3.938974e+00
-8.674791e-01	4.559611e+00
-7.674791e-01	5.784752e+00
-6.674791e-01	7.871133e+00
-5.674791e-01	1.073851e+01
-4.674791e-01	1.275684e+01
-3.674791e-01	1.165059e+01
-2.674791e-01	8.642317e+00
-1.674791e-01	6.019370e+00
-6.747911e-02	4.289392e+00
3.252089e-02	3.217460e+00
1.325209e-01	2.561056e+00
2.325209e-01	2.176932e+00
3.325209e-01	1.987471e+00
4.325209e-01	1.908859e+00
5.325209e-01	1.776857e+00
6.325209e-01	1.516653e+00
7.325209e-01	1.251673e+00
8.325209e-01	1.053780e+00
9.325209e-01	9.164833e-01
1.032521e+00	8.205190e-01
1.132521e+00	7.520804e-01
1.232521e+00	7.027769e-01
1.332521e+00	6.676072e-01
1.432521e+00	6.435820e-01
1.532521e+00	6.289615e-01
1.632521e+00	6.228657e-01
1.732521e+00	6.251152e-01
1.832521e+00	6.362246e-01
1.932521e+00	6.575520e-01
2.032521e+00	6.916807e-01
2.132521e+00	7.431462e-01
2.232521e+00	8.195800e-01
2.332521e+00	9.328469e-01
2.432521e+00	1.099751e+00
2.532521e+00	1.337199e+00
2.632521e+00	1.604546e+00
2.732521e+00	1.728089e+00
2.832521e+00	1.652242e+00
2.932521e+00	1.566729e+00
3.032521e+00	1.581872e+00
3.132521e+00	1.711344e+00
3.232521e+00	1.961613e+00
3.332521e+00	2.363052e+00
3.432521e+00	2.986669e+00
3.532521e+00	3.963877e+00
3.632521e+00	5.517778e+00
3.732521e+00	7.933367e+00
3.832521e+00	1.103404e+01
3.932521e+00	1.287129e+01
4.032521e+00	1.136593e+01
4.132521e+00	8.363054e+00
4.232521e+00	5.974800e+00
4.332521e+00	4.479062e+00
4.432521e+00	3.605515e+00
4.532521e+00	3.123704e+00
4.632521e+00	2.900491e+00
4.732521e+00	2.869429e+00
4.832521e+00	3.006674e+00
4.932521e+00	3.320478e+00
5.032521e+00	3.851686e+00
5.132521e+00	4.685385e+00
5.232521e+00	5.978452e+00
5.332521e+00	8.012824e+00
5.432521e+00	1.127863e+01
5.532521e+00	1.649466e+01
5.632521e+00	2.393222e+01
5.732521e+00	3.053495e+01
5.832521e+00	2.959529e+01
5.932521e+00	2.224893e+01
6.032521e+00	1.512513e+01
6.132521e+00	1.029851e+01
6.232521e+00	7.264406e+00
6.332521e+00	5.333068e+00
6.432521e+00	4.058896e+00
6.532521e+00	3.185095e+00
6.632521e+00	2.564095e+00
6.732521e+00	2.108723e+00
6.832521e+00	1.765648e+00
6.932521e+00	1.501078e+00
7.032521e+00	1.292893e+00
7.132521e+00	1.126181e+00
7.232521e+00	9.906180e-01
7.332521e+00	8.788904e-01
7.432521e+00	7.857036e-01
7.532521e+00	7.071536e-01
7.632521e+00	6.403123e-01
7.732521e+00	5.829501e-01
7.832521e+00	5.333459e-01
7.932521e+00	4.901546e-01
8.032521e+00	4.523130e-01
8.132521e+00	4.189728e-01
8.232521e+00	3.894510e-01
8.332521e+00	3.631938e-01
8.432521e+00	3.397498e-01
8.532521e+00	3.187503e-01
8.632521e+00	2.998956e-01
8.732521e+00	2.829458e-01
8.832521e+00	2.677181e-01
8.932521e+00	2.540895e-01
9.032521e+00	2.420054e-01
9.132521e+00	2.314553e-01
9.232521e+00	2.222531e-01
9.332521e+00	2.135402e-01
9.432521e+00	2.045515e-01
9.532521e+00	1.960707e-01
9.632521e+00	1.889194e-01
9.732521e+00	1.833071e-01
9.832521e+00	1.793768e-01
9.932521e+00	1.774940e-01
1.003252e+01	1.784172e-01
1.013252e+01	1.835521e-01
1.023252e+01	1.952532e-01
1.033252e+01	2.162249e-01
1.043252e+01	2.438620e-01
1.053252e+01	2.597720e-01
1.063252e+01	2.523351e-01
1.073252e+01	2.420774e-01
1.083252e+01	2.363654e-01
1.093252e+01	2.193745e-01
1.103252e+01	1.928568e-01
1.113252e+01	1.723612e-01
1.123252e+01	1.629583e-01
1.133252e+01	1.639491e-01
1.143252e+01	1.706868e-01
1.153252e+01	1.695978e-01
1.163252e+01	1.535621e-01
1.173252e+01	1.347927e-01
1.183252e+01	1.214889e-01
1.193252e+01	1.140167e-01
1.203252e+01	1.113425e-01
1.213252e+01	1.127586e-01
1.223252e+01	1.177254e-01
1.233252e+01	1.241288e-01
1.243252e+01	1.244099e-01
1.253252e+01	1.155601e-01
1.263252e+01	1.032887e-01
1.273252e+01	9.173807e-02
1.283252e+01	8.296110e-02
1.293252e+01	7.683195e-02
1.303252e+01	7.251047e-02
1.313252e+01	6.942253e-02
1.323252e+01	6.735110e-02
1.333252e+01	6.609759e-02
1.343252e+01	6.497518e-02
1.353252e+01	6.311314e-02
1.363252e+01	6.065664e-02
1.373252e+01	5.812814e-02
1.383252e+01	5.595848e-02
1.393252e+01	5.427402e-02
1.403252e+01	5.295385e-02
1.413252e+01	5.174523e-02
1.423252e+01	5.052601e-02
1.433252e+01	4.945192e-02
1.443252e+01	4.863379e-02
1.453252e+01	4.811269e-02
1.463252e+01	4.798458e-02
1.473252e+01	4.839041e-02
1.483252e+01	4.934445e-02
1.493252e+01	5.043676e-02
1.503252e+01	5.067474e-02
1.513252e+01	4.962676e-02
1.523252e+01	4.874231e-02
1.533252e+01	4.913042e-02
1.543252e+01	5.031986e-02
1.553252e+01	5.004098e-02
1.563252e+01	4.732741e-02
1.573252e+01	4.424735e-02
1.583252e+01	4.193474e-02
1.593252e+01	4.038163e-02
1.603252e+01	3.945968e-02
1.613252e+01	3.888299e-02
1.623252e+01	3.821206e-02
1.633252e+01	3.745283e-02
1.643252e+01	3.693359e-02
1.653252e+01	3.679404e-02
1.663252e+01	3.709540e-02
1.673252e+01	3.796739e-02
1.683252e+01	3.965386e-02
1.693252e+01	4.239132e-02
1.703252e+01	4.569402e-02
1.713252e+01	4.775212e-02
1.723252e+01	4.800952e-02
1.733252e+01	4.740937e-02
1.743252e+01	4.704617e-02
1.753252e+01	4.843916e-02
1.763252e+01	5.225584e-02
1.773252e+01	5.854255e-02
1.783252e+01	6.636717e-02
1.793252e+01	7.451084e-02
1.803252e+01	8.275089e-02
1.813252e+01	8.653957e-02
1.823252e+01	8.450859e-02
1.833252e+01	8.430256e-02
1.843252e+01	8.832647e-02
1.853252e+01	8.858505e-02
1.863252e+01	7.927621e-02
1.873252e+01	6.864382e-02
1.883252e+01	6.206776e-02
1.893252e+01	5.796991e-02
1.903252e+01	5.561595e-02
1.913252e+01	5.672014e-02
1.923252e+01	6.237780e-02
1.933252e+01	7.257635e-02
1.943252e+01	8.337051e-02
1.953252e+01	8.706568e-02
1.963252e+01	8.286501e-02
1.973252e+01	7.240758e-02
1.983252e+01	6.055127e-02
1.993252e+01	5.146283e-02
2.003252e+01	4.483957e-02
2.013252e+01	4.002320e-02
2.023252e+01	3.607690e-02
2.033252e+01	3.272512e-02
2.043252e+01	3.030612e-02
2.053252e+01	2.884542e-02
2.063252e+01	2.829696e-02
2.073252e+01	2.854929e-02
2.083252e+01	2.902699e-02
2.093252e+01	2.881971e-02
2.103252e+01	2.832683e-02
2.113252e+01	2.846027e-02
2.123252e+01	2.900221e-02
2.133252e+01	2.909563e-02
2.143252e+01	2.870819e-02
2.153252e+01	2.882874e-02
2.163252e+01	3.023211e-02
2.173252e+01	3.318714e-02
2.183252e+01	3.709030e-02
2.193252e+01	4.077250e-02
2.203252e+01	4.539704e-02
2.213252e+01	5.239050e-02
2.223252e+01	5.759997e-02
2.233252e+01	5.504729e-02
2.243252e+01	4.666101e-02
2.253252e+01	3.823572e-02
2.263252e+01	3.259976e-02
2.273252e+01	2.932400e-02
2.283252e+01	2.716982e-02
2.293252e+01	2.539728e-02
2.303252e+01	2.354586e-02
2.313252e+01	2.184653e-02
2.323252e+01	2.062840e-02
2.333252e+01	1.973379e-02
2.343252e+01	1.908814e-02
2.353252e+01	1.881044e-02
2.363252e+01	1.890359e-02
2.373252e+01	1.905235e-02
2.383252e+01	1.881692e-02
2.393252e+01	1.843508e-02
2.403252e+01	1.838008e-02
2.413252e+01	1.887385e-02
2.423252e+01	2.002347e-02
2.433252e+01	2.160616e-02
2.443252e+01	2.254971e-02
2.453252e+01	2.209875e-02
2.463252e+01	2.107905e-02
2.473252e+01	2.035828e-02
2.483252e+01	2.014472e-02
2.493252e+01	2.038196e-02
2.503252e+01	2.099771e-02
2.513252e+01	2.173460e-02
2.523252e+01	2.257424e-02
2.533252e+01	2.364848e-02
2.543252e+01	2.451701e-02
2.553252e+01	2.447726e-02
2.563252e+01	2.409583e-02
2.573252e+01	2.431576e-02
2.583252e+01	2.504047e-02
2.593252e+01	2.626809e-02
2.603252e+01	2.866722e-02
2.613252e+01	3.285394e-02
2.623252e+01	3.967988e-02
2.633252e+01	5.053381e-02
2.643252e+01	6.567667e-02
2.653252e+01	8.031166e-02
2.663252e+01	8.874651e-02
2.673252e+01	9.339663e-02
2.683252e+01	9.643491e-02
2.693252e+01	9.764053e-02
2.703252e+01	9.095092e-02
2.713252e+01	7.615299e-02
2.723252e+01	6.067975e-02
2.733252e+01	4.813678e-02
2.743252e+01	3.878040e-02
2.753252e+01	3.279599e-02
2.763252e+01	2.945755e-02
2.773252e+01	2.723792e-02
2.783252e+01	2.500643e-02
2.793252e+01	2.332021e-02
2.803252e+01	2.264570e-02
2.813252e+01	2.233491e-02
2.823252e+01	2.165521e-02
2.833252e+01	2.056465e-02
2.843252e+01	1.903273e-02
2.853252e+01	1.752856e-02
2.863252e+01	1.639017e-02
2.873252e+01	1.571356e-02
2.883252e+01	1.550211e-02
2.893252e+01	1.573852e-02
2.903252e+01	1.647142e-02
2.913252e+01	1.785925e-02
2.923252e+01	2.021018e-02
2.933252e+01	2.398390e-02
2.943252e+01	2.965338e-02
2.953252e+01	3.740999e-02
2.963252e+01	4.503814e-02
2.973252e+01	4.656956e-02
2.983252e+01	4.175118e-02
2.993252e+01	3.535737e-02
3.003252e+01	3.036026e-02
3.013252e+01	2.771969e-02
3.023252e+01	2.736004e-02
3.033252e+01	2.772425e-02
3.043252e+01	2.629689e-02
3.053252e+01	2.344047e-02
3.063252e+01	2.085575e-02
3.073252e+01	1.944586e-02
3.083252e+01	1.929330e-02
3.093252e+01	1.969691e-02
3.103252e+01	1.997884e-02
3.113252e+01	2.076524e-02
3.123252e+01	2.281936e-02
3.133252e+01	2.594586e-02
3.143252e+01	2.769226e-02
3.153252e+01	2.511887e-02
3.163252e+01	2.057871e-02
3.173252e+01	1.702725e-02
3.183252e+01	1.490217e-02
3.193252e+01	1.388319e-02
3.203252e+01	1.374579e-02
3.213252e+01	1.437753e-02
3.223252e+01	1.541069e-02
3.233252e+01	1.613717e-02
3.243252e+01	1.669111e-02
3.253252e+01	1.737243e-02
3.263252e+01	1.696081e-02
3.273252e+01	1.501003e-02
3.283252e+01	1.303137e-02
3.293252e+01	1.177256e-02
3.303252e+01	1.101184e-02
3.313252e+01	1.037299e-02
3.323252e+01	9.892858e-03
3.333252e+01	9.708957e-03
3.343252e+01	9.722287e-03
3.353252e+01	9.638921e-03
3.363252e+01	9.363948e-03
3.373252e+01	9.219978e-03
3.383252e+01	9.446588e-03
3.393252e+01	1.004740e-02
3.403252e+01	1.060009e-02
3.413252e+01	1.041420e-02
3.423252e+01	9.616468e-03
3.433252e+01	8.699065e-03
3.443252e+01	7.947661e-03
3.453252e+01	7.434812e-03
3.463252e+01	7.103908e-03
3.473252e+01	6.884594e-03
3.483252e+01	6.733935e-03
3.493252e+01	6.642341e-03
3.503252e+01	6.603972e-03
3.513252e+01	6.608926e-03
3.523252e+01	6.666745e-03
3.533252e+01	6.817810e-03
3.543252e+01	7.123317e-03
3.553252e+01	7.617798e-03
3.563252e+01	8.118277e-03
3.573252e+01	8.110922e-03
3.583252e+01	7.562793e-03
3.593252e+01	6.989917e-03
3.603252e+01	6.603454e-03
3.613252e+01	6.374093e-03
3.623252e+01	6.232586e-03
3.633252e+01	6.134494e-03
3.643252e+01	6.079206e-03
3.653252e+01	6.073116e-03
3.663252e+01	6.119820e-03
3.673252e+01	6.229681e-03
3.683252e+01	6.416997e-03
3.693252e+01	6.664647e-03
3.703252e+01	6.888600e-03
3.713252e+01	7.085545e-03
3.723252e+01	7.356118e-03
3.733252e+01	7.679965e-03
3.743252e+01	8.082774e-03
3.753252e+01	8.735268e-03
3.763252e+01	9.703319e-03
3.773252e+01	1.110057e-02
3.783252e+01	1.324574e-02
3.793252e+01	1.573103e-02
3.803252e+01	1.651144e-02
3.813252e+01	1.485476e-02
3.823252e+01	1.287823e-02
3.833252e+01	1.163686e-02
3.843252e+01	1.075607e-02
3.853252e+01	1.000258e-02
3.863252e+01	9.573590e-03
3.873252e+01	9.568323e-03
3.883252e+01	9.949533e-03
3.893252e+01	1.066476e-02
3.903252e+01	1.153973e-02
3.913252e+01	1.213676e-02
3.923252e+01	1.219890e-02
3.933252e+01	1.165618e-02
3.943252e+01	1.101622e-02
3.953252e+01	1.081594e-02
3.963252e+01	1.099175e-02
3.973252e+01	1.135877e-02
3.983252e+01	1.205571e-02
3.993252e+01	1.324320e-02
4.003252e+01	1.517690e-02
4.013252e+01	1.842006e-02
4.023252e+01	2.382208e-02
4.033252e+01	3.196821e-02
4.043252e+01	4.076671e-02
4.053252e+01	4.398460e-02
4.063252e+01	4.130828e-02
4.073252e+01	3.927525e-02
4.083252e+01	3.914149e-02
4.093252e+01	3.650965e-02
4.103252e+01	3.003170e-02
4.113252e+01	2.334497e-02
4.123252e+01	1.841518e-02
4.133252e+01	1.525687e-02
4.143252e+01	1.322803e-02
4.153252e+01	1.193133e-02
4.163252e+01	1.115068e-02
4.173252e+01	1.056044e-02
4.183252e+01	9.973392e-03
4.193252e+01	9.261452e-03
4.203252e+01	8.612502e-03
4.213252e+01	8.301388e-03
4.223252e+01	8.426822e-03
4.233252e+01	8.946858e-03
4.243252e+01	9.330963e-03
4.253252e+01	8.751189e-03
4.263252e+01	7.563253e-03
4.273252e+01	6.534824e-03
4.283252e+01	5.825712e-03
4.293252e+01	5.351014e-03
4.303252e+01	5.024138e-03
4.313252e+01	4.789923e-03
4.323252e+01	4.616237e-03
4.333252e+01	4.484605e-03
4.343252e+01	4.384297e-03
4.353252e+01	4.307873e-03
4.363252e+01	4.246381e-03
4.373252e+01	4.192707e-03
4.383252e+01	4.150614e-03
4.393252e+01	4.125689e-03
4.403252e+01	4.120934e-03
4.413252e+01	4.140343e-03
4.423252e+01	4.189656e-03
4.433252e+01	4.270789e-03
4.443252e+01	4.377719e-03
4.453252e+01	4.517772e-03
4.463252e+01	4.709922e-03
4.473252e+01	5.003700e-03
4.483252e+01	5.499957e-03
4.493252e+01	6.287667e-03
4.503252e+01	7.350021e-03
4.513252e+01	8.309913e-03
4.523252e+01	8.239430e-03
4.533252e+01	7.145009e-03
4.543252e+01	6.029822e-03
4.553252e+01	5.277314e-03
4.563252e+01	4.819033e-03
4.573252e+01	4.540033e-03
4.583252e+01	4.379146e-03
4.593252e+01	4.310375e-03
4.603252e+01	4.322228e-03
4.613252e+01	4.416966e-03
4.623252e+01	4.615411e-03
4.633252e+01	4.968594e-03
4.643252e+01	5.560525e-03
4.653252e+01	6.448905e-03
4.663252e+01	7.367021e-03
4.673252e+01	7.511992e-03
4.683252e+01	6.795237e-03
4.693252e+01	6.036099e-03
4.703252e+01	5.595512e-03
4.713252e+01	5.460755e-03
4.723252e+01	5.585908e-03
4.733252e+01	5.976780e-03
4.743252e+01	6.705162e-03
4.753252e+01	7.898255e-03
4.763252e+01	9.588795e-03
4.773252e+01	1.128130e-02
4.783252e+01	1.240363e-02
4.793252e+01	1.387897e-02
4.803252e+01	1.686659e-02
4.813252e+01	2.073788e-02
4.823252e+01	2.189113e-02
4.833252e+01	1.843508e-02
4.843252e+01	1.384878e-02
4.853252e+01	1.049770e-02
4.863252e+01	8.410692e-03
4.873252e+01	7.069586e-03
4.883252e+01	6.101992e-03
4.893252e+01	5.413050e-03
4.903252e+01	4.972452e-03
4.913252e+01	4.738128e-03
4.923252e+01	4.672864e-03
4.933252e+01	4.709890e-03
4.943252e+01	4.769626e-03
4.953252e+01	4.793437e-03
4.963252e+01	4.597852e-03
4.973252e+01	4.197624e-03
4.983252e+01	3.827721e-03
4.993252e+01	3.567909e-03
5.003252e+01	3.396162e-03
5.013252e+01	3.283123e-03
5.023252e+01	3.210070e-03
5.033252e+01	3.166910e-03
5.043252e+01	3.150644e-03
5.053252e+01	3.164214e-03
5.063252e+01	3.216543e-03
5.073252e+01	3.325759e-03
5.083252e+01	3.522432e-03
5.093252e+01	3.837859e-03
5.103252e+01	4.215706e-03
5.113252e+01	4.375615e-03
5.123252e+01	4.175442e-03
5.133252e+01	3.921853e-03
5.143252e+01	3.834658e-03
5.153252e+01	3.961345e-03
5.163252e+01	4.310016e-03
5.173252e+01	4.766139e-03
5.183252e+01	4.918691e-03
5.193252e+01	4.598777e-03
5.203252e+01	4.237806e-03
5.213252e+01	4.105591e-03
5.223252e+01	4.187306e-03
5.233252e+01	4.329258e-03
5.243252e+01	4.274764e-03
5.253252e+01	3.951247e-03
5.263252e+01	3.598923e-03
5.273252e+01	3.311480e-03
5.283252e+01	3.072260e-03
5.293252e+01	2.895575e-03
5.303252e+01	2.780392e-03
5.313252e+01	2.712846e-03
5.323252e+01	2.681276e-03
5.333252e+01	2.667981e-03
5.343252e+01	2.639703e-03
5.353252e+01	2.590532e-03
5.363252e+01	2.549679e-03
5.373252e+01	2.532270e-03
5.383252e+01	2.539802e-03
5.393252e+01	2.561533e-03
5.403252e+01	2.561652e-03
5.413252e+01	2.521628e-03
5.423252e+01	2.472793e-03
5.433252e+01	2.434428e-03
5.443252e+01	2.406086e-03
5.453252e+01	2.386344e-03
5.463252e+01	2.374872e-03
5.473252e+01	2.369669e-03
5.483252e+01	2.368963e-03
5.493252e+01	2.375111e-03
5.503252e+01	2.392180e-03
5.513252e+01	2.423798e-03
5.523252e+01	2.466950e-03
5.533252e+01	2.495883e-03
5.543252e+01	2.486254e-03
5.553252e+01	2.461579e-03
5.563252e+01	2.443852e-03
5.573252e+01	2.438033e-03
5.583252e+01	2.445392e-03
5.593252e+01	2.464339e-03
5.603252e+01	2.494645e-03
5.613252e+01	2.540665e-03
5.623252e+01	2.609988e-03
5.633252e+01	2.714219e-03
5.643252e+01	2.866630e-03
5.653252e+01	3.055629e-03
5.663252e+01	3.194219e-03
5.673252e+01	3.209128e-03
5.683252e+01	3.175945e-03
5.693252e+01	3.157474e-03
5.703252e+01	3.177936e-03
5.713252e+01	3.257915e-03
5.723252e+01	3.404057e-03
5.733252e+01	3.636751e-03
5.743252e+01	3.994476e-03
5.753252e+01	4.512950e-03
5.763252e+01	5.158181e-03
5.773252e+01	5.805447e-03
5.783252e+01	6.442205e-03
5.793252e+01	7.187275e-03
5.803252e+01	7.986127e-03
5.813252e+01	8.787972e-03
5.823252e+01	9.708833e-03
5.833252e+01	1.047215e-02
5.843252e+01	1.053419e-02
5.853252e+01	1.007921e-02
5.863252e+01	9.903846e-03
5.873252e+01	1.047356e-02
5.883252e+01	1.206630e-02
5.893252e+01	1.509279e-02
5.903252e+01	2.016631e-02
5.913252e+01	2.738158e-02
5.923252e+01	3.372300e-02
5.933252e+01	3.417243e-02
5.943252e+01	3.119418e-02
5.953252e+01	3.006601e-02
5.963252e+01	2.981554e-02
5.973252e+01	2.624614e-02
5.983252e+01	2.046654e-02
5.993252e+01	1.582050e-02
6.003252e+01	1.311080e-02
6.013252e+01	1.175468e-02
6.023252e+01	1.066414e-02
6.033252e+01	9.250263e-03
6.043252e+01	7.991883e-03
6.053252e+01	7.285432e-03
6.063252e+01	7.150640e-03
6.073252e+01	7.452928e-03
6.083252e+01	7.890143e-03
6.093252e+01	7.898042e-03
6.103252e+01	7.057130e-03
6.113252e+01	5.907025e-03
6.123252e+01	5.057241e-03
6.133252e+01	4.589068e-03
6.143252e+01	4.360742e-03
6.153252e+01	4.122335e-03
6.163252e+01	3.764344e-03
6.173252e+01	3.425887e-03
6.183252e+01	3.189347e-03
6.193252e+01	3.046175e-03
6.203252e+01	2.972458e-03
6.213252e+01	2.947436e-03
6.223252e+01	2.960045e-03
6.233252e+01	3.019752e-03
6.243252e+01	3.144454e-03
6.253252e+01	3.357575e-03
6.263252e+01	3.699089e-03
6.273252e+01	4.240795e-03
6.283252e+01	5.110536e-03
6.293252e+01	6.521798e-03
6.303252e+01	8.727868e-03
6.313252e+01	1.150959e-02
6.323252e+01	1.299490e-02
6.333252e+01	1.142624e-02
6.343252e+01	8.630189e-03
