#RPA-results:
#Nucleus: Ni 80
#Fermi level: -1.541935e+00	-1.810941e+01
#Excitation: 1 +
#Total number of pairs: 494
#Number of ph-/ah-pairs: 494/0
#Maximal excitation-energy for particle-hole-pairs: 100
#Maximal excitation-energy for antiparticle-hole-pairs: 1000
#No imaginary eigenvalues

#Parameterset: DD-PC1
#natural parity: no
#Isoscalar result:

#width: 5.000000e-01
#maximum value: 1.359290e-02
#at energy: 6.343252e+01
-9.656748e+01	4.990319e-04
-9.646748e+01	4.999973e-04
-9.636748e+01	5.009654e-04
-9.626748e+01	5.019364e-04
-9.616748e+01	5.029102e-04
-9.606748e+01	5.038869e-04
-9.596748e+01	5.048664e-04
-9.586748e+01	5.058488e-04
-9.576748e+01	5.068340e-04
-9.566748e+01	5.078222e-04
-9.556748e+01	5.088132e-04
-9.546748e+01	5.098072e-04
-9.536748e+01	5.108040e-04
-9.526748e+01	5.118038e-04
-9.516748e+01	5.128066e-04
-9.506748e+01	5.138123e-04
-9.496748e+01	5.148209e-04
-9.486748e+01	5.158326e-04
-9.476748e+01	5.168472e-04
-9.466748e+01	5.178648e-04
-9.456748e+01	5.188855e-04
-9.446748e+01	5.199092e-04
-9.436748e+01	5.209359e-04
-9.426748e+01	5.219656e-04
-9.416748e+01	5.229985e-04
-9.406748e+01	5.240343e-04
-9.396748e+01	5.250733e-04
-9.386748e+01	5.261154e-04
-9.376748e+01	5.271606e-04
-9.366748e+01	5.282089e-04
-9.356748e+01	5.292604e-04
-9.346748e+01	5.303150e-04
-9.336748e+01	5.313727e-04
-9.326748e+01	5.324337e-04
-9.316748e+01	5.334978e-04
-9.306748e+01	5.345651e-04
-9.296748e+01	5.356356e-04
-9.286748e+01	5.367094e-04
-9.276748e+01	5.377864e-04
-9.266748e+01	5.388666e-04
-9.256748e+01	5.399501e-04
-9.246748e+01	5.410369e-04
-9.236748e+01	5.421270e-04
-9.226748e+01	5.432204e-04
-9.216748e+01	5.443171e-04
-9.206748e+01	5.454171e-04
-9.196748e+01	5.465205e-04
-9.186748e+01	5.476272e-04
-9.176748e+01	5.487373e-04
-9.166748e+01	5.498508e-04
-9.156748e+01	5.509677e-04
-9.146748e+01	5.520880e-04
-9.136748e+01	5.532117e-04
-9.126748e+01	5.543389e-04
-9.116748e+01	5.554695e-04
-9.106748e+01	5.566036e-04
-9.096748e+01	5.577412e-04
-9.086748e+01	5.588822e-04
-9.076748e+01	5.600268e-04
-9.066748e+01	5.611749e-04
-9.056748e+01	5.623266e-04
-9.046748e+01	5.634818e-04
-9.036748e+01	5.646406e-04
-9.026748e+01	5.658029e-04
-9.016748e+01	5.669689e-04
-9.006748e+01	5.681385e-04
-8.996748e+01	5.693117e-04
-8.986748e+01	5.704885e-04
-8.976748e+01	5.716690e-04
-8.966748e+01	5.728532e-04
-8.956748e+01	5.740411e-04
-8.946748e+01	5.752327e-04
-8.936748e+01	5.764280e-04
-8.926748e+01	5.776270e-04
-8.916748e+01	5.788298e-04
-8.906748e+01	5.800364e-04
-8.896748e+01	5.812467e-04
-8.886748e+01	5.824609e-04
-8.876748e+01	5.836788e-04
-8.866748e+01	5.849006e-04
-8.856748e+01	5.861263e-04
-8.846748e+01	5.873558e-04
-8.836748e+01	5.885892e-04
-8.826748e+01	5.898265e-04
-8.816748e+01	5.910676e-04
-8.806748e+01	5.923128e-04
-8.796748e+01	5.935618e-04
-8.786748e+01	5.948149e-04
-8.776748e+01	5.960719e-04
-8.766748e+01	5.973329e-04
-8.756748e+01	5.985979e-04
-8.746748e+01	5.998670e-04
-8.736748e+01	6.011401e-04
-8.726748e+01	6.024173e-04
-8.716748e+01	6.036985e-04
-8.706748e+01	6.049839e-04
-8.696748e+01	6.062734e-04
-8.686748e+01	6.075670e-04
-8.676748e+01	6.088647e-04
-8.666748e+01	6.101667e-04
-8.656748e+01	6.114728e-04
-8.646748e+01	6.127831e-04
-8.636748e+01	6.140977e-04
-8.626748e+01	6.154165e-04
-8.616748e+01	6.167395e-04
-8.606748e+01	6.180669e-04
-8.596748e+01	6.193985e-04
-8.586748e+01	6.207345e-04
-8.576748e+01	6.220748e-04
-8.566748e+01	6.234194e-04
-8.556748e+01	6.247684e-04
-8.546748e+01	6.261218e-04
-8.536748e+01	6.274797e-04
-8.526748e+01	6.288419e-04
-8.516748e+01	6.302086e-04
-8.506748e+01	6.315798e-04
-8.496748e+01	6.329555e-04
-8.486748e+01	6.343357e-04
-8.476748e+01	6.357204e-04
-8.466748e+01	6.371096e-04
-8.456748e+01	6.385034e-04
-8.446748e+01	6.399019e-04
-8.436748e+01	6.413049e-04
-8.426748e+01	6.427125e-04
-8.416748e+01	6.441248e-04
-8.406748e+01	6.455418e-04
-8.396748e+01	6.469635e-04
-8.386748e+01	6.483898e-04
-8.376748e+01	6.498210e-04
-8.366748e+01	6.512568e-04
-8.356748e+01	6.526974e-04
-8.346748e+01	6.541429e-04
-8.336748e+01	6.555931e-04
-8.326748e+01	6.570482e-04
-8.316748e+01	6.585082e-04
-8.306748e+01	6.599730e-04
-8.296748e+01	6.614427e-04
-8.286748e+01	6.629174e-04
-8.276748e+01	6.643970e-04
-8.266748e+01	6.658816e-04
-8.256748e+01	6.673712e-04
-8.246748e+01	6.688658e-04
-8.236748e+01	6.703654e-04
-8.226748e+01	6.718701e-04
-8.216748e+01	6.733798e-04
-8.206748e+01	6.748947e-04
-8.196748e+01	6.764147e-04
-8.186748e+01	6.779399e-04
-8.176748e+01	6.794702e-04
-8.166748e+01	6.810058e-04
-8.156748e+01	6.825465e-04
-8.146748e+01	6.840925e-04
-8.136748e+01	6.856438e-04
-8.126748e+01	6.872004e-04
-8.116748e+01	6.887623e-04
-8.106748e+01	6.903295e-04
-8.096748e+01	6.919021e-04
-8.086748e+01	6.934801e-04
-8.076748e+01	6.950635e-04
-8.066748e+01	6.966524e-04
-8.056748e+01	6.982467e-04
-8.046748e+01	6.998465e-04
-8.036748e+01	7.014519e-04
-8.026748e+01	7.030627e-04
-8.016748e+01	7.046792e-04
-8.006748e+01	7.063012e-04
-7.996748e+01	7.079289e-04
-7.986748e+01	7.095622e-04
-7.976748e+01	7.112012e-04
-7.966748e+01	7.128458e-04
-7.956748e+01	7.144962e-04
-7.946748e+01	7.161524e-04
-7.936748e+01	7.178143e-04
-7.926748e+01	7.194821e-04
-7.916748e+01	7.211557e-04
-7.906748e+01	7.228351e-04
-7.896748e+01	7.245204e-04
-7.886748e+01	7.262117e-04
-7.876748e+01	7.279088e-04
-7.866748e+01	7.296120e-04
-7.856748e+01	7.313211e-04
-7.846748e+01	7.330363e-04
-7.836748e+01	7.347576e-04
-7.826748e+01	7.364849e-04
-7.816748e+01	7.382183e-04
-7.806748e+01	7.399579e-04
-7.796748e+01	7.417037e-04
-7.786748e+01	7.434556e-04
-7.776748e+01	7.452138e-04
-7.766748e+01	7.469782e-04
-7.756748e+01	7.487490e-04
-7.746748e+01	7.505260e-04
-7.736748e+01	7.523094e-04
-7.726748e+01	7.540992e-04
-7.716748e+01	7.558954e-04
-7.706748e+01	7.576980e-04
-7.696748e+01	7.595072e-04
-7.686748e+01	7.613228e-04
-7.676748e+01	7.631449e-04
-7.666748e+01	7.649736e-04
-7.656748e+01	7.668089e-04
-7.646748e+01	7.686509e-04
-7.636748e+01	7.704995e-04
-7.626748e+01	7.723548e-04
-7.616748e+01	7.742168e-04
-7.606748e+01	7.760856e-04
-7.596748e+01	7.779612e-04
-7.586748e+01	7.798436e-04
-7.576748e+01	7.817329e-04
-7.566748e+01	7.836290e-04
-7.556748e+01	7.855321e-04
-7.546748e+01	7.874422e-04
-7.536748e+01	7.893592e-04
-7.526748e+01	7.912833e-04
-7.516748e+01	7.932144e-04
-7.506748e+01	7.951526e-04
-7.496748e+01	7.970980e-04
-7.486748e+01	7.990505e-04
-7.476748e+01	8.010102e-04
-7.466748e+01	8.029772e-04
-7.456748e+01	8.049514e-04
-7.446748e+01	8.069330e-04
-7.436748e+01	8.089219e-04
-7.426748e+01	8.109182e-04
-7.416748e+01	8.129219e-04
-7.406748e+01	8.149330e-04
-7.396748e+01	8.169517e-04
-7.386748e+01	8.189779e-04
-7.376748e+01	8.210116e-04
-7.366748e+01	8.230530e-04
-7.356748e+01	8.251020e-04
-7.346748e+01	8.271587e-04
-7.336748e+01	8.292231e-04
-7.326748e+01	8.312952e-04
-7.316748e+01	8.333752e-04
-7.306748e+01	8.354630e-04
-7.296748e+01	8.375587e-04
-7.286748e+01	8.396623e-04
-7.276748e+01	8.417738e-04
-7.266748e+01	8.438934e-04
-7.256748e+01	8.460210e-04
-7.246748e+01	8.481567e-04
-7.236748e+01	8.503005e-04
-7.226748e+01	8.524524e-04
-7.216748e+01	8.546126e-04
-7.206748e+01	8.567810e-04
-7.196748e+01	8.589577e-04
-7.186748e+01	8.611427e-04
-7.176748e+01	8.633361e-04
-7.166748e+01	8.655379e-04
-7.156748e+01	8.677482e-04
-7.146748e+01	8.699670e-04
-7.136748e+01	8.721943e-04
-7.126748e+01	8.744302e-04
-7.116748e+01	8.766747e-04
-7.106748e+01	8.789280e-04
-7.096748e+01	8.811899e-04
-7.086748e+01	8.834607e-04
-7.076748e+01	8.857402e-04
-7.066748e+01	8.880286e-04
-7.056748e+01	8.903259e-04
-7.046748e+01	8.926322e-04
-7.036748e+01	8.949474e-04
-7.026748e+01	8.972717e-04
-7.016748e+01	8.996051e-04
-7.006748e+01	9.019477e-04
-6.996748e+01	9.042994e-04
-6.986748e+01	9.066604e-04
-6.976748e+01	9.090306e-04
-6.966748e+01	9.114102e-04
-6.956748e+01	9.137992e-04
-6.946748e+01	9.161976e-04
-6.936748e+01	9.186055e-04
-6.926748e+01	9.210230e-04
-6.916748e+01	9.234500e-04
-6.906748e+01	9.258867e-04
-6.896748e+01	9.283330e-04
-6.886748e+01	9.307891e-04
-6.876748e+01	9.332550e-04
-6.866748e+01	9.357307e-04
-6.856748e+01	9.382163e-04
-6.846748e+01	9.407119e-04
-6.836748e+01	9.432175e-04
-6.826748e+01	9.457331e-04
-6.816748e+01	9.482589e-04
-6.806748e+01	9.507948e-04
-6.796748e+01	9.533409e-04
-6.786748e+01	9.558973e-04
-6.776748e+01	9.584640e-04
-6.766748e+01	9.610411e-04
-6.756748e+01	9.636287e-04
-6.746748e+01	9.662268e-04
-6.736748e+01	9.688354e-04
-6.726748e+01	9.714546e-04
-6.716748e+01	9.740845e-04
-6.706748e+01	9.767251e-04
-6.696748e+01	9.793766e-04
-6.686748e+01	9.820388e-04
-6.676748e+01	9.847120e-04
-6.666748e+01	9.873962e-04
-6.656748e+01	9.900913e-04
-6.646748e+01	9.927976e-04
-6.636748e+01	9.955150e-04
-6.626748e+01	9.982436e-04
-6.616748e+01	1.000984e-03
-6.606748e+01	1.003735e-03
-6.596748e+01	1.006497e-03
-6.586748e+01	1.009271e-03
-6.576748e+01	1.012057e-03
-6.566748e+01	1.014854e-03
-6.556748e+01	1.017663e-03
-6.546748e+01	1.020484e-03
-6.536748e+01	1.023316e-03
-6.526748e+01	1.026160e-03
-6.516748e+01	1.029016e-03
-6.506748e+01	1.031885e-03
-6.496748e+01	1.034765e-03
-6.486748e+01	1.037657e-03
-6.476748e+01	1.040561e-03
-6.466748e+01	1.043478e-03
-6.456748e+01	1.046407e-03
-6.446748e+01	1.049349e-03
-6.436748e+01	1.052303e-03
-6.426748e+01	1.055269e-03
-6.416748e+01	1.058248e-03
-6.406748e+01	1.061240e-03
-6.396748e+01	1.064244e-03
-6.386748e+01	1.067262e-03
-6.376748e+01	1.070292e-03
-6.366748e+01	1.073335e-03
-6.356748e+01	1.076391e-03
-6.346748e+01	1.079461e-03
-6.336748e+01	1.082543e-03
-6.326748e+01	1.085639e-03
-6.316748e+01	1.088748e-03
-6.306748e+01	1.091871e-03
-6.296748e+01	1.095007e-03
-6.286748e+01	1.098157e-03
-6.276748e+01	1.101320e-03
-6.266748e+01	1.104497e-03
-6.256748e+01	1.107688e-03
-6.246748e+01	1.110893e-03
-6.236748e+01	1.114112e-03
-6.226748e+01	1.117344e-03
-6.216748e+01	1.120591e-03
-6.206748e+01	1.123853e-03
-6.196748e+01	1.127128e-03
-6.186748e+01	1.130418e-03
-6.176748e+01	1.133723e-03
-6.166748e+01	1.137042e-03
-6.156748e+01	1.140375e-03
-6.146748e+01	1.143724e-03
-6.136748e+01	1.147087e-03
-6.126748e+01	1.150465e-03
-6.116748e+01	1.153858e-03
-6.106748e+01	1.157266e-03
-6.096748e+01	1.160690e-03
-6.086748e+01	1.164128e-03
-6.076748e+01	1.167583e-03
-6.066748e+01	1.171052e-03
-6.056748e+01	1.174537e-03
-6.046748e+01	1.178038e-03
-6.036748e+01	1.181554e-03
-6.026748e+01	1.185087e-03
-6.016748e+01	1.188635e-03
-6.006748e+01	1.192199e-03
-5.996748e+01	1.195780e-03
-5.986748e+01	1.199376e-03
-5.976748e+01	1.202989e-03
-5.966748e+01	1.206618e-03
-5.956748e+01	1.210264e-03
-5.946748e+01	1.213927e-03
-5.936748e+01	1.217606e-03
-5.926748e+01	1.221302e-03
-5.916748e+01	1.225015e-03
-5.906748e+01	1.228745e-03
-5.896748e+01	1.232492e-03
-5.886748e+01	1.236256e-03
-5.876748e+01	1.240038e-03
-5.866748e+01	1.243837e-03
-5.856748e+01	1.247654e-03
-5.846748e+01	1.251488e-03
-5.836748e+01	1.255341e-03
-5.826748e+01	1.259211e-03
-5.816748e+01	1.263099e-03
-5.806748e+01	1.267005e-03
-5.796748e+01	1.270929e-03
-5.786748e+01	1.274872e-03
-5.776748e+01	1.278833e-03
-5.766748e+01	1.282813e-03
-5.756748e+01	1.286812e-03
-5.746748e+01	1.290829e-03
-5.736748e+01	1.294865e-03
-5.726748e+01	1.298920e-03
-5.716748e+01	1.302995e-03
-5.706748e+01	1.307089e-03
-5.696748e+01	1.311202e-03
-5.686748e+01	1.315334e-03
-5.676748e+01	1.319487e-03
-5.666748e+01	1.323659e-03
-5.656748e+01	1.327851e-03
-5.646748e+01	1.332063e-03
-5.636748e+01	1.336295e-03
-5.626748e+01	1.340548e-03
-5.616748e+01	1.344821e-03
-5.606748e+01	1.349114e-03
-5.596748e+01	1.353429e-03
-5.586748e+01	1.357764e-03
-5.576748e+01	1.362120e-03
-5.566748e+01	1.366497e-03
-5.556748e+01	1.370895e-03
-5.546748e+01	1.375315e-03
-5.536748e+01	1.379756e-03
-5.526748e+01	1.384219e-03
-5.516748e+01	1.388704e-03
-5.506748e+01	1.393211e-03
-5.496748e+01	1.397739e-03
-5.486748e+01	1.402290e-03
-5.476748e+01	1.406864e-03
-5.466748e+01	1.411459e-03
-5.456748e+01	1.416078e-03
-5.446748e+01	1.420719e-03
-5.436748e+01	1.425384e-03
-5.426748e+01	1.430071e-03
-5.416748e+01	1.434782e-03
-5.406748e+01	1.439516e-03
-5.396748e+01	1.444274e-03
-5.386748e+01	1.449055e-03
-5.376748e+01	1.453861e-03
-5.366748e+01	1.458690e-03
-5.356748e+01	1.463544e-03
-5.346748e+01	1.468422e-03
-5.336748e+01	1.473325e-03
-5.326748e+01	1.478252e-03
-5.316748e+01	1.483204e-03
-5.306748e+01	1.488182e-03
-5.296748e+01	1.493184e-03
-5.286748e+01	1.498212e-03
-5.276748e+01	1.503266e-03
-5.266748e+01	1.508345e-03
-5.256748e+01	1.513450e-03
-5.246748e+01	1.518581e-03
-5.236748e+01	1.523739e-03
-5.226748e+01	1.528923e-03
-5.216748e+01	1.534134e-03
-5.206748e+01	1.539371e-03
-5.196748e+01	1.544636e-03
-5.186748e+01	1.549928e-03
-5.176748e+01	1.555247e-03
-5.166748e+01	1.560594e-03
-5.156748e+01	1.565968e-03
-5.146748e+01	1.571371e-03
-5.136748e+01	1.576801e-03
-5.126748e+01	1.582260e-03
-5.116748e+01	1.587748e-03
-5.106748e+01	1.593264e-03
-5.096748e+01	1.598810e-03
-5.086748e+01	1.604384e-03
-5.076748e+01	1.609988e-03
-5.066748e+01	1.615621e-03
-5.056748e+01	1.621285e-03
-5.046748e+01	1.626978e-03
-5.036748e+01	1.632701e-03
-5.026748e+01	1.638455e-03
-5.016748e+01	1.644240e-03
-5.006748e+01	1.650055e-03
-4.996748e+01	1.655902e-03
-4.986748e+01	1.661780e-03
-4.976748e+01	1.667689e-03
-4.966748e+01	1.673630e-03
-4.956748e+01	1.679603e-03
-4.946748e+01	1.685609e-03
-4.936748e+01	1.691646e-03
-4.926748e+01	1.697717e-03
-4.916748e+01	1.703820e-03
-4.906748e+01	1.709957e-03
-4.896748e+01	1.716127e-03
-4.886748e+01	1.722331e-03
-4.876748e+01	1.728569e-03
-4.866748e+01	1.734840e-03
-4.856748e+01	1.741147e-03
-4.846748e+01	1.747488e-03
-4.836748e+01	1.753863e-03
-4.826748e+01	1.760274e-03
-4.816748e+01	1.766721e-03
-4.806748e+01	1.773203e-03
-4.796748e+01	1.779721e-03
-4.786748e+01	1.786275e-03
-4.776748e+01	1.792866e-03
-4.766748e+01	1.799494e-03
-4.756748e+01	1.806159e-03
-4.746748e+01	1.812861e-03
-4.736748e+01	1.819601e-03
-4.726748e+01	1.826378e-03
-4.716748e+01	1.833194e-03
-4.706748e+01	1.840048e-03
-4.696748e+01	1.846941e-03
-4.686748e+01	1.853873e-03
-4.676748e+01	1.860845e-03
-4.666748e+01	1.867856e-03
-4.656748e+01	1.874907e-03
-4.646748e+01	1.881999e-03
-4.636748e+01	1.889131e-03
-4.626748e+01	1.896304e-03
-4.616748e+01	1.903518e-03
-4.606748e+01	1.910773e-03
-4.596748e+01	1.918071e-03
-4.586748e+01	1.925411e-03
-4.576748e+01	1.932793e-03
-4.566748e+01	1.940218e-03
-4.556748e+01	1.947686e-03
-4.546748e+01	1.955198e-03
-4.536748e+01	1.962753e-03
-4.526748e+01	1.970353e-03
-4.516748e+01	1.977998e-03
-4.506748e+01	1.985687e-03
-4.496748e+01	1.993421e-03
-4.486748e+01	2.001202e-03
-4.476748e+01	2.009028e-03
-4.466748e+01	2.016900e-03
-4.456748e+01	2.024819e-03
-4.446748e+01	2.032786e-03
-4.436748e+01	2.040799e-03
-4.426748e+01	2.048861e-03
-4.416748e+01	2.056971e-03
-4.406748e+01	2.065129e-03
-4.396748e+01	2.073337e-03
-4.386748e+01	2.081593e-03
-4.376748e+01	2.089900e-03
-4.366748e+01	2.098257e-03
-4.356748e+01	2.106664e-03
-4.346748e+01	2.115123e-03
-4.336748e+01	2.123633e-03
-4.326748e+01	2.132195e-03
-4.316748e+01	2.140809e-03
-4.306748e+01	2.149476e-03
-4.296748e+01	2.158196e-03
-4.286748e+01	2.166969e-03
-4.276748e+01	2.175797e-03
-4.266748e+01	2.184679e-03
-4.256748e+01	2.193616e-03
-4.246748e+01	2.202609e-03
-4.236748e+01	2.211657e-03
-4.226748e+01	2.220762e-03
-4.216748e+01	2.229923e-03
-4.206748e+01	2.239142e-03
-4.196748e+01	2.248419e-03
-4.186748e+01	2.257754e-03
-4.176748e+01	2.267147e-03
-4.166748e+01	2.276600e-03
-4.156748e+01	2.286113e-03
-4.146748e+01	2.295686e-03
-4.136748e+01	2.305320e-03
-4.126748e+01	2.315015e-03
-4.116748e+01	2.324771e-03
-4.106748e+01	2.334591e-03
-4.096748e+01	2.344473e-03
-4.086748e+01	2.354418e-03
-4.076748e+01	2.364428e-03
-4.066748e+01	2.374502e-03
-4.056748e+01	2.384641e-03
-4.046748e+01	2.394846e-03
-4.036748e+01	2.405117e-03
-4.026748e+01	2.415455e-03
-4.016748e+01	2.425860e-03
-4.006748e+01	2.436334e-03
-3.996748e+01	2.446876e-03
-3.986748e+01	2.457487e-03
-3.976748e+01	2.468168e-03
-3.966748e+01	2.478919e-03
-3.956748e+01	2.489742e-03
-3.946748e+01	2.500636e-03
-3.936748e+01	2.511602e-03
-3.926748e+01	2.522642e-03
-3.916748e+01	2.533755e-03
-3.906748e+01	2.544943e-03
-3.896748e+01	2.556205e-03
-3.886748e+01	2.567544e-03
-3.876748e+01	2.578958e-03
-3.866748e+01	2.590450e-03
-3.856748e+01	2.602019e-03
-3.846748e+01	2.613667e-03
-3.836748e+01	2.625394e-03
-3.826748e+01	2.637201e-03
-3.816748e+01	2.649089e-03
-3.806748e+01	2.661058e-03
-3.796748e+01	2.673109e-03
-3.786748e+01	2.685243e-03
-3.776748e+01	2.697461e-03
-3.766748e+01	2.709763e-03
-3.756748e+01	2.722150e-03
-3.746748e+01	2.734624e-03
-3.736748e+01	2.747184e-03
-3.726748e+01	2.759832e-03
-3.716748e+01	2.772569e-03
-3.706748e+01	2.785394e-03
-3.696748e+01	2.798310e-03
-3.686748e+01	2.811317e-03
-3.676748e+01	2.824416e-03
-3.666748e+01	2.837608e-03
-3.656748e+01	2.850894e-03
-3.646748e+01	2.864274e-03
-3.636748e+01	2.877749e-03
-3.626748e+01	2.891321e-03
-3.616748e+01	2.904990e-03
-3.606748e+01	2.918758e-03
-3.596748e+01	2.932624e-03
-3.586748e+01	2.946591e-03
-3.576748e+01	2.960659e-03
-3.566748e+01	2.974830e-03
-3.556748e+01	2.989103e-03
-3.546748e+01	3.003481e-03
-3.536748e+01	3.017964e-03
-3.526748e+01	3.032553e-03
-3.516748e+01	3.047250e-03
-3.506748e+01	3.062054e-03
-3.496748e+01	3.076969e-03
-3.486748e+01	3.091994e-03
-3.476748e+01	3.107131e-03
-3.466748e+01	3.122380e-03
-3.456748e+01	3.137743e-03
-3.446748e+01	3.153222e-03
-3.436748e+01	3.168817e-03
-3.426748e+01	3.184529e-03
-3.416748e+01	3.200360e-03
-3.406748e+01	3.216311e-03
-3.396748e+01	3.232383e-03
-3.386748e+01	3.248577e-03
-3.376748e+01	3.264895e-03
-3.366748e+01	3.281338e-03
-3.356748e+01	3.297907e-03
-3.346748e+01	3.314603e-03
-3.336748e+01	3.331428e-03
-3.326748e+01	3.348384e-03
-3.316748e+01	3.365471e-03
-3.306748e+01	3.382691e-03
-3.296748e+01	3.400045e-03
-3.286748e+01	3.417535e-03
-3.276748e+01	3.435162e-03
-3.266748e+01	3.452928e-03
-3.256748e+01	3.470834e-03
-3.246748e+01	3.488882e-03
-3.236748e+01	3.507072e-03
-3.226748e+01	3.525408e-03
-3.216748e+01	3.543890e-03
-3.206748e+01	3.562519e-03
-3.196748e+01	3.581298e-03
-3.186748e+01	3.600228e-03
-3.176748e+01	3.619311e-03
-3.166748e+01	3.638548e-03
-3.156748e+01	3.657942e-03
-3.146748e+01	3.677493e-03
-3.136748e+01	3.697204e-03
-3.126748e+01	3.717076e-03
-3.116748e+01	3.737111e-03
-3.106748e+01	3.757311e-03
-3.096748e+01	3.777678e-03
-3.086748e+01	3.798214e-03
-3.076748e+01	3.818920e-03
-3.066748e+01	3.839799e-03
-3.056748e+01	3.860852e-03
-3.046748e+01	3.882082e-03
-3.036748e+01	3.903490e-03
-3.026748e+01	3.925078e-03
-3.016748e+01	3.946849e-03
-3.006748e+01	3.968805e-03
-2.996748e+01	3.990948e-03
-2.986748e+01	4.013279e-03
-2.976748e+01	4.035802e-03
-2.966748e+01	4.058518e-03
-2.956748e+01	4.081430e-03
-2.946748e+01	4.104540e-03
-2.936748e+01	4.127850e-03
-2.926748e+01	4.151363e-03
-2.916748e+01	4.175080e-03
-2.906748e+01	4.199005e-03
-2.896748e+01	4.223141e-03
-2.886748e+01	4.247488e-03
-2.876748e+01	4.272051e-03
-2.866748e+01	4.296831e-03
-2.856748e+01	4.321832e-03
-2.846748e+01	4.347055e-03
-2.836748e+01	4.372504e-03
-2.826748e+01	4.398181e-03
-2.816748e+01	4.424090e-03
-2.806748e+01	4.450233e-03
-2.796748e+01	4.476612e-03
-2.786748e+01	4.503231e-03
-2.776748e+01	4.530094e-03
-2.766748e+01	4.557202e-03
-2.756748e+01	4.584559e-03
-2.746748e+01	4.612168e-03
-2.736748e+01	4.640032e-03
-2.726748e+01	4.668154e-03
-2.716748e+01	4.696539e-03
-2.706748e+01	4.725188e-03
-2.696748e+01	4.754106e-03
-2.686748e+01	4.783296e-03
-2.676748e+01	4.812761e-03
-2.666748e+01	4.842505e-03
-2.656748e+01	4.872531e-03
-2.646748e+01	4.902844e-03
-2.636748e+01	4.933447e-03
-2.626748e+01	4.964343e-03
-2.616748e+01	4.995537e-03
-2.606748e+01	5.027033e-03
-2.596748e+01	5.058834e-03
-2.586748e+01	5.090945e-03
-2.576748e+01	5.123370e-03
-2.566748e+01	5.156112e-03
-2.556748e+01	5.189177e-03
-2.546748e+01	5.222568e-03
-2.536748e+01	5.256291e-03
-2.526748e+01	5.290349e-03
-2.516748e+01	5.324747e-03
-2.506748e+01	5.359489e-03
-2.496748e+01	5.394582e-03
-2.486748e+01	5.430028e-03
-2.476748e+01	5.465834e-03
-2.466748e+01	5.502004e-03
-2.456748e+01	5.538544e-03
-2.446748e+01	5.575458e-03
-2.436748e+01	5.612751e-03
-2.426748e+01	5.650431e-03
-2.416748e+01	5.688500e-03
-2.406748e+01	5.726966e-03
-2.396748e+01	5.765834e-03
-2.386748e+01	5.805110e-03
-2.376748e+01	5.844799e-03
-2.366748e+01	5.884908e-03
-2.356748e+01	5.925443e-03
-2.346748e+01	5.966410e-03
-2.336748e+01	6.007815e-03
-2.326748e+01	6.049664e-03
-2.316748e+01	6.091966e-03
-2.306748e+01	6.134725e-03
-2.296748e+01	6.177949e-03
-2.286748e+01	6.221646e-03
-2.276748e+01	6.265821e-03
-2.266748e+01	6.310483e-03
-2.256748e+01	6.355638e-03
-2.246748e+01	6.401295e-03
-2.236748e+01	6.447461e-03
-2.226748e+01	6.494144e-03
-2.216748e+01	6.541351e-03
-2.206748e+01	6.589092e-03
-2.196748e+01	6.637374e-03
-2.186748e+01	6.686206e-03
-2.176748e+01	6.735597e-03
-2.166748e+01	6.785555e-03
-2.156748e+01	6.836090e-03
-2.146748e+01	6.887210e-03
-2.136748e+01	6.938926e-03
-2.126748e+01	6.991246e-03
-2.116748e+01	7.044181e-03
-2.106748e+01	7.097741e-03
-2.096748e+01	7.151936e-03
-2.086748e+01	7.206777e-03
-2.076748e+01	7.262273e-03
-2.066748e+01	7.318437e-03
-2.056748e+01	7.375278e-03
-2.046748e+01	7.432810e-03
-2.036748e+01	7.491043e-03
-2.026748e+01	7.549989e-03
-2.016748e+01	7.609661e-03
-2.006748e+01	7.670070e-03
-1.996748e+01	7.731231e-03
-1.986748e+01	7.793155e-03
-1.976748e+01	7.855856e-03
-1.966748e+01	7.919348e-03
-1.956748e+01	7.983645e-03
-1.946748e+01	8.048761e-03
-1.936748e+01	8.114711e-03
-1.926748e+01	8.181509e-03
-1.916748e+01	8.249171e-03
-1.906748e+01	8.317713e-03
-1.896748e+01	8.387151e-03
-1.886748e+01	8.457500e-03
-1.876748e+01	8.528779e-03
-1.866748e+01	8.601005e-03
-1.856748e+01	8.674194e-03
-1.846748e+01	8.748365e-03
-1.836748e+01	8.823538e-03
-1.826748e+01	8.899730e-03
-1.816748e+01	8.976961e-03
-1.806748e+01	9.055252e-03
-1.796748e+01	9.134623e-03
-1.786748e+01	9.215095e-03
-1.776748e+01	9.296689e-03
-1.766748e+01	9.379429e-03
-1.756748e+01	9.463336e-03
-1.746748e+01	9.548434e-03
-1.736748e+01	9.634748e-03
-1.726748e+01	9.722301e-03
-1.716748e+01	9.811119e-03
-1.706748e+01	9.901228e-03
-1.696748e+01	9.992656e-03
-1.686748e+01	1.008543e-02
-1.676748e+01	1.017957e-02
-1.666748e+01	1.027512e-02
-1.656748e+01	1.037211e-02
-1.646748e+01	1.047055e-02
-1.636748e+01	1.057049e-02
-1.626748e+01	1.067196e-02
-1.616748e+01	1.077499e-02
-1.606748e+01	1.087961e-02
-1.596748e+01	1.098587e-02
-1.586748e+01	1.109379e-02
-1.576748e+01	1.120342e-02
-1.566748e+01	1.131480e-02
-1.556748e+01	1.142796e-02
-1.546748e+01	1.154294e-02
-1.536748e+01	1.165979e-02
-1.526748e+01	1.177856e-02
-1.516748e+01	1.189929e-02
-1.506748e+01	1.202202e-02
-1.496748e+01	1.214680e-02
-1.486748e+01	1.227369e-02
-1.476748e+01	1.240274e-02
-1.466748e+01	1.253399e-02
-1.456748e+01	1.266751e-02
-1.446748e+01	1.280335e-02
-1.436748e+01	1.294158e-02
-1.426748e+01	1.308225e-02
-1.416748e+01	1.322542e-02
-1.406748e+01	1.337117e-02
-1.396748e+01	1.351956e-02
-1.386748e+01	1.367066e-02
-1.376748e+01	1.382455e-02
-1.366748e+01	1.398130e-02
-1.356748e+01	1.414099e-02
-1.346748e+01	1.430370e-02
-1.336748e+01	1.446953e-02
-1.326748e+01	1.463856e-02
-1.316748e+01	1.481088e-02
-1.306748e+01	1.498658e-02
-1.296748e+01	1.516578e-02
-1.286748e+01	1.534857e-02
-1.276748e+01	1.553507e-02
-1.266748e+01	1.572539e-02
-1.256748e+01	1.591964e-02
-1.246748e+01	1.611796e-02
-1.236748e+01	1.632047e-02
-1.226748e+01	1.652731e-02
-1.216748e+01	1.673863e-02
-1.206748e+01	1.695457e-02
-1.196748e+01	1.717529e-02
-1.186748e+01	1.740095e-02
-1.176748e+01	1.763174e-02
-1.166748e+01	1.786783e-02
-1.156748e+01	1.810941e-02
-1.146748e+01	1.835670e-02
-1.136748e+01	1.860989e-02
-1.126748e+01	1.886922e-02
-1.116748e+01	1.913493e-02
-1.106748e+01	1.940728e-02
-1.096748e+01	1.968651e-02
-1.086748e+01	1.997294e-02
-1.076748e+01	2.026685e-02
-1.066748e+01	2.056857e-02
-1.056748e+01	2.087844e-02
-1.046748e+01	2.119683e-02
-1.036748e+01	2.152414e-02
-1.026748e+01	2.186078e-02
-1.016748e+01	2.220720e-02
-1.006748e+01	2.256390e-02
-9.967479e+00	2.293139e-02
-9.867479e+00	2.331026e-02
-9.767479e+00	2.370110e-02
-9.667479e+00	2.410458e-02
-9.567479e+00	2.452144e-02
-9.467479e+00	2.495247e-02
-9.367479e+00	2.539853e-02
-9.267479e+00	2.586058e-02
-9.167479e+00	2.633968e-02
-9.067479e+00	2.683698e-02
-8.967479e+00	2.735379e-02
-8.867479e+00	2.789155e-02
-8.767479e+00	2.845188e-02
-8.667479e+00	2.903659e-02
-8.567479e+00	2.964775e-02
-8.467479e+00	3.028770e-02
-8.367479e+00	3.095912e-02
-8.267479e+00	3.166509e-02
-8.167479e+00	3.240917e-02
-8.067479e+00	3.319552e-02
-7.967479e+00	3.402902e-02
-7.867479e+00	3.491545e-02
-7.767479e+00	3.586172e-02
-7.667479e+00	3.687613e-02
-7.567479e+00	3.796878e-02
-7.467479e+00	3.915211e-02
-7.367479e+00	4.044158e-02
-7.267479e+00	4.185664e-02
-7.167479e+00	4.342214e-02
-7.067479e+00	4.517024e-02
-6.967479e+00	4.714328e-02
-6.867479e+00	4.939801e-02
-6.767479e+00	5.201190e-02
-6.667479e+00	5.509316e-02
-6.567479e+00	5.879647e-02
-6.467479e+00	6.334902e-02
-6.367479e+00	6.909450e-02
-6.267479e+00	7.657017e-02
-6.167479e+00	8.664606e-02
-6.067479e+00	1.007827e-01
-5.967479e+00	1.215080e-01
-5.867479e+00	1.532273e-01
-5.767479e+00	2.030366e-01
-5.667479e+00	2.779588e-01
-5.567479e+00	3.642466e-01
-5.467479e+00	3.955385e-01
-5.367479e+00	3.369357e-01
-5.267479e+00	2.557368e-01
-5.167479e+00	1.956683e-01
-5.067479e+00	1.577288e-01
-4.967479e+00	1.348241e-01
-4.867479e+00	1.213143e-01
-4.767479e+00	1.136994e-01
-4.667479e+00	1.099782e-01
-4.567479e+00	1.090347e-01
-4.467479e+00	1.102796e-01
-4.367479e+00	1.134782e-01
-4.267479e+00	1.186553e-01
-4.167479e+00	1.260800e-01
-4.067479e+00	1.363256e-01
-3.967479e+00	1.503249e-01
-3.867479e+00	1.691142e-01
-3.767479e+00	1.929322e-01
-3.667479e+00	2.228340e-01
-3.567479e+00	2.657053e-01
-3.467479e+00	3.323571e-01
-3.367479e+00	4.323021e-01
-3.267479e+00	5.553542e-01
-3.167479e+00	6.536706e-01
-3.067479e+00	7.211246e-01
-2.967479e+00	7.856222e-01
-2.867479e+00	7.923597e-01
-2.767479e+00	7.107659e-01
-2.667479e+00	6.146636e-01
-2.567479e+00	5.600827e-01
-2.467479e+00	5.345361e-01
-2.367479e+00	5.174023e-01
-2.267479e+00	5.059881e-01
-2.167479e+00	5.240610e-01
-2.067479e+00	5.942564e-01
-1.967479e+00	7.195201e-01
-1.867479e+00	8.657150e-01
-1.767479e+00	9.623288e-01
-1.667479e+00	9.422911e-01
-1.567479e+00	8.368590e-01
-1.467479e+00	7.217990e-01
-1.367479e+00	6.510500e-01
-1.267479e+00	6.447132e-01
-1.167479e+00	7.072938e-01
-1.067479e+00	8.473759e-01
-9.674791e-01	1.052539e+00
-8.674791e-01	1.203446e+00
-7.674791e-01	1.151831e+00
-6.674791e-01	1.005363e+00
-5.674791e-01	9.203171e-01
-4.674791e-01	9.353933e-01
-3.674791e-01	1.047745e+00
-2.674791e-01	1.219424e+00
-1.674791e-01	1.334478e+00
-6.747911e-02	1.356414e+00
3.252089e-02	1.422229e+00
1.325209e-01	1.595659e+00
2.325209e-01	1.762661e+00
3.325209e-01	1.778387e+00
4.325209e-01	1.757973e+00
5.325209e-01	1.864025e+00
6.325209e-01	2.160345e+00
7.325209e-01	2.706604e+00
8.325209e-01	3.624060e+00
9.325209e-01	5.129799e+00
1.032521e+00	7.476547e+00
1.132521e+00	1.038243e+01
1.232521e+00	1.185628e+01
1.332521e+00	1.023186e+01
1.432521e+00	7.395266e+00
1.532521e+00	5.175060e+00
1.632521e+00	3.802499e+00
1.732521e+00	2.997444e+00
1.832521e+00	2.436597e+00
1.932521e+00	1.951287e+00
2.032521e+00	1.573269e+00
2.132521e+00	1.319854e+00
2.232521e+00	1.168371e+00
2.332521e+00	1.100514e+00
2.432521e+00	1.114851e+00
2.532521e+00	1.227787e+00
2.632521e+00	1.459818e+00
2.732521e+00	1.751464e+00
2.832521e+00	1.834217e+00
2.932521e+00	1.563520e+00
3.032521e+00	1.208813e+00
3.132521e+00	9.497586e-01
3.232521e+00	7.885726e-01
3.332521e+00	6.918443e-01
3.432521e+00	6.378930e-01
3.532521e+00	6.171781e-01
3.632521e+00	6.261620e-01
3.732521e+00	6.626648e-01
3.832521e+00	7.186149e-01
3.932521e+00	7.931986e-01
4.032521e+00	9.176172e-01
4.132521e+00	1.139363e+00
4.232521e+00	1.510078e+00
4.332521e+00	2.029794e+00
4.432521e+00	2.432351e+00
4.532521e+00	2.276301e+00
4.632521e+00	1.749190e+00
4.732521e+00	1.282196e+00
4.832521e+00	9.749822e-01
4.932521e+00	7.851307e-01
5.032521e+00	6.671769e-01
5.132521e+00	5.926704e-01
5.232521e+00	5.453084e-01
5.332521e+00	5.157305e-01
5.432521e+00	4.984258e-01
5.532521e+00	4.900593e-01
5.632521e+00	4.885700e-01
5.732521e+00	4.926744e-01
5.832521e+00	5.015856e-01
5.932521e+00	5.148502e-01
6.032521e+00	5.322523e-01
6.132521e+00	5.537578e-01
6.232521e+00	5.794829e-01
6.332521e+00	6.096798e-01
6.432521e+00	6.447340e-01
6.532521e+00	6.851720e-01
6.632521e+00	7.316783e-01
6.732521e+00	7.851232e-01
6.832521e+00	8.466014e-01
6.932521e+00	9.174876e-01
7.032521e+00	9.995113e-01
7.132521e+00	1.094860e+00
7.232521e+00	1.206323e+00
7.332521e+00	1.337488e+00
7.432521e+00	1.493026e+00
7.532521e+00	1.679100e+00
7.632521e+00	1.903951e+00
7.732521e+00	2.178800e+00
7.832521e+00	2.519196e+00
7.932521e+00	2.947155e+00
8.032521e+00	3.494582e+00
8.132521e+00	4.208955e+00
8.232521e+00	5.163044e+00
8.332521e+00	6.472080e+00
8.432521e+00	8.325048e+00
8.532521e+00	1.104283e+01
8.632521e+00	1.518474e+01
8.732521e+00	2.171866e+01
8.832521e+00	3.211343e+01
8.932521e+00	4.726263e+01
9.032521e+00	6.207938e+01
9.132521e+00	6.252308e+01
9.232521e+00	4.804029e+01
9.332521e+00	3.271105e+01
9.432521e+00	2.209820e+01
9.532521e+00	1.541960e+01
9.632521e+00	1.119076e+01
9.732521e+00	8.420316e+00
9.832521e+00	6.534221e+00
9.932521e+00	5.203409e+00
1.003252e+01	4.234346e+00
1.013252e+01	3.509208e+00
1.023252e+01	2.953708e+00
1.033252e+01	2.519447e+00
1.043252e+01	2.173947e+00
1.053252e+01	1.894828e+00
1.063252e+01	1.666304e+00
1.073252e+01	1.477006e+00
1.083252e+01	1.318573e+00
1.093252e+01	1.184774e+00
1.103252e+01	1.070990e+00
1.113252e+01	9.737354e-01
1.123252e+01	8.901242e-01
1.133252e+01	8.174046e-01
1.143252e+01	7.537097e-01
1.153252e+01	6.987037e-01
1.163252e+01	6.523863e-01
1.173252e+01	6.148497e-01
1.183252e+01	5.855251e-01
1.193252e+01	5.594912e-01
1.203252e+01	5.290313e-01
1.213252e+01	4.973544e-01
1.223252e+01	4.719071e-01
1.233252e+01	4.555619e-01
1.243252e+01	4.453651e-01
1.253252e+01	4.286336e-01
1.263252e+01	3.992970e-01
1.273252e+01	3.664529e-01
1.283252e+01	3.371437e-01
1.293252e+01	3.133237e-01
1.303252e+01	2.940111e-01
1.313252e+01	2.773042e-01
1.323252e+01	2.614156e-01
1.333252e+01	2.466673e-01
1.343252e+01	2.336236e-01
1.353252e+01	2.220267e-01
1.363252e+01	2.115577e-01
1.373252e+01	2.020178e-01
1.383252e+01	1.932103e-01
1.393252e+01	1.850474e-01
1.403252e+01	1.775012e-01
1.413252e+01	1.705143e-01
1.423252e+01	1.640255e-01
1.433252e+01	1.579870e-01
1.443252e+01	1.523485e-01
1.453252e+01	1.470382e-01
1.463252e+01	1.420278e-01
1.473252e+01	1.373667e-01
1.483252e+01	1.330980e-01
1.493252e+01	1.292348e-01
1.503252e+01	1.257531e-01
1.513252e+01	1.225605e-01
1.523252e+01	1.191795e-01
1.533252e+01	1.151781e-01
1.543252e+01	1.110676e-01
1.553252e+01	1.073075e-01
1.563252e+01	1.039257e-01
1.573252e+01	1.008418e-01
1.583252e+01	9.798772e-02
1.593252e+01	9.531593e-02
1.603252e+01	9.280685e-02
1.613252e+01	9.045841e-02
1.623252e+01	8.826616e-02
1.633252e+01	8.621146e-02
1.643252e+01	8.427804e-02
1.653252e+01	8.250181e-02
1.663252e+01	8.091631e-02
1.673252e+01	7.943191e-02
1.683252e+01	7.783315e-02
1.693252e+01	7.615325e-02
1.703252e+01	7.461391e-02
1.713252e+01	7.328694e-02
1.723252e+01	7.213679e-02
1.733252e+01	7.113859e-02
1.743252e+01	7.033571e-02
1.753252e+01	6.977684e-02
1.763252e+01	6.950683e-02
1.773252e+01	6.959792e-02
1.783252e+01	7.016225e-02
1.793252e+01	7.135334e-02
1.803252e+01	7.339277e-02
1.813252e+01	7.645499e-02
1.823252e+01	8.062429e-02
1.833252e+01	8.640465e-02
1.843252e+01	9.515599e-02
1.853252e+01	1.088275e-01
1.863252e+01	1.302785e-01
1.873252e+01	1.646942e-01
1.883252e+01	2.144168e-01
1.893252e+01	2.579454e-01
1.903252e+01	2.495868e-01
1.913252e+01	1.988005e-01
1.923252e+01	1.506173e-01
1.933252e+01	1.184994e-01
1.943252e+01	9.887066e-02
1.953252e+01	8.747348e-02
1.963252e+01	8.198110e-02
1.973252e+01	8.078704e-02
1.983252e+01	8.151349e-02
1.993252e+01	8.093510e-02
2.003252e+01	7.593283e-02
2.013252e+01	6.841205e-02
2.023252e+01	6.229258e-02
2.033252e+01	5.801414e-02
2.043252e+01	5.493060e-02
2.053252e+01	5.285894e-02
2.063252e+01	5.205793e-02
2.073252e+01	5.290720e-02
2.083252e+01	5.543816e-02
2.093252e+01	5.848223e-02
2.103252e+01	6.058323e-02
2.113252e+01	6.376768e-02
2.123252e+01	7.044061e-02
2.133252e+01	7.743786e-02
2.143252e+01	7.575057e-02
2.153252e+01	6.527856e-02
2.163252e+01	5.454508e-02
2.173252e+01	4.692513e-02
2.183252e+01	4.188715e-02
2.193252e+01	3.848350e-02
2.203252e+01	3.609903e-02
2.213252e+01	3.437170e-02
2.223252e+01	3.309809e-02
2.233252e+01	3.214492e-02
2.243252e+01	3.134802e-02
2.253252e+01	3.052701e-02
2.263252e+01	2.971297e-02
2.273252e+01	2.902842e-02
2.283252e+01	2.849830e-02
2.293252e+01	2.808427e-02
2.303252e+01	2.770294e-02
2.313252e+01	2.729228e-02
2.323252e+01	2.692786e-02
2.333252e+01	2.666748e-02
2.343252e+01	2.643722e-02
2.353252e+01	2.619922e-02
2.363252e+01	2.603257e-02
2.373252e+01	2.596765e-02
2.383252e+01	2.585882e-02
2.393252e+01	2.560151e-02
2.403252e+01	2.533316e-02
2.413252e+01	2.507352e-02
2.423252e+01	2.485545e-02
2.433252e+01	2.476701e-02
2.443252e+01	2.488965e-02
2.453252e+01	2.527177e-02
2.463252e+01	2.565574e-02
2.473252e+01	2.559477e-02
2.483252e+01	2.521189e-02
2.493252e+01	2.501763e-02
2.503252e+01	2.523186e-02
2.513252e+01	2.586199e-02
2.523252e+01	2.682374e-02
2.533252e+01	2.795593e-02
2.543252e+01	2.878998e-02
2.553252e+01	2.879928e-02
2.563252e+01	2.819016e-02
2.573252e+01	2.735652e-02
2.583252e+01	2.680304e-02
2.593252e+01	2.685251e-02
2.603252e+01	2.744524e-02
2.613252e+01	2.850429e-02
2.623252e+01	3.028200e-02
2.633252e+01	3.321393e-02
2.643252e+01	3.781204e-02
2.653252e+01	4.441572e-02
2.663252e+01	5.273083e-02
2.673252e+01	6.343865e-02
2.683252e+01	7.794435e-02
2.693252e+01	9.212104e-02
2.703252e+01	9.694611e-02
2.713252e+01	9.281385e-02
2.723252e+01	8.694668e-02
2.733252e+01	7.806420e-02
2.743252e+01	6.569667e-02
2.753252e+01	5.437700e-02
2.763252e+01	4.716917e-02
2.773252e+01	4.398867e-02
2.783252e+01	4.392604e-02
2.793252e+01	4.554206e-02
2.803252e+01	4.710243e-02
2.813252e+01	4.855482e-02
2.823252e+01	4.900466e-02
2.833252e+01	4.772989e-02
2.843252e+01	4.744454e-02
2.853252e+01	5.021892e-02
2.863252e+01	5.575410e-02
2.873252e+01	6.242471e-02
2.883252e+01	7.164580e-02
2.893252e+01	8.838360e-02
2.903252e+01	1.167335e-01
2.913252e+01	1.531830e-01
2.923252e+01	1.727564e-01
2.933252e+01	1.554227e-01
2.943252e+01	1.261401e-01
2.953252e+01	1.052919e-01
2.963252e+01	9.412480e-02
2.973252e+01	9.132538e-02
2.983252e+01	9.005387e-02
2.993252e+01	8.250476e-02
3.003252e+01	7.405871e-02
3.013252e+01	7.209465e-02
3.023252e+01	7.853228e-02
3.033252e+01	9.030781e-02
3.043252e+01	9.601201e-02
3.053252e+01	8.984229e-02
3.063252e+01	8.193374e-02
3.073252e+01	7.487094e-02
3.083252e+01	6.646081e-02
3.093252e+01	6.110455e-02
3.103252e+01	6.071396e-02
3.113252e+01	5.972151e-02
3.123252e+01	5.191436e-02
3.133252e+01	4.144798e-02
3.143252e+01	3.328309e-02
3.153252e+01	2.785059e-02
3.163252e+01	2.431592e-02
3.173252e+01	2.201906e-02
3.183252e+01	2.058901e-02
3.193252e+01	1.986813e-02
3.203252e+01	1.984076e-02
3.213252e+01	2.045559e-02
3.223252e+01	2.108849e-02
3.233252e+01	2.059529e-02
3.243252e+01	1.911007e-02
3.253252e+01	1.760734e-02
3.263252e+01	1.659844e-02
3.273252e+01	1.614388e-02
3.283252e+01	1.620060e-02
3.293252e+01	1.674883e-02
3.303252e+01	1.765731e-02
3.313252e+01	1.867873e-02
3.323252e+01	2.017245e-02
3.333252e+01	2.302394e-02
3.343252e+01	2.775511e-02
3.353252e+01	3.297032e-02
3.363252e+01	3.398039e-02
3.373252e+01	2.950285e-02
3.383252e+01	2.381824e-02
3.393252e+01	1.945537e-02
3.403252e+01	1.660746e-02
3.413252e+01	1.481636e-02
3.423252e+01	1.369119e-02
3.433252e+01	1.299524e-02
3.443252e+01	1.259067e-02
3.453252e+01	1.240919e-02
3.463252e+01	1.245642e-02
3.473252e+01	1.278392e-02
3.483252e+01	1.349702e-02
3.493252e+01	1.480833e-02
3.503252e+01	1.704592e-02
3.513252e+01	2.038779e-02
3.523252e+01	2.365566e-02
3.533252e+01	2.372404e-02
3.543252e+01	2.049987e-02
3.553252e+01	1.716247e-02
3.563252e+01	1.501469e-02
3.573252e+01	1.395185e-02
3.583252e+01	1.375753e-02
3.593252e+01	1.440424e-02
3.603252e+01	1.597917e-02
3.613252e+01	1.810914e-02
3.623252e+01	1.892935e-02
3.633252e+01	1.711678e-02
3.643252e+01	1.447858e-02
3.653252e+01	1.246959e-02
3.663252e+01	1.117985e-02
3.673252e+01	1.037667e-02
3.683252e+01	9.877335e-03
3.693252e+01	9.573537e-03
3.703252e+01	9.415549e-03
3.713252e+01	9.389429e-03
3.723252e+01	9.491642e-03
3.733252e+01	9.700712e-03
3.743252e+01	9.997180e-03
3.753252e+01	1.047953e-02
3.763252e+01	1.133637e-02
3.773252e+01	1.280714e-02
3.783252e+01	1.517301e-02
3.793252e+01	1.833390e-02
3.803252e+01	2.067327e-02
3.813252e+01	1.999241e-02
3.823252e+01	1.726121e-02
3.833252e+01	1.456235e-02
3.843252e+01	1.267678e-02
3.853252e+01	1.154485e-02
3.863252e+01	1.094263e-02
3.873252e+01	1.075870e-02
3.883252e+01	1.090407e-02
3.893252e+01	1.126849e-02
3.903252e+01	1.189439e-02
3.913252e+01	1.286834e-02
3.923252e+01	1.422991e-02
3.933252e+01	1.564538e-02
3.943252e+01	1.579105e-02
3.953252e+01	1.450882e-02
3.963252e+01	1.328780e-02
3.973252e+01	1.273881e-02
3.983252e+01	1.261243e-02
3.993252e+01	1.270385e-02
4.003252e+01	1.321439e-02
4.013252e+01	1.437665e-02
4.023252e+01	1.646902e-02
4.033252e+01	1.996992e-02
4.043252e+01	2.539108e-02
4.053252e+01	3.201715e-02
4.063252e+01	3.633108e-02
4.073252e+01	3.735398e-02
4.083252e+01	3.895022e-02
4.093252e+01	4.099652e-02
4.103252e+01	3.940541e-02
4.113252e+01	3.383860e-02
4.123252e+01	2.729439e-02
4.133252e+01	2.212877e-02
4.143252e+01	1.896311e-02
4.153252e+01	1.720323e-02
4.163252e+01	1.610537e-02
4.173252e+01	1.527490e-02
4.183252e+01	1.467417e-02
4.193252e+01	1.412070e-02
4.203252e+01	1.345668e-02
4.213252e+01	1.296752e-02
4.223252e+01	1.294046e-02
4.233252e+01	1.347910e-02
4.243252e+01	1.467031e-02
4.253252e+01	1.672636e-02
4.263252e+01	2.007442e-02
4.273252e+01	2.549706e-02
4.283252e+01	3.428883e-02
4.293252e+01	4.784137e-02
4.303252e+01	6.408222e-02
4.313252e+01	7.119917e-02
4.323252e+01	6.152456e-02
4.333252e+01	4.627849e-02
4.343252e+01	3.362662e-02
4.353252e+01	2.479321e-02
4.363252e+01	1.904992e-02
4.373252e+01	1.532892e-02
4.383252e+01	1.284942e-02
4.393252e+01	1.114048e-02
4.403252e+01	9.928578e-03
4.413252e+01	9.054132e-03
4.423252e+01	8.424183e-03
4.433252e+01	7.984664e-03
4.443252e+01	7.695025e-03
4.453252e+01	7.515503e-03
4.463252e+01	7.406013e-03
4.473252e+01	7.245644e-03
4.483252e+01	6.974604e-03
4.493252e+01	6.725149e-03
4.503252e+01	6.561597e-03
4.513252e+01	6.480084e-03
4.523252e+01	6.509657e-03
4.533252e+01	6.697155e-03
4.543252e+01	7.112201e-03
4.553252e+01	7.860763e-03
4.563252e+01	8.981459e-03
4.573252e+01	9.997532e-03
4.583252e+01	9.867933e-03
4.593252e+01	8.739086e-03
4.603252e+01	7.640995e-03
4.613252e+01	6.935003e-03
4.623252e+01	6.563501e-03
4.633252e+01	6.437022e-03
4.643252e+01	6.521069e-03
4.653252e+01	6.839428e-03
4.663252e+01	7.477463e-03
4.673252e+01	8.574703e-03
4.683252e+01	1.015189e-02
4.693252e+01	1.147394e-02
4.703252e+01	1.119438e-02
4.713252e+01	9.775860e-03
4.723252e+01	8.564125e-03
4.733252e+01	7.934999e-03
4.743252e+01	7.824586e-03
4.753252e+01	8.191872e-03
4.763252e+01	9.118378e-03
4.773252e+01	1.081888e-02
4.783252e+01	1.348505e-02
4.793252e+01	1.642249e-02
4.803252e+01	1.717218e-02
4.813252e+01	1.510760e-02
4.823252e+01	1.281151e-02
4.833252e+01	1.165366e-02
4.843252e+01	1.174532e-02
4.853252e+01	1.303545e-02
4.863252e+01	1.505546e-02
4.873252e+01	1.626976e-02
4.883252e+01	1.608452e-02
4.893252e+01	1.531196e-02
4.903252e+01	1.342169e-02
4.913252e+01	1.084938e-02
4.923252e+01	8.775959e-03
4.933252e+01	7.420675e-03
4.943252e+01	6.582632e-03
4.953252e+01	6.083277e-03
4.963252e+01	5.833549e-03
4.973252e+01	5.811501e-03
4.983252e+01	6.047319e-03
4.993252e+01	6.598811e-03
5.003252e+01	7.377538e-03
5.013252e+01	7.760502e-03
5.023252e+01	7.172870e-03
5.033252e+01	6.211298e-03
5.043252e+01	5.469806e-03
5.053252e+01	5.014630e-03
5.063252e+01	4.772785e-03
5.073252e+01	4.694637e-03
5.083252e+01	4.773025e-03
5.093252e+01	5.035286e-03
5.103252e+01	5.489618e-03
5.113252e+01	5.924015e-03
5.123252e+01	5.881109e-03
5.133252e+01	5.428592e-03
5.143252e+01	4.995184e-03
5.153252e+01	4.748265e-03
5.163252e+01	4.720710e-03
5.173252e+01	4.928061e-03
5.183252e+01	5.364780e-03
5.193252e+01	5.812138e-03
5.203252e+01	5.777664e-03
5.213252e+01	5.310429e-03
5.223252e+01	4.915193e-03
5.233252e+01	4.772413e-03
5.243252e+01	4.795943e-03
5.253252e+01	4.738807e-03
5.263252e+01	4.476487e-03
5.273252e+01	4.216068e-03
5.283252e+01	4.092227e-03
5.293252e+01	4.043087e-03
5.303252e+01	3.907186e-03
5.313252e+01	3.679384e-03
5.323252e+01	3.478044e-03
5.333252e+01	3.339734e-03
5.343252e+01	3.251192e-03
5.353252e+01	3.193346e-03
5.363252e+01	3.150782e-03
5.373252e+01	3.122517e-03
5.383252e+01	3.116274e-03
5.393252e+01	3.139226e-03
5.403252e+01	3.194755e-03
5.413252e+01	3.256961e-03
5.423252e+01	3.253695e-03
5.433252e+01	3.181102e-03
5.443252e+01	3.116405e-03
5.453252e+01	3.096818e-03
5.463252e+01	3.124363e-03
5.473252e+01	3.171619e-03
5.483252e+01	3.163761e-03
5.493252e+01	3.077851e-03
5.503252e+01	2.981857e-03
5.513252e+01	2.912151e-03
5.523252e+01	2.867104e-03
5.533252e+01	2.838806e-03
5.543252e+01	2.821821e-03
5.553252e+01	2.813148e-03
5.563252e+01	2.811188e-03
5.573252e+01	2.815928e-03
5.583252e+01	2.829356e-03
5.593252e+01	2.852869e-03
5.603252e+01	2.880332e-03
5.613252e+01	2.896600e-03
5.623252e+01	2.905139e-03
5.633252e+01	2.925666e-03
5.643252e+01	2.969669e-03
5.653252e+01	3.044999e-03
5.663252e+01	3.157934e-03
5.673252e+01	3.298730e-03
5.683252e+01	3.435706e-03
5.693252e+01	3.533554e-03
5.703252e+01	3.580493e-03
5.713252e+01	3.577313e-03
5.723252e+01	3.576958e-03
5.733252e+01	3.648842e-03
5.743252e+01	3.820419e-03
5.753252e+01	4.117797e-03
5.763252e+01	4.543316e-03
5.773252e+01	4.996443e-03
5.783252e+01	5.371063e-03
5.793252e+01	5.743886e-03
5.803252e+01	6.128720e-03
5.813252e+01	6.355863e-03
5.823252e+01	6.402892e-03
5.833252e+01	6.393935e-03
5.843252e+01	6.482471e-03
5.853252e+01	6.841231e-03
5.863252e+01	7.503406e-03
5.873252e+01	8.114406e-03
5.883252e+01	8.455686e-03
5.893252e+01	9.067875e-03
5.903252e+01	1.048576e-02
5.913252e+01	1.296938e-02
5.923252e+01	1.621135e-02
5.933252e+01	1.869301e-02
5.943252e+01	1.992118e-02
5.953252e+01	2.159737e-02
5.963252e+01	2.482291e-02
5.973252e+01	2.856691e-02
5.983252e+01	2.873858e-02
5.993252e+01	2.464571e-02
6.003252e+01	1.989164e-02
6.013252e+01	1.674944e-02
6.023252e+01	1.519366e-02
6.033252e+01	1.362869e-02
6.043252e+01	1.130456e-02
6.053252e+01	9.141615e-03
6.063252e+01	7.644936e-03
6.073252e+01	6.656817e-03
6.083252e+01	5.896423e-03
6.093252e+01	5.266057e-03
6.103252e+01	4.774065e-03
6.113252e+01	4.406782e-03
6.123252e+01	4.168449e-03
6.133252e+01	4.048691e-03
6.143252e+01	4.020634e-03
6.153252e+01	4.057193e-03
6.163252e+01	4.075833e-03
6.173252e+01	4.027408e-03
6.183252e+01	4.027440e-03
6.193252e+01	4.183486e-03
6.203252e+01	4.564482e-03
6.213252e+01	5.253536e-03
6.223252e+01	6.262861e-03
6.233252e+01	7.160402e-03
6.243252e+01	7.143035e-03
6.253252e+01	6.352276e-03
6.263252e+01	5.516526e-03
6.273252e+01	4.997504e-03
6.283252e+01	4.822998e-03
6.293252e+01	4.952996e-03
6.303252e+01	5.399687e-03
6.313252e+01	6.260917e-03
6.323252e+01	7.748770e-03
6.333252e+01	1.017941e-02
6.343252e+01	1.359290e-02
