#RPA-results:
#Nucleus: Ni 80
#Fermi level: -1.541935e+00	-1.810941e+01
#Excitation: 1 +
#Total number of pairs: 494
#Number of ph-/ah-pairs: 494/0
#Maximal excitation-energy for particle-hole-pairs: 100
#Maximal excitation-energy for antiparticle-hole-pairs: 1000
#No imaginary eigenvalues

#Parameterset: DD-PC1
#natural parity: no
#Isoscalar result:

#width: 5.000000e-01
#maximum value: 7.465202e-03
#at energy: 6.343252e+01
-9.656748e+01	5.627667e-04
-9.646748e+01	5.639224e-04
-9.636748e+01	5.650818e-04
-9.626748e+01	5.662447e-04
-9.616748e+01	5.674112e-04
-9.606748e+01	5.685813e-04
-9.596748e+01	5.697551e-04
-9.586748e+01	5.709325e-04
-9.576748e+01	5.721136e-04
-9.566748e+01	5.732983e-04
-9.556748e+01	5.744867e-04
-9.546748e+01	5.756789e-04
-9.536748e+01	5.768747e-04
-9.526748e+01	5.780743e-04
-9.516748e+01	5.792777e-04
-9.506748e+01	5.804848e-04
-9.496748e+01	5.816957e-04
-9.486748e+01	5.829104e-04
-9.476748e+01	5.841289e-04
-9.466748e+01	5.853513e-04
-9.456748e+01	5.865775e-04
-9.446748e+01	5.878075e-04
-9.436748e+01	5.890415e-04
-9.426748e+01	5.902793e-04
-9.416748e+01	5.915210e-04
-9.406748e+01	5.927667e-04
-9.396748e+01	5.940163e-04
-9.386748e+01	5.952699e-04
-9.376748e+01	5.965275e-04
-9.366748e+01	5.977891e-04
-9.356748e+01	5.990546e-04
-9.346748e+01	6.003242e-04
-9.336748e+01	6.015979e-04
-9.326748e+01	6.028756e-04
-9.316748e+01	6.041574e-04
-9.306748e+01	6.054433e-04
-9.296748e+01	6.067333e-04
-9.286748e+01	6.080275e-04
-9.276748e+01	6.093258e-04
-9.266748e+01	6.106283e-04
-9.256748e+01	6.119350e-04
-9.246748e+01	6.132458e-04
-9.236748e+01	6.145609e-04
-9.226748e+01	6.158803e-04
-9.216748e+01	6.172039e-04
-9.206748e+01	6.185318e-04
-9.196748e+01	6.198639e-04
-9.186748e+01	6.212004e-04
-9.176748e+01	6.225413e-04
-9.166748e+01	6.238865e-04
-9.156748e+01	6.252360e-04
-9.146748e+01	6.265900e-04
-9.136748e+01	6.279483e-04
-9.126748e+01	6.293111e-04
-9.116748e+01	6.306784e-04
-9.106748e+01	6.320501e-04
-9.096748e+01	6.334263e-04
-9.086748e+01	6.348070e-04
-9.076748e+01	6.361922e-04
-9.066748e+01	6.375820e-04
-9.056748e+01	6.389764e-04
-9.046748e+01	6.403753e-04
-9.036748e+01	6.417789e-04
-9.026748e+01	6.431870e-04
-9.016748e+01	6.445999e-04
-9.006748e+01	6.460174e-04
-8.996748e+01	6.474396e-04
-8.986748e+01	6.488665e-04
-8.976748e+01	6.502981e-04
-8.966748e+01	6.517345e-04
-8.956748e+01	6.531756e-04
-8.946748e+01	6.546216e-04
-8.936748e+01	6.560723e-04
-8.926748e+01	6.575280e-04
-8.916748e+01	6.589884e-04
-8.906748e+01	6.604538e-04
-8.896748e+01	6.619240e-04
-8.886748e+01	6.633992e-04
-8.876748e+01	6.648793e-04
-8.866748e+01	6.663644e-04
-8.856748e+01	6.678545e-04
-8.846748e+01	6.693496e-04
-8.836748e+01	6.708497e-04
-8.826748e+01	6.723549e-04
-8.816748e+01	6.738652e-04
-8.806748e+01	6.753805e-04
-8.796748e+01	6.769010e-04
-8.786748e+01	6.784267e-04
-8.776748e+01	6.799575e-04
-8.766748e+01	6.814936e-04
-8.756748e+01	6.830348e-04
-8.746748e+01	6.845813e-04
-8.736748e+01	6.861331e-04
-8.726748e+01	6.876901e-04
-8.716748e+01	6.892525e-04
-8.706748e+01	6.908202e-04
-8.696748e+01	6.923933e-04
-8.686748e+01	6.939718e-04
-8.676748e+01	6.955557e-04
-8.666748e+01	6.971450e-04
-8.656748e+01	6.987398e-04
-8.646748e+01	7.003401e-04
-8.636748e+01	7.019459e-04
-8.626748e+01	7.035572e-04
-8.616748e+01	7.051741e-04
-8.606748e+01	7.067966e-04
-8.596748e+01	7.084247e-04
-8.586748e+01	7.100585e-04
-8.576748e+01	7.116979e-04
-8.566748e+01	7.133431e-04
-8.556748e+01	7.149939e-04
-8.546748e+01	7.166505e-04
-8.536748e+01	7.183129e-04
-8.526748e+01	7.199811e-04
-8.516748e+01	7.216551e-04
-8.506748e+01	7.233350e-04
-8.496748e+01	7.250207e-04
-8.486748e+01	7.267124e-04
-8.476748e+01	7.284100e-04
-8.466748e+01	7.301136e-04
-8.456748e+01	7.318232e-04
-8.446748e+01	7.335388e-04
-8.436748e+01	7.352604e-04
-8.426748e+01	7.369881e-04
-8.416748e+01	7.387220e-04
-8.406748e+01	7.404620e-04
-8.396748e+01	7.422081e-04
-8.386748e+01	7.439605e-04
-8.376748e+01	7.457191e-04
-8.366748e+01	7.474839e-04
-8.356748e+01	7.492550e-04
-8.346748e+01	7.510325e-04
-8.336748e+01	7.528162e-04
-8.326748e+01	7.546064e-04
-8.316748e+01	7.564030e-04
-8.306748e+01	7.582060e-04
-8.296748e+01	7.600155e-04
-8.286748e+01	7.618314e-04
-8.276748e+01	7.636540e-04
-8.266748e+01	7.654830e-04
-8.256748e+01	7.673187e-04
-8.246748e+01	7.691610e-04
-8.236748e+01	7.710099e-04
-8.226748e+01	7.728656e-04
-8.216748e+01	7.747279e-04
-8.206748e+01	7.765971e-04
-8.196748e+01	7.784730e-04
-8.186748e+01	7.803557e-04
-8.176748e+01	7.822453e-04
-8.166748e+01	7.841418e-04
-8.156748e+01	7.860451e-04
-8.146748e+01	7.879555e-04
-8.136748e+01	7.898728e-04
-8.126748e+01	7.917972e-04
-8.116748e+01	7.937286e-04
-8.106748e+01	7.956671e-04
-8.096748e+01	7.976128e-04
-8.086748e+01	7.995656e-04
-8.076748e+01	8.015256e-04
-8.066748e+01	8.034928e-04
-8.056748e+01	8.054673e-04
-8.046748e+01	8.074491e-04
-8.036748e+01	8.094382e-04
-8.026748e+01	8.114348e-04
-8.016748e+01	8.134387e-04
-8.006748e+01	8.154501e-04
-7.996748e+01	8.174690e-04
-7.986748e+01	8.194954e-04
-7.976748e+01	8.215293e-04
-7.966748e+01	8.235709e-04
-7.956748e+01	8.256201e-04
-7.946748e+01	8.276770e-04
-7.936748e+01	8.297416e-04
-7.926748e+01	8.318139e-04
-7.916748e+01	8.338941e-04
-7.906748e+01	8.359820e-04
-7.896748e+01	8.380779e-04
-7.886748e+01	8.401817e-04
-7.876748e+01	8.422934e-04
-7.866748e+01	8.444131e-04
-7.856748e+01	8.465408e-04
-7.846748e+01	8.486766e-04
-7.836748e+01	8.508205e-04
-7.826748e+01	8.529726e-04
-7.816748e+01	8.551329e-04
-7.806748e+01	8.573014e-04
-7.796748e+01	8.594781e-04
-7.786748e+01	8.616633e-04
-7.776748e+01	8.638567e-04
-7.766748e+01	8.660586e-04
-7.756748e+01	8.682690e-04
-7.746748e+01	8.704878e-04
-7.736748e+01	8.727151e-04
-7.726748e+01	8.749511e-04
-7.716748e+01	8.771957e-04
-7.706748e+01	8.794489e-04
-7.696748e+01	8.817109e-04
-7.686748e+01	8.839816e-04
-7.676748e+01	8.862611e-04
-7.666748e+01	8.885495e-04
-7.656748e+01	8.908468e-04
-7.646748e+01	8.931530e-04
-7.636748e+01	8.954682e-04
-7.626748e+01	8.977925e-04
-7.616748e+01	9.001258e-04
-7.606748e+01	9.024683e-04
-7.596748e+01	9.048200e-04
-7.586748e+01	9.071808e-04
-7.576748e+01	9.095510e-04
-7.566748e+01	9.119305e-04
-7.556748e+01	9.143193e-04
-7.546748e+01	9.167176e-04
-7.536748e+01	9.191254e-04
-7.526748e+01	9.215427e-04
-7.516748e+01	9.239695e-04
-7.506748e+01	9.264060e-04
-7.496748e+01	9.288522e-04
-7.486748e+01	9.313081e-04
-7.476748e+01	9.337737e-04
-7.466748e+01	9.362492e-04
-7.456748e+01	9.387346e-04
-7.446748e+01	9.412299e-04
-7.436748e+01	9.437352e-04
-7.426748e+01	9.462506e-04
-7.416748e+01	9.487761e-04
-7.406748e+01	9.513117e-04
-7.396748e+01	9.538575e-04
-7.386748e+01	9.564135e-04
-7.376748e+01	9.589799e-04
-7.366748e+01	9.615567e-04
-7.356748e+01	9.641439e-04
-7.346748e+01	9.667416e-04
-7.336748e+01	9.693498e-04
-7.326748e+01	9.719686e-04
-7.316748e+01	9.745981e-04
-7.306748e+01	9.772383e-04
-7.296748e+01	9.798893e-04
-7.286748e+01	9.825511e-04
-7.276748e+01	9.852238e-04
-7.266748e+01	9.879074e-04
-7.256748e+01	9.906021e-04
-7.246748e+01	9.933078e-04
-7.236748e+01	9.960247e-04
-7.226748e+01	9.987528e-04
-7.216748e+01	1.001492e-03
-7.206748e+01	1.004243e-03
-7.196748e+01	1.007005e-03
-7.186748e+01	1.009778e-03
-7.176748e+01	1.012563e-03
-7.166748e+01	1.015360e-03
-7.156748e+01	1.018168e-03
-7.146748e+01	1.020988e-03
-7.136748e+01	1.023819e-03
-7.126748e+01	1.026663e-03
-7.116748e+01	1.029518e-03
-7.106748e+01	1.032386e-03
-7.096748e+01	1.035265e-03
-7.086748e+01	1.038156e-03
-7.076748e+01	1.041060e-03
-7.066748e+01	1.043976e-03
-7.056748e+01	1.046904e-03
-7.046748e+01	1.049845e-03
-7.036748e+01	1.052798e-03
-7.026748e+01	1.055763e-03
-7.016748e+01	1.058741e-03
-7.006748e+01	1.061732e-03
-6.996748e+01	1.064736e-03
-6.986748e+01	1.067752e-03
-6.976748e+01	1.070781e-03
-6.966748e+01	1.073823e-03
-6.956748e+01	1.076878e-03
-6.946748e+01	1.079947e-03
-6.936748e+01	1.083028e-03
-6.926748e+01	1.086123e-03
-6.916748e+01	1.089231e-03
-6.906748e+01	1.092352e-03
-6.896748e+01	1.095487e-03
-6.886748e+01	1.098635e-03
-6.876748e+01	1.101797e-03
-6.866748e+01	1.104973e-03
-6.856748e+01	1.108163e-03
-6.846748e+01	1.111366e-03
-6.836748e+01	1.114584e-03
-6.826748e+01	1.117815e-03
-6.816748e+01	1.121061e-03
-6.806748e+01	1.124320e-03
-6.796748e+01	1.127594e-03
-6.786748e+01	1.130883e-03
-6.776748e+01	1.134186e-03
-6.766748e+01	1.137503e-03
-6.756748e+01	1.140835e-03
-6.746748e+01	1.144182e-03
-6.736748e+01	1.147544e-03
-6.726748e+01	1.150920e-03
-6.716748e+01	1.154311e-03
-6.706748e+01	1.157718e-03
-6.696748e+01	1.161139e-03
-6.686748e+01	1.164576e-03
-6.676748e+01	1.168029e-03
-6.666748e+01	1.171496e-03
-6.656748e+01	1.174979e-03
-6.646748e+01	1.178478e-03
-6.636748e+01	1.181993e-03
-6.626748e+01	1.185523e-03
-6.616748e+01	1.189069e-03
-6.606748e+01	1.192631e-03
-6.596748e+01	1.196209e-03
-6.586748e+01	1.199804e-03
-6.576748e+01	1.203414e-03
-6.566748e+01	1.207041e-03
-6.556748e+01	1.210685e-03
-6.546748e+01	1.214345e-03
-6.536748e+01	1.218022e-03
-6.526748e+01	1.221716e-03
-6.516748e+01	1.225426e-03
-6.506748e+01	1.229154e-03
-6.496748e+01	1.232898e-03
-6.486748e+01	1.236660e-03
-6.476748e+01	1.240439e-03
-6.466748e+01	1.244236e-03
-6.456748e+01	1.248050e-03
-6.446748e+01	1.251881e-03
-6.436748e+01	1.255731e-03
-6.426748e+01	1.259598e-03
-6.416748e+01	1.263483e-03
-6.406748e+01	1.267386e-03
-6.396748e+01	1.271308e-03
-6.386748e+01	1.275247e-03
-6.376748e+01	1.279205e-03
-6.366748e+01	1.283182e-03
-6.356748e+01	1.287177e-03
-6.346748e+01	1.291191e-03
-6.336748e+01	1.295224e-03
-6.326748e+01	1.299276e-03
-6.316748e+01	1.303347e-03
-6.306748e+01	1.307438e-03
-6.296748e+01	1.311547e-03
-6.286748e+01	1.315676e-03
-6.276748e+01	1.319825e-03
-6.266748e+01	1.323994e-03
-6.256748e+01	1.328182e-03
-6.246748e+01	1.332390e-03
-6.236748e+01	1.336619e-03
-6.226748e+01	1.340867e-03
-6.216748e+01	1.345136e-03
-6.206748e+01	1.349426e-03
-6.196748e+01	1.353736e-03
-6.186748e+01	1.358067e-03
-6.176748e+01	1.362419e-03
-6.166748e+01	1.366791e-03
-6.156748e+01	1.371186e-03
-6.146748e+01	1.375601e-03
-6.136748e+01	1.380038e-03
-6.126748e+01	1.384496e-03
-6.116748e+01	1.388976e-03
-6.106748e+01	1.393478e-03
-6.096748e+01	1.398002e-03
-6.086748e+01	1.402548e-03
-6.076748e+01	1.407116e-03
-6.066748e+01	1.411707e-03
-6.056748e+01	1.416321e-03
-6.046748e+01	1.420957e-03
-6.036748e+01	1.425616e-03
-6.026748e+01	1.430298e-03
-6.016748e+01	1.435003e-03
-6.006748e+01	1.439732e-03
-5.996748e+01	1.444484e-03
-5.986748e+01	1.449260e-03
-5.976748e+01	1.454060e-03
-5.966748e+01	1.458884e-03
-5.956748e+01	1.463731e-03
-5.946748e+01	1.468603e-03
-5.936748e+01	1.473500e-03
-5.926748e+01	1.478421e-03
-5.916748e+01	1.483367e-03
-5.906748e+01	1.488338e-03
-5.896748e+01	1.493334e-03
-5.886748e+01	1.498356e-03
-5.876748e+01	1.503403e-03
-5.866748e+01	1.508475e-03
-5.856748e+01	1.513574e-03
-5.846748e+01	1.518698e-03
-5.836748e+01	1.523849e-03
-5.826748e+01	1.529026e-03
-5.816748e+01	1.534229e-03
-5.806748e+01	1.539459e-03
-5.796748e+01	1.544716e-03
-5.786748e+01	1.550001e-03
-5.776748e+01	1.555312e-03
-5.766748e+01	1.560651e-03
-5.756748e+01	1.566018e-03
-5.746748e+01	1.571412e-03
-5.736748e+01	1.576835e-03
-5.726748e+01	1.582285e-03
-5.716748e+01	1.587765e-03
-5.706748e+01	1.593272e-03
-5.696748e+01	1.598809e-03
-5.686748e+01	1.604375e-03
-5.676748e+01	1.609970e-03
-5.666748e+01	1.615594e-03
-5.656748e+01	1.621248e-03
-5.646748e+01	1.626932e-03
-5.636748e+01	1.632646e-03
-5.626748e+01	1.638391e-03
-5.616748e+01	1.644165e-03
-5.606748e+01	1.649971e-03
-5.596748e+01	1.655808e-03
-5.586748e+01	1.661675e-03
-5.576748e+01	1.667574e-03
-5.566748e+01	1.673505e-03
-5.556748e+01	1.679468e-03
-5.546748e+01	1.685462e-03
-5.536748e+01	1.691489e-03
-5.526748e+01	1.697549e-03
-5.516748e+01	1.703641e-03
-5.506748e+01	1.709766e-03
-5.496748e+01	1.715925e-03
-5.486748e+01	1.722117e-03
-5.476748e+01	1.728342e-03
-5.466748e+01	1.734602e-03
-5.456748e+01	1.740896e-03
-5.446748e+01	1.747225e-03
-5.436748e+01	1.753588e-03
-5.426748e+01	1.759986e-03
-5.416748e+01	1.766420e-03
-5.406748e+01	1.772889e-03
-5.396748e+01	1.779393e-03
-5.386748e+01	1.785934e-03
-5.376748e+01	1.792511e-03
-5.366748e+01	1.799125e-03
-5.356748e+01	1.805775e-03
-5.346748e+01	1.812463e-03
-5.336748e+01	1.819188e-03
-5.326748e+01	1.825951e-03
-5.316748e+01	1.832752e-03
-5.306748e+01	1.839591e-03
-5.296748e+01	1.846468e-03
-5.286748e+01	1.853385e-03
-5.276748e+01	1.860340e-03
-5.266748e+01	1.867336e-03
-5.256748e+01	1.874370e-03
-5.246748e+01	1.881445e-03
-5.236748e+01	1.888560e-03
-5.226748e+01	1.895716e-03
-5.216748e+01	1.902913e-03
-5.206748e+01	1.910151e-03
-5.196748e+01	1.917430e-03
-5.186748e+01	1.924752e-03
-5.176748e+01	1.932116e-03
-5.166748e+01	1.939522e-03
-5.156748e+01	1.946971e-03
-5.146748e+01	1.954464e-03
-5.136748e+01	1.962000e-03
-5.126748e+01	1.969580e-03
-5.116748e+01	1.977204e-03
-5.106748e+01	1.984873e-03
-5.096748e+01	1.992587e-03
-5.086748e+01	2.000346e-03
-5.076748e+01	2.008150e-03
-5.066748e+01	2.016001e-03
-5.056748e+01	2.023898e-03
-5.046748e+01	2.031842e-03
-5.036748e+01	2.039833e-03
-5.026748e+01	2.047872e-03
-5.016748e+01	2.055958e-03
-5.006748e+01	2.064093e-03
-4.996748e+01	2.072277e-03
-4.986748e+01	2.080509e-03
-4.976748e+01	2.088791e-03
-4.966748e+01	2.097123e-03
-4.956748e+01	2.105504e-03
-4.946748e+01	2.113937e-03
-4.936748e+01	2.122421e-03
-4.926748e+01	2.130956e-03
-4.916748e+01	2.139543e-03
-4.906748e+01	2.148182e-03
-4.896748e+01	2.156874e-03
-4.886748e+01	2.165620e-03
-4.876748e+01	2.174419e-03
-4.866748e+01	2.183271e-03
-4.856748e+01	2.192179e-03
-4.846748e+01	2.201141e-03
-4.836748e+01	2.210159e-03
-4.826748e+01	2.219233e-03
-4.816748e+01	2.228363e-03
-4.806748e+01	2.237550e-03
-4.796748e+01	2.246794e-03
-4.786748e+01	2.256096e-03
-4.776748e+01	2.265456e-03
-4.766748e+01	2.274875e-03
-4.756748e+01	2.284353e-03
-4.746748e+01	2.293891e-03
-4.736748e+01	2.303489e-03
-4.726748e+01	2.313148e-03
-4.716748e+01	2.322868e-03
-4.706748e+01	2.332650e-03
-4.696748e+01	2.342494e-03
-4.686748e+01	2.352401e-03
-4.676748e+01	2.362372e-03
-4.666748e+01	2.372406e-03
-4.656748e+01	2.382505e-03
-4.646748e+01	2.392669e-03
-4.636748e+01	2.402899e-03
-4.626748e+01	2.413195e-03
-4.616748e+01	2.423557e-03
-4.606748e+01	2.433987e-03
-4.596748e+01	2.444485e-03
-4.586748e+01	2.455051e-03
-4.576748e+01	2.465687e-03
-4.566748e+01	2.476392e-03
-4.556748e+01	2.487167e-03
-4.546748e+01	2.498014e-03
-4.536748e+01	2.508932e-03
-4.526748e+01	2.519922e-03
-4.516748e+01	2.530986e-03
-4.506748e+01	2.542122e-03
-4.496748e+01	2.553333e-03
-4.486748e+01	2.564619e-03
-4.476748e+01	2.575980e-03
-4.466748e+01	2.587418e-03
-4.456748e+01	2.598932e-03
-4.446748e+01	2.610524e-03
-4.436748e+01	2.622195e-03
-4.426748e+01	2.633944e-03
-4.416748e+01	2.645773e-03
-4.406748e+01	2.657682e-03
-4.396748e+01	2.669673e-03
-4.386748e+01	2.681746e-03
-4.376748e+01	2.693901e-03
-4.366748e+01	2.706139e-03
-4.356748e+01	2.718462e-03
-4.346748e+01	2.730870e-03
-4.336748e+01	2.743364e-03
-4.326748e+01	2.755944e-03
-4.316748e+01	2.768612e-03
-4.306748e+01	2.781368e-03
-4.296748e+01	2.794213e-03
-4.286748e+01	2.807147e-03
-4.276748e+01	2.820173e-03
-4.266748e+01	2.833290e-03
-4.256748e+01	2.846499e-03
-4.246748e+01	2.859802e-03
-4.236748e+01	2.873199e-03
-4.226748e+01	2.886691e-03
-4.216748e+01	2.900280e-03
-4.206748e+01	2.913965e-03
-4.196748e+01	2.927748e-03
-4.186748e+01	2.941629e-03
-4.176748e+01	2.955611e-03
-4.166748e+01	2.969693e-03
-4.156748e+01	2.983877e-03
-4.146748e+01	2.998164e-03
-4.136748e+01	3.012554e-03
-4.126748e+01	3.027049e-03
-4.116748e+01	3.041650e-03
-4.106748e+01	3.056357e-03
-4.096748e+01	3.071173e-03
-4.086748e+01	3.086097e-03
-4.076748e+01	3.101131e-03
-4.066748e+01	3.116277e-03
-4.056748e+01	3.131534e-03
-4.046748e+01	3.146905e-03
-4.036748e+01	3.162390e-03
-4.026748e+01	3.177991e-03
-4.016748e+01	3.193708e-03
-4.006748e+01	3.209544e-03
-3.996748e+01	3.225498e-03
-3.986748e+01	3.241573e-03
-3.976748e+01	3.257769e-03
-3.966748e+01	3.274089e-03
-3.956748e+01	3.290532e-03
-3.946748e+01	3.307100e-03
-3.936748e+01	3.323795e-03
-3.926748e+01	3.340618e-03
-3.916748e+01	3.357570e-03
-3.906748e+01	3.374653e-03
-3.896748e+01	3.391867e-03
-3.886748e+01	3.409215e-03
-3.876748e+01	3.426698e-03
-3.866748e+01	3.444316e-03
-3.856748e+01	3.462072e-03
-3.846748e+01	3.479967e-03
-3.836748e+01	3.498003e-03
-3.826748e+01	3.516180e-03
-3.816748e+01	3.534501e-03
-3.806748e+01	3.552966e-03
-3.796748e+01	3.571578e-03
-3.786748e+01	3.590339e-03
-3.776748e+01	3.609248e-03
-3.766748e+01	3.628310e-03
-3.756748e+01	3.647524e-03
-3.746748e+01	3.666892e-03
-3.736748e+01	3.686417e-03
-3.726748e+01	3.706099e-03
-3.716748e+01	3.725942e-03
-3.706748e+01	3.745945e-03
-3.696748e+01	3.766112e-03
-3.686748e+01	3.786444e-03
-3.676748e+01	3.806943e-03
-3.666748e+01	3.827610e-03
-3.656748e+01	3.848447e-03
-3.646748e+01	3.869457e-03
-3.636748e+01	3.890642e-03
-3.626748e+01	3.912003e-03
-3.616748e+01	3.933541e-03
-3.606748e+01	3.955261e-03
-3.596748e+01	3.977162e-03
-3.586748e+01	3.999248e-03
-3.576748e+01	4.021520e-03
-3.566748e+01	4.043981e-03
-3.556748e+01	4.066633e-03
-3.546748e+01	4.089477e-03
-3.536748e+01	4.112517e-03
-3.526748e+01	4.135754e-03
-3.516748e+01	4.159191e-03
-3.506748e+01	4.182830e-03
-3.496748e+01	4.206673e-03
-3.486748e+01	4.230723e-03
-3.476748e+01	4.254983e-03
-3.466748e+01	4.279453e-03
-3.456748e+01	4.304138e-03
-3.446748e+01	4.329040e-03
-3.436748e+01	4.354161e-03
-3.426748e+01	4.379503e-03
-3.416748e+01	4.405071e-03
-3.406748e+01	4.430865e-03
-3.396748e+01	4.456889e-03
-3.386748e+01	4.483146e-03
-3.376748e+01	4.509639e-03
-3.366748e+01	4.536370e-03
-3.356748e+01	4.563342e-03
-3.346748e+01	4.590558e-03
-3.336748e+01	4.618022e-03
-3.326748e+01	4.645735e-03
-3.316748e+01	4.673702e-03
-3.306748e+01	4.701926e-03
-3.296748e+01	4.730409e-03
-3.286748e+01	4.759155e-03
-3.276748e+01	4.788167e-03
-3.266748e+01	4.817449e-03
-3.256748e+01	4.847003e-03
-3.246748e+01	4.876834e-03
-3.236748e+01	4.906945e-03
-3.226748e+01	4.937339e-03
-3.216748e+01	4.968020e-03
-3.206748e+01	4.998992e-03
-3.196748e+01	5.030258e-03
-3.186748e+01	5.061822e-03
-3.176748e+01	5.093688e-03
-3.166748e+01	5.125860e-03
-3.156748e+01	5.158343e-03
-3.146748e+01	5.191139e-03
-3.136748e+01	5.224253e-03
-3.126748e+01	5.257689e-03
-3.116748e+01	5.291452e-03
-3.106748e+01	5.325546e-03
-3.096748e+01	5.359975e-03
-3.086748e+01	5.394743e-03
-3.076748e+01	5.429856e-03
-3.066748e+01	5.465318e-03
-3.056748e+01	5.501133e-03
-3.046748e+01	5.537307e-03
-3.036748e+01	5.573844e-03
-3.026748e+01	5.610749e-03
-3.016748e+01	5.648027e-03
-3.006748e+01	5.685683e-03
-2.996748e+01	5.723723e-03
-2.986748e+01	5.762152e-03
-2.976748e+01	5.800975e-03
-2.966748e+01	5.840198e-03
-2.956748e+01	5.879825e-03
-2.946748e+01	5.919864e-03
-2.936748e+01	5.960320e-03
-2.926748e+01	6.001198e-03
-2.916748e+01	6.042505e-03
-2.906748e+01	6.084247e-03
-2.896748e+01	6.126429e-03
-2.886748e+01	6.169059e-03
-2.876748e+01	6.212142e-03
-2.866748e+01	6.255686e-03
-2.856748e+01	6.299697e-03
-2.846748e+01	6.344181e-03
-2.836748e+01	6.389147e-03
-2.826748e+01	6.434599e-03
-2.816748e+01	6.480547e-03
-2.806748e+01	6.526997e-03
-2.796748e+01	6.573957e-03
-2.786748e+01	6.621435e-03
-2.776748e+01	6.669437e-03
-2.766748e+01	6.717972e-03
-2.756748e+01	6.767049e-03
-2.746748e+01	6.816674e-03
-2.736748e+01	6.866857e-03
-2.726748e+01	6.917607e-03
-2.716748e+01	6.968931e-03
-2.706748e+01	7.020839e-03
-2.696748e+01	7.073340e-03
-2.686748e+01	7.126442e-03
-2.676748e+01	7.180156e-03
-2.666748e+01	7.234491e-03
-2.656748e+01	7.289457e-03
-2.646748e+01	7.345063e-03
-2.636748e+01	7.401320e-03
-2.626748e+01	7.458239e-03
-2.616748e+01	7.515829e-03
-2.606748e+01	7.574102e-03
-2.596748e+01	7.633069e-03
-2.586748e+01	7.692740e-03
-2.576748e+01	7.753128e-03
-2.566748e+01	7.814245e-03
-2.556748e+01	7.876101e-03
-2.546748e+01	7.938710e-03
-2.536748e+01	8.002083e-03
-2.526748e+01	8.066235e-03
-2.516748e+01	8.131176e-03
-2.506748e+01	8.196922e-03
-2.496748e+01	8.263486e-03
-2.486748e+01	8.330881e-03
-2.476748e+01	8.399121e-03
-2.466748e+01	8.468221e-03
-2.456748e+01	8.538197e-03
-2.446748e+01	8.609062e-03
-2.436748e+01	8.680833e-03
-2.426748e+01	8.753526e-03
-2.416748e+01	8.827156e-03
-2.406748e+01	8.901740e-03
-2.396748e+01	8.977295e-03
-2.386748e+01	9.053838e-03
-2.376748e+01	9.131387e-03
-2.366748e+01	9.209960e-03
-2.356748e+01	9.289576e-03
-2.346748e+01	9.370254e-03
-2.336748e+01	9.452012e-03
-2.326748e+01	9.534871e-03
-2.316748e+01	9.618851e-03
-2.306748e+01	9.703972e-03
-2.296748e+01	9.790257e-03
-2.286748e+01	9.877727e-03
-2.276748e+01	9.966404e-03
-2.266748e+01	1.005631e-02
-2.256748e+01	1.014747e-02
-2.246748e+01	1.023991e-02
-2.236748e+01	1.033365e-02
-2.226748e+01	1.042872e-02
-2.216748e+01	1.052514e-02
-2.206748e+01	1.062294e-02
-2.196748e+01	1.072214e-02
-2.186748e+01	1.082278e-02
-2.176748e+01	1.092488e-02
-2.166748e+01	1.102848e-02
-2.156748e+01	1.113360e-02
-2.146748e+01	1.124027e-02
-2.136748e+01	1.134852e-02
-2.126748e+01	1.145839e-02
-2.116748e+01	1.156991e-02
-2.106748e+01	1.168312e-02
-2.096748e+01	1.179804e-02
-2.086748e+01	1.191472e-02
-2.076748e+01	1.203319e-02
-2.066748e+01	1.215349e-02
-2.056748e+01	1.227566e-02
-2.046748e+01	1.239974e-02
-2.036748e+01	1.252577e-02
-2.026748e+01	1.265379e-02
-2.016748e+01	1.278385e-02
-2.006748e+01	1.291599e-02
-1.996748e+01	1.305025e-02
-1.986748e+01	1.318669e-02
-1.976748e+01	1.332535e-02
-1.966748e+01	1.346629e-02
-1.956748e+01	1.360954e-02
-1.946748e+01	1.375518e-02
-1.936748e+01	1.390325e-02
-1.926748e+01	1.405380e-02
-1.916748e+01	1.420690e-02
-1.906748e+01	1.436261e-02
-1.896748e+01	1.452099e-02
-1.886748e+01	1.468209e-02
-1.876748e+01	1.484599e-02
-1.866748e+01	1.501276e-02
-1.856748e+01	1.518245e-02
-1.846748e+01	1.535515e-02
-1.836748e+01	1.553093e-02
-1.826748e+01	1.570987e-02
-1.816748e+01	1.589204e-02
-1.806748e+01	1.607752e-02
-1.796748e+01	1.626640e-02
-1.786748e+01	1.645877e-02
-1.776748e+01	1.665471e-02
-1.766748e+01	1.685432e-02
-1.756748e+01	1.705770e-02
-1.746748e+01	1.726493e-02
-1.736748e+01	1.747614e-02
-1.726748e+01	1.769141e-02
-1.716748e+01	1.791086e-02
-1.706748e+01	1.813461e-02
-1.696748e+01	1.836278e-02
-1.686748e+01	1.859547e-02
-1.676748e+01	1.883283e-02
-1.666748e+01	1.907498e-02
-1.656748e+01	1.932206e-02
-1.646748e+01	1.957420e-02
-1.636748e+01	1.983156e-02
-1.626748e+01	2.009429e-02
-1.616748e+01	2.036254e-02
-1.606748e+01	2.063647e-02
-1.596748e+01	2.091627e-02
-1.586748e+01	2.120209e-02
-1.576748e+01	2.149414e-02
-1.566748e+01	2.179260e-02
-1.556748e+01	2.209766e-02
-1.546748e+01	2.240954e-02
-1.536748e+01	2.272844e-02
-1.526748e+01	2.305461e-02
-1.516748e+01	2.338826e-02
-1.506748e+01	2.372965e-02
-1.496748e+01	2.407902e-02
-1.486748e+01	2.443666e-02
-1.476748e+01	2.480282e-02
-1.466748e+01	2.517781e-02
-1.456748e+01	2.556193e-02
-1.446748e+01	2.595549e-02
-1.436748e+01	2.635883e-02
-1.426748e+01	2.677229e-02
-1.416748e+01	2.719625e-02
-1.406748e+01	2.763108e-02
-1.396748e+01	2.807719e-02
-1.386748e+01	2.853500e-02
-1.376748e+01	2.900494e-02
-1.366748e+01	2.948749e-02
-1.356748e+01	2.998313e-02
-1.346748e+01	3.049239e-02
-1.336748e+01	3.101579e-02
-1.326748e+01	3.155393e-02
-1.316748e+01	3.210739e-02
-1.306748e+01	3.267682e-02
-1.296748e+01	3.326290e-02
-1.286748e+01	3.386633e-02
-1.276748e+01	3.448787e-02
-1.266748e+01	3.512833e-02
-1.256748e+01	3.578855e-02
-1.246748e+01	3.646943e-02
-1.236748e+01	3.717194e-02
-1.226748e+01	3.789709e-02
-1.216748e+01	3.864598e-02
-1.206748e+01	3.941977e-02
-1.196748e+01	4.021970e-02
-1.186748e+01	4.104710e-02
-1.176748e+01	4.190339e-02
-1.166748e+01	4.279010e-02
-1.156748e+01	4.370887e-02
-1.146748e+01	4.466147e-02
-1.136748e+01	4.564981e-02
-1.126748e+01	4.667595e-02
-1.116748e+01	4.774212e-02
-1.106748e+01	4.885073e-02
-1.096748e+01	5.000442e-02
-1.086748e+01	5.120604e-02
-1.076748e+01	5.245873e-02
-1.066748e+01	5.376591e-02
-1.056748e+01	5.513134e-02
-1.046748e+01	5.655914e-02
-1.036748e+01	5.805389e-02
-1.026748e+01	5.962064e-02
-1.016748e+01	6.126500e-02
-1.006748e+01	6.299324e-02
-9.967479e+00	6.481235e-02
-9.867479e+00	6.673021e-02
-9.767479e+00	6.875570e-02
-9.667479e+00	7.089888e-02
-9.567479e+00	7.317122e-02
-9.467479e+00	7.558583e-02
-9.367479e+00	7.815782e-02
-9.267479e+00	8.090468e-02
-9.167479e+00	8.384677e-02
-9.067479e+00	8.700798e-02
-8.967479e+00	9.041654e-02
-8.867479e+00	9.410605e-02
-8.767479e+00	9.811684e-02
-8.667479e+00	1.024978e-01
-8.567479e+00	1.073086e-01
-8.467479e+00	1.126231e-01
-8.367479e+00	1.185337e-01
-8.267479e+00	1.251570e-01
-8.167479e+00	1.326429e-01
-8.067479e+00	1.411862e-01
-7.967479e+00	1.510446e-01
-7.867479e+00	1.625651e-01
-7.767479e+00	1.762238e-01
-7.667479e+00	1.926887e-01
-7.567479e+00	2.129194e-01
-7.467479e+00	2.383327e-01
-7.367479e+00	2.710831e-01
-7.267479e+00	3.145574e-01
-7.167479e+00	3.742702e-01
-7.067479e+00	4.595275e-01
-6.967479e+00	5.864917e-01
-6.867479e+00	7.832583e-01
-6.767479e+00	1.093988e+00
-6.667479e+00	1.555309e+00
-6.567479e+00	2.051376e+00
-6.467479e+00	2.158641e+00
-6.367479e+00	1.753828e+00
-6.267479e+00	1.268015e+00
-6.167479e+00	9.240643e-01
-6.067479e+00	7.110430e-01
-5.967479e+00	5.815282e-01
-5.867479e+00	5.023217e-01
-5.767479e+00	4.541460e-01
-5.667479e+00	4.261082e-01
-5.567479e+00	4.119982e-01
-5.467479e+00	4.082063e-01
-5.367479e+00	4.126496e-01
-5.267479e+00	4.245429e-01
-5.167479e+00	4.439362e-01
-5.067479e+00	4.700506e-01
-4.967479e+00	4.991886e-01
-4.867479e+00	5.295689e-01
-4.767479e+00	5.663725e-01
-4.667479e+00	6.142631e-01
-4.567479e+00	6.758839e-01
-4.467479e+00	7.541691e-01
-4.367479e+00	8.534013e-01
-4.267479e+00	9.815857e-01
-4.167479e+00	1.152919e+00
-4.067479e+00	1.388343e+00
-3.967479e+00	1.712894e+00
-3.867479e+00	2.140637e+00
-3.767479e+00	2.697155e+00
-3.667479e+00	3.507456e+00
-3.567479e+00	4.668562e+00
-3.467479e+00	5.840193e+00
-3.367479e+00	6.293955e+00
-3.267479e+00	6.327947e+00
-3.167479e+00	6.772536e+00
-3.067479e+00	7.602187e+00
-2.967479e+00	8.414457e+00
-2.867479e+00	9.142974e+00
-2.767479e+00	9.544555e+00
-2.667479e+00	9.904625e+00
-2.567479e+00	1.064069e+01
-2.467479e+00	1.140437e+01
-2.367479e+00	1.180305e+01
-2.267479e+00	1.227962e+01
-2.167479e+00	1.349230e+01
-2.067479e+00	1.466032e+01
-1.967479e+00	1.439771e+01
-1.867479e+00	1.220369e+01
-1.767479e+00	9.130060e+00
-1.667479e+00	6.602814e+00
-1.567479e+00	4.946716e+00
-1.467479e+00	3.936863e+00
-1.367479e+00	3.350116e+00
-1.267479e+00	3.057029e+00
-1.167479e+00	3.003091e+00
-1.067479e+00	3.192823e+00
-9.674791e-01	3.691734e+00
-8.674791e-01	4.640249e+00
-7.674791e-01	6.219585e+00
-6.674791e-01	8.293198e+00
-5.674791e-01	9.581114e+00
-4.674791e-01	8.908285e+00
-3.674791e-01	7.598306e+00
-2.674791e-01	6.695657e+00
-1.674791e-01	5.677890e+00
-6.747911e-02	4.349661e+00
3.252089e-02	3.221735e+00
1.325209e-01	2.462848e+00
2.325209e-01	1.989421e+00
3.325209e-01	1.712176e+00
4.325209e-01	1.580282e+00
5.325209e-01	1.552181e+00
6.325209e-01	1.523882e+00
7.325209e-01	1.371448e+00
8.325209e-01	1.155644e+00
9.325209e-01	9.794283e-01
1.032521e+00	8.586320e-01
1.132521e+00	7.784356e-01
1.232521e+00	7.255102e-01
1.332521e+00	6.917355e-01
1.432521e+00	6.725376e-01
1.532521e+00	6.648508e-01
1.632521e+00	6.654077e-01
1.732521e+00	6.729571e-01
1.832521e+00	6.901255e-01
1.932521e+00	7.197812e-01
2.032521e+00	7.648932e-01
2.132521e+00	8.303613e-01
2.232521e+00	9.248062e-01
2.332521e+00	1.062942e+00
2.432521e+00	1.267360e+00
2.532521e+00	1.558965e+00
2.632521e+00	1.893321e+00
2.732521e+00	2.079076e+00
2.832521e+00	2.052621e+00
2.932521e+00	2.033201e+00
3.032521e+00	2.160307e+00
3.132521e+00	2.471794e+00
3.232521e+00	3.013626e+00
3.332521e+00	3.890303e+00
3.432521e+00	5.301685e+00
3.532521e+00	7.564227e+00
3.632521e+00	1.091065e+01
3.732521e+00	1.438899e+01
3.832521e+00	1.490577e+01
3.932521e+00	1.186878e+01
4.032521e+00	8.419956e+00
4.132521e+00	6.025794e+00
4.232521e+00	4.570952e+00
4.332521e+00	3.722768e+00
4.432521e+00	3.257796e+00
4.532521e+00	3.054869e+00
4.632521e+00	3.058298e+00
4.732521e+00	3.256807e+00
4.832521e+00	3.677948e+00
4.932521e+00	4.396280e+00
5.032521e+00	5.558594e+00
5.132521e+00	7.433925e+00
5.232521e+00	1.048252e+01
5.332521e+00	1.529967e+01
5.432521e+00	2.166063e+01
5.532521e+00	2.580104e+01
5.632521e+00	2.298476e+01
5.732521e+00	1.655402e+01
5.832521e+00	1.120789e+01
5.932521e+00	7.717340e+00
6.032521e+00	5.523788e+00
6.132521e+00	4.113040e+00
6.232521e+00	3.170605e+00
6.332521e+00	2.516406e+00
6.432521e+00	2.046281e+00
6.532521e+00	1.698084e+00
6.632521e+00	1.433386e+00
6.732521e+00	1.227596e+00
6.832521e+00	1.064465e+00
6.932521e+00	9.329441e-01
7.032521e+00	8.253277e-01
7.132521e+00	7.361163e-01
7.232521e+00	6.613038e-01
7.332521e+00	5.979187e-01
7.432521e+00	5.437197e-01
7.532521e+00	4.969914e-01
7.632521e+00	4.564030e-01
7.732521e+00	4.209095e-01
7.832521e+00	3.896812e-01
7.932521e+00	3.620524e-01
8.032521e+00	3.374847e-01
8.132521e+00	3.155384e-01
8.232521e+00	2.958524e-01
8.332521e+00	2.781280e-01
8.432521e+00	2.621170e-01
8.532521e+00	2.476127e-01
8.632521e+00	2.344433e-01
8.732521e+00	2.224672e-01
8.832521e+00	2.115704e-01
8.932521e+00	2.016675e-01
9.032521e+00	1.927051e-01
9.132521e+00	1.846673e-01
9.232521e+00	1.775561e-01
9.332521e+00	1.712331e-01
9.432521e+00	1.651374e-01
9.532521e+00	1.589054e-01
9.632521e+00	1.530825e-01
9.732521e+00	1.481116e-01
9.832521e+00	1.440935e-01
9.932521e+00	1.411135e-01
1.003252e+01	1.393906e-01
1.013252e+01	1.393718e-01
1.023252e+01	1.418778e-01
1.033252e+01	1.482828e-01
1.043252e+01	1.602188e-01
1.053252e+01	1.765380e-01
1.063252e+01	1.875653e-01
1.073252e+01	1.873138e-01
1.083252e+01	1.872206e-01
1.093252e+01	1.891503e-01
1.103252e+01	1.798087e-01
1.113252e+01	1.616942e-01
1.123252e+01	1.486281e-01
1.133252e+01	1.456510e-01
1.143252e+01	1.531884e-01
1.153252e+01	1.678917e-01
1.163252e+01	1.746265e-01
1.173252e+01	1.601295e-01
1.183252e+01	1.382593e-01
1.193252e+01	1.226920e-01
1.203252e+01	1.150983e-01
1.213252e+01	1.141409e-01
1.223252e+01	1.191423e-01
1.233252e+01	1.270386e-01
1.243252e+01	1.283505e-01
1.253252e+01	1.186714e-01
1.263252e+01	1.046179e-01
1.273252e+01	9.106511e-02
1.283252e+01	8.067165e-02
1.293252e+01	7.355110e-02
1.303252e+01	6.877340e-02
1.313252e+01	6.564087e-02
1.323252e+01	6.384508e-02
1.333252e+01	6.310854e-02
1.343252e+01	6.244467e-02
1.353252e+01	6.050440e-02
1.363252e+01	5.758328e-02
1.373252e+01	5.452878e-02
1.383252e+01	5.189829e-02
1.393252e+01	4.985944e-02
1.403252e+01	4.827589e-02
1.413252e+01	4.691204e-02
1.423252e+01	4.560949e-02
1.433252e+01	4.441680e-02
1.443252e+01	4.338359e-02
1.453252e+01	4.250141e-02
1.463252e+01	4.176771e-02
1.473252e+01	4.120180e-02
1.483252e+01	4.082427e-02
1.493252e+01	4.061524e-02
1.503252e+01	4.045399e-02
1.513252e+01	3.999908e-02
1.523252e+01	3.917652e-02
1.533252e+01	3.845260e-02
1.543252e+01	3.812555e-02
1.553252e+01	3.826050e-02
1.563252e+01	3.863263e-02
1.573252e+01	3.844237e-02
1.583252e+01	3.730980e-02
1.593252e+01	3.596015e-02
1.603252e+01	3.490632e-02
1.613252e+01	3.419205e-02
1.623252e+01	3.373990e-02
1.633252e+01	3.348596e-02
1.643252e+01	3.340800e-02
1.653252e+01	3.354101e-02
1.663252e+01	3.396062e-02
1.673252e+01	3.479420e-02
1.683252e+01	3.625432e-02
1.693252e+01	3.860424e-02
1.703252e+01	4.173146e-02
1.713252e+01	4.427265e-02
1.723252e+01	4.512217e-02
1.733252e+01	4.530658e-02
1.743252e+01	4.568630e-02
1.753252e+01	4.749962e-02
1.763252e+01	5.202084e-02
1.773252e+01	5.992521e-02
1.783252e+01	7.042766e-02
1.793252e+01	8.130207e-02
1.803252e+01	9.144409e-02
1.813252e+01	9.597740e-02
1.823252e+01	9.353949e-02
1.833252e+01	9.328006e-02
1.843252e+01	9.767054e-02
1.853252e+01	9.654338e-02
1.863252e+01	8.407451e-02
1.873252e+01	7.046158e-02
1.883252e+01	6.187498e-02
1.893252e+01	5.760739e-02
1.903252e+01	5.700711e-02
1.913252e+01	6.096062e-02
1.923252e+01	7.039066e-02
1.933252e+01	8.461835e-02
1.943252e+01	9.703514e-02
1.953252e+01	9.856228e-02
1.963252e+01	9.075124e-02
1.973252e+01	7.698579e-02
1.983252e+01	6.330769e-02
1.993252e+01	5.334139e-02
2.003252e+01	4.601611e-02
2.013252e+01	4.065996e-02
2.023252e+01	3.662056e-02
2.033252e+01	3.340606e-02
2.043252e+01	3.122246e-02
2.053252e+01	3.017189e-02
2.063252e+01	3.030062e-02
2.073252e+01	3.146427e-02
2.083252e+01	3.258237e-02
2.093252e+01	3.225910e-02
2.103252e+01	3.149444e-02
2.113252e+01	3.159547e-02
2.123252e+01	3.185203e-02
2.133252e+01	3.115423e-02
2.143252e+01	3.006292e-02
2.153252e+01	2.986701e-02
2.163252e+01	3.124186e-02
2.173252e+01	3.442352e-02
2.183252e+01	3.886196e-02
2.193252e+01	4.293725e-02
2.203252e+01	4.749085e-02
2.213252e+01	5.481404e-02
2.223252e+01	6.154828e-02
2.233252e+01	6.035020e-02
2.243252e+01	5.162808e-02
2.253252e+01	4.205235e-02
2.263252e+01	3.557738e-02
2.273252e+01	3.198643e-02
2.283252e+01	2.965612e-02
2.293252e+01	2.754952e-02
2.303252e+01	2.520534e-02
2.313252e+01	2.291724e-02
2.323252e+01	2.124361e-02
2.333252e+01	2.010055e-02
2.343252e+01	1.931366e-02
2.353252e+01	1.894837e-02
2.363252e+01	1.897792e-02
2.373252e+01	1.900714e-02
2.383252e+01	1.858307e-02
2.393252e+01	1.801163e-02
2.403252e+01	1.772083e-02
2.413252e+01	1.786192e-02
2.423252e+01	1.853692e-02
2.433252e+01	1.975763e-02
2.443252e+01	2.102716e-02
2.453252e+01	2.138169e-02
2.463252e+01	2.090867e-02
2.473252e+01	2.053478e-02
2.483252e+01	2.066949e-02
2.493252e+01	2.123717e-02
2.503252e+01	2.214777e-02
2.513252e+01	2.322191e-02
2.523252e+01	2.444458e-02
2.533252e+01	2.570136e-02
2.543252e+01	2.635024e-02
2.553252e+01	2.599121e-02
2.563252e+01	2.557548e-02
2.573252e+01	2.588812e-02
2.583252e+01	2.667543e-02
2.593252e+01	2.816607e-02
2.603252e+01	3.125317e-02
2.613252e+01	3.678289e-02
2.623252e+01	4.588571e-02
2.633252e+01	5.987621e-02
2.643252e+01	7.737140e-02
2.653252e+01	9.056241e-02
2.663252e+01	9.563741e-02
2.673252e+01	9.729634e-02
2.683252e+01	9.760790e-02
2.693252e+01	9.345327e-02
2.703252e+01	8.227827e-02
2.713252e+01	6.890844e-02
2.723252e+01	5.632005e-02
2.733252e+01	4.500954e-02
2.743252e+01	3.641971e-02
2.753252e+01	3.106724e-02
2.763252e+01	2.802881e-02
2.773252e+01	2.575260e-02
2.783252e+01	2.353964e-02
2.793252e+01	2.204786e-02
2.803252e+01	2.140235e-02
2.813252e+01	2.071758e-02
2.823252e+01	1.943242e-02
2.833252e+01	1.794150e-02
2.843252e+01	1.667264e-02
2.853252e+01	1.574870e-02
2.863252e+01	1.514465e-02
2.873252e+01	1.489855e-02
2.883252e+01	1.502929e-02
2.893252e+01	1.557375e-02
2.903252e+01	1.664534e-02
2.913252e+01	1.848094e-02
2.923252e+01	2.149616e-02
2.933252e+01	2.627404e-02
2.943252e+01	3.327327e-02
2.953252e+01	4.169431e-02
2.963252e+01	4.673487e-02
2.973252e+01	4.439320e-02
2.983252e+01	3.853591e-02
2.993252e+01	3.324169e-02
3.003252e+01	3.072412e-02
3.013252e+01	3.060345e-02
3.023252e+01	2.975532e-02
3.033252e+01	2.644722e-02
3.043252e+01	2.273961e-02
3.053252e+01	1.984909e-02
3.063252e+01	1.803177e-02
3.073252e+01	1.742779e-02
3.083252e+01	1.789317e-02
3.093252e+01	1.898141e-02
3.103252e+01	2.054438e-02
3.113252e+01	2.270932e-02
3.123252e+01	2.364888e-02
3.133252e+01	2.132665e-02
3.143252e+01	1.777127e-02
3.153252e+01	1.508309e-02
3.163252e+01	1.349386e-02
3.173252e+01	1.274444e-02
3.183252e+01	1.267839e-02
3.193252e+01	1.331369e-02
3.203252e+01	1.478589e-02
3.213252e+01	1.699655e-02
3.223252e+01	1.884763e-02
3.233252e+01	1.928445e-02
3.243252e+01	1.881101e-02
3.253252e+01	1.712845e-02
3.263252e+01	1.458393e-02
3.273252e+01	1.241761e-02
3.283252e+01	1.098353e-02
3.293252e+01	1.014703e-02
3.303252e+01	9.662895e-03
3.313252e+01	9.273531e-03
3.323252e+01	8.959257e-03
3.333252e+01	8.841550e-03
3.343252e+01	8.912798e-03
3.353252e+01	9.014750e-03
3.363252e+01	9.032367e-03
3.373252e+01	9.182221e-03
3.383252e+01	9.698476e-03
3.393252e+01	1.044724e-02
3.403252e+01	1.073715e-02
3.413252e+01	1.023314e-02
3.423252e+01	9.354279e-03
3.433252e+01	8.419565e-03
3.443252e+01	7.681118e-03
3.453252e+01	7.185870e-03
3.463252e+01	6.866507e-03
3.473252e+01	6.654037e-03
3.483252e+01	6.506701e-03
3.493252e+01	6.414927e-03
3.503252e+01	6.374211e-03
3.513252e+01	6.377822e-03
3.523252e+01	6.436529e-03
3.533252e+01	6.586753e-03
3.543252e+01	6.881171e-03
3.553252e+01	7.314305e-03
3.563252e+01	7.619085e-03
3.573252e+01	7.408389e-03
3.583252e+01	6.897238e-03
3.593252e+01	6.465268e-03
3.603252e+01	6.188931e-03
3.613252e+01	6.027472e-03
3.623252e+01	5.933477e-03
3.633252e+01	5.875239e-03
3.643252e+01	5.850918e-03
3.653252e+01	5.866852e-03
3.663252e+01	5.921061e-03
3.673252e+01	6.013077e-03
3.683252e+01	6.162928e-03
3.693252e+01	6.381652e-03
3.703252e+01	6.627623e-03
3.713252e+01	6.886502e-03
3.723252e+01	7.212876e-03
3.733252e+01	7.541977e-03
3.743252e+01	7.869555e-03
3.753252e+01	8.431232e-03
3.763252e+01	9.419712e-03
3.773252e+01	1.095780e-02
3.783252e+01	1.321974e-02
3.793252e+01	1.571591e-02
3.803252e+01	1.643967e-02
3.813252e+01	1.476380e-02
3.823252e+01	1.265424e-02
3.833252e+01	1.126219e-02
3.843252e+01	1.036489e-02
3.853252e+01	9.637435e-03
3.863252e+01	9.207885e-03
3.873252e+01	9.193999e-03
3.883252e+01	9.584476e-03
3.893252e+01	1.032466e-02
3.903252e+01	1.123120e-02
3.913252e+01	1.180290e-02
3.923252e+01	1.172300e-02
3.933252e+01	1.107527e-02
3.943252e+01	1.044850e-02
3.953252e+01	1.029376e-02
3.963252e+01	1.058157e-02
3.973252e+01	1.114050e-02
3.983252e+01	1.207042e-02
3.993252e+01	1.358671e-02
4.003252e+01	1.598169e-02
4.013252e+01	1.989026e-02
4.023252e+01	2.627001e-02
4.033252e+01	3.549217e-02
4.043252e+01	4.417734e-02
4.053252e+01	4.534732e-02
4.063252e+01	4.081436e-02
4.073252e+01	3.782545e-02
4.083252e+01	3.693313e-02
4.093252e+01	3.379853e-02
4.103252e+01	2.750211e-02
4.113252e+01	2.133547e-02
4.123252e+01	1.689585e-02
4.133252e+01	1.406811e-02
4.143252e+01	1.223758e-02
4.153252e+01	1.104364e-02
4.163252e+01	1.026261e-02
4.173252e+01	9.627704e-03
4.183252e+01	9.048409e-03
4.193252e+01	8.486157e-03
4.203252e+01	8.091268e-03
4.213252e+01	8.055382e-03
4.223252e+01	8.392024e-03
4.233252e+01	8.743625e-03
4.243252e+01	8.366459e-03
4.253252e+01	7.339496e-03
4.263252e+01	6.372298e-03
4.273252e+01	5.690859e-03
4.283252e+01	5.233371e-03
4.293252e+01	4.917944e-03
4.303252e+01	4.691283e-03
4.313252e+01	4.522228e-03
4.323252e+01	4.392686e-03
4.333252e+01	4.292053e-03
4.343252e+01	4.214072e-03
4.353252e+01	4.154407e-03
4.363252e+01	4.107765e-03
4.373252e+01	4.069854e-03
4.383252e+01	4.043607e-03
4.393252e+01	4.033818e-03
4.403252e+01	4.044205e-03
4.413252e+01	4.080091e-03
4.423252e+01	4.149439e-03
4.433252e+01	4.258700e-03
4.443252e+01	4.406185e-03
4.453252e+01	4.601051e-03
4.463252e+01	4.879969e-03
4.473252e+01	5.324886e-03
4.483252e+01	6.070007e-03
4.493252e+01	7.206879e-03
4.503252e+01	8.458803e-03
4.513252e+01	8.811299e-03
4.523252e+01	7.805449e-03
4.533252e+01	6.491717e-03
4.543252e+01	5.538681e-03
4.553252e+01	4.949665e-03
4.563252e+01	4.595433e-03
4.573252e+01	4.382971e-03
4.583252e+01	4.269763e-03
4.593252e+01	4.238531e-03
4.603252e+01	4.285552e-03
4.613252e+01	4.422197e-03
4.623252e+01	4.680656e-03
4.633252e+01	5.125798e-03
4.643252e+01	5.849981e-03
4.653252e+01	6.846868e-03
4.663252e+01	7.606961e-03
4.673252e+01	7.352412e-03
4.683252e+01	6.487764e-03
4.693252e+01	5.786911e-03
4.703252e+01	5.422268e-03
4.713252e+01	5.339455e-03
4.723252e+01	5.498973e-03
4.733252e+01	5.915994e-03
4.743252e+01	6.664861e-03
4.753252e+01	7.846856e-03
4.763252e+01	9.384540e-03
4.773252e+01	1.078254e-02
4.783252e+01	1.208544e-02
4.793252e+01	1.440318e-02
4.803252e+01	1.835994e-02
4.813252e+01	2.236005e-02
4.823252e+01	2.216520e-02
4.833252e+01	1.770332e-02
4.843252e+01	1.310871e-02
4.853252e+01	9.985713e-03
4.863252e+01	8.062800e-03
4.873252e+01	6.802373e-03
4.883252e+01	5.880024e-03
4.893252e+01	5.225474e-03
4.903252e+01	4.802855e-03
4.913252e+01	4.570289e-03
4.923252e+01	4.502408e-03
4.933252e+01	4.559983e-03
4.943252e+01	4.633751e-03
4.953252e+01	4.543658e-03
4.963252e+01	4.215462e-03
4.973252e+01	3.845042e-03
4.983252e+01	3.566299e-03
4.993252e+01	3.378271e-03
5.003252e+01	3.252644e-03
5.013252e+01	3.168950e-03
5.023252e+01	3.115626e-03
5.033252e+01	3.086874e-03
5.043252e+01	3.082094e-03
5.053252e+01	3.106167e-03
5.063252e+01	3.169914e-03
5.073252e+01	3.293597e-03
5.083252e+01	3.510100e-03
5.093252e+01	3.848972e-03
5.103252e+01	4.233554e-03
5.113252e+01	4.361756e-03
5.123252e+01	4.140485e-03
5.133252e+01	3.902112e-03
5.143252e+01	3.849140e-03
5.153252e+01	4.024869e-03
5.163252e+01	4.424804e-03
5.173252e+01	4.860154e-03
5.183252e+01	4.871148e-03
5.193252e+01	4.456075e-03
5.203252e+01	4.086582e-03
5.213252e+01	3.964271e-03
5.223252e+01	4.060700e-03
5.233252e+01	4.195153e-03
5.243252e+01	4.091607e-03
5.253252e+01	3.758671e-03
5.263252e+01	3.426919e-03
5.273252e+01	3.159557e-03
5.283252e+01	2.944133e-03
5.293252e+01	2.788362e-03
5.303252e+01	2.685160e-03
5.313252e+01	2.620786e-03
5.323252e+01	2.585946e-03
5.333252e+01	2.571894e-03
5.343252e+01	2.558088e-03
5.353252e+01	2.526483e-03
5.363252e+01	2.493895e-03
5.373252e+01	2.479669e-03
5.383252e+01	2.486140e-03
5.393252e+01	2.495967e-03
5.403252e+01	2.476972e-03
5.413252e+01	2.433941e-03
5.423252e+01	2.394134e-03
5.433252e+01	2.364723e-03
5.443252e+01	2.343290e-03
5.453252e+01	2.328981e-03
5.463252e+01	2.321112e-03
5.473252e+01	2.318182e-03
5.483252e+01	2.318611e-03
5.493252e+01	2.323143e-03
5.503252e+01	2.334522e-03
5.513252e+01	2.355660e-03
5.523252e+01	2.387418e-03
5.533252e+01	2.418752e-03
5.543252e+01	2.427071e-03
5.553252e+01	2.417151e-03
5.563252e+01	2.409013e-03
5.573252e+01	2.410360e-03
5.583252e+01	2.423508e-03
5.593252e+01	2.447781e-03
5.603252e+01	2.482549e-03
5.613252e+01	2.531682e-03
5.623252e+01	2.603055e-03
5.633252e+01	2.708316e-03
5.643252e+01	2.862978e-03
5.653252e+01	3.068638e-03
5.663252e+01	3.256624e-03
5.673252e+01	3.315880e-03
5.683252e+01	3.286778e-03
5.693252e+01	3.265501e-03
5.703252e+01	3.284382e-03
5.713252e+01	3.361973e-03
5.723252e+01	3.509564e-03
5.733252e+01	3.752863e-03
5.743252e+01	4.129647e-03
5.753252e+01	4.681936e-03
5.763252e+01	5.404561e-03
5.773252e+01	6.183544e-03
5.783252e+01	6.975415e-03
5.793252e+01	7.915937e-03
5.803252e+01	9.048713e-03
5.813252e+01	1.024280e-02
5.823252e+01	1.130109e-02
5.833252e+01	1.175793e-02
5.843252e+01	1.131475e-02
5.853252e+01	1.068247e-02
5.863252e+01	1.069640e-02
5.873252e+01	1.164446e-02
5.883252e+01	1.381182e-02
5.893252e+01	1.774994e-02
5.903252e+01	2.412877e-02
5.913252e+01	3.231730e-02
5.923252e+01	3.731300e-02
5.933252e+01	3.504530e-02
5.943252e+01	3.093268e-02
5.953252e+01	2.943276e-02
5.963252e+01	2.833400e-02
5.973252e+01	2.407440e-02
5.983252e+01	1.854624e-02
5.993252e+01	1.445049e-02
6.003252e+01	1.212252e-02
6.013252e+01	1.089435e-02
6.023252e+01	9.833164e-03
6.033252e+01	8.622015e-03
6.043252e+01	7.716516e-03
6.053252e+01	7.409648e-03
6.063252e+01	7.692324e-03
6.073252e+01	8.221243e-03
6.083252e+01	8.174420e-03
6.093252e+01	7.184339e-03
6.103252e+01	5.952713e-03
6.113252e+01	5.055556e-03
6.123252e+01	4.542568e-03
6.133252e+01	4.281650e-03
6.143252e+01	4.052286e-03
6.153252e+01	3.724901e-03
6.163252e+01	3.400962e-03
6.173252e+01	3.159291e-03
6.183252e+01	3.002131e-03
6.193252e+01	2.911798e-03
6.203252e+01	2.873695e-03
6.213252e+01	2.877000e-03
6.223252e+01	2.916930e-03
6.233252e+01	3.004903e-03
6.243252e+01	3.162212e-03
6.253252e+01	3.418620e-03
6.263252e+01	3.824518e-03
6.273252e+01	4.469656e-03
6.283252e+01	5.511347e-03
6.293252e+01	7.192570e-03
6.303252e+01	9.681802e-03
6.313252e+01	1.221045e-02
6.323252e+01	1.243912e-02
6.333252e+01	1.006971e-02
6.343252e+01	7.465202e-03
