#RPA-results:
#Nucleus: Ni 80
#Fermi level: -1.541935e+00	-1.810941e+01
#Excitation: 1 +
#Total number of pairs: 494
#Number of ph-/ah-pairs: 494/0
#Maximal excitation-energy for particle-hole-pairs: 100
#Maximal excitation-energy for antiparticle-hole-pairs: 1000
#No imaginary eigenvalues

#Parameterset: DD-PC1
#natural parity: no
#Isoscalar result:

#width: 5.000000e-01
#maximum value: 1.464735e-02
#at energy: 6.343252e+01
-9.656748e+01	5.226984e-04
-9.646748e+01	5.237330e-04
-9.636748e+01	5.247708e-04
-9.626748e+01	5.258117e-04
-9.616748e+01	5.268556e-04
-9.606748e+01	5.279027e-04
-9.596748e+01	5.289529e-04
-9.586748e+01	5.300062e-04
-9.576748e+01	5.310627e-04
-9.566748e+01	5.321224e-04
-9.556748e+01	5.331853e-04
-9.546748e+01	5.342513e-04
-9.536748e+01	5.353205e-04
-9.526748e+01	5.363930e-04
-9.516748e+01	5.374687e-04
-9.506748e+01	5.385476e-04
-9.496748e+01	5.396298e-04
-9.486748e+01	5.407153e-04
-9.476748e+01	5.418041e-04
-9.466748e+01	5.428961e-04
-9.456748e+01	5.439915e-04
-9.446748e+01	5.450902e-04
-9.436748e+01	5.461922e-04
-9.426748e+01	5.472976e-04
-9.416748e+01	5.484063e-04
-9.406748e+01	5.495184e-04
-9.396748e+01	5.506339e-04
-9.386748e+01	5.517528e-04
-9.376748e+01	5.528752e-04
-9.366748e+01	5.540009e-04
-9.356748e+01	5.551302e-04
-9.346748e+01	5.562628e-04
-9.336748e+01	5.573990e-04
-9.326748e+01	5.585386e-04
-9.316748e+01	5.596818e-04
-9.306748e+01	5.608285e-04
-9.296748e+01	5.619787e-04
-9.286748e+01	5.631324e-04
-9.276748e+01	5.642897e-04
-9.266748e+01	5.654506e-04
-9.256748e+01	5.666151e-04
-9.246748e+01	5.677832e-04
-9.236748e+01	5.689549e-04
-9.226748e+01	5.701303e-04
-9.216748e+01	5.713093e-04
-9.206748e+01	5.724920e-04
-9.196748e+01	5.736783e-04
-9.186748e+01	5.748684e-04
-9.176748e+01	5.760621e-04
-9.166748e+01	5.772596e-04
-9.156748e+01	5.784609e-04
-9.146748e+01	5.796659e-04
-9.136748e+01	5.808746e-04
-9.126748e+01	5.820872e-04
-9.116748e+01	5.833036e-04
-9.106748e+01	5.845238e-04
-9.096748e+01	5.857478e-04
-9.086748e+01	5.869757e-04
-9.076748e+01	5.882075e-04
-9.066748e+01	5.894431e-04
-9.056748e+01	5.906827e-04
-9.046748e+01	5.919262e-04
-9.036748e+01	5.931736e-04
-9.026748e+01	5.944250e-04
-9.016748e+01	5.956803e-04
-9.006748e+01	5.969397e-04
-8.996748e+01	5.982030e-04
-8.986748e+01	5.994704e-04
-8.976748e+01	6.007418e-04
-8.966748e+01	6.020172e-04
-8.956748e+01	6.032968e-04
-8.946748e+01	6.045804e-04
-8.936748e+01	6.058681e-04
-8.926748e+01	6.071600e-04
-8.916748e+01	6.084560e-04
-8.906748e+01	6.097562e-04
-8.896748e+01	6.110605e-04
-8.886748e+01	6.123690e-04
-8.876748e+01	6.136818e-04
-8.866748e+01	6.149988e-04
-8.856748e+01	6.163200e-04
-8.846748e+01	6.176456e-04
-8.836748e+01	6.189754e-04
-8.826748e+01	6.203095e-04
-8.816748e+01	6.216479e-04
-8.806748e+01	6.229907e-04
-8.796748e+01	6.243378e-04
-8.786748e+01	6.256894e-04
-8.776748e+01	6.270453e-04
-8.766748e+01	6.284057e-04
-8.756748e+01	6.297705e-04
-8.746748e+01	6.311397e-04
-8.736748e+01	6.325134e-04
-8.726748e+01	6.338917e-04
-8.716748e+01	6.352744e-04
-8.706748e+01	6.366617e-04
-8.696748e+01	6.380536e-04
-8.686748e+01	6.394500e-04
-8.676748e+01	6.408510e-04
-8.666748e+01	6.422567e-04
-8.656748e+01	6.436669e-04
-8.646748e+01	6.450819e-04
-8.636748e+01	6.465015e-04
-8.626748e+01	6.479258e-04
-8.616748e+01	6.493549e-04
-8.606748e+01	6.507887e-04
-8.596748e+01	6.522272e-04
-8.586748e+01	6.536705e-04
-8.576748e+01	6.551187e-04
-8.566748e+01	6.565717e-04
-8.556748e+01	6.580295e-04
-8.546748e+01	6.594922e-04
-8.536748e+01	6.609597e-04
-8.526748e+01	6.624322e-04
-8.516748e+01	6.639097e-04
-8.506748e+01	6.653921e-04
-8.496748e+01	6.668794e-04
-8.486748e+01	6.683718e-04
-8.476748e+01	6.698692e-04
-8.466748e+01	6.713717e-04
-8.456748e+01	6.728792e-04
-8.446748e+01	6.743918e-04
-8.436748e+01	6.759095e-04
-8.426748e+01	6.774324e-04
-8.416748e+01	6.789604e-04
-8.406748e+01	6.804936e-04
-8.396748e+01	6.820321e-04
-8.386748e+01	6.835757e-04
-8.376748e+01	6.851247e-04
-8.366748e+01	6.866789e-04
-8.356748e+01	6.882384e-04
-8.346748e+01	6.898032e-04
-8.336748e+01	6.913734e-04
-8.326748e+01	6.929490e-04
-8.316748e+01	6.945300e-04
-8.306748e+01	6.961164e-04
-8.296748e+01	6.977082e-04
-8.286748e+01	6.993056e-04
-8.276748e+01	7.009084e-04
-8.266748e+01	7.025168e-04
-8.256748e+01	7.041307e-04
-8.246748e+01	7.057502e-04
-8.236748e+01	7.073753e-04
-8.226748e+01	7.090061e-04
-8.216748e+01	7.106425e-04
-8.206748e+01	7.122846e-04
-8.196748e+01	7.139324e-04
-8.186748e+01	7.155859e-04
-8.176748e+01	7.172452e-04
-8.166748e+01	7.189103e-04
-8.156748e+01	7.205812e-04
-8.146748e+01	7.222580e-04
-8.136748e+01	7.239406e-04
-8.126748e+01	7.256291e-04
-8.116748e+01	7.273236e-04
-8.106748e+01	7.290240e-04
-8.096748e+01	7.307304e-04
-8.086748e+01	7.324428e-04
-8.076748e+01	7.341612e-04
-8.066748e+01	7.358858e-04
-8.056748e+01	7.376164e-04
-8.046748e+01	7.393531e-04
-8.036748e+01	7.410960e-04
-8.026748e+01	7.428451e-04
-8.016748e+01	7.446004e-04
-8.006748e+01	7.463619e-04
-7.996748e+01	7.481297e-04
-7.986748e+01	7.499038e-04
-7.976748e+01	7.516843e-04
-7.966748e+01	7.534711e-04
-7.956748e+01	7.552643e-04
-7.946748e+01	7.570639e-04
-7.936748e+01	7.588700e-04
-7.926748e+01	7.606826e-04
-7.916748e+01	7.625017e-04
-7.906748e+01	7.643273e-04
-7.896748e+01	7.661595e-04
-7.886748e+01	7.679983e-04
-7.876748e+01	7.698438e-04
-7.866748e+01	7.716959e-04
-7.856748e+01	7.735548e-04
-7.846748e+01	7.754204e-04
-7.836748e+01	7.772928e-04
-7.826748e+01	7.791719e-04
-7.816748e+01	7.810580e-04
-7.806748e+01	7.829508e-04
-7.796748e+01	7.848506e-04
-7.786748e+01	7.867574e-04
-7.776748e+01	7.886711e-04
-7.766748e+01	7.905918e-04
-7.756748e+01	7.925195e-04
-7.746748e+01	7.944544e-04
-7.736748e+01	7.963963e-04
-7.726748e+01	7.983454e-04
-7.716748e+01	8.003017e-04
-7.706748e+01	8.022652e-04
-7.696748e+01	8.042359e-04
-7.686748e+01	8.062140e-04
-7.676748e+01	8.081993e-04
-7.666748e+01	8.101921e-04
-7.656748e+01	8.121922e-04
-7.646748e+01	8.141997e-04
-7.636748e+01	8.162148e-04
-7.626748e+01	8.182373e-04
-7.616748e+01	8.202674e-04
-7.606748e+01	8.223050e-04
-7.596748e+01	8.243503e-04
-7.586748e+01	8.264033e-04
-7.576748e+01	8.284639e-04
-7.566748e+01	8.305323e-04
-7.556748e+01	8.326084e-04
-7.546748e+01	8.346924e-04
-7.536748e+01	8.367842e-04
-7.526748e+01	8.388840e-04
-7.516748e+01	8.409916e-04
-7.506748e+01	8.431072e-04
-7.496748e+01	8.452309e-04
-7.486748e+01	8.473626e-04
-7.476748e+01	8.495024e-04
-7.466748e+01	8.516503e-04
-7.456748e+01	8.538064e-04
-7.446748e+01	8.559707e-04
-7.436748e+01	8.581433e-04
-7.426748e+01	8.603242e-04
-7.416748e+01	8.625135e-04
-7.406748e+01	8.647111e-04
-7.396748e+01	8.669172e-04
-7.386748e+01	8.691317e-04
-7.376748e+01	8.713548e-04
-7.366748e+01	8.735864e-04
-7.356748e+01	8.758266e-04
-7.346748e+01	8.780755e-04
-7.336748e+01	8.803331e-04
-7.326748e+01	8.825994e-04
-7.316748e+01	8.848745e-04
-7.306748e+01	8.871585e-04
-7.296748e+01	8.894513e-04
-7.286748e+01	8.917530e-04
-7.276748e+01	8.940638e-04
-7.266748e+01	8.963835e-04
-7.256748e+01	8.987123e-04
-7.246748e+01	9.010502e-04
-7.236748e+01	9.033973e-04
-7.226748e+01	9.057536e-04
-7.216748e+01	9.081191e-04
-7.206748e+01	9.104939e-04
-7.196748e+01	9.128781e-04
-7.186748e+01	9.152717e-04
-7.176748e+01	9.176748e-04
-7.166748e+01	9.200874e-04
-7.156748e+01	9.225095e-04
-7.146748e+01	9.249412e-04
-7.136748e+01	9.273826e-04
-7.126748e+01	9.298337e-04
-7.116748e+01	9.322945e-04
-7.106748e+01	9.347651e-04
-7.096748e+01	9.372457e-04
-7.086748e+01	9.397361e-04
-7.076748e+01	9.422365e-04
-7.066748e+01	9.447469e-04
-7.056748e+01	9.472674e-04
-7.046748e+01	9.497980e-04
-7.036748e+01	9.523388e-04
-7.026748e+01	9.548899e-04
-7.016748e+01	9.574512e-04
-7.006748e+01	9.600229e-04
-6.996748e+01	9.626050e-04
-6.986748e+01	9.651976e-04
-6.976748e+01	9.678007e-04
-6.966748e+01	9.704143e-04
-6.956748e+01	9.730386e-04
-6.946748e+01	9.756736e-04
-6.936748e+01	9.783194e-04
-6.926748e+01	9.809759e-04
-6.916748e+01	9.836433e-04
-6.906748e+01	9.863217e-04
-6.896748e+01	9.890110e-04
-6.886748e+01	9.917114e-04
-6.876748e+01	9.944229e-04
-6.866748e+01	9.971456e-04
-6.856748e+01	9.998794e-04
-6.846748e+01	1.002625e-03
-6.836748e+01	1.005381e-03
-6.826748e+01	1.008149e-03
-6.816748e+01	1.010929e-03
-6.806748e+01	1.013720e-03
-6.796748e+01	1.016522e-03
-6.786748e+01	1.019336e-03
-6.776748e+01	1.022162e-03
-6.766748e+01	1.025000e-03
-6.756748e+01	1.027850e-03
-6.746748e+01	1.030712e-03
-6.736748e+01	1.033585e-03
-6.726748e+01	1.036471e-03
-6.716748e+01	1.039369e-03
-6.706748e+01	1.042279e-03
-6.696748e+01	1.045201e-03
-6.686748e+01	1.048136e-03
-6.676748e+01	1.051083e-03
-6.666748e+01	1.054043e-03
-6.656748e+01	1.057015e-03
-6.646748e+01	1.060000e-03
-6.636748e+01	1.062997e-03
-6.626748e+01	1.066007e-03
-6.616748e+01	1.069031e-03
-6.606748e+01	1.072067e-03
-6.596748e+01	1.075116e-03
-6.586748e+01	1.078178e-03
-6.576748e+01	1.081253e-03
-6.566748e+01	1.084341e-03
-6.556748e+01	1.087443e-03
-6.546748e+01	1.090558e-03
-6.536748e+01	1.093687e-03
-6.526748e+01	1.096829e-03
-6.516748e+01	1.099985e-03
-6.506748e+01	1.103154e-03
-6.496748e+01	1.106337e-03
-6.486748e+01	1.109534e-03
-6.476748e+01	1.112745e-03
-6.466748e+01	1.115970e-03
-6.456748e+01	1.119209e-03
-6.446748e+01	1.122463e-03
-6.436748e+01	1.125730e-03
-6.426748e+01	1.129012e-03
-6.416748e+01	1.132308e-03
-6.406748e+01	1.135619e-03
-6.396748e+01	1.138944e-03
-6.386748e+01	1.142284e-03
-6.376748e+01	1.145639e-03
-6.366748e+01	1.149009e-03
-6.356748e+01	1.152393e-03
-6.346748e+01	1.155793e-03
-6.336748e+01	1.159208e-03
-6.326748e+01	1.162638e-03
-6.316748e+01	1.166083e-03
-6.306748e+01	1.169543e-03
-6.296748e+01	1.173020e-03
-6.286748e+01	1.176511e-03
-6.276748e+01	1.180019e-03
-6.266748e+01	1.183542e-03
-6.256748e+01	1.187081e-03
-6.246748e+01	1.190636e-03
-6.236748e+01	1.194207e-03
-6.226748e+01	1.197794e-03
-6.216748e+01	1.201397e-03
-6.206748e+01	1.205017e-03
-6.196748e+01	1.208653e-03
-6.186748e+01	1.212306e-03
-6.176748e+01	1.215976e-03
-6.166748e+01	1.219662e-03
-6.156748e+01	1.223365e-03
-6.146748e+01	1.227085e-03
-6.136748e+01	1.230822e-03
-6.126748e+01	1.234576e-03
-6.116748e+01	1.238347e-03
-6.106748e+01	1.242136e-03
-6.096748e+01	1.245942e-03
-6.086748e+01	1.249766e-03
-6.076748e+01	1.253608e-03
-6.066748e+01	1.257467e-03
-6.056748e+01	1.261345e-03
-6.046748e+01	1.265240e-03
-6.036748e+01	1.269153e-03
-6.026748e+01	1.273085e-03
-6.016748e+01	1.277035e-03
-6.006748e+01	1.281004e-03
-5.996748e+01	1.284991e-03
-5.986748e+01	1.288997e-03
-5.976748e+01	1.293022e-03
-5.966748e+01	1.297066e-03
-5.956748e+01	1.301129e-03
-5.946748e+01	1.305211e-03
-5.936748e+01	1.309312e-03
-5.926748e+01	1.313433e-03
-5.916748e+01	1.317573e-03
-5.906748e+01	1.321733e-03
-5.896748e+01	1.325913e-03
-5.886748e+01	1.330113e-03
-5.876748e+01	1.334333e-03
-5.866748e+01	1.338573e-03
-5.856748e+01	1.342833e-03
-5.846748e+01	1.347114e-03
-5.836748e+01	1.351415e-03
-5.826748e+01	1.355737e-03
-5.816748e+01	1.360080e-03
-5.806748e+01	1.364444e-03
-5.796748e+01	1.368830e-03
-5.786748e+01	1.373236e-03
-5.776748e+01	1.377664e-03
-5.766748e+01	1.382113e-03
-5.756748e+01	1.386584e-03
-5.746748e+01	1.391077e-03
-5.736748e+01	1.395592e-03
-5.726748e+01	1.400129e-03
-5.716748e+01	1.404688e-03
-5.706748e+01	1.409270e-03
-5.696748e+01	1.413874e-03
-5.686748e+01	1.418501e-03
-5.676748e+01	1.423150e-03
-5.666748e+01	1.427823e-03
-5.656748e+01	1.432519e-03
-5.646748e+01	1.437238e-03
-5.636748e+01	1.441981e-03
-5.626748e+01	1.446747e-03
-5.616748e+01	1.451537e-03
-5.606748e+01	1.456351e-03
-5.596748e+01	1.461189e-03
-5.586748e+01	1.466051e-03
-5.576748e+01	1.470938e-03
-5.566748e+01	1.475850e-03
-5.556748e+01	1.480786e-03
-5.546748e+01	1.485747e-03
-5.536748e+01	1.490733e-03
-5.526748e+01	1.495744e-03
-5.516748e+01	1.500781e-03
-5.506748e+01	1.505843e-03
-5.496748e+01	1.510932e-03
-5.486748e+01	1.516046e-03
-5.476748e+01	1.521186e-03
-5.466748e+01	1.526353e-03
-5.456748e+01	1.531546e-03
-5.446748e+01	1.536766e-03
-5.436748e+01	1.542012e-03
-5.426748e+01	1.547286e-03
-5.416748e+01	1.552587e-03
-5.406748e+01	1.557915e-03
-5.396748e+01	1.563271e-03
-5.386748e+01	1.568655e-03
-5.376748e+01	1.574067e-03
-5.366748e+01	1.579507e-03
-5.356748e+01	1.584975e-03
-5.346748e+01	1.590472e-03
-5.336748e+01	1.595998e-03
-5.326748e+01	1.601552e-03
-5.316748e+01	1.607136e-03
-5.306748e+01	1.612750e-03
-5.296748e+01	1.618392e-03
-5.286748e+01	1.624065e-03
-5.276748e+01	1.629768e-03
-5.266748e+01	1.635501e-03
-5.256748e+01	1.641265e-03
-5.246748e+01	1.647059e-03
-5.236748e+01	1.652884e-03
-5.226748e+01	1.658740e-03
-5.216748e+01	1.664627e-03
-5.206748e+01	1.670547e-03
-5.196748e+01	1.676497e-03
-5.186748e+01	1.682480e-03
-5.176748e+01	1.688496e-03
-5.166748e+01	1.694543e-03
-5.156748e+01	1.700624e-03
-5.146748e+01	1.706737e-03
-5.136748e+01	1.712884e-03
-5.126748e+01	1.719064e-03
-5.116748e+01	1.725277e-03
-5.106748e+01	1.731525e-03
-5.096748e+01	1.737807e-03
-5.086748e+01	1.744123e-03
-5.076748e+01	1.750474e-03
-5.066748e+01	1.756860e-03
-5.056748e+01	1.763281e-03
-5.046748e+01	1.769738e-03
-5.036748e+01	1.776230e-03
-5.026748e+01	1.782758e-03
-5.016748e+01	1.789323e-03
-5.006748e+01	1.795924e-03
-4.996748e+01	1.802562e-03
-4.986748e+01	1.809237e-03
-4.976748e+01	1.815949e-03
-4.966748e+01	1.822699e-03
-4.956748e+01	1.829487e-03
-4.946748e+01	1.836313e-03
-4.936748e+01	1.843178e-03
-4.926748e+01	1.850081e-03
-4.916748e+01	1.857024e-03
-4.906748e+01	1.864005e-03
-4.896748e+01	1.871027e-03
-4.886748e+01	1.878089e-03
-4.876748e+01	1.885190e-03
-4.866748e+01	1.892333e-03
-4.856748e+01	1.899516e-03
-4.846748e+01	1.906741e-03
-4.836748e+01	1.914007e-03
-4.826748e+01	1.921315e-03
-4.816748e+01	1.928665e-03
-4.806748e+01	1.936058e-03
-4.796748e+01	1.943494e-03
-4.786748e+01	1.950972e-03
-4.776748e+01	1.958495e-03
-4.766748e+01	1.966061e-03
-4.756748e+01	1.973671e-03
-4.746748e+01	1.981326e-03
-4.736748e+01	1.989026e-03
-4.726748e+01	1.996771e-03
-4.716748e+01	2.004562e-03
-4.706748e+01	2.012398e-03
-4.696748e+01	2.020281e-03
-4.686748e+01	2.028211e-03
-4.676748e+01	2.036188e-03
-4.666748e+01	2.044212e-03
-4.656748e+01	2.052284e-03
-4.646748e+01	2.060405e-03
-4.636748e+01	2.068574e-03
-4.626748e+01	2.076792e-03
-4.616748e+01	2.085059e-03
-4.606748e+01	2.093376e-03
-4.596748e+01	2.101744e-03
-4.586748e+01	2.110162e-03
-4.576748e+01	2.118630e-03
-4.566748e+01	2.127151e-03
-4.556748e+01	2.135723e-03
-4.546748e+01	2.144348e-03
-4.536748e+01	2.153025e-03
-4.526748e+01	2.161756e-03
-4.516748e+01	2.170540e-03
-4.506748e+01	2.179378e-03
-4.496748e+01	2.188270e-03
-4.486748e+01	2.197218e-03
-4.476748e+01	2.206220e-03
-4.466748e+01	2.215279e-03
-4.456748e+01	2.224394e-03
-4.446748e+01	2.233566e-03
-4.436748e+01	2.242795e-03
-4.426748e+01	2.252081e-03
-4.416748e+01	2.261426e-03
-4.406748e+01	2.270830e-03
-4.396748e+01	2.280293e-03
-4.386748e+01	2.289816e-03
-4.376748e+01	2.299398e-03
-4.366748e+01	2.309042e-03
-4.356748e+01	2.318747e-03
-4.346748e+01	2.328513e-03
-4.336748e+01	2.338342e-03
-4.326748e+01	2.348234e-03
-4.316748e+01	2.358189e-03
-4.306748e+01	2.368208e-03
-4.296748e+01	2.378291e-03
-4.286748e+01	2.388440e-03
-4.276748e+01	2.398654e-03
-4.266748e+01	2.408934e-03
-4.256748e+01	2.419282e-03
-4.246748e+01	2.429696e-03
-4.236748e+01	2.440178e-03
-4.226748e+01	2.450729e-03
-4.216748e+01	2.461349e-03
-4.206748e+01	2.472039e-03
-4.196748e+01	2.482799e-03
-4.186748e+01	2.493630e-03
-4.176748e+01	2.504533e-03
-4.166748e+01	2.515508e-03
-4.156748e+01	2.526555e-03
-4.146748e+01	2.537677e-03
-4.136748e+01	2.548872e-03
-4.126748e+01	2.560143e-03
-4.116748e+01	2.571489e-03
-4.106748e+01	2.582911e-03
-4.096748e+01	2.594410e-03
-4.086748e+01	2.605987e-03
-4.076748e+01	2.617642e-03
-4.066748e+01	2.629376e-03
-4.056748e+01	2.641190e-03
-4.046748e+01	2.653084e-03
-4.036748e+01	2.665060e-03
-4.026748e+01	2.677117e-03
-4.016748e+01	2.689258e-03
-4.006748e+01	2.701481e-03
-3.996748e+01	2.713789e-03
-3.986748e+01	2.726183e-03
-3.976748e+01	2.738662e-03
-3.966748e+01	2.751227e-03
-3.956748e+01	2.763880e-03
-3.946748e+01	2.776622e-03
-3.936748e+01	2.789452e-03
-3.926748e+01	2.802373e-03
-3.916748e+01	2.815384e-03
-3.906748e+01	2.828487e-03
-3.896748e+01	2.841683e-03
-3.886748e+01	2.854971e-03
-3.876748e+01	2.868355e-03
-3.866748e+01	2.881833e-03
-3.856748e+01	2.895408e-03
-3.846748e+01	2.909079e-03
-3.836748e+01	2.922849e-03
-3.826748e+01	2.936718e-03
-3.816748e+01	2.950686e-03
-3.806748e+01	2.964756e-03
-3.796748e+01	2.978927e-03
-3.786748e+01	2.993201e-03
-3.776748e+01	3.007579e-03
-3.766748e+01	3.022062e-03
-3.756748e+01	3.036651e-03
-3.746748e+01	3.051346e-03
-3.736748e+01	3.066150e-03
-3.726748e+01	3.081063e-03
-3.716748e+01	3.096086e-03
-3.706748e+01	3.111220e-03
-3.696748e+01	3.126467e-03
-3.686748e+01	3.141827e-03
-3.676748e+01	3.157302e-03
-3.666748e+01	3.172893e-03
-3.656748e+01	3.188601e-03
-3.646748e+01	3.204426e-03
-3.636748e+01	3.220372e-03
-3.626748e+01	3.236438e-03
-3.616748e+01	3.252625e-03
-3.606748e+01	3.268936e-03
-3.596748e+01	3.285371e-03
-3.586748e+01	3.301932e-03
-3.576748e+01	3.318620e-03
-3.566748e+01	3.335435e-03
-3.556748e+01	3.352381e-03
-3.546748e+01	3.369457e-03
-3.536748e+01	3.386666e-03
-3.526748e+01	3.404008e-03
-3.516748e+01	3.421486e-03
-3.506748e+01	3.439100e-03
-3.496748e+01	3.456852e-03
-3.486748e+01	3.474743e-03
-3.476748e+01	3.492775e-03
-3.466748e+01	3.510950e-03
-3.456748e+01	3.529268e-03
-3.446748e+01	3.547732e-03
-3.436748e+01	3.566343e-03
-3.426748e+01	3.585103e-03
-3.416748e+01	3.604013e-03
-3.406748e+01	3.623074e-03
-3.396748e+01	3.642289e-03
-3.386748e+01	3.661659e-03
-3.376748e+01	3.681187e-03
-3.366748e+01	3.700872e-03
-3.356748e+01	3.720718e-03
-3.346748e+01	3.740726e-03
-3.336748e+01	3.760898e-03
-3.326748e+01	3.781236e-03
-3.316748e+01	3.801741e-03
-3.306748e+01	3.822416e-03
-3.296748e+01	3.843262e-03
-3.286748e+01	3.864281e-03
-3.276748e+01	3.885475e-03
-3.266748e+01	3.906847e-03
-3.256748e+01	3.928397e-03
-3.246748e+01	3.950129e-03
-3.236748e+01	3.972044e-03
-3.226748e+01	3.994145e-03
-3.216748e+01	4.016433e-03
-3.206748e+01	4.038910e-03
-3.196748e+01	4.061580e-03
-3.186748e+01	4.084443e-03
-3.176748e+01	4.107503e-03
-3.166748e+01	4.130762e-03
-3.156748e+01	4.154221e-03
-3.146748e+01	4.177884e-03
-3.136748e+01	4.201752e-03
-3.126748e+01	4.225828e-03
-3.116748e+01	4.250115e-03
-3.106748e+01	4.274615e-03
-3.096748e+01	4.299331e-03
-3.086748e+01	4.324265e-03
-3.076748e+01	4.349419e-03
-3.066748e+01	4.374797e-03
-3.056748e+01	4.400401e-03
-3.046748e+01	4.426234e-03
-3.036748e+01	4.452299e-03
-3.026748e+01	4.478598e-03
-3.016748e+01	4.505134e-03
-3.006748e+01	4.531911e-03
-2.996748e+01	4.558931e-03
-2.986748e+01	4.586197e-03
-2.976748e+01	4.613712e-03
-2.966748e+01	4.641480e-03
-2.956748e+01	4.669503e-03
-2.946748e+01	4.697785e-03
-2.936748e+01	4.726329e-03
-2.926748e+01	4.755138e-03
-2.916748e+01	4.784216e-03
-2.906748e+01	4.813566e-03
-2.896748e+01	4.843191e-03
-2.886748e+01	4.873095e-03
-2.876748e+01	4.903282e-03
-2.866748e+01	4.933754e-03
-2.856748e+01	4.964517e-03
-2.846748e+01	4.995574e-03
-2.836748e+01	5.026928e-03
-2.826748e+01	5.058583e-03
-2.816748e+01	5.090544e-03
-2.806748e+01	5.122813e-03
-2.796748e+01	5.155397e-03
-2.786748e+01	5.188298e-03
-2.776748e+01	5.221520e-03
-2.766748e+01	5.255069e-03
-2.756748e+01	5.288948e-03
-2.746748e+01	5.323162e-03
-2.736748e+01	5.357715e-03
-2.726748e+01	5.392612e-03
-2.716748e+01	5.427858e-03
-2.706748e+01	5.463457e-03
-2.696748e+01	5.499414e-03
-2.686748e+01	5.535735e-03
-2.676748e+01	5.572423e-03
-2.666748e+01	5.609485e-03
-2.656748e+01	5.646925e-03
-2.646748e+01	5.684749e-03
-2.636748e+01	5.722962e-03
-2.626748e+01	5.761570e-03
-2.616748e+01	5.800577e-03
-2.606748e+01	5.839991e-03
-2.596748e+01	5.879816e-03
-2.586748e+01	5.920058e-03
-2.576748e+01	5.960724e-03
-2.566748e+01	6.001819e-03
-2.556748e+01	6.043350e-03
-2.546748e+01	6.085323e-03
-2.536748e+01	6.127745e-03
-2.526748e+01	6.170621e-03
-2.516748e+01	6.213959e-03
-2.506748e+01	6.257766e-03
-2.496748e+01	6.302048e-03
-2.486748e+01	6.346812e-03
-2.476748e+01	6.392067e-03
-2.466748e+01	6.437818e-03
-2.456748e+01	6.484074e-03
-2.446748e+01	6.530842e-03
-2.436748e+01	6.578130e-03
-2.426748e+01	6.625946e-03
-2.416748e+01	6.674298e-03
-2.406748e+01	6.723194e-03
-2.396748e+01	6.772643e-03
-2.386748e+01	6.822653e-03
-2.376748e+01	6.873233e-03
-2.366748e+01	6.924392e-03
-2.356748e+01	6.976139e-03
-2.346748e+01	7.028483e-03
-2.336748e+01	7.081434e-03
-2.326748e+01	7.135001e-03
-2.316748e+01	7.189194e-03
-2.306748e+01	7.244024e-03
-2.296748e+01	7.299501e-03
-2.286748e+01	7.355634e-03
-2.276748e+01	7.412436e-03
-2.266748e+01	7.469916e-03
-2.256748e+01	7.528087e-03
-2.246748e+01	7.586958e-03
-2.236748e+01	7.646543e-03
-2.226748e+01	7.706853e-03
-2.216748e+01	7.767900e-03
-2.206748e+01	7.829696e-03
-2.196748e+01	7.892255e-03
-2.186748e+01	7.955589e-03
-2.176748e+01	8.019711e-03
-2.166748e+01	8.084636e-03
-2.156748e+01	8.150376e-03
-2.146748e+01	8.216947e-03
-2.136748e+01	8.284362e-03
-2.126748e+01	8.352636e-03
-2.116748e+01	8.421786e-03
-2.106748e+01	8.491825e-03
-2.096748e+01	8.562770e-03
-2.086748e+01	8.634637e-03
-2.076748e+01	8.707444e-03
-2.066748e+01	8.781206e-03
-2.056748e+01	8.855941e-03
-2.046748e+01	8.931667e-03
-2.036748e+01	9.008403e-03
-2.026748e+01	9.086166e-03
-2.016748e+01	9.164976e-03
-2.006748e+01	9.244853e-03
-1.996748e+01	9.325817e-03
-1.986748e+01	9.407888e-03
-1.976748e+01	9.491088e-03
-1.966748e+01	9.575437e-03
-1.956748e+01	9.660958e-03
-1.946748e+01	9.747674e-03
-1.936748e+01	9.835608e-03
-1.926748e+01	9.924784e-03
-1.916748e+01	1.001523e-02
-1.906748e+01	1.010696e-02
-1.896748e+01	1.020001e-02
-1.886748e+01	1.029441e-02
-1.876748e+01	1.039017e-02
-1.866748e+01	1.048733e-02
-1.856748e+01	1.058592e-02
-1.846748e+01	1.068597e-02
-1.836748e+01	1.078751e-02
-1.826748e+01	1.089056e-02
-1.816748e+01	1.099516e-02
-1.806748e+01	1.110134e-02
-1.796748e+01	1.120914e-02
-1.786748e+01	1.131859e-02
-1.776748e+01	1.142972e-02
-1.766748e+01	1.154258e-02
-1.756748e+01	1.165719e-02
-1.746748e+01	1.177361e-02
-1.736748e+01	1.189186e-02
-1.726748e+01	1.201199e-02
-1.716748e+01	1.213405e-02
-1.706748e+01	1.225806e-02
-1.696748e+01	1.238409e-02
-1.686748e+01	1.251217e-02
-1.676748e+01	1.264236e-02
-1.666748e+01	1.277469e-02
-1.656748e+01	1.290923e-02
-1.646748e+01	1.304603e-02
-1.636748e+01	1.318513e-02
-1.626748e+01	1.332659e-02
-1.616748e+01	1.347047e-02
-1.606748e+01	1.361684e-02
-1.596748e+01	1.376574e-02
-1.586748e+01	1.391725e-02
-1.576748e+01	1.407142e-02
-1.566748e+01	1.422833e-02
-1.556748e+01	1.438804e-02
-1.546748e+01	1.455063e-02
-1.536748e+01	1.471617e-02
-1.526748e+01	1.488473e-02
-1.516748e+01	1.505641e-02
-1.506748e+01	1.523127e-02
-1.496748e+01	1.540940e-02
-1.486748e+01	1.559090e-02
-1.476748e+01	1.577585e-02
-1.466748e+01	1.596436e-02
-1.456748e+01	1.615651e-02
-1.446748e+01	1.635241e-02
-1.436748e+01	1.655216e-02
-1.426748e+01	1.675589e-02
-1.416748e+01	1.696369e-02
-1.406748e+01	1.717570e-02
-1.396748e+01	1.739203e-02
-1.386748e+01	1.761281e-02
-1.376748e+01	1.783818e-02
-1.366748e+01	1.806828e-02
-1.356748e+01	1.830325e-02
-1.346748e+01	1.854325e-02
-1.336748e+01	1.878843e-02
-1.326748e+01	1.903896e-02
-1.316748e+01	1.929501e-02
-1.306748e+01	1.955677e-02
-1.296748e+01	1.982442e-02
-1.286748e+01	2.009815e-02
-1.276748e+01	2.037819e-02
-1.266748e+01	2.066473e-02
-1.256748e+01	2.095802e-02
-1.246748e+01	2.125829e-02
-1.236748e+01	2.156579e-02
-1.226748e+01	2.188078e-02
-1.216748e+01	2.220355e-02
-1.206748e+01	2.253437e-02
-1.196748e+01	2.287357e-02
-1.186748e+01	2.322147e-02
-1.176748e+01	2.357840e-02
-1.166748e+01	2.394474e-02
-1.156748e+01	2.432085e-02
-1.146748e+01	2.470716e-02
-1.136748e+01	2.510409e-02
-1.126748e+01	2.551210e-02
-1.116748e+01	2.593167e-02
-1.106748e+01	2.636333e-02
-1.096748e+01	2.680763e-02
-1.086748e+01	2.726515e-02
-1.076748e+01	2.773653e-02
-1.066748e+01	2.822245e-02
-1.056748e+01	2.872362e-02
-1.046748e+01	2.924085e-02
-1.036748e+01	2.977495e-02
-1.026748e+01	3.032686e-02
-1.016748e+01	3.089754e-02
-1.006748e+01	3.148807e-02
-9.967479e+00	3.209961e-02
-9.867479e+00	3.273343e-02
-9.767479e+00	3.339091e-02
-9.667479e+00	3.407356e-02
-9.567479e+00	3.478307e-02
-9.467479e+00	3.552128e-02
-9.367479e+00	3.629023e-02
-9.267479e+00	3.709219e-02
-9.167479e+00	3.792971e-02
-9.067479e+00	3.880562e-02
-8.967479e+00	3.972314e-02
-8.867479e+00	4.068589e-02
-8.767479e+00	4.169800e-02
-8.667479e+00	4.276419e-02
-8.567479e+00	4.388991e-02
-8.467479e+00	4.508144e-02
-8.367479e+00	4.634615e-02
-8.267479e+00	4.769264e-02
-8.167479e+00	4.913115e-02
-8.067479e+00	5.067386e-02
-7.967479e+00	5.233548e-02
-7.867479e+00	5.413387e-02
-7.767479e+00	5.609101e-02
-7.667479e+00	5.823421e-02
-7.567479e+00	6.059785e-02
-7.467479e+00	6.322579e-02
-7.367479e+00	6.617475e-02
-7.267479e+00	6.951936e-02
-7.167479e+00	7.335943e-02
-7.067479e+00	7.783115e-02
-6.967479e+00	8.312422e-02
-6.867479e+00	8.950932e-02
-6.767479e+00	9.738291e-02
-6.667479e+00	1.073429e-01
-6.567479e+00	1.203206e-01
-6.467479e+00	1.378183e-01
-6.367479e+00	1.623485e-01
-6.267479e+00	1.982483e-01
-6.167479e+00	2.530914e-01
-6.067479e+00	3.393187e-01
-5.967479e+00	4.708563e-01
-5.867479e+00	6.310459e-01
-5.767479e+00	7.077601e-01
-5.667479e+00	6.132567e-01
-5.567479e+00	4.596949e-01
-5.467479e+00	3.429062e-01
-5.367479e+00	2.699644e-01
-5.267479e+00	2.259207e-01
-5.167479e+00	1.990678e-01
-5.067479e+00	1.829822e-01
-4.967479e+00	1.740799e-01
-4.867479e+00	1.702021e-01
-4.767479e+00	1.700199e-01
-4.667479e+00	1.726128e-01
-4.567479e+00	1.775594e-01
-4.467479e+00	1.850517e-01
-4.367479e+00	1.954595e-01
-4.267479e+00	2.093104e-01
-4.167479e+00	2.275261e-01
-4.067479e+00	2.516543e-01
-3.967479e+00	2.839175e-01
-3.867479e+00	3.262686e-01
-3.767479e+00	3.786553e-01
-3.667479e+00	4.456291e-01
-3.567479e+00	5.448356e-01
-3.467479e+00	6.987928e-01
-3.367479e+00	9.174784e-01
-3.267479e+00	1.145578e+00
-3.167479e+00	1.288622e+00
-3.067479e+00	1.400342e+00
-2.967479e+00	1.496766e+00
-2.867479e+00	1.442249e+00
-2.767479e+00	1.282109e+00
-2.667479e+00	1.168476e+00
-2.567479e+00	1.112890e+00
-2.467479e+00	1.081834e+00
-2.367479e+00	1.069091e+00
-2.267479e+00	1.098752e+00
-2.167479e+00	1.228547e+00
-2.067479e+00	1.490006e+00
-1.967479e+00	1.820171e+00
-1.867479e+00	1.972800e+00
-1.767479e+00	1.824379e+00
-1.667479e+00	1.628819e+00
-1.567479e+00	1.574239e+00
-1.467479e+00	1.703977e+00
-1.367479e+00	2.047912e+00
-1.267479e+00	2.646226e+00
-1.167479e+00	3.399803e+00
-1.067479e+00	3.820776e+00
-9.674791e-01	3.660159e+00
-8.674791e-01	3.483839e+00
-7.674791e-01	3.633548e+00
-6.674791e-01	3.818650e+00
-5.674791e-01	3.591461e+00
-4.674791e-01	3.204277e+00
-3.674791e-01	3.076415e+00
-2.674791e-01	3.335515e+00
-1.674791e-01	3.994655e+00
-6.747911e-02	4.864389e+00
3.252089e-02	5.385604e+00
1.325209e-01	5.518807e+00
2.325209e-01	6.030305e+00
3.325209e-01	7.484425e+00
4.325209e-01	1.011878e+01
5.325209e-01	1.322103e+01
6.325209e-01	1.403433e+01
7.325209e-01	1.143005e+01
8.325209e-01	8.180998e+00
9.325209e-01	5.903350e+00
1.032521e+00	4.496044e+00
1.132521e+00	3.489920e+00
1.232521e+00	2.687807e+00
1.332521e+00	2.104793e+00
1.432521e+00	1.710420e+00
1.532521e+00	1.450413e+00
1.632521e+00	1.279053e+00
1.732521e+00	1.148559e+00
1.832521e+00	1.026576e+00
1.932521e+00	9.249146e-01
2.032521e+00	8.565785e-01
2.132521e+00	8.216614e-01
2.232521e+00	8.202327e-01
2.332521e+00	8.584780e-01
2.432521e+00	9.515952e-01
2.532521e+00	1.122672e+00
2.632521e+00	1.372362e+00
2.732521e+00	1.572689e+00
2.832521e+00	1.502614e+00
2.932521e+00	1.247930e+00
3.032521e+00	1.026718e+00
3.132521e+00	8.928909e-01
3.232521e+00	8.265562e-01
3.332521e+00	8.068262e-01
3.432521e+00	8.250256e-01
3.532521e+00	8.812158e-01
3.632521e+00	9.810029e-01
3.732521e+00	1.130696e+00
3.832521e+00	1.344059e+00
3.932521e+00	1.674517e+00
4.032521e+00	2.215863e+00
4.132521e+00	3.065582e+00
4.232521e+00	4.126837e+00
4.332521e+00	4.670411e+00
4.432521e+00	4.063796e+00
4.532521e+00	3.024941e+00
4.632521e+00	2.223054e+00
4.732521e+00	1.719734e+00
4.832521e+00	1.418043e+00
4.932521e+00	1.239444e+00
5.032521e+00	1.137258e+00
5.132521e+00	1.085256e+00
5.232521e+00	1.068781e+00
5.332521e+00	1.079735e+00
5.432521e+00	1.113936e+00
5.532521e+00	1.169743e+00
5.632521e+00	1.247381e+00
5.732521e+00	1.348670e+00
5.832521e+00	1.477040e+00
5.932521e+00	1.637782e+00
6.032521e+00	1.838576e+00
6.132521e+00	2.090377e+00
6.232521e+00	2.408855e+00
6.332521e+00	2.816728e+00
6.432521e+00	3.347618e+00
6.532521e+00	4.052567e+00
6.632521e+00	5.011435e+00
6.732521e+00	6.353421e+00
6.832521e+00	8.294984e+00
6.932521e+00	1.121025e+01
7.032521e+00	1.575327e+01
7.132521e+00	2.300082e+01
7.232521e+00	3.417065e+01
7.332521e+00	4.787815e+01
7.432521e+00	5.445252e+01
7.532521e+00	4.606701e+01
7.632521e+00	3.235169e+01
7.732521e+00	2.175890e+01
7.832521e+00	1.496368e+01
7.932521e+00	1.069610e+01
8.032521e+00	7.941895e+00
8.132521e+00	6.095406e+00
8.232521e+00	4.810444e+00
8.332521e+00	3.885911e+00
8.432521e+00	3.201137e+00
8.532521e+00	2.681102e+00
8.632521e+00	2.277556e+00
8.732521e+00	1.958492e+00
8.832521e+00	1.702073e+00
8.932521e+00	1.493032e+00
9.032521e+00	1.320453e+00
9.132521e+00	1.176378e+00
9.232521e+00	1.054905e+00
9.332521e+00	9.515884e-01
9.432521e+00	8.630222e-01
9.532521e+00	7.864965e-01
9.632521e+00	7.198025e-01
9.732521e+00	6.613285e-01
9.832521e+00	6.098998e-01
9.932521e+00	5.645065e-01
1.003252e+01	5.242954e-01
1.013252e+01	4.885823e-01
1.023252e+01	4.568408e-01
1.033252e+01	4.286986e-01
1.043252e+01	4.039531e-01
1.053252e+01	3.825865e-01
1.063252e+01	3.646066e-01
1.073252e+01	3.492154e-01
1.083252e+01	3.344155e-01
1.093252e+01	3.207026e-01
1.103252e+01	3.107489e-01
1.113252e+01	3.030490e-01
1.123252e+01	2.901639e-01
1.133252e+01	2.706234e-01
1.143252e+01	2.515839e-01
1.153252e+01	2.363496e-01
1.163252e+01	2.247414e-01
1.173252e+01	2.159250e-01
1.183252e+01	2.081518e-01
1.193252e+01	1.991423e-01
1.203252e+01	1.895479e-01
1.213252e+01	1.809286e-01
1.223252e+01	1.734058e-01
1.233252e+01	1.667952e-01
1.243252e+01	1.602531e-01
1.253252e+01	1.532226e-01
1.263252e+01	1.464030e-01
1.273252e+01	1.404131e-01
1.283252e+01	1.352597e-01
1.293252e+01	1.307621e-01
1.303252e+01	1.267366e-01
1.313252e+01	1.227720e-01
1.323252e+01	1.186871e-01
1.333252e+01	1.148588e-01
1.343252e+01	1.113310e-01
1.353252e+01	1.077361e-01
1.363252e+01	1.040254e-01
1.373252e+01	1.003969e-01
1.383252e+01	9.701292e-02
1.393252e+01	9.392772e-02
1.403252e+01	9.110253e-02
1.413252e+01	8.847627e-02
1.423252e+01	8.599978e-02
1.433252e+01	8.366204e-02
1.443252e+01	8.145943e-02
1.453252e+01	7.937166e-02
1.463252e+01	7.739731e-02
1.473252e+01	7.556435e-02
1.483252e+01	7.389764e-02
1.493252e+01	7.240082e-02
1.503252e+01	7.105181e-02
1.513252e+01	6.975938e-02
1.523252e+01	6.820468e-02
1.533252e+01	6.631600e-02
1.543252e+01	6.445216e-02
1.553252e+01	6.278421e-02
1.563252e+01	6.130010e-02
1.573252e+01	5.996506e-02
1.583252e+01	5.875901e-02
1.593252e+01	5.767716e-02
1.603252e+01	5.671136e-02
1.613252e+01	5.575926e-02
1.623252e+01	5.467518e-02
1.633252e+01	5.355352e-02
1.643252e+01	5.255124e-02
1.653252e+01	5.169687e-02
1.663252e+01	5.093340e-02
1.673252e+01	5.022048e-02
1.683252e+01	4.964590e-02
1.693252e+01	4.932314e-02
1.703252e+01	4.930592e-02
1.713252e+01	4.942152e-02
1.723252e+01	4.917444e-02
1.733252e+01	4.855304e-02
1.743252e+01	4.798143e-02
1.753252e+01	4.762433e-02
1.763252e+01	4.771433e-02
1.773252e+01	4.846277e-02
1.783252e+01	4.989934e-02
1.793252e+01	5.188611e-02
1.803252e+01	5.462275e-02
1.813252e+01	5.811470e-02
1.823252e+01	6.129968e-02
1.833252e+01	6.459030e-02
1.843252e+01	6.983198e-02
1.853252e+01	7.646809e-02
1.863252e+01	8.304028e-02
1.873252e+01	9.307837e-02
1.883252e+01	1.078494e-01
1.893252e+01	1.150365e-01
1.903252e+01	1.028763e-01
1.913252e+01	8.367708e-02
1.923252e+01	6.938165e-02
1.933252e+01	6.103454e-02
1.943252e+01	5.661090e-02
1.953252e+01	5.414457e-02
1.963252e+01	5.265046e-02
1.973252e+01	5.202457e-02
1.983252e+01	5.174914e-02
1.993252e+01	5.093067e-02
2.003252e+01	4.781465e-02
2.013252e+01	4.361031e-02
2.023252e+01	4.017703e-02
2.033252e+01	3.741198e-02
2.043252e+01	3.508305e-02
2.053252e+01	3.317356e-02
2.063252e+01	3.176779e-02
2.073252e+01	3.090521e-02
2.083252e+01	3.051725e-02
2.093252e+01	3.047005e-02
2.103252e+01	3.075834e-02
2.113252e+01	3.167927e-02
2.123252e+01	3.325250e-02
2.133252e+01	3.433060e-02
2.143252e+01	3.339361e-02
2.153252e+01	3.115397e-02
2.163252e+01	2.923842e-02
2.173252e+01	2.817309e-02
2.183252e+01	2.789236e-02
2.193252e+01	2.820925e-02
2.203252e+01	2.887670e-02
2.213252e+01	3.008181e-02
2.223252e+01	3.217636e-02
2.233252e+01	3.424387e-02
2.243252e+01	3.408383e-02
2.253252e+01	3.132723e-02
2.263252e+01	2.825871e-02
2.273252e+01	2.615861e-02
2.283252e+01	2.485070e-02
2.293252e+01	2.384162e-02
2.303252e+01	2.293495e-02
2.313252e+01	2.214334e-02
2.323252e+01	2.157212e-02
2.333252e+01	2.121056e-02
2.343252e+01	2.093772e-02
2.353252e+01	2.075373e-02
2.363252e+01	2.072699e-02
2.373252e+01	2.079865e-02
2.383252e+01	2.068799e-02
2.393252e+01	2.033357e-02
2.403252e+01	1.997324e-02
2.413252e+01	1.968165e-02
2.423252e+01	1.954154e-02
2.433252e+01	1.964477e-02
2.443252e+01	2.003024e-02
2.453252e+01	2.054753e-02
2.463252e+01	2.074407e-02
2.473252e+01	2.043747e-02
2.483252e+01	1.999596e-02
2.493252e+01	1.974296e-02
2.503252e+01	1.974978e-02
2.513252e+01	1.998190e-02
2.523252e+01	2.034944e-02
2.533252e+01	2.094929e-02
2.543252e+01	2.186210e-02
2.553252e+01	2.264739e-02
2.563252e+01	2.276823e-02
2.573252e+01	2.256032e-02
2.583252e+01	2.267327e-02
2.593252e+01	2.324690e-02
2.603252e+01	2.422170e-02
2.613252e+01	2.587297e-02
2.623252e+01	2.863240e-02
2.633252e+01	3.306359e-02
2.643252e+01	3.988381e-02
2.653252e+01	4.911526e-02
2.663252e+01	5.891543e-02
2.673252e+01	6.840452e-02
2.683252e+01	7.890921e-02
2.693252e+01	9.014981e-02
2.703252e+01	9.515643e-02
2.713252e+01	9.068290e-02
2.723252e+01	8.093094e-02
2.733252e+01	6.760303e-02
2.743252e+01	5.425721e-02
2.753252e+01	4.445807e-02
2.763252e+01	3.869408e-02
2.773252e+01	3.597764e-02
2.783252e+01	3.491750e-02
2.793252e+01	3.415876e-02
2.803252e+01	3.407251e-02
2.813252e+01	3.498015e-02
2.823252e+01	3.570039e-02
2.833252e+01	3.661375e-02
2.843252e+01	3.986838e-02
2.853252e+01	4.646561e-02
2.863252e+01	5.508022e-02
2.873252e+01	6.293531e-02
2.883252e+01	6.488755e-02
2.893252e+01	5.669759e-02
2.903252e+01	4.561084e-02
2.913252e+01	3.786646e-02
2.923252e+01	3.402033e-02
2.933252e+01	3.331784e-02
2.943252e+01	3.512223e-02
2.953252e+01	3.886374e-02
2.963252e+01	4.480155e-02
2.973252e+01	5.199662e-02
2.983252e+01	5.487986e-02
2.993252e+01	5.213188e-02
3.003252e+01	4.998318e-02
3.013252e+01	5.183007e-02
3.023252e+01	5.434807e-02
3.033252e+01	5.101544e-02
3.043252e+01	4.424288e-02
3.053252e+01	3.968269e-02
3.063252e+01	3.718252e-02
3.073252e+01	3.447224e-02
3.083252e+01	3.241213e-02
3.093252e+01	3.251086e-02
3.103252e+01	3.336020e-02
3.113252e+01	3.122850e-02
3.123252e+01	2.645908e-02
3.133252e+01	2.226448e-02
3.143252e+01	1.963081e-02
3.153252e+01	1.833567e-02
3.163252e+01	1.814569e-02
3.173252e+01	1.887896e-02
3.183252e+01	1.976944e-02
3.193252e+01	1.935163e-02
3.203252e+01	1.784809e-02
3.213252e+01	1.668977e-02
3.223252e+01	1.639370e-02
3.233252e+01	1.697791e-02
3.243252e+01	1.853856e-02
3.253252e+01	2.140329e-02
3.263252e+01	2.539098e-02
3.273252e+01	2.825870e-02
3.283252e+01	2.809808e-02
3.293252e+01	2.651897e-02
3.303252e+01	2.362187e-02
3.313252e+01	1.962028e-02
3.323252e+01	1.621132e-02
3.333252e+01	1.390827e-02
3.343252e+01	1.243995e-02
3.353252e+01	1.147319e-02
3.363252e+01	1.075562e-02
3.373252e+01	1.016907e-02
3.383252e+01	9.723632e-03
3.393252e+01	9.425060e-03
3.403252e+01	9.264706e-03
3.413252e+01	9.239926e-03
3.423252e+01	9.311969e-03
3.433252e+01	9.323786e-03
3.443252e+01	9.188969e-03
3.453252e+01	9.067004e-03
3.463252e+01	8.975980e-03
3.473252e+01	8.756379e-03
3.483252e+01	8.459437e-03
3.493252e+01	8.235273e-03
3.503252e+01	8.109967e-03
3.513252e+01	8.047916e-03
3.523252e+01	8.038412e-03
3.533252e+01	8.111160e-03
3.543252e+01	8.309173e-03
3.553252e+01	8.697942e-03
3.563252e+01	9.386096e-03
3.573252e+01	1.050068e-02
3.583252e+01	1.190565e-02
3.593252e+01	1.259319e-02
3.603252e+01	1.169883e-02
3.613252e+01	1.021851e-02
3.623252e+01	9.068419e-03
3.633252e+01	8.324326e-03
3.643252e+01	7.853923e-03
3.653252e+01	7.558548e-03
3.663252e+01	7.379301e-03
3.673252e+01	7.282691e-03
3.683252e+01	7.251002e-03
3.693252e+01	7.278828e-03
3.703252e+01	7.365648e-03
3.713252e+01	7.515213e-03
3.723252e+01	7.752255e-03
3.733252e+01	8.074961e-03
3.743252e+01	8.439410e-03
3.753252e+01	8.913091e-03
3.763252e+01	9.717012e-03
3.773252e+01	1.108236e-02
3.783252e+01	1.313213e-02
3.793252e+01	1.553564e-02
3.803252e+01	1.685921e-02
3.813252e+01	1.578934e-02
3.823252e+01	1.354803e-02
3.833252e+01	1.164706e-02
3.843252e+01	1.043662e-02
3.853252e+01	9.691896e-03
3.863252e+01	9.268124e-03
3.873252e+01	9.166521e-03
3.883252e+01	9.351801e-03
3.893252e+01	9.768780e-03
3.903252e+01	1.045044e-02
3.913252e+01	1.134418e-02
3.923252e+01	1.230625e-02
3.933252e+01	1.281768e-02
3.943252e+01	1.226160e-02
3.953252e+01	1.133662e-02
3.963252e+01	1.083211e-02
3.973252e+01	1.078522e-02
3.983252e+01	1.103731e-02
3.993252e+01	1.163367e-02
4.003252e+01	1.267781e-02
4.013252e+01	1.439600e-02
4.023252e+01	1.726790e-02
4.033252e+01	2.193386e-02
4.043252e+01	2.870769e-02
4.053252e+01	3.554004e-02
4.063252e+01	3.820167e-02
4.073252e+01	3.826373e-02
4.083252e+01	3.968020e-02
4.093252e+01	4.074088e-02
4.103252e+01	3.729742e-02
4.113252e+01	3.063235e-02
4.123252e+01	2.451705e-02
4.133252e+01	2.021186e-02
4.143252e+01	1.739781e-02
4.153252e+01	1.556348e-02
4.163252e+01	1.447008e-02
4.173252e+01	1.388161e-02
4.183252e+01	1.356738e-02
4.193252e+01	1.342710e-02
4.203252e+01	1.378148e-02
4.213252e+01	1.522139e-02
4.223252e+01	1.820029e-02
4.233252e+01	2.247419e-02
4.243252e+01	2.531750e-02
4.253252e+01	2.362778e-02
4.263252e+01	2.004082e-02
4.273252e+01	1.783917e-02
4.283252e+01	1.712074e-02
4.293252e+01	1.604198e-02
4.303252e+01	1.358002e-02
4.313252e+01	1.100804e-02
4.323252e+01	9.135358e-03
4.333252e+01	7.891228e-03
4.343252e+01	7.057014e-03
4.353252e+01	6.477531e-03
4.363252e+01	6.059478e-03
4.373252e+01	5.747675e-03
4.383252e+01	5.510516e-03
4.393252e+01	5.329697e-03
4.403252e+01	5.194450e-03
4.413252e+01	5.099883e-03
4.423252e+01	5.046167e-03
4.433252e+01	5.035102e-03
4.443252e+01	5.059129e-03
4.453252e+01	5.100549e-03
4.463252e+01	5.132876e-03
4.473252e+01	5.118778e-03
4.483252e+01	5.107270e-03
4.493252e+01	5.163338e-03
4.503252e+01	5.285591e-03
4.513252e+01	5.494464e-03
4.523252e+01	5.891656e-03
4.533252e+01	6.574418e-03
4.543252e+01	7.441562e-03
4.553252e+01	7.850243e-03
4.563252e+01	7.325263e-03
4.573252e+01	6.480844e-03
4.583252e+01	5.803887e-03
4.593252e+01	5.358964e-03
4.603252e+01	5.107585e-03
4.613252e+01	5.000305e-03
4.623252e+01	5.008119e-03
4.633252e+01	5.129857e-03
4.643252e+01	5.396424e-03
4.653252e+01	5.875556e-03
4.663252e+01	6.663077e-03
4.673252e+01	7.743919e-03
4.683252e+01	8.554598e-03
4.693252e+01	8.279601e-03
4.703252e+01	7.389501e-03
4.713252e+01	6.709133e-03
4.723252e+01	6.427525e-03
4.733252e+01	6.505525e-03
4.743252e+01	6.938600e-03
4.753252e+01	7.814843e-03
4.763252e+01	9.332705e-03
4.773252e+01	1.171987e-02
4.783252e+01	1.463417e-02
4.793252e+01	1.616734e-02
4.803252e+01	1.526573e-02
4.813252e+01	1.413919e-02
4.823252e+01	1.439790e-02
4.833252e+01	1.590386e-02
4.843252e+01	1.699438e-02
4.853252e+01	1.550043e-02
4.863252e+01	1.254096e-02
4.873252e+01	1.013728e-02
4.883252e+01	8.478056e-03
4.893252e+01	7.182183e-03
4.903252e+01	6.205557e-03
4.913252e+01	5.548458e-03
4.923252e+01	5.137052e-03
4.933252e+01	4.903316e-03
4.943252e+01	4.800696e-03
4.953252e+01	4.821176e-03
4.963252e+01	5.013477e-03
4.973252e+01	5.410492e-03
4.983252e+01	5.828483e-03
4.993252e+01	5.766571e-03
5.003252e+01	5.195361e-03
5.013252e+01	4.607825e-03
5.023252e+01	4.200926e-03
5.033252e+01	3.947616e-03
5.043252e+01	3.797263e-03
5.053252e+01	3.720298e-03
5.063252e+01	3.706438e-03
5.073252e+01	3.761252e-03
5.083252e+01	3.907104e-03
5.093252e+01	4.179243e-03
5.103252e+01	4.571400e-03
5.113252e+01	4.866595e-03
5.123252e+01	4.751714e-03
5.133252e+01	4.407554e-03
5.143252e+01	4.153761e-03
5.153252e+01	4.083057e-03
5.163252e+01	4.209482e-03
5.173252e+01	4.541559e-03
5.183252e+01	4.978295e-03
5.193252e+01	5.134907e-03
5.203252e+01	4.838744e-03
5.213252e+01	4.497820e-03
5.223252e+01	4.382060e-03
5.233252e+01	4.491621e-03
5.243252e+01	4.652690e-03
5.253252e+01	4.577860e-03
5.263252e+01	4.306509e-03
5.273252e+01	4.083915e-03
5.283252e+01	3.876313e-03
5.293252e+01	3.595664e-03
5.303252e+01	3.331140e-03
5.313252e+01	3.142321e-03
5.323252e+01	3.019271e-03
5.333252e+01	2.941799e-03
5.343252e+01	2.893757e-03
5.353252e+01	2.857387e-03
5.363252e+01	2.822600e-03
5.373252e+01	2.799099e-03
5.383252e+01	2.797471e-03
5.393252e+01	2.822982e-03
5.403252e+01	2.869188e-03
5.413252e+01	2.892305e-03
5.423252e+01	2.851197e-03
5.433252e+01	2.789191e-03
5.443252e+01	2.751836e-03
5.453252e+01	2.740911e-03
5.463252e+01	2.727521e-03
5.473252e+01	2.687507e-03
5.483252e+01	2.639963e-03
5.493252e+01	2.602715e-03
5.503252e+01	2.577486e-03
5.513252e+01	2.561999e-03
5.523252e+01	2.554107e-03
5.533252e+01	2.552139e-03
5.543252e+01	2.553261e-03
5.553252e+01	2.554475e-03
5.563252e+01	2.556885e-03
5.573252e+01	2.563483e-03
5.583252e+01	2.577231e-03
5.593252e+01	2.598348e-03
5.603252e+01	2.620189e-03
5.613252e+01	2.636544e-03
5.623252e+01	2.656659e-03
5.633252e+01	2.692108e-03
5.643252e+01	2.750445e-03
5.653252e+01	2.839779e-03
5.663252e+01	2.963040e-03
5.673252e+01	3.098032e-03
5.683252e+01	3.198645e-03
5.693252e+01	3.248258e-03
5.703252e+01	3.261988e-03
5.713252e+01	3.260935e-03
5.723252e+01	3.301893e-03
5.733252e+01	3.420073e-03
5.743252e+01	3.636470e-03
5.753252e+01	3.978527e-03
5.763252e+01	4.448874e-03
5.773252e+01	4.957334e-03
5.783252e+01	5.417269e-03
5.793252e+01	5.900276e-03
5.803252e+01	6.368650e-03
5.813252e+01	6.609614e-03
5.823252e+01	6.647768e-03
5.833252e+01	6.743526e-03
5.843252e+01	7.069740e-03
5.853252e+01	7.612233e-03
5.863252e+01	8.066963e-03
5.873252e+01	8.242682e-03
5.883252e+01	8.640431e-03
5.893252e+01	9.757152e-03
5.903252e+01	1.191791e-02
5.913252e+01	1.539095e-02
5.923252e+01	1.972817e-02
5.933252e+01	2.314944e-02
5.943252e+01	2.492533e-02
5.953252e+01	2.627013e-02
5.963252e+01	2.863167e-02
5.973252e+01	2.996048e-02
5.983252e+01	2.690440e-02
5.993252e+01	2.149483e-02
6.003252e+01	1.704977e-02
6.013252e+01	1.456638e-02
6.023252e+01	1.327721e-02
6.033252e+01	1.173931e-02
6.043252e+01	9.764877e-03
6.053252e+01	8.144625e-03
6.063252e+01	7.047760e-03
6.073252e+01	6.260251e-03
6.083252e+01	5.601213e-03
6.093252e+01	5.067696e-03
6.103252e+01	4.715464e-03
6.113252e+01	4.540836e-03
6.123252e+01	4.550231e-03
6.133252e+01	4.793388e-03
6.143252e+01	5.352904e-03
6.153252e+01	6.254502e-03
6.163252e+01	7.099701e-03
6.173252e+01	7.058467e-03
6.183252e+01	6.319157e-03
6.193252e+01	5.663735e-03
6.203252e+01	5.119223e-03
6.213252e+01	4.531764e-03
6.223252e+01	4.043847e-03
6.233252e+01	3.736513e-03
6.243252e+01	3.586289e-03
6.253252e+01	3.561031e-03
6.263252e+01	3.648851e-03
6.273252e+01	3.861568e-03
6.283252e+01	4.239017e-03
6.293252e+01	4.862493e-03
6.303252e+01	5.881615e-03
6.313252e+01	7.545458e-03
6.323252e+01	1.012721e-02
6.333252e+01	1.325631e-02
6.343252e+01	1.464735e-02
