#RPA-results:
#Nucleus: Ni 80
#Fermi level: -1.541935e+00	-1.810941e+01
#Excitation: 1 +
#Total number of pairs: 494
#Number of ph-/ah-pairs: 494/0
#Maximal excitation-energy for particle-hole-pairs: 100
#Maximal excitation-energy for antiparticle-hole-pairs: 1000
#No imaginary eigenvalues

#Parameterset: DD-PC1
#natural parity: no
#Isoscalar result:

#width: 5.000000e-01
#maximum value: 1.483086e-02
#at energy: 6.343252e+01
-9.656748e+01	5.114041e-04
-9.646748e+01	5.124056e-04
-9.636748e+01	5.134100e-04
-9.626748e+01	5.144174e-04
-9.616748e+01	5.154277e-04
-9.606748e+01	5.164411e-04
-9.596748e+01	5.174574e-04
-9.586748e+01	5.184767e-04
-9.576748e+01	5.194991e-04
-9.566748e+01	5.205245e-04
-9.556748e+01	5.215529e-04
-9.546748e+01	5.225844e-04
-9.536748e+01	5.236190e-04
-9.526748e+01	5.246566e-04
-9.516748e+01	5.256974e-04
-9.506748e+01	5.267412e-04
-9.496748e+01	5.277882e-04
-9.486748e+01	5.288382e-04
-9.476748e+01	5.298915e-04
-9.466748e+01	5.309479e-04
-9.456748e+01	5.320074e-04
-9.446748e+01	5.330702e-04
-9.436748e+01	5.341361e-04
-9.426748e+01	5.352052e-04
-9.416748e+01	5.362776e-04
-9.406748e+01	5.373532e-04
-9.396748e+01	5.384320e-04
-9.386748e+01	5.395141e-04
-9.376748e+01	5.405994e-04
-9.366748e+01	5.416881e-04
-9.356748e+01	5.427800e-04
-9.346748e+01	5.438753e-04
-9.336748e+01	5.449739e-04
-9.326748e+01	5.460758e-04
-9.316748e+01	5.471810e-04
-9.306748e+01	5.482897e-04
-9.296748e+01	5.494017e-04
-9.286748e+01	5.505171e-04
-9.276748e+01	5.516359e-04
-9.266748e+01	5.527581e-04
-9.256748e+01	5.538838e-04
-9.246748e+01	5.550129e-04
-9.236748e+01	5.561455e-04
-9.226748e+01	5.572815e-04
-9.216748e+01	5.584211e-04
-9.206748e+01	5.595641e-04
-9.196748e+01	5.607107e-04
-9.186748e+01	5.618608e-04
-9.176748e+01	5.630145e-04
-9.166748e+01	5.641717e-04
-9.156748e+01	5.653325e-04
-9.146748e+01	5.664969e-04
-9.136748e+01	5.676649e-04
-9.126748e+01	5.688365e-04
-9.116748e+01	5.700117e-04
-9.106748e+01	5.711906e-04
-9.096748e+01	5.723732e-04
-9.086748e+01	5.735595e-04
-9.076748e+01	5.747495e-04
-9.066748e+01	5.759431e-04
-9.056748e+01	5.771405e-04
-9.046748e+01	5.783417e-04
-9.036748e+01	5.795466e-04
-9.026748e+01	5.807553e-04
-9.016748e+01	5.819678e-04
-9.006748e+01	5.831841e-04
-8.996748e+01	5.844042e-04
-8.986748e+01	5.856281e-04
-8.976748e+01	5.868559e-04
-8.966748e+01	5.880876e-04
-8.956748e+01	5.893232e-04
-8.946748e+01	5.905627e-04
-8.936748e+01	5.918061e-04
-8.926748e+01	5.930534e-04
-8.916748e+01	5.943047e-04
-8.906748e+01	5.955600e-04
-8.896748e+01	5.968192e-04
-8.886748e+01	5.980825e-04
-8.876748e+01	5.993498e-04
-8.866748e+01	6.006211e-04
-8.856748e+01	6.018965e-04
-8.846748e+01	6.031760e-04
-8.836748e+01	6.044595e-04
-8.826748e+01	6.057472e-04
-8.816748e+01	6.070390e-04
-8.806748e+01	6.083349e-04
-8.796748e+01	6.096350e-04
-8.786748e+01	6.109393e-04
-8.776748e+01	6.122478e-04
-8.766748e+01	6.135605e-04
-8.756748e+01	6.148774e-04
-8.746748e+01	6.161986e-04
-8.736748e+01	6.175240e-04
-8.726748e+01	6.188538e-04
-8.716748e+01	6.201878e-04
-8.706748e+01	6.215262e-04
-8.696748e+01	6.228689e-04
-8.686748e+01	6.242160e-04
-8.676748e+01	6.255675e-04
-8.666748e+01	6.269234e-04
-8.656748e+01	6.282837e-04
-8.646748e+01	6.296484e-04
-8.636748e+01	6.310176e-04
-8.626748e+01	6.323913e-04
-8.616748e+01	6.337695e-04
-8.606748e+01	6.351522e-04
-8.596748e+01	6.365395e-04
-8.586748e+01	6.379313e-04
-8.576748e+01	6.393277e-04
-8.566748e+01	6.407286e-04
-8.556748e+01	6.421342e-04
-8.546748e+01	6.435445e-04
-8.536748e+01	6.449594e-04
-8.526748e+01	6.463790e-04
-8.516748e+01	6.478033e-04
-8.506748e+01	6.492323e-04
-8.496748e+01	6.506660e-04
-8.486748e+01	6.521046e-04
-8.476748e+01	6.535479e-04
-8.466748e+01	6.549960e-04
-8.456748e+01	6.564489e-04
-8.446748e+01	6.579067e-04
-8.436748e+01	6.593694e-04
-8.426748e+01	6.608370e-04
-8.416748e+01	6.623095e-04
-8.406748e+01	6.637869e-04
-8.396748e+01	6.652693e-04
-8.386748e+01	6.667566e-04
-8.376748e+01	6.682490e-04
-8.366748e+01	6.697464e-04
-8.356748e+01	6.712488e-04
-8.346748e+01	6.727563e-04
-8.336748e+01	6.742689e-04
-8.326748e+01	6.757867e-04
-8.316748e+01	6.773095e-04
-8.306748e+01	6.788376e-04
-8.296748e+01	6.803708e-04
-8.286748e+01	6.819092e-04
-8.276748e+01	6.834529e-04
-8.266748e+01	6.850018e-04
-8.256748e+01	6.865561e-04
-8.246748e+01	6.881156e-04
-8.236748e+01	6.896805e-04
-8.226748e+01	6.912507e-04
-8.216748e+01	6.928263e-04
-8.206748e+01	6.944073e-04
-8.196748e+01	6.959937e-04
-8.186748e+01	6.975856e-04
-8.176748e+01	6.991830e-04
-8.166748e+01	7.007858e-04
-8.156748e+01	7.023942e-04
-8.146748e+01	7.040082e-04
-8.136748e+01	7.056277e-04
-8.126748e+01	7.072529e-04
-8.116748e+01	7.088837e-04
-8.106748e+01	7.105201e-04
-8.096748e+01	7.121623e-04
-8.086748e+01	7.138101e-04
-8.076748e+01	7.154637e-04
-8.066748e+01	7.171231e-04
-8.056748e+01	7.187882e-04
-8.046748e+01	7.204592e-04
-8.036748e+01	7.221360e-04
-8.026748e+01	7.238187e-04
-8.016748e+01	7.255073e-04
-8.006748e+01	7.272018e-04
-7.996748e+01	7.289023e-04
-7.986748e+01	7.306088e-04
-7.976748e+01	7.323213e-04
-7.966748e+01	7.340398e-04
-7.956748e+01	7.357644e-04
-7.946748e+01	7.374951e-04
-7.936748e+01	7.392319e-04
-7.926748e+01	7.409749e-04
-7.916748e+01	7.427241e-04
-7.906748e+01	7.444795e-04
-7.896748e+01	7.462411e-04
-7.886748e+01	7.480090e-04
-7.876748e+01	7.497833e-04
-7.866748e+01	7.515638e-04
-7.856748e+01	7.533507e-04
-7.846748e+01	7.551441e-04
-7.836748e+01	7.569438e-04
-7.826748e+01	7.587500e-04
-7.816748e+01	7.605627e-04
-7.806748e+01	7.623819e-04
-7.796748e+01	7.642077e-04
-7.786748e+01	7.660400e-04
-7.776748e+01	7.678790e-04
-7.766748e+01	7.697246e-04
-7.756748e+01	7.715769e-04
-7.746748e+01	7.734359e-04
-7.736748e+01	7.753017e-04
-7.726748e+01	7.771742e-04
-7.716748e+01	7.790535e-04
-7.706748e+01	7.809397e-04
-7.696748e+01	7.828328e-04
-7.686748e+01	7.847327e-04
-7.676748e+01	7.866396e-04
-7.666748e+01	7.885535e-04
-7.656748e+01	7.904744e-04
-7.646748e+01	7.924024e-04
-7.636748e+01	7.943374e-04
-7.626748e+01	7.962796e-04
-7.616748e+01	7.982288e-04
-7.606748e+01	8.001853e-04
-7.596748e+01	8.021490e-04
-7.586748e+01	8.041200e-04
-7.576748e+01	8.060982e-04
-7.566748e+01	8.080838e-04
-7.556748e+01	8.100768e-04
-7.546748e+01	8.120771e-04
-7.536748e+01	8.140849e-04
-7.526748e+01	8.161002e-04
-7.516748e+01	8.181230e-04
-7.506748e+01	8.201533e-04
-7.496748e+01	8.221912e-04
-7.486748e+01	8.242367e-04
-7.476748e+01	8.262900e-04
-7.466748e+01	8.283509e-04
-7.456748e+01	8.304195e-04
-7.446748e+01	8.324960e-04
-7.436748e+01	8.345802e-04
-7.426748e+01	8.366723e-04
-7.416748e+01	8.387723e-04
-7.406748e+01	8.408803e-04
-7.396748e+01	8.429962e-04
-7.386748e+01	8.451202e-04
-7.376748e+01	8.472522e-04
-7.366748e+01	8.493923e-04
-7.356748e+01	8.515406e-04
-7.346748e+01	8.536970e-04
-7.336748e+01	8.558617e-04
-7.326748e+01	8.580346e-04
-7.316748e+01	8.602158e-04
-7.306748e+01	8.624054e-04
-7.296748e+01	8.646034e-04
-7.286748e+01	8.668099e-04
-7.276748e+01	8.690248e-04
-7.266748e+01	8.712482e-04
-7.256748e+01	8.734802e-04
-7.246748e+01	8.757208e-04
-7.236748e+01	8.779701e-04
-7.226748e+01	8.802281e-04
-7.216748e+01	8.824948e-04
-7.206748e+01	8.847704e-04
-7.196748e+01	8.870547e-04
-7.186748e+01	8.893480e-04
-7.176748e+01	8.916501e-04
-7.166748e+01	8.939613e-04
-7.156748e+01	8.962815e-04
-7.146748e+01	8.986107e-04
-7.136748e+01	9.009491e-04
-7.126748e+01	9.032967e-04
-7.116748e+01	9.056534e-04
-7.106748e+01	9.080194e-04
-7.096748e+01	9.103948e-04
-7.086748e+01	9.127795e-04
-7.076748e+01	9.151736e-04
-7.066748e+01	9.175772e-04
-7.056748e+01	9.199902e-04
-7.046748e+01	9.224129e-04
-7.036748e+01	9.248451e-04
-7.026748e+01	9.272871e-04
-7.016748e+01	9.297387e-04
-7.006748e+01	9.322001e-04
-6.996748e+01	9.346713e-04
-6.986748e+01	9.371524e-04
-6.976748e+01	9.396434e-04
-6.966748e+01	9.421444e-04
-6.956748e+01	9.446554e-04
-6.946748e+01	9.471765e-04
-6.936748e+01	9.497078e-04
-6.926748e+01	9.522492e-04
-6.916748e+01	9.548009e-04
-6.906748e+01	9.573629e-04
-6.896748e+01	9.599353e-04
-6.886748e+01	9.625180e-04
-6.876748e+01	9.651113e-04
-6.866748e+01	9.677150e-04
-6.856748e+01	9.703294e-04
-6.846748e+01	9.729544e-04
-6.836748e+01	9.755901e-04
-6.826748e+01	9.782366e-04
-6.816748e+01	9.808938e-04
-6.806748e+01	9.835620e-04
-6.796748e+01	9.862411e-04
-6.786748e+01	9.889312e-04
-6.776748e+01	9.916324e-04
-6.766748e+01	9.943446e-04
-6.756748e+01	9.970681e-04
-6.746748e+01	9.998028e-04
-6.736748e+01	1.002549e-03
-6.726748e+01	1.005306e-03
-6.716748e+01	1.008075e-03
-6.706748e+01	1.010855e-03
-6.696748e+01	1.013647e-03
-6.686748e+01	1.016451e-03
-6.676748e+01	1.019266e-03
-6.666748e+01	1.022093e-03
-6.656748e+01	1.024931e-03
-6.646748e+01	1.027782e-03
-6.636748e+01	1.030645e-03
-6.626748e+01	1.033519e-03
-6.616748e+01	1.036406e-03
-6.606748e+01	1.039305e-03
-6.596748e+01	1.042216e-03
-6.586748e+01	1.045139e-03
-6.576748e+01	1.048075e-03
-6.566748e+01	1.051023e-03
-6.556748e+01	1.053984e-03
-6.546748e+01	1.056957e-03
-6.536748e+01	1.059943e-03
-6.526748e+01	1.062941e-03
-6.516748e+01	1.065953e-03
-6.506748e+01	1.068977e-03
-6.496748e+01	1.072014e-03
-6.486748e+01	1.075064e-03
-6.476748e+01	1.078127e-03
-6.466748e+01	1.081204e-03
-6.456748e+01	1.084294e-03
-6.446748e+01	1.087397e-03
-6.436748e+01	1.090513e-03
-6.426748e+01	1.093643e-03
-6.416748e+01	1.096786e-03
-6.406748e+01	1.099943e-03
-6.396748e+01	1.103114e-03
-6.386748e+01	1.106298e-03
-6.376748e+01	1.109497e-03
-6.366748e+01	1.112709e-03
-6.356748e+01	1.115935e-03
-6.346748e+01	1.119176e-03
-6.336748e+01	1.122430e-03
-6.326748e+01	1.125699e-03
-6.316748e+01	1.128982e-03
-6.306748e+01	1.132280e-03
-6.296748e+01	1.135592e-03
-6.286748e+01	1.138919e-03
-6.276748e+01	1.142260e-03
-6.266748e+01	1.145617e-03
-6.256748e+01	1.148988e-03
-6.246748e+01	1.152374e-03
-6.236748e+01	1.155775e-03
-6.226748e+01	1.159192e-03
-6.216748e+01	1.162623e-03
-6.206748e+01	1.166070e-03
-6.196748e+01	1.169532e-03
-6.186748e+01	1.173010e-03
-6.176748e+01	1.176503e-03
-6.166748e+01	1.180012e-03
-6.156748e+01	1.183537e-03
-6.146748e+01	1.187078e-03
-6.136748e+01	1.190635e-03
-6.126748e+01	1.194208e-03
-6.116748e+01	1.197797e-03
-6.106748e+01	1.201402e-03
-6.096748e+01	1.205024e-03
-6.086748e+01	1.208662e-03
-6.076748e+01	1.212316e-03
-6.066748e+01	1.215988e-03
-6.056748e+01	1.219676e-03
-6.046748e+01	1.223381e-03
-6.036748e+01	1.227103e-03
-6.026748e+01	1.230842e-03
-6.016748e+01	1.234598e-03
-6.006748e+01	1.238371e-03
-5.996748e+01	1.242162e-03
-5.986748e+01	1.245971e-03
-5.976748e+01	1.249797e-03
-5.966748e+01	1.253641e-03
-5.956748e+01	1.257502e-03
-5.946748e+01	1.261382e-03
-5.936748e+01	1.265279e-03
-5.926748e+01	1.269195e-03
-5.916748e+01	1.273129e-03
-5.906748e+01	1.277082e-03
-5.896748e+01	1.281053e-03
-5.886748e+01	1.285043e-03
-5.876748e+01	1.289051e-03
-5.866748e+01	1.293078e-03
-5.856748e+01	1.297124e-03
-5.846748e+01	1.301190e-03
-5.836748e+01	1.305274e-03
-5.826748e+01	1.309378e-03
-5.816748e+01	1.313502e-03
-5.806748e+01	1.317645e-03
-5.796748e+01	1.321807e-03
-5.786748e+01	1.325990e-03
-5.776748e+01	1.330193e-03
-5.766748e+01	1.334415e-03
-5.756748e+01	1.338658e-03
-5.746748e+01	1.342921e-03
-5.736748e+01	1.347205e-03
-5.726748e+01	1.351510e-03
-5.716748e+01	1.355835e-03
-5.706748e+01	1.360181e-03
-5.696748e+01	1.364548e-03
-5.686748e+01	1.368936e-03
-5.676748e+01	1.373346e-03
-5.666748e+01	1.377777e-03
-5.656748e+01	1.382229e-03
-5.646748e+01	1.386703e-03
-5.636748e+01	1.391200e-03
-5.626748e+01	1.395718e-03
-5.616748e+01	1.400258e-03
-5.606748e+01	1.404821e-03
-5.596748e+01	1.409406e-03
-5.586748e+01	1.414013e-03
-5.576748e+01	1.418644e-03
-5.566748e+01	1.423297e-03
-5.556748e+01	1.427973e-03
-5.546748e+01	1.432673e-03
-5.536748e+01	1.437396e-03
-5.526748e+01	1.442142e-03
-5.516748e+01	1.446912e-03
-5.506748e+01	1.451706e-03
-5.496748e+01	1.456524e-03
-5.486748e+01	1.461366e-03
-5.476748e+01	1.466233e-03
-5.466748e+01	1.471123e-03
-5.456748e+01	1.476039e-03
-5.446748e+01	1.480979e-03
-5.436748e+01	1.485944e-03
-5.426748e+01	1.490935e-03
-5.416748e+01	1.495950e-03
-5.406748e+01	1.500992e-03
-5.396748e+01	1.506058e-03
-5.386748e+01	1.511151e-03
-5.376748e+01	1.516270e-03
-5.366748e+01	1.521415e-03
-5.356748e+01	1.526586e-03
-5.346748e+01	1.531784e-03
-5.336748e+01	1.537008e-03
-5.326748e+01	1.542260e-03
-5.316748e+01	1.547538e-03
-5.306748e+01	1.552844e-03
-5.296748e+01	1.558178e-03
-5.286748e+01	1.563539e-03
-5.276748e+01	1.568928e-03
-5.266748e+01	1.574345e-03
-5.256748e+01	1.579790e-03
-5.246748e+01	1.585263e-03
-5.236748e+01	1.590766e-03
-5.226748e+01	1.596297e-03
-5.216748e+01	1.601857e-03
-5.206748e+01	1.607447e-03
-5.196748e+01	1.613066e-03
-5.186748e+01	1.618715e-03
-5.176748e+01	1.624393e-03
-5.166748e+01	1.630102e-03
-5.156748e+01	1.635841e-03
-5.146748e+01	1.641610e-03
-5.136748e+01	1.647411e-03
-5.126748e+01	1.653242e-03
-5.116748e+01	1.659104e-03
-5.106748e+01	1.664998e-03
-5.096748e+01	1.670924e-03
-5.086748e+01	1.676881e-03
-5.076748e+01	1.682871e-03
-5.066748e+01	1.688893e-03
-5.056748e+01	1.694947e-03
-5.046748e+01	1.701035e-03
-5.036748e+01	1.707155e-03
-5.026748e+01	1.713309e-03
-5.016748e+01	1.719496e-03
-5.006748e+01	1.725717e-03
-4.996748e+01	1.731972e-03
-4.986748e+01	1.738261e-03
-4.976748e+01	1.744585e-03
-4.966748e+01	1.750943e-03
-4.956748e+01	1.757337e-03
-4.946748e+01	1.763766e-03
-4.936748e+01	1.770230e-03
-4.926748e+01	1.776731e-03
-4.916748e+01	1.783267e-03
-4.906748e+01	1.789840e-03
-4.896748e+01	1.796449e-03
-4.886748e+01	1.803095e-03
-4.876748e+01	1.809779e-03
-4.866748e+01	1.816500e-03
-4.856748e+01	1.823259e-03
-4.846748e+01	1.830056e-03
-4.836748e+01	1.836891e-03
-4.826748e+01	1.843764e-03
-4.816748e+01	1.850677e-03
-4.806748e+01	1.857629e-03
-4.796748e+01	1.864620e-03
-4.786748e+01	1.871651e-03
-4.776748e+01	1.878723e-03
-4.766748e+01	1.885835e-03
-4.756748e+01	1.892987e-03
-4.746748e+01	1.900180e-03
-4.736748e+01	1.907415e-03
-4.726748e+01	1.914692e-03
-4.716748e+01	1.922010e-03
-4.706748e+01	1.929371e-03
-4.696748e+01	1.936775e-03
-4.686748e+01	1.944221e-03
-4.676748e+01	1.951711e-03
-4.666748e+01	1.959245e-03
-4.656748e+01	1.966822e-03
-4.646748e+01	1.974444e-03
-4.636748e+01	1.982111e-03
-4.626748e+01	1.989823e-03
-4.616748e+01	1.997580e-03
-4.606748e+01	2.005383e-03
-4.596748e+01	2.013232e-03
-4.586748e+01	2.021127e-03
-4.576748e+01	2.029070e-03
-4.566748e+01	2.037059e-03
-4.556748e+01	2.045097e-03
-4.546748e+01	2.053182e-03
-4.536748e+01	2.061316e-03
-4.526748e+01	2.069498e-03
-4.516748e+01	2.077730e-03
-4.506748e+01	2.086011e-03
-4.496748e+01	2.094342e-03
-4.486748e+01	2.102724e-03
-4.476748e+01	2.111157e-03
-4.466748e+01	2.119640e-03
-4.456748e+01	2.128176e-03
-4.446748e+01	2.136763e-03
-4.436748e+01	2.145403e-03
-4.426748e+01	2.154096e-03
-4.416748e+01	2.162842e-03
-4.406748e+01	2.171642e-03
-4.396748e+01	2.180496e-03
-4.386748e+01	2.189405e-03
-4.376748e+01	2.198369e-03
-4.366748e+01	2.207389e-03
-4.356748e+01	2.216464e-03
-4.346748e+01	2.225597e-03
-4.336748e+01	2.234786e-03
-4.326748e+01	2.244033e-03
-4.316748e+01	2.253338e-03
-4.306748e+01	2.262701e-03
-4.296748e+01	2.272123e-03
-4.286748e+01	2.281605e-03
-4.276748e+01	2.291147e-03
-4.266748e+01	2.300749e-03
-4.256748e+01	2.310412e-03
-4.246748e+01	2.320137e-03
-4.236748e+01	2.329923e-03
-4.226748e+01	2.339773e-03
-4.216748e+01	2.349685e-03
-4.206748e+01	2.359661e-03
-4.196748e+01	2.369702e-03
-4.186748e+01	2.379807e-03
-4.176748e+01	2.389977e-03
-4.166748e+01	2.400214e-03
-4.156748e+01	2.410517e-03
-4.146748e+01	2.420887e-03
-4.136748e+01	2.431324e-03
-4.126748e+01	2.441830e-03
-4.116748e+01	2.452405e-03
-4.106748e+01	2.463049e-03
-4.096748e+01	2.473764e-03
-4.086748e+01	2.484549e-03
-4.076748e+01	2.495405e-03
-4.066748e+01	2.506334e-03
-4.056748e+01	2.517335e-03
-4.046748e+01	2.528409e-03
-4.036748e+01	2.539557e-03
-4.026748e+01	2.550780e-03
-4.016748e+01	2.562078e-03
-4.006748e+01	2.573452e-03
-3.996748e+01	2.584903e-03
-3.986748e+01	2.596431e-03
-3.976748e+01	2.608037e-03
-3.966748e+01	2.619721e-03
-3.956748e+01	2.631486e-03
-3.946748e+01	2.643330e-03
-3.936748e+01	2.655256e-03
-3.926748e+01	2.667263e-03
-3.916748e+01	2.679352e-03
-3.906748e+01	2.691525e-03
-3.896748e+01	2.703782e-03
-3.886748e+01	2.716123e-03
-3.876748e+01	2.728551e-03
-3.866748e+01	2.741064e-03
-3.856748e+01	2.753665e-03
-3.846748e+01	2.766353e-03
-3.836748e+01	2.779131e-03
-3.826748e+01	2.791998e-03
-3.816748e+01	2.804956e-03
-3.806748e+01	2.818005e-03
-3.796748e+01	2.831146e-03
-3.786748e+01	2.844380e-03
-3.776748e+01	2.857709e-03
-3.766748e+01	2.871132e-03
-3.756748e+01	2.884651e-03
-3.746748e+01	2.898267e-03
-3.736748e+01	2.911981e-03
-3.726748e+01	2.925793e-03
-3.716748e+01	2.939705e-03
-3.706748e+01	2.953718e-03
-3.696748e+01	2.967832e-03
-3.686748e+01	2.982048e-03
-3.676748e+01	2.996368e-03
-3.666748e+01	3.010793e-03
-3.656748e+01	3.025324e-03
-3.646748e+01	3.039961e-03
-3.636748e+01	3.054706e-03
-3.626748e+01	3.069559e-03
-3.616748e+01	3.084523e-03
-3.606748e+01	3.099597e-03
-3.596748e+01	3.114784e-03
-3.586748e+01	3.130083e-03
-3.576748e+01	3.145498e-03
-3.566748e+01	3.161027e-03
-3.556748e+01	3.176674e-03
-3.546748e+01	3.192438e-03
-3.536748e+01	3.208321e-03
-3.526748e+01	3.224325e-03
-3.516748e+01	3.240450e-03
-3.506748e+01	3.256698e-03
-3.496748e+01	3.273070e-03
-3.486748e+01	3.289568e-03
-3.476748e+01	3.306192e-03
-3.466748e+01	3.322944e-03
-3.456748e+01	3.339825e-03
-3.446748e+01	3.356837e-03
-3.436748e+01	3.373981e-03
-3.426748e+01	3.391259e-03
-3.416748e+01	3.408671e-03
-3.406748e+01	3.426220e-03
-3.396748e+01	3.443906e-03
-3.386748e+01	3.461731e-03
-3.376748e+01	3.479697e-03
-3.366748e+01	3.497805e-03
-3.356748e+01	3.516057e-03
-3.346748e+01	3.534454e-03
-3.336748e+01	3.552998e-03
-3.326748e+01	3.571690e-03
-3.316748e+01	3.590532e-03
-3.306748e+01	3.609526e-03
-3.296748e+01	3.628673e-03
-3.286748e+01	3.647975e-03
-3.276748e+01	3.667434e-03
-3.266748e+01	3.687051e-03
-3.256748e+01	3.706828e-03
-3.246748e+01	3.726767e-03
-3.236748e+01	3.746870e-03
-3.226748e+01	3.767138e-03
-3.216748e+01	3.787574e-03
-3.206748e+01	3.808179e-03
-3.196748e+01	3.828955e-03
-3.186748e+01	3.849904e-03
-3.176748e+01	3.871029e-03
-3.166748e+01	3.892330e-03
-3.156748e+01	3.913810e-03
-3.146748e+01	3.935472e-03
-3.136748e+01	3.957317e-03
-3.126748e+01	3.979347e-03
-3.116748e+01	4.001564e-03
-3.106748e+01	4.023971e-03
-3.096748e+01	4.046570e-03
-3.086748e+01	4.069363e-03
-3.076748e+01	4.092352e-03
-3.066748e+01	4.115540e-03
-3.056748e+01	4.138929e-03
-3.046748e+01	4.162521e-03
-3.036748e+01	4.186319e-03
-3.026748e+01	4.210325e-03
-3.016748e+01	4.234541e-03
-3.006748e+01	4.258971e-03
-2.996748e+01	4.283616e-03
-2.986748e+01	4.308480e-03
-2.976748e+01	4.333565e-03
-2.966748e+01	4.358873e-03
-2.956748e+01	4.384408e-03
-2.946748e+01	4.410172e-03
-2.936748e+01	4.436167e-03
-2.926748e+01	4.462398e-03
-2.916748e+01	4.488866e-03
-2.906748e+01	4.515574e-03
-2.896748e+01	4.542526e-03
-2.886748e+01	4.569725e-03
-2.876748e+01	4.597174e-03
-2.866748e+01	4.624875e-03
-2.856748e+01	4.652832e-03
-2.846748e+01	4.681048e-03
-2.836748e+01	4.709527e-03
-2.826748e+01	4.738272e-03
-2.816748e+01	4.767286e-03
-2.806748e+01	4.796572e-03
-2.796748e+01	4.826135e-03
-2.786748e+01	4.855978e-03
-2.776748e+01	4.886103e-03
-2.766748e+01	4.916516e-03
-2.756748e+01	4.947220e-03
-2.746748e+01	4.978218e-03
-2.736748e+01	5.009514e-03
-2.726748e+01	5.041113e-03
-2.716748e+01	5.073018e-03
-2.706748e+01	5.105234e-03
-2.696748e+01	5.137764e-03
-2.686748e+01	5.170613e-03
-2.676748e+01	5.203785e-03
-2.666748e+01	5.237284e-03
-2.656748e+01	5.271115e-03
-2.646748e+01	5.305283e-03
-2.636748e+01	5.339791e-03
-2.626748e+01	5.374645e-03
-2.616748e+01	5.409849e-03
-2.606748e+01	5.445409e-03
-2.596748e+01	5.481328e-03
-2.586748e+01	5.517613e-03
-2.576748e+01	5.554267e-03
-2.566748e+01	5.591297e-03
-2.556748e+01	5.628708e-03
-2.546748e+01	5.666504e-03
-2.536748e+01	5.704692e-03
-2.526748e+01	5.743277e-03
-2.516748e+01	5.782265e-03
-2.506748e+01	5.821661e-03
-2.496748e+01	5.861472e-03
-2.486748e+01	5.901703e-03
-2.476748e+01	5.942360e-03
-2.466748e+01	5.983450e-03
-2.456748e+01	6.024980e-03
-2.446748e+01	6.066954e-03
-2.436748e+01	6.109381e-03
-2.426748e+01	6.152266e-03
-2.416748e+01	6.195618e-03
-2.406748e+01	6.239441e-03
-2.396748e+01	6.283745e-03
-2.386748e+01	6.328535e-03
-2.376748e+01	6.373820e-03
-2.366748e+01	6.419607e-03
-2.356748e+01	6.465903e-03
-2.346748e+01	6.512716e-03
-2.336748e+01	6.560055e-03
-2.326748e+01	6.607928e-03
-2.316748e+01	6.656342e-03
-2.306748e+01	6.705306e-03
-2.296748e+01	6.754830e-03
-2.286748e+01	6.804921e-03
-2.276748e+01	6.855589e-03
-2.266748e+01	6.906844e-03
-2.256748e+01	6.958693e-03
-2.246748e+01	7.011148e-03
-2.236748e+01	7.064217e-03
-2.226748e+01	7.117911e-03
-2.216748e+01	7.172240e-03
-2.206748e+01	7.227215e-03
-2.196748e+01	7.282845e-03
-2.186748e+01	7.339143e-03
-2.176748e+01	7.396118e-03
-2.166748e+01	7.453783e-03
-2.156748e+01	7.512149e-03
-2.146748e+01	7.571227e-03
-2.136748e+01	7.631031e-03
-2.126748e+01	7.691572e-03
-2.116748e+01	7.752863e-03
-2.106748e+01	7.814917e-03
-2.096748e+01	7.877747e-03
-2.086748e+01	7.941367e-03
-2.076748e+01	8.005791e-03
-2.066748e+01	8.071032e-03
-2.056748e+01	8.137106e-03
-2.046748e+01	8.204027e-03
-2.036748e+01	8.271810e-03
-2.026748e+01	8.340472e-03
-2.016748e+01	8.410027e-03
-2.006748e+01	8.480492e-03
-1.996748e+01	8.551884e-03
-1.986748e+01	8.624220e-03
-1.976748e+01	8.697517e-03
-1.966748e+01	8.771794e-03
-1.956748e+01	8.847069e-03
-1.946748e+01	8.923360e-03
-1.936748e+01	9.000687e-03
-1.926748e+01	9.079070e-03
-1.916748e+01	9.158529e-03
-1.906748e+01	9.239085e-03
-1.896748e+01	9.320759e-03
-1.886748e+01	9.403574e-03
-1.876748e+01	9.487551e-03
-1.866748e+01	9.572713e-03
-1.856748e+01	9.659086e-03
-1.846748e+01	9.746691e-03
-1.836748e+01	9.835556e-03
-1.826748e+01	9.925705e-03
-1.816748e+01	1.001716e-02
-1.806748e+01	1.010996e-02
-1.796748e+01	1.020412e-02
-1.786748e+01	1.029968e-02
-1.776748e+01	1.039666e-02
-1.766748e+01	1.049510e-02
-1.756748e+01	1.059501e-02
-1.746748e+01	1.069645e-02
-1.736748e+01	1.079944e-02
-1.726748e+01	1.090401e-02
-1.716748e+01	1.101019e-02
-1.706748e+01	1.111803e-02
-1.696748e+01	1.122757e-02
-1.686748e+01	1.133883e-02
-1.676748e+01	1.145186e-02
-1.666748e+01	1.156670e-02
-1.656748e+01	1.168339e-02
-1.646748e+01	1.180198e-02
-1.636748e+01	1.192250e-02
-1.626748e+01	1.204501e-02
-1.616748e+01	1.216955e-02
-1.606748e+01	1.229617e-02
-1.596748e+01	1.242492e-02
-1.586748e+01	1.255585e-02
-1.576748e+01	1.268902e-02
-1.566748e+01	1.282449e-02
-1.556748e+01	1.296230e-02
-1.546748e+01	1.310252e-02
-1.536748e+01	1.324522e-02
-1.526748e+01	1.339045e-02
-1.516748e+01	1.353828e-02
-1.506748e+01	1.368878e-02
-1.496748e+01	1.384203e-02
-1.486748e+01	1.399809e-02
-1.476748e+01	1.415704e-02
-1.466748e+01	1.431896e-02
-1.456748e+01	1.448394e-02
-1.446748e+01	1.465205e-02
-1.436748e+01	1.482340e-02
-1.426748e+01	1.499807e-02
-1.416748e+01	1.517615e-02
-1.406748e+01	1.535776e-02
-1.396748e+01	1.554298e-02
-1.386748e+01	1.573195e-02
-1.376748e+01	1.592475e-02
-1.366748e+01	1.612153e-02
-1.356748e+01	1.632239e-02
-1.346748e+01	1.652747e-02
-1.336748e+01	1.673691e-02
-1.326748e+01	1.695084e-02
-1.316748e+01	1.716942e-02
-1.306748e+01	1.739280e-02
-1.296748e+01	1.762114e-02
-1.286748e+01	1.785463e-02
-1.276748e+01	1.809342e-02
-1.266748e+01	1.833773e-02
-1.256748e+01	1.858774e-02
-1.246748e+01	1.884367e-02
-1.236748e+01	1.910573e-02
-1.226748e+01	1.937417e-02
-1.216748e+01	1.964922e-02
-1.206748e+01	1.993116e-02
-1.196748e+01	2.022026e-02
-1.186748e+01	2.051681e-02
-1.176748e+01	2.082113e-02
-1.166748e+01	2.113356e-02
-1.156748e+01	2.145443e-02
-1.146748e+01	2.178414e-02
-1.136748e+01	2.212308e-02
-1.126748e+01	2.247170e-02
-1.116748e+01	2.283045e-02
-1.106748e+01	2.319983e-02
-1.096748e+01	2.358038e-02
-1.086748e+01	2.397268e-02
-1.076748e+01	2.437736e-02
-1.066748e+01	2.479508e-02
-1.056748e+01	2.522659e-02
-1.046748e+01	2.567269e-02
-1.036748e+01	2.613425e-02
-1.026748e+01	2.661223e-02
-1.016748e+01	2.710768e-02
-1.006748e+01	2.762174e-02
-9.967479e+00	2.815571e-02
-9.867479e+00	2.871098e-02
-9.767479e+00	2.928914e-02
-9.667479e+00	2.989194e-02
-9.567479e+00	3.052135e-02
-9.467479e+00	3.117957e-02
-9.367479e+00	3.186912e-02
-9.267479e+00	3.259283e-02
-9.167479e+00	3.335395e-02
-9.067479e+00	3.415621e-02
-8.967479e+00	3.500390e-02
-8.867479e+00	3.590202e-02
-8.767479e+00	3.685640e-02
-8.667479e+00	3.787391e-02
-8.567479e+00	3.896266e-02
-8.467479e+00	4.013238e-02
-8.367479e+00	4.139475e-02
-8.267479e+00	4.276397e-02
-8.167479e+00	4.425745e-02
-8.067479e+00	4.589675e-02
-7.967479e+00	4.770890e-02
-7.867479e+00	4.972813e-02
-7.767479e+00	5.199844e-02
-7.667479e+00	5.457711e-02
-7.567479e+00	5.753994e-02
-7.467479e+00	6.098897e-02
-7.367479e+00	6.506417e-02
-7.267479e+00	6.996161e-02
-7.167479e+00	7.596252e-02
-7.067479e+00	8.348086e-02
-6.967479e+00	9.314406e-02
-6.867479e+00	1.059342e-01
-6.767479e+00	1.234431e-01
-6.667479e+00	1.483440e-01
-6.567479e+00	1.852664e-01
-6.467479e+00	2.422877e-01
-6.367479e+00	3.324845e-01
-6.267479e+00	4.691867e-01
-6.167479e+00	6.287138e-01
-6.067479e+00	6.890092e-01
-5.967479e+00	5.790358e-01
-5.867479e+00	4.229342e-01
-5.767479e+00	3.072391e-01
-5.667479e+00	2.345259e-01
-5.567479e+00	1.898836e-01
-5.467479e+00	1.621070e-01
-5.367479e+00	1.445017e-01
-5.267479e+00	1.331780e-01
-5.167479e+00	1.260366e-01
-5.067479e+00	1.219207e-01
-4.967479e+00	1.200828e-01
-4.867479e+00	1.200455e-01
-4.767479e+00	1.215313e-01
-4.667479e+00	1.244097e-01
-4.567479e+00	1.286681e-01
-4.467479e+00	1.344047e-01
-4.367479e+00	1.418448e-01
-4.267479e+00	1.513830e-01
-4.167479e+00	1.636626e-01
-4.067479e+00	1.796826e-01
-3.967479e+00	2.007626e-01
-3.867479e+00	2.277617e-01
-3.767479e+00	2.605472e-01
-3.667479e+00	3.031907e-01
-3.567479e+00	3.667861e-01
-3.467479e+00	4.652519e-01
-3.367479e+00	6.091642e-01
-3.267479e+00	7.757017e-01
-3.167479e+00	9.004013e-01
-3.067479e+00	9.953324e-01
-2.967479e+00	1.073293e+00
-2.867479e+00	1.041244e+00
-2.767479e+00	9.328268e-01
-2.667479e+00	8.405515e-01
-2.567479e+00	7.688316e-01
-2.467479e+00	7.186890e-01
-2.367479e+00	6.892155e-01
-2.267479e+00	6.950801e-01
-2.167479e+00	7.658127e-01
-2.067479e+00	9.198656e-01
-1.967479e+00	1.138342e+00
-1.867479e+00	1.301626e+00
-1.767479e+00	1.300842e+00
-1.667479e+00	1.181975e+00
-1.567479e+00	1.036654e+00
-1.467479e+00	9.572527e-01
-1.367479e+00	9.769714e-01
-1.267479e+00	1.105999e+00
-1.167479e+00	1.359943e+00
-1.067479e+00	1.705718e+00
-9.674791e-01	1.926741e+00
-8.674791e-01	1.834768e+00
-7.674791e-01	1.658369e+00
-6.674791e-01	1.628083e+00
-5.674791e-01	1.783571e+00
-4.674791e-01	2.023278e+00
-3.674791e-01	2.095571e+00
-2.674791e-01	1.965164e+00
-1.674791e-01	1.872559e+00
-6.747911e-02	1.920628e+00
3.252089e-02	2.096563e+00
1.325209e-01	2.425176e+00
2.325209e-01	2.992206e+00
3.325209e-01	3.929749e+00
4.325209e-01	5.460239e+00
5.325209e-01	7.905970e+00
6.325209e-01	1.134788e+01
7.325209e-01	1.434336e+01
8.325209e-01	1.422296e+01
9.325209e-01	1.166512e+01
1.032521e+00	8.706871e+00
1.132521e+00	6.147260e+00
1.232521e+00	4.331451e+00
1.332521e+00	3.155790e+00
1.432521e+00	2.399236e+00
1.532521e+00	1.901337e+00
1.632521e+00	1.562378e+00
1.732521e+00	1.317799e+00
1.832521e+00	1.134864e+00
1.932521e+00	1.002421e+00
2.032521e+00	9.123372e-01
2.132521e+00	8.588914e-01
2.232521e+00	8.414501e-01
2.332521e+00	8.660076e-01
2.432521e+00	9.466335e-01
2.532521e+00	1.102898e+00
2.632521e+00	1.333961e+00
2.732521e+00	1.520047e+00
2.832521e+00	1.443117e+00
2.932521e+00	1.179783e+00
3.032521e+00	9.464084e-01
3.132521e+00	7.982375e-01
3.232521e+00	7.152194e-01
3.332521e+00	6.750528e-01
3.432521e+00	6.650289e-01
3.532521e+00	6.814682e-01
3.632521e+00	7.237760e-01
3.732521e+00	7.865781e-01
3.832521e+00	8.771112e-01
3.932521e+00	1.027562e+00
4.032521e+00	1.282328e+00
4.132521e+00	1.702752e+00
4.232521e+00	2.340864e+00
4.332521e+00	3.041033e+00
4.432521e+00	3.207437e+00
4.532521e+00	2.638986e+00
4.632521e+00	1.941929e+00
4.732521e+00	1.445044e+00
4.832521e+00	1.136647e+00
4.932521e+00	9.491422e-01
5.032521e+00	8.347079e-01
5.132521e+00	7.654788e-01
5.232521e+00	7.256427e-01
5.332521e+00	7.061073e-01
5.432521e+00	7.015554e-01
5.532521e+00	7.088688e-01
5.632521e+00	7.262788e-01
5.732521e+00	7.528996e-01
5.832521e+00	7.884736e-01
5.932521e+00	8.332387e-01
6.032521e+00	8.878716e-01
6.132521e+00	9.534861e-01
6.232521e+00	1.031677e+00
6.332521e+00	1.124610e+00
6.432521e+00	1.235168e+00
6.532521e+00	1.367168e+00
6.632521e+00	1.525682e+00
6.732521e+00	1.717513e+00
6.832521e+00	1.951901e+00
6.932521e+00	2.241604e+00
7.032521e+00	2.604574e+00
7.132521e+00	3.066626e+00
7.232521e+00	3.665835e+00
7.332521e+00	4.459945e+00
7.432521e+00	5.539347e+00
7.532521e+00	7.050457e+00
7.632521e+00	9.238973e+00
7.732521e+00	1.253007e+01
7.832521e+00	1.766653e+01
7.932521e+00	2.586118e+01
8.032521e+00	3.841834e+01
8.132521e+00	5.345472e+01
8.232521e+00	5.983273e+01
8.332521e+00	4.987530e+01
8.432521e+00	3.482548e+01
8.532521e+00	2.341995e+01
8.632521e+00	1.613189e+01
8.732521e+00	1.155153e+01
8.832521e+00	8.589832e+00
8.932521e+00	6.600263e+00
9.032521e+00	5.213267e+00
9.132521e+00	4.213845e+00
9.232521e+00	3.472738e+00
9.332521e+00	2.909434e+00
9.432521e+00	2.472049e+00
9.532521e+00	2.126084e+00
9.632521e+00	1.847996e+00
9.732521e+00	1.621364e+00
9.832521e+00	1.434450e+00
9.932521e+00	1.278700e+00
1.003252e+01	1.147808e+00
1.013252e+01	1.037106e+00
1.023252e+01	9.431713e-01
1.033252e+01	8.636103e-01
1.043252e+01	7.969443e-01
1.053252e+01	7.422974e-01
1.063252e+01	6.977701e-01
1.073252e+01	6.582171e-01
1.083252e+01	6.220469e-01
1.093252e+01	5.946177e-01
1.103252e+01	5.716294e-01
1.113252e+01	5.357910e-01
1.123252e+01	4.874027e-01
1.133252e+01	4.423091e-01
1.143252e+01	4.057029e-01
1.153252e+01	3.760541e-01
1.163252e+01	3.513145e-01
1.173252e+01	3.300180e-01
1.183252e+01	3.111544e-01
1.193252e+01	2.942626e-01
1.203252e+01	2.792063e-01
1.213252e+01	2.658617e-01
1.223252e+01	2.541027e-01
1.233252e+01	2.437040e-01
1.243252e+01	2.345078e-01
1.253252e+01	2.264197e-01
1.263252e+01	2.181612e-01
1.273252e+01	2.087414e-01
1.283252e+01	1.994274e-01
1.293252e+01	1.910897e-01
1.303252e+01	1.835880e-01
1.313252e+01	1.758088e-01
1.323252e+01	1.676108e-01
1.333252e+01	1.600039e-01
1.343252e+01	1.533296e-01
1.353252e+01	1.474109e-01
1.363252e+01	1.419095e-01
1.373252e+01	1.366366e-01
1.383252e+01	1.316832e-01
1.393252e+01	1.270997e-01
1.403252e+01	1.228503e-01
1.413252e+01	1.188878e-01
1.423252e+01	1.151790e-01
1.433252e+01	1.117118e-01
1.443252e+01	1.084704e-01
1.453252e+01	1.054281e-01
1.463252e+01	1.026074e-01
1.473252e+01	1.000809e-01
1.483252e+01	9.790802e-02
1.493252e+01	9.608694e-02
1.503252e+01	9.455164e-02
1.513252e+01	9.294637e-02
1.523252e+01	9.052517e-02
1.533252e+01	8.758394e-02
1.543252e+01	8.499088e-02
1.553252e+01	8.305162e-02
1.563252e+01	8.184826e-02
1.573252e+01	8.148703e-02
1.583252e+01	8.176150e-02
1.593252e+01	8.123004e-02
1.603252e+01	7.847968e-02
1.613252e+01	7.487976e-02
1.623252e+01	7.189707e-02
1.633252e+01	6.971420e-02
1.643252e+01	6.803087e-02
1.653252e+01	6.641932e-02
1.663252e+01	6.481573e-02
1.673252e+01	6.347757e-02
1.683252e+01	6.254027e-02
1.693252e+01	6.206531e-02
1.703252e+01	6.203569e-02
1.713252e+01	6.201966e-02
1.723252e+01	6.134883e-02
1.733252e+01	6.031600e-02
1.743252e+01	5.943017e-02
1.753252e+01	5.892141e-02
1.763252e+01	5.903566e-02
1.773252e+01	5.983060e-02
1.783252e+01	6.131988e-02
1.793252e+01	6.346343e-02
1.803252e+01	6.593253e-02
1.813252e+01	6.797105e-02
1.823252e+01	6.983328e-02
1.833252e+01	7.305516e-02
1.843252e+01	7.901796e-02
1.853252e+01	8.830242e-02
1.863252e+01	1.015654e-01
1.873252e+01	1.225898e-01
1.883252e+01	1.523579e-01
1.893252e+01	1.731376e-01
1.903252e+01	1.594736e-01
1.913252e+01	1.262553e-01
1.923252e+01	9.819675e-02
1.933252e+01	7.982265e-02
1.943252e+01	6.839257e-02
1.953252e+01	6.134886e-02
1.963252e+01	5.722305e-02
1.973252e+01	5.554769e-02
1.983252e+01	5.580488e-02
1.993252e+01	5.589860e-02
2.003252e+01	5.352913e-02
2.013252e+01	5.011658e-02
2.023252e+01	4.709315e-02
2.033252e+01	4.423996e-02
2.043252e+01	4.178267e-02
2.053252e+01	3.993220e-02
2.063252e+01	3.884630e-02
2.073252e+01	3.862765e-02
2.083252e+01	3.921886e-02
2.093252e+01	4.024656e-02
2.103252e+01	4.161273e-02
2.113252e+01	4.428847e-02
2.123252e+01	4.859465e-02
2.133252e+01	5.163133e-02
2.143252e+01	4.921826e-02
2.153252e+01	4.334066e-02
2.163252e+01	3.807873e-02
2.173252e+01	3.451389e-02
2.183252e+01	3.228129e-02
2.193252e+01	3.092760e-02
2.203252e+01	3.018064e-02
2.213252e+01	3.000092e-02
2.223252e+01	3.036661e-02
2.233252e+01	3.079695e-02
2.243252e+01	3.031466e-02
2.253252e+01	2.874373e-02
2.263252e+01	2.706231e-02
2.273252e+01	2.579694e-02
2.283252e+01	2.490153e-02
2.293252e+01	2.424052e-02
2.303252e+01	2.374958e-02
2.313252e+01	2.340861e-02
2.323252e+01	2.319296e-02
2.333252e+01	2.301763e-02
2.343252e+01	2.280502e-02
2.353252e+01	2.264136e-02
2.363252e+01	2.262443e-02
2.373252e+01	2.272199e-02
2.383252e+01	2.270168e-02
2.393252e+01	2.245655e-02
2.403252e+01	2.217871e-02
2.413252e+01	2.200519e-02
2.423252e+01	2.205331e-02
2.433252e+01	2.240342e-02
2.443252e+01	2.303011e-02
2.453252e+01	2.356865e-02
2.463252e+01	2.354074e-02
2.473252e+01	2.300230e-02
2.483252e+01	2.239282e-02
2.493252e+01	2.208586e-02
2.503252e+01	2.218722e-02
2.513252e+01	2.257622e-02
2.523252e+01	2.303672e-02
2.533252e+01	2.361532e-02
2.543252e+01	2.426342e-02
2.553252e+01	2.456611e-02
2.563252e+01	2.433606e-02
2.573252e+01	2.393446e-02
2.583252e+01	2.389057e-02
2.593252e+01	2.437432e-02
2.603252e+01	2.527959e-02
2.613252e+01	2.665730e-02
2.623252e+01	2.880762e-02
2.633252e+01	3.221510e-02
2.643252e+01	3.751786e-02
2.653252e+01	4.499462e-02
2.663252e+01	5.389372e-02
2.673252e+01	6.435368e-02
2.683252e+01	7.725003e-02
2.693252e+01	9.016536e-02
2.703252e+01	9.655789e-02
2.713252e+01	9.349924e-02
2.723252e+01	8.518798e-02
2.733252e+01	7.360193e-02
2.743252e+01	6.033278e-02
2.753252e+01	4.956175e-02
2.763252e+01	4.313323e-02
2.773252e+01	4.027355e-02
2.783252e+01	3.970137e-02
2.793252e+01	3.980247e-02
2.803252e+01	4.006228e-02
2.813252e+01	4.105072e-02
2.823252e+01	4.151220e-02
2.833252e+01	4.132912e-02
2.843252e+01	4.293806e-02
2.853252e+01	4.781021e-02
2.863252e+01	5.554786e-02
2.873252e+01	6.543883e-02
2.883252e+01	8.017060e-02
2.893252e+01	9.975826e-02
2.903252e+01	1.096896e-01
2.913252e+01	9.712669e-02
2.923252e+01	7.699478e-02
2.933252e+01	6.312616e-02
2.943252e+01	5.677847e-02
2.953252e+01	5.539556e-02
2.963252e+01	5.767711e-02
2.973252e+01	6.303387e-02
2.983252e+01	6.581888e-02
2.993252e+01	6.200347e-02
3.003252e+01	5.794081e-02
3.013252e+01	5.926690e-02
3.023252e+01	6.602740e-02
3.033252e+01	7.126615e-02
3.043252e+01	6.709890e-02
3.053252e+01	5.923033e-02
3.063252e+01	5.396673e-02
3.073252e+01	4.936894e-02
3.083252e+01	4.495948e-02
3.093252e+01	4.345966e-02
3.103252e+01	4.451493e-02
3.113252e+01	4.310212e-02
3.123252e+01	3.672789e-02
3.133252e+01	2.972243e-02
3.143252e+01	2.468694e-02
3.153252e+01	2.150222e-02
3.163252e+01	1.961063e-02
3.173252e+01	1.867074e-02
3.183252e+01	1.856635e-02
3.193252e+01	1.922997e-02
3.203252e+01	2.007732e-02
3.213252e+01	1.976954e-02
3.223252e+01	1.831973e-02
3.233252e+01	1.696069e-02
3.243252e+01	1.604697e-02
3.253252e+01	1.555251e-02
3.263252e+01	1.556938e-02
3.273252e+01	1.619638e-02
3.283252e+01	1.762424e-02
3.293252e+01	2.024784e-02
3.303252e+01	2.456463e-02
3.313252e+01	3.029995e-02
3.323252e+01	3.412694e-02
3.333252e+01	3.170336e-02
3.343252e+01	2.589201e-02
3.353252e+01	2.097640e-02
3.363252e+01	1.752571e-02
3.373252e+01	1.507387e-02
3.383252e+01	1.338830e-02
3.393252e+01	1.226527e-02
3.403252e+01	1.152577e-02
3.413252e+01	1.105536e-02
3.423252e+01	1.078517e-02
3.433252e+01	1.065128e-02
3.443252e+01	1.058506e-02
3.453252e+01	1.062233e-02
3.463252e+01	1.089775e-02
3.473252e+01	1.152903e-02
3.483252e+01	1.253405e-02
3.493252e+01	1.342864e-02
3.503252e+01	1.320688e-02
3.513252e+01	1.206282e-02
3.523252e+01	1.097502e-02
3.533252e+01	1.028531e-02
3.543252e+01	9.958187e-03
3.553252e+01	9.932304e-03
3.563252e+01	1.021284e-02
3.573252e+01	1.088871e-02
3.583252e+01	1.211993e-02
3.593252e+01	1.392336e-02
3.603252e+01	1.539451e-02
3.613252e+01	1.488964e-02
3.623252e+01	1.295572e-02
3.633252e+01	1.118378e-02
3.643252e+01	9.996324e-03
3.653252e+01	9.269274e-03
3.663252e+01	8.840565e-03
3.673252e+01	8.586430e-03
3.683252e+01	8.425521e-03
3.693252e+01	8.347272e-03
3.703252e+01	8.350436e-03
3.713252e+01	8.425654e-03
3.723252e+01	8.601521e-03
3.733252e+01	8.892874e-03
3.743252e+01	9.307902e-03
3.753252e+01	9.966484e-03
3.763252e+01	1.106046e-02
3.773252e+01	1.269979e-02
3.783252e+01	1.476607e-02
3.793252e+01	1.702461e-02
3.803252e+01	1.843419e-02
3.813252e+01	1.747251e-02
3.823252e+01	1.503220e-02
3.833252e+01	1.290643e-02
3.843252e+01	1.154400e-02
3.853252e+01	1.069641e-02
3.863252e+01	1.023070e-02
3.873252e+01	1.013128e-02
3.883252e+01	1.032261e-02
3.893252e+01	1.073887e-02
3.903252e+01	1.142684e-02
3.913252e+01	1.232430e-02
3.923252e+01	1.339540e-02
3.933252e+01	1.426236e-02
3.943252e+01	1.394484e-02
3.953252e+01	1.284632e-02
3.963252e+01	1.209794e-02
3.973252e+01	1.190654e-02
3.983252e+01	1.199359e-02
3.993252e+01	1.230044e-02
4.003252e+01	1.299983e-02
4.013252e+01	1.432248e-02
4.023252e+01	1.666176e-02
4.033252e+01	2.057646e-02
4.043252e+01	2.646818e-02
4.053252e+01	3.298848e-02
4.063252e+01	3.641556e-02
4.073252e+01	3.737501e-02
4.083252e+01	3.963126e-02
4.093252e+01	4.168540e-02
4.103252e+01	3.907956e-02
4.113252e+01	3.257583e-02
4.123252e+01	2.597243e-02
4.133252e+01	2.128354e-02
4.143252e+01	1.841572e-02
4.153252e+01	1.654358e-02
4.163252e+01	1.529147e-02
4.173252e+01	1.451485e-02
4.183252e+01	1.403325e-02
4.193252e+01	1.358658e-02
4.203252e+01	1.322643e-02
4.213252e+01	1.338355e-02
4.223252e+01	1.436310e-02
4.233252e+01	1.646698e-02
4.243252e+01	2.023845e-02
4.253252e+01	2.645491e-02
4.263252e+01	3.509010e-02
4.273252e+01	4.214887e-02
4.283252e+01	4.120455e-02
4.293252e+01	3.450766e-02
4.303252e+01	2.851477e-02
4.313252e+01	2.380645e-02
4.323252e+01	1.902988e-02
4.333252e+01	1.495532e-02
4.343252e+01	1.210138e-02
4.353252e+01	1.020406e-02
4.363252e+01	8.920534e-03
4.373252e+01	8.020270e-03
4.383252e+01	7.368746e-03
4.393252e+01	6.887791e-03
4.403252e+01	6.530151e-03
4.413252e+01	6.268322e-03
4.423252e+01	6.088179e-03
4.433252e+01	5.980727e-03
4.443252e+01	5.929152e-03
4.453252e+01	5.919557e-03
4.463252e+01	5.929550e-03
4.473252e+01	5.878612e-03
4.483252e+01	5.782591e-03
4.493252e+01	5.732693e-03
4.503252e+01	5.725357e-03
4.513252e+01	5.760981e-03
4.523252e+01	5.918225e-03
4.533252e+01	6.284417e-03
4.543252e+01	6.946746e-03
4.553252e+01	7.884637e-03
4.563252e+01	8.576378e-03
4.573252e+01	8.277605e-03
4.583252e+01	7.357877e-03
4.593252e+01	6.522215e-03
4.603252e+01	5.978616e-03
4.613252e+01	5.684578e-03
4.623252e+01	5.570977e-03
4.633252e+01	5.605152e-03
4.643252e+01	5.796856e-03
4.653252e+01	6.197060e-03
4.663252e+01	6.903628e-03
4.673252e+01	8.013845e-03
4.683252e+01	9.301063e-03
4.693252e+01	9.759695e-03
4.703252e+01	8.932717e-03
4.713252e+01	7.864583e-03
4.723252e+01	7.213994e-03
4.733252e+01	7.020481e-03
4.743252e+01	7.233333e-03
4.753252e+01	7.884595e-03
4.763252e+01	9.125404e-03
4.773252e+01	1.121170e-02
4.783252e+01	1.418574e-02
4.793252e+01	1.672691e-02
4.803252e+01	1.647406e-02
4.813252e+01	1.438271e-02
4.823252e+01	1.295180e-02
4.833252e+01	1.293159e-02
4.843252e+01	1.422253e-02
4.853252e+01	1.586037e-02
4.863252e+01	1.566807e-02
4.873252e+01	1.365264e-02
4.883252e+01	1.163278e-02
4.893252e+01	9.827943e-03
4.903252e+01	8.172716e-03
4.913252e+01	6.947144e-03
4.923252e+01	6.163052e-03
4.933252e+01	5.687735e-03
4.943252e+01	5.393038e-03
4.953252e+01	5.229381e-03
4.963252e+01	5.231956e-03
4.973252e+01	5.455327e-03
4.983252e+01	5.941476e-03
4.993252e+01	6.544983e-03
5.003252e+01	6.673994e-03
5.013252e+01	6.059071e-03
5.023252e+01	5.292881e-03
5.033252e+01	4.738272e-03
5.043252e+01	4.395580e-03
5.053252e+01	4.201536e-03
5.063252e+01	4.116247e-03
5.073252e+01	4.128259e-03
5.083252e+01	4.251797e-03
5.093252e+01	4.521254e-03
5.103252e+01	4.939924e-03
5.113252e+01	5.298402e-03
5.123252e+01	5.218360e-03
5.133252e+01	4.827603e-03
5.143252e+01	4.495093e-03
5.153252e+01	4.346747e-03
5.163252e+01	4.402012e-03
5.173252e+01	4.674867e-03
5.183252e+01	5.126275e-03
5.193252e+01	5.450897e-03
5.203252e+01	5.276230e-03
5.213252e+01	4.880708e-03
5.223252e+01	4.655030e-03
5.233252e+01	4.652729e-03
5.243252e+01	4.749286e-03
5.253252e+01	4.691902e-03
5.263252e+01	4.430882e-03
5.273252e+01	4.216578e-03
5.283252e+01	4.109198e-03
5.293252e+01	3.943646e-03
5.303252e+01	3.675317e-03
5.313252e+01	3.433824e-03
5.323252e+01	3.270813e-03
5.333252e+01	3.172328e-03
5.343252e+01	3.110826e-03
5.353252e+01	3.055840e-03
5.363252e+01	3.003079e-03
5.373252e+01	2.968733e-03
5.383252e+01	2.961260e-03
5.393252e+01	2.985206e-03
5.403252e+01	3.039026e-03
5.413252e+01	3.085418e-03
5.423252e+01	3.060185e-03
5.433252e+01	2.988023e-03
5.443252e+01	2.935892e-03
5.453252e+01	2.925001e-03
5.463252e+01	2.941715e-03
5.473252e+01	2.936971e-03
5.483252e+01	2.880567e-03
5.493252e+01	2.811272e-03
5.503252e+01	2.760221e-03
5.513252e+01	2.730216e-03
5.523252e+01	2.716759e-03
5.533252e+01	2.713865e-03
5.543252e+01	2.711032e-03
5.553252e+01	2.703144e-03
5.563252e+01	2.696839e-03
5.573252e+01	2.697906e-03
5.583252e+01	2.709394e-03
5.593252e+01	2.728592e-03
5.603252e+01	2.744577e-03
5.613252e+01	2.755636e-03
5.623252e+01	2.775880e-03
5.633252e+01	2.816012e-03
5.643252e+01	2.883808e-03
5.653252e+01	2.987194e-03
5.663252e+01	3.122172e-03
5.673252e+01	3.257308e-03
5.683252e+01	3.349933e-03
5.693252e+01	3.389862e-03
5.703252e+01	3.383371e-03
5.713252e+01	3.360245e-03
5.723252e+01	3.387799e-03
5.733252e+01	3.500079e-03
5.743252e+01	3.717705e-03
5.753252e+01	4.062577e-03
5.763252e+01	4.513855e-03
5.773252e+01	4.958069e-03
5.783252e+01	5.339014e-03
5.793252e+01	5.750338e-03
5.803252e+01	6.152273e-03
5.813252e+01	6.368855e-03
5.823252e+01	6.412236e-03
5.833252e+01	6.437381e-03
5.843252e+01	6.616982e-03
5.853252e+01	7.079282e-03
5.863252e+01	7.713238e-03
5.873252e+01	8.108862e-03
5.883252e+01	8.407735e-03
5.893252e+01	9.220781e-03
5.903252e+01	1.094726e-02
5.913252e+01	1.381784e-02
5.923252e+01	1.741954e-02
5.933252e+01	2.015016e-02
5.943252e+01	2.171729e-02
5.953252e+01	2.367414e-02
5.963252e+01	2.700708e-02
5.973252e+01	2.983562e-02
5.983252e+01	2.816969e-02
5.993252e+01	2.315070e-02
6.003252e+01	1.845453e-02
6.013252e+01	1.564279e-02
6.023252e+01	1.421049e-02
6.033252e+01	1.261902e-02
6.043252e+01	1.044636e-02
6.053252e+01	8.555114e-03
6.063252e+01	7.290594e-03
6.073252e+01	6.428645e-03
6.083252e+01	5.706639e-03
6.093252e+01	5.099820e-03
6.103252e+01	4.636772e-03
6.113252e+01	4.329198e-03
6.123252e+01	4.154108e-03
6.133252e+01	4.078779e-03
6.143252e+01	4.074844e-03
6.153252e+01	4.144904e-03
6.163252e+01	4.358857e-03
6.173252e+01	4.812780e-03
6.183252e+01	5.600764e-03
6.193252e+01	6.615116e-03
6.203252e+01	7.180092e-03
6.213252e+01	6.828999e-03
6.223252e+01	6.090759e-03
6.233252e+01	5.296447e-03
6.243252e+01	4.640161e-03
6.253252e+01	4.241493e-03
6.263252e+01	4.075072e-03
6.273252e+01	4.098545e-03
6.283252e+01	4.304212e-03
6.293252e+01	4.728481e-03
6.303252e+01	5.465578e-03
6.313252e+01	6.696683e-03
6.323252e+01	8.710518e-03
6.333252e+01	1.171758e-02
6.343252e+01	1.483086e-02
