#RPA-results:
#Nucleus: Ni 80
#Fermi level: -1.541935e+00	-1.810941e+01
#Excitation: 1 +
#Total number of pairs: 494
#Number of ph-/ah-pairs: 494/0
#Maximal excitation-energy for particle-hole-pairs: 100
#Maximal excitation-energy for antiparticle-hole-pairs: 1000
#No imaginary eigenvalues

#Parameterset: DD-PC1
#natural parity: no
#Isoscalar result:

#width: 5.000000e-01
#maximum value: 1.271362e-02
#at energy: 6.343252e+01
-9.656748e+01	4.965593e-04
-9.646748e+01	4.975177e-04
-9.636748e+01	4.984790e-04
-9.626748e+01	4.994431e-04
-9.616748e+01	5.004100e-04
-9.606748e+01	5.013797e-04
-9.596748e+01	5.023522e-04
-9.586748e+01	5.033275e-04
-9.576748e+01	5.043058e-04
-9.566748e+01	5.052868e-04
-9.556748e+01	5.062708e-04
-9.546748e+01	5.072576e-04
-9.536748e+01	5.082473e-04
-9.526748e+01	5.092399e-04
-9.516748e+01	5.102355e-04
-9.506748e+01	5.112340e-04
-9.496748e+01	5.122354e-04
-9.486748e+01	5.132397e-04
-9.476748e+01	5.142471e-04
-9.466748e+01	5.152574e-04
-9.456748e+01	5.162706e-04
-9.446748e+01	5.172869e-04
-9.436748e+01	5.183062e-04
-9.426748e+01	5.193285e-04
-9.416748e+01	5.203539e-04
-9.406748e+01	5.213823e-04
-9.396748e+01	5.224138e-04
-9.386748e+01	5.234483e-04
-9.376748e+01	5.244859e-04
-9.366748e+01	5.255266e-04
-9.356748e+01	5.265704e-04
-9.346748e+01	5.276174e-04
-9.336748e+01	5.286674e-04
-9.326748e+01	5.297206e-04
-9.316748e+01	5.307770e-04
-9.306748e+01	5.318366e-04
-9.296748e+01	5.328993e-04
-9.286748e+01	5.339652e-04
-9.276748e+01	5.350343e-04
-9.266748e+01	5.361067e-04
-9.256748e+01	5.371823e-04
-9.246748e+01	5.382611e-04
-9.236748e+01	5.393432e-04
-9.226748e+01	5.404286e-04
-9.216748e+01	5.415172e-04
-9.206748e+01	5.426092e-04
-9.196748e+01	5.437044e-04
-9.186748e+01	5.448030e-04
-9.176748e+01	5.459050e-04
-9.166748e+01	5.470103e-04
-9.156748e+01	5.481189e-04
-9.146748e+01	5.492310e-04
-9.136748e+01	5.503464e-04
-9.126748e+01	5.514652e-04
-9.116748e+01	5.525875e-04
-9.106748e+01	5.537132e-04
-9.096748e+01	5.548424e-04
-9.086748e+01	5.559750e-04
-9.076748e+01	5.571111e-04
-9.066748e+01	5.582507e-04
-9.056748e+01	5.593938e-04
-9.046748e+01	5.605405e-04
-9.036748e+01	5.616906e-04
-9.026748e+01	5.628443e-04
-9.016748e+01	5.640016e-04
-9.006748e+01	5.651625e-04
-8.996748e+01	5.663270e-04
-8.986748e+01	5.674950e-04
-8.976748e+01	5.686667e-04
-8.966748e+01	5.698421e-04
-8.956748e+01	5.710211e-04
-8.946748e+01	5.722038e-04
-8.936748e+01	5.733901e-04
-8.926748e+01	5.745802e-04
-8.916748e+01	5.757740e-04
-8.906748e+01	5.769715e-04
-8.896748e+01	5.781727e-04
-8.886748e+01	5.793778e-04
-8.876748e+01	5.805866e-04
-8.866748e+01	5.817992e-04
-8.856748e+01	5.830156e-04
-8.846748e+01	5.842359e-04
-8.836748e+01	5.854600e-04
-8.826748e+01	5.866879e-04
-8.816748e+01	5.879197e-04
-8.806748e+01	5.891555e-04
-8.796748e+01	5.903951e-04
-8.786748e+01	5.916386e-04
-8.776748e+01	5.928862e-04
-8.766748e+01	5.941376e-04
-8.756748e+01	5.953931e-04
-8.746748e+01	5.966525e-04
-8.736748e+01	5.979159e-04
-8.726748e+01	5.991834e-04
-8.716748e+01	6.004549e-04
-8.706748e+01	6.017305e-04
-8.696748e+01	6.030102e-04
-8.686748e+01	6.042939e-04
-8.676748e+01	6.055818e-04
-8.666748e+01	6.068738e-04
-8.656748e+01	6.081699e-04
-8.646748e+01	6.094703e-04
-8.636748e+01	6.107748e-04
-8.626748e+01	6.120835e-04
-8.616748e+01	6.133964e-04
-8.606748e+01	6.147136e-04
-8.596748e+01	6.160350e-04
-8.586748e+01	6.173607e-04
-8.576748e+01	6.186907e-04
-8.566748e+01	6.200250e-04
-8.556748e+01	6.213637e-04
-8.546748e+01	6.227067e-04
-8.536748e+01	6.240541e-04
-8.526748e+01	6.254058e-04
-8.516748e+01	6.267620e-04
-8.506748e+01	6.281226e-04
-8.496748e+01	6.294876e-04
-8.486748e+01	6.308571e-04
-8.476748e+01	6.322311e-04
-8.466748e+01	6.336096e-04
-8.456748e+01	6.349927e-04
-8.446748e+01	6.363803e-04
-8.436748e+01	6.377724e-04
-8.426748e+01	6.391691e-04
-8.416748e+01	6.405705e-04
-8.406748e+01	6.419764e-04
-8.396748e+01	6.433870e-04
-8.386748e+01	6.448023e-04
-8.376748e+01	6.462223e-04
-8.366748e+01	6.476469e-04
-8.356748e+01	6.490763e-04
-8.346748e+01	6.505105e-04
-8.336748e+01	6.519494e-04
-8.326748e+01	6.533931e-04
-8.316748e+01	6.548417e-04
-8.306748e+01	6.562950e-04
-8.296748e+01	6.577533e-04
-8.286748e+01	6.592164e-04
-8.276748e+01	6.606844e-04
-8.266748e+01	6.621573e-04
-8.256748e+01	6.636352e-04
-8.246748e+01	6.651180e-04
-8.236748e+01	6.666058e-04
-8.226748e+01	6.680987e-04
-8.216748e+01	6.695966e-04
-8.206748e+01	6.710995e-04
-8.196748e+01	6.726075e-04
-8.186748e+01	6.741206e-04
-8.176748e+01	6.756389e-04
-8.166748e+01	6.771623e-04
-8.156748e+01	6.786909e-04
-8.146748e+01	6.802246e-04
-8.136748e+01	6.817636e-04
-8.126748e+01	6.833079e-04
-8.116748e+01	6.848574e-04
-8.106748e+01	6.864122e-04
-8.096748e+01	6.879723e-04
-8.086748e+01	6.895377e-04
-8.076748e+01	6.911085e-04
-8.066748e+01	6.926847e-04
-8.056748e+01	6.942664e-04
-8.046748e+01	6.958534e-04
-8.036748e+01	6.974459e-04
-8.026748e+01	6.990440e-04
-8.016748e+01	7.006475e-04
-8.006748e+01	7.022566e-04
-7.996748e+01	7.038712e-04
-7.986748e+01	7.054914e-04
-7.976748e+01	7.071173e-04
-7.966748e+01	7.087488e-04
-7.956748e+01	7.103859e-04
-7.946748e+01	7.120288e-04
-7.936748e+01	7.136774e-04
-7.926748e+01	7.153317e-04
-7.916748e+01	7.169918e-04
-7.906748e+01	7.186577e-04
-7.896748e+01	7.203295e-04
-7.886748e+01	7.220071e-04
-7.876748e+01	7.236906e-04
-7.866748e+01	7.253800e-04
-7.856748e+01	7.270753e-04
-7.846748e+01	7.287766e-04
-7.836748e+01	7.304840e-04
-7.826748e+01	7.321973e-04
-7.816748e+01	7.339167e-04
-7.806748e+01	7.356422e-04
-7.796748e+01	7.373738e-04
-7.786748e+01	7.391115e-04
-7.776748e+01	7.408554e-04
-7.766748e+01	7.426055e-04
-7.756748e+01	7.443618e-04
-7.746748e+01	7.461244e-04
-7.736748e+01	7.478933e-04
-7.726748e+01	7.496685e-04
-7.716748e+01	7.514500e-04
-7.706748e+01	7.532379e-04
-7.696748e+01	7.550322e-04
-7.686748e+01	7.568330e-04
-7.676748e+01	7.586403e-04
-7.666748e+01	7.604540e-04
-7.656748e+01	7.622743e-04
-7.646748e+01	7.641011e-04
-7.636748e+01	7.659346e-04
-7.626748e+01	7.677746e-04
-7.616748e+01	7.696214e-04
-7.606748e+01	7.714748e-04
-7.596748e+01	7.733349e-04
-7.586748e+01	7.752019e-04
-7.576748e+01	7.770756e-04
-7.566748e+01	7.789561e-04
-7.556748e+01	7.808435e-04
-7.546748e+01	7.827377e-04
-7.536748e+01	7.846389e-04
-7.526748e+01	7.865471e-04
-7.516748e+01	7.884623e-04
-7.506748e+01	7.903844e-04
-7.496748e+01	7.923137e-04
-7.486748e+01	7.942500e-04
-7.476748e+01	7.961935e-04
-7.466748e+01	7.981441e-04
-7.456748e+01	8.001020e-04
-7.446748e+01	8.020671e-04
-7.436748e+01	8.040394e-04
-7.426748e+01	8.060191e-04
-7.416748e+01	8.080061e-04
-7.406748e+01	8.100005e-04
-7.396748e+01	8.120023e-04
-7.386748e+01	8.140116e-04
-7.376748e+01	8.160283e-04
-7.366748e+01	8.180526e-04
-7.356748e+01	8.200845e-04
-7.346748e+01	8.221240e-04
-7.336748e+01	8.241711e-04
-7.326748e+01	8.262259e-04
-7.316748e+01	8.282884e-04
-7.306748e+01	8.303587e-04
-7.296748e+01	8.324368e-04
-7.286748e+01	8.345227e-04
-7.276748e+01	8.366165e-04
-7.266748e+01	8.387182e-04
-7.256748e+01	8.408279e-04
-7.246748e+01	8.429456e-04
-7.236748e+01	8.450713e-04
-7.226748e+01	8.472051e-04
-7.216748e+01	8.493471e-04
-7.206748e+01	8.514972e-04
-7.196748e+01	8.536555e-04
-7.186748e+01	8.558220e-04
-7.176748e+01	8.579968e-04
-7.166748e+01	8.601800e-04
-7.156748e+01	8.623715e-04
-7.146748e+01	8.645715e-04
-7.136748e+01	8.667799e-04
-7.126748e+01	8.689968e-04
-7.116748e+01	8.712223e-04
-7.106748e+01	8.734564e-04
-7.096748e+01	8.756991e-04
-7.086748e+01	8.779505e-04
-7.076748e+01	8.802106e-04
-7.066748e+01	8.824795e-04
-7.056748e+01	8.847572e-04
-7.046748e+01	8.870438e-04
-7.036748e+01	8.893393e-04
-7.026748e+01	8.916437e-04
-7.016748e+01	8.939571e-04
-7.006748e+01	8.962796e-04
-6.996748e+01	8.986112e-04
-6.986748e+01	9.009520e-04
-6.976748e+01	9.033019e-04
-6.966748e+01	9.056611e-04
-6.956748e+01	9.080296e-04
-6.946748e+01	9.104074e-04
-6.936748e+01	9.127946e-04
-6.926748e+01	9.151912e-04
-6.916748e+01	9.175974e-04
-6.906748e+01	9.200130e-04
-6.896748e+01	9.224383e-04
-6.886748e+01	9.248732e-04
-6.876748e+01	9.273178e-04
-6.866748e+01	9.297722e-04
-6.856748e+01	9.322363e-04
-6.846748e+01	9.347103e-04
-6.836748e+01	9.371942e-04
-6.826748e+01	9.396881e-04
-6.816748e+01	9.421919e-04
-6.806748e+01	9.447058e-04
-6.796748e+01	9.472299e-04
-6.786748e+01	9.497641e-04
-6.776748e+01	9.523085e-04
-6.766748e+01	9.548633e-04
-6.756748e+01	9.574283e-04
-6.746748e+01	9.600038e-04
-6.736748e+01	9.625897e-04
-6.726748e+01	9.651861e-04
-6.716748e+01	9.677931e-04
-6.706748e+01	9.704107e-04
-6.696748e+01	9.730390e-04
-6.686748e+01	9.756780e-04
-6.676748e+01	9.783278e-04
-6.666748e+01	9.809885e-04
-6.656748e+01	9.836601e-04
-6.646748e+01	9.863427e-04
-6.636748e+01	9.890363e-04
-6.626748e+01	9.917410e-04
-6.616748e+01	9.944569e-04
-6.606748e+01	9.971840e-04
-6.596748e+01	9.999224e-04
-6.586748e+01	1.002672e-03
-6.576748e+01	1.005433e-03
-6.566748e+01	1.008206e-03
-6.556748e+01	1.010990e-03
-6.546748e+01	1.013786e-03
-6.536748e+01	1.016593e-03
-6.526748e+01	1.019412e-03
-6.516748e+01	1.022243e-03
-6.506748e+01	1.025086e-03
-6.496748e+01	1.027941e-03
-6.486748e+01	1.030807e-03
-6.476748e+01	1.033686e-03
-6.466748e+01	1.036577e-03
-6.456748e+01	1.039480e-03
-6.446748e+01	1.042396e-03
-6.436748e+01	1.045323e-03
-6.426748e+01	1.048264e-03
-6.416748e+01	1.051216e-03
-6.406748e+01	1.054181e-03
-6.396748e+01	1.057159e-03
-6.386748e+01	1.060150e-03
-6.376748e+01	1.063153e-03
-6.366748e+01	1.066169e-03
-6.356748e+01	1.069198e-03
-6.346748e+01	1.072240e-03
-6.336748e+01	1.075295e-03
-6.326748e+01	1.078364e-03
-6.316748e+01	1.081445e-03
-6.306748e+01	1.084540e-03
-6.296748e+01	1.087648e-03
-6.286748e+01	1.090769e-03
-6.276748e+01	1.093904e-03
-6.266748e+01	1.097053e-03
-6.256748e+01	1.100216e-03
-6.246748e+01	1.103392e-03
-6.236748e+01	1.106582e-03
-6.226748e+01	1.109785e-03
-6.216748e+01	1.113003e-03
-6.206748e+01	1.116235e-03
-6.196748e+01	1.119482e-03
-6.186748e+01	1.122742e-03
-6.176748e+01	1.126017e-03
-6.166748e+01	1.129306e-03
-6.156748e+01	1.132610e-03
-6.146748e+01	1.135928e-03
-6.136748e+01	1.139261e-03
-6.126748e+01	1.142608e-03
-6.116748e+01	1.145971e-03
-6.106748e+01	1.149349e-03
-6.096748e+01	1.152741e-03
-6.086748e+01	1.156149e-03
-6.076748e+01	1.159572e-03
-6.066748e+01	1.163010e-03
-6.056748e+01	1.166463e-03
-6.046748e+01	1.169933e-03
-6.036748e+01	1.173417e-03
-6.026748e+01	1.176918e-03
-6.016748e+01	1.180434e-03
-6.006748e+01	1.183966e-03
-5.996748e+01	1.187514e-03
-5.986748e+01	1.191078e-03
-5.976748e+01	1.194658e-03
-5.966748e+01	1.198254e-03
-5.956748e+01	1.201867e-03
-5.946748e+01	1.205496e-03
-5.936748e+01	1.209142e-03
-5.926748e+01	1.212804e-03
-5.916748e+01	1.216484e-03
-5.906748e+01	1.220180e-03
-5.896748e+01	1.223893e-03
-5.886748e+01	1.227623e-03
-5.876748e+01	1.231370e-03
-5.866748e+01	1.235135e-03
-5.856748e+01	1.238917e-03
-5.846748e+01	1.242716e-03
-5.836748e+01	1.246533e-03
-5.826748e+01	1.250368e-03
-5.816748e+01	1.254220e-03
-5.806748e+01	1.258091e-03
-5.796748e+01	1.261979e-03
-5.786748e+01	1.265886e-03
-5.776748e+01	1.269811e-03
-5.766748e+01	1.273755e-03
-5.756748e+01	1.277717e-03
-5.746748e+01	1.281697e-03
-5.736748e+01	1.285696e-03
-5.726748e+01	1.289714e-03
-5.716748e+01	1.293752e-03
-5.706748e+01	1.297808e-03
-5.696748e+01	1.301883e-03
-5.686748e+01	1.305978e-03
-5.676748e+01	1.310092e-03
-5.666748e+01	1.314226e-03
-5.656748e+01	1.318380e-03
-5.646748e+01	1.322553e-03
-5.636748e+01	1.326747e-03
-5.626748e+01	1.330960e-03
-5.616748e+01	1.335194e-03
-5.606748e+01	1.339448e-03
-5.596748e+01	1.343722e-03
-5.586748e+01	1.348018e-03
-5.576748e+01	1.352334e-03
-5.566748e+01	1.356670e-03
-5.556748e+01	1.361028e-03
-5.546748e+01	1.365407e-03
-5.536748e+01	1.369808e-03
-5.526748e+01	1.374229e-03
-5.516748e+01	1.378673e-03
-5.506748e+01	1.383138e-03
-5.496748e+01	1.387625e-03
-5.486748e+01	1.392134e-03
-5.476748e+01	1.396665e-03
-5.466748e+01	1.401218e-03
-5.456748e+01	1.405794e-03
-5.446748e+01	1.410393e-03
-5.436748e+01	1.415014e-03
-5.426748e+01	1.419658e-03
-5.416748e+01	1.424325e-03
-5.406748e+01	1.429016e-03
-5.396748e+01	1.433730e-03
-5.386748e+01	1.438467e-03
-5.376748e+01	1.443228e-03
-5.366748e+01	1.448013e-03
-5.356748e+01	1.452822e-03
-5.346748e+01	1.457655e-03
-5.336748e+01	1.462512e-03
-5.326748e+01	1.467394e-03
-5.316748e+01	1.472300e-03
-5.306748e+01	1.477232e-03
-5.296748e+01	1.482188e-03
-5.286748e+01	1.487169e-03
-5.276748e+01	1.492176e-03
-5.266748e+01	1.497208e-03
-5.256748e+01	1.502266e-03
-5.246748e+01	1.507350e-03
-5.236748e+01	1.512460e-03
-5.226748e+01	1.517596e-03
-5.216748e+01	1.522759e-03
-5.206748e+01	1.527948e-03
-5.196748e+01	1.533163e-03
-5.186748e+01	1.538406e-03
-5.176748e+01	1.543676e-03
-5.166748e+01	1.548973e-03
-5.156748e+01	1.554298e-03
-5.146748e+01	1.559651e-03
-5.136748e+01	1.565031e-03
-5.126748e+01	1.570439e-03
-5.116748e+01	1.575876e-03
-5.106748e+01	1.581342e-03
-5.096748e+01	1.586836e-03
-5.086748e+01	1.592358e-03
-5.076748e+01	1.597910e-03
-5.066748e+01	1.603492e-03
-5.056748e+01	1.609103e-03
-5.046748e+01	1.614743e-03
-5.036748e+01	1.620414e-03
-5.026748e+01	1.626114e-03
-5.016748e+01	1.631845e-03
-5.006748e+01	1.637607e-03
-4.996748e+01	1.643399e-03
-4.986748e+01	1.649223e-03
-4.976748e+01	1.655078e-03
-4.966748e+01	1.660964e-03
-4.956748e+01	1.666882e-03
-4.946748e+01	1.672832e-03
-4.936748e+01	1.678814e-03
-4.926748e+01	1.684828e-03
-4.916748e+01	1.690875e-03
-4.906748e+01	1.696955e-03
-4.896748e+01	1.703068e-03
-4.886748e+01	1.709215e-03
-4.876748e+01	1.715395e-03
-4.866748e+01	1.721609e-03
-4.856748e+01	1.727857e-03
-4.846748e+01	1.734139e-03
-4.836748e+01	1.740457e-03
-4.826748e+01	1.746809e-03
-4.816748e+01	1.753196e-03
-4.806748e+01	1.759618e-03
-4.796748e+01	1.766076e-03
-4.786748e+01	1.772570e-03
-4.776748e+01	1.779101e-03
-4.766748e+01	1.785667e-03
-4.756748e+01	1.792271e-03
-4.746748e+01	1.798911e-03
-4.736748e+01	1.805589e-03
-4.726748e+01	1.812305e-03
-4.716748e+01	1.819058e-03
-4.706748e+01	1.825850e-03
-4.696748e+01	1.832680e-03
-4.686748e+01	1.839548e-03
-4.676748e+01	1.846456e-03
-4.666748e+01	1.853403e-03
-4.656748e+01	1.860390e-03
-4.646748e+01	1.867416e-03
-4.636748e+01	1.874483e-03
-4.626748e+01	1.881591e-03
-4.616748e+01	1.888739e-03
-4.606748e+01	1.895929e-03
-4.596748e+01	1.903160e-03
-4.586748e+01	1.910433e-03
-4.576748e+01	1.917748e-03
-4.566748e+01	1.925106e-03
-4.556748e+01	1.932506e-03
-4.546748e+01	1.939950e-03
-4.536748e+01	1.947437e-03
-4.526748e+01	1.954968e-03
-4.516748e+01	1.962543e-03
-4.506748e+01	1.970163e-03
-4.496748e+01	1.977827e-03
-4.486748e+01	1.985537e-03
-4.476748e+01	1.993293e-03
-4.466748e+01	2.001095e-03
-4.456748e+01	2.008942e-03
-4.446748e+01	2.016837e-03
-4.436748e+01	2.024779e-03
-4.426748e+01	2.032768e-03
-4.416748e+01	2.040805e-03
-4.406748e+01	2.048891e-03
-4.396748e+01	2.057025e-03
-4.386748e+01	2.065208e-03
-4.376748e+01	2.073440e-03
-4.366748e+01	2.081723e-03
-4.356748e+01	2.090055e-03
-4.346748e+01	2.098439e-03
-4.336748e+01	2.106873e-03
-4.326748e+01	2.115359e-03
-4.316748e+01	2.123897e-03
-4.306748e+01	2.132487e-03
-4.296748e+01	2.141130e-03
-4.286748e+01	2.149827e-03
-4.276748e+01	2.158576e-03
-4.266748e+01	2.167381e-03
-4.256748e+01	2.176239e-03
-4.246748e+01	2.185153e-03
-4.236748e+01	2.194122e-03
-4.226748e+01	2.203147e-03
-4.216748e+01	2.212229e-03
-4.206748e+01	2.221367e-03
-4.196748e+01	2.230563e-03
-4.186748e+01	2.239817e-03
-4.176748e+01	2.249129e-03
-4.166748e+01	2.258501e-03
-4.156748e+01	2.267931e-03
-4.146748e+01	2.277421e-03
-4.136748e+01	2.286972e-03
-4.126748e+01	2.296584e-03
-4.116748e+01	2.306257e-03
-4.106748e+01	2.315992e-03
-4.096748e+01	2.325790e-03
-4.086748e+01	2.335651e-03
-4.076748e+01	2.345575e-03
-4.066748e+01	2.355564e-03
-4.056748e+01	2.365617e-03
-4.046748e+01	2.375736e-03
-4.036748e+01	2.385921e-03
-4.026748e+01	2.396172e-03
-4.016748e+01	2.406490e-03
-4.006748e+01	2.416875e-03
-3.996748e+01	2.427329e-03
-3.986748e+01	2.437852e-03
-3.976748e+01	2.448445e-03
-3.966748e+01	2.459107e-03
-3.956748e+01	2.469840e-03
-3.946748e+01	2.480645e-03
-3.936748e+01	2.491521e-03
-3.926748e+01	2.502470e-03
-3.916748e+01	2.513493e-03
-3.906748e+01	2.524589e-03
-3.896748e+01	2.535761e-03
-3.886748e+01	2.547007e-03
-3.876748e+01	2.558329e-03
-3.866748e+01	2.569729e-03
-3.856748e+01	2.581205e-03
-3.846748e+01	2.592760e-03
-3.836748e+01	2.604394e-03
-3.826748e+01	2.616107e-03
-3.816748e+01	2.627901e-03
-3.806748e+01	2.639775e-03
-3.796748e+01	2.651732e-03
-3.786748e+01	2.663771e-03
-3.776748e+01	2.675894e-03
-3.766748e+01	2.688100e-03
-3.756748e+01	2.700392e-03
-3.746748e+01	2.712769e-03
-3.736748e+01	2.725233e-03
-3.726748e+01	2.737785e-03
-3.716748e+01	2.750424e-03
-3.706748e+01	2.763153e-03
-3.696748e+01	2.775972e-03
-3.686748e+01	2.788881e-03
-3.676748e+01	2.801882e-03
-3.666748e+01	2.814976e-03
-3.656748e+01	2.828163e-03
-3.646748e+01	2.841445e-03
-3.636748e+01	2.854821e-03
-3.626748e+01	2.868294e-03
-3.616748e+01	2.881865e-03
-3.606748e+01	2.895533e-03
-3.596748e+01	2.909300e-03
-3.586748e+01	2.923168e-03
-3.576748e+01	2.937136e-03
-3.566748e+01	2.951207e-03
-3.556748e+01	2.965380e-03
-3.546748e+01	2.979658e-03
-3.536748e+01	2.994040e-03
-3.526748e+01	3.008529e-03
-3.516748e+01	3.023126e-03
-3.506748e+01	3.037830e-03
-3.496748e+01	3.052644e-03
-3.486748e+01	3.067569e-03
-3.476748e+01	3.082605e-03
-3.466748e+01	3.097754e-03
-3.456748e+01	3.113017e-03
-3.446748e+01	3.128395e-03
-3.436748e+01	3.143889e-03
-3.426748e+01	3.159501e-03
-3.416748e+01	3.175232e-03
-3.406748e+01	3.191082e-03
-3.396748e+01	3.207054e-03
-3.386748e+01	3.223148e-03
-3.376748e+01	3.239366e-03
-3.366748e+01	3.255710e-03
-3.356748e+01	3.272179e-03
-3.346748e+01	3.288776e-03
-3.336748e+01	3.305503e-03
-3.326748e+01	3.322359e-03
-3.316748e+01	3.339348e-03
-3.306748e+01	3.356470e-03
-3.296748e+01	3.373726e-03
-3.286748e+01	3.391119e-03
-3.276748e+01	3.408649e-03
-3.266748e+01	3.426318e-03
-3.256748e+01	3.444128e-03
-3.246748e+01	3.462080e-03
-3.236748e+01	3.480176e-03
-3.226748e+01	3.498417e-03
-3.216748e+01	3.516805e-03
-3.206748e+01	3.535341e-03
-3.196748e+01	3.554027e-03
-3.186748e+01	3.572865e-03
-3.176748e+01	3.591857e-03
-3.166748e+01	3.611004e-03
-3.156748e+01	3.630307e-03
-3.146748e+01	3.649770e-03
-3.136748e+01	3.669393e-03
-3.126748e+01	3.689178e-03
-3.116748e+01	3.709127e-03
-3.106748e+01	3.729242e-03
-3.096748e+01	3.749525e-03
-3.086748e+01	3.769978e-03
-3.076748e+01	3.790603e-03
-3.066748e+01	3.811402e-03
-3.056748e+01	3.832376e-03
-3.046748e+01	3.853528e-03
-3.036748e+01	3.874860e-03
-3.026748e+01	3.896374e-03
-3.016748e+01	3.918072e-03
-3.006748e+01	3.939957e-03
-2.996748e+01	3.962030e-03
-2.986748e+01	3.984293e-03
-2.976748e+01	4.006750e-03
-2.966748e+01	4.029402e-03
-2.956748e+01	4.052251e-03
-2.946748e+01	4.075301e-03
-2.936748e+01	4.098553e-03
-2.926748e+01	4.122010e-03
-2.916748e+01	4.145674e-03
-2.906748e+01	4.169549e-03
-2.896748e+01	4.193635e-03
-2.886748e+01	4.217937e-03
-2.876748e+01	4.242457e-03
-2.866748e+01	4.267197e-03
-2.856748e+01	4.292160e-03
-2.846748e+01	4.317349e-03
-2.836748e+01	4.342767e-03
-2.826748e+01	4.368417e-03
-2.816748e+01	4.394301e-03
-2.806748e+01	4.420423e-03
-2.796748e+01	4.446785e-03
-2.786748e+01	4.473391e-03
-2.776748e+01	4.500244e-03
-2.766748e+01	4.527346e-03
-2.756748e+01	4.554702e-03
-2.746748e+01	4.582315e-03
-2.736748e+01	4.610187e-03
-2.726748e+01	4.638322e-03
-2.716748e+01	4.666724e-03
-2.706748e+01	4.695396e-03
-2.696748e+01	4.724342e-03
-2.686748e+01	4.753565e-03
-2.676748e+01	4.783069e-03
-2.666748e+01	4.812858e-03
-2.656748e+01	4.842935e-03
-2.646748e+01	4.873305e-03
-2.636748e+01	4.903972e-03
-2.626748e+01	4.934939e-03
-2.616748e+01	4.966210e-03
-2.606748e+01	4.997791e-03
-2.596748e+01	5.029684e-03
-2.586748e+01	5.061895e-03
-2.576748e+01	5.094427e-03
-2.566748e+01	5.127286e-03
-2.556748e+01	5.160476e-03
-2.546748e+01	5.194001e-03
-2.536748e+01	5.227867e-03
-2.526748e+01	5.262078e-03
-2.516748e+01	5.296638e-03
-2.506748e+01	5.331554e-03
-2.496748e+01	5.366830e-03
-2.486748e+01	5.402471e-03
-2.476748e+01	5.438483e-03
-2.466748e+01	5.474871e-03
-2.456748e+01	5.511641e-03
-2.446748e+01	5.548798e-03
-2.436748e+01	5.586348e-03
-2.426748e+01	5.624296e-03
-2.416748e+01	5.662650e-03
-2.406748e+01	5.701414e-03
-2.396748e+01	5.740596e-03
-2.386748e+01	5.780201e-03
-2.376748e+01	5.820236e-03
-2.366748e+01	5.860707e-03
-2.356748e+01	5.901622e-03
-2.346748e+01	5.942986e-03
-2.336748e+01	5.984808e-03
-2.326748e+01	6.027094e-03
-2.316748e+01	6.069852e-03
-2.306748e+01	6.113088e-03
-2.296748e+01	6.156811e-03
-2.286748e+01	6.201029e-03
-2.276748e+01	6.245749e-03
-2.266748e+01	6.290980e-03
-2.256748e+01	6.336729e-03
-2.246748e+01	6.383006e-03
-2.236748e+01	6.429818e-03
-2.226748e+01	6.477176e-03
-2.216748e+01	6.525087e-03
-2.206748e+01	6.573561e-03
-2.196748e+01	6.622608e-03
-2.186748e+01	6.672238e-03
-2.176748e+01	6.722459e-03
-2.166748e+01	6.773283e-03
-2.156748e+01	6.824720e-03
-2.146748e+01	6.876780e-03
-2.136748e+01	6.929474e-03
-2.126748e+01	6.982814e-03
-2.116748e+01	7.036811e-03
-2.106748e+01	7.091476e-03
-2.096748e+01	7.146821e-03
-2.086748e+01	7.202860e-03
-2.076748e+01	7.259603e-03
-2.066748e+01	7.317065e-03
-2.056748e+01	7.375258e-03
-2.046748e+01	7.434196e-03
-2.036748e+01	7.493892e-03
-2.026748e+01	7.554362e-03
-2.016748e+01	7.615619e-03
-2.006748e+01	7.677679e-03
-1.996748e+01	7.740557e-03
-1.986748e+01	7.804269e-03
-1.976748e+01	7.868831e-03
-1.966748e+01	7.934260e-03
-1.956748e+01	8.000572e-03
-1.946748e+01	8.067786e-03
-1.936748e+01	8.135919e-03
-1.926748e+01	8.204991e-03
-1.916748e+01	8.275019e-03
-1.906748e+01	8.346025e-03
-1.896748e+01	8.418028e-03
-1.886748e+01	8.491048e-03
-1.876748e+01	8.565109e-03
-1.866748e+01	8.640230e-03
-1.856748e+01	8.716436e-03
-1.846748e+01	8.793750e-03
-1.836748e+01	8.872196e-03
-1.826748e+01	8.951799e-03
-1.816748e+01	9.032584e-03
-1.806748e+01	9.114578e-03
-1.796748e+01	9.197809e-03
-1.786748e+01	9.282305e-03
-1.776748e+01	9.368094e-03
-1.766748e+01	9.455208e-03
-1.756748e+01	9.543677e-03
-1.746748e+01	9.633534e-03
-1.736748e+01	9.724812e-03
-1.726748e+01	9.817546e-03
-1.716748e+01	9.911770e-03
-1.706748e+01	1.000752e-02
-1.696748e+01	1.010484e-02
-1.686748e+01	1.020377e-02
-1.676748e+01	1.030435e-02
-1.666748e+01	1.040661e-02
-1.656748e+01	1.051061e-02
-1.646748e+01	1.061639e-02
-1.636748e+01	1.072401e-02
-1.626748e+01	1.083350e-02
-1.616748e+01	1.094492e-02
-1.606748e+01	1.105833e-02
-1.596748e+01	1.117378e-02
-1.586748e+01	1.129133e-02
-1.576748e+01	1.141105e-02
-1.566748e+01	1.153299e-02
-1.556748e+01	1.165722e-02
-1.546748e+01	1.178382e-02
-1.536748e+01	1.191285e-02
-1.526748e+01	1.204440e-02
-1.516748e+01	1.217854e-02
-1.506748e+01	1.231536e-02
-1.496748e+01	1.245494e-02
-1.486748e+01	1.259738e-02
-1.476748e+01	1.274278e-02
-1.466748e+01	1.289123e-02
-1.456748e+01	1.304286e-02
-1.446748e+01	1.319776e-02
-1.436748e+01	1.335606e-02
-1.426748e+01	1.351789e-02
-1.416748e+01	1.368338e-02
-1.406748e+01	1.385267e-02
-1.396748e+01	1.402591e-02
-1.386748e+01	1.420327e-02
-1.376748e+01	1.438491e-02
-1.366748e+01	1.457101e-02
-1.356748e+01	1.476177e-02
-1.346748e+01	1.495738e-02
-1.336748e+01	1.515808e-02
-1.326748e+01	1.536408e-02
-1.316748e+01	1.557565e-02
-1.306748e+01	1.579305e-02
-1.296748e+01	1.601657e-02
-1.286748e+01	1.624652e-02
-1.276748e+01	1.648323e-02
-1.266748e+01	1.672707e-02
-1.256748e+01	1.697843e-02
-1.246748e+01	1.723774e-02
-1.236748e+01	1.750545e-02
-1.226748e+01	1.778207e-02
-1.216748e+01	1.806814e-02
-1.206748e+01	1.836427e-02
-1.196748e+01	1.867112e-02
-1.186748e+01	1.898939e-02
-1.176748e+01	1.931990e-02
-1.166748e+01	1.966352e-02
-1.156748e+01	2.002122e-02
-1.146748e+01	2.039408e-02
-1.136748e+01	2.078330e-02
-1.126748e+01	2.119024e-02
-1.116748e+01	2.161641e-02
-1.106748e+01	2.206349e-02
-1.096748e+01	2.253341e-02
-1.086748e+01	2.302834e-02
-1.076748e+01	2.355076e-02
-1.066748e+01	2.410348e-02
-1.056748e+01	2.468975e-02
-1.046748e+01	2.531332e-02
-1.036748e+01	2.597850e-02
-1.026748e+01	2.669034e-02
-1.016748e+01	2.745474e-02
-1.006748e+01	2.827865e-02
-9.967479e+00	2.917029e-02
-9.867479e+00	3.013949e-02
-9.767479e+00	3.119801e-02
-9.667479e+00	3.236011e-02
-9.567479e+00	3.364314e-02
-9.467479e+00	3.506845e-02
-9.367479e+00	3.666254e-02
-9.267479e+00	3.845860e-02
-9.167479e+00	4.049867e-02
-9.067479e+00	4.283668e-02
-8.967479e+00	4.554263e-02
-8.867479e+00	4.870872e-02
-8.767479e+00	5.245830e-02
-8.667479e+00	5.695928e-02
-8.567479e+00	6.244470e-02
-8.467479e+00	6.924493e-02
-8.367479e+00	7.783985e-02
-8.267479e+00	8.894541e-02
-8.167479e+00	1.036624e-01
-8.067479e+00	1.237404e-01
-7.967479e+00	1.520593e-01
-7.867479e+00	1.935266e-01
-7.767479e+00	2.567094e-01
-7.667479e+00	3.563502e-01
-7.567479e+00	5.140650e-01
-7.467479e+00	7.384965e-01
-7.367479e+00	9.395602e-01
-7.267479e+00	9.156497e-01
-7.167479e+00	6.973665e-01
-7.067479e+00	4.842341e-01
-6.967479e+00	3.399706e-01
-6.867479e+00	2.497274e-01
-6.767479e+00	1.927530e-01
-6.667479e+00	1.556102e-01
-6.567479e+00	1.305564e-01
-6.467479e+00	1.131472e-01
-6.367479e+00	1.007628e-01
-6.267479e+00	9.180594e-02
-6.167479e+00	8.527134e-02
-6.067479e+00	8.050930e-02
-5.967479e+00	7.709379e-02
-5.867479e+00	7.474809e-02
-5.767479e+00	7.330501e-02
-5.667479e+00	7.268756e-02
-5.567479e+00	7.289350e-02
-5.467479e+00	7.391903e-02
-5.367479e+00	7.536480e-02
-5.267479e+00	7.613515e-02
-5.167479e+00	7.609700e-02
-5.067479e+00	7.632833e-02
-4.967479e+00	7.730260e-02
-4.867479e+00	7.899719e-02
-4.767479e+00	8.134540e-02
-4.667479e+00	8.434018e-02
-4.567479e+00	8.802820e-02
-4.467479e+00	9.250624e-02
-4.367479e+00	9.798170e-02
-4.267479e+00	1.048125e-01
-4.167479e+00	1.135095e-01
-4.067479e+00	1.246775e-01
-3.967479e+00	1.384331e-01
-3.867479e+00	1.538519e-01
-3.767479e+00	1.720834e-01
-3.667479e+00	1.979639e-01
-3.567479e+00	2.373372e-01
-3.467479e+00	2.979821e-01
-3.367479e+00	3.893151e-01
-3.267479e+00	5.106334e-01
-3.167479e+00	6.248135e-01
-3.067479e+00	6.781691e-01
-2.967479e+00	6.846237e-01
-2.867479e+00	6.670736e-01
-2.767479e+00	6.284074e-01
-2.667479e+00	5.655728e-01
-2.567479e+00	5.005384e-01
-2.467479e+00	4.572123e-01
-2.367479e+00	4.455392e-01
-2.267479e+00	4.685642e-01
-2.167479e+00	5.094718e-01
-2.067479e+00	5.560664e-01
-1.967479e+00	6.255162e-01
-1.867479e+00	7.049268e-01
-1.767479e+00	7.726111e-01
-1.667479e+00	8.299619e-01
-1.567479e+00	8.058774e-01
-1.467479e+00	6.939176e-01
-1.367479e+00	5.929765e-01
-1.267479e+00	5.450355e-01
-1.167479e+00	5.487638e-01
-1.067479e+00	6.006151e-01
-9.674791e-01	6.946189e-01
-8.674791e-01	7.996588e-01
-7.674791e-01	8.924972e-01
-6.674791e-01	1.012503e+00
-5.674791e-01	1.133862e+00
-4.674791e-01	1.144807e+00
-3.674791e-01	1.090874e+00
-2.674791e-01	1.097550e+00
-1.674791e-01	1.171616e+00
-6.747911e-02	1.214935e+00
3.252089e-02	1.194765e+00
1.325209e-01	1.203946e+00
2.325209e-01	1.299531e+00
3.325209e-01	1.498963e+00
4.325209e-01	1.822557e+00
5.325209e-01	2.307531e+00
6.325209e-01	3.043817e+00
7.325209e-01	4.220285e+00
8.325209e-01	6.118434e+00
9.325209e-01	8.926999e+00
1.032521e+00	1.178102e+01
1.132521e+00	1.205568e+01
1.232521e+00	9.420653e+00
1.332521e+00	6.527275e+00
1.432521e+00	4.527406e+00
1.532521e+00	3.285412e+00
1.632521e+00	2.480880e+00
1.732521e+00	1.922008e+00
1.832521e+00	1.537325e+00
1.932521e+00	1.280475e+00
2.032521e+00	1.116054e+00
2.132521e+00	1.024058e+00
2.232521e+00	9.957152e-01
2.332521e+00	1.019975e+00
2.432521e+00	1.075266e+00
2.532521e+00	1.176075e+00
2.632521e+00	1.346464e+00
2.732521e+00	1.462183e+00
2.832521e+00	1.332488e+00
2.932521e+00	1.069106e+00
3.032521e+00	8.563247e-01
3.132521e+00	7.263573e-01
3.232521e+00	6.485948e-01
3.332521e+00	5.909347e-01
3.432521e+00	5.482442e-01
3.532521e+00	5.219128e-01
3.632521e+00	5.099263e-01
3.732521e+00	5.165535e-01
3.832521e+00	5.471060e-01
3.932521e+00	6.088938e-01
4.032521e+00	7.163783e-01
4.132521e+00	8.963605e-01
4.232521e+00	1.189372e+00
4.332521e+00	1.612877e+00
4.432521e+00	1.999106e+00
4.532521e+00	1.960627e+00
4.632521e+00	1.544366e+00
4.732521e+00	1.134053e+00
4.832521e+00	8.565153e-01
4.932521e+00	6.842887e-01
5.032521e+00	5.773914e-01
5.132521e+00	5.098078e-01
5.232521e+00	4.665453e-01
5.332521e+00	4.390164e-01
5.432521e+00	4.221821e-01
5.532521e+00	4.129963e-01
5.632521e+00	4.095698e-01
5.732521e+00	4.107103e-01
5.832521e+00	4.156639e-01
5.932521e+00	4.239643e-01
6.032521e+00	4.353432e-01
6.132521e+00	4.496770e-01
6.232521e+00	4.669542e-01
6.332521e+00	4.872571e-01
6.432521e+00	5.107532e-01
6.532521e+00	5.376925e-01
6.632521e+00	5.684113e-01
6.732521e+00	6.033409e-01
6.832521e+00	6.430213e-01
6.932521e+00	6.881218e-01
7.032521e+00	7.394680e-01
7.132521e+00	7.980794e-01
7.232521e+00	8.652189e-01
7.332521e+00	9.424597e-01
7.432521e+00	1.031776e+00
7.532521e+00	1.135666e+00
7.632521e+00	1.257325e+00
7.732521e+00	1.400887e+00
7.832521e+00	1.571767e+00
7.932521e+00	1.777162e+00
8.032521e+00	2.026796e+00
8.132521e+00	2.334038e+00
8.232521e+00	2.717650e+00
8.332521e+00	3.204555e+00
8.432521e+00	3.834381e+00
8.532521e+00	4.667135e+00
8.632521e+00	5.796581e+00
8.732521e+00	7.374351e+00
8.832521e+00	9.654480e+00
8.932521e+00	1.307596e+01
9.032521e+00	1.840532e+01
9.132521e+00	2.689879e+01
9.232521e+00	3.995526e+01
9.332521e+00	5.589034e+01
9.432521e+00	6.337819e+01
9.532521e+00	5.349351e+01
9.632521e+00	3.756096e+01
9.732521e+00	2.530894e+01
9.832521e+00	1.747406e+01
9.932521e+00	1.258203e+01
1.003252e+01	9.468013e+00
1.013252e+01	7.447576e+00
1.023252e+01	6.137795e+00
1.033252e+01	5.283688e+00
1.043252e+01	4.619245e+00
1.053252e+01	3.999547e+00
1.063252e+01	3.517397e+00
1.073252e+01	3.179176e+00
1.083252e+01	2.820398e+00
1.093252e+01	2.398727e+00
1.103252e+01	2.035877e+00
1.113252e+01	1.780065e+00
1.123252e+01	1.619813e+00
1.133252e+01	1.524476e+00
1.143252e+01	1.423584e+00
1.153252e+01	1.263515e+00
1.163252e+01	1.092947e+00
1.173252e+01	9.554997e-01
1.183252e+01	8.522394e-01
1.193252e+01	7.739987e-01
1.203252e+01	7.137218e-01
1.213252e+01	6.687113e-01
1.223252e+01	6.393578e-01
1.233252e+01	6.261336e-01
1.243252e+01	6.252735e-01
1.253252e+01	6.246915e-01
1.263252e+01	5.989351e-01
1.273252e+01	5.438358e-01
1.283252e+01	4.887590e-01
1.293252e+01	4.474306e-01
1.303252e+01	4.146380e-01
1.313252e+01	3.834306e-01
1.323252e+01	3.565522e-01
1.333252e+01	3.365877e-01
1.343252e+01	3.203223e-01
1.353252e+01	3.017523e-01
1.363252e+01	2.814300e-01
1.373252e+01	2.635701e-01
1.383252e+01	2.491976e-01
1.393252e+01	2.377593e-01
1.403252e+01	2.286708e-01
1.413252e+01	2.215352e-01
1.423252e+01	2.164606e-01
1.433252e+01	2.140630e-01
1.443252e+01	2.149264e-01
1.453252e+01	2.203231e-01
1.463252e+01	2.327678e-01
1.473252e+01	2.512640e-01
1.483252e+01	2.643356e-01
1.493252e+01	2.597034e-01
1.503252e+01	2.416483e-01
1.513252e+01	2.270681e-01
1.523252e+01	2.242969e-01
1.533252e+01	2.255042e-01
1.543252e+01	2.138070e-01
1.553252e+01	1.914820e-01
1.563252e+01	1.727551e-01
1.573252e+01	1.613343e-01
1.583252e+01	1.552324e-01
1.593252e+01	1.525656e-01
1.603252e+01	1.485905e-01
1.613252e+01	1.386269e-01
1.623252e+01	1.268493e-01
1.633252e+01	1.174519e-01
1.643252e+01	1.107065e-01
1.653252e+01	1.058971e-01
1.663252e+01	1.025126e-01
1.673252e+01	1.003521e-01
1.683252e+01	9.944662e-02
1.693252e+01	9.979879e-02
1.703252e+01	1.006493e-01
1.713252e+01	1.007461e-01
1.723252e+01	1.004592e-01
1.733252e+01	1.008448e-01
1.743252e+01	1.029550e-01
1.753252e+01	1.064287e-01
1.763252e+01	1.098145e-01
1.773252e+01	1.124743e-01
1.783252e+01	1.124310e-01
1.793252e+01	1.083647e-01
1.803252e+01	1.030174e-01
1.813252e+01	9.999242e-02
1.823252e+01	1.003628e-01
1.833252e+01	1.043320e-01
1.843252e+01	1.126602e-01
1.853252e+01	1.274162e-01
1.863252e+01	1.522719e-01
1.873252e+01	1.932451e-01
1.883252e+01	2.538372e-01
1.893252e+01	3.118011e-01
1.903252e+01	3.099399e-01
1.913252e+01	2.495305e-01
1.923252e+01	1.875213e-01
1.933252e+01	1.452890e-01
1.943252e+01	1.198029e-01
1.953252e+01	1.055761e-01
1.963252e+01	9.920721e-02
1.973252e+01	9.807051e-02
1.983252e+01	9.723162e-02
1.993252e+01	9.217427e-02
2.003252e+01	8.480570e-02
2.013252e+01	7.820309e-02
2.023252e+01	7.188733e-02
2.033252e+01	6.610577e-02
2.043252e+01	6.190128e-02
2.053252e+01	5.937795e-02
2.063252e+01	5.857186e-02
2.073252e+01	5.960427e-02
2.083252e+01	6.240446e-02
2.093252e+01	6.618952e-02
2.103252e+01	7.110500e-02
2.113252e+01	7.996008e-02
2.123252e+01	9.408037e-02
2.133252e+01	1.062303e-01
2.143252e+01	1.023050e-01
2.153252e+01	8.561352e-02
2.163252e+01	6.933889e-02
2.173252e+01	5.791049e-02
2.183252e+01	5.051316e-02
2.193252e+01	4.562946e-02
2.203252e+01	4.218402e-02
2.213252e+01	3.965619e-02
2.223252e+01	3.777941e-02
2.233252e+01	3.630131e-02
2.243252e+01	3.506677e-02
2.253252e+01	3.407796e-02
2.263252e+01	3.336497e-02
2.273252e+01	3.285720e-02
2.283252e+01	3.241383e-02
2.293252e+01	3.191529e-02
2.303252e+01	3.119828e-02
2.313252e+01	3.038737e-02
2.323252e+01	2.969256e-02
2.333252e+01	2.910616e-02
2.343252e+01	2.863301e-02
2.353252e+01	2.832502e-02
2.363252e+01	2.821058e-02
2.373252e+01	2.826960e-02
2.383252e+01	2.835817e-02
2.393252e+01	2.838844e-02
2.403252e+01	2.859223e-02
2.413252e+01	2.925102e-02
2.423252e+01	3.043669e-02
2.433252e+01	3.168460e-02
2.443252e+01	3.200023e-02
2.453252e+01	3.141322e-02
2.463252e+01	3.062495e-02
2.473252e+01	2.993641e-02
2.483252e+01	2.955579e-02
2.493252e+01	2.964616e-02
2.503252e+01	3.021494e-02
2.513252e+01	3.093583e-02
2.523252e+01	3.159018e-02
2.533252e+01	3.230116e-02
2.543252e+01	3.245497e-02
2.553252e+01	3.138217e-02
2.563252e+01	2.989095e-02
2.573252e+01	2.888012e-02
2.583252e+01	2.861948e-02
2.593252e+01	2.911054e-02
2.603252e+01	3.012691e-02
2.613252e+01	3.126156e-02
2.623252e+01	3.267012e-02
2.633252e+01	3.510459e-02
2.643252e+01	3.921548e-02
2.653252e+01	4.537820e-02
2.663252e+01	5.352644e-02
2.673252e+01	6.462810e-02
2.683252e+01	8.053224e-02
2.693252e+01	9.781712e-02
2.703252e+01	1.060385e-01
2.713252e+01	1.006938e-01
2.723252e+01	9.090919e-02
2.733252e+01	8.082564e-02
2.743252e+01	6.846825e-02
2.753252e+01	5.737417e-02
2.763252e+01	5.014290e-02
2.773252e+01	4.680890e-02
2.783252e+01	4.685136e-02
2.793252e+01	4.914240e-02
2.803252e+01	5.146311e-02
2.813252e+01	5.295260e-02
2.823252e+01	5.290159e-02
2.833252e+01	5.079842e-02
2.843252e+01	4.969727e-02
2.853252e+01	5.172277e-02
2.863252e+01	5.653686e-02
2.873252e+01	6.224216e-02
2.883252e+01	6.935798e-02
2.893252e+01	8.219345e-02
2.903252e+01	1.053802e-01
2.913252e+01	1.427308e-01
2.923252e+01	1.885566e-01
2.933252e+01	2.112173e-01
2.943252e+01	1.907603e-01
2.953252e+01	1.568783e-01
2.963252e+01	1.312543e-01
2.973252e+01	1.183617e-01
2.983252e+01	1.113163e-01
2.993252e+01	9.960292e-02
3.003252e+01	8.734772e-02
3.013252e+01	8.256814e-02
3.023252e+01	8.753041e-02
3.033252e+01	1.005570e-01
3.043252e+01	1.115359e-01
3.053252e+01	1.090429e-01
3.063252e+01	1.009358e-01
3.073252e+01	9.293646e-02
3.083252e+01	8.205022e-02
3.093252e+01	7.347720e-02
3.103252e+01	7.117497e-02
3.113252e+01	6.978871e-02
3.123252e+01	6.120115e-02
3.133252e+01	4.880004e-02
3.143252e+01	3.878416e-02
3.153252e+01	3.204720e-02
3.163252e+01	2.763306e-02
3.173252e+01	2.470677e-02
3.183252e+01	2.277488e-02
3.193252e+01	2.159077e-02
3.203252e+01	2.107812e-02
3.213252e+01	2.126843e-02
3.223252e+01	2.207711e-02
3.233252e+01	2.269553e-02
3.243252e+01	2.196914e-02
3.253252e+01	2.042566e-02
3.263252e+01	1.924645e-02
3.273252e+01	1.883247e-02
3.283252e+01	1.923457e-02
3.293252e+01	2.033300e-02
3.303252e+01	2.147127e-02
3.313252e+01	2.183521e-02
3.323252e+01	2.180734e-02
3.333252e+01	2.255639e-02
3.343252e+01	2.468842e-02
3.353252e+01	2.823913e-02
3.363252e+01	3.292412e-02
3.373252e+01	3.608384e-02
3.383252e+01	3.376356e-02
3.393252e+01	2.783079e-02
3.403252e+01	2.246929e-02
3.413252e+01	1.885904e-02
3.423252e+01	1.658952e-02
3.433252e+01	1.517147e-02
3.443252e+01	1.430187e-02
3.453252e+01	1.381151e-02
3.463252e+01	1.361942e-02
3.473252e+01	1.370000e-02
3.483252e+01	1.409191e-02
3.493252e+01	1.492620e-02
3.503252e+01	1.643116e-02
3.513252e+01	1.895459e-02
3.523252e+01	2.288964e-02
3.533252e+01	2.777099e-02
3.543252e+01	3.016728e-02
3.553252e+01	2.724138e-02
3.563252e+01	2.248520e-02
3.573252e+01	1.902796e-02
3.583252e+01	1.721522e-02
3.593252e+01	1.675140e-02
3.603252e+01	1.753199e-02
3.613252e+01	1.959180e-02
3.623252e+01	2.229707e-02
3.633252e+01	2.331323e-02
3.643252e+01	2.164697e-02
3.653252e+01	1.928560e-02
3.663252e+01	1.697039e-02
3.673252e+01	1.495988e-02
3.683252e+01	1.364343e-02
3.693252e+01	1.294037e-02
3.703252e+01	1.255936e-02
3.713252e+01	1.242758e-02
3.723252e+01	1.269155e-02
3.733252e+01	1.339172e-02
3.743252e+01	1.445256e-02
3.753252e+01	1.583240e-02
3.763252e+01	1.700513e-02
3.773252e+01	1.754220e-02
3.783252e+01	1.848716e-02
3.793252e+01	2.041962e-02
3.803252e+01	2.208644e-02
3.813252e+01	2.171291e-02
3.823252e+01	1.940865e-02
3.833252e+01	1.684403e-02
3.843252e+01	1.489214e-02
3.853252e+01	1.363050e-02
3.863252e+01	1.299856e-02
3.873252e+01	1.288815e-02
3.883252e+01	1.312072e-02
3.893252e+01	1.364222e-02
3.903252e+01	1.436053e-02
3.913252e+01	1.513635e-02
3.923252e+01	1.627902e-02
3.933252e+01	1.773357e-02
3.943252e+01	1.807192e-02
3.953252e+01	1.682980e-02
3.963252e+01	1.555959e-02
3.973252e+01	1.498956e-02
3.983252e+01	1.472363e-02
3.993252e+01	1.442825e-02
4.003252e+01	1.447850e-02
4.013252e+01	1.525511e-02
4.023252e+01	1.704785e-02
4.033252e+01	2.026550e-02
4.043252e+01	2.526695e-02
4.053252e+01	3.111149e-02
4.063252e+01	3.482314e-02
4.073252e+01	3.677970e-02
4.083252e+01	4.025846e-02
4.093252e+01	4.357734e-02
4.103252e+01	4.178527e-02
4.113252e+01	3.550948e-02
4.123252e+01	2.841944e-02
4.133252e+01	2.295449e-02
4.143252e+01	1.960430e-02
4.153252e+01	1.774682e-02
4.163252e+01	1.665414e-02
4.173252e+01	1.583251e-02
4.183252e+01	1.526669e-02
4.193252e+01	1.478610e-02
4.203252e+01	1.411325e-02
4.213252e+01	1.345693e-02
4.223252e+01	1.315329e-02
4.233252e+01	1.336296e-02
4.243252e+01	1.414216e-02
4.253252e+01	1.557557e-02
4.263252e+01	1.777858e-02
4.273252e+01	2.092323e-02
4.283252e+01	2.566601e-02
4.293252e+01	3.338176e-02
4.303252e+01	4.597213e-02
4.313252e+01	6.465418e-02
4.323252e+01	8.351608e-02
4.333252e+01	8.509287e-02
4.343252e+01	6.745079e-02
4.353252e+01	4.792109e-02
4.363252e+01	3.409682e-02
4.373252e+01	2.532511e-02
4.383252e+01	1.976803e-02
4.393252e+01	1.614327e-02
4.403252e+01	1.370232e-02
4.413252e+01	1.202110e-02
4.423252e+01	1.085317e-02
4.433252e+01	1.002827e-02
4.443252e+01	9.413137e-03
4.453252e+01	8.980879e-03
4.463252e+01	8.729688e-03
4.473252e+01	8.511081e-03
4.483252e+01	8.191810e-03
4.493252e+01	7.868528e-03
4.503252e+01	7.575188e-03
4.513252e+01	7.328982e-03
4.523252e+01	7.212429e-03
4.533252e+01	7.274962e-03
4.543252e+01	7.565887e-03
4.553252e+01	8.179983e-03
4.563252e+01	9.235551e-03
4.573252e+01	1.059812e-02
4.583252e+01	1.128304e-02
4.593252e+01	1.043807e-02
4.603252e+01	9.032713e-03
4.613252e+01	7.976076e-03
4.623252e+01	7.361236e-03
4.633252e+01	7.082749e-03
4.643252e+01	7.074994e-03
4.653252e+01	7.338186e-03
4.663252e+01	7.945451e-03
4.673252e+01	9.043933e-03
4.683252e+01	1.073414e-02
4.693252e+01	1.247046e-02
4.703252e+01	1.266125e-02
4.713252e+01	1.115344e-02
4.723252e+01	9.571003e-03
4.733252e+01	8.624255e-03
4.743252e+01	8.285020e-03
4.753252e+01	8.469098e-03
4.763252e+01	9.212495e-03
4.773252e+01	1.069298e-02
4.783252e+01	1.312133e-02
4.793252e+01	1.604192e-02
4.803252e+01	1.723582e-02
4.813252e+01	1.548360e-02
4.823252e+01	1.305822e-02
4.833252e+01	1.158082e-02
4.843252e+01	1.126174e-02
4.853252e+01	1.206179e-02
4.863252e+01	1.386075e-02
4.873252e+01	1.587836e-02
4.883252e+01	1.709941e-02
4.893252e+01	1.798686e-02
4.903252e+01	1.793503e-02
4.913252e+01	1.555942e-02
4.923252e+01	1.244367e-02
4.933252e+01	1.005077e-02
4.943252e+01	8.417692e-03
4.953252e+01	7.357334e-03
4.963252e+01	6.729611e-03
4.973252e+01	6.435643e-03
4.983252e+01	6.444233e-03
4.993252e+01	6.790738e-03
5.003252e+01	7.506483e-03
5.013252e+01	8.295685e-03
5.023252e+01	8.286062e-03
5.033252e+01	7.343385e-03
5.043252e+01	6.335554e-03
5.053252e+01	5.652483e-03
5.063252e+01	5.266097e-03
5.073252e+01	5.103124e-03
5.083252e+01	5.136134e-03
5.093252e+01	5.383004e-03
5.103252e+01	5.851087e-03
5.113252e+01	6.324729e-03
5.123252e+01	6.304479e-03
5.133252e+01	5.823436e-03
5.143252e+01	5.340487e-03
5.153252e+01	5.045348e-03
5.163252e+01	4.983260e-03
5.173252e+01	5.174445e-03
5.183252e+01	5.628495e-03
5.193252e+01	6.176826e-03
5.203252e+01	6.310855e-03
5.213252e+01	5.920370e-03
5.223252e+01	5.458395e-03
5.233252e+01	5.150752e-03
5.243252e+01	5.026248e-03
5.253252e+01	4.898355e-03
5.263252e+01	4.606307e-03
5.273252e+01	4.309502e-03
5.283252e+01	4.145243e-03
5.293252e+01	4.098561e-03
5.303252e+01	4.048536e-03
5.313252e+01	3.908560e-03
5.323252e+01	3.759857e-03
5.333252e+01	3.644266e-03
5.343252e+01	3.524107e-03
5.353252e+01	3.409243e-03
5.363252e+01	3.328662e-03
5.373252e+01	3.286601e-03
5.383252e+01	3.281549e-03
5.393252e+01	3.315649e-03
5.403252e+01	3.385134e-03
5.413252e+01	3.454848e-03
5.423252e+01	3.452300e-03
5.433252e+01	3.367514e-03
5.443252e+01	3.285181e-03
5.453252e+01	3.254914e-03
5.463252e+01	3.283600e-03
5.473252e+01	3.354692e-03
5.483252e+01	3.398968e-03
5.493252e+01	3.345922e-03
5.503252e+01	3.258981e-03
5.513252e+01	3.213923e-03
5.523252e+01	3.207505e-03
5.533252e+01	3.183149e-03
5.543252e+01	3.119202e-03
5.553252e+01	3.056769e-03
5.563252e+01	3.014881e-03
5.573252e+01	2.994565e-03
5.583252e+01	2.991165e-03
5.593252e+01	2.991817e-03
5.603252e+01	2.994777e-03
5.613252e+01	3.013105e-03
5.623252e+01	3.057156e-03
5.633252e+01	3.136628e-03
5.643252e+01	3.262375e-03
5.653252e+01	3.430626e-03
5.663252e+01	3.598326e-03
5.673252e+01	3.690891e-03
5.683252e+01	3.697873e-03
5.693252e+01	3.647793e-03
5.703252e+01	3.569525e-03
5.713252e+01	3.537035e-03
5.723252e+01	3.586064e-03
5.733252e+01	3.730929e-03
5.743252e+01	3.992940e-03
5.753252e+01	4.383934e-03
5.763252e+01	4.823878e-03
5.773252e+01	5.162873e-03
5.783252e+01	5.434888e-03
5.793252e+01	5.764084e-03
5.803252e+01	6.066917e-03
5.813252e+01	6.240132e-03
5.823252e+01	6.339378e-03
5.833252e+01	6.389728e-03
5.843252e+01	6.491328e-03
5.853252e+01	6.857411e-03
5.863252e+01	7.531908e-03
5.873252e+01	8.183062e-03
5.883252e+01	8.532125e-03
5.893252e+01	9.070412e-03
5.903252e+01	1.037702e-02
5.913252e+01	1.269967e-02
5.923252e+01	1.563041e-02
5.933252e+01	1.765518e-02
5.943252e+01	1.862465e-02
5.953252e+01	2.054745e-02
5.963252e+01	2.449007e-02
5.973252e+01	2.882938e-02
5.983252e+01	2.909221e-02
5.993252e+01	2.494761e-02
6.003252e+01	2.024919e-02
6.013252e+01	1.720253e-02
6.023252e+01	1.566314e-02
6.033252e+01	1.402121e-02
6.043252e+01	1.165428e-02
6.053252e+01	9.440775e-03
6.063252e+01	7.864065e-03
6.073252e+01	6.788472e-03
6.083252e+01	5.981068e-03
6.093252e+01	5.344242e-03
6.103252e+01	4.856904e-03
6.113252e+01	4.491781e-03
6.123252e+01	4.245538e-03
6.133252e+01	4.126277e-03
6.143252e+01	4.117476e-03
6.153252e+01	4.182109e-03
6.163252e+01	4.281532e-03
6.173252e+01	4.313272e-03
6.183252e+01	4.207428e-03
6.193252e+01	4.118907e-03
6.203252e+01	4.181339e-03
6.213252e+01	4.441084e-03
6.223252e+01	4.957489e-03
6.233252e+01	5.814076e-03
6.243252e+01	6.870900e-03
6.253252e+01	7.375609e-03
6.263252e+01	6.851350e-03
6.273252e+01	6.006280e-03
6.283252e+01	5.451707e-03
6.293252e+01	5.300466e-03
6.303252e+01	5.533067e-03
6.313252e+01	6.188779e-03
6.323252e+01	7.421838e-03
6.333252e+01	9.519341e-03
6.343252e+01	1.271362e-02
