#RPA-results:
#Nucleus: Ni 80
#Fermi level: -1.541935e+00	-1.810941e+01
#Excitation: 1 +
#Total number of pairs: 494
#Number of ph-/ah-pairs: 494/0
#Maximal excitation-energy for particle-hole-pairs: 100
#Maximal excitation-energy for antiparticle-hole-pairs: 1000
#No imaginary eigenvalues

#Parameterset: DD-PC1
#natural parity: no
#Isoscalar result:

#width: 5.000000e-01
#maximum value: 6.489837e-03
#at energy: 6.343252e+01
-9.656748e+01	5.684081e-04
-9.646748e+01	5.695813e-04
-9.636748e+01	5.707580e-04
-9.626748e+01	5.719384e-04
-9.616748e+01	5.731225e-04
-9.606748e+01	5.743103e-04
-9.596748e+01	5.755018e-04
-9.586748e+01	5.766970e-04
-9.576748e+01	5.778959e-04
-9.566748e+01	5.790986e-04
-9.556748e+01	5.803050e-04
-9.546748e+01	5.815152e-04
-9.536748e+01	5.827292e-04
-9.526748e+01	5.839471e-04
-9.516748e+01	5.851687e-04
-9.506748e+01	5.863942e-04
-9.496748e+01	5.876236e-04
-9.486748e+01	5.888568e-04
-9.476748e+01	5.900940e-04
-9.466748e+01	5.913350e-04
-9.456748e+01	5.925800e-04
-9.446748e+01	5.938289e-04
-9.436748e+01	5.950817e-04
-9.426748e+01	5.963386e-04
-9.416748e+01	5.975994e-04
-9.406748e+01	5.988643e-04
-9.396748e+01	6.001331e-04
-9.386748e+01	6.014061e-04
-9.376748e+01	6.026830e-04
-9.366748e+01	6.039641e-04
-9.356748e+01	6.052493e-04
-9.346748e+01	6.065385e-04
-9.336748e+01	6.078319e-04
-9.326748e+01	6.091295e-04
-9.316748e+01	6.104312e-04
-9.306748e+01	6.117371e-04
-9.296748e+01	6.130472e-04
-9.286748e+01	6.143615e-04
-9.276748e+01	6.156801e-04
-9.266748e+01	6.170029e-04
-9.256748e+01	6.183300e-04
-9.246748e+01	6.196614e-04
-9.236748e+01	6.209971e-04
-9.226748e+01	6.223371e-04
-9.216748e+01	6.236815e-04
-9.206748e+01	6.250303e-04
-9.196748e+01	6.263834e-04
-9.186748e+01	6.277410e-04
-9.176748e+01	6.291029e-04
-9.166748e+01	6.304694e-04
-9.156748e+01	6.318402e-04
-9.146748e+01	6.332156e-04
-9.136748e+01	6.345955e-04
-9.126748e+01	6.359799e-04
-9.116748e+01	6.373688e-04
-9.106748e+01	6.387623e-04
-9.096748e+01	6.401604e-04
-9.086748e+01	6.415631e-04
-9.076748e+01	6.429704e-04
-9.066748e+01	6.443824e-04
-9.056748e+01	6.457990e-04
-9.046748e+01	6.472203e-04
-9.036748e+01	6.486463e-04
-9.026748e+01	6.500771e-04
-9.016748e+01	6.515125e-04
-9.006748e+01	6.529528e-04
-8.996748e+01	6.543979e-04
-8.986748e+01	6.558477e-04
-8.976748e+01	6.573024e-04
-8.966748e+01	6.587620e-04
-8.956748e+01	6.602264e-04
-8.946748e+01	6.616957e-04
-8.936748e+01	6.631699e-04
-8.926748e+01	6.646491e-04
-8.916748e+01	6.661333e-04
-8.906748e+01	6.676224e-04
-8.896748e+01	6.691166e-04
-8.886748e+01	6.706157e-04
-8.876748e+01	6.721200e-04
-8.866748e+01	6.736293e-04
-8.856748e+01	6.751437e-04
-8.846748e+01	6.766632e-04
-8.836748e+01	6.781879e-04
-8.826748e+01	6.797177e-04
-8.816748e+01	6.812527e-04
-8.806748e+01	6.827930e-04
-8.796748e+01	6.843385e-04
-8.786748e+01	6.858892e-04
-8.776748e+01	6.874453e-04
-8.766748e+01	6.890066e-04
-8.756748e+01	6.905733e-04
-8.746748e+01	6.921454e-04
-8.736748e+01	6.937228e-04
-8.726748e+01	6.953056e-04
-8.716748e+01	6.968939e-04
-8.706748e+01	6.984877e-04
-8.696748e+01	7.000869e-04
-8.686748e+01	7.016916e-04
-8.676748e+01	7.033019e-04
-8.666748e+01	7.049177e-04
-8.656748e+01	7.065391e-04
-8.646748e+01	7.081661e-04
-8.636748e+01	7.097988e-04
-8.626748e+01	7.114371e-04
-8.616748e+01	7.130812e-04
-8.606748e+01	7.147309e-04
-8.596748e+01	7.163864e-04
-8.586748e+01	7.180476e-04
-8.576748e+01	7.197147e-04
-8.566748e+01	7.213875e-04
-8.556748e+01	7.230663e-04
-8.546748e+01	7.247509e-04
-8.536748e+01	7.264414e-04
-8.526748e+01	7.281378e-04
-8.516748e+01	7.298402e-04
-8.506748e+01	7.315486e-04
-8.496748e+01	7.332630e-04
-8.486748e+01	7.349835e-04
-8.476748e+01	7.367100e-04
-8.466748e+01	7.384426e-04
-8.456748e+01	7.401814e-04
-8.446748e+01	7.419263e-04
-8.436748e+01	7.436775e-04
-8.426748e+01	7.454348e-04
-8.416748e+01	7.471984e-04
-8.406748e+01	7.489683e-04
-8.396748e+01	7.507444e-04
-8.386748e+01	7.525270e-04
-8.376748e+01	7.543159e-04
-8.366748e+01	7.561111e-04
-8.356748e+01	7.579129e-04
-8.346748e+01	7.597210e-04
-8.336748e+01	7.615357e-04
-8.326748e+01	7.633569e-04
-8.316748e+01	7.651847e-04
-8.306748e+01	7.670190e-04
-8.296748e+01	7.688600e-04
-8.286748e+01	7.707076e-04
-8.276748e+01	7.725619e-04
-8.266748e+01	7.744229e-04
-8.256748e+01	7.762906e-04
-8.246748e+01	7.781652e-04
-8.236748e+01	7.800465e-04
-8.226748e+01	7.819347e-04
-8.216748e+01	7.838298e-04
-8.206748e+01	7.857318e-04
-8.196748e+01	7.876407e-04
-8.186748e+01	7.895566e-04
-8.176748e+01	7.914795e-04
-8.166748e+01	7.934095e-04
-8.156748e+01	7.953466e-04
-8.146748e+01	7.972908e-04
-8.136748e+01	7.992421e-04
-8.126748e+01	8.012006e-04
-8.116748e+01	8.031664e-04
-8.106748e+01	8.051394e-04
-8.096748e+01	8.071197e-04
-8.086748e+01	8.091073e-04
-8.076748e+01	8.111023e-04
-8.066748e+01	8.131047e-04
-8.056748e+01	8.151146e-04
-8.046748e+01	8.171319e-04
-8.036748e+01	8.191567e-04
-8.026748e+01	8.211891e-04
-8.016748e+01	8.232291e-04
-8.006748e+01	8.252767e-04
-7.996748e+01	8.273320e-04
-7.986748e+01	8.293950e-04
-7.976748e+01	8.314657e-04
-7.966748e+01	8.335442e-04
-7.956748e+01	8.356306e-04
-7.946748e+01	8.377248e-04
-7.936748e+01	8.398269e-04
-7.926748e+01	8.419369e-04
-7.916748e+01	8.440549e-04
-7.906748e+01	8.461810e-04
-7.896748e+01	8.483151e-04
-7.886748e+01	8.504573e-04
-7.876748e+01	8.526077e-04
-7.866748e+01	8.547662e-04
-7.856748e+01	8.569330e-04
-7.846748e+01	8.591080e-04
-7.836748e+01	8.612913e-04
-7.826748e+01	8.634830e-04
-7.816748e+01	8.656831e-04
-7.806748e+01	8.678917e-04
-7.796748e+01	8.701087e-04
-7.786748e+01	8.723342e-04
-7.776748e+01	8.745684e-04
-7.766748e+01	8.768111e-04
-7.756748e+01	8.790625e-04
-7.746748e+01	8.813226e-04
-7.736748e+01	8.835914e-04
-7.726748e+01	8.858691e-04
-7.716748e+01	8.881556e-04
-7.706748e+01	8.904509e-04
-7.696748e+01	8.927552e-04
-7.686748e+01	8.950685e-04
-7.676748e+01	8.973908e-04
-7.666748e+01	8.997222e-04
-7.656748e+01	9.020627e-04
-7.646748e+01	9.044123e-04
-7.636748e+01	9.067712e-04
-7.626748e+01	9.091393e-04
-7.616748e+01	9.115168e-04
-7.606748e+01	9.139036e-04
-7.596748e+01	9.162999e-04
-7.586748e+01	9.187055e-04
-7.576748e+01	9.211207e-04
-7.566748e+01	9.235455e-04
-7.556748e+01	9.259799e-04
-7.546748e+01	9.284239e-04
-7.536748e+01	9.308777e-04
-7.526748e+01	9.333412e-04
-7.516748e+01	9.358145e-04
-7.506748e+01	9.382977e-04
-7.496748e+01	9.407909e-04
-7.486748e+01	9.432940e-04
-7.476748e+01	9.458071e-04
-7.466748e+01	9.483303e-04
-7.456748e+01	9.508637e-04
-7.446748e+01	9.534072e-04
-7.436748e+01	9.559610e-04
-7.426748e+01	9.585251e-04
-7.416748e+01	9.610996e-04
-7.406748e+01	9.636844e-04
-7.396748e+01	9.662798e-04
-7.386748e+01	9.688856e-04
-7.376748e+01	9.715021e-04
-7.366748e+01	9.741292e-04
-7.356748e+01	9.767670e-04
-7.346748e+01	9.794155e-04
-7.336748e+01	9.820749e-04
-7.326748e+01	9.847451e-04
-7.316748e+01	9.874263e-04
-7.306748e+01	9.901185e-04
-7.296748e+01	9.928217e-04
-7.286748e+01	9.955360e-04
-7.276748e+01	9.982615e-04
-7.266748e+01	1.000998e-03
-7.256748e+01	1.003746e-03
-7.246748e+01	1.006506e-03
-7.236748e+01	1.009277e-03
-7.226748e+01	1.012059e-03
-7.216748e+01	1.014853e-03
-7.206748e+01	1.017658e-03
-7.196748e+01	1.020476e-03
-7.186748e+01	1.023305e-03
-7.176748e+01	1.026145e-03
-7.166748e+01	1.028998e-03
-7.156748e+01	1.031862e-03
-7.146748e+01	1.034739e-03
-7.136748e+01	1.037628e-03
-7.126748e+01	1.040529e-03
-7.116748e+01	1.043442e-03
-7.106748e+01	1.046367e-03
-7.096748e+01	1.049305e-03
-7.086748e+01	1.052255e-03
-7.076748e+01	1.055217e-03
-7.066748e+01	1.058193e-03
-7.056748e+01	1.061180e-03
-7.046748e+01	1.064181e-03
-7.036748e+01	1.067194e-03
-7.026748e+01	1.070220e-03
-7.016748e+01	1.073259e-03
-7.006748e+01	1.076311e-03
-6.996748e+01	1.079377e-03
-6.986748e+01	1.082455e-03
-6.976748e+01	1.085546e-03
-6.966748e+01	1.088651e-03
-6.956748e+01	1.091769e-03
-6.946748e+01	1.094901e-03
-6.936748e+01	1.098046e-03
-6.926748e+01	1.101205e-03
-6.916748e+01	1.104378e-03
-6.906748e+01	1.107564e-03
-6.896748e+01	1.110764e-03
-6.886748e+01	1.113978e-03
-6.876748e+01	1.117206e-03
-6.866748e+01	1.120448e-03
-6.856748e+01	1.123705e-03
-6.846748e+01	1.126975e-03
-6.836748e+01	1.130260e-03
-6.826748e+01	1.133560e-03
-6.816748e+01	1.136874e-03
-6.806748e+01	1.140202e-03
-6.796748e+01	1.143545e-03
-6.786748e+01	1.146903e-03
-6.776748e+01	1.150276e-03
-6.766748e+01	1.153664e-03
-6.756748e+01	1.157067e-03
-6.746748e+01	1.160485e-03
-6.736748e+01	1.163918e-03
-6.726748e+01	1.167366e-03
-6.716748e+01	1.170830e-03
-6.706748e+01	1.174309e-03
-6.696748e+01	1.177804e-03
-6.686748e+01	1.181315e-03
-6.676748e+01	1.184841e-03
-6.666748e+01	1.188383e-03
-6.656748e+01	1.191942e-03
-6.646748e+01	1.195516e-03
-6.636748e+01	1.199106e-03
-6.626748e+01	1.202713e-03
-6.616748e+01	1.206336e-03
-6.606748e+01	1.209975e-03
-6.596748e+01	1.213631e-03
-6.586748e+01	1.217304e-03
-6.576748e+01	1.220993e-03
-6.566748e+01	1.224700e-03
-6.556748e+01	1.228423e-03
-6.546748e+01	1.232163e-03
-6.536748e+01	1.235920e-03
-6.526748e+01	1.239695e-03
-6.516748e+01	1.243487e-03
-6.506748e+01	1.247297e-03
-6.496748e+01	1.251124e-03
-6.486748e+01	1.254969e-03
-6.476748e+01	1.258831e-03
-6.466748e+01	1.262712e-03
-6.456748e+01	1.266611e-03
-6.446748e+01	1.270527e-03
-6.436748e+01	1.274463e-03
-6.426748e+01	1.278416e-03
-6.416748e+01	1.282388e-03
-6.406748e+01	1.286378e-03
-6.396748e+01	1.290388e-03
-6.386748e+01	1.294416e-03
-6.376748e+01	1.298463e-03
-6.366748e+01	1.302529e-03
-6.356748e+01	1.306614e-03
-6.346748e+01	1.310719e-03
-6.336748e+01	1.314843e-03
-6.326748e+01	1.318986e-03
-6.316748e+01	1.323150e-03
-6.306748e+01	1.327333e-03
-6.296748e+01	1.331536e-03
-6.286748e+01	1.335759e-03
-6.276748e+01	1.340002e-03
-6.266748e+01	1.344266e-03
-6.256748e+01	1.348550e-03
-6.246748e+01	1.352855e-03
-6.236748e+01	1.357180e-03
-6.226748e+01	1.361526e-03
-6.216748e+01	1.365893e-03
-6.206748e+01	1.370282e-03
-6.196748e+01	1.374691e-03
-6.186748e+01	1.379122e-03
-6.176748e+01	1.383575e-03
-6.166748e+01	1.388049e-03
-6.156748e+01	1.392545e-03
-6.146748e+01	1.397063e-03
-6.136748e+01	1.401603e-03
-6.126748e+01	1.406166e-03
-6.116748e+01	1.410751e-03
-6.106748e+01	1.415358e-03
-6.096748e+01	1.419988e-03
-6.086748e+01	1.424641e-03
-6.076748e+01	1.429317e-03
-6.066748e+01	1.434016e-03
-6.056748e+01	1.438738e-03
-6.046748e+01	1.443484e-03
-6.036748e+01	1.448253e-03
-6.026748e+01	1.453046e-03
-6.016748e+01	1.457863e-03
-6.006748e+01	1.462704e-03
-5.996748e+01	1.467570e-03
-5.986748e+01	1.472460e-03
-5.976748e+01	1.477374e-03
-5.966748e+01	1.482313e-03
-5.956748e+01	1.487277e-03
-5.946748e+01	1.492266e-03
-5.936748e+01	1.497281e-03
-5.926748e+01	1.502321e-03
-5.916748e+01	1.507386e-03
-5.906748e+01	1.512477e-03
-5.896748e+01	1.517594e-03
-5.886748e+01	1.522737e-03
-5.876748e+01	1.527907e-03
-5.866748e+01	1.533103e-03
-5.856748e+01	1.538325e-03
-5.846748e+01	1.543575e-03
-5.836748e+01	1.548851e-03
-5.826748e+01	1.554155e-03
-5.816748e+01	1.559486e-03
-5.806748e+01	1.564845e-03
-5.796748e+01	1.570231e-03
-5.786748e+01	1.575646e-03
-5.776748e+01	1.581088e-03
-5.766748e+01	1.586559e-03
-5.756748e+01	1.592059e-03
-5.746748e+01	1.597587e-03
-5.736748e+01	1.603145e-03
-5.726748e+01	1.608731e-03
-5.716748e+01	1.614347e-03
-5.706748e+01	1.619992e-03
-5.696748e+01	1.625668e-03
-5.686748e+01	1.631373e-03
-5.676748e+01	1.637108e-03
-5.666748e+01	1.642874e-03
-5.656748e+01	1.648671e-03
-5.646748e+01	1.654498e-03
-5.636748e+01	1.660357e-03
-5.626748e+01	1.666246e-03
-5.616748e+01	1.672168e-03
-5.606748e+01	1.678121e-03
-5.596748e+01	1.684106e-03
-5.586748e+01	1.690123e-03
-5.576748e+01	1.696173e-03
-5.566748e+01	1.702255e-03
-5.556748e+01	1.708371e-03
-5.546748e+01	1.714519e-03
-5.536748e+01	1.720701e-03
-5.526748e+01	1.726916e-03
-5.516748e+01	1.733166e-03
-5.506748e+01	1.739450e-03
-5.496748e+01	1.745768e-03
-5.486748e+01	1.752120e-03
-5.476748e+01	1.758508e-03
-5.466748e+01	1.764930e-03
-5.456748e+01	1.771388e-03
-5.446748e+01	1.777882e-03
-5.436748e+01	1.784412e-03
-5.426748e+01	1.790978e-03
-5.416748e+01	1.797580e-03
-5.406748e+01	1.804219e-03
-5.396748e+01	1.810895e-03
-5.386748e+01	1.817609e-03
-5.376748e+01	1.824360e-03
-5.366748e+01	1.831149e-03
-5.356748e+01	1.837976e-03
-5.346748e+01	1.844841e-03
-5.336748e+01	1.851746e-03
-5.326748e+01	1.858689e-03
-5.316748e+01	1.865671e-03
-5.306748e+01	1.872694e-03
-5.296748e+01	1.879756e-03
-5.286748e+01	1.886858e-03
-5.276748e+01	1.894001e-03
-5.266748e+01	1.901184e-03
-5.256748e+01	1.908409e-03
-5.246748e+01	1.915676e-03
-5.236748e+01	1.922984e-03
-5.226748e+01	1.930334e-03
-5.216748e+01	1.937726e-03
-5.206748e+01	1.945162e-03
-5.196748e+01	1.952640e-03
-5.186748e+01	1.960162e-03
-5.176748e+01	1.967728e-03
-5.166748e+01	1.975338e-03
-5.156748e+01	1.982992e-03
-5.146748e+01	1.990691e-03
-5.136748e+01	1.998435e-03
-5.126748e+01	2.006225e-03
-5.116748e+01	2.014060e-03
-5.106748e+01	2.021942e-03
-5.096748e+01	2.029870e-03
-5.086748e+01	2.037846e-03
-5.076748e+01	2.045869e-03
-5.066748e+01	2.053939e-03
-5.056748e+01	2.062058e-03
-5.046748e+01	2.070225e-03
-5.036748e+01	2.078441e-03
-5.026748e+01	2.086706e-03
-5.016748e+01	2.095021e-03
-5.006748e+01	2.103386e-03
-4.996748e+01	2.111801e-03
-4.986748e+01	2.120267e-03
-4.976748e+01	2.128785e-03
-4.966748e+01	2.137354e-03
-4.956748e+01	2.145975e-03
-4.946748e+01	2.154649e-03
-4.936748e+01	2.163376e-03
-4.926748e+01	2.172157e-03
-4.916748e+01	2.180991e-03
-4.906748e+01	2.189879e-03
-4.896748e+01	2.198823e-03
-4.886748e+01	2.207821e-03
-4.876748e+01	2.216875e-03
-4.866748e+01	2.225986e-03
-4.856748e+01	2.235153e-03
-4.846748e+01	2.244377e-03
-4.836748e+01	2.253658e-03
-4.826748e+01	2.262998e-03
-4.816748e+01	2.272396e-03
-4.806748e+01	2.281853e-03
-4.796748e+01	2.291369e-03
-4.786748e+01	2.300946e-03
-4.776748e+01	2.310583e-03
-4.766748e+01	2.320281e-03
-4.756748e+01	2.330041e-03
-4.746748e+01	2.339862e-03
-4.736748e+01	2.349747e-03
-4.726748e+01	2.359694e-03
-4.716748e+01	2.369705e-03
-4.706748e+01	2.379781e-03
-4.696748e+01	2.389921e-03
-4.686748e+01	2.400127e-03
-4.676748e+01	2.410398e-03
-4.666748e+01	2.420736e-03
-4.656748e+01	2.431141e-03
-4.646748e+01	2.441614e-03
-4.636748e+01	2.452154e-03
-4.626748e+01	2.462764e-03
-4.616748e+01	2.473443e-03
-4.606748e+01	2.484192e-03
-4.596748e+01	2.495012e-03
-4.586748e+01	2.505903e-03
-4.576748e+01	2.516866e-03
-4.566748e+01	2.527902e-03
-4.556748e+01	2.539011e-03
-4.546748e+01	2.550194e-03
-4.536748e+01	2.561451e-03
-4.526748e+01	2.572783e-03
-4.516748e+01	2.584191e-03
-4.506748e+01	2.595676e-03
-4.496748e+01	2.607238e-03
-4.486748e+01	2.618878e-03
-4.476748e+01	2.630597e-03
-4.466748e+01	2.642395e-03
-4.456748e+01	2.654273e-03
-4.446748e+01	2.666232e-03
-4.436748e+01	2.678272e-03
-4.426748e+01	2.690395e-03
-4.416748e+01	2.702600e-03
-4.406748e+01	2.714890e-03
-4.396748e+01	2.727264e-03
-4.386748e+01	2.739724e-03
-4.376748e+01	2.752269e-03
-4.366748e+01	2.764902e-03
-4.356748e+01	2.777622e-03
-4.346748e+01	2.790431e-03
-4.336748e+01	2.803330e-03
-4.326748e+01	2.816319e-03
-4.316748e+01	2.829398e-03
-4.306748e+01	2.842570e-03
-4.296748e+01	2.855835e-03
-4.286748e+01	2.869193e-03
-4.276748e+01	2.882646e-03
-4.266748e+01	2.896195e-03
-4.256748e+01	2.909840e-03
-4.246748e+01	2.923582e-03
-4.236748e+01	2.937423e-03
-4.226748e+01	2.951363e-03
-4.216748e+01	2.965403e-03
-4.206748e+01	2.979544e-03
-4.196748e+01	2.993787e-03
-4.186748e+01	3.008134e-03
-4.176748e+01	3.022585e-03
-4.166748e+01	3.037140e-03
-4.156748e+01	3.051802e-03
-4.146748e+01	3.066572e-03
-4.136748e+01	3.081449e-03
-4.126748e+01	3.096436e-03
-4.116748e+01	3.111533e-03
-4.106748e+01	3.126742e-03
-4.096748e+01	3.142064e-03
-4.086748e+01	3.157499e-03
-4.076748e+01	3.173049e-03
-4.066748e+01	3.188716e-03
-4.056748e+01	3.204499e-03
-4.046748e+01	3.220401e-03
-4.036748e+01	3.236422e-03
-4.026748e+01	3.252565e-03
-4.016748e+01	3.268829e-03
-4.006748e+01	3.285217e-03
-3.996748e+01	3.301729e-03
-3.986748e+01	3.318367e-03
-3.976748e+01	3.335132e-03
-3.966748e+01	3.352026e-03
-3.956748e+01	3.369049e-03
-3.946748e+01	3.386203e-03
-3.936748e+01	3.403490e-03
-3.926748e+01	3.420911e-03
-3.916748e+01	3.438467e-03
-3.906748e+01	3.456159e-03
-3.896748e+01	3.473990e-03
-3.886748e+01	3.491960e-03
-3.876748e+01	3.510071e-03
-3.866748e+01	3.528324e-03
-3.856748e+01	3.546722e-03
-3.846748e+01	3.565265e-03
-3.836748e+01	3.583955e-03
-3.826748e+01	3.602793e-03
-3.816748e+01	3.621782e-03
-3.806748e+01	3.640923e-03
-3.796748e+01	3.660218e-03
-3.786748e+01	3.679667e-03
-3.776748e+01	3.699273e-03
-3.766748e+01	3.719038e-03
-3.756748e+01	3.738963e-03
-3.746748e+01	3.759050e-03
-3.736748e+01	3.779301e-03
-3.726748e+01	3.799717e-03
-3.716748e+01	3.820301e-03
-3.706748e+01	3.841054e-03
-3.696748e+01	3.861979e-03
-3.686748e+01	3.883076e-03
-3.676748e+01	3.904348e-03
-3.666748e+01	3.925797e-03
-3.656748e+01	3.947426e-03
-3.646748e+01	3.969235e-03
-3.636748e+01	3.991227e-03
-3.626748e+01	4.013404e-03
-3.616748e+01	4.035768e-03
-3.606748e+01	4.058321e-03
-3.596748e+01	4.081066e-03
-3.586748e+01	4.104005e-03
-3.576748e+01	4.127139e-03
-3.566748e+01	4.150472e-03
-3.556748e+01	4.174005e-03
-3.546748e+01	4.197740e-03
-3.536748e+01	4.221681e-03
-3.526748e+01	4.245829e-03
-3.516748e+01	4.270187e-03
-3.506748e+01	4.294758e-03
-3.496748e+01	4.319543e-03
-3.486748e+01	4.344546e-03
-3.476748e+01	4.369768e-03
-3.466748e+01	4.395214e-03
-3.456748e+01	4.420884e-03
-3.446748e+01	4.446783e-03
-3.436748e+01	4.472912e-03
-3.426748e+01	4.499274e-03
-3.416748e+01	4.525873e-03
-3.406748e+01	4.552711e-03
-3.396748e+01	4.579790e-03
-3.386748e+01	4.607115e-03
-3.376748e+01	4.634688e-03
-3.366748e+01	4.662512e-03
-3.356748e+01	4.690590e-03
-3.346748e+01	4.718925e-03
-3.336748e+01	4.747520e-03
-3.326748e+01	4.776379e-03
-3.316748e+01	4.805505e-03
-3.306748e+01	4.834901e-03
-3.296748e+01	4.864571e-03
-3.286748e+01	4.894518e-03
-3.276748e+01	4.924746e-03
-3.266748e+01	4.955257e-03
-3.256748e+01	4.986057e-03
-3.246748e+01	5.017148e-03
-3.236748e+01	5.048533e-03
-3.226748e+01	5.080218e-03
-3.216748e+01	5.112206e-03
-3.206748e+01	5.144500e-03
-3.196748e+01	5.177105e-03
-3.186748e+01	5.210025e-03
-3.176748e+01	5.243264e-03
-3.166748e+01	5.276825e-03
-3.156748e+01	5.310714e-03
-3.146748e+01	5.344934e-03
-3.136748e+01	5.379491e-03
-3.126748e+01	5.414387e-03
-3.116748e+01	5.449629e-03
-3.106748e+01	5.485220e-03
-3.096748e+01	5.521166e-03
-3.086748e+01	5.557470e-03
-3.076748e+01	5.594139e-03
-3.066748e+01	5.631176e-03
-3.056748e+01	5.668587e-03
-3.046748e+01	5.706377e-03
-3.036748e+01	5.744551e-03
-3.026748e+01	5.783114e-03
-3.016748e+01	5.822073e-03
-3.006748e+01	5.861431e-03
-2.996748e+01	5.901196e-03
-2.986748e+01	5.941372e-03
-2.976748e+01	5.981965e-03
-2.966748e+01	6.022982e-03
-2.956748e+01	6.064428e-03
-2.946748e+01	6.106308e-03
-2.936748e+01	6.148631e-03
-2.926748e+01	6.191401e-03
-2.916748e+01	6.234625e-03
-2.906748e+01	6.278310e-03
-2.896748e+01	6.322462e-03
-2.886748e+01	6.367088e-03
-2.876748e+01	6.412195e-03
-2.866748e+01	6.457791e-03
-2.856748e+01	6.503881e-03
-2.846748e+01	6.550474e-03
-2.836748e+01	6.597577e-03
-2.826748e+01	6.645198e-03
-2.816748e+01	6.693344e-03
-2.806748e+01	6.742022e-03
-2.796748e+01	6.791242e-03
-2.786748e+01	6.841011e-03
-2.776748e+01	6.891338e-03
-2.766748e+01	6.942231e-03
-2.756748e+01	6.993698e-03
-2.746748e+01	7.045749e-03
-2.736748e+01	7.098392e-03
-2.726748e+01	7.151637e-03
-2.716748e+01	7.205493e-03
-2.706748e+01	7.259970e-03
-2.696748e+01	7.315076e-03
-2.686748e+01	7.370823e-03
-2.676748e+01	7.427220e-03
-2.666748e+01	7.484277e-03
-2.656748e+01	7.542006e-03
-2.646748e+01	7.600416e-03
-2.636748e+01	7.659518e-03
-2.626748e+01	7.719325e-03
-2.616748e+01	7.779847e-03
-2.606748e+01	7.841096e-03
-2.596748e+01	7.903083e-03
-2.586748e+01	7.965821e-03
-2.576748e+01	8.029323e-03
-2.566748e+01	8.093600e-03
-2.556748e+01	8.158666e-03
-2.546748e+01	8.224534e-03
-2.536748e+01	8.291217e-03
-2.526748e+01	8.358729e-03
-2.516748e+01	8.427085e-03
-2.506748e+01	8.496298e-03
-2.496748e+01	8.566383e-03
-2.486748e+01	8.637355e-03
-2.476748e+01	8.709229e-03
-2.466748e+01	8.782021e-03
-2.456748e+01	8.855747e-03
-2.446748e+01	8.930424e-03
-2.436748e+01	9.006067e-03
-2.426748e+01	9.082694e-03
-2.416748e+01	9.160323e-03
-2.406748e+01	9.238971e-03
-2.396748e+01	9.318656e-03
-2.386748e+01	9.399398e-03
-2.376748e+01	9.481215e-03
-2.366748e+01	9.564126e-03
-2.356748e+01	9.648153e-03
-2.346748e+01	9.733314e-03
-2.336748e+01	9.819632e-03
-2.326748e+01	9.907127e-03
-2.316748e+01	9.995822e-03
-2.306748e+01	1.008574e-02
-2.296748e+01	1.017690e-02
-2.286748e+01	1.026933e-02
-2.276748e+01	1.036305e-02
-2.266748e+01	1.045809e-02
-2.256748e+01	1.055447e-02
-2.246748e+01	1.065222e-02
-2.236748e+01	1.075137e-02
-2.226748e+01	1.085194e-02
-2.216748e+01	1.095395e-02
-2.206748e+01	1.105745e-02
-2.196748e+01	1.116245e-02
-2.186748e+01	1.126899e-02
-2.176748e+01	1.137710e-02
-2.166748e+01	1.148682e-02
-2.156748e+01	1.159816e-02
-2.146748e+01	1.171117e-02
-2.136748e+01	1.182588e-02
-2.126748e+01	1.194232e-02
-2.116748e+01	1.206054e-02
-2.106748e+01	1.218056e-02
-2.096748e+01	1.230243e-02
-2.086748e+01	1.242619e-02
-2.076748e+01	1.255187e-02
-2.066748e+01	1.267951e-02
-2.056748e+01	1.280917e-02
-2.046748e+01	1.294087e-02
-2.036748e+01	1.307467e-02
-2.026748e+01	1.321061e-02
-2.016748e+01	1.334874e-02
-2.006748e+01	1.348911e-02
-1.996748e+01	1.363176e-02
-1.986748e+01	1.377675e-02
-1.976748e+01	1.392413e-02
-1.966748e+01	1.407396e-02
-1.956748e+01	1.422628e-02
-1.946748e+01	1.438116e-02
-1.936748e+01	1.453866e-02
-1.926748e+01	1.469884e-02
-1.916748e+01	1.486176e-02
-1.906748e+01	1.502748e-02
-1.896748e+01	1.519607e-02
-1.886748e+01	1.536760e-02
-1.876748e+01	1.554214e-02
-1.866748e+01	1.571976e-02
-1.856748e+01	1.590054e-02
-1.846748e+01	1.608456e-02
-1.836748e+01	1.627188e-02
-1.826748e+01	1.646261e-02
-1.816748e+01	1.665682e-02
-1.806748e+01	1.685459e-02
-1.796748e+01	1.705603e-02
-1.786748e+01	1.726122e-02
-1.776748e+01	1.747026e-02
-1.766748e+01	1.768325e-02
-1.756748e+01	1.790029e-02
-1.746748e+01	1.812149e-02
-1.736748e+01	1.834696e-02
-1.726748e+01	1.857681e-02
-1.716748e+01	1.881117e-02
-1.706748e+01	1.905014e-02
-1.696748e+01	1.929387e-02
-1.686748e+01	1.954248e-02
-1.676748e+01	1.979610e-02
-1.666748e+01	2.005488e-02
-1.656748e+01	2.031895e-02
-1.646748e+01	2.058848e-02
-1.636748e+01	2.086362e-02
-1.626748e+01	2.114452e-02
-1.616748e+01	2.143137e-02
-1.606748e+01	2.172432e-02
-1.596748e+01	2.202356e-02
-1.586748e+01	2.232929e-02
-1.576748e+01	2.264169e-02
-1.566748e+01	2.296097e-02
-1.556748e+01	2.328733e-02
-1.546748e+01	2.362101e-02
-1.536748e+01	2.396222e-02
-1.526748e+01	2.431120e-02
-1.516748e+01	2.466820e-02
-1.506748e+01	2.503348e-02
-1.496748e+01	2.540730e-02
-1.486748e+01	2.578994e-02
-1.476748e+01	2.618170e-02
-1.466748e+01	2.658288e-02
-1.456748e+01	2.699379e-02
-1.446748e+01	2.741476e-02
-1.436748e+01	2.784615e-02
-1.426748e+01	2.828830e-02
-1.416748e+01	2.874161e-02
-1.406748e+01	2.920645e-02
-1.396748e+01	2.968325e-02
-1.386748e+01	3.017243e-02
-1.376748e+01	3.067445e-02
-1.366748e+01	3.118978e-02
-1.356748e+01	3.171892e-02
-1.346748e+01	3.226239e-02
-1.336748e+01	3.282073e-02
-1.326748e+01	3.339453e-02
-1.316748e+01	3.398438e-02
-1.306748e+01	3.459092e-02
-1.296748e+01	3.521482e-02
-1.286748e+01	3.585677e-02
-1.276748e+01	3.651753e-02
-1.266748e+01	3.719787e-02
-1.256748e+01	3.789861e-02
-1.246748e+01	3.862063e-02
-1.236748e+01	3.936484e-02
-1.226748e+01	4.013221e-02
-1.216748e+01	4.092378e-02
-1.206748e+01	4.174063e-02
-1.196748e+01	4.258391e-02
-1.186748e+01	4.345486e-02
-1.176748e+01	4.435476e-02
-1.166748e+01	4.528501e-02
-1.156748e+01	4.624707e-02
-1.146748e+01	4.724251e-02
-1.136748e+01	4.827299e-02
-1.126748e+01	4.934031e-02
-1.116748e+01	5.044636e-02
-1.106748e+01	5.159318e-02
-1.096748e+01	5.278295e-02
-1.086748e+01	5.401803e-02
-1.076748e+01	5.530091e-02
-1.066748e+01	5.663431e-02
-1.056748e+01	5.802114e-02
-1.046748e+01	5.946455e-02
-1.036748e+01	6.096794e-02
-1.026748e+01	6.253499e-02
-1.016748e+01	6.416969e-02
-1.006748e+01	6.587638e-02
-9.967479e+00	6.765979e-02
-9.867479e+00	6.952509e-02
-9.767479e+00	7.147792e-02
-9.667479e+00	7.352447e-02
-9.567479e+00	7.567156e-02
-9.467479e+00	7.792670e-02
-9.367479e+00	8.029821e-02
-9.267479e+00	8.279531e-02
-9.167479e+00	8.542828e-02
-9.067479e+00	8.820858e-02
-8.967479e+00	9.114912e-02
-8.867479e+00	9.426440e-02
-8.767479e+00	9.757088e-02
-8.667479e+00	1.010872e-01
-8.567479e+00	1.048349e-01
-8.467479e+00	1.088385e-01
-8.367479e+00	1.131265e-01
-8.267479e+00	1.177321e-01
-8.167479e+00	1.226945e-01
-8.067479e+00	1.280598e-01
-7.967479e+00	1.338833e-01
-7.867479e+00	1.402316e-01
-7.767479e+00	1.471860e-01
-7.667479e+00	1.548467e-01
-7.567479e+00	1.633392e-01
-7.467479e+00	1.728220e-01
-7.367479e+00	1.834995e-01
-7.267479e+00	1.956392e-01
-7.167479e+00	2.095978e-01
-7.067479e+00	2.258615e-01
-6.967479e+00	2.451076e-01
-6.867479e+00	2.683057e-01
-6.767479e+00	2.968824e-01
-6.667479e+00	3.330057e-01
-6.567479e+00	3.800857e-01
-6.467479e+00	4.436881e-01
-6.367479e+00	5.332306e-01
-6.267479e+00	6.650831e-01
-6.167479e+00	8.674511e-01
-6.067479e+00	1.182538e+00
-5.967479e+00	1.632760e+00
-5.867479e+00	2.061069e+00
-5.767479e+00	2.069068e+00
-5.667479e+00	1.672356e+00
-5.567479e+00	1.269194e+00
-5.467479e+00	1.004573e+00
-5.367479e+00	8.535892e-01
-5.267479e+00	7.739928e-01
-5.167479e+00	7.390135e-01
-5.067479e+00	7.364745e-01
-4.967479e+00	7.611705e-01
-4.867479e+00	8.109502e-01
-4.767479e+00	8.816883e-01
-4.667479e+00	9.615568e-01
-4.567479e+00	1.049568e+00
-4.467479e+00	1.166157e+00
-4.367479e+00	1.329273e+00
-4.267479e+00	1.553944e+00
-4.167479e+00	1.865845e+00
-4.067479e+00	2.312210e+00
-3.967479e+00	2.959401e+00
-3.867479e+00	3.860453e+00
-3.767479e+00	5.021598e+00
-3.667479e+00	6.550059e+00
-3.567479e+00	8.366934e+00
-3.467479e+00	9.479782e+00
-3.367479e+00	9.577651e+00
-3.267479e+00	1.007527e+01
-3.167479e+00	1.176447e+01
-3.067479e+00	1.394017e+01
-2.967479e+00	1.518517e+01
-2.867479e+00	1.532773e+01
-2.767479e+00	1.415503e+01
-2.667479e+00	1.238892e+01
-2.567479e+00	1.144330e+01
-2.467479e+00	1.145154e+01
-2.367479e+00	1.216051e+01
-2.267479e+00	1.322265e+01
-2.167479e+00	1.314636e+01
-2.067479e+00	1.086058e+01
-1.967479e+00	7.968181e+00
-1.867479e+00	5.785284e+00
-1.767479e+00	4.370758e+00
-1.667479e+00	3.474536e+00
-1.567479e+00	2.917424e+00
-1.467479e+00	2.593157e+00
-1.367479e+00	2.439128e+00
-1.267479e+00	2.426670e+00
-1.167479e+00	2.575317e+00
-1.067479e+00	2.950901e+00
-9.674791e-01	3.667292e+00
-8.674791e-01	4.871992e+00
-7.674791e-01	6.490656e+00
-6.674791e-01	7.521737e+00
-5.674791e-01	6.774284e+00
-4.674791e-01	5.166304e+00
-3.674791e-01	3.903751e+00
-2.674791e-01	3.194952e+00
-1.674791e-01	2.940758e+00
-6.747911e-02	3.083260e+00
3.252089e-02	3.597450e+00
1.325209e-01	4.218943e+00
2.325209e-01	4.209627e+00
3.325209e-01	3.421047e+00
4.325209e-01	2.567629e+00
5.325209e-01	1.982977e+00
6.325209e-01	1.644086e+00
7.325209e-01	1.481747e+00
8.325209e-01	1.434843e+00
9.325209e-01	1.395913e+00
1.032521e+00	1.260079e+00
1.132521e+00	1.086347e+00
1.232521e+00	9.557951e-01
1.332521e+00	8.785664e-01
1.432521e+00	8.438665e-01
1.532521e+00	8.427889e-01
1.632521e+00	8.625514e-01
1.732521e+00	8.769348e-01
1.832521e+00	8.791427e-01
1.932521e+00	8.941616e-01
2.032521e+00	9.373027e-01
2.132521e+00	1.014209e+00
2.232521e+00	1.133321e+00
2.332521e+00	1.311687e+00
2.432521e+00	1.578292e+00
2.532521e+00	1.964802e+00
2.632521e+00	2.433019e+00
2.732521e+00	2.760446e+00
2.832521e+00	2.840922e+00
2.932521e+00	2.956400e+00
3.032521e+00	3.336539e+00
3.132521e+00	4.099111e+00
3.232521e+00	5.413664e+00
3.332521e+00	7.583077e+00
3.432521e+00	1.095835e+01
3.532521e+00	1.511874e+01
3.632521e+00	1.715158e+01
3.732521e+00	1.466202e+01
3.832521e+00	1.054324e+01
3.932521e+00	7.376106e+00
4.032521e+00	5.382453e+00
4.132521e+00	4.184192e+00
4.232521e+00	3.479597e+00
4.332521e+00	3.094452e+00
4.432521e+00	2.939379e+00
4.532521e+00	2.978537e+00
4.632521e+00	3.216101e+00
4.732521e+00	3.697164e+00
4.832521e+00	4.523710e+00
4.932521e+00	5.890345e+00
5.032521e+00	8.138480e+00
5.132521e+00	1.174434e+01
5.232521e+00	1.672735e+01
5.332521e+00	2.057800e+01
5.432521e+00	1.909582e+01
5.532521e+00	1.405100e+01
5.632521e+00	9.557451e+00
5.732521e+00	6.573194e+00
5.832521e+00	4.696081e+00
5.932521e+00	3.492899e+00
6.032521e+00	2.692245e+00
6.132521e+00	2.138299e+00
6.232521e+00	1.741206e+00
6.332521e+00	1.447593e+00
6.432521e+00	1.224610e+00
6.532521e+00	1.051320e+00
6.632521e+00	9.139393e-01
6.732521e+00	8.031262e-01
6.832521e+00	7.123810e-01
6.932521e+00	6.370750e-01
7.032521e+00	5.738426e-01
7.132521e+00	5.201902e-01
7.232521e+00	4.742395e-01
7.332521e+00	4.345535e-01
7.432521e+00	4.000181e-01
7.532521e+00	3.697585e-01
7.632521e+00	3.430801e-01
7.732521e+00	3.194254e-01
7.832521e+00	2.983431e-01
7.932521e+00	2.794640e-01
8.032521e+00	2.624845e-01
8.132521e+00	2.471524e-01
8.232521e+00	2.332571e-01
8.332521e+00	2.206219e-01
8.432521e+00	2.090974e-01
8.532521e+00	1.985569e-01
8.632521e+00	1.888928e-01
8.732521e+00	1.800134e-01
8.832521e+00	1.718411e-01
8.932521e+00	1.643111e-01
9.032521e+00	1.573708e-01
9.132521e+00	1.509809e-01
9.232521e+00	1.451181e-01
9.332521e+00	1.397749e-01
9.432521e+00	1.349295e-01
9.532521e+00	1.304263e-01
9.632521e+00	1.259755e-01
9.732521e+00	1.216265e-01
9.832521e+00	1.176439e-01
9.932521e+00	1.141151e-01
1.003252e+01	1.110439e-01
1.013252e+01	1.084539e-01
1.023252e+01	1.064214e-01
1.033252e+01	1.051036e-01
1.043252e+01	1.047854e-01
1.053252e+01	1.059148e-01
1.063252e+01	1.088772e-01
1.073252e+01	1.127767e-01
1.083252e+01	1.148758e-01
1.093252e+01	1.159492e-01
1.103252e+01	1.199665e-01
1.113252e+01	1.261000e-01
1.123252e+01	1.272935e-01
1.133252e+01	1.228166e-01
1.143252e+01	1.209506e-01
1.153252e+01	1.267772e-01
1.163252e+01	1.423555e-01
1.173252e+01	1.656625e-01
1.183252e+01	1.808021e-01
1.193252e+01	1.712999e-01
1.203252e+01	1.522133e-01
1.213252e+01	1.392392e-01
1.223252e+01	1.342081e-01
1.233252e+01	1.365331e-01
1.243252e+01	1.376099e-01
1.253252e+01	1.267565e-01
1.263252e+01	1.095208e-01
1.273252e+01	9.349342e-02
1.283252e+01	8.124684e-02
1.293252e+01	7.289952e-02
1.303252e+01	6.749285e-02
1.313252e+01	6.424620e-02
1.323252e+01	6.277463e-02
1.333252e+01	6.272977e-02
1.343252e+01	6.275965e-02
1.353252e+01	6.071762e-02
1.363252e+01	5.708647e-02
1.373252e+01	5.336868e-02
1.383252e+01	5.006780e-02
1.393252e+01	4.744240e-02
1.403252e+01	4.544838e-02
1.413252e+01	4.385914e-02
1.423252e+01	4.246750e-02
1.433252e+01	4.122513e-02
1.443252e+01	4.013941e-02
1.453252e+01	3.918594e-02
1.463252e+01	3.833837e-02
1.473252e+01	3.758347e-02
1.483252e+01	3.691513e-02
1.493252e+01	3.632668e-02
1.503252e+01	3.580521e-02
1.513252e+01	3.531387e-02
1.523252e+01	3.476083e-02
1.533252e+01	3.414705e-02
1.543252e+01	3.357255e-02
1.553252e+01	3.307591e-02
1.563252e+01	3.265334e-02
1.573252e+01	3.229846e-02
1.583252e+01	3.201010e-02
1.593252e+01	3.179389e-02
1.603252e+01	3.166583e-02
1.613252e+01	3.164636e-02
1.623252e+01	3.177047e-02
1.633252e+01	3.212209e-02
1.643252e+01	3.280570e-02
1.653252e+01	3.377563e-02
1.663252e+01	3.450241e-02
1.673252e+01	3.456177e-02
1.683252e+01	3.463242e-02
1.693252e+01	3.541102e-02
1.703252e+01	3.710112e-02
1.713252e+01	3.934722e-02
1.723252e+01	4.116301e-02
1.733252e+01	4.264930e-02
1.743252e+01	4.481949e-02
1.753252e+01	4.835390e-02
1.763252e+01	5.455721e-02
1.773252e+01	6.465175e-02
1.783252e+01	7.799887e-02
1.793252e+01	9.113125e-02
1.803252e+01	1.007882e-01
1.813252e+01	1.034582e-01
1.823252e+01	1.014022e-01
1.833252e+01	1.025205e-01
1.843252e+01	1.080413e-01
1.853252e+01	1.056323e-01
1.863252e+01	9.016536e-02
1.873252e+01	7.409558e-02
1.883252e+01	6.417537e-02
1.893252e+01	6.011877e-02
1.903252e+01	6.120263e-02
1.913252e+01	6.797063e-02
1.923252e+01	8.154341e-02
1.933252e+01	1.000023e-01
1.943252e+01	1.124858e-01
1.953252e+01	1.099276e-01
1.963252e+01	9.783616e-02
1.973252e+01	8.117069e-02
1.983252e+01	6.643286e-02
1.993252e+01	5.624349e-02
2.003252e+01	4.837707e-02
2.013252e+01	4.211556e-02
2.023252e+01	3.772348e-02
2.033252e+01	3.472515e-02
2.043252e+01	3.294147e-02
2.053252e+01	3.250946e-02
2.063252e+01	3.361668e-02
2.073252e+01	3.598176e-02
2.083252e+01	3.763867e-02
2.093252e+01	3.678086e-02
2.103252e+01	3.548907e-02
2.113252e+01	3.548458e-02
2.123252e+01	3.541275e-02
2.133252e+01	3.376771e-02
2.143252e+01	3.174657e-02
2.153252e+01	3.096721e-02
2.163252e+01	3.193848e-02
2.173252e+01	3.468681e-02
2.183252e+01	3.900520e-02
2.193252e+01	4.347436e-02
2.203252e+01	4.749049e-02
2.213252e+01	5.385090e-02
2.223252e+01	6.241436e-02
2.233252e+01	6.586930e-02
2.243252e+01	5.932802e-02
2.253252e+01	4.872964e-02
2.263252e+01	4.086315e-02
2.273252e+01	3.683153e-02
2.283252e+01	3.466073e-02
2.293252e+01	3.222738e-02
2.303252e+01	2.902889e-02
2.313252e+01	2.561296e-02
2.323252e+01	2.297207e-02
2.333252e+01	2.128907e-02
2.343252e+01	2.027876e-02
2.353252e+01	1.978364e-02
2.363252e+01	1.966370e-02
2.373252e+01	1.945698e-02
2.383252e+01	1.876130e-02
2.393252e+01	1.797257e-02
2.403252e+01	1.743472e-02
2.413252e+01	1.714975e-02
2.423252e+01	1.717209e-02
2.433252e+01	1.759788e-02
2.443252e+01	1.845447e-02
2.453252e+01	1.948174e-02
2.463252e+01	2.015318e-02
2.473252e+01	2.062905e-02
2.483252e+01	2.152814e-02
2.493252e+01	2.290426e-02
2.503252e+01	2.444284e-02
2.513252e+01	2.590553e-02
2.523252e+01	2.736925e-02
2.533252e+01	2.856317e-02
2.543252e+01	2.879535e-02
2.553252e+01	2.821722e-02
2.563252e+01	2.789619e-02
2.573252e+01	2.834624e-02
2.583252e+01	2.934608e-02
2.593252e+01	3.145823e-02
2.603252e+01	3.580006e-02
2.613252e+01	4.330509e-02
2.623252e+01	5.491749e-02
2.633252e+01	7.127704e-02
2.643252e+01	8.831532e-02
2.653252e+01	9.793403e-02
2.663252e+01	1.014620e-01
2.673252e+01	1.015590e-01
2.683252e+01	9.610134e-02
2.693252e+01	8.433521e-02
2.703252e+01	7.269181e-02
2.713252e+01	6.290860e-02
2.723252e+01	5.250540e-02
2.733252e+01	4.207824e-02
2.743252e+01	3.430037e-02
2.753252e+01	2.956692e-02
2.763252e+01	2.675963e-02
2.773252e+01	2.449660e-02
2.783252e+01	2.258468e-02
2.793252e+01	2.156248e-02
2.803252e+01	2.110373e-02
2.813252e+01	2.008890e-02
2.823252e+01	1.841496e-02
2.833252e+01	1.686580e-02
2.843252e+01	1.578087e-02
2.853252e+01	1.511560e-02
2.863252e+01	1.481497e-02
2.873252e+01	1.487454e-02
2.883252e+01	1.532029e-02
2.893252e+01	1.624242e-02
2.903252e+01	1.783681e-02
2.913252e+01	2.046714e-02
2.923252e+01	2.473132e-02
2.933252e+01	3.133204e-02
2.943252e+01	4.013310e-02
2.953252e+01	4.779970e-02
2.963252e+01	4.935031e-02
2.973252e+01	4.591634e-02
2.983252e+01	4.041870e-02
2.993252e+01	3.537870e-02
3.003252e+01	3.155574e-02
3.013252e+01	2.754870e-02
3.023252e+01	2.325820e-02
3.033252e+01	1.988232e-02
3.043252e+01	1.746423e-02
3.053252e+01	1.587004e-02
3.063252e+01	1.514649e-02
3.073252e+01	1.528926e-02
3.083252e+01	1.622591e-02
3.093252e+01	1.767143e-02
3.103252e+01	1.889504e-02
3.113252e+01	1.834150e-02
3.123252e+01	1.609377e-02
3.133252e+01	1.395463e-02
3.143252e+01	1.260176e-02
3.153252e+01	1.194297e-02
3.163252e+01	1.184716e-02
3.173252e+01	1.231110e-02
3.183252e+01	1.348264e-02
3.193252e+01	1.564357e-02
3.203252e+01	1.887636e-02
3.213252e+01	2.182266e-02
3.223252e+01	2.188573e-02
3.233252e+01	1.964570e-02
3.243252e+01	1.684386e-02
3.253252e+01	1.403860e-02
3.263252e+01	1.186078e-02
3.273252e+01	1.040924e-02
3.283252e+01	9.459283e-03
3.293252e+01	8.833794e-03
3.303252e+01	8.430046e-03
3.313252e+01	8.154766e-03
3.323252e+01	7.956917e-03
3.333252e+01	7.865826e-03
3.343252e+01	7.913018e-03
3.353252e+01	8.104831e-03
3.363252e+01	8.440493e-03
3.373252e+01	8.989354e-03
3.383252e+01	9.824746e-03
3.393252e+01	1.058536e-02
3.403252e+01	1.058676e-02
3.413252e+01	9.952597e-03
3.423252e+01	9.031724e-03
3.433252e+01	8.097506e-03
3.443252e+01	7.392286e-03
3.453252e+01	6.924985e-03
3.463252e+01	6.622538e-03
3.473252e+01	6.421476e-03
3.483252e+01	6.282914e-03
3.493252e+01	6.195452e-03
3.503252e+01	6.154949e-03
3.513252e+01	6.158250e-03
3.523252e+01	6.219125e-03
3.533252e+01	6.369344e-03
3.543252e+01	6.647299e-03
3.553252e+01	7.003917e-03
3.563252e+01	7.136721e-03
3.573252e+01	6.837680e-03
3.583252e+01	6.410540e-03
3.593252e+01	6.091353e-03
3.603252e+01	5.894256e-03
3.613252e+01	5.783319e-03
3.623252e+01	5.730457e-03
3.633252e+01	5.718987e-03
3.643252e+01	5.748405e-03
3.653252e+01	5.831503e-03
3.663252e+01	5.977889e-03
3.673252e+01	6.157330e-03
3.683252e+01	6.287221e-03
3.693252e+01	6.386738e-03
3.703252e+01	6.557712e-03
3.713252e+01	6.841600e-03
3.723252e+01	7.251854e-03
3.733252e+01	7.663778e-03
3.743252e+01	7.948031e-03
3.753252e+01	8.358585e-03
3.763252e+01	9.235851e-03
3.773252e+01	1.083023e-02
3.783252e+01	1.325014e-02
3.793252e+01	1.575315e-02
3.803252e+01	1.628401e-02
3.813252e+01	1.461526e-02
3.823252e+01	1.250466e-02
3.833252e+01	1.083183e-02
3.843252e+01	9.758958e-03
3.853252e+01	9.065955e-03
3.863252e+01	8.684640e-03
3.873252e+01	8.690033e-03
3.883252e+01	9.093420e-03
3.893252e+01	9.820816e-03
3.903252e+01	1.067644e-02
3.913252e+01	1.118651e-02
3.923252e+01	1.102573e-02
3.933252e+01	1.038467e-02
3.943252e+01	9.813589e-03
3.953252e+01	9.658076e-03
3.963252e+01	9.966836e-03
3.973252e+01	1.070128e-02
3.983252e+01	1.190546e-02
3.993252e+01	1.381955e-02
4.003252e+01	1.682811e-02
4.013252e+01	2.162072e-02
4.023252e+01	2.921213e-02
4.033252e+01	3.951568e-02
4.043252e+01	4.743210e-02
4.053252e+01	4.588942e-02
4.063252e+01	3.940457e-02
4.073252e+01	3.541957e-02
4.083252e+01	3.388817e-02
4.093252e+01	3.073464e-02
4.103252e+01	2.498856e-02
4.113252e+01	1.943988e-02
4.123252e+01	1.550135e-02
4.133252e+01	1.301312e-02
4.143252e+01	1.141744e-02
4.153252e+01	1.040152e-02
4.163252e+01	9.760205e-03
4.173252e+01	9.264186e-03
4.183252e+01	8.784850e-03
4.193252e+01	8.295417e-03
4.203252e+01	8.001820e-03
4.213252e+01	8.080022e-03
4.223252e+01	8.342482e-03
4.233252e+01	8.134122e-03
4.243252e+01	7.268661e-03
4.253252e+01	6.351467e-03
4.263252e+01	5.685953e-03
4.273252e+01	5.238384e-03
4.283252e+01	4.919624e-03
4.293252e+01	4.678161e-03
4.303252e+01	4.494686e-03
4.313252e+01	4.354634e-03
4.323252e+01	4.246057e-03
4.333252e+01	4.160975e-03
4.343252e+01	4.094493e-03
4.353252e+01	4.043670e-03
4.363252e+01	4.006515e-03
4.373252e+01	3.982049e-03
4.383252e+01	3.971622e-03
4.393252e+01	3.978252e-03
4.403252e+01	4.006390e-03
4.413252e+01	4.063317e-03
4.423252e+01	4.160477e-03
4.433252e+01	4.311800e-03
4.443252e+01	4.524664e-03
4.453252e+01	4.809083e-03
4.463252e+01	5.224760e-03
4.473252e+01	5.902615e-03
4.483252e+01	7.000179e-03
4.493252e+01	8.439152e-03
4.503252e+01	9.294734e-03
4.513252e+01	8.557499e-03
4.523252e+01	7.087239e-03
4.533252e+01	5.905315e-03
4.543252e+01	5.152711e-03
4.553252e+01	4.698630e-03
4.563252e+01	4.426311e-03
4.573252e+01	4.268689e-03
4.583252e+01	4.197381e-03
4.593252e+01	4.202710e-03
4.603252e+01	4.288661e-03
4.613252e+01	4.476642e-03
4.623252e+01	4.813331e-03
4.633252e+01	5.380359e-03
4.643252e+01	6.265788e-03
4.653252e+01	7.327947e-03
4.663252e+01	7.786388e-03
4.673252e+01	7.151541e-03
4.683252e+01	6.223379e-03
4.693252e+01	5.590836e-03
4.703252e+01	5.289046e-03
4.713252e+01	5.245634e-03
4.723252e+01	5.429491e-03
4.733252e+01	5.862562e-03
4.743252e+01	6.615591e-03
4.753252e+01	7.749807e-03
4.763252e+01	9.102420e-03
4.773252e+01	1.038617e-02
4.783252e+01	1.212066e-02
4.793252e+01	1.526375e-02
4.803252e+01	1.995295e-02
4.813252e+01	2.362294e-02
4.823252e+01	2.203895e-02
4.833252e+01	1.696303e-02
4.843252e+01	1.248903e-02
4.853252e+01	9.570499e-03
4.863252e+01	7.773250e-03
4.873252e+01	6.571397e-03
4.883252e+01	5.685470e-03
4.893252e+01	5.056351e-03
4.903252e+01	4.642587e-03
4.913252e+01	4.401866e-03
4.923252e+01	4.312644e-03
4.933252e+01	4.345467e-03
4.943252e+01	4.364087e-03
4.953252e+01	4.170423e-03
4.963252e+01	3.842342e-03
4.973252e+01	3.559804e-03
4.983252e+01	3.361697e-03
4.993252e+01	3.227335e-03
5.003252e+01	3.135854e-03
5.013252e+01	3.074714e-03
5.023252e+01	3.037515e-03
5.033252e+01	3.021661e-03
5.043252e+01	3.028156e-03
5.053252e+01	3.063434e-03
5.063252e+01	3.140526e-03
5.073252e+01	3.282366e-03
5.083252e+01	3.524732e-03
5.093252e+01	3.894257e-03
5.103252e+01	4.287158e-03
5.113252e+01	4.378386e-03
5.123252e+01	4.134406e-03
5.133252e+01	3.911844e-03
5.143252e+01	3.896507e-03
5.153252e+01	4.127489e-03
5.163252e+01	4.575435e-03
5.173252e+01	4.954825e-03
5.183252e+01	4.805262e-03
5.193252e+01	4.313275e-03
5.203252e+01	3.939231e-03
5.213252e+01	3.815381e-03
5.223252e+01	3.901010e-03
5.233252e+01	4.011038e-03
5.243252e+01	3.882041e-03
5.253252e+01	3.568222e-03
5.263252e+01	3.267107e-03
5.273252e+01	3.023790e-03
5.283252e+01	2.830929e-03
5.293252e+01	2.692110e-03
5.303252e+01	2.597413e-03
5.313252e+01	2.533376e-03
5.323252e+01	2.491119e-03
5.333252e+01	2.465922e-03
5.343252e+01	2.453189e-03
5.353252e+01	2.442792e-03
5.363252e+01	2.429435e-03
5.373252e+01	2.423947e-03
5.383252e+01	2.429411e-03
5.393252e+01	2.424717e-03
5.403252e+01	2.392678e-03
5.413252e+01	2.353310e-03
5.423252e+01	2.323269e-03
5.433252e+01	2.302872e-03
5.443252e+01	2.288889e-03
5.453252e+01	2.279613e-03
5.463252e+01	2.274184e-03
5.473252e+01	2.271917e-03
5.483252e+01	2.272058e-03
5.493252e+01	2.274127e-03
5.503252e+01	2.278805e-03
5.513252e+01	2.287228e-03
5.523252e+01	2.300404e-03
5.533252e+01	2.318202e-03
5.543252e+01	2.336031e-03
5.553252e+01	2.348400e-03
5.563252e+01	2.359171e-03
5.573252e+01	2.374323e-03
5.583252e+01	2.397281e-03
5.593252e+01	2.429320e-03
5.603252e+01	2.470066e-03
5.613252e+01	2.520784e-03
5.623252e+01	2.588740e-03
5.633252e+01	2.685084e-03
5.643252e+01	2.825102e-03
5.653252e+01	3.025123e-03
5.663252e+01	3.268211e-03
5.673252e+01	3.445853e-03
5.683252e+01	3.477022e-03
5.693252e+01	3.458834e-03
5.703252e+01	3.468661e-03
5.713252e+01	3.527525e-03
5.723252e+01	3.666786e-03
5.733252e+01	3.916845e-03
5.743252e+01	4.311665e-03
5.753252e+01	4.901107e-03
5.763252e+01	5.726113e-03
5.773252e+01	6.734001e-03
5.783252e+01	7.844613e-03
5.793252e+01	9.144801e-03
5.803252e+01	1.064561e-02
5.813252e+01	1.206929e-02
5.823252e+01	1.300576e-02
5.833252e+01	1.295053e-02
5.843252e+01	1.206977e-02
5.853252e+01	1.143058e-02
5.863252e+01	1.174968e-02
5.873252e+01	1.323046e-02
5.883252e+01	1.621759e-02
5.893252e+01	2.141928e-02
5.903252e+01	2.929481e-02
5.913252e+01	3.750526e-02
5.923252e+01	3.948282e-02
5.933252e+01	3.461571e-02
5.943252e+01	2.980425e-02
5.953252e+01	2.775437e-02
5.963252e+01	2.583956e-02
5.973252e+01	2.156341e-02
5.983252e+01	1.665735e-02
5.993252e+01	1.313808e-02
6.003252e+01	1.113610e-02
6.013252e+01	1.002425e-02
6.023252e+01	9.078529e-03
6.033252e+01	8.152771e-03
6.043252e+01	7.639291e-03
6.053252e+01	7.753144e-03
6.063252e+01	8.316162e-03
6.073252e+01	8.501264e-03
6.083252e+01	7.599242e-03
6.093252e+01	6.270150e-03
6.103252e+01	5.240664e-03
6.113252e+01	4.618202e-03
6.123252e+01	4.284947e-03
6.133252e+01	4.042215e-03
6.143252e+01	3.723875e-03
6.153252e+01	3.395665e-03
6.163252e+01	3.146796e-03
6.173252e+01	2.978810e-03
6.183252e+01	2.873179e-03
6.193252e+01	2.816574e-03
6.203252e+01	2.801924e-03
6.213252e+01	2.826385e-03
6.223252e+01	2.891296e-03
6.233252e+01	3.008735e-03
6.243252e+01	3.202419e-03
6.253252e+01	3.509427e-03
6.263252e+01	3.993201e-03
6.273252e+01	4.765955e-03
6.283252e+01	6.018358e-03
6.293252e+01	8.002128e-03
6.303252e+01	1.065855e-02
6.313252e+01	1.248907e-02
6.323252e+01	1.143129e-02
6.333252e+01	8.753023e-03
6.343252e+01	6.489837e-03
