#RPA-results:
#Nucleus: Ni 80
#Fermi level: -1.541935e+00	-1.810941e+01
#Excitation: 1 +
#Total number of pairs: 494
#Number of ph-/ah-pairs: 494/0
#Maximal excitation-energy for particle-hole-pairs: 100
#Maximal excitation-energy for antiparticle-hole-pairs: 1000
#No imaginary eigenvalues

#Parameterset: DD-PC1
#natural parity: no
#Isoscalar result:

#width: 5.000000e-01
#maximum value: 1.395946e-02
#at energy: 6.343252e+01
-9.656748e+01	5.252943e-04
-9.646748e+01	5.263363e-04
-9.636748e+01	5.273814e-04
-9.626748e+01	5.284296e-04
-9.616748e+01	5.294810e-04
-9.606748e+01	5.305355e-04
-9.596748e+01	5.315932e-04
-9.586748e+01	5.326541e-04
-9.576748e+01	5.337181e-04
-9.566748e+01	5.347854e-04
-9.556748e+01	5.358558e-04
-9.546748e+01	5.369295e-04
-9.536748e+01	5.380064e-04
-9.526748e+01	5.390865e-04
-9.516748e+01	5.401699e-04
-9.506748e+01	5.412566e-04
-9.496748e+01	5.423466e-04
-9.486748e+01	5.434399e-04
-9.476748e+01	5.445365e-04
-9.466748e+01	5.456364e-04
-9.456748e+01	5.467396e-04
-9.446748e+01	5.478463e-04
-9.436748e+01	5.489562e-04
-9.426748e+01	5.500696e-04
-9.416748e+01	5.511864e-04
-9.406748e+01	5.523065e-04
-9.396748e+01	5.534301e-04
-9.386748e+01	5.545572e-04
-9.376748e+01	5.556877e-04
-9.366748e+01	5.568216e-04
-9.356748e+01	5.579590e-04
-9.346748e+01	5.591000e-04
-9.336748e+01	5.602444e-04
-9.326748e+01	5.613924e-04
-9.316748e+01	5.625439e-04
-9.306748e+01	5.636989e-04
-9.296748e+01	5.648575e-04
-9.286748e+01	5.660197e-04
-9.276748e+01	5.671855e-04
-9.266748e+01	5.683549e-04
-9.256748e+01	5.695280e-04
-9.246748e+01	5.707046e-04
-9.236748e+01	5.718850e-04
-9.226748e+01	5.730690e-04
-9.216748e+01	5.742567e-04
-9.206748e+01	5.754481e-04
-9.196748e+01	5.766432e-04
-9.186748e+01	5.778420e-04
-9.176748e+01	5.790446e-04
-9.166748e+01	5.802510e-04
-9.156748e+01	5.814611e-04
-9.146748e+01	5.826750e-04
-9.136748e+01	5.838928e-04
-9.126748e+01	5.851144e-04
-9.116748e+01	5.863398e-04
-9.106748e+01	5.875691e-04
-9.096748e+01	5.888022e-04
-9.086748e+01	5.900393e-04
-9.076748e+01	5.912802e-04
-9.066748e+01	5.925251e-04
-9.056748e+01	5.937739e-04
-9.046748e+01	5.950267e-04
-9.036748e+01	5.962835e-04
-9.026748e+01	5.975442e-04
-9.016748e+01	5.988090e-04
-9.006748e+01	6.000778e-04
-8.996748e+01	6.013506e-04
-8.986748e+01	6.026275e-04
-8.976748e+01	6.039085e-04
-8.966748e+01	6.051936e-04
-8.956748e+01	6.064828e-04
-8.946748e+01	6.077761e-04
-8.936748e+01	6.090736e-04
-8.926748e+01	6.103752e-04
-8.916748e+01	6.116810e-04
-8.906748e+01	6.129910e-04
-8.896748e+01	6.143053e-04
-8.886748e+01	6.156238e-04
-8.876748e+01	6.169465e-04
-8.866748e+01	6.182735e-04
-8.856748e+01	6.196048e-04
-8.846748e+01	6.209404e-04
-8.836748e+01	6.222804e-04
-8.826748e+01	6.236247e-04
-8.816748e+01	6.249734e-04
-8.806748e+01	6.263264e-04
-8.796748e+01	6.276839e-04
-8.786748e+01	6.290458e-04
-8.776748e+01	6.304121e-04
-8.766748e+01	6.317829e-04
-8.756748e+01	6.331582e-04
-8.746748e+01	6.345380e-04
-8.736748e+01	6.359223e-04
-8.726748e+01	6.373112e-04
-8.716748e+01	6.387046e-04
-8.706748e+01	6.401026e-04
-8.696748e+01	6.415052e-04
-8.686748e+01	6.429124e-04
-8.676748e+01	6.443243e-04
-8.666748e+01	6.457409e-04
-8.656748e+01	6.471621e-04
-8.646748e+01	6.485880e-04
-8.636748e+01	6.500187e-04
-8.626748e+01	6.514541e-04
-8.616748e+01	6.528943e-04
-8.606748e+01	6.543393e-04
-8.596748e+01	6.557890e-04
-8.586748e+01	6.572436e-04
-8.576748e+01	6.587031e-04
-8.566748e+01	6.601675e-04
-8.556748e+01	6.616367e-04
-8.546748e+01	6.631109e-04
-8.536748e+01	6.645900e-04
-8.526748e+01	6.660740e-04
-8.516748e+01	6.675631e-04
-8.506748e+01	6.690572e-04
-8.496748e+01	6.705563e-04
-8.486748e+01	6.720604e-04
-8.476748e+01	6.735696e-04
-8.466748e+01	6.750840e-04
-8.456748e+01	6.766034e-04
-8.446748e+01	6.781280e-04
-8.436748e+01	6.796578e-04
-8.426748e+01	6.811927e-04
-8.416748e+01	6.827329e-04
-8.406748e+01	6.842783e-04
-8.396748e+01	6.858290e-04
-8.386748e+01	6.873850e-04
-8.376748e+01	6.889463e-04
-8.366748e+01	6.905129e-04
-8.356748e+01	6.920849e-04
-8.346748e+01	6.936622e-04
-8.336748e+01	6.952450e-04
-8.326748e+01	6.968332e-04
-8.316748e+01	6.984269e-04
-8.306748e+01	7.000260e-04
-8.296748e+01	7.016307e-04
-8.286748e+01	7.032409e-04
-8.276748e+01	7.048566e-04
-8.266748e+01	7.064780e-04
-8.256748e+01	7.081049e-04
-8.246748e+01	7.097375e-04
-8.236748e+01	7.113758e-04
-8.226748e+01	7.130197e-04
-8.216748e+01	7.146694e-04
-8.206748e+01	7.163248e-04
-8.196748e+01	7.179860e-04
-8.186748e+01	7.196530e-04
-8.176748e+01	7.213258e-04
-8.166748e+01	7.230044e-04
-8.156748e+01	7.246890e-04
-8.146748e+01	7.263794e-04
-8.136748e+01	7.280758e-04
-8.126748e+01	7.297781e-04
-8.116748e+01	7.314865e-04
-8.106748e+01	7.332008e-04
-8.096748e+01	7.349212e-04
-8.086748e+01	7.366477e-04
-8.076748e+01	7.383803e-04
-8.066748e+01	7.401190e-04
-8.056748e+01	7.418638e-04
-8.046748e+01	7.436149e-04
-8.036748e+01	7.453722e-04
-8.026748e+01	7.471357e-04
-8.016748e+01	7.489055e-04
-8.006748e+01	7.506816e-04
-7.996748e+01	7.524641e-04
-7.986748e+01	7.542529e-04
-7.976748e+01	7.560482e-04
-7.966748e+01	7.578498e-04
-7.956748e+01	7.596580e-04
-7.946748e+01	7.614726e-04
-7.936748e+01	7.632937e-04
-7.926748e+01	7.651215e-04
-7.916748e+01	7.669557e-04
-7.906748e+01	7.687967e-04
-7.896748e+01	7.706442e-04
-7.886748e+01	7.724985e-04
-7.876748e+01	7.743594e-04
-7.866748e+01	7.762271e-04
-7.856748e+01	7.781016e-04
-7.846748e+01	7.799829e-04
-7.836748e+01	7.818711e-04
-7.826748e+01	7.837661e-04
-7.816748e+01	7.856680e-04
-7.806748e+01	7.875769e-04
-7.796748e+01	7.894928e-04
-7.786748e+01	7.914157e-04
-7.776748e+01	7.933456e-04
-7.766748e+01	7.952827e-04
-7.756748e+01	7.972268e-04
-7.746748e+01	7.991781e-04
-7.736748e+01	8.011366e-04
-7.726748e+01	8.031023e-04
-7.716748e+01	8.050753e-04
-7.706748e+01	8.070556e-04
-7.696748e+01	8.090432e-04
-7.686748e+01	8.110381e-04
-7.676748e+01	8.130405e-04
-7.666748e+01	8.150503e-04
-7.656748e+01	8.170676e-04
-7.646748e+01	8.190925e-04
-7.636748e+01	8.211248e-04
-7.626748e+01	8.231648e-04
-7.616748e+01	8.252124e-04
-7.606748e+01	8.272677e-04
-7.596748e+01	8.293306e-04
-7.586748e+01	8.314014e-04
-7.576748e+01	8.334799e-04
-7.566748e+01	8.355662e-04
-7.556748e+01	8.376604e-04
-7.546748e+01	8.397625e-04
-7.536748e+01	8.418725e-04
-7.526748e+01	8.439905e-04
-7.516748e+01	8.461166e-04
-7.506748e+01	8.482507e-04
-7.496748e+01	8.503929e-04
-7.486748e+01	8.525432e-04
-7.476748e+01	8.547018e-04
-7.466748e+01	8.568685e-04
-7.456748e+01	8.590436e-04
-7.446748e+01	8.612269e-04
-7.436748e+01	8.634186e-04
-7.426748e+01	8.656187e-04
-7.416748e+01	8.678273e-04
-7.406748e+01	8.700443e-04
-7.396748e+01	8.722699e-04
-7.386748e+01	8.745040e-04
-7.376748e+01	8.767468e-04
-7.366748e+01	8.789982e-04
-7.356748e+01	8.812583e-04
-7.346748e+01	8.835272e-04
-7.336748e+01	8.858048e-04
-7.326748e+01	8.880914e-04
-7.316748e+01	8.903868e-04
-7.306748e+01	8.926911e-04
-7.296748e+01	8.950044e-04
-7.286748e+01	8.973267e-04
-7.276748e+01	8.996582e-04
-7.266748e+01	9.019987e-04
-7.256748e+01	9.043484e-04
-7.246748e+01	9.067073e-04
-7.236748e+01	9.090755e-04
-7.226748e+01	9.114530e-04
-7.216748e+01	9.138399e-04
-7.206748e+01	9.162362e-04
-7.196748e+01	9.186419e-04
-7.186748e+01	9.210572e-04
-7.176748e+01	9.234820e-04
-7.166748e+01	9.259165e-04
-7.156748e+01	9.283606e-04
-7.146748e+01	9.308144e-04
-7.136748e+01	9.332780e-04
-7.126748e+01	9.357514e-04
-7.116748e+01	9.382347e-04
-7.106748e+01	9.407279e-04
-7.096748e+01	9.432311e-04
-7.086748e+01	9.457443e-04
-7.076748e+01	9.482676e-04
-7.066748e+01	9.508011e-04
-7.056748e+01	9.533447e-04
-7.046748e+01	9.558986e-04
-7.036748e+01	9.584628e-04
-7.026748e+01	9.610374e-04
-7.016748e+01	9.636224e-04
-7.006748e+01	9.662178e-04
-6.996748e+01	9.688238e-04
-6.986748e+01	9.714404e-04
-6.976748e+01	9.740676e-04
-6.966748e+01	9.767055e-04
-6.956748e+01	9.793542e-04
-6.946748e+01	9.820137e-04
-6.936748e+01	9.846840e-04
-6.926748e+01	9.873654e-04
-6.916748e+01	9.900577e-04
-6.906748e+01	9.927611e-04
-6.896748e+01	9.954756e-04
-6.886748e+01	9.982012e-04
-6.876748e+01	1.000938e-03
-6.866748e+01	1.003686e-03
-6.856748e+01	1.006446e-03
-6.846748e+01	1.009217e-03
-6.836748e+01	1.012000e-03
-6.826748e+01	1.014794e-03
-6.816748e+01	1.017599e-03
-6.806748e+01	1.020417e-03
-6.796748e+01	1.023246e-03
-6.786748e+01	1.026087e-03
-6.776748e+01	1.028940e-03
-6.766748e+01	1.031804e-03
-6.756748e+01	1.034681e-03
-6.746748e+01	1.037570e-03
-6.736748e+01	1.040471e-03
-6.726748e+01	1.043384e-03
-6.716748e+01	1.046310e-03
-6.706748e+01	1.049248e-03
-6.696748e+01	1.052198e-03
-6.686748e+01	1.055161e-03
-6.676748e+01	1.058137e-03
-6.666748e+01	1.061125e-03
-6.656748e+01	1.064125e-03
-6.646748e+01	1.067139e-03
-6.636748e+01	1.070165e-03
-6.626748e+01	1.073205e-03
-6.616748e+01	1.076257e-03
-6.606748e+01	1.079323e-03
-6.596748e+01	1.082401e-03
-6.586748e+01	1.085493e-03
-6.576748e+01	1.088598e-03
-6.566748e+01	1.091717e-03
-6.556748e+01	1.094849e-03
-6.546748e+01	1.097994e-03
-6.536748e+01	1.101153e-03
-6.526748e+01	1.104326e-03
-6.516748e+01	1.107513e-03
-6.506748e+01	1.110713e-03
-6.496748e+01	1.113928e-03
-6.486748e+01	1.117156e-03
-6.476748e+01	1.120399e-03
-6.466748e+01	1.123656e-03
-6.456748e+01	1.126927e-03
-6.446748e+01	1.130212e-03
-6.436748e+01	1.133512e-03
-6.426748e+01	1.136826e-03
-6.416748e+01	1.140155e-03
-6.406748e+01	1.143499e-03
-6.396748e+01	1.146857e-03
-6.386748e+01	1.150230e-03
-6.376748e+01	1.153619e-03
-6.366748e+01	1.157022e-03
-6.356748e+01	1.160440e-03
-6.346748e+01	1.163874e-03
-6.336748e+01	1.167323e-03
-6.326748e+01	1.170787e-03
-6.316748e+01	1.174267e-03
-6.306748e+01	1.177762e-03
-6.296748e+01	1.181274e-03
-6.286748e+01	1.184800e-03
-6.276748e+01	1.188343e-03
-6.266748e+01	1.191902e-03
-6.256748e+01	1.195477e-03
-6.246748e+01	1.199068e-03
-6.236748e+01	1.202675e-03
-6.226748e+01	1.206299e-03
-6.216748e+01	1.209939e-03
-6.206748e+01	1.213595e-03
-6.196748e+01	1.217269e-03
-6.186748e+01	1.220959e-03
-6.176748e+01	1.224665e-03
-6.166748e+01	1.228389e-03
-6.156748e+01	1.232130e-03
-6.146748e+01	1.235888e-03
-6.136748e+01	1.239664e-03
-6.126748e+01	1.243457e-03
-6.116748e+01	1.247267e-03
-6.106748e+01	1.251095e-03
-6.096748e+01	1.254940e-03
-6.086748e+01	1.258804e-03
-6.076748e+01	1.262685e-03
-6.066748e+01	1.266585e-03
-6.056748e+01	1.270502e-03
-6.046748e+01	1.274438e-03
-6.036748e+01	1.278392e-03
-6.026748e+01	1.282365e-03
-6.016748e+01	1.286356e-03
-6.006748e+01	1.290367e-03
-5.996748e+01	1.294396e-03
-5.986748e+01	1.298443e-03
-5.976748e+01	1.302510e-03
-5.966748e+01	1.306597e-03
-5.956748e+01	1.310702e-03
-5.946748e+01	1.314827e-03
-5.936748e+01	1.318972e-03
-5.926748e+01	1.323136e-03
-5.916748e+01	1.327320e-03
-5.906748e+01	1.331524e-03
-5.896748e+01	1.335749e-03
-5.886748e+01	1.339993e-03
-5.876748e+01	1.344258e-03
-5.866748e+01	1.348543e-03
-5.856748e+01	1.352849e-03
-5.846748e+01	1.357175e-03
-5.836748e+01	1.361523e-03
-5.826748e+01	1.365891e-03
-5.816748e+01	1.370281e-03
-5.806748e+01	1.374691e-03
-5.796748e+01	1.379124e-03
-5.786748e+01	1.383578e-03
-5.776748e+01	1.388053e-03
-5.766748e+01	1.392550e-03
-5.756748e+01	1.397070e-03
-5.746748e+01	1.401611e-03
-5.736748e+01	1.406175e-03
-5.726748e+01	1.410761e-03
-5.716748e+01	1.415370e-03
-5.706748e+01	1.420001e-03
-5.696748e+01	1.424656e-03
-5.686748e+01	1.429333e-03
-5.676748e+01	1.434033e-03
-5.666748e+01	1.438757e-03
-5.656748e+01	1.443505e-03
-5.646748e+01	1.448275e-03
-5.636748e+01	1.453070e-03
-5.626748e+01	1.457889e-03
-5.616748e+01	1.462732e-03
-5.606748e+01	1.467599e-03
-5.596748e+01	1.472490e-03
-5.586748e+01	1.477406e-03
-5.576748e+01	1.482347e-03
-5.566748e+01	1.487313e-03
-5.556748e+01	1.492304e-03
-5.546748e+01	1.497320e-03
-5.536748e+01	1.502362e-03
-5.526748e+01	1.507429e-03
-5.516748e+01	1.512522e-03
-5.506748e+01	1.517641e-03
-5.496748e+01	1.522786e-03
-5.486748e+01	1.527958e-03
-5.476748e+01	1.533156e-03
-5.466748e+01	1.538381e-03
-5.456748e+01	1.543632e-03
-5.446748e+01	1.548911e-03
-5.436748e+01	1.554217e-03
-5.426748e+01	1.559550e-03
-5.416748e+01	1.564911e-03
-5.406748e+01	1.570300e-03
-5.396748e+01	1.575717e-03
-5.386748e+01	1.581162e-03
-5.376748e+01	1.586635e-03
-5.366748e+01	1.592137e-03
-5.356748e+01	1.597668e-03
-5.346748e+01	1.603228e-03
-5.336748e+01	1.608817e-03
-5.326748e+01	1.614435e-03
-5.316748e+01	1.620083e-03
-5.306748e+01	1.625761e-03
-5.296748e+01	1.631469e-03
-5.286748e+01	1.637207e-03
-5.276748e+01	1.642976e-03
-5.266748e+01	1.648775e-03
-5.256748e+01	1.654606e-03
-5.246748e+01	1.660467e-03
-5.236748e+01	1.666360e-03
-5.226748e+01	1.672284e-03
-5.216748e+01	1.678240e-03
-5.206748e+01	1.684229e-03
-5.196748e+01	1.690249e-03
-5.186748e+01	1.696302e-03
-5.176748e+01	1.702388e-03
-5.166748e+01	1.708506e-03
-5.156748e+01	1.714658e-03
-5.146748e+01	1.720844e-03
-5.136748e+01	1.727063e-03
-5.126748e+01	1.733316e-03
-5.116748e+01	1.739603e-03
-5.106748e+01	1.745925e-03
-5.096748e+01	1.752281e-03
-5.086748e+01	1.758672e-03
-5.076748e+01	1.765099e-03
-5.066748e+01	1.771561e-03
-5.056748e+01	1.778058e-03
-5.046748e+01	1.784592e-03
-5.036748e+01	1.791162e-03
-5.026748e+01	1.797769e-03
-5.016748e+01	1.804412e-03
-5.006748e+01	1.811092e-03
-4.996748e+01	1.817810e-03
-4.986748e+01	1.824566e-03
-4.976748e+01	1.831359e-03
-4.966748e+01	1.838191e-03
-4.956748e+01	1.845061e-03
-4.946748e+01	1.851970e-03
-4.936748e+01	1.858918e-03
-4.926748e+01	1.865905e-03
-4.916748e+01	1.872932e-03
-4.906748e+01	1.879999e-03
-4.896748e+01	1.887107e-03
-4.886748e+01	1.894255e-03
-4.876748e+01	1.901444e-03
-4.866748e+01	1.908674e-03
-4.856748e+01	1.915946e-03
-4.846748e+01	1.923259e-03
-4.836748e+01	1.930615e-03
-4.826748e+01	1.938013e-03
-4.816748e+01	1.945454e-03
-4.806748e+01	1.952939e-03
-4.796748e+01	1.960467e-03
-4.786748e+01	1.968038e-03
-4.776748e+01	1.975654e-03
-4.766748e+01	1.983315e-03
-4.756748e+01	1.991020e-03
-4.746748e+01	1.998771e-03
-4.736748e+01	2.006567e-03
-4.726748e+01	2.014409e-03
-4.716748e+01	2.022298e-03
-4.706748e+01	2.030233e-03
-4.696748e+01	2.038216e-03
-4.686748e+01	2.046245e-03
-4.676748e+01	2.054323e-03
-4.666748e+01	2.062449e-03
-4.656748e+01	2.070624e-03
-4.646748e+01	2.078847e-03
-4.636748e+01	2.087120e-03
-4.626748e+01	2.095443e-03
-4.616748e+01	2.103816e-03
-4.606748e+01	2.112239e-03
-4.596748e+01	2.120713e-03
-4.586748e+01	2.129239e-03
-4.576748e+01	2.137817e-03
-4.566748e+01	2.146447e-03
-4.556748e+01	2.155130e-03
-4.546748e+01	2.163866e-03
-4.536748e+01	2.172655e-03
-4.526748e+01	2.181499e-03
-4.516748e+01	2.190396e-03
-4.506748e+01	2.199349e-03
-4.496748e+01	2.208357e-03
-4.486748e+01	2.217421e-03
-4.476748e+01	2.226542e-03
-4.466748e+01	2.235719e-03
-4.456748e+01	2.244953e-03
-4.446748e+01	2.254245e-03
-4.436748e+01	2.263595e-03
-4.426748e+01	2.273004e-03
-4.416748e+01	2.282472e-03
-4.406748e+01	2.292000e-03
-4.396748e+01	2.301588e-03
-4.386748e+01	2.311236e-03
-4.376748e+01	2.320946e-03
-4.366748e+01	2.330718e-03
-4.356748e+01	2.340552e-03
-4.346748e+01	2.350448e-03
-4.336748e+01	2.360409e-03
-4.326748e+01	2.370432e-03
-4.316748e+01	2.380521e-03
-4.306748e+01	2.390674e-03
-4.296748e+01	2.400893e-03
-4.286748e+01	2.411178e-03
-4.276748e+01	2.421530e-03
-4.266748e+01	2.431949e-03
-4.256748e+01	2.442436e-03
-4.246748e+01	2.452991e-03
-4.236748e+01	2.463616e-03
-4.226748e+01	2.474310e-03
-4.216748e+01	2.485075e-03
-4.206748e+01	2.495910e-03
-4.196748e+01	2.506817e-03
-4.186748e+01	2.517796e-03
-4.176748e+01	2.528848e-03
-4.166748e+01	2.539974e-03
-4.156748e+01	2.551173e-03
-4.146748e+01	2.562448e-03
-4.136748e+01	2.573798e-03
-4.126748e+01	2.585224e-03
-4.116748e+01	2.596727e-03
-4.106748e+01	2.608307e-03
-4.096748e+01	2.619966e-03
-4.086748e+01	2.631703e-03
-4.076748e+01	2.643521e-03
-4.066748e+01	2.655418e-03
-4.056748e+01	2.667397e-03
-4.046748e+01	2.679458e-03
-4.036748e+01	2.691602e-03
-4.026748e+01	2.703828e-03
-4.016748e+01	2.716140e-03
-4.006748e+01	2.728536e-03
-3.996748e+01	2.741017e-03
-3.986748e+01	2.753586e-03
-3.976748e+01	2.766241e-03
-3.966748e+01	2.778985e-03
-3.956748e+01	2.791818e-03
-3.946748e+01	2.804741e-03
-3.936748e+01	2.817754e-03
-3.926748e+01	2.830859e-03
-3.916748e+01	2.844056e-03
-3.906748e+01	2.857347e-03
-3.896748e+01	2.870732e-03
-3.886748e+01	2.884212e-03
-3.876748e+01	2.897788e-03
-3.866748e+01	2.911461e-03
-3.856748e+01	2.925231e-03
-3.846748e+01	2.939101e-03
-3.836748e+01	2.953070e-03
-3.826748e+01	2.967140e-03
-3.816748e+01	2.981312e-03
-3.806748e+01	2.995586e-03
-3.796748e+01	3.009964e-03
-3.786748e+01	3.024447e-03
-3.776748e+01	3.039036e-03
-3.766748e+01	3.053731e-03
-3.756748e+01	3.068534e-03
-3.746748e+01	3.083446e-03
-3.736748e+01	3.098468e-03
-3.726748e+01	3.113601e-03
-3.716748e+01	3.128846e-03
-3.706748e+01	3.144205e-03
-3.696748e+01	3.159678e-03
-3.686748e+01	3.175267e-03
-3.676748e+01	3.190972e-03
-3.666748e+01	3.206795e-03
-3.656748e+01	3.222738e-03
-3.646748e+01	3.238801e-03
-3.636748e+01	3.254985e-03
-3.626748e+01	3.271292e-03
-3.616748e+01	3.287724e-03
-3.606748e+01	3.304280e-03
-3.596748e+01	3.320963e-03
-3.586748e+01	3.337775e-03
-3.576748e+01	3.354715e-03
-3.566748e+01	3.371786e-03
-3.556748e+01	3.388989e-03
-3.546748e+01	3.406326e-03
-3.536748e+01	3.423797e-03
-3.526748e+01	3.441404e-03
-3.516748e+01	3.459149e-03
-3.506748e+01	3.477033e-03
-3.496748e+01	3.495058e-03
-3.486748e+01	3.513224e-03
-3.476748e+01	3.531534e-03
-3.466748e+01	3.549990e-03
-3.456748e+01	3.568591e-03
-3.446748e+01	3.587341e-03
-3.436748e+01	3.606241e-03
-3.426748e+01	3.625292e-03
-3.416748e+01	3.644496e-03
-3.406748e+01	3.663855e-03
-3.396748e+01	3.683370e-03
-3.386748e+01	3.703044e-03
-3.376748e+01	3.722877e-03
-3.366748e+01	3.742872e-03
-3.356748e+01	3.763030e-03
-3.346748e+01	3.783353e-03
-3.336748e+01	3.803843e-03
-3.326748e+01	3.824503e-03
-3.316748e+01	3.845332e-03
-3.306748e+01	3.866335e-03
-3.296748e+01	3.887512e-03
-3.286748e+01	3.908866e-03
-3.276748e+01	3.930398e-03
-3.266748e+01	3.952111e-03
-3.256748e+01	3.974006e-03
-3.246748e+01	3.996086e-03
-3.236748e+01	4.018353e-03
-3.226748e+01	4.040809e-03
-3.216748e+01	4.063456e-03
-3.206748e+01	4.086296e-03
-3.196748e+01	4.109332e-03
-3.186748e+01	4.132565e-03
-3.176748e+01	4.155999e-03
-3.166748e+01	4.179635e-03
-3.156748e+01	4.203476e-03
-3.146748e+01	4.227524e-03
-3.136748e+01	4.251782e-03
-3.126748e+01	4.276252e-03
-3.116748e+01	4.300936e-03
-3.106748e+01	4.325838e-03
-3.096748e+01	4.350960e-03
-3.086748e+01	4.376304e-03
-3.076748e+01	4.401873e-03
-3.066748e+01	4.427669e-03
-3.056748e+01	4.453697e-03
-3.046748e+01	4.479958e-03
-3.036748e+01	4.506454e-03
-3.026748e+01	4.533190e-03
-3.016748e+01	4.560168e-03
-3.006748e+01	4.587391e-03
-2.996748e+01	4.614862e-03
-2.986748e+01	4.642584e-03
-2.976748e+01	4.670560e-03
-2.966748e+01	4.698793e-03
-2.956748e+01	4.727287e-03
-2.946748e+01	4.756045e-03
-2.936748e+01	4.785070e-03
-2.926748e+01	4.814365e-03
-2.916748e+01	4.843934e-03
-2.906748e+01	4.873781e-03
-2.896748e+01	4.903908e-03
-2.886748e+01	4.934320e-03
-2.876748e+01	4.965020e-03
-2.866748e+01	4.996012e-03
-2.856748e+01	5.027299e-03
-2.846748e+01	5.058886e-03
-2.836748e+01	5.090776e-03
-2.826748e+01	5.122974e-03
-2.816748e+01	5.155483e-03
-2.806748e+01	5.188307e-03
-2.796748e+01	5.221451e-03
-2.786748e+01	5.254918e-03
-2.776748e+01	5.288714e-03
-2.766748e+01	5.322842e-03
-2.756748e+01	5.357308e-03
-2.746748e+01	5.392114e-03
-2.736748e+01	5.427267e-03
-2.726748e+01	5.462770e-03
-2.716748e+01	5.498629e-03
-2.706748e+01	5.534848e-03
-2.696748e+01	5.571433e-03
-2.686748e+01	5.608388e-03
-2.676748e+01	5.645718e-03
-2.666748e+01	5.683428e-03
-2.656748e+01	5.721525e-03
-2.646748e+01	5.760013e-03
-2.636748e+01	5.798897e-03
-2.626748e+01	5.838184e-03
-2.616748e+01	5.877879e-03
-2.606748e+01	5.917988e-03
-2.596748e+01	5.958516e-03
-2.586748e+01	5.999470e-03
-2.576748e+01	6.040855e-03
-2.566748e+01	6.082678e-03
-2.556748e+01	6.124946e-03
-2.546748e+01	6.167664e-03
-2.536748e+01	6.210839e-03
-2.526748e+01	6.254479e-03
-2.516748e+01	6.298588e-03
-2.506748e+01	6.343176e-03
-2.496748e+01	6.388248e-03
-2.486748e+01	6.433812e-03
-2.476748e+01	6.479875e-03
-2.466748e+01	6.526445e-03
-2.456748e+01	6.573529e-03
-2.446748e+01	6.621135e-03
-2.436748e+01	6.669272e-03
-2.426748e+01	6.717946e-03
-2.416748e+01	6.767166e-03
-2.406748e+01	6.816941e-03
-2.396748e+01	6.867279e-03
-2.386748e+01	6.918189e-03
-2.376748e+01	6.969679e-03
-2.366748e+01	7.021760e-03
-2.356748e+01	7.074439e-03
-2.346748e+01	7.127727e-03
-2.336748e+01	7.181633e-03
-2.326748e+01	7.236167e-03
-2.316748e+01	7.291339e-03
-2.306748e+01	7.347159e-03
-2.296748e+01	7.403637e-03
-2.286748e+01	7.460785e-03
-2.276748e+01	7.518613e-03
-2.266748e+01	7.577132e-03
-2.256748e+01	7.636353e-03
-2.246748e+01	7.696289e-03
-2.236748e+01	7.756950e-03
-2.226748e+01	7.818350e-03
-2.216748e+01	7.880499e-03
-2.206748e+01	7.943412e-03
-2.196748e+01	8.007100e-03
-2.186748e+01	8.071577e-03
-2.176748e+01	8.136856e-03
-2.166748e+01	8.202952e-03
-2.156748e+01	8.269877e-03
-2.146748e+01	8.337646e-03
-2.136748e+01	8.406275e-03
-2.126748e+01	8.475777e-03
-2.116748e+01	8.546169e-03
-2.106748e+01	8.617465e-03
-2.096748e+01	8.689682e-03
-2.086748e+01	8.762837e-03
-2.076748e+01	8.836945e-03
-2.066748e+01	8.912024e-03
-2.056748e+01	8.988093e-03
-2.046748e+01	9.065167e-03
-2.036748e+01	9.143267e-03
-2.026748e+01	9.222410e-03
-2.016748e+01	9.302617e-03
-2.006748e+01	9.383905e-03
-1.996748e+01	9.466297e-03
-1.986748e+01	9.549812e-03
-1.976748e+01	9.634472e-03
-1.966748e+01	9.720298e-03
-1.956748e+01	9.807312e-03
-1.946748e+01	9.895537e-03
-1.936748e+01	9.984997e-03
-1.926748e+01	1.007572e-02
-1.916748e+01	1.016772e-02
-1.906748e+01	1.026103e-02
-1.896748e+01	1.035567e-02
-1.886748e+01	1.045167e-02
-1.876748e+01	1.054906e-02
-1.866748e+01	1.064786e-02
-1.856748e+01	1.074811e-02
-1.846748e+01	1.084983e-02
-1.836748e+01	1.095306e-02
-1.826748e+01	1.105781e-02
-1.816748e+01	1.116413e-02
-1.806748e+01	1.127205e-02
-1.796748e+01	1.138160e-02
-1.786748e+01	1.149281e-02
-1.776748e+01	1.160573e-02
-1.766748e+01	1.172038e-02
-1.756748e+01	1.183680e-02
-1.746748e+01	1.195503e-02
-1.736748e+01	1.207512e-02
-1.726748e+01	1.219709e-02
-1.716748e+01	1.232100e-02
-1.706748e+01	1.244688e-02
-1.696748e+01	1.257479e-02
-1.686748e+01	1.270475e-02
-1.676748e+01	1.283683e-02
-1.666748e+01	1.297106e-02
-1.656748e+01	1.310750e-02
-1.646748e+01	1.324620e-02
-1.636748e+01	1.338721e-02
-1.626748e+01	1.353059e-02
-1.616748e+01	1.367638e-02
-1.606748e+01	1.382465e-02
-1.596748e+01	1.397546e-02
-1.586748e+01	1.412886e-02
-1.576748e+01	1.428493e-02
-1.566748e+01	1.444371e-02
-1.556748e+01	1.460529e-02
-1.546748e+01	1.476972e-02
-1.536748e+01	1.493709e-02
-1.526748e+01	1.510746e-02
-1.516748e+01	1.528090e-02
-1.506748e+01	1.545751e-02
-1.496748e+01	1.563735e-02
-1.486748e+01	1.582052e-02
-1.476748e+01	1.600709e-02
-1.466748e+01	1.619716e-02
-1.456748e+01	1.639082e-02
-1.446748e+01	1.658817e-02
-1.436748e+01	1.678930e-02
-1.426748e+01	1.699431e-02
-1.416748e+01	1.720332e-02
-1.406748e+01	1.741644e-02
-1.396748e+01	1.763377e-02
-1.386748e+01	1.785543e-02
-1.376748e+01	1.808156e-02
-1.366748e+01	1.831227e-02
-1.356748e+01	1.854769e-02
-1.346748e+01	1.878797e-02
-1.336748e+01	1.903325e-02
-1.326748e+01	1.928366e-02
-1.316748e+01	1.953938e-02
-1.306748e+01	1.980055e-02
-1.296748e+01	2.006734e-02
-1.286748e+01	2.033993e-02
-1.276748e+01	2.061849e-02
-1.266748e+01	2.090321e-02
-1.256748e+01	2.119429e-02
-1.246748e+01	2.149193e-02
-1.236748e+01	2.179633e-02
-1.226748e+01	2.210773e-02
-1.216748e+01	2.242634e-02
-1.206748e+01	2.275242e-02
-1.196748e+01	2.308621e-02
-1.186748e+01	2.342797e-02
-1.176748e+01	2.377798e-02
-1.166748e+01	2.413652e-02
-1.156748e+01	2.450389e-02
-1.146748e+01	2.488041e-02
-1.136748e+01	2.526641e-02
-1.126748e+01	2.566223e-02
-1.116748e+01	2.606823e-02
-1.106748e+01	2.648478e-02
-1.096748e+01	2.691230e-02
-1.086748e+01	2.735120e-02
-1.076748e+01	2.780191e-02
-1.066748e+01	2.826490e-02
-1.056748e+01	2.874066e-02
-1.046748e+01	2.922969e-02
-1.036748e+01	2.973254e-02
-1.026748e+01	3.024979e-02
-1.016748e+01	3.078202e-02
-1.006748e+01	3.132988e-02
-9.967479e+00	3.189404e-02
-9.867479e+00	3.247522e-02
-9.767479e+00	3.307415e-02
-9.667479e+00	3.369166e-02
-9.567479e+00	3.432857e-02
-9.467479e+00	3.498580e-02
-9.367479e+00	3.566429e-02
-9.267479e+00	3.636508e-02
-9.167479e+00	3.708924e-02
-9.067479e+00	3.783793e-02
-8.967479e+00	3.861238e-02
-8.867479e+00	3.941393e-02
-8.767479e+00	4.024397e-02
-8.667479e+00	4.110403e-02
-8.567479e+00	4.199573e-02
-8.467479e+00	4.292082e-02
-8.367479e+00	4.388117e-02
-8.267479e+00	4.487881e-02
-8.167479e+00	4.591593e-02
-8.067479e+00	4.699488e-02
-7.967479e+00	4.811823e-02
-7.867479e+00	4.928876e-02
-7.767479e+00	5.050947e-02
-7.667479e+00	5.178366e-02
-7.567479e+00	5.311491e-02
-7.467479e+00	5.450715e-02
-7.367479e+00	5.596468e-02
-7.267479e+00	5.749223e-02
-7.167479e+00	5.909501e-02
-7.067479e+00	6.077879e-02
-6.967479e+00	6.254995e-02
-6.867479e+00	6.441559e-02
-6.767479e+00	6.638365e-02
-6.667479e+00	6.846300e-02
-6.567479e+00	7.066364e-02
-6.467479e+00	7.299685e-02
-6.367479e+00	7.547543e-02
-6.267479e+00	7.811399e-02
-6.167479e+00	8.092929e-02
-6.067479e+00	8.394066e-02
-5.967479e+00	8.717060e-02
-5.867479e+00	9.064541e-02
-5.767479e+00	9.439622e-02
-5.667479e+00	9.846015e-02
-5.567479e+00	1.028820e-01
-5.467479e+00	1.077166e-01
-5.367479e+00	1.130322e-01
-5.267479e+00	1.189149e-01
-5.167479e+00	1.254750e-01
-5.067479e+00	1.328511e-01
-4.967479e+00	1.412078e-01
-4.867479e+00	1.507704e-01
-4.767479e+00	1.619239e-01
-4.667479e+00	1.752474e-01
-4.567479e+00	1.915986e-01
-4.467479e+00	2.123385e-01
-4.367479e+00	2.396049e-01
-4.267479e+00	2.760327e-01
-4.167479e+00	3.211333e-01
-4.067479e+00	3.636589e-01
-3.967479e+00	3.960110e-01
-3.867479e+00	4.367299e-01
-3.767479e+00	5.054574e-01
-3.667479e+00	6.104755e-01
-3.567479e+00	7.456672e-01
-3.467479e+00	9.116628e-01
-3.367479e+00	1.138216e+00
-3.267479e+00	1.382303e+00
-3.167479e+00	1.536094e+00
-3.067479e+00	1.658968e+00
-2.967479e+00	1.780665e+00
-2.867479e+00	1.751292e+00
-2.767479e+00	1.540561e+00
-2.667479e+00	1.322428e+00
-2.567479e+00	1.225161e+00
-2.467479e+00	1.269769e+00
-2.367479e+00	1.453268e+00
-2.267479e+00	1.734358e+00
-2.167479e+00	1.971926e+00
-2.067479e+00	2.119210e+00
-1.967479e+00	2.273649e+00
-1.867479e+00	2.331901e+00
-1.767479e+00	2.221554e+00
-1.667479e+00	2.161512e+00
-1.567479e+00	2.329826e+00
-1.467479e+00	2.791561e+00
-1.367479e+00	3.547131e+00
-1.267479e+00	4.465566e+00
-1.167479e+00	5.418326e+00
-1.067479e+00	6.031386e+00
-9.674791e-01	5.761790e+00
-8.674791e-01	5.184324e+00
-7.674791e-01	4.776735e+00
-6.674791e-01	4.302420e+00
-5.674791e-01	3.882126e+00
-4.674791e-01	3.846529e+00
-3.674791e-01	4.346791e+00
-2.674791e-01	5.528262e+00
-1.674791e-01	7.533373e+00
-6.747911e-02	9.863219e+00
3.252089e-02	1.049439e+01
1.325209e-01	8.550443e+00
2.325209e-01	6.071020e+00
3.325209e-01	4.276672e+00
4.325209e-01	3.156920e+00
5.325209e-01	2.480394e+00
6.325209e-01	2.084228e+00
7.325209e-01	1.881646e+00
8.325209e-01	1.838911e+00
9.325209e-01	1.964077e+00
1.032521e+00	2.305181e+00
1.132521e+00	2.924341e+00
1.232521e+00	3.713184e+00
1.332521e+00	4.042774e+00
1.432521e+00	3.456856e+00
1.532521e+00	2.581548e+00
1.632521e+00	1.923320e+00
1.732521e+00	1.514972e+00
1.832521e+00	1.276101e+00
1.932521e+00	1.136807e+00
2.032521e+00	1.058194e+00
2.132521e+00	1.038167e+00
2.232521e+00	1.077063e+00
2.332521e+00	1.140336e+00
2.432521e+00	1.169427e+00
2.532521e+00	1.194695e+00
2.632521e+00	1.300025e+00
2.732521e+00	1.542507e+00
2.832521e+00	1.961205e+00
2.932521e+00	2.480530e+00
3.032521e+00	2.705057e+00
3.132521e+00	2.377395e+00
3.232521e+00	1.895732e+00
3.332521e+00	1.560829e+00
3.432521e+00	1.391576e+00
3.532521e+00	1.347523e+00
3.632521e+00	1.406795e+00
3.732521e+00	1.573972e+00
3.832521e+00	1.882101e+00
3.932521e+00	2.401730e+00
4.032521e+00	3.245273e+00
4.132521e+00	4.494129e+00
4.232521e+00	5.827840e+00
4.332521e+00	6.211484e+00
4.432521e+00	5.241875e+00
4.532521e+00	3.882281e+00
4.632521e+00	2.855829e+00
4.732521e+00	2.212985e+00
4.832521e+00	1.828651e+00
4.932521e+00	1.603060e+00
5.032521e+00	1.477119e+00
5.132521e+00	1.418483e+00
5.232521e+00	1.409522e+00
5.332521e+00	1.440913e+00
5.432521e+00	1.508673e+00
5.532521e+00	1.612681e+00
5.632521e+00	1.756091e+00
5.732521e+00	1.945402e+00
5.832521e+00	2.191137e+00
5.932521e+00	2.509250e+00
6.032521e+00	2.923598e+00
6.132521e+00	3.470174e+00
6.232521e+00	4.204398e+00
6.332521e+00	5.214031e+00
6.432521e+00	6.642657e+00
6.532521e+00	8.733296e+00
6.632521e+00	1.190878e+01
6.732521e+00	1.690440e+01
6.832521e+00	2.487225e+01
6.932521e+00	3.674149e+01
7.032521e+00	4.938103e+01
7.132521e+00	5.171822e+01
7.232521e+00	4.085222e+01
7.332521e+00	2.803582e+01
7.432521e+00	1.891007e+01
7.532521e+00	1.314340e+01
7.632521e+00	9.502772e+00
7.732521e+00	7.128587e+00
7.832521e+00	5.519510e+00
7.932521e+00	4.388592e+00
8.032521e+00	3.567762e+00
8.132521e+00	2.955168e+00
8.232521e+00	2.486869e+00
8.332521e+00	2.121368e+00
8.432521e+00	1.830912e+00
8.532521e+00	1.596428e+00
8.632521e+00	1.404494e+00
8.732521e+00	1.245453e+00
8.832521e+00	1.112229e+00
8.932521e+00	9.995406e-01
9.032521e+00	9.033897e-01
9.132521e+00	8.207058e-01
9.232521e+00	7.491027e-01
9.332521e+00	6.867081e-01
9.432521e+00	6.320426e-01
9.532521e+00	5.839365e-01
9.632521e+00	5.414746e-01
9.732521e+00	5.039572e-01
9.832521e+00	4.708198e-01
9.932521e+00	4.413047e-01
1.003252e+01	4.140211e-01
1.013252e+01	3.881649e-01
1.023252e+01	3.643710e-01
1.033252e+01	3.429515e-01
1.043252e+01	3.236755e-01
1.053252e+01	3.062390e-01
1.063252e+01	2.903993e-01
1.073252e+01	2.759737e-01
1.083252e+01	2.628257e-01
1.093252e+01	2.508552e-01
1.103252e+01	2.399955e-01
1.113252e+01	2.302155e-01
1.123252e+01	2.215286e-01
1.133252e+01	2.140100e-01
1.143252e+01	2.078329e-01
1.153252e+01	2.033334e-01
1.163252e+01	2.011332e-01
1.173252e+01	2.023585e-01
1.183252e+01	2.089258e-01
1.193252e+01	2.232594e-01
1.203252e+01	2.441813e-01
1.213252e+01	2.562848e-01
1.223252e+01	2.425884e-01
1.233252e+01	2.165092e-01
1.243252e+01	1.924858e-01
1.253252e+01	1.734147e-01
1.263252e+01	1.588236e-01
1.273252e+01	1.466531e-01
1.283252e+01	1.366523e-01
1.293252e+01	1.289402e-01
1.303252e+01	1.231432e-01
1.313252e+01	1.189153e-01
1.323252e+01	1.161816e-01
1.333252e+01	1.149238e-01
1.343252e+01	1.141095e-01
1.353252e+01	1.111159e-01
1.363252e+01	1.057609e-01
1.373252e+01	1.005141e-01
1.383252e+01	9.647974e-02
1.393252e+01	9.379578e-02
1.403252e+01	9.251110e-02
1.413252e+01	9.271187e-02
1.423252e+01	9.369589e-02
1.433252e+01	9.265967e-02
1.443252e+01	8.803507e-02
1.453252e+01	8.250952e-02
1.463252e+01	7.800482e-02
1.473252e+01	7.460434e-02
1.483252e+01	7.200697e-02
1.493252e+01	7.000099e-02
1.503252e+01	6.847038e-02
1.513252e+01	6.723083e-02
1.523252e+01	6.587710e-02
1.533252e+01	6.415419e-02
1.543252e+01	6.220405e-02
1.553252e+01	6.035061e-02
1.563252e+01	5.873632e-02
1.573252e+01	5.733147e-02
1.583252e+01	5.608311e-02
1.593252e+01	5.495556e-02
1.603252e+01	5.392807e-02
1.613252e+01	5.299037e-02
1.623252e+01	5.214230e-02
1.633252e+01	5.139071e-02
1.643252e+01	5.074908e-02
1.653252e+01	5.024176e-02
1.663252e+01	4.991133e-02
1.673252e+01	4.983167e-02
1.683252e+01	5.012860e-02
1.693252e+01	5.098942e-02
1.703252e+01	5.252748e-02
1.713252e+01	5.416371e-02
1.723252e+01	5.450391e-02
1.733252e+01	5.390427e-02
1.743252e+01	5.407954e-02
1.753252e+01	5.552227e-02
1.763252e+01	5.745713e-02
1.773252e+01	5.909747e-02
1.783252e+01	6.083483e-02
1.793252e+01	6.360672e-02
1.803252e+01	6.830488e-02
1.813252e+01	7.282417e-02
1.823252e+01	7.435876e-02
1.833252e+01	7.547211e-02
1.843252e+01	7.899886e-02
1.853252e+01	8.357058e-02
1.863252e+01	8.661061e-02
1.873252e+01	9.188138e-02
1.883252e+01	1.012663e-01
1.893252e+01	1.052861e-01
1.903252e+01	9.672932e-02
1.913252e+01	8.580081e-02
1.923252e+01	8.102386e-02
1.933252e+01	8.396830e-02
1.943252e+01	9.390399e-02
1.953252e+01	1.060870e-01
1.963252e+01	1.104853e-01
1.973252e+01	1.041857e-01
1.983252e+01	9.699141e-02
1.993252e+01	9.754453e-02
2.003252e+01	1.090016e-01
2.013252e+01	1.300497e-01
2.023252e+01	1.473487e-01
2.033252e+01	1.401991e-01
2.043252e+01	1.179613e-01
2.053252e+01	9.921596e-02
2.063252e+01	8.434554e-02
2.073252e+01	7.161881e-02
2.083252e+01	6.330921e-02
2.093252e+01	5.918530e-02
2.103252e+01	5.595784e-02
2.113252e+01	5.154385e-02
2.123252e+01	4.798956e-02
2.133252e+01	4.634475e-02
2.143252e+01	4.472926e-02
2.153252e+01	4.131221e-02
2.163252e+01	3.740304e-02
2.173252e+01	3.453545e-02
2.183252e+01	3.287246e-02
2.193252e+01	3.217646e-02
2.203252e+01	3.237050e-02
2.213252e+01	3.351993e-02
2.223252e+01	3.555441e-02
2.233252e+01	3.836787e-02
2.243252e+01	4.125031e-02
2.253252e+01	4.245864e-02
2.263252e+01	4.014128e-02
2.273252e+01	3.598730e-02
2.283252e+01	3.297882e-02
2.293252e+01	3.188414e-02
2.303252e+01	3.224805e-02
2.313252e+01	3.247628e-02
2.323252e+01	3.097847e-02
2.333252e+01	2.889158e-02
2.343252e+01	2.771577e-02
2.353252e+01	2.773892e-02
2.363252e+01	2.848740e-02
2.373252e+01	2.875975e-02
2.383252e+01	2.790059e-02
2.393252e+01	2.653437e-02
2.403252e+01	2.523665e-02
2.413252e+01	2.429693e-02
2.423252e+01	2.376506e-02
2.433252e+01	2.344363e-02
2.443252e+01	2.350167e-02
2.453252e+01	2.414837e-02
2.463252e+01	2.512956e-02
2.473252e+01	2.585295e-02
2.483252e+01	2.630410e-02
2.493252e+01	2.702679e-02
2.503252e+01	2.848051e-02
2.513252e+01	3.076724e-02
2.523252e+01	3.264872e-02
2.533252e+01	3.309071e-02
2.543252e+01	3.282084e-02
2.553252e+01	3.270560e-02
2.563252e+01	3.296713e-02
2.573252e+01	3.359133e-02
2.583252e+01	3.357891e-02
2.593252e+01	3.271181e-02
2.603252e+01	3.240071e-02
2.613252e+01	3.375874e-02
2.623252e+01	3.745356e-02
2.633252e+01	4.411473e-02
2.643252e+01	5.390028e-02
2.653252e+01	6.520543e-02
2.663252e+01	7.499566e-02
2.673252e+01	8.309643e-02
2.683252e+01	9.307329e-02
2.693252e+01	1.036823e-01
2.703252e+01	1.035313e-01
2.713252e+01	9.112799e-02
2.723252e+01	7.752940e-02
2.733252e+01	6.524348e-02
2.743252e+01	5.458530e-02
2.753252e+01	4.735066e-02
2.763252e+01	4.341626e-02
2.773252e+01	4.103271e-02
2.783252e+01	3.848487e-02
2.793252e+01	3.631079e-02
2.803252e+01	3.570962e-02
2.813252e+01	3.675892e-02
2.823252e+01	3.815553e-02
2.833252e+01	3.929852e-02
2.843252e+01	4.157459e-02
2.853252e+01	4.614425e-02
2.863252e+01	5.030612e-02
2.873252e+01	4.964072e-02
2.883252e+01	4.324073e-02
2.893252e+01	3.570363e-02
2.903252e+01	3.049985e-02
2.913252e+01	2.784787e-02
2.923252e+01	2.726719e-02
2.933252e+01	2.853851e-02
2.943252e+01	3.157304e-02
2.953252e+01	3.626948e-02
2.963252e+01	4.305552e-02
2.973252e+01	5.040189e-02
2.983252e+01	5.266755e-02
2.993252e+01	4.984609e-02
3.003252e+01	4.781239e-02
3.013252e+01	4.852977e-02
3.023252e+01	4.768026e-02
3.033252e+01	4.232193e-02
3.043252e+01	3.695471e-02
3.053252e+01	3.425542e-02
3.063252e+01	3.262095e-02
3.073252e+01	3.049287e-02
3.083252e+01	2.919340e-02
3.093252e+01	2.975437e-02
3.103252e+01	3.048460e-02
3.113252e+01	2.857972e-02
3.123252e+01	2.512619e-02
3.133252e+01	2.230522e-02
3.143252e+01	2.076080e-02
3.153252e+01	2.055821e-02
3.163252e+01	2.125290e-02
3.173252e+01	2.175004e-02
3.183252e+01	2.089788e-02
3.193252e+01	1.943557e-02
3.203252e+01	1.878434e-02
3.213252e+01	1.947365e-02
3.223252e+01	2.173717e-02
3.233252e+01	2.562863e-02
3.243252e+01	2.995952e-02
3.253252e+01	3.103877e-02
3.263252e+01	2.759347e-02
3.273252e+01	2.367309e-02
3.283252e+01	2.138240e-02
3.293252e+01	1.975679e-02
3.303252e+01	1.764460e-02
3.313252e+01	1.554211e-02
3.323252e+01	1.394487e-02
3.333252e+01	1.283001e-02
3.343252e+01	1.213197e-02
3.353252e+01	1.184105e-02
3.363252e+01	1.197240e-02
3.373252e+01	1.261223e-02
3.383252e+01	1.390240e-02
3.393252e+01	1.573011e-02
3.403252e+01	1.699441e-02
3.413252e+01	1.638736e-02
3.423252e+01	1.477441e-02
3.433252e+01	1.326701e-02
3.443252e+01	1.209669e-02
3.453252e+01	1.123032e-02
3.463252e+01	1.049929e-02
3.473252e+01	9.935891e-03
3.483252e+01	9.494042e-03
3.493252e+01	9.091222e-03
3.503252e+01	8.784972e-03
3.513252e+01	8.598531e-03
3.523252e+01	8.526256e-03
3.533252e+01	8.575627e-03
3.543252e+01	8.757714e-03
3.553252e+01	9.145302e-03
3.563252e+01	9.869141e-03
3.573252e+01	1.096862e-02
3.583252e+01	1.193371e-02
3.593252e+01	1.170461e-02
3.603252e+01	1.050613e-02
3.613252e+01	9.377973e-03
3.623252e+01	8.631669e-03
3.633252e+01	8.190352e-03
3.643252e+01	7.954355e-03
3.653252e+01	7.867119e-03
3.663252e+01	7.910998e-03
3.673252e+01	8.101974e-03
3.683252e+01	8.491473e-03
3.693252e+01	9.157182e-03
3.703252e+01	1.008673e-02
3.713252e+01	1.084881e-02
3.723252e+01	1.087522e-02
3.733252e+01	1.053546e-02
3.743252e+01	1.045718e-02
3.753252e+01	1.073730e-02
3.763252e+01	1.117278e-02
3.773252e+01	1.194854e-02
3.783252e+01	1.352819e-02
3.793252e+01	1.585035e-02
3.803252e+01	1.742988e-02
3.813252e+01	1.673961e-02
3.823252e+01	1.504202e-02
3.833252e+01	1.343560e-02
3.843252e+01	1.202027e-02
3.853252e+01	1.097858e-02
3.863252e+01	1.031441e-02
3.873252e+01	1.001548e-02
3.883252e+01	1.006753e-02
3.893252e+01	1.046023e-02
3.903252e+01	1.121033e-02
3.913252e+01	1.226009e-02
3.923252e+01	1.347371e-02
3.933252e+01	1.404306e-02
3.943252e+01	1.338594e-02
3.953252e+01	1.242947e-02
3.963252e+01	1.189750e-02
3.973252e+01	1.181823e-02
3.983252e+01	1.213558e-02
3.993252e+01	1.295898e-02
4.003252e+01	1.445001e-02
4.013252e+01	1.692552e-02
4.023252e+01	2.097617e-02
4.033252e+01	2.746881e-02
4.043252e+01	3.712941e-02
4.053252e+01	4.820684e-02
4.063252e+01	5.324160e-02
4.073252e+01	4.878048e-02
4.083252e+01	4.236178e-02
4.093252e+01	3.899410e-02
4.103252e+01	3.657277e-02
4.113252e+01	3.179976e-02
4.123252e+01	2.607883e-02
4.133252e+01	2.129750e-02
4.143252e+01	1.799058e-02
4.153252e+01	1.612647e-02
4.163252e+01	1.521601e-02
4.173252e+01	1.464203e-02
4.183252e+01	1.423938e-02
4.193252e+01	1.421288e-02
4.203252e+01	1.497850e-02
4.213252e+01	1.693526e-02
4.223252e+01	1.948554e-02
4.233252e+01	2.025651e-02
4.243252e+01	1.839168e-02
4.253252e+01	1.643016e-02
4.263252e+01	1.594617e-02
4.273252e+01	1.676357e-02
4.283252e+01	1.747095e-02
4.293252e+01	1.723573e-02
4.303252e+01	1.721061e-02
4.313252e+01	1.715670e-02
4.323252e+01	1.536624e-02
4.333252e+01	1.255986e-02
4.343252e+01	1.029535e-02
4.353252e+01	8.849720e-03
4.363252e+01	7.973754e-03
4.373252e+01	7.341675e-03
4.383252e+01	6.760053e-03
4.393252e+01	6.277162e-03
4.403252e+01	5.934954e-03
4.413252e+01	5.715525e-03
4.423252e+01	5.599848e-03
4.433252e+01	5.587137e-03
4.443252e+01	5.694091e-03
4.453252e+01	5.924071e-03
4.463252e+01	6.154027e-03
4.473252e+01	6.137196e-03
4.483252e+01	5.938680e-03
4.493252e+01	5.835593e-03
4.503252e+01	5.926282e-03
4.513252e+01	6.189764e-03
4.523252e+01	6.661169e-03
4.533252e+01	7.389838e-03
4.543252e+01	7.969980e-03
4.553252e+01	7.682357e-03
4.563252e+01	6.824023e-03
4.573252e+01	6.062352e-03
4.583252e+01	5.535081e-03
4.593252e+01	5.204000e-03
4.603252e+01	5.024036e-03
4.613252e+01	4.959468e-03
4.623252e+01	4.995785e-03
4.633252e+01	5.142438e-03
4.643252e+01	5.436970e-03
4.653252e+01	5.951718e-03
4.663252e+01	6.769278e-03
4.673252e+01	7.776917e-03
4.683252e+01	8.276738e-03
4.693252e+01	7.774081e-03
4.703252e+01	6.986011e-03
4.713252e+01	6.486007e-03
4.723252e+01	6.335967e-03
4.733252e+01	6.509465e-03
4.743252e+01	7.032725e-03
4.753252e+01	8.019010e-03
4.763252e+01	9.681715e-03
4.773252e+01	1.218713e-02
4.783252e+01	1.488929e-02
4.793252e+01	1.583200e-02
4.803252e+01	1.500306e-02
4.813252e+01	1.473434e-02
4.823252e+01	1.596279e-02
4.833252e+01	1.764603e-02
4.843252e+01	1.724148e-02
4.853252e+01	1.429850e-02
4.863252e+01	1.125979e-02
4.873252e+01	9.194833e-03
4.883252e+01	7.802342e-03
4.893252e+01	6.741200e-03
4.903252e+01	5.980192e-03
4.913252e+01	5.497058e-03
4.923252e+01	5.239084e-03
4.933252e+01	5.180060e-03
4.943252e+01	5.337254e-03
4.953252e+01	5.762488e-03
4.963252e+01	6.446680e-03
4.973252e+01	7.049459e-03
4.983252e+01	6.970243e-03
4.993252e+01	6.185585e-03
5.003252e+01	5.304901e-03
5.013252e+01	4.666145e-03
5.023252e+01	4.257311e-03
5.033252e+01	4.001855e-03
5.043252e+01	3.846487e-03
5.053252e+01	3.763358e-03
5.063252e+01	3.742907e-03
5.073252e+01	3.791266e-03
5.083252e+01	3.931053e-03
5.093252e+01	4.196092e-03
5.103252e+01	4.572813e-03
5.113252e+01	4.834298e-03
5.123252e+01	4.694713e-03
5.133252e+01	4.361422e-03
5.143252e+01	4.134502e-03
5.153252e+01	4.093658e-03
5.163252e+01	4.251924e-03
5.173252e+01	4.610468e-03
5.183252e+01	5.022607e-03
5.193252e+01	5.079683e-03
5.203252e+01	4.733528e-03
5.213252e+01	4.414486e-03
5.223252e+01	4.336262e-03
5.233252e+01	4.492426e-03
5.243252e+01	4.694372e-03
5.253252e+01	4.625989e-03
5.263252e+01	4.343796e-03
5.273252e+01	4.076080e-03
5.283252e+01	3.801233e-03
5.293252e+01	3.504247e-03
5.303252e+01	3.264554e-03
5.313252e+01	3.100407e-03
5.323252e+01	2.991770e-03
5.333252e+01	2.919921e-03
5.343252e+01	2.873800e-03
5.353252e+01	2.848283e-03
5.363252e+01	2.842488e-03
5.373252e+01	2.858004e-03
5.383252e+01	2.895024e-03
5.393252e+01	2.953461e-03
5.403252e+01	3.034191e-03
5.413252e+01	3.108420e-03
5.423252e+01	3.163870e-03
5.433252e+01	3.239259e-03
5.443252e+01	3.292402e-03
5.453252e+01	3.233466e-03
5.463252e+01	3.079839e-03
5.473252e+01	2.924738e-03
5.483252e+01	2.815844e-03
5.493252e+01	2.751355e-03
5.503252e+01	2.719297e-03
5.513252e+01	2.712400e-03
5.523252e+01	2.730043e-03
5.533252e+01	2.778407e-03
5.543252e+01	2.870934e-03
5.553252e+01	3.023046e-03
5.563252e+01	3.210718e-03
5.573252e+01	3.293372e-03
5.583252e+01	3.172000e-03
5.593252e+01	2.987484e-03
5.603252e+01	2.852410e-03
5.613252e+01	2.774398e-03
5.623252e+01	2.736617e-03
5.633252e+01	2.725403e-03
5.643252e+01	2.730818e-03
5.653252e+01	2.749567e-03
5.663252e+01	2.786720e-03
5.673252e+01	2.849338e-03
5.683252e+01	2.943186e-03
5.693252e+01	3.058899e-03
5.703252e+01	3.157232e-03
5.713252e+01	3.226886e-03
5.723252e+01	3.296073e-03
5.733252e+01	3.387921e-03
5.743252e+01	3.542882e-03
5.753252e+01	3.797636e-03
5.763252e+01	4.181853e-03
5.773252e+01	4.677760e-03
5.783252e+01	5.219849e-03
5.793252e+01	5.825147e-03
5.803252e+01	6.442306e-03
5.813252e+01	6.857129e-03
5.823252e+01	7.044783e-03
5.833252e+01	7.255263e-03
5.843252e+01	7.619066e-03
5.853252e+01	8.085509e-03
5.863252e+01	8.352767e-03
5.873252e+01	8.423172e-03
5.883252e+01	8.872002e-03
5.893252e+01	1.008508e-02
5.903252e+01	1.231489e-02
5.913252e+01	1.595158e-02
5.923252e+01	2.113564e-02
5.933252e+01	2.649334e-02
5.943252e+01	2.925880e-02
5.953252e+01	2.824635e-02
5.963252e+01	2.661803e-02
5.973252e+01	2.671540e-02
5.983252e+01	2.593425e-02
5.993252e+01	2.204157e-02
6.003252e+01	1.759464e-02
6.013252e+01	1.475535e-02
6.023252e+01	1.320737e-02
6.033252e+01	1.161337e-02
6.043252e+01	9.712683e-03
6.053252e+01	8.147692e-03
6.063252e+01	7.076004e-03
6.073252e+01	6.384361e-03
6.083252e+01	5.867607e-03
6.093252e+01	5.436483e-03
6.103252e+01	5.174806e-03
6.113252e+01	5.167251e-03
6.123252e+01	5.492977e-03
6.133252e+01	6.214790e-03
6.143252e+01	7.131916e-03
6.153252e+01	7.432319e-03
6.163252e+01	6.785068e-03
6.173252e+01	6.039019e-03
6.183252e+01	5.594275e-03
6.193252e+01	5.151885e-03
6.203252e+01	4.564442e-03
6.213252e+01	4.061531e-03
6.223252e+01	3.742292e-03
6.233252e+01	3.567357e-03
6.243252e+01	3.497066e-03
6.253252e+01	3.524377e-03
6.263252e+01	3.657204e-03
6.273252e+01	3.919629e-03
6.283252e+01	4.364115e-03
6.293252e+01	5.090802e-03
6.303252e+01	6.278533e-03
6.313252e+01	8.202197e-03
6.323252e+01	1.103368e-02
6.333252e+01	1.383197e-02
6.343252e+01	1.395946e-02
