#RPA-results:
#Nucleus: Ni 80
#Fermi level: -1.541935e+00	-1.810941e+01
#Excitation: 1 +
#Total number of pairs: 494
#Number of ph-/ah-pairs: 494/0
#Maximal excitation-energy for particle-hole-pairs: 100
#Maximal excitation-energy for antiparticle-hole-pairs: 1000
#No imaginary eigenvalues

#Parameterset: DD-PC1
#natural parity: no
#Isoscalar result:

#width: 5.000000e-01
#maximum value: 1.388123e-02
#at energy: 6.343252e+01
-9.656748e+01	5.277902e-04
-9.646748e+01	5.288399e-04
-9.636748e+01	5.298928e-04
-9.626748e+01	5.309488e-04
-9.616748e+01	5.320079e-04
-9.606748e+01	5.330703e-04
-9.596748e+01	5.341358e-04
-9.586748e+01	5.352045e-04
-9.576748e+01	5.362765e-04
-9.566748e+01	5.373516e-04
-9.556748e+01	5.384300e-04
-9.546748e+01	5.395117e-04
-9.536748e+01	5.405966e-04
-9.526748e+01	5.416849e-04
-9.516748e+01	5.427764e-04
-9.506748e+01	5.438712e-04
-9.496748e+01	5.449693e-04
-9.486748e+01	5.460708e-04
-9.476748e+01	5.471756e-04
-9.466748e+01	5.482838e-04
-9.456748e+01	5.493954e-04
-9.446748e+01	5.505103e-04
-9.436748e+01	5.516287e-04
-9.426748e+01	5.527504e-04
-9.416748e+01	5.538756e-04
-9.406748e+01	5.550043e-04
-9.396748e+01	5.561364e-04
-9.386748e+01	5.572720e-04
-9.376748e+01	5.584110e-04
-9.366748e+01	5.595536e-04
-9.356748e+01	5.606997e-04
-9.346748e+01	5.618493e-04
-9.336748e+01	5.630025e-04
-9.326748e+01	5.641592e-04
-9.316748e+01	5.653195e-04
-9.306748e+01	5.664834e-04
-9.296748e+01	5.676508e-04
-9.286748e+01	5.688219e-04
-9.276748e+01	5.699967e-04
-9.266748e+01	5.711751e-04
-9.256748e+01	5.723571e-04
-9.246748e+01	5.735429e-04
-9.236748e+01	5.747323e-04
-9.226748e+01	5.759254e-04
-9.216748e+01	5.771223e-04
-9.206748e+01	5.783229e-04
-9.196748e+01	5.795272e-04
-9.186748e+01	5.807354e-04
-9.176748e+01	5.819473e-04
-9.166748e+01	5.831630e-04
-9.156748e+01	5.843826e-04
-9.146748e+01	5.856060e-04
-9.136748e+01	5.868332e-04
-9.126748e+01	5.880643e-04
-9.116748e+01	5.892993e-04
-9.106748e+01	5.905382e-04
-9.096748e+01	5.917810e-04
-9.086748e+01	5.930277e-04
-9.076748e+01	5.942784e-04
-9.066748e+01	5.955331e-04
-9.056748e+01	5.967917e-04
-9.046748e+01	5.980544e-04
-9.036748e+01	5.993210e-04
-9.026748e+01	6.005917e-04
-9.016748e+01	6.018665e-04
-9.006748e+01	6.031453e-04
-8.996748e+01	6.044282e-04
-8.986748e+01	6.057152e-04
-8.976748e+01	6.070064e-04
-8.966748e+01	6.083016e-04
-8.956748e+01	6.096011e-04
-8.946748e+01	6.109047e-04
-8.936748e+01	6.122125e-04
-8.926748e+01	6.135245e-04
-8.916748e+01	6.148408e-04
-8.906748e+01	6.161613e-04
-8.896748e+01	6.174860e-04
-8.886748e+01	6.188151e-04
-8.876748e+01	6.201484e-04
-8.866748e+01	6.214861e-04
-8.856748e+01	6.228281e-04
-8.846748e+01	6.241745e-04
-8.836748e+01	6.255252e-04
-8.826748e+01	6.268804e-04
-8.816748e+01	6.282399e-04
-8.806748e+01	6.296039e-04
-8.796748e+01	6.309724e-04
-8.786748e+01	6.323453e-04
-8.776748e+01	6.337227e-04
-8.766748e+01	6.351047e-04
-8.756748e+01	6.364912e-04
-8.746748e+01	6.378822e-04
-8.736748e+01	6.392778e-04
-8.726748e+01	6.406780e-04
-8.716748e+01	6.420828e-04
-8.706748e+01	6.434922e-04
-8.696748e+01	6.449063e-04
-8.686748e+01	6.463251e-04
-8.676748e+01	6.477486e-04
-8.666748e+01	6.491768e-04
-8.656748e+01	6.506097e-04
-8.646748e+01	6.520474e-04
-8.636748e+01	6.534898e-04
-8.626748e+01	6.549371e-04
-8.616748e+01	6.563892e-04
-8.606748e+01	6.578461e-04
-8.596748e+01	6.593079e-04
-8.586748e+01	6.607746e-04
-8.576748e+01	6.622462e-04
-8.566748e+01	6.637227e-04
-8.556748e+01	6.652042e-04
-8.546748e+01	6.666906e-04
-8.536748e+01	6.681821e-04
-8.526748e+01	6.696785e-04
-8.516748e+01	6.711800e-04
-8.506748e+01	6.726866e-04
-8.496748e+01	6.741983e-04
-8.486748e+01	6.757151e-04
-8.476748e+01	6.772370e-04
-8.466748e+01	6.787640e-04
-8.456748e+01	6.802963e-04
-8.446748e+01	6.818338e-04
-8.436748e+01	6.833764e-04
-8.426748e+01	6.849244e-04
-8.416748e+01	6.864776e-04
-8.406748e+01	6.880361e-04
-8.396748e+01	6.895999e-04
-8.386748e+01	6.911691e-04
-8.376748e+01	6.927437e-04
-8.366748e+01	6.943236e-04
-8.356748e+01	6.959090e-04
-8.346748e+01	6.974998e-04
-8.336748e+01	6.990961e-04
-8.326748e+01	7.006979e-04
-8.316748e+01	7.023053e-04
-8.306748e+01	7.039181e-04
-8.296748e+01	7.055366e-04
-8.286748e+01	7.071606e-04
-8.276748e+01	7.087903e-04
-8.266748e+01	7.104256e-04
-8.256748e+01	7.120666e-04
-8.246748e+01	7.137133e-04
-8.236748e+01	7.153657e-04
-8.226748e+01	7.170239e-04
-8.216748e+01	7.186879e-04
-8.206748e+01	7.203577e-04
-8.196748e+01	7.220333e-04
-8.186748e+01	7.237148e-04
-8.176748e+01	7.254022e-04
-8.166748e+01	7.270955e-04
-8.156748e+01	7.287947e-04
-8.146748e+01	7.304999e-04
-8.136748e+01	7.322112e-04
-8.126748e+01	7.339284e-04
-8.116748e+01	7.356518e-04
-8.106748e+01	7.373812e-04
-8.096748e+01	7.391167e-04
-8.086748e+01	7.408584e-04
-8.076748e+01	7.426063e-04
-8.066748e+01	7.443603e-04
-8.056748e+01	7.461207e-04
-8.046748e+01	7.478872e-04
-8.036748e+01	7.496601e-04
-8.026748e+01	7.514393e-04
-8.016748e+01	7.532248e-04
-8.006748e+01	7.550168e-04
-7.996748e+01	7.568151e-04
-7.986748e+01	7.586199e-04
-7.976748e+01	7.604312e-04
-7.966748e+01	7.622490e-04
-7.956748e+01	7.640733e-04
-7.946748e+01	7.659042e-04
-7.936748e+01	7.677417e-04
-7.926748e+01	7.695858e-04
-7.916748e+01	7.714366e-04
-7.906748e+01	7.732941e-04
-7.896748e+01	7.751584e-04
-7.886748e+01	7.770293e-04
-7.876748e+01	7.789071e-04
-7.866748e+01	7.807918e-04
-7.856748e+01	7.826833e-04
-7.846748e+01	7.845817e-04
-7.836748e+01	7.864870e-04
-7.826748e+01	7.883993e-04
-7.816748e+01	7.903186e-04
-7.806748e+01	7.922449e-04
-7.796748e+01	7.941783e-04
-7.786748e+01	7.961187e-04
-7.776748e+01	7.980664e-04
-7.766748e+01	8.000212e-04
-7.756748e+01	8.019832e-04
-7.746748e+01	8.039524e-04
-7.736748e+01	8.059290e-04
-7.726748e+01	8.079128e-04
-7.716748e+01	8.099040e-04
-7.706748e+01	8.119026e-04
-7.696748e+01	8.139086e-04
-7.686748e+01	8.159221e-04
-7.676748e+01	8.179430e-04
-7.666748e+01	8.199715e-04
-7.656748e+01	8.220076e-04
-7.646748e+01	8.240513e-04
-7.636748e+01	8.261027e-04
-7.626748e+01	8.281617e-04
-7.616748e+01	8.302284e-04
-7.606748e+01	8.323030e-04
-7.596748e+01	8.343853e-04
-7.586748e+01	8.364755e-04
-7.576748e+01	8.385735e-04
-7.566748e+01	8.406795e-04
-7.556748e+01	8.427934e-04
-7.546748e+01	8.449154e-04
-7.536748e+01	8.470454e-04
-7.526748e+01	8.491834e-04
-7.516748e+01	8.513296e-04
-7.506748e+01	8.534840e-04
-7.496748e+01	8.556466e-04
-7.486748e+01	8.578174e-04
-7.476748e+01	8.599965e-04
-7.466748e+01	8.621840e-04
-7.456748e+01	8.643798e-04
-7.446748e+01	8.665840e-04
-7.436748e+01	8.687967e-04
-7.426748e+01	8.710180e-04
-7.416748e+01	8.732477e-04
-7.406748e+01	8.754861e-04
-7.396748e+01	8.777331e-04
-7.386748e+01	8.799888e-04
-7.376748e+01	8.822532e-04
-7.366748e+01	8.845264e-04
-7.356748e+01	8.868084e-04
-7.346748e+01	8.890993e-04
-7.336748e+01	8.913991e-04
-7.326748e+01	8.937079e-04
-7.316748e+01	8.960256e-04
-7.306748e+01	8.983524e-04
-7.296748e+01	9.006883e-04
-7.286748e+01	9.030334e-04
-7.276748e+01	9.053876e-04
-7.266748e+01	9.077511e-04
-7.256748e+01	9.101239e-04
-7.246748e+01	9.125060e-04
-7.236748e+01	9.148975e-04
-7.226748e+01	9.172985e-04
-7.216748e+01	9.197089e-04
-7.206748e+01	9.221289e-04
-7.196748e+01	9.245585e-04
-7.186748e+01	9.269977e-04
-7.176748e+01	9.294466e-04
-7.166748e+01	9.319053e-04
-7.156748e+01	9.343737e-04
-7.146748e+01	9.368520e-04
-7.136748e+01	9.393402e-04
-7.126748e+01	9.418383e-04
-7.116748e+01	9.443465e-04
-7.106748e+01	9.468647e-04
-7.096748e+01	9.493930e-04
-7.086748e+01	9.519315e-04
-7.076748e+01	9.544802e-04
-7.066748e+01	9.570392e-04
-7.056748e+01	9.596086e-04
-7.046748e+01	9.621883e-04
-7.036748e+01	9.647784e-04
-7.026748e+01	9.673791e-04
-7.016748e+01	9.699903e-04
-7.006748e+01	9.726122e-04
-6.996748e+01	9.752447e-04
-6.986748e+01	9.778880e-04
-6.976748e+01	9.805420e-04
-6.966748e+01	9.832069e-04
-6.956748e+01	9.858827e-04
-6.946748e+01	9.885695e-04
-6.936748e+01	9.912673e-04
-6.926748e+01	9.939762e-04
-6.916748e+01	9.966963e-04
-6.906748e+01	9.994275e-04
-6.896748e+01	1.002170e-03
-6.886748e+01	1.004924e-03
-6.876748e+01	1.007689e-03
-6.866748e+01	1.010466e-03
-6.856748e+01	1.013254e-03
-6.846748e+01	1.016054e-03
-6.836748e+01	1.018866e-03
-6.826748e+01	1.021689e-03
-6.816748e+01	1.024524e-03
-6.806748e+01	1.027371e-03
-6.796748e+01	1.030230e-03
-6.786748e+01	1.033100e-03
-6.776748e+01	1.035983e-03
-6.766748e+01	1.038878e-03
-6.756748e+01	1.041785e-03
-6.746748e+01	1.044705e-03
-6.736748e+01	1.047636e-03
-6.726748e+01	1.050580e-03
-6.716748e+01	1.053537e-03
-6.706748e+01	1.056506e-03
-6.696748e+01	1.059488e-03
-6.686748e+01	1.062482e-03
-6.676748e+01	1.065490e-03
-6.666748e+01	1.068510e-03
-6.656748e+01	1.071542e-03
-6.646748e+01	1.074588e-03
-6.636748e+01	1.077647e-03
-6.626748e+01	1.080719e-03
-6.616748e+01	1.083804e-03
-6.606748e+01	1.086903e-03
-6.596748e+01	1.090015e-03
-6.586748e+01	1.093140e-03
-6.576748e+01	1.096279e-03
-6.566748e+01	1.099431e-03
-6.556748e+01	1.102597e-03
-6.546748e+01	1.105777e-03
-6.536748e+01	1.108971e-03
-6.526748e+01	1.112178e-03
-6.516748e+01	1.115400e-03
-6.506748e+01	1.118635e-03
-6.496748e+01	1.121885e-03
-6.486748e+01	1.125149e-03
-6.476748e+01	1.128427e-03
-6.466748e+01	1.131719e-03
-6.456748e+01	1.135027e-03
-6.446748e+01	1.138348e-03
-6.436748e+01	1.141684e-03
-6.426748e+01	1.145036e-03
-6.416748e+01	1.148401e-03
-6.406748e+01	1.151782e-03
-6.396748e+01	1.155178e-03
-6.386748e+01	1.158589e-03
-6.376748e+01	1.162015e-03
-6.366748e+01	1.165456e-03
-6.356748e+01	1.168913e-03
-6.346748e+01	1.172385e-03
-6.336748e+01	1.175873e-03
-6.326748e+01	1.179376e-03
-6.316748e+01	1.182895e-03
-6.306748e+01	1.186430e-03
-6.296748e+01	1.189981e-03
-6.286748e+01	1.193548e-03
-6.276748e+01	1.197131e-03
-6.266748e+01	1.200730e-03
-6.256748e+01	1.204345e-03
-6.246748e+01	1.207977e-03
-6.236748e+01	1.211626e-03
-6.226748e+01	1.215291e-03
-6.216748e+01	1.218972e-03
-6.206748e+01	1.222671e-03
-6.196748e+01	1.226386e-03
-6.186748e+01	1.230119e-03
-6.176748e+01	1.233869e-03
-6.166748e+01	1.237635e-03
-6.156748e+01	1.241420e-03
-6.146748e+01	1.245221e-03
-6.136748e+01	1.249040e-03
-6.126748e+01	1.252877e-03
-6.116748e+01	1.256732e-03
-6.106748e+01	1.260604e-03
-6.096748e+01	1.264495e-03
-6.086748e+01	1.268404e-03
-6.076748e+01	1.272330e-03
-6.066748e+01	1.276276e-03
-6.056748e+01	1.280239e-03
-6.046748e+01	1.284221e-03
-6.036748e+01	1.288222e-03
-6.026748e+01	1.292242e-03
-6.016748e+01	1.296280e-03
-6.006748e+01	1.300338e-03
-5.996748e+01	1.304415e-03
-5.986748e+01	1.308511e-03
-5.976748e+01	1.312626e-03
-5.966748e+01	1.316761e-03
-5.956748e+01	1.320916e-03
-5.946748e+01	1.325090e-03
-5.936748e+01	1.329284e-03
-5.926748e+01	1.333499e-03
-5.916748e+01	1.337733e-03
-5.906748e+01	1.341988e-03
-5.896748e+01	1.346263e-03
-5.886748e+01	1.350559e-03
-5.876748e+01	1.354875e-03
-5.866748e+01	1.359212e-03
-5.856748e+01	1.363570e-03
-5.846748e+01	1.367950e-03
-5.836748e+01	1.372350e-03
-5.826748e+01	1.376772e-03
-5.816748e+01	1.381215e-03
-5.806748e+01	1.385680e-03
-5.796748e+01	1.390166e-03
-5.786748e+01	1.394675e-03
-5.776748e+01	1.399206e-03
-5.766748e+01	1.403758e-03
-5.756748e+01	1.408334e-03
-5.746748e+01	1.412931e-03
-5.736748e+01	1.417552e-03
-5.726748e+01	1.422195e-03
-5.716748e+01	1.426861e-03
-5.706748e+01	1.431550e-03
-5.696748e+01	1.436262e-03
-5.686748e+01	1.440998e-03
-5.676748e+01	1.445758e-03
-5.666748e+01	1.450541e-03
-5.656748e+01	1.455348e-03
-5.646748e+01	1.460179e-03
-5.636748e+01	1.465034e-03
-5.626748e+01	1.469913e-03
-5.616748e+01	1.474818e-03
-5.606748e+01	1.479746e-03
-5.596748e+01	1.484700e-03
-5.586748e+01	1.489679e-03
-5.576748e+01	1.494683e-03
-5.566748e+01	1.499712e-03
-5.556748e+01	1.504767e-03
-5.546748e+01	1.509847e-03
-5.536748e+01	1.514953e-03
-5.526748e+01	1.520086e-03
-5.516748e+01	1.525245e-03
-5.506748e+01	1.530430e-03
-5.496748e+01	1.535641e-03
-5.486748e+01	1.540880e-03
-5.476748e+01	1.546145e-03
-5.466748e+01	1.551438e-03
-5.456748e+01	1.556758e-03
-5.446748e+01	1.562105e-03
-5.436748e+01	1.567481e-03
-5.426748e+01	1.572884e-03
-5.416748e+01	1.578315e-03
-5.406748e+01	1.583775e-03
-5.396748e+01	1.589263e-03
-5.386748e+01	1.594780e-03
-5.376748e+01	1.600325e-03
-5.366748e+01	1.605900e-03
-5.356748e+01	1.611504e-03
-5.346748e+01	1.617138e-03
-5.336748e+01	1.622802e-03
-5.326748e+01	1.628495e-03
-5.316748e+01	1.634218e-03
-5.306748e+01	1.639972e-03
-5.296748e+01	1.645757e-03
-5.286748e+01	1.651572e-03
-5.276748e+01	1.657418e-03
-5.266748e+01	1.663296e-03
-5.256748e+01	1.669205e-03
-5.246748e+01	1.675146e-03
-5.236748e+01	1.681119e-03
-5.226748e+01	1.687123e-03
-5.216748e+01	1.693161e-03
-5.206748e+01	1.699231e-03
-5.196748e+01	1.705333e-03
-5.186748e+01	1.711469e-03
-5.176748e+01	1.717638e-03
-5.166748e+01	1.723841e-03
-5.156748e+01	1.730078e-03
-5.146748e+01	1.736348e-03
-5.136748e+01	1.742653e-03
-5.126748e+01	1.748993e-03
-5.116748e+01	1.755367e-03
-5.106748e+01	1.761777e-03
-5.096748e+01	1.768222e-03
-5.086748e+01	1.774702e-03
-5.076748e+01	1.781219e-03
-5.066748e+01	1.787771e-03
-5.056748e+01	1.794360e-03
-5.046748e+01	1.800986e-03
-5.036748e+01	1.807648e-03
-5.026748e+01	1.814348e-03
-5.016748e+01	1.821085e-03
-5.006748e+01	1.827861e-03
-4.996748e+01	1.834674e-03
-4.986748e+01	1.841525e-03
-4.976748e+01	1.848416e-03
-4.966748e+01	1.855345e-03
-4.956748e+01	1.862313e-03
-4.946748e+01	1.869321e-03
-4.936748e+01	1.876369e-03
-4.926748e+01	1.883457e-03
-4.916748e+01	1.890586e-03
-4.906748e+01	1.897755e-03
-4.896748e+01	1.904965e-03
-4.886748e+01	1.912217e-03
-4.876748e+01	1.919511e-03
-4.866748e+01	1.926846e-03
-4.856748e+01	1.934224e-03
-4.846748e+01	1.941645e-03
-4.836748e+01	1.949108e-03
-4.826748e+01	1.956615e-03
-4.816748e+01	1.964166e-03
-4.806748e+01	1.971761e-03
-4.796748e+01	1.979400e-03
-4.786748e+01	1.987084e-03
-4.776748e+01	1.994813e-03
-4.766748e+01	2.002587e-03
-4.756748e+01	2.010407e-03
-4.746748e+01	2.018274e-03
-4.736748e+01	2.026187e-03
-4.726748e+01	2.034147e-03
-4.716748e+01	2.042154e-03
-4.706748e+01	2.050209e-03
-4.696748e+01	2.058312e-03
-4.686748e+01	2.066463e-03
-4.676748e+01	2.074663e-03
-4.666748e+01	2.082912e-03
-4.656748e+01	2.091211e-03
-4.646748e+01	2.099560e-03
-4.636748e+01	2.107959e-03
-4.626748e+01	2.116410e-03
-4.616748e+01	2.124911e-03
-4.606748e+01	2.133464e-03
-4.596748e+01	2.142069e-03
-4.586748e+01	2.150727e-03
-4.576748e+01	2.159437e-03
-4.566748e+01	2.168201e-03
-4.556748e+01	2.177019e-03
-4.546748e+01	2.185891e-03
-4.536748e+01	2.194818e-03
-4.526748e+01	2.203800e-03
-4.516748e+01	2.212837e-03
-4.506748e+01	2.221930e-03
-4.496748e+01	2.231081e-03
-4.486748e+01	2.240288e-03
-4.476748e+01	2.249552e-03
-4.466748e+01	2.258875e-03
-4.456748e+01	2.268256e-03
-4.446748e+01	2.277696e-03
-4.436748e+01	2.287195e-03
-4.426748e+01	2.296755e-03
-4.416748e+01	2.306374e-03
-4.406748e+01	2.316055e-03
-4.396748e+01	2.325798e-03
-4.386748e+01	2.335602e-03
-4.376748e+01	2.345469e-03
-4.366748e+01	2.355399e-03
-4.356748e+01	2.365393e-03
-4.346748e+01	2.375450e-03
-4.336748e+01	2.385573e-03
-4.326748e+01	2.395761e-03
-4.316748e+01	2.406015e-03
-4.306748e+01	2.416335e-03
-4.296748e+01	2.426722e-03
-4.286748e+01	2.437177e-03
-4.276748e+01	2.447700e-03
-4.266748e+01	2.458292e-03
-4.256748e+01	2.468953e-03
-4.246748e+01	2.479685e-03
-4.236748e+01	2.490487e-03
-4.226748e+01	2.501360e-03
-4.216748e+01	2.512305e-03
-4.206748e+01	2.523323e-03
-4.196748e+01	2.534413e-03
-4.186748e+01	2.545578e-03
-4.176748e+01	2.556817e-03
-4.166748e+01	2.568132e-03
-4.156748e+01	2.579522e-03
-4.146748e+01	2.590989e-03
-4.136748e+01	2.602533e-03
-4.126748e+01	2.614154e-03
-4.116748e+01	2.625855e-03
-4.106748e+01	2.637635e-03
-4.096748e+01	2.649495e-03
-4.086748e+01	2.661436e-03
-4.076748e+01	2.673458e-03
-4.066748e+01	2.685563e-03
-4.056748e+01	2.697750e-03
-4.046748e+01	2.710022e-03
-4.036748e+01	2.722378e-03
-4.026748e+01	2.734819e-03
-4.016748e+01	2.747347e-03
-4.006748e+01	2.759962e-03
-3.996748e+01	2.772664e-03
-3.986748e+01	2.785456e-03
-3.976748e+01	2.798336e-03
-3.966748e+01	2.811307e-03
-3.956748e+01	2.824369e-03
-3.946748e+01	2.837523e-03
-3.936748e+01	2.850770e-03
-3.926748e+01	2.864111e-03
-3.916748e+01	2.877547e-03
-3.906748e+01	2.891078e-03
-3.896748e+01	2.904705e-03
-3.886748e+01	2.918430e-03
-3.876748e+01	2.932254e-03
-3.866748e+01	2.946176e-03
-3.856748e+01	2.960199e-03
-3.846748e+01	2.974324e-03
-3.836748e+01	2.988550e-03
-3.826748e+01	3.002880e-03
-3.816748e+01	3.017314e-03
-3.806748e+01	3.031853e-03
-3.796748e+01	3.046499e-03
-3.786748e+01	3.061251e-03
-3.776748e+01	3.076113e-03
-3.766748e+01	3.091084e-03
-3.756748e+01	3.106165e-03
-3.746748e+01	3.121358e-03
-3.736748e+01	3.136664e-03
-3.726748e+01	3.152084e-03
-3.716748e+01	3.167619e-03
-3.706748e+01	3.183270e-03
-3.696748e+01	3.199039e-03
-3.686748e+01	3.214926e-03
-3.676748e+01	3.230933e-03
-3.666748e+01	3.247061e-03
-3.656748e+01	3.263311e-03
-3.646748e+01	3.279685e-03
-3.636748e+01	3.296183e-03
-3.626748e+01	3.312808e-03
-3.616748e+01	3.329560e-03
-3.606748e+01	3.346441e-03
-3.596748e+01	3.363451e-03
-3.586748e+01	3.380593e-03
-3.576748e+01	3.397868e-03
-3.566748e+01	3.415277e-03
-3.556748e+01	3.432821e-03
-3.546748e+01	3.450503e-03
-3.536748e+01	3.468323e-03
-3.526748e+01	3.486282e-03
-3.516748e+01	3.504383e-03
-3.506748e+01	3.522627e-03
-3.496748e+01	3.541015e-03
-3.486748e+01	3.559550e-03
-3.476748e+01	3.578231e-03
-3.466748e+01	3.597062e-03
-3.456748e+01	3.616043e-03
-3.446748e+01	3.635177e-03
-3.436748e+01	3.654465e-03
-3.426748e+01	3.673908e-03
-3.416748e+01	3.693509e-03
-3.406748e+01	3.713269e-03
-3.396748e+01	3.733189e-03
-3.386748e+01	3.753272e-03
-3.376748e+01	3.773520e-03
-3.366748e+01	3.793933e-03
-3.356748e+01	3.814515e-03
-3.346748e+01	3.835267e-03
-3.336748e+01	3.856190e-03
-3.326748e+01	3.877287e-03
-3.316748e+01	3.898560e-03
-3.306748e+01	3.920011e-03
-3.296748e+01	3.941641e-03
-3.286748e+01	3.963453e-03
-3.276748e+01	3.985448e-03
-3.266748e+01	4.007630e-03
-3.256748e+01	4.029999e-03
-3.246748e+01	4.052559e-03
-3.236748e+01	4.075311e-03
-3.226748e+01	4.098257e-03
-3.216748e+01	4.121401e-03
-3.206748e+01	4.144743e-03
-3.196748e+01	4.168287e-03
-3.186748e+01	4.192035e-03
-3.176748e+01	4.215989e-03
-3.166748e+01	4.240151e-03
-3.156748e+01	4.264524e-03
-3.146748e+01	4.289111e-03
-3.136748e+01	4.313915e-03
-3.126748e+01	4.338936e-03
-3.116748e+01	4.364179e-03
-3.106748e+01	4.389646e-03
-3.096748e+01	4.415340e-03
-3.086748e+01	4.441263e-03
-3.076748e+01	4.467418e-03
-3.066748e+01	4.493808e-03
-3.056748e+01	4.520435e-03
-3.046748e+01	4.547304e-03
-3.036748e+01	4.574416e-03
-3.026748e+01	4.601775e-03
-3.016748e+01	4.629383e-03
-3.006748e+01	4.657245e-03
-2.996748e+01	4.685362e-03
-2.986748e+01	4.713738e-03
-2.976748e+01	4.742377e-03
-2.966748e+01	4.771282e-03
-2.956748e+01	4.800455e-03
-2.946748e+01	4.829901e-03
-2.936748e+01	4.859623e-03
-2.926748e+01	4.889624e-03
-2.916748e+01	4.919908e-03
-2.906748e+01	4.950478e-03
-2.896748e+01	4.981339e-03
-2.886748e+01	5.012494e-03
-2.876748e+01	5.043947e-03
-2.866748e+01	5.075701e-03
-2.856748e+01	5.107761e-03
-2.846748e+01	5.140131e-03
-2.836748e+01	5.172814e-03
-2.826748e+01	5.205815e-03
-2.816748e+01	5.239138e-03
-2.806748e+01	5.272787e-03
-2.796748e+01	5.306767e-03
-2.786748e+01	5.341082e-03
-2.776748e+01	5.375736e-03
-2.766748e+01	5.410735e-03
-2.756748e+01	5.446082e-03
-2.746748e+01	5.481783e-03
-2.736748e+01	5.517842e-03
-2.726748e+01	5.554265e-03
-2.716748e+01	5.591055e-03
-2.706748e+01	5.628219e-03
-2.696748e+01	5.665761e-03
-2.686748e+01	5.703687e-03
-2.676748e+01	5.742001e-03
-2.666748e+01	5.780710e-03
-2.656748e+01	5.819820e-03
-2.646748e+01	5.859334e-03
-2.636748e+01	5.899260e-03
-2.626748e+01	5.939603e-03
-2.616748e+01	5.980370e-03
-2.606748e+01	6.021565e-03
-2.596748e+01	6.063196e-03
-2.586748e+01	6.105268e-03
-2.576748e+01	6.147789e-03
-2.566748e+01	6.190763e-03
-2.556748e+01	6.234199e-03
-2.546748e+01	6.278103e-03
-2.536748e+01	6.322482e-03
-2.526748e+01	6.367342e-03
-2.516748e+01	6.412691e-03
-2.506748e+01	6.458536e-03
-2.496748e+01	6.504885e-03
-2.486748e+01	6.551746e-03
-2.476748e+01	6.599125e-03
-2.466748e+01	6.647030e-03
-2.456748e+01	6.695471e-03
-2.446748e+01	6.744454e-03
-2.436748e+01	6.793988e-03
-2.426748e+01	6.844083e-03
-2.416748e+01	6.894745e-03
-2.406748e+01	6.945985e-03
-2.396748e+01	6.997811e-03
-2.386748e+01	7.050232e-03
-2.376748e+01	7.103258e-03
-2.366748e+01	7.156898e-03
-2.356748e+01	7.211162e-03
-2.346748e+01	7.266060e-03
-2.336748e+01	7.321602e-03
-2.326748e+01	7.377799e-03
-2.316748e+01	7.434660e-03
-2.306748e+01	7.492198e-03
-2.296748e+01	7.550422e-03
-2.286748e+01	7.609344e-03
-2.276748e+01	7.668976e-03
-2.266748e+01	7.729330e-03
-2.256748e+01	7.790416e-03
-2.246748e+01	7.852248e-03
-2.236748e+01	7.914838e-03
-2.226748e+01	7.978198e-03
-2.216748e+01	8.042343e-03
-2.206748e+01	8.107284e-03
-2.196748e+01	8.173036e-03
-2.186748e+01	8.239613e-03
-2.176748e+01	8.307029e-03
-2.166748e+01	8.375298e-03
-2.156748e+01	8.444436e-03
-2.146748e+01	8.514456e-03
-2.136748e+01	8.585376e-03
-2.126748e+01	8.657211e-03
-2.116748e+01	8.729977e-03
-2.106748e+01	8.803690e-03
-2.096748e+01	8.878369e-03
-2.086748e+01	8.954030e-03
-2.076748e+01	9.030690e-03
-2.066748e+01	9.108369e-03
-2.056748e+01	9.187085e-03
-2.046748e+01	9.266857e-03
-2.036748e+01	9.347704e-03
-2.026748e+01	9.429647e-03
-2.016748e+01	9.512706e-03
-2.006748e+01	9.596902e-03
-1.996748e+01	9.682257e-03
-1.986748e+01	9.768793e-03
-1.976748e+01	9.856531e-03
-1.966748e+01	9.945496e-03
-1.956748e+01	1.003571e-02
-1.946748e+01	1.012720e-02
-1.936748e+01	1.021999e-02
-1.926748e+01	1.031410e-02
-1.916748e+01	1.040957e-02
-1.906748e+01	1.050641e-02
-1.896748e+01	1.060466e-02
-1.886748e+01	1.070435e-02
-1.876748e+01	1.080549e-02
-1.866748e+01	1.090813e-02
-1.856748e+01	1.101229e-02
-1.846748e+01	1.111801e-02
-1.836748e+01	1.122531e-02
-1.826748e+01	1.133424e-02
-1.816748e+01	1.144482e-02
-1.806748e+01	1.155709e-02
-1.796748e+01	1.167108e-02
-1.786748e+01	1.178684e-02
-1.776748e+01	1.190439e-02
-1.766748e+01	1.202379e-02
-1.756748e+01	1.214506e-02
-1.746748e+01	1.226826e-02
-1.736748e+01	1.239341e-02
-1.726748e+01	1.252058e-02
-1.716748e+01	1.264979e-02
-1.706748e+01	1.278111e-02
-1.696748e+01	1.291457e-02
-1.686748e+01	1.305022e-02
-1.676748e+01	1.318812e-02
-1.666748e+01	1.332832e-02
-1.656748e+01	1.347087e-02
-1.646748e+01	1.361583e-02
-1.636748e+01	1.376324e-02
-1.626748e+01	1.391319e-02
-1.616748e+01	1.406571e-02
-1.606748e+01	1.422088e-02
-1.596748e+01	1.437876e-02
-1.586748e+01	1.453941e-02
-1.576748e+01	1.470291e-02
-1.566748e+01	1.486933e-02
-1.556748e+01	1.503874e-02
-1.546748e+01	1.521121e-02
-1.536748e+01	1.538683e-02
-1.526748e+01	1.556567e-02
-1.516748e+01	1.574782e-02
-1.506748e+01	1.593336e-02
-1.496748e+01	1.612239e-02
-1.486748e+01	1.631500e-02
-1.476748e+01	1.651129e-02
-1.466748e+01	1.671134e-02
-1.456748e+01	1.691527e-02
-1.446748e+01	1.712319e-02
-1.436748e+01	1.733520e-02
-1.426748e+01	1.755142e-02
-1.416748e+01	1.777196e-02
-1.406748e+01	1.799696e-02
-1.396748e+01	1.822654e-02
-1.386748e+01	1.846083e-02
-1.376748e+01	1.869997e-02
-1.366748e+01	1.894411e-02
-1.356748e+01	1.919340e-02
-1.346748e+01	1.944798e-02
-1.336748e+01	1.970803e-02
-1.326748e+01	1.997371e-02
-1.316748e+01	2.024520e-02
-1.306748e+01	2.052268e-02
-1.296748e+01	2.080634e-02
-1.286748e+01	2.109639e-02
-1.276748e+01	2.139302e-02
-1.266748e+01	2.169646e-02
-1.256748e+01	2.200693e-02
-1.246748e+01	2.232467e-02
-1.236748e+01	2.264993e-02
-1.226748e+01	2.298296e-02
-1.216748e+01	2.332404e-02
-1.206748e+01	2.367346e-02
-1.196748e+01	2.403151e-02
-1.186748e+01	2.439850e-02
-1.176748e+01	2.477476e-02
-1.166748e+01	2.516064e-02
-1.156748e+01	2.555651e-02
-1.146748e+01	2.596274e-02
-1.136748e+01	2.637973e-02
-1.126748e+01	2.680791e-02
-1.116748e+01	2.724773e-02
-1.106748e+01	2.769966e-02
-1.096748e+01	2.816420e-02
-1.086748e+01	2.864187e-02
-1.076748e+01	2.913323e-02
-1.066748e+01	2.963888e-02
-1.056748e+01	3.015945e-02
-1.046748e+01	3.069560e-02
-1.036748e+01	3.124804e-02
-1.026748e+01	3.181753e-02
-1.016748e+01	3.240487e-02
-1.006748e+01	3.301094e-02
-9.967479e+00	3.363664e-02
-9.867479e+00	3.428297e-02
-9.767479e+00	3.495098e-02
-9.667479e+00	3.564182e-02
-9.567479e+00	3.635670e-02
-9.467479e+00	3.709697e-02
-9.367479e+00	3.786403e-02
-9.267479e+00	3.865946e-02
-9.167479e+00	3.948493e-02
-9.067479e+00	4.034227e-02
-8.967479e+00	4.123350e-02
-8.867479e+00	4.216081e-02
-8.767479e+00	4.312660e-02
-8.667479e+00	4.413355e-02
-8.567479e+00	4.518460e-02
-8.467479e+00	4.628301e-02
-8.367479e+00	4.743244e-02
-8.267479e+00	4.863697e-02
-8.167479e+00	4.990119e-02
-8.067479e+00	5.123034e-02
-7.967479e+00	5.263032e-02
-7.867479e+00	5.410795e-02
-7.767479e+00	5.567106e-02
-7.667479e+00	5.732875e-02
-7.567479e+00	5.909170e-02
-7.467479e+00	6.097252e-02
-7.367479e+00	6.298623e-02
-7.267479e+00	6.515097e-02
-7.167479e+00	6.748883e-02
-7.067479e+00	7.002708e-02
-6.967479e+00	7.279983e-02
-6.867479e+00	7.585042e-02
-6.767479e+00	7.923477e-02
-6.667479e+00	8.302636e-02
-6.567479e+00	8.732372e-02
-6.467479e+00	9.226183e-02
-6.367479e+00	9.803015e-02
-6.267479e+00	1.049019e-01
-6.167479e+00	1.132831e-01
-6.067479e+00	1.237968e-01
-5.967479e+00	1.374344e-01
-5.867479e+00	1.558331e-01
-5.767479e+00	1.817904e-01
-5.667479e+00	2.201798e-01
-5.567479e+00	2.791861e-01
-5.467479e+00	3.694058e-01
-5.367479e+00	4.876895e-01
-5.267479e+00	5.714576e-01
-5.167479e+00	5.383390e-01
-5.067479e+00	4.350157e-01
-4.967479e+00	3.444399e-01
-4.867479e+00	2.873246e-01
-4.767479e+00	2.558104e-01
-4.667479e+00	2.408402e-01
-4.567479e+00	2.367373e-01
-4.467479e+00	2.398943e-01
-4.367479e+00	2.480093e-01
-4.267479e+00	2.612695e-01
-4.167479e+00	2.812436e-01
-4.067479e+00	3.098217e-01
-3.967479e+00	3.498964e-01
-3.867479e+00	4.050236e-01
-3.767479e+00	4.763206e-01
-3.667479e+00	5.649804e-01
-3.567479e+00	6.906496e-01
-3.467479e+00	8.855378e-01
-3.367479e+00	1.157871e+00
-3.267479e+00	1.421938e+00
-3.167479e+00	1.568223e+00
-3.067479e+00	1.687792e+00
-2.967479e+00	1.796713e+00
-2.867479e+00	1.733974e+00
-2.767479e+00	1.530291e+00
-2.667479e+00	1.381630e+00
-2.567479e+00	1.363929e+00
-2.467479e+00	1.420150e+00
-2.367479e+00	1.470329e+00
-2.267479e+00	1.518738e+00
-2.167479e+00	1.662524e+00
-2.067479e+00	1.965253e+00
-1.967479e+00	2.314375e+00
-1.867479e+00	2.409558e+00
-1.767479e+00	2.248697e+00
-1.667479e+00	2.155339e+00
-1.567479e+00	2.287231e+00
-1.467479e+00	2.703660e+00
-1.367479e+00	3.490618e+00
-1.267479e+00	4.637132e+00
-1.167479e+00	5.603559e+00
-1.067479e+00	5.607648e+00
-9.674791e-01	5.150254e+00
-8.674791e-01	4.969133e+00
-7.674791e-01	4.788879e+00
-6.674791e-01	4.250147e+00
-5.674791e-01	3.762578e+00
-4.674791e-01	3.684004e+00
-3.674791e-01	4.118131e+00
-2.674791e-01	5.164166e+00
-1.674791e-01	6.837247e+00
-6.747911e-02	8.391531e+00
3.252089e-02	8.243879e+00
1.325209e-01	6.679537e+00
2.325209e-01	5.288206e+00
3.325209e-01	4.615627e+00
4.325209e-01	4.652251e+00
5.325209e-01	5.414750e+00
6.325209e-01	6.971272e+00
7.325209e-01	8.888362e+00
8.325209e-01	9.425770e+00
9.325209e-01	7.739171e+00
1.032521e+00	5.561392e+00
1.132521e+00	3.988843e+00
1.232521e+00	3.020220e+00
1.332521e+00	2.414762e+00
1.432521e+00	1.984492e+00
1.532521e+00	1.682391e+00
1.632521e+00	1.508890e+00
1.732521e+00	1.437106e+00
1.832521e+00	1.385089e+00
1.932521e+00	1.261868e+00
2.032521e+00	1.111524e+00
2.132521e+00	1.006695e+00
2.232521e+00	9.620977e-01
2.332521e+00	9.769314e-01
2.432521e+00	1.059912e+00
2.532521e+00	1.233158e+00
2.632521e+00	1.509109e+00
2.732521e+00	1.783375e+00
2.832521e+00	1.785239e+00
2.932521e+00	1.514962e+00
3.032521e+00	1.243318e+00
3.132521e+00	1.074137e+00
3.232521e+00	9.931616e-01
3.332521e+00	9.741780e-01
3.432521e+00	1.004708e+00
3.532521e+00	1.085756e+00
3.632521e+00	1.228545e+00
3.732521e+00	1.456939e+00
3.832521e+00	1.807808e+00
3.932521e+00	2.343356e+00
4.032521e+00	3.183362e+00
4.132521e+00	4.407795e+00
4.232521e+00	5.583504e+00
4.332521e+00	5.576215e+00
4.432521e+00	4.408611e+00
4.532521e+00	3.211585e+00
4.632521e+00	2.403192e+00
4.732521e+00	1.913714e+00
4.832521e+00	1.625215e+00
4.932521e+00	1.460302e+00
5.032521e+00	1.375002e+00
5.132521e+00	1.345082e+00
5.232521e+00	1.357530e+00
5.332521e+00	1.406007e+00
5.432521e+00	1.488547e+00
5.532521e+00	1.606521e+00
5.632521e+00	1.764364e+00
5.732521e+00	1.969894e+00
5.832521e+00	2.235236e+00
5.932521e+00	2.578537e+00
6.032521e+00	3.026926e+00
6.132521e+00	3.621563e+00
6.232521e+00	4.426414e+00
6.332521e+00	5.543951e+00
6.432521e+00	7.143952e+00
6.532521e+00	9.517146e+00
6.632521e+00	1.317198e+01
6.732521e+00	1.897624e+01
6.832521e+00	2.814050e+01
6.932521e+00	4.078996e+01
7.032521e+00	5.080212e+01
7.132521e+00	4.748022e+01
7.232521e+00	3.490780e+01
7.332521e+00	2.357148e+01
7.432521e+00	1.603481e+01
7.532521e+00	1.130848e+01
7.632521e+00	8.293703e+00
7.732521e+00	6.299354e+00
7.832521e+00	4.928683e+00
7.932521e+00	3.953210e+00
8.032521e+00	3.237475e+00
8.132521e+00	2.698287e+00
8.232521e+00	2.282757e+00
8.332521e+00	1.956158e+00
8.432521e+00	1.695020e+00
8.532521e+00	1.483067e+00
8.632521e+00	1.308744e+00
8.732521e+00	1.163680e+00
8.832521e+00	1.041697e+00
8.932521e+00	9.381580e-01
9.032521e+00	8.495323e-01
9.132521e+00	7.730960e-01
9.232521e+00	7.067230e-01
9.332521e+00	6.487394e-01
9.432521e+00	5.978175e-01
9.532521e+00	5.528862e-01
9.632521e+00	5.130068e-01
9.732521e+00	4.772679e-01
9.832521e+00	4.450297e-01
9.932521e+00	4.159855e-01
1.003252e+01	3.898116e-01
1.013252e+01	3.661534e-01
1.023252e+01	3.446978e-01
1.033252e+01	3.251856e-01
1.043252e+01	3.074055e-01
1.053252e+01	2.911899e-01
1.063252e+01	2.764126e-01
1.073252e+01	2.629730e-01
1.083252e+01	2.507031e-01
1.093252e+01	2.392220e-01
1.103252e+01	2.283070e-01
1.113252e+01	2.182353e-01
1.123252e+01	2.092143e-01
1.133252e+01	2.011925e-01
1.143252e+01	1.938321e-01
1.153252e+01	1.869152e-01
1.163252e+01	1.809545e-01
1.173252e+01	1.766064e-01
1.183252e+01	1.743168e-01
1.193252e+01	1.736274e-01
1.203252e+01	1.718575e-01
1.213252e+01	1.672460e-01
1.223252e+01	1.608053e-01
1.233252e+01	1.534380e-01
1.243252e+01	1.460966e-01
1.253252e+01	1.384386e-01
1.263252e+01	1.308353e-01
1.273252e+01	1.241570e-01
1.283252e+01	1.185993e-01
1.293252e+01	1.140322e-01
1.303252e+01	1.102835e-01
1.313252e+01	1.071630e-01
1.323252e+01	1.044836e-01
1.333252e+01	1.022226e-01
1.343252e+01	1.000711e-01
1.353252e+01	9.717405e-02
1.363252e+01	9.359014e-02
1.373252e+01	9.003562e-02
1.383252e+01	8.678636e-02
1.393252e+01	8.382618e-02
1.403252e+01	8.116082e-02
1.413252e+01	7.876239e-02
1.423252e+01	7.654300e-02
1.433252e+01	7.446046e-02
1.443252e+01	7.251504e-02
1.453252e+01	7.068535e-02
1.463252e+01	6.895207e-02
1.473252e+01	6.732367e-02
1.483252e+01	6.581222e-02
1.493252e+01	6.442760e-02
1.503252e+01	6.317621e-02
1.513252e+01	6.203424e-02
1.523252e+01	6.084797e-02
1.533252e+01	5.944435e-02
1.543252e+01	5.797256e-02
1.553252e+01	5.660975e-02
1.563252e+01	5.538018e-02
1.573252e+01	5.426272e-02
1.583252e+01	5.324124e-02
1.593252e+01	5.231048e-02
1.603252e+01	5.147689e-02
1.613252e+01	5.076035e-02
1.623252e+01	5.019698e-02
1.633252e+01	4.984090e-02
1.643252e+01	4.973783e-02
1.653252e+01	4.987931e-02
1.663252e+01	5.037964e-02
1.673252e+01	5.154095e-02
1.683252e+01	5.297626e-02
1.693252e+01	5.284850e-02
1.703252e+01	5.056248e-02
1.713252e+01	4.801060e-02
1.723252e+01	4.622065e-02
1.733252e+01	4.519069e-02
1.743252e+01	4.475381e-02
1.753252e+01	4.481099e-02
1.763252e+01	4.540961e-02
1.773252e+01	4.671362e-02
1.783252e+01	4.883543e-02
1.793252e+01	5.168374e-02
1.803252e+01	5.517901e-02
1.813252e+01	5.859240e-02
1.823252e+01	6.112173e-02
1.833252e+01	6.408831e-02
1.843252e+01	6.914715e-02
1.853252e+01	7.465393e-02
1.863252e+01	7.809684e-02
1.873252e+01	8.333712e-02
1.883252e+01	9.221785e-02
1.893252e+01	9.517481e-02
1.903252e+01	8.488772e-02
1.913252e+01	7.126556e-02
1.923252e+01	6.222554e-02
1.933252e+01	5.828591e-02
1.943252e+01	5.751114e-02
1.953252e+01	5.741261e-02
1.963252e+01	5.713820e-02
1.973252e+01	5.663866e-02
1.983252e+01	5.573755e-02
1.993252e+01	5.476504e-02
2.003252e+01	5.121689e-02
2.013252e+01	4.528012e-02
2.023252e+01	4.011751e-02
2.033252e+01	3.657526e-02
2.043252e+01	3.404140e-02
2.053252e+01	3.197208e-02
2.063252e+01	3.031774e-02
2.073252e+01	2.915806e-02
2.083252e+01	2.843356e-02
2.093252e+01	2.801756e-02
2.103252e+01	2.785481e-02
2.113252e+01	2.809467e-02
2.123252e+01	2.881662e-02
2.133252e+01	2.951787e-02
2.143252e+01	2.917417e-02
2.153252e+01	2.794556e-02
2.163252e+01	2.691534e-02
2.173252e+01	2.651896e-02
2.183252e+01	2.678051e-02
2.193252e+01	2.769588e-02
2.203252e+01	2.907670e-02
2.213252e+01	3.065800e-02
2.223252e+01	3.295587e-02
2.233252e+01	3.593911e-02
2.243252e+01	3.725008e-02
2.253252e+01	3.487309e-02
2.263252e+01	3.106790e-02
2.273252e+01	2.836056e-02
2.283252e+01	2.696832e-02
2.293252e+01	2.600316e-02
2.303252e+01	2.475422e-02
2.313252e+01	2.331741e-02
2.323252e+01	2.211770e-02
2.333252e+01	2.136718e-02
2.343252e+01	2.098535e-02
2.353252e+01	2.081119e-02
2.363252e+01	2.073533e-02
2.373252e+01	2.067218e-02
2.383252e+01	2.039535e-02
2.393252e+01	1.991853e-02
2.403252e+01	1.952326e-02
2.413252e+01	1.918737e-02
2.423252e+01	1.886219e-02
2.433252e+01	1.866692e-02
2.443252e+01	1.867693e-02
2.453252e+01	1.890645e-02
2.463252e+01	1.918303e-02
2.473252e+01	1.923375e-02
2.483252e+01	1.916138e-02
2.493252e+01	1.919801e-02
2.503252e+01	1.929217e-02
2.513252e+01	1.943942e-02
2.523252e+01	1.980222e-02
2.533252e+01	2.054470e-02
2.543252e+01	2.170747e-02
2.553252e+01	2.279662e-02
2.563252e+01	2.314270e-02
2.573252e+01	2.301807e-02
2.583252e+01	2.308963e-02
2.593252e+01	2.358035e-02
2.603252e+01	2.454682e-02
2.613252e+01	2.637512e-02
2.623252e+01	2.954844e-02
2.633252e+01	3.470379e-02
2.643252e+01	4.261916e-02
2.653252e+01	5.302069e-02
2.663252e+01	6.313468e-02
2.673252e+01	7.180613e-02
2.683252e+01	8.155686e-02
2.693252e+01	9.183707e-02
2.703252e+01	9.424684e-02
2.713252e+01	8.737998e-02
2.723252e+01	7.682292e-02
2.733252e+01	6.351439e-02
2.743252e+01	5.093400e-02
2.753252e+01	4.185511e-02
2.763252e+01	3.635822e-02
2.773252e+01	3.366552e-02
2.783252e+01	3.241159e-02
2.793252e+01	3.148858e-02
2.803252e+01	3.143274e-02
2.813252e+01	3.237594e-02
2.823252e+01	3.325292e-02
2.833252e+01	3.457195e-02
2.843252e+01	3.823906e-02
2.853252e+01	4.442797e-02
2.863252e+01	4.972279e-02
2.873252e+01	4.942711e-02
2.883252e+01	4.287366e-02
2.893252e+01	3.514884e-02
2.903252e+01	2.984691e-02
2.913252e+01	2.715213e-02
2.923252e+01	2.655363e-02
2.933252e+01	2.781496e-02
2.943252e+01	3.083760e-02
2.953252e+01	3.551483e-02
2.963252e+01	4.226993e-02
2.973252e+01	4.958944e-02
2.983252e+01	5.189362e-02
2.993252e+01	4.916880e-02
3.003252e+01	4.720555e-02
3.013252e+01	4.793022e-02
3.023252e+01	4.701282e-02
3.033252e+01	4.161379e-02
3.043252e+01	3.625454e-02
3.053252e+01	3.355018e-02
3.063252e+01	3.187606e-02
3.073252e+01	2.968594e-02
3.083252e+01	2.828652e-02
3.093252e+01	2.868267e-02
3.103252e+01	2.915530e-02
3.113252e+01	2.687486e-02
3.123252e+01	2.304327e-02
3.133252e+01	2.010455e-02
3.143252e+01	1.859144e-02
3.153252e+01	1.833020e-02
3.163252e+01	1.904816e-02
3.173252e+01	1.982539e-02
3.183252e+01	1.931660e-02
3.193252e+01	1.810863e-02
3.203252e+01	1.759472e-02
3.213252e+01	1.831006e-02
3.223252e+01	2.046143e-02
3.233252e+01	2.404686e-02
3.243252e+01	2.792926e-02
3.253252e+01	2.870007e-02
3.263252e+01	2.536586e-02
3.273252e+01	2.171109e-02
3.283252e+01	1.958005e-02
3.293252e+01	1.800965e-02
3.303252e+01	1.585577e-02
3.313252e+01	1.367635e-02
3.323252e+01	1.205848e-02
3.333252e+01	1.095366e-02
3.343252e+01	1.018784e-02
3.353252e+01	9.645576e-03
3.363252e+01	9.257513e-03
3.373252e+01	8.984297e-03
3.383252e+01	8.805062e-03
3.393252e+01	8.719656e-03
3.403252e+01	8.749881e-03
3.413252e+01	8.906870e-03
3.423252e+01	9.080278e-03
3.433252e+01	9.000721e-03
3.443252e+01	8.675591e-03
3.453252e+01	8.333918e-03
3.463252e+01	8.040469e-03
3.473252e+01	7.817355e-03
3.483252e+01	7.672140e-03
3.493252e+01	7.594004e-03
3.503252e+01	7.567053e-03
3.513252e+01	7.571544e-03
3.523252e+01	7.615848e-03
3.533252e+01	7.739469e-03
3.543252e+01	7.993409e-03
3.553252e+01	8.455555e-03
3.563252e+01	9.237702e-03
3.573252e+01	1.037447e-02
3.583252e+01	1.136019e-02
3.593252e+01	1.114320e-02
3.603252e+01	9.951909e-03
3.613252e+01	8.824152e-03
3.623252e+01	8.068805e-03
3.633252e+01	7.603261e-03
3.643252e+01	7.322574e-03
3.653252e+01	7.166536e-03
3.663252e+01	7.107926e-03
3.673252e+01	7.135985e-03
3.683252e+01	7.225692e-03
3.693252e+01	7.300532e-03
3.703252e+01	7.335816e-03
3.713252e+01	7.431621e-03
3.723252e+01	7.662099e-03
3.733252e+01	8.019819e-03
3.743252e+01	8.409418e-03
3.753252e+01	8.786953e-03
3.763252e+01	9.379615e-03
3.773252e+01	1.050655e-02
3.783252e+01	1.240997e-02
3.793252e+01	1.487436e-02
3.803252e+01	1.625845e-02
3.813252e+01	1.511292e-02
3.823252e+01	1.294814e-02
3.833252e+01	1.112655e-02
3.843252e+01	9.868488e-03
3.853252e+01	9.098150e-03
3.863252e+01	8.679919e-03
3.873252e+01	8.564416e-03
3.883252e+01	8.732134e-03
3.893252e+01	9.141389e-03
3.903252e+01	9.791684e-03
3.913252e+01	1.067577e-02
3.923252e+01	1.162589e-02
3.933252e+01	1.205062e-02
3.943252e+01	1.150791e-02
3.953252e+01	1.070589e-02
3.963252e+01	1.027411e-02
3.973252e+01	1.024181e-02
3.983252e+01	1.054022e-02
3.993252e+01	1.124794e-02
4.003252e+01	1.248912e-02
4.013252e+01	1.452150e-02
4.023252e+01	1.782336e-02
4.033252e+01	2.306097e-02
4.043252e+01	3.050774e-02
4.053252e+01	3.771184e-02
4.063252e+01	3.989632e-02
4.073252e+01	3.882167e-02
4.083252e+01	3.896627e-02
4.093252e+01	3.921737e-02
4.103252e+01	3.571508e-02
4.113252e+01	2.937717e-02
4.123252e+01	2.360331e-02
4.133252e+01	1.941166e-02
4.143252e+01	1.669636e-02
4.153252e+01	1.502788e-02
4.163252e+01	1.407254e-02
4.173252e+01	1.355979e-02
4.183252e+01	1.332176e-02
4.193252e+01	1.338732e-02
4.203252e+01	1.417704e-02
4.213252e+01	1.613296e-02
4.223252e+01	1.864157e-02
4.233252e+01	1.924374e-02
4.243252e+01	1.717223e-02
4.253252e+01	1.502077e-02
4.263252e+01	1.425760e-02
4.273252e+01	1.457448e-02
4.283252e+01	1.433519e-02
4.293252e+01	1.245983e-02
4.303252e+01	1.018737e-02
4.313252e+01	8.478363e-03
4.323252e+01	7.343792e-03
4.333252e+01	6.589803e-03
4.343252e+01	6.070631e-03
4.353252e+01	5.698885e-03
4.363252e+01	5.423622e-03
4.373252e+01	5.214639e-03
4.383252e+01	5.053969e-03
4.393252e+01	4.931082e-03
4.403252e+01	4.840382e-03
4.413252e+01	4.780401e-03
4.423252e+01	4.753789e-03
4.433252e+01	4.765900e-03
4.443252e+01	4.814403e-03
4.453252e+01	4.872694e-03
4.463252e+01	4.902021e-03
4.473252e+01	4.889164e-03
4.483252e+01	4.896024e-03
4.493252e+01	4.986239e-03
4.503252e+01	5.185097e-03
4.513252e+01	5.535498e-03
4.523252e+01	6.131268e-03
4.533252e+01	6.985350e-03
4.543252e+01	7.657710e-03
4.553252e+01	7.419801e-03
4.563252e+01	6.584472e-03
4.573252e+01	5.837923e-03
4.583252e+01	5.324034e-03
4.593252e+01	5.005492e-03
4.603252e+01	4.837311e-03
4.613252e+01	4.783930e-03
4.623252e+01	4.830978e-03
4.633252e+01	4.988007e-03
4.643252e+01	5.293574e-03
4.653252e+01	5.822076e-03
4.663252e+01	6.657661e-03
4.673252e+01	7.683796e-03
4.683252e+01	8.186864e-03
4.693252e+01	7.663774e-03
4.703252e+01	6.846837e-03
4.713252e+01	6.328298e-03
4.723252e+01	6.175280e-03
4.733252e+01	6.349288e-03
4.743252e+01	6.868145e-03
4.753252e+01	7.841852e-03
4.763252e+01	9.480393e-03
4.773252e+01	1.194710e-02
4.783252e+01	1.460704e-02
4.793252e+01	1.554653e-02
4.803252e+01	1.476985e-02
4.813252e+01	1.456945e-02
4.823252e+01	1.585937e-02
4.833252e+01	1.758277e-02
4.843252e+01	1.717530e-02
4.853252e+01	1.420069e-02
4.863252e+01	1.112771e-02
4.873252e+01	9.028749e-03
4.883252e+01	7.600654e-03
4.893252e+01	6.504869e-03
4.903252e+01	5.706499e-03
4.913252e+01	5.171560e-03
4.923252e+01	4.832679e-03
4.933252e+01	4.643813e-03
4.943252e+01	4.590372e-03
4.953252e+01	4.687515e-03
4.963252e+01	4.965219e-03
4.973252e+01	5.362314e-03
4.983252e+01	5.514388e-03
4.993252e+01	5.133538e-03
5.003252e+01	4.575028e-03
5.013252e+01	4.145953e-03
5.023252e+01	3.869524e-03
5.033252e+01	3.699574e-03
5.043252e+01	3.600787e-03
5.053252e+01	3.556112e-03
5.063252e+01	3.563020e-03
5.073252e+01	3.631433e-03
5.083252e+01	3.785816e-03
5.093252e+01	4.061064e-03
5.103252e+01	4.444626e-03
5.113252e+01	4.711953e-03
5.123252e+01	4.579988e-03
5.133252e+01	4.254903e-03
5.143252e+01	4.034670e-03
5.153252e+01	3.998755e-03
5.163252e+01	4.160554e-03
5.173252e+01	4.521509e-03
5.183252e+01	4.935146e-03
5.193252e+01	4.993291e-03
5.203252e+01	4.648182e-03
5.213252e+01	4.329569e-03
5.223252e+01	4.249146e-03
5.233252e+01	4.394080e-03
5.243252e+01	4.569355e-03
5.253252e+01	4.473467e-03
5.263252e+01	4.189020e-03
5.273252e+01	3.942648e-03
5.283252e+01	3.688995e-03
5.293252e+01	3.404304e-03
5.303252e+01	3.170684e-03
5.313252e+01	3.009043e-03
5.323252e+01	2.900556e-03
5.333252e+01	2.826965e-03
5.343252e+01	2.777059e-03
5.353252e+01	2.744029e-03
5.363252e+01	2.722702e-03
5.373252e+01	2.712602e-03
5.383252e+01	2.719844e-03
5.393252e+01	2.750077e-03
5.403252e+01	2.793801e-03
5.413252e+01	2.804778e-03
5.423252e+01	2.757625e-03
5.433252e+01	2.700915e-03
5.443252e+01	2.667906e-03
5.453252e+01	2.651618e-03
5.463252e+01	2.625657e-03
5.473252e+01	2.585768e-03
5.483252e+01	2.550107e-03
5.493252e+01	2.524681e-03
5.503252e+01	2.507315e-03
5.513252e+01	2.495897e-03
5.523252e+01	2.489119e-03
5.533252e+01	2.486191e-03
5.543252e+01	2.486523e-03
5.553252e+01	2.489218e-03
5.563252e+01	2.493941e-03
5.573252e+01	2.501930e-03
5.583252e+01	2.515064e-03
5.593252e+01	2.534925e-03
5.603252e+01	2.560475e-03
5.613252e+01	2.584378e-03
5.623252e+01	2.603603e-03
5.633252e+01	2.629213e-03
5.643252e+01	2.671314e-03
5.653252e+01	2.737054e-03
5.663252e+01	2.834128e-03
5.673252e+01	2.961401e-03
5.683252e+01	3.086997e-03
5.693252e+01	3.168398e-03
5.703252e+01	3.212341e-03
5.713252e+01	3.236711e-03
5.723252e+01	3.281595e-03
5.733252e+01	3.394220e-03
5.743252e+01	3.598366e-03
5.753252e+01	3.921549e-03
5.763252e+01	4.388251e-03
5.773252e+01	4.948225e-03
5.783252e+01	5.490307e-03
5.793252e+01	6.036130e-03
5.803252e+01	6.559618e-03
5.813252e+01	6.828211e-03
5.823252e+01	6.886568e-03
5.833252e+01	7.061487e-03
5.843252e+01	7.483350e-03
5.853252e+01	8.008242e-03
5.863252e+01	8.275524e-03
5.873252e+01	8.372921e-03
5.883252e+01	8.886782e-03
5.893252e+01	1.021083e-02
5.903252e+01	1.266971e-02
5.913252e+01	1.658616e-02
5.923252e+01	2.153700e-02
5.933252e+01	2.550760e-02
5.943252e+01	2.707230e-02
5.953252e+01	2.740112e-02
5.963252e+01	2.874920e-02
5.973252e+01	2.943218e-02
5.983252e+01	2.612229e-02
5.993252e+01	2.072891e-02
6.003252e+01	1.644939e-02
6.013252e+01	1.411529e-02
6.023252e+01	1.288545e-02
6.033252e+01	1.137811e-02
6.043252e+01	9.509390e-03
6.053252e+01	7.988205e-03
6.063252e+01	6.944015e-03
6.073252e+01	6.225687e-03
6.083252e+01	5.650651e-03
6.093252e+01	5.221076e-03
6.103252e+01	5.002541e-03
6.113252e+01	5.030121e-03
6.123252e+01	5.375943e-03
6.133252e+01	6.104336e-03
6.143252e+01	7.005282e-03
6.153252e+01	7.257289e-03
6.163252e+01	6.550290e-03
6.173252e+01	5.735716e-03
6.183252e+01	5.226225e-03
6.193252e+01	4.784206e-03
6.203252e+01	4.264324e-03
6.213252e+01	3.830421e-03
6.223252e+01	3.555232e-03
6.233252e+01	3.412721e-03
6.243252e+01	3.373675e-03
6.253252e+01	3.426229e-03
6.263252e+01	3.576389e-03
6.273252e+01	3.850175e-03
6.283252e+01	4.301977e-03
6.293252e+01	5.033034e-03
6.303252e+01	6.222645e-03
6.313252e+01	8.145615e-03
6.323252e+01	1.097269e-02
6.333252e+01	1.376144e-02
6.343252e+01	1.388123e-02
