#RPA-results:
#Nucleus: Ni 80
#Fermi level: -1.541935e+00	-1.810941e+01
#Excitation: 1 +
#Total number of pairs: 494
#Number of ph-/ah-pairs: 494/0
#Maximal excitation-energy for particle-hole-pairs: 100
#Maximal excitation-energy for antiparticle-hole-pairs: 1000
#No imaginary eigenvalues

#Parameterset: DD-PC1
#natural parity: no
#Isoscalar result:

#width: 5.000000e-01
#maximum value: 1.275401e-02
#at energy: 6.343252e+01
-9.656748e+01	5.324990e-04
-9.646748e+01	5.335626e-04
-9.636748e+01	5.346293e-04
-9.626748e+01	5.356993e-04
-9.616748e+01	5.367725e-04
-9.606748e+01	5.378489e-04
-9.596748e+01	5.389286e-04
-9.586748e+01	5.400116e-04
-9.576748e+01	5.410978e-04
-9.566748e+01	5.421873e-04
-9.556748e+01	5.432801e-04
-9.546748e+01	5.443762e-04
-9.536748e+01	5.454756e-04
-9.526748e+01	5.465784e-04
-9.516748e+01	5.476845e-04
-9.506748e+01	5.487940e-04
-9.496748e+01	5.499069e-04
-9.486748e+01	5.510232e-04
-9.476748e+01	5.521429e-04
-9.466748e+01	5.532660e-04
-9.456748e+01	5.543925e-04
-9.446748e+01	5.555225e-04
-9.436748e+01	5.566559e-04
-9.426748e+01	5.577928e-04
-9.416748e+01	5.589333e-04
-9.406748e+01	5.600772e-04
-9.396748e+01	5.612246e-04
-9.386748e+01	5.623756e-04
-9.376748e+01	5.635301e-04
-9.366748e+01	5.646882e-04
-9.356748e+01	5.658499e-04
-9.346748e+01	5.670152e-04
-9.336748e+01	5.681841e-04
-9.326748e+01	5.693566e-04
-9.316748e+01	5.705327e-04
-9.306748e+01	5.717125e-04
-9.296748e+01	5.728960e-04
-9.286748e+01	5.740831e-04
-9.276748e+01	5.752740e-04
-9.266748e+01	5.764686e-04
-9.256748e+01	5.776669e-04
-9.246748e+01	5.788689e-04
-9.236748e+01	5.800747e-04
-9.226748e+01	5.812843e-04
-9.216748e+01	5.824977e-04
-9.206748e+01	5.837149e-04
-9.196748e+01	5.849359e-04
-9.186748e+01	5.861607e-04
-9.176748e+01	5.873894e-04
-9.166748e+01	5.886220e-04
-9.156748e+01	5.898585e-04
-9.146748e+01	5.910989e-04
-9.136748e+01	5.923432e-04
-9.126748e+01	5.935914e-04
-9.116748e+01	5.948436e-04
-9.106748e+01	5.960998e-04
-9.096748e+01	5.973600e-04
-9.086748e+01	5.986242e-04
-9.076748e+01	5.998924e-04
-9.066748e+01	6.011646e-04
-9.056748e+01	6.024409e-04
-9.046748e+01	6.037213e-04
-9.036748e+01	6.050057e-04
-9.026748e+01	6.062943e-04
-9.016748e+01	6.075870e-04
-9.006748e+01	6.088839e-04
-8.996748e+01	6.101849e-04
-8.986748e+01	6.114901e-04
-8.976748e+01	6.127995e-04
-8.966748e+01	6.141131e-04
-8.956748e+01	6.154310e-04
-8.946748e+01	6.167531e-04
-8.936748e+01	6.180795e-04
-8.926748e+01	6.194101e-04
-8.916748e+01	6.207451e-04
-8.906748e+01	6.220844e-04
-8.896748e+01	6.234281e-04
-8.886748e+01	6.247761e-04
-8.876748e+01	6.261285e-04
-8.866748e+01	6.274853e-04
-8.856748e+01	6.288465e-04
-8.846748e+01	6.302122e-04
-8.836748e+01	6.315824e-04
-8.826748e+01	6.329570e-04
-8.816748e+01	6.343361e-04
-8.806748e+01	6.357197e-04
-8.796748e+01	6.371079e-04
-8.786748e+01	6.385007e-04
-8.776748e+01	6.398980e-04
-8.766748e+01	6.412999e-04
-8.756748e+01	6.427064e-04
-8.746748e+01	6.441176e-04
-8.736748e+01	6.455335e-04
-8.726748e+01	6.469540e-04
-8.716748e+01	6.483792e-04
-8.706748e+01	6.498092e-04
-8.696748e+01	6.512439e-04
-8.686748e+01	6.526833e-04
-8.676748e+01	6.541276e-04
-8.666748e+01	6.555766e-04
-8.656748e+01	6.570305e-04
-8.646748e+01	6.584893e-04
-8.636748e+01	6.599529e-04
-8.626748e+01	6.614214e-04
-8.616748e+01	6.628948e-04
-8.606748e+01	6.643732e-04
-8.596748e+01	6.658565e-04
-8.586748e+01	6.673448e-04
-8.576748e+01	6.688381e-04
-8.566748e+01	6.703364e-04
-8.556748e+01	6.718398e-04
-8.546748e+01	6.733483e-04
-8.536748e+01	6.748618e-04
-8.526748e+01	6.763805e-04
-8.516748e+01	6.779043e-04
-8.506748e+01	6.794333e-04
-8.496748e+01	6.809675e-04
-8.486748e+01	6.825069e-04
-8.476748e+01	6.840515e-04
-8.466748e+01	6.856014e-04
-8.456748e+01	6.871565e-04
-8.446748e+01	6.887170e-04
-8.436748e+01	6.902828e-04
-8.426748e+01	6.918540e-04
-8.416748e+01	6.934305e-04
-8.406748e+01	6.950125e-04
-8.396748e+01	6.965998e-04
-8.386748e+01	6.981927e-04
-8.376748e+01	6.997910e-04
-8.366748e+01	7.013948e-04
-8.356748e+01	7.030041e-04
-8.346748e+01	7.046190e-04
-8.336748e+01	7.062395e-04
-8.326748e+01	7.078656e-04
-8.316748e+01	7.094974e-04
-8.306748e+01	7.111348e-04
-8.296748e+01	7.127778e-04
-8.286748e+01	7.144266e-04
-8.276748e+01	7.160812e-04
-8.266748e+01	7.177414e-04
-8.256748e+01	7.194075e-04
-8.246748e+01	7.210794e-04
-8.236748e+01	7.227572e-04
-8.226748e+01	7.244408e-04
-8.216748e+01	7.261304e-04
-8.206748e+01	7.278258e-04
-8.196748e+01	7.295272e-04
-8.186748e+01	7.312346e-04
-8.176748e+01	7.329481e-04
-8.166748e+01	7.346675e-04
-8.156748e+01	7.363931e-04
-8.146748e+01	7.381247e-04
-8.136748e+01	7.398624e-04
-8.126748e+01	7.416064e-04
-8.116748e+01	7.433565e-04
-8.106748e+01	7.451128e-04
-8.096748e+01	7.468753e-04
-8.086748e+01	7.486442e-04
-8.076748e+01	7.504193e-04
-8.066748e+01	7.522008e-04
-8.056748e+01	7.539886e-04
-8.046748e+01	7.557829e-04
-8.036748e+01	7.575835e-04
-8.026748e+01	7.593907e-04
-8.016748e+01	7.612043e-04
-8.006748e+01	7.630244e-04
-7.996748e+01	7.648511e-04
-7.986748e+01	7.666843e-04
-7.976748e+01	7.685242e-04
-7.966748e+01	7.703707e-04
-7.956748e+01	7.722239e-04
-7.946748e+01	7.740838e-04
-7.936748e+01	7.759505e-04
-7.926748e+01	7.778239e-04
-7.916748e+01	7.797041e-04
-7.906748e+01	7.815912e-04
-7.896748e+01	7.834852e-04
-7.886748e+01	7.853860e-04
-7.876748e+01	7.872938e-04
-7.866748e+01	7.892086e-04
-7.856748e+01	7.911304e-04
-7.846748e+01	7.930592e-04
-7.836748e+01	7.949951e-04
-7.826748e+01	7.969381e-04
-7.816748e+01	7.988883e-04
-7.806748e+01	8.008456e-04
-7.796748e+01	8.028102e-04
-7.786748e+01	8.047820e-04
-7.776748e+01	8.067612e-04
-7.766748e+01	8.087476e-04
-7.756748e+01	8.107414e-04
-7.746748e+01	8.127426e-04
-7.736748e+01	8.147512e-04
-7.726748e+01	8.167674e-04
-7.716748e+01	8.187910e-04
-7.706748e+01	8.208222e-04
-7.696748e+01	8.228609e-04
-7.686748e+01	8.249073e-04
-7.676748e+01	8.269613e-04
-7.666748e+01	8.290231e-04
-7.656748e+01	8.310925e-04
-7.646748e+01	8.331698e-04
-7.636748e+01	8.352549e-04
-7.626748e+01	8.373478e-04
-7.616748e+01	8.394486e-04
-7.606748e+01	8.415574e-04
-7.596748e+01	8.436741e-04
-7.586748e+01	8.457989e-04
-7.576748e+01	8.479317e-04
-7.566748e+01	8.500726e-04
-7.556748e+01	8.522216e-04
-7.546748e+01	8.543788e-04
-7.536748e+01	8.565443e-04
-7.526748e+01	8.587180e-04
-7.516748e+01	8.609000e-04
-7.506748e+01	8.630903e-04
-7.496748e+01	8.652891e-04
-7.486748e+01	8.674963e-04
-7.476748e+01	8.697119e-04
-7.466748e+01	8.719361e-04
-7.456748e+01	8.741688e-04
-7.446748e+01	8.764102e-04
-7.436748e+01	8.786602e-04
-7.426748e+01	8.809189e-04
-7.416748e+01	8.831864e-04
-7.406748e+01	8.854626e-04
-7.396748e+01	8.877477e-04
-7.386748e+01	8.900416e-04
-7.376748e+01	8.923445e-04
-7.366748e+01	8.946563e-04
-7.356748e+01	8.969772e-04
-7.346748e+01	8.993071e-04
-7.336748e+01	9.016461e-04
-7.326748e+01	9.039943e-04
-7.316748e+01	9.063518e-04
-7.306748e+01	9.087184e-04
-7.296748e+01	9.110944e-04
-7.286748e+01	9.134797e-04
-7.276748e+01	9.158745e-04
-7.266748e+01	9.182787e-04
-7.256748e+01	9.206923e-04
-7.246748e+01	9.231156e-04
-7.236748e+01	9.255484e-04
-7.226748e+01	9.279910e-04
-7.216748e+01	9.304432e-04
-7.206748e+01	9.329051e-04
-7.196748e+01	9.353769e-04
-7.186748e+01	9.378586e-04
-7.176748e+01	9.403501e-04
-7.166748e+01	9.428517e-04
-7.156748e+01	9.453632e-04
-7.146748e+01	9.478848e-04
-7.136748e+01	9.504166e-04
-7.126748e+01	9.529585e-04
-7.116748e+01	9.555107e-04
-7.106748e+01	9.580732e-04
-7.096748e+01	9.606460e-04
-7.086748e+01	9.632293e-04
-7.076748e+01	9.658230e-04
-7.066748e+01	9.684272e-04
-7.056748e+01	9.710420e-04
-7.046748e+01	9.736674e-04
-7.036748e+01	9.763035e-04
-7.026748e+01	9.789504e-04
-7.016748e+01	9.816081e-04
-7.006748e+01	9.842766e-04
-6.996748e+01	9.869561e-04
-6.986748e+01	9.896465e-04
-6.976748e+01	9.923480e-04
-6.966748e+01	9.950606e-04
-6.956748e+01	9.977844e-04
-6.946748e+01	1.000519e-03
-6.936748e+01	1.003266e-03
-6.926748e+01	1.006023e-03
-6.916748e+01	1.008792e-03
-6.906748e+01	1.011573e-03
-6.896748e+01	1.014365e-03
-6.886748e+01	1.017169e-03
-6.876748e+01	1.019984e-03
-6.866748e+01	1.022811e-03
-6.856748e+01	1.025650e-03
-6.846748e+01	1.028501e-03
-6.836748e+01	1.031364e-03
-6.826748e+01	1.034239e-03
-6.816748e+01	1.037125e-03
-6.806748e+01	1.040024e-03
-6.796748e+01	1.042936e-03
-6.786748e+01	1.045859e-03
-6.776748e+01	1.048795e-03
-6.766748e+01	1.051743e-03
-6.756748e+01	1.054704e-03
-6.746748e+01	1.057677e-03
-6.736748e+01	1.060663e-03
-6.726748e+01	1.063661e-03
-6.716748e+01	1.066673e-03
-6.706748e+01	1.069697e-03
-6.696748e+01	1.072734e-03
-6.686748e+01	1.075784e-03
-6.676748e+01	1.078847e-03
-6.666748e+01	1.081924e-03
-6.656748e+01	1.085013e-03
-6.646748e+01	1.088116e-03
-6.636748e+01	1.091232e-03
-6.626748e+01	1.094362e-03
-6.616748e+01	1.097505e-03
-6.606748e+01	1.100662e-03
-6.596748e+01	1.103832e-03
-6.586748e+01	1.107016e-03
-6.576748e+01	1.110215e-03
-6.566748e+01	1.113427e-03
-6.556748e+01	1.116652e-03
-6.546748e+01	1.119893e-03
-6.536748e+01	1.123147e-03
-6.526748e+01	1.126415e-03
-6.516748e+01	1.129698e-03
-6.506748e+01	1.132995e-03
-6.496748e+01	1.136307e-03
-6.486748e+01	1.139633e-03
-6.476748e+01	1.142974e-03
-6.466748e+01	1.146330e-03
-6.456748e+01	1.149701e-03
-6.446748e+01	1.153086e-03
-6.436748e+01	1.156487e-03
-6.426748e+01	1.159903e-03
-6.416748e+01	1.163334e-03
-6.406748e+01	1.166780e-03
-6.396748e+01	1.170241e-03
-6.386748e+01	1.173718e-03
-6.376748e+01	1.177211e-03
-6.366748e+01	1.180719e-03
-6.356748e+01	1.184243e-03
-6.346748e+01	1.187783e-03
-6.336748e+01	1.191339e-03
-6.326748e+01	1.194911e-03
-6.316748e+01	1.198499e-03
-6.306748e+01	1.202103e-03
-6.296748e+01	1.205724e-03
-6.286748e+01	1.209361e-03
-6.276748e+01	1.213015e-03
-6.266748e+01	1.216685e-03
-6.256748e+01	1.220372e-03
-6.246748e+01	1.224076e-03
-6.236748e+01	1.227796e-03
-6.226748e+01	1.231534e-03
-6.216748e+01	1.235289e-03
-6.206748e+01	1.239062e-03
-6.196748e+01	1.242851e-03
-6.186748e+01	1.246658e-03
-6.176748e+01	1.250483e-03
-6.166748e+01	1.254325e-03
-6.156748e+01	1.258185e-03
-6.146748e+01	1.262063e-03
-6.136748e+01	1.265959e-03
-6.126748e+01	1.269874e-03
-6.116748e+01	1.273806e-03
-6.106748e+01	1.277757e-03
-6.096748e+01	1.281726e-03
-6.086748e+01	1.285714e-03
-6.076748e+01	1.289721e-03
-6.066748e+01	1.293746e-03
-6.056748e+01	1.297791e-03
-6.046748e+01	1.301854e-03
-6.036748e+01	1.305937e-03
-6.026748e+01	1.310039e-03
-6.016748e+01	1.314160e-03
-6.006748e+01	1.318301e-03
-5.996748e+01	1.322461e-03
-5.986748e+01	1.326642e-03
-5.976748e+01	1.330842e-03
-5.966748e+01	1.335063e-03
-5.956748e+01	1.339303e-03
-5.946748e+01	1.343564e-03
-5.936748e+01	1.347845e-03
-5.926748e+01	1.352147e-03
-5.916748e+01	1.356470e-03
-5.906748e+01	1.360813e-03
-5.896748e+01	1.365178e-03
-5.886748e+01	1.369563e-03
-5.876748e+01	1.373970e-03
-5.866748e+01	1.378398e-03
-5.856748e+01	1.382848e-03
-5.846748e+01	1.387319e-03
-5.836748e+01	1.391812e-03
-5.826748e+01	1.396327e-03
-5.816748e+01	1.400865e-03
-5.806748e+01	1.405424e-03
-5.796748e+01	1.410006e-03
-5.786748e+01	1.414610e-03
-5.776748e+01	1.419237e-03
-5.766748e+01	1.423887e-03
-5.756748e+01	1.428560e-03
-5.746748e+01	1.433256e-03
-5.736748e+01	1.437975e-03
-5.726748e+01	1.442718e-03
-5.716748e+01	1.447484e-03
-5.706748e+01	1.452274e-03
-5.696748e+01	1.457088e-03
-5.686748e+01	1.461926e-03
-5.676748e+01	1.466789e-03
-5.666748e+01	1.471675e-03
-5.656748e+01	1.476587e-03
-5.646748e+01	1.481523e-03
-5.636748e+01	1.486484e-03
-5.626748e+01	1.491469e-03
-5.616748e+01	1.496481e-03
-5.606748e+01	1.501517e-03
-5.596748e+01	1.506579e-03
-5.586748e+01	1.511667e-03
-5.576748e+01	1.516781e-03
-5.566748e+01	1.521921e-03
-5.556748e+01	1.527087e-03
-5.546748e+01	1.532280e-03
-5.536748e+01	1.537499e-03
-5.526748e+01	1.542746e-03
-5.516748e+01	1.548019e-03
-5.506748e+01	1.553319e-03
-5.496748e+01	1.558647e-03
-5.486748e+01	1.564002e-03
-5.476748e+01	1.569385e-03
-5.466748e+01	1.574797e-03
-5.456748e+01	1.580236e-03
-5.446748e+01	1.585703e-03
-5.436748e+01	1.591200e-03
-5.426748e+01	1.596725e-03
-5.416748e+01	1.602278e-03
-5.406748e+01	1.607862e-03
-5.396748e+01	1.613474e-03
-5.386748e+01	1.619116e-03
-5.376748e+01	1.624788e-03
-5.366748e+01	1.630489e-03
-5.356748e+01	1.636221e-03
-5.346748e+01	1.641984e-03
-5.336748e+01	1.647777e-03
-5.326748e+01	1.653601e-03
-5.316748e+01	1.659456e-03
-5.306748e+01	1.665342e-03
-5.296748e+01	1.671260e-03
-5.286748e+01	1.677209e-03
-5.276748e+01	1.683191e-03
-5.266748e+01	1.689204e-03
-5.256748e+01	1.695250e-03
-5.246748e+01	1.701329e-03
-5.236748e+01	1.707441e-03
-5.226748e+01	1.713586e-03
-5.216748e+01	1.719764e-03
-5.206748e+01	1.725976e-03
-5.196748e+01	1.732222e-03
-5.186748e+01	1.738502e-03
-5.176748e+01	1.744816e-03
-5.166748e+01	1.751165e-03
-5.156748e+01	1.757549e-03
-5.146748e+01	1.763968e-03
-5.136748e+01	1.770422e-03
-5.126748e+01	1.776912e-03
-5.116748e+01	1.783438e-03
-5.106748e+01	1.790000e-03
-5.096748e+01	1.796599e-03
-5.086748e+01	1.803235e-03
-5.076748e+01	1.809907e-03
-5.066748e+01	1.816617e-03
-5.056748e+01	1.823364e-03
-5.046748e+01	1.830149e-03
-5.036748e+01	1.836972e-03
-5.026748e+01	1.843834e-03
-5.016748e+01	1.850734e-03
-5.006748e+01	1.857674e-03
-4.996748e+01	1.864653e-03
-4.986748e+01	1.871671e-03
-4.976748e+01	1.878729e-03
-4.966748e+01	1.885828e-03
-4.956748e+01	1.892967e-03
-4.946748e+01	1.900147e-03
-4.936748e+01	1.907368e-03
-4.926748e+01	1.914630e-03
-4.916748e+01	1.921934e-03
-4.906748e+01	1.929281e-03
-4.896748e+01	1.936669e-03
-4.886748e+01	1.944101e-03
-4.876748e+01	1.951576e-03
-4.866748e+01	1.959094e-03
-4.856748e+01	1.966656e-03
-4.846748e+01	1.974261e-03
-4.836748e+01	1.981912e-03
-4.826748e+01	1.989607e-03
-4.816748e+01	1.997347e-03
-4.806748e+01	2.005133e-03
-4.796748e+01	2.012965e-03
-4.786748e+01	2.020843e-03
-4.776748e+01	2.028768e-03
-4.766748e+01	2.036739e-03
-4.756748e+01	2.044758e-03
-4.746748e+01	2.052825e-03
-4.736748e+01	2.060940e-03
-4.726748e+01	2.069103e-03
-4.716748e+01	2.077315e-03
-4.706748e+01	2.085576e-03
-4.696748e+01	2.093887e-03
-4.686748e+01	2.102249e-03
-4.676748e+01	2.110660e-03
-4.666748e+01	2.119123e-03
-4.656748e+01	2.127637e-03
-4.646748e+01	2.136202e-03
-4.636748e+01	2.144820e-03
-4.626748e+01	2.153490e-03
-4.616748e+01	2.162213e-03
-4.606748e+01	2.170990e-03
-4.596748e+01	2.179821e-03
-4.586748e+01	2.188706e-03
-4.576748e+01	2.197645e-03
-4.566748e+01	2.206640e-03
-4.556748e+01	2.215691e-03
-4.546748e+01	2.224798e-03
-4.536748e+01	2.233961e-03
-4.526748e+01	2.243181e-03
-4.516748e+01	2.252459e-03
-4.506748e+01	2.261795e-03
-4.496748e+01	2.271190e-03
-4.486748e+01	2.280644e-03
-4.476748e+01	2.290157e-03
-4.466748e+01	2.299730e-03
-4.456748e+01	2.309364e-03
-4.446748e+01	2.319059e-03
-4.436748e+01	2.328815e-03
-4.426748e+01	2.338634e-03
-4.416748e+01	2.348515e-03
-4.406748e+01	2.358459e-03
-4.396748e+01	2.368467e-03
-4.386748e+01	2.378539e-03
-4.376748e+01	2.388676e-03
-4.366748e+01	2.398879e-03
-4.356748e+01	2.409147e-03
-4.346748e+01	2.419482e-03
-4.336748e+01	2.429885e-03
-4.326748e+01	2.440354e-03
-4.316748e+01	2.450892e-03
-4.306748e+01	2.461499e-03
-4.296748e+01	2.472176e-03
-4.286748e+01	2.482922e-03
-4.276748e+01	2.493740e-03
-4.266748e+01	2.504628e-03
-4.256748e+01	2.515589e-03
-4.246748e+01	2.526622e-03
-4.236748e+01	2.537729e-03
-4.226748e+01	2.548909e-03
-4.216748e+01	2.560164e-03
-4.206748e+01	2.571494e-03
-4.196748e+01	2.582901e-03
-4.186748e+01	2.594383e-03
-4.176748e+01	2.605943e-03
-4.166748e+01	2.617582e-03
-4.156748e+01	2.629298e-03
-4.146748e+01	2.641095e-03
-4.136748e+01	2.652971e-03
-4.126748e+01	2.664929e-03
-4.116748e+01	2.676968e-03
-4.106748e+01	2.689089e-03
-4.096748e+01	2.701294e-03
-4.086748e+01	2.713582e-03
-4.076748e+01	2.725955e-03
-4.066748e+01	2.738414e-03
-4.056748e+01	2.750959e-03
-4.046748e+01	2.763591e-03
-4.036748e+01	2.776311e-03
-4.026748e+01	2.789119e-03
-4.016748e+01	2.802017e-03
-4.006748e+01	2.815006e-03
-3.996748e+01	2.828086e-03
-3.986748e+01	2.841258e-03
-3.976748e+01	2.854523e-03
-3.966748e+01	2.867881e-03
-3.956748e+01	2.881335e-03
-3.946748e+01	2.894884e-03
-3.936748e+01	2.908530e-03
-3.926748e+01	2.922273e-03
-3.916748e+01	2.936115e-03
-3.906748e+01	2.950056e-03
-3.896748e+01	2.964098e-03
-3.886748e+01	2.978241e-03
-3.876748e+01	2.992486e-03
-3.866748e+01	3.006834e-03
-3.856748e+01	3.021287e-03
-3.846748e+01	3.035845e-03
-3.836748e+01	3.050510e-03
-3.826748e+01	3.065282e-03
-3.816748e+01	3.080163e-03
-3.806748e+01	3.095153e-03
-3.796748e+01	3.110254e-03
-3.786748e+01	3.125466e-03
-3.776748e+01	3.140792e-03
-3.766748e+01	3.156231e-03
-3.756748e+01	3.171786e-03
-3.746748e+01	3.187457e-03
-3.736748e+01	3.203245e-03
-3.726748e+01	3.219152e-03
-3.716748e+01	3.235179e-03
-3.706748e+01	3.251327e-03
-3.696748e+01	3.267598e-03
-3.686748e+01	3.283992e-03
-3.676748e+01	3.300511e-03
-3.666748e+01	3.317156e-03
-3.656748e+01	3.333928e-03
-3.646748e+01	3.350829e-03
-3.636748e+01	3.367861e-03
-3.626748e+01	3.385023e-03
-3.616748e+01	3.402319e-03
-3.606748e+01	3.419748e-03
-3.596748e+01	3.437314e-03
-3.586748e+01	3.455016e-03
-3.576748e+01	3.472857e-03
-3.566748e+01	3.490838e-03
-3.556748e+01	3.508960e-03
-3.546748e+01	3.527225e-03
-3.536748e+01	3.545634e-03
-3.526748e+01	3.564190e-03
-3.516748e+01	3.582892e-03
-3.506748e+01	3.601745e-03
-3.496748e+01	3.620747e-03
-3.486748e+01	3.639902e-03
-3.476748e+01	3.659212e-03
-3.466748e+01	3.678676e-03
-3.456748e+01	3.698299e-03
-3.446748e+01	3.718080e-03
-3.436748e+01	3.738022e-03
-3.426748e+01	3.758127e-03
-3.416748e+01	3.778396e-03
-3.406748e+01	3.798831e-03
-3.396748e+01	3.819435e-03
-3.386748e+01	3.840208e-03
-3.376748e+01	3.861153e-03
-3.366748e+01	3.882272e-03
-3.356748e+01	3.903566e-03
-3.346748e+01	3.925039e-03
-3.336748e+01	3.946690e-03
-3.326748e+01	3.968524e-03
-3.316748e+01	3.990541e-03
-3.306748e+01	4.012744e-03
-3.296748e+01	4.035136e-03
-3.286748e+01	4.057717e-03
-3.276748e+01	4.080490e-03
-3.266748e+01	4.103458e-03
-3.256748e+01	4.126623e-03
-3.246748e+01	4.149987e-03
-3.236748e+01	4.173552e-03
-3.226748e+01	4.197321e-03
-3.216748e+01	4.221296e-03
-3.206748e+01	4.245480e-03
-3.196748e+01	4.269875e-03
-3.186748e+01	4.294483e-03
-3.176748e+01	4.319307e-03
-3.166748e+01	4.344349e-03
-3.156748e+01	4.369613e-03
-3.146748e+01	4.395100e-03
-3.136748e+01	4.420814e-03
-3.126748e+01	4.446758e-03
-3.116748e+01	4.472933e-03
-3.106748e+01	4.499343e-03
-3.096748e+01	4.525990e-03
-3.086748e+01	4.552879e-03
-3.076748e+01	4.580010e-03
-3.066748e+01	4.607388e-03
-3.056748e+01	4.635016e-03
-3.046748e+01	4.662896e-03
-3.036748e+01	4.691032e-03
-3.026748e+01	4.719427e-03
-3.016748e+01	4.748084e-03
-3.006748e+01	4.777006e-03
-2.996748e+01	4.806198e-03
-2.986748e+01	4.835661e-03
-2.976748e+01	4.865400e-03
-2.966748e+01	4.895418e-03
-2.956748e+01	4.925718e-03
-2.946748e+01	4.956305e-03
-2.936748e+01	4.987181e-03
-2.926748e+01	5.018352e-03
-2.916748e+01	5.049819e-03
-2.906748e+01	5.081588e-03
-2.896748e+01	5.113662e-03
-2.886748e+01	5.146045e-03
-2.876748e+01	5.178742e-03
-2.866748e+01	5.211755e-03
-2.856748e+01	5.245091e-03
-2.846748e+01	5.278751e-03
-2.836748e+01	5.312742e-03
-2.826748e+01	5.347068e-03
-2.816748e+01	5.381732e-03
-2.806748e+01	5.416740e-03
-2.796748e+01	5.452096e-03
-2.786748e+01	5.487805e-03
-2.776748e+01	5.523871e-03
-2.766748e+01	5.560300e-03
-2.756748e+01	5.597096e-03
-2.746748e+01	5.634265e-03
-2.736748e+01	5.671811e-03
-2.726748e+01	5.709740e-03
-2.716748e+01	5.748057e-03
-2.706748e+01	5.786767e-03
-2.696748e+01	5.825877e-03
-2.686748e+01	5.865391e-03
-2.676748e+01	5.905315e-03
-2.666748e+01	5.945656e-03
-2.656748e+01	5.986418e-03
-2.646748e+01	6.027609e-03
-2.636748e+01	6.069233e-03
-2.626748e+01	6.111298e-03
-2.616748e+01	6.153809e-03
-2.606748e+01	6.196774e-03
-2.596748e+01	6.240198e-03
-2.586748e+01	6.284089e-03
-2.576748e+01	6.328453e-03
-2.566748e+01	6.373297e-03
-2.556748e+01	6.418628e-03
-2.546748e+01	6.464454e-03
-2.536748e+01	6.510782e-03
-2.526748e+01	6.557619e-03
-2.516748e+01	6.604973e-03
-2.506748e+01	6.652851e-03
-2.496748e+01	6.701263e-03
-2.486748e+01	6.750215e-03
-2.476748e+01	6.799716e-03
-2.466748e+01	6.849775e-03
-2.456748e+01	6.900399e-03
-2.446748e+01	6.951598e-03
-2.436748e+01	7.003381e-03
-2.426748e+01	7.055756e-03
-2.416748e+01	7.108734e-03
-2.406748e+01	7.162323e-03
-2.396748e+01	7.216532e-03
-2.386748e+01	7.271373e-03
-2.376748e+01	7.326855e-03
-2.366748e+01	7.382988e-03
-2.356748e+01	7.439782e-03
-2.346748e+01	7.497248e-03
-2.336748e+01	7.555398e-03
-2.326748e+01	7.614242e-03
-2.316748e+01	7.673792e-03
-2.306748e+01	7.734059e-03
-2.296748e+01	7.795054e-03
-2.286748e+01	7.856791e-03
-2.276748e+01	7.919281e-03
-2.266748e+01	7.982537e-03
-2.256748e+01	8.046572e-03
-2.246748e+01	8.111399e-03
-2.236748e+01	8.177031e-03
-2.226748e+01	8.243483e-03
-2.216748e+01	8.310767e-03
-2.206748e+01	8.378899e-03
-2.196748e+01	8.447893e-03
-2.186748e+01	8.517764e-03
-2.176748e+01	8.588527e-03
-2.166748e+01	8.660198e-03
-2.156748e+01	8.732793e-03
-2.146748e+01	8.806328e-03
-2.136748e+01	8.880821e-03
-2.126748e+01	8.956287e-03
-2.116748e+01	9.032745e-03
-2.106748e+01	9.110213e-03
-2.096748e+01	9.188708e-03
-2.086748e+01	9.268250e-03
-2.076748e+01	9.348857e-03
-2.066748e+01	9.430550e-03
-2.056748e+01	9.513349e-03
-2.046748e+01	9.597273e-03
-2.036748e+01	9.682345e-03
-2.026748e+01	9.768586e-03
-2.016748e+01	9.856017e-03
-2.006748e+01	9.944662e-03
-1.996748e+01	1.003454e-02
-1.986748e+01	1.012568e-02
-1.976748e+01	1.021811e-02
-1.966748e+01	1.031185e-02
-1.956748e+01	1.040692e-02
-1.946748e+01	1.050335e-02
-1.936748e+01	1.060118e-02
-1.926748e+01	1.070041e-02
-1.916748e+01	1.080110e-02
-1.906748e+01	1.090325e-02
-1.896748e+01	1.100691e-02
-1.886748e+01	1.111211e-02
-1.876748e+01	1.121886e-02
-1.866748e+01	1.132722e-02
-1.856748e+01	1.143721e-02
-1.846748e+01	1.154886e-02
-1.836748e+01	1.166221e-02
-1.826748e+01	1.177729e-02
-1.816748e+01	1.189415e-02
-1.806748e+01	1.201282e-02
-1.796748e+01	1.213333e-02
-1.786748e+01	1.225574e-02
-1.776748e+01	1.238007e-02
-1.766748e+01	1.250637e-02
-1.756748e+01	1.263469e-02
-1.746748e+01	1.276507e-02
-1.736748e+01	1.289756e-02
-1.726748e+01	1.303220e-02
-1.716748e+01	1.316904e-02
-1.706748e+01	1.330813e-02
-1.696748e+01	1.344952e-02
-1.686748e+01	1.359327e-02
-1.676748e+01	1.373943e-02
-1.666748e+01	1.388806e-02
-1.656748e+01	1.403921e-02
-1.646748e+01	1.419295e-02
-1.636748e+01	1.434933e-02
-1.626748e+01	1.450843e-02
-1.616748e+01	1.467030e-02
-1.606748e+01	1.483501e-02
-1.596748e+01	1.500263e-02
-1.586748e+01	1.517324e-02
-1.576748e+01	1.534691e-02
-1.566748e+01	1.552372e-02
-1.556748e+01	1.570374e-02
-1.546748e+01	1.588706e-02
-1.536748e+01	1.607375e-02
-1.526748e+01	1.626392e-02
-1.516748e+01	1.645765e-02
-1.506748e+01	1.665502e-02
-1.496748e+01	1.685615e-02
-1.486748e+01	1.706113e-02
-1.476748e+01	1.727006e-02
-1.466748e+01	1.748305e-02
-1.456748e+01	1.770021e-02
-1.446748e+01	1.792165e-02
-1.436748e+01	1.814750e-02
-1.426748e+01	1.837788e-02
-1.416748e+01	1.861291e-02
-1.406748e+01	1.885273e-02
-1.396748e+01	1.909748e-02
-1.386748e+01	1.934730e-02
-1.376748e+01	1.960234e-02
-1.366748e+01	1.986274e-02
-1.356748e+01	2.012868e-02
-1.346748e+01	2.040031e-02
-1.336748e+01	2.067782e-02
-1.326748e+01	2.096138e-02
-1.316748e+01	2.125117e-02
-1.306748e+01	2.154740e-02
-1.296748e+01	2.185026e-02
-1.286748e+01	2.215996e-02
-1.276748e+01	2.247674e-02
-1.266748e+01	2.280081e-02
-1.256748e+01	2.313241e-02
-1.246748e+01	2.347180e-02
-1.236748e+01	2.381923e-02
-1.226748e+01	2.417498e-02
-1.216748e+01	2.453933e-02
-1.206748e+01	2.491259e-02
-1.196748e+01	2.529505e-02
-1.186748e+01	2.568705e-02
-1.176748e+01	2.608892e-02
-1.166748e+01	2.650103e-02
-1.156748e+01	2.692375e-02
-1.146748e+01	2.735747e-02
-1.136748e+01	2.780260e-02
-1.126748e+01	2.825958e-02
-1.116748e+01	2.872886e-02
-1.106748e+01	2.921092e-02
-1.096748e+01	2.970625e-02
-1.086748e+01	3.021540e-02
-1.076748e+01	3.073891e-02
-1.066748e+01	3.127738e-02
-1.056748e+01	3.183142e-02
-1.046748e+01	3.240169e-02
-1.036748e+01	3.298888e-02
-1.026748e+01	3.359372e-02
-1.016748e+01	3.421699e-02
-1.006748e+01	3.485951e-02
-9.967479e+00	3.552214e-02
-9.867479e+00	3.620581e-02
-9.767479e+00	3.691150e-02
-9.667479e+00	3.764024e-02
-9.567479e+00	3.839316e-02
-9.467479e+00	3.917142e-02
-9.367479e+00	3.997629e-02
-9.267479e+00	4.080912e-02
-9.167479e+00	4.167134e-02
-9.067479e+00	4.256449e-02
-8.967479e+00	4.349023e-02
-8.867479e+00	4.445032e-02
-8.767479e+00	4.544668e-02
-8.667479e+00	4.648135e-02
-8.567479e+00	4.755653e-02
-8.467479e+00	4.867463e-02
-8.367479e+00	4.983823e-02
-8.267479e+00	5.105012e-02
-8.167479e+00	5.231335e-02
-8.067479e+00	5.363123e-02
-7.967479e+00	5.500737e-02
-7.867479e+00	5.644572e-02
-7.767479e+00	5.795061e-02
-7.667479e+00	5.952679e-02
-7.567479e+00	6.117951e-02
-7.467479e+00	6.291456e-02
-7.367479e+00	6.473837e-02
-7.267479e+00	6.665811e-02
-7.167479e+00	6.868176e-02
-7.067479e+00	7.081832e-02
-6.967479e+00	7.307790e-02
-6.867479e+00	7.547200e-02
-6.767479e+00	7.801368e-02
-6.667479e+00	8.071798e-02
-6.567479e+00	8.360222e-02
-6.467479e+00	8.668661e-02
-6.367479e+00	8.999487e-02
-6.267479e+00	9.355514e-02
-6.167479e+00	9.740122e-02
-6.067479e+00	1.015742e-01
-5.967479e+00	1.061247e-01
-5.867479e+00	1.111164e-01
-5.767479e+00	1.166307e-01
-5.667479e+00	1.227745e-01
-5.567479e+00	1.296913e-01
-5.467479e+00	1.375803e-01
-5.367479e+00	1.467269e-01
-5.267479e+00	1.575527e-01
-5.167479e+00	1.706894e-01
-5.067479e+00	1.870870e-01
-4.967479e+00	2.083304e-01
-4.867479e+00	2.373545e-01
-4.767479e+00	2.789038e-01
-4.667479e+00	3.379024e-01
-4.567479e+00	4.073279e-01
-4.467479e+00	4.473479e-01
-4.367479e+00	4.339210e-01
-4.267479e+00	4.096557e-01
-4.167479e+00	4.060509e-01
-4.067479e+00	4.257110e-01
-3.967479e+00	4.669612e-01
-3.867479e+00	5.347498e-01
-3.767479e+00	6.359358e-01
-3.667479e+00	7.686352e-01
-3.567479e+00	9.331424e-01
-3.467479e+00	1.169155e+00
-3.367479e+00	1.494867e+00
-3.267479e+00	1.789931e+00
-3.167479e+00	1.938695e+00
-3.067479e+00	2.075505e+00
-2.967479e+00	2.201026e+00
-2.867479e+00	2.128007e+00
-2.767479e+00	1.878885e+00
-2.667479e+00	1.681687e+00
-2.567479e+00	1.662429e+00
-2.467479e+00	1.832900e+00
-2.367479e+00	2.133287e+00
-2.267479e+00	2.384038e+00
-2.167479e+00	2.531017e+00
-2.067479e+00	2.759311e+00
-1.967479e+00	3.014975e+00
-1.867479e+00	3.044669e+00
-1.767479e+00	3.009113e+00
-1.667479e+00	3.246974e+00
-1.567479e+00	3.918676e+00
-1.467479e+00	5.066946e+00
-1.367479e+00	6.573290e+00
-1.267479e+00	8.013443e+00
-1.167479e+00	8.254562e+00
-1.067479e+00	7.134820e+00
-9.674791e-01	5.987313e+00
-8.674791e-01	5.182062e+00
-7.674791e-01	4.479907e+00
-6.674791e-01	4.048007e+00
-5.674791e-01	4.088578e+00
-4.674791e-01	4.701467e+00
-3.674791e-01	6.035603e+00
-2.674791e-01	8.144241e+00
-1.674791e-01	1.012528e+01
-6.747911e-02	9.889765e+00
3.252089e-02	7.632040e+00
1.325209e-01	5.405866e+00
2.325209e-01	3.908677e+00
3.325209e-01	3.000344e+00
4.325209e-01	2.473485e+00
5.325209e-01	2.201918e+00
6.325209e-01	2.130090e+00
7.325209e-01	2.256883e+00
8.325209e-01	2.632388e+00
9.325209e-01	3.344015e+00
1.032521e+00	4.367128e+00
1.132521e+00	5.100618e+00
1.232521e+00	4.666442e+00
1.332521e+00	3.541399e+00
1.432521e+00	2.583275e+00
1.532521e+00	1.964657e+00
1.632521e+00	1.596569e+00
1.732521e+00	1.394044e+00
1.832521e+00	1.312468e+00
1.932521e+00	1.336879e+00
2.032521e+00	1.452562e+00
2.132521e+00	1.569178e+00
2.232521e+00	1.538420e+00
2.332521e+00	1.418942e+00
2.432521e+00	1.369149e+00
2.532521e+00	1.452454e+00
2.632521e+00	1.696374e+00
2.732521e+00	2.098111e+00
2.832521e+00	2.462050e+00
2.932521e+00	2.403629e+00
3.032521e+00	2.012447e+00
3.132521e+00	1.660865e+00
3.232521e+00	1.454296e+00
3.332521e+00	1.370031e+00
3.432521e+00	1.383874e+00
3.532521e+00	1.489258e+00
3.632521e+00	1.700603e+00
3.732521e+00	2.053066e+00
3.832521e+00	2.612504e+00
3.932521e+00	3.505894e+00
4.032521e+00	4.888658e+00
4.132521e+00	6.606672e+00
4.232521e+00	7.481547e+00
4.332521e+00	6.490800e+00
4.432521e+00	4.801817e+00
4.532521e+00	3.501575e+00
4.632521e+00	2.690040e+00
4.732521e+00	2.209929e+00
4.832521e+00	1.934276e+00
4.932521e+00	1.788330e+00
5.032521e+00	1.731126e+00
5.132521e+00	1.741204e+00
5.232521e+00	1.808751e+00
5.332521e+00	1.931753e+00
5.432521e+00	2.114473e+00
5.532521e+00	2.367482e+00
5.632521e+00	2.709086e+00
5.732521e+00	3.168473e+00
5.832521e+00	3.791541e+00
5.932521e+00	4.651424e+00
6.032521e+00	5.867694e+00
6.132521e+00	7.642062e+00
6.232521e+00	1.032458e+01
6.332521e+00	1.452670e+01
6.432521e+00	2.123878e+01
6.532521e+00	3.147029e+01
6.632521e+00	4.342518e+01
6.732521e+00	4.785126e+01
6.832521e+00	3.936453e+01
6.932521e+00	2.737308e+01
7.032521e+00	1.843326e+01
7.132521e+00	1.273791e+01
7.232521e+00	9.154272e+00
7.332521e+00	6.831599e+00
7.432521e+00	5.267295e+00
7.532521e+00	4.174026e+00
7.632521e+00	3.384363e+00
7.732521e+00	2.797443e+00
7.832521e+00	2.350320e+00
7.932521e+00	2.002361e+00
8.032521e+00	1.726519e+00
8.132521e+00	1.504292e+00
8.232521e+00	1.322703e+00
8.332521e+00	1.172451e+00
8.432521e+00	1.046736e+00
8.532521e+00	9.404995e-01
8.632521e+00	8.499179e-01
8.732521e+00	7.720595e-01
8.832521e+00	7.046473e-01
8.932521e+00	6.458920e-01
9.032521e+00	5.943728e-01
9.132521e+00	5.489516e-01
9.232521e+00	5.087093e-01
9.332521e+00	4.729006e-01
9.432521e+00	4.409217e-01
9.532521e+00	4.122875e-01
9.632521e+00	3.866154e-01
9.732521e+00	3.635792e-01
9.832521e+00	3.427333e-01
9.932521e+00	3.233674e-01
1.003252e+01	3.051829e-01
1.013252e+01	2.884495e-01
1.023252e+01	2.732155e-01
1.033252e+01	2.593247e-01
1.043252e+01	2.466101e-01
1.053252e+01	2.349376e-01
1.063252e+01	2.242037e-01
1.073252e+01	2.143289e-01
1.083252e+01	2.052541e-01
1.093252e+01	1.969409e-01
1.103252e+01	1.893740e-01
1.113252e+01	1.825669e-01
1.123252e+01	1.765830e-01
1.133252e+01	1.715735e-01
1.143252e+01	1.678295e-01
1.153252e+01	1.658687e-01
1.163252e+01	1.664583e-01
1.173252e+01	1.699013e-01
1.183252e+01	1.731933e-01
1.193252e+01	1.704595e-01
1.203252e+01	1.640874e-01
1.213252e+01	1.604455e-01
1.223252e+01	1.599210e-01
1.233252e+01	1.577178e-01
1.243252e+01	1.493690e-01
1.253252e+01	1.384666e-01
1.263252e+01	1.279416e-01
1.273252e+01	1.186863e-01
1.283252e+01	1.114067e-01
1.293252e+01	1.058996e-01
1.303252e+01	1.017602e-01
1.313252e+01	9.867606e-02
1.323252e+01	9.658402e-02
1.333252e+01	9.551527e-02
1.343252e+01	9.478678e-02
1.353252e+01	9.259096e-02
1.363252e+01	8.870637e-02
1.373252e+01	8.473316e-02
1.383252e+01	8.154315e-02
1.393252e+01	7.931143e-02
1.403252e+01	7.764749e-02
1.413252e+01	7.565125e-02
1.423252e+01	7.304284e-02
1.433252e+01	7.029205e-02
1.443252e+01	6.776766e-02
1.453252e+01	6.559928e-02
1.463252e+01	6.372516e-02
1.473252e+01	6.207353e-02
1.483252e+01	6.060614e-02
1.493252e+01	5.930500e-02
1.503252e+01	5.816078e-02
1.513252e+01	5.714165e-02
1.523252e+01	5.615485e-02
1.533252e+01	5.501880e-02
1.543252e+01	5.372393e-02
1.553252e+01	5.247628e-02
1.563252e+01	5.136103e-02
1.573252e+01	5.036604e-02
1.583252e+01	4.946915e-02
1.593252e+01	4.865720e-02
1.603252e+01	4.792541e-02
1.613252e+01	4.727746e-02
1.623252e+01	4.672512e-02
1.633252e+01	4.628839e-02
1.643252e+01	4.600038e-02
1.653252e+01	4.591657e-02
1.663252e+01	4.613149e-02
1.673252e+01	4.680619e-02
1.683252e+01	4.819462e-02
1.693252e+01	5.056623e-02
1.703252e+01	5.368928e-02
1.713252e+01	5.583120e-02
1.723252e+01	5.549639e-02
1.733252e+01	5.476100e-02
1.743252e+01	5.524605e-02
1.753252e+01	5.581649e-02
1.763252e+01	5.576859e-02
1.773252e+01	5.650498e-02
1.783252e+01	5.895276e-02
1.793252e+01	6.322224e-02
1.803252e+01	6.809077e-02
1.813252e+01	7.133753e-02
1.823252e+01	7.245900e-02
1.833252e+01	7.436271e-02
1.843252e+01	7.904223e-02
1.853252e+01	8.394722e-02
1.863252e+01	8.568400e-02
1.873252e+01	8.906625e-02
1.883252e+01	9.743437e-02
1.893252e+01	1.046547e-01
1.903252e+01	1.059303e-01
1.913252e+01	1.026584e-01
1.923252e+01	9.351288e-02
1.933252e+01	8.459886e-02
1.943252e+01	8.078838e-02
1.953252e+01	7.923143e-02
1.963252e+01	7.742777e-02
1.973252e+01	7.520581e-02
1.983252e+01	7.381098e-02
1.993252e+01	7.634350e-02
2.003252e+01	7.938969e-02
2.013252e+01	7.417972e-02
2.023252e+01	6.252404e-02
2.033252e+01	5.241769e-02
2.043252e+01	4.578687e-02
2.053252e+01	4.106071e-02
2.063252e+01	3.716547e-02
2.073252e+01	3.427545e-02
2.083252e+01	3.241649e-02
2.093252e+01	3.126026e-02
2.103252e+01	3.045308e-02
2.113252e+01	3.008283e-02
2.123252e+01	3.035055e-02
2.133252e+01	3.079326e-02
2.143252e+01	3.025463e-02
2.153252e+01	2.883702e-02
2.163252e+01	2.768008e-02
2.173252e+01	2.720309e-02
2.183252e+01	2.731354e-02
2.193252e+01	2.786801e-02
2.203252e+01	2.908854e-02
2.213252e+01	3.134935e-02
2.223252e+01	3.463643e-02
2.233252e+01	3.820893e-02
2.243252e+01	4.110904e-02
2.253252e+01	4.113660e-02
2.263252e+01	3.740131e-02
2.273252e+01	3.347606e-02
2.283252e+01	3.156123e-02
2.293252e+01	3.149896e-02
2.303252e+01	3.159900e-02
2.313252e+01	2.990278e-02
2.323252e+01	2.718159e-02
2.333252e+01	2.509837e-02
2.343252e+01	2.408168e-02
2.353252e+01	2.391308e-02
2.363252e+01	2.398828e-02
2.373252e+01	2.364016e-02
2.383252e+01	2.276437e-02
2.393252e+01	2.174067e-02
2.403252e+01	2.100254e-02
2.413252e+01	2.062337e-02
2.423252e+01	2.035014e-02
2.433252e+01	2.013180e-02
2.443252e+01	2.018706e-02
2.453252e+01	2.050009e-02
2.463252e+01	2.088238e-02
2.473252e+01	2.119484e-02
2.483252e+01	2.153464e-02
2.493252e+01	2.219965e-02
2.503252e+01	2.320866e-02
2.513252e+01	2.384660e-02
2.523252e+01	2.385611e-02
2.533252e+01	2.406492e-02
2.543252e+01	2.491263e-02
2.553252e+01	2.599708e-02
2.563252e+01	2.669848e-02
2.573252e+01	2.703217e-02
2.583252e+01	2.698838e-02
2.593252e+01	2.702523e-02
2.603252e+01	2.781209e-02
2.613252e+01	3.000569e-02
2.623252e+01	3.415858e-02
2.633252e+01	4.076167e-02
2.643252e+01	5.012751e-02
2.653252e+01	6.151937e-02
2.663252e+01	7.140998e-02
2.673252e+01	7.941939e-02
2.683252e+01	8.926560e-02
2.693252e+01	9.773093e-02
2.703252e+01	9.576353e-02
2.713252e+01	8.447112e-02
2.723252e+01	7.179754e-02
2.733252e+01	5.932299e-02
2.743252e+01	4.879334e-02
2.753252e+01	4.121793e-02
2.763252e+01	3.597671e-02
2.773252e+01	3.274862e-02
2.783252e+01	3.089253e-02
2.793252e+01	2.975006e-02
2.803252e+01	2.975221e-02
2.813252e+01	3.078283e-02
2.823252e+01	3.181645e-02
2.833252e+01	3.313308e-02
2.843252e+01	3.600139e-02
2.853252e+01	3.902974e-02
2.863252e+01	3.794398e-02
2.873252e+01	3.282705e-02
2.883252e+01	2.762117e-02
2.893252e+01	2.419163e-02
2.903252e+01	2.245837e-02
2.913252e+01	2.206712e-02
2.923252e+01	2.290304e-02
2.933252e+01	2.509057e-02
2.943252e+01	2.878579e-02
2.953252e+01	3.414059e-02
2.963252e+01	4.152994e-02
2.973252e+01	4.860556e-02
2.983252e+01	4.991214e-02
2.993252e+01	4.679346e-02
3.003252e+01	4.429364e-02
3.013252e+01	4.292238e-02
3.023252e+01	3.923363e-02
3.033252e+01	3.406137e-02
3.043252e+01	3.079354e-02
3.053252e+01	2.954631e-02
3.063252e+01	2.821399e-02
3.073252e+01	2.629522e-02
3.083252e+01	2.535619e-02
3.093252e+01	2.588964e-02
3.103252e+01	2.607510e-02
3.113252e+01	2.414157e-02
3.123252e+01	2.154835e-02
3.133252e+01	1.988641e-02
3.143252e+01	1.956720e-02
3.153252e+01	2.026971e-02
3.163252e+01	2.078786e-02
3.173252e+01	2.026283e-02
3.183252e+01	1.987802e-02
3.193252e+01	2.092366e-02
3.203252e+01	2.388336e-02
3.213252e+01	2.811010e-02
3.223252e+01	3.034614e-02
3.233252e+01	2.807126e-02
3.243252e+01	2.358752e-02
3.253252e+01	1.961911e-02
3.263252e+01	1.713829e-02
3.273252e+01	1.601241e-02
3.283252e+01	1.554692e-02
3.293252e+01	1.468533e-02
3.303252e+01	1.332164e-02
3.313252e+01	1.210118e-02
3.323252e+01	1.117170e-02
3.333252e+01	1.048857e-02
3.343252e+01	1.006759e-02
3.353252e+01	9.913360e-03
3.363252e+01	1.003658e-02
3.373252e+01	1.042689e-02
3.383252e+01	1.084632e-02
3.393252e+01	1.085024e-02
3.403252e+01	1.056938e-02
3.413252e+01	1.043092e-02
3.423252e+01	1.027808e-02
3.433252e+01	9.764536e-03
3.443252e+01	9.104517e-03
3.453252e+01	8.541311e-03
3.463252e+01	8.129053e-03
3.473252e+01	7.852436e-03
3.483252e+01	7.669783e-03
3.493252e+01	7.558047e-03
3.503252e+01	7.504485e-03
3.513252e+01	7.492877e-03
3.523252e+01	7.533605e-03
3.533252e+01	7.665682e-03
3.543252e+01	7.941924e-03
3.553252e+01	8.444470e-03
3.563252e+01	9.258679e-03
3.573252e+01	1.023779e-02
3.583252e+01	1.060188e-02
3.593252e+01	9.872658e-03
3.603252e+01	8.838466e-03
3.613252e+01	8.068431e-03
3.623252e+01	7.589964e-03
3.633252e+01	7.313316e-03
3.643252e+01	7.172801e-03
3.653252e+01	7.137070e-03
3.663252e+01	7.202040e-03
3.673252e+01	7.388293e-03
3.683252e+01	7.738537e-03
3.693252e+01	8.274704e-03
3.703252e+01	8.822830e-03
3.713252e+01	9.003305e-03
3.723252e+01	8.927489e-03
3.733252e+01	9.023903e-03
3.743252e+01	9.384349e-03
3.753252e+01	9.806536e-03
3.763252e+01	1.025480e-02
3.773252e+01	1.116737e-02
3.783252e+01	1.292906e-02
3.793252e+01	1.534304e-02
3.803252e+01	1.679498e-02
3.813252e+01	1.587714e-02
3.823252e+01	1.384570e-02
3.833252e+01	1.185030e-02
3.843252e+01	1.033112e-02
3.853252e+01	9.382976e-03
3.863252e+01	8.892342e-03
3.873252e+01	8.753300e-03
3.883252e+01	8.907163e-03
3.893252e+01	9.364347e-03
3.903252e+01	1.009091e-02
3.913252e+01	1.097912e-02
3.923252e+01	1.180043e-02
3.933252e+01	1.199181e-02
3.943252e+01	1.142645e-02
3.953252e+01	1.081328e-02
3.963252e+01	1.054458e-02
3.973252e+01	1.064795e-02
3.983252e+01	1.115019e-02
3.993252e+01	1.216491e-02
4.003252e+01	1.386748e-02
4.013252e+01	1.660463e-02
4.023252e+01	2.085663e-02
4.033252e+01	2.705543e-02
4.043252e+01	3.533553e-02
4.053252e+01	4.306744e-02
4.063252e+01	4.438360e-02
4.073252e+01	4.062022e-02
4.083252e+01	3.777336e-02
4.093252e+01	3.659045e-02
4.103252e+01	3.362060e-02
4.113252e+01	2.815755e-02
4.123252e+01	2.278860e-02
4.133252e+01	1.869408e-02
4.143252e+01	1.608901e-02
4.153252e+01	1.465231e-02
4.163252e+01	1.389256e-02
4.173252e+01	1.340846e-02
4.183252e+01	1.316968e-02
4.193252e+01	1.333912e-02
4.203252e+01	1.416312e-02
4.213252e+01	1.514370e-02
4.223252e+01	1.477042e-02
4.233252e+01	1.328081e-02
4.243252e+01	1.226781e-02
4.253252e+01	1.234051e-02
4.263252e+01	1.324055e-02
4.273252e+01	1.378253e-02
4.283252e+01	1.312759e-02
4.293252e+01	1.203469e-02
4.303252e+01	1.064254e-02
4.313252e+01	9.010908e-03
4.323252e+01	7.673004e-03
4.333252e+01	6.759514e-03
4.343252e+01	6.158778e-03
4.353252e+01	5.760064e-03
4.363252e+01	5.483070e-03
4.373252e+01	5.261469e-03
4.383252e+01	5.070918e-03
4.393252e+01	4.922521e-03
4.403252e+01	4.818868e-03
4.413252e+01	4.757053e-03
4.423252e+01	4.738647e-03
4.433252e+01	4.772259e-03
4.443252e+01	4.866972e-03
4.453252e+01	4.994345e-03
4.463252e+01	5.049818e-03
4.473252e+01	5.005658e-03
4.483252e+01	4.987861e-03
4.493252e+01	5.090855e-03
4.503252e+01	5.366859e-03
4.513252e+01	5.884086e-03
4.523252e+01	6.692646e-03
4.533252e+01	7.534865e-03
4.543252e+01	7.622582e-03
4.553252e+01	6.847463e-03
4.563252e+01	5.999159e-03
4.573252e+01	5.403782e-03
4.583252e+01	5.019801e-03
4.593252e+01	4.791982e-03
4.603252e+01	4.683090e-03
4.613252e+01	4.670043e-03
4.623252e+01	4.749342e-03
4.633252e+01	4.939848e-03
4.643252e+01	5.288928e-03
4.653252e+01	5.876523e-03
4.663252e+01	6.759413e-03
4.673252e+01	7.677490e-03
4.683252e+01	7.842519e-03
4.693252e+01	7.166257e-03
4.703252e+01	6.457974e-03
4.713252e+01	6.078546e-03
4.723252e+01	6.027016e-03
4.733252e+01	6.278862e-03
4.743252e+01	6.873402e-03
4.753252e+01	7.938741e-03
4.763252e+01	9.682742e-03
4.773252e+01	1.214983e-02
4.783252e+01	1.439000e-02
4.793252e+01	1.487851e-02
4.803252e+01	1.463857e-02
4.813252e+01	1.559402e-02
4.823252e+01	1.774858e-02
4.833252e+01	1.880129e-02
4.843252e+01	1.658617e-02
4.853252e+01	1.295168e-02
4.863252e+01	1.011641e-02
4.873252e+01	8.305920e-03
4.883252e+01	7.062146e-03
4.893252e+01	6.124732e-03
4.903252e+01	5.465225e-03
4.913252e+01	5.040493e-03
4.923252e+01	4.799042e-03
4.933252e+01	4.717754e-03
4.943252e+01	4.802270e-03
4.953252e+01	5.053711e-03
4.963252e+01	5.386879e-03
4.973252e+01	5.563163e-03
4.983252e+01	5.287622e-03
4.993252e+01	4.725690e-03
5.003252e+01	4.238726e-03
5.013252e+01	3.911170e-03
5.023252e+01	3.703491e-03
5.033252e+01	3.574830e-03
5.043252e+01	3.501431e-03
5.053252e+01	3.473072e-03
5.063252e+01	3.490680e-03
5.073252e+01	3.566625e-03
5.083252e+01	3.726836e-03
5.093252e+01	4.005507e-03
5.103252e+01	4.382211e-03
5.113252e+01	4.621582e-03
5.123252e+01	4.470782e-03
5.133252e+01	4.161940e-03
5.143252e+01	3.972780e-03
5.153252e+01	3.971605e-03
5.163252e+01	4.171894e-03
5.173252e+01	4.562497e-03
5.183252e+01	4.939564e-03
5.193252e+01	4.894541e-03
5.203252e+01	4.516628e-03
5.213252e+01	4.230014e-03
5.223252e+01	4.190065e-03
5.233252e+01	4.364247e-03
5.243252e+01	4.530280e-03
5.253252e+01	4.393032e-03
5.263252e+01	4.082807e-03
5.273252e+01	3.805476e-03
5.283252e+01	3.526668e-03
5.293252e+01	3.261042e-03
5.303252e+01	3.061709e-03
5.313252e+01	2.926264e-03
5.323252e+01	2.834648e-03
5.333252e+01	2.771748e-03
5.343252e+01	2.728877e-03
5.353252e+01	2.701813e-03
5.363252e+01	2.689308e-03
5.373252e+01	2.691905e-03
5.383252e+01	2.712437e-03
5.393252e+01	2.756396e-03
5.403252e+01	2.813493e-03
5.413252e+01	2.840339e-03
5.423252e+01	2.826435e-03
5.433252e+01	2.798094e-03
5.443252e+01	2.753309e-03
5.453252e+01	2.695154e-03
5.463252e+01	2.632853e-03
5.473252e+01	2.580302e-03
5.483252e+01	2.544694e-03
5.493252e+01	2.523596e-03
5.503252e+01	2.513362e-03
5.513252e+01	2.512620e-03
5.523252e+01	2.522636e-03
5.533252e+01	2.546985e-03
5.543252e+01	2.590382e-03
5.553252e+01	2.648289e-03
5.563252e+01	2.682655e-03
5.573252e+01	2.657069e-03
5.583252e+01	2.608641e-03
5.593252e+01	2.575990e-03
5.603252e+01	2.564499e-03
5.613252e+01	2.569912e-03
5.623252e+01	2.586200e-03
5.633252e+01	2.605874e-03
5.643252e+01	2.630169e-03
5.653252e+01	2.668097e-03
5.663252e+01	2.727151e-03
5.673252e+01	2.814365e-03
5.683252e+01	2.930173e-03
5.693252e+01	3.045744e-03
5.703252e+01	3.125607e-03
5.713252e+01	3.186554e-03
5.723252e+01	3.250042e-03
5.733252e+01	3.351921e-03
5.743252e+01	3.531943e-03
5.753252e+01	3.822833e-03
5.763252e+01	4.258532e-03
5.773252e+01	4.842451e-03
5.783252e+01	5.511417e-03
5.793252e+01	6.186237e-03
5.803252e+01	6.801143e-03
5.813252e+01	7.146152e-03
5.823252e+01	7.302113e-03
5.833252e+01	7.620047e-03
5.843252e+01	8.124003e-03
5.853252e+01	8.531170e-03
5.863252e+01	8.549037e-03
5.873252e+01	8.584303e-03
5.883252e+01	9.218975e-03
5.893252e+01	1.076221e-02
5.903252e+01	1.355733e-02
5.913252e+01	1.803794e-02
5.923252e+01	2.393945e-02
5.933252e+01	2.885498e-02
5.943252e+01	2.987118e-02
5.953252e+01	2.819987e-02
5.963252e+01	2.772051e-02
5.973252e+01	2.803921e-02
5.983252e+01	2.538997e-02
5.993252e+01	2.035890e-02
6.003252e+01	1.618550e-02
6.013252e+01	1.387245e-02
6.023252e+01	1.260502e-02
6.033252e+01	1.109629e-02
6.043252e+01	9.311894e-03
6.053252e+01	7.856349e-03
6.063252e+01	6.894726e-03
6.073252e+01	6.317867e-03
6.083252e+01	5.918990e-03
6.093252e+01	5.685698e-03
6.103252e+01	5.731189e-03
6.113252e+01	6.157940e-03
6.123252e+01	6.933155e-03
6.133252e+01	7.462147e-03
6.143252e+01	6.984966e-03
6.153252e+01	6.028853e-03
6.163252e+01	5.350669e-03
6.173252e+01	4.991022e-03
6.183252e+01	4.622260e-03
6.193252e+01	4.137020e-03
6.203252e+01	3.723800e-03
6.213252e+01	3.456844e-03
6.223252e+01	3.310658e-03
6.233252e+01	3.254752e-03
6.243252e+01	3.276056e-03
6.253252e+01	3.376977e-03
6.263252e+01	3.574306e-03
6.273252e+01	3.904587e-03
6.283252e+01	4.436478e-03
6.293252e+01	5.293939e-03
6.303252e+01	6.688711e-03
6.313252e+01	8.900812e-03
6.323252e+01	1.186444e-02
6.333252e+01	1.391140e-02
6.343252e+01	1.275401e-02
