#RPA-results:
#Nucleus: Ni 80
#Fermi level: -1.541935e+00	-1.810941e+01
#Excitation: 1 +
#Total number of pairs: 494
#Number of ph-/ah-pairs: 494/0
#Maximal excitation-energy for particle-hole-pairs: 100
#Maximal excitation-energy for antiparticle-hole-pairs: 1000
#No imaginary eigenvalues

#Parameterset: DD-PC1
#natural parity: no
#Isoscalar result:

#width: 5.000000e-01
#maximum value: 1.461211e-02
#at energy: 6.343252e+01
-9.656748e+01	5.264899e-04
-9.646748e+01	5.275359e-04
-9.636748e+01	5.285850e-04
-9.626748e+01	5.296373e-04
-9.616748e+01	5.306927e-04
-9.606748e+01	5.317513e-04
-9.596748e+01	5.328131e-04
-9.586748e+01	5.338781e-04
-9.576748e+01	5.349462e-04
-9.566748e+01	5.360176e-04
-9.556748e+01	5.370922e-04
-9.546748e+01	5.381701e-04
-9.536748e+01	5.392512e-04
-9.526748e+01	5.403355e-04
-9.516748e+01	5.414232e-04
-9.506748e+01	5.425141e-04
-9.496748e+01	5.436084e-04
-9.486748e+01	5.447060e-04
-9.476748e+01	5.458069e-04
-9.466748e+01	5.469112e-04
-9.456748e+01	5.480188e-04
-9.446748e+01	5.491298e-04
-9.436748e+01	5.502442e-04
-9.426748e+01	5.513619e-04
-9.416748e+01	5.524831e-04
-9.406748e+01	5.536078e-04
-9.396748e+01	5.547359e-04
-9.386748e+01	5.558674e-04
-9.376748e+01	5.570024e-04
-9.366748e+01	5.581409e-04
-9.356748e+01	5.592829e-04
-9.346748e+01	5.604284e-04
-9.336748e+01	5.615775e-04
-9.326748e+01	5.627301e-04
-9.316748e+01	5.638862e-04
-9.306748e+01	5.650460e-04
-9.296748e+01	5.662093e-04
-9.286748e+01	5.673762e-04
-9.276748e+01	5.685468e-04
-9.266748e+01	5.697209e-04
-9.256748e+01	5.708988e-04
-9.246748e+01	5.720803e-04
-9.236748e+01	5.732654e-04
-9.226748e+01	5.744543e-04
-9.216748e+01	5.756469e-04
-9.206748e+01	5.768432e-04
-9.196748e+01	5.780432e-04
-9.186748e+01	5.792470e-04
-9.176748e+01	5.804546e-04
-9.166748e+01	5.816660e-04
-9.156748e+01	5.828811e-04
-9.146748e+01	5.841001e-04
-9.136748e+01	5.853230e-04
-9.126748e+01	5.865496e-04
-9.116748e+01	5.877802e-04
-9.106748e+01	5.890146e-04
-9.096748e+01	5.902529e-04
-9.086748e+01	5.914952e-04
-9.076748e+01	5.927414e-04
-9.066748e+01	5.939915e-04
-9.056748e+01	5.952456e-04
-9.046748e+01	5.965037e-04
-9.036748e+01	5.977658e-04
-9.026748e+01	5.990319e-04
-9.016748e+01	6.003021e-04
-9.006748e+01	6.015763e-04
-8.996748e+01	6.028546e-04
-8.986748e+01	6.041370e-04
-8.976748e+01	6.054234e-04
-8.966748e+01	6.067140e-04
-8.956748e+01	6.080088e-04
-8.946748e+01	6.093076e-04
-8.936748e+01	6.106107e-04
-8.926748e+01	6.119180e-04
-8.916748e+01	6.132295e-04
-8.906748e+01	6.145452e-04
-8.896748e+01	6.158651e-04
-8.886748e+01	6.171894e-04
-8.876748e+01	6.185179e-04
-8.866748e+01	6.198507e-04
-8.856748e+01	6.211878e-04
-8.846748e+01	6.225293e-04
-8.836748e+01	6.238752e-04
-8.826748e+01	6.252254e-04
-8.816748e+01	6.265800e-04
-8.806748e+01	6.279390e-04
-8.796748e+01	6.293025e-04
-8.786748e+01	6.306705e-04
-8.776748e+01	6.320429e-04
-8.766748e+01	6.334198e-04
-8.756748e+01	6.348012e-04
-8.746748e+01	6.361872e-04
-8.736748e+01	6.375777e-04
-8.726748e+01	6.389728e-04
-8.716748e+01	6.403724e-04
-8.706748e+01	6.417767e-04
-8.696748e+01	6.431857e-04
-8.686748e+01	6.445993e-04
-8.676748e+01	6.460175e-04
-8.666748e+01	6.474405e-04
-8.656748e+01	6.488682e-04
-8.646748e+01	6.503006e-04
-8.636748e+01	6.517378e-04
-8.626748e+01	6.531798e-04
-8.616748e+01	6.546266e-04
-8.606748e+01	6.560782e-04
-8.596748e+01	6.575346e-04
-8.586748e+01	6.589959e-04
-8.576748e+01	6.604621e-04
-8.566748e+01	6.619332e-04
-8.556748e+01	6.634093e-04
-8.546748e+01	6.648903e-04
-8.536748e+01	6.663763e-04
-8.526748e+01	6.678672e-04
-8.516748e+01	6.693632e-04
-8.506748e+01	6.708643e-04
-8.496748e+01	6.723704e-04
-8.486748e+01	6.738816e-04
-8.476748e+01	6.753979e-04
-8.466748e+01	6.769194e-04
-8.456748e+01	6.784460e-04
-8.446748e+01	6.799778e-04
-8.436748e+01	6.815148e-04
-8.426748e+01	6.830571e-04
-8.416748e+01	6.846046e-04
-8.406748e+01	6.861574e-04
-8.396748e+01	6.877154e-04
-8.386748e+01	6.892788e-04
-8.376748e+01	6.908476e-04
-8.366748e+01	6.924217e-04
-8.356748e+01	6.940013e-04
-8.346748e+01	6.955862e-04
-8.336748e+01	6.971767e-04
-8.326748e+01	6.987726e-04
-8.316748e+01	7.003739e-04
-8.306748e+01	7.019809e-04
-8.296748e+01	7.035933e-04
-8.286748e+01	7.052114e-04
-8.276748e+01	7.068350e-04
-8.266748e+01	7.084643e-04
-8.256748e+01	7.100993e-04
-8.246748e+01	7.117399e-04
-8.236748e+01	7.133862e-04
-8.226748e+01	7.150383e-04
-8.216748e+01	7.166961e-04
-8.206748e+01	7.183597e-04
-8.196748e+01	7.200291e-04
-8.186748e+01	7.217044e-04
-8.176748e+01	7.233856e-04
-8.166748e+01	7.250726e-04
-8.156748e+01	7.267656e-04
-8.146748e+01	7.284645e-04
-8.136748e+01	7.301694e-04
-8.126748e+01	7.318803e-04
-8.116748e+01	7.335972e-04
-8.106748e+01	7.353203e-04
-8.096748e+01	7.370494e-04
-8.086748e+01	7.387846e-04
-8.076748e+01	7.405260e-04
-8.066748e+01	7.422736e-04
-8.056748e+01	7.440274e-04
-8.046748e+01	7.457874e-04
-8.036748e+01	7.475537e-04
-8.026748e+01	7.493263e-04
-8.016748e+01	7.511052e-04
-8.006748e+01	7.528905e-04
-7.996748e+01	7.546822e-04
-7.986748e+01	7.564803e-04
-7.976748e+01	7.582848e-04
-7.966748e+01	7.600959e-04
-7.956748e+01	7.619134e-04
-7.946748e+01	7.637375e-04
-7.936748e+01	7.655682e-04
-7.926748e+01	7.674055e-04
-7.916748e+01	7.692494e-04
-7.906748e+01	7.711000e-04
-7.896748e+01	7.729574e-04
-7.886748e+01	7.748214e-04
-7.876748e+01	7.766922e-04
-7.866748e+01	7.785699e-04
-7.856748e+01	7.804543e-04
-7.846748e+01	7.823457e-04
-7.836748e+01	7.842439e-04
-7.826748e+01	7.861491e-04
-7.816748e+01	7.880613e-04
-7.806748e+01	7.899804e-04
-7.796748e+01	7.919066e-04
-7.786748e+01	7.938399e-04
-7.776748e+01	7.957803e-04
-7.766748e+01	7.977279e-04
-7.756748e+01	7.996826e-04
-7.746748e+01	8.016445e-04
-7.736748e+01	8.036137e-04
-7.726748e+01	8.055902e-04
-7.716748e+01	8.075740e-04
-7.706748e+01	8.095651e-04
-7.696748e+01	8.115637e-04
-7.686748e+01	8.135697e-04
-7.676748e+01	8.155832e-04
-7.666748e+01	8.176041e-04
-7.656748e+01	8.196326e-04
-7.646748e+01	8.216687e-04
-7.636748e+01	8.237125e-04
-7.626748e+01	8.257638e-04
-7.616748e+01	8.278229e-04
-7.606748e+01	8.298897e-04
-7.596748e+01	8.319643e-04
-7.586748e+01	8.340467e-04
-7.576748e+01	8.361370e-04
-7.566748e+01	8.382352e-04
-7.556748e+01	8.403412e-04
-7.546748e+01	8.424553e-04
-7.536748e+01	8.445774e-04
-7.526748e+01	8.467075e-04
-7.516748e+01	8.488458e-04
-7.506748e+01	8.509921e-04
-7.496748e+01	8.531467e-04
-7.486748e+01	8.553094e-04
-7.476748e+01	8.574805e-04
-7.466748e+01	8.596598e-04
-7.456748e+01	8.618475e-04
-7.446748e+01	8.640436e-04
-7.436748e+01	8.662481e-04
-7.426748e+01	8.684611e-04
-7.416748e+01	8.706826e-04
-7.406748e+01	8.729126e-04
-7.396748e+01	8.751513e-04
-7.386748e+01	8.773986e-04
-7.376748e+01	8.796547e-04
-7.366748e+01	8.819194e-04
-7.356748e+01	8.841930e-04
-7.346748e+01	8.864754e-04
-7.336748e+01	8.887667e-04
-7.326748e+01	8.910669e-04
-7.316748e+01	8.933761e-04
-7.306748e+01	8.956943e-04
-7.296748e+01	8.980215e-04
-7.286748e+01	9.003579e-04
-7.276748e+01	9.027034e-04
-7.266748e+01	9.050582e-04
-7.256748e+01	9.074222e-04
-7.246748e+01	9.097955e-04
-7.236748e+01	9.121782e-04
-7.226748e+01	9.145703e-04
-7.216748e+01	9.169718e-04
-7.206748e+01	9.193829e-04
-7.196748e+01	9.218035e-04
-7.186748e+01	9.242337e-04
-7.176748e+01	9.266736e-04
-7.166748e+01	9.291232e-04
-7.156748e+01	9.315825e-04
-7.146748e+01	9.340517e-04
-7.136748e+01	9.365307e-04
-7.126748e+01	9.390196e-04
-7.116748e+01	9.415186e-04
-7.106748e+01	9.440275e-04
-7.096748e+01	9.465465e-04
-7.086748e+01	9.490757e-04
-7.076748e+01	9.516150e-04
-7.066748e+01	9.541646e-04
-7.056748e+01	9.567245e-04
-7.046748e+01	9.592948e-04
-7.036748e+01	9.618754e-04
-7.026748e+01	9.644666e-04
-7.016748e+01	9.670682e-04
-7.006748e+01	9.696805e-04
-6.996748e+01	9.723033e-04
-6.986748e+01	9.749369e-04
-6.976748e+01	9.775812e-04
-6.966748e+01	9.802364e-04
-6.956748e+01	9.829024e-04
-6.946748e+01	9.855794e-04
-6.936748e+01	9.882673e-04
-6.926748e+01	9.909663e-04
-6.916748e+01	9.936764e-04
-6.906748e+01	9.963977e-04
-6.896748e+01	9.991303e-04
-6.886748e+01	1.001874e-03
-6.876748e+01	1.004629e-03
-6.866748e+01	1.007396e-03
-6.856748e+01	1.010174e-03
-6.846748e+01	1.012964e-03
-6.836748e+01	1.015765e-03
-6.826748e+01	1.018578e-03
-6.816748e+01	1.021403e-03
-6.806748e+01	1.024239e-03
-6.796748e+01	1.027088e-03
-6.786748e+01	1.029948e-03
-6.776748e+01	1.032821e-03
-6.766748e+01	1.035705e-03
-6.756748e+01	1.038602e-03
-6.746748e+01	1.041510e-03
-6.736748e+01	1.044432e-03
-6.726748e+01	1.047365e-03
-6.716748e+01	1.050311e-03
-6.706748e+01	1.053269e-03
-6.696748e+01	1.056240e-03
-6.686748e+01	1.059224e-03
-6.676748e+01	1.062220e-03
-6.666748e+01	1.065230e-03
-6.656748e+01	1.068252e-03
-6.646748e+01	1.071287e-03
-6.636748e+01	1.074335e-03
-6.626748e+01	1.077396e-03
-6.616748e+01	1.080470e-03
-6.606748e+01	1.083557e-03
-6.596748e+01	1.086658e-03
-6.586748e+01	1.089772e-03
-6.576748e+01	1.092900e-03
-6.566748e+01	1.096041e-03
-6.556748e+01	1.099195e-03
-6.546748e+01	1.102364e-03
-6.536748e+01	1.105546e-03
-6.526748e+01	1.108742e-03
-6.516748e+01	1.111952e-03
-6.506748e+01	1.115176e-03
-6.496748e+01	1.118415e-03
-6.486748e+01	1.121667e-03
-6.476748e+01	1.124933e-03
-6.466748e+01	1.128214e-03
-6.456748e+01	1.131510e-03
-6.446748e+01	1.134820e-03
-6.436748e+01	1.138144e-03
-6.426748e+01	1.141484e-03
-6.416748e+01	1.144838e-03
-6.406748e+01	1.148207e-03
-6.396748e+01	1.151591e-03
-6.386748e+01	1.154990e-03
-6.376748e+01	1.158404e-03
-6.366748e+01	1.161833e-03
-6.356748e+01	1.165278e-03
-6.346748e+01	1.168738e-03
-6.336748e+01	1.172213e-03
-6.326748e+01	1.175704e-03
-6.316748e+01	1.179211e-03
-6.306748e+01	1.182734e-03
-6.296748e+01	1.186272e-03
-6.286748e+01	1.189827e-03
-6.276748e+01	1.193397e-03
-6.266748e+01	1.196984e-03
-6.256748e+01	1.200587e-03
-6.246748e+01	1.204207e-03
-6.236748e+01	1.207843e-03
-6.226748e+01	1.211495e-03
-6.216748e+01	1.215164e-03
-6.206748e+01	1.218850e-03
-6.196748e+01	1.222553e-03
-6.186748e+01	1.226273e-03
-6.176748e+01	1.230010e-03
-6.166748e+01	1.233764e-03
-6.156748e+01	1.237535e-03
-6.146748e+01	1.241324e-03
-6.136748e+01	1.245130e-03
-6.126748e+01	1.248954e-03
-6.116748e+01	1.252796e-03
-6.106748e+01	1.256655e-03
-6.096748e+01	1.260532e-03
-6.086748e+01	1.264428e-03
-6.076748e+01	1.268342e-03
-6.066748e+01	1.272274e-03
-6.056748e+01	1.276224e-03
-6.046748e+01	1.280193e-03
-6.036748e+01	1.284180e-03
-6.026748e+01	1.288187e-03
-6.016748e+01	1.292212e-03
-6.006748e+01	1.296256e-03
-5.996748e+01	1.300319e-03
-5.986748e+01	1.304402e-03
-5.976748e+01	1.308504e-03
-5.966748e+01	1.312625e-03
-5.956748e+01	1.316766e-03
-5.946748e+01	1.320927e-03
-5.936748e+01	1.325108e-03
-5.926748e+01	1.329308e-03
-5.916748e+01	1.333529e-03
-5.906748e+01	1.337770e-03
-5.896748e+01	1.342031e-03
-5.886748e+01	1.346313e-03
-5.876748e+01	1.350615e-03
-5.866748e+01	1.354939e-03
-5.856748e+01	1.359283e-03
-5.846748e+01	1.363648e-03
-5.836748e+01	1.368034e-03
-5.826748e+01	1.372442e-03
-5.816748e+01	1.376871e-03
-5.806748e+01	1.381322e-03
-5.796748e+01	1.385794e-03
-5.786748e+01	1.390289e-03
-5.776748e+01	1.394805e-03
-5.766748e+01	1.399344e-03
-5.756748e+01	1.403905e-03
-5.746748e+01	1.408488e-03
-5.736748e+01	1.413094e-03
-5.726748e+01	1.417723e-03
-5.716748e+01	1.422374e-03
-5.706748e+01	1.427049e-03
-5.696748e+01	1.431747e-03
-5.686748e+01	1.436468e-03
-5.676748e+01	1.441213e-03
-5.666748e+01	1.445982e-03
-5.656748e+01	1.450774e-03
-5.646748e+01	1.455590e-03
-5.636748e+01	1.460431e-03
-5.626748e+01	1.465296e-03
-5.616748e+01	1.470185e-03
-5.606748e+01	1.475099e-03
-5.596748e+01	1.480038e-03
-5.586748e+01	1.485002e-03
-5.576748e+01	1.489991e-03
-5.566748e+01	1.495005e-03
-5.556748e+01	1.500045e-03
-5.546748e+01	1.505111e-03
-5.536748e+01	1.510202e-03
-5.526748e+01	1.515320e-03
-5.516748e+01	1.520464e-03
-5.506748e+01	1.525634e-03
-5.496748e+01	1.530830e-03
-5.486748e+01	1.536054e-03
-5.476748e+01	1.541304e-03
-5.466748e+01	1.546582e-03
-5.456748e+01	1.551887e-03
-5.446748e+01	1.557219e-03
-5.436748e+01	1.562579e-03
-5.426748e+01	1.567968e-03
-5.416748e+01	1.573384e-03
-5.406748e+01	1.578828e-03
-5.396748e+01	1.584301e-03
-5.386748e+01	1.589803e-03
-5.376748e+01	1.595333e-03
-5.366748e+01	1.600893e-03
-5.356748e+01	1.606482e-03
-5.346748e+01	1.612100e-03
-5.336748e+01	1.617749e-03
-5.326748e+01	1.623427e-03
-5.316748e+01	1.629135e-03
-5.306748e+01	1.634874e-03
-5.296748e+01	1.640643e-03
-5.286748e+01	1.646443e-03
-5.276748e+01	1.652274e-03
-5.266748e+01	1.658136e-03
-5.256748e+01	1.664030e-03
-5.246748e+01	1.669956e-03
-5.236748e+01	1.675913e-03
-5.226748e+01	1.681903e-03
-5.216748e+01	1.687925e-03
-5.206748e+01	1.693979e-03
-5.196748e+01	1.700067e-03
-5.186748e+01	1.706188e-03
-5.176748e+01	1.712342e-03
-5.166748e+01	1.718529e-03
-5.156748e+01	1.724751e-03
-5.146748e+01	1.731006e-03
-5.136748e+01	1.737296e-03
-5.126748e+01	1.743620e-03
-5.116748e+01	1.749980e-03
-5.106748e+01	1.756374e-03
-5.096748e+01	1.762804e-03
-5.086748e+01	1.769269e-03
-5.076748e+01	1.775771e-03
-5.066748e+01	1.782308e-03
-5.056748e+01	1.788882e-03
-5.046748e+01	1.795493e-03
-5.036748e+01	1.802141e-03
-5.026748e+01	1.808826e-03
-5.016748e+01	1.815548e-03
-5.006748e+01	1.822308e-03
-4.996748e+01	1.829107e-03
-4.986748e+01	1.835944e-03
-4.976748e+01	1.842819e-03
-4.966748e+01	1.849734e-03
-4.956748e+01	1.856688e-03
-4.946748e+01	1.863681e-03
-4.936748e+01	1.870715e-03
-4.926748e+01	1.877788e-03
-4.916748e+01	1.884903e-03
-4.906748e+01	1.892058e-03
-4.896748e+01	1.899254e-03
-4.886748e+01	1.906491e-03
-4.876748e+01	1.913771e-03
-4.866748e+01	1.921092e-03
-4.856748e+01	1.928456e-03
-4.846748e+01	1.935863e-03
-4.836748e+01	1.943313e-03
-4.826748e+01	1.950806e-03
-4.816748e+01	1.958343e-03
-4.806748e+01	1.965925e-03
-4.796748e+01	1.973550e-03
-4.786748e+01	1.981221e-03
-4.776748e+01	1.988937e-03
-4.766748e+01	1.996698e-03
-4.756748e+01	2.004505e-03
-4.746748e+01	2.012359e-03
-4.736748e+01	2.020259e-03
-4.726748e+01	2.028206e-03
-4.716748e+01	2.036200e-03
-4.706748e+01	2.044243e-03
-4.696748e+01	2.052333e-03
-4.686748e+01	2.060472e-03
-4.676748e+01	2.068660e-03
-4.666748e+01	2.076898e-03
-4.656748e+01	2.085185e-03
-4.646748e+01	2.093522e-03
-4.636748e+01	2.101910e-03
-4.626748e+01	2.110349e-03
-4.616748e+01	2.118839e-03
-4.606748e+01	2.127381e-03
-4.596748e+01	2.135975e-03
-4.586748e+01	2.144622e-03
-4.576748e+01	2.153323e-03
-4.566748e+01	2.162076e-03
-4.556748e+01	2.170884e-03
-4.546748e+01	2.179746e-03
-4.536748e+01	2.188663e-03
-4.526748e+01	2.197635e-03
-4.516748e+01	2.206663e-03
-4.506748e+01	2.215748e-03
-4.496748e+01	2.224889e-03
-4.486748e+01	2.234087e-03
-4.476748e+01	2.243343e-03
-4.466748e+01	2.252658e-03
-4.456748e+01	2.262031e-03
-4.446748e+01	2.271463e-03
-4.436748e+01	2.280955e-03
-4.426748e+01	2.290508e-03
-4.416748e+01	2.300121e-03
-4.406748e+01	2.309795e-03
-4.396748e+01	2.319531e-03
-4.386748e+01	2.329329e-03
-4.376748e+01	2.339191e-03
-4.366748e+01	2.349115e-03
-4.356748e+01	2.359104e-03
-4.346748e+01	2.369157e-03
-4.336748e+01	2.379275e-03
-4.326748e+01	2.389459e-03
-4.316748e+01	2.399709e-03
-4.306748e+01	2.410026e-03
-4.296748e+01	2.420410e-03
-4.286748e+01	2.430863e-03
-4.276748e+01	2.441384e-03
-4.266748e+01	2.451974e-03
-4.256748e+01	2.462634e-03
-4.246748e+01	2.473364e-03
-4.236748e+01	2.484165e-03
-4.226748e+01	2.495039e-03
-4.216748e+01	2.505984e-03
-4.206748e+01	2.517003e-03
-4.196748e+01	2.528095e-03
-4.186748e+01	2.539261e-03
-4.176748e+01	2.550503e-03
-4.166748e+01	2.561820e-03
-4.156748e+01	2.573213e-03
-4.146748e+01	2.584684e-03
-4.136748e+01	2.596232e-03
-4.126748e+01	2.607859e-03
-4.116748e+01	2.619565e-03
-4.106748e+01	2.631351e-03
-4.096748e+01	2.643218e-03
-4.086748e+01	2.655166e-03
-4.076748e+01	2.667196e-03
-4.066748e+01	2.679310e-03
-4.056748e+01	2.691507e-03
-4.046748e+01	2.703788e-03
-4.036748e+01	2.716155e-03
-4.026748e+01	2.728608e-03
-4.016748e+01	2.741147e-03
-4.006748e+01	2.753775e-03
-3.996748e+01	2.766491e-03
-3.986748e+01	2.779297e-03
-3.976748e+01	2.792192e-03
-3.966748e+01	2.805179e-03
-3.956748e+01	2.818258e-03
-3.946748e+01	2.831430e-03
-3.936748e+01	2.844695e-03
-3.926748e+01	2.858056e-03
-3.916748e+01	2.871511e-03
-3.906748e+01	2.885064e-03
-3.896748e+01	2.898713e-03
-3.886748e+01	2.912462e-03
-3.876748e+01	2.926309e-03
-3.866748e+01	2.940257e-03
-3.856748e+01	2.954306e-03
-3.846748e+01	2.968458e-03
-3.836748e+01	2.982713e-03
-3.826748e+01	2.997072e-03
-3.816748e+01	3.011537e-03
-3.806748e+01	3.026108e-03
-3.796748e+01	3.040786e-03
-3.786748e+01	3.055574e-03
-3.776748e+01	3.070471e-03
-3.766748e+01	3.085478e-03
-3.756748e+01	3.100598e-03
-3.746748e+01	3.115831e-03
-3.736748e+01	3.131177e-03
-3.726748e+01	3.146640e-03
-3.716748e+01	3.162218e-03
-3.706748e+01	3.177915e-03
-3.696748e+01	3.193730e-03
-3.686748e+01	3.209666e-03
-3.676748e+01	3.225722e-03
-3.666748e+01	3.241902e-03
-3.656748e+01	3.258206e-03
-3.646748e+01	3.274634e-03
-3.636748e+01	3.291189e-03
-3.626748e+01	3.307873e-03
-3.616748e+01	3.324685e-03
-3.606748e+01	3.341628e-03
-3.596748e+01	3.358702e-03
-3.586748e+01	3.375910e-03
-3.576748e+01	3.393253e-03
-3.566748e+01	3.410732e-03
-3.556748e+01	3.428349e-03
-3.546748e+01	3.446104e-03
-3.536748e+01	3.464001e-03
-3.526748e+01	3.482039e-03
-3.516748e+01	3.500221e-03
-3.506748e+01	3.518549e-03
-3.496748e+01	3.537023e-03
-3.486748e+01	3.555645e-03
-3.476748e+01	3.574418e-03
-3.466748e+01	3.593342e-03
-3.456748e+01	3.612420e-03
-3.446748e+01	3.631652e-03
-3.436748e+01	3.651041e-03
-3.426748e+01	3.670589e-03
-3.416748e+01	3.690297e-03
-3.406748e+01	3.710167e-03
-3.396748e+01	3.730201e-03
-3.386748e+01	3.750401e-03
-3.376748e+01	3.770768e-03
-3.366748e+01	3.791305e-03
-3.356748e+01	3.812013e-03
-3.346748e+01	3.832894e-03
-3.336748e+01	3.853951e-03
-3.326748e+01	3.875185e-03
-3.316748e+01	3.896599e-03
-3.306748e+01	3.918194e-03
-3.296748e+01	3.939972e-03
-3.286748e+01	3.961937e-03
-3.276748e+01	3.984089e-03
-3.266748e+01	4.006431e-03
-3.256748e+01	4.028965e-03
-3.246748e+01	4.051694e-03
-3.236748e+01	4.074620e-03
-3.226748e+01	4.097744e-03
-3.216748e+01	4.121071e-03
-3.206748e+01	4.144601e-03
-3.196748e+01	4.168338e-03
-3.186748e+01	4.192284e-03
-3.176748e+01	4.216440e-03
-3.166748e+01	4.240811e-03
-3.156748e+01	4.265399e-03
-3.146748e+01	4.290205e-03
-3.136748e+01	4.315233e-03
-3.126748e+01	4.340486e-03
-3.116748e+01	4.365966e-03
-3.106748e+01	4.391677e-03
-3.096748e+01	4.417620e-03
-3.086748e+01	4.443799e-03
-3.076748e+01	4.470217e-03
-3.066748e+01	4.496877e-03
-3.056748e+01	4.523781e-03
-3.046748e+01	4.550933e-03
-3.036748e+01	4.578337e-03
-3.026748e+01	4.605995e-03
-3.016748e+01	4.633910e-03
-3.006748e+01	4.662086e-03
-2.996748e+01	4.690526e-03
-2.986748e+01	4.719233e-03
-2.976748e+01	4.748212e-03
-2.966748e+01	4.777465e-03
-2.956748e+01	4.806996e-03
-2.946748e+01	4.836808e-03
-2.936748e+01	4.866907e-03
-2.926748e+01	4.897294e-03
-2.916748e+01	4.927974e-03
-2.906748e+01	4.958951e-03
-2.896748e+01	4.990229e-03
-2.886748e+01	5.021812e-03
-2.876748e+01	5.053704e-03
-2.866748e+01	5.085909e-03
-2.856748e+01	5.118432e-03
-2.846748e+01	5.151276e-03
-2.836748e+01	5.184446e-03
-2.826748e+01	5.217946e-03
-2.816748e+01	5.251782e-03
-2.806748e+01	5.285958e-03
-2.796748e+01	5.320478e-03
-2.786748e+01	5.355347e-03
-2.776748e+01	5.390570e-03
-2.766748e+01	5.426153e-03
-2.756748e+01	5.462099e-03
-2.746748e+01	5.498415e-03
-2.736748e+01	5.535106e-03
-2.726748e+01	5.572176e-03
-2.716748e+01	5.609632e-03
-2.706748e+01	5.647479e-03
-2.696748e+01	5.685722e-03
-2.686748e+01	5.724368e-03
-2.676748e+01	5.763422e-03
-2.666748e+01	5.802890e-03
-2.656748e+01	5.842779e-03
-2.646748e+01	5.883094e-03
-2.636748e+01	5.923842e-03
-2.626748e+01	5.965029e-03
-2.616748e+01	6.006662e-03
-2.606748e+01	6.048748e-03
-2.596748e+01	6.091293e-03
-2.586748e+01	6.134305e-03
-2.576748e+01	6.177790e-03
-2.566748e+01	6.221757e-03
-2.556748e+01	6.266211e-03
-2.546748e+01	6.311162e-03
-2.536748e+01	6.356616e-03
-2.526748e+01	6.402581e-03
-2.516748e+01	6.449066e-03
-2.506748e+01	6.496079e-03
-2.496748e+01	6.543628e-03
-2.486748e+01	6.591721e-03
-2.476748e+01	6.640368e-03
-2.466748e+01	6.689577e-03
-2.456748e+01	6.739358e-03
-2.446748e+01	6.789719e-03
-2.436748e+01	6.840670e-03
-2.426748e+01	6.892222e-03
-2.416748e+01	6.944383e-03
-2.406748e+01	6.997164e-03
-2.396748e+01	7.050575e-03
-2.386748e+01	7.104628e-03
-2.376748e+01	7.159332e-03
-2.366748e+01	7.214699e-03
-2.356748e+01	7.270740e-03
-2.346748e+01	7.327466e-03
-2.336748e+01	7.384891e-03
-2.326748e+01	7.443025e-03
-2.316748e+01	7.501881e-03
-2.306748e+01	7.561471e-03
-2.296748e+01	7.621810e-03
-2.286748e+01	7.682909e-03
-2.276748e+01	7.744783e-03
-2.266748e+01	7.807446e-03
-2.256748e+01	7.870911e-03
-2.246748e+01	7.935194e-03
-2.236748e+01	8.000309e-03
-2.226748e+01	8.066272e-03
-2.216748e+01	8.133099e-03
-2.206748e+01	8.200805e-03
-2.196748e+01	8.269406e-03
-2.186748e+01	8.338921e-03
-2.176748e+01	8.409366e-03
-2.166748e+01	8.480760e-03
-2.156748e+01	8.553119e-03
-2.146748e+01	8.626464e-03
-2.136748e+01	8.700813e-03
-2.126748e+01	8.776186e-03
-2.116748e+01	8.852604e-03
-2.106748e+01	8.930087e-03
-2.096748e+01	9.008656e-03
-2.086748e+01	9.088334e-03
-2.076748e+01	9.169143e-03
-2.066748e+01	9.251106e-03
-2.056748e+01	9.334247e-03
-2.046748e+01	9.418591e-03
-2.036748e+01	9.504162e-03
-2.026748e+01	9.590988e-03
-2.016748e+01	9.679094e-03
-2.006748e+01	9.768507e-03
-1.996748e+01	9.859257e-03
-1.986748e+01	9.951372e-03
-1.976748e+01	1.004488e-02
-1.966748e+01	1.013982e-02
-1.956748e+01	1.023621e-02
-1.946748e+01	1.033410e-02
-1.936748e+01	1.043351e-02
-1.926748e+01	1.053448e-02
-1.916748e+01	1.063704e-02
-1.906748e+01	1.074124e-02
-1.896748e+01	1.084711e-02
-1.886748e+01	1.095469e-02
-1.876748e+01	1.106403e-02
-1.866748e+01	1.117515e-02
-1.856748e+01	1.128812e-02
-1.846748e+01	1.140296e-02
-1.836748e+01	1.151974e-02
-1.826748e+01	1.163850e-02
-1.816748e+01	1.175928e-02
-1.806748e+01	1.188215e-02
-1.796748e+01	1.200715e-02
-1.786748e+01	1.213434e-02
-1.776748e+01	1.226378e-02
-1.766748e+01	1.239553e-02
-1.756748e+01	1.252965e-02
-1.746748e+01	1.266621e-02
-1.736748e+01	1.280527e-02
-1.726748e+01	1.294690e-02
-1.716748e+01	1.309118e-02
-1.706748e+01	1.323818e-02
-1.696748e+01	1.338799e-02
-1.686748e+01	1.354067e-02
-1.676748e+01	1.369632e-02
-1.666748e+01	1.385504e-02
-1.656748e+01	1.401690e-02
-1.646748e+01	1.418201e-02
-1.636748e+01	1.435048e-02
-1.626748e+01	1.452240e-02
-1.616748e+01	1.469789e-02
-1.606748e+01	1.487706e-02
-1.596748e+01	1.506004e-02
-1.586748e+01	1.524696e-02
-1.576748e+01	1.543794e-02
-1.566748e+01	1.563314e-02
-1.556748e+01	1.583269e-02
-1.546748e+01	1.603676e-02
-1.536748e+01	1.624551e-02
-1.526748e+01	1.645912e-02
-1.516748e+01	1.667775e-02
-1.506748e+01	1.690162e-02
-1.496748e+01	1.713092e-02
-1.486748e+01	1.736586e-02
-1.476748e+01	1.760668e-02
-1.466748e+01	1.785362e-02
-1.456748e+01	1.810693e-02
-1.446748e+01	1.836689e-02
-1.436748e+01	1.863378e-02
-1.426748e+01	1.890792e-02
-1.416748e+01	1.918964e-02
-1.406748e+01	1.947928e-02
-1.396748e+01	1.977723e-02
-1.386748e+01	2.008389e-02
-1.376748e+01	2.039969e-02
-1.366748e+01	2.072509e-02
-1.356748e+01	2.106059e-02
-1.346748e+01	2.140674e-02
-1.336748e+01	2.176412e-02
-1.326748e+01	2.213334e-02
-1.316748e+01	2.251510e-02
-1.306748e+01	2.291014e-02
-1.296748e+01	2.331925e-02
-1.286748e+01	2.374332e-02
-1.276748e+01	2.418330e-02
-1.266748e+01	2.464025e-02
-1.256748e+01	2.511530e-02
-1.246748e+01	2.560973e-02
-1.236748e+01	2.612492e-02
-1.226748e+01	2.666243e-02
-1.216748e+01	2.722396e-02
-1.206748e+01	2.781141e-02
-1.196748e+01	2.842690e-02
-1.186748e+01	2.907280e-02
-1.176748e+01	2.975176e-02
-1.166748e+01	3.046678e-02
-1.156748e+01	3.122124e-02
-1.146748e+01	3.201898e-02
-1.136748e+01	3.286436e-02
-1.126748e+01	3.376238e-02
-1.116748e+01	3.471876e-02
-1.106748e+01	3.574012e-02
-1.096748e+01	3.683411e-02
-1.086748e+01	3.800966e-02
-1.076748e+01	3.927722e-02
-1.066748e+01	4.064911e-02
-1.056748e+01	4.213990e-02
-1.046748e+01	4.376699e-02
-1.036748e+01	4.555128e-02
-1.026748e+01	4.751802e-02
-1.016748e+01	4.969805e-02
-1.006748e+01	5.212927e-02
-9.967479e+00	5.485870e-02
-9.867479e+00	5.794532e-02
-9.767479e+00	6.146386e-02
-9.667479e+00	6.551014e-02
-9.567479e+00	7.020861e-02
-9.467479e+00	7.572325e-02
-9.367479e+00	8.227351e-02
-9.267479e+00	9.015817e-02
-9.167479e+00	9.979201e-02
-9.067479e+00	1.117633e-01
-8.967479e+00	1.269269e-01
-8.867479e+00	1.465585e-01
-8.767479e+00	1.726205e-01
-8.667479e+00	2.082329e-01
-8.567479e+00	2.585345e-01
-8.467479e+00	3.322844e-01
-8.367479e+00	4.447767e-01
-8.267479e+00	6.223127e-01
-8.167479e+00	9.033005e-01
-8.067479e+00	1.302167e+00
-7.967479e+00	1.655883e+00
-7.867479e+00	1.607548e+00
-7.767479e+00	1.218560e+00
-7.667479e+00	8.416944e-01
-7.567479e+00	5.870432e-01
-7.467479e+00	4.276954e-01
-7.367479e+00	3.269718e-01
-7.267479e+00	2.611892e-01
-7.167479e+00	2.167052e-01
-7.067479e+00	1.856851e-01
-6.967479e+00	1.635052e-01
-6.867479e+00	1.473412e-01
-6.767479e+00	1.354079e-01
-6.667479e+00	1.265413e-01
-6.567479e+00	1.199611e-01
-6.467479e+00	1.151329e-01
-6.367479e+00	1.116837e-01
-6.267479e+00	1.093515e-01
-6.167479e+00	1.079531e-01
-6.067479e+00	1.073652e-01
-5.967479e+00	1.075159e-01
-5.867479e+00	1.083834e-01
-5.767479e+00	1.099969e-01
-5.667479e+00	1.123937e-01
-5.567479e+00	1.153744e-01
-5.467479e+00	1.181986e-01
-5.367479e+00	1.206031e-01
-5.267479e+00	1.233766e-01
-5.167479e+00	1.269931e-01
-5.067479e+00	1.315079e-01
-4.967479e+00	1.369259e-01
-4.867479e+00	1.433096e-01
-4.767479e+00	1.507924e-01
-4.667479e+00	1.595881e-01
-4.567479e+00	1.700162e-01
-4.467479e+00	1.825615e-01
-4.367479e+00	1.979761e-01
-4.267479e+00	2.174097e-01
-4.167479e+00	2.424219e-01
-4.067479e+00	2.739363e-01
-3.967479e+00	3.091866e-01
-3.867479e+00	3.455440e-01
-3.767479e+00	3.922173e-01
-3.667479e+00	4.633181e-01
-3.567479e+00	5.740775e-01
-3.467479e+00	7.452480e-01
-3.367479e+00	9.903942e-01
-3.267479e+00	1.251438e+00
-3.167479e+00	1.390290e+00
-3.067479e+00	1.435680e+00
-2.967479e+00	1.470338e+00
-2.867479e+00	1.435462e+00
-2.767479e+00	1.323358e+00
-2.667479e+00	1.191491e+00
-2.567479e+00	1.112879e+00
-2.467479e+00	1.122446e+00
-2.367479e+00	1.210834e+00
-2.267479e+00	1.311199e+00
-2.167479e+00	1.404298e+00
-2.067479e+00	1.574877e+00
-1.967479e+00	1.806166e+00
-1.867479e+00	1.926142e+00
-1.767479e+00	1.822530e+00
-1.667479e+00	1.650508e+00
-1.567479e+00	1.593187e+00
-1.467479e+00	1.702714e+00
-1.367479e+00	1.997582e+00
-1.267479e+00	2.482605e+00
-1.167479e+00	3.035388e+00
-1.067479e+00	3.457804e+00
-9.674791e-01	3.938434e+00
-8.674791e-01	4.733094e+00
-7.674791e-01	5.585501e+00
-6.674791e-01	5.905731e+00
-5.674791e-01	5.373733e+00
-4.674791e-01	4.597538e+00
-3.674791e-01	4.226389e+00
-2.674791e-01	4.418264e+00
-1.674791e-01	5.239671e+00
-6.747911e-02	6.859730e+00
3.252089e-02	9.413112e+00
1.325209e-01	1.232575e+01
2.325209e-01	1.418610e+01
3.325209e-01	1.417836e+01
4.325209e-01	1.179453e+01
5.325209e-01	8.460989e+00
6.325209e-01	5.844552e+00
7.325209e-01	4.138348e+00
8.325209e-01	3.053869e+00
9.325209e-01	2.347536e+00
1.032521e+00	1.871568e+00
1.132521e+00	1.541226e+00
1.232521e+00	1.307818e+00
1.332521e+00	1.142758e+00
1.432521e+00	1.025898e+00
1.532521e+00	9.336108e-01
1.632521e+00	8.473887e-01
1.732521e+00	7.738740e-01
1.832521e+00	7.218262e-01
1.932521e+00	6.919201e-01
2.032521e+00	6.843053e-01
2.132521e+00	7.013969e-01
2.232521e+00	7.440210e-01
2.332521e+00	8.039901e-01
2.432521e+00	8.854388e-01
2.532521e+00	1.020487e+00
2.632521e+00	1.189601e+00
2.732521e+00	1.244073e+00
2.832521e+00	1.108889e+00
2.932521e+00	9.369457e-01
3.032521e+00	8.263360e-01
3.132521e+00	7.747323e-01
3.232521e+00	7.538511e-01
3.332521e+00	7.501853e-01
3.432521e+00	7.687759e-01
3.532521e+00	8.147268e-01
3.632521e+00	8.979820e-01
3.732521e+00	1.034365e+00
3.832521e+00	1.250226e+00
3.932521e+00	1.593208e+00
4.032521e+00	2.143267e+00
4.132521e+00	2.991146e+00
4.232521e+00	4.031538e+00
4.332521e+00	4.537047e+00
4.432521e+00	3.923488e+00
4.532521e+00	2.915877e+00
4.632521e+00	2.146748e+00
4.732521e+00	1.666130e+00
4.832521e+00	1.379190e+00
4.932521e+00	1.210534e+00
5.032521e+00	1.115518e+00
5.132521e+00	1.069110e+00
5.232521e+00	1.057372e+00
5.332521e+00	1.072680e+00
5.432521e+00	1.111203e+00
5.532521e+00	1.171608e+00
5.632521e+00	1.254428e+00
5.732521e+00	1.361847e+00
5.832521e+00	1.497751e+00
5.932521e+00	1.668059e+00
6.032521e+00	1.881337e+00
6.132521e+00	2.149849e+00
6.232521e+00	2.491245e+00
6.332521e+00	2.931341e+00
6.432521e+00	3.508739e+00
6.532521e+00	4.282761e+00
6.632521e+00	5.347487e+00
6.732521e+00	6.857339e+00
6.832521e+00	9.074650e+00
6.932521e+00	1.245680e+01
7.032521e+00	1.779514e+01
7.132521e+00	2.628889e+01
7.232521e+00	3.865686e+01
7.332521e+00	5.070749e+01
7.432521e+00	5.098524e+01
7.532521e+00	3.914122e+01
7.632521e+00	2.665582e+01
7.732521e+00	1.802055e+01
7.832521e+00	1.258682e+01
7.932521e+00	9.145516e+00
8.032521e+00	6.890444e+00
8.132521e+00	5.354870e+00
8.232521e+00	4.271213e+00
8.332521e+00	3.482105e+00
8.432521e+00	2.891758e+00
8.532521e+00	2.439812e+00
8.632521e+00	2.087011e+00
8.732521e+00	1.807130e+00
8.832521e+00	1.582282e+00
8.932521e+00	1.399990e+00
9.032521e+00	1.250650e+00
9.132521e+00	1.124915e+00
9.232521e+00	1.015908e+00
9.332521e+00	9.227231e-01
9.432521e+00	8.450162e-01
9.532521e+00	7.813024e-01
9.632521e+00	7.305357e-01
9.732521e+00	6.928860e-01
9.832521e+00	6.703010e-01
9.932521e+00	6.673879e-01
1.003252e+01	6.919319e-01
1.013252e+01	7.490666e-01
1.023252e+01	8.116250e-01
1.033252e+01	8.037599e-01
1.043252e+01	7.253955e-01
1.053252e+01	6.572690e-01
1.063252e+01	6.193331e-01
1.073252e+01	5.703225e-01
1.083252e+01	4.935006e-01
1.093252e+01	4.204747e-01
1.103252e+01	3.659094e-01
1.113252e+01	3.265922e-01
1.123252e+01	2.973019e-01
1.133252e+01	2.745143e-01
1.143252e+01	2.561730e-01
1.153252e+01	2.411303e-01
1.163252e+01	2.287663e-01
1.173252e+01	2.186043e-01
1.183252e+01	2.095672e-01
1.193252e+01	2.001884e-01
1.203252e+01	1.907503e-01
1.213252e+01	1.823692e-01
1.223252e+01	1.756008e-01
1.233252e+01	1.700154e-01
1.243252e+01	1.640191e-01
1.253252e+01	1.570821e-01
1.263252e+01	1.503478e-01
1.273252e+01	1.444256e-01
1.283252e+01	1.394197e-01
1.293252e+01	1.352295e-01
1.303252e+01	1.311547e-01
1.313252e+01	1.267622e-01
1.323252e+01	1.225880e-01
1.333252e+01	1.189826e-01
1.343252e+01	1.158360e-01
1.353252e+01	1.128562e-01
1.363252e+01	1.101323e-01
1.373252e+01	1.079791e-01
1.383252e+01	1.068158e-01
1.393252e+01	1.069269e-01
1.403252e+01	1.081868e-01
1.413252e+01	1.101191e-01
1.423252e+01	1.136027e-01
1.433252e+01	1.203512e-01
1.443252e+01	1.308466e-01
1.453252e+01	1.445067e-01
1.463252e+01	1.538528e-01
1.473252e+01	1.482648e-01
1.483252e+01	1.346629e-01
1.493252e+01	1.222830e-01
1.503252e+01	1.148061e-01
1.513252e+01	1.134052e-01
1.523252e+01	1.138845e-01
1.533252e+01	1.084429e-01
1.543252e+01	9.840578e-02
1.553252e+01	9.042521e-02
1.563252e+01	8.629640e-02
1.573252e+01	8.456637e-02
1.583252e+01	8.290379e-02
1.593252e+01	7.922479e-02
1.603252e+01	7.346855e-02
1.613252e+01	6.810420e-02
1.623252e+01	6.419096e-02
1.633252e+01	6.151773e-02
1.643252e+01	5.975948e-02
1.653252e+01	5.875742e-02
1.663252e+01	5.852854e-02
1.673252e+01	5.926057e-02
1.683252e+01	6.123792e-02
1.693252e+01	6.430883e-02
1.703252e+01	6.698147e-02
1.713252e+01	6.805634e-02
1.723252e+01	6.785631e-02
1.733252e+01	6.747341e-02
1.743252e+01	6.835660e-02
1.753252e+01	6.970865e-02
1.763252e+01	7.038001e-02
1.773252e+01	6.972647e-02
1.783252e+01	6.710932e-02
1.793252e+01	6.434811e-02
1.803252e+01	6.345813e-02
1.813252e+01	6.390913e-02
1.823252e+01	6.474429e-02
1.833252e+01	6.702575e-02
1.843252e+01	7.179408e-02
1.853252e+01	7.810208e-02
1.863252e+01	8.443060e-02
1.873252e+01	9.428034e-02
1.883252e+01	1.088580e-01
1.893252e+01	1.158460e-01
1.903252e+01	1.035211e-01
1.913252e+01	8.402254e-02
1.923252e+01	6.914906e-02
1.933252e+01	6.027735e-02
1.943252e+01	5.567480e-02
1.953252e+01	5.311935e-02
1.963252e+01	5.130832e-02
1.973252e+01	4.997872e-02
1.983252e+01	4.852947e-02
1.993252e+01	4.683562e-02
2.003252e+01	4.503411e-02
2.013252e+01	4.301181e-02
2.023252e+01	4.004856e-02
2.033252e+01	3.691957e-02
2.043252e+01	3.443322e-02
2.053252e+01	3.261628e-02
2.063252e+01	3.138800e-02
2.073252e+01	3.065960e-02
2.083252e+01	3.038124e-02
2.093252e+01	3.058107e-02
2.103252e+01	3.141378e-02
2.113252e+01	3.308155e-02
2.123252e+01	3.523409e-02
2.133252e+01	3.626563e-02
2.143252e+01	3.521269e-02
2.153252e+01	3.320063e-02
2.163252e+01	3.164407e-02
2.173252e+01	3.093079e-02
2.183252e+01	3.072405e-02
2.193252e+01	3.111407e-02
2.203252e+01	3.255381e-02
2.213252e+01	3.504146e-02
2.223252e+01	3.685889e-02
2.233252e+01	3.581207e-02
2.243252e+01	3.242187e-02
2.253252e+01	2.884456e-02
2.263252e+01	2.624044e-02
2.273252e+01	2.453730e-02
2.283252e+01	2.341748e-02
2.293252e+01	2.265551e-02
2.303252e+01	2.211938e-02
2.313252e+01	2.176981e-02
2.323252e+01	2.150336e-02
2.333252e+01	2.120935e-02
2.343252e+01	2.098223e-02
2.353252e+01	2.095248e-02
2.363252e+01	2.117254e-02
2.373252e+01	2.157001e-02
2.383252e+01	2.189134e-02
2.393252e+01	2.217672e-02
2.403252e+01	2.289671e-02
2.413252e+01	2.437552e-02
2.423252e+01	2.638946e-02
2.433252e+01	2.755631e-02
2.443252e+01	2.676635e-02
2.453252e+01	2.514330e-02
2.463252e+01	2.369185e-02
2.473252e+01	2.267118e-02
2.483252e+01	2.213732e-02
2.493252e+01	2.204554e-02
2.503252e+01	2.221074e-02
2.513252e+01	2.219491e-02
2.523252e+01	2.198025e-02
2.533252e+01	2.210199e-02
2.543252e+01	2.262391e-02
2.553252e+01	2.302063e-02
2.563252e+01	2.297744e-02
2.573252e+01	2.291815e-02
2.583252e+01	2.336415e-02
2.593252e+01	2.435389e-02
2.603252e+01	2.568599e-02
2.613252e+01	2.733268e-02
2.623252e+01	2.978181e-02
2.633252e+01	3.391245e-02
2.643252e+01	4.052451e-02
2.653252e+01	4.963610e-02
2.663252e+01	5.950718e-02
2.673252e+01	6.944234e-02
2.683252e+01	8.109188e-02
2.693252e+01	9.474132e-02
2.703252e+01	1.020294e-01
2.713252e+01	9.540645e-02
2.723252e+01	8.252336e-02
2.733252e+01	6.820474e-02
2.743252e+01	5.461814e-02
2.753252e+01	4.500029e-02
2.763252e+01	3.954464e-02
2.773252e+01	3.699553e-02
2.783252e+01	3.580757e-02
2.793252e+01	3.472247e-02
2.803252e+01	3.435131e-02
2.813252e+01	3.502086e-02
2.823252e+01	3.557150e-02
2.833252e+01	3.652794e-02
2.843252e+01	3.997823e-02
2.853252e+01	4.680242e-02
2.863252e+01	5.561816e-02
2.873252e+01	6.354734e-02
2.883252e+01	6.529710e-02
2.893252e+01	5.684018e-02
2.903252e+01	4.566614e-02
2.913252e+01	3.791663e-02
2.923252e+01	3.407553e-02
2.933252e+01	3.337548e-02
2.943252e+01	3.518122e-02
2.953252e+01	3.892746e-02
2.963252e+01	4.487546e-02
2.973252e+01	5.208764e-02
2.983252e+01	5.501567e-02
2.993252e+01	5.234843e-02
3.003252e+01	5.026741e-02
3.013252e+01	5.211317e-02
3.023252e+01	5.457003e-02
3.033252e+01	5.126687e-02
3.043252e+01	4.460545e-02
3.053252e+01	4.021211e-02
3.063252e+01	3.790152e-02
3.073252e+01	3.526657e-02
3.083252e+01	3.305902e-02
3.093252e+01	3.292461e-02
3.103252e+01	3.359154e-02
3.113252e+01	3.137279e-02
3.123252e+01	2.659165e-02
3.133252e+01	2.240928e-02
3.143252e+01	1.978723e-02
3.153252e+01	1.850257e-02
3.163252e+01	1.832657e-02
3.173252e+01	1.907923e-02
3.183252e+01	2.000198e-02
3.193252e+01	1.965407e-02
3.203252e+01	1.827853e-02
3.213252e+01	1.731074e-02
3.223252e+01	1.727714e-02
3.233252e+01	1.812114e-02
3.243252e+01	1.977459e-02
3.253252e+01	2.263152e-02
3.263252e+01	2.669990e-02
3.273252e+01	2.992666e-02
3.283252e+01	3.058660e-02
3.293252e+01	2.988981e-02
3.303252e+01	2.712161e-02
3.313252e+01	2.270567e-02
3.323252e+01	1.909059e-02
3.333252e+01	1.688632e-02
3.343252e+01	1.543817e-02
3.353252e+01	1.398083e-02
3.363252e+01	1.251751e-02
3.373252e+01	1.137751e-02
3.383252e+01	1.060058e-02
3.393252e+01	1.010482e-02
3.403252e+01	9.823842e-03
3.413252e+01	9.710341e-03
3.423252e+01	9.695876e-03
3.433252e+01	9.631938e-03
3.443252e+01	9.442354e-03
3.453252e+01	9.280862e-03
3.463252e+01	9.159345e-03
3.473252e+01	8.920750e-03
3.483252e+01	8.617345e-03
3.493252e+01	8.393404e-03
3.503252e+01	8.271482e-03
3.513252e+01	8.213134e-03
3.523252e+01	8.206185e-03
3.533252e+01	8.286066e-03
3.543252e+01	8.499551e-03
3.553252e+01	8.912848e-03
3.563252e+01	9.637081e-03
3.573252e+01	1.080409e-02
3.583252e+01	1.228318e-02
3.593252e+01	1.307020e-02
3.603252e+01	1.231511e-02
3.613252e+01	1.101511e-02
3.623252e+01	1.005310e-02
3.633252e+01	9.519866e-03
3.643252e+01	9.222188e-03
3.653252e+01	8.890114e-03
3.663252e+01	8.574025e-03
3.673252e+01	8.449301e-03
3.683252e+01	8.540880e-03
3.693252e+01	8.710099e-03
3.703252e+01	8.748532e-03
3.713252e+01	8.756904e-03
3.723252e+01	8.974362e-03
3.733252e+01	9.481085e-03
3.743252e+01	1.023419e-02
3.753252e+01	1.100103e-02
3.763252e+01	1.159657e-02
3.773252e+01	1.251886e-02
3.783252e+01	1.424280e-02
3.793252e+01	1.639647e-02
3.803252e+01	1.755375e-02
3.813252e+01	1.660872e-02
3.823252e+01	1.473841e-02
3.833252e+01	1.325688e-02
3.843252e+01	1.217119e-02
3.853252e+01	1.140332e-02
3.863252e+01	1.105772e-02
3.873252e+01	1.114181e-02
3.883252e+01	1.154041e-02
3.893252e+01	1.217156e-02
3.903252e+01	1.283001e-02
3.913252e+01	1.337025e-02
3.923252e+01	1.401747e-02
3.933252e+01	1.443091e-02
3.943252e+01	1.396509e-02
3.953252e+01	1.321669e-02
3.963252e+01	1.276526e-02
3.973252e+01	1.260827e-02
3.983252e+01	1.259855e-02
3.993252e+01	1.283558e-02
4.003252e+01	1.353844e-02
4.013252e+01	1.501169e-02
4.023252e+01	1.773186e-02
4.033252e+01	2.226449e-02
4.043252e+01	2.869468e-02
4.053252e+01	3.468048e-02
4.063252e+01	3.701622e-02
4.073252e+01	3.842024e-02
4.083252e+01	4.165144e-02
4.093252e+01	4.319474e-02
4.103252e+01	3.878505e-02
4.113252e+01	3.125069e-02
4.123252e+01	2.478480e-02
4.133252e+01	2.049303e-02
4.143252e+01	1.763664e-02
4.153252e+01	1.567203e-02
4.163252e+01	1.454677e-02
4.173252e+01	1.401972e-02
4.183252e+01	1.381325e-02
4.193252e+01	1.376990e-02
4.203252e+01	1.421050e-02
4.213252e+01	1.575714e-02
4.223252e+01	1.887307e-02
4.233252e+01	2.323193e-02
4.243252e+01	2.584650e-02
4.253252e+01	2.375426e-02
4.263252e+01	1.994844e-02
4.273252e+01	1.763886e-02
4.283252e+01	1.685660e-02
4.293252e+01	1.575690e-02
4.303252e+01	1.334542e-02
4.313252e+01	1.085816e-02
4.323252e+01	9.053810e-03
4.333252e+01	7.856931e-03
4.343252e+01	7.057920e-03
4.353252e+01	6.506966e-03
4.363252e+01	6.106070e-03
4.373252e+01	5.795452e-03
4.383252e+01	5.553991e-03
4.393252e+01	5.372518e-03
4.403252e+01	5.242537e-03
4.413252e+01	5.159611e-03
4.423252e+01	5.121012e-03
4.433252e+01	5.113978e-03
4.443252e+01	5.123890e-03
4.453252e+01	5.166892e-03
4.463252e+01	5.231379e-03
4.473252e+01	5.274109e-03
4.483252e+01	5.339675e-03
4.493252e+01	5.455802e-03
4.503252e+01	5.555926e-03
4.513252e+01	5.691055e-03
4.523252e+01	6.027310e-03
4.533252e+01	6.672990e-03
4.543252e+01	7.518983e-03
4.553252e+01	7.912877e-03
4.563252e+01	7.374815e-03
4.573252e+01	6.520858e-03
4.583252e+01	5.839043e-03
4.593252e+01	5.393442e-03
4.603252e+01	5.143576e-03
4.613252e+01	5.035117e-03
4.623252e+01	5.037538e-03
4.633252e+01	5.155416e-03
4.643252e+01	5.422096e-03
4.653252e+01	5.905221e-03
4.663252e+01	6.701021e-03
4.673252e+01	7.793006e-03
4.683252e+01	8.608586e-03
4.693252e+01	8.324312e-03
4.703252e+01	7.421220e-03
4.713252e+01	6.732539e-03
4.723252e+01	6.446461e-03
4.733252e+01	6.522020e-03
4.743252e+01	6.953642e-03
4.753252e+01	7.828673e-03
4.763252e+01	9.344881e-03
4.773252e+01	1.173023e-02
4.783252e+01	1.464948e-02
4.793252e+01	1.621774e-02
4.803252e+01	1.538273e-02
4.813252e+01	1.428662e-02
4.823252e+01	1.452375e-02
4.833252e+01	1.601140e-02
4.843252e+01	1.710827e-02
4.853252e+01	1.561719e-02
4.863252e+01	1.265678e-02
4.873252e+01	1.026338e-02
4.883252e+01	8.634672e-03
4.893252e+01	7.395632e-03
4.903252e+01	6.514102e-03
4.913252e+01	5.999905e-03
4.923252e+01	5.734372e-03
4.933252e+01	5.507370e-03
4.943252e+01	5.253045e-03
4.953252e+01	5.119954e-03
4.963252e+01	5.215101e-03
4.973252e+01	5.554778e-03
4.983252e+01	5.936729e-03
4.993252e+01	5.848714e-03
5.003252e+01	5.258337e-03
5.013252e+01	4.657510e-03
5.023252e+01	4.240879e-03
5.033252e+01	3.979995e-03
5.043252e+01	3.824413e-03
5.053252e+01	3.743917e-03
5.063252e+01	3.727335e-03
5.073252e+01	3.780026e-03
5.083252e+01	3.924208e-03
5.093252e+01	4.194925e-03
5.103252e+01	4.585947e-03
5.113252e+01	4.881426e-03
5.123252e+01	4.770073e-03
5.133252e+01	4.432242e-03
5.143252e+01	4.186561e-03
5.153252e+01	4.126431e-03
5.163252e+01	4.267823e-03
5.173252e+01	4.622676e-03
5.183252e+01	5.096518e-03
5.193252e+01	5.315317e-03
5.203252e+01	5.108856e-03
5.213252e+01	4.838163e-03
5.223252e+01	4.686326e-03
5.233252e+01	4.688682e-03
5.243252e+01	4.773004e-03
5.253252e+01	4.664547e-03
5.263252e+01	4.380988e-03
5.273252e+01	4.156310e-03
5.283252e+01	3.952792e-03
5.293252e+01	3.683031e-03
5.303252e+01	3.441274e-03
5.313252e+01	3.291147e-03
5.323252e+01	3.211238e-03
5.333252e+01	3.136764e-03
5.343252e+01	3.035049e-03
5.353252e+01	2.942345e-03
5.363252e+01	2.881570e-03
5.373252e+01	2.853115e-03
5.383252e+01	2.856206e-03
5.393252e+01	2.891889e-03
5.403252e+01	2.946906e-03
5.413252e+01	2.970828e-03
5.423252e+01	2.926564e-03
5.433252e+01	2.859252e-03
5.443252e+01	2.817635e-03
5.453252e+01	2.809122e-03
5.463252e+01	2.804593e-03
5.473252e+01	2.772831e-03
5.483252e+01	2.734722e-03
5.493252e+01	2.720455e-03
5.503252e+01	2.739706e-03
5.513252e+01	2.789003e-03
5.523252e+01	2.832167e-03
5.533252e+01	2.812062e-03
5.543252e+01	2.750782e-03
5.553252e+01	2.698042e-03
5.563252e+01	2.661752e-03
5.573252e+01	2.641453e-03
5.583252e+01	2.635492e-03
5.593252e+01	2.639814e-03
5.603252e+01	2.656068e-03
5.613252e+01	2.689613e-03
5.623252e+01	2.747447e-03
5.633252e+01	2.839837e-03
5.643252e+01	2.973018e-03
5.653252e+01	3.116170e-03
5.663252e+01	3.188299e-03
5.673252e+01	3.181784e-03
5.683252e+01	3.156418e-03
5.693252e+01	3.129342e-03
5.703252e+01	3.131789e-03
5.713252e+01	3.184856e-03
5.723252e+01	3.299156e-03
5.733252e+01	3.495910e-03
5.743252e+01	3.802367e-03
5.753252e+01	4.221465e-03
5.763252e+01	4.664205e-03
5.773252e+01	5.033789e-03
5.783252e+01	5.391781e-03
5.793252e+01	5.843146e-03
5.803252e+01	6.264813e-03
5.813252e+01	6.492894e-03
5.823252e+01	6.582417e-03
5.833252e+01	6.723233e-03
5.843252e+01	7.083137e-03
5.853252e+01	7.655606e-03
5.863252e+01	8.101443e-03
5.873252e+01	8.241509e-03
5.883252e+01	8.623489e-03
5.893252e+01	9.738710e-03
5.903252e+01	1.190220e-02
5.913252e+01	1.533728e-02
5.923252e+01	1.945359e-02
5.933252e+01	2.251026e-02
5.943252e+01	2.429893e-02
5.953252e+01	2.641679e-02
5.963252e+01	2.959877e-02
5.973252e+01	3.060829e-02
5.983252e+01	2.680073e-02
5.993252e+01	2.119506e-02
6.003252e+01	1.686179e-02
6.013252e+01	1.449412e-02
6.023252e+01	1.321878e-02
6.033252e+01	1.166402e-02
6.043252e+01	9.712794e-03
6.053252e+01	8.124609e-03
6.063252e+01	7.044053e-03
6.073252e+01	6.248632e-03
6.083252e+01	5.576327e-03
6.093252e+01	5.047559e-03
6.103252e+01	4.710556e-03
6.113252e+01	4.553219e-03
6.123252e+01	4.582379e-03
6.133252e+01	4.850437e-03
6.143252e+01	5.435751e-03
6.153252e+01	6.340081e-03
6.163252e+01	7.153269e-03
6.173252e+01	7.078803e-03
6.183252e+01	6.331050e-03
6.193252e+01	5.680860e-03
6.203252e+01	5.145876e-03
6.213252e+01	4.567860e-03
6.223252e+01	4.074582e-03
6.233252e+01	3.755773e-03
6.243252e+01	3.596728e-03
6.253252e+01	3.565689e-03
6.263252e+01	3.649639e-03
6.273252e+01	3.859530e-03
6.283252e+01	4.234630e-03
6.293252e+01	4.855859e-03
6.303252e+01	5.872492e-03
6.313252e+01	7.533078e-03
6.323252e+01	1.010982e-02
6.333252e+01	1.323056e-02
6.343252e+01	1.461211e-02
