#RPA-results:
#Nucleus: Ni 80
#Fermi level: -1.541935e+00	-1.810941e+01
#Excitation: 1 +
#Total number of pairs: 494
#Number of ph-/ah-pairs: 494/0
#Maximal excitation-energy for particle-hole-pairs: 100
#Maximal excitation-energy for antiparticle-hole-pairs: 1000
#No imaginary eigenvalues

#Parameterset: DD-PC1
#natural parity: no
#Isoscalar result:

#width: 5.000000e-01
#maximum value: 1.134179e-02
#at energy: 6.343252e+01
-9.656748e+01	5.426260e-04
-9.646748e+01	5.437204e-04
-9.636748e+01	5.448181e-04
-9.626748e+01	5.459191e-04
-9.616748e+01	5.470234e-04
-9.606748e+01	5.481312e-04
-9.596748e+01	5.492423e-04
-9.586748e+01	5.503568e-04
-9.576748e+01	5.514746e-04
-9.566748e+01	5.525959e-04
-9.556748e+01	5.537207e-04
-9.546748e+01	5.548489e-04
-9.536748e+01	5.559805e-04
-9.526748e+01	5.571156e-04
-9.516748e+01	5.582542e-04
-9.506748e+01	5.593963e-04
-9.496748e+01	5.605419e-04
-9.486748e+01	5.616910e-04
-9.476748e+01	5.628437e-04
-9.466748e+01	5.639999e-04
-9.456748e+01	5.651598e-04
-9.446748e+01	5.663231e-04
-9.436748e+01	5.674901e-04
-9.426748e+01	5.686608e-04
-9.416748e+01	5.698350e-04
-9.406748e+01	5.710129e-04
-9.396748e+01	5.721945e-04
-9.386748e+01	5.733797e-04
-9.376748e+01	5.745686e-04
-9.366748e+01	5.757613e-04
-9.356748e+01	5.769576e-04
-9.346748e+01	5.781578e-04
-9.336748e+01	5.793616e-04
-9.326748e+01	5.805692e-04
-9.316748e+01	5.817807e-04
-9.306748e+01	5.829959e-04
-9.296748e+01	5.842149e-04
-9.286748e+01	5.854378e-04
-9.276748e+01	5.866645e-04
-9.266748e+01	5.878951e-04
-9.256748e+01	5.891296e-04
-9.246748e+01	5.903679e-04
-9.236748e+01	5.916102e-04
-9.226748e+01	5.928564e-04
-9.216748e+01	5.941066e-04
-9.206748e+01	5.953608e-04
-9.196748e+01	5.966189e-04
-9.186748e+01	5.978810e-04
-9.176748e+01	5.991471e-04
-9.166748e+01	6.004173e-04
-9.156748e+01	6.016915e-04
-9.146748e+01	6.029698e-04
-9.136748e+01	6.042522e-04
-9.126748e+01	6.055387e-04
-9.116748e+01	6.068293e-04
-9.106748e+01	6.081240e-04
-9.096748e+01	6.094229e-04
-9.086748e+01	6.107260e-04
-9.076748e+01	6.120332e-04
-9.066748e+01	6.133447e-04
-9.056748e+01	6.146604e-04
-9.046748e+01	6.159803e-04
-9.036748e+01	6.173045e-04
-9.026748e+01	6.186330e-04
-9.016748e+01	6.199658e-04
-9.006748e+01	6.213029e-04
-8.996748e+01	6.226444e-04
-8.986748e+01	6.239902e-04
-8.976748e+01	6.253404e-04
-8.966748e+01	6.266949e-04
-8.956748e+01	6.280539e-04
-8.946748e+01	6.294174e-04
-8.936748e+01	6.307853e-04
-8.926748e+01	6.321576e-04
-8.916748e+01	6.335345e-04
-8.906748e+01	6.349158e-04
-8.896748e+01	6.363017e-04
-8.886748e+01	6.376922e-04
-8.876748e+01	6.390872e-04
-8.866748e+01	6.404868e-04
-8.856748e+01	6.418910e-04
-8.846748e+01	6.432998e-04
-8.836748e+01	6.447134e-04
-8.826748e+01	6.461315e-04
-8.816748e+01	6.475544e-04
-8.806748e+01	6.489820e-04
-8.796748e+01	6.504143e-04
-8.786748e+01	6.518514e-04
-8.776748e+01	6.532932e-04
-8.766748e+01	6.547399e-04
-8.756748e+01	6.561914e-04
-8.746748e+01	6.576477e-04
-8.736748e+01	6.591089e-04
-8.726748e+01	6.605750e-04
-8.716748e+01	6.620459e-04
-8.706748e+01	6.635218e-04
-8.696748e+01	6.650027e-04
-8.686748e+01	6.664885e-04
-8.676748e+01	6.679793e-04
-8.666748e+01	6.694752e-04
-8.656748e+01	6.709761e-04
-8.646748e+01	6.724820e-04
-8.636748e+01	6.739930e-04
-8.626748e+01	6.755092e-04
-8.616748e+01	6.770305e-04
-8.606748e+01	6.785569e-04
-8.596748e+01	6.800885e-04
-8.586748e+01	6.816253e-04
-8.576748e+01	6.831674e-04
-8.566748e+01	6.847146e-04
-8.556748e+01	6.862672e-04
-8.546748e+01	6.878251e-04
-8.536748e+01	6.893883e-04
-8.526748e+01	6.909568e-04
-8.516748e+01	6.925307e-04
-8.506748e+01	6.941100e-04
-8.496748e+01	6.956947e-04
-8.486748e+01	6.972849e-04
-8.476748e+01	6.988805e-04
-8.466748e+01	7.004816e-04
-8.456748e+01	7.020883e-04
-8.446748e+01	7.037005e-04
-8.436748e+01	7.053182e-04
-8.426748e+01	7.069416e-04
-8.416748e+01	7.085706e-04
-8.406748e+01	7.102052e-04
-8.396748e+01	7.118455e-04
-8.386748e+01	7.134915e-04
-8.376748e+01	7.151433e-04
-8.366748e+01	7.168008e-04
-8.356748e+01	7.184641e-04
-8.346748e+01	7.201331e-04
-8.336748e+01	7.218081e-04
-8.326748e+01	7.234889e-04
-8.316748e+01	7.251755e-04
-8.306748e+01	7.268681e-04
-8.296748e+01	7.285667e-04
-8.286748e+01	7.302712e-04
-8.276748e+01	7.319817e-04
-8.266748e+01	7.336983e-04
-8.256748e+01	7.354209e-04
-8.246748e+01	7.371496e-04
-8.236748e+01	7.388844e-04
-8.226748e+01	7.406254e-04
-8.216748e+01	7.423725e-04
-8.206748e+01	7.441258e-04
-8.196748e+01	7.458854e-04
-8.186748e+01	7.476512e-04
-8.176748e+01	7.494234e-04
-8.166748e+01	7.512018e-04
-8.156748e+01	7.529866e-04
-8.146748e+01	7.547778e-04
-8.136748e+01	7.565754e-04
-8.126748e+01	7.583795e-04
-8.116748e+01	7.601900e-04
-8.106748e+01	7.620070e-04
-8.096748e+01	7.638306e-04
-8.086748e+01	7.656607e-04
-8.076748e+01	7.674975e-04
-8.066748e+01	7.693408e-04
-8.056748e+01	7.711909e-04
-8.046748e+01	7.730476e-04
-8.036748e+01	7.749111e-04
-8.026748e+01	7.767813e-04
-8.016748e+01	7.786583e-04
-8.006748e+01	7.805422e-04
-7.996748e+01	7.824329e-04
-7.986748e+01	7.843305e-04
-7.976748e+01	7.862350e-04
-7.966748e+01	7.881465e-04
-7.956748e+01	7.900650e-04
-7.946748e+01	7.919905e-04
-7.936748e+01	7.939231e-04
-7.926748e+01	7.958628e-04
-7.916748e+01	7.978096e-04
-7.906748e+01	7.997636e-04
-7.896748e+01	8.017248e-04
-7.886748e+01	8.036933e-04
-7.876748e+01	8.056690e-04
-7.866748e+01	8.076520e-04
-7.856748e+01	8.096424e-04
-7.846748e+01	8.116402e-04
-7.836748e+01	8.136454e-04
-7.826748e+01	8.156580e-04
-7.816748e+01	8.176781e-04
-7.806748e+01	8.197058e-04
-7.796748e+01	8.217411e-04
-7.786748e+01	8.237839e-04
-7.776748e+01	8.258344e-04
-7.766748e+01	8.278926e-04
-7.756748e+01	8.299585e-04
-7.746748e+01	8.320322e-04
-7.736748e+01	8.341137e-04
-7.726748e+01	8.362030e-04
-7.716748e+01	8.383002e-04
-7.706748e+01	8.404053e-04
-7.696748e+01	8.425184e-04
-7.686748e+01	8.446395e-04
-7.676748e+01	8.467686e-04
-7.666748e+01	8.489058e-04
-7.656748e+01	8.510511e-04
-7.646748e+01	8.532046e-04
-7.636748e+01	8.553663e-04
-7.626748e+01	8.575362e-04
-7.616748e+01	8.597145e-04
-7.606748e+01	8.619010e-04
-7.596748e+01	8.640960e-04
-7.586748e+01	8.662993e-04
-7.576748e+01	8.685112e-04
-7.566748e+01	8.707315e-04
-7.556748e+01	8.729604e-04
-7.546748e+01	8.751978e-04
-7.536748e+01	8.774439e-04
-7.526748e+01	8.796987e-04
-7.516748e+01	8.819622e-04
-7.506748e+01	8.842345e-04
-7.496748e+01	8.865156e-04
-7.486748e+01	8.888055e-04
-7.476748e+01	8.911044e-04
-7.466748e+01	8.934122e-04
-7.456748e+01	8.957291e-04
-7.446748e+01	8.980549e-04
-7.436748e+01	9.003899e-04
-7.426748e+01	9.027340e-04
-7.416748e+01	9.050873e-04
-7.406748e+01	9.074499e-04
-7.396748e+01	9.098217e-04
-7.386748e+01	9.122029e-04
-7.376748e+01	9.145935e-04
-7.366748e+01	9.169934e-04
-7.356748e+01	9.194029e-04
-7.346748e+01	9.218220e-04
-7.336748e+01	9.242506e-04
-7.326748e+01	9.266888e-04
-7.316748e+01	9.291367e-04
-7.306748e+01	9.315944e-04
-7.296748e+01	9.340619e-04
-7.286748e+01	9.365392e-04
-7.276748e+01	9.390264e-04
-7.266748e+01	9.415236e-04
-7.256748e+01	9.440307e-04
-7.246748e+01	9.465479e-04
-7.236748e+01	9.490753e-04
-7.226748e+01	9.516128e-04
-7.216748e+01	9.541605e-04
-7.206748e+01	9.567185e-04
-7.196748e+01	9.592868e-04
-7.186748e+01	9.618655e-04
-7.176748e+01	9.644547e-04
-7.166748e+01	9.670543e-04
-7.156748e+01	9.696645e-04
-7.146748e+01	9.722854e-04
-7.136748e+01	9.749169e-04
-7.126748e+01	9.775591e-04
-7.116748e+01	9.802121e-04
-7.106748e+01	9.828760e-04
-7.096748e+01	9.855507e-04
-7.086748e+01	9.882365e-04
-7.076748e+01	9.909332e-04
-7.066748e+01	9.936411e-04
-7.056748e+01	9.963601e-04
-7.046748e+01	9.990903e-04
-7.036748e+01	1.001832e-03
-7.026748e+01	1.004585e-03
-7.016748e+01	1.007349e-03
-7.006748e+01	1.010124e-03
-6.996748e+01	1.012912e-03
-6.986748e+01	1.015710e-03
-6.976748e+01	1.018521e-03
-6.966748e+01	1.021343e-03
-6.956748e+01	1.024177e-03
-6.946748e+01	1.027023e-03
-6.936748e+01	1.029881e-03
-6.926748e+01	1.032750e-03
-6.916748e+01	1.035632e-03
-6.906748e+01	1.038526e-03
-6.896748e+01	1.041432e-03
-6.886748e+01	1.044350e-03
-6.876748e+01	1.047281e-03
-6.866748e+01	1.050224e-03
-6.856748e+01	1.053179e-03
-6.846748e+01	1.056147e-03
-6.836748e+01	1.059128e-03
-6.826748e+01	1.062121e-03
-6.816748e+01	1.065127e-03
-6.806748e+01	1.068146e-03
-6.796748e+01	1.071178e-03
-6.786748e+01	1.074223e-03
-6.776748e+01	1.077280e-03
-6.766748e+01	1.080351e-03
-6.756748e+01	1.083435e-03
-6.746748e+01	1.086533e-03
-6.736748e+01	1.089643e-03
-6.726748e+01	1.092768e-03
-6.716748e+01	1.095905e-03
-6.706748e+01	1.099056e-03
-6.696748e+01	1.102221e-03
-6.686748e+01	1.105400e-03
-6.676748e+01	1.108592e-03
-6.666748e+01	1.111799e-03
-6.656748e+01	1.115019e-03
-6.646748e+01	1.118253e-03
-6.636748e+01	1.121502e-03
-6.626748e+01	1.124764e-03
-6.616748e+01	1.128041e-03
-6.606748e+01	1.131333e-03
-6.596748e+01	1.134639e-03
-6.586748e+01	1.137959e-03
-6.576748e+01	1.141294e-03
-6.566748e+01	1.144644e-03
-6.556748e+01	1.148009e-03
-6.546748e+01	1.151388e-03
-6.536748e+01	1.154783e-03
-6.526748e+01	1.158193e-03
-6.516748e+01	1.161617e-03
-6.506748e+01	1.165058e-03
-6.496748e+01	1.168513e-03
-6.486748e+01	1.171984e-03
-6.476748e+01	1.175470e-03
-6.466748e+01	1.178973e-03
-6.456748e+01	1.182490e-03
-6.446748e+01	1.186024e-03
-6.436748e+01	1.189574e-03
-6.426748e+01	1.193139e-03
-6.416748e+01	1.196721e-03
-6.406748e+01	1.200319e-03
-6.396748e+01	1.203933e-03
-6.386748e+01	1.207564e-03
-6.376748e+01	1.211211e-03
-6.366748e+01	1.214875e-03
-6.356748e+01	1.218555e-03
-6.346748e+01	1.222252e-03
-6.336748e+01	1.225967e-03
-6.326748e+01	1.229698e-03
-6.316748e+01	1.233446e-03
-6.306748e+01	1.237212e-03
-6.296748e+01	1.240995e-03
-6.286748e+01	1.244795e-03
-6.276748e+01	1.248613e-03
-6.266748e+01	1.252449e-03
-6.256748e+01	1.256302e-03
-6.246748e+01	1.260173e-03
-6.236748e+01	1.264062e-03
-6.226748e+01	1.267970e-03
-6.216748e+01	1.271895e-03
-6.206748e+01	1.275839e-03
-6.196748e+01	1.279801e-03
-6.186748e+01	1.283782e-03
-6.176748e+01	1.287782e-03
-6.166748e+01	1.291800e-03
-6.156748e+01	1.295837e-03
-6.146748e+01	1.299894e-03
-6.136748e+01	1.303969e-03
-6.126748e+01	1.308064e-03
-6.116748e+01	1.312178e-03
-6.106748e+01	1.316312e-03
-6.096748e+01	1.320465e-03
-6.086748e+01	1.324638e-03
-6.076748e+01	1.328831e-03
-6.066748e+01	1.333044e-03
-6.056748e+01	1.337277e-03
-6.046748e+01	1.341530e-03
-6.036748e+01	1.345804e-03
-6.026748e+01	1.350098e-03
-6.016748e+01	1.354413e-03
-6.006748e+01	1.358749e-03
-5.996748e+01	1.363106e-03
-5.986748e+01	1.367484e-03
-5.976748e+01	1.371883e-03
-5.966748e+01	1.376303e-03
-5.956748e+01	1.380745e-03
-5.946748e+01	1.385209e-03
-5.936748e+01	1.389694e-03
-5.926748e+01	1.394201e-03
-5.916748e+01	1.398730e-03
-5.906748e+01	1.403282e-03
-5.896748e+01	1.407856e-03
-5.886748e+01	1.412452e-03
-5.876748e+01	1.417071e-03
-5.866748e+01	1.421713e-03
-5.856748e+01	1.426377e-03
-5.846748e+01	1.431065e-03
-5.836748e+01	1.435776e-03
-5.826748e+01	1.440511e-03
-5.816748e+01	1.445269e-03
-5.806748e+01	1.450050e-03
-5.796748e+01	1.454856e-03
-5.786748e+01	1.459686e-03
-5.776748e+01	1.464539e-03
-5.766748e+01	1.469418e-03
-5.756748e+01	1.474320e-03
-5.746748e+01	1.479248e-03
-5.736748e+01	1.484200e-03
-5.726748e+01	1.489177e-03
-5.716748e+01	1.494180e-03
-5.706748e+01	1.499208e-03
-5.696748e+01	1.504261e-03
-5.686748e+01	1.509340e-03
-5.676748e+01	1.514445e-03
-5.666748e+01	1.519576e-03
-5.656748e+01	1.524733e-03
-5.646748e+01	1.529917e-03
-5.636748e+01	1.535127e-03
-5.626748e+01	1.540365e-03
-5.616748e+01	1.545629e-03
-5.606748e+01	1.550920e-03
-5.596748e+01	1.556238e-03
-5.586748e+01	1.561585e-03
-5.576748e+01	1.566958e-03
-5.566748e+01	1.572360e-03
-5.556748e+01	1.577790e-03
-5.546748e+01	1.583248e-03
-5.536748e+01	1.588735e-03
-5.526748e+01	1.594251e-03
-5.516748e+01	1.599795e-03
-5.506748e+01	1.605368e-03
-5.496748e+01	1.610971e-03
-5.486748e+01	1.616603e-03
-5.476748e+01	1.622265e-03
-5.466748e+01	1.627957e-03
-5.456748e+01	1.633680e-03
-5.446748e+01	1.639432e-03
-5.436748e+01	1.645215e-03
-5.426748e+01	1.651029e-03
-5.416748e+01	1.656874e-03
-5.406748e+01	1.662750e-03
-5.396748e+01	1.668658e-03
-5.386748e+01	1.674598e-03
-5.376748e+01	1.680569e-03
-5.366748e+01	1.686572e-03
-5.356748e+01	1.692608e-03
-5.346748e+01	1.698677e-03
-5.336748e+01	1.704778e-03
-5.326748e+01	1.710913e-03
-5.316748e+01	1.717081e-03
-5.306748e+01	1.723282e-03
-5.296748e+01	1.729517e-03
-5.286748e+01	1.735787e-03
-5.276748e+01	1.742090e-03
-5.266748e+01	1.748429e-03
-5.256748e+01	1.754802e-03
-5.246748e+01	1.761210e-03
-5.236748e+01	1.767653e-03
-5.226748e+01	1.774133e-03
-5.216748e+01	1.780648e-03
-5.206748e+01	1.787199e-03
-5.196748e+01	1.793787e-03
-5.186748e+01	1.800411e-03
-5.176748e+01	1.807072e-03
-5.166748e+01	1.813771e-03
-5.156748e+01	1.820507e-03
-5.146748e+01	1.827281e-03
-5.136748e+01	1.834093e-03
-5.126748e+01	1.840943e-03
-5.116748e+01	1.847832e-03
-5.106748e+01	1.854760e-03
-5.096748e+01	1.861727e-03
-5.086748e+01	1.868734e-03
-5.076748e+01	1.875781e-03
-5.066748e+01	1.882868e-03
-5.056748e+01	1.889995e-03
-5.046748e+01	1.897163e-03
-5.036748e+01	1.904372e-03
-5.026748e+01	1.911623e-03
-5.016748e+01	1.918915e-03
-5.006748e+01	1.926249e-03
-4.996748e+01	1.933626e-03
-4.986748e+01	1.941046e-03
-4.976748e+01	1.948508e-03
-4.966748e+01	1.956014e-03
-4.956748e+01	1.963564e-03
-4.946748e+01	1.971157e-03
-4.936748e+01	1.978795e-03
-4.926748e+01	1.986478e-03
-4.916748e+01	1.994206e-03
-4.906748e+01	2.001980e-03
-4.896748e+01	2.009799e-03
-4.886748e+01	2.017664e-03
-4.876748e+01	2.025576e-03
-4.866748e+01	2.033535e-03
-4.856748e+01	2.041541e-03
-4.846748e+01	2.049595e-03
-4.836748e+01	2.057697e-03
-4.826748e+01	2.065847e-03
-4.816748e+01	2.074046e-03
-4.806748e+01	2.082295e-03
-4.796748e+01	2.090593e-03
-4.786748e+01	2.098941e-03
-4.776748e+01	2.107339e-03
-4.766748e+01	2.115789e-03
-4.756748e+01	2.124289e-03
-4.746748e+01	2.132841e-03
-4.736748e+01	2.141446e-03
-4.726748e+01	2.150103e-03
-4.716748e+01	2.158812e-03
-4.706748e+01	2.167576e-03
-4.696748e+01	2.176393e-03
-4.686748e+01	2.185264e-03
-4.676748e+01	2.194190e-03
-4.666748e+01	2.203171e-03
-4.656748e+01	2.212208e-03
-4.646748e+01	2.221301e-03
-4.636748e+01	2.230450e-03
-4.626748e+01	2.239657e-03
-4.616748e+01	2.248921e-03
-4.606748e+01	2.258243e-03
-4.596748e+01	2.267623e-03
-4.586748e+01	2.277063e-03
-4.576748e+01	2.286561e-03
-4.566748e+01	2.296120e-03
-4.556748e+01	2.305740e-03
-4.546748e+01	2.315420e-03
-4.536748e+01	2.325162e-03
-4.526748e+01	2.334966e-03
-4.516748e+01	2.344833e-03
-4.506748e+01	2.354763e-03
-4.496748e+01	2.364756e-03
-4.486748e+01	2.374814e-03
-4.476748e+01	2.384936e-03
-4.466748e+01	2.395124e-03
-4.456748e+01	2.405377e-03
-4.446748e+01	2.415698e-03
-4.436748e+01	2.426085e-03
-4.426748e+01	2.436540e-03
-4.416748e+01	2.447063e-03
-4.406748e+01	2.457655e-03
-4.396748e+01	2.468316e-03
-4.386748e+01	2.479047e-03
-4.376748e+01	2.489849e-03
-4.366748e+01	2.500723e-03
-4.356748e+01	2.511668e-03
-4.346748e+01	2.522686e-03
-4.336748e+01	2.533777e-03
-4.326748e+01	2.544942e-03
-4.316748e+01	2.556182e-03
-4.306748e+01	2.567496e-03
-4.296748e+01	2.578887e-03
-4.286748e+01	2.590354e-03
-4.276748e+01	2.601899e-03
-4.266748e+01	2.613521e-03
-4.256748e+01	2.625222e-03
-4.246748e+01	2.637003e-03
-4.236748e+01	2.648864e-03
-4.226748e+01	2.660805e-03
-4.216748e+01	2.672828e-03
-4.206748e+01	2.684934e-03
-4.196748e+01	2.697122e-03
-4.186748e+01	2.709395e-03
-4.176748e+01	2.721752e-03
-4.166748e+01	2.734195e-03
-4.156748e+01	2.746724e-03
-4.146748e+01	2.759340e-03
-4.136748e+01	2.772043e-03
-4.126748e+01	2.784836e-03
-4.116748e+01	2.797718e-03
-4.106748e+01	2.810690e-03
-4.096748e+01	2.823754e-03
-4.086748e+01	2.836909e-03
-4.076748e+01	2.850158e-03
-4.066748e+01	2.863501e-03
-4.056748e+01	2.876938e-03
-4.046748e+01	2.890471e-03
-4.036748e+01	2.904100e-03
-4.026748e+01	2.917827e-03
-4.016748e+01	2.931653e-03
-4.006748e+01	2.945577e-03
-3.996748e+01	2.959602e-03
-3.986748e+01	2.973729e-03
-3.976748e+01	2.987958e-03
-3.966748e+01	3.002290e-03
-3.956748e+01	3.016726e-03
-3.946748e+01	3.031268e-03
-3.936748e+01	3.045916e-03
-3.926748e+01	3.060672e-03
-3.916748e+01	3.075536e-03
-3.906748e+01	3.090510e-03
-3.896748e+01	3.105595e-03
-3.886748e+01	3.120791e-03
-3.876748e+01	3.136100e-03
-3.866748e+01	3.151523e-03
-3.856748e+01	3.167061e-03
-3.846748e+01	3.182716e-03
-3.836748e+01	3.198488e-03
-3.826748e+01	3.214379e-03
-3.816748e+01	3.230390e-03
-3.806748e+01	3.246522e-03
-3.796748e+01	3.262776e-03
-3.786748e+01	3.279154e-03
-3.776748e+01	3.295657e-03
-3.766748e+01	3.312286e-03
-3.756748e+01	3.329042e-03
-3.746748e+01	3.345928e-03
-3.736748e+01	3.362943e-03
-3.726748e+01	3.380090e-03
-3.716748e+01	3.397370e-03
-3.706748e+01	3.414784e-03
-3.696748e+01	3.432333e-03
-3.686748e+01	3.450020e-03
-3.676748e+01	3.467846e-03
-3.666748e+01	3.485811e-03
-3.656748e+01	3.503918e-03
-3.646748e+01	3.522168e-03
-3.636748e+01	3.540562e-03
-3.626748e+01	3.559102e-03
-3.616748e+01	3.577791e-03
-3.606748e+01	3.596628e-03
-3.596748e+01	3.615616e-03
-3.586748e+01	3.634757e-03
-3.576748e+01	3.654052e-03
-3.566748e+01	3.673502e-03
-3.556748e+01	3.693110e-03
-3.546748e+01	3.712878e-03
-3.536748e+01	3.732806e-03
-3.526748e+01	3.752897e-03
-3.516748e+01	3.773153e-03
-3.506748e+01	3.793575e-03
-3.496748e+01	3.814165e-03
-3.486748e+01	3.834925e-03
-3.476748e+01	3.855858e-03
-3.466748e+01	3.876964e-03
-3.456748e+01	3.898246e-03
-3.446748e+01	3.919706e-03
-3.436748e+01	3.941346e-03
-3.426748e+01	3.963168e-03
-3.416748e+01	3.985174e-03
-3.406748e+01	4.007366e-03
-3.396748e+01	4.029746e-03
-3.386748e+01	4.052317e-03
-3.376748e+01	4.075080e-03
-3.366748e+01	4.098038e-03
-3.356748e+01	4.121193e-03
-3.346748e+01	4.144547e-03
-3.336748e+01	4.168103e-03
-3.326748e+01	4.191863e-03
-3.316748e+01	4.215830e-03
-3.306748e+01	4.240005e-03
-3.296748e+01	4.264392e-03
-3.286748e+01	4.288993e-03
-3.276748e+01	4.313810e-03
-3.266748e+01	4.338846e-03
-3.256748e+01	4.364103e-03
-3.246748e+01	4.389585e-03
-3.236748e+01	4.415294e-03
-3.226748e+01	4.441232e-03
-3.216748e+01	4.467403e-03
-3.206748e+01	4.493809e-03
-3.196748e+01	4.520454e-03
-3.186748e+01	4.547339e-03
-3.176748e+01	4.574468e-03
-3.166748e+01	4.601845e-03
-3.156748e+01	4.629471e-03
-3.146748e+01	4.657351e-03
-3.136748e+01	4.685487e-03
-3.126748e+01	4.713883e-03
-3.116748e+01	4.742541e-03
-3.106748e+01	4.771466e-03
-3.096748e+01	4.800660e-03
-3.086748e+01	4.830126e-03
-3.076748e+01	4.859869e-03
-3.066748e+01	4.889892e-03
-3.056748e+01	4.920199e-03
-3.046748e+01	4.950792e-03
-3.036748e+01	4.981676e-03
-3.026748e+01	5.012855e-03
-3.016748e+01	5.044332e-03
-3.006748e+01	5.076111e-03
-2.996748e+01	5.108196e-03
-2.986748e+01	5.140591e-03
-2.976748e+01	5.173301e-03
-2.966748e+01	5.206329e-03
-2.956748e+01	5.239679e-03
-2.946748e+01	5.273357e-03
-2.936748e+01	5.307365e-03
-2.926748e+01	5.341709e-03
-2.916748e+01	5.376394e-03
-2.906748e+01	5.411423e-03
-2.896748e+01	5.446801e-03
-2.886748e+01	5.482534e-03
-2.876748e+01	5.518626e-03
-2.866748e+01	5.555081e-03
-2.856748e+01	5.591906e-03
-2.846748e+01	5.629104e-03
-2.836748e+01	5.666681e-03
-2.826748e+01	5.704643e-03
-2.816748e+01	5.742995e-03
-2.806748e+01	5.781742e-03
-2.796748e+01	5.820889e-03
-2.786748e+01	5.860443e-03
-2.776748e+01	5.900410e-03
-2.766748e+01	5.940794e-03
-2.756748e+01	5.981602e-03
-2.746748e+01	6.022840e-03
-2.736748e+01	6.064515e-03
-2.726748e+01	6.106632e-03
-2.716748e+01	6.149198e-03
-2.706748e+01	6.192219e-03
-2.696748e+01	6.235703e-03
-2.686748e+01	6.279655e-03
-2.676748e+01	6.324083e-03
-2.666748e+01	6.368995e-03
-2.656748e+01	6.414396e-03
-2.646748e+01	6.460294e-03
-2.636748e+01	6.506697e-03
-2.626748e+01	6.553613e-03
-2.616748e+01	6.601048e-03
-2.606748e+01	6.649012e-03
-2.596748e+01	6.697512e-03
-2.586748e+01	6.746555e-03
-2.576748e+01	6.796152e-03
-2.566748e+01	6.846309e-03
-2.556748e+01	6.897036e-03
-2.546748e+01	6.948342e-03
-2.536748e+01	7.000235e-03
-2.526748e+01	7.052725e-03
-2.516748e+01	7.105821e-03
-2.506748e+01	7.159534e-03
-2.496748e+01	7.213871e-03
-2.486748e+01	7.268845e-03
-2.476748e+01	7.324464e-03
-2.466748e+01	7.380740e-03
-2.456748e+01	7.437682e-03
-2.446748e+01	7.495302e-03
-2.436748e+01	7.553610e-03
-2.426748e+01	7.612619e-03
-2.416748e+01	7.672339e-03
-2.406748e+01	7.732783e-03
-2.396748e+01	7.793962e-03
-2.386748e+01	7.855888e-03
-2.376748e+01	7.918575e-03
-2.366748e+01	7.982035e-03
-2.356748e+01	8.046280e-03
-2.346748e+01	8.111326e-03
-2.336748e+01	8.177184e-03
-2.326748e+01	8.243870e-03
-2.316748e+01	8.311397e-03
-2.306748e+01	8.379780e-03
-2.296748e+01	8.449035e-03
-2.286748e+01	8.519175e-03
-2.276748e+01	8.590218e-03
-2.266748e+01	8.662178e-03
-2.256748e+01	8.735073e-03
-2.246748e+01	8.808919e-03
-2.236748e+01	8.883732e-03
-2.226748e+01	8.959532e-03
-2.216748e+01	9.036334e-03
-2.206748e+01	9.114159e-03
-2.196748e+01	9.193024e-03
-2.186748e+01	9.272949e-03
-2.176748e+01	9.353954e-03
-2.166748e+01	9.436058e-03
-2.156748e+01	9.519283e-03
-2.146748e+01	9.603649e-03
-2.136748e+01	9.689178e-03
-2.126748e+01	9.775892e-03
-2.116748e+01	9.863815e-03
-2.106748e+01	9.952969e-03
-2.096748e+01	1.004338e-02
-2.086748e+01	1.013507e-02
-2.076748e+01	1.022806e-02
-2.066748e+01	1.032238e-02
-2.056748e+01	1.041807e-02
-2.046748e+01	1.051513e-02
-2.036748e+01	1.061361e-02
-2.026748e+01	1.071353e-02
-2.016748e+01	1.081491e-02
-2.006748e+01	1.091780e-02
-1.996748e+01	1.102222e-02
-1.986748e+01	1.112820e-02
-1.976748e+01	1.123578e-02
-1.966748e+01	1.134498e-02
-1.956748e+01	1.145585e-02
-1.946748e+01	1.156841e-02
-1.936748e+01	1.168271e-02
-1.926748e+01	1.179878e-02
-1.916748e+01	1.191666e-02
-1.906748e+01	1.203639e-02
-1.896748e+01	1.215801e-02
-1.886748e+01	1.228156e-02
-1.876748e+01	1.240709e-02
-1.866748e+01	1.253464e-02
-1.856748e+01	1.266425e-02
-1.846748e+01	1.279597e-02
-1.836748e+01	1.292985e-02
-1.826748e+01	1.306594e-02
-1.816748e+01	1.320429e-02
-1.806748e+01	1.334496e-02
-1.796748e+01	1.348799e-02
-1.786748e+01	1.363344e-02
-1.776748e+01	1.378138e-02
-1.766748e+01	1.393186e-02
-1.756748e+01	1.408494e-02
-1.746748e+01	1.424069e-02
-1.736748e+01	1.439916e-02
-1.726748e+01	1.456044e-02
-1.716748e+01	1.472459e-02
-1.706748e+01	1.489168e-02
-1.696748e+01	1.506179e-02
-1.686748e+01	1.523499e-02
-1.676748e+01	1.541137e-02
-1.666748e+01	1.559100e-02
-1.656748e+01	1.577398e-02
-1.646748e+01	1.596038e-02
-1.636748e+01	1.615031e-02
-1.626748e+01	1.634386e-02
-1.616748e+01	1.654112e-02
-1.606748e+01	1.674220e-02
-1.596748e+01	1.694720e-02
-1.586748e+01	1.715624e-02
-1.576748e+01	1.736942e-02
-1.566748e+01	1.758687e-02
-1.556748e+01	1.780870e-02
-1.546748e+01	1.803505e-02
-1.536748e+01	1.826605e-02
-1.526748e+01	1.850184e-02
-1.516748e+01	1.874255e-02
-1.506748e+01	1.898834e-02
-1.496748e+01	1.923937e-02
-1.486748e+01	1.949579e-02
-1.476748e+01	1.975777e-02
-1.466748e+01	2.002549e-02
-1.456748e+01	2.029914e-02
-1.446748e+01	2.057890e-02
-1.436748e+01	2.086497e-02
-1.426748e+01	2.115757e-02
-1.416748e+01	2.145691e-02
-1.406748e+01	2.176321e-02
-1.396748e+01	2.207673e-02
-1.386748e+01	2.239771e-02
-1.376748e+01	2.272641e-02
-1.366748e+01	2.306312e-02
-1.356748e+01	2.340811e-02
-1.346748e+01	2.376169e-02
-1.336748e+01	2.412418e-02
-1.326748e+01	2.449593e-02
-1.316748e+01	2.487728e-02
-1.306748e+01	2.526860e-02
-1.296748e+01	2.567030e-02
-1.286748e+01	2.608279e-02
-1.276748e+01	2.650650e-02
-1.266748e+01	2.694191e-02
-1.256748e+01	2.738951e-02
-1.246748e+01	2.784982e-02
-1.236748e+01	2.832340e-02
-1.226748e+01	2.881084e-02
-1.216748e+01	2.931276e-02
-1.206748e+01	2.982984e-02
-1.196748e+01	3.036279e-02
-1.186748e+01	3.091238e-02
-1.176748e+01	3.147943e-02
-1.166748e+01	3.206481e-02
-1.156748e+01	3.266946e-02
-1.146748e+01	3.329440e-02
-1.136748e+01	3.394073e-02
-1.126748e+01	3.460962e-02
-1.116748e+01	3.530235e-02
-1.106748e+01	3.602030e-02
-1.096748e+01	3.676498e-02
-1.086748e+01	3.753803e-02
-1.076748e+01	3.834124e-02
-1.066748e+01	3.917657e-02
-1.056748e+01	4.004617e-02
-1.046748e+01	4.095242e-02
-1.036748e+01	4.189793e-02
-1.026748e+01	4.288560e-02
-1.016748e+01	4.391868e-02
-1.006748e+01	4.500075e-02
-9.967479e+00	4.613587e-02
-9.867479e+00	4.732856e-02
-9.767479e+00	4.858397e-02
-9.667479e+00	4.990792e-02
-9.567479e+00	5.130707e-02
-9.467479e+00	5.278903e-02
-9.367479e+00	5.436261e-02
-9.267479e+00	5.603799e-02
-9.167479e+00	5.782707e-02
-9.067479e+00	5.974385e-02
-8.967479e+00	6.180485e-02
-8.867479e+00	6.402981e-02
-8.767479e+00	6.644243e-02
-8.667479e+00	6.907147e-02
-8.567479e+00	7.195210e-02
-8.467479e+00	7.512784e-02
-8.367479e+00	7.865307e-02
-8.267479e+00	8.259659e-02
-8.167479e+00	8.704655e-02
-8.067479e+00	9.211750e-02
-7.967479e+00	9.796064e-02
-7.867479e+00	1.047789e-01
-7.767479e+00	1.128499e-01
-7.667479e+00	1.225611e-01
-7.567479e+00	1.344666e-01
-7.467479e+00	1.493787e-01
-7.367479e+00	1.685233e-01
-7.267479e+00	1.938107e-01
-7.167479e+00	2.283218e-01
-7.067479e+00	2.772068e-01
-6.967479e+00	3.493536e-01
-6.867479e+00	4.602959e-01
-6.767479e+00	6.356883e-01
-6.667479e+00	9.051628e-01
-6.567479e+00	1.238822e+00
-6.467479e+00	1.409079e+00
-6.367479e+00	1.218697e+00
-6.267479e+00	8.923743e-01
-6.167479e+00	6.392048e-01
-6.067479e+00	4.783605e-01
-5.967479e+00	3.794748e-01
-5.867479e+00	3.179028e-01
-5.767479e+00	2.789160e-01
-5.667479e+00	2.541332e-01
-5.567479e+00	2.387289e-01
-5.467479e+00	2.298205e-01
-5.367479e+00	2.256068e-01
-5.267479e+00	2.250760e-01
-5.167479e+00	2.277411e-01
-5.067479e+00	2.331921e-01
-4.967479e+00	2.407703e-01
-4.867479e+00	2.501398e-01
-4.767479e+00	2.619545e-01
-4.667479e+00	2.769197e-01
-4.567479e+00	2.955806e-01
-4.467479e+00	3.186417e-01
-4.367479e+00	3.471509e-01
-4.267479e+00	3.828759e-01
-4.167479e+00	4.287509e-01
-4.067479e+00	4.890694e-01
-3.967479e+00	5.688016e-01
-3.867479e+00	6.697534e-01
-3.767479e+00	7.938509e-01
-3.667479e+00	9.666873e-01
-3.567479e+00	1.233769e+00
-3.467479e+00	1.630657e+00
-3.367479e+00	2.097262e+00
-3.267479e+00	2.407144e+00
-3.167479e+00	2.545654e+00
-3.067479e+00	2.708430e+00
-2.967479e+00	2.767883e+00
-2.867479e+00	2.663693e+00
-2.767479e+00	2.551473e+00
-2.667479e+00	2.442491e+00
-2.567479e+00	2.390580e+00
-2.467479e+00	2.457061e+00
-2.367479e+00	2.682168e+00
-2.267479e+00	3.159878e+00
-2.167479e+00	3.847369e+00
-2.067479e+00	4.413583e+00
-1.967479e+00	4.530448e+00
-1.867479e+00	4.456867e+00
-1.767479e+00	4.767530e+00
-1.667479e+00	5.790800e+00
-1.567479e+00	7.680910e+00
-1.467479e+00	1.000682e+01
-1.367479e+00	1.092355e+01
-1.267479e+00	9.530371e+00
-1.167479e+00	7.676886e+00
-1.067479e+00	6.325237e+00
-9.674791e-01	5.245749e+00
-8.674791e-01	4.480325e+00
-7.674791e-01	4.174119e+00
-6.674791e-01	4.346239e+00
-5.674791e-01	5.046216e+00
-4.674791e-01	6.409898e+00
-3.674791e-01	8.519435e+00
-2.674791e-01	1.112129e+01
-1.674791e-01	1.375424e+01
-6.747911e-02	1.482333e+01
3.252089e-02	1.257088e+01
1.325209e-01	9.044399e+00
2.325209e-01	6.317845e+00
3.325209e-01	4.596059e+00
4.325209e-01	3.576617e+00
5.325209e-01	3.012078e+00
6.325209e-01	2.697755e+00
7.325209e-01	2.378808e+00
8.325209e-01	1.962930e+00
9.325209e-01	1.585600e+00
1.032521e+00	1.309041e+00
1.132521e+00	1.115171e+00
1.232521e+00	9.773790e-01
1.332521e+00	8.774110e-01
1.432521e+00	8.041106e-01
1.532521e+00	7.504728e-01
1.632521e+00	7.114119e-01
1.732521e+00	6.838525e-01
1.832521e+00	6.675710e-01
1.932521e+00	6.633118e-01
2.032521e+00	6.724719e-01
2.132521e+00	6.981877e-01
2.232521e+00	7.466371e-01
2.332521e+00	8.287164e-01
2.432521e+00	9.609587e-01
2.532521e+00	1.160164e+00
2.632521e+00	1.400148e+00
2.732521e+00	1.520474e+00
2.832521e+00	1.410008e+00
2.932521e+00	1.236811e+00
3.032521e+00	1.133169e+00
3.132521e+00	1.110609e+00
3.232521e+00	1.154654e+00
3.332521e+00	1.259417e+00
3.432521e+00	1.432976e+00
3.532521e+00	1.699010e+00
3.632521e+00	2.097040e+00
3.732521e+00	2.705601e+00
3.832521e+00	3.675588e+00
3.932521e+00	5.199084e+00
4.032521e+00	7.212840e+00
4.132521e+00	8.558765e+00
4.232521e+00	7.752639e+00
4.332521e+00	5.814027e+00
4.432521e+00	4.214761e+00
4.532521e+00	3.204071e+00
4.632521e+00	2.611727e+00
4.732521e+00	2.280706e+00
4.832521e+00	2.117246e+00
4.932521e+00	2.071102e+00
5.032521e+00	2.117965e+00
5.132521e+00	2.249900e+00
5.232521e+00	2.471287e+00
5.332521e+00	2.798405e+00
5.432521e+00	3.262216e+00
5.532521e+00	3.915179e+00
5.632521e+00	4.844604e+00
5.732521e+00	6.197952e+00
5.832521e+00	8.230318e+00
5.932521e+00	1.138924e+01
6.032521e+00	1.642996e+01
6.132521e+00	2.433461e+01
6.232521e+00	3.479704e+01
6.332521e+00	4.178531e+01
6.432521e+00	3.741397e+01
6.532521e+00	2.693864e+01
6.632521e+00	1.815995e+01
6.732521e+00	1.242417e+01
6.832521e+00	8.826601e+00
6.932521e+00	6.519889e+00
7.032521e+00	4.984479e+00
7.132521e+00	3.922913e+00
7.232521e+00	3.163306e+00
7.332521e+00	2.603233e+00
7.432521e+00	2.179460e+00
7.532521e+00	1.851581e+00
7.632521e+00	1.592947e+00
7.732521e+00	1.385471e+00
7.832521e+00	1.216562e+00
7.932521e+00	1.077252e+00
8.032521e+00	9.610231e-01
8.132521e+00	8.630521e-01
8.232521e+00	7.797094e-01
8.332521e+00	7.082247e-01
8.432521e+00	6.464549e-01
8.532521e+00	5.927230e-01
8.632521e+00	5.457030e-01
8.732521e+00	5.043379e-01
8.832521e+00	4.677801e-01
8.932521e+00	4.353496e-01
9.032521e+00	4.065055e-01
9.132521e+00	3.808261e-01
9.232521e+00	3.579759e-01
9.332521e+00	3.375686e-01
9.432521e+00	3.189340e-01
9.532521e+00	3.015916e-01
9.632521e+00	2.858106e-01
9.732521e+00	2.718153e-01
9.832521e+00	2.595909e-01
9.932521e+00	2.491431e-01
1.003252e+01	2.406262e-01
1.013252e+01	2.344359e-01
1.023252e+01	2.313611e-01
1.033252e+01	2.327725e-01
1.043252e+01	2.403367e-01
1.053252e+01	2.529576e-01
1.063252e+01	2.609077e-01
1.073252e+01	2.581369e-01
1.083252e+01	2.562642e-01
1.093252e+01	2.560997e-01
1.103252e+01	2.416035e-01
1.113252e+01	2.153661e-01
1.123252e+01	1.932249e-01
1.133252e+01	1.801695e-01
1.143252e+01	1.755008e-01
1.153252e+01	1.767493e-01
1.163252e+01	1.759999e-01
1.173252e+01	1.650767e-01
1.183252e+01	1.499718e-01
1.193252e+01	1.382420e-01
1.203252e+01	1.310288e-01
1.213252e+01	1.276015e-01
1.223252e+01	1.275626e-01
1.233252e+01	1.292946e-01
1.243252e+01	1.275562e-01
1.253252e+01	1.197240e-01
1.263252e+01	1.100739e-01
1.273252e+01	1.015439e-01
1.283252e+01	9.494659e-02
1.293252e+01	9.004975e-02
1.303252e+01	8.630385e-02
1.313252e+01	8.326524e-02
1.323252e+01	8.085053e-02
1.333252e+01	7.905345e-02
1.343252e+01	7.740456e-02
1.353252e+01	7.518864e-02
1.363252e+01	7.251486e-02
1.373252e+01	6.979458e-02
1.383252e+01	6.734096e-02
1.393252e+01	6.526511e-02
1.403252e+01	6.349364e-02
1.413252e+01	6.187965e-02
1.423252e+01	6.032534e-02
1.433252e+01	5.887952e-02
1.443252e+01	5.758677e-02
1.453252e+01	5.644839e-02
1.463252e+01	5.548777e-02
1.473252e+01	5.475983e-02
1.483252e+01	5.431373e-02
1.493252e+01	5.413131e-02
1.503252e+01	5.403725e-02
1.513252e+01	5.347289e-02
1.523252e+01	5.226547e-02
1.533252e+01	5.120711e-02
1.543252e+01	5.085616e-02
1.553252e+01	5.135719e-02
1.563252e+01	5.229054e-02
1.573252e+01	5.208750e-02
1.583252e+01	4.996869e-02
1.593252e+01	4.737326e-02
1.603252e+01	4.533813e-02
1.613252e+01	4.395586e-02
1.623252e+01	4.303981e-02
1.633252e+01	4.232327e-02
1.643252e+01	4.162993e-02
1.653252e+01	4.108423e-02
1.663252e+01	4.084070e-02
1.673252e+01	4.099809e-02
1.683252e+01	4.170110e-02
1.693252e+01	4.313913e-02
1.703252e+01	4.519544e-02
1.713252e+01	4.671760e-02
1.723252e+01	4.675336e-02
1.733252e+01	4.613132e-02
1.743252e+01	4.552107e-02
1.753252e+01	4.576969e-02
1.763252e+01	4.758817e-02
1.773252e+01	5.114308e-02
1.783252e+01	5.595016e-02
1.793252e+01	6.108508e-02
1.803252e+01	6.667716e-02
1.813252e+01	7.059893e-02
1.823252e+01	7.072002e-02
1.833252e+01	7.137458e-02
1.843252e+01	7.521734e-02
1.853252e+01	7.789537e-02
1.863252e+01	7.478501e-02
1.873252e+01	7.121355e-02
1.883252e+01	7.068513e-02
1.893252e+01	6.843489e-02
1.903252e+01	6.218853e-02
1.913252e+01	5.700229e-02
1.923252e+01	5.580058e-02
1.933252e+01	5.858825e-02
1.943252e+01	6.369721e-02
1.953252e+01	6.706509e-02
1.963252e+01	6.681057e-02
1.973252e+01	6.246501e-02
1.983252e+01	5.559007e-02
1.993252e+01	4.935852e-02
2.003252e+01	4.391708e-02
2.013252e+01	3.953337e-02
2.023252e+01	3.598106e-02
2.033252e+01	3.283044e-02
2.043252e+01	3.029476e-02
2.053252e+01	2.840529e-02
2.063252e+01	2.710579e-02
2.073252e+01	2.630473e-02
2.083252e+01	2.585006e-02
2.093252e+01	2.552602e-02
2.103252e+01	2.533055e-02
2.113252e+01	2.550581e-02
2.123252e+01	2.613389e-02
2.133252e+01	2.679896e-02
2.143252e+01	2.682737e-02
2.153252e+01	2.661535e-02
2.163252e+01	2.699666e-02
2.173252e+01	2.834715e-02
2.183252e+01	3.062336e-02
2.193252e+01	3.318088e-02
2.203252e+01	3.608762e-02
2.213252e+01	4.066352e-02
2.223252e+01	4.586286e-02
2.233252e+01	4.703332e-02
2.243252e+01	4.238169e-02
2.253252e+01	3.578296e-02
2.263252e+01	3.082002e-02
2.273252e+01	2.787131e-02
2.283252e+01	2.599273e-02
2.293252e+01	2.448258e-02
2.303252e+01	2.300648e-02
2.313252e+01	2.162824e-02
2.323252e+01	2.062225e-02
2.333252e+01	1.990109e-02
2.343252e+01	1.934986e-02
2.353252e+01	1.906657e-02
2.363252e+01	1.909382e-02
2.373252e+01	1.922545e-02
2.383252e+01	1.905219e-02
2.393252e+01	1.864092e-02
2.403252e+01	1.837337e-02
2.413252e+01	1.844073e-02
2.423252e+01	1.895648e-02
2.433252e+01	1.993850e-02
2.443252e+01	2.096784e-02
2.453252e+01	2.118646e-02
2.463252e+01	2.056473e-02
2.473252e+01	1.981882e-02
2.483252e+01	1.936620e-02
2.493252e+01	1.928133e-02
2.503252e+01	1.952573e-02
2.513252e+01	1.989807e-02
2.523252e+01	2.031287e-02
2.533252e+01	2.103973e-02
2.543252e+01	2.203738e-02
2.553252e+01	2.256883e-02
2.563252e+01	2.241710e-02
2.573252e+01	2.242811e-02
2.583252e+01	2.296335e-02
2.593252e+01	2.387461e-02
2.603252e+01	2.545072e-02
2.613252e+01	2.819486e-02
2.623252e+01	3.265546e-02
2.633252e+01	3.979344e-02
2.643252e+01	5.045703e-02
2.653252e+01	6.294058e-02
2.663252e+01	7.253661e-02
2.673252e+01	8.040717e-02
2.683252e+01	8.958970e-02
2.693252e+01	9.679343e-02
2.703252e+01	9.681644e-02
2.713252e+01	8.679645e-02
2.723252e+01	7.097553e-02
2.733252e+01	5.584235e-02
2.743252e+01	4.443878e-02
2.753252e+01	3.693033e-02
2.763252e+01	3.268449e-02
2.773252e+01	3.044608e-02
2.783252e+01	2.863603e-02
2.793252e+01	2.708032e-02
2.803252e+01	2.662817e-02
2.813252e+01	2.704754e-02
2.823252e+01	2.760104e-02
2.833252e+01	2.883041e-02
2.843252e+01	3.051245e-02
2.853252e+01	2.976138e-02
2.863252e+01	2.610533e-02
2.873252e+01	2.247599e-02
2.883252e+01	2.013895e-02
2.893252e+01	1.896463e-02
2.903252e+01	1.869415e-02
2.913252e+01	1.924552e-02
2.923252e+01	2.073365e-02
2.933252e+01	2.343457e-02
2.943252e+01	2.763146e-02
2.953252e+01	3.363193e-02
2.963252e+01	4.152730e-02
2.973252e+01	4.786591e-02
2.983252e+01	4.774929e-02
2.993252e+01	4.377273e-02
3.003252e+01	3.999370e-02
3.013252e+01	3.640530e-02
3.023252e+01	3.193384e-02
3.033252e+01	2.852684e-02
3.043252e+01	2.726296e-02
3.053252e+01	2.670496e-02
3.063252e+01	2.508947e-02
3.073252e+01	2.316736e-02
3.083252e+01	2.238240e-02
3.093252e+01	2.265678e-02
3.103252e+01	2.227272e-02
3.113252e+01	2.056040e-02
3.123252e+01	1.911521e-02
3.133252e+01	1.887654e-02
3.143252e+01	1.960143e-02
3.153252e+01	2.034174e-02
3.163252e+01	2.107701e-02
3.173252e+01	2.312705e-02
3.183252e+01	2.689947e-02
3.193252e+01	2.990845e-02
3.203252e+01	2.819047e-02
3.213252e+01	2.355412e-02
3.223252e+01	1.973358e-02
3.233252e+01	1.726085e-02
3.243252e+01	1.552278e-02
3.253252e+01	1.447639e-02
3.263252e+01	1.425263e-02
3.273252e+01	1.461716e-02
3.283252e+01	1.470280e-02
3.293252e+01	1.386831e-02
3.303252e+01	1.268541e-02
3.313252e+01	1.155765e-02
3.323252e+01	1.066514e-02
3.333252e+01	1.013514e-02
3.343252e+01	9.886671e-03
3.353252e+01	9.680576e-03
3.363252e+01	9.329548e-03
3.373252e+01	8.986843e-03
3.383252e+01	8.844946e-03
3.393252e+01	8.970850e-03
3.403252e+01	9.363513e-03
3.413252e+01	9.781418e-03
3.423252e+01	9.667239e-03
3.433252e+01	9.014270e-03
3.443252e+01	8.325593e-03
3.453252e+01	7.819877e-03
3.463252e+01	7.489845e-03
3.473252e+01	7.276013e-03
3.483252e+01	7.135031e-03
3.493252e+01	7.054388e-03
3.503252e+01	7.026041e-03
3.513252e+01	7.036595e-03
3.523252e+01	7.094355e-03
3.533252e+01	7.239365e-03
3.543252e+01	7.535626e-03
3.553252e+01	8.064331e-03
3.563252e+01	8.846243e-03
3.573252e+01	9.517391e-03
3.583252e+01	9.342809e-03
3.593252e+01	8.501190e-03
3.603252e+01	7.717229e-03
3.613252e+01	7.198721e-03
3.623252e+01	6.876653e-03
3.633252e+01	6.666077e-03
3.643252e+01	6.531301e-03
3.653252e+01	6.460633e-03
3.663252e+01	6.446927e-03
3.673252e+01	6.490610e-03
3.683252e+01	6.599028e-03
3.693252e+01	6.769130e-03
3.703252e+01	6.957736e-03
3.713252e+01	7.151641e-03
3.723252e+01	7.423068e-03
3.733252e+01	7.762358e-03
3.743252e+01	8.139066e-03
3.753252e+01	8.717792e-03
3.763252e+01	9.664840e-03
3.773252e+01	1.101854e-02
3.783252e+01	1.292383e-02
3.793252e+01	1.523355e-02
3.803252e+01	1.631343e-02
3.813252e+01	1.496765e-02
3.823252e+01	1.286504e-02
3.833252e+01	1.139348e-02
3.843252e+01	1.046636e-02
3.853252e+01	9.750896e-03
3.863252e+01	9.318894e-03
3.873252e+01	9.259166e-03
3.883252e+01	9.534360e-03
3.893252e+01	1.009518e-02
3.903252e+01	1.089124e-02
3.913252e+01	1.165627e-02
3.923252e+01	1.213531e-02
3.933252e+01	1.194509e-02
3.943252e+01	1.121645e-02
3.953252e+01	1.071693e-02
3.963252e+01	1.068558e-02
3.973252e+01	1.093465e-02
3.983252e+01	1.144707e-02
3.993252e+01	1.232917e-02
4.003252e+01	1.374990e-02
4.013252e+01	1.614153e-02
4.023252e+01	2.017749e-02
4.033252e+01	2.656948e-02
4.043252e+01	3.479022e-02
4.053252e+01	4.048942e-02
4.063252e+01	4.052876e-02
4.073252e+01	3.959333e-02
4.083252e+01	4.047194e-02
4.093252e+01	3.964254e-02
4.103252e+01	3.407627e-02
4.113252e+01	2.701145e-02
4.123252e+01	2.134036e-02
4.133252e+01	1.755116e-02
4.143252e+01	1.515902e-02
4.153252e+01	1.366310e-02
4.163252e+01	1.288015e-02
4.173252e+01	1.252000e-02
4.183252e+01	1.242995e-02
4.193252e+01	1.253521e-02
4.203252e+01	1.251796e-02
4.213252e+01	1.174634e-02
4.223252e+01	1.061329e-02
4.233252e+01	9.972477e-03
4.243252e+01	1.010227e-02
4.253252e+01	1.077718e-02
4.263252e+01	1.097451e-02
4.273252e+01	9.860978e-03
4.283252e+01	8.298696e-03
4.293252e+01	7.081269e-03
4.303252e+01	6.266851e-03
4.313252e+01	5.725338e-03
4.323252e+01	5.352554e-03
4.333252e+01	5.085795e-03
4.343252e+01	4.888971e-03
4.353252e+01	4.740308e-03
4.363252e+01	4.623663e-03
4.373252e+01	4.527651e-03
4.383252e+01	4.450768e-03
4.393252e+01	4.394546e-03
4.403252e+01	4.359667e-03
4.413252e+01	4.348309e-03
4.423252e+01	4.364734e-03
4.433252e+01	4.410478e-03
4.443252e+01	4.476498e-03
4.453252e+01	4.557335e-03
4.463252e+01	4.649080e-03
4.473252e+01	4.762703e-03
4.483252e+01	4.965262e-03
4.493252e+01	5.308108e-03
4.503252e+01	5.806242e-03
4.513252e+01	6.531763e-03
4.523252e+01	7.437120e-03
4.533252e+01	7.839111e-03
4.543252e+01	7.194440e-03
4.553252e+01	6.211123e-03
4.563252e+01	5.474419e-03
4.573252e+01	5.005440e-03
4.583252e+01	4.714135e-03
4.593252e+01	4.552018e-03
4.603252e+01	4.490678e-03
4.613252e+01	4.515984e-03
4.623252e+01	4.631275e-03
4.633252e+01	4.864830e-03
4.643252e+01	5.277084e-03
4.653252e+01	5.953713e-03
4.663252e+01	6.897311e-03
4.673252e+01	7.653613e-03
4.683252e+01	7.475815e-03
4.693252e+01	6.700313e-03
4.703252e+01	6.074494e-03
4.713252e+01	5.789468e-03
4.723252e+01	5.809674e-03
4.733252e+01	6.116780e-03
4.743252e+01	6.762664e-03
4.753252e+01	7.883388e-03
4.763252e+01	9.658023e-03
4.773252e+01	1.195642e-02
4.783252e+01	1.366354e-02
4.793252e+01	1.409322e-02
4.803252e+01	1.483392e-02
4.813252e+01	1.706478e-02
4.823252e+01	1.961315e-02
4.833252e+01	1.924899e-02
4.843252e+01	1.566358e-02
4.853252e+01	1.192201e-02
4.863252e+01	9.365686e-03
4.873252e+01	7.757135e-03
4.883252e+01	6.630004e-03
4.893252e+01	5.797308e-03
4.903252e+01	5.232775e-03
4.913252e+01	4.890768e-03
4.923252e+01	4.724371e-03
4.933252e+01	4.682431e-03
4.943252e+01	4.712226e-03
4.953252e+01	4.840128e-03
4.963252e+01	5.033031e-03
4.973252e+01	4.986055e-03
4.983252e+01	4.580711e-03
4.993252e+01	4.129196e-03
5.003252e+01	3.801564e-03
5.013252e+01	3.588855e-03
5.023252e+01	3.453631e-03
5.033252e+01	3.370019e-03
5.043252e+01	3.325197e-03
5.053252e+01	3.316385e-03
5.063252e+01	3.348592e-03
5.073252e+01	3.436338e-03
5.083252e+01	3.606868e-03
5.093252e+01	3.893523e-03
5.103252e+01	4.266871e-03
5.113252e+01	4.480784e-03
5.123252e+01	4.316642e-03
5.133252e+01	4.030112e-03
5.143252e+01	3.877552e-03
5.153252e+01	3.918359e-03
5.163252e+01	4.166760e-03
5.173252e+01	4.591966e-03
5.183252e+01	4.925432e-03
5.193252e+01	4.795929e-03
5.203252e+01	4.429935e-03
5.213252e+01	4.220291e-03
5.223252e+01	4.252494e-03
5.233252e+01	4.430060e-03
5.243252e+01	4.510672e-03
5.253252e+01	4.280702e-03
5.263252e+01	3.932942e-03
5.273252e+01	3.633968e-03
5.283252e+01	3.353769e-03
5.293252e+01	3.117251e-03
5.303252e+01	2.952217e-03
5.313252e+01	2.847648e-03
5.323252e+01	2.787260e-03
5.333252e+01	2.756540e-03
5.343252e+01	2.730779e-03
5.353252e+01	2.689086e-03
5.363252e+01	2.647461e-03
5.373252e+01	2.625374e-03
5.383252e+01	2.628797e-03
5.393252e+01	2.656486e-03
5.403252e+01	2.684829e-03
5.413252e+01	2.667262e-03
5.423252e+01	2.611736e-03
5.433252e+01	2.561475e-03
5.443252e+01	2.527557e-03
5.453252e+01	2.500461e-03
5.463252e+01	2.474661e-03
5.473252e+01	2.454687e-03
5.483252e+01	2.441349e-03
5.493252e+01	2.434502e-03
5.503252e+01	2.435835e-03
5.513252e+01	2.447161e-03
5.523252e+01	2.468737e-03
5.533252e+01	2.490985e-03
5.543252e+01	2.494327e-03
5.553252e+01	2.482204e-03
5.563252e+01	2.471522e-03
5.573252e+01	2.469191e-03
5.583252e+01	2.477346e-03
5.593252e+01	2.493588e-03
5.603252e+01	2.514263e-03
5.613252e+01	2.542990e-03
5.623252e+01	2.587575e-03
5.633252e+01	2.656207e-03
5.643252e+01	2.759559e-03
5.653252e+01	2.903845e-03
5.663252e+01	3.059456e-03
5.673252e+01	3.150501e-03
5.683252e+01	3.163033e-03
5.693252e+01	3.151444e-03
5.703252e+01	3.142003e-03
5.713252e+01	3.173653e-03
5.723252e+01	3.273541e-03
5.733252e+01	3.456697e-03
5.743252e+01	3.748726e-03
5.753252e+01	4.182733e-03
5.763252e+01	4.742315e-03
5.773252e+01	5.311838e-03
5.783252e+01	5.851224e-03
5.793252e+01	6.451258e-03
5.803252e+01	7.013450e-03
5.813252e+01	7.338086e-03
5.823252e+01	7.660496e-03
5.833252e+01	8.236998e-03
5.843252e+01	8.829358e-03
5.853252e+01	9.035344e-03
5.863252e+01	8.910197e-03
5.873252e+01	9.068922e-03
5.883252e+01	9.961047e-03
5.893252e+01	1.189055e-02
5.903252e+01	1.527247e-02
5.913252e+01	2.046161e-02
5.923252e+01	2.644376e-02
5.933252e+01	2.993340e-02
5.943252e+01	2.974354e-02
5.953252e+01	2.939757e-02
5.963252e+01	3.032574e-02
5.973252e+01	2.883355e-02
5.983252e+01	2.367358e-02
5.993252e+01	1.830632e-02
6.003252e+01	1.478978e-02
6.013252e+01	1.304224e-02
6.023252e+01	1.197079e-02
6.033252e+01	1.048006e-02
6.043252e+01	8.813602e-03
6.053252e+01	7.542640e-03
6.063252e+01	6.778539e-03
6.073252e+01	6.366651e-03
6.083252e+01	6.192283e-03
6.093252e+01	6.314555e-03
6.103252e+01	6.788137e-03
6.113252e+01	7.401723e-03
6.123252e+01	7.355757e-03
6.133252e+01	6.443776e-03
6.143252e+01	5.502535e-03
6.153252e+01	4.942987e-03
6.163252e+01	4.653895e-03
6.173252e+01	4.334012e-03
6.183252e+01	3.909323e-03
6.193252e+01	3.549855e-03
6.203252e+01	3.317314e-03
6.213252e+01	3.184993e-03
6.223252e+01	3.121390e-03
6.233252e+01	3.118192e-03
6.243252e+01	3.180666e-03
6.253252e+01	3.320558e-03
6.263252e+01	3.562198e-03
6.273252e+01	3.951958e-03
6.283252e+01	4.574249e-03
6.293252e+01	5.578916e-03
6.303252e+01	7.208266e-03
6.313252e+01	9.697643e-03
6.323252e+01	1.255227e-02
6.333252e+01	1.347821e-02
6.343252e+01	1.134179e-02
