#RPA-results:
#Nucleus: Ni 80
#Fermi level: -1.541935e+00	-1.810941e+01
#Excitation: 1 +
#Total number of pairs: 494
#Number of ph-/ah-pairs: 494/0
#Maximal excitation-energy for particle-hole-pairs: 100
#Maximal excitation-energy for antiparticle-hole-pairs: 1000
#No imaginary eigenvalues

#Parameterset: DD-PC1
#natural parity: no
#Isoscalar result:

#width: 5.000000e-01
#maximum value: 1.438308e-02
#at energy: 6.343252e+01
-9.656748e+01	5.021359e-04
-9.646748e+01	5.031099e-04
-9.636748e+01	5.040868e-04
-9.626748e+01	5.050665e-04
-9.616748e+01	5.060491e-04
-9.606748e+01	5.070346e-04
-9.596748e+01	5.080230e-04
-9.586748e+01	5.090143e-04
-9.576748e+01	5.100084e-04
-9.566748e+01	5.110055e-04
-9.556748e+01	5.120056e-04
-9.546748e+01	5.130085e-04
-9.536748e+01	5.140145e-04
-9.526748e+01	5.150233e-04
-9.516748e+01	5.160352e-04
-9.506748e+01	5.170501e-04
-9.496748e+01	5.180679e-04
-9.486748e+01	5.190888e-04
-9.476748e+01	5.201127e-04
-9.466748e+01	5.211396e-04
-9.456748e+01	5.221696e-04
-9.446748e+01	5.232027e-04
-9.436748e+01	5.242388e-04
-9.426748e+01	5.252780e-04
-9.416748e+01	5.263203e-04
-9.406748e+01	5.273657e-04
-9.396748e+01	5.284143e-04
-9.386748e+01	5.294660e-04
-9.376748e+01	5.305208e-04
-9.366748e+01	5.315788e-04
-9.356748e+01	5.326399e-04
-9.346748e+01	5.337043e-04
-9.336748e+01	5.347718e-04
-9.326748e+01	5.358426e-04
-9.316748e+01	5.369166e-04
-9.306748e+01	5.379938e-04
-9.296748e+01	5.390742e-04
-9.286748e+01	5.401580e-04
-9.276748e+01	5.412450e-04
-9.266748e+01	5.423353e-04
-9.256748e+01	5.434289e-04
-9.246748e+01	5.445258e-04
-9.236748e+01	5.456261e-04
-9.226748e+01	5.467297e-04
-9.216748e+01	5.478366e-04
-9.206748e+01	5.489469e-04
-9.196748e+01	5.500607e-04
-9.186748e+01	5.511778e-04
-9.176748e+01	5.522983e-04
-9.166748e+01	5.534222e-04
-9.156748e+01	5.545496e-04
-9.146748e+01	5.556805e-04
-9.136748e+01	5.568148e-04
-9.126748e+01	5.579526e-04
-9.116748e+01	5.590938e-04
-9.106748e+01	5.602387e-04
-9.096748e+01	5.613870e-04
-9.086748e+01	5.625389e-04
-9.076748e+01	5.636943e-04
-9.066748e+01	5.648533e-04
-9.056748e+01	5.660158e-04
-9.046748e+01	5.671820e-04
-9.036748e+01	5.683518e-04
-9.026748e+01	5.695252e-04
-9.016748e+01	5.707023e-04
-9.006748e+01	5.718830e-04
-8.996748e+01	5.730674e-04
-8.986748e+01	5.742555e-04
-8.976748e+01	5.754473e-04
-8.966748e+01	5.766428e-04
-8.956748e+01	5.778421e-04
-8.946748e+01	5.790451e-04
-8.936748e+01	5.802519e-04
-8.926748e+01	5.814624e-04
-8.916748e+01	5.826768e-04
-8.906748e+01	5.838950e-04
-8.896748e+01	5.851170e-04
-8.886748e+01	5.863428e-04
-8.876748e+01	5.875725e-04
-8.866748e+01	5.888061e-04
-8.856748e+01	5.900436e-04
-8.846748e+01	5.912850e-04
-8.836748e+01	5.925303e-04
-8.826748e+01	5.937796e-04
-8.816748e+01	5.950329e-04
-8.806748e+01	5.962901e-04
-8.796748e+01	5.975513e-04
-8.786748e+01	5.988165e-04
-8.776748e+01	6.000858e-04
-8.766748e+01	6.013591e-04
-8.756748e+01	6.026365e-04
-8.746748e+01	6.039179e-04
-8.736748e+01	6.052035e-04
-8.726748e+01	6.064932e-04
-8.716748e+01	6.077870e-04
-8.706748e+01	6.090849e-04
-8.696748e+01	6.103870e-04
-8.686748e+01	6.116934e-04
-8.676748e+01	6.130039e-04
-8.666748e+01	6.143186e-04
-8.656748e+01	6.156376e-04
-8.646748e+01	6.169609e-04
-8.636748e+01	6.182884e-04
-8.626748e+01	6.196202e-04
-8.616748e+01	6.209564e-04
-8.606748e+01	6.222969e-04
-8.596748e+01	6.236417e-04
-8.586748e+01	6.249909e-04
-8.576748e+01	6.263445e-04
-8.566748e+01	6.277025e-04
-8.556748e+01	6.290650e-04
-8.546748e+01	6.304319e-04
-8.536748e+01	6.318032e-04
-8.526748e+01	6.331791e-04
-8.516748e+01	6.345594e-04
-8.506748e+01	6.359443e-04
-8.496748e+01	6.373337e-04
-8.486748e+01	6.387277e-04
-8.476748e+01	6.401263e-04
-8.466748e+01	6.415295e-04
-8.456748e+01	6.429374e-04
-8.446748e+01	6.443498e-04
-8.436748e+01	6.457670e-04
-8.426748e+01	6.471888e-04
-8.416748e+01	6.486154e-04
-8.406748e+01	6.500466e-04
-8.396748e+01	6.514827e-04
-8.386748e+01	6.529235e-04
-8.376748e+01	6.543691e-04
-8.366748e+01	6.558195e-04
-8.356748e+01	6.572747e-04
-8.346748e+01	6.587348e-04
-8.336748e+01	6.601998e-04
-8.326748e+01	6.616697e-04
-8.316748e+01	6.631445e-04
-8.306748e+01	6.646243e-04
-8.296748e+01	6.661091e-04
-8.286748e+01	6.675988e-04
-8.276748e+01	6.690935e-04
-8.266748e+01	6.705933e-04
-8.256748e+01	6.720981e-04
-8.246748e+01	6.736081e-04
-8.236748e+01	6.751231e-04
-8.226748e+01	6.766432e-04
-8.216748e+01	6.781685e-04
-8.206748e+01	6.796990e-04
-8.196748e+01	6.812347e-04
-8.186748e+01	6.827756e-04
-8.176748e+01	6.843217e-04
-8.166748e+01	6.858732e-04
-8.156748e+01	6.874299e-04
-8.146748e+01	6.889919e-04
-8.136748e+01	6.905593e-04
-8.126748e+01	6.921320e-04
-8.116748e+01	6.937101e-04
-8.106748e+01	6.952937e-04
-8.096748e+01	6.968826e-04
-8.086748e+01	6.984771e-04
-8.076748e+01	7.000770e-04
-8.066748e+01	7.016825e-04
-8.056748e+01	7.032935e-04
-8.046748e+01	7.049100e-04
-8.036748e+01	7.065322e-04
-8.026748e+01	7.081599e-04
-8.016748e+01	7.097934e-04
-8.006748e+01	7.114324e-04
-7.996748e+01	7.130772e-04
-7.986748e+01	7.147277e-04
-7.976748e+01	7.163840e-04
-7.966748e+01	7.180460e-04
-7.956748e+01	7.197139e-04
-7.946748e+01	7.213875e-04
-7.936748e+01	7.230671e-04
-7.926748e+01	7.247525e-04
-7.916748e+01	7.264438e-04
-7.906748e+01	7.281411e-04
-7.896748e+01	7.298443e-04
-7.886748e+01	7.315536e-04
-7.876748e+01	7.332688e-04
-7.866748e+01	7.349901e-04
-7.856748e+01	7.367175e-04
-7.846748e+01	7.384511e-04
-7.836748e+01	7.401907e-04
-7.826748e+01	7.419365e-04
-7.816748e+01	7.436885e-04
-7.806748e+01	7.454468e-04
-7.796748e+01	7.472113e-04
-7.786748e+01	7.489821e-04
-7.776748e+01	7.507592e-04
-7.766748e+01	7.525427e-04
-7.756748e+01	7.543325e-04
-7.746748e+01	7.561287e-04
-7.736748e+01	7.579314e-04
-7.726748e+01	7.597406e-04
-7.716748e+01	7.615562e-04
-7.706748e+01	7.633784e-04
-7.696748e+01	7.652072e-04
-7.686748e+01	7.670425e-04
-7.676748e+01	7.688845e-04
-7.666748e+01	7.707331e-04
-7.656748e+01	7.725884e-04
-7.646748e+01	7.744505e-04
-7.636748e+01	7.763193e-04
-7.626748e+01	7.781949e-04
-7.616748e+01	7.800773e-04
-7.606748e+01	7.819666e-04
-7.596748e+01	7.838627e-04
-7.586748e+01	7.857658e-04
-7.576748e+01	7.876759e-04
-7.566748e+01	7.895929e-04
-7.556748e+01	7.915170e-04
-7.546748e+01	7.934481e-04
-7.536748e+01	7.953863e-04
-7.526748e+01	7.973316e-04
-7.516748e+01	7.992841e-04
-7.506748e+01	8.012438e-04
-7.496748e+01	8.032108e-04
-7.486748e+01	8.051850e-04
-7.476748e+01	8.071665e-04
-7.466748e+01	8.091554e-04
-7.456748e+01	8.111516e-04
-7.446748e+01	8.131552e-04
-7.436748e+01	8.151664e-04
-7.426748e+01	8.171849e-04
-7.416748e+01	8.192111e-04
-7.406748e+01	8.212448e-04
-7.396748e+01	8.232860e-04
-7.386748e+01	8.253350e-04
-7.376748e+01	8.273916e-04
-7.366748e+01	8.294559e-04
-7.356748e+01	8.315280e-04
-7.346748e+01	8.336079e-04
-7.336748e+01	8.356956e-04
-7.326748e+01	8.377912e-04
-7.316748e+01	8.398947e-04
-7.306748e+01	8.420061e-04
-7.296748e+01	8.441256e-04
-7.286748e+01	8.462530e-04
-7.276748e+01	8.483886e-04
-7.266748e+01	8.505323e-04
-7.256748e+01	8.526841e-04
-7.246748e+01	8.548441e-04
-7.236748e+01	8.570124e-04
-7.226748e+01	8.591889e-04
-7.216748e+01	8.613738e-04
-7.206748e+01	8.635671e-04
-7.196748e+01	8.657687e-04
-7.186748e+01	8.679788e-04
-7.176748e+01	8.701974e-04
-7.166748e+01	8.724246e-04
-7.156748e+01	8.746603e-04
-7.146748e+01	8.769047e-04
-7.136748e+01	8.791577e-04
-7.126748e+01	8.814195e-04
-7.116748e+01	8.836900e-04
-7.106748e+01	8.859693e-04
-7.096748e+01	8.882575e-04
-7.086748e+01	8.905546e-04
-7.076748e+01	8.928607e-04
-7.066748e+01	8.951757e-04
-7.056748e+01	8.974998e-04
-7.046748e+01	8.998329e-04
-7.036748e+01	9.021752e-04
-7.026748e+01	9.045267e-04
-7.016748e+01	9.068874e-04
-7.006748e+01	9.092574e-04
-6.996748e+01	9.116367e-04
-6.986748e+01	9.140254e-04
-6.976748e+01	9.164236e-04
-6.966748e+01	9.188312e-04
-6.956748e+01	9.212483e-04
-6.946748e+01	9.236750e-04
-6.936748e+01	9.261114e-04
-6.926748e+01	9.285574e-04
-6.916748e+01	9.310132e-04
-6.906748e+01	9.334787e-04
-6.896748e+01	9.359541e-04
-6.886748e+01	9.384394e-04
-6.876748e+01	9.409346e-04
-6.866748e+01	9.434398e-04
-6.856748e+01	9.459551e-04
-6.846748e+01	9.484804e-04
-6.836748e+01	9.510160e-04
-6.826748e+01	9.535617e-04
-6.816748e+01	9.561177e-04
-6.806748e+01	9.586840e-04
-6.796748e+01	9.612607e-04
-6.786748e+01	9.638479e-04
-6.776748e+01	9.664455e-04
-6.766748e+01	9.690537e-04
-6.756748e+01	9.716724e-04
-6.746748e+01	9.743019e-04
-6.736748e+01	9.769421e-04
-6.726748e+01	9.795930e-04
-6.716748e+01	9.822548e-04
-6.706748e+01	9.849275e-04
-6.696748e+01	9.876111e-04
-6.686748e+01	9.903058e-04
-6.676748e+01	9.930115e-04
-6.666748e+01	9.957284e-04
-6.656748e+01	9.984565e-04
-6.646748e+01	1.001196e-03
-6.636748e+01	1.003947e-03
-6.626748e+01	1.006709e-03
-6.616748e+01	1.009482e-03
-6.606748e+01	1.012267e-03
-6.596748e+01	1.015064e-03
-6.586748e+01	1.017872e-03
-6.576748e+01	1.020692e-03
-6.566748e+01	1.023524e-03
-6.556748e+01	1.026367e-03
-6.546748e+01	1.029223e-03
-6.536748e+01	1.032090e-03
-6.526748e+01	1.034970e-03
-6.516748e+01	1.037861e-03
-6.506748e+01	1.040765e-03
-6.496748e+01	1.043681e-03
-6.486748e+01	1.046609e-03
-6.476748e+01	1.049550e-03
-6.466748e+01	1.052503e-03
-6.456748e+01	1.055469e-03
-6.446748e+01	1.058447e-03
-6.436748e+01	1.061438e-03
-6.426748e+01	1.064442e-03
-6.416748e+01	1.067458e-03
-6.406748e+01	1.070488e-03
-6.396748e+01	1.073530e-03
-6.386748e+01	1.076586e-03
-6.376748e+01	1.079654e-03
-6.366748e+01	1.082736e-03
-6.356748e+01	1.085831e-03
-6.346748e+01	1.088939e-03
-6.336748e+01	1.092061e-03
-6.326748e+01	1.095196e-03
-6.316748e+01	1.098345e-03
-6.306748e+01	1.101507e-03
-6.296748e+01	1.104683e-03
-6.286748e+01	1.107873e-03
-6.276748e+01	1.111077e-03
-6.266748e+01	1.114295e-03
-6.256748e+01	1.117527e-03
-6.246748e+01	1.120773e-03
-6.236748e+01	1.124033e-03
-6.226748e+01	1.127307e-03
-6.216748e+01	1.130596e-03
-6.206748e+01	1.133899e-03
-6.196748e+01	1.137217e-03
-6.186748e+01	1.140550e-03
-6.176748e+01	1.143897e-03
-6.166748e+01	1.147259e-03
-6.156748e+01	1.150636e-03
-6.146748e+01	1.154028e-03
-6.136748e+01	1.157435e-03
-6.126748e+01	1.160857e-03
-6.116748e+01	1.164295e-03
-6.106748e+01	1.167748e-03
-6.096748e+01	1.171216e-03
-6.086748e+01	1.174700e-03
-6.076748e+01	1.178199e-03
-6.066748e+01	1.181714e-03
-6.056748e+01	1.185245e-03
-6.046748e+01	1.188792e-03
-6.036748e+01	1.192355e-03
-6.026748e+01	1.195934e-03
-6.016748e+01	1.199529e-03
-6.006748e+01	1.203140e-03
-5.996748e+01	1.206768e-03
-5.986748e+01	1.210413e-03
-5.976748e+01	1.214074e-03
-5.966748e+01	1.217751e-03
-5.956748e+01	1.221446e-03
-5.946748e+01	1.225157e-03
-5.936748e+01	1.228885e-03
-5.926748e+01	1.232631e-03
-5.916748e+01	1.236394e-03
-5.906748e+01	1.240174e-03
-5.896748e+01	1.243971e-03
-5.886748e+01	1.247786e-03
-5.876748e+01	1.251619e-03
-5.866748e+01	1.255469e-03
-5.856748e+01	1.259338e-03
-5.846748e+01	1.263224e-03
-5.836748e+01	1.267128e-03
-5.826748e+01	1.271051e-03
-5.816748e+01	1.274992e-03
-5.806748e+01	1.278951e-03
-5.796748e+01	1.282929e-03
-5.786748e+01	1.286925e-03
-5.776748e+01	1.290941e-03
-5.766748e+01	1.294975e-03
-5.756748e+01	1.299028e-03
-5.746748e+01	1.303100e-03
-5.736748e+01	1.307192e-03
-5.726748e+01	1.311303e-03
-5.716748e+01	1.315434e-03
-5.706748e+01	1.319584e-03
-5.696748e+01	1.323754e-03
-5.686748e+01	1.327944e-03
-5.676748e+01	1.332153e-03
-5.666748e+01	1.336383e-03
-5.656748e+01	1.340634e-03
-5.646748e+01	1.344904e-03
-5.636748e+01	1.349195e-03
-5.626748e+01	1.353507e-03
-5.616748e+01	1.357840e-03
-5.606748e+01	1.362193e-03
-5.596748e+01	1.366568e-03
-5.586748e+01	1.370964e-03
-5.576748e+01	1.375381e-03
-5.566748e+01	1.379820e-03
-5.556748e+01	1.384280e-03
-5.546748e+01	1.388762e-03
-5.536748e+01	1.393266e-03
-5.526748e+01	1.397792e-03
-5.516748e+01	1.402340e-03
-5.506748e+01	1.406910e-03
-5.496748e+01	1.411503e-03
-5.486748e+01	1.416119e-03
-5.476748e+01	1.420757e-03
-5.466748e+01	1.425419e-03
-5.456748e+01	1.430103e-03
-5.446748e+01	1.434811e-03
-5.436748e+01	1.439542e-03
-5.426748e+01	1.444296e-03
-5.416748e+01	1.449075e-03
-5.406748e+01	1.453877e-03
-5.396748e+01	1.458703e-03
-5.386748e+01	1.463553e-03
-5.376748e+01	1.468428e-03
-5.366748e+01	1.473327e-03
-5.356748e+01	1.478251e-03
-5.346748e+01	1.483200e-03
-5.336748e+01	1.488174e-03
-5.326748e+01	1.493173e-03
-5.316748e+01	1.498197e-03
-5.306748e+01	1.503247e-03
-5.296748e+01	1.508323e-03
-5.286748e+01	1.513424e-03
-5.276748e+01	1.518552e-03
-5.266748e+01	1.523705e-03
-5.256748e+01	1.528885e-03
-5.246748e+01	1.534092e-03
-5.236748e+01	1.539326e-03
-5.226748e+01	1.544586e-03
-5.216748e+01	1.549874e-03
-5.206748e+01	1.555189e-03
-5.196748e+01	1.560531e-03
-5.186748e+01	1.565902e-03
-5.176748e+01	1.571300e-03
-5.166748e+01	1.576726e-03
-5.156748e+01	1.582181e-03
-5.146748e+01	1.587664e-03
-5.136748e+01	1.593175e-03
-5.126748e+01	1.598716e-03
-5.116748e+01	1.604286e-03
-5.106748e+01	1.609885e-03
-5.096748e+01	1.615514e-03
-5.086748e+01	1.621172e-03
-5.076748e+01	1.626860e-03
-5.066748e+01	1.632579e-03
-5.056748e+01	1.638327e-03
-5.046748e+01	1.644107e-03
-5.036748e+01	1.649917e-03
-5.026748e+01	1.655758e-03
-5.016748e+01	1.661631e-03
-5.006748e+01	1.667535e-03
-4.996748e+01	1.673470e-03
-4.986748e+01	1.679438e-03
-4.976748e+01	1.685438e-03
-4.966748e+01	1.691470e-03
-4.956748e+01	1.697535e-03
-4.946748e+01	1.703632e-03
-4.936748e+01	1.709763e-03
-4.926748e+01	1.715927e-03
-4.916748e+01	1.722125e-03
-4.906748e+01	1.728356e-03
-4.896748e+01	1.734622e-03
-4.886748e+01	1.740921e-03
-4.876748e+01	1.747256e-03
-4.866748e+01	1.753625e-03
-4.856748e+01	1.760030e-03
-4.846748e+01	1.766469e-03
-4.836748e+01	1.772945e-03
-4.826748e+01	1.779456e-03
-4.816748e+01	1.786004e-03
-4.806748e+01	1.792587e-03
-4.796748e+01	1.799208e-03
-4.786748e+01	1.805865e-03
-4.776748e+01	1.812560e-03
-4.766748e+01	1.819292e-03
-4.756748e+01	1.826063e-03
-4.746748e+01	1.832871e-03
-4.736748e+01	1.839717e-03
-4.726748e+01	1.846603e-03
-4.716748e+01	1.853527e-03
-4.706748e+01	1.860490e-03
-4.696748e+01	1.867493e-03
-4.686748e+01	1.874536e-03
-4.676748e+01	1.881619e-03
-4.666748e+01	1.888743e-03
-4.656748e+01	1.895907e-03
-4.646748e+01	1.903113e-03
-4.636748e+01	1.910360e-03
-4.626748e+01	1.917648e-03
-4.616748e+01	1.924979e-03
-4.606748e+01	1.932352e-03
-4.596748e+01	1.939768e-03
-4.586748e+01	1.947227e-03
-4.576748e+01	1.954729e-03
-4.566748e+01	1.962275e-03
-4.556748e+01	1.969865e-03
-4.546748e+01	1.977499e-03
-4.536748e+01	1.985179e-03
-4.526748e+01	1.992903e-03
-4.516748e+01	2.000673e-03
-4.506748e+01	2.008488e-03
-4.496748e+01	2.016350e-03
-4.486748e+01	2.024259e-03
-4.476748e+01	2.032214e-03
-4.466748e+01	2.040217e-03
-4.456748e+01	2.048267e-03
-4.446748e+01	2.056366e-03
-4.436748e+01	2.064513e-03
-4.426748e+01	2.072708e-03
-4.416748e+01	2.080953e-03
-4.406748e+01	2.089248e-03
-4.396748e+01	2.097593e-03
-4.386748e+01	2.105988e-03
-4.376748e+01	2.114434e-03
-4.366748e+01	2.122931e-03
-4.356748e+01	2.131481e-03
-4.346748e+01	2.140082e-03
-4.336748e+01	2.148735e-03
-4.326748e+01	2.157442e-03
-4.316748e+01	2.166202e-03
-4.306748e+01	2.175016e-03
-4.296748e+01	2.183885e-03
-4.286748e+01	2.192808e-03
-4.276748e+01	2.201786e-03
-4.266748e+01	2.210820e-03
-4.256748e+01	2.219910e-03
-4.246748e+01	2.229057e-03
-4.236748e+01	2.238260e-03
-4.226748e+01	2.247522e-03
-4.216748e+01	2.256841e-03
-4.206748e+01	2.266219e-03
-4.196748e+01	2.275656e-03
-4.186748e+01	2.285153e-03
-4.176748e+01	2.294709e-03
-4.166748e+01	2.304326e-03
-4.156748e+01	2.314004e-03
-4.146748e+01	2.323744e-03
-4.136748e+01	2.333546e-03
-4.126748e+01	2.343411e-03
-4.116748e+01	2.353338e-03
-4.106748e+01	2.363330e-03
-4.096748e+01	2.373386e-03
-4.086748e+01	2.383506e-03
-4.076748e+01	2.393692e-03
-4.066748e+01	2.403944e-03
-4.056748e+01	2.414263e-03
-4.046748e+01	2.424648e-03
-4.036748e+01	2.435102e-03
-4.026748e+01	2.445624e-03
-4.016748e+01	2.456214e-03
-4.006748e+01	2.466875e-03
-3.996748e+01	2.477605e-03
-3.986748e+01	2.488406e-03
-3.976748e+01	2.499279e-03
-3.966748e+01	2.510223e-03
-3.956748e+01	2.521240e-03
-3.946748e+01	2.532331e-03
-3.936748e+01	2.543496e-03
-3.926748e+01	2.554735e-03
-3.916748e+01	2.566050e-03
-3.906748e+01	2.577440e-03
-3.896748e+01	2.588907e-03
-3.886748e+01	2.600452e-03
-3.876748e+01	2.612075e-03
-3.866748e+01	2.623777e-03
-3.856748e+01	2.635558e-03
-3.846748e+01	2.647419e-03
-3.836748e+01	2.659362e-03
-3.826748e+01	2.671386e-03
-3.816748e+01	2.683493e-03
-3.806748e+01	2.695683e-03
-3.796748e+01	2.707957e-03
-3.786748e+01	2.720316e-03
-3.776748e+01	2.732760e-03
-3.766748e+01	2.745291e-03
-3.756748e+01	2.757909e-03
-3.746748e+01	2.770615e-03
-3.736748e+01	2.783410e-03
-3.726748e+01	2.796295e-03
-3.716748e+01	2.809270e-03
-3.706748e+01	2.822337e-03
-3.696748e+01	2.835496e-03
-3.686748e+01	2.848748e-03
-3.676748e+01	2.862095e-03
-3.666748e+01	2.875536e-03
-3.656748e+01	2.889073e-03
-3.646748e+01	2.902707e-03
-3.636748e+01	2.916439e-03
-3.626748e+01	2.930269e-03
-3.616748e+01	2.944199e-03
-3.606748e+01	2.958230e-03
-3.596748e+01	2.972362e-03
-3.586748e+01	2.986597e-03
-3.576748e+01	3.000936e-03
-3.566748e+01	3.015379e-03
-3.556748e+01	3.029928e-03
-3.546748e+01	3.044583e-03
-3.536748e+01	3.059347e-03
-3.526748e+01	3.074219e-03
-3.516748e+01	3.089201e-03
-3.506748e+01	3.104294e-03
-3.496748e+01	3.119499e-03
-3.486748e+01	3.134817e-03
-3.476748e+01	3.150250e-03
-3.466748e+01	3.165798e-03
-3.456748e+01	3.181463e-03
-3.446748e+01	3.197246e-03
-3.436748e+01	3.213148e-03
-3.426748e+01	3.229171e-03
-3.416748e+01	3.245315e-03
-3.406748e+01	3.261581e-03
-3.396748e+01	3.277972e-03
-3.386748e+01	3.294488e-03
-3.376748e+01	3.311131e-03
-3.366748e+01	3.327902e-03
-3.356748e+01	3.344802e-03
-3.346748e+01	3.361833e-03
-3.336748e+01	3.378995e-03
-3.326748e+01	3.396292e-03
-3.316748e+01	3.413722e-03
-3.306748e+01	3.431290e-03
-3.296748e+01	3.448994e-03
-3.286748e+01	3.466838e-03
-3.276748e+01	3.484823e-03
-3.266748e+01	3.502949e-03
-3.256748e+01	3.521220e-03
-3.246748e+01	3.539635e-03
-3.236748e+01	3.558197e-03
-3.226748e+01	3.576908e-03
-3.216748e+01	3.595768e-03
-3.206748e+01	3.614780e-03
-3.196748e+01	3.633946e-03
-3.186748e+01	3.653266e-03
-3.176748e+01	3.672742e-03
-3.166748e+01	3.692377e-03
-3.156748e+01	3.712172e-03
-3.146748e+01	3.732129e-03
-3.136748e+01	3.752250e-03
-3.126748e+01	3.772535e-03
-3.116748e+01	3.792989e-03
-3.106748e+01	3.813611e-03
-3.096748e+01	3.834404e-03
-3.086748e+01	3.855371e-03
-3.076748e+01	3.876512e-03
-3.066748e+01	3.897830e-03
-3.056748e+01	3.919327e-03
-3.046748e+01	3.941005e-03
-3.036748e+01	3.962866e-03
-3.026748e+01	3.984913e-03
-3.016748e+01	4.007146e-03
-3.006748e+01	4.029569e-03
-2.996748e+01	4.052183e-03
-2.986748e+01	4.074992e-03
-2.976748e+01	4.097996e-03
-2.966748e+01	4.121199e-03
-2.956748e+01	4.144602e-03
-2.946748e+01	4.168209e-03
-2.936748e+01	4.192021e-03
-2.926748e+01	4.216041e-03
-2.916748e+01	4.240271e-03
-2.906748e+01	4.264714e-03
-2.896748e+01	4.289373e-03
-2.886748e+01	4.314250e-03
-2.876748e+01	4.339347e-03
-2.866748e+01	4.364667e-03
-2.856748e+01	4.390214e-03
-2.846748e+01	4.415989e-03
-2.836748e+01	4.441996e-03
-2.826748e+01	4.468237e-03
-2.816748e+01	4.494715e-03
-2.806748e+01	4.521434e-03
-2.796748e+01	4.548395e-03
-2.786748e+01	4.575603e-03
-2.776748e+01	4.603060e-03
-2.766748e+01	4.630769e-03
-2.756748e+01	4.658734e-03
-2.746748e+01	4.686957e-03
-2.736748e+01	4.715443e-03
-2.726748e+01	4.744193e-03
-2.716748e+01	4.773213e-03
-2.706748e+01	4.802504e-03
-2.696748e+01	4.832071e-03
-2.686748e+01	4.861916e-03
-2.676748e+01	4.892045e-03
-2.666748e+01	4.922460e-03
-2.656748e+01	4.953165e-03
-2.646748e+01	4.984163e-03
-2.636748e+01	5.015460e-03
-2.626748e+01	5.047057e-03
-2.616748e+01	5.078961e-03
-2.606748e+01	5.111174e-03
-2.596748e+01	5.143700e-03
-2.586748e+01	5.176544e-03
-2.576748e+01	5.209711e-03
-2.566748e+01	5.243204e-03
-2.556748e+01	5.277027e-03
-2.546748e+01	5.311186e-03
-2.536748e+01	5.345685e-03
-2.526748e+01	5.380528e-03
-2.516748e+01	5.415720e-03
-2.506748e+01	5.451266e-03
-2.496748e+01	5.487171e-03
-2.486748e+01	5.523440e-03
-2.476748e+01	5.560077e-03
-2.466748e+01	5.597089e-03
-2.456748e+01	5.634479e-03
-2.446748e+01	5.672254e-03
-2.436748e+01	5.710419e-03
-2.426748e+01	5.748979e-03
-2.416748e+01	5.787941e-03
-2.406748e+01	5.827309e-03
-2.396748e+01	5.867090e-03
-2.386748e+01	5.907289e-03
-2.376748e+01	5.947913e-03
-2.366748e+01	5.988967e-03
-2.356748e+01	6.030459e-03
-2.346748e+01	6.072394e-03
-2.336748e+01	6.114778e-03
-2.326748e+01	6.157620e-03
-2.316748e+01	6.200924e-03
-2.306748e+01	6.244699e-03
-2.296748e+01	6.288951e-03
-2.286748e+01	6.333687e-03
-2.276748e+01	6.378915e-03
-2.266748e+01	6.424641e-03
-2.256748e+01	6.470875e-03
-2.246748e+01	6.517623e-03
-2.236748e+01	6.564893e-03
-2.226748e+01	6.612693e-03
-2.216748e+01	6.661032e-03
-2.206748e+01	6.709918e-03
-2.196748e+01	6.759359e-03
-2.186748e+01	6.809364e-03
-2.176748e+01	6.859942e-03
-2.166748e+01	6.911102e-03
-2.156748e+01	6.962854e-03
-2.146748e+01	7.015206e-03
-2.136748e+01	7.068168e-03
-2.126748e+01	7.121751e-03
-2.116748e+01	7.175963e-03
-2.106748e+01	7.230816e-03
-2.096748e+01	7.286320e-03
-2.086748e+01	7.342486e-03
-2.076748e+01	7.399324e-03
-2.066748e+01	7.456846e-03
-2.056748e+01	7.515062e-03
-2.046748e+01	7.573985e-03
-2.036748e+01	7.633627e-03
-2.026748e+01	7.693999e-03
-2.016748e+01	7.755115e-03
-2.006748e+01	7.816986e-03
-1.996748e+01	7.879626e-03
-1.986748e+01	7.943048e-03
-1.976748e+01	8.007265e-03
-1.966748e+01	8.072292e-03
-1.956748e+01	8.138142e-03
-1.946748e+01	8.204831e-03
-1.936748e+01	8.272372e-03
-1.926748e+01	8.340781e-03
-1.916748e+01	8.410074e-03
-1.906748e+01	8.480266e-03
-1.896748e+01	8.551374e-03
-1.886748e+01	8.623415e-03
-1.876748e+01	8.696405e-03
-1.866748e+01	8.770362e-03
-1.856748e+01	8.845303e-03
-1.846748e+01	8.921247e-03
-1.836748e+01	8.998214e-03
-1.826748e+01	9.076221e-03
-1.816748e+01	9.155289e-03
-1.806748e+01	9.235438e-03
-1.796748e+01	9.316688e-03
-1.786748e+01	9.399061e-03
-1.776748e+01	9.482578e-03
-1.766748e+01	9.567262e-03
-1.756748e+01	9.653135e-03
-1.746748e+01	9.740222e-03
-1.736748e+01	9.828545e-03
-1.726748e+01	9.918130e-03
-1.716748e+01	1.000900e-02
-1.706748e+01	1.010119e-02
-1.696748e+01	1.019471e-02
-1.686748e+01	1.028960e-02
-1.676748e+01	1.038589e-02
-1.666748e+01	1.048360e-02
-1.656748e+01	1.058277e-02
-1.646748e+01	1.068341e-02
-1.636748e+01	1.078558e-02
-1.626748e+01	1.088929e-02
-1.616748e+01	1.099458e-02
-1.606748e+01	1.110149e-02
-1.596748e+01	1.121005e-02
-1.586748e+01	1.132029e-02
-1.576748e+01	1.143226e-02
-1.566748e+01	1.154599e-02
-1.556748e+01	1.166152e-02
-1.546748e+01	1.177889e-02
-1.536748e+01	1.189814e-02
-1.526748e+01	1.201932e-02
-1.516748e+01	1.214247e-02
-1.506748e+01	1.226763e-02
-1.496748e+01	1.239486e-02
-1.486748e+01	1.252420e-02
-1.476748e+01	1.265570e-02
-1.466748e+01	1.278941e-02
-1.456748e+01	1.292539e-02
-1.446748e+01	1.306368e-02
-1.436748e+01	1.320436e-02
-1.426748e+01	1.334747e-02
-1.416748e+01	1.349307e-02
-1.406748e+01	1.364124e-02
-1.396748e+01	1.379203e-02
-1.386748e+01	1.394551e-02
-1.376748e+01	1.410175e-02
-1.366748e+01	1.426082e-02
-1.356748e+01	1.442279e-02
-1.346748e+01	1.458774e-02
-1.336748e+01	1.475576e-02
-1.326748e+01	1.492692e-02
-1.316748e+01	1.510130e-02
-1.306748e+01	1.527900e-02
-1.296748e+01	1.546011e-02
-1.286748e+01	1.564472e-02
-1.276748e+01	1.583294e-02
-1.266748e+01	1.602485e-02
-1.256748e+01	1.622057e-02
-1.246748e+01	1.642022e-02
-1.236748e+01	1.662389e-02
-1.226748e+01	1.683172e-02
-1.216748e+01	1.704383e-02
-1.206748e+01	1.726035e-02
-1.196748e+01	1.748140e-02
-1.186748e+01	1.770714e-02
-1.176748e+01	1.793770e-02
-1.166748e+01	1.817324e-02
-1.156748e+01	1.841392e-02
-1.146748e+01	1.865990e-02
-1.136748e+01	1.891136e-02
-1.126748e+01	1.916848e-02
-1.116748e+01	1.943144e-02
-1.106748e+01	1.970045e-02
-1.096748e+01	1.997570e-02
-1.086748e+01	2.025743e-02
-1.076748e+01	2.054585e-02
-1.066748e+01	2.084120e-02
-1.056748e+01	2.114374e-02
-1.046748e+01	2.145373e-02
-1.036748e+01	2.177143e-02
-1.026748e+01	2.209715e-02
-1.016748e+01	2.243119e-02
-1.006748e+01	2.277387e-02
-9.967479e+00	2.312552e-02
-9.867479e+00	2.348652e-02
-9.767479e+00	2.385722e-02
-9.667479e+00	2.423805e-02
-9.567479e+00	2.462941e-02
-9.467479e+00	2.503175e-02
-9.367479e+00	2.544556e-02
-9.267479e+00	2.587133e-02
-9.167479e+00	2.630959e-02
-9.067479e+00	2.676093e-02
-8.967479e+00	2.722593e-02
-8.867479e+00	2.770526e-02
-8.767479e+00	2.819959e-02
-8.667479e+00	2.870967e-02
-8.567479e+00	2.923629e-02
-8.467479e+00	2.978029e-02
-8.367479e+00	3.034258e-02
-8.267479e+00	3.092414e-02
-8.167479e+00	3.152602e-02
-8.067479e+00	3.214935e-02
-7.967479e+00	3.279538e-02
-7.867479e+00	3.346543e-02
-7.767479e+00	3.416095e-02
-7.667479e+00	3.488351e-02
-7.567479e+00	3.563483e-02
-7.467479e+00	3.641680e-02
-7.367479e+00	3.723147e-02
-7.267479e+00	3.808113e-02
-7.167479e+00	3.896826e-02
-7.067479e+00	3.989565e-02
-6.967479e+00	4.086638e-02
-6.867479e+00	4.188389e-02
-6.767479e+00	4.295203e-02
-6.667479e+00	4.407515e-02
-6.567479e+00	4.525814e-02
-6.467479e+00	4.650660e-02
-6.367479e+00	4.782691e-02
-6.267479e+00	4.922644e-02
-6.167479e+00	5.071373e-02
-6.067479e+00	5.229878e-02
-5.967479e+00	5.399343e-02
-5.867479e+00	5.581180e-02
-5.767479e+00	5.777096e-02
-5.667479e+00	5.989191e-02
-5.567479e+00	6.220084e-02
-5.467479e+00	6.473111e-02
-5.367479e+00	6.752625e-02
-5.267479e+00	7.064432e-02
-5.167479e+00	7.416306e-02
-5.067479e+00	7.818081e-02
-4.967479e+00	8.281525e-02
-4.867479e+00	8.826766e-02
-4.767479e+00	9.492627e-02
-4.667479e+00	1.034029e-01
-4.567479e+00	1.146760e-01
-4.467479e+00	1.302612e-01
-4.367479e+00	1.516042e-01
-4.267479e+00	1.759205e-01
-4.167479e+00	1.910664e-01
-4.067479e+00	1.931499e-01
-3.967479e+00	1.963700e-01
-3.867479e+00	2.099026e-01
-3.767479e+00	2.365081e-01
-3.667479e+00	2.770011e-01
-3.567479e+00	3.291315e-01
-3.467479e+00	3.981683e-01
-3.367479e+00	5.019480e-01
-3.267479e+00	6.357757e-01
-3.167479e+00	7.462317e-01
-3.067479e+00	8.207863e-01
-2.967479e+00	8.947704e-01
-2.867479e+00	9.169026e-01
-2.767479e+00	8.325717e-01
-2.667479e+00	6.942749e-01
-2.567479e+00	5.943473e-01
-2.467479e+00	5.598122e-01
-2.367479e+00	5.859446e-01
-2.267479e+00	6.578414e-01
-2.167479e+00	7.354042e-01
-2.067479e+00	8.023248e-01
-1.967479e+00	8.994138e-01
-1.867479e+00	1.017469e+00
-1.767479e+00	1.103817e+00
-1.667479e+00	1.079386e+00
-1.567479e+00	9.441600e-01
-1.467479e+00	8.267612e-01
-1.367479e+00	7.883117e-01
-1.267479e+00	8.291581e-01
-1.167479e+00	9.462563e-01
-1.067479e+00	1.156292e+00
-9.674791e-01	1.446661e+00
-8.674791e-01	1.645495e+00
-7.674791e-01	1.576956e+00
-6.674791e-01	1.420395e+00
-5.674791e-01	1.380867e+00
-4.674791e-01	1.502811e+00
-3.674791e-01	1.731492e+00
-2.674791e-01	1.888029e+00
-1.674791e-01	1.900321e+00
-6.747911e-02	1.971941e+00
3.252089e-02	2.271636e+00
1.325209e-01	2.906325e+00
2.325209e-01	4.002599e+00
3.325209e-01	5.538483e+00
4.325209e-01	6.700006e+00
5.325209e-01	6.230508e+00
6.325209e-01	4.752463e+00
7.325209e-01	3.505282e+00
8.325209e-01	2.767861e+00
9.325209e-01	2.441431e+00
1.032521e+00	2.445753e+00
1.132521e+00	2.784832e+00
1.232521e+00	3.523068e+00
1.332521e+00	4.599707e+00
1.432521e+00	5.321412e+00
1.532521e+00	4.796546e+00
1.632521e+00	3.617104e+00
1.732521e+00	2.662287e+00
1.832521e+00	2.082763e+00
1.932521e+00	1.750055e+00
2.032521e+00	1.531096e+00
2.132521e+00	1.402103e+00
2.232521e+00	1.365069e+00
2.332521e+00	1.336889e+00
2.432521e+00	1.251084e+00
2.532521e+00	1.185994e+00
2.632521e+00	1.220352e+00
2.732521e+00	1.391824e+00
2.832521e+00	1.736084e+00
2.932521e+00	2.222155e+00
3.032521e+00	2.531985e+00
3.132521e+00	2.287491e+00
3.232521e+00	1.771225e+00
3.332521e+00	1.355739e+00
3.432521e+00	1.096135e+00
3.532521e+00	9.497155e-01
3.632521e+00	8.833464e-01
3.732521e+00	8.809696e-01
3.832521e+00	9.391200e-01
3.932521e+00	1.060414e+00
4.032521e+00	1.252817e+00
4.132521e+00	1.559751e+00
4.232521e+00	2.062499e+00
4.332521e+00	2.756408e+00
4.432521e+00	3.249611e+00
4.532521e+00	2.976166e+00
4.632521e+00	2.254334e+00
4.732521e+00	1.639074e+00
4.832521e+00	1.238262e+00
4.932521e+00	9.903248e-01
5.032521e+00	8.354067e-01
5.132521e+00	7.372055e-01
5.232521e+00	6.748516e-01
5.332521e+00	6.361729e-01
5.432521e+00	6.139544e-01
5.532521e+00	6.038353e-01
5.632521e+00	6.031436e-01
5.732521e+00	6.102473e-01
5.832521e+00	6.241878e-01
5.932521e+00	6.444703e-01
6.032521e+00	6.709424e-01
6.132521e+00	7.037286e-01
6.232521e+00	7.431990e-01
6.332521e+00	7.899641e-01
6.432521e+00	8.448909e-01
6.532521e+00	9.091386e-01
6.632521e+00	9.842174e-01
6.732521e+00	1.072075e+00
6.832521e+00	1.175221e+00
6.932521e+00	1.296899e+00
7.032521e+00	1.441342e+00
7.132521e+00	1.614124e+00
7.232521e+00	1.822687e+00
7.332521e+00	2.077123e+00
7.432521e+00	2.391353e+00
7.532521e+00	2.784973e+00
7.632521e+00	3.286197e+00
7.732521e+00	3.936690e+00
7.832521e+00	4.799767e+00
7.932521e+00	5.974751e+00
8.032521e+00	7.622910e+00
8.132521e+00	1.001550e+01
8.232521e+00	1.362269e+01
8.332521e+00	1.926495e+01
8.432521e+00	2.826710e+01
8.532521e+00	4.195516e+01
8.632521e+00	5.781766e+01
8.732521e+00	6.342559e+01
8.832521e+00	5.195025e+01
8.932521e+00	3.604773e+01
9.032521e+00	2.425132e+01
9.132521e+00	1.674494e+01
9.232521e+00	1.202220e+01
9.332521e+00	8.961109e+00
9.432521e+00	6.899801e+00
9.532521e+00	5.460013e+00
9.632521e+00	4.421420e+00
9.732521e+00	3.651476e+00
9.832521e+00	3.067315e+00
9.932521e+00	2.613571e+00
1.003252e+01	2.250708e+00
1.013252e+01	1.954974e+00
1.023252e+01	1.713044e+00
1.033252e+01	1.513831e+00
1.043252e+01	1.348079e+00
1.053252e+01	1.208737e+00
1.063252e+01	1.090528e+00
1.073252e+01	9.894734e-01
1.083252e+01	9.025391e-01
1.093252e+01	8.273916e-01
1.103252e+01	7.622380e-01
1.113252e+01	7.057146e-01
1.123252e+01	6.568164e-01
1.133252e+01	6.149221e-01
1.143252e+01	5.798977e-01
1.153252e+01	5.522103e-01
1.163252e+01	5.332510e-01
1.173252e+01	5.258629e-01
1.183252e+01	5.342580e-01
1.193252e+01	5.586299e-01
1.203252e+01	5.764063e-01
1.213252e+01	5.502379e-01
1.223252e+01	4.960996e-01
1.233252e+01	4.513454e-01
1.243252e+01	4.255003e-01
1.253252e+01	4.078744e-01
1.263252e+01	3.789082e-01
1.273252e+01	3.399553e-01
1.283252e+01	3.055199e-01
1.293252e+01	2.793571e-01
1.303252e+01	2.597848e-01
1.313252e+01	2.448596e-01
1.323252e+01	2.334223e-01
1.333252e+01	2.245530e-01
1.343252e+01	2.159560e-01
1.353252e+01	2.052508e-01
1.363252e+01	1.940467e-01
1.373252e+01	1.844535e-01
1.383252e+01	1.768418e-01
1.393252e+01	1.711453e-01
1.403252e+01	1.674273e-01
1.413252e+01	1.653226e-01
1.423252e+01	1.624162e-01
1.433252e+01	1.557766e-01
1.443252e+01	1.469277e-01
1.453252e+01	1.387958e-01
1.463252e+01	1.321253e-01
1.473252e+01	1.266363e-01
1.483252e+01	1.220326e-01
1.493252e+01	1.181435e-01
1.503252e+01	1.148743e-01
1.513252e+01	1.120309e-01
1.523252e+01	1.092092e-01
1.533252e+01	1.060148e-01
1.543252e+01	1.023764e-01
1.553252e+01	9.880659e-02
1.563252e+01	9.561801e-02
1.573252e+01	9.278895e-02
1.583252e+01	9.023646e-02
1.593252e+01	8.790009e-02
1.603252e+01	8.574157e-02
1.613252e+01	8.373970e-02
1.623252e+01	8.188895e-02
1.633252e+01	8.019136e-02
1.643252e+01	7.865536e-02
1.653252e+01	7.729995e-02
1.663252e+01	7.616112e-02
1.673252e+01	7.530305e-02
1.683252e+01	7.483543e-02
1.693252e+01	7.491923e-02
1.703252e+01	7.564317e-02
1.713252e+01	7.652852e-02
1.723252e+01	7.664053e-02
1.733252e+01	7.659411e-02
1.743252e+01	7.778883e-02
1.753252e+01	8.028326e-02
1.763252e+01	8.248030e-02
1.773252e+01	8.342068e-02
1.783252e+01	8.369719e-02
1.793252e+01	8.367793e-02
1.803252e+01	8.392884e-02
1.813252e+01	8.443745e-02
1.823252e+01	8.577228e-02
1.833252e+01	8.938927e-02
1.843252e+01	9.626296e-02
1.853252e+01	1.075833e-01
1.863252e+01	1.251672e-01
1.873252e+01	1.534189e-01
1.883252e+01	1.939896e-01
1.893252e+01	2.275563e-01
1.903252e+01	2.202504e-01
1.913252e+01	1.865256e-01
1.923252e+01	1.615821e-01
1.933252e+01	1.544149e-01
1.943252e+01	1.562866e-01
1.953252e+01	1.496252e-01
1.963252e+01	1.328752e-01
1.973252e+01	1.198310e-01
1.983252e+01	1.169991e-01
1.993252e+01	1.257702e-01
2.003252e+01	1.453832e-01
2.013252e+01	1.645231e-01
2.023252e+01	1.602296e-01
2.033252e+01	1.354208e-01
2.043252e+01	1.127538e-01
2.053252e+01	9.810412e-02
2.063252e+01	8.781821e-02
2.073252e+01	8.180051e-02
2.083252e+01	8.173840e-02
2.093252e+01	8.665757e-02
2.103252e+01	8.953604e-02
2.113252e+01	8.259481e-02
2.123252e+01	7.142666e-02
2.133252e+01	6.302899e-02
2.143252e+01	5.708662e-02
2.153252e+01	5.137983e-02
2.163252e+01	4.629544e-02
2.173252e+01	4.261067e-02
2.183252e+01	4.017461e-02
2.193252e+01	3.856826e-02
2.203252e+01	3.751891e-02
2.213252e+01	3.694059e-02
2.223252e+01	3.661290e-02
2.233252e+01	3.638512e-02
2.243252e+01	3.594031e-02
2.253252e+01	3.501400e-02
2.263252e+01	3.349915e-02
2.273252e+01	3.173566e-02
2.283252e+01	3.029830e-02
2.293252e+01	2.930035e-02
2.303252e+01	2.863273e-02
2.313252e+01	2.813616e-02
2.323252e+01	2.772041e-02
2.333252e+01	2.747392e-02
2.343252e+01	2.751492e-02
2.353252e+01	2.790616e-02
2.363252e+01	2.853557e-02
2.373252e+01	2.898199e-02
2.383252e+01	2.886132e-02
2.393252e+01	2.825384e-02
2.403252e+01	2.749925e-02
2.413252e+01	2.695478e-02
2.423252e+01	2.672448e-02
2.433252e+01	2.675924e-02
2.443252e+01	2.723894e-02
2.453252e+01	2.830437e-02
2.463252e+01	2.965621e-02
2.473252e+01	3.059359e-02
2.483252e+01	3.101383e-02
2.493252e+01	3.157831e-02
2.503252e+01	3.285924e-02
2.513252e+01	3.460404e-02
2.523252e+01	3.533886e-02
2.533252e+01	3.495024e-02
2.543252e+01	3.451257e-02
2.553252e+01	3.465123e-02
2.563252e+01	3.551175e-02
2.573252e+01	3.636998e-02
2.583252e+01	3.579293e-02
2.593252e+01	3.436349e-02
2.603252e+01	3.372952e-02
2.613252e+01	3.445516e-02
2.623252e+01	3.690379e-02
2.633252e+01	4.136841e-02
2.643252e+01	4.754127e-02
2.653252e+01	5.483741e-02
2.663252e+01	6.312415e-02
2.673252e+01	7.328694e-02
2.683252e+01	8.705364e-02
2.693252e+01	1.003721e-01
2.703252e+01	1.028213e-01
2.713252e+01	9.383257e-02
2.723252e+01	8.491329e-02
2.733252e+01	7.683900e-02
2.743252e+01	6.615791e-02
2.753252e+01	5.695005e-02
2.763252e+01	5.144725e-02
2.773252e+01	4.791729e-02
2.783252e+01	4.577928e-02
2.793252e+01	4.530130e-02
2.803252e+01	4.599851e-02
2.813252e+01	4.781327e-02
2.823252e+01	4.940078e-02
2.833252e+01	4.924165e-02
2.843252e+01	4.903937e-02
2.853252e+01	5.158143e-02
2.863252e+01	5.712077e-02
2.873252e+01	6.441134e-02
2.883252e+01	7.569170e-02
2.893252e+01	9.555501e-02
2.903252e+01	1.225231e-01
2.913252e+01	1.379248e-01
2.923252e+01	1.241912e-01
2.933252e+01	9.971771e-02
2.943252e+01	8.281621e-02
2.953252e+01	7.449049e-02
2.963252e+01	7.223228e-02
2.973252e+01	7.498190e-02
2.983252e+01	7.662439e-02
2.993252e+01	7.138370e-02
3.003252e+01	6.539423e-02
3.013252e+01	6.530188e-02
3.023252e+01	7.233652e-02
3.033252e+01	8.155535e-02
3.043252e+01	8.193605e-02
3.053252e+01	7.404730e-02
3.063252e+01	6.731155e-02
3.073252e+01	6.156337e-02
3.083252e+01	5.544541e-02
3.093252e+01	5.254646e-02
3.103252e+01	5.346995e-02
3.113252e+01	5.274877e-02
3.123252e+01	4.588881e-02
3.133252e+01	3.719317e-02
3.143252e+01	3.058915e-02
3.153252e+01	2.632672e-02
3.163252e+01	2.352127e-02
3.173252e+01	2.160633e-02
3.183252e+01	2.053221e-02
3.193252e+01	2.033126e-02
3.203252e+01	2.094972e-02
3.213252e+01	2.178193e-02
3.223252e+01	2.156789e-02
3.233252e+01	2.039138e-02
3.243252e+01	1.919485e-02
3.253252e+01	1.815847e-02
3.263252e+01	1.736721e-02
3.273252e+01	1.707943e-02
3.283252e+01	1.740287e-02
3.293252e+01	1.834623e-02
3.303252e+01	2.000200e-02
3.313252e+01	2.266502e-02
3.323252e+01	2.695198e-02
3.333252e+01	3.252551e-02
3.343252e+01	3.553729e-02
3.353252e+01	3.260148e-02
3.363252e+01	2.757371e-02
3.373252e+01	2.398665e-02
3.383252e+01	2.228808e-02
3.393252e+01	2.162041e-02
3.403252e+01	2.026614e-02
3.413252e+01	1.795889e-02
3.423252e+01	1.593838e-02
3.433252e+01	1.468252e-02
3.443252e+01	1.400337e-02
3.453252e+01	1.361394e-02
3.463252e+01	1.347322e-02
3.473252e+01	1.375387e-02
3.483252e+01	1.460975e-02
3.493252e+01	1.622842e-02
3.503252e+01	1.844187e-02
3.513252e+01	1.961054e-02
3.523252e+01	1.816945e-02
3.533252e+01	1.569998e-02
3.543252e+01	1.380406e-02
3.553252e+01	1.269440e-02
3.563252e+01	1.222301e-02
3.573252e+01	1.230470e-02
3.583252e+01	1.298913e-02
3.593252e+01	1.441643e-02
3.603252e+01	1.643566e-02
3.613252e+01	1.763911e-02
3.623252e+01	1.644500e-02
3.633252e+01	1.413382e-02
3.643252e+01	1.228438e-02
3.653252e+01	1.112826e-02
3.663252e+01	1.048368e-02
3.673252e+01	1.020800e-02
3.683252e+01	1.024986e-02
3.693252e+01	1.061190e-02
3.703252e+01	1.119608e-02
3.713252e+01	1.152962e-02
3.723252e+01	1.126503e-02
3.733252e+01	1.085518e-02
3.743252e+01	1.068698e-02
3.753252e+01	1.084894e-02
3.763252e+01	1.134911e-02
3.773252e+01	1.232229e-02
3.783252e+01	1.407595e-02
3.793252e+01	1.667038e-02
3.803252e+01	1.888116e-02
3.813252e+01	1.858097e-02
3.823252e+01	1.652791e-02
3.833252e+01	1.448738e-02
3.843252e+01	1.285809e-02
3.853252e+01	1.173091e-02
3.863252e+01	1.104890e-02
3.873252e+01	1.077558e-02
3.883252e+01	1.086736e-02
3.893252e+01	1.131722e-02
3.903252e+01	1.214840e-02
3.913252e+01	1.331193e-02
3.923252e+01	1.476828e-02
3.933252e+01	1.598197e-02
3.943252e+01	1.594995e-02
3.953252e+01	1.489925e-02
3.963252e+01	1.394883e-02
3.973252e+01	1.350000e-02
3.983252e+01	1.346803e-02
3.993252e+01	1.382756e-02
4.003252e+01	1.482067e-02
4.013252e+01	1.671678e-02
4.023252e+01	1.993370e-02
4.033252e+01	2.507329e-02
4.043252e+01	3.246291e-02
4.053252e+01	4.100454e-02
4.063252e+01	4.658202e-02
4.073252e+01	4.550029e-02
4.083252e+01	4.188247e-02
4.093252e+01	3.982201e-02
4.103252e+01	3.781919e-02
4.113252e+01	3.339818e-02
4.123252e+01	2.757213e-02
4.133252e+01	2.263410e-02
4.143252e+01	1.930861e-02
4.153252e+01	1.734974e-02
4.163252e+01	1.630663e-02
4.173252e+01	1.565100e-02
4.183252e+01	1.507785e-02
4.193252e+01	1.453556e-02
4.203252e+01	1.404970e-02
4.213252e+01	1.391975e-02
4.223252e+01	1.433298e-02
4.233252e+01	1.542208e-02
4.243252e+01	1.750780e-02
4.253252e+01	2.112982e-02
4.263252e+01	2.718942e-02
4.273252e+01	3.689831e-02
4.283252e+01	5.004043e-02
4.293252e+01	5.986735e-02
4.303252e+01	5.733036e-02
4.313252e+01	4.718374e-02
4.323252e+01	3.678908e-02
4.333252e+01	2.787773e-02
4.343252e+01	2.117323e-02
4.353252e+01	1.670259e-02
4.363252e+01	1.380479e-02
4.373252e+01	1.182044e-02
4.383252e+01	1.035430e-02
4.393252e+01	9.269031e-03
4.403252e+01	8.480391e-03
4.413252e+01	7.912216e-03
4.423252e+01	7.514922e-03
4.433252e+01	7.266798e-03
4.443252e+01	7.167662e-03
4.453252e+01	7.207402e-03
4.463252e+01	7.263120e-03
4.473252e+01	7.107176e-03
4.483252e+01	6.782024e-03
4.493252e+01	6.516146e-03
4.503252e+01	6.380657e-03
4.513252e+01	6.339456e-03
4.523252e+01	6.394524e-03
4.533252e+01	6.618853e-03
4.543252e+01	7.105213e-03
4.553252e+01	7.933959e-03
4.563252e+01	8.934828e-03
4.573252e+01	9.305643e-03
4.583252e+01	8.590703e-03
4.593252e+01	7.549877e-03
4.603252e+01	6.769751e-03
4.613252e+01	6.310802e-03
4.623252e+01	6.092964e-03
4.633252e+01	6.060169e-03
4.643252e+01	6.202374e-03
4.653252e+01	6.556917e-03
4.663252e+01	7.215125e-03
4.673252e+01	8.299406e-03
4.683252e+01	9.725115e-03
4.693252e+01	1.060636e-02
4.703252e+01	1.000643e-02
4.713252e+01	8.775313e-03
4.723252e+01	7.891632e-03
4.733252e+01	7.520894e-03
4.743252e+01	7.602958e-03
4.753252e+01	8.139491e-03
4.763252e+01	9.254034e-03
4.773252e+01	1.119372e-02
4.783252e+01	1.410176e-02
4.793252e+01	1.697448e-02
4.803252e+01	1.722606e-02
4.813252e+01	1.497322e-02
4.823252e+01	1.291994e-02
4.833252e+01	1.216619e-02
4.843252e+01	1.277339e-02
4.853252e+01	1.448500e-02
4.863252e+01	1.593785e-02
4.873252e+01	1.548164e-02
4.883252e+01	1.402208e-02
4.893252e+01	1.235687e-02
4.903252e+01	1.033497e-02
4.913252e+01	8.551139e-03
4.923252e+01	7.358091e-03
4.933252e+01	6.675400e-03
4.943252e+01	6.379963e-03
4.953252e+01	6.395048e-03
4.963252e+01	6.589290e-03
4.973252e+01	6.725678e-03
4.983252e+01	6.856553e-03
4.993252e+01	7.243077e-03
5.003252e+01	7.636592e-03
5.013252e+01	7.314502e-03
5.023252e+01	6.401957e-03
5.033252e+01	5.574066e-03
5.043252e+01	5.027111e-03
5.053252e+01	4.704014e-03
5.063252e+01	4.538963e-03
5.073252e+01	4.502431e-03
5.083252e+01	4.599570e-03
5.093252e+01	4.862140e-03
5.103252e+01	5.296141e-03
5.113252e+01	5.689511e-03
5.123252e+01	5.621777e-03
5.133252e+01	5.192884e-03
5.143252e+01	4.804595e-03
5.153252e+01	4.603666e-03
5.163252e+01	4.614365e-03
5.173252e+01	4.850653e-03
5.183252e+01	5.291901e-03
5.193252e+01	5.674332e-03
5.203252e+01	5.551866e-03
5.213252e+01	5.098593e-03
5.223252e+01	4.774140e-03
5.233252e+01	4.710500e-03
5.243252e+01	4.811807e-03
5.253252e+01	4.797086e-03
5.263252e+01	4.546209e-03
5.273252e+01	4.299825e-03
5.283252e+01	4.184625e-03
5.293252e+01	4.084080e-03
5.303252e+01	3.864260e-03
5.313252e+01	3.611735e-03
5.323252e+01	3.420107e-03
5.333252e+01	3.292905e-03
5.343252e+01	3.211476e-03
5.353252e+01	3.162517e-03
5.363252e+01	3.139801e-03
5.373252e+01	3.140623e-03
5.383252e+01	3.161278e-03
5.393252e+01	3.204743e-03
5.403252e+01	3.285142e-03
5.413252e+01	3.385484e-03
5.423252e+01	3.444527e-03
5.433252e+01	3.457656e-03
5.443252e+01	3.438105e-03
5.453252e+01	3.376063e-03
5.463252e+01	3.315448e-03
5.473252e+01	3.269258e-03
5.483252e+01	3.187061e-03
5.493252e+01	3.085293e-03
5.503252e+01	3.011145e-03
5.513252e+01	2.974327e-03
5.523252e+01	2.971933e-03
5.533252e+01	3.006095e-03
5.543252e+01	3.086742e-03
5.553252e+01	3.221593e-03
5.563252e+01	3.365013e-03
5.573252e+01	3.377892e-03
5.583252e+01	3.238078e-03
5.593252e+01	3.085299e-03
5.603252e+01	2.983359e-03
5.613252e+01	2.927557e-03
5.623252e+01	2.903558e-03
5.633252e+01	2.898460e-03
5.643252e+01	2.901170e-03
5.653252e+01	2.912748e-03
5.663252e+01	2.941528e-03
5.673252e+01	2.994069e-03
5.683252e+01	3.075954e-03
5.693252e+01	3.182502e-03
5.703252e+01	3.284862e-03
5.713252e+01	3.370470e-03
5.723252e+01	3.449150e-03
5.733252e+01	3.530884e-03
5.743252e+01	3.669566e-03
5.753252e+01	3.912402e-03
5.763252e+01	4.271585e-03
5.773252e+01	4.712386e-03
5.783252e+01	5.149104e-03
5.793252e+01	5.569928e-03
5.803252e+01	6.024612e-03
5.813252e+01	6.424590e-03
5.823252e+01	6.601502e-03
5.833252e+01	6.591907e-03
5.843252e+01	6.639110e-03
5.853252e+01	6.952000e-03
5.863252e+01	7.546452e-03
5.873252e+01	8.068574e-03
5.883252e+01	8.384081e-03
5.893252e+01	9.017422e-03
5.903252e+01	1.042353e-02
5.913252e+01	1.291437e-02
5.923252e+01	1.649547e-02
5.933252e+01	2.003167e-02
5.943252e+01	2.232616e-02
5.953252e+01	2.379229e-02
5.963252e+01	2.494523e-02
5.973252e+01	2.682662e-02
5.983252e+01	2.769594e-02
5.993252e+01	2.477927e-02
6.003252e+01	2.012988e-02
6.013252e+01	1.668276e-02
6.023252e+01	1.487814e-02
6.033252e+01	1.329796e-02
6.043252e+01	1.105242e-02
6.053252e+01	8.951492e-03
6.063252e+01	7.533362e-03
6.073252e+01	6.640921e-03
6.083252e+01	5.939027e-03
6.093252e+01	5.320528e-03
6.103252e+01	4.819482e-03
6.113252e+01	4.449073e-03
6.123252e+01	4.217411e-03
6.133252e+01	4.101020e-03
6.143252e+01	4.070986e-03
6.153252e+01	4.082402e-03
6.163252e+01	4.118928e-03
6.173252e+01	4.257278e-03
6.183252e+01	4.559867e-03
6.193252e+01	5.089189e-03
6.203252e+01	5.942152e-03
6.213252e+01	6.933209e-03
6.223252e+01	7.303286e-03
6.233252e+01	6.775383e-03
6.243252e+01	5.903538e-03
6.253252e+01	5.130057e-03
6.263252e+01	4.654374e-03
6.273252e+01	4.468401e-03
6.283252e+01	4.526523e-03
6.293252e+01	4.826011e-03
6.303252e+01	5.426171e-03
6.313252e+01	6.470024e-03
6.323252e+01	8.214124e-03
6.333252e+01	1.095917e-02
6.343252e+01	1.438308e-02
