#RPA-results:
#Nucleus: Ni 80
#Fermi level: -1.541935e+00	-1.810941e+01
#Excitation: 1 +
#Total number of pairs: 494
#Number of ph-/ah-pairs: 494/0
#Maximal excitation-energy for particle-hole-pairs: 100
#Maximal excitation-energy for antiparticle-hole-pairs: 1000
#No imaginary eigenvalues

#Parameterset: DD-PC1
#natural parity: no
#Isoscalar result:

#width: 5.000000e-01
#maximum value: 6.485049e-03
#at energy: 6.343252e+01
-9.656748e+01	5.697326e-04
-9.646748e+01	5.709099e-04
-9.636748e+01	5.720908e-04
-9.626748e+01	5.732754e-04
-9.616748e+01	5.744637e-04
-9.606748e+01	5.756557e-04
-9.596748e+01	5.768514e-04
-9.586748e+01	5.780508e-04
-9.576748e+01	5.792540e-04
-9.566748e+01	5.804610e-04
-9.556748e+01	5.816717e-04
-9.546748e+01	5.828863e-04
-9.536748e+01	5.841047e-04
-9.526748e+01	5.853268e-04
-9.516748e+01	5.865529e-04
-9.506748e+01	5.877828e-04
-9.496748e+01	5.890166e-04
-9.486748e+01	5.902543e-04
-9.476748e+01	5.914958e-04
-9.466748e+01	5.927414e-04
-9.456748e+01	5.939908e-04
-9.446748e+01	5.952443e-04
-9.436748e+01	5.965017e-04
-9.426748e+01	5.977631e-04
-9.416748e+01	5.990285e-04
-9.406748e+01	6.002979e-04
-9.396748e+01	6.015714e-04
-9.386748e+01	6.028490e-04
-9.376748e+01	6.041306e-04
-9.366748e+01	6.054164e-04
-9.356748e+01	6.067062e-04
-9.346748e+01	6.080002e-04
-9.336748e+01	6.092983e-04
-9.326748e+01	6.106007e-04
-9.316748e+01	6.119071e-04
-9.306748e+01	6.132179e-04
-9.296748e+01	6.145328e-04
-9.286748e+01	6.158519e-04
-9.276748e+01	6.171754e-04
-9.266748e+01	6.185031e-04
-9.256748e+01	6.198351e-04
-9.246748e+01	6.211714e-04
-9.236748e+01	6.225121e-04
-9.226748e+01	6.238571e-04
-9.216748e+01	6.252064e-04
-9.206748e+01	6.265602e-04
-9.196748e+01	6.279184e-04
-9.186748e+01	6.292810e-04
-9.176748e+01	6.306481e-04
-9.166748e+01	6.320196e-04
-9.156748e+01	6.333956e-04
-9.146748e+01	6.347761e-04
-9.136748e+01	6.361612e-04
-9.126748e+01	6.375508e-04
-9.116748e+01	6.389449e-04
-9.106748e+01	6.403437e-04
-9.096748e+01	6.417471e-04
-9.086748e+01	6.431550e-04
-9.076748e+01	6.445677e-04
-9.066748e+01	6.459850e-04
-9.056748e+01	6.474070e-04
-9.046748e+01	6.488337e-04
-9.036748e+01	6.502651e-04
-9.026748e+01	6.517013e-04
-9.016748e+01	6.531422e-04
-9.006748e+01	6.545880e-04
-8.996748e+01	6.560385e-04
-8.986748e+01	6.574939e-04
-8.976748e+01	6.589542e-04
-8.966748e+01	6.604193e-04
-8.956748e+01	6.618894e-04
-8.946748e+01	6.633644e-04
-8.936748e+01	6.648443e-04
-8.926748e+01	6.663291e-04
-8.916748e+01	6.678190e-04
-8.906748e+01	6.693139e-04
-8.896748e+01	6.708138e-04
-8.886748e+01	6.723188e-04
-8.876748e+01	6.738288e-04
-8.866748e+01	6.753440e-04
-8.856748e+01	6.768643e-04
-8.846748e+01	6.783897e-04
-8.836748e+01	6.799203e-04
-8.826748e+01	6.814561e-04
-8.816748e+01	6.829971e-04
-8.806748e+01	6.845434e-04
-8.796748e+01	6.860950e-04
-8.786748e+01	6.876518e-04
-8.776748e+01	6.892139e-04
-8.766748e+01	6.907814e-04
-8.756748e+01	6.923543e-04
-8.746748e+01	6.939325e-04
-8.736748e+01	6.955162e-04
-8.726748e+01	6.971052e-04
-8.716748e+01	6.986998e-04
-8.706748e+01	7.002998e-04
-8.696748e+01	7.019054e-04
-8.686748e+01	7.035165e-04
-8.676748e+01	7.051332e-04
-8.666748e+01	7.067554e-04
-8.656748e+01	7.083833e-04
-8.646748e+01	7.100168e-04
-8.636748e+01	7.116560e-04
-8.626748e+01	7.133009e-04
-8.616748e+01	7.149515e-04
-8.606748e+01	7.166078e-04
-8.596748e+01	7.182699e-04
-8.586748e+01	7.199379e-04
-8.576748e+01	7.216116e-04
-8.566748e+01	7.232912e-04
-8.556748e+01	7.249767e-04
-8.546748e+01	7.266681e-04
-8.536748e+01	7.283655e-04
-8.526748e+01	7.300688e-04
-8.516748e+01	7.317781e-04
-8.506748e+01	7.334934e-04
-8.496748e+01	7.352148e-04
-8.486748e+01	7.369423e-04
-8.476748e+01	7.386758e-04
-8.466748e+01	7.404155e-04
-8.456748e+01	7.421614e-04
-8.446748e+01	7.439135e-04
-8.436748e+01	7.456718e-04
-8.426748e+01	7.474363e-04
-8.416748e+01	7.492072e-04
-8.406748e+01	7.509843e-04
-8.396748e+01	7.527678e-04
-8.386748e+01	7.545577e-04
-8.376748e+01	7.563540e-04
-8.366748e+01	7.581567e-04
-8.356748e+01	7.599659e-04
-8.346748e+01	7.617816e-04
-8.336748e+01	7.636038e-04
-8.326748e+01	7.654325e-04
-8.316748e+01	7.672679e-04
-8.306748e+01	7.691099e-04
-8.296748e+01	7.709585e-04
-8.286748e+01	7.728139e-04
-8.276748e+01	7.746759e-04
-8.266748e+01	7.765447e-04
-8.256748e+01	7.784203e-04
-8.246748e+01	7.803028e-04
-8.236748e+01	7.821920e-04
-8.226748e+01	7.840882e-04
-8.216748e+01	7.859912e-04
-8.206748e+01	7.879013e-04
-8.196748e+01	7.898183e-04
-8.186748e+01	7.917423e-04
-8.176748e+01	7.936734e-04
-8.166748e+01	7.956116e-04
-8.156748e+01	7.975569e-04
-8.146748e+01	7.995094e-04
-8.136748e+01	8.014690e-04
-8.126748e+01	8.034359e-04
-8.116748e+01	8.054101e-04
-8.106748e+01	8.073915e-04
-8.096748e+01	8.093803e-04
-8.086748e+01	8.113765e-04
-8.076748e+01	8.133801e-04
-8.066748e+01	8.153911e-04
-8.056748e+01	8.174097e-04
-8.046748e+01	8.194357e-04
-8.036748e+01	8.214693e-04
-8.026748e+01	8.235105e-04
-8.016748e+01	8.255593e-04
-8.006748e+01	8.276159e-04
-7.996748e+01	8.296801e-04
-7.986748e+01	8.317521e-04
-7.976748e+01	8.338318e-04
-7.966748e+01	8.359194e-04
-7.956748e+01	8.380149e-04
-7.946748e+01	8.401183e-04
-7.936748e+01	8.422296e-04
-7.926748e+01	8.443489e-04
-7.916748e+01	8.464763e-04
-7.906748e+01	8.486117e-04
-7.896748e+01	8.507552e-04
-7.886748e+01	8.529069e-04
-7.876748e+01	8.550667e-04
-7.866748e+01	8.572349e-04
-7.856748e+01	8.594112e-04
-7.846748e+01	8.615959e-04
-7.836748e+01	8.637890e-04
-7.826748e+01	8.659905e-04
-7.816748e+01	8.682004e-04
-7.806748e+01	8.704188e-04
-7.796748e+01	8.726458e-04
-7.786748e+01	8.748813e-04
-7.776748e+01	8.771254e-04
-7.766748e+01	8.793783e-04
-7.756748e+01	8.816398e-04
-7.746748e+01	8.839101e-04
-7.736748e+01	8.861892e-04
-7.726748e+01	8.884771e-04
-7.716748e+01	8.907740e-04
-7.706748e+01	8.930797e-04
-7.696748e+01	8.953945e-04
-7.686748e+01	8.977183e-04
-7.676748e+01	9.000512e-04
-7.666748e+01	9.023932e-04
-7.656748e+01	9.047444e-04
-7.646748e+01	9.071048e-04
-7.636748e+01	9.094745e-04
-7.626748e+01	9.118535e-04
-7.616748e+01	9.142419e-04
-7.606748e+01	9.166397e-04
-7.596748e+01	9.190470e-04
-7.586748e+01	9.214638e-04
-7.576748e+01	9.238902e-04
-7.566748e+01	9.263262e-04
-7.556748e+01	9.287719e-04
-7.546748e+01	9.312272e-04
-7.536748e+01	9.336924e-04
-7.526748e+01	9.361674e-04
-7.516748e+01	9.386523e-04
-7.506748e+01	9.411471e-04
-7.496748e+01	9.436519e-04
-7.486748e+01	9.461668e-04
-7.476748e+01	9.486917e-04
-7.466748e+01	9.512268e-04
-7.456748e+01	9.537721e-04
-7.446748e+01	9.563276e-04
-7.436748e+01	9.588935e-04
-7.426748e+01	9.614697e-04
-7.416748e+01	9.640564e-04
-7.406748e+01	9.666535e-04
-7.396748e+01	9.692612e-04
-7.386748e+01	9.718794e-04
-7.376748e+01	9.745084e-04
-7.366748e+01	9.771480e-04
-7.356748e+01	9.797984e-04
-7.346748e+01	9.824596e-04
-7.336748e+01	9.851318e-04
-7.326748e+01	9.878148e-04
-7.316748e+01	9.905089e-04
-7.306748e+01	9.932141e-04
-7.296748e+01	9.959304e-04
-7.286748e+01	9.986578e-04
-7.276748e+01	1.001397e-03
-7.266748e+01	1.004147e-03
-7.256748e+01	1.006908e-03
-7.246748e+01	1.009681e-03
-7.236748e+01	1.012465e-03
-7.226748e+01	1.015261e-03
-7.216748e+01	1.018069e-03
-7.206748e+01	1.020888e-03
-7.196748e+01	1.023719e-03
-7.186748e+01	1.026562e-03
-7.176748e+01	1.029417e-03
-7.166748e+01	1.032283e-03
-7.156748e+01	1.035162e-03
-7.146748e+01	1.038053e-03
-7.136748e+01	1.040956e-03
-7.126748e+01	1.043871e-03
-7.116748e+01	1.046799e-03
-7.106748e+01	1.049738e-03
-7.096748e+01	1.052691e-03
-7.086748e+01	1.055656e-03
-7.076748e+01	1.058633e-03
-7.066748e+01	1.061623e-03
-7.056748e+01	1.064626e-03
-7.046748e+01	1.067641e-03
-7.036748e+01	1.070670e-03
-7.026748e+01	1.073711e-03
-7.016748e+01	1.076766e-03
-7.006748e+01	1.079833e-03
-6.996748e+01	1.082914e-03
-6.986748e+01	1.086008e-03
-6.976748e+01	1.089115e-03
-6.966748e+01	1.092236e-03
-6.956748e+01	1.095370e-03
-6.946748e+01	1.098518e-03
-6.936748e+01	1.101679e-03
-6.926748e+01	1.104854e-03
-6.916748e+01	1.108043e-03
-6.906748e+01	1.111245e-03
-6.896748e+01	1.114462e-03
-6.886748e+01	1.117693e-03
-6.876748e+01	1.120937e-03
-6.866748e+01	1.124196e-03
-6.856748e+01	1.127470e-03
-6.846748e+01	1.130757e-03
-6.836748e+01	1.134059e-03
-6.826748e+01	1.137376e-03
-6.816748e+01	1.140707e-03
-6.806748e+01	1.144053e-03
-6.796748e+01	1.147414e-03
-6.786748e+01	1.150789e-03
-6.776748e+01	1.154180e-03
-6.766748e+01	1.157585e-03
-6.756748e+01	1.161006e-03
-6.746748e+01	1.164442e-03
-6.736748e+01	1.167893e-03
-6.726748e+01	1.171360e-03
-6.716748e+01	1.174842e-03
-6.706748e+01	1.178340e-03
-6.696748e+01	1.181854e-03
-6.686748e+01	1.185383e-03
-6.676748e+01	1.188928e-03
-6.666748e+01	1.192490e-03
-6.656748e+01	1.196067e-03
-6.646748e+01	1.199660e-03
-6.636748e+01	1.203270e-03
-6.626748e+01	1.206896e-03
-6.616748e+01	1.210539e-03
-6.606748e+01	1.214198e-03
-6.596748e+01	1.217874e-03
-6.586748e+01	1.221566e-03
-6.576748e+01	1.225276e-03
-6.566748e+01	1.229002e-03
-6.556748e+01	1.232746e-03
-6.546748e+01	1.236507e-03
-6.536748e+01	1.240285e-03
-6.526748e+01	1.244080e-03
-6.516748e+01	1.247893e-03
-6.506748e+01	1.251724e-03
-6.496748e+01	1.255572e-03
-6.486748e+01	1.259438e-03
-6.476748e+01	1.263322e-03
-6.466748e+01	1.267224e-03
-6.456748e+01	1.271145e-03
-6.446748e+01	1.275083e-03
-6.436748e+01	1.279040e-03
-6.426748e+01	1.283016e-03
-6.416748e+01	1.287010e-03
-6.406748e+01	1.291023e-03
-6.396748e+01	1.295055e-03
-6.386748e+01	1.299105e-03
-6.376748e+01	1.303175e-03
-6.366748e+01	1.307264e-03
-6.356748e+01	1.311373e-03
-6.346748e+01	1.315501e-03
-6.336748e+01	1.319648e-03
-6.326748e+01	1.323815e-03
-6.316748e+01	1.328003e-03
-6.306748e+01	1.332210e-03
-6.296748e+01	1.336437e-03
-6.286748e+01	1.340684e-03
-6.276748e+01	1.344952e-03
-6.266748e+01	1.349240e-03
-6.256748e+01	1.353549e-03
-6.246748e+01	1.357878e-03
-6.236748e+01	1.362229e-03
-6.226748e+01	1.366600e-03
-6.216748e+01	1.370993e-03
-6.206748e+01	1.375407e-03
-6.196748e+01	1.379842e-03
-6.186748e+01	1.384299e-03
-6.176748e+01	1.388778e-03
-6.166748e+01	1.393279e-03
-6.156748e+01	1.397801e-03
-6.146748e+01	1.402346e-03
-6.136748e+01	1.406913e-03
-6.126748e+01	1.411502e-03
-6.116748e+01	1.416114e-03
-6.106748e+01	1.420749e-03
-6.096748e+01	1.425406e-03
-6.086748e+01	1.430087e-03
-6.076748e+01	1.434791e-03
-6.066748e+01	1.439518e-03
-6.056748e+01	1.444269e-03
-6.046748e+01	1.449043e-03
-6.036748e+01	1.453841e-03
-6.026748e+01	1.458663e-03
-6.016748e+01	1.463509e-03
-6.006748e+01	1.468380e-03
-5.996748e+01	1.473275e-03
-5.986748e+01	1.478194e-03
-5.976748e+01	1.483139e-03
-5.966748e+01	1.488108e-03
-5.956748e+01	1.493102e-03
-5.946748e+01	1.498122e-03
-5.936748e+01	1.503167e-03
-5.926748e+01	1.508238e-03
-5.916748e+01	1.513335e-03
-5.906748e+01	1.518457e-03
-5.896748e+01	1.523606e-03
-5.886748e+01	1.528781e-03
-5.876748e+01	1.533983e-03
-5.866748e+01	1.539211e-03
-5.856748e+01	1.544466e-03
-5.846748e+01	1.549749e-03
-5.836748e+01	1.555058e-03
-5.826748e+01	1.560395e-03
-5.816748e+01	1.565760e-03
-5.806748e+01	1.571153e-03
-5.796748e+01	1.576573e-03
-5.786748e+01	1.582022e-03
-5.776748e+01	1.587499e-03
-5.766748e+01	1.593005e-03
-5.756748e+01	1.598540e-03
-5.746748e+01	1.604103e-03
-5.736748e+01	1.609696e-03
-5.726748e+01	1.615319e-03
-5.716748e+01	1.620970e-03
-5.706748e+01	1.626652e-03
-5.696748e+01	1.632364e-03
-5.686748e+01	1.638106e-03
-5.676748e+01	1.643879e-03
-5.666748e+01	1.649682e-03
-5.656748e+01	1.655517e-03
-5.646748e+01	1.661382e-03
-5.636748e+01	1.667279e-03
-5.626748e+01	1.673207e-03
-5.616748e+01	1.679167e-03
-5.606748e+01	1.685160e-03
-5.596748e+01	1.691184e-03
-5.586748e+01	1.697241e-03
-5.576748e+01	1.703331e-03
-5.566748e+01	1.709454e-03
-5.556748e+01	1.715610e-03
-5.546748e+01	1.721800e-03
-5.536748e+01	1.728023e-03
-5.526748e+01	1.734280e-03
-5.516748e+01	1.740571e-03
-5.506748e+01	1.746897e-03
-5.496748e+01	1.753258e-03
-5.486748e+01	1.759653e-03
-5.476748e+01	1.766084e-03
-5.466748e+01	1.772550e-03
-5.456748e+01	1.779053e-03
-5.446748e+01	1.785591e-03
-5.436748e+01	1.792165e-03
-5.426748e+01	1.798776e-03
-5.416748e+01	1.805424e-03
-5.406748e+01	1.812108e-03
-5.396748e+01	1.818831e-03
-5.386748e+01	1.825590e-03
-5.376748e+01	1.832388e-03
-5.366748e+01	1.839224e-03
-5.356748e+01	1.846099e-03
-5.346748e+01	1.853012e-03
-5.336748e+01	1.859965e-03
-5.326748e+01	1.866957e-03
-5.316748e+01	1.873988e-03
-5.306748e+01	1.881060e-03
-5.296748e+01	1.888172e-03
-5.286748e+01	1.895324e-03
-5.276748e+01	1.902518e-03
-5.266748e+01	1.909752e-03
-5.256748e+01	1.917029e-03
-5.246748e+01	1.924347e-03
-5.236748e+01	1.931707e-03
-5.226748e+01	1.939110e-03
-5.216748e+01	1.946556e-03
-5.206748e+01	1.954045e-03
-5.196748e+01	1.961577e-03
-5.186748e+01	1.969154e-03
-5.176748e+01	1.976774e-03
-5.166748e+01	1.984439e-03
-5.156748e+01	1.992149e-03
-5.146748e+01	1.999905e-03
-5.136748e+01	2.007706e-03
-5.126748e+01	2.015553e-03
-5.116748e+01	2.023446e-03
-5.106748e+01	2.031386e-03
-5.096748e+01	2.039373e-03
-5.086748e+01	2.047407e-03
-5.076748e+01	2.055490e-03
-5.066748e+01	2.063620e-03
-5.056748e+01	2.071800e-03
-5.046748e+01	2.080028e-03
-5.036748e+01	2.088306e-03
-5.026748e+01	2.096633e-03
-5.016748e+01	2.105011e-03
-5.006748e+01	2.113439e-03
-4.996748e+01	2.121918e-03
-4.986748e+01	2.130449e-03
-4.976748e+01	2.139031e-03
-4.966748e+01	2.147666e-03
-4.956748e+01	2.156353e-03
-4.946748e+01	2.165094e-03
-4.936748e+01	2.173888e-03
-4.926748e+01	2.182736e-03
-4.916748e+01	2.191639e-03
-4.906748e+01	2.200596e-03
-4.896748e+01	2.209609e-03
-4.886748e+01	2.218678e-03
-4.876748e+01	2.227803e-03
-4.866748e+01	2.236984e-03
-4.856748e+01	2.246223e-03
-4.846748e+01	2.255520e-03
-4.836748e+01	2.264875e-03
-4.826748e+01	2.274288e-03
-4.816748e+01	2.283761e-03
-4.806748e+01	2.293293e-03
-4.796748e+01	2.302886e-03
-4.786748e+01	2.312539e-03
-4.776748e+01	2.322253e-03
-4.766748e+01	2.332029e-03
-4.756748e+01	2.341868e-03
-4.746748e+01	2.351769e-03
-4.736748e+01	2.361733e-03
-4.726748e+01	2.371762e-03
-4.716748e+01	2.381855e-03
-4.706748e+01	2.392012e-03
-4.696748e+01	2.402236e-03
-4.686748e+01	2.412525e-03
-4.676748e+01	2.422881e-03
-4.666748e+01	2.433304e-03
-4.656748e+01	2.443796e-03
-4.646748e+01	2.454355e-03
-4.636748e+01	2.464984e-03
-4.626748e+01	2.475682e-03
-4.616748e+01	2.486451e-03
-4.606748e+01	2.497290e-03
-4.596748e+01	2.508201e-03
-4.586748e+01	2.519184e-03
-4.576748e+01	2.530240e-03
-4.566748e+01	2.541370e-03
-4.556748e+01	2.552573e-03
-4.546748e+01	2.563851e-03
-4.536748e+01	2.575205e-03
-4.526748e+01	2.586635e-03
-4.516748e+01	2.598141e-03
-4.506748e+01	2.609725e-03
-4.496748e+01	2.621387e-03
-4.486748e+01	2.633128e-03
-4.476748e+01	2.644949e-03
-4.466748e+01	2.656850e-03
-4.456748e+01	2.668832e-03
-4.446748e+01	2.680896e-03
-4.436748e+01	2.693043e-03
-4.426748e+01	2.705273e-03
-4.416748e+01	2.717586e-03
-4.406748e+01	2.729985e-03
-4.396748e+01	2.742470e-03
-4.386748e+01	2.755041e-03
-4.376748e+01	2.767699e-03
-4.366748e+01	2.780445e-03
-4.356748e+01	2.793280e-03
-4.346748e+01	2.806205e-03
-4.336748e+01	2.819221e-03
-4.326748e+01	2.832328e-03
-4.316748e+01	2.845527e-03
-4.306748e+01	2.858819e-03
-4.296748e+01	2.872206e-03
-4.286748e+01	2.885687e-03
-4.276748e+01	2.899265e-03
-4.266748e+01	2.912939e-03
-4.256748e+01	2.926711e-03
-4.246748e+01	2.940581e-03
-4.236748e+01	2.954551e-03
-4.226748e+01	2.968622e-03
-4.216748e+01	2.982794e-03
-4.206748e+01	2.997069e-03
-4.196748e+01	3.011447e-03
-4.186748e+01	3.025930e-03
-4.176748e+01	3.040518e-03
-4.166748e+01	3.055213e-03
-4.156748e+01	3.070016e-03
-4.146748e+01	3.084927e-03
-4.136748e+01	3.099948e-03
-4.126748e+01	3.115080e-03
-4.116748e+01	3.130324e-03
-4.106748e+01	3.145681e-03
-4.096748e+01	3.161153e-03
-4.086748e+01	3.176739e-03
-4.076748e+01	3.192442e-03
-4.066748e+01	3.208263e-03
-4.056748e+01	3.224203e-03
-4.046748e+01	3.240263e-03
-4.036748e+01	3.256444e-03
-4.026748e+01	3.272748e-03
-4.016748e+01	3.289175e-03
-4.006748e+01	3.305728e-03
-3.996748e+01	3.322407e-03
-3.986748e+01	3.339213e-03
-3.976748e+01	3.356149e-03
-3.966748e+01	3.373215e-03
-3.956748e+01	3.390412e-03
-3.946748e+01	3.407743e-03
-3.936748e+01	3.425208e-03
-3.926748e+01	3.442808e-03
-3.916748e+01	3.460546e-03
-3.906748e+01	3.478423e-03
-3.896748e+01	3.496440e-03
-3.886748e+01	3.514598e-03
-3.876748e+01	3.532899e-03
-3.866748e+01	3.551346e-03
-3.856748e+01	3.569938e-03
-3.846748e+01	3.588678e-03
-3.836748e+01	3.607567e-03
-3.826748e+01	3.626608e-03
-3.816748e+01	3.645800e-03
-3.806748e+01	3.665147e-03
-3.796748e+01	3.684650e-03
-3.786748e+01	3.704311e-03
-3.776748e+01	3.724131e-03
-3.766748e+01	3.744111e-03
-3.756748e+01	3.764255e-03
-3.746748e+01	3.784563e-03
-3.736748e+01	3.805038e-03
-3.726748e+01	3.825681e-03
-3.716748e+01	3.846494e-03
-3.706748e+01	3.867479e-03
-3.696748e+01	3.888637e-03
-3.686748e+01	3.909972e-03
-3.676748e+01	3.931485e-03
-3.666748e+01	3.953177e-03
-3.656748e+01	3.975051e-03
-3.646748e+01	3.997109e-03
-3.636748e+01	4.019353e-03
-3.626748e+01	4.041786e-03
-3.616748e+01	4.064408e-03
-3.606748e+01	4.087223e-03
-3.596748e+01	4.110233e-03
-3.586748e+01	4.133439e-03
-3.576748e+01	4.156845e-03
-3.566748e+01	4.180452e-03
-3.556748e+01	4.204263e-03
-3.546748e+01	4.228280e-03
-3.536748e+01	4.252506e-03
-3.526748e+01	4.276943e-03
-3.516748e+01	4.301593e-03
-3.506748e+01	4.326460e-03
-3.496748e+01	4.351545e-03
-3.486748e+01	4.376851e-03
-3.476748e+01	4.402382e-03
-3.466748e+01	4.428138e-03
-3.456748e+01	4.454124e-03
-3.446748e+01	4.480342e-03
-3.436748e+01	4.506795e-03
-3.426748e+01	4.533486e-03
-3.416748e+01	4.560417e-03
-3.406748e+01	4.587591e-03
-3.396748e+01	4.615012e-03
-3.386748e+01	4.642683e-03
-3.376748e+01	4.670606e-03
-3.366748e+01	4.698784e-03
-3.356748e+01	4.727222e-03
-3.346748e+01	4.755921e-03
-3.336748e+01	4.784886e-03
-3.326748e+01	4.814119e-03
-3.316748e+01	4.843624e-03
-3.306748e+01	4.873405e-03
-3.296748e+01	4.903465e-03
-3.286748e+01	4.933807e-03
-3.276748e+01	4.964435e-03
-3.266748e+01	4.995352e-03
-3.256748e+01	5.026563e-03
-3.246748e+01	5.058072e-03
-3.236748e+01	5.089881e-03
-3.226748e+01	5.121995e-03
-3.216748e+01	5.154417e-03
-3.206748e+01	5.187153e-03
-3.196748e+01	5.220206e-03
-3.186748e+01	5.253579e-03
-3.176748e+01	5.287278e-03
-3.166748e+01	5.321306e-03
-3.156748e+01	5.355669e-03
-3.146748e+01	5.390369e-03
-3.136748e+01	5.425413e-03
-3.126748e+01	5.460804e-03
-3.116748e+01	5.496547e-03
-3.106748e+01	5.532648e-03
-3.096748e+01	5.569109e-03
-3.086748e+01	5.605938e-03
-3.076748e+01	5.643138e-03
-3.066748e+01	5.680715e-03
-3.056748e+01	5.718674e-03
-3.046748e+01	5.757020e-03
-3.036748e+01	5.795758e-03
-3.026748e+01	5.834894e-03
-3.016748e+01	5.874434e-03
-3.006748e+01	5.914383e-03
-2.996748e+01	5.954747e-03
-2.986748e+01	5.995531e-03
-2.976748e+01	6.036742e-03
-2.966748e+01	6.078386e-03
-2.956748e+01	6.120469e-03
-2.946748e+01	6.162997e-03
-2.936748e+01	6.205976e-03
-2.926748e+01	6.249414e-03
-2.916748e+01	6.293316e-03
-2.906748e+01	6.337689e-03
-2.896748e+01	6.382541e-03
-2.886748e+01	6.427878e-03
-2.876748e+01	6.473708e-03
-2.866748e+01	6.520037e-03
-2.856748e+01	6.566874e-03
-2.846748e+01	6.614224e-03
-2.836748e+01	6.662098e-03
-2.826748e+01	6.710501e-03
-2.816748e+01	6.759442e-03
-2.806748e+01	6.808930e-03
-2.796748e+01	6.858972e-03
-2.786748e+01	6.909577e-03
-2.776748e+01	6.960754e-03
-2.766748e+01	7.012511e-03
-2.756748e+01	7.064857e-03
-2.746748e+01	7.117802e-03
-2.736748e+01	7.171354e-03
-2.726748e+01	7.225523e-03
-2.716748e+01	7.280320e-03
-2.706748e+01	7.335753e-03
-2.696748e+01	7.391833e-03
-2.686748e+01	7.448570e-03
-2.676748e+01	7.505974e-03
-2.666748e+01	7.564057e-03
-2.656748e+01	7.622829e-03
-2.646748e+01	7.682301e-03
-2.636748e+01	7.742484e-03
-2.626748e+01	7.803391e-03
-2.616748e+01	7.865033e-03
-2.606748e+01	7.927422e-03
-2.596748e+01	7.990571e-03
-2.586748e+01	8.054491e-03
-2.576748e+01	8.119197e-03
-2.566748e+01	8.184700e-03
-2.556748e+01	8.251015e-03
-2.546748e+01	8.318155e-03
-2.536748e+01	8.386135e-03
-2.526748e+01	8.454968e-03
-2.516748e+01	8.524669e-03
-2.506748e+01	8.595252e-03
-2.496748e+01	8.666735e-03
-2.486748e+01	8.739131e-03
-2.476748e+01	8.812457e-03
-2.466748e+01	8.886729e-03
-2.456748e+01	8.961963e-03
-2.446748e+01	9.038178e-03
-2.436748e+01	9.115390e-03
-2.426748e+01	9.193617e-03
-2.416748e+01	9.272877e-03
-2.406748e+01	9.353189e-03
-2.396748e+01	9.434572e-03
-2.386748e+01	9.517045e-03
-2.376748e+01	9.600630e-03
-2.366748e+01	9.685345e-03
-2.356748e+01	9.771212e-03
-2.346748e+01	9.858252e-03
-2.336748e+01	9.946487e-03
-2.326748e+01	1.003594e-02
-2.316748e+01	1.012663e-02
-2.306748e+01	1.021859e-02
-2.296748e+01	1.031184e-02
-2.286748e+01	1.040640e-02
-2.276748e+01	1.050229e-02
-2.266748e+01	1.059956e-02
-2.256748e+01	1.069821e-02
-2.246748e+01	1.079828e-02
-2.236748e+01	1.089980e-02
-2.226748e+01	1.100279e-02
-2.216748e+01	1.110728e-02
-2.206748e+01	1.121331e-02
-2.196748e+01	1.132091e-02
-2.186748e+01	1.143010e-02
-2.176748e+01	1.154092e-02
-2.166748e+01	1.165341e-02
-2.156748e+01	1.176759e-02
-2.146748e+01	1.188350e-02
-2.136748e+01	1.200118e-02
-2.126748e+01	1.212067e-02
-2.116748e+01	1.224200e-02
-2.106748e+01	1.236521e-02
-2.096748e+01	1.249034e-02
-2.086748e+01	1.261744e-02
-2.076748e+01	1.274655e-02
-2.066748e+01	1.287770e-02
-2.056748e+01	1.301095e-02
-2.046748e+01	1.314634e-02
-2.036748e+01	1.328392e-02
-2.026748e+01	1.342373e-02
-2.016748e+01	1.356583e-02
-2.006748e+01	1.371027e-02
-1.996748e+01	1.385710e-02
-1.986748e+01	1.400638e-02
-1.976748e+01	1.415816e-02
-1.966748e+01	1.431250e-02
-1.956748e+01	1.446946e-02
-1.946748e+01	1.462910e-02
-1.936748e+01	1.479148e-02
-1.926748e+01	1.495667e-02
-1.916748e+01	1.512474e-02
-1.906748e+01	1.529576e-02
-1.896748e+01	1.546980e-02
-1.886748e+01	1.564692e-02
-1.876748e+01	1.582721e-02
-1.866748e+01	1.601075e-02
-1.856748e+01	1.619761e-02
-1.846748e+01	1.638789e-02
-1.836748e+01	1.658166e-02
-1.826748e+01	1.677901e-02
-1.816748e+01	1.698005e-02
-1.806748e+01	1.718485e-02
-1.796748e+01	1.739353e-02
-1.786748e+01	1.760618e-02
-1.776748e+01	1.782290e-02
-1.766748e+01	1.804382e-02
-1.756748e+01	1.826903e-02
-1.746748e+01	1.849865e-02
-1.736748e+01	1.873282e-02
-1.726748e+01	1.897164e-02
-1.716748e+01	1.921525e-02
-1.706748e+01	1.946379e-02
-1.696748e+01	1.971739e-02
-1.686748e+01	1.997619e-02
-1.676748e+01	2.024035e-02
-1.666748e+01	2.051002e-02
-1.656748e+01	2.078537e-02
-1.646748e+01	2.106655e-02
-1.636748e+01	2.135374e-02
-1.626748e+01	2.164713e-02
-1.616748e+01	2.194689e-02
-1.606748e+01	2.225323e-02
-1.596748e+01	2.256634e-02
-1.586748e+01	2.288644e-02
-1.576748e+01	2.321374e-02
-1.566748e+01	2.354848e-02
-1.556748e+01	2.389089e-02
-1.546748e+01	2.424121e-02
-1.536748e+01	2.459972e-02
-1.526748e+01	2.496666e-02
-1.516748e+01	2.534234e-02
-1.506748e+01	2.572704e-02
-1.496748e+01	2.612106e-02
-1.486748e+01	2.652473e-02
-1.476748e+01	2.693838e-02
-1.466748e+01	2.736236e-02
-1.456748e+01	2.779704e-02
-1.446748e+01	2.824280e-02
-1.436748e+01	2.870005e-02
-1.426748e+01	2.916920e-02
-1.416748e+01	2.965070e-02
-1.406748e+01	3.014500e-02
-1.396748e+01	3.065261e-02
-1.386748e+01	3.117402e-02
-1.376748e+01	3.170978e-02
-1.366748e+01	3.226046e-02
-1.356748e+01	3.282664e-02
-1.346748e+01	3.340897e-02
-1.336748e+01	3.400810e-02
-1.326748e+01	3.462473e-02
-1.316748e+01	3.525960e-02
-1.306748e+01	3.591349e-02
-1.296748e+01	3.658723e-02
-1.286748e+01	3.728170e-02
-1.276748e+01	3.799782e-02
-1.266748e+01	3.873657e-02
-1.256748e+01	3.949900e-02
-1.246748e+01	4.028623e-02
-1.236748e+01	4.109943e-02
-1.226748e+01	4.193987e-02
-1.216748e+01	4.280889e-02
-1.206748e+01	4.370793e-02
-1.196748e+01	4.463852e-02
-1.186748e+01	4.560232e-02
-1.176748e+01	4.660107e-02
-1.166748e+01	4.763668e-02
-1.156748e+01	4.871119e-02
-1.146748e+01	4.982679e-02
-1.136748e+01	5.098585e-02
-1.126748e+01	5.219094e-02
-1.116748e+01	5.344482e-02
-1.106748e+01	5.475051e-02
-1.096748e+01	5.611129e-02
-1.086748e+01	5.753072e-02
-1.076748e+01	5.901270e-02
-1.066748e+01	6.056151e-02
-1.056748e+01	6.218182e-02
-1.046748e+01	6.387882e-02
-1.036748e+01	6.565818e-02
-1.026748e+01	6.752623e-02
-1.016748e+01	6.948998e-02
-1.006748e+01	7.155724e-02
-9.967479e+00	7.373678e-02
-9.867479e+00	7.603841e-02
-9.767479e+00	7.847324e-02
-9.667479e+00	8.105384e-02
-9.567479e+00	8.379451e-02
-9.467479e+00	8.671164e-02
-9.367479e+00	8.982408e-02
-9.267479e+00	9.315364e-02
-9.167479e+00	9.672574e-02
-9.067479e+00	1.005702e-01
-8.967479e+00	1.047221e-01
-8.867479e+00	1.092235e-01
-8.767479e+00	1.141245e-01
-8.667479e+00	1.194860e-01
-8.567479e+00	1.253825e-01
-8.467479e+00	1.319060e-01
-8.367479e+00	1.391714e-01
-8.267479e+00	1.473244e-01
-8.167479e+00	1.565516e-01
-8.067479e+00	1.670964e-01
-7.967479e+00	1.792808e-01
-7.867479e+00	1.935389e-01
-7.767479e+00	2.104673e-01
-7.667479e+00	2.309052e-01
-7.567479e+00	2.560613e-01
-7.467479e+00	2.877251e-01
-7.367479e+00	3.286286e-01
-7.267479e+00	3.830833e-01
-7.167479e+00	4.581415e-01
-7.067479e+00	5.657538e-01
-6.967479e+00	7.267233e-01
-6.867479e+00	9.770396e-01
-6.767479e+00	1.371461e+00
-6.667479e+00	1.944321e+00
-6.567479e+00	2.509794e+00
-6.467479e+00	2.544367e+00
-6.367479e+00	2.017906e+00
-6.267479e+00	1.456278e+00
-6.167479e+00	1.071533e+00
-6.067479e+00	8.356657e-01
-5.967479e+00	6.933307e-01
-5.867479e+00	6.075665e-01
-5.767479e+00	5.571377e-01
-5.667479e+00	5.301113e-01
-5.567479e+00	5.197697e-01
-5.467479e+00	5.223312e-01
-5.367479e+00	5.358129e-01
-5.267479e+00	5.599138e-01
-5.167479e+00	5.953945e-01
-5.067479e+00	6.412160e-01
-4.967479e+00	6.907379e-01
-4.867479e+00	7.410768e-01
-4.767479e+00	8.023456e-01
-4.667479e+00	8.835636e-01
-4.567479e+00	9.901313e-01
-4.467479e+00	1.128247e+00
-4.367479e+00	1.307080e+00
-4.267479e+00	1.543990e+00
-4.167479e+00	1.870053e+00
-4.067479e+00	2.331720e+00
-3.967479e+00	2.984688e+00
-3.867479e+00	3.861096e+00
-3.767479e+00	5.019770e+00
-3.667479e+00	6.657512e+00
-3.567479e+00	8.578186e+00
-3.467479e+00	9.654356e+00
-3.367479e+00	9.716380e+00
-3.267479e+00	1.026546e+01
-3.167479e+00	1.199168e+01
-3.067479e+00	1.412565e+01
-2.967479e+00	1.538414e+01
-2.867479e+00	1.509128e+01
-2.767479e+00	1.396016e+01
-2.667479e+00	1.319250e+01
-2.567479e+00	1.256735e+01
-2.467479e+00	1.195128e+01
-2.367479e+00	1.196643e+01
-2.267479e+00	1.271131e+01
-2.167479e+00	1.255813e+01
-2.067479e+00	1.046150e+01
-1.967479e+00	7.887209e+00
-1.867479e+00	5.846029e+00
-1.767479e+00	4.435139e+00
-1.667479e+00	3.532077e+00
-1.567479e+00	2.981818e+00
-1.467479e+00	2.672147e+00
-1.367479e+00	2.535435e+00
-1.267479e+00	2.549400e+00
-1.167479e+00	2.744949e+00
-1.067479e+00	3.195466e+00
-9.674791e-01	4.029229e+00
-8.674791e-01	5.410720e+00
-7.674791e-01	7.241125e+00
-6.674791e-01	8.395495e+00
-5.674791e-01	7.683402e+00
-4.674791e-01	6.234570e+00
-3.674791e-01	5.300779e+00
-2.674791e-01	4.794593e+00
-1.674791e-01	4.075049e+00
-6.747911e-02	3.142749e+00
3.252089e-02	2.385268e+00
1.325209e-01	1.885218e+00
2.325209e-01	1.579606e+00
3.325209e-01	1.412814e+00
4.325209e-01	1.355600e+00
5.325209e-01	1.373275e+00
6.325209e-01	1.360553e+00
7.325209e-01	1.220228e+00
8.325209e-01	1.034075e+00
9.325209e-01	8.892507e-01
1.032521e+00	7.935410e-01
1.132521e+00	7.329365e-01
1.232521e+00	6.961201e-01
1.332521e+00	6.764998e-01
1.432521e+00	6.705444e-01
1.532521e+00	6.757319e-01
1.632521e+00	6.887906e-01
1.732521e+00	7.089399e-01
1.832521e+00	7.400534e-01
1.932521e+00	7.860326e-01
2.032521e+00	8.508270e-01
2.132521e+00	9.407012e-01
2.232521e+00	1.066382e+00
2.332521e+00	1.245935e+00
2.432521e+00	1.507046e+00
2.532521e+00	1.875083e+00
2.632521e+00	2.298117e+00
2.732521e+00	2.568923e+00
2.832521e+00	2.651423e+00
2.932521e+00	2.812225e+00
3.032521e+00	3.232357e+00
3.132521e+00	4.019156e+00
3.232521e+00	5.346253e+00
3.332521e+00	7.523700e+00
3.432521e+00	1.091302e+01
3.532521e+00	1.509323e+01
3.632521e+00	1.712787e+01
3.732521e+00	1.462431e+01
3.832521e+00	1.050263e+01
3.932521e+00	7.342424e+00
4.032521e+00	5.356330e+00
4.132521e+00	4.163624e+00
4.232521e+00	3.462868e+00
4.332521e+00	3.080528e+00
4.432521e+00	2.927753e+00
4.532521e+00	2.969122e+00
4.632521e+00	3.209285e+00
4.732521e+00	3.694087e+00
4.832521e+00	4.526727e+00
4.932521e+00	5.903726e+00
5.032521e+00	8.169047e+00
5.132521e+00	1.179652e+01
5.232521e+00	1.677053e+01
5.332521e+00	2.049934e+01
5.432521e+00	1.887048e+01
5.532521e+00	1.382787e+01
5.632521e+00	9.400541e+00
5.732521e+00	6.470514e+00
5.832521e+00	4.627642e+00
5.932521e+00	3.445352e+00
6.032521e+00	2.657762e+00
6.132521e+00	2.112309e+00
6.232521e+00	1.720963e+00
6.332521e+00	1.431385e+00
6.432521e+00	1.211331e+00
6.532521e+00	1.040229e+00
6.632521e+00	9.045252e-01
6.732521e+00	7.950275e-01
6.832521e+00	7.053350e-01
6.932521e+00	6.308870e-01
7.032521e+00	5.683655e-01
7.132521e+00	5.153113e-01
7.232521e+00	4.698710e-01
7.332521e+00	4.306264e-01
7.432521e+00	3.964777e-01
7.532521e+00	3.665611e-01
7.632521e+00	3.401906e-01
7.732521e+00	3.168159e-01
7.832521e+00	2.959914e-01
7.932521e+00	2.773530e-01
8.032521e+00	2.606014e-01
8.132521e+00	2.454884e-01
8.232521e+00	2.318074e-01
8.332521e+00	2.193857e-01
8.432521e+00	2.080783e-01
8.532521e+00	1.977641e-01
8.632521e+00	1.883421e-01
8.732521e+00	1.797306e-01
8.832521e+00	1.718661e-01
8.932521e+00	1.647067e-01
9.032521e+00	1.582370e-01
9.132521e+00	1.524753e-01
9.232521e+00	1.474537e-01
9.332521e+00	1.430499e-01
9.432521e+00	1.386884e-01
9.532521e+00	1.340025e-01
9.632521e+00	1.295869e-01
9.732521e+00	1.259215e-01
9.832521e+00	1.231190e-01
9.932521e+00	1.212696e-01
1.003252e+01	1.205971e-01
1.013252e+01	1.215521e-01
1.023252e+01	1.249577e-01
1.033252e+01	1.321861e-01
1.043252e+01	1.448599e-01
1.053252e+01	1.618061e-01
1.063252e+01	1.733239e-01
1.073252e+01	1.734311e-01
1.083252e+01	1.735621e-01
1.093252e+01	1.758522e-01
1.103252e+01	1.676672e-01
1.113252e+01	1.515121e-01
1.123252e+01	1.407800e-01
1.133252e+01	1.405985e-01
1.143252e+01	1.517119e-01
1.153252e+01	1.702971e-01
1.163252e+01	1.786787e-01
1.173252e+01	1.624313e-01
1.183252e+01	1.382172e-01
1.193252e+01	1.213646e-01
1.203252e+01	1.135733e-01
1.213252e+01	1.133057e-01
1.223252e+01	1.198019e-01
1.233252e+01	1.295011e-01
1.243252e+01	1.315663e-01
1.253252e+01	1.211428e-01
1.263252e+01	1.055682e-01
1.273252e+01	9.030854e-02
1.283252e+01	7.861728e-02
1.293252e+01	7.070646e-02
1.303252e+01	6.551501e-02
1.313252e+01	6.224140e-02
1.323252e+01	6.051724e-02
1.333252e+01	6.000534e-02
1.343252e+01	5.955763e-02
1.353252e+01	5.761613e-02
1.363252e+01	5.452979e-02
1.373252e+01	5.128733e-02
1.383252e+01	4.852758e-02
1.393252e+01	4.643459e-02
1.403252e+01	4.485056e-02
1.413252e+01	4.351196e-02
1.423252e+01	4.224158e-02
1.433252e+01	4.108671e-02
1.443252e+01	4.009747e-02
1.453252e+01	3.926202e-02
1.463252e+01	3.857106e-02
1.473252e+01	3.803526e-02
1.483252e+01	3.766819e-02
1.493252e+01	3.744932e-02
1.503252e+01	3.727160e-02
1.513252e+01	3.684530e-02
1.523252e+01	3.611612e-02
1.533252e+01	3.547329e-02
1.543252e+01	3.515652e-02
1.553252e+01	3.521357e-02
1.563252e+01	3.546666e-02
1.573252e+01	3.529655e-02
1.583252e+01	3.441331e-02
1.593252e+01	3.337666e-02
1.603252e+01	3.258220e-02
1.613252e+01	3.206600e-02
1.623252e+01	3.177419e-02
1.633252e+01	3.167238e-02
1.643252e+01	3.176018e-02
1.653252e+01	3.207261e-02
1.663252e+01	3.268713e-02
1.673252e+01	3.374481e-02
1.683252e+01	3.548038e-02
1.693252e+01	3.818356e-02
1.703252e+01	4.174388e-02
1.713252e+01	4.471943e-02
1.723252e+01	4.595522e-02
1.733252e+01	4.657438e-02
1.743252e+01	4.753908e-02
1.753252e+01	5.027025e-02
1.763252e+01	5.630108e-02
1.773252e+01	6.653202e-02
1.783252e+01	7.990270e-02
1.793252e+01	9.320842e-02
1.803252e+01	1.045348e-01
1.813252e+01	1.083736e-01
1.823252e+01	1.046742e-01
1.833252e+01	1.043997e-01
1.843252e+01	1.092200e-01
1.853252e+01	1.064145e-01
1.863252e+01	9.070502e-02
1.873252e+01	7.448021e-02
1.883252e+01	6.444316e-02
1.893252e+01	6.027323e-02
1.903252e+01	6.126029e-02
1.913252e+01	6.793252e-02
1.923252e+01	8.117328e-02
1.933252e+01	9.917334e-02
1.943252e+01	1.116912e-01
1.953252e+01	1.093073e-01
1.963252e+01	9.718575e-02
1.973252e+01	8.030641e-02
1.983252e+01	6.517069e-02
1.993252e+01	5.459772e-02
2.003252e+01	4.704001e-02
2.013252e+01	4.162050e-02
2.023252e+01	3.762383e-02
2.033252e+01	3.460037e-02
2.043252e+01	3.282912e-02
2.053252e+01	3.251369e-02
2.063252e+01	3.378782e-02
2.073252e+01	3.628413e-02
2.083252e+01	3.791433e-02
2.093252e+01	3.698839e-02
2.103252e+01	3.571999e-02
2.113252e+01	3.560702e-02
2.123252e+01	3.521858e-02
2.133252e+01	3.358602e-02
2.143252e+01	3.199013e-02
2.153252e+01	3.180568e-02
2.163252e+01	3.357382e-02
2.173252e+01	3.744270e-02
2.183252e+01	4.250471e-02
2.193252e+01	4.681054e-02
2.203252e+01	5.181166e-02
2.213252e+01	5.995222e-02
2.223252e+01	6.673875e-02
2.233252e+01	6.429249e-02
2.243252e+01	5.422277e-02
2.253252e+01	4.388108e-02
2.263252e+01	3.709365e-02
2.273252e+01	3.339754e-02
2.283252e+01	3.096148e-02
2.293252e+01	2.866900e-02
2.303252e+01	2.604413e-02
2.313252e+01	2.348002e-02
2.323252e+01	2.161521e-02
2.333252e+01	2.035970e-02
2.343252e+01	1.952284e-02
2.353252e+01	1.915967e-02
2.363252e+01	1.920605e-02
2.373252e+01	1.918148e-02
2.383252e+01	1.865792e-02
2.393252e+01	1.804488e-02
2.403252e+01	1.776693e-02
2.413252e+01	1.795813e-02
2.423252e+01	1.871951e-02
2.433252e+01	2.006365e-02
2.443252e+01	2.146654e-02
2.453252e+01	2.192886e-02
2.463252e+01	2.159248e-02
2.473252e+01	2.147109e-02
2.483252e+01	2.197236e-02
2.493252e+01	2.295380e-02
2.503252e+01	2.428894e-02
2.513252e+01	2.578010e-02
2.523252e+01	2.734343e-02
2.533252e+01	2.855009e-02
2.543252e+01	2.871833e-02
2.553252e+01	2.802730e-02
2.563252e+01	2.767689e-02
2.573252e+01	2.819007e-02
2.583252e+01	2.926318e-02
2.593252e+01	3.147796e-02
2.603252e+01	3.593650e-02
2.613252e+01	4.351591e-02
2.623252e+01	5.509095e-02
2.633252e+01	7.131140e-02
2.643252e+01	8.815189e-02
2.653252e+01	9.765606e-02
2.663252e+01	1.013572e-01
2.673252e+01	1.019476e-01
2.683252e+01	9.704531e-02
2.693252e+01	8.572464e-02
2.703252e+01	7.429006e-02
2.713252e+01	6.418739e-02
2.723252e+01	5.321649e-02
2.733252e+01	4.247984e-02
2.743252e+01	3.460561e-02
2.753252e+01	2.985265e-02
2.763252e+01	2.702894e-02
2.773252e+01	2.470055e-02
2.783252e+01	2.270225e-02
2.793252e+01	2.160660e-02
2.803252e+01	2.108720e-02
2.813252e+01	2.003729e-02
2.823252e+01	1.836322e-02
2.833252e+01	1.683335e-02
2.843252e+01	1.576712e-02
2.853252e+01	1.511221e-02
2.863252e+01	1.481624e-02
2.873252e+01	1.487847e-02
2.883252e+01	1.532659e-02
2.893252e+01	1.625162e-02
2.903252e+01	1.785020e-02
2.913252e+01	2.048704e-02
2.923252e+01	2.476151e-02
2.933252e+01	3.137791e-02
2.943252e+01	4.020068e-02
2.953252e+01	4.789243e-02
2.963252e+01	4.945688e-02
2.973252e+01	4.599397e-02
2.983252e+01	4.044603e-02
2.993252e+01	3.537900e-02
3.003252e+01	3.154517e-02
3.013252e+01	2.754603e-02
3.023252e+01	2.327900e-02
3.033252e+01	1.991597e-02
3.043252e+01	1.750494e-02
3.053252e+01	1.592127e-02
3.063252e+01	1.521705e-02
3.073252e+01	1.539103e-02
3.083252e+01	1.636323e-02
3.093252e+01	1.781939e-02
3.103252e+01	1.901674e-02
3.113252e+01	1.842717e-02
3.123252e+01	1.615311e-02
3.133252e+01	1.399841e-02
3.143252e+01	1.263719e-02
3.153252e+01	1.197557e-02
3.163252e+01	1.188038e-02
3.173252e+01	1.234653e-02
3.183252e+01	1.352096e-02
3.193252e+01	1.568521e-02
3.203252e+01	1.892421e-02
3.213252e+01	2.189441e-02
3.223252e+01	2.202829e-02
3.233252e+01	1.989477e-02
3.243252e+01	1.716712e-02
3.253252e+01	1.439375e-02
3.263252e+01	1.223755e-02
3.273252e+01	1.079717e-02
3.283252e+01	9.892802e-03
3.293252e+01	9.382603e-03
3.303252e+01	9.098547e-03
3.313252e+01	8.840791e-03
3.323252e+01	8.622063e-03
3.333252e+01	8.582148e-03
3.343252e+01	8.729666e-03
3.353252e+01	8.925219e-03
3.363252e+01	9.074805e-03
3.373252e+01	9.407108e-03
3.383252e+01	1.010192e-02
3.393252e+01	1.078649e-02
3.403252e+01	1.075298e-02
3.413252e+01	1.010345e-02
3.423252e+01	9.160591e-03
3.433252e+01	8.196492e-03
3.443252e+01	7.469516e-03
3.453252e+01	6.989679e-03
3.463252e+01	6.679802e-03
3.473252e+01	6.471721e-03
3.483252e+01	6.325206e-03
3.493252e+01	6.231827e-03
3.503252e+01	6.188218e-03
3.513252e+01	6.189332e-03
3.523252e+01	6.245741e-03
3.533252e+01	6.390799e-03
3.543252e+01	6.665953e-03
3.553252e+01	7.021292e-03
3.563252e+01	7.152369e-03
3.573252e+01	6.850808e-03
3.583252e+01	6.421819e-03
3.593252e+01	6.102441e-03
3.603252e+01	5.907016e-03
3.613252e+01	5.797820e-03
3.623252e+01	5.739256e-03
3.633252e+01	5.708302e-03
3.643252e+01	5.708029e-03
3.653252e+01	5.746714e-03
3.663252e+01	5.819238e-03
3.673252e+01	5.920898e-03
3.683252e+01	6.077863e-03
3.693252e+01	6.308172e-03
3.703252e+01	6.570708e-03
3.713252e+01	6.849231e-03
3.723252e+01	7.189094e-03
3.733252e+01	7.512731e-03
3.743252e+01	7.839571e-03
3.753252e+01	8.424367e-03
3.763252e+01	9.465500e-03
3.773252e+01	1.111121e-02
3.783252e+01	1.352794e-02
3.793252e+01	1.607842e-02
3.803252e+01	1.664540e-02
3.813252e+01	1.483903e-02
3.823252e+01	1.269952e-02
3.833252e+01	1.130848e-02
3.843252e+01	1.040781e-02
3.853252e+01	9.677784e-03
3.863252e+01	9.261682e-03
3.873252e+01	9.286238e-03
3.883252e+01	9.748466e-03
3.893252e+01	1.057547e-02
3.903252e+01	1.149277e-02
3.913252e+01	1.191263e-02
3.923252e+01	1.161432e-02
3.933252e+01	1.089159e-02
3.943252e+01	1.034846e-02
3.953252e+01	1.032056e-02
3.963252e+01	1.073740e-02
3.973252e+01	1.143586e-02
3.983252e+01	1.255027e-02
3.993252e+01	1.435589e-02
4.003252e+01	1.721380e-02
4.013252e+01	2.186560e-02
4.023252e+01	2.934140e-02
4.033252e+01	3.948169e-02
4.043252e+01	4.710268e-02
4.053252e+01	4.550601e-02
4.063252e+01	3.955583e-02
4.073252e+01	3.624297e-02
4.083252e+01	3.490497e-02
4.093252e+01	3.129846e-02
4.103252e+01	2.515809e-02
4.113252e+01	1.950133e-02
4.123252e+01	1.555031e-02
4.133252e+01	1.305328e-02
4.143252e+01	1.144367e-02
4.153252e+01	1.043146e-02
4.163252e+01	9.803100e-03
4.173252e+01	9.323015e-03
4.183252e+01	8.866539e-03
4.193252e+01	8.388403e-03
4.203252e+01	8.095434e-03
4.213252e+01	8.164731e-03
4.223252e+01	8.400801e-03
4.233252e+01	8.166201e-03
4.243252e+01	7.283025e-03
4.253252e+01	6.349256e-03
4.263252e+01	5.665451e-03
4.273252e+01	5.202234e-03
4.283252e+01	4.882075e-03
4.293252e+01	4.651723e-03
4.303252e+01	4.479809e-03
4.313252e+01	4.347844e-03
4.323252e+01	4.244825e-03
4.333252e+01	4.164232e-03
4.343252e+01	4.102277e-03
4.353252e+01	4.056242e-03
4.363252e+01	4.022065e-03
4.373252e+01	3.996471e-03
4.383252e+01	3.983175e-03
4.393252e+01	3.987832e-03
4.403252e+01	4.015383e-03
4.413252e+01	4.072922e-03
4.423252e+01	4.171111e-03
4.433252e+01	4.320622e-03
4.443252e+01	4.526800e-03
4.453252e+01	4.812850e-03
4.463252e+01	5.244785e-03
4.473252e+01	5.947647e-03
4.483252e+01	7.076787e-03
4.493252e+01	8.542314e-03
4.503252e+01	9.393830e-03
4.513252e+01	8.629177e-03
4.523252e+01	7.134337e-03
4.533252e+01	5.936464e-03
4.543252e+01	5.174049e-03
4.553252e+01	4.713861e-03
4.563252e+01	4.437668e-03
4.573252e+01	4.277612e-03
4.583252e+01	4.204924e-03
4.593252e+01	4.209773e-03
4.603252e+01	4.296027e-03
4.613252e+01	4.484556e-03
4.623252e+01	4.821210e-03
4.633252e+01	5.388311e-03
4.643252e+01	6.274970e-03
4.653252e+01	7.338915e-03
4.663252e+01	7.797309e-03
4.673252e+01	7.160090e-03
4.683252e+01	6.229301e-03
4.693252e+01	5.594165e-03
4.703252e+01	5.290146e-03
4.713252e+01	5.245784e-03
4.723252e+01	5.429274e-03
4.733252e+01	5.861875e-03
4.743252e+01	6.614048e-03
4.753252e+01	7.747001e-03
4.763252e+01	9.098933e-03
4.773252e+01	1.038477e-02
4.783252e+01	1.212417e-02
4.793252e+01	1.527357e-02
4.803252e+01	1.997057e-02
4.813252e+01	2.365001e-02
4.823252e+01	2.207345e-02
4.833252e+01	1.699582e-02
4.843252e+01	1.251749e-02
4.853252e+01	9.601011e-03
4.863252e+01	7.807837e-03
4.873252e+01	6.607403e-03
4.883252e+01	5.725164e-03
4.893252e+01	5.107679e-03
4.903252e+01	4.715558e-03
4.913252e+01	4.510038e-03
4.923252e+01	4.468593e-03
4.933252e+01	4.534496e-03
4.943252e+01	4.530151e-03
4.953252e+01	4.284644e-03
4.963252e+01	3.916951e-03
4.973252e+01	3.609975e-03
4.983252e+01	3.396795e-03
4.993252e+01	3.252800e-03
5.003252e+01	3.154949e-03
5.013252e+01	3.089455e-03
5.023252e+01	3.049053e-03
5.033252e+01	3.030573e-03
5.043252e+01	3.035189e-03
5.053252e+01	3.069312e-03
5.063252e+01	3.145576e-03
5.073252e+01	3.286791e-03
5.083252e+01	3.528708e-03
5.093252e+01	3.897936e-03
5.103252e+01	4.290728e-03
5.113252e+01	4.382185e-03
5.123252e+01	4.138850e-03
5.133252e+01	3.917269e-03
5.143252e+01	3.903270e-03
5.153252e+01	4.136119e-03
5.163252e+01	4.586785e-03
5.173252e+01	4.970445e-03
5.183252e+01	4.828038e-03
5.193252e+01	4.347834e-03
5.203252e+01	3.992223e-03
5.213252e+01	3.892729e-03
5.223252e+01	3.992890e-03
5.233252e+01	4.085143e-03
5.243252e+01	3.927868e-03
5.253252e+01	3.598093e-03
5.263252e+01	3.289623e-03
5.273252e+01	3.042901e-03
5.283252e+01	2.849045e-03
5.293252e+01	2.711446e-03
5.303252e+01	2.620651e-03
5.313252e+01	2.564304e-03
5.323252e+01	2.534720e-03
5.333252e+01	2.524251e-03
5.343252e+01	2.513218e-03
5.353252e+01	2.484221e-03
5.363252e+01	2.454162e-03
5.373252e+01	2.441613e-03
5.383252e+01	2.444745e-03
5.393252e+01	2.439986e-03
5.403252e+01	2.409277e-03
5.413252e+01	2.371423e-03
5.423252e+01	2.341928e-03
5.433252e+01	2.320610e-03
5.443252e+01	2.304913e-03
5.453252e+01	2.294923e-03
5.463252e+01	2.290420e-03
5.473252e+01	2.290317e-03
5.483252e+01	2.293443e-03
5.493252e+01	2.300766e-03
5.503252e+01	2.315174e-03
5.513252e+01	2.339802e-03
5.523252e+01	2.375611e-03
5.533252e+01	2.410773e-03
5.543252e+01	2.421253e-03
5.553252e+01	2.412435e-03
5.563252e+01	2.405844e-03
5.573252e+01	2.409630e-03
5.583252e+01	2.426242e-03
5.593252e+01	2.455583e-03
5.603252e+01	2.498054e-03
5.613252e+01	2.558091e-03
5.623252e+01	2.644558e-03
5.633252e+01	2.771490e-03
5.643252e+01	2.956962e-03
5.653252e+01	3.197707e-03
5.663252e+01	3.400025e-03
5.673252e+01	3.442164e-03
5.683252e+01	3.398644e-03
5.693252e+01	3.381824e-03
5.703252e+01	3.415881e-03
5.713252e+01	3.507348e-03
5.723252e+01	3.678920e-03
5.733252e+01	3.963778e-03
5.743252e+01	4.399875e-03
5.753252e+01	5.032998e-03
5.763252e+01	5.868052e-03
5.773252e+01	6.800172e-03
5.783252e+01	7.804815e-03
5.793252e+01	9.053910e-03
5.803252e+01	1.056460e-02
5.813252e+01	1.200217e-02
5.823252e+01	1.294075e-02
5.833252e+01	1.291481e-02
5.843252e+01	1.207308e-02
5.853252e+01	1.146899e-02
5.863252e+01	1.179145e-02
5.873252e+01	1.323418e-02
5.883252e+01	1.619154e-02
5.893252e+01	2.136851e-02
5.903252e+01	2.920321e-02
5.913252e+01	3.730948e-02
5.923252e+01	3.916771e-02
5.933252e+01	3.443896e-02
5.943252e+01	2.999239e-02
5.953252e+01	2.821493e-02
5.963252e+01	2.610495e-02
5.973252e+01	2.144692e-02
5.983252e+01	1.645654e-02
5.993252e+01	1.299627e-02
6.003252e+01	1.105302e-02
6.013252e+01	9.975082e-03
6.023252e+01	9.045741e-03
6.033252e+01	8.131353e-03
6.043252e+01	7.627282e-03
6.053252e+01	7.742642e-03
6.063252e+01	8.299809e-03
6.073252e+01	8.477032e-03
6.083252e+01	7.573684e-03
6.093252e+01	6.250818e-03
6.103252e+01	5.228319e-03
6.113252e+01	4.611458e-03
6.123252e+01	4.282991e-03
6.133252e+01	4.045731e-03
6.143252e+01	3.735805e-03
6.153252e+01	3.416016e-03
6.163252e+01	3.167882e-03
6.173252e+01	2.995094e-03
6.183252e+01	2.885879e-03
6.193252e+01	2.828668e-03
6.203252e+01	2.815469e-03
6.213252e+01	2.840198e-03
6.223252e+01	2.901730e-03
6.233252e+01	3.014894e-03
6.243252e+01	3.205443e-03
6.253252e+01	3.510369e-03
6.263252e+01	3.992686e-03
6.273252e+01	4.764277e-03
6.283252e+01	6.015559e-03
6.293252e+01	7.998027e-03
6.303252e+01	1.065284e-02
6.313252e+01	1.248192e-02
6.323252e+01	1.142415e-02
6.333252e+01	8.747079e-03
6.343252e+01	6.485049e-03
