#RPA-results:
#Nucleus: Ni 80
#Fermi level: -1.541935e+00	-1.810941e+01
#Excitation: 1 +
#Total number of pairs: 494
#Number of ph-/ah-pairs: 494/0
#Maximal excitation-energy for particle-hole-pairs: 100
#Maximal excitation-energy for antiparticle-hole-pairs: 1000
#No imaginary eigenvalues

#Parameterset: DD-PC1
#natural parity: no
#Isoscalar result:

#width: 5.000000e-01
#maximum value: 6.496695e-03
#at energy: 6.343252e+01
-9.656748e+01	5.673538e-04
-9.646748e+01	5.685235e-04
-9.636748e+01	5.696969e-04
-9.626748e+01	5.708740e-04
-9.616748e+01	5.720546e-04
-9.606748e+01	5.732390e-04
-9.596748e+01	5.744271e-04
-9.586748e+01	5.756188e-04
-9.576748e+01	5.768143e-04
-9.566748e+01	5.780135e-04
-9.556748e+01	5.792165e-04
-9.546748e+01	5.804232e-04
-9.536748e+01	5.816337e-04
-9.526748e+01	5.828480e-04
-9.516748e+01	5.840661e-04
-9.506748e+01	5.852881e-04
-9.496748e+01	5.865139e-04
-9.486748e+01	5.877435e-04
-9.476748e+01	5.889770e-04
-9.466748e+01	5.902145e-04
-9.456748e+01	5.914558e-04
-9.446748e+01	5.927011e-04
-9.436748e+01	5.939503e-04
-9.426748e+01	5.952034e-04
-9.416748e+01	5.964606e-04
-9.406748e+01	5.977217e-04
-9.396748e+01	5.989869e-04
-9.386748e+01	6.002560e-04
-9.376748e+01	6.015292e-04
-9.366748e+01	6.028065e-04
-9.356748e+01	6.040879e-04
-9.346748e+01	6.053734e-04
-9.336748e+01	6.066629e-04
-9.326748e+01	6.079566e-04
-9.316748e+01	6.092545e-04
-9.306748e+01	6.105565e-04
-9.296748e+01	6.118627e-04
-9.286748e+01	6.131731e-04
-9.276748e+01	6.144878e-04
-9.266748e+01	6.158066e-04
-9.256748e+01	6.171298e-04
-9.246748e+01	6.184572e-04
-9.236748e+01	6.197889e-04
-9.226748e+01	6.211249e-04
-9.216748e+01	6.224652e-04
-9.206748e+01	6.238099e-04
-9.196748e+01	6.251590e-04
-9.186748e+01	6.265125e-04
-9.176748e+01	6.278703e-04
-9.166748e+01	6.292326e-04
-9.156748e+01	6.305994e-04
-9.146748e+01	6.319706e-04
-9.136748e+01	6.333463e-04
-9.126748e+01	6.347265e-04
-9.116748e+01	6.361112e-04
-9.106748e+01	6.375005e-04
-9.096748e+01	6.388943e-04
-9.086748e+01	6.402927e-04
-9.076748e+01	6.416957e-04
-9.066748e+01	6.431034e-04
-9.056748e+01	6.445157e-04
-9.046748e+01	6.459326e-04
-9.036748e+01	6.473543e-04
-9.026748e+01	6.487806e-04
-9.016748e+01	6.502117e-04
-9.006748e+01	6.516475e-04
-8.996748e+01	6.530881e-04
-8.986748e+01	6.545335e-04
-8.976748e+01	6.559837e-04
-8.966748e+01	6.574387e-04
-8.956748e+01	6.588986e-04
-8.946748e+01	6.603634e-04
-8.936748e+01	6.618331e-04
-8.926748e+01	6.633076e-04
-8.916748e+01	6.647872e-04
-8.906748e+01	6.662717e-04
-8.896748e+01	6.677612e-04
-8.886748e+01	6.692557e-04
-8.876748e+01	6.707552e-04
-8.866748e+01	6.722598e-04
-8.856748e+01	6.737694e-04
-8.846748e+01	6.752842e-04
-8.836748e+01	6.768041e-04
-8.826748e+01	6.783291e-04
-8.816748e+01	6.798593e-04
-8.806748e+01	6.813947e-04
-8.796748e+01	6.829353e-04
-8.786748e+01	6.844811e-04
-8.776748e+01	6.860323e-04
-8.766748e+01	6.875887e-04
-8.756748e+01	6.891504e-04
-8.746748e+01	6.907174e-04
-8.736748e+01	6.922898e-04
-8.726748e+01	6.938676e-04
-8.716748e+01	6.954509e-04
-8.706748e+01	6.970395e-04
-8.696748e+01	6.986336e-04
-8.686748e+01	7.002332e-04
-8.676748e+01	7.018383e-04
-8.666748e+01	7.034490e-04
-8.656748e+01	7.050652e-04
-8.646748e+01	7.066870e-04
-8.636748e+01	7.083144e-04
-8.626748e+01	7.099474e-04
-8.616748e+01	7.115861e-04
-8.606748e+01	7.132305e-04
-8.596748e+01	7.148806e-04
-8.586748e+01	7.165365e-04
-8.576748e+01	7.181981e-04
-8.566748e+01	7.198656e-04
-8.556748e+01	7.215388e-04
-8.546748e+01	7.232179e-04
-8.536748e+01	7.249029e-04
-8.526748e+01	7.265938e-04
-8.516748e+01	7.282907e-04
-8.506748e+01	7.299935e-04
-8.496748e+01	7.317022e-04
-8.486748e+01	7.334170e-04
-8.476748e+01	7.351379e-04
-8.466748e+01	7.368648e-04
-8.456748e+01	7.385979e-04
-8.446748e+01	7.403370e-04
-8.436748e+01	7.420824e-04
-8.426748e+01	7.438339e-04
-8.416748e+01	7.455916e-04
-8.406748e+01	7.473556e-04
-8.396748e+01	7.491259e-04
-8.386748e+01	7.509025e-04
-8.376748e+01	7.526854e-04
-8.366748e+01	7.544747e-04
-8.356748e+01	7.562704e-04
-8.346748e+01	7.580726e-04
-8.336748e+01	7.598812e-04
-8.326748e+01	7.616963e-04
-8.316748e+01	7.635179e-04
-8.306748e+01	7.653461e-04
-8.296748e+01	7.671808e-04
-8.286748e+01	7.690222e-04
-8.276748e+01	7.708702e-04
-8.266748e+01	7.727249e-04
-8.256748e+01	7.745864e-04
-8.246748e+01	7.764546e-04
-8.236748e+01	7.783295e-04
-8.226748e+01	7.802113e-04
-8.216748e+01	7.820999e-04
-8.206748e+01	7.839954e-04
-8.196748e+01	7.858979e-04
-8.186748e+01	7.878072e-04
-8.176748e+01	7.897236e-04
-8.166748e+01	7.916469e-04
-8.156748e+01	7.935774e-04
-8.146748e+01	7.955149e-04
-8.136748e+01	7.974595e-04
-8.126748e+01	7.994113e-04
-8.116748e+01	8.013702e-04
-8.106748e+01	8.033364e-04
-8.096748e+01	8.053099e-04
-8.086748e+01	8.072906e-04
-8.076748e+01	8.092787e-04
-8.066748e+01	8.112742e-04
-8.056748e+01	8.132770e-04
-8.046748e+01	8.152873e-04
-8.036748e+01	8.173051e-04
-8.026748e+01	8.193304e-04
-8.016748e+01	8.213633e-04
-8.006748e+01	8.234037e-04
-7.996748e+01	8.254518e-04
-7.986748e+01	8.275075e-04
-7.976748e+01	8.295710e-04
-7.966748e+01	8.316422e-04
-7.956748e+01	8.337212e-04
-7.946748e+01	8.358080e-04
-7.936748e+01	8.379027e-04
-7.926748e+01	8.400052e-04
-7.916748e+01	8.421157e-04
-7.906748e+01	8.442342e-04
-7.896748e+01	8.463608e-04
-7.886748e+01	8.484953e-04
-7.876748e+01	8.506380e-04
-7.866748e+01	8.527889e-04
-7.856748e+01	8.549479e-04
-7.846748e+01	8.571151e-04
-7.836748e+01	8.592907e-04
-7.826748e+01	8.614745e-04
-7.816748e+01	8.636667e-04
-7.806748e+01	8.658673e-04
-7.796748e+01	8.680763e-04
-7.786748e+01	8.702938e-04
-7.776748e+01	8.725199e-04
-7.766748e+01	8.747545e-04
-7.756748e+01	8.769977e-04
-7.746748e+01	8.792496e-04
-7.736748e+01	8.815102e-04
-7.726748e+01	8.837795e-04
-7.716748e+01	8.860577e-04
-7.706748e+01	8.883447e-04
-7.696748e+01	8.906405e-04
-7.686748e+01	8.929453e-04
-7.676748e+01	8.952591e-04
-7.666748e+01	8.975819e-04
-7.656748e+01	8.999138e-04
-7.646748e+01	9.022548e-04
-7.636748e+01	9.046050e-04
-7.626748e+01	9.069644e-04
-7.616748e+01	9.093331e-04
-7.606748e+01	9.117111e-04
-7.596748e+01	9.140984e-04
-7.586748e+01	9.164951e-04
-7.576748e+01	9.189014e-04
-7.566748e+01	9.213171e-04
-7.556748e+01	9.237424e-04
-7.546748e+01	9.261773e-04
-7.536748e+01	9.286219e-04
-7.526748e+01	9.310761e-04
-7.516748e+01	9.335402e-04
-7.506748e+01	9.360141e-04
-7.496748e+01	9.384978e-04
-7.486748e+01	9.409915e-04
-7.476748e+01	9.434951e-04
-7.466748e+01	9.460088e-04
-7.456748e+01	9.485326e-04
-7.446748e+01	9.510665e-04
-7.436748e+01	9.536106e-04
-7.426748e+01	9.561649e-04
-7.416748e+01	9.587295e-04
-7.406748e+01	9.613046e-04
-7.396748e+01	9.638900e-04
-7.386748e+01	9.664859e-04
-7.376748e+01	9.690923e-04
-7.366748e+01	9.717093e-04
-7.356748e+01	9.743370e-04
-7.346748e+01	9.769753e-04
-7.336748e+01	9.796244e-04
-7.326748e+01	9.822843e-04
-7.316748e+01	9.849552e-04
-7.306748e+01	9.876369e-04
-7.296748e+01	9.903296e-04
-7.286748e+01	9.930334e-04
-7.276748e+01	9.957484e-04
-7.266748e+01	9.984744e-04
-7.256748e+01	1.001212e-03
-7.246748e+01	1.003960e-03
-7.236748e+01	1.006720e-03
-7.226748e+01	1.009492e-03
-7.216748e+01	1.012275e-03
-7.206748e+01	1.015069e-03
-7.196748e+01	1.017875e-03
-7.186748e+01	1.020693e-03
-7.176748e+01	1.023523e-03
-7.166748e+01	1.026364e-03
-7.156748e+01	1.029217e-03
-7.146748e+01	1.032082e-03
-7.136748e+01	1.034960e-03
-7.126748e+01	1.037849e-03
-7.116748e+01	1.040750e-03
-7.106748e+01	1.043664e-03
-7.096748e+01	1.046590e-03
-7.086748e+01	1.049528e-03
-7.076748e+01	1.052479e-03
-7.066748e+01	1.055442e-03
-7.056748e+01	1.058418e-03
-7.046748e+01	1.061406e-03
-7.036748e+01	1.064407e-03
-7.026748e+01	1.067421e-03
-7.016748e+01	1.070448e-03
-7.006748e+01	1.073488e-03
-6.996748e+01	1.076540e-03
-6.986748e+01	1.079606e-03
-6.976748e+01	1.082685e-03
-6.966748e+01	1.085777e-03
-6.956748e+01	1.088883e-03
-6.946748e+01	1.092002e-03
-6.936748e+01	1.095134e-03
-6.926748e+01	1.098280e-03
-6.916748e+01	1.101439e-03
-6.906748e+01	1.104612e-03
-6.896748e+01	1.107799e-03
-6.886748e+01	1.111000e-03
-6.876748e+01	1.114215e-03
-6.866748e+01	1.117443e-03
-6.856748e+01	1.120686e-03
-6.846748e+01	1.123943e-03
-6.836748e+01	1.127215e-03
-6.826748e+01	1.130500e-03
-6.816748e+01	1.133800e-03
-6.806748e+01	1.137115e-03
-6.796748e+01	1.140444e-03
-6.786748e+01	1.143788e-03
-6.776748e+01	1.147146e-03
-6.766748e+01	1.150520e-03
-6.756748e+01	1.153908e-03
-6.746748e+01	1.157312e-03
-6.736748e+01	1.160730e-03
-6.726748e+01	1.164164e-03
-6.716748e+01	1.167613e-03
-6.706748e+01	1.171078e-03
-6.696748e+01	1.174558e-03
-6.686748e+01	1.178053e-03
-6.676748e+01	1.181565e-03
-6.666748e+01	1.185092e-03
-6.656748e+01	1.188634e-03
-6.646748e+01	1.192193e-03
-6.636748e+01	1.195768e-03
-6.626748e+01	1.199359e-03
-6.616748e+01	1.202967e-03
-6.606748e+01	1.206590e-03
-6.596748e+01	1.210230e-03
-6.586748e+01	1.213887e-03
-6.576748e+01	1.217560e-03
-6.566748e+01	1.221251e-03
-6.556748e+01	1.224957e-03
-6.546748e+01	1.228681e-03
-6.536748e+01	1.232422e-03
-6.526748e+01	1.236180e-03
-6.516748e+01	1.239956e-03
-6.506748e+01	1.243749e-03
-6.496748e+01	1.247559e-03
-6.486748e+01	1.251387e-03
-6.476748e+01	1.255232e-03
-6.466748e+01	1.259096e-03
-6.456748e+01	1.262977e-03
-6.446748e+01	1.266876e-03
-6.436748e+01	1.270794e-03
-6.426748e+01	1.274730e-03
-6.416748e+01	1.278684e-03
-6.406748e+01	1.282656e-03
-6.396748e+01	1.286647e-03
-6.386748e+01	1.290657e-03
-6.376748e+01	1.294686e-03
-6.366748e+01	1.298734e-03
-6.356748e+01	1.302801e-03
-6.346748e+01	1.306887e-03
-6.336748e+01	1.310992e-03
-6.326748e+01	1.315117e-03
-6.316748e+01	1.319261e-03
-6.306748e+01	1.323425e-03
-6.296748e+01	1.327609e-03
-6.286748e+01	1.331813e-03
-6.276748e+01	1.336037e-03
-6.266748e+01	1.340281e-03
-6.256748e+01	1.344545e-03
-6.246748e+01	1.348830e-03
-6.236748e+01	1.353135e-03
-6.226748e+01	1.357461e-03
-6.216748e+01	1.361808e-03
-6.206748e+01	1.366176e-03
-6.196748e+01	1.370565e-03
-6.186748e+01	1.374976e-03
-6.176748e+01	1.379407e-03
-6.166748e+01	1.383861e-03
-6.156748e+01	1.388336e-03
-6.146748e+01	1.392833e-03
-6.136748e+01	1.397351e-03
-6.126748e+01	1.401892e-03
-6.116748e+01	1.406455e-03
-6.106748e+01	1.411041e-03
-6.096748e+01	1.415649e-03
-6.086748e+01	1.420280e-03
-6.076748e+01	1.424933e-03
-6.066748e+01	1.429610e-03
-6.056748e+01	1.434310e-03
-6.046748e+01	1.439033e-03
-6.036748e+01	1.443779e-03
-6.026748e+01	1.448549e-03
-6.016748e+01	1.453343e-03
-6.006748e+01	1.458161e-03
-5.996748e+01	1.463003e-03
-5.986748e+01	1.467869e-03
-5.976748e+01	1.472760e-03
-5.966748e+01	1.477675e-03
-5.956748e+01	1.482615e-03
-5.946748e+01	1.487579e-03
-5.936748e+01	1.492569e-03
-5.926748e+01	1.497584e-03
-5.916748e+01	1.502625e-03
-5.906748e+01	1.507691e-03
-5.896748e+01	1.512783e-03
-5.886748e+01	1.517901e-03
-5.876748e+01	1.523045e-03
-5.866748e+01	1.528215e-03
-5.856748e+01	1.533412e-03
-5.846748e+01	1.538635e-03
-5.836748e+01	1.543885e-03
-5.826748e+01	1.549162e-03
-5.816748e+01	1.554467e-03
-5.806748e+01	1.559799e-03
-5.796748e+01	1.565158e-03
-5.786748e+01	1.570545e-03
-5.776748e+01	1.575960e-03
-5.766748e+01	1.581404e-03
-5.756748e+01	1.586876e-03
-5.746748e+01	1.592376e-03
-5.736748e+01	1.597905e-03
-5.726748e+01	1.603463e-03
-5.716748e+01	1.609050e-03
-5.706748e+01	1.614667e-03
-5.696748e+01	1.620313e-03
-5.686748e+01	1.625989e-03
-5.676748e+01	1.631695e-03
-5.666748e+01	1.637431e-03
-5.656748e+01	1.643198e-03
-5.646748e+01	1.648995e-03
-5.636748e+01	1.654823e-03
-5.626748e+01	1.660682e-03
-5.616748e+01	1.666573e-03
-5.606748e+01	1.672495e-03
-5.596748e+01	1.678449e-03
-5.586748e+01	1.684434e-03
-5.576748e+01	1.690452e-03
-5.566748e+01	1.696503e-03
-5.556748e+01	1.702586e-03
-5.546748e+01	1.708702e-03
-5.536748e+01	1.714851e-03
-5.526748e+01	1.721034e-03
-5.516748e+01	1.727250e-03
-5.506748e+01	1.733500e-03
-5.496748e+01	1.739784e-03
-5.486748e+01	1.746103e-03
-5.476748e+01	1.752456e-03
-5.466748e+01	1.758845e-03
-5.456748e+01	1.765268e-03
-5.446748e+01	1.771727e-03
-5.436748e+01	1.778221e-03
-5.426748e+01	1.784752e-03
-5.416748e+01	1.791318e-03
-5.406748e+01	1.797921e-03
-5.396748e+01	1.804561e-03
-5.386748e+01	1.811238e-03
-5.376748e+01	1.817952e-03
-5.366748e+01	1.824704e-03
-5.356748e+01	1.831493e-03
-5.346748e+01	1.838321e-03
-5.336748e+01	1.845187e-03
-5.326748e+01	1.852092e-03
-5.316748e+01	1.859036e-03
-5.306748e+01	1.866019e-03
-5.296748e+01	1.873042e-03
-5.286748e+01	1.880104e-03
-5.276748e+01	1.887207e-03
-5.266748e+01	1.894351e-03
-5.256748e+01	1.901535e-03
-5.246748e+01	1.908760e-03
-5.236748e+01	1.916027e-03
-5.226748e+01	1.923336e-03
-5.216748e+01	1.930687e-03
-5.206748e+01	1.938080e-03
-5.196748e+01	1.945516e-03
-5.186748e+01	1.952995e-03
-5.176748e+01	1.960517e-03
-5.166748e+01	1.968083e-03
-5.156748e+01	1.975694e-03
-5.146748e+01	1.983348e-03
-5.136748e+01	1.991048e-03
-5.126748e+01	1.998793e-03
-5.116748e+01	2.006583e-03
-5.106748e+01	2.014419e-03
-5.096748e+01	2.022301e-03
-5.086748e+01	2.030230e-03
-5.076748e+01	2.038206e-03
-5.066748e+01	2.046229e-03
-5.056748e+01	2.054300e-03
-5.046748e+01	2.062419e-03
-5.036748e+01	2.070586e-03
-5.026748e+01	2.078803e-03
-5.016748e+01	2.087068e-03
-5.006748e+01	2.095384e-03
-4.996748e+01	2.103749e-03
-4.986748e+01	2.112165e-03
-4.976748e+01	2.120631e-03
-4.966748e+01	2.129149e-03
-4.956748e+01	2.137719e-03
-4.946748e+01	2.146341e-03
-4.936748e+01	2.155015e-03
-4.926748e+01	2.163742e-03
-4.916748e+01	2.172523e-03
-4.906748e+01	2.181357e-03
-4.896748e+01	2.190246e-03
-4.886748e+01	2.199190e-03
-4.876748e+01	2.208188e-03
-4.866748e+01	2.217243e-03
-4.856748e+01	2.226353e-03
-4.846748e+01	2.235520e-03
-4.836748e+01	2.244745e-03
-4.826748e+01	2.254026e-03
-4.816748e+01	2.263366e-03
-4.806748e+01	2.272764e-03
-4.796748e+01	2.282221e-03
-4.786748e+01	2.291738e-03
-4.776748e+01	2.301315e-03
-4.766748e+01	2.310952e-03
-4.756748e+01	2.320650e-03
-4.746748e+01	2.330410e-03
-4.736748e+01	2.340231e-03
-4.726748e+01	2.350116e-03
-4.716748e+01	2.360063e-03
-4.706748e+01	2.370074e-03
-4.696748e+01	2.380150e-03
-4.686748e+01	2.390290e-03
-4.676748e+01	2.400495e-03
-4.666748e+01	2.410766e-03
-4.656748e+01	2.421104e-03
-4.646748e+01	2.431509e-03
-4.636748e+01	2.441981e-03
-4.626748e+01	2.452522e-03
-4.616748e+01	2.463132e-03
-4.606748e+01	2.473810e-03
-4.596748e+01	2.484559e-03
-4.586748e+01	2.495379e-03
-4.576748e+01	2.506270e-03
-4.566748e+01	2.517232e-03
-4.556748e+01	2.528268e-03
-4.546748e+01	2.539376e-03
-4.536748e+01	2.550558e-03
-4.526748e+01	2.561815e-03
-4.516748e+01	2.573147e-03
-4.506748e+01	2.584555e-03
-4.496748e+01	2.596039e-03
-4.486748e+01	2.607600e-03
-4.476748e+01	2.619239e-03
-4.466748e+01	2.630957e-03
-4.456748e+01	2.642755e-03
-4.446748e+01	2.654632e-03
-4.436748e+01	2.666590e-03
-4.426748e+01	2.678630e-03
-4.416748e+01	2.690751e-03
-4.406748e+01	2.702956e-03
-4.396748e+01	2.715245e-03
-4.386748e+01	2.727618e-03
-4.376748e+01	2.740077e-03
-4.366748e+01	2.752621e-03
-4.356748e+01	2.765253e-03
-4.346748e+01	2.777972e-03
-4.336748e+01	2.790780e-03
-4.326748e+01	2.803677e-03
-4.316748e+01	2.816665e-03
-4.306748e+01	2.829743e-03
-4.296748e+01	2.842914e-03
-4.286748e+01	2.856177e-03
-4.276748e+01	2.869534e-03
-4.266748e+01	2.882986e-03
-4.256748e+01	2.896533e-03
-4.246748e+01	2.910176e-03
-4.236748e+01	2.923917e-03
-4.226748e+01	2.937756e-03
-4.216748e+01	2.951694e-03
-4.206748e+01	2.965732e-03
-4.196748e+01	2.979872e-03
-4.186748e+01	2.994113e-03
-4.176748e+01	3.008458e-03
-4.166748e+01	3.022906e-03
-4.156748e+01	3.037460e-03
-4.146748e+01	3.052120e-03
-4.136748e+01	3.066887e-03
-4.126748e+01	3.081762e-03
-4.116748e+01	3.096747e-03
-4.106748e+01	3.111842e-03
-4.096748e+01	3.127048e-03
-4.086748e+01	3.142367e-03
-4.076748e+01	3.157800e-03
-4.066748e+01	3.173347e-03
-4.056748e+01	3.189011e-03
-4.046748e+01	3.204791e-03
-4.036748e+01	3.220690e-03
-4.026748e+01	3.236709e-03
-4.016748e+01	3.252848e-03
-4.006748e+01	3.269109e-03
-3.996748e+01	3.285493e-03
-3.986748e+01	3.302002e-03
-3.976748e+01	3.318637e-03
-3.966748e+01	3.335398e-03
-3.956748e+01	3.352288e-03
-3.946748e+01	3.369308e-03
-3.936748e+01	3.386458e-03
-3.926748e+01	3.403741e-03
-3.916748e+01	3.421158e-03
-3.906748e+01	3.438710e-03
-3.896748e+01	3.456398e-03
-3.886748e+01	3.474224e-03
-3.876748e+01	3.492190e-03
-3.866748e+01	3.510296e-03
-3.856748e+01	3.528545e-03
-3.846748e+01	3.546938e-03
-3.836748e+01	3.565476e-03
-3.826748e+01	3.584161e-03
-3.816748e+01	3.602995e-03
-3.806748e+01	3.621978e-03
-3.796748e+01	3.641114e-03
-3.786748e+01	3.660403e-03
-3.776748e+01	3.679846e-03
-3.766748e+01	3.699447e-03
-3.756748e+01	3.719206e-03
-3.746748e+01	3.739125e-03
-3.736748e+01	3.759206e-03
-3.726748e+01	3.779450e-03
-3.716748e+01	3.799860e-03
-3.706748e+01	3.820437e-03
-3.696748e+01	3.841183e-03
-3.686748e+01	3.862101e-03
-3.676748e+01	3.883191e-03
-3.666748e+01	3.904456e-03
-3.656748e+01	3.925898e-03
-3.646748e+01	3.947518e-03
-3.636748e+01	3.969319e-03
-3.626748e+01	3.991303e-03
-3.616748e+01	4.013472e-03
-3.606748e+01	4.035828e-03
-3.596748e+01	4.058373e-03
-3.586748e+01	4.081109e-03
-3.576748e+01	4.104038e-03
-3.566748e+01	4.127164e-03
-3.556748e+01	4.150487e-03
-3.546748e+01	4.174010e-03
-3.536748e+01	4.197736e-03
-3.526748e+01	4.221666e-03
-3.516748e+01	4.245804e-03
-3.506748e+01	4.270152e-03
-3.496748e+01	4.294711e-03
-3.486748e+01	4.319485e-03
-3.476748e+01	4.344477e-03
-3.466748e+01	4.369688e-03
-3.456748e+01	4.395121e-03
-3.446748e+01	4.420779e-03
-3.436748e+01	4.446665e-03
-3.426748e+01	4.472782e-03
-3.416748e+01	4.499131e-03
-3.406748e+01	4.525717e-03
-3.396748e+01	4.552541e-03
-3.386748e+01	4.579607e-03
-3.376748e+01	4.606918e-03
-3.366748e+01	4.634476e-03
-3.356748e+01	4.662285e-03
-3.346748e+01	4.690347e-03
-3.336748e+01	4.718667e-03
-3.326748e+01	4.747246e-03
-3.316748e+01	4.776089e-03
-3.306748e+01	4.805198e-03
-3.296748e+01	4.834578e-03
-3.286748e+01	4.864230e-03
-3.276748e+01	4.894159e-03
-3.266748e+01	4.924369e-03
-3.256748e+01	4.954862e-03
-3.246748e+01	4.985642e-03
-3.236748e+01	5.016713e-03
-3.226748e+01	5.048079e-03
-3.216748e+01	5.079744e-03
-3.206748e+01	5.111711e-03
-3.196748e+01	5.143984e-03
-3.186748e+01	5.176567e-03
-3.176748e+01	5.209464e-03
-3.166748e+01	5.242680e-03
-3.156748e+01	5.276218e-03
-3.146748e+01	5.310083e-03
-3.136748e+01	5.344279e-03
-3.126748e+01	5.378810e-03
-3.116748e+01	5.413681e-03
-3.106748e+01	5.448897e-03
-3.096748e+01	5.484461e-03
-3.086748e+01	5.520379e-03
-3.076748e+01	5.556656e-03
-3.066748e+01	5.593295e-03
-3.056748e+01	5.630303e-03
-3.046748e+01	5.667684e-03
-3.036748e+01	5.705443e-03
-3.026748e+01	5.743586e-03
-3.016748e+01	5.782117e-03
-3.006748e+01	5.821043e-03
-2.996748e+01	5.860368e-03
-2.986748e+01	5.900097e-03
-2.976748e+01	5.940238e-03
-2.966748e+01	5.980795e-03
-2.956748e+01	6.021775e-03
-2.946748e+01	6.063183e-03
-2.936748e+01	6.105025e-03
-2.926748e+01	6.147307e-03
-2.916748e+01	6.190037e-03
-2.906748e+01	6.233219e-03
-2.896748e+01	6.276861e-03
-2.886748e+01	6.320970e-03
-2.876748e+01	6.365552e-03
-2.866748e+01	6.410613e-03
-2.856748e+01	6.456162e-03
-2.846748e+01	6.502204e-03
-2.836748e+01	6.548748e-03
-2.826748e+01	6.595801e-03
-2.816748e+01	6.643370e-03
-2.806748e+01	6.691463e-03
-2.796748e+01	6.740088e-03
-2.786748e+01	6.789252e-03
-2.776748e+01	6.838965e-03
-2.766748e+01	6.889233e-03
-2.756748e+01	6.940067e-03
-2.746748e+01	6.991473e-03
-2.736748e+01	7.043461e-03
-2.726748e+01	7.096041e-03
-2.716748e+01	7.149220e-03
-2.706748e+01	7.203009e-03
-2.696748e+01	7.257416e-03
-2.686748e+01	7.312452e-03
-2.676748e+01	7.368127e-03
-2.666748e+01	7.424449e-03
-2.656748e+01	7.481431e-03
-2.646748e+01	7.539081e-03
-2.636748e+01	7.597411e-03
-2.626748e+01	7.656432e-03
-2.616748e+01	7.716155e-03
-2.606748e+01	7.776591e-03
-2.596748e+01	7.837751e-03
-2.586748e+01	7.899648e-03
-2.576748e+01	7.962293e-03
-2.566748e+01	8.025699e-03
-2.556748e+01	8.089879e-03
-2.546748e+01	8.154845e-03
-2.536748e+01	8.220610e-03
-2.526748e+01	8.287187e-03
-2.516748e+01	8.354591e-03
-2.506748e+01	8.422835e-03
-2.496748e+01	8.491934e-03
-2.486748e+01	8.561902e-03
-2.476748e+01	8.632754e-03
-2.466748e+01	8.704505e-03
-2.456748e+01	8.777170e-03
-2.446748e+01	8.850766e-03
-2.436748e+01	8.925309e-03
-2.426748e+01	9.000815e-03
-2.416748e+01	9.077301e-03
-2.406748e+01	9.154785e-03
-2.396748e+01	9.233284e-03
-2.386748e+01	9.312817e-03
-2.376748e+01	9.393402e-03
-2.366748e+01	9.475057e-03
-2.356748e+01	9.557803e-03
-2.346748e+01	9.641659e-03
-2.336748e+01	9.726646e-03
-2.326748e+01	9.812783e-03
-2.316748e+01	9.900093e-03
-2.306748e+01	9.988598e-03
-2.296748e+01	1.007832e-02
-2.286748e+01	1.016928e-02
-2.276748e+01	1.026150e-02
-2.266748e+01	1.035501e-02
-2.256748e+01	1.044983e-02
-2.246748e+01	1.054599e-02
-2.236748e+01	1.064351e-02
-2.226748e+01	1.074241e-02
-2.216748e+01	1.084273e-02
-2.206748e+01	1.094450e-02
-2.196748e+01	1.104773e-02
-2.186748e+01	1.115247e-02
-2.176748e+01	1.125874e-02
-2.166748e+01	1.136656e-02
-2.156748e+01	1.147598e-02
-2.146748e+01	1.158702e-02
-2.136748e+01	1.169972e-02
-2.126748e+01	1.181411e-02
-2.116748e+01	1.193022e-02
-2.106748e+01	1.204810e-02
-2.096748e+01	1.216777e-02
-2.086748e+01	1.228928e-02
-2.076748e+01	1.241266e-02
-2.066748e+01	1.253796e-02
-2.056748e+01	1.266520e-02
-2.046748e+01	1.279445e-02
-2.036748e+01	1.292573e-02
-2.026748e+01	1.305909e-02
-2.016748e+01	1.319458e-02
-2.006748e+01	1.333225e-02
-1.996748e+01	1.347213e-02
-1.986748e+01	1.361429e-02
-1.976748e+01	1.375877e-02
-1.966748e+01	1.390562e-02
-1.956748e+01	1.405490e-02
-1.946748e+01	1.420665e-02
-1.936748e+01	1.436095e-02
-1.926748e+01	1.451785e-02
-1.916748e+01	1.467740e-02
-1.906748e+01	1.483967e-02
-1.896748e+01	1.500472e-02
-1.886748e+01	1.517262e-02
-1.876748e+01	1.534343e-02
-1.866748e+01	1.551723e-02
-1.856748e+01	1.569408e-02
-1.846748e+01	1.587406e-02
-1.836748e+01	1.605725e-02
-1.826748e+01	1.624373e-02
-1.816748e+01	1.643356e-02
-1.806748e+01	1.662685e-02
-1.796748e+01	1.682368e-02
-1.786748e+01	1.702412e-02
-1.776748e+01	1.722829e-02
-1.766748e+01	1.743626e-02
-1.756748e+01	1.764815e-02
-1.746748e+01	1.786404e-02
-1.736748e+01	1.808405e-02
-1.726748e+01	1.830828e-02
-1.716748e+01	1.853685e-02
-1.706748e+01	1.876987e-02
-1.696748e+01	1.900746e-02
-1.686748e+01	1.924974e-02
-1.676748e+01	1.949684e-02
-1.666748e+01	1.974890e-02
-1.656748e+01	2.000604e-02
-1.646748e+01	2.026843e-02
-1.636748e+01	2.053619e-02
-1.626748e+01	2.080948e-02
-1.616748e+01	2.108847e-02
-1.606748e+01	2.137331e-02
-1.596748e+01	2.166417e-02
-1.586748e+01	2.196124e-02
-1.576748e+01	2.226469e-02
-1.566748e+01	2.257472e-02
-1.556748e+01	2.289151e-02
-1.546748e+01	2.321529e-02
-1.536748e+01	2.354625e-02
-1.526748e+01	2.388462e-02
-1.516748e+01	2.423064e-02
-1.506748e+01	2.458454e-02
-1.496748e+01	2.494656e-02
-1.486748e+01	2.531698e-02
-1.476748e+01	2.569605e-02
-1.466748e+01	2.608407e-02
-1.456748e+01	2.648132e-02
-1.446748e+01	2.688810e-02
-1.436748e+01	2.730475e-02
-1.426748e+01	2.773159e-02
-1.416748e+01	2.816896e-02
-1.406748e+01	2.861724e-02
-1.396748e+01	2.907679e-02
-1.386748e+01	2.954801e-02
-1.376748e+01	3.003133e-02
-1.366748e+01	3.052716e-02
-1.356748e+01	3.103597e-02
-1.346748e+01	3.155823e-02
-1.336748e+01	3.209442e-02
-1.326748e+01	3.264509e-02
-1.316748e+01	3.321076e-02
-1.306748e+01	3.379202e-02
-1.296748e+01	3.438946e-02
-1.286748e+01	3.500371e-02
-1.276748e+01	3.563544e-02
-1.266748e+01	3.628535e-02
-1.256748e+01	3.695417e-02
-1.246748e+01	3.764267e-02
-1.236748e+01	3.835167e-02
-1.226748e+01	3.908202e-02
-1.216748e+01	3.983462e-02
-1.206748e+01	4.061045e-02
-1.196748e+01	4.141049e-02
-1.186748e+01	4.223582e-02
-1.176748e+01	4.308757e-02
-1.166748e+01	4.396692e-02
-1.156748e+01	4.487515e-02
-1.146748e+01	4.581359e-02
-1.136748e+01	4.678367e-02
-1.126748e+01	4.778689e-02
-1.116748e+01	4.882487e-02
-1.106748e+01	4.989930e-02
-1.096748e+01	5.101201e-02
-1.086748e+01	5.216494e-02
-1.076748e+01	5.336015e-02
-1.066748e+01	5.459986e-02
-1.056748e+01	5.588643e-02
-1.046748e+01	5.722238e-02
-1.036748e+01	5.861043e-02
-1.026748e+01	6.005349e-02
-1.016748e+01	6.155467e-02
-1.006748e+01	6.311735e-02
-9.967479e+00	6.474514e-02
-9.867479e+00	6.644196e-02
-9.767479e+00	6.821202e-02
-9.667479e+00	7.005989e-02
-9.567479e+00	7.199053e-02
-9.467479e+00	7.400932e-02
-9.367479e+00	7.612212e-02
-9.267479e+00	7.833529e-02
-9.167479e+00	8.065582e-02
-9.067479e+00	8.309133e-02
-8.967479e+00	8.565020e-02
-8.867479e+00	8.834164e-02
-8.767479e+00	9.117579e-02
-8.667479e+00	9.416391e-02
-8.567479e+00	9.731845e-02
-8.467479e+00	1.006533e-01
-8.367479e+00	1.041839e-01
-8.267479e+00	1.079276e-01
-8.167479e+00	1.119040e-01
-8.067479e+00	1.161352e-01
-7.967479e+00	1.206462e-01
-7.867479e+00	1.254658e-01
-7.767479e+00	1.306267e-01
-7.667479e+00	1.361669e-01
-7.567479e+00	1.421308e-01
-7.467479e+00	1.485701e-01
-7.367479e+00	1.555461e-01
-7.267479e+00	1.631318e-01
-7.167479e+00	1.714155e-01
-7.067479e+00	1.805046e-01
-6.967479e+00	1.905319e-01
-6.867479e+00	2.016638e-01
-6.767479e+00	2.141124e-01
-6.667479e+00	2.281527e-01
-6.567479e+00	2.441488e-01
-6.467479e+00	2.625937e-01
-6.367479e+00	2.841726e-01
-6.267479e+00	3.098655e-01
-6.167479e+00	3.411193e-01
-6.067479e+00	3.801473e-01
-5.967479e+00	4.304675e-01
-5.867479e+00	4.978937e-01
-5.767479e+00	5.923674e-01
-5.667479e+00	7.310915e-01
-5.567479e+00	9.418796e-01
-5.467479e+00	1.253951e+00
-5.367479e+00	1.623158e+00
-5.267479e+00	1.805470e+00
-5.167479e+00	1.640198e+00
-5.067479e+00	1.355681e+00
-4.967479e+00	1.148257e+00
-4.867479e+00	1.045058e+00
-4.767479e+00	1.021943e+00
-4.667479e+00	1.059554e+00
-4.567479e+00	1.147322e+00
-4.467479e+00	1.271545e+00
-4.367479e+00	1.420659e+00
-4.267479e+00	1.619136e+00
-4.167479e+00	1.908882e+00
-4.067479e+00	2.337163e+00
-3.967479e+00	2.974598e+00
-3.867479e+00	3.891847e+00
-3.767479e+00	5.074737e+00
-3.667479e+00	6.506717e+00
-3.567479e+00	8.179062e+00
-3.467479e+00	9.311314e+00
-3.367479e+00	9.484372e+00
-3.267479e+00	9.976811e+00
-3.167479e+00	1.163061e+01
-3.067479e+00	1.379962e+01
-2.967479e+00	1.500083e+01
-2.867479e+00	1.532204e+01
-2.767479e+00	1.472494e+01
-2.667479e+00	1.272265e+01
-2.567479e+00	1.093678e+01
-2.467479e+00	1.053859e+01
-2.367479e+00	1.152160e+01
-2.267479e+00	1.311313e+01
-2.167479e+00	1.338800e+01
-2.067479e+00	1.117409e+01
-1.967479e+00	8.181990e+00
-1.867479e+00	5.880466e+00
-1.767479e+00	4.392077e+00
-1.667479e+00	3.463037e+00
-1.567479e+00	2.888114e+00
-1.467479e+00	2.548297e+00
-1.367479e+00	2.381838e+00
-1.267479e+00	2.361557e+00
-1.167479e+00	2.496449e+00
-1.067479e+00	2.845885e+00
-9.674791e-01	3.521038e+00
-8.674791e-01	4.665139e+00
-7.674791e-01	6.212739e+00
-6.674791e-01	7.207050e+00
-5.674791e-01	6.468619e+00
-4.674791e-01	4.851852e+00
-3.674791e-01	3.529434e+00
-2.674791e-01	2.692461e+00
-1.674791e-01	2.206914e+00
-6.747911e-02	1.956144e+00
3.252089e-02	1.882604e+00
1.325209e-01	1.978455e+00
2.325209e-01	2.281064e+00
3.325209e-01	2.861330e+00
4.325209e-01	3.706261e+00
5.325209e-01	4.339534e+00
6.325209e-01	4.020848e+00
7.325209e-01	3.108855e+00
8.325209e-01	2.329710e+00
9.325209e-01	1.845640e+00
1.032521e+00	1.590200e+00
1.132521e+00	1.477945e+00
1.232521e+00	1.398218e+00
1.332521e+00	1.274433e+00
1.432521e+00	1.159567e+00
1.532521e+00	1.108102e+00
1.632521e+00	1.127208e+00
1.732521e+00	1.193891e+00
1.832521e+00	1.233822e+00
1.932521e+00	1.202004e+00
2.032521e+00	1.167852e+00
2.132521e+00	1.186536e+00
2.232521e+00	1.270796e+00
2.332521e+00	1.431555e+00
2.432521e+00	1.694499e+00
2.532521e+00	2.095754e+00
2.632521e+00	2.617193e+00
2.732521e+00	3.034079e+00
2.832521e+00	3.134936e+00
2.932521e+00	3.188229e+00
3.032521e+00	3.503669e+00
3.132521e+00	4.225153e+00
3.232521e+00	5.519956e+00
3.332521e+00	7.686705e+00
3.432521e+00	1.106819e+01
3.532521e+00	1.521137e+01
3.632521e+00	1.720693e+01
3.732521e+00	1.471131e+01
3.832521e+00	1.060703e+01
3.932521e+00	7.444449e+00
4.032521e+00	5.439681e+00
4.132521e+00	4.227580e+00
4.232521e+00	3.512616e+00
4.332521e+00	3.120412e+00
4.432521e+00	2.960338e+00
4.532521e+00	2.995562e+00
4.632521e+00	3.229500e+00
4.732521e+00	3.706392e+00
4.832521e+00	4.526935e+00
4.932521e+00	5.883906e+00
5.032521e+00	8.116460e+00
5.132521e+00	1.170294e+01
5.232521e+00	1.669434e+01
5.332521e+00	2.065786e+01
5.432521e+00	1.931546e+01
5.532521e+00	1.426969e+01
5.632521e+00	9.712087e+00
5.732521e+00	6.674911e+00
5.832521e+00	4.764270e+00
5.932521e+00	3.540581e+00
6.032521e+00	2.727073e+00
6.132521e+00	2.164744e+00
6.232521e+00	1.761960e+00
6.332521e+00	1.464337e+00
6.432521e+00	1.238433e+00
6.532521e+00	1.062952e+00
6.632521e+00	9.238868e-01
6.732521e+00	8.117485e-01
6.832521e+00	7.199401e-01
6.932521e+00	6.437663e-01
7.032521e+00	5.798144e-01
7.132521e+00	5.255571e-01
7.232521e+00	4.790914e-01
7.332521e+00	4.389620e-01
7.432521e+00	4.040407e-01
7.532521e+00	3.734419e-01
7.632521e+00	3.464626e-01
7.732521e+00	3.225387e-01
7.832521e+00	3.012132e-01
7.932521e+00	2.821128e-01
8.032521e+00	2.649300e-01
8.132521e+00	2.494095e-01
8.232521e+00	2.353380e-01
8.332521e+00	2.225363e-01
8.432521e+00	2.108526e-01
8.532521e+00	2.001580e-01
8.632521e+00	1.903424e-01
8.732521e+00	1.813116e-01
8.832521e+00	1.729846e-01
8.932521e+00	1.652920e-01
9.032521e+00	1.581746e-01
9.132521e+00	1.515829e-01
9.232521e+00	1.454771e-01
9.332521e+00	1.398286e-01
9.432521e+00	1.346207e-01
9.532521e+00	1.298370e-01
9.632521e+00	1.253973e-01
9.732521e+00	1.210979e-01
9.832521e+00	1.168806e-01
9.932521e+00	1.129145e-01
1.003252e+01	1.092773e-01
1.013252e+01	1.059576e-01
1.023252e+01	1.029380e-01
1.033252e+01	1.002174e-01
1.043252e+01	9.781687e-02
1.053252e+01	9.578775e-02
1.063252e+01	9.422120e-02
1.073252e+01	9.322430e-02
1.083252e+01	9.271362e-02
1.093252e+01	9.208949e-02
1.103252e+01	9.112699e-02
1.113252e+01	9.078779e-02
1.123252e+01	9.188816e-02
1.133252e+01	9.453384e-02
1.143252e+01	9.778379e-02
1.153252e+01	1.012647e-01
1.163252e+01	1.076203e-01
1.173252e+01	1.201790e-01
1.183252e+01	1.410396e-01
1.193252e+01	1.659627e-01
1.203252e+01	1.792365e-01
1.213252e+01	1.759546e-01
1.223252e+01	1.653323e-01
1.233252e+01	1.541101e-01
1.243252e+01	1.463500e-01
1.253252e+01	1.342035e-01
1.263252e+01	1.151018e-01
1.273252e+01	9.722182e-02
1.283252e+01	8.407981e-02
1.293252e+01	7.524323e-02
1.303252e+01	6.956946e-02
1.313252e+01	6.626131e-02
1.323252e+01	6.494561e-02
1.333252e+01	6.528864e-02
1.343252e+01	6.581538e-02
1.353252e+01	6.381692e-02
1.363252e+01	5.961550e-02
1.373252e+01	5.543240e-02
1.383252e+01	5.195900e-02
1.393252e+01	4.903452e-02
1.403252e+01	4.666497e-02
1.413252e+01	4.480364e-02
1.423252e+01	4.324962e-02
1.433252e+01	4.189121e-02
1.443252e+01	4.071649e-02
1.453252e+01	3.969598e-02
1.463252e+01	3.879385e-02
1.473252e+01	3.798948e-02
1.483252e+01	3.727187e-02
1.493252e+01	3.663589e-02
1.503252e+01	3.607898e-02
1.513252e+01	3.558604e-02
1.523252e+01	3.509321e-02
1.533252e+01	3.454760e-02
1.543252e+01	3.401258e-02
1.553252e+01	3.354687e-02
1.563252e+01	3.315924e-02
1.573252e+01	3.284795e-02
1.583252e+01	3.261684e-02
1.593252e+01	3.247850e-02
1.603252e+01	3.245750e-02
1.613252e+01	3.259637e-02
1.623252e+01	3.296457e-02
1.633252e+01	3.366076e-02
1.643252e+01	3.475906e-02
1.653252e+01	3.621696e-02
1.663252e+01	3.820722e-02
1.673252e+01	4.126491e-02
1.683252e+01	4.480681e-02
1.693252e+01	4.595008e-02
1.703252e+01	4.387897e-02
1.713252e+01	4.167919e-02
1.723252e+01	4.100141e-02
1.733252e+01	4.189936e-02
1.743252e+01	4.434274e-02
1.753252e+01	4.856220e-02
1.763252e+01	5.547306e-02
1.773252e+01	6.628218e-02
1.783252e+01	8.034744e-02
1.793252e+01	9.422310e-02
1.803252e+01	1.045680e-01
1.813252e+01	1.066833e-01
1.823252e+01	1.029864e-01
1.833252e+01	1.030342e-01
1.843252e+01	1.082207e-01
1.853252e+01	1.058040e-01
1.863252e+01	9.040770e-02
1.873252e+01	7.439271e-02
1.883252e+01	6.449907e-02
1.893252e+01	6.047130e-02
1.903252e+01	6.162747e-02
1.913252e+01	6.847014e-02
1.923252e+01	8.217585e-02
1.933252e+01	1.011157e-01
1.943252e+01	1.139971e-01
1.953252e+01	1.113839e-01
1.963252e+01	9.929116e-02
1.973252e+01	8.287694e-02
1.983252e+01	6.873421e-02
1.993252e+01	5.941906e-02
2.003252e+01	5.175258e-02
2.013252e+01	4.447612e-02
2.023252e+01	3.898195e-02
2.033252e+01	3.550075e-02
2.043252e+01	3.354065e-02
2.053252e+01	3.290065e-02
2.063252e+01	3.373430e-02
2.073252e+01	3.586838e-02
2.083252e+01	3.752237e-02
2.093252e+01	3.680556e-02
2.103252e+01	3.559241e-02
2.113252e+01	3.580894e-02
2.123252e+01	3.626473e-02
2.133252e+01	3.478781e-02
2.143252e+01	3.232973e-02
2.153252e+01	3.094894e-02
2.163252e+01	3.126919e-02
2.173252e+01	3.302945e-02
2.183252e+01	3.591279e-02
2.193252e+01	4.007035e-02
2.203252e+01	4.463820e-02
2.213252e+01	4.953715e-02
2.223252e+01	5.689187e-02
2.233252e+01	6.395438e-02
2.243252e+01	6.274554e-02
2.253252e+01	5.357014e-02
2.263252e+01	4.483736e-02
2.273252e+01	4.027831e-02
2.283252e+01	3.874052e-02
2.293252e+01	3.701300e-02
2.303252e+01	3.343000e-02
2.313252e+01	2.898345e-02
2.323252e+01	2.530003e-02
2.333252e+01	2.294456e-02
2.343252e+01	2.167257e-02
2.353252e+01	2.110216e-02
2.363252e+01	2.082923e-02
2.373252e+01	2.037480e-02
2.383252e+01	1.946023e-02
2.393252e+01	1.853111e-02
2.403252e+01	1.791825e-02
2.413252e+01	1.748568e-02
2.423252e+01	1.716218e-02
2.433252e+01	1.708987e-02
2.443252e+01	1.736166e-02
2.453252e+01	1.798866e-02
2.463252e+01	1.884225e-02
2.473252e+01	1.981002e-02
2.483252e+01	2.116416e-02
2.493252e+01	2.307778e-02
2.503252e+01	2.510405e-02
2.513252e+01	2.667881e-02
2.523252e+01	2.795719e-02
2.533252e+01	2.902831e-02
2.543252e+01	2.925998e-02
2.553252e+01	2.879244e-02
2.563252e+01	2.856370e-02
2.573252e+01	2.898407e-02
2.583252e+01	2.990410e-02
2.593252e+01	3.192430e-02
2.603252e+01	3.620129e-02
2.613252e+01	4.367733e-02
2.623252e+01	5.528139e-02
2.633252e+01	7.168559e-02
2.643252e+01	8.886563e-02
2.653252e+01	9.862835e-02
2.663252e+01	1.020925e-01
2.673252e+01	1.017920e-01
2.683252e+01	9.579656e-02
2.693252e+01	8.358639e-02
2.703252e+01	7.165222e-02
2.713252e+01	6.189255e-02
2.723252e+01	5.182043e-02
2.733252e+01	4.170963e-02
2.743252e+01	3.406984e-02
2.753252e+01	2.937216e-02
2.763252e+01	2.658125e-02
2.773252e+01	2.437179e-02
2.783252e+01	2.254230e-02
2.793252e+01	2.160014e-02
2.803252e+01	2.121228e-02
2.813252e+01	2.024153e-02
2.823252e+01	1.856706e-02
2.833252e+01	1.698465e-02
2.843252e+01	1.586475e-02
2.853252e+01	1.517773e-02
2.863252e+01	1.486536e-02
2.873252e+01	1.491764e-02
2.883252e+01	1.535783e-02
2.893252e+01	1.627475e-02
2.903252e+01	1.786326e-02
2.913252e+01	2.048587e-02
2.923252e+01	2.473890e-02
2.933252e+01	3.132341e-02
2.943252e+01	4.010277e-02
2.953252e+01	4.774548e-02
2.963252e+01	4.928520e-02
2.973252e+01	4.588360e-02
2.983252e+01	4.043880e-02
2.993252e+01	3.542769e-02
3.003252e+01	3.161816e-02
3.013252e+01	2.760875e-02
3.023252e+01	2.329873e-02
3.033252e+01	1.991341e-02
3.043252e+01	1.750051e-02
3.053252e+01	1.591663e-02
3.063252e+01	1.520573e-02
3.073252e+01	1.536538e-02
3.083252e+01	1.632707e-02
3.093252e+01	1.780810e-02
3.103252e+01	1.906557e-02
3.113252e+01	1.851747e-02
3.123252e+01	1.625200e-02
3.133252e+01	1.409972e-02
3.143252e+01	1.274206e-02
3.153252e+01	1.207026e-02
3.163252e+01	1.195261e-02
3.173252e+01	1.240000e-02
3.183252e+01	1.356572e-02
3.193252e+01	1.573245e-02
3.203252e+01	1.898261e-02
3.213252e+01	2.194834e-02
3.223252e+01	2.200092e-02
3.233252e+01	1.969593e-02
3.243252e+01	1.681743e-02
3.253252e+01	1.396590e-02
3.263252e+01	1.175410e-02
3.273252e+01	1.027359e-02
3.283252e+01	9.307125e-03
3.293252e+01	8.659209e-03
3.303252e+01	8.215766e-03
3.313252e+01	7.915547e-03
3.323252e+01	7.723696e-03
3.333252e+01	7.629492e-03
3.343252e+01	7.642214e-03
3.353252e+01	7.791247e-03
3.363252e+01	8.137350e-03
3.373252e+01	8.768745e-03
3.383252e+01	9.693345e-03
3.393252e+01	1.050601e-02
3.403252e+01	1.052615e-02
3.413252e+01	9.892982e-03
3.423252e+01	8.971682e-03
3.433252e+01	8.047036e-03
3.443252e+01	7.355898e-03
3.453252e+01	6.898186e-03
3.463252e+01	6.600275e-03
3.473252e+01	6.403184e-03
3.483252e+01	6.271181e-03
3.493252e+01	6.189697e-03
3.503252e+01	6.152271e-03
3.513252e+01	6.156536e-03
3.523252e+01	6.219552e-03
3.533252e+01	6.374807e-03
3.543252e+01	6.657658e-03
3.553252e+01	7.017989e-03
3.563252e+01	7.155014e-03
3.573252e+01	6.861512e-03
3.583252e+01	6.439834e-03
3.593252e+01	6.124541e-03
3.603252e+01	5.929827e-03
3.613252e+01	5.821099e-03
3.623252e+01	5.772789e-03
3.633252e+01	5.772157e-03
3.643252e+01	5.818418e-03
3.653252e+01	5.924241e-03
3.663252e+01	6.113979e-03
3.673252e+01	6.411209e-03
3.683252e+01	6.768924e-03
3.693252e+01	6.997332e-03
3.703252e+01	7.064980e-03
3.713252e+01	7.215793e-03
3.723252e+01	7.588578e-03
3.733252e+01	8.084961e-03
3.743252e+01	8.432779e-03
3.753252e+01	8.740057e-03
3.763252e+01	9.461330e-03
3.773252e+01	1.093701e-02
3.783252e+01	1.331370e-02
3.793252e+01	1.585213e-02
3.803252e+01	1.641015e-02
3.813252e+01	1.463240e-02
3.823252e+01	1.245708e-02
3.833252e+01	1.071216e-02
3.843252e+01	9.473556e-03
3.853252e+01	8.723532e-03
3.863252e+01	8.366702e-03
3.873252e+01	8.386428e-03
3.883252e+01	8.780690e-03
3.893252e+01	9.457507e-03
3.903252e+01	1.021854e-02
3.913252e+01	1.072550e-02
3.923252e+01	1.065005e-02
3.933252e+01	1.010434e-02
3.943252e+01	9.590065e-03
3.953252e+01	9.416981e-03
3.963252e+01	9.652577e-03
3.973252e+01	1.032481e-02
3.983252e+01	1.152449e-02
3.993252e+01	1.346271e-02
4.003252e+01	1.654046e-02
4.013252e+01	2.145808e-02
4.023252e+01	2.919502e-02
4.033252e+01	3.969731e-02
4.043252e+01	4.791634e-02
4.053252e+01	4.642658e-02
4.063252e+01	3.936934e-02
4.073252e+01	3.462370e-02
4.083252e+01	3.279594e-02
4.093252e+01	3.008685e-02
4.103252e+01	2.482568e-02
4.113252e+01	1.942474e-02
4.123252e+01	1.550279e-02
4.133252e+01	1.302056e-02
4.143252e+01	1.144149e-02
4.153252e+01	1.042484e-02
4.163252e+01	9.766353e-03
4.173252e+01	9.253964e-03
4.183252e+01	8.757135e-03
4.193252e+01	8.257016e-03
4.203252e+01	7.964158e-03
4.213252e+01	8.052044e-03
4.223252e+01	8.343206e-03
4.233252e+01	8.172243e-03
4.243252e+01	7.341153e-03
4.253252e+01	6.467002e-03
4.263252e+01	5.865167e-03
4.273252e+01	5.499992e-03
4.283252e+01	5.231178e-03
4.293252e+01	4.949986e-03
4.303252e+01	4.687896e-03
4.313252e+01	4.485182e-03
4.323252e+01	4.336219e-03
4.333252e+01	4.225759e-03
4.343252e+01	4.142772e-03
4.353252e+01	4.080684e-03
4.363252e+01	4.035801e-03
4.373252e+01	4.006397e-03
4.383252e+01	3.992766e-03
4.393252e+01	3.997035e-03
4.403252e+01	4.023323e-03
4.413252e+01	4.078872e-03
4.423252e+01	4.175600e-03
4.433252e+01	4.330010e-03
4.443252e+01	4.553488e-03
4.453252e+01	4.843812e-03
4.463252e+01	5.243593e-03
4.473252e+01	5.893016e-03
4.483252e+01	6.957142e-03
4.493252e+01	8.365548e-03
4.503252e+01	9.215307e-03
4.513252e+01	8.498531e-03
4.523252e+01	7.050794e-03
4.533252e+01	5.884167e-03
4.543252e+01	5.140927e-03
4.553252e+01	4.692556e-03
4.563252e+01	4.423783e-03
4.573252e+01	4.268376e-03
4.583252e+01	4.198380e-03
4.593252e+01	4.204325e-03
4.603252e+01	4.290274e-03
4.613252e+01	4.477738e-03
4.623252e+01	4.813745e-03
4.633252e+01	5.379997e-03
4.643252e+01	6.263952e-03
4.653252e+01	7.324328e-03
4.663252e+01	7.782938e-03
4.673252e+01	7.150694e-03
4.683252e+01	6.225504e-03
4.693252e+01	5.595903e-03
4.703252e+01	5.296664e-03
4.713252e+01	5.254138e-03
4.723252e+01	5.438107e-03
4.733252e+01	5.871633e-03
4.743252e+01	6.625857e-03
4.753252e+01	7.762046e-03
4.763252e+01	9.116369e-03
4.773252e+01	1.039929e-02
4.783252e+01	1.213069e-02
4.793252e+01	1.527055e-02
4.803252e+01	1.995689e-02
4.813252e+01	2.362351e-02
4.823252e+01	2.203380e-02
4.833252e+01	1.695091e-02
4.843252e+01	1.247396e-02
4.853252e+01	9.555564e-03
4.863252e+01	7.757241e-03
4.873252e+01	6.554634e-03
4.883252e+01	5.669418e-03
4.893252e+01	5.038821e-03
4.903252e+01	4.619275e-03
4.913252e+01	4.367390e-03
4.923252e+01	4.260301e-03
4.933252e+01	4.272267e-03
4.943252e+01	4.284163e-03
4.953252e+01	4.107139e-03
4.963252e+01	3.800749e-03
4.973252e+01	3.533707e-03
4.983252e+01	3.345299e-03
4.993252e+01	3.216978e-03
5.003252e+01	3.129337e-03
5.013252e+01	3.070681e-03
5.023252e+01	3.035187e-03
5.033252e+01	3.020820e-03
5.043252e+01	3.028630e-03
5.053252e+01	3.064691e-03
5.063252e+01	3.142258e-03
5.073252e+01	3.284466e-03
5.083252e+01	3.527145e-03
5.093252e+01	3.896954e-03
5.103252e+01	4.290056e-03
5.113252e+01	4.381188e-03
5.123252e+01	4.136748e-03
5.133252e+01	3.913554e-03
5.143252e+01	3.897483e-03
5.153252e+01	4.127571e-03
5.163252e+01	4.574319e-03
5.173252e+01	4.951876e-03
5.183252e+01	4.799168e-03
5.193252e+01	4.302001e-03
5.203252e+01	3.919841e-03
5.213252e+01	3.783922e-03
5.223252e+01	3.856051e-03
5.233252e+01	3.963051e-03
5.243252e+01	3.846294e-03
5.253252e+01	3.545543e-03
5.263252e+01	3.252312e-03
5.273252e+01	3.013340e-03
5.283252e+01	2.822725e-03
5.293252e+01	2.684618e-03
5.303252e+01	2.589218e-03
5.313252e+01	2.522808e-03
5.323252e+01	2.475857e-03
5.333252e+01	2.442981e-03
5.343252e+01	2.421521e-03
5.353252e+01	2.409862e-03
5.363252e+01	2.406035e-03
5.373252e+01	2.410665e-03
5.383252e+01	2.422817e-03
5.393252e+01	2.422842e-03
5.403252e+01	2.394821e-03
5.413252e+01	2.358801e-03
5.423252e+01	2.329710e-03
5.433252e+01	2.307443e-03
5.443252e+01	2.291269e-03
5.453252e+01	2.280374e-03
5.463252e+01	2.273532e-03
5.473252e+01	2.269798e-03
5.483252e+01	2.268439e-03
5.493252e+01	2.268762e-03
5.503252e+01	2.270633e-03
5.513252e+01	2.274451e-03
5.523252e+01	2.280489e-03
5.533252e+01	2.288928e-03
5.543252e+01	2.300024e-03
5.553252e+01	2.314083e-03
5.563252e+01	2.331317e-03
5.573252e+01	2.352183e-03
5.583252e+01	2.378076e-03
5.593252e+01	2.410716e-03
5.603252e+01	2.451022e-03
5.613252e+01	2.498192e-03
5.623252e+01	2.554566e-03
5.633252e+01	2.629758e-03
5.643252e+01	2.736393e-03
5.653252e+01	2.890401e-03
5.663252e+01	3.103262e-03
5.673252e+01	3.335967e-03
5.683252e+01	3.471617e-03
5.693252e+01	3.491952e-03
5.703252e+01	3.499978e-03
5.713252e+01	3.544118e-03
5.723252e+01	3.662619e-03
5.733252e+01	3.889082e-03
5.743252e+01	4.249902e-03
5.753252e+01	4.792191e-03
5.763252e+01	5.582271e-03
5.773252e+01	6.626730e-03
5.783252e+01	7.837694e-03
5.793252e+01	9.217968e-03
5.803252e+01	1.073113e-02
5.813252e+01	1.213396e-02
5.823252e+01	1.307913e-02
5.833252e+01	1.301148e-02
5.843252e+01	1.208553e-02
5.853252e+01	1.140213e-02
5.863252e+01	1.169143e-02
5.873252e+01	1.318682e-02
5.883252e+01	1.620758e-02
5.893252e+01	2.143933e-02
5.903252e+01	2.936895e-02
5.913252e+01	3.771059e-02
5.923252e+01	3.984869e-02
5.933252e+01	3.485413e-02
5.943252e+01	2.963781e-02
5.953252e+01	2.724291e-02
5.963252e+01	2.548433e-02
5.973252e+01	2.168382e-02
5.983252e+01	1.692053e-02
5.993252e+01	1.333227e-02
6.003252e+01	1.125080e-02
6.013252e+01	1.009064e-02
6.023252e+01	9.121974e-03
6.033252e+01	8.182813e-03
6.043252e+01	7.658697e-03
6.053252e+01	7.769609e-03
6.063252e+01	8.339588e-03
6.073252e+01	8.535259e-03
6.083252e+01	7.635629e-03
6.093252e+01	6.299177e-03
6.103252e+01	5.261532e-03
6.113252e+01	4.633246e-03
6.123252e+01	4.296243e-03
6.133252e+01	4.050970e-03
6.143252e+01	3.729216e-03
6.153252e+01	3.396322e-03
6.163252e+01	3.144321e-03
6.173252e+01	2.976128e-03
6.183252e+01	2.870977e-03
6.193252e+01	2.813784e-03
6.203252e+01	2.797352e-03
6.213252e+01	2.820353e-03
6.223252e+01	2.886419e-03
6.233252e+01	3.006644e-03
6.243252e+01	3.202726e-03
6.253252e+01	3.511398e-03
6.263252e+01	3.996380e-03
6.273252e+01	4.770175e-03
6.283252e+01	6.023689e-03
6.293252e+01	8.008841e-03
6.303252e+01	1.066701e-02
6.313252e+01	1.249903e-02
6.323252e+01	1.144109e-02
6.333252e+01	8.761293e-03
6.343252e+01	6.496695e-03
