1.000000000000000056e-01 3.192629300000000316e-03
2.000000000000000111e-01 4.690212400000000163e-03
2.999999999999999889e-01 6.405676199999999973e-03
4.000000000000000222e-01 8.236955699999999603e-03
5.000000000000000000e-01 1.013601379999999955e-02
5.999999999999999778e-01 1.208253340000000134e-02
6.999999999999999556e-01 1.407111819999999971e-02
8.000000000000000444e-01 1.610295399999999919e-02
9.000000000000000222e-01 1.818000869999999991e-02
1.000000000000000000e+00 2.030625500000000222e-02
1.100000000000000089e+00 2.249307580000000154e-02
1.199999999999999956e+00 2.474955540000000134e-02
1.300000000000000044e+00 2.708925780000000227e-02
1.399999999999999911e+00 2.952537770000000089e-02
1.500000000000000000e+00 3.206919130000000090e-02
1.600000000000000089e+00 3.471621760000000168e-02
1.699999999999999956e+00 3.743834590000000295e-02
1.800000000000000044e+00 4.016425889999999943e-02
1.899999999999999911e+00 4.280607229999999763e-02
2.000000000000000000e+00 4.532515700000000480e-02
2.095000000000000195e+00 4.765023410000000098e-02
2.194999999999999840e+00 5.013972490000000171e-02
2.294999999999999929e+00 5.278259679999999787e-02
2.395000000000000018e+00 5.565429090000000023e-02
2.495000000000000107e+00 5.880009329999999479e-02
2.595000000000000195e+00 6.224687820000000121e-02
2.694999999999999840e+00 6.600015880000000001e-02
2.794999999999999929e+00 7.003887790000000446e-02
2.895000000000000018e+00 7.431438079999999613e-02
2.995000000000000107e+00 7.877682799999999319e-02
3.095000000000000195e+00 8.342717650000000540e-02
3.194999999999999840e+00 8.830258359999999807e-02
3.294999999999999929e+00 9.343190030000000923e-02
3.395000000000000018e+00 9.881136320000000195e-02
3.495000000000000107e+00 1.044418823000000107e-01
3.595000000000000195e+00 1.103351297000000064e-01
3.694999999999999840e+00 1.165031609999999940e-01
3.794999999999999929e+00 1.229022094000000037e-01
3.895000000000000018e+00 1.293496640999999836e-01
3.995000000000000107e+00 1.355390538999999839e-01
4.089999999999999858e+00 1.408761800000000175e-01
4.190000000000000391e+00 1.457434783000000067e-01
4.290000000000000036e+00 1.499801547999999873e-01
4.389999999999999680e+00 1.540758047999999936e-01
4.490000000000000213e+00 1.586451021999999988e-01
4.589999999999999858e+00 1.641602367999999978e-01
4.690000000000000391e+00 1.708525325999999955e-01
4.790000000000000036e+00 1.787990908999999851e-01
4.889999999999999680e+00 1.881124554999999976e-01
4.990000000000000213e+00 1.990919882999999946e-01
5.089999999999999858e+00 2.121653233999999943e-01
5.190000000000000391e+00 2.278021201000000051e-01
5.290000000000000036e+00 2.463650250000000153e-01
5.389999999999999680e+00 2.680920734000000194e-01
5.490000000000000213e+00 2.931780827000000089e-01
5.589999999999999858e+00 3.219221468999999836e-01
5.690000000000000391e+00 3.546657036999999457e-01
5.790000000000000036e+00 3.912488838000000024e-01
5.889999999999999680e+00 4.304398093000000314e-01
5.990000000000000213e+00 4.700258538000000041e-01
6.084999999999999964e+00 5.058412927000000003e-01
6.184999999999999609e+00 5.393147352000000616e-01
6.285000000000000142e+00 5.646030635000000020e-01
6.384999999999999787e+00 5.766866995999999634e-01
6.485000000000000320e+00 5.737823308000000733e-01
6.584999999999999964e+00 5.604431147999999752e-01
6.684999999999999609e+00 5.445704690999999542e-01
6.785000000000000142e+00 5.327142774999999997e-01
6.884999999999999787e+00 5.283381377000000434e-01
6.985000000000000320e+00 5.324595183999999426e-01
7.084999999999999964e+00 5.446893411000000018e-01
7.184999999999999609e+00 5.637913150000000151e-01
7.285000000000000142e+00 5.881109194999999401e-01
7.384999999999999787e+00 6.162221303999999567e-01
7.485000000000000320e+00 6.474735501999999698e-01
7.584999999999999964e+00 6.822416769999999353e-01
7.684999999999999609e+00 7.217166362000000390e-01
7.785000000000000142e+00 7.670282615999999276e-01
7.884999999999999787e+00 8.181434195000000242e-01
7.985000000000000320e+00 8.737131663999999631e-01
8.080000000000000071e+00 9.293822077000000181e-01
8.179999999999999716e+00 9.907359773999999675e-01
8.279999999999999361e+00 1.055457520200000054e+00
8.380000000000000782e+00 1.124298282700000096e+00
8.480000000000000426e+00 1.197847597099999994e+00
8.580000000000000071e+00 1.276009937900000057e+00
8.679999999999999716e+00 1.358012996500000069e+00
8.779999999999999361e+00 1.442620848600000061e+00
8.880000000000000782e+00 1.528096458599999874e+00
8.980000000000000426e+00 1.612555532100000022e+00
9.080000000000000071e+00 1.694858216200000101e+00
9.179999999999999716e+00 1.775468800299999872e+00
9.279999999999999361e+00 1.855197800200000025e+00
9.380000000000000782e+00 1.932535908999999830e+00
9.480000000000000426e+00 2.003735258699999910e+00
9.580000000000000071e+00 2.067000404199999863e+00
9.679999999999999716e+00 2.126277059900000044e+00
9.779999999999999361e+00 2.191010211300000066e+00
9.880000000000000782e+00 2.273011062600000187e+00
9.980000000000000426e+00 2.381590683199999781e+00
1.007499999999999929e+01 2.511432454699999983e+00
1.017500000000000071e+01 2.668343630699999913e+00
1.027500000000000036e+01 2.827044430099999950e+00
1.037500000000000000e+01 2.963962628700000046e+00
1.047499999999999964e+01 3.066670962199999906e+00
1.057499999999999929e+01 3.145389281799999992e+00
1.067500000000000071e+01 3.225867336799999929e+00
1.077500000000000036e+01 3.332790992899999694e+00
1.087500000000000000e+01 3.478243215300000024e+00
1.097499999999999964e+01 3.656635039199999770e+00
1.107499999999999929e+01 3.848428316700000185e+00
1.117500000000000071e+01 4.036550373799999925e+00
1.127500000000000036e+01 4.223315746599999976e+00
1.137500000000000000e+01 4.429263624099999852e+00
1.147499999999999964e+01 4.676129517699999738e+00
1.157499999999999929e+01 4.975472746500000376e+00
1.167500000000000071e+01 5.330922174800000413e+00
1.177500000000000036e+01 5.747379244699999390e+00
1.187500000000000000e+01 6.236910797400000206e+00
1.197499999999999964e+01 6.814608012100000778e+00
1.207000000000000028e+01 7.446542518300000246e+00
1.216999999999999993e+01 8.165967059699999808e+00
1.226999999999999957e+01 8.863069374900000241e+00
1.236999999999999922e+01 9.427915051599999430e+00
1.247000000000000064e+01 9.748323770500000762e+00
1.257000000000000028e+01 9.758039359000001411e+00
1.266999999999999993e+01 9.491251579300000074e+00
1.276999999999999957e+01 9.072963935100000654e+00
1.286999999999999922e+01 8.633797790099999148e+00
1.297000000000000064e+01 8.249468314699999638e+00
1.307000000000000028e+01 7.948801058599999081e+00
1.316999999999999993e+01 7.744069159800000435e+00
1.326999999999999957e+01 7.644896054000000163e+00
1.336999999999999922e+01 7.656463818900000717e+00
1.347000000000000064e+01 7.777616671600000586e+00
1.357000000000000028e+01 8.001035094000000569e+00
1.366999999999999993e+01 8.317196779799999717e+00
1.376999999999999957e+01 8.719650816899999768e+00
1.386999999999999922e+01 9.196176791099999193e+00
1.397000000000000064e+01 9.713610064999999238e+00
1.406499999999999950e+01 1.019038205789999907e+01
1.416499999999999915e+01 1.059933408230000040e+01
1.426500000000000057e+01 1.083036897909999929e+01
1.436500000000000021e+01 1.082294560450000098e+01
1.446499999999999986e+01 1.055631872289999862e+01
1.456499999999999950e+01 1.006307454529999923e+01
1.466499999999999915e+01 9.431191217200000310e+00
1.476500000000000057e+01 8.763748755700000004e+00
1.486500000000000021e+01 8.130315959599998976e+00
1.496499999999999986e+01 7.554414497599999834e+00
1.506499999999999950e+01 7.025826554900000076e+00
1.516499999999999915e+01 6.525816415299999562e+00
1.526500000000000057e+01 6.049688947499999969e+00
1.536500000000000021e+01 5.604766220600000182e+00
1.546499999999999986e+01 5.193965380299999879e+00
1.556499999999999950e+01 4.812911967699999849e+00
1.566499999999999915e+01 4.459684061399999955e+00
1.576500000000000057e+01 4.140946728699999468e+00
1.586500000000000021e+01 3.868106067300000284e+00
1.596499999999999986e+01 3.650569162599999640e+00
1.605999999999999872e+01 3.497932624600000207e+00
1.616000000000000014e+01 3.389794034599999950e+00
1.626000000000000156e+01 3.323196769299999964e+00
1.635999999999999943e+01 3.277979198300000174e+00
1.646000000000000085e+01 3.231410618299999982e+00
1.655999999999999872e+01 3.168809737400000159e+00
1.666000000000000014e+01 3.092128539399999987e+00
1.676000000000000156e+01 3.018346924699999878e+00
1.685999999999999943e+01 2.969244266700000079e+00
1.696000000000000085e+01 2.961463087199999844e+00
1.705999999999999872e+01 3.001707751500000132e+00
1.716000000000000014e+01 3.085337818800000242e+00
1.726000000000000156e+01 3.196426217299999983e+00
1.735999999999999943e+01 3.310062360399999903e+00
1.746000000000000085e+01 3.397981970200000035e+00
1.755999999999999872e+01 3.437783887900000224e+00
1.766000000000000014e+01 3.422371597700000212e+00
1.776000000000000156e+01 3.364038717999999761e+00
1.785999999999999943e+01 3.289925600500000158e+00
1.796000000000000085e+01 3.228722968900000101e+00
1.805499999999999972e+01 3.196778293900000012e+00
1.815500000000000114e+01 3.188415686599999965e+00
1.825499999999999901e+01 3.191906954600000290e+00
1.835500000000000043e+01 3.190095526700000406e+00
1.845499999999999829e+01 3.168154706100000162e+00
1.855499999999999972e+01 3.114301508100000060e+00
1.865500000000000114e+01 3.021000505499999989e+00
1.875499999999999901e+01 2.889661876099999915e+00
1.885500000000000043e+01 2.732431058299999993e+00
1.895499999999999829e+01 2.565746207500000153e+00
1.905499999999999972e+01 2.402078323600000065e+00
1.915500000000000114e+01 2.246538134100000139e+00
1.925499999999999901e+01 2.098559513200000115e+00
1.935500000000000043e+01 1.955775802399999819e+00
1.945499999999999829e+01 1.816598210700000049e+00
1.955499999999999972e+01 1.681479126100000165e+00
1.965500000000000114e+01 1.553522594899999998e+00
1.975499999999999901e+01 1.436729259999999897e+00
1.985500000000000043e+01 1.332630356699999963e+00
1.995499999999999829e+01 1.239346581199999964e+00
2.005000000000000071e+01 1.158243255099999924e+00
2.014999999999999858e+01 1.079813537800000001e+00
2.025000000000000000e+01 1.009041440300000092e+00
2.035000000000000142e+01 9.464939886999998997e-01
2.044999999999999929e+01 8.918384490999999858e-01
2.055000000000000071e+01 8.438597657999999946e-01
2.064999999999999858e+01 8.009139665000000186e-01
2.075000000000000000e+01 7.613267379000000501e-01
2.085000000000000142e+01 7.236730391000000262e-01
2.094999999999999929e+01 6.870924116000000081e-01
2.105000000000000071e+01 6.513226600000000532e-01
2.114999999999999858e+01 6.166185871000000596e-01
2.125000000000000000e+01 5.837110563999999835e-01
2.135000000000000142e+01 5.534969640000000357e-01
2.144999999999999929e+01 5.266743594999999667e-01
2.155000000000000071e+01 5.034703391999999500e-01
2.164999999999999858e+01 4.833924377999999633e-01
2.175000000000000000e+01 4.652725001999999943e-01
2.185000000000000142e+01 4.477910166999999886e-01
2.194999999999999929e+01 4.301935756999999971e-01
2.204500000000000171e+01 4.134157062000000105e-01
2.214499999999999957e+01 3.962126513999999489e-01
2.224500000000000099e+01 3.800625158000000003e-01
2.234499999999999886e+01 3.654076942999999744e-01
2.244500000000000028e+01 3.524222571000000248e-01
2.254500000000000171e+01 3.409989565000000056e-01
2.264499999999999957e+01 3.308302023999999952e-01
2.274500000000000099e+01 3.215373341000000162e-01
2.284499999999999886e+01 3.127320002999999793e-01
2.294500000000000028e+01 3.040939931000000152e-01
2.304500000000000171e+01 2.955839914000000235e-01
2.314499999999999957e+01 2.875562255999999928e-01
2.324500000000000099e+01 2.804818144999999818e-01
2.334499999999999886e+01 2.745586120999999880e-01
2.344500000000000028e+01 2.695135477000000224e-01
2.354500000000000171e+01 2.646714922000000247e-01
2.364499999999999957e+01 2.592722538999999715e-01
2.374500000000000099e+01 2.528329315999999771e-01
2.384499999999999886e+01 2.453144713999999837e-01
2.394500000000000028e+01 2.370314617000000013e-01
2.403999999999999915e+01 2.289605028000000209e-01
2.414000000000000057e+01 2.209340318999999941e-01
2.423999999999999844e+01 2.140059348000000194e-01
2.433999999999999986e+01 2.084487346000000185e-01
2.444000000000000128e+01 2.040463712000000207e-01
2.453999999999999915e+01 2.002580375000000135e-01
2.464000000000000057e+01 1.965500312000000027e-01
2.473999999999999844e+01 1.926384848000000094e-01
2.483999999999999986e+01 1.884860881000000044e-01
2.494000000000000128e+01 1.841924132999999963e-01
2.503999999999999915e+01 1.799234680999999836e-01
2.514000000000000057e+01 1.758722812000000080e-01
2.523999999999999844e+01 1.722261448999999889e-01
2.533999999999999986e+01 1.691145542999999973e-01
2.544000000000000128e+01 1.665176002000000044e-01
2.553999999999999915e+01 1.642171226999999956e-01
2.564000000000000057e+01 1.618753038000000088e-01
2.573999999999999844e+01 1.592032867000000018e-01
2.583999999999999986e+01 1.561172939000000093e-01
2.594000000000000128e+01 1.527788692000000004e-01
2.603500000000000014e+01 1.496421795999999804e-01
2.613500000000000156e+01 1.466165661000000120e-01
2.623499999999999943e+01 1.439838720000000127e-01
2.633500000000000085e+01 1.417759865000000064e-01
2.643499999999999872e+01 1.400219127000000008e-01
2.653500000000000014e+01 1.387565024999999896e-01
2.663500000000000156e+01 1.380175536000000092e-01
2.673499999999999943e+01 1.378327789999999886e-01
2.683500000000000085e+01 1.381394548999999861e-01
2.693499999999999872e+01 1.387094624999999914e-01
2.703500000000000014e+01 1.391667234999999780e-01
2.713500000000000156e+01 1.391613483999999956e-01
2.723499999999999943e+01 1.385620728999999995e-01
2.733500000000000085e+01 1.374852299000000055e-01
2.743499999999999872e+01 1.361640090999999830e-01
2.753500000000000014e+01 1.348581219000000164e-01
2.763500000000000156e+01 1.337945554999999953e-01
2.773499999999999943e+01 1.330624488999999910e-01
2.783500000000000085e+01 1.325626212999999887e-01
2.793499999999999872e+01 1.321171364000000015e-01
2.803000000000000114e+01 1.316912547000000100e-01
2.812999999999999901e+01 1.313966302000000030e-01
2.823000000000000043e+01 1.315151204999999990e-01
2.832999999999999829e+01 1.321301272000000027e-01
2.842999999999999972e+01 1.330151562999999926e-01
2.853000000000000114e+01 1.338036742000000001e-01
2.862999999999999901e+01 1.342778183999999986e-01
2.873000000000000043e+01 1.344504190999999960e-01
2.882999999999999829e+01 1.344479650999999831e-01
2.892999999999999972e+01 1.343737734000000072e-01
2.903000000000000114e+01 1.342289492000000029e-01
2.912999999999999901e+01 1.339163710000000063e-01
2.923000000000000043e+01 1.333038011000000078e-01
2.932999999999999829e+01 1.322866555999999971e-01
2.942999999999999972e+01 1.307918489000000073e-01
2.953000000000000114e+01 1.287646528999999984e-01
2.962999999999999901e+01 1.261876631000000137e-01
2.973000000000000043e+01 1.231041969999999985e-01
2.982999999999999829e+01 1.196286665000000082e-01
2.992999999999999972e+01 1.159621992999999990e-01
3.002499999999999858e+01 1.125237833999999937e-01
3.012500000000000000e+01 1.091253813000000045e-01
3.022500000000000142e+01 1.060005628999999977e-01
3.032499999999999929e+01 1.030653887999999907e-01
3.042500000000000071e+01 1.001410947999999967e-01
3.052499999999999858e+01 9.704752240000000252e-02
3.062500000000000000e+01 9.374530169999999163e-02
3.072500000000000142e+01 9.038935350000000535e-02
3.082499999999999929e+01 8.723291680000000436e-02
3.092500000000000071e+01 8.452394259999999881e-02
3.102499999999999858e+01 8.246667469999999223e-02
3.112500000000000000e+01 8.119592770000000348e-02
3.122500000000000142e+01 8.072412819999999489e-02
3.132499999999999929e+01 8.089983679999999955e-02
3.142500000000000071e+01 8.142219710000000998e-02
3.152499999999999858e+01 8.191447359999999567e-02
3.162500000000000000e+01 8.201238580000000389e-02
3.172500000000000142e+01 8.144728919999999484e-02
3.182499999999999929e+01 8.010964389999999935e-02
3.192500000000000071e+01 7.806239239999999968e-02
3.202000000000000313e+01 7.565547450000000007e-02
3.211999999999999744e+01 7.294546339999999351e-02
3.221999999999999886e+01 7.037702159999999207e-02
3.232000000000000028e+01 6.816564599999999641e-02
3.242000000000000171e+01 6.635453599999999175e-02
3.252000000000000313e+01 6.482965440000000579e-02
3.261999999999999744e+01 6.341728839999999368e-02
3.271999999999999886e+01 6.199901169999999517e-02
3.282000000000000028e+01 6.057726389999999739e-02
3.292000000000000171e+01 5.924337140000000140e-02
3.302000000000000313e+01 5.808219489999999485e-02
3.311999999999999744e+01 5.709134290000000139e-02
3.321999999999999886e+01 5.618006520000000392e-02
3.332000000000000028e+01 5.524042009999999975e-02
3.342000000000000171e+01 5.423189180000000109e-02
3.352000000000000313e+01 5.322268430000000328e-02
3.361999999999999744e+01 5.235224099999999381e-02
3.371999999999999886e+01 5.173436580000000118e-02
3.382000000000000028e+01 5.138749880000000048e-02
3.392000000000000171e+01 5.124691879999999922e-02
3.401500000000000057e+01 5.122094630000000037e-02
3.411500000000000199e+01 5.123878550000000170e-02
3.421500000000000341e+01 5.126822279999999898e-02
3.431499999999999773e+01 5.130551319999999971e-02
3.441499999999999915e+01 5.135393280000000171e-02
3.451500000000000057e+01 5.138494729999999733e-02
3.461500000000000199e+01 5.133194309999999927e-02
3.471500000000000341e+01 5.114267930000000045e-02
3.481499999999999773e+01 5.083577670000000159e-02
3.491499999999999915e+01 5.050315939999999726e-02
3.501500000000000057e+01 5.025770780000000243e-02
3.511500000000000199e+01 5.016258569999999806e-02
3.521500000000000341e+01 5.019182340000000186e-02
3.531499999999999773e+01 5.024001310000000137e-02
3.541499999999999915e+01 5.017542540000000106e-02
3.551500000000000057e+01 4.992531229999999653e-02
3.561500000000000199e+01 4.952473109999999679e-02
3.571500000000000341e+01 4.906571249999999718e-02
3.581499999999999773e+01 4.860604540000000584e-02
3.591499999999999915e+01 4.813343319999999897e-02
3.600999999999999801e+01 4.761654829999999866e-02
3.610999999999999943e+01 4.693045440000000179e-02
3.621000000000000085e+01 4.605678130000000203e-02
3.631000000000000227e+01 4.502048220000000323e-02
3.640999999999999659e+01 4.389911339999999496e-02
3.650999999999999801e+01 4.277101140000000301e-02
3.660999999999999943e+01 4.167685000000000139e-02
3.671000000000000085e+01 4.061449179999999937e-02
3.681000000000000227e+01 3.955557329999999372e-02
3.690999999999999659e+01 3.846996839999999862e-02
3.700999999999999801e+01 3.735182299999999928e-02
3.710999999999999943e+01 3.623006349999999959e-02
3.721000000000000085e+01 3.515371660000000259e-02
3.731000000000000227e+01 3.416243100000000005e-02
3.740999999999999659e+01 3.325990800000000469e-02
3.750999999999999801e+01 3.241754830000000143e-02
3.760999999999999943e+01 3.160656189999999643e-02
3.771000000000000085e+01 3.082403660000000017e-02
3.781000000000000227e+01 3.008696159999999994e-02
3.790999999999999659e+01 2.940901650000000284e-02
3.800500000000000256e+01 2.882578759999999962e-02
3.810499999999999687e+01 2.829074689999999670e-02
3.820499999999999829e+01 2.786435389999999956e-02
3.830499999999999972e+01 2.757169150000000207e-02
3.840500000000000114e+01 2.742039250000000150e-02
3.850500000000000256e+01 2.739350460000000015e-02
3.860499999999999687e+01 2.744871240000000198e-02
3.870499999999999829e+01 2.752583850000000013e-02
3.880499999999999972e+01 2.757352529999999857e-02
3.890500000000000114e+01 2.757203109999999818e-02
3.900500000000000256e+01 2.752496370000000192e-02
3.910499999999999687e+01 2.743425479999999847e-02
3.920499999999999829e+01 2.729025179999999828e-02
3.930499999999999972e+01 2.708580769999999888e-02
3.940500000000000114e+01 2.683166830000000003e-02
3.950500000000000256e+01 2.655280169999999981e-02
3.960499999999999687e+01 2.627965120000000029e-02
3.970499999999999829e+01 2.603972029999999938e-02
3.980499999999999972e+01 2.584332890000000382e-02
3.990500000000000114e+01 2.568108359999999799e-02
