1.000000000000000056e-01 3.334777599999999911e-03
2.000000000000000111e-01 4.427275500000000218e-03
2.999999999999999889e-01 5.826543099999999600e-03
4.000000000000000222e-01 7.376278400000000138e-03
5.000000000000000000e-01 9.006036200000001185e-03
5.999999999999999778e-01 1.069134620000000008e-02
6.999999999999999556e-01 1.242099669999999906e-02
8.000000000000000444e-01 1.419609510000000019e-02
9.000000000000000222e-01 1.601670470000000207e-02
1.000000000000000000e+00 1.788721730000000093e-02
1.100000000000000089e+00 1.981588750000000052e-02
1.199999999999999956e+00 2.181305039999999890e-02
1.300000000000000044e+00 2.389172820000000017e-02
1.399999999999999911e+00 2.606247390000000080e-02
1.500000000000000000e+00 2.833619679999999780e-02
1.600000000000000089e+00 3.070730940000000048e-02
1.699999999999999956e+00 3.313993070000000041e-02
1.800000000000000044e+00 3.555406450000000301e-02
1.899999999999999911e+00 3.786335760000000134e-02
2.000000000000000000e+00 4.003037260000000264e-02
2.095000000000000195e+00 4.201244939999999872e-02
2.194999999999999840e+00 4.412537889999999796e-02
2.294999999999999929e+00 4.637218369999999978e-02
2.395000000000000018e+00 4.882045620000000086e-02
2.495000000000000107e+00 5.151121279999999747e-02
2.595000000000000195e+00 5.447135160000000226e-02
2.694999999999999840e+00 5.771610189999999696e-02
2.794999999999999929e+00 6.125588460000000457e-02
2.895000000000000018e+00 6.508817179999999702e-02
2.995000000000000107e+00 6.921057749999999509e-02
3.095000000000000195e+00 7.363745960000001034e-02
3.194999999999999840e+00 7.838745819999999587e-02
3.294999999999999929e+00 8.347469849999999969e-02
3.395000000000000018e+00 8.890855729999999624e-02
3.495000000000000107e+00 9.471080349999999592e-02
3.595000000000000195e+00 1.008907031000000065e-01
3.694999999999999840e+00 1.074093687999999880e-01
3.794999999999999929e+00 1.140950495999999981e-01
3.895000000000000018e+00 1.206207024000000017e-01
3.995000000000000107e+00 1.265763491999999935e-01
4.089999999999999858e+00 1.313739225999999982e-01
4.190000000000000391e+00 1.354062213999999986e-01
4.290000000000000036e+00 1.386772236000000103e-01
4.389999999999999680e+00 1.417870229000000037e-01
4.490000000000000213e+00 1.453463295999999905e-01
4.589999999999999858e+00 1.497497312999999941e-01
4.690000000000000391e+00 1.551853445999999970e-01
4.790000000000000036e+00 1.618126002999999979e-01
4.889999999999999680e+00 1.698791669999999976e-01
4.990000000000000213e+00 1.796729639999999906e-01
5.089999999999999858e+00 1.913626254999999943e-01
5.190000000000000391e+00 2.049217526000000067e-01
5.290000000000000036e+00 2.202450424000000073e-01
5.389999999999999680e+00 2.374519607000000199e-01
5.490000000000000213e+00 2.570697356000000156e-01
5.589999999999999858e+00 2.797797002999999894e-01
5.690000000000000391e+00 3.059174308000000009e-01
5.790000000000000036e+00 3.350614391000000247e-01
5.889999999999999680e+00 3.660712168999999960e-01
5.990000000000000213e+00 3.978781030000000385e-01
6.084999999999999964e+00 4.286483041999999966e-01
6.184999999999999609e+00 4.613476758000000233e-01
6.285000000000000142e+00 4.917030843999999901e-01
6.384999999999999787e+00 5.142495483000000256e-01
6.485000000000000320e+00 5.245910850999999653e-01
6.584999999999999964e+00 5.238691675000000103e-01
6.684999999999999609e+00 5.182845468000000233e-01
6.785000000000000142e+00 5.145248372999999820e-01
6.884999999999999787e+00 5.163969306000000259e-01
6.985000000000000320e+00 5.243564148999999563e-01
7.084999999999999964e+00 5.366350738000000842e-01
7.184999999999999609e+00 5.512141993000000406e-01
7.285000000000000142e+00 5.676981996000000086e-01
7.384999999999999787e+00 5.874774399000000091e-01
7.485000000000000320e+00 6.124625305999999991e-01
7.584999999999999964e+00 6.441314293000000024e-01
7.684999999999999609e+00 6.832408024000000690e-01
7.785000000000000142e+00 7.295640171999999701e-01
7.884999999999999787e+00 7.819926832999999355e-01
7.985000000000000320e+00 8.394085723999999971e-01
8.080000000000000071e+00 8.979673068000000313e-01
8.179999999999999716e+00 9.627206664999999886e-01
8.279999999999999361e+00 1.028259258500000106e+00
8.380000000000000782e+00 1.091661656299999894e+00
8.480000000000000426e+00 1.150262129699999969e+00
8.580000000000000071e+00 1.202085547699999868e+00
8.679999999999999716e+00 1.246652644899999940e+00
8.779999999999999361e+00 1.284675764599999992e+00
8.880000000000000782e+00 1.317354685800000036e+00
8.980000000000000426e+00 1.346274692300000186e+00
9.080000000000000071e+00 1.374099139399999947e+00
9.179999999999999716e+00 1.405456481399999902e+00
9.279999999999999361e+00 1.445160168400000167e+00
9.380000000000000782e+00 1.493675396700000046e+00
9.480000000000000426e+00 1.545231221599999927e+00
9.580000000000000071e+00 1.592291115399999901e+00
9.679999999999999716e+00 1.632691046000000146e+00
9.779999999999999361e+00 1.671833463100000028e+00
9.880000000000000782e+00 1.719270750000000181e+00
9.980000000000000426e+00 1.783858062100000197e+00
1.007499999999999929e+01 1.864849503499999894e+00
1.017500000000000071e+01 1.967326299899999853e+00
1.027500000000000036e+01 2.075643627099999833e+00
1.037500000000000000e+01 2.173423095900000046e+00
1.047499999999999964e+01 2.250400502999999830e+00
1.057499999999999929e+01 2.311930819900000156e+00
1.067500000000000071e+01 2.376401371700000098e+00
1.077500000000000036e+01 2.462058718999999840e+00
1.087500000000000000e+01 2.574885487600000022e+00
1.097499999999999964e+01 2.704002266599999871e+00
1.107499999999999929e+01 2.828080130800000092e+00
1.117500000000000071e+01 2.931163299799999677e+00
1.127500000000000036e+01 3.016359752500000102e+00
1.137500000000000000e+01 3.102044566500000045e+00
1.147499999999999964e+01 3.208043048800000019e+00
1.157499999999999929e+01 3.347984667699999584e+00
1.167500000000000071e+01 3.531102337900000165e+00
1.177500000000000036e+01 3.766346680099999844e+00
1.187500000000000000e+01 4.061939192900000606e+00
1.197499999999999964e+01 4.422329826400000385e+00
1.207000000000000028e+01 4.823258226900000167e+00
1.216999999999999993e+01 5.301230617399999900e+00
1.226999999999999957e+01 5.827684546599999571e+00
1.236999999999999922e+01 6.381256949199999973e+00
1.247000000000000064e+01 6.907384833700000115e+00
1.257000000000000028e+01 7.324580164799999515e+00
1.266999999999999993e+01 7.580310797400000133e+00
1.276999999999999957e+01 7.698973141499999784e+00
1.286999999999999922e+01 7.750990583100000109e+00
1.297000000000000064e+01 7.785323416099999783e+00
1.307000000000000028e+01 7.801042440799999866e+00
1.316999999999999993e+01 7.772716495899999245e+00
1.326999999999999957e+01 7.690252490600000712e+00
1.336999999999999922e+01 7.572494925000000876e+00
1.347000000000000064e+01 7.449779109599999671e+00
1.357000000000000028e+01 7.346693025400000465e+00
1.366999999999999993e+01 7.279068914999999862e+00
1.376999999999999957e+01 7.251809848699999783e+00
1.386999999999999922e+01 7.260075394299999374e+00
1.397000000000000064e+01 7.300626007700000031e+00
1.406499999999999950e+01 7.375452229700000473e+00
1.416499999999999915e+01 7.509847782799999649e+00
1.426500000000000057e+01 7.720807420200000770e+00
1.436500000000000021e+01 8.010588893199999561e+00
1.446499999999999986e+01 8.344495094699999171e+00
1.456499999999999950e+01 8.651129640700000678e+00
1.466499999999999915e+01 8.851850325299999156e+00
1.476500000000000057e+01 8.896517832700000739e+00
1.486500000000000021e+01 8.778621001899999499e+00
1.496499999999999986e+01 8.527952063500000790e+00
1.506499999999999950e+01 8.187353310800000727e+00
1.516499999999999915e+01 7.786127056399999802e+00
1.526500000000000057e+01 7.338626360999999321e+00
1.536500000000000021e+01 6.866064738500000431e+00
1.546499999999999986e+01 6.404810587400000088e+00
1.556499999999999950e+01 5.986148920299999787e+00
1.566499999999999915e+01 5.618630900500000358e+00
1.576500000000000057e+01 5.293815438700000264e+00
1.586500000000000021e+01 5.001309862600000322e+00
1.596499999999999986e+01 4.737881363599999673e+00
1.605999999999999872e+01 4.520716037899999762e+00
1.616000000000000014e+01 4.337113457000000061e+00
1.626000000000000156e+01 4.200131628100000292e+00
1.635999999999999943e+01 4.092675547199999819e+00
1.646000000000000085e+01 3.989941036700000332e+00
1.655999999999999872e+01 3.878506233600000019e+00
1.666000000000000014e+01 3.764464264699999951e+00
1.676000000000000156e+01 3.664077982599999839e+00
1.685999999999999943e+01 3.591581601000000123e+00
1.696000000000000085e+01 3.553850127500000067e+00
1.705999999999999872e+01 3.549223308400000221e+00
1.716000000000000014e+01 3.568257404399999722e+00
1.726000000000000156e+01 3.596566291200000265e+00
1.735999999999999943e+01 3.619303962800000107e+00
1.746000000000000085e+01 3.625419153699999786e+00
1.755999999999999872e+01 3.611711508800000026e+00
1.766000000000000014e+01 3.584964636200000054e+00
1.776000000000000156e+01 3.556533513999999840e+00
1.785999999999999943e+01 3.535010685000000041e+00
1.796000000000000085e+01 3.526375009999999754e+00
1.805499999999999972e+01 3.535397805400000149e+00
1.815500000000000114e+01 3.565224487299999634e+00
1.825499999999999901e+01 3.609703212899999958e+00
1.835500000000000043e+01 3.654760268599999584e+00
1.845499999999999829e+01 3.684581379399999967e+00
1.855499999999999972e+01 3.688799819099999766e+00
1.865500000000000114e+01 3.666623432100000191e+00
1.875499999999999901e+01 3.623735261899999838e+00
1.885500000000000043e+01 3.562889727399999984e+00
1.895499999999999829e+01 3.477838000399999796e+00
1.905499999999999972e+01 3.357809067599999864e+00
1.915500000000000114e+01 3.197713591799999922e+00
1.925499999999999901e+01 3.005345197000000024e+00
1.935500000000000043e+01 2.799456777400000096e+00
1.945499999999999829e+01 2.597553410599999779e+00
1.955499999999999972e+01 2.405204706700000195e+00
1.965500000000000114e+01 2.218018647100000074e+00
1.975499999999999901e+01 2.032319611800000203e+00
1.985500000000000043e+01 1.851310791099999964e+00
1.995499999999999829e+01 1.682017466799999861e+00
2.005000000000000071e+01 1.537225005799999877e+00
2.014999999999999858e+01 1.404201920599999820e+00
2.025000000000000000e+01 1.291253899999999843e+00
2.035000000000000142e+01 1.197158084300000036e+00
2.044999999999999929e+01 1.119571499000000081e+00
2.055000000000000071e+01 1.055052871700000061e+00
2.064999999999999858e+01 9.994903381999999947e-01
2.075000000000000000e+01 9.488381479999999923e-01
2.085000000000000142e+01 9.001265313999999851e-01
2.094999999999999929e+01 8.526385115999999265e-01
2.105000000000000071e+01 8.078615174000000065e-01
2.114999999999999858e+01 7.677193536999999957e-01
2.125000000000000000e+01 7.329231642000000324e-01
2.135000000000000142e+01 7.026670354000000840e-01
2.144999999999999929e+01 6.753715569999999557e-01
2.155000000000000071e+01 6.494662611999999502e-01
2.164999999999999858e+01 6.239914736999999656e-01
2.175000000000000000e+01 5.989269755999999667e-01
2.185000000000000142e+01 5.747249720000000561e-01
2.194999999999999929e+01 5.515457554999999568e-01
2.204500000000000171e+01 5.303627033000000157e-01
2.214499999999999957e+01 5.091549541000000012e-01
2.224500000000000099e+01 4.896191868000000502e-01
2.234499999999999886e+01 4.722549204000000000e-01
2.244500000000000028e+01 4.571172126999999974e-01
2.254500000000000171e+01 4.435587898000000195e-01
2.264499999999999957e+01 4.302357717999999998e-01
2.274500000000000099e+01 4.157093833000000127e-01
2.284499999999999886e+01 3.993439334000000174e-01
2.294500000000000028e+01 3.816241843999999550e-01
2.304500000000000171e+01 3.637873677999999833e-01
2.314499999999999957e+01 3.472808219000000363e-01
2.324500000000000099e+01 3.332930727999999787e-01
2.334499999999999886e+01 3.224492038999999810e-01
2.344500000000000028e+01 3.147238490999999527e-01
2.354500000000000171e+01 3.094678726000000268e-01
2.364499999999999957e+01 3.055729265000000083e-01
2.374500000000000099e+01 3.017433491000000023e-01
2.384499999999999886e+01 2.968585181999999767e-01
2.394500000000000028e+01 2.904348667000000161e-01
2.403999999999999915e+01 2.832228115000000046e-01
2.414000000000000057e+01 2.752510015999999893e-01
2.423999999999999844e+01 2.675771606999999830e-01
2.433999999999999986e+01 2.603692491999999858e-01
2.444000000000000128e+01 2.532524650999999904e-01
2.453999999999999915e+01 2.457252169999999958e-01
2.464000000000000057e+01 2.376321116000000011e-01
2.473999999999999844e+01 2.292236216000000104e-01
2.483999999999999986e+01 2.208650085999999957e-01
2.494000000000000128e+01 2.128645485000000004e-01
2.503999999999999915e+01 2.055098929999999990e-01
2.514000000000000057e+01 1.991013584999999919e-01
2.523999999999999844e+01 1.938419308999999868e-01
2.533999999999999986e+01 1.897322455999999880e-01
2.544000000000000128e+01 1.865663881999999885e-01
2.553999999999999915e+01 1.840149599999999774e-01
2.564000000000000057e+01 1.817750626999999897e-01
2.573999999999999844e+01 1.797045494000000243e-01
2.583999999999999986e+01 1.778567406000000073e-01
2.594000000000000128e+01 1.764019349000000014e-01
2.603500000000000014e+01 1.755710533000000018e-01
2.613500000000000156e+01 1.754013638000000153e-01
2.623499999999999943e+01 1.758902464000000054e-01
2.633500000000000085e+01 1.767234788000000001e-01
2.643499999999999872e+01 1.774599822999999854e-01
2.653500000000000014e+01 1.777859568000000057e-01
2.663500000000000156e+01 1.776873828999999960e-01
2.673499999999999943e+01 1.773099622999999847e-01
2.683500000000000085e+01 1.767117692000000073e-01
2.693499999999999872e+01 1.758086664999999882e-01
2.703500000000000014e+01 1.745664452000000033e-01
2.713500000000000156e+01 1.731097595999999961e-01
2.723499999999999943e+01 1.716423447000000047e-01
2.733500000000000085e+01 1.703428103000000082e-01
2.743499999999999872e+01 1.694296633999999857e-01
2.753500000000000014e+01 1.692074427000000159e-01
2.763500000000000156e+01 1.698729348999999944e-01
2.773499999999999943e+01 1.713311926999999957e-01
2.783500000000000085e+01 1.732576749999999999e-01
2.793499999999999872e+01 1.752766863000000119e-01
2.803000000000000114e+01 1.769151105000000002e-01
2.812999999999999901e+01 1.779525044000000167e-01
2.823000000000000043e+01 1.779909602000000202e-01
2.832999999999999829e+01 1.769909981999999715e-01
2.842999999999999972e+01 1.751221165999999885e-01
2.853000000000000114e+01 1.725844803000000094e-01
2.862999999999999901e+01 1.694573922000000010e-01
2.873000000000000043e+01 1.656326195999999751e-01
2.882999999999999829e+01 1.609214296999999794e-01
2.892999999999999972e+01 1.553469165000000152e-01
2.903000000000000114e+01 1.493364091999999921e-01
2.912999999999999901e+01 1.435715756000000010e-01
2.923000000000000043e+01 1.386311172000000147e-01
2.932999999999999829e+01 1.347543851000000126e-01
2.942999999999999972e+01 1.318688065999999992e-01
2.953000000000000114e+01 1.297610694999999925e-01
2.962999999999999901e+01 1.281787544999999917e-01
2.973000000000000043e+01 1.268456520999999837e-01
2.982999999999999829e+01 1.255201841999999957e-01
2.992999999999999972e+01 1.240740475000000065e-01
3.002499999999999858e+01 1.225557907000000002e-01
3.012500000000000000e+01 1.208122289000000127e-01
3.022500000000000142e+01 1.190146732000000040e-01
3.032499999999999929e+01 1.173853564000000016e-01
3.042500000000000071e+01 1.161767783000000054e-01
3.052499999999999858e+01 1.155503417999999977e-01
3.062500000000000000e+01 1.155304000000000053e-01
3.072500000000000142e+01 1.159719815999999959e-01
3.082499999999999929e+01 1.164870407000000024e-01
3.092500000000000071e+01 1.164029712000000105e-01
3.102499999999999858e+01 1.149698672000000060e-01
3.112500000000000000e+01 1.117565490999999911e-01
3.122500000000000142e+01 1.069349716999999922e-01
3.132499999999999929e+01 1.012178987000000030e-01
3.142500000000000071e+01 9.547267900000000473e-02
3.152499999999999858e+01 9.031797569999999720e-02
3.162500000000000000e+01 8.599303850000000748e-02
3.172500000000000142e+01 8.247039020000000720e-02
3.182499999999999929e+01 7.962106889999999437e-02
3.192500000000000071e+01 7.731080199999999791e-02
3.202000000000000313e+01 7.551740379999999364e-02
3.211999999999999744e+01 7.397342569999999784e-02
3.221999999999999886e+01 7.274274499999999755e-02
3.232000000000000028e+01 7.181962010000000896e-02
3.242000000000000171e+01 7.116778819999999839e-02
3.252000000000000313e+01 7.064257799999999754e-02
3.261999999999999744e+01 7.000979929999999463e-02
3.271999999999999886e+01 6.906085630000000086e-02
3.282000000000000028e+01 6.772597950000000533e-02
3.292000000000000171e+01 6.609372180000000485e-02
3.302000000000000313e+01 6.434282519999999506e-02
3.311999999999999744e+01 6.265290279999999323e-02
3.321999999999999886e+01 6.114320380000000388e-02
3.332000000000000028e+01 5.985040950000000692e-02
3.342000000000000171e+01 5.876499479999999775e-02
3.352000000000000313e+01 5.789778939999999652e-02
3.361999999999999744e+01 5.728620780000000245e-02
3.371999999999999886e+01 5.693643880000000268e-02
3.382000000000000028e+01 5.679620739999999973e-02
3.392000000000000171e+01 5.678302460000000246e-02
3.401500000000000057e+01 5.682328100000000326e-02
3.411500000000000199e+01 5.688191169999999575e-02
3.421500000000000341e+01 5.693295059999999713e-02
3.431499999999999773e+01 5.695030770000000103e-02
3.441499999999999915e+01 5.689936479999999769e-02
3.451500000000000057e+01 5.673521030000000520e-02
3.461500000000000199e+01 5.640682999999999808e-02
3.471500000000000341e+01 5.587942140000000391e-02
3.481499999999999773e+01 5.515443639999999953e-02
3.491499999999999915e+01 5.427343660000000236e-02
3.501500000000000057e+01 5.331979509999999756e-02
3.511500000000000199e+01 5.240568919999999409e-02
3.521500000000000341e+01 5.164587830000000324e-02
3.531499999999999773e+01 5.112039529999999610e-02
3.541499999999999915e+01 5.084678959999999748e-02
3.551500000000000057e+01 5.077487940000000033e-02
3.561500000000000199e+01 5.081176549999999459e-02
3.571500000000000341e+01 5.085581029999999836e-02
3.581499999999999773e+01 5.080297029999999991e-02
3.591499999999999915e+01 5.054520699999999478e-02
3.600999999999999801e+01 5.004683499999999785e-02
3.610999999999999943e+01 4.927218719999999774e-02
3.621000000000000085e+01 4.832781769999999755e-02
3.631000000000000227e+01 4.731886069999999972e-02
3.640999999999999659e+01 4.632709389999999788e-02
3.650999999999999801e+01 4.539690809999999410e-02
3.660999999999999943e+01 4.454110430000000204e-02
3.671000000000000085e+01 4.375587799999999805e-02
3.681000000000000227e+01 4.303006420000000248e-02
3.690999999999999659e+01 4.235064650000000541e-02
3.700999999999999801e+01 4.171064470000000052e-02
3.710999999999999943e+01 4.110916620000000521e-02
3.721000000000000085e+01 4.054252209999999884e-02
3.731000000000000227e+01 3.999487699999999812e-02
3.740999999999999659e+01 3.944489479999999798e-02
3.750999999999999801e+01 3.888461940000000061e-02
3.760999999999999943e+01 3.831472439999999979e-02
3.771000000000000085e+01 3.771075089999999935e-02
3.781000000000000227e+01 3.700705729999999999e-02
3.790999999999999659e+01 3.613802210000000015e-02
3.800500000000000256e+01 3.515661380000000003e-02
3.810499999999999687e+01 3.403353989999999968e-02
3.820499999999999829e+01 3.292721359999999792e-02
3.830499999999999972e+01 3.192107460000000174e-02
3.840500000000000114e+01 3.104375969999999957e-02
3.850500000000000256e+01 3.028134849999999934e-02
3.860499999999999687e+01 2.960069519999999899e-02
3.870499999999999829e+01 2.896778820000000046e-02
3.880499999999999972e+01 2.836404380000000225e-02
3.890500000000000114e+01 2.779963769999999751e-02
3.900500000000000256e+01 2.730988179999999793e-02
3.910499999999999687e+01 2.692744440000000017e-02
3.920499999999999829e+01 2.665486749999999849e-02
3.930499999999999972e+01 2.646251830000000138e-02
3.940500000000000114e+01 2.630947490000000097e-02
3.950500000000000256e+01 2.616336779999999668e-02
3.960499999999999687e+01 2.600695020000000010e-02
3.970499999999999829e+01 2.583937669999999964e-02
3.980499999999999972e+01 2.567467910000000020e-02
3.990500000000000114e+01 2.552739849999999949e-02
