1.000000000000000056e-01 3.407953999999999931e-03
2.000000000000000111e-01 4.555255900000000115e-03
2.999999999999999889e-01 6.071732199999999892e-03
4.000000000000000222e-01 7.737115200000000206e-03
5.000000000000000000e-01 9.479172699999999924e-03
5.999999999999999778e-01 1.127310999999999938e-02
6.999999999999999556e-01 1.311218390000000109e-02
8.000000000000000444e-01 1.499522170000000022e-02
9.000000000000000222e-01 1.692238050000000049e-02
1.000000000000000000e+00 1.889890169999999814e-02
1.100000000000000089e+00 2.093623220000000174e-02
1.199999999999999956e+00 2.304080229999999965e-02
1.300000000000000044e+00 2.522712449999999981e-02
1.399999999999999911e+00 2.750598970000000046e-02
1.500000000000000000e+00 2.989025249999999884e-02
1.600000000000000089e+00 3.237266800000000028e-02
1.699999999999999956e+00 3.492023749999999954e-02
1.800000000000000044e+00 3.745430820000000133e-02
1.899999999999999911e+00 3.988966039999999880e-02
2.000000000000000000e+00 4.218742080000000005e-02
2.095000000000000195e+00 4.429619879999999871e-02
2.194999999999999840e+00 4.654786600000000024e-02
2.294999999999999929e+00 4.893818789999999919e-02
2.395000000000000018e+00 5.153839220000000498e-02
2.495000000000000107e+00 5.439148900000000120e-02
2.595000000000000195e+00 5.752618319999999730e-02
2.694999999999999840e+00 6.095506609999999659e-02
2.794999999999999929e+00 6.467392349999999401e-02
2.895000000000000018e+00 6.866123820000000211e-02
2.995000000000000107e+00 7.288426580000000043e-02
3.095000000000000195e+00 7.734775759999999722e-02
3.194999999999999840e+00 8.207886650000000006e-02
3.294999999999999929e+00 8.709472649999999705e-02
3.395000000000000018e+00 9.239760329999999189e-02
3.495000000000000107e+00 9.799080790000000429e-02
3.595000000000000195e+00 1.038965353999999897e-01
3.694999999999999840e+00 1.101180109999999879e-01
3.794999999999999929e+00 1.165747332999999969e-01
3.895000000000000018e+00 1.230349919999999958e-01
3.995000000000000107e+00 1.291453445999999894e-01
4.089999999999999858e+00 1.342870455999999879e-01
4.190000000000000391e+00 1.388048704000000022e-01
4.290000000000000036e+00 1.425653024999999907e-01
4.389999999999999680e+00 1.460962781000000044e-01
4.490000000000000213e+00 1.500183790999999878e-01
4.589999999999999858e+00 1.547824171999999943e-01
4.690000000000000391e+00 1.605963212000000029e-01
4.790000000000000036e+00 1.675712164000000004e-01
4.889999999999999680e+00 1.759044101999999998e-01
4.990000000000000213e+00 1.859121649000000098e-01
5.089999999999999858e+00 1.979361718000000048e-01
5.190000000000000391e+00 2.122101560999999914e-01
5.290000000000000036e+00 2.288195584000000116e-01
5.389999999999999680e+00 2.478135055000000031e-01
5.490000000000000213e+00 2.694252903000000088e-01
5.589999999999999858e+00 2.941625969000000174e-01
5.690000000000000391e+00 3.224756555000000136e-01
5.790000000000000036e+00 3.542185174999999964e-01
5.889999999999999680e+00 3.883166739999999728e-01
5.990000000000000213e+00 4.231957876999999923e-01
6.084999999999999964e+00 4.560240096000000021e-01
6.184999999999999609e+00 4.892965776000000044e-01
6.285000000000000142e+00 5.183859942999999859e-01
6.384999999999999787e+00 5.378937308000000250e-01
6.485000000000000320e+00 5.437990699999999400e-01
6.584999999999999964e+00 5.379610451999999876e-01
6.684999999999999609e+00 5.272030321999999769e-01
6.785000000000000142e+00 5.186058899000000055e-01
6.884999999999999787e+00 5.164502450999999272e-01
6.985000000000000320e+00 5.220254440000000606e-01
7.084999999999999964e+00 5.345183428999999986e-01
7.184999999999999609e+00 5.519253042999999748e-01
7.285000000000000142e+00 5.723258500000000248e-01
7.384999999999999787e+00 5.951152548000000486e-01
7.485000000000000320e+00 6.211544335999999999e-01
7.584999999999999964e+00 6.519811893000000413e-01
7.684999999999999609e+00 6.888974541999999257e-01
7.785000000000000142e+00 7.322935760000000016e-01
7.884999999999999787e+00 7.813769799999999988e-01
7.985000000000000320e+00 8.348797484000000102e-01
8.080000000000000071e+00 8.893476554999999451e-01
8.179999999999999716e+00 9.507023921999999683e-01
8.279999999999999361e+00 1.015855831000000098e+00
8.380000000000000782e+00 1.083753729500000151e+00
8.480000000000000426e+00 1.153119456800000053e+00
8.580000000000000071e+00 1.222672216299999892e+00
8.679999999999999716e+00 1.291411965900000069e+00
8.779999999999999361e+00 1.358302031600000070e+00
8.880000000000000782e+00 1.421502870499999904e+00
8.980000000000000426e+00 1.478995809200000178e+00
9.080000000000000071e+00 1.530193064100000111e+00
9.179999999999999716e+00 1.577568599699999963e+00
9.279999999999999361e+00 1.626036019299999857e+00
9.380000000000000782e+00 1.678818598399999917e+00
9.480000000000000426e+00 1.733949445399999956e+00
9.580000000000000071e+00 1.786777158500000073e+00
9.679999999999999716e+00 1.836035399500000054e+00
9.779999999999999361e+00 1.886847019399999770e+00
9.880000000000000782e+00 1.948510703199999750e+00
9.980000000000000426e+00 2.029612322300000216e+00
1.007499999999999929e+01 2.128011691500000246e+00
1.017500000000000071e+01 2.249939247099999928e+00
1.027500000000000036e+01 2.377536669499999977e+00
1.037500000000000000e+01 2.491867119700000188e+00
1.047499999999999964e+01 2.580256162900000039e+00
1.057499999999999929e+01 2.648451247899999750e+00
1.067500000000000071e+01 2.717934159799999971e+00
1.077500000000000036e+01 2.811134906699999991e+00
1.087500000000000000e+01 2.938294675299999881e+00
1.097499999999999964e+01 3.091706130399999974e+00
1.107499999999999929e+01 3.250045784999999743e+00
1.117500000000000071e+01 3.394104207499999859e+00
1.127500000000000036e+01 3.523490144900000232e+00
1.137500000000000000e+01 3.656224630099999651e+00
1.147499999999999964e+01 3.813789371300000397e+00
1.157499999999999929e+01 4.009424387300000170e+00
1.167500000000000071e+01 4.248144432700000195e+00
1.177500000000000036e+01 4.535847607300000028e+00
1.187500000000000000e+01 4.886788063100000024e+00
1.197499999999999964e+01 5.322695854300000029e+00
1.207000000000000028e+01 5.830536695900000232e+00
1.216999999999999993e+01 6.458425387500000170e+00
1.226999999999999957e+01 7.141994046199999779e+00
1.236999999999999922e+01 7.803459989500000304e+00
1.247000000000000064e+01 8.347481608200000736e+00
1.257000000000000028e+01 8.703990597899998960e+00
1.266999999999999993e+01 8.852671195200001009e+00
1.276999999999999957e+01 8.816038861099999124e+00
1.286999999999999922e+01 8.647524922300000583e+00
1.297000000000000064e+01 8.413455324100000965e+00
1.307000000000000028e+01 8.159407852200001088e+00
1.316999999999999993e+01 7.901633673799999258e+00
1.326999999999999957e+01 7.655705427500000049e+00
1.336999999999999922e+01 7.458283679700000057e+00
1.347000000000000064e+01 7.351293435300000567e+00
1.357000000000000028e+01 7.352496164999999806e+00
1.366999999999999993e+01 7.452801896000000426e+00
1.376999999999999957e+01 7.634913398700000187e+00
1.386999999999999922e+01 7.886502183399999311e+00
1.397000000000000064e+01 8.197068963199999558e+00
1.406499999999999950e+01 8.530386128499999998e+00
1.416499999999999915e+01 8.892594428100000670e+00
1.426500000000000057e+01 9.230190178099999088e+00
1.436500000000000021e+01 9.506147437399999234e+00
1.446499999999999986e+01 9.679629927500000619e+00
1.456499999999999950e+01 9.710062617100000182e+00
1.466499999999999915e+01 9.579098131199998534e+00
1.476500000000000057e+01 9.300387683600000344e+00
1.486500000000000021e+01 8.908134079999999955e+00
1.496499999999999986e+01 8.444626908300000068e+00
1.506499999999999950e+01 7.947745133899999814e+00
1.516499999999999915e+01 7.436508311999999954e+00
1.526500000000000057e+01 6.914508908100000184e+00
1.536500000000000021e+01 6.390850463999999675e+00
1.546499999999999986e+01 5.890466505300000044e+00
1.556499999999999950e+01 5.440745763599999840e+00
1.566499999999999915e+01 5.056377203999999459e+00
1.576500000000000057e+01 4.736981616999999645e+00
1.586500000000000021e+01 4.471976368500000021e+00
1.596499999999999986e+01 4.248385808300000122e+00
1.605999999999999872e+01 4.067515761900000193e+00
1.616000000000000014e+01 3.909726647699999891e+00
1.626000000000000156e+01 3.784328490500000086e+00
1.635999999999999943e+01 3.682757017999999771e+00
1.646000000000000085e+01 3.590149374900000190e+00
1.655999999999999872e+01 3.494264344800000366e+00
1.666000000000000014e+01 3.395034093100000039e+00
1.676000000000000156e+01 3.305009272399999976e+00
1.685999999999999943e+01 3.241030027099999877e+00
1.696000000000000085e+01 3.217282843100000012e+00
1.705999999999999872e+01 3.241308887000000194e+00
1.716000000000000014e+01 3.309607655699999818e+00
1.726000000000000156e+01 3.405285804799999649e+00
1.735999999999999943e+01 3.500537945400000073e+00
1.746000000000000085e+01 3.563436090899999797e+00
1.755999999999999872e+01 3.570725753200000074e+00
1.766000000000000014e+01 3.523140987499999710e+00
1.776000000000000156e+01 3.446332877499999725e+00
1.785999999999999943e+01 3.374833770300000424e+00
1.796000000000000085e+01 3.335454819999999820e+00
1.805499999999999972e+01 3.336962260199999974e+00
1.815500000000000114e+01 3.371799073100000044e+00
1.825499999999999901e+01 3.420337861700000204e+00
1.835500000000000043e+01 3.458367843800000063e+00
1.845499999999999829e+01 3.467237051199999698e+00
1.855499999999999972e+01 3.439098154999999934e+00
1.865500000000000114e+01 3.375740112199999921e+00
1.875499999999999901e+01 3.282796793699999771e+00
1.885500000000000043e+01 3.165256689000000012e+00
1.895499999999999829e+01 3.027082070900000144e+00
1.905499999999999972e+01 2.872378588899999752e+00
1.915500000000000114e+01 2.705937921799999923e+00
1.925499999999999901e+01 2.533317879699999775e+00
1.935500000000000043e+01 2.360507501199999858e+00
1.945499999999999829e+01 2.192155395099999904e+00
1.955499999999999972e+01 2.030040814199999932e+00
1.965500000000000114e+01 1.875007626900000002e+00
1.975499999999999901e+01 1.729432419999999970e+00
1.985500000000000043e+01 1.595994181999999872e+00
1.995499999999999829e+01 1.475144932900000150e+00
2.005000000000000071e+01 1.370292739599999976e+00
2.014999999999999858e+01 1.268133763100000033e+00
2.025000000000000000e+01 1.173067177500000113e+00
2.035000000000000142e+01 1.085475931499999991e+00
2.044999999999999929e+01 1.006606986199999998e+00
2.055000000000000071e+01 9.372369417999999452e-01
2.064999999999999858e+01 8.772662585000000623e-01
2.075000000000000000e+01 8.260050543999999384e-01
2.085000000000000142e+01 7.825497641999999976e-01
2.094999999999999929e+01 7.457236859000000440e-01
2.105000000000000071e+01 7.139986232999999682e-01
2.114999999999999858e+01 6.856481132999999728e-01
2.125000000000000000e+01 6.587874439999998888e-01
2.135000000000000142e+01 6.315358897000000749e-01
2.144999999999999929e+01 6.028767208999999960e-01
2.155000000000000071e+01 5.735103474000000645e-01
2.164999999999999858e+01 5.452886864999999528e-01
2.175000000000000000e+01 5.196737571999999750e-01
2.185000000000000142e+01 4.970517273000000236e-01
2.194999999999999929e+01 4.769955081999999735e-01
2.204500000000000171e+01 4.596861917000000242e-01
2.214499999999999957e+01 4.428178792000000419e-01
2.224500000000000099e+01 4.272312274000000243e-01
2.234499999999999886e+01 4.129437188999999786e-01
2.244500000000000028e+01 3.996340150000000091e-01
2.254500000000000171e+01 3.868048726000000159e-01
2.264499999999999957e+01 3.743759556999999849e-01
2.274500000000000099e+01 3.627533447000000355e-01
2.284499999999999886e+01 3.523286076999999628e-01
2.294500000000000028e+01 3.430384190999999916e-01
2.304500000000000171e+01 3.342831011999999880e-01
2.314499999999999957e+01 3.252257628999999928e-01
2.324500000000000099e+01 3.153302507999999893e-01
2.334499999999999886e+01 3.046632973999999772e-01
2.344500000000000028e+01 2.937762235999999971e-01
2.354500000000000171e+01 2.834346543000000329e-01
2.364499999999999957e+01 2.743579554999999726e-01
2.374500000000000099e+01 2.669713143999999927e-01
2.384499999999999886e+01 2.612433254000000038e-01
2.394500000000000028e+01 2.567242164999999909e-01
2.403999999999999915e+01 2.529346801999999839e-01
2.414000000000000057e+01 2.487540220000000191e-01
2.423999999999999844e+01 2.436803362000000139e-01
2.433999999999999986e+01 2.373635620000000002e-01
2.444000000000000128e+01 2.300836170999999986e-01
2.453999999999999915e+01 2.225646451999999942e-01
2.464000000000000057e+01 2.155264372000000039e-01
2.473999999999999844e+01 2.094038027000000024e-01
2.483999999999999986e+01 2.042487595000000156e-01
2.494000000000000128e+01 1.997347090999999908e-01
2.503999999999999915e+01 1.953672828000000139e-01
2.514000000000000057e+01 1.908264603000000004e-01
2.523999999999999844e+01 1.860979249999999974e-01
2.533999999999999986e+01 1.813634621999999919e-01
2.544000000000000128e+01 1.768871136000000066e-01
2.553999999999999915e+01 1.729346667999999976e-01
2.564000000000000057e+01 1.696475349999999882e-01
2.573999999999999844e+01 1.669844746999999963e-01
2.583999999999999986e+01 1.647896064999999910e-01
2.594000000000000128e+01 1.628723818000000212e-01
2.603500000000000014e+01 1.611244715000000050e-01
2.613500000000000156e+01 1.592289625999999958e-01
2.623499999999999943e+01 1.573406669000000091e-01
2.633500000000000085e+01 1.557423584000000027e-01
2.643499999999999872e+01 1.547503486999999844e-01
2.653500000000000014e+01 1.545161827999999848e-01
2.663500000000000156e+01 1.549084574999999853e-01
2.673499999999999943e+01 1.554964879000000078e-01
2.683500000000000085e+01 1.557858282000000039e-01
2.693499999999999872e+01 1.555575929999999940e-01
2.703500000000000014e+01 1.549361811000000144e-01
2.713500000000000156e+01 1.541749788000000010e-01
2.723499999999999943e+01 1.534391424000000059e-01
2.733500000000000085e+01 1.527231691000000002e-01
2.743499999999999872e+01 1.519228304999999946e-01
2.753500000000000014e+01 1.509853841000000085e-01
2.763500000000000156e+01 1.499857916000000013e-01
2.773499999999999943e+01 1.491502202000000166e-01
2.783500000000000085e+01 1.488291823000000014e-01
2.793499999999999872e+01 1.493183180000000054e-01
2.803000000000000114e+01 1.504897132999999942e-01
2.812999999999999901e+01 1.520398753000000158e-01
2.823000000000000043e+01 1.534011821000000053e-01
2.832999999999999829e+01 1.542655826999999868e-01
2.842999999999999972e+01 1.544983644000000045e-01
2.853000000000000114e+01 1.540032679999999987e-01
2.862999999999999901e+01 1.527808448000000097e-01
2.873000000000000043e+01 1.509958889999999943e-01
2.882999999999999829e+01 1.488603198000000016e-01
2.892999999999999972e+01 1.464525945999999856e-01
2.903000000000000114e+01 1.436770680000000189e-01
2.912999999999999901e+01 1.404279310000000058e-01
2.923000000000000043e+01 1.368175262999999919e-01
2.932999999999999829e+01 1.331984599000000102e-01
2.942999999999999972e+01 1.299548732999999956e-01
2.953000000000000114e+01 1.272957858000000053e-01
2.962999999999999901e+01 1.252183454000000140e-01
2.973000000000000043e+01 1.235888149999999908e-01
2.982999999999999829e+01 1.222182743999999932e-01
2.992999999999999972e+01 1.209107221000000065e-01
3.002499999999999858e+01 1.195543692000000102e-01
3.012500000000000000e+01 1.178019998999999957e-01
3.022500000000000142e+01 1.154958415000000016e-01
3.032499999999999929e+01 1.125343931999999991e-01
3.042500000000000071e+01 1.090926131999999937e-01
3.052499999999999858e+01 1.055873714000000047e-01
3.062500000000000000e+01 1.024569284999999885e-01
3.072500000000000142e+01 9.998557210000000306e-02
3.082499999999999929e+01 9.826346249999999560e-02
3.092500000000000071e+01 9.718377300000000107e-02
3.102499999999999858e+01 9.646370690000000137e-02
3.112500000000000000e+01 9.575953040000000083e-02
3.122500000000000142e+01 9.480915310000000151e-02
3.132499999999999929e+01 9.345245600000000319e-02
3.142500000000000071e+01 9.156122699999999504e-02
3.152499999999999858e+01 8.905670510000000817e-02
3.162500000000000000e+01 8.603647810000000784e-02
3.172500000000000142e+01 8.280617640000000057e-02
3.182499999999999929e+01 7.971753530000000310e-02
3.192500000000000071e+01 7.699826529999999336e-02
3.202000000000000313e+01 7.481906520000000671e-02
3.211999999999999744e+01 7.290708510000000475e-02
3.221999999999999886e+01 7.128716429999999715e-02
3.232000000000000028e+01 6.985549239999999660e-02
3.242000000000000171e+01 6.851812749999999785e-02
3.252000000000000313e+01 6.720215440000000540e-02
3.261999999999999744e+01 6.588948070000000268e-02
3.271999999999999886e+01 6.461375789999999897e-02
3.282000000000000028e+01 6.340061620000000953e-02
3.292000000000000171e+01 6.221112060000000277e-02
3.302000000000000313e+01 6.095294380000000622e-02
3.311999999999999744e+01 5.956439230000000473e-02
3.321999999999999886e+01 5.810822150000000130e-02
3.332000000000000028e+01 5.676343749999999966e-02
3.342000000000000171e+01 5.571746439999999967e-02
3.352000000000000313e+01 5.507029029999999797e-02
3.361999999999999744e+01 5.479905639999999717e-02
3.371999999999999886e+01 5.476214339999999764e-02
3.382000000000000028e+01 5.474060690000000229e-02
3.392000000000000171e+01 5.454536880000000060e-02
3.401500000000000057e+01 5.415463180000000543e-02
3.411500000000000199e+01 5.361792249999999815e-02
3.421500000000000341e+01 5.309421779999999591e-02
3.431499999999999773e+01 5.269231330000000157e-02
3.441499999999999915e+01 5.245744380000000318e-02
3.451500000000000057e+01 5.237447060000000043e-02
3.461500000000000199e+01 5.238847750000000247e-02
3.471500000000000341e+01 5.244670240000000316e-02
3.481499999999999773e+01 5.252684850000000072e-02
3.491499999999999915e+01 5.260001789999999705e-02
3.501500000000000057e+01 5.258314740000000209e-02
3.511500000000000199e+01 5.237965730000000014e-02
3.521500000000000341e+01 5.197504379999999535e-02
3.531499999999999773e+01 5.147572940000000319e-02
3.541499999999999915e+01 5.104126710000000261e-02
3.551500000000000057e+01 5.076717249999999904e-02
3.561500000000000199e+01 5.061671099999999479e-02
3.571500000000000341e+01 5.044751199999999991e-02
3.581499999999999773e+01 5.010925389999999757e-02
3.591499999999999915e+01 4.953075590000000084e-02
3.600999999999999801e+01 4.877314149999999876e-02
3.610999999999999943e+01 4.783159350000000531e-02
3.621000000000000085e+01 4.686663630000000025e-02
3.631000000000000227e+01 4.600708400000000364e-02
3.640999999999999659e+01 4.530356929999999893e-02
3.650999999999999801e+01 4.469935829999999860e-02
3.660999999999999943e+01 4.408599030000000252e-02
3.671000000000000085e+01 4.337549980000000166e-02
3.681000000000000227e+01 4.253819840000000463e-02
3.690999999999999659e+01 4.160215440000000070e-02
3.700999999999999801e+01 4.060864290000000543e-02
3.710999999999999943e+01 3.957286830000000116e-02
3.721000000000000085e+01 3.850498219999999583e-02
3.731000000000000227e+01 3.744892159999999720e-02
3.740999999999999659e+01 3.646371770000000206e-02
3.750999999999999801e+01 3.556496030000000363e-02
3.760999999999999943e+01 3.470541039999999744e-02
3.771000000000000085e+01 3.383043200000000056e-02
3.781000000000000227e+01 3.294184590000000246e-02
3.790999999999999659e+01 3.209057600000000260e-02
3.800500000000000256e+01 3.135863679999999903e-02
3.810499999999999687e+01 3.067988189999999726e-02
3.820499999999999829e+01 3.007736670000000362e-02
3.830499999999999972e+01 2.952205100000000054e-02
3.840500000000000114e+01 2.899384519999999993e-02
3.850500000000000256e+01 2.849743479999999884e-02
3.860499999999999687e+01 2.806465539999999925e-02
3.870499999999999829e+01 2.773204049999999921e-02
3.880499999999999972e+01 2.751098980000000332e-02
3.890500000000000114e+01 2.737324870000000174e-02
3.900500000000000256e+01 2.726492269999999940e-02
3.910499999999999687e+01 2.713854770000000138e-02
3.920499999999999829e+01 2.697444130000000231e-02
3.930499999999999972e+01 2.677821509999999891e-02
3.940500000000000114e+01 2.656937980000000088e-02
3.950500000000000256e+01 2.637092870000000075e-02
3.960499999999999687e+01 2.619815639999999862e-02
3.970499999999999829e+01 2.604821100000000167e-02
3.980499999999999972e+01 2.590371869999999813e-02
3.990500000000000114e+01 2.575462960000000218e-02
