1.000000000000000056e-01 3.657321199999999904e-03
2.000000000000000111e-01 4.707040200000000077e-03
2.999999999999999889e-01 6.194133499999999841e-03
4.000000000000000222e-01 7.849090100000000875e-03
5.000000000000000000e-01 9.591984300000000116e-03
5.999999999999999778e-01 1.139220540000000087e-02
6.999999999999999556e-01 1.324121799999999904e-02
8.000000000000000444e-01 1.513424279999999941e-02
9.000000000000000222e-01 1.707804519999999923e-02
1.000000000000000000e+00 1.907214330000000027e-02
1.100000000000000089e+00 2.113021679999999708e-02
1.199999999999999956e+00 2.326034329999999983e-02
1.300000000000000044e+00 2.547587210000000144e-02
1.399999999999999911e+00 2.779052369999999994e-02
1.500000000000000000e+00 3.021320489999999859e-02
1.600000000000000089e+00 3.273420230000000097e-02
1.699999999999999956e+00 3.531469369999999663e-02
1.800000000000000044e+00 3.787173209999999957e-02
1.899999999999999911e+00 4.031229260000000064e-02
2.000000000000000000e+00 4.260662619999999734e-02
2.095000000000000195e+00 4.471089100000000260e-02
2.194999999999999840e+00 4.696587039999999824e-02
2.294999999999999929e+00 4.936809129999999990e-02
2.395000000000000018e+00 5.198747570000000068e-02
2.495000000000000107e+00 5.486549859999999973e-02
2.595000000000000195e+00 5.802964859999999725e-02
2.694999999999999840e+00 6.149218080000000419e-02
2.794999999999999929e+00 6.525336260000000332e-02
2.895000000000000018e+00 6.929207430000000612e-02
2.995000000000000107e+00 7.359317070000000183e-02
3.095000000000000195e+00 7.816300489999999934e-02
3.194999999999999840e+00 8.303634660000000500e-02
3.294999999999999929e+00 8.822619069999999841e-02
3.395000000000000018e+00 9.374134979999999839e-02
3.495000000000000107e+00 9.959224290000000257e-02
3.595000000000000195e+00 1.057998961999999932e-01
3.694999999999999840e+00 1.123435626000000020e-01
3.794999999999999929e+00 1.190949537999999863e-01
3.895000000000000018e+00 1.257722051000000063e-01
3.995000000000000107e+00 1.319920280999999918e-01
4.089999999999999858e+00 1.371378172000000117e-01
4.190000000000000391e+00 1.415950518999999908e-01
4.290000000000000036e+00 1.452989557000000098e-01
4.389999999999999680e+00 1.488345940000000145e-01
4.490000000000000213e+00 1.528318612000000021e-01
4.589999999999999858e+00 1.577251010000000064e-01
4.690000000000000391e+00 1.637096463000000113e-01
4.790000000000000036e+00 1.709144209000000025e-01
4.889999999999999680e+00 1.795652443999999903e-01
4.990000000000000213e+00 1.899969106999999935e-01
5.089999999999999858e+00 2.025215895999999960e-01
5.190000000000000391e+00 2.173102646000000249e-01
5.290000000000000036e+00 2.343815925000000133e-01
5.389999999999999680e+00 2.538011095000000106e-01
5.490000000000000213e+00 2.759124291000000229e-01
5.589999999999999858e+00 3.012963902999999943e-01
5.690000000000000391e+00 3.303242988000000269e-01
5.790000000000000036e+00 3.626039899999999871e-01
5.889999999999999680e+00 3.968669773999999872e-01
5.990000000000000213e+00 4.316426268999999927e-01
6.084999999999999964e+00 4.644364343000000339e-01
6.184999999999999609e+00 4.977755737999999819e-01
6.285000000000000142e+00 5.265468951999999758e-01
6.384999999999999787e+00 5.450685456999999623e-01
6.485000000000000320e+00 5.499156242999999611e-01
6.584999999999999964e+00 5.439066941000000321e-01
6.684999999999999609e+00 5.342732116999999725e-01
6.785000000000000142e+00 5.278213918999999921e-01
6.884999999999999787e+00 5.282666763000000154e-01
6.985000000000000320e+00 5.363134751000000477e-01
7.084999999999999964e+00 5.505858919999999657e-01
7.184999999999999609e+00 5.688279257999999672e-01
7.285000000000000142e+00 5.894829052000000180e-01
7.384999999999999787e+00 6.127135831999999116e-01
7.485000000000000320e+00 6.399895491000000547e-01
7.584999999999999964e+00 6.730363618999999353e-01
7.684999999999999609e+00 7.130101495000000789e-01
7.785000000000000142e+00 7.600022993999999699e-01
7.884999999999999787e+00 8.129709863999999842e-01
7.985000000000000320e+00 8.707389562000000804e-01
8.080000000000000071e+00 9.298105065999999752e-01
8.179999999999999716e+00 9.963532737999999389e-01
8.279999999999999361e+00 1.066318511900000043e+00
8.380000000000000782e+00 1.137952359899999877e+00
8.480000000000000426e+00 1.209396820099999825e+00
8.580000000000000071e+00 1.278874650599999940e+00
8.679999999999999716e+00 1.345076586599999846e+00
8.779999999999999361e+00 1.406890901600000188e+00
8.880000000000000782e+00 1.462812765400000048e+00
8.980000000000000426e+00 1.511669229200000020e+00
9.080000000000000071e+00 1.554219080799999819e+00
9.179999999999999716e+00 1.594640416699999896e+00
9.279999999999999361e+00 1.638789695599999874e+00
9.380000000000000782e+00 1.688981792300000118e+00
9.480000000000000426e+00 1.741464608799999869e+00
9.580000000000000071e+00 1.790847218500000171e+00
9.679999999999999716e+00 1.836797709300000081e+00
9.779999999999999361e+00 1.885793109600000239e+00
9.880000000000000782e+00 1.947566861100000102e+00
9.980000000000000426e+00 2.030291371199999695e+00
1.007499999999999929e+01 2.130711827899999911e+00
1.017500000000000071e+01 2.253894289999999856e+00
1.027500000000000036e+01 2.380141633500000076e+00
1.037500000000000000e+01 2.490378515200000198e+00
1.047499999999999964e+01 2.574544469999999752e+00
1.057499999999999929e+01 2.641948377599999898e+00
1.067500000000000071e+01 2.715522186499999879e+00
1.077500000000000036e+01 2.815966211200000124e+00
1.087500000000000000e+01 2.949298827899999864e+00
1.097499999999999964e+01 3.103035657100000400e+00
1.107499999999999929e+01 3.253969339399999772e+00
1.117500000000000071e+01 3.386188386600000211e+00
1.127500000000000036e+01 3.504810820699999940e+00
1.137500000000000000e+01 3.630742948400000003e+00
1.147499999999999964e+01 3.785425750299999947e+00
1.157499999999999929e+01 3.981442487999999891e+00
1.167500000000000071e+01 4.224711162400000219e+00
1.177500000000000036e+01 4.523709790099999850e+00
1.187500000000000000e+01 4.894751198799999869e+00
1.197499999999999964e+01 5.355803068000000167e+00
1.207000000000000028e+01 5.880868809700000810e+00
1.216999999999999993e+01 6.502940915499999974e+00
1.226999999999999957e+01 7.142619974999999677e+00
1.236999999999999922e+01 7.726873607199999938e+00
1.247000000000000064e+01 8.187172811800000005e+00
1.257000000000000028e+01 8.474780902999999199e+00
1.266999999999999993e+01 8.567219590500000592e+00
1.276999999999999957e+01 8.490515803399999228e+00
1.286999999999999922e+01 8.321434156599998744e+00
1.297000000000000064e+01 8.133131078499999944e+00
1.307000000000000028e+01 7.948835718699999831e+00
1.316999999999999993e+01 7.758254064800000904e+00
1.326999999999999957e+01 7.568612898999999672e+00
1.336999999999999922e+01 7.419845703100000023e+00
1.347000000000000064e+01 7.353446731100000022e+00
1.357000000000000028e+01 7.380969428500000262e+00
1.366999999999999993e+01 7.488302656500000154e+00
1.376999999999999957e+01 7.659762010399999710e+00
1.386999999999999922e+01 7.888460237700000377e+00
1.397000000000000064e+01 8.169524792400000734e+00
1.406499999999999950e+01 8.472468948999999583e+00
1.416499999999999915e+01 8.804915159500000144e+00
1.426500000000000057e+01 9.122040576999999928e+00
1.436500000000000021e+01 9.394174609700000289e+00
1.446499999999999986e+01 9.584549023199999240e+00
1.456499999999999950e+01 9.648106444199999743e+00
1.466499999999999915e+01 9.552109003800000053e+00
1.476500000000000057e+01 9.295638276400000066e+00
1.486500000000000021e+01 8.911083379800000870e+00
1.496499999999999986e+01 8.448879008600000518e+00
1.506499999999999950e+01 7.951016086800000160e+00
1.516499999999999915e+01 7.435023404899999910e+00
1.526500000000000057e+01 6.905470694999999992e+00
1.536500000000000021e+01 6.376799341599999948e+00
1.546499999999999986e+01 5.878201405199999563e+00
1.556499999999999950e+01 5.438291130000000528e+00
1.566499999999999915e+01 5.071172371000000290e+00
1.576500000000000057e+01 4.772030130500000134e+00
1.586500000000000021e+01 4.522747232599999556e+00
1.596499999999999986e+01 4.306332075900000333e+00
1.605999999999999872e+01 4.126584130800000416e+00
1.616000000000000014e+01 3.967621580600000364e+00
1.626000000000000156e+01 3.841153254500000003e+00
1.635999999999999943e+01 3.739795845000000174e+00
1.646000000000000085e+01 3.648040200000000066e+00
1.655999999999999872e+01 3.553128985799999917e+00
1.666000000000000014e+01 3.456115427599999901e+00
1.676000000000000156e+01 3.370466785499999673e+00
1.685999999999999943e+01 3.313478004699999868e+00
1.696000000000000085e+01 3.298948458799999983e+00
1.705999999999999872e+01 3.330862990600000018e+00
1.716000000000000014e+01 3.399596004799999793e+00
1.726000000000000156e+01 3.482885938000000348e+00
1.735999999999999943e+01 3.550936016000000084e+00
1.746000000000000085e+01 3.576063117100000355e+00
1.755999999999999872e+01 3.547728134099999764e+00
1.766000000000000014e+01 3.481484816500000079e+00
1.776000000000000156e+01 3.408212401200000130e+00
1.785999999999999943e+01 3.355264064900000065e+00
1.796000000000000085e+01 3.336764667000000184e+00
1.805499999999999972e+01 3.351128262200000041e+00
1.815500000000000114e+01 3.388632744600000191e+00
1.825499999999999901e+01 3.429863292900000360e+00
1.835500000000000043e+01 3.452967119100000204e+00
1.845499999999999829e+01 3.442564664599999880e+00
1.855499999999999972e+01 3.396793736300000255e+00
1.865500000000000114e+01 3.322691715200000395e+00
1.875499999999999901e+01 3.225897791300000428e+00
1.885500000000000043e+01 3.108219930400000219e+00
1.895499999999999829e+01 2.971363334299999881e+00
1.905499999999999972e+01 2.818689267899999962e+00
1.915500000000000114e+01 2.654538330499999876e+00
1.925499999999999901e+01 2.484052956500000242e+00
1.935500000000000043e+01 2.312424179799999813e+00
1.945499999999999829e+01 2.143787344999999789e+00
1.955499999999999972e+01 1.981986285899999922e+00
1.965500000000000114e+01 1.830966624699999823e+00
1.975499999999999901e+01 1.692672218300000031e+00
1.985500000000000043e+01 1.565673295600000126e+00
1.995499999999999829e+01 1.446943974999999938e+00
2.005000000000000071e+01 1.340016769400000030e+00
2.014999999999999858e+01 1.233992420899999942e+00
2.025000000000000000e+01 1.136666075299999967e+00
2.035000000000000142e+01 1.049915779800000060e+00
2.044999999999999929e+01 9.744688487999999538e-01
2.055000000000000071e+01 9.100107072000001018e-01
2.064999999999999858e+01 8.556594067999999664e-01
2.075000000000000000e+01 8.101920221999999727e-01
2.085000000000000142e+01 7.719758548999999803e-01
2.094999999999999929e+01 7.391470641999999813e-01
2.105000000000000071e+01 7.099340170999999255e-01
2.114999999999999858e+01 6.824608919000000329e-01
2.125000000000000000e+01 6.548863891999999742e-01
2.135000000000000142e+01 6.262333171000000753e-01
2.144999999999999929e+01 5.971314787999999485e-01
2.155000000000000071e+01 5.691958265000000017e-01
2.164999999999999858e+01 5.436305084000000454e-01
2.175000000000000000e+01 5.205839373000000769e-01
2.185000000000000142e+01 4.996187898000000183e-01
2.194999999999999929e+01 4.803297715000000023e-01
2.204500000000000171e+01 4.634045220999999937e-01
2.214499999999999957e+01 4.469878036999999638e-01
2.224500000000000099e+01 4.317952260000000320e-01
2.234499999999999886e+01 4.174170454000000197e-01
2.244500000000000028e+01 4.036080110999999970e-01
2.254500000000000171e+01 3.905305319000000330e-01
2.264499999999999957e+01 3.784979325999999755e-01
2.274500000000000099e+01 3.675470256000000213e-01
2.284499999999999886e+01 3.572455387999999843e-01
2.294500000000000028e+01 3.468843281999999806e-01
2.304500000000000171e+01 3.359756523000000383e-01
2.314499999999999957e+01 3.245291993999999680e-01
2.324500000000000099e+01 3.128490091000000195e-01
2.334499999999999886e+01 3.013156660999999903e-01
2.344500000000000028e+01 2.904712388000000312e-01
2.354500000000000171e+01 2.810370110000000032e-01
2.364499999999999957e+01 2.735984807999999879e-01
2.374500000000000099e+01 2.682393210999999833e-01
2.384499999999999886e+01 2.644433535999999862e-01
2.394500000000000028e+01 2.613245124999999947e-01
2.403999999999999915e+01 2.580726926999999948e-01
2.414000000000000057e+01 2.535023215000000163e-01
2.423999999999999844e+01 2.473034177999999805e-01
2.433999999999999986e+01 2.397479929999999926e-01
2.444000000000000128e+01 2.317055285999999881e-01
2.453999999999999915e+01 2.241301137999999749e-01
2.464000000000000057e+01 2.175957795000000028e-01
2.473999999999999844e+01 2.120855201999999884e-01
2.483999999999999986e+01 2.070898794999999903e-01
2.494000000000000128e+01 2.020119353000000006e-01
2.503999999999999915e+01 1.965664916000000040e-01
2.514000000000000057e+01 1.908512103999999987e-01
2.523999999999999844e+01 1.852167448999999799e-01
2.533999999999999986e+01 1.801205034000000205e-01
2.544000000000000128e+01 1.759110423999999950e-01
2.553999999999999915e+01 1.726568561000000057e-01
2.564000000000000057e+01 1.701788425000000105e-01
2.573999999999999844e+01 1.682084279999999932e-01
2.583999999999999986e+01 1.664894826000000161e-01
2.594000000000000128e+01 1.648321860999999999e-01
2.603500000000000014e+01 1.632415033000000071e-01
2.613500000000000156e+01 1.616288369999999974e-01
2.623499999999999943e+01 1.602884836000000035e-01
2.633500000000000085e+01 1.594722570000000061e-01
2.643499999999999872e+01 1.593230234999999939e-01
2.653500000000000014e+01 1.597241376999999907e-01
2.663500000000000156e+01 1.602730146999999938e-01
2.673499999999999943e+01 1.604942149999999956e-01
2.683500000000000085e+01 1.601431154999999884e-01
2.693499999999999872e+01 1.593245275999999877e-01
2.703500000000000014e+01 1.583406803999999890e-01
2.713500000000000156e+01 1.574765127999999959e-01
2.723499999999999943e+01 1.568491586999999909e-01
2.733500000000000085e+01 1.563904046999999853e-01
2.743499999999999872e+01 1.559472073000000014e-01
2.753500000000000014e+01 1.554532184999999900e-01
2.763500000000000156e+01 1.550469081999999998e-01
2.773499999999999943e+01 1.550524907999999980e-01
2.783500000000000085e+01 1.557539039999999986e-01
2.793499999999999872e+01 1.571170530999999870e-01
2.803000000000000114e+01 1.586688137999999748e-01
2.812999999999999901e+01 1.601335751000000085e-01
2.823000000000000043e+01 1.611303936000000048e-01
2.832999999999999829e+01 1.614658083000000133e-01
2.842999999999999972e+01 1.609616493999999898e-01
2.853000000000000114e+01 1.595806426999999972e-01
2.862999999999999901e+01 1.575222356000000046e-01
2.873000000000000043e+01 1.550479713000000037e-01
2.882999999999999829e+01 1.522523493999999866e-01
2.892999999999999972e+01 1.490382292000000108e-01
2.903000000000000114e+01 1.452880474999999894e-01
2.912999999999999901e+01 1.410549875999999869e-01
2.923000000000000043e+01 1.366354583000000122e-01
2.932999999999999829e+01 1.324868374000000015e-01
2.942999999999999972e+01 1.290513218000000073e-01
2.953000000000000114e+01 1.265829750999999948e-01
2.962999999999999901e+01 1.250616069999999913e-01
2.973000000000000043e+01 1.242289451000000017e-01
2.982999999999999829e+01 1.236938811999999943e-01
2.992999999999999972e+01 1.230090734000000019e-01
3.002499999999999858e+01 1.218269610999999919e-01
3.012500000000000000e+01 1.197703304999999940e-01
3.022500000000000142e+01 1.169244017000000135e-01
3.032499999999999929e+01 1.136200167000000066e-01
3.042500000000000071e+01 1.103213467999999975e-01
3.052499999999999858e+01 1.074676677000000052e-01
3.062500000000000000e+01 1.053535327000000021e-01
3.072500000000000142e+01 1.040394136000000053e-01
3.082499999999999929e+01 1.033205950999999956e-01
3.092500000000000071e+01 1.028027680999999971e-01
3.102499999999999858e+01 1.020634799000000037e-01
3.112500000000000000e+01 1.008140832999999958e-01
3.122500000000000142e+01 9.892376140000000428e-02
3.132499999999999929e+01 9.633224810000000360e-02
3.142500000000000071e+01 9.303822600000000165e-02
3.152499999999999858e+01 8.923208570000000506e-02
3.162500000000000000e+01 8.533532159999999978e-02
3.172500000000000142e+01 8.179763389999999967e-02
3.182499999999999929e+01 7.886662449999999602e-02
3.192500000000000071e+01 7.653690829999999778e-02
3.202000000000000313e+01 7.474186870000000538e-02
3.211999999999999744e+01 7.314163309999999196e-02
3.221999999999999886e+01 7.174503869999999950e-02
3.232000000000000028e+01 7.048972979999999777e-02
3.242000000000000171e+01 6.929612799999999850e-02
3.252000000000000313e+01 6.807710089999999270e-02
3.261999999999999744e+01 6.678779409999999195e-02
3.271999999999999886e+01 6.543415899999999175e-02
3.282000000000000028e+01 6.402414770000000588e-02
3.292000000000000171e+01 6.253719800000000217e-02
3.302000000000000313e+01 6.097095299999999440e-02
3.311999999999999744e+01 5.940557670000000401e-02
3.321999999999999886e+01 5.799644279999999902e-02
3.332000000000000028e+01 5.689221469999999892e-02
3.342000000000000171e+01 5.616793900000000006e-02
3.352000000000000313e+01 5.580730279999999988e-02
3.361999999999999744e+01 5.571029649999999916e-02
3.371999999999999886e+01 5.571629799999999744e-02
3.382000000000000028e+01 5.564783819999999381e-02
3.392000000000000171e+01 5.537740470000000054e-02
3.401500000000000057e+01 5.491879250000000073e-02
3.411500000000000199e+01 5.432587880000000480e-02
3.421500000000000341e+01 5.378271130000000094e-02
3.431499999999999773e+01 5.341136870000000314e-02
3.441499999999999915e+01 5.322687570000000229e-02
3.451500000000000057e+01 5.315592250000000102e-02
3.461500000000000199e+01 5.311268649999999897e-02
3.471500000000000341e+01 5.305527499999999896e-02
3.481499999999999773e+01 5.296246289999999995e-02
3.491499999999999915e+01 5.277962070000000172e-02
3.501500000000000057e+01 5.244083099999999331e-02
3.511500000000000199e+01 5.195654519999999554e-02
3.521500000000000341e+01 5.144226050000000328e-02
3.531499999999999773e+01 5.103950910000000507e-02
3.541499999999999915e+01 5.081964049999999899e-02
3.551500000000000057e+01 5.074862869999999943e-02
3.561500000000000199e+01 5.069857989999999870e-02
3.571500000000000341e+01 5.049939920000000304e-02
3.581499999999999773e+01 5.002736859999999675e-02
3.591499999999999915e+01 4.927467469999999988e-02
3.600999999999999801e+01 4.838957450000000438e-02
3.610999999999999943e+01 4.741400880000000428e-02
3.621000000000000085e+01 4.651399669999999736e-02
3.631000000000000227e+01 4.575408620000000204e-02
3.640999999999999659e+01 4.511741580000000473e-02
3.650999999999999801e+01 4.451049840000000091e-02
3.660999999999999943e+01 4.382202309999999601e-02
3.671000000000000085e+01 4.299900339999999932e-02
3.681000000000000227e+01 4.207079240000000109e-02
3.690999999999999659e+01 4.110903990000000507e-02
3.700999999999999801e+01 4.017288320000000218e-02
3.710999999999999943e+01 3.927977590000000102e-02
3.721000000000000085e+01 3.841840299999999681e-02
3.731000000000000227e+01 3.757963190000000037e-02
3.740999999999999659e+01 3.676676680000000308e-02
3.750999999999999801e+01 3.598090150000000237e-02
3.760999999999999943e+01 3.520676100000000308e-02
3.771000000000000085e+01 3.441702900000000176e-02
3.781000000000000227e+01 3.359628289999999629e-02
3.790999999999999659e+01 3.275661729999999883e-02
3.800500000000000256e+01 3.196742959999999967e-02
3.810499999999999687e+01 3.116798600000000169e-02
3.820499999999999829e+01 3.041317990000000013e-02
3.830499999999999972e+01 2.971043929999999875e-02
3.840500000000000114e+01 2.906497809999999959e-02
3.850500000000000256e+01 2.848407860000000402e-02
3.860499999999999687e+01 2.798235840000000071e-02
3.870499999999999829e+01 2.757580580000000212e-02
3.880499999999999972e+01 2.726772149999999797e-02
3.890500000000000114e+01 2.703853410000000082e-02
3.900500000000000256e+01 2.685192060000000241e-02
3.910499999999999687e+01 2.667682090000000200e-02
3.920499999999999829e+01 2.650645349999999900e-02
3.930499999999999972e+01 2.635156530000000094e-02
3.940500000000000114e+01 2.621836970000000072e-02
3.950500000000000256e+01 2.610129230000000217e-02
3.960499999999999687e+01 2.599276899999999890e-02
3.970499999999999829e+01 2.588417789999999941e-02
3.980499999999999972e+01 2.575457369999999829e-02
3.990500000000000114e+01 2.557801959999999805e-02
