1.000000000000000056e-01 3.263684900000000076e-03
2.000000000000000111e-01 4.625757700000000111e-03
2.999999999999999889e-01 6.257335500000000758e-03
4.000000000000000222e-01 8.016787100000000513e-03
5.000000000000000000e-01 9.847674100000000305e-03
5.999999999999999778e-01 1.172980849999999929e-02
6.999999999999999556e-01 1.365456460000000032e-02
8.000000000000000444e-01 1.562070099999999899e-02
9.000000000000000222e-01 1.763274529999999882e-02
1.000000000000000000e+00 1.969411270000000214e-02
1.100000000000000089e+00 2.181528480000000103e-02
1.199999999999999956e+00 2.400618129999999850e-02
1.300000000000000044e+00 2.627854019999999874e-02
1.399999999999999911e+00 2.864620890000000100e-02
1.500000000000000000e+00 3.111770099999999761e-02
1.600000000000000089e+00 3.369348419999999844e-02
1.699999999999999956e+00 3.633729769999999998e-02
1.800000000000000044e+00 3.897906489999999891e-02
1.899999999999999911e+00 4.153003850000000496e-02
2.000000000000000000e+00 4.395190999999999681e-02
2.095000000000000195e+00 4.618171060000000189e-02
2.194999999999999840e+00 4.856625380000000047e-02
2.294999999999999929e+00 5.109728759999999925e-02
2.395000000000000018e+00 5.384810350000000106e-02
2.495000000000000107e+00 5.686418099999999975e-02
2.595000000000000195e+00 6.017320190000000069e-02
2.694999999999999840e+00 6.378119100000000097e-02
2.794999999999999929e+00 6.768043209999999310e-02
2.895000000000000018e+00 7.182909730000000548e-02
2.995000000000000107e+00 7.618425930000000124e-02
3.095000000000000195e+00 8.074656930000000121e-02
3.194999999999999840e+00 8.555017530000000314e-02
3.294999999999999929e+00 9.061656499999999614e-02
3.395000000000000018e+00 9.594826189999999810e-02
3.495000000000000107e+00 1.015453685000000106e-01
3.595000000000000195e+00 1.074277399000000133e-01
3.694999999999999840e+00 1.136029970000000111e-01
3.794999999999999929e+00 1.200111634999999899e-01
3.895000000000000018e+00 1.264506541000000039e-01
3.995000000000000107e+00 1.325922585999999848e-01
4.089999999999999858e+00 1.378358028999999985e-01
4.190000000000000391e+00 1.425452353999999977e-01
4.290000000000000036e+00 1.465725437000000020e-01
4.389999999999999680e+00 1.504199039999999932e-01
4.490000000000000213e+00 1.547046716999999905e-01
4.589999999999999858e+00 1.598900333000000118e-01
4.690000000000000391e+00 1.661962915999999901e-01
4.790000000000000036e+00 1.737034110999999825e-01
4.889999999999999680e+00 1.825582248000000019e-01
4.990000000000000213e+00 1.930699084999999982e-01
5.089999999999999858e+00 2.056418640000000075e-01
5.190000000000000391e+00 2.206555504000000112e-01
5.290000000000000036e+00 2.383676299000000165e-01
5.389999999999999680e+00 2.589214461000000078e-01
5.490000000000000213e+00 2.824975859999999672e-01
5.589999999999999858e+00 3.094829557999999592e-01
5.690000000000000391e+00 3.402593046999999871e-01
5.790000000000000036e+00 3.746911576999999993e-01
5.889999999999999680e+00 4.116335534000000185e-01
5.990000000000000213e+00 4.491627545000000388e-01
6.084999999999999964e+00 4.837082996999999551e-01
6.184999999999999609e+00 5.171939472000000038e-01
6.285000000000000142e+00 5.442705100000000407e-01
6.384999999999999787e+00 5.596456583000000151e-01
6.485000000000000320e+00 5.604709113999999381e-01
6.584999999999999964e+00 5.501514140000000053e-01
6.684999999999999609e+00 5.362019702000000443e-01
6.785000000000000142e+00 5.254571743000000517e-01
6.884999999999999787e+00 5.217733198000000794e-01
6.985000000000000320e+00 5.263329776999999821e-01
7.084999999999999964e+00 5.386324180000000572e-01
7.184999999999999609e+00 5.571280565999999768e-01
7.285000000000000142e+00 5.799406659000000408e-01
7.384999999999999787e+00 6.057857830999999749e-01
7.485000000000000320e+00 6.345362020000000491e-01
7.584999999999999964e+00 6.671562006000000267e-01
7.684999999999999609e+00 7.050255278999999486e-01
7.785000000000000142e+00 7.490326861000000669e-01
7.884999999999999787e+00 7.987793003999998920e-01
7.985000000000000320e+00 8.528749057000000189e-01
8.080000000000000071e+00 9.073810820999999027e-01
8.179999999999999716e+00 9.680879776999999908e-01
8.279999999999999361e+00 1.032632804999999987e+00
8.380000000000000782e+00 1.101198875099999919e+00
8.480000000000000426e+00 1.173554405500000009e+00
8.580000000000000071e+00 1.248922947800000127e+00
8.679999999999999716e+00 1.326262554199999943e+00
8.779999999999999361e+00 1.404466872400000010e+00
8.880000000000000782e+00 1.481863560099999866e+00
8.980000000000000426e+00 1.556416791000000188e+00
9.080000000000000071e+00 1.626907153299999909e+00
9.179999999999999716e+00 1.694068880899999963e+00
9.279999999999999361e+00 1.759896173300000033e+00
9.380000000000000782e+00 1.824992366700000090e+00
9.480000000000000426e+00 1.887250049900000004e+00
9.580000000000000071e+00 1.944415528199999965e+00
9.679999999999999716e+00 1.998265186399999838e+00
9.779999999999999361e+00 2.056234635600000082e+00
9.880000000000000782e+00 2.129055018999999938e+00
9.980000000000000426e+00 2.225734115899999921e+00
1.007499999999999929e+01 2.341954049199999943e+00
1.017500000000000071e+01 2.483141736300000346e+00
1.027500000000000036e+01 2.626993559400000233e+00
1.037500000000000000e+01 2.752775881399999847e+00
1.047499999999999964e+01 2.848780450900000094e+00
1.057499999999999929e+01 2.922954798200000148e+00
1.067500000000000071e+01 2.998446453600000172e+00
1.077500000000000036e+01 3.098879716799999962e+00
1.087500000000000000e+01 3.235880746199999880e+00
1.097499999999999964e+01 3.403346757099999564e+00
1.107499999999999929e+01 3.581368529099999698e+00
1.117500000000000071e+01 3.751602065500000194e+00
1.127500000000000036e+01 3.914272744100000256e+00
1.137500000000000000e+01 4.087776942299999661e+00
1.147499999999999964e+01 4.293655100100000510e+00
1.157499999999999929e+01 4.544947337199999993e+00
1.167500000000000071e+01 4.847357800000000161e+00
1.177500000000000036e+01 5.206960213100000345e+00
1.187500000000000000e+01 5.635610004800000183e+00
1.197499999999999964e+01 6.150235530599999834e+00
1.207000000000000028e+01 6.727440336999999992e+00
1.216999999999999993e+01 7.413974386899999658e+00
1.226999999999999957e+01 8.132549717099999853e+00
1.236999999999999922e+01 8.791227877999999052e+00
1.247000000000000064e+01 9.262932268300000160e+00
1.257000000000000028e+01 9.445596122799999605e+00
1.266999999999999993e+01 9.345925623699999463e+00
1.276999999999999957e+01 9.069789143399999531e+00
1.286999999999999922e+01 8.728127472499998873e+00
1.297000000000000064e+01 8.383578276399999751e+00
1.307000000000000028e+01 8.066462546200000361e+00
1.316999999999999993e+01 7.799649074699999574e+00
1.326999999999999957e+01 7.604905513300000308e+00
1.336999999999999922e+01 7.503998196699999568e+00
1.347000000000000064e+01 7.513840007799999832e+00
1.357000000000000028e+01 7.636977466599999431e+00
1.366999999999999993e+01 7.863657581800000074e+00
1.376999999999999957e+01 8.181560028899999892e+00
1.386999999999999922e+01 8.577455105600000351e+00
1.397000000000000064e+01 9.028802807499999972e+00
1.406499999999999950e+01 9.474329191999999011e+00
1.416499999999999915e+01 9.906105111400000496e+00
1.426500000000000057e+01 1.023370499680000023e+01
1.436500000000000021e+01 1.039568724210000106e+01
1.446499999999999986e+01 1.034528341849999933e+01
1.456499999999999950e+01 1.007318180430000076e+01
1.466499999999999915e+01 9.628888169299999689e+00
1.476500000000000057e+01 9.095118412399999741e+00
1.486500000000000021e+01 8.538845416499999175e+00
1.496499999999999986e+01 7.991097872400000135e+00
1.506499999999999950e+01 7.457383166400000540e+00
1.516499999999999915e+01 6.937353101100000252e+00
1.526500000000000057e+01 6.433966120000000011e+00
1.536500000000000021e+01 5.951368199200000042e+00
1.546499999999999986e+01 5.495069979099999280e+00
1.556499999999999950e+01 5.073541652200000307e+00
1.566499999999999915e+01 4.696509014900000167e+00
1.576500000000000057e+01 4.371178119199999657e+00
1.586500000000000021e+01 4.100155410700000225e+00
1.596499999999999986e+01 3.882907948400000198e+00
1.605999999999999872e+01 3.724420572600000146e+00
1.616000000000000014e+01 3.602990035599999974e+00
1.626000000000000156e+01 3.517189483500000158e+00
1.635999999999999943e+01 3.449650854200000172e+00
1.646000000000000085e+01 3.380684388199999724e+00
1.655999999999999872e+01 3.297972073099999957e+00
1.666000000000000014e+01 3.205141504800000263e+00
1.676000000000000156e+01 3.119578070799999825e+00
1.685999999999999943e+01 3.062049149399999948e+00
1.696000000000000085e+01 3.048101585299999972e+00
1.705999999999999872e+01 3.083953177700000214e+00
1.716000000000000014e+01 3.164807569300000178e+00
1.726000000000000156e+01 3.274566858100000033e+00
1.735999999999999943e+01 3.387620929899999744e+00
1.746000000000000085e+01 3.473874316699999909e+00
1.755999999999999872e+01 3.508692567899999837e+00
1.766000000000000014e+01 3.484428905100000140e+00
1.776000000000000156e+01 3.415466076000000406e+00
1.785999999999999943e+01 3.332649865800000111e+00
1.796000000000000085e+01 3.268140721800000037e+00
1.805499999999999972e+01 3.240363653300000202e+00
1.815500000000000114e+01 3.245668906000000131e+00
1.825499999999999901e+01 3.271470616799999842e+00
1.835500000000000043e+01 3.295036416800000367e+00
1.845499999999999829e+01 3.294449098399999887e+00
1.855499999999999972e+01 3.256138600200000344e+00
1.865500000000000114e+01 3.175633402499999924e+00
1.875499999999999901e+01 3.056494481000000096e+00
1.885500000000000043e+01 2.910446063500000236e+00
1.895499999999999829e+01 2.752177600800000068e+00
1.905499999999999972e+01 2.591238213900000087e+00
1.915500000000000114e+01 2.430551107000000322e+00
1.925499999999999901e+01 2.270450680300000190e+00
1.935500000000000043e+01 2.111910936000000127e+00
1.945499999999999829e+01 1.957431435700000000e+00
1.955499999999999972e+01 1.810996285600000144e+00
1.965500000000000114e+01 1.675962763400000055e+00
1.975499999999999901e+01 1.552310226200000143e+00
1.985500000000000043e+01 1.437781685500000073e+00
1.995499999999999829e+01 1.331442969600000081e+00
2.005000000000000071e+01 1.238975051499999980e+00
2.014999999999999858e+01 1.151738278299999862e+00
2.025000000000000000e+01 1.074628194300000006e+00
2.035000000000000142e+01 1.006212720099999958e+00
2.044999999999999929e+01 9.444405457999999198e-01
2.055000000000000071e+01 8.876217402999999617e-01
2.064999999999999858e+01 8.351052840999999560e-01
2.075000000000000000e+01 7.870195540000000101e-01
2.085000000000000142e+01 7.435247597999999902e-01
2.094999999999999929e+01 7.044172429999999707e-01
2.105000000000000071e+01 6.692004239000000076e-01
2.114999999999999858e+01 6.372678039999999378e-01
2.125000000000000000e+01 6.080892307999999913e-01
2.135000000000000142e+01 5.814058856999999580e-01
2.144999999999999929e+01 5.569870333999999978e-01
2.155000000000000071e+01 5.341754680999999394e-01
2.164999999999999858e+01 5.119275708999999619e-01
2.175000000000000000e+01 4.895690470999999877e-01
2.185000000000000142e+01 4.673815454999999952e-01
2.194999999999999929e+01 4.462538700000000524e-01
2.204500000000000171e+01 4.278216518000000357e-01
2.214499999999999957e+01 4.103387960000000056e-01
2.224500000000000099e+01 3.946717699999999773e-01
2.234499999999999886e+01 3.806161097000000382e-01
2.244500000000000028e+01 3.680475731999999778e-01
2.254500000000000171e+01 3.568957193999999777e-01
2.264499999999999957e+01 3.469699675999999844e-01
2.274500000000000099e+01 3.377800239000000038e-01
2.284499999999999886e+01 3.287456395000000198e-01
2.294500000000000028e+01 3.195957033000000336e-01
2.304500000000000171e+01 3.105402514000000225e-01
2.314499999999999957e+01 3.020191430999999982e-01
2.324500000000000099e+01 2.942936635999999773e-01
2.334499999999999886e+01 2.872820301999999826e-01
2.344500000000000028e+01 2.807071372000000120e-01
2.354500000000000171e+01 2.742380904999999758e-01
2.364499999999999957e+01 2.674856867999999555e-01
2.374500000000000099e+01 2.601106879000000260e-01
2.384499999999999886e+01 2.520730008000000022e-01
2.394500000000000028e+01 2.437669817999999766e-01
2.403999999999999915e+01 2.362233075999999876e-01
2.414000000000000057e+01 2.291568023000000176e-01
2.423999999999999844e+01 2.231765588000000078e-01
2.433999999999999986e+01 2.181493390999999782e-01
2.444000000000000128e+01 2.137125344000000149e-01
2.453999999999999915e+01 2.094252061000000109e-01
2.464000000000000057e+01 2.048936268000000060e-01
2.473999999999999844e+01 1.999383063000000071e-01
2.483999999999999986e+01 1.947446248999999963e-01
2.494000000000000128e+01 1.897801118000000120e-01
2.503999999999999915e+01 1.854456219999999766e-01
2.514000000000000057e+01 1.817953908999999924e-01
2.523999999999999844e+01 1.785706326000000010e-01
2.533999999999999986e+01 1.754534826000000158e-01
2.544000000000000128e+01 1.722720030999999874e-01
2.553999999999999915e+01 1.690214787999999857e-01
2.564000000000000057e+01 1.657739551000000089e-01
2.573999999999999844e+01 1.625915169999999910e-01
2.583999999999999986e+01 1.594972604000000072e-01
2.594000000000000128e+01 1.565019502999999979e-01
2.603500000000000014e+01 1.537615599000000111e-01
2.613500000000000156e+01 1.510085536000000117e-01
2.623499999999999943e+01 1.484576148999999790e-01
2.633500000000000085e+01 1.462697424999999940e-01
2.643499999999999872e+01 1.446499564000000015e-01
2.653500000000000014e+01 1.437409902000000017e-01
2.663500000000000156e+01 1.435548858000000039e-01
2.673499999999999943e+01 1.439516768999999918e-01
2.683500000000000085e+01 1.446523975000000017e-01
2.693499999999999872e+01 1.452809491000000008e-01
2.703500000000000014e+01 1.455103875000000047e-01
2.713500000000000156e+01 1.452258573000000108e-01
2.723499999999999943e+01 1.444766017000000125e-01
2.733500000000000085e+01 1.433812024000000185e-01
2.743499999999999872e+01 1.421149012000000045e-01
2.753500000000000014e+01 1.408692273000000106e-01
2.763500000000000156e+01 1.397673474999999998e-01
2.773499999999999943e+01 1.388594106000000106e-01
2.783500000000000085e+01 1.381818002999999906e-01
2.793499999999999872e+01 1.378181601000000034e-01
2.803000000000000114e+01 1.378931395999999920e-01
2.812999999999999901e+01 1.385036537999999873e-01
2.823000000000000043e+01 1.395397972000000097e-01
2.832999999999999829e+01 1.406710850000000013e-01
2.842999999999999972e+01 1.415375841000000023e-01
2.853000000000000114e+01 1.419347544999999822e-01
2.862999999999999901e+01 1.417966492999999939e-01
2.873000000000000043e+01 1.411398835000000074e-01
2.882999999999999829e+01 1.401111765999999981e-01
2.892999999999999972e+01 1.389445863000000059e-01
2.903000000000000114e+01 1.378150015000000062e-01
2.912999999999999901e+01 1.367414227000000038e-01
2.923000000000000043e+01 1.355931645000000019e-01
2.932999999999999829e+01 1.341302307000000194e-01
2.942999999999999972e+01 1.320977648999999976e-01
2.953000000000000114e+01 1.293939808999999830e-01
2.962999999999999901e+01 1.262118433000000151e-01
2.973000000000000043e+01 1.229613985999999937e-01
2.982999999999999829e+01 1.199856549999999966e-01
2.992999999999999972e+01 1.173527195000000078e-01
3.002499999999999858e+01 1.150479959000000052e-01
3.012500000000000000e+01 1.126937034999999920e-01
3.022500000000000142e+01 1.103055970999999996e-01
3.032499999999999929e+01 1.077073728999999869e-01
3.042500000000000071e+01 1.046711275000000024e-01
3.052499999999999858e+01 1.011201364000000047e-01
3.062500000000000000e+01 9.728163709999999853e-02
3.072500000000000142e+01 9.358166439999998643e-02
3.082499999999999929e+01 9.041242730000000061e-02
3.092500000000000071e+01 8.800339130000001120e-02
3.102499999999999858e+01 8.641710660000000155e-02
3.112500000000000000e+01 8.558770830000000940e-02
3.122500000000000142e+01 8.535590679999999209e-02
3.132499999999999929e+01 8.550043779999999538e-02
3.142500000000000071e+01 8.573135249999999652e-02
3.152499999999999858e+01 8.568639499999999853e-02
3.162500000000000000e+01 8.500981139999999603e-02
3.172500000000000142e+01 8.349857120000001021e-02
3.182499999999999929e+01 8.119377629999999235e-02
3.192500000000000071e+01 7.836085219999999740e-02
3.202000000000000313e+01 7.553302080000000307e-02
3.211999999999999744e+01 7.276196620000000004e-02
3.221999999999999886e+01 7.041391929999998855e-02
3.232000000000000028e+01 6.851668090000000155e-02
3.242000000000000171e+01 6.694502720000000684e-02
3.252000000000000313e+01 6.551930240000000683e-02
3.261999999999999744e+01 6.411083019999999633e-02
3.271999999999999886e+01 6.270286699999999547e-02
3.282000000000000028e+01 6.136938699999999747e-02
3.292000000000000171e+01 6.018218379999999701e-02
3.302000000000000313e+01 5.913686190000000398e-02
3.311999999999999744e+01 5.815158019999999706e-02
3.321999999999999886e+01 5.713544970000000722e-02
3.332000000000000028e+01 5.606591669999999583e-02
3.342000000000000171e+01 5.501558639999999667e-02
3.352000000000000313e+01 5.409940480000000051e-02
3.361999999999999744e+01 5.339553569999999638e-02
3.371999999999999886e+01 5.291858919999999772e-02
3.382000000000000028e+01 5.263305990000000101e-02
3.392000000000000171e+01 5.246088329999999689e-02
3.401500000000000057e+01 5.230870519999999968e-02
3.411500000000000199e+01 5.208989649999999638e-02
3.421500000000000341e+01 5.181720979999999976e-02
3.431499999999999773e+01 5.156636629999999943e-02
3.441499999999999915e+01 5.141076070000000220e-02
3.451500000000000057e+01 5.136145169999999788e-02
3.461500000000000199e+01 5.137333249999999352e-02
3.471500000000000341e+01 5.138413459999999905e-02
3.481499999999999773e+01 5.135183729999999447e-02
3.491499999999999915e+01 5.128195420000000032e-02
3.501500000000000057e+01 5.121578000000000241e-02
3.511500000000000199e+01 5.117944619999999917e-02
3.521500000000000341e+01 5.114693990000000051e-02
3.531499999999999773e+01 5.104919200000000018e-02
3.541499999999999915e+01 5.083104609999999912e-02
3.551500000000000057e+01 5.050464220000000504e-02
3.561500000000000199e+01 5.012849529999999915e-02
3.571500000000000341e+01 4.973492560000000035e-02
3.581499999999999773e+01 4.930008419999999669e-02
3.591499999999999915e+01 4.877990690000000296e-02
3.600999999999999801e+01 4.818287329999999813e-02
3.610999999999999943e+01 4.743778430000000074e-02
3.621000000000000085e+01 4.656592780000000376e-02
3.631000000000000227e+01 4.558027950000000106e-02
3.640999999999999659e+01 4.454413150000000043e-02
3.650999999999999801e+01 4.354868840000000046e-02
3.660999999999999943e+01 4.265533300000000361e-02
3.671000000000000085e+01 4.185774159999999799e-02
3.681000000000000227e+01 4.107461410000000368e-02
3.690999999999999659e+01 4.018387099999999601e-02
3.700999999999999801e+01 3.910857269999999664e-02
3.710999999999999943e+01 3.788397159999999653e-02
3.721000000000000085e+01 3.662555130000000325e-02
3.731000000000000227e+01 3.544210119999999936e-02
3.740999999999999659e+01 3.438506369999999590e-02
3.750999999999999801e+01 3.344520399999999921e-02
3.760999999999999943e+01 3.258273139999999513e-02
3.771000000000000085e+01 3.176800600000000141e-02
3.781000000000000227e+01 3.099512969999999867e-02
3.790999999999999659e+01 3.027143510000000065e-02
3.800500000000000256e+01 2.964382570000000106e-02
3.810499999999999687e+01 2.906900850000000008e-02
3.820499999999999829e+01 2.860140020000000172e-02
3.830499999999999972e+01 2.824312989999999690e-02
3.840500000000000114e+01 2.797693480000000218e-02
3.850500000000000256e+01 2.778042749999999964e-02
3.860499999999999687e+01 2.763962639999999887e-02
3.870499999999999829e+01 2.754539209999999974e-02
3.880499999999999972e+01 2.748281290000000043e-02
3.890500000000000114e+01 2.743803419999999924e-02
3.900500000000000256e+01 2.740215879999999965e-02
3.910499999999999687e+01 2.735325289999999965e-02
3.920499999999999829e+01 2.725109340000000241e-02
3.930499999999999972e+01 2.706832449999999751e-02
3.940500000000000114e+01 2.681520189999999845e-02
3.950500000000000256e+01 2.652464059999999624e-02
3.960499999999999687e+01 2.622920740000000278e-02
3.970499999999999829e+01 2.596392670000000069e-02
3.980499999999999972e+01 2.576875429999999842e-02
3.990500000000000114e+01 2.566260880000000022e-02
