1.000000000000000056e-01 3.025782500000000035e-03
2.000000000000000111e-01 4.276989999999999612e-03
2.999999999999999889e-01 5.740275200000000480e-03
4.000000000000000222e-01 7.324360000000000245e-03
5.000000000000000000e-01 8.977074700000000490e-03
5.999999999999999778e-01 1.067791909999999886e-02
6.999999999999999556e-01 1.242134450000000057e-02
8.000000000000000444e-01 1.420329700000000014e-02
9.000000000000000222e-01 1.602772070000000118e-02
1.000000000000000000e+00 1.789984819999999865e-02
1.100000000000000089e+00 1.982581220000000088e-02
1.199999999999999956e+00 2.181645940000000172e-02
1.300000000000000044e+00 2.388238410000000089e-02
1.399999999999999911e+00 2.603682460000000115e-02
1.500000000000000000e+00 2.828989980000000057e-02
1.600000000000000089e+00 3.063641790000000073e-02
1.699999999999999956e+00 3.305050279999999924e-02
1.800000000000000044e+00 3.546288379999999740e-02
1.899999999999999911e+00 3.778743780000000385e-02
2.000000000000000000e+00 3.998387259999999777e-02
2.095000000000000195e+00 4.199436060000000248e-02
2.194999999999999840e+00 4.413176769999999777e-02
2.294999999999999929e+00 4.639281900000000181e-02
2.395000000000000018e+00 4.884936570000000117e-02
2.495000000000000107e+00 5.154526410000000169e-02
2.595000000000000195e+00 5.450580800000000281e-02
2.694999999999999840e+00 5.775044430000000201e-02
2.794999999999999929e+00 6.128036580000000011e-02
2.895000000000000018e+00 6.507964400000000593e-02
2.995000000000000107e+00 6.913200170000000089e-02
3.095000000000000195e+00 7.344020960000000042e-02
3.194999999999999840e+00 7.802419990000000749e-02
3.294999999999999929e+00 8.289928750000000179e-02
3.395000000000000018e+00 8.807676310000001063e-02
3.495000000000000107e+00 9.356711330000000437e-02
3.595000000000000195e+00 9.938578519999999306e-02
3.694999999999999840e+00 1.055166928000000059e-01
3.794999999999999929e+00 1.118454922000000074e-01
3.895000000000000018e+00 1.181033003000000053e-01
3.995000000000000107e+00 1.239224381000000041e-01
4.089999999999999858e+00 1.287197324000000087e-01
4.190000000000000391e+00 1.328496523000000096e-01
4.290000000000000036e+00 1.362375724000000066e-01
4.389999999999999680e+00 1.394185870999999910e-01
4.490000000000000213e+00 1.429883258999999907e-01
4.589999999999999858e+00 1.473619821999999913e-01
4.690000000000000391e+00 1.527292613000000021e-01
4.790000000000000036e+00 1.592029737000000000e-01
4.889999999999999680e+00 1.669846517999999946e-01
4.990000000000000213e+00 1.763786324999999933e-01
5.089999999999999858e+00 1.876554086000000177e-01
5.190000000000000391e+00 2.009472059999999893e-01
5.290000000000000036e+00 2.162302529999999834e-01
5.389999999999999680e+00 2.335301649000000035e-01
5.490000000000000213e+00 2.531577956999999657e-01
5.589999999999999858e+00 2.757026123000000384e-01
5.690000000000000391e+00 3.016199707000000174e-01
5.790000000000000036e+00 3.307460418000000013e-01
5.889999999999999680e+00 3.620915095000000195e-01
5.990000000000000213e+00 3.943601197999999641e-01
6.084999999999999964e+00 4.252337048000000008e-01
6.184999999999999609e+00 4.575411521000000148e-01
6.285000000000000142e+00 4.873721107000000274e-01
6.384999999999999787e+00 5.095775081000000206e-01
6.485000000000000320e+00 5.194007116000000090e-01
6.584999999999999964e+00 5.172670825999999833e-01
6.684999999999999609e+00 5.090731641000000307e-01
6.785000000000000142e+00 5.018686526000000203e-01
6.884999999999999787e+00 5.002224134999999627e-01
6.985000000000000320e+00 5.055151340000000326e-01
7.084999999999999964e+00 5.167252279000000836e-01
7.184999999999999609e+00 5.316826539999999213e-01
7.285000000000000142e+00 5.487650615000000398e-01
7.384999999999999787e+00 5.680875119999999612e-01
7.485000000000000320e+00 5.910850762999999564e-01
7.584999999999999964e+00 6.193862769000000323e-01
7.684999999999999609e+00 6.540422285000000446e-01
7.785000000000000142e+00 6.951816798000000075e-01
7.884999999999999787e+00 7.419044106000000083e-01
7.985000000000000320e+00 7.930357377000000207e-01
8.080000000000000071e+00 8.453022598999999637e-01
8.179999999999999716e+00 9.041721341999999773e-01
8.279999999999999361e+00 9.661237091000000055e-01
8.380000000000000782e+00 1.029426982499999976e+00
8.480000000000000426e+00 1.092198085900000004e+00
8.580000000000000071e+00 1.152759963799999898e+00
8.679999999999999716e+00 1.210096896000000033e+00
8.779999999999999361e+00 1.263530226799999934e+00
8.880000000000000782e+00 1.311943874399999821e+00
8.980000000000000426e+00 1.354440104700000091e+00
9.080000000000000071e+00 1.391880881400000103e+00
9.179999999999999716e+00 1.428108690000000180e+00
9.279999999999999361e+00 1.468908424699999937e+00
9.380000000000000782e+00 1.517454555600000088e+00
9.480000000000000426e+00 1.570988153999999914e+00
9.580000000000000071e+00 1.623121765000000050e+00
9.679999999999999716e+00 1.670020565400000212e+00
9.779999999999999361e+00 1.714437012699999929e+00
9.880000000000000782e+00 1.764704322900000122e+00
9.980000000000000426e+00 1.830148243900000082e+00
1.007499999999999929e+01 1.911374769000000029e+00
1.017500000000000071e+01 2.015130371400000175e+00
1.027500000000000036e+01 2.127052104899999740e+00
1.037500000000000000e+01 2.230322208400000061e+00
1.047499999999999964e+01 2.312337235799999835e+00
1.057499999999999929e+01 2.376228476400000122e+00
1.067500000000000071e+01 2.439628816699999980e+00
1.077500000000000036e+01 2.522226464900000131e+00
1.087500000000000000e+01 2.634008488400000125e+00
1.097499999999999964e+01 2.769206963199999816e+00
1.107499999999999929e+01 2.908604390499999859e+00
1.117500000000000071e+01 3.032963309899999960e+00
1.127500000000000036e+01 3.139004427799999775e+00
1.137500000000000000e+01 3.241361148899999822e+00
1.147499999999999964e+01 3.359209520799999904e+00
1.157499999999999929e+01 3.504734676700000051e+00
1.167500000000000071e+01 3.683868372200000074e+00
1.177500000000000036e+01 3.905164911800000027e+00
1.187500000000000000e+01 4.184995714899999442e+00
1.197499999999999964e+01 4.542371771500000044e+00
1.207000000000000028e+01 4.963811888100000402e+00
1.216999999999999993e+01 5.488974742399999940e+00
1.226999999999999957e+01 6.075585950600000729e+00
1.236999999999999922e+01 6.688816885299999626e+00
1.247000000000000064e+01 7.285422248899999786e+00
1.257000000000000028e+01 7.807669917000000126e+00
1.266999999999999993e+01 8.184818226000000863e+00
1.276999999999999957e+01 8.374788115399999455e+00
1.286999999999999922e+01 8.405863166699999667e+00
1.297000000000000064e+01 8.345298502600000390e+00
1.307000000000000028e+01 8.230930474600000935e+00
1.316999999999999993e+01 8.058791543799999957e+00
1.326999999999999957e+01 7.831419955599999483e+00
1.336999999999999922e+01 7.589367249200000387e+00
1.347000000000000064e+01 7.388382053700000007e+00
1.357000000000000028e+01 7.260859969700000249e+00
1.366999999999999993e+01 7.212345924500000116e+00
1.376999999999999957e+01 7.237434541499999874e+00
1.386999999999999922e+01 7.328750745600000727e+00
1.397000000000000064e+01 7.475249570300000812e+00
1.406499999999999950e+01 7.653287968199999902e+00
1.416499999999999915e+01 7.871751675299999640e+00
1.426500000000000057e+01 8.119877859999999004e+00
1.436500000000000021e+01 8.399173899499999152e+00
1.446499999999999986e+01 8.694286214799999968e+00
1.456499999999999950e+01 8.954258401400000622e+00
1.466499999999999915e+01 9.107177109900000289e+00
1.476500000000000057e+01 9.101035654200000380e+00
1.486500000000000021e+01 8.930186206000000126e+00
1.496499999999999986e+01 8.627974786100001126e+00
1.506499999999999950e+01 8.239039345800000191e+00
1.516499999999999915e+01 7.795269460899999281e+00
1.526500000000000057e+01 7.313427304100000192e+00
1.536500000000000021e+01 6.811843225000000501e+00
1.546499999999999986e+01 6.320989612300000005e+00
1.556499999999999950e+01 5.874603335899999834e+00
1.566499999999999915e+01 5.491730870799999664e+00
1.576500000000000057e+01 5.167285313199999841e+00
1.586500000000000021e+01 4.881302826499999803e+00
1.596499999999999986e+01 4.619625721000000240e+00
1.605999999999999872e+01 4.394642603400000347e+00
1.616000000000000014e+01 4.192127100499999592e+00
1.626000000000000156e+01 4.032637111099999672e+00
1.635999999999999943e+01 3.912682775900000021e+00
1.646000000000000085e+01 3.814848300500000455e+00
1.655999999999999872e+01 3.718171223300000161e+00
1.666000000000000014e+01 3.613950868099999880e+00
1.676000000000000156e+01 3.511234569600000022e+00
1.685999999999999943e+01 3.429050187500000124e+00
1.696000000000000085e+01 3.384714913499999867e+00
1.705999999999999872e+01 3.385996475500000269e+00
1.716000000000000014e+01 3.428280740800000004e+00
1.726000000000000156e+01 3.495330476499999950e+00
1.735999999999999943e+01 3.562841531799999739e+00
1.746000000000000085e+01 3.604710906199999787e+00
1.755999999999999872e+01 3.604304099400000183e+00
1.766000000000000014e+01 3.566622650999999866e+00
1.776000000000000156e+01 3.515132700699999724e+00
1.785999999999999943e+01 3.474526010900000017e+00
1.796000000000000085e+01 3.459492072799999818e+00
1.805499999999999972e+01 3.472853620500000016e+00
1.815500000000000114e+01 3.512395211499999892e+00
1.825499999999999901e+01 3.567259526500000000e+00
1.835500000000000043e+01 3.620977425900000046e+00
1.845499999999999829e+01 3.657416469799999792e+00
1.855499999999999972e+01 3.667745618299999677e+00
1.865500000000000114e+01 3.649597111499999880e+00
1.875499999999999901e+01 3.601899566799999786e+00
1.885500000000000043e+01 3.524597384899999852e+00
1.895499999999999829e+01 3.419873360400000006e+00
1.905499999999999972e+01 3.289972143700000018e+00
1.915500000000000114e+01 3.135733062599999954e+00
1.925499999999999901e+01 2.959456604899999732e+00
1.935500000000000043e+01 2.767111134799999927e+00
1.945499999999999829e+01 2.567591666400000250e+00
1.955499999999999972e+01 2.371152968000000083e+00
1.965500000000000114e+01 2.186383266100000000e+00
1.975499999999999901e+01 2.016179656899999895e+00
1.985500000000000043e+01 1.857373459199999965e+00
1.995499999999999829e+01 1.705814451699999790e+00
2.005000000000000071e+01 1.568105604899999950e+00
2.014999999999999858e+01 1.432780324699999941e+00
2.025000000000000000e+01 1.311127549000000059e+00
2.035000000000000142e+01 1.205295847600000192e+00
2.044999999999999929e+01 1.115242565800000030e+00
2.055000000000000071e+01 1.039447147900000035e+00
2.064999999999999858e+01 9.759407025999999874e-01
2.075000000000000000e+01 9.226254322000000396e-01
2.085000000000000142e+01 8.772016715000000575e-01
2.094999999999999929e+01 8.371166183000000593e-01
2.105000000000000071e+01 7.999374385999999948e-01
2.114999999999999858e+01 7.638104923999999851e-01
2.125000000000000000e+01 7.278446860000000740e-01
2.135000000000000142e+01 6.922668965999999591e-01
2.144999999999999929e+01 6.581972721000000082e-01
2.155000000000000071e+01 6.268697200000000747e-01
2.164999999999999858e+01 5.988259106000000109e-01
2.175000000000000000e+01 5.736468437999999725e-01
2.185000000000000142e+01 5.504381523000000387e-01
2.194999999999999929e+01 5.285891547000000079e-01
2.204500000000000171e+01 5.090509221000000251e-01
2.214499999999999957e+01 4.898890964000000015e-01
2.224500000000000099e+01 4.719549853999999711e-01
2.234499999999999886e+01 4.548835754999999703e-01
2.244500000000000028e+01 4.386286875999999557e-01
2.254500000000000171e+01 4.234611573000000018e-01
2.264499999999999957e+01 4.096213713999999895e-01
2.274500000000000099e+01 3.970288470999999708e-01
2.284499999999999886e+01 3.851254550000000054e-01
2.294500000000000028e+01 3.730403995000000084e-01
2.304500000000000171e+01 3.602175794999999958e-01
2.314499999999999957e+01 3.467858088999999921e-01
2.324500000000000099e+01 3.332935671999999738e-01
2.334499999999999886e+01 3.203733930000000063e-01
2.344500000000000028e+01 3.086493610999999637e-01
2.354500000000000171e+01 2.986709804000000079e-01
2.364499999999999957e+01 2.907905899000000072e-01
2.374500000000000099e+01 2.850001218000000058e-01
2.384499999999999886e+01 2.808543700999999726e-01
2.394500000000000028e+01 2.775150693000000279e-01
2.403999999999999915e+01 2.741318390999999965e-01
2.414000000000000057e+01 2.694077879999999814e-01
2.423999999999999844e+01 2.629873776000000163e-01
2.433999999999999986e+01 2.550014708000000185e-01
2.444000000000000128e+01 2.461684576000000013e-01
2.453999999999999915e+01 2.374651516999999878e-01
2.464000000000000057e+01 2.296310025999999949e-01
2.473999999999999844e+01 2.228288635000000018e-01
2.483999999999999986e+01 2.166984081000000173e-01
2.494000000000000128e+01 2.107522153999999981e-01
2.503999999999999915e+01 2.047230641999999989e-01
2.514000000000000057e+01 1.986173043999999999e-01
2.523999999999999844e+01 1.926538490999999964e-01
2.533999999999999986e+01 1.872004767999999875e-01
2.544000000000000128e+01 1.825819692999999799e-01
2.553999999999999915e+01 1.788911539000000162e-01
2.564000000000000057e+01 1.759964120999999992e-01
2.573999999999999844e+01 1.736809126999999953e-01
2.583999999999999986e+01 1.717586576000000032e-01
2.594000000000000128e+01 1.701230611999999809e-01
2.603500000000000014e+01 1.688073910999999816e-01
2.613500000000000156e+01 1.676931422999999866e-01
2.623499999999999943e+01 1.669245273000000140e-01
2.633500000000000085e+01 1.666122406000000167e-01
2.643499999999999872e+01 1.667982903999999933e-01
2.653500000000000014e+01 1.672801772999999992e-01
2.663500000000000156e+01 1.676146080999999788e-01
2.673499999999999943e+01 1.673923895999999967e-01
2.683500000000000085e+01 1.665377921999999788e-01
2.693499999999999872e+01 1.653079766999999978e-01
2.703500000000000014e+01 1.640556784999999962e-01
2.713500000000000156e+01 1.630115447000000106e-01
2.723499999999999943e+01 1.621904077999999916e-01
2.733500000000000085e+01 1.614299891000000042e-01
2.743499999999999872e+01 1.605465737000000004e-01
2.753500000000000014e+01 1.595321800999999762e-01
2.763500000000000156e+01 1.586615518999999752e-01
2.773499999999999943e+01 1.583813961999999964e-01
2.783500000000000085e+01 1.589750850000000160e-01
2.793499999999999872e+01 1.603138646999999750e-01
2.803000000000000114e+01 1.618762236999999882e-01
2.812999999999999901e+01 1.633762538999999903e-01
2.823000000000000043e+01 1.643585495000000063e-01
2.832999999999999829e+01 1.645693802000000039e-01
2.842999999999999972e+01 1.639430545999999989e-01
2.853000000000000114e+01 1.626339011000000057e-01
2.862999999999999901e+01 1.608660527999999923e-01
2.873000000000000043e+01 1.587044135999999828e-01
2.882999999999999829e+01 1.559641348000000149e-01
2.892999999999999972e+01 1.523784791000000194e-01
2.903000000000000114e+01 1.479083062999999865e-01
2.912999999999999901e+01 1.428694886999999913e-01
2.923000000000000043e+01 1.377802952000000136e-01
2.932999999999999829e+01 1.331617284999999928e-01
2.942999999999999972e+01 1.294107144000000154e-01
2.953000000000000114e+01 1.267136510999999910e-01
2.962999999999999901e+01 1.250408108000000129e-01
2.973000000000000043e+01 1.241991047999999875e-01
2.982999999999999829e+01 1.238399957000000107e-01
2.992999999999999972e+01 1.234497539999999949e-01
3.002499999999999858e+01 1.225413665999999929e-01
3.012500000000000000e+01 1.206826454000000104e-01
3.022500000000000142e+01 1.179615257000000000e-01
3.032499999999999929e+01 1.148053052999999935e-01
3.042500000000000071e+01 1.117652786999999981e-01
3.052499999999999858e+01 1.092989552000000059e-01
3.062500000000000000e+01 1.076657199999999925e-01
3.072500000000000142e+01 1.068693606999999990e-01
3.082499999999999929e+01 1.066513129999999976e-01
3.092500000000000071e+01 1.065674949000000038e-01
3.102499999999999858e+01 1.061332579999999942e-01
3.112500000000000000e+01 1.049389076000000059e-01
3.122500000000000142e+01 1.027287665000000128e-01
3.132499999999999929e+01 9.944283410000000212e-02
3.142500000000000071e+01 9.525616170000000826e-02
3.152499999999999858e+01 9.060373589999999588e-02
3.162500000000000000e+01 8.605397550000000451e-02
3.172500000000000142e+01 8.206483740000000693e-02
3.182499999999999929e+01 7.884672830000000188e-02
3.192500000000000071e+01 7.638343820000000062e-02
3.202000000000000313e+01 7.460145500000001095e-02
3.211999999999999744e+01 7.312498189999999676e-02
3.221999999999999886e+01 7.190916540000000245e-02
3.232000000000000028e+01 7.086772769999999388e-02
3.242000000000000171e+01 6.993486960000000474e-02
3.252000000000000313e+01 6.903829589999999072e-02
3.261999999999999744e+01 6.811440209999999884e-02
3.271999999999999886e+01 6.712941320000000156e-02
3.282000000000000028e+01 6.604311150000000130e-02
3.292000000000000171e+01 6.478018010000000104e-02
3.302000000000000313e+01 6.328189580000000147e-02
3.311999999999999744e+01 6.160233819999999527e-02
3.321999999999999886e+01 5.991744849999999789e-02
3.332000000000000028e+01 5.842319890000000071e-02
3.342000000000000171e+01 5.724049269999999939e-02
3.352000000000000313e+01 5.639580330000000530e-02
3.361999999999999744e+01 5.585783599999999405e-02
3.371999999999999886e+01 5.557851129999999418e-02
3.382000000000000028e+01 5.549473700000000231e-02
3.392000000000000171e+01 5.549902500000000044e-02
3.401500000000000057e+01 5.545780189999999915e-02
3.411500000000000199e+01 5.527985529999999981e-02
3.421500000000000341e+01 5.498463750000000261e-02
3.431499999999999773e+01 5.467377880000000301e-02
3.441499999999999915e+01 5.444464970000000015e-02
3.451500000000000057e+01 5.432870979999999961e-02
3.461500000000000199e+01 5.428637810000000452e-02
3.471500000000000341e+01 5.424088770000000392e-02
3.481499999999999773e+01 5.412561939999999822e-02
3.491499999999999915e+01 5.391047840000000313e-02
3.501500000000000057e+01 5.358327410000000152e-02
3.511500000000000199e+01 5.313054279999999963e-02
3.521500000000000341e+01 5.256841379999999814e-02
3.531499999999999773e+01 5.197667029999999966e-02
3.541499999999999915e+01 5.146860570000000301e-02
3.551500000000000057e+01 5.112867929999999339e-02
3.561500000000000199e+01 5.096402790000000016e-02
3.571500000000000341e+01 5.088180339999999469e-02
3.581499999999999773e+01 5.072062859999999784e-02
3.591499999999999915e+01 5.033967749999999908e-02
3.600999999999999801e+01 4.973812610000000189e-02
3.610999999999999943e+01 4.892233490000000296e-02
3.621000000000000085e+01 4.804801359999999466e-02
3.631000000000000227e+01 4.723238419999999799e-02
3.640999999999999659e+01 4.652889290000000039e-02
3.650999999999999801e+01 4.591237219999999564e-02
3.660999999999999943e+01 4.530073290000000141e-02
3.671000000000000085e+01 4.461017720000000353e-02
3.681000000000000227e+01 4.381136600000000436e-02
3.690999999999999659e+01 4.293823880000000037e-02
3.700999999999999801e+01 4.204977520000000024e-02
3.710999999999999943e+01 4.118766440000000417e-02
3.721000000000000085e+01 4.036140070000000107e-02
3.731000000000000227e+01 3.956126780000000093e-02
3.740999999999999659e+01 3.877559989999999901e-02
3.750999999999999801e+01 3.798975879999999528e-02
3.760999999999999943e+01 3.718075579999999963e-02
3.771000000000000085e+01 3.632613629999999899e-02
3.781000000000000227e+01 3.541971409999999931e-02
3.790999999999999659e+01 3.448019780000000090e-02
3.800500000000000256e+01 3.358815059999999825e-02
3.810499999999999687e+01 3.267695810000000034e-02
3.820499999999999829e+01 3.181297489999999895e-02
3.830499999999999972e+01 3.101560400000000217e-02
3.840500000000000114e+01 3.030266569999999840e-02
3.850500000000000256e+01 2.967874360000000156e-02
3.860499999999999687e+01 2.913549790000000139e-02
3.870499999999999829e+01 2.866448270000000048e-02
3.880499999999999972e+01 2.826180529999999802e-02
3.890500000000000114e+01 2.792030370000000289e-02
3.900500000000000256e+01 2.762093220000000002e-02
3.910499999999999687e+01 2.734260200000000057e-02
3.920499999999999829e+01 2.708086300000000363e-02
3.930499999999999972e+01 2.684756290000000004e-02
3.940500000000000114e+01 2.665100120000000322e-02
3.950500000000000256e+01 2.648728510000000064e-02
3.960499999999999687e+01 2.635045800000000021e-02
3.970499999999999829e+01 2.623859150000000182e-02
3.980499999999999972e+01 2.613959770000000293e-02
3.990500000000000114e+01 2.602061420000000014e-02
