1.000000000000000056e-01 3.356730799999999883e-03
2.000000000000000111e-01 4.574993500000000025e-03
2.999999999999999889e-01 6.129494600000000293e-03
4.000000000000000222e-01 7.822546799999999939e-03
5.000000000000000000e-01 9.594848499999999308e-03
5.999999999999999778e-01 1.141570390000000088e-02
6.999999999999999556e-01 1.328195539999999994e-02
8.000000000000000444e-01 1.519013920000000101e-02
9.000000000000000222e-01 1.714527799999999991e-02
1.000000000000000000e+00 1.914868110000000206e-02
1.100000000000000089e+00 2.121213430000000108e-02
1.199999999999999956e+00 2.334264629999999868e-02
1.300000000000000044e+00 2.555654530000000049e-02
1.399999999999999911e+00 2.786288099999999907e-02
1.500000000000000000e+00 3.027359569999999930e-02
1.600000000000000089e+00 3.278697299999999704e-02
1.699999999999999956e+00 3.536205910000000258e-02
1.800000000000000044e+00 3.793123250000000196e-02
1.899999999999999911e+00 4.040147060000000290e-02
2.000000000000000000e+00 4.273718029999999668e-02
2.095000000000000195e+00 4.488430709999999962e-02
2.194999999999999840e+00 4.717727489999999635e-02
2.294999999999999929e+00 4.961085939999999861e-02
2.395000000000000018e+00 5.225725170000000003e-02
2.495000000000000107e+00 5.516093099999999638e-02
2.595000000000000195e+00 5.834878089999999407e-02
2.694999999999999840e+00 6.183424399999999654e-02
2.794999999999999929e+00 6.560836500000000182e-02
2.895000000000000018e+00 6.964565340000000715e-02
2.995000000000000107e+00 7.390877309999999145e-02
3.095000000000000195e+00 7.840052109999999519e-02
3.194999999999999840e+00 8.315166529999999667e-02
3.294999999999999929e+00 8.817907469999999859e-02
3.395000000000000018e+00 9.348484430000000844e-02
3.495000000000000107e+00 9.907381919999999620e-02
3.595000000000000195e+00 1.049667663999999945e-01
3.694999999999999840e+00 1.111673573999999998e-01
3.794999999999999929e+00 1.176038492999999935e-01
3.895000000000000018e+00 1.240528674999999970e-01
3.995000000000000107e+00 1.301685741999999979e-01
4.089999999999999858e+00 1.353392137000000162e-01
4.190000000000000391e+00 1.399150836999999981e-01
4.290000000000000036e+00 1.437592903000000089e-01
4.389999999999999680e+00 1.473889064999999998e-01
4.490000000000000213e+00 1.514234543999999905e-01
4.589999999999999858e+00 1.563203277999999918e-01
4.690000000000000391e+00 1.622852907999999816e-01
4.790000000000000036e+00 1.694224012999999973e-01
4.889999999999999680e+00 1.779076293000000086e-01
4.990000000000000213e+00 1.880579612000000123e-01
5.089999999999999858e+00 2.002370351999999687e-01
5.190000000000000391e+00 2.147382696999999840e-01
5.290000000000000036e+00 2.316983133000000139e-01
5.389999999999999680e+00 2.511868192999999749e-01
5.490000000000000213e+00 2.734205473999999914e-01
5.589999999999999858e+00 2.988550739999999983e-01
5.690000000000000391e+00 3.279266788000000377e-01
5.790000000000000036e+00 3.604971672000000238e-01
5.889999999999999680e+00 3.954755059000000239e-01
5.990000000000000213e+00 4.311749850999999634e-01
6.084999999999999964e+00 4.645421047000000137e-01
6.184999999999999609e+00 4.979027235000000329e-01
6.285000000000000142e+00 5.263938361000000121e-01
6.384999999999999787e+00 5.446229167999999676e-01
6.485000000000000320e+00 5.489058434000000375e-01
6.584999999999999964e+00 5.415850558999999453e-01
6.684999999999999609e+00 5.297238776999999565e-01
6.785000000000000142e+00 5.203475063000000400e-01
6.884999999999999787e+00 5.176201316999999857e-01
6.985000000000000320e+00 5.228201986000000634e-01
7.084999999999999964e+00 5.352555991999999874e-01
7.184999999999999609e+00 5.530669729999999618e-01
7.285000000000000142e+00 5.742917037999999419e-01
7.384999999999999787e+00 5.980361217000000895e-01
7.485000000000000320e+00 6.248256058000000168e-01
7.584999999999999964e+00 6.560594405999999879e-01
7.684999999999999609e+00 6.931104157999999904e-01
7.785000000000000142e+00 7.365387823000000278e-01
7.884999999999999787e+00 7.856568046999999888e-01
7.985000000000000320e+00 8.391326080000000021e-01
8.080000000000000071e+00 8.933882838000000159e-01
8.179999999999999716e+00 9.543350504000001067e-01
8.279999999999999361e+00 1.019223514099999894e+00
8.380000000000000782e+00 1.087441015000000011e+00
8.480000000000000426e+00 1.158015208799999973e+00
8.580000000000000071e+00 1.229772882399999823e+00
8.679999999999999716e+00 1.301688503499999872e+00
8.779999999999999361e+00 1.372720719399999956e+00
8.880000000000000782e+00 1.441068503099999898e+00
8.980000000000000426e+00 1.504596326000000150e+00
9.080000000000000071e+00 1.562325329400000129e+00
9.179999999999999716e+00 1.615947429599999818e+00
9.279999999999999361e+00 1.669370219499999974e+00
9.380000000000000782e+00 1.725295093499999766e+00
9.480000000000000426e+00 1.782052299599999889e+00
9.580000000000000071e+00 1.835867663199999944e+00
9.679999999999999716e+00 1.886376535399999943e+00
9.779999999999999361e+00 1.939380615199999935e+00
9.880000000000000782e+00 2.004618071899999965e+00
9.980000000000000426e+00 2.090652135500000064e+00
1.007499999999999929e+01 2.194477954599999947e+00
1.017500000000000071e+01 2.321973540900000188e+00
1.027500000000000036e+01 2.454213784400000264e+00
1.037500000000000000e+01 2.572029027300000159e+00
1.047499999999999964e+01 2.662927408199999846e+00
1.057499999999999929e+01 2.733012976599999977e+00
1.067500000000000071e+01 2.804146042100000180e+00
1.077500000000000036e+01 2.899312643900000097e+00
1.087500000000000000e+01 3.029451782800000270e+00
1.097499999999999964e+01 3.187555291699999849e+00
1.107499999999999929e+01 3.352649575700000106e+00
1.117500000000000071e+01 3.505453547000000114e+00
1.127500000000000036e+01 3.645487137199999950e+00
1.137500000000000000e+01 3.790664317700000119e+00
1.147499999999999964e+01 3.962614855200000008e+00
1.157499999999999929e+01 4.175068843800000096e+00
1.167500000000000071e+01 4.433335160000000386e+00
1.177500000000000036e+01 4.743004727699999812e+00
1.187500000000000000e+01 5.116762663700000324e+00
1.197499999999999964e+01 5.574528690500000216e+00
1.207000000000000028e+01 6.102128897300000077e+00
1.216999999999999993e+01 6.751134922700000374e+00
1.226999999999999957e+01 7.456591374999999466e+00
1.236999999999999922e+01 8.133263145900000879e+00
1.247000000000000064e+01 8.667197988499999894e+00
1.257000000000000028e+01 8.973310932400000439e+00
1.266999999999999993e+01 9.044960338299999236e+00
1.276999999999999957e+01 8.935865922099999636e+00
1.286999999999999922e+01 8.713142999000000444e+00
1.297000000000000064e+01 8.436152304800000223e+00
1.307000000000000028e+01 8.147946373299999934e+00
1.316999999999999993e+01 7.872140961900000455e+00
1.326999999999999957e+01 7.630049105400000364e+00
1.336999999999999922e+01 7.454212557299999986e+00
1.347000000000000064e+01 7.378311552999999634e+00
1.357000000000000028e+01 7.415405312699999918e+00
1.366999999999999993e+01 7.556390408700000449e+00
1.376999999999999957e+01 7.784273883299999142e+00
1.386999999999999922e+01 8.085403179200000068e+00
1.397000000000000064e+01 8.445939151699999314e+00
1.406499999999999950e+01 8.822582895300000061e+00
1.416499999999999915e+01 9.218590835099998770e+00
1.426500000000000057e+01 9.567320293099999873e+00
1.436500000000000021e+01 9.820752916500000040e+00
1.446499999999999986e+01 9.932717311799999393e+00
1.456499999999999950e+01 9.870301019200001136e+00
1.466499999999999915e+01 9.637409984800001439e+00
1.476500000000000057e+01 9.272685496700001195e+00
1.486500000000000021e+01 8.822303091600000258e+00
1.496499999999999986e+01 8.324474725500000005e+00
1.506499999999999950e+01 7.808716075300000448e+00
1.516499999999999915e+01 7.290124078199999857e+00
1.526500000000000057e+01 6.771501646900000004e+00
1.536500000000000021e+01 6.257400026300000029e+00
1.546499999999999986e+01 5.766031932000000637e+00
1.556499999999999950e+01 5.320668083200000176e+00
1.566499999999999915e+01 4.935816362300000648e+00
1.576500000000000057e+01 4.613276586899999643e+00
1.586500000000000021e+01 4.346581342700000405e+00
1.596499999999999986e+01 4.127110040499999855e+00
1.605999999999999872e+01 3.956271123599999662e+00
1.616000000000000014e+01 3.812220313000000083e+00
1.626000000000000156e+01 3.699860325099999958e+00
1.635999999999999943e+01 3.607923304199999848e+00
1.646000000000000085e+01 3.520389791499999976e+00
1.655999999999999872e+01 3.426074399900000067e+00
1.666000000000000014e+01 3.327076502199999730e+00
1.676000000000000156e+01 3.237946409800000147e+00
1.685999999999999943e+01 3.176731923000000180e+00
1.696000000000000085e+01 3.157229093299999789e+00
1.705999999999999872e+01 3.185792050499999917e+00
1.716000000000000014e+01 3.258957431500000279e+00
1.726000000000000156e+01 3.360995875900000041e+00
1.735999999999999943e+01 3.464919665100000046e+00
1.746000000000000085e+01 3.538663855899999877e+00
1.755999999999999872e+01 3.557159008100000186e+00
1.766000000000000014e+01 3.516775755499999878e+00
1.776000000000000156e+01 3.439178519800000000e+00
1.785999999999999943e+01 3.359209372200000043e+00
1.796000000000000085e+01 3.307687794900000089e+00
1.805499999999999972e+01 3.298462951899999940e+00
1.815500000000000114e+01 3.325619085400000063e+00
1.825499999999999901e+01 3.370409202999999909e+00
1.835500000000000043e+01 3.406671289600000208e+00
1.845499999999999829e+01 3.413837488800000042e+00
1.855499999999999972e+01 3.382588818899999961e+00
1.865500000000000114e+01 3.312775107699999833e+00
1.875499999999999901e+01 3.209849930799999917e+00
1.885500000000000043e+01 3.082119083399999848e+00
1.895499999999999829e+01 2.937105983899999995e+00
1.905499999999999972e+01 2.779733543100000315e+00
1.915500000000000114e+01 2.613688269299999867e+00
1.925499999999999901e+01 2.443279921899999874e+00
1.935500000000000043e+01 2.273815679900000220e+00
1.945499999999999829e+01 2.110340336600000199e+00
1.955499999999999972e+01 1.955500236400000036e+00
1.965500000000000114e+01 1.809034240899999979e+00
1.975499999999999901e+01 1.670602029500000141e+00
1.985500000000000043e+01 1.541903329800000000e+00
1.995499999999999829e+01 1.424988261800000044e+00
2.005000000000000071e+01 1.324999748500000019e+00
2.014999999999999858e+01 1.229863182999999971e+00
2.025000000000000000e+01 1.142874820400000102e+00
2.035000000000000142e+01 1.062464583899999981e+00
2.044999999999999929e+01 9.884886834999999650e-01
2.055000000000000071e+01 9.216903789999999486e-01
2.064999999999999858e+01 8.626311395000000326e-01
2.075000000000000000e+01 8.112133356999999823e-01
2.085000000000000142e+01 7.669032742000000402e-01
2.094999999999999929e+01 7.289730785999999352e-01
2.105000000000000071e+01 6.963024039999999859e-01
2.114999999999999858e+01 6.674296932000000071e-01
2.125000000000000000e+01 6.408840433000000392e-01
2.135000000000000142e+01 6.152100119000000200e-01
2.144999999999999929e+01 5.890722091000000216e-01
2.155000000000000071e+01 5.619955674000000068e-01
2.164999999999999858e+01 5.348484581000000349e-01
2.175000000000000000e+01 5.091264450000000386e-01
2.185000000000000142e+01 4.858433421000000196e-01
2.194999999999999929e+01 4.651789078000000410e-01
2.204500000000000171e+01 4.476235781000000302e-01
2.214499999999999957e+01 4.308078538999999818e-01
2.224500000000000099e+01 4.153649511999999988e-01
2.234499999999999886e+01 4.012565766000000256e-01
2.244500000000000028e+01 3.884088888000000184e-01
2.254500000000000171e+01 3.764317566999999531e-01
2.264499999999999957e+01 3.649372924000000018e-01
2.274500000000000099e+01 3.539684560999999952e-01
2.284499999999999886e+01 3.438610008999999912e-01
2.294500000000000028e+01 3.347619373000000342e-01
2.304500000000000171e+01 3.263698260000000295e-01
2.314499999999999957e+01 3.180348821000000270e-01
2.324500000000000099e+01 3.091837500999999877e-01
2.334499999999999886e+01 2.997380112999999957e-01
2.344500000000000028e+01 2.900773838000000326e-01
2.354500000000000171e+01 2.806998011999999876e-01
2.364499999999999957e+01 2.720067338999999640e-01
2.374500000000000099e+01 2.642432774999999845e-01
2.384499999999999886e+01 2.574749512999999768e-01
2.394500000000000028e+01 2.515910427999999976e-01
2.403999999999999915e+01 2.465860610000000230e-01
2.414000000000000057e+01 2.416156861999999850e-01
2.423999999999999844e+01 2.365564889999999809e-01
2.433999999999999986e+01 2.310337311000000005e-01
2.444000000000000128e+01 2.249231386000000166e-01
2.453999999999999915e+01 2.184605521000000106e-01
2.464000000000000057e+01 2.120652804000000002e-01
2.473999999999999844e+01 2.060899417000000011e-01
2.483999999999999986e+01 2.007439178999999851e-01
2.494000000000000128e+01 1.960764596000000026e-01
2.503999999999999915e+01 1.919379608000000015e-01
2.514000000000000057e+01 1.880345378000000123e-01
2.523999999999999844e+01 1.840923741000000113e-01
2.533999999999999986e+01 1.799980520000000195e-01
2.544000000000000128e+01 1.758301644999999969e-01
2.553999999999999915e+01 1.718355608000000090e-01
2.564000000000000057e+01 1.682924872000000072e-01
2.573999999999999844e+01 1.653282094999999896e-01
2.583999999999999986e+01 1.628563672999999989e-01
2.594000000000000128e+01 1.606668531000000066e-01
2.603500000000000014e+01 1.586450179999999988e-01
2.613500000000000156e+01 1.564356460999999920e-01
2.623499999999999943e+01 1.542004255999999962e-01
2.633500000000000085e+01 1.522243430999999925e-01
2.643499999999999872e+01 1.508842894000000101e-01
2.653500000000000014e+01 1.503886221999999884e-01
2.663500000000000156e+01 1.506625662000000143e-01
2.673499999999999943e+01 1.513427931000000115e-01
2.683500000000000085e+01 1.519314142000000034e-01
2.693499999999999872e+01 1.520923134999999926e-01
2.703500000000000014e+01 1.518079072000000085e-01
2.713500000000000156e+01 1.512219382999999973e-01
2.723499999999999943e+01 1.504462978999999978e-01
2.733500000000000085e+01 1.495419816999999929e-01
2.743499999999999872e+01 1.485589974000000035e-01
2.753500000000000014e+01 1.475302514999999870e-01
2.763500000000000156e+01 1.464889296999999924e-01
2.773499999999999943e+01 1.455254374999999933e-01
2.783500000000000085e+01 1.448890412000000127e-01
2.793499999999999872e+01 1.449261578999999911e-01
2.803000000000000114e+01 1.457410416999999903e-01
2.812999999999999901e+01 1.471779443000000021e-01
2.823000000000000043e+01 1.486642092000000082e-01
2.832999999999999829e+01 1.497283654999999880e-01
2.842999999999999972e+01 1.501874515999999937e-01
2.853000000000000114e+01 1.500207481999999981e-01
2.862999999999999901e+01 1.492201428000000107e-01
2.873000000000000043e+01 1.478434678999999974e-01
2.882999999999999829e+01 1.460418430000000045e-01
2.892999999999999972e+01 1.439806704000000104e-01
2.903000000000000114e+01 1.417292250999999947e-01
2.912999999999999901e+01 1.392524272999999813e-01
2.923000000000000043e+01 1.365482970000000129e-01
2.932999999999999829e+01 1.337323024000000027e-01
2.942999999999999972e+01 1.309298416999999937e-01
2.953000000000000114e+01 1.282009640000000006e-01
2.962999999999999901e+01 1.256232991999999826e-01
2.973000000000000043e+01 1.233029533000000039e-01
2.982999999999999829e+01 1.212801788999999936e-01
2.992999999999999972e+01 1.195043355000000029e-01
3.002499999999999858e+01 1.179425859000000076e-01
3.012500000000000000e+01 1.162257173000000032e-01
3.022500000000000142e+01 1.141194256999999990e-01
3.032499999999999929e+01 1.113561670000000059e-01
3.042500000000000071e+01 1.079488556999999987e-01
3.052499999999999858e+01 1.042305315000000010e-01
3.062500000000000000e+01 1.006515612999999976e-01
3.072500000000000142e+01 9.757711680000000221e-02
3.082499999999999929e+01 9.522191180000000310e-02
3.092500000000000071e+01 9.363311409999999779e-02
3.102499999999999858e+01 9.267100529999999781e-02
3.112500000000000000e+01 9.206408330000000195e-02
3.122500000000000142e+01 9.152051359999999192e-02
3.132499999999999929e+01 9.081204069999999906e-02
3.142500000000000071e+01 8.976150430000000291e-02
3.152499999999999858e+01 8.821395320000000040e-02
3.162500000000000000e+01 8.607869899999999463e-02
3.172500000000000142e+01 8.341562560000000126e-02
3.182499999999999929e+01 8.046189640000001031e-02
3.192500000000000071e+01 7.754077000000000885e-02
3.202000000000000313e+01 7.503810439999999971e-02
3.211999999999999744e+01 7.280129180000000089e-02
3.221999999999999886e+01 7.094818429999999454e-02
3.232000000000000028e+01 6.937543609999999306e-02
3.242000000000000171e+01 6.795245619999999709e-02
3.252000000000000313e+01 6.656784200000000207e-02
3.261999999999999744e+01 6.518452099999999527e-02
3.271999999999999886e+01 6.384826109999999777e-02
3.282000000000000028e+01 6.261394670000000606e-02
3.292000000000000171e+01 6.147537780000000146e-02
3.302000000000000313e+01 6.034778429999999860e-02
3.311999999999999744e+01 5.912481769999999859e-02
3.321999999999999886e+01 5.779428229999999944e-02
3.332000000000000028e+01 5.649550169999999899e-02
3.342000000000000171e+01 5.543214569999999758e-02
3.352000000000000313e+01 5.473057839999999341e-02
3.361999999999999744e+01 5.437419859999999272e-02
3.371999999999999886e+01 5.422985649999999963e-02
3.382000000000000028e+01 5.411806660000000047e-02
3.392000000000000171e+01 5.389291029999999927e-02
3.401500000000000057e+01 5.353109450000000102e-02
3.411500000000000199e+01 5.305489800000000311e-02
3.421500000000000341e+01 5.258717809999999965e-02
3.431499999999999773e+01 5.220934680000000050e-02
3.441499999999999915e+01 5.196481229999999618e-02
3.451500000000000057e+01 5.186729169999999833e-02
3.461500000000000199e+01 5.188899760000000028e-02
3.471500000000000341e+01 5.197280409999999878e-02
3.481499999999999773e+01 5.207133460000000491e-02
3.491499999999999915e+01 5.215668130000000041e-02
3.501500000000000057e+01 5.218915059999999773e-02
3.511500000000000199e+01 5.209720049999999603e-02
3.521500000000000341e+01 5.182625500000000163e-02
3.531499999999999773e+01 5.142045700000000275e-02
3.541499999999999915e+01 5.101300610000000096e-02
3.551500000000000057e+01 5.070798860000000352e-02
3.561500000000000199e+01 5.049284589999999961e-02
3.571500000000000341e+01 5.025979819999999709e-02
3.581499999999999773e+01 4.989156089999999960e-02
3.591499999999999915e+01 4.932848389999999750e-02
3.600999999999999801e+01 4.861315659999999872e-02
3.610999999999999943e+01 4.771582580000000018e-02
3.621000000000000085e+01 4.676177119999999632e-02
3.631000000000000227e+01 4.585426089999999899e-02
3.640999999999999659e+01 4.504782220000000392e-02
3.650999999999999801e+01 4.433204400000000101e-02
3.660999999999999943e+01 4.365550179999999614e-02
3.671000000000000085e+01 4.295226180000000227e-02
3.681000000000000227e+01 4.216827470000000105e-02
3.690999999999999659e+01 4.127497319999999525e-02
3.700999999999999801e+01 4.025952719999999901e-02
3.710999999999999943e+01 3.913000989999999846e-02
3.721000000000000085e+01 3.794094900000000159e-02
3.731000000000000227e+01 3.678619210000000361e-02
3.740999999999999659e+01 3.574014789999999803e-02
3.750999999999999801e+01 3.480748109999999562e-02
3.760999999999999943e+01 3.393422470000000135e-02
3.771000000000000085e+01 3.306904110000000174e-02
3.781000000000000227e+01 3.221174799999999838e-02
3.790999999999999659e+01 3.140259709999999871e-02
3.800500000000000256e+01 3.071489930000000090e-02
3.810499999999999687e+01 3.009023989999999940e-02
3.820499999999999829e+01 2.955617240000000048e-02
3.830499999999999972e+01 2.908432399999999821e-02
3.840500000000000114e+01 2.864729750000000186e-02
3.850500000000000256e+01 2.824015259999999861e-02
3.860499999999999687e+01 2.788813429999999899e-02
3.870499999999999829e+01 2.762371300000000113e-02
3.880499999999999972e+01 2.745698660000000374e-02
3.890500000000000114e+01 2.736456859999999991e-02
3.900500000000000256e+01 2.730106310000000175e-02
3.910499999999999687e+01 2.722091329999999990e-02
3.920499999999999829e+01 2.709174610000000122e-02
3.930499999999999972e+01 2.690268919999999966e-02
3.940500000000000114e+01 2.667093599999999926e-02
3.950500000000000256e+01 2.643050099999999861e-02
3.960499999999999687e+01 2.620811220000000136e-02
3.970499999999999829e+01 2.601259019999999783e-02
3.980499999999999972e+01 2.584317090000000025e-02
3.990500000000000114e+01 2.570574520000000127e-02
