1.000000000000000056e-01 4.079833599999999928e-03
2.000000000000000111e-01 4.986574000000000562e-03
2.999999999999999889e-01 6.515858200000000308e-03
4.000000000000000222e-01 8.240747499999999393e-03
5.000000000000000000e-01 1.006329580000000015e-02
5.999999999999999778e-01 1.194897770000000019e-02
6.999999999999999556e-01 1.388561970000000076e-02
8.000000000000000444e-01 1.587230960000000218e-02
9.000000000000000222e-01 1.791089989999999910e-02
1.000000000000000000e+00 2.000377689999999903e-02
1.100000000000000089e+00 2.216447150000000130e-02
1.199999999999999956e+00 2.440275010000000216e-02
1.300000000000000044e+00 2.673008290000000037e-02
1.399999999999999911e+00 2.916301929999999890e-02
1.500000000000000000e+00 3.170730509999999946e-02
1.600000000000000089e+00 3.435657329999999843e-02
1.699999999999999956e+00 3.705917310000000214e-02
1.800000000000000044e+00 3.972617430000000005e-02
1.899999999999999911e+00 4.226623560000000029e-02
2.000000000000000000e+00 4.465102280000000229e-02
2.095000000000000195e+00 4.684661130000000034e-02
2.194999999999999840e+00 4.920852690000000057e-02
2.294999999999999929e+00 5.173181420000000363e-02
2.395000000000000018e+00 5.448505580000000126e-02
2.495000000000000107e+00 5.751060289999999908e-02
2.595000000000000195e+00 6.083590950000000719e-02
2.694999999999999840e+00 6.447024749999999416e-02
2.794999999999999929e+00 6.840969220000001072e-02
2.895000000000000018e+00 7.262254730000000658e-02
2.995000000000000107e+00 7.708137739999999793e-02
3.095000000000000195e+00 8.179793650000000138e-02
3.194999999999999840e+00 8.681098560000000131e-02
3.294999999999999929e+00 9.214058270000000106e-02
3.395000000000000018e+00 9.778401139999999547e-02
3.495000000000000107e+00 1.037416077000000020e-01
3.595000000000000195e+00 1.100351100999999998e-01
3.694999999999999840e+00 1.166616401000000053e-01
3.794999999999999929e+00 1.235288361000000112e-01
3.895000000000000018e+00 1.303910473999999875e-01
3.995000000000000107e+00 1.368826761999999975e-01
4.089999999999999858e+00 1.423541598999999991e-01
4.190000000000000391e+00 1.471859081999999930e-01
4.290000000000000036e+00 1.512593762999999980e-01
4.389999999999999680e+00 1.551493495999999861e-01
4.490000000000000213e+00 1.595085138999999819e-01
4.589999999999999858e+00 1.647973689999999991e-01
4.690000000000000391e+00 1.712360163999999962e-01
4.790000000000000036e+00 1.789456024000000145e-01
4.889999999999999680e+00 1.881415872999999961e-01
4.990000000000000213e+00 1.991851886000000071e-01
5.089999999999999858e+00 2.124482655000000109e-01
5.190000000000000391e+00 2.282139039999999952e-01
5.290000000000000036e+00 2.465884893999999994e-01
5.389999999999999680e+00 2.676633298999999688e-01
5.490000000000000213e+00 2.917210356000000115e-01
5.589999999999999858e+00 3.192778547999999827e-01
5.690000000000000391e+00 3.506764454999999892e-01
5.790000000000000036e+00 3.855088144000000105e-01
5.889999999999999680e+00 4.223605920000000347e-01
5.990000000000000213e+00 4.594464702000000123e-01
6.084999999999999964e+00 4.937429679000000515e-01
6.184999999999999609e+00 5.274066466000000286e-01
6.285000000000000142e+00 5.547337203000000105e-01
6.384999999999999787e+00 5.701474602999999641e-01
6.485000000000000320e+00 5.712953196000000178e-01
6.584999999999999964e+00 5.622928671000000378e-01
6.684999999999999609e+00 5.508721998000000175e-01
6.785000000000000142e+00 5.436159034999999973e-01
6.884999999999999787e+00 5.439341516000000265e-01
6.985000000000000320e+00 5.524860887000000442e-01
7.084999999999999964e+00 5.681122463000000122e-01
7.184999999999999609e+00 5.887283173999999786e-01
7.285000000000000142e+00 6.125260383999999725e-01
7.384999999999999787e+00 6.390633706999999664e-01
7.485000000000000320e+00 6.692953242000000413e-01
7.584999999999999964e+00 7.048852027999999992e-01
7.684999999999999609e+00 7.472152255999999770e-01
7.785000000000000142e+00 7.966171560999999457e-01
7.884999999999999787e+00 8.521255564999999921e-01
7.985000000000000320e+00 9.124873163000000176e-01
8.080000000000000071e+00 9.740394347000000952e-01
8.179999999999999716e+00 1.043461777099999876e+00
8.279999999999999361e+00 1.117123563199999836e+00
8.380000000000000782e+00 1.193836529599999974e+00
8.480000000000000426e+00 1.272182364999999926e+00
8.580000000000000071e+00 1.350612008299999944e+00
8.679999999999999716e+00 1.427715573700000018e+00
8.779999999999999361e+00 1.502022303599999997e+00
8.880000000000000782e+00 1.571420380399999983e+00
8.980000000000000426e+00 1.633904704099999883e+00
9.080000000000000071e+00 1.689178617400000082e+00
9.179999999999999716e+00 1.740111449700000090e+00
9.279999999999999361e+00 1.791469916100000059e+00
9.380000000000000782e+00 1.845296276900000088e+00
9.480000000000000426e+00 1.898799399200000071e+00
9.580000000000000071e+00 1.948784431700000042e+00
9.679999999999999716e+00 1.997802976999999869e+00
9.779999999999999361e+00 2.054691542400000071e+00
9.880000000000000782e+00 2.129959303499999734e+00
9.980000000000000426e+00 2.230710573099999650e+00
1.007499999999999929e+01 2.349995003600000132e+00
1.017500000000000071e+01 2.491452983100000296e+00
1.027500000000000036e+01 2.631480291599999966e+00
1.037500000000000000e+01 2.749983474600000033e+00
1.047499999999999964e+01 2.838575312999999767e+00
1.057499999999999929e+01 2.909978933899999731e+00
1.067500000000000071e+01 2.990502090499999710e+00
1.077500000000000036e+01 3.102469008699999975e+00
1.087500000000000000e+01 3.251399128900000157e+00
1.097499999999999964e+01 3.423017850199999934e+00
1.107499999999999929e+01 3.592868943900000112e+00
1.117500000000000071e+01 3.746190375399999883e+00
1.127500000000000036e+01 3.890552426200000191e+00
1.137500000000000000e+01 4.049259882200000327e+00
1.147499999999999964e+01 4.246123328299999500e+00
1.157499999999999929e+01 4.495497205899999571e+00
1.167500000000000071e+01 4.803651119299999550e+00
1.177500000000000036e+01 5.176109767499999847e+00
1.187500000000000000e+01 5.623824244199999711e+00
1.197499999999999964e+01 6.160157639099999471e+00
1.207000000000000028e+01 6.752381956999999879e+00
1.216999999999999993e+01 7.431726465500000600e+00
1.226999999999999957e+01 8.090932331499999464e+00
1.236999999999999922e+01 8.616186920200000543e+00
1.247000000000000064e+01 8.912700614200000260e+00
1.257000000000000028e+01 8.964746873999999366e+00
1.266999999999999993e+01 8.829605398400000027e+00
1.276999999999999957e+01 8.587659970800000764e+00
1.286999999999999922e+01 8.313426197000000073e+00
1.297000000000000064e+01 8.059468304499999292e+00
1.307000000000000028e+01 7.843910109000000297e+00
1.316999999999999993e+01 7.665460164299999768e+00
1.326999999999999957e+01 7.534895817599999823e+00
1.336999999999999922e+01 7.481792277900000343e+00
1.347000000000000064e+01 7.532490995999999939e+00
1.357000000000000028e+01 7.688158828000000611e+00
1.366999999999999993e+01 7.928431902399999842e+00
1.376999999999999957e+01 8.233955736100000422e+00
1.386999999999999922e+01 8.596329523299999664e+00
1.397000000000000064e+01 9.005725858099999925e+00
1.406499999999999950e+01 9.412241710400000017e+00
1.416499999999999915e+01 9.809297244000001470e+00
1.426500000000000057e+01 1.011578122600000107e+01
1.436500000000000021e+01 1.027803765720000051e+01
1.446499999999999986e+01 1.025469916180000141e+01
1.456499999999999950e+01 1.003263645190000020e+01
1.466499999999999915e+01 9.644170843399999526e+00
1.476500000000000057e+01 9.148282038999999699e+00
1.486500000000000021e+01 8.599988085899999746e+00
1.496499999999999986e+01 8.041143459999998910e+00
1.506499999999999950e+01 7.496498967499999999e+00
1.516499999999999915e+01 6.968321339100000067e+00
1.526500000000000057e+01 6.446999459499999752e+00
1.536500000000000021e+01 5.935704163399999622e+00
1.546499999999999986e+01 5.456848686699999895e+00
1.556499999999999950e+01 5.035381805200000116e+00
1.566499999999999915e+01 4.683430101500000831e+00
1.576500000000000057e+01 4.398957366799999491e+00
1.586500000000000021e+01 4.171380255999999953e+00
1.596499999999999986e+01 3.987947589900000089e+00
1.605999999999999872e+01 3.845679333199999661e+00
1.616000000000000014e+01 3.724312599500000154e+00
1.626000000000000156e+01 3.626838281800000008e+00
1.635999999999999943e+01 3.542571510299999726e+00
1.646000000000000085e+01 3.457703705300000152e+00
1.655999999999999872e+01 3.365193878499999958e+00
1.666000000000000014e+01 3.272212825200000008e+00
1.676000000000000156e+01 3.196012000600000125e+00
1.685999999999999943e+01 3.153885575999999968e+00
1.696000000000000085e+01 3.157141738900000050e+00
1.705999999999999872e+01 3.207793450300000071e+00
1.716000000000000014e+01 3.295429207399999783e+00
1.726000000000000156e+01 3.396724219499999808e+00
1.735999999999999943e+01 3.479965787099999819e+00
1.746000000000000085e+01 3.514842816199999831e+00
1.755999999999999872e+01 3.487345467899999996e+00
1.766000000000000014e+01 3.410150438799999684e+00
1.776000000000000156e+01 3.315395795200000162e+00
1.785999999999999943e+01 3.237177577499999792e+00
1.796000000000000085e+01 3.197736837799999954e+00
1.805499999999999972e+01 3.199414941500000165e+00
1.815500000000000114e+01 3.228155088799999906e+00
1.825499999999999901e+01 3.259205043599999740e+00
1.835500000000000043e+01 3.267111415600000068e+00
1.845499999999999829e+01 3.236203985599999999e+00
1.855499999999999972e+01 3.163526425300000167e+00
1.865500000000000114e+01 3.056076252900000068e+00
1.875499999999999901e+01 2.925530130899999914e+00
1.885500000000000043e+01 2.782298367100000114e+00
1.895499999999999829e+01 2.632309388299999942e+00
1.905499999999999972e+01 2.478211727399999731e+00
1.915500000000000114e+01 2.322032796699999846e+00
1.925499999999999901e+01 2.166838062800000131e+00
1.935500000000000043e+01 2.016604781199999863e+00
1.945499999999999829e+01 1.874054216300000020e+00
1.955499999999999972e+01 1.739248583099999967e+00
1.965500000000000114e+01 1.611557286400000066e+00
1.975499999999999901e+01 1.492061353199999996e+00
1.985500000000000043e+01 1.382587588899999886e+00
1.995499999999999829e+01 1.283476476499999963e+00
2.005000000000000071e+01 1.197769581599999800e+00
2.014999999999999858e+01 1.114633916000000058e+00
2.025000000000000000e+01 1.037204933699999998e+00
2.035000000000000142e+01 9.650879479000000760e-01
2.044999999999999929e+01 8.990805476999998991e-01
2.055000000000000071e+01 8.400769401000000025e-01
2.064999999999999858e+01 7.883138083999999823e-01
2.075000000000000000e+01 7.435320425000000455e-01
2.085000000000000142e+01 7.053933124000000277e-01
2.094999999999999929e+01 6.732806219000000425e-01
2.105000000000000071e+01 6.459596331000000413e-01
2.114999999999999858e+01 6.218787785999999596e-01
2.125000000000000000e+01 5.995007794000000168e-01
2.135000000000000142e+01 5.772622913000000633e-01
2.144999999999999929e+01 5.539276770000000072e-01
2.155000000000000071e+01 5.294428770000000339e-01
2.164999999999999858e+01 5.050054756999999839e-01
2.175000000000000000e+01 4.820027126000000495e-01
2.185000000000000142e+01 4.611351035000000320e-01
2.194999999999999929e+01 4.424170008000000154e-01
2.204500000000000171e+01 4.263803183000000052e-01
2.214499999999999957e+01 4.111096102999999835e-01
2.224500000000000099e+01 3.973541326999999734e-01
2.234499999999999886e+01 3.849048393999999762e-01
2.244500000000000028e+01 3.733673916999999953e-01
2.254500000000000171e+01 3.623202058999999697e-01
2.264499999999999957e+01 3.516890933999999858e-01
2.274500000000000099e+01 3.417315013999999707e-01
2.284499999999999886e+01 3.326261212000000134e-01
2.294500000000000028e+01 3.241619112999999941e-01
2.304500000000000171e+01 3.157694113999999774e-01
2.314499999999999957e+01 3.069075361999999974e-01
2.324500000000000099e+01 2.974459465000000025e-01
2.334499999999999886e+01 2.876666931999999899e-01
2.344500000000000028e+01 2.780425698999999806e-01
2.354500000000000171e+01 2.690796321000000213e-01
2.364499999999999957e+01 2.612214829999999766e-01
2.374500000000000099e+01 2.546784578999999882e-01
2.384499999999999886e+01 2.493354503000000111e-01
2.394500000000000028e+01 2.447709212000000190e-01
2.403999999999999915e+01 2.406766055000000015e-01
2.414000000000000057e+01 2.361354808999999999e-01
2.423999999999999844e+01 2.309682487000000173e-01
2.433999999999999986e+01 2.250487695000000232e-01
2.444000000000000128e+01 2.186442010999999908e-01
2.453999999999999915e+01 2.122807830000000007e-01
2.464000000000000057e+01 2.064272515000000197e-01
2.473999999999999844e+01 2.013298369000000032e-01
2.483999999999999986e+01 1.969450583000000032e-01
2.494000000000000128e+01 1.929605661000000083e-01
2.503999999999999915e+01 1.889717785000000205e-01
2.514000000000000057e+01 1.847455617000000050e-01
2.523999999999999844e+01 1.802911671999999910e-01
2.533999999999999986e+01 1.757821601000000011e-01
2.544000000000000128e+01 1.715068309999999985e-01
2.553999999999999915e+01 1.677915439000000064e-01
2.564000000000000057e+01 1.648236210999999840e-01
2.573999999999999844e+01 1.625516545000000035e-01
2.583999999999999986e+01 1.607317514000000114e-01
2.594000000000000128e+01 1.590109962999999849e-01
2.603500000000000014e+01 1.571772231999999936e-01
2.613500000000000156e+01 1.549632796000000035e-01
2.623499999999999943e+01 1.527310852000000052e-01
2.633500000000000085e+01 1.509229900000000069e-01
2.643499999999999872e+01 1.498894269000000112e-01
2.653500000000000014e+01 1.497228345999999932e-01
2.663500000000000156e+01 1.502332671000000119e-01
2.673499999999999943e+01 1.509699347000000025e-01
2.683500000000000085e+01 1.514528534999999843e-01
2.693499999999999872e+01 1.514547224999999997e-01
2.703500000000000014e+01 1.510415297000000101e-01
2.713500000000000156e+01 1.503871599000000114e-01
2.723499999999999943e+01 1.496253700999999880e-01
2.733500000000000085e+01 1.488318972000000073e-01
2.743499999999999872e+01 1.480788986000000085e-01
2.753500000000000014e+01 1.474555036999999902e-01
2.763500000000000156e+01 1.470329122999999849e-01
2.773499999999999943e+01 1.468807967999999908e-01
2.783500000000000085e+01 1.471637983999999899e-01
2.793499999999999872e+01 1.480786088000000111e-01
2.803000000000000114e+01 1.494873580999999951e-01
2.812999999999999901e+01 1.511324756999999908e-01
2.823000000000000043e+01 1.524452397999999931e-01
2.832999999999999829e+01 1.531630670999999944e-01
2.842999999999999972e+01 1.532316925999999968e-01
2.853000000000000114e+01 1.525789191999999961e-01
2.862999999999999901e+01 1.511458025999999899e-01
2.873000000000000043e+01 1.490612531000000129e-01
2.882999999999999829e+01 1.466003838000000115e-01
2.892999999999999972e+01 1.439867140999999962e-01
2.903000000000000114e+01 1.412901421000000157e-01
2.912999999999999901e+01 1.384982795999999960e-01
2.923000000000000043e+01 1.356478329999999954e-01
2.932999999999999829e+01 1.328397532000000214e-01
2.942999999999999972e+01 1.301414459999999940e-01
2.953000000000000114e+01 1.275835738999999969e-01
2.962999999999999901e+01 1.252420600000000162e-01
2.973000000000000043e+01 1.232080832999999931e-01
2.982999999999999829e+01 1.214862525000000026e-01
2.992999999999999972e+01 1.199757233000000034e-01
3.002499999999999858e+01 1.185659348000000085e-01
3.012500000000000000e+01 1.168439002999999976e-01
3.022500000000000142e+01 1.145681590999999971e-01
3.032499999999999929e+01 1.115623648000000079e-01
3.042500000000000071e+01 1.079818387999999935e-01
3.052499999999999858e+01 1.042749705000000082e-01
3.062500000000000000e+01 1.009263473000000105e-01
3.072500000000000142e+01 9.824980359999999080e-02
3.082499999999999929e+01 9.633607289999999990e-02
3.092500000000000071e+01 9.506773979999999513e-02
3.102499999999999858e+01 9.418604529999999309e-02
3.112500000000000000e+01 9.340422060000000415e-02
3.122500000000000142e+01 9.250270720000000613e-02
3.132499999999999929e+01 9.133198639999999535e-02
3.142500000000000071e+01 8.977631979999999012e-02
3.152499999999999858e+01 8.776763419999999982e-02
3.162500000000000000e+01 8.532824860000000344e-02
3.172500000000000142e+01 8.258315980000000001e-02
3.182499999999999929e+01 7.973605720000000174e-02
3.192500000000000071e+01 7.701969200000000071e-02
3.202000000000000313e+01 7.472910690000000855e-02
3.211999999999999744e+01 7.267798960000000641e-02
3.221999999999999886e+01 7.093020810000000287e-02
3.232000000000000028e+01 6.935874849999999758e-02
3.242000000000000171e+01 6.784653549999999922e-02
3.252000000000000313e+01 6.633029999999999482e-02
3.261999999999999744e+01 6.481189380000000611e-02
3.271999999999999886e+01 6.332114149999999719e-02
3.282000000000000028e+01 6.187815269999999424e-02
3.292000000000000171e+01 6.048176150000000167e-02
3.302000000000000313e+01 5.911708549999999951e-02
3.311999999999999744e+01 5.779191690000000381e-02
3.321999999999999886e+01 5.658588679999999871e-02
3.332000000000000028e+01 5.563510120000000198e-02
3.342000000000000171e+01 5.504747730000000144e-02
3.352000000000000313e+01 5.482310740000000127e-02
3.361999999999999744e+01 5.482891980000000054e-02
3.371999999999999886e+01 5.483831320000000231e-02
3.382000000000000028e+01 5.464054070000000374e-02
3.392000000000000171e+01 5.416017470000000084e-02
3.401500000000000057e+01 5.351821249999999530e-02
3.411500000000000199e+01 5.280710800000000538e-02
3.421500000000000341e+01 5.221026430000000329e-02
3.431499999999999773e+01 5.180330639999999875e-02
3.441499999999999915e+01 5.157504129999999909e-02
3.451500000000000057e+01 5.146656609999999965e-02
3.461500000000000199e+01 5.142616419999999910e-02
3.471500000000000341e+01 5.143932810000000078e-02
3.481499999999999773e+01 5.149881259999999905e-02
3.491499999999999915e+01 5.154530790000000362e-02
3.501500000000000057e+01 5.148101269999999507e-02
3.511500000000000199e+01 5.125732450000000662e-02
3.521500000000000341e+01 5.093859909999999547e-02
3.531499999999999773e+01 5.066193869999999905e-02
3.541499999999999915e+01 5.051604760000000249e-02
3.551500000000000057e+01 5.045074099999999340e-02
3.561500000000000199e+01 5.030369080000000187e-02
3.571500000000000341e+01 4.992209309999999511e-02
3.581499999999999773e+01 4.926849730000000538e-02
3.591499999999999915e+01 4.840972080000000011e-02
3.600999999999999801e+01 4.749125330000000117e-02
3.610999999999999943e+01 4.650812729999999340e-02
3.621000000000000085e+01 4.559786140000000182e-02
3.631000000000000227e+01 4.481044850000000246e-02
3.640999999999999659e+01 4.411739800000000211e-02
3.650999999999999801e+01 4.343666999999999667e-02
3.660999999999999943e+01 4.269209520000000202e-02
3.671000000000000085e+01 4.184925550000000161e-02
3.681000000000000227e+01 4.091704479999999644e-02
3.690999999999999659e+01 3.991990430000000312e-02
3.700999999999999801e+01 3.886931779999999725e-02
3.710999999999999943e+01 3.777670649999999991e-02
3.721000000000000085e+01 3.668476229999999977e-02
3.731000000000000227e+01 3.566029769999999599e-02
3.740999999999999659e+01 3.474753740000000035e-02
3.750999999999999801e+01 3.393229610000000201e-02
3.760999999999999943e+01 3.316019249999999779e-02
3.771000000000000085e+01 3.239238340000000216e-02
3.781000000000000227e+01 3.163542050000000411e-02
3.790999999999999659e+01 3.091837709999999823e-02
3.800500000000000256e+01 3.029145629999999839e-02
3.810499999999999687e+01 2.968801340000000108e-02
3.820499999999999829e+01 2.912758010000000147e-02
3.830499999999999972e+01 2.859189050000000148e-02
3.840500000000000114e+01 2.807620610000000072e-02
3.850500000000000256e+01 2.760469609999999935e-02
3.860499999999999687e+01 2.722073369999999937e-02
3.870499999999999829e+01 2.695489239999999953e-02
3.880499999999999972e+01 2.680012779999999678e-02
3.890500000000000114e+01 2.671277929999999953e-02
3.900500000000000256e+01 2.664130199999999865e-02
3.910499999999999687e+01 2.655631559999999808e-02
3.920499999999999829e+01 2.645092859999999962e-02
3.930499999999999972e+01 2.632585949999999980e-02
3.940500000000000114e+01 2.618404440000000194e-02
3.950500000000000256e+01 2.603237690000000104e-02
3.960499999999999687e+01 2.587633049999999921e-02
3.970499999999999829e+01 2.571449040000000144e-02
3.980499999999999972e+01 2.554680180000000120e-02
3.990500000000000114e+01 2.538474770000000158e-02
