1.000000000000000056e-01 3.365886399999999928e-03
2.000000000000000111e-01 4.579248000000000172e-03
2.999999999999999889e-01 6.090854300000000249e-03
4.000000000000000222e-01 7.745174799999999041e-03
5.000000000000000000e-01 9.477290100000000661e-03
5.999999999999999778e-01 1.126565839999999971e-02
6.999999999999999556e-01 1.309794149999999983e-02
8.000000000000000444e-01 1.497530350000000031e-02
9.000000000000000222e-01 1.689874350000000053e-02
1.000000000000000000e+00 1.887269899999999972e-02
1.100000000000000089e+00 2.090872590000000114e-02
1.199999999999999956e+00 2.301233490000000048e-02
1.300000000000000044e+00 2.520007309999999778e-02
1.399999999999999911e+00 2.748333589999999924e-02
1.500000000000000000e+00 2.987110299999999607e-02
1.600000000000000089e+00 3.235938759999999748e-02
1.699999999999999956e+00 3.490969920000000504e-02
1.800000000000000044e+00 3.744499819999999590e-02
1.899999999999999911e+00 3.987458669999999900e-02
2.000000000000000000e+00 4.216419750000000022e-02
2.095000000000000195e+00 4.426498269999999680e-02
2.194999999999999840e+00 4.651125890000000485e-02
2.294999999999999929e+00 4.889954099999999776e-02
2.395000000000000018e+00 5.150103949999999819e-02
2.495000000000000107e+00 5.435816339999999941e-02
2.595000000000000195e+00 5.749765280000000006e-02
2.694999999999999840e+00 6.093506700000000248e-02
2.794999999999999929e+00 6.466590980000000433e-02
2.895000000000000018e+00 6.867013909999999943e-02
2.995000000000000107e+00 7.292789660000000007e-02
3.095000000000000195e+00 7.744947729999999975e-02
3.194999999999999840e+00 8.226290149999999912e-02
3.294999999999999929e+00 8.738333580000000322e-02
3.395000000000000018e+00 9.282710160000000321e-02
3.495000000000000107e+00 9.860899070000000988e-02
3.595000000000000195e+00 1.047434713999999961e-01
3.694999999999999840e+00 1.112044060999999862e-01
3.794999999999999929e+00 1.178535572999999947e-01
3.895000000000000018e+00 1.244022382999999954e-01
3.995000000000000107e+00 1.304709816000000078e-01
4.089999999999999858e+00 1.354718296999999905e-01
4.190000000000000391e+00 1.398030661999999924e-01
4.290000000000000036e+00 1.434188579999999824e-01
4.389999999999999680e+00 1.468955358000000044e-01
4.490000000000000213e+00 1.508487332999999819e-01
4.589999999999999858e+00 1.556988136000000134e-01
4.690000000000000391e+00 1.616349811000000192e-01
4.790000000000000036e+00 1.687635294000000008e-01
4.889999999999999680e+00 1.772935248999999991e-01
4.990000000000000213e+00 1.875534227999999803e-01
5.089999999999999858e+00 1.998674418999999980e-01
5.190000000000000391e+00 2.144224869999999949e-01
5.290000000000000036e+00 2.312627148999999993e-01
5.389999999999999680e+00 2.504541913000000175e-01
5.490000000000000213e+00 2.723176628999999793e-01
5.589999999999999858e+00 2.974199173000000029e-01
5.690000000000000391e+00 3.261224057000000065e-01
5.790000000000000036e+00 3.580564968000000126e-01
5.889999999999999680e+00 3.919691308999999624e-01
5.990000000000000213e+00 4.264125691999999801e-01
6.084999999999999964e+00 4.588834210999999663e-01
6.184999999999999609e+00 4.918883665000000072e-01
6.285000000000000142e+00 5.204151025000000041e-01
6.384999999999999787e+00 5.388246697999999890e-01
6.485000000000000320e+00 5.436067199999999877e-01
6.584999999999999964e+00 5.374231844000000313e-01
6.684999999999999609e+00 5.274162649999999397e-01
6.785000000000000142e+00 5.203998695000000563e-01
6.884999999999999787e+00 5.201580029000000271e-01
6.985000000000000320e+00 5.274842931000000013e-01
7.084999999999999964e+00 5.410976627000000372e-01
7.184999999999999609e+00 5.587678094999999345e-01
7.285000000000000142e+00 5.788463349999999341e-01
7.384999999999999787e+00 6.013584570000000129e-01
7.485000000000000320e+00 6.276872788999999786e-01
7.584999999999999964e+00 6.595377600999999812e-01
7.684999999999999609e+00 6.981010991000000665e-01
7.785000000000000142e+00 7.435361722000000118e-01
7.884999999999999787e+00 7.948349514999999421e-01
7.985000000000000320e+00 8.507537352000000830e-01
8.080000000000000071e+00 9.078460900000000500e-01
8.179999999999999716e+00 9.722053509999999399e-01
8.279999999999999361e+00 1.040194258300000119e+00
8.380000000000000782e+00 1.110291280300000016e+00
8.480000000000000426e+00 1.180671309800000124e+00
8.580000000000000071e+00 1.249465379600000148e+00
8.679999999999999716e+00 1.315328429500000063e+00
8.779999999999999361e+00 1.377246369799999925e+00
8.880000000000000782e+00 1.433807241999999871e+00
8.980000000000000426e+00 1.483770623399999877e+00
9.080000000000000071e+00 1.527624471300000009e+00
9.179999999999999716e+00 1.569099055400000164e+00
9.279999999999999361e+00 1.613797309100000188e+00
9.380000000000000782e+00 1.664243496300000125e+00
9.480000000000000426e+00 1.717107516400000033e+00
9.580000000000000071e+00 1.767049787399999961e+00
9.679999999999999716e+00 1.813226726099999908e+00
9.779999999999999361e+00 1.861526361399999940e+00
9.880000000000000782e+00 1.921472657700000086e+00
9.980000000000000426e+00 2.001416932799999771e+00
1.007499999999999929e+01 2.098772788899999853e+00
1.017500000000000071e+01 2.218900103900000254e+00
1.027500000000000036e+01 2.343114766999999876e+00
1.037500000000000000e+01 2.452597095399999816e+00
1.047499999999999964e+01 2.536631187800000298e+00
1.057499999999999929e+01 2.603309218799999769e+00
1.067500000000000071e+01 2.674750670099999894e+00
1.077500000000000036e+01 2.771845856300000133e+00
1.087500000000000000e+01 2.901790159899999999e+00
1.097499999999999964e+01 3.053707936500000386e+00
1.107499999999999929e+01 3.205057330899999890e+00
1.117500000000000071e+01 3.338788790999999812e+00
1.127500000000000036e+01 3.457943890500000172e+00
1.137500000000000000e+01 3.582006659699999762e+00
1.147499999999999964e+01 3.731968657400000389e+00
1.157499999999999929e+01 3.920611984299999797e+00
1.167500000000000071e+01 4.153837739100000093e+00
1.177500000000000036e+01 4.439453942200000114e+00
1.187500000000000000e+01 4.793435061900000349e+00
1.197499999999999964e+01 5.235501349499999790e+00
1.207000000000000028e+01 5.745147290899999426e+00
1.216999999999999993e+01 6.360626458199999611e+00
1.226999999999999957e+01 7.010117741300000205e+00
1.236999999999999922e+01 7.622124452599999600e+00
1.247000000000000064e+01 8.123262159099999380e+00
1.257000000000000028e+01 8.459343201199999385e+00
1.266999999999999993e+01 8.602230291899999770e+00
1.276999999999999957e+01 8.565803815599998927e+00
1.286999999999999922e+01 8.415013975999999118e+00
1.297000000000000064e+01 8.223632221199999037e+00
1.307000000000000028e+01 8.024688159200000115e+00
1.316999999999999993e+01 7.814858080799999662e+00
1.326999999999999957e+01 7.601808023000000247e+00
1.336999999999999922e+01 7.425033298000000670e+00
1.347000000000000064e+01 7.328827289799999534e+00
1.357000000000000028e+01 7.328888010100000017e+00
1.366999999999999993e+01 7.414424152500000531e+00
1.376999999999999957e+01 7.570409435600000236e+00
1.386999999999999922e+01 7.788221101799999602e+00
1.397000000000000064e+01 8.060602073700000147e+00
1.406499999999999950e+01 8.356147771399999868e+00
1.416499999999999915e+01 8.682337047800000818e+00
1.426500000000000057e+01 8.997434658799999596e+00
1.436500000000000021e+01 9.275914189399999898e+00
1.446499999999999986e+01 9.484838595799999439e+00
1.456499999999999950e+01 9.578829618600000373e+00
1.466499999999999915e+01 9.519280372799999057e+00
1.476500000000000057e+01 9.297347837499998491e+00
1.486500000000000021e+01 8.939426055700000262e+00
1.496499999999999986e+01 8.494118076100001247e+00
1.506499999999999950e+01 8.006257005700000207e+00
1.516499999999999915e+01 7.497594882700000518e+00
1.526500000000000057e+01 6.973725299999999905e+00
1.536500000000000021e+01 6.448017579900000129e+00
1.546499999999999986e+01 5.948237536700000661e+00
1.556499999999999950e+01 5.503060941300000231e+00
1.566499999999999915e+01 5.127864090899999283e+00
1.576500000000000057e+01 4.819762822799999569e+00
1.586500000000000021e+01 4.562090102099999989e+00
1.596499999999999986e+01 4.338143012499999784e+00
1.605999999999999872e+01 4.151901460899999563e+00
1.616000000000000014e+01 3.986995124999999973e+00
1.626000000000000156e+01 3.855814875300000111e+00
1.635999999999999943e+01 3.751272679900000018e+00
1.646000000000000085e+01 3.658041445599999886e+00
1.655999999999999872e+01 3.562659564200000073e+00
1.666000000000000014e+01 3.464749269299999934e+00
1.676000000000000156e+01 3.376748924300000176e+00
1.685999999999999943e+01 3.315703336699999948e+00
1.696000000000000085e+01 3.296013642499999730e+00
1.705999999999999872e+01 3.323139956999999978e+00
1.716000000000000014e+01 3.389383976199999537e+00
1.726000000000000156e+01 3.474256971800000038e+00
1.735999999999999943e+01 3.548814426799999922e+00
1.746000000000000085e+01 3.583998316899999814e+00
1.755999999999999872e+01 3.565246148900000023e+00
1.766000000000000014e+01 3.504137725200000109e+00
1.776000000000000156e+01 3.430764852599999859e+00
1.785999999999999943e+01 3.374669328600000018e+00
1.796000000000000085e+01 3.352936337400000077e+00
1.805499999999999972e+01 3.366088582200000179e+00
1.815500000000000114e+01 3.405316141100000138e+00
1.825499999999999901e+01 3.451860080099999895e+00
1.835500000000000043e+01 3.483949658500000268e+00
1.845499999999999829e+01 3.485016735499999907e+00
1.855499999999999972e+01 3.450707921299999814e+00
1.865500000000000114e+01 3.385976313000000015e+00
1.875499999999999901e+01 3.295758825700000116e+00
1.885500000000000043e+01 3.182039016099999618e+00
1.895499999999999829e+01 3.046869805200000059e+00
1.905499999999999972e+01 2.893917332100000017e+00
1.915500000000000114e+01 2.727816735899999845e+00
1.925499999999999901e+01 2.554102283699999809e+00
1.935500000000000043e+01 2.378503291199999925e+00
1.945499999999999829e+01 2.205425028000000065e+00
1.955499999999999972e+01 2.038499234400000137e+00
1.965500000000000114e+01 1.881756184999999970e+00
1.975499999999999901e+01 1.737928208800000096e+00
1.985500000000000043e+01 1.606410309299999950e+00
1.995499999999999829e+01 1.484363887699999829e+00
2.005000000000000071e+01 1.374980258799999966e+00
2.014999999999999858e+01 1.266434618000000123e+00
2.025000000000000000e+01 1.166320700099999996e+00
2.035000000000000142e+01 1.076667091000000021e+00
2.044999999999999929e+01 9.984383145999999876e-01
2.055000000000000071e+01 9.313772593999999350e-01
2.064999999999999858e+01 8.745937294000000195e-01
2.075000000000000000e+01 8.269296705999999997e-01
2.085000000000000142e+01 7.868778837000001136e-01
2.094999999999999929e+01 7.526110646000000459e-01
2.105000000000000071e+01 7.223196628000000397e-01
2.114999999999999858e+01 6.940863655000000243e-01
2.125000000000000000e+01 6.659590349999999770e-01
2.135000000000000142e+01 6.367132981999999997e-01
2.144999999999999929e+01 6.067597794000000322e-01
2.155000000000000071e+01 5.777534952999999751e-01
2.164999999999999858e+01 5.511409929999999679e-01
2.175000000000000000e+01 5.272655800000000115e-01
2.185000000000000142e+01 5.056969929000000308e-01
2.194999999999999929e+01 4.858968416999999707e-01
2.204500000000000171e+01 4.684571698999999700e-01
2.214499999999999957e+01 4.514721636000000315e-01
2.224500000000000099e+01 4.357876975000000153e-01
2.234499999999999886e+01 4.210649451999999848e-01
2.244500000000000028e+01 4.069765597000000179e-01
2.254500000000000171e+01 3.935680799000000341e-01
2.264499999999999957e+01 3.811406595999999869e-01
2.274500000000000099e+01 3.698511270000000017e-01
2.284499999999999886e+01 3.594423040999999985e-01
2.294500000000000028e+01 3.492705032999999792e-01
2.304500000000000171e+01 3.387172589999999928e-01
2.314499999999999957e+01 3.275894799999999885e-01
2.324500000000000099e+01 3.160696842999999867e-01
2.334499999999999886e+01 3.044970607999999967e-01
2.344500000000000028e+01 2.933996247999999807e-01
2.354500000000000171e+01 2.835209016999999942e-01
2.364499999999999957e+01 2.755402652999999757e-01
2.374500000000000099e+01 2.696807868000000163e-01
2.384499999999999886e+01 2.655579131999999953e-01
2.394500000000000028e+01 2.623382682000000021e-01
2.403999999999999915e+01 2.591975672999999869e-01
2.414000000000000057e+01 2.548710483999999665e-01
2.423999999999999844e+01 2.489057832000000081e-01
2.433999999999999986e+01 2.414447239999999995e-01
2.444000000000000128e+01 2.333079868999999862e-01
2.453999999999999915e+01 2.254773845999999971e-01
2.464000000000000057e+01 2.186227186999999961e-01
2.473999999999999844e+01 2.128733899999999957e-01
2.483999999999999986e+01 2.078239400999999931e-01
2.494000000000000128e+01 2.028584800000000077e-01
2.503999999999999915e+01 1.975884274999999968e-01
2.514000000000000057e+01 1.920212482000000220e-01
2.523999999999999844e+01 1.864460249000000069e-01
2.533999999999999986e+01 1.812811334999999968e-01
2.544000000000000128e+01 1.768938476999999954e-01
2.553999999999999915e+01 1.734185731000000286e-01
2.564000000000000057e+01 1.707318268000000139e-01
2.573999999999999844e+01 1.685898236999999744e-01
2.583999999999999986e+01 1.667587011999999980e-01
2.594000000000000128e+01 1.650613897000000052e-01
2.603500000000000014e+01 1.634729403000000081e-01
2.613500000000000156e+01 1.618442722000000000e-01
2.623499999999999943e+01 1.604245702999999856e-01
2.633500000000000085e+01 1.594658599000000065e-01
2.643499999999999872e+01 1.591534081000000045e-01
2.653500000000000014e+01 1.594411420999999884e-01
2.663500000000000156e+01 1.599725828000000127e-01
2.673499999999999943e+01 1.602568628999999911e-01
2.683500000000000085e+01 1.599941810999999936e-01
2.693499999999999872e+01 1.592453768000000047e-01
2.703500000000000014e+01 1.582964534000000090e-01
2.713500000000000156e+01 1.574315096999999997e-01
2.723499999999999943e+01 1.567668497999999966e-01
2.733500000000000085e+01 1.562261621000000100e-01
2.743499999999999872e+01 1.556475179000000042e-01
2.753500000000000014e+01 1.549654313999999922e-01
2.763500000000000156e+01 1.543239076999999848e-01
2.773499999999999943e+01 1.540606707999999936e-01
2.783500000000000085e+01 1.545094529000000105e-01
2.793499999999999872e+01 1.557019118000000091e-01
2.803000000000000114e+01 1.571972229999999970e-01
2.812999999999999901e+01 1.586826262999999904e-01
2.823000000000000043e+01 1.597566920999999862e-01
2.832999999999999829e+01 1.602387372999999893e-01
2.842999999999999972e+01 1.599643922000000273e-01
2.853000000000000114e+01 1.588538166000000029e-01
2.862999999999999901e+01 1.570402848999999934e-01
2.873000000000000043e+01 1.547614442999999951e-01
2.882999999999999829e+01 1.521345914000000188e-01
2.892999999999999972e+01 1.490747318999999793e-01
2.903000000000000114e+01 1.454445884000000189e-01
2.912999999999999901e+01 1.412773475999999917e-01
2.923000000000000043e+01 1.368696541999999960e-01
2.932999999999999829e+01 1.326902825000000063e-01
2.942999999999999972e+01 1.291989111000000079e-01
2.953000000000000114e+01 1.266619221999999989e-01
2.962999999999999901e+01 1.250569864999999947e-01
2.973000000000000043e+01 1.241240717000000049e-01
2.982999999999999829e+01 1.234956000999999914e-01
2.992999999999999972e+01 1.227656111000000050e-01
3.002499999999999858e+01 1.216121743000000144e-01
3.012500000000000000e+01 1.196497821999999989e-01
3.022500000000000142e+01 1.169111109000000037e-01
3.032499999999999929e+01 1.136620353999999999e-01
3.042500000000000071e+01 1.103247099999999925e-01
3.052499999999999858e+01 1.073345552000000008e-01
3.062500000000000000e+01 1.050196167999999930e-01
3.072500000000000142e+01 1.034995207000000139e-01
3.082499999999999929e+01 1.026358418999999966e-01
3.092500000000000071e+01 1.020820191000000043e-01
3.102499999999999858e+01 1.014186591000000026e-01
3.112500000000000000e+01 1.003279801999999998e-01
3.122500000000000142e+01 9.864702010000001020e-02
3.132499999999999929e+01 9.628893130000000522e-02
3.142500000000000071e+01 9.321031819999998913e-02
3.152499999999999858e+01 8.954184130000000796e-02
3.162500000000000000e+01 8.567298819999999426e-02
3.172500000000000142e+01 8.207532269999999464e-02
3.182499999999999929e+01 7.904708939999999240e-02
3.192500000000000071e+01 7.662795610000000535e-02
3.202000000000000313e+01 7.477726079999999498e-02
3.211999999999999744e+01 7.314722930000000511e-02
3.221999999999999886e+01 7.173688899999999813e-02
3.232000000000000028e+01 7.047478690000000268e-02
3.242000000000000171e+01 6.928173230000000959e-02
3.252000000000000313e+01 6.807915119999999320e-02
3.261999999999999744e+01 6.682760239999999130e-02
3.271999999999999886e+01 6.553444719999999835e-02
3.282000000000000028e+01 6.420250249999999437e-02
3.292000000000000171e+01 6.279318340000000775e-02
3.302000000000000313e+01 6.127382789999999413e-02
3.311999999999999744e+01 5.969934200000000246e-02
3.321999999999999886e+01 5.822258210000000322e-02
3.332000000000000028e+01 5.701163439999999694e-02
3.342000000000000171e+01 5.616967380000000010e-02
3.352000000000000313e+01 5.570992350000000121e-02
3.361999999999999744e+01 5.555798800000000259e-02
3.371999999999999886e+01 5.556504580000000415e-02
3.382000000000000028e+01 5.554371769999999486e-02
3.392000000000000171e+01 5.533969789999999833e-02
3.401500000000000057e+01 5.493463049999999792e-02
3.411500000000000199e+01 5.436867700000000414e-02
3.421500000000000341e+01 5.381861129999999938e-02
3.431499999999999773e+01 5.342185990000000023e-02
3.441499999999999915e+01 5.321786469999999908e-02
3.451500000000000057e+01 5.314567550000000307e-02
3.461500000000000199e+01 5.311501589999999967e-02
3.471500000000000341e+01 5.307837590000000216e-02
3.481499999999999773e+01 5.302544189999999769e-02
3.491499999999999915e+01 5.291391559999999994e-02
3.501500000000000057e+01 5.266171669999999971e-02
3.511500000000000199e+01 5.223555070000000106e-02
3.521500000000000341e+01 5.171731470000000275e-02
3.531499999999999773e+01 5.125415910000000186e-02
3.541499999999999915e+01 5.095467570000000029e-02
3.551500000000000057e+01 5.082857860000000033e-02
3.561500000000000199e+01 5.077640969999999698e-02
3.571500000000000341e+01 5.062674589999999891e-02
3.581499999999999773e+01 5.023030820000000396e-02
3.591499999999999915e+01 4.954640400000000222e-02
3.600999999999999801e+01 4.869821450000000329e-02
3.610999999999999943e+01 4.772306899999999991e-02
3.621000000000000085e+01 4.679539900000000141e-02
3.631000000000000227e+01 4.600589269999999509e-02
3.640999999999999659e+01 4.536104230000000126e-02
3.650999999999999801e+01 4.477408189999999844e-02
3.660999999999999943e+01 4.412411720000000009e-02
3.671000000000000085e+01 4.334068690000000140e-02
3.681000000000000227e+01 4.243662840000000241e-02
3.690999999999999659e+01 4.147574279999999974e-02
3.700999999999999801e+01 4.052027279999999981e-02
3.710999999999999943e+01 3.959392910000000126e-02
3.721000000000000085e+01 3.869008969999999936e-02
3.731000000000000227e+01 3.780616080000000212e-02
3.740999999999999659e+01 3.695427300000000276e-02
3.750999999999999801e+01 3.613753840000000217e-02
3.760999999999999943e+01 3.533241670000000084e-02
3.771000000000000085e+01 3.450687300000000041e-02
3.781000000000000227e+01 3.365439010000000064e-02
3.790999999999999659e+01 3.280149350000000075e-02
3.800500000000000256e+01 3.202079830000000016e-02
3.810499999999999687e+01 3.124525430000000062e-02
3.820499999999999829e+01 3.051729770000000119e-02
3.830499999999999972e+01 2.983572249999999829e-02
3.840500000000000114e+01 2.920301010000000280e-02
3.850500000000000256e+01 2.862885140000000217e-02
3.860499999999999687e+01 2.813244360000000110e-02
3.870499999999999829e+01 2.773389080000000090e-02
3.880499999999999972e+01 2.743680609999999895e-02
3.890500000000000114e+01 2.721807350000000209e-02
3.900500000000000256e+01 2.703621399999999939e-02
3.910499999999999687e+01 2.685636559999999770e-02
3.920499999999999829e+01 2.667058819999999775e-02
3.930499999999999972e+01 2.649231440000000132e-02
3.940500000000000114e+01 2.633426080000000197e-02
3.950500000000000256e+01 2.619797440000000074e-02
3.960499999999999687e+01 2.607964599999999800e-02
3.970499999999999829e+01 2.597035350000000131e-02
3.980499999999999972e+01 2.584843870000000030e-02
3.990500000000000114e+01 2.568771019999999822e-02
