1.000000000000000056e-01 2.847047000000000119e-03
2.000000000000000111e-01 4.237779500000000282e-03
2.999999999999999889e-01 5.827347400000000219e-03
4.000000000000000222e-01 7.518738199999999705e-03
5.000000000000000000e-01 9.264773800000000725e-03
5.999999999999999778e-01 1.105437329999999982e-02
6.999999999999999556e-01 1.287962969999999902e-02
8.000000000000000444e-01 1.474154979999999990e-02
9.000000000000000222e-01 1.664251149999999846e-02
1.000000000000000000e+00 1.858723160000000027e-02
1.100000000000000089e+00 2.058425709999999950e-02
1.199999999999999956e+00 2.264287170000000085e-02
1.300000000000000044e+00 2.477198559999999744e-02
1.399999999999999911e+00 2.698602320000000054e-02
1.500000000000000000e+00 2.929780369999999967e-02
1.600000000000000089e+00 3.170329880000000156e-02
1.699999999999999956e+00 3.418344190000000005e-02
1.800000000000000044e+00 3.668135460000000042e-02
1.899999999999999911e+00 3.911937139999999841e-02
2.000000000000000000e+00 4.144720620000000300e-02
2.095000000000000195e+00 4.358939419999999926e-02
2.194999999999999840e+00 4.586313860000000575e-02
2.294999999999999929e+00 4.825839449999999586e-02
2.395000000000000018e+00 5.085059070000000347e-02
2.495000000000000107e+00 5.368598640000000338e-02
2.595000000000000195e+00 5.679115499999999594e-02
2.694999999999999840e+00 6.017810690000000018e-02
2.794999999999999929e+00 6.383551900000000723e-02
2.895000000000000018e+00 6.773444409999999916e-02
2.995000000000000107e+00 7.182699100000000669e-02
3.095000000000000195e+00 7.609796170000000803e-02
3.194999999999999840e+00 8.056823439999999392e-02
3.294999999999999929e+00 8.525688369999999405e-02
3.395000000000000018e+00 9.015552639999999118e-02
3.495000000000000107e+00 9.525515910000000031e-02
3.595000000000000195e+00 1.005782778000000044e-01
3.694999999999999840e+00 1.061653961000000035e-01
3.794999999999999929e+00 1.120227259000000086e-01
3.895000000000000018e+00 1.180135424999999988e-01
3.995000000000000107e+00 1.238480772000000035e-01
4.089999999999999858e+00 1.289231550000000115e-01
4.190000000000000391e+00 1.335206788000000144e-01
4.290000000000000036e+00 1.373960656999999863e-01
4.389999999999999680e+00 1.409558488999999859e-01
4.490000000000000213e+00 1.447820298999999977e-01
4.589999999999999858e+00 1.493458555000000132e-01
4.690000000000000391e+00 1.548885268000000093e-01
4.790000000000000036e+00 1.615017481999999893e-01
4.889999999999999680e+00 1.693130922000000149e-01
4.990000000000000213e+00 1.785885610000000068e-01
5.089999999999999858e+00 1.896826805999999865e-01
5.190000000000000391e+00 2.029255185000000128e-01
5.290000000000000036e+00 2.185399373000000145e-01
5.389999999999999680e+00 2.366359453000000113e-01
5.490000000000000213e+00 2.573284858000000064e-01
5.589999999999999858e+00 2.809324086000000165e-01
5.690000000000000391e+00 3.079328768999999855e-01
5.790000000000000036e+00 3.385878490000000518e-01
5.889999999999999680e+00 3.723499086000000013e-01
5.990000000000000213e+00 4.077510874999999979e-01
6.084999999999999964e+00 4.412886716999999681e-01
6.184999999999999609e+00 4.750234342999999915e-01
6.285000000000000142e+00 5.047817615999999896e-01
6.384999999999999787e+00 5.259278965999999444e-01
6.485000000000000320e+00 5.338147575999999672e-01
6.584999999999999964e+00 5.286132339000000346e-01
6.684999999999999609e+00 5.161663093999999674e-01
6.785000000000000142e+00 5.038359291000000795e-01
6.884999999999999787e+00 4.967872747000000588e-01
6.985000000000000320e+00 4.972607239999999873e-01
7.084999999999999964e+00 5.054007657999999292e-01
7.184999999999999609e+00 5.200636199999999487e-01
7.285000000000000142e+00 5.394634917999999724e-01
7.384999999999999787e+00 5.620720690000000630e-01
7.485000000000000320e+00 5.872813855999999832e-01
7.584999999999999964e+00 6.155684274999999595e-01
7.684999999999999609e+00 6.480355974000000518e-01
7.785000000000000142e+00 6.856581147000000431e-01
7.884999999999999787e+00 7.284927056000000123e-01
7.985000000000000320e+00 7.754645577000000012e-01
8.080000000000000071e+00 8.227963039000000256e-01
8.179999999999999716e+00 8.750014010000000120e-01
8.279999999999999361e+00 9.296746124999999417e-01
8.380000000000000782e+00 9.869678119000000471e-01
8.480000000000000426e+00 1.047291473800000094e+00
8.580000000000000071e+00 1.111105486000000031e+00
8.679999999999999716e+00 1.178461326599999914e+00
8.779999999999999361e+00 1.248692271499999951e+00
8.880000000000000782e+00 1.320167011000000112e+00
8.980000000000000426e+00 1.390650536199999898e+00
9.080000000000000071e+00 1.458485171400000002e+00
9.179999999999999716e+00 1.523867450400000045e+00
9.279999999999999361e+00 1.588760759599999961e+00
9.380000000000000782e+00 1.654783938600000059e+00
9.480000000000000426e+00 1.720901915299999807e+00
9.580000000000000071e+00 1.784107885600000110e+00
9.679999999999999716e+00 1.842741091099999950e+00
9.779999999999999361e+00 1.899609784699999970e+00
9.880000000000000782e+00 1.962660592100000212e+00
9.980000000000000426e+00 2.041347706299999842e+00
1.007499999999999929e+01 2.135656256199999881e+00
1.017500000000000071e+01 2.253848198900000099e+00
1.027500000000000036e+01 2.381490730099999897e+00
1.037500000000000000e+01 2.502417584999999889e+00
1.047499999999999964e+01 2.602470051400000095e+00
1.057499999999999929e+01 2.680774720600000105e+00
1.067500000000000071e+01 2.752003168999999971e+00
1.077500000000000036e+01 2.836168339399999905e+00
1.087500000000000000e+01 2.947572187200000027e+00
1.097499999999999964e+01 3.088410673600000322e+00
1.107499999999999929e+01 3.246944320299999909e+00
1.117500000000000071e+01 3.405037502499999924e+00
1.127500000000000036e+01 3.554549814800000096e+00
1.137500000000000000e+01 3.706652532699999725e+00
1.147499999999999964e+01 3.881594743399999992e+00
1.157499999999999929e+01 4.092572584000000013e+00
1.167500000000000071e+01 4.341648132499999591e+00
1.177500000000000036e+01 4.628998186499999612e+00
1.187500000000000000e+01 4.964559858300000350e+00
1.197499999999999964e+01 5.370058849399999445e+00
1.207000000000000028e+01 5.842640236500000306e+00
1.216999999999999993e+01 6.443807457800000194e+00
1.226999999999999957e+01 7.140054040400000801e+00
1.236999999999999922e+01 7.886486187900000111e+00
1.247000000000000064e+01 8.592410652299999896e+00
1.257000000000000028e+01 9.131456667100000146e+00
1.266999999999999993e+01 9.407593807799999652e+00
1.276999999999999957e+01 9.423063400100000209e+00
1.286999999999999922e+01 9.247061406500000302e+00
1.297000000000000064e+01 8.946506415600000039e+00
1.307000000000000028e+01 8.570328881800000076e+00
1.316999999999999993e+01 8.173154382899999959e+00
1.326999999999999957e+01 7.811668992099999542e+00
1.336999999999999922e+01 7.532558952800000540e+00
1.347000000000000064e+01 7.365886267000000487e+00
1.357000000000000028e+01 7.322490709699999378e+00
1.366999999999999993e+01 7.398515435700000253e+00
1.376999999999999957e+01 7.585913742800000747e+00
1.386999999999999922e+01 7.873018175500000382e+00
1.397000000000000064e+01 8.237710404399999575e+00
1.406499999999999950e+01 8.627035812900000877e+00
1.416499999999999915e+01 9.046241263000000643e+00
1.426500000000000057e+01 9.429511255999999619e+00
1.436500000000000021e+01 9.716718845000000826e+00
1.446499999999999986e+01 9.843277053999999637e+00
1.456499999999999950e+01 9.770896498400000851e+00
1.466499999999999915e+01 9.520870253900000080e+00
1.476500000000000057e+01 9.158625909799999576e+00
1.486500000000000021e+01 8.742361694999999600e+00
1.496499999999999986e+01 8.299172942500000261e+00
1.506499999999999950e+01 7.834364675399999811e+00
1.516499999999999915e+01 7.351393862199999241e+00
1.526500000000000057e+01 6.861522403499999534e+00
1.536500000000000021e+01 6.379314392300000414e+00
1.546499999999999986e+01 5.913716813399999772e+00
1.556499999999999950e+01 5.470953879799999697e+00
1.566499999999999915e+01 5.059520879199999932e+00
1.576500000000000057e+01 4.689799978099999933e+00
1.586500000000000021e+01 4.370523248699999641e+00
1.596499999999999986e+01 4.107150207600000158e+00
1.605999999999999872e+01 3.909887255400000150e+00
1.616000000000000014e+01 3.753892199100000049e+00
1.626000000000000156e+01 3.640625946100000121e+00
1.635999999999999943e+01 3.554204353799999883e+00
1.646000000000000085e+01 3.475266583199999815e+00
1.655999999999999872e+01 3.387672919099999902e+00
1.666000000000000014e+01 3.288194991800000189e+00
1.676000000000000156e+01 3.188769584100000110e+00
1.685999999999999943e+01 3.109162299700000354e+00
1.696000000000000085e+01 3.067469662600000202e+00
1.705999999999999872e+01 3.073782718199999930e+00
1.716000000000000014e+01 3.128479622500000001e+00
1.726000000000000156e+01 3.222841361299999985e+00
1.735999999999999943e+01 3.339614766099999965e+00
1.746000000000000085e+01 3.453337487500000247e+00
1.755999999999999872e+01 3.535653236699999979e+00
1.766000000000000014e+01 3.566608250899999888e+00
1.776000000000000156e+01 3.544169725999999798e+00
1.785999999999999943e+01 3.486882344399999667e+00
1.796000000000000085e+01 3.426476161100000084e+00
1.805499999999999972e+01 3.391892622299999882e+00
1.815500000000000114e+01 3.390575613800000276e+00
1.825499999999999901e+01 3.419768665600000368e+00
1.835500000000000043e+01 3.462274980700000171e+00
1.845499999999999829e+01 3.496262695900000050e+00
1.855499999999999972e+01 3.503914474300000137e+00
1.865500000000000114e+01 3.475310567599999789e+00
1.875499999999999901e+01 3.406925743700000009e+00
1.885500000000000043e+01 3.302003631699999886e+00
1.895499999999999829e+01 3.169524410800000247e+00
1.905499999999999972e+01 3.017839771000000226e+00
1.915500000000000114e+01 2.851883578400000285e+00
1.925499999999999901e+01 2.676244950400000100e+00
1.935500000000000043e+01 2.496560565000000231e+00
1.945499999999999829e+01 2.317820357500000039e+00
1.955499999999999972e+01 2.144022386100000066e+00
1.965500000000000114e+01 1.979242494200000202e+00
1.975499999999999901e+01 1.826175393300000005e+00
1.985500000000000043e+01 1.684349828200000010e+00
1.995499999999999829e+01 1.552344938300000088e+00
2.005000000000000071e+01 1.436613547899999954e+00
2.014999999999999858e+01 1.326956407399999982e+00
2.025000000000000000e+01 1.230604592299999966e+00
2.035000000000000142e+01 1.146309619499999988e+00
2.044999999999999929e+01 1.071411552199999839e+00
2.055000000000000071e+01 1.003326517799999928e+00
2.064999999999999858e+01 9.408850235000000284e-01
2.075000000000000000e+01 8.842229929000000599e-01
2.085000000000000142e+01 8.336133473000000293e-01
2.094999999999999929e+01 7.885427925000000338e-01
2.105000000000000071e+01 7.478254462999999186e-01
2.114999999999999858e+01 7.102682406000000448e-01
2.125000000000000000e+01 6.751163949000000830e-01
2.135000000000000142e+01 6.422241039999999623e-01
2.144999999999999929e+01 6.117105159000000292e-01
2.155000000000000071e+01 5.832754121000000014e-01
2.164999999999999858e+01 5.561186699000000289e-01
2.175000000000000000e+01 5.296492670999999319e-01
2.185000000000000142e+01 5.040475583000000315e-01
2.194999999999999929e+01 4.800440321000000177e-01
2.204500000000000171e+01 4.593366710999999825e-01
2.214499999999999957e+01 4.399800328999999843e-01
2.224500000000000099e+01 4.228961930000000313e-01
2.234499999999999886e+01 4.075720727000000099e-01
2.244500000000000028e+01 3.935043312000000015e-01
2.254500000000000171e+01 3.805494144000000079e-01
2.264499999999999957e+01 3.688276684999999833e-01
2.274500000000000099e+01 3.582278183000000005e-01
2.284499999999999886e+01 3.482429419000000470e-01
2.294500000000000028e+01 3.383995247000000095e-01
2.304500000000000171e+01 3.286601588000000462e-01
2.314499999999999957e+01 3.193977350000000159e-01
2.324500000000000099e+01 3.110145263999999909e-01
2.334499999999999886e+01 3.035831452999999680e-01
2.344500000000000028e+01 2.967957353999999826e-01
2.354500000000000171e+01 2.901400671000000098e-01
2.364499999999999957e+01 2.830855944999999818e-01
2.374500000000000099e+01 2.752360772999999927e-01
2.384499999999999886e+01 2.665166956999999726e-01
2.394500000000000028e+01 2.572902871000000147e-01
2.403999999999999915e+01 2.486746287000000111e-01
2.414000000000000057e+01 2.404115864000000158e-01
2.423999999999999844e+01 2.333401947999999837e-01
2.433999999999999986e+01 2.274702848000000055e-01
2.444000000000000128e+01 2.224801724999999897e-01
2.453999999999999915e+01 2.178668180999999981e-01
2.464000000000000057e+01 2.131571782999999998e-01
2.473999999999999844e+01 2.080368583000000160e-01
2.483999999999999986e+01 2.024853825000000052e-01
2.494000000000000128e+01 1.968383713999999896e-01
2.503999999999999915e+01 1.915929479000000046e-01
2.514000000000000057e+01 1.870722801999999962e-01
2.523999999999999844e+01 1.832832983000000082e-01
2.533999999999999986e+01 1.800167024999999865e-01
2.544000000000000128e+01 1.770062243000000146e-01
2.553999999999999915e+01 1.740208269999999890e-01
2.564000000000000057e+01 1.709158056999999786e-01
2.573999999999999844e+01 1.676473568000000081e-01
2.583999999999999986e+01 1.642570321000000055e-01
2.594000000000000128e+01 1.608443546999999973e-01
2.603500000000000014e+01 1.576956556999999925e-01
2.613500000000000156e+01 1.545976426000000015e-01
2.623499999999999943e+01 1.518438742999999869e-01
2.633500000000000085e+01 1.495718131000000062e-01
2.643499999999999872e+01 1.479027475999999952e-01
2.653500000000000014e+01 1.468989424000000099e-01
2.663500000000000156e+01 1.465416375999999965e-01
2.673499999999999943e+01 1.467078293000000089e-01
2.683500000000000085e+01 1.471341318999999925e-01
2.693499999999999872e+01 1.474731810999999893e-01
2.703500000000000014e+01 1.474453407999999910e-01
2.713500000000000156e+01 1.469812973999999883e-01
2.723499999999999943e+01 1.461737382999999946e-01
2.733500000000000085e+01 1.451559042999999993e-01
2.743499999999999872e+01 1.440382137999999812e-01
2.753500000000000014e+01 1.428862368000000105e-01
2.763500000000000156e+01 1.416972371999999925e-01
2.773499999999999943e+01 1.404305163000000023e-01
2.783500000000000085e+01 1.391292486999999856e-01
2.793499999999999872e+01 1.379965223000000074e-01
2.803000000000000114e+01 1.373393346000000015e-01
2.812999999999999901e+01 1.372781435000000050e-01
2.823000000000000043e+01 1.378145017000000083e-01
2.832999999999999829e+01 1.386902636000000022e-01
2.842999999999999972e+01 1.395868667000000063e-01
2.853000000000000114e+01 1.402190844999999797e-01
2.862999999999999901e+01 1.403491490000000064e-01
2.873000000000000043e+01 1.398904266000000063e-01
2.882999999999999829e+01 1.390271069000000026e-01
2.892999999999999972e+01 1.381055388999999911e-01
2.903000000000000114e+01 1.373659902999999904e-01
2.912999999999999901e+01 1.367910271999999983e-01
2.923000000000000043e+01 1.361333581999999987e-01
2.932999999999999829e+01 1.350332053000000143e-01
2.942999999999999972e+01 1.331914697000000092e-01
2.953000000000000114e+01 1.305201874999999956e-01
2.962999999999999901e+01 1.272249155000000076e-01
2.973000000000000043e+01 1.237555505000000056e-01
2.982999999999999829e+01 1.205508393999999983e-01
2.992999999999999972e+01 1.177609974000000115e-01
3.002499999999999858e+01 1.153653554999999886e-01
3.012500000000000000e+01 1.129180568999999940e-01
3.022500000000000142e+01 1.104395563999999996e-01
3.032499999999999929e+01 1.078237769000000013e-01
3.042500000000000071e+01 1.048695716000000028e-01
3.052499999999999858e+01 1.014411400000000130e-01
3.062500000000000000e+01 9.770071300000000847e-02
3.072500000000000142e+01 9.405698440000000160e-02
3.082499999999999929e+01 9.089319849999999423e-02
3.092500000000000071e+01 8.840692199999999890e-02
3.102499999999999858e+01 8.664781969999998945e-02
3.112500000000000000e+01 8.558997520000000137e-02
3.122500000000000142e+01 8.514423779999999442e-02
3.132499999999999929e+01 8.514695679999999267e-02
3.142500000000000071e+01 8.537146019999999891e-02
3.152499999999999858e+01 8.552471130000000032e-02
3.162500000000000000e+01 8.524752480000000188e-02
3.172500000000000142e+01 8.419332790000000344e-02
3.182499999999999929e+01 8.220044629999999353e-02
3.192500000000000071e+01 7.942485099999999076e-02
3.202000000000000313e+01 7.644418599999999731e-02
3.211999999999999744e+01 7.339537470000000174e-02
3.221999999999999886e+01 7.076310080000000613e-02
3.232000000000000028e+01 6.867325999999999986e-02
3.242000000000000171e+01 6.707390430000000070e-02
3.252000000000000313e+01 6.580422639999999879e-02
3.261999999999999744e+01 6.467574710000000004e-02
3.271999999999999886e+01 6.355513630000000913e-02
3.282000000000000028e+01 6.240559109999999771e-02
3.292000000000000171e+01 6.128883190000000702e-02
3.302000000000000313e+01 6.029679670000000213e-02
3.311999999999999744e+01 5.945324750000000047e-02
3.321999999999999886e+01 5.866213270000000118e-02
3.332000000000000028e+01 5.776492030000000139e-02
3.342000000000000171e+01 5.667592980000000363e-02
3.352000000000000313e+01 5.546695919999999891e-02
3.361999999999999744e+01 5.430758319999999528e-02
3.371999999999999886e+01 5.334565049999999420e-02
3.382000000000000028e+01 5.264988389999999963e-02
3.392000000000000171e+01 5.221664609999999984e-02
3.401500000000000057e+01 5.199237789999999748e-02
3.411500000000000199e+01 5.185947309999999755e-02
3.421500000000000341e+01 5.175496510000000133e-02
3.431499999999999773e+01 5.167770890000000089e-02
3.441499999999999915e+01 5.169048240000000127e-02
3.451500000000000057e+01 5.183883119999999761e-02
3.461500000000000199e+01 5.209197709999999898e-02
3.471500000000000341e+01 5.236184850000000224e-02
3.481499999999999773e+01 5.255695589999999362e-02
3.491499999999999915e+01 5.262366259999999574e-02
3.501500000000000057e+01 5.256766840000000329e-02
3.511500000000000199e+01 5.244084450000000008e-02
3.521500000000000341e+01 5.229099430000000437e-02
3.531499999999999773e+01 5.211359159999999491e-02
3.541499999999999915e+01 5.184533709999999962e-02
3.551500000000000057e+01 5.142237239999999932e-02
3.561500000000000199e+01 5.086237860000000083e-02
3.571500000000000341e+01 5.026455189999999573e-02
3.581499999999999773e+01 4.972491399999999506e-02
3.591499999999999915e+01 4.926633650000000059e-02
3.600999999999999801e+01 4.885742960000000190e-02
3.610999999999999943e+01 4.836875449999999965e-02
3.621000000000000085e+01 4.773757030000000401e-02
3.631000000000000227e+01 4.692248309999999534e-02
3.640999999999999659e+01 4.595790430000000482e-02
3.650999999999999801e+01 4.494968640000000099e-02
3.660999999999999943e+01 4.400951770000000041e-02
3.671000000000000085e+01 4.319218760000000101e-02
3.681000000000000227e+01 4.247446159999999915e-02
3.690999999999999659e+01 4.175965899999999759e-02
3.700999999999999801e+01 4.092040700000000586e-02
3.710999999999999943e+01 3.988757460000000310e-02
3.721000000000000085e+01 3.870583159999999717e-02
3.731000000000000227e+01 3.748487520000000350e-02
3.740999999999999659e+01 3.631295770000000228e-02
3.750999999999999801e+01 3.522105320000000483e-02
3.760999999999999943e+01 3.420032450000000390e-02
3.771000000000000085e+01 3.323933560000000287e-02
3.781000000000000227e+01 3.234090289999999590e-02
3.790999999999999659e+01 3.151071219999999895e-02
3.800500000000000256e+01 3.078533270000000099e-02
3.810499999999999687e+01 3.009436470000000086e-02
3.820499999999999829e+01 2.949966500000000130e-02
3.830499999999999972e+01 2.902779520000000127e-02
3.840500000000000114e+01 2.869049170000000093e-02
3.850500000000000256e+01 2.847936210000000246e-02
3.860499999999999687e+01 2.837288940000000023e-02
3.870499999999999829e+01 2.834109840000000047e-02
3.880499999999999972e+01 2.834747019999999881e-02
3.890500000000000114e+01 2.835626750000000071e-02
3.900500000000000256e+01 2.834085110000000157e-02
3.910499999999999687e+01 2.827995780000000167e-02
3.920499999999999829e+01 2.815245129999999901e-02
3.930499999999999972e+01 2.794934930000000234e-02
3.940500000000000114e+01 2.768618009999999907e-02
3.950500000000000256e+01 2.738712709999999856e-02
3.960499999999999687e+01 2.706346319999999861e-02
3.970499999999999829e+01 2.672740419999999895e-02
3.980499999999999972e+01 2.642038630000000110e-02
3.990500000000000114e+01 2.619790250000000181e-02
