1.000000000000000056e-01 4.183785199999999829e-03
2.000000000000000111e-01 4.899568300000000515e-03
2.999999999999999889e-01 6.276557999999999790e-03
4.000000000000000222e-01 7.868450699999999728e-03
5.000000000000000000e-01 9.565778199999999676e-03
5.999999999999999778e-01 1.132887850000000030e-02
6.999999999999999556e-01 1.314748550000000016e-02
8.000000000000000444e-01 1.501598879999999948e-02
9.000000000000000222e-01 1.693742980000000065e-02
1.000000000000000000e+00 1.891866080000000061e-02
1.100000000000000089e+00 2.096506490000000014e-02
1.199999999999999956e+00 2.308894460000000121e-02
1.300000000000000044e+00 2.530545749999999969e-02
1.399999999999999911e+00 2.762726149999999992e-02
1.500000000000000000e+00 3.006119120000000366e-02
1.600000000000000089e+00 3.259668479999999757e-02
1.699999999999999956e+00 3.517984849999999941e-02
1.800000000000000044e+00 3.772090659999999956e-02
1.899999999999999911e+00 4.012060779999999938e-02
2.000000000000000000e+00 4.235759890000000139e-02
2.095000000000000195e+00 4.441090100000000263e-02
2.194999999999999840e+00 4.661978049999999929e-02
2.294999999999999929e+00 4.898575620000000103e-02
2.395000000000000018e+00 5.157430359999999603e-02
2.495000000000000107e+00 5.442172630000000066e-02
2.595000000000000195e+00 5.755305539999999720e-02
2.694999999999999840e+00 6.098072859999999901e-02
2.794999999999999929e+00 6.471820049999998936e-02
2.895000000000000018e+00 6.876563150000000735e-02
2.995000000000000107e+00 7.312693659999999762e-02
3.095000000000000195e+00 7.782608469999999223e-02
3.194999999999999840e+00 8.289006620000000103e-02
3.294999999999999929e+00 8.832971979999999779e-02
3.395000000000000018e+00 9.415066969999999480e-02
3.495000000000000107e+00 1.003750774000000123e-01
3.595000000000000195e+00 1.070170156000000011e-01
3.694999999999999840e+00 1.140321395999999987e-01
3.794999999999999929e+00 1.212295604999999998e-01
3.895000000000000018e+00 1.282585185000000016e-01
3.995000000000000107e+00 1.346803369000000028e-01
4.089999999999999858e+00 1.398496003999999959e-01
4.190000000000000391e+00 1.441859370999999945e-01
4.290000000000000036e+00 1.477141965999999862e-01
4.389999999999999680e+00 1.511000811000000055e-01
4.490000000000000213e+00 1.549943027999999834e-01
4.589999999999999858e+00 1.598100541999999957e-01
4.690000000000000391e+00 1.657660157999999995e-01
4.790000000000000036e+00 1.730656737000000056e-01
4.889999999999999680e+00 1.819997613000000070e-01
4.990000000000000213e+00 1.928540403000000014e-01
5.089999999999999858e+00 2.057671172000000159e-01
5.190000000000000391e+00 2.206712655999999995e-01
5.290000000000000036e+00 2.374683619999999884e-01
5.389999999999999680e+00 2.563572489000000010e-01
5.490000000000000213e+00 2.779671774999999956e-01
5.589999999999999858e+00 3.029927367999999954e-01
5.690000000000000391e+00 3.316506311999999901e-01
5.790000000000000036e+00 3.632990467000000168e-01
5.889999999999999680e+00 3.966049703999999787e-01
5.990000000000000213e+00 4.305518540000000116e-01
6.084999999999999964e+00 4.632597841000000161e-01
6.184999999999999609e+00 4.973860029999999655e-01
6.285000000000000142e+00 5.275030357000000114e-01
6.384999999999999787e+00 5.477209844000000549e-01
6.485000000000000320e+00 5.548976571999999496e-01
6.584999999999999964e+00 5.522234389000000299e-01
6.684999999999999609e+00 5.469131307000000275e-01
6.785000000000000142e+00 5.452843674999999779e-01
6.884999999999999787e+00 5.502274554999999623e-01
6.985000000000000320e+00 5.613748011999999399e-01
7.084999999999999964e+00 5.765638306000000490e-01
7.184999999999999609e+00 5.939993816999999954e-01
7.285000000000000142e+00 6.138277067999999836e-01
7.384999999999999787e+00 6.377921519000000483e-01
7.485000000000000320e+00 6.678950451999999816e-01
7.584999999999999964e+00 7.056393251000000477e-01
7.684999999999999609e+00 7.517349733000000533e-01
7.785000000000000142e+00 8.057902613999999852e-01
7.884999999999999787e+00 8.665601397000000095e-01
7.985000000000000320e+00 9.328568404999999508e-01
8.080000000000000071e+00 1.000006566599999980e+00
8.179999999999999716e+00 1.073113128899999991e+00
8.279999999999999361e+00 1.145529683699999968e+00
8.380000000000000782e+00 1.214136758099999991e+00
8.480000000000000426e+00 1.276333665999999978e+00
8.580000000000000071e+00 1.330345477799999898e+00
8.679999999999999716e+00 1.375927030499999981e+00
8.779999999999999361e+00 1.414245144400000154e+00
8.880000000000000782e+00 1.447015559600000056e+00
8.980000000000000426e+00 1.476123709399999928e+00
9.080000000000000071e+00 1.504670728400000046e+00
9.179999999999999716e+00 1.537836063499999906e+00
9.279999999999999361e+00 1.579858033199999845e+00
9.380000000000000782e+00 1.629143659599999960e+00
9.480000000000000426e+00 1.678262179499999895e+00
9.580000000000000071e+00 1.721058309600000058e+00
9.679999999999999716e+00 1.759307516499999835e+00
9.779999999999999361e+00 1.801792153799999907e+00
9.880000000000000782e+00 1.858862369899999756e+00
9.980000000000000426e+00 1.937792109100000104e+00
1.007499999999999929e+01 2.033901290500000236e+00
1.017500000000000071e+01 2.150206745600000247e+00
1.027500000000000036e+01 2.267460913599999905e+00
1.037500000000000000e+01 2.369418667500000186e+00
1.047499999999999964e+01 2.449332681600000061e+00
1.057499999999999929e+01 2.517175525899999933e+00
1.067500000000000071e+01 2.593761557800000173e+00
1.077500000000000036e+01 2.695185721900000164e+00
1.087500000000000000e+01 2.821417744799999738e+00
1.097499999999999964e+01 2.955600439899999987e+00
1.107499999999999929e+01 3.076353857900000044e+00
1.117500000000000071e+01 3.175840341099999797e+00
1.127500000000000036e+01 3.266996838099999856e+00
1.137500000000000000e+01 3.372943122299999708e+00
1.147499999999999964e+01 3.513347079799999939e+00
1.157499999999999929e+01 3.700895556299999889e+00
1.167500000000000071e+01 3.944778315599999807e+00
1.177500000000000036e+01 4.252374726100000224e+00
1.187500000000000000e+01 4.626782103800000101e+00
1.197499999999999964e+01 5.063436875499999879e+00
1.207000000000000028e+01 5.525122731399999765e+00
1.216999999999999993e+01 6.044872537799999890e+00
1.226999999999999957e+01 6.576193104399999712e+00
1.236999999999999922e+01 7.070093937300000242e+00
1.247000000000000064e+01 7.447197777599999569e+00
1.257000000000000028e+01 7.646667897999999575e+00
1.266999999999999993e+01 7.687906118499999941e+00
1.276999999999999957e+01 7.654315188100000000e+00
1.286999999999999922e+01 7.618651283200000179e+00
1.297000000000000064e+01 7.600101262299999938e+00
1.307000000000000028e+01 7.580026765799999566e+00
1.316999999999999993e+01 7.539942590300000802e+00
1.326999999999999957e+01 7.484646503200000467e+00
1.336999999999999922e+01 7.434445785400000339e+00
1.347000000000000064e+01 7.406556324000000302e+00
1.357000000000000028e+01 7.408679970799999737e+00
1.366999999999999993e+01 7.441872489399999679e+00
1.376999999999999957e+01 7.504683612600000941e+00
1.386999999999999922e+01 7.598316715499999319e+00
1.397000000000000064e+01 7.728533132999999111e+00
1.406499999999999950e+01 7.892605606100000060e+00
1.416499999999999915e+01 8.114660161899999835e+00
1.426500000000000057e+01 8.387106410099999465e+00
1.436500000000000021e+01 8.688425970000000831e+00
1.446499999999999986e+01 8.969290321599999061e+00
1.456499999999999950e+01 9.163852480100000975e+00
1.466499999999999915e+01 9.216915071399998993e+00
1.476500000000000057e+01 9.107044300900000167e+00
1.486500000000000021e+01 8.848311796000000840e+00
1.496499999999999986e+01 8.477695252600000231e+00
1.506499999999999950e+01 8.035794322500001030e+00
1.516499999999999915e+01 7.550391886099999894e+00
1.526500000000000057e+01 7.041612229900000131e+00
1.536500000000000021e+01 6.537225214100000237e+00
1.546499999999999986e+01 6.070621094299999854e+00
1.556499999999999950e+01 5.662459130800000295e+00
1.566499999999999915e+01 5.312764807999999839e+00
1.576500000000000057e+01 5.011578533199999796e+00
1.586500000000000021e+01 4.750873946000000458e+00
1.596499999999999986e+01 4.527823397800000649e+00
1.605999999999999872e+01 4.352378212199999652e+00
1.616000000000000014e+01 4.206992690999999951e+00
1.626000000000000156e+01 4.093919133700000046e+00
1.635999999999999943e+01 3.994415458999999835e+00
1.646000000000000085e+01 3.890913566500000087e+00
1.655999999999999872e+01 3.781055952600000047e+00
1.666000000000000014e+01 3.677219994800000169e+00
1.676000000000000156e+01 3.595072843699999687e+00
1.685999999999999943e+01 3.545456681000000110e+00
1.696000000000000085e+01 3.530997100100000008e+00
1.705999999999999872e+01 3.544558422599999759e+00
1.716000000000000014e+01 3.571378142799999988e+00
1.726000000000000156e+01 3.595017333299999951e+00
1.735999999999999943e+01 3.603274483899999936e+00
1.746000000000000085e+01 3.590931088500000090e+00
1.755999999999999872e+01 3.561136424299999881e+00
1.766000000000000014e+01 3.523838939200000020e+00
1.776000000000000156e+01 3.489248340300000084e+00
1.785999999999999943e+01 3.464178256299999870e+00
1.796000000000000085e+01 3.453767257500000021e+00
1.805499999999999972e+01 3.459703450099999689e+00
1.815500000000000114e+01 3.477843315100000332e+00
1.825499999999999901e+01 3.495629505999999775e+00
1.835500000000000043e+01 3.499606040200000212e+00
1.845499999999999829e+01 3.482792488499999894e+00
1.855499999999999972e+01 3.445346321900000230e+00
1.865500000000000114e+01 3.390416016499999685e+00
1.875499999999999901e+01 3.319337199700000074e+00
1.885500000000000043e+01 3.228184843500000234e+00
1.895499999999999829e+01 3.109647303000000029e+00
1.905499999999999972e+01 2.959807579200000038e+00
1.915500000000000114e+01 2.783652680899999954e+00
1.925499999999999901e+01 2.595219560500000355e+00
1.935500000000000043e+01 2.410451118300000140e+00
1.945499999999999829e+01 2.237008753100000025e+00
1.955499999999999972e+01 2.072004141999999938e+00
1.965500000000000114e+01 1.909472172700000137e+00
1.975499999999999901e+01 1.748734314800000078e+00
1.985500000000000043e+01 1.594939240999999841e+00
1.995499999999999829e+01 1.454023624100000189e+00
2.005000000000000071e+01 1.335089862899999869e+00
2.014999999999999858e+01 1.226305724200000169e+00
2.025000000000000000e+01 1.134052307599999976e+00
2.035000000000000142e+01 1.057603124100000125e+00
2.044999999999999929e+01 9.950808805999999951e-01
2.055000000000000071e+01 9.430614750999999352e-01
2.064999999999999858e+01 8.974599899999999852e-01
2.075000000000000000e+01 8.548408742999999976e-01
2.085000000000000142e+01 8.133988384999999433e-01
2.094999999999999929e+01 7.733316006999999548e-01
2.105000000000000071e+01 7.361522610999999827e-01
2.114999999999999858e+01 7.031397846000000396e-01
2.125000000000000000e+01 6.743630686000000596e-01
2.135000000000000142e+01 6.487703124999999460e-01
2.144999999999999929e+01 6.249301429999999380e-01
2.155000000000000071e+01 6.017921159000000353e-01
2.164999999999999858e+01 5.790415980999999990e-01
2.175000000000000000e+01 5.568900878000000443e-01
2.185000000000000142e+01 5.355275254000000373e-01
2.194999999999999929e+01 5.149149319999999364e-01
2.204500000000000171e+01 4.960929195000000069e-01
2.214499999999999957e+01 4.775056737999999745e-01
2.224500000000000099e+01 4.607042970999999931e-01
2.234499999999999886e+01 4.459692389000000090e-01
2.244500000000000028e+01 4.329779712000000336e-01
2.254500000000000171e+01 4.206618616999999727e-01
2.264499999999999957e+01 4.076296989000000037e-01
2.274500000000000099e+01 3.929414877999999889e-01
2.284499999999999886e+01 3.765926197999999725e-01
2.294500000000000028e+01 3.594878393999999533e-01
2.304500000000000171e+01 3.430521442000000198e-01
2.314499999999999957e+01 3.286812150000000265e-01
2.324500000000000099e+01 3.172790227000000240e-01
2.334499999999999886e+01 3.090307140000000397e-01
2.344500000000000028e+01 3.034080095000000199e-01
2.354500000000000171e+01 2.993418455999999894e-01
2.364499999999999957e+01 2.955628183999999825e-01
2.374500000000000099e+01 2.909866351000000018e-01
2.384499999999999886e+01 2.850505668000000159e-01
2.394500000000000028e+01 2.779390555999999846e-01
2.403999999999999915e+01 2.707503229000000067e-01
2.414000000000000057e+01 2.634888931000000101e-01
2.423999999999999844e+01 2.568934500999999759e-01
2.433999999999999986e+01 2.506744220000000078e-01
2.444000000000000128e+01 2.441592768999999996e-01
2.453999999999999915e+01 2.368983261000000007e-01
2.464000000000000057e+01 2.289654827000000004e-01
2.473999999999999844e+01 2.207349865999999883e-01
2.483999999999999986e+01 2.126064185000000051e-01
2.494000000000000128e+01 2.049851850000000142e-01
2.503999999999999915e+01 1.982695938000000047e-01
2.514000000000000057e+01 1.927443350000000166e-01
2.523999999999999844e+01 1.884737220000000102e-01
2.533999999999999986e+01 1.852944941000000123e-01
2.544000000000000128e+01 1.828692360999999988e-01
2.553999999999999915e+01 1.807955779000000041e-01
2.564000000000000057e+01 1.787545687000000050e-01
2.573999999999999844e+01 1.766638640000000038e-01
2.583999999999999986e+01 1.747026969999999901e-01
2.594000000000000128e+01 1.731795640000000081e-01
2.603500000000000014e+01 1.723711578000000078e-01
2.613500000000000156e+01 1.722249495000000019e-01
2.623499999999999943e+01 1.726158392000000097e-01
2.633500000000000085e+01 1.732793368999999972e-01
2.643499999999999872e+01 1.740084353999999944e-01
2.653500000000000014e+01 1.746511959000000003e-01
2.663500000000000156e+01 1.750594065000000144e-01
2.673499999999999943e+01 1.750709932999999774e-01
2.683500000000000085e+01 1.745818650000000027e-01
2.693499999999999872e+01 1.736438224999999891e-01
2.703500000000000014e+01 1.725067147000000078e-01
2.713500000000000156e+01 1.714718037000000084e-01
2.723499999999999943e+01 1.707122184000000042e-01
2.733500000000000085e+01 1.702602658000000047e-01
2.743499999999999872e+01 1.701797287999999853e-01
2.753500000000000014e+01 1.706652508999999818e-01
2.763500000000000156e+01 1.718459809000000005e-01
2.773499999999999943e+01 1.735853554999999826e-01
2.783500000000000085e+01 1.755045306999999943e-01
2.793499999999999872e+01 1.771905850000000116e-01
2.803000000000000114e+01 1.782794538999999956e-01
2.812999999999999901e+01 1.786583199000000011e-01
2.823000000000000043e+01 1.780843605999999912e-01
2.832999999999999829e+01 1.765282879000000249e-01
2.842999999999999972e+01 1.741630009000000034e-01
2.853000000000000114e+01 1.712828489000000065e-01
2.862999999999999901e+01 1.680446925999999896e-01
2.873000000000000043e+01 1.642844699000000075e-01
2.882999999999999829e+01 1.597145574000000123e-01
2.892999999999999972e+01 1.543409619999999982e-01
2.903000000000000114e+01 1.486071576000000116e-01
2.912999999999999901e+01 1.431664861999999983e-01
2.923000000000000043e+01 1.385488491999999905e-01
2.932999999999999829e+01 1.349718531999999915e-01
2.942999999999999972e+01 1.323556604999999997e-01
2.953000000000000114e+01 1.304608496999999923e-01
2.962999999999999901e+01 1.289932082999999952e-01
2.973000000000000043e+01 1.276570992000000127e-01
2.982999999999999829e+01 1.262200901000000153e-01
2.992999999999999972e+01 1.245633987000000081e-01
3.002499999999999858e+01 1.227921441000000002e-01
3.012500000000000000e+01 1.208467304999999992e-01
3.022500000000000142e+01 1.190376574999999909e-01
3.032499999999999929e+01 1.175920532999999990e-01
3.042500000000000071e+01 1.166425225999999926e-01
3.052499999999999858e+01 1.162130975999999954e-01
3.062500000000000000e+01 1.162422027000000052e-01
3.072500000000000142e+01 1.165350276999999879e-01
3.082499999999999929e+01 1.166677288999999895e-01
3.092500000000000071e+01 1.160045175999999956e-01
3.102499999999999858e+01 1.139420351000000053e-01
3.112500000000000000e+01 1.102399840999999936e-01
3.122500000000000142e+01 1.052181462999999956e-01
3.132499999999999929e+01 9.962604320000000013e-02
3.142500000000000071e+01 9.423807709999999782e-02
3.152499999999999858e+01 8.951688569999999290e-02
3.162500000000000000e+01 8.557885960000000125e-02
3.172500000000000142e+01 8.234175339999999510e-02
3.182499999999999929e+01 7.967266570000000603e-02
3.192500000000000071e+01 7.745399179999999661e-02
3.202000000000000313e+01 7.569178919999999811e-02
3.211999999999999744e+01 7.415227770000000496e-02
3.221999999999999886e+01 7.289799629999998976e-02
3.232000000000000028e+01 7.187277540000000520e-02
3.242000000000000171e+01 7.097203169999999339e-02
3.252000000000000313e+01 7.005284689999999315e-02
3.261999999999999744e+01 6.897642910000000016e-02
3.271999999999999886e+01 6.766490719999999903e-02
3.282000000000000028e+01 6.614974279999999429e-02
3.292000000000000171e+01 6.456026460000000022e-02
3.302000000000000313e+01 6.305604169999999564e-02
3.311999999999999744e+01 6.174968249999999992e-02
3.321999999999999886e+01 6.066649949999999847e-02
3.332000000000000028e+01 5.976477969999999251e-02
3.342000000000000171e+01 5.899830439999999288e-02
3.352000000000000313e+01 5.835693499999999867e-02
3.361999999999999744e+01 5.784375610000000445e-02
3.371999999999999886e+01 5.744390829999999892e-02
3.382000000000000028e+01 5.713469679999999551e-02
3.392000000000000171e+01 5.691634800000000549e-02
3.401500000000000057e+01 5.681379109999999677e-02
3.411500000000000199e+01 5.682193669999999197e-02
3.421500000000000341e+01 5.690157020000000121e-02
3.431499999999999773e+01 5.695767170000000379e-02
3.441499999999999915e+01 5.687782550000000659e-02
3.451500000000000057e+01 5.656397120000000028e-02
3.461500000000000199e+01 5.596677130000000250e-02
3.471500000000000341e+01 5.511114479999999760e-02
3.481499999999999773e+01 5.408696229999999938e-02
3.491499999999999915e+01 5.302149500000000182e-02
3.501500000000000057e+01 5.205180489999999827e-02
3.511500000000000199e+01 5.129330979999999901e-02
3.521500000000000341e+01 5.080587140000000085e-02
3.531499999999999773e+01 5.057217449999999725e-02
3.541499999999999915e+01 5.050733050000000279e-02
3.551500000000000057e+01 5.050562399999999896e-02
3.561500000000000199e+01 5.048597269999999942e-02
3.571500000000000341e+01 5.037855189999999872e-02
3.581499999999999773e+01 5.008823480000000605e-02
3.591499999999999915e+01 4.952702269999999934e-02
3.600999999999999801e+01 4.873359409999999947e-02
3.610999999999999943e+01 4.770498389999999755e-02
3.621000000000000085e+01 4.660292120000000121e-02
3.631000000000000227e+01 4.553459649999999637e-02
3.640999999999999659e+01 4.455551370000000039e-02
3.650999999999999801e+01 4.367718439999999924e-02
3.660999999999999943e+01 4.289259659999999919e-02
3.671000000000000085e+01 4.218703680000000095e-02
3.681000000000000227e+01 4.153559099999999671e-02
3.690999999999999659e+01 4.091938700000000151e-02
3.700999999999999801e+01 4.034118710000000191e-02
3.710999999999999943e+01 3.980496370000000117e-02
3.721000000000000085e+01 3.929726360000000002e-02
3.731000000000000227e+01 3.880500060000000029e-02
3.740999999999999659e+01 3.833093989999999951e-02
3.750999999999999801e+01 3.787367869999999637e-02
3.760999999999999943e+01 3.739315969999999767e-02
3.771000000000000085e+01 3.680880959999999896e-02
3.781000000000000227e+01 3.604651770000000255e-02
3.790999999999999659e+01 3.509250499999999606e-02
3.800500000000000256e+01 3.406383119999999848e-02
3.810499999999999687e+01 3.294784130000000255e-02
3.820499999999999829e+01 3.188296740000000351e-02
3.830499999999999972e+01 3.091309589999999968e-02
3.840500000000000114e+01 3.004962190000000366e-02
3.850500000000000256e+01 2.928923149999999864e-02
3.860499999999999687e+01 2.861966300000000005e-02
3.870499999999999829e+01 2.802469340000000170e-02
3.880499999999999972e+01 2.749313660000000242e-02
3.890500000000000114e+01 2.703020319999999838e-02
3.900500000000000256e+01 2.665434439999999836e-02
3.910499999999999687e+01 2.637594180000000024e-02
3.920499999999999829e+01 2.617881610000000192e-02
3.930499999999999972e+01 2.602450580000000013e-02
3.940500000000000114e+01 2.587172299999999925e-02
3.950500000000000256e+01 2.569567960000000012e-02
3.960499999999999687e+01 2.549659359999999902e-02
3.970499999999999829e+01 2.529295389999999810e-02
3.980499999999999972e+01 2.510515289999999677e-02
3.990500000000000114e+01 2.493720540000000235e-02
