1.000000000000000056e-01 3.174329899999999913e-03
2.000000000000000111e-01 4.456298400000000166e-03
2.999999999999999889e-01 6.036869099999999863e-03
4.000000000000000222e-01 7.742759999999999573e-03
5.000000000000000000e-01 9.516129800000000180e-03
5.999999999999999778e-01 1.133867289999999917e-02
6.999999999999999556e-01 1.320156419999999990e-02
8.000000000000000444e-01 1.510449750000000119e-02
9.000000000000000222e-01 1.704946270000000028e-02
1.000000000000000000e+00 1.904234759999999874e-02
1.100000000000000089e+00 2.109144680000000008e-02
1.199999999999999956e+00 2.320599240000000008e-02
1.300000000000000044e+00 2.539895520000000004e-02
1.399999999999999911e+00 2.768244970000000027e-02
1.500000000000000000e+00 3.006662369999999959e-02
1.600000000000000089e+00 3.254940139999999704e-02
1.699999999999999956e+00 3.510139569999999598e-02
1.800000000000000044e+00 3.765743530000000006e-02
1.899999999999999911e+00 4.013111399999999551e-02
2.000000000000000000e+00 4.247886709999999788e-02
2.095000000000000195e+00 4.463794790000000234e-02
2.194999999999999840e+00 4.693831180000000020e-02
2.294999999999999929e+00 4.937226640000000333e-02
2.395000000000000018e+00 5.201408370000000503e-02
2.495000000000000107e+00 5.490853699999999338e-02
2.595000000000000195e+00 5.808272840000000548e-02
2.694999999999999840e+00 6.154995030000000311e-02
2.794999999999999929e+00 6.529898019999999526e-02
2.895000000000000018e+00 6.930054329999998930e-02
2.995000000000000107e+00 7.350974050000000370e-02
3.095000000000000195e+00 7.792023740000000864e-02
3.194999999999999840e+00 8.255891849999999477e-02
3.294999999999999929e+00 8.744507260000000670e-02
3.395000000000000018e+00 9.257434409999999725e-02
3.495000000000000107e+00 9.794330419999999759e-02
3.595000000000000195e+00 1.035695765999999907e-01
3.694999999999999840e+00 1.094846721999999939e-01
3.794999999999999929e+00 1.156607166999999992e-01
3.895000000000000018e+00 1.219245929999999978e-01
3.995000000000000107e+00 1.279611526999999971e-01
4.089999999999999858e+00 1.331545436000000082e-01
4.190000000000000391e+00 1.378161296000000036e-01
4.290000000000000036e+00 1.417429168999999878e-01
4.389999999999999680e+00 1.453955023000000069e-01
4.490000000000000213e+00 1.493819744999999866e-01
4.589999999999999858e+00 1.541727894000000099e-01
4.690000000000000391e+00 1.599993698000000131e-01
4.790000000000000036e+00 1.669581760999999942e-01
4.889999999999999680e+00 1.752022544999999876e-01
4.990000000000000213e+00 1.850210352999999974e-01
5.089999999999999858e+00 1.967870581000000230e-01
5.190000000000000391e+00 2.108261215000000188e-01
5.290000000000000036e+00 2.273391280000000014e-01
5.389999999999999680e+00 2.464157404999999801e-01
5.490000000000000213e+00 2.682135783000000329e-01
5.589999999999999858e+00 2.931101247999999826e-01
5.690000000000000391e+00 3.215810840999999698e-01
5.790000000000000036e+00 3.536926474000000042e-01
5.889999999999999680e+00 3.885995818999999907e-01
5.990000000000000213e+00 4.246435950999999931e-01
6.084999999999999964e+00 4.584087015000000154e-01
6.184999999999999609e+00 4.920861975000000443e-01
6.285000000000000142e+00 5.211018399000000301e-01
6.384999999999999787e+00 5.403791511000000103e-01
6.485000000000000320e+00 5.457986172000000025e-01
6.584999999999999964e+00 5.388586372000000457e-01
6.684999999999999609e+00 5.262269666000000123e-01
6.785000000000000142e+00 5.151346865999999469e-01
6.884999999999999787e+00 5.101902181999999897e-01
6.985000000000000320e+00 5.131127639999999435e-01
7.084999999999999964e+00 5.236459141000000539e-01
7.184999999999999609e+00 5.403123927999999854e-01
7.285000000000000142e+00 5.611923493999999568e-01
7.384999999999999787e+00 5.849580128999999351e-01
7.485000000000000320e+00 6.114613649000000262e-01
7.584999999999999964e+00 6.416285236000000003e-01
7.684999999999999609e+00 6.767575666000000822e-01
7.785000000000000142e+00 7.176825171999999808e-01
7.884999999999999787e+00 7.640955589000000270e-01
7.985000000000000320e+00 8.147379089999999824e-01
8.080000000000000071e+00 8.658778859000000327e-01
8.179999999999999716e+00 9.228234063000000376e-01
8.279999999999999361e+00 9.831399845999999609e-01
8.380000000000000782e+00 1.046753710499999990e+00
8.480000000000000426e+00 1.113480461900000051e+00
8.580000000000000071e+00 1.182958552500000149e+00
8.679999999999999716e+00 1.254635325400000001e+00
8.779999999999999361e+00 1.327604258900000112e+00
8.880000000000000782e+00 1.400078118300000174e+00
8.980000000000000426e+00 1.469749392500000029e+00
9.080000000000000071e+00 1.535130432399999911e+00
9.179999999999999716e+00 1.596926432100000071e+00
9.279999999999999361e+00 1.657775155800000011e+00
9.380000000000000782e+00 1.719674753500000097e+00
9.480000000000000426e+00 1.781425250000000071e+00
9.580000000000000071e+00 1.839938005500000084e+00
9.679999999999999716e+00 1.894506900799999949e+00
9.779999999999999361e+00 1.949907908400000167e+00
9.880000000000000782e+00 2.015496047200000085e+00
9.980000000000000426e+00 2.100543329399999770e+00
1.007499999999999929e+01 2.203189908299999722e+00
1.017500000000000071e+01 2.330315070600000205e+00
1.027500000000000036e+01 2.464179844800000296e+00
1.037500000000000000e+01 2.586225614800000017e+00
1.047499999999999964e+01 2.682728550000000212e+00
1.057499999999999929e+01 2.756680088199999989e+00
1.067500000000000071e+01 2.827387774800000031e+00
1.077500000000000036e+01 2.917485285000000150e+00
1.087500000000000000e+01 3.040499838300000146e+00
1.097499999999999964e+01 3.194063479600000033e+00
1.107499999999999929e+01 3.360976984999999750e+00
1.117500000000000071e+01 3.521569077500000144e+00
1.127500000000000036e+01 3.671515196299999673e+00
1.137500000000000000e+01 3.826113544400000066e+00
1.147499999999999964e+01 4.006426489399999902e+00
1.157499999999999929e+01 4.225449618899999926e+00
1.167500000000000071e+01 4.487227985200000546e+00
1.177500000000000036e+01 4.795959898699999613e+00
1.187500000000000000e+01 5.163570236199999997e+00
1.197499999999999964e+01 5.610854570699999044e+00
1.207000000000000028e+01 6.127103077599999281e+00
1.216999999999999993e+01 6.769008669000000644e+00
1.226999999999999957e+01 7.485387743699999596e+00
1.236999999999999922e+01 8.206769660100000863e+00
1.247000000000000064e+01 8.818540835600000349e+00
1.257000000000000028e+01 9.201033499999999421e+00
1.266999999999999993e+01 9.310657791299998820e+00
1.276999999999999957e+01 9.201612037300000324e+00
1.286999999999999922e+01 8.959192184199999076e+00
1.297000000000000064e+01 8.645632081300000493e+00
1.307000000000000028e+01 8.304653844000000618e+00
1.316999999999999993e+01 7.975196041600000285e+00
1.326999999999999957e+01 7.692747492100000528e+00
1.336999999999999922e+01 7.490908989300000265e+00
1.347000000000000064e+01 7.397020513300000211e+00
1.357000000000000028e+01 7.421245516500000861e+00
1.366999999999999993e+01 7.557190635599999595e+00
1.376999999999999957e+01 7.792516647899999427e+00
1.386999999999999922e+01 8.113212511699998686e+00
1.397000000000000064e+01 8.499442203899999271e+00
1.406499999999999950e+01 8.900783658099999940e+00
1.416499999999999915e+01 9.320652454699999367e+00
1.426500000000000057e+01 9.686482872700000968e+00
1.436500000000000021e+01 9.940382675600000439e+00
1.446499999999999986e+01 1.002638039770000056e+01
1.456499999999999950e+01 9.912722879600000425e+00
1.466499999999999915e+01 9.621322829500000395e+00
1.476500000000000057e+01 9.213609840200000178e+00
1.486500000000000021e+01 8.747250579599999298e+00
1.496499999999999986e+01 8.254485991000001022e+00
1.506499999999999950e+01 7.749546436700000207e+00
1.516499999999999915e+01 7.240738760600000212e+00
1.526500000000000057e+01 6.735406320600000107e+00
1.536500000000000021e+01 6.240133778899999761e+00
1.546499999999999986e+01 5.764140858199999329e+00
1.556499999999999950e+01 5.321008181300000750e+00
1.566499999999999915e+01 4.923756497000000287e+00
1.576500000000000057e+01 4.579819180500000364e+00
1.586500000000000021e+01 4.290559586000000536e+00
1.596499999999999986e+01 4.054371018999999521e+00
1.605999999999999872e+01 3.876800637399999694e+00
1.616000000000000014e+01 3.734624029299999926e+00
1.626000000000000156e+01 3.629499109900000242e+00
1.635999999999999943e+01 3.546789833500000100e+00
1.646000000000000085e+01 3.467845127499999958e+00
1.655999999999999872e+01 3.378853272600000235e+00
1.666000000000000014e+01 3.280222620300000003e+00
1.676000000000000156e+01 3.186390038599999919e+00
1.685999999999999943e+01 3.117247316599999873e+00
1.696000000000000085e+01 3.089097854499999851e+00
1.705999999999999872e+01 3.109784366199999539e+00
1.716000000000000014e+01 3.177459105499999659e+00
1.726000000000000156e+01 3.280096451299999938e+00
1.735999999999999943e+01 3.395355666800000449e+00
1.746000000000000085e+01 3.493357846899999952e+00
1.755999999999999872e+01 3.545956581100000005e+00
1.766000000000000014e+01 3.539794158299999882e+00
1.776000000000000156e+01 3.484196775700000082e+00
1.785999999999999943e+01 3.407949309900000223e+00
1.796000000000000085e+01 3.345047368399999943e+00
1.805499999999999972e+01 3.318303855899999988e+00
1.815500000000000114e+01 3.328259274200000117e+00
1.825499999999999901e+01 3.364342646799999947e+00
1.835500000000000043e+01 3.403373650399999839e+00
1.845499999999999829e+01 3.421954944699999945e+00
1.855499999999999972e+01 3.405670825200000085e+00
1.865500000000000114e+01 3.349543499300000171e+00
1.875499999999999901e+01 3.254753049899999695e+00
1.885500000000000043e+01 3.128905394900000303e+00
1.895499999999999829e+01 2.983008246599999858e+00
1.905499999999999972e+01 2.825067426699999995e+00
1.915500000000000114e+01 2.659097328699999707e+00
1.925499999999999901e+01 2.488370500599999868e+00
1.935500000000000043e+01 2.316947648100000201e+00
1.945499999999999829e+01 2.149101056100000129e+00
1.955499999999999972e+01 1.989093257199999965e+00
1.965500000000000114e+01 1.839706286700000026e+00
1.975499999999999901e+01 1.700563266700000131e+00
1.985500000000000043e+01 1.570187372099999923e+00
1.995499999999999829e+01 1.449115012100000044e+00
2.005000000000000071e+01 1.344540206100000024e+00
2.014999999999999858e+01 1.246419663399999989e+00
2.025000000000000000e+01 1.159629931800000069e+00
2.035000000000000142e+01 1.081979349000000035e+00
2.044999999999999929e+01 1.011143570100000000e+00
2.055000000000000071e+01 9.458992722000000297e-01
2.064999999999999858e+01 8.863403576999999700e-01
2.075000000000000000e+01 8.329858047000000543e-01
2.085000000000000142e+01 7.858602679999999729e-01
2.094999999999999929e+01 7.443450550000000332e-01
2.105000000000000071e+01 7.075158755999999549e-01
2.114999999999999858e+01 6.743389919000000177e-01
2.125000000000000000e+01 6.438940307999999613e-01
2.135000000000000142e+01 6.156091552999999328e-01
2.144999999999999929e+01 5.889234658999999983e-01
2.155000000000000071e+01 5.630275654999999935e-01
2.164999999999999858e+01 5.372796007000000262e-01
2.175000000000000000e+01 5.118159620000000132e-01
2.185000000000000142e+01 4.874716981999999699e-01
2.194999999999999929e+01 4.651180883000000099e-01
2.204500000000000171e+01 4.461064409000000119e-01
2.214499999999999957e+01 4.283321354999999886e-01
2.224500000000000099e+01 4.124137952999999968e-01
2.234499999999999886e+01 3.978947264999999622e-01
2.244500000000000028e+01 3.845936037999999613e-01
2.254500000000000171e+01 3.725314201000000103e-01
2.264499999999999957e+01 3.615745032000000081e-01
2.274500000000000099e+01 3.513418504999999969e-01
2.284499999999999886e+01 3.415112966999999666e-01
2.294500000000000028e+01 3.320168446999999801e-01
2.304500000000000171e+01 3.229492467000000255e-01
2.314499999999999957e+01 3.144125620000000065e-01
2.324500000000000099e+01 3.063701495999999747e-01
2.334499999999999886e+01 2.986143372000000240e-01
2.344500000000000028e+01 2.909486036000000220e-01
2.354500000000000171e+01 2.832879916000000109e-01
2.364499999999999957e+01 2.755367408000000129e-01
2.374500000000000099e+01 2.675687860000000029e-01
2.384499999999999886e+01 2.593914387000000321e-01
2.394500000000000028e+01 2.512728625999999799e-01
2.403999999999999915e+01 2.440130232000000121e-01
2.414000000000000057e+01 2.371792221000000034e-01
2.423999999999999844e+01 2.312492655999999758e-01
2.433999999999999986e+01 2.260140694999999977e-01
2.444000000000000128e+01 2.210880910999999949e-01
2.453999999999999915e+01 2.161036176000000197e-01
2.464000000000000057e+01 2.108460640999999802e-01
2.473999999999999844e+01 2.052973020999999954e-01
2.483999999999999986e+01 1.996529062000000077e-01
2.494000000000000128e+01 1.943097978999999975e-01
2.503999999999999915e+01 1.896590467000000002e-01
2.514000000000000057e+01 1.857965268000000003e-01
2.523999999999999844e+01 1.824524012000000028e-01
2.533999999999999986e+01 1.792173293000000056e-01
2.544000000000000128e+01 1.758410959000000218e-01
2.553999999999999915e+01 1.723276217999999971e-01
2.564000000000000057e+01 1.688265771999999942e-01
2.573999999999999844e+01 1.654885982000000033e-01
2.583999999999999986e+01 1.623764012000000201e-01
2.594000000000000128e+01 1.594605765000000064e-01
2.603500000000000014e+01 1.568200754000000086e-01
2.613500000000000156e+01 1.541558573000000043e-01
2.623499999999999943e+01 1.516612855000000204e-01
2.633500000000000085e+01 1.494948858999999852e-01
2.643499999999999872e+01 1.478925861000000008e-01
2.653500000000000014e+01 1.470387801999999966e-01
2.663500000000000156e+01 1.469346424000000095e-01
2.673499999999999943e+01 1.473667227000000080e-01
2.683500000000000085e+01 1.479827192000000013e-01
2.693499999999999872e+01 1.484143726000000107e-01
2.703500000000000014e+01 1.484359798999999869e-01
2.713500000000000156e+01 1.480285524999999935e-01
2.723499999999999943e+01 1.472678480000000067e-01
2.733500000000000085e+01 1.462476128999999903e-01
2.743499999999999872e+01 1.450972457999999965e-01
2.753500000000000014e+01 1.439254184999999853e-01
2.763500000000000156e+01 1.427466185000000054e-01
2.773499999999999943e+01 1.415615476000000039e-01
2.783500000000000085e+01 1.404918290999999930e-01
2.793499999999999872e+01 1.398088879000000118e-01
2.803000000000000114e+01 1.397822780000000098e-01
2.812999999999999901e+01 1.404826727000000053e-01
2.823000000000000043e+01 1.416666711000000023e-01
2.832999999999999829e+01 1.428757418999999917e-01
2.842999999999999972e+01 1.437371819999999911e-01
2.853000000000000114e+01 1.440744754000000127e-01
2.862999999999999901e+01 1.438249034999999898e-01
2.873000000000000043e+01 1.430184774999999908e-01
2.882999999999999829e+01 1.418208464000000057e-01
2.892999999999999972e+01 1.404707832000000045e-01
2.903000000000000114e+01 1.391238639999999860e-01
2.912999999999999901e+01 1.377835259000000090e-01
2.923000000000000043e+01 1.363239450000000019e-01
2.932999999999999829e+01 1.345465619000000002e-01
2.942999999999999972e+01 1.322705599999999815e-01
2.953000000000000114e+01 1.294615774999999802e-01
2.962999999999999901e+01 1.263153414000000030e-01
2.973000000000000043e+01 1.231957360000000001e-01
2.982999999999999829e+01 1.204129351999999875e-01
2.992999999999999972e+01 1.180303067999999983e-01
3.002499999999999858e+01 1.160020635000000022e-01
3.012500000000000000e+01 1.139218783000000013e-01
3.022500000000000142e+01 1.117063169000000050e-01
3.032499999999999929e+01 1.091304228999999959e-01
3.042500000000000071e+01 1.060089471000000005e-01
3.052499999999999858e+01 1.023790435000000026e-01
3.062500000000000000e+01 9.855938510000000763e-02
3.072500000000000142e+01 9.498058399999999291e-02
3.082499999999999929e+01 9.197906559999999287e-02
3.092500000000000071e+01 8.973084200000000510e-02
3.102499999999999858e+01 8.826743659999999880e-02
3.112500000000000000e+01 8.748854130000000007e-02
3.122500000000000142e+01 8.718901000000001122e-02
3.132499999999999929e+01 8.711950290000000652e-02
3.142500000000000071e+01 8.702948369999999323e-02
3.152499999999999858e+01 8.665481669999999803e-02
3.162500000000000000e+01 8.570828839999999893e-02
3.172500000000000142e+01 8.397346990000000011e-02
3.182499999999999929e+01 8.146822759999999830e-02
3.192500000000000071e+01 7.849313060000000231e-02
3.202000000000000313e+01 7.561856449999999896e-02
3.211999999999999744e+01 7.287483090000000663e-02
3.221999999999999886e+01 7.058975050000000639e-02
3.232000000000000028e+01 6.876575170000000237e-02
3.242000000000000171e+01 6.728068369999999632e-02
3.252000000000000313e+01 6.596083620000001146e-02
3.261999999999999744e+01 6.466683739999999625e-02
3.271999999999999886e+01 6.336300070000000506e-02
3.282000000000000028e+01 6.211427680000000673e-02
3.292000000000000171e+01 6.100492629999999805e-02
3.302000000000000313e+01 6.004072790000000021e-02
3.311999999999999744e+01 5.911417180000000382e-02
3.321999999999999886e+01 5.808826329999999816e-02
3.332000000000000028e+01 5.692710950000000325e-02
3.342000000000000171e+01 5.574396630000000297e-02
3.352000000000000313e+01 5.470445040000000009e-02
3.361999999999999744e+01 5.390381040000000179e-02
3.371999999999999886e+01 5.334331789999999934e-02
3.382000000000000028e+01 5.297843609999999814e-02
3.392000000000000171e+01 5.274420829999999782e-02
3.401500000000000057e+01 5.256285569999999407e-02
3.411500000000000199e+01 5.234297970000000022e-02
3.421500000000000341e+01 5.208268770000000492e-02
3.431499999999999773e+01 5.184039379999999531e-02
3.441499999999999915e+01 5.169317169999999850e-02
3.451500000000000057e+01 5.168006719999999887e-02
3.461500000000000199e+01 5.178014590000000472e-02
3.471500000000000341e+01 5.192573100000000275e-02
3.481499999999999773e+01 5.203798319999999866e-02
3.491499999999999915e+01 5.207531259999999967e-02
3.501500000000000057e+01 5.205289300000000285e-02
3.511500000000000199e+01 5.199338579999999987e-02
3.521500000000000341e+01 5.187637920000000291e-02
3.531499999999999773e+01 5.165362440000000055e-02
3.541499999999999915e+01 5.130643499999999746e-02
3.551500000000000057e+01 5.087840940000000478e-02
3.561500000000000199e+01 5.044439200000000456e-02
3.571500000000000341e+01 5.004762479999999569e-02
3.581499999999999773e+01 4.966458569999999961e-02
3.591499999999999915e+01 4.922725290000000420e-02
3.600999999999999801e+01 4.870354699999999981e-02
3.610999999999999943e+01 4.801160069999999697e-02
3.621000000000000085e+01 4.718261010000000116e-02
3.631000000000000227e+01 4.625131940000000441e-02
3.640999999999999659e+01 4.528154300000000049e-02
3.650999999999999801e+01 4.435236230000000335e-02
3.660999999999999943e+01 4.351803220000000083e-02
3.671000000000000085e+01 4.277846490000000029e-02
3.681000000000000227e+01 4.207482469999999919e-02
3.690999999999999659e+01 4.129892660000000076e-02
3.700999999999999801e+01 4.034517010000000098e-02
3.710999999999999943e+01 3.919494760000000189e-02
3.721000000000000085e+01 3.793786700000000012e-02
3.731000000000000227e+01 3.670112500000000111e-02
3.740999999999999659e+01 3.556913249999999610e-02
3.750999999999999801e+01 3.455475400000000002e-02
3.760999999999999943e+01 3.362279580000000073e-02
3.771000000000000085e+01 3.273861120000000346e-02
3.781000000000000227e+01 3.189379979999999726e-02
3.790999999999999659e+01 3.109828950000000092e-02
3.800500000000000256e+01 3.040497090000000152e-02
3.810499999999999687e+01 2.976381269999999954e-02
3.820499999999999829e+01 2.923285569999999750e-02
3.830499999999999972e+01 2.881435649999999904e-02
3.840500000000000114e+01 2.849035889999999849e-02
3.850500000000000256e+01 2.823709159999999996e-02
3.860499999999999687e+01 2.804236170000000070e-02
3.870499999999999829e+01 2.790391060000000159e-02
3.880499999999999972e+01 2.781437989999999832e-02
3.890500000000000114e+01 2.775822210000000040e-02
3.900500000000000256e+01 2.771675070000000074e-02
3.910499999999999687e+01 2.766124269999999802e-02
3.920499999999999829e+01 2.755137239999999946e-02
3.930499999999999972e+01 2.736038469999999695e-02
3.940500000000000114e+01 2.709911790000000403e-02
3.950500000000000256e+01 2.680309549999999874e-02
3.960499999999999687e+01 2.650208870000000244e-02
3.970499999999999829e+01 2.621966889999999967e-02
3.980499999999999972e+01 2.598915649999999911e-02
3.990500000000000114e+01 2.584215339999999805e-02
