1.000000000000000056e-01 1.006272019999999989e-02
2.000000000000000111e-01 8.736987200000000814e-03
2.999999999999999889e-01 9.050827100000000472e-03
4.000000000000000222e-01 9.934650800000000004e-03
5.000000000000000000e-01 1.090183190000000059e-02
5.999999999999999778e-01 1.175904480000000002e-02
6.999999999999999556e-01 1.250905450000000009e-02
8.000000000000000444e-01 1.324382699999999968e-02
9.000000000000000222e-01 1.405039150000000035e-02
1.000000000000000000e+00 1.497203999999999896e-02
1.100000000000000089e+00 1.601961219999999825e-02
1.199999999999999956e+00 1.719116489999999997e-02
1.300000000000000044e+00 1.848046929999999990e-02
1.399999999999999911e+00 1.988589040000000169e-02
1.500000000000000000e+00 2.140490009999999887e-02
1.600000000000000089e+00 2.303278720000000168e-02
1.699999999999999956e+00 2.474813959999999993e-02
1.800000000000000044e+00 2.649849680000000013e-02
1.899999999999999911e+00 2.819810290000000080e-02
2.000000000000000000e+00 2.976825360000000253e-02
2.095000000000000195e+00 3.112939009999999770e-02
2.194999999999999840e+00 3.249189229999999845e-02
2.294999999999999929e+00 3.388020130000000268e-02
2.395000000000000018e+00 3.536965229999999849e-02
2.495000000000000107e+00 3.700287650000000372e-02
2.595000000000000195e+00 3.879956519999999687e-02
2.694999999999999840e+00 4.077540890000000418e-02
2.794999999999999929e+00 4.294679540000000129e-02
2.895000000000000018e+00 4.533396420000000010e-02
2.995000000000000107e+00 4.796283989999999831e-02
3.095000000000000195e+00 5.085457070000000412e-02
3.194999999999999840e+00 5.401314549999999826e-02
3.294999999999999929e+00 5.741945219999999850e-02
3.395000000000000018e+00 6.102884790000000226e-02
3.495000000000000107e+00 6.481132039999999706e-02
3.595000000000000195e+00 6.877890860000000772e-02
3.694999999999999840e+00 7.299984069999999881e-02
3.794999999999999929e+00 7.753867600000000082e-02
3.895000000000000018e+00 8.233827259999999815e-02
3.995000000000000107e+00 8.715241479999999430e-02
4.089999999999999858e+00 9.142264420000000003e-02
4.190000000000000391e+00 9.537816020000000616e-02
4.290000000000000036e+00 9.880014300000000693e-02
4.389999999999999680e+00 1.019071232999999993e-01
4.490000000000000213e+00 1.049758793999999995e-01
4.589999999999999858e+00 1.082521862000000029e-01
4.690000000000000391e+00 1.119501977000000037e-01
4.790000000000000036e+00 1.162943951999999975e-01
4.889999999999999680e+00 1.214956541000000029e-01
4.990000000000000213e+00 1.276548415000000047e-01
5.089999999999999858e+00 1.346219409000000145e-01
5.190000000000000391e+00 1.420254336999999811e-01
5.290000000000000036e+00 1.495020679000000074e-01
5.389999999999999680e+00 1.570178304000000025e-01
5.490000000000000213e+00 1.649935435000000061e-01
5.589999999999999858e+00 1.740701768000000038e-01
5.690000000000000391e+00 1.848068004999999792e-01
5.790000000000000036e+00 1.975657103999999831e-01
5.889999999999999680e+00 2.125935855999999957e-01
5.990000000000000213e+00 2.302451052999999748e-01
6.084999999999999964e+00 2.499595654000000000e-01
6.184999999999999609e+00 2.741428378000000388e-01
6.285000000000000142e+00 3.012281346000000304e-01
6.384999999999999787e+00 3.291470455000000128e-01
6.485000000000000320e+00 3.549574047000000343e-01
6.584999999999999964e+00 3.763998331000000253e-01
6.684999999999999609e+00 3.931096440000000358e-01
6.785000000000000142e+00 4.061345557000000106e-01
6.884999999999999787e+00 4.163707193999999778e-01
6.985000000000000320e+00 4.240053062999999955e-01
7.084999999999999964e+00 4.294841204999999551e-01
7.184999999999999609e+00 4.340626601999999501e-01
7.285000000000000142e+00 4.392535398999999896e-01
7.384999999999999787e+00 4.464645071000000187e-01
7.485000000000000320e+00 4.571986235000000121e-01
7.584999999999999964e+00 4.729967379999999721e-01
7.684999999999999609e+00 4.950214309000000035e-01
7.785000000000000142e+00 5.236600066000000053e-01
7.884999999999999787e+00 5.584051907000000536e-01
7.985000000000000320e+00 5.980269880999999899e-01
8.080000000000000071e+00 6.384737917000000706e-01
8.179999999999999716e+00 6.813476188000000544e-01
8.279999999999999361e+00 7.211582732999999301e-01
8.380000000000000782e+00 7.545520598999999606e-01
8.480000000000000426e+00 7.796877000999999918e-01
8.580000000000000071e+00 7.979803453000000601e-01
8.679999999999999716e+00 8.136220387999999470e-01
8.779999999999999361e+00 8.302954621000000479e-01
8.880000000000000782e+00 8.488966173999999976e-01
8.980000000000000426e+00 8.685328895999999688e-01
9.080000000000000071e+00 8.885855012000000164e-01
9.179999999999999716e+00 9.094236060000000510e-01
9.279999999999999361e+00 9.322334692000000533e-01
9.380000000000000782e+00 9.579002526000000017e-01
9.480000000000000426e+00 9.857509017999999124e-01
9.580000000000000071e+00 1.014217829999999987e+00
9.679999999999999716e+00 1.042578757000000023e+00
9.779999999999999361e+00 1.071450914499999962e+00
9.880000000000000782e+00 1.102141853300000029e+00
9.980000000000000426e+00 1.137217287699999968e+00
1.007499999999999929e+01 1.178058724300000026e+00
1.017500000000000071e+01 1.230917258899999922e+00
1.027500000000000036e+01 1.290940382200000069e+00
1.037500000000000000e+01 1.349528823700000046e+00
1.047499999999999964e+01 1.397417451399999955e+00
1.057499999999999929e+01 1.432608373199999896e+00
1.067500000000000071e+01 1.463388490700000100e+00
1.077500000000000036e+01 1.502424498499999928e+00
1.087500000000000000e+01 1.558843529799999850e+00
1.097499999999999964e+01 1.633814425500000000e+00
1.107499999999999929e+01 1.719370295600000098e+00
1.117500000000000071e+01 1.800922716100000098e+00
1.127500000000000036e+01 1.865923944199999962e+00
1.137500000000000000e+01 1.913966485300000020e+00
1.147499999999999964e+01 1.956935690599999944e+00
1.157499999999999929e+01 2.008050998799999931e+00
1.167500000000000071e+01 2.073531046600000316e+00
1.177500000000000036e+01 2.153313076499999923e+00
1.187500000000000000e+01 2.246805286999999929e+00
1.197499999999999964e+01 2.356988266200000126e+00
1.207000000000000028e+01 2.482958337299999929e+00
1.216999999999999993e+01 2.644321460000000013e+00
1.226999999999999957e+01 2.838337987700000120e+00
1.236999999999999922e+01 3.061005733300000031e+00
1.247000000000000064e+01 3.298148936499999628e+00
1.257000000000000028e+01 3.527048389299999975e+00
1.266999999999999993e+01 3.728436375899999877e+00
1.276999999999999957e+01 3.904270006199999976e+00
1.286999999999999922e+01 4.082304193799999759e+00
1.297000000000000064e+01 4.302342410099999626e+00
1.307000000000000028e+01 4.599231092200000148e+00
1.316999999999999993e+01 4.993282242399999404e+00
1.326999999999999957e+01 5.483180289499999915e+00
1.336999999999999922e+01 6.037992655400000075e+00
1.347000000000000064e+01 6.595143433200000516e+00
1.357000000000000028e+01 7.073981413500000315e+00
1.366999999999999993e+01 7.395126139100000273e+00
1.376999999999999957e+01 7.499377555399999729e+00
1.386999999999999922e+01 7.380693118499999983e+00
1.397000000000000064e+01 7.105780982299999771e+00
1.406499999999999950e+01 6.791376839599999826e+00
1.416499999999999915e+01 6.474618370900000031e+00
1.426500000000000057e+01 6.197647871100000039e+00
1.436500000000000021e+01 5.957988450800000280e+00
1.446499999999999986e+01 5.750231589900000273e+00
1.456499999999999950e+01 5.578982725899999551e+00
1.466499999999999915e+01 5.458334838200000760e+00
1.476500000000000057e+01 5.401402680200000361e+00
1.486500000000000021e+01 5.408898552500000179e+00
1.496499999999999986e+01 5.465563947799999767e+00
1.506499999999999950e+01 5.545436679999999896e+00
1.516499999999999915e+01 5.619415549200000193e+00
1.526500000000000057e+01 5.664246131299999654e+00
1.536500000000000021e+01 5.673007125099999826e+00
1.546499999999999986e+01 5.655509541799999873e+00
1.556499999999999950e+01 5.621477721999999844e+00
1.566499999999999915e+01 5.566061590600000386e+00
1.576500000000000057e+01 5.476673519000000212e+00
1.586500000000000021e+01 5.348896349100000336e+00
1.596499999999999986e+01 5.190387536300000271e+00
1.605999999999999872e+01 5.023437874799999925e+00
1.616000000000000014e+01 4.845152058500000081e+00
1.626000000000000156e+01 4.683234294700000078e+00
1.635999999999999943e+01 4.556668118200000173e+00
1.646000000000000085e+01 4.473961147199999822e+00
1.655999999999999872e+01 4.428788662100000550e+00
1.666000000000000014e+01 4.404253563200000166e+00
1.676000000000000156e+01 4.378972412300000450e+00
1.685999999999999943e+01 4.334037530099999813e+00
1.696000000000000085e+01 4.264828952700000286e+00
1.705999999999999872e+01 4.186009380299999805e+00
1.716000000000000014e+01 4.117782080199999584e+00
1.726000000000000156e+01 4.068835852100000317e+00
1.735999999999999943e+01 4.032038693600000556e+00
1.746000000000000085e+01 3.990570477500000379e+00
1.755999999999999872e+01 3.929096341700000217e+00
1.766000000000000014e+01 3.846588844600000279e+00
1.776000000000000156e+01 3.757950973999999889e+00
1.785999999999999943e+01 3.680992740899999838e+00
1.796000000000000085e+01 3.626415324499999926e+00
1.805499999999999972e+01 3.600428346900000243e+00
1.815500000000000114e+01 3.605286329700000181e+00
1.825499999999999901e+01 3.648242024600000022e+00
1.835500000000000043e+01 3.731463416700000035e+00
1.845499999999999829e+01 3.850941190000000347e+00
1.855499999999999972e+01 3.996153695699999897e+00
1.865500000000000114e+01 4.152064724699999765e+00
1.875499999999999901e+01 4.301696548799999853e+00
1.885500000000000043e+01 4.433806354799999738e+00
1.895499999999999829e+01 4.552144102599999798e+00
1.905499999999999972e+01 4.669344908100000247e+00
1.915500000000000114e+01 4.785923835800000248e+00
1.925499999999999901e+01 4.880328622300000418e+00
1.935500000000000043e+01 4.921231220899999315e+00
1.945499999999999829e+01 4.888246601800000590e+00
1.955499999999999972e+01 4.783944095299999866e+00
1.965500000000000114e+01 4.626552321300000159e+00
1.975499999999999901e+01 4.431754117400000581e+00
1.985500000000000043e+01 4.205449457100000288e+00
1.995499999999999829e+01 3.951882818699999689e+00
2.005000000000000071e+01 3.693916499999999825e+00
2.014999999999999858e+01 3.415831563999999876e+00
2.025000000000000000e+01 3.143590101000000026e+00
2.035000000000000142e+01 2.891055833299999822e+00
2.044999999999999929e+01 2.669959690499999816e+00
2.055000000000000071e+01 2.484554105900000032e+00
2.064999999999999858e+01 2.330256105200000150e+00
2.075000000000000000e+01 2.197407738199999905e+00
2.085000000000000142e+01 2.077628694199999959e+00
2.094999999999999929e+01 1.967189004399999996e+00
2.105000000000000071e+01 1.864586405900000132e+00
2.114999999999999858e+01 1.766457849899999877e+00
2.125000000000000000e+01 1.667895003299999956e+00
2.135000000000000142e+01 1.566893175199999932e+00
2.144999999999999929e+01 1.466828865000000093e+00
2.155000000000000071e+01 1.374005184600000096e+00
2.164999999999999858e+01 1.293528087799999948e+00
2.175000000000000000e+01 1.226997769700000074e+00
2.185000000000000142e+01 1.172998231900000077e+00
2.194999999999999929e+01 1.128601185399999984e+00
2.204500000000000171e+01 1.092100595800000074e+00
2.214499999999999957e+01 1.056396794100000092e+00
2.224500000000000099e+01 1.020981716400000128e+00
2.234499999999999886e+01 9.843669124999999687e-01
2.244500000000000028e+01 9.461553945000000798e-01
2.254500000000000171e+01 9.072261246999999695e-01
2.264499999999999957e+01 8.694753718999999048e-01
2.274500000000000099e+01 8.349560386999999029e-01
2.284499999999999886e+01 8.048108702999999808e-01
2.294500000000000028e+01 7.787066899999999237e-01
2.304500000000000171e+01 7.550232983000000342e-01
2.314499999999999957e+01 7.316025001000000527e-01
2.324500000000000099e+01 7.067930832000000052e-01
2.334499999999999886e+01 6.802894749999999213e-01
2.344500000000000028e+01 6.529576864999999675e-01
2.354500000000000171e+01 6.258183335999999430e-01
2.364499999999999957e+01 5.993654351999999630e-01
2.374500000000000099e+01 5.737809486999999598e-01
2.384499999999999886e+01 5.492620539999999441e-01
2.394500000000000028e+01 5.258222491999999804e-01
2.403999999999999915e+01 5.042730415999999716e-01
2.414000000000000057e+01 4.821500212000000007e-01
2.423999999999999844e+01 4.608523006999999949e-01
2.433999999999999986e+01 4.408720045999999781e-01
2.444000000000000128e+01 4.225991419999999832e-01
2.453999999999999915e+01 4.063362482000000275e-01
2.464000000000000057e+01 3.924291641999999580e-01
2.473999999999999844e+01 3.811025303000000197e-01
2.483999999999999986e+01 3.721269782000000137e-01
2.494000000000000128e+01 3.647505738999999858e-01
2.503999999999999915e+01 3.580024437000000059e-01
2.514000000000000057e+01 3.510588716000000442e-01
2.523999999999999844e+01 3.435464686999999961e-01
2.533999999999999986e+01 3.358752755000000145e-01
2.544000000000000128e+01 3.291863725999999990e-01
2.553999999999999915e+01 3.246781650999999713e-01
2.564000000000000057e+01 3.228253326999999673e-01
2.573999999999999844e+01 3.231095951999999882e-01
2.583999999999999986e+01 3.243585903000000270e-01
2.594000000000000128e+01 3.254057405999999930e-01
2.603500000000000014e+01 3.256443775999999790e-01
2.613500000000000156e+01 3.251466288000000038e-01
2.623499999999999943e+01 3.242637820000000004e-01
2.633500000000000085e+01 3.232081935999999711e-01
2.643499999999999872e+01 3.217261687000000370e-01
2.653500000000000014e+01 3.193004770000000270e-01
2.663500000000000156e+01 3.156618397999999548e-01
2.673499999999999943e+01 3.111893399000000282e-01
2.683500000000000085e+01 3.067727078999999968e-01
2.693499999999999872e+01 3.032692210999999860e-01
2.703500000000000014e+01 3.012404410000000254e-01
2.713500000000000156e+01 3.009975585999999925e-01
2.723499999999999943e+01 3.025027838999999608e-01
2.733500000000000085e+01 3.051902330000000330e-01
2.743499999999999872e+01 3.081329386000000170e-01
2.753500000000000014e+01 3.105635319000000227e-01
2.763500000000000156e+01 3.121317938000000014e-01
2.773499999999999943e+01 3.125937156000000439e-01
2.783500000000000085e+01 3.115426116000000190e-01
2.793499999999999872e+01 3.085873902000000335e-01
2.803000000000000114e+01 3.038844734000000214e-01
2.812999999999999901e+01 2.971616950000000035e-01
2.823000000000000043e+01 2.892527931000000163e-01
2.832999999999999829e+01 2.810470000999999995e-01
2.842999999999999972e+01 2.733855154000000010e-01
2.853000000000000114e+01 2.668670461000000049e-01
2.862999999999999901e+01 2.619163730000000356e-01
2.873000000000000043e+01 2.587302295000000196e-01
2.882999999999999829e+01 2.570782842000000068e-01
2.892999999999999972e+01 2.561516998999999739e-01
2.903000000000000114e+01 2.547768240999999656e-01
2.912999999999999901e+01 2.520275305000000410e-01
2.923000000000000043e+01 2.477849979999999785e-01
2.932999999999999829e+01 2.425631981999999964e-01
2.942999999999999972e+01 2.368838395999999791e-01
2.953000000000000114e+01 2.309092115000000167e-01
2.962999999999999901e+01 2.246487333000000142e-01
2.973000000000000043e+01 2.184506174999999994e-01
2.982999999999999829e+01 2.131064337999999947e-01
2.992999999999999972e+01 2.093559832000000120e-01
3.002499999999999858e+01 2.073999054000000009e-01
3.012500000000000000e+01 2.064307647999999995e-01
3.022500000000000142e+01 2.054559727999999974e-01
3.032499999999999929e+01 2.032856168000000130e-01
3.042500000000000071e+01 1.991965258999999766e-01
3.052499999999999858e+01 1.932119290000000045e-01
3.062500000000000000e+01 1.859321215999999999e-01
3.072500000000000142e+01 1.780740037000000109e-01
3.082499999999999929e+01 1.702411751000000029e-01
3.092500000000000071e+01 1.629390467000000065e-01
3.102499999999999858e+01 1.565297191000000199e-01
3.112500000000000000e+01 1.511294334000000128e-01
3.122500000000000142e+01 1.466301662000000228e-01
3.132499999999999929e+01 1.428437901999999871e-01
3.142500000000000071e+01 1.395783727000000085e-01
3.152499999999999858e+01 1.366219586999999902e-01
3.162500000000000000e+01 1.337589643999999856e-01
3.172500000000000142e+01 1.308404724000000185e-01
3.182499999999999929e+01 1.278560323999999859e-01
3.192500000000000071e+01 1.249726379999999970e-01
3.202000000000000313e+01 1.225525266999999974e-01
3.211999999999999744e+01 1.204729476999999993e-01
3.221999999999999886e+01 1.188363413999999896e-01
3.232000000000000028e+01 1.175603033000000019e-01
3.242000000000000171e+01 1.166550581999999947e-01
3.252000000000000313e+01 1.161902739000000018e-01
3.261999999999999744e+01 1.161163114999999857e-01
3.271999999999999886e+01 1.161401085999999860e-01
3.282000000000000028e+01 1.158079321999999911e-01
3.292000000000000171e+01 1.147034707000000042e-01
3.302000000000000313e+01 1.126277205000000003e-01
3.311999999999999744e+01 1.096944317999999918e-01
3.321999999999999886e+01 1.062929809999999947e-01
3.332000000000000028e+01 1.029468867999999981e-01
3.342000000000000171e+01 1.001256644000000084e-01
3.352000000000000313e+01 9.809086790000000333e-02
3.361999999999999744e+01 9.684476909999999161e-02
3.371999999999999886e+01 9.616352079999999913e-02
3.382000000000000028e+01 9.568694210000000533e-02
3.392000000000000171e+01 9.508419140000000380e-02
3.401500000000000057e+01 9.428871180000000796e-02
3.411500000000000199e+01 9.336978100000001279e-02
3.421500000000000341e+01 9.265114250000000551e-02
3.431499999999999773e+01 9.231918299999999911e-02
3.441499999999999915e+01 9.232496719999999657e-02
3.451500000000000057e+01 9.239773650000000782e-02
3.461500000000000199e+01 9.215330819999999201e-02
3.471500000000000341e+01 9.129761120000000341e-02
3.481499999999999773e+01 8.979635889999999787e-02
3.491499999999999915e+01 8.781649839999999818e-02
3.501500000000000057e+01 8.556488980000000188e-02
3.511500000000000199e+01 8.324188379999999943e-02
3.521500000000000341e+01 8.104591510000000443e-02
3.531499999999999773e+01 7.915494700000000328e-02
3.541499999999999915e+01 7.769721790000000405e-02
3.551500000000000057e+01 7.674192120000000727e-02
3.561500000000000199e+01 7.629768580000000078e-02
3.571500000000000341e+01 7.631014120000000067e-02
3.581499999999999773e+01 7.666564989999999358e-02
3.591499999999999915e+01 7.720874610000000304e-02
3.600999999999999801e+01 7.772721739999999269e-02
3.610999999999999943e+01 7.805251450000000313e-02
3.621000000000000085e+01 7.792290120000000542e-02
3.631000000000000227e+01 7.725967509999999427e-02
3.640999999999999659e+01 7.620952659999999379e-02
3.650999999999999801e+01 7.499832289999999735e-02
3.660999999999999943e+01 7.376092880000000018e-02
3.671000000000000085e+01 7.250528880000001175e-02
3.681000000000000227e+01 7.116795830000000045e-02
3.690999999999999659e+01 6.970441050000000804e-02
3.700999999999999801e+01 6.816727319999998924e-02
3.710999999999999943e+01 6.670020059999999529e-02
3.721000000000000085e+01 6.543178909999999848e-02
3.731000000000000227e+01 6.438647120000000335e-02
3.740999999999999659e+01 6.350185989999999892e-02
3.750999999999999801e+01 6.269620970000000515e-02
3.760999999999999943e+01 6.191957940000000077e-02
3.771000000000000085e+01 6.116922619999999589e-02
3.781000000000000227e+01 6.047251400000000499e-02
3.790999999999999659e+01 5.984564859999999542e-02
3.800500000000000256e+01 5.929049370000000208e-02
3.810499999999999687e+01 5.869927380000000000e-02
3.820499999999999829e+01 5.806419740000000329e-02
3.830499999999999972e+01 5.737914219999999677e-02
3.840500000000000114e+01 5.667145419999999878e-02
3.850500000000000256e+01 5.597259549999999972e-02
3.860499999999999687e+01 5.528016400000000663e-02
3.870499999999999829e+01 5.455434559999999822e-02
3.880499999999999972e+01 5.373775670000000004e-02
3.890500000000000114e+01 5.277202669999999513e-02
3.900500000000000256e+01 5.161876950000000158e-02
3.910499999999999687e+01 5.028727239999999932e-02
3.920499999999999829e+01 4.884962660000000123e-02
3.930499999999999972e+01 4.741718159999999682e-02
3.940500000000000114e+01 4.608794939999999452e-02
3.950500000000000256e+01 4.491093489999999772e-02
3.960499999999999687e+01 4.389137030000000300e-02
3.970499999999999829e+01 4.301816799999999552e-02
3.980499999999999972e+01 4.228790279999999902e-02
3.990500000000000114e+01 4.171399720000000533e-02
