1.000000000000000056e-01 1.040898700000000149e-02
2.000000000000000111e-01 1.353620550000000054e-02
2.999999999999999889e-01 1.508267610000000106e-02
4.000000000000000222e-01 1.667116869999999904e-02
5.000000000000000000e-01 1.825682539999999923e-02
5.999999999999999778e-01 1.967283549999999936e-02
6.999999999999999556e-01 2.092154660000000027e-02
8.000000000000000444e-01 2.214417089999999935e-02
9.000000000000000222e-01 2.348312450000000079e-02
1.000000000000000000e+00 2.501705489999999851e-02
1.100000000000000089e+00 2.677026259999999713e-02
1.199999999999999956e+00 2.874049550000000106e-02
1.300000000000000044e+00 3.092157549999999949e-02
1.399999999999999911e+00 3.330629899999999755e-02
1.500000000000000000e+00 3.588450239999999708e-02
1.600000000000000089e+00 3.862364179999999703e-02
1.699999999999999956e+00 4.144712279999999971e-02
1.800000000000000044e+00 4.421986860000000352e-02
1.899999999999999911e+00 4.679921539999999658e-02
2.000000000000000000e+00 4.913653340000000147e-02
2.095000000000000195e+00 5.121633990000000469e-02
2.194999999999999840e+00 5.341118699999999886e-02
2.294999999999999929e+00 5.574177090000000112e-02
2.395000000000000018e+00 5.828122909999999823e-02
2.495000000000000107e+00 6.105757459999999748e-02
2.595000000000000195e+00 6.407427699999999893e-02
2.694999999999999840e+00 6.732492530000000475e-02
2.794999999999999929e+00 7.080014049999999726e-02
2.895000000000000018e+00 7.449171129999999919e-02
2.995000000000000107e+00 7.839498489999999209e-02
3.095000000000000195e+00 8.251375280000000645e-02
3.194999999999999840e+00 8.687958819999999638e-02
3.294999999999999929e+00 9.153540059999999701e-02
3.395000000000000018e+00 9.648887509999999612e-02
3.495000000000000107e+00 1.016870454000000090e-01
3.595000000000000195e+00 1.070568318000000019e-01
3.694999999999999840e+00 1.125807460999999898e-01
3.794999999999999929e+00 1.183297685000000016e-01
3.895000000000000018e+00 1.243838067999999963e-01
3.995000000000000107e+00 1.307014277999999918e-01
4.089999999999999858e+00 1.367769675999999934e-01
4.190000000000000391e+00 1.430531911000000045e-01
4.290000000000000036e+00 1.491196577000000190e-01
4.389999999999999680e+00 1.550490351000000100e-01
4.490000000000000213e+00 1.610710250999999871e-01
4.589999999999999858e+00 1.675252616999999833e-01
4.690000000000000391e+00 1.747346183999999858e-01
4.790000000000000036e+00 1.829042159000000001e-01
4.889999999999999680e+00 1.921868174999999956e-01
4.990000000000000213e+00 2.028275136999999895e-01
5.089999999999999858e+00 2.152022974999999727e-01
5.190000000000000391e+00 2.297273671999999767e-01
5.290000000000000036e+00 2.467094444999999858e-01
5.389999999999999680e+00 2.662913268000000055e-01
5.490000000000000213e+00 2.884762181000000147e-01
5.589999999999999858e+00 3.132218332999999744e-01
5.690000000000000391e+00 3.405919417000000116e-01
5.790000000000000036e+00 3.709611405000000084e-01
5.889999999999999680e+00 4.050398014000000102e-01
5.990000000000000213e+00 4.434164858999999903e-01
6.084999999999999964e+00 4.832419519000000219e-01
6.184999999999999609e+00 5.254394696999999947e-01
6.285000000000000142e+00 5.617208186000000047e-01
6.384999999999999787e+00 5.858438196999999903e-01
6.485000000000000320e+00 5.958030934000000389e-01
6.584999999999999964e+00 5.946859286000000244e-01
6.684999999999999609e+00 5.880331678999999312e-01
6.785000000000000142e+00 5.809347692999999868e-01
6.884999999999999787e+00 5.763430205999999778e-01
6.985000000000000320e+00 5.752849345999999642e-01
7.084999999999999964e+00 5.785048455000000311e-01
7.184999999999999609e+00 5.874389147999999894e-01
7.285000000000000142e+00 6.037040619000000330e-01
7.384999999999999787e+00 6.284567048000000433e-01
7.485000000000000320e+00 6.622816268000000228e-01
7.584999999999999964e+00 7.053718310000000047e-01
7.684999999999999609e+00 7.576444579000000124e-01
7.785000000000000142e+00 8.186228437000000469e-01
7.884999999999999787e+00 8.867817908999999776e-01
7.985000000000000320e+00 9.593681563999999495e-01
8.080000000000000071e+00 1.029937593999999956e+00
8.179999999999999716e+00 1.104961132100000132e+00
8.279999999999999361e+00 1.181740127599999912e+00
8.380000000000000782e+00 1.262232934900000103e+00
8.480000000000000426e+00 1.348309674799999858e+00
8.580000000000000071e+00 1.441185391299999896e+00
8.679999999999999716e+00 1.540768028900000086e+00
8.779999999999999361e+00 1.645502661900000163e+00
8.880000000000000782e+00 1.753249328899999959e+00
8.980000000000000426e+00 1.862408543399999949e+00
9.080000000000000071e+00 1.972190077400000074e+00
9.179999999999999716e+00 2.081766454599999872e+00
9.279999999999999361e+00 2.188239111499999723e+00
9.380000000000000782e+00 2.285872424899999977e+00
9.480000000000000426e+00 2.370485298500000226e+00
9.580000000000000071e+00 2.445742908200000176e+00
9.679999999999999716e+00 2.524291916200000152e+00
9.779999999999999361e+00 2.622547309999999854e+00
9.880000000000000782e+00 2.754142870499999951e+00
9.980000000000000426e+00 2.924886908199999969e+00
1.007499999999999929e+01 3.119002935400000176e+00
1.017500000000000071e+01 3.339102119899999721e+00
1.027500000000000036e+01 3.544258095200000014e+00
1.037500000000000000e+01 3.703699259799999588e+00
1.047499999999999964e+01 3.811311315100000208e+00
1.057499999999999929e+01 3.893592488599999957e+00
1.067500000000000071e+01 3.990652085199999810e+00
1.077500000000000036e+01 4.132358189699999684e+00
1.087500000000000000e+01 4.326059014400000180e+00
1.097499999999999964e+01 4.556046795500000357e+00
1.107499999999999929e+01 4.797321745999999720e+00
1.117500000000000071e+01 5.039107632800000403e+00
1.127500000000000036e+01 5.296249131499999763e+00
1.137500000000000000e+01 5.597153894799999918e+00
1.147499999999999964e+01 5.967182355900000346e+00
1.157499999999999929e+01 6.422169388100000376e+00
1.167500000000000071e+01 6.968500419599999773e+00
1.177500000000000036e+01 7.602353169600000626e+00
1.187500000000000000e+01 8.308184415999999572e+00
1.197499999999999964e+01 9.047013681999999335e+00
1.207000000000000028e+01 9.705474158000001239e+00
1.216999999999999993e+01 1.023439548989999892e+01
1.226999999999999957e+01 1.047759396449999869e+01
1.236999999999999922e+01 1.038627834220000068e+01
1.247000000000000064e+01 1.001930298570000133e+01
1.257000000000000028e+01 9.511977093100000502e+00
1.266999999999999993e+01 9.003967733999999723e+00
1.276999999999999957e+01 8.592438502500000297e+00
1.286999999999999922e+01 8.326943373100000656e+00
1.297000000000000064e+01 8.217525264999999024e+00
1.307000000000000028e+01 8.246975382399998722e+00
1.316999999999999993e+01 8.384399093299998995e+00
1.326999999999999957e+01 8.595158693500000169e+00
1.336999999999999922e+01 8.848330217099999118e+00
1.347000000000000064e+01 9.127569895600000649e+00
1.357000000000000028e+01 9.434767210600000453e+00
1.366999999999999993e+01 9.770122705200000368e+00
1.376999999999999957e+01 1.009919572880000160e+01
1.386999999999999922e+01 1.034103307799999882e+01
1.397000000000000064e+01 1.041375466290000062e+01
1.406499999999999950e+01 1.032152668640000037e+01
1.416499999999999915e+01 1.013443701309999945e+01
1.426500000000000057e+01 9.937630747700000100e+00
1.436500000000000021e+01 9.731015361799999042e+00
1.446499999999999986e+01 9.435344858800000623e+00
1.456499999999999950e+01 8.979947486999998674e+00
1.466499999999999915e+01 8.376664664099999769e+00
1.476500000000000057e+01 7.703641645700000318e+00
1.486500000000000021e+01 7.041948400199999902e+00
1.496499999999999986e+01 6.438605385599999842e+00
1.506499999999999950e+01 5.906672621300000259e+00
1.516499999999999915e+01 5.443394493700000503e+00
1.526500000000000057e+01 5.045794937800000213e+00
1.536500000000000021e+01 4.712631523999999850e+00
1.546499999999999986e+01 4.437618254200000223e+00
1.556499999999999950e+01 4.204707858199999926e+00
1.566499999999999915e+01 3.993253684699999972e+00
1.576500000000000057e+01 3.791629715999999650e+00
1.586500000000000021e+01 3.604902211400000223e+00
1.596499999999999986e+01 3.447581630600000224e+00
1.605999999999999872e+01 3.336165854499999917e+00
1.616000000000000014e+01 3.261815035300000165e+00
1.626000000000000156e+01 3.224799828699999704e+00
1.635999999999999943e+01 3.210069638999999864e+00
1.646000000000000085e+01 3.198590541299999757e+00
1.655999999999999872e+01 3.174508024400000128e+00
1.666000000000000014e+01 3.134298327699999831e+00
1.676000000000000156e+01 3.090869819399999940e+00
1.685999999999999943e+01 3.065868869800000063e+00
1.696000000000000085e+01 3.076541713000000122e+00
1.705999999999999872e+01 3.126669978699999852e+00
1.716000000000000014e+01 3.205019424100000069e+00
1.726000000000000156e+01 3.289939972700000048e+00
1.735999999999999943e+01 3.356284448000000253e+00
1.746000000000000085e+01 3.382104226500000088e+00
1.755999999999999872e+01 3.356516410299999809e+00
1.766000000000000014e+01 3.287345595400000153e+00
1.776000000000000156e+01 3.199408048400000038e+00
1.785999999999999943e+01 3.120496148199999986e+00
1.796000000000000085e+01 3.065863627699999761e+00
1.805499999999999972e+01 3.033557165199999961e+00
1.815500000000000114e+01 3.003827730400000284e+00
1.825499999999999901e+01 2.958638751700000125e+00
1.835500000000000043e+01 2.886097466099999842e+00
1.845499999999999829e+01 2.786125719100000175e+00
1.855499999999999972e+01 2.663656844300000159e+00
1.865500000000000114e+01 2.524239057099999961e+00
1.875499999999999901e+01 2.375312999800000213e+00
1.885500000000000043e+01 2.225215689899999738e+00
1.895499999999999829e+01 2.080784711199999748e+00
1.905499999999999972e+01 1.946799186400000048e+00
1.915500000000000114e+01 1.825813886899999794e+00
1.925499999999999901e+01 1.717426211699999872e+00
1.935500000000000043e+01 1.618144786900000076e+00
1.945499999999999829e+01 1.523194727699999973e+00
1.955499999999999972e+01 1.429039833900000112e+00
1.965500000000000114e+01 1.334918707799999993e+00
1.975499999999999901e+01 1.243467970199999773e+00
1.985500000000000043e+01 1.159320818599999914e+00
1.995499999999999829e+01 1.085517537599999915e+00
2.005000000000000071e+01 1.024412738000000100e+00
2.014999999999999858e+01 9.668352615999999955e-01
2.025000000000000000e+01 9.139262251999999975e-01
2.035000000000000142e+01 8.650691914999999454e-01
2.044999999999999929e+01 8.205480115999999047e-01
2.055000000000000071e+01 7.806123747000000002e-01
2.064999999999999858e+01 7.450630789999999060e-01
2.075000000000000000e+01 7.129725226999999999e-01
2.085000000000000142e+01 6.825289479000000714e-01
2.094999999999999929e+01 6.516361527999999792e-01
2.105000000000000071e+01 6.191846789999999601e-01
2.114999999999999858e+01 5.857709612000000510e-01
2.125000000000000000e+01 5.531758010000000780e-01
2.135000000000000142e+01 5.233983818999999871e-01
2.144999999999999929e+01 4.979653150999999722e-01
2.155000000000000071e+01 4.776127730999999987e-01
2.164999999999999858e+01 4.622870393999999883e-01
2.175000000000000000e+01 4.513664828000000240e-01
2.185000000000000142e+01 4.438676770000000160e-01
2.194999999999999929e+01 4.383479804000000035e-01
2.204500000000000171e+01 4.331313705000000014e-01
2.214499999999999957e+01 4.257698109999999980e-01
2.224500000000000099e+01 4.154671233000000186e-01
2.234499999999999886e+01 4.025033773000000203e-01
2.244500000000000028e+01 3.881404165000000295e-01
2.254500000000000171e+01 3.739521136000000245e-01
2.264499999999999957e+01 3.612395740000000077e-01
2.274500000000000099e+01 3.506542292000000005e-01
2.284499999999999886e+01 3.420603806999999996e-01
2.294500000000000028e+01 3.347750153999999867e-01
2.304500000000000171e+01 3.280657324000000319e-01
2.314499999999999957e+01 3.215106689000000184e-01
2.324500000000000099e+01 3.150500052999999911e-01
2.334499999999999886e+01 3.088077552000000336e-01
2.344500000000000028e+01 3.028221935000000031e-01
2.354500000000000171e+01 2.969425538000000087e-01
2.364499999999999957e+01 2.909520722999999753e-01
2.374500000000000099e+01 2.846907200999999610e-01
2.384499999999999886e+01 2.780269798000000181e-01
2.394500000000000028e+01 2.707897783000000058e-01
2.403999999999999915e+01 2.632704261999999629e-01
2.414000000000000057e+01 2.548103523999999953e-01
2.423999999999999844e+01 2.462887091000000028e-01
2.433999999999999986e+01 2.383880976000000151e-01
2.444000000000000128e+01 2.315758309000000015e-01
2.453999999999999915e+01 2.258869137999999777e-01
2.464000000000000057e+01 2.210397532000000220e-01
2.473999999999999844e+01 2.167020069999999743e-01
2.483999999999999986e+01 2.126531044000000148e-01
2.494000000000000128e+01 2.087816554999999963e-01
2.503999999999999915e+01 2.050148632000000082e-01
2.514000000000000057e+01 2.013160098000000009e-01
2.523999999999999844e+01 1.977298654000000100e-01
2.533999999999999986e+01 1.943568425000000155e-01
2.544000000000000128e+01 1.912675001999999957e-01
2.553999999999999915e+01 1.884541080999999896e-01
2.564000000000000057e+01 1.858568443999999986e-01
2.573999999999999844e+01 1.834345719000000097e-01
2.583999999999999986e+01 1.811966486000000098e-01
2.594000000000000128e+01 1.791568037000000058e-01
2.603500000000000014e+01 1.773606813999999976e-01
2.613500000000000156e+01 1.754639828000000012e-01
2.623499999999999943e+01 1.733390989999999965e-01
2.633500000000000085e+01 1.708697993999999942e-01
2.643499999999999872e+01 1.681844318000000060e-01
2.653500000000000014e+01 1.655442648999999877e-01
2.663500000000000156e+01 1.631583162999999947e-01
2.673499999999999943e+01 1.611361446000000031e-01
2.683500000000000085e+01 1.594922245000000016e-01
2.693499999999999872e+01 1.581341156999999942e-01
2.703500000000000014e+01 1.569297102999999971e-01
2.713500000000000156e+01 1.558061195000000065e-01
2.723499999999999943e+01 1.547786966999999958e-01
2.733500000000000085e+01 1.538712828000000088e-01
2.743499999999999872e+01 1.530244726999999971e-01
2.753500000000000014e+01 1.521229897999999969e-01
2.763500000000000156e+01 1.511509615000000140e-01
2.773499999999999943e+01 1.503326479000000049e-01
2.783500000000000085e+01 1.500713008000000015e-01
2.793499999999999872e+01 1.507387041999999899e-01
2.803000000000000114e+01 1.524374192000000072e-01
2.812999999999999901e+01 1.553833762000000063e-01
2.823000000000000043e+01 1.592885626000000165e-01
2.832999999999999829e+01 1.636137819999999854e-01
2.842999999999999972e+01 1.677410383999999866e-01
2.853000000000000114e+01 1.713121070999999995e-01
2.862999999999999901e+01 1.743284207999999946e-01
2.873000000000000043e+01 1.768555038999999884e-01
2.882999999999999829e+01 1.788664900999999974e-01
2.892999999999999972e+01 1.803305782999999884e-01
2.903000000000000114e+01 1.812492384000000123e-01
2.912999999999999901e+01 1.815619552999999942e-01
2.923000000000000043e+01 1.811203000999999924e-01
2.932999999999999829e+01 1.797632925000000048e-01
2.942999999999999972e+01 1.773777786999999884e-01
2.953000000000000114e+01 1.739090355000000032e-01
2.962999999999999901e+01 1.693352734999999942e-01
2.973000000000000043e+01 1.636722546000000111e-01
2.982999999999999829e+01 1.570654276999999821e-01
2.992999999999999972e+01 1.498522379999999987e-01
3.002499999999999858e+01 1.428672834999999974e-01
3.012500000000000000e+01 1.358370059000000019e-01
3.022500000000000142e+01 1.294962346999999903e-01
3.032499999999999929e+01 1.239910730000000072e-01
3.042500000000000071e+01 1.192602063999999851e-01
3.052499999999999858e+01 1.151366105000000001e-01
3.062500000000000000e+01 1.114468611999999970e-01
3.072500000000000142e+01 1.080548575999999983e-01
3.082499999999999929e+01 1.048877200999999981e-01
3.092500000000000071e+01 1.019777716000000028e-01
3.102499999999999858e+01 9.947760710000000395e-02
3.112500000000000000e+01 9.756664930000000235e-02
3.122500000000000142e+01 9.631897370000000458e-02
3.132499999999999929e+01 9.565834339999999825e-02
3.142500000000000071e+01 9.539827089999999843e-02
3.152499999999999858e+01 9.527851080000000750e-02
3.162500000000000000e+01 9.498629199999999995e-02
3.172500000000000142e+01 9.424519350000000462e-02
3.182499999999999929e+01 9.294443680000000207e-02
3.192500000000000071e+01 9.116269709999999526e-02
3.202000000000000313e+01 8.918563940000000245e-02
3.211999999999999744e+01 8.697977020000000059e-02
3.221999999999999886e+01 8.476640450000000326e-02
3.232000000000000028e+01 8.259218499999999852e-02
3.242000000000000171e+01 8.048203100000000942e-02
3.252000000000000313e+01 7.849979849999999537e-02
3.261999999999999744e+01 7.673471939999999825e-02
3.271999999999999886e+01 7.523680350000000461e-02
3.282000000000000028e+01 7.397001009999999710e-02
3.292000000000000171e+01 7.283392519999999648e-02
3.302000000000000313e+01 7.173826490000000111e-02
3.311999999999999744e+01 7.066039520000000351e-02
3.321999999999999886e+01 6.965211760000000751e-02
3.332000000000000028e+01 6.880588409999999211e-02
3.342000000000000171e+01 6.820296039999999838e-02
3.352000000000000313e+01 6.787666670000000457e-02
3.361999999999999744e+01 6.781179119999999894e-02
3.371999999999999886e+01 6.796640279999999201e-02
3.382000000000000028e+01 6.830226130000000007e-02
3.392000000000000171e+01 6.880158690000000299e-02
3.401500000000000057e+01 6.940254740000000033e-02
3.411500000000000199e+01 7.007317739999999184e-02
3.421500000000000341e+01 7.057181329999999420e-02
3.431499999999999773e+01 7.060510250000000265e-02
3.441499999999999915e+01 6.995753059999999801e-02
3.451500000000000057e+01 6.866423250000000533e-02
3.461500000000000199e+01 6.699796280000000492e-02
3.471500000000000341e+01 6.530334229999999740e-02
3.481499999999999773e+01 6.386007450000000252e-02
3.491499999999999915e+01 6.282293320000000014e-02
3.501500000000000057e+01 6.221206989999999992e-02
3.511500000000000199e+01 6.193346040000000108e-02
3.521500000000000341e+01 6.182527909999999821e-02
3.531499999999999773e+01 6.173228409999999972e-02
3.541499999999999915e+01 6.155212229999999785e-02
3.551500000000000057e+01 6.121055019999999819e-02
3.561500000000000199e+01 6.064336010000000166e-02
3.571500000000000341e+01 5.983106779999999847e-02
3.581499999999999773e+01 5.881330010000000719e-02
3.591499999999999915e+01 5.765616099999999744e-02
3.600999999999999801e+01 5.647814169999999800e-02
3.610999999999999943e+01 5.518396000000000412e-02
3.621000000000000085e+01 5.384748649999999970e-02
3.631000000000000227e+01 5.248527309999999335e-02
3.640999999999999659e+01 5.112229730000000111e-02
3.650999999999999801e+01 4.978609039999999653e-02
3.660999999999999943e+01 4.850215719999999980e-02
3.671000000000000085e+01 4.729954320000000212e-02
3.681000000000000227e+01 4.621701089999999401e-02
3.690999999999999659e+01 4.528653089999999659e-02
3.700999999999999801e+01 4.450719440000000526e-02
3.710999999999999943e+01 4.384740899999999691e-02
3.721000000000000085e+01 4.327897459999999891e-02
3.731000000000000227e+01 4.279663629999999608e-02
3.740999999999999659e+01 4.239675610000000205e-02
3.750999999999999801e+01 4.204942980000000302e-02
3.760999999999999943e+01 4.169653670000000173e-02
3.771000000000000085e+01 4.126644089999999959e-02
3.781000000000000227e+01 4.069587389999999860e-02
3.790999999999999659e+01 3.996815869999999910e-02
3.800500000000000256e+01 3.918507170000000428e-02
3.810499999999999687e+01 3.836894960000000049e-02
3.820499999999999829e+01 3.766088550000000479e-02
3.830499999999999972e+01 3.711848570000000208e-02
3.840500000000000114e+01 3.674063649999999986e-02
3.850500000000000256e+01 3.647537459999999898e-02
3.860499999999999687e+01 3.625435369999999852e-02
3.870499999999999829e+01 3.603017359999999975e-02
3.880499999999999972e+01 3.578945120000000257e-02
3.890500000000000114e+01 3.553792299999999904e-02
3.900500000000000256e+01 3.528132940000000550e-02
3.910499999999999687e+01 3.502096409999999604e-02
3.920499999999999829e+01 3.476380769999999620e-02
3.930499999999999972e+01 3.452826159999999867e-02
3.940500000000000114e+01 3.433518320000000096e-02
3.950500000000000256e+01 3.419150330000000210e-02
3.960499999999999687e+01 3.407663179999999986e-02
3.970499999999999829e+01 3.395264140000000402e-02
3.980499999999999972e+01 3.379728950000000093e-02
3.990500000000000114e+01 3.361933520000000286e-02
