1.000000000000000056e-01 1.708047180000000012e-02
2.000000000000000111e-01 2.598316939999999881e-02
2.999999999999999889e-01 3.052122380000000038e-02
4.000000000000000222e-01 3.340049839999999909e-02
5.000000000000000000e-01 3.519319370000000002e-02
5.999999999999999778e-01 3.624349999999999794e-02
6.999999999999999556e-01 3.710762100000000036e-02
8.000000000000000444e-01 3.829833119999999369e-02
9.000000000000000222e-01 4.012348520000000307e-02
1.000000000000000000e+00 4.270089259999999831e-02
1.100000000000000089e+00 4.608056119999999478e-02
1.199999999999999956e+00 5.029395879999999652e-02
1.300000000000000044e+00 5.539832299999999932e-02
1.399999999999999911e+00 6.148508619999999703e-02
1.500000000000000000e+00 6.865343430000001024e-02
1.600000000000000089e+00 7.696976760000000251e-02
1.699999999999999956e+00 8.638958599999999044e-02
1.800000000000000044e+00 9.671747969999999750e-02
1.899999999999999911e+00 1.076939218000000087e-01
2.000000000000000000e+00 1.190998090999999953e-01
2.095000000000000195e+00 1.301011966999999769e-01
2.194999999999999840e+00 1.414641829000000128e-01
2.294999999999999929e+00 1.523498939000000052e-01
2.395000000000000018e+00 1.630552922000000071e-01
2.495000000000000107e+00 1.742318662999999823e-01
2.595000000000000195e+00 1.861645845000000077e-01
2.694999999999999840e+00 1.983471794999999982e-01
2.794999999999999929e+00 2.098263087999999998e-01
2.895000000000000018e+00 2.199885094000000041e-01
2.995000000000000107e+00 2.291406190999999981e-01
3.095000000000000195e+00 2.386561684000000072e-01
3.194999999999999840e+00 2.505443324000000138e-01
3.294999999999999929e+00 2.665533708999999751e-01
3.395000000000000018e+00 2.875499002000000415e-01
3.495000000000000107e+00 3.133739661000000121e-01
3.595000000000000195e+00 3.426435285000000164e-01
3.694999999999999840e+00 3.722330293000000179e-01
3.794999999999999929e+00 3.975291235000000256e-01
3.895000000000000018e+00 4.146279600000000176e-01
3.995000000000000107e+00 4.231815232000000204e-01
4.089999999999999858e+00 4.268730009000000214e-01
4.190000000000000391e+00 4.318494644000000493e-01
4.290000000000000036e+00 4.434436572000000076e-01
4.389999999999999680e+00 4.655278601000000238e-01
4.490000000000000213e+00 5.000788886000000488e-01
4.589999999999999858e+00 5.471918260000000478e-01
4.690000000000000391e+00 6.046643915000000646e-01
4.790000000000000036e+00 6.675509853999999077e-01
4.889999999999999680e+00 7.288114232000000303e-01
4.990000000000000213e+00 7.815545563000000362e-01
5.089999999999999858e+00 8.215450497999999824e-01
5.190000000000000391e+00 8.479711570000000309e-01
5.290000000000000036e+00 8.626334289999999516e-01
5.389999999999999680e+00 8.683920098999999837e-01
5.490000000000000213e+00 8.674918192999999667e-01
5.589999999999999858e+00 8.608379752999999468e-01
5.690000000000000391e+00 8.498144278999999468e-01
5.790000000000000036e+00 8.387438335000000356e-01
5.889999999999999680e+00 8.341006036999999429e-01
5.990000000000000213e+00 8.416369310000000326e-01
6.084999999999999964e+00 8.629832935000000260e-01
6.184999999999999609e+00 9.005125533000000182e-01
6.285000000000000142e+00 9.503905427000000072e-01
6.384999999999999787e+00 1.006628713600000058e+00
6.485000000000000320e+00 1.062786929000000047e+00
6.584999999999999964e+00 1.115512849499999959e+00
6.684999999999999609e+00 1.165697216299999894e+00
6.785000000000000142e+00 1.216297633499999975e+00
6.884999999999999787e+00 1.270185085000000047e+00
6.985000000000000320e+00 1.329283401300000111e+00
7.084999999999999964e+00 1.392351685299999975e+00
7.184999999999999609e+00 1.452731298800000070e+00
7.285000000000000142e+00 1.500226928400000048e+00
7.384999999999999787e+00 1.525447343099999964e+00
7.485000000000000320e+00 1.523363746700000076e+00
7.584999999999999964e+00 1.495806844799999924e+00
7.684999999999999609e+00 1.451315845799999948e+00
7.785000000000000142e+00 1.400676881299999899e+00
7.884999999999999787e+00 1.352495145500000051e+00
7.985000000000000320e+00 1.311948592199999819e+00
8.080000000000000071e+00 1.282459293600000105e+00
8.179999999999999716e+00 1.260812318000000154e+00
8.279999999999999361e+00 1.247683242799999981e+00
8.380000000000000782e+00 1.242007921199999920e+00
8.480000000000000426e+00 1.243893186700000042e+00
8.580000000000000071e+00 1.254654764900000163e+00
8.679999999999999716e+00 1.274795230900000131e+00
8.779999999999999361e+00 1.302297559999999965e+00
8.880000000000000782e+00 1.333136521199999924e+00
8.980000000000000426e+00 1.362554398699999947e+00
9.080000000000000071e+00 1.385858249900000061e+00
9.179999999999999716e+00 1.399601783600000093e+00
9.279999999999999361e+00 1.403303519100000063e+00
9.380000000000000782e+00 1.399137452900000023e+00
9.480000000000000426e+00 1.389706725499999962e+00
9.580000000000000071e+00 1.377816479000000038e+00
9.679999999999999716e+00 1.367908266499999970e+00
9.779999999999999361e+00 1.365093613099999992e+00
9.880000000000000782e+00 1.371822734800000054e+00
9.980000000000000426e+00 1.386180709700000069e+00
1.007499999999999929e+01 1.403018732100000054e+00
1.017500000000000071e+01 1.422079193300000099e+00
1.027500000000000036e+01 1.443996337500000005e+00
1.037500000000000000e+01 1.470495503199999998e+00
1.047499999999999964e+01 1.500002993399999873e+00
1.057499999999999929e+01 1.528964538199999890e+00
1.067500000000000071e+01 1.556759510100000021e+00
1.077500000000000036e+01 1.587745221000000040e+00
1.087500000000000000e+01 1.626817057200000027e+00
1.097499999999999964e+01 1.673131569599999979e+00
1.107499999999999929e+01 1.718623017300000111e+00
1.117500000000000071e+01 1.752698721799999859e+00
1.127500000000000036e+01 1.768010409099999958e+00
1.137500000000000000e+01 1.762366235700000061e+00
1.147499999999999964e+01 1.737459514099999991e+00
1.157499999999999929e+01 1.698140032900000040e+00
1.167500000000000071e+01 1.652244410100000005e+00
1.177500000000000036e+01 1.609025225599999942e+00
1.187500000000000000e+01 1.576130360700000121e+00
1.197499999999999964e+01 1.558019857999999980e+00
1.207000000000000028e+01 1.556290202300000036e+00
1.216999999999999993e+01 1.571338135800000035e+00
1.226999999999999957e+01 1.604512280600000063e+00
1.236999999999999922e+01 1.658438303700000116e+00
1.247000000000000064e+01 1.736411540500000017e+00
1.257000000000000028e+01 1.838149740199999993e+00
1.266999999999999993e+01 1.955781759200000192e+00
1.276999999999999957e+01 2.075061975599999720e+00
1.286999999999999922e+01 2.183084956800000143e+00
1.297000000000000064e+01 2.276455262299999838e+00
1.307000000000000028e+01 2.361671390199999720e+00
1.316999999999999993e+01 2.449466495399999832e+00
1.326999999999999957e+01 2.549662050600000285e+00
1.336999999999999922e+01 2.667272149099999989e+00
1.347000000000000064e+01 2.798440400999999689e+00
1.357000000000000028e+01 2.931316079700000188e+00
1.366999999999999993e+01 3.054880899299999619e+00
1.376999999999999957e+01 3.166055579500000050e+00
1.386999999999999922e+01 3.267815898599999880e+00
1.397000000000000064e+01 3.364990756300000108e+00
1.406499999999999950e+01 3.457276197599999712e+00
1.416499999999999915e+01 3.555229051299999554e+00
1.426500000000000057e+01 3.647653851500000322e+00
1.436500000000000021e+01 3.721413817500000221e+00
1.446499999999999986e+01 3.763474092600000098e+00
1.456499999999999950e+01 3.769393071200000112e+00
1.466499999999999915e+01 3.744912512299999996e+00
1.476500000000000057e+01 3.701010897899999819e+00
1.486500000000000021e+01 3.649820694499999796e+00
1.496499999999999986e+01 3.599809912900000075e+00
1.506499999999999950e+01 3.551212990399999825e+00
1.516499999999999915e+01 3.499786976100000224e+00
1.526500000000000057e+01 3.446993937200000246e+00
1.536500000000000021e+01 3.404072046899999648e+00
1.546499999999999986e+01 3.384456956999999822e+00
1.556499999999999950e+01 3.393529336200000301e+00
1.566499999999999915e+01 3.427549928599999962e+00
1.576500000000000057e+01 3.480190494299999937e+00
1.586500000000000021e+01 3.546678616000000339e+00
1.596499999999999986e+01 3.622641750699999719e+00
1.605999999999999872e+01 3.700090226799999993e+00
1.616000000000000014e+01 3.786723810499999843e+00
1.626000000000000156e+01 3.881014806700000097e+00
1.635999999999999943e+01 3.985004876200000101e+00
1.646000000000000085e+01 4.097220986600000003e+00
1.655999999999999872e+01 4.207967840400000270e+00
1.666000000000000014e+01 4.296793289300000040e+00
1.676000000000000156e+01 4.340043896500000109e+00
1.685999999999999943e+01 4.325377916699999936e+00
1.696000000000000085e+01 4.261402271299999711e+00
1.705999999999999872e+01 4.173149025799999912e+00
1.716000000000000014e+01 4.087620535200000127e+00
1.726000000000000156e+01 4.020405799399999758e+00
1.735999999999999943e+01 3.971782448299999935e+00
1.746000000000000085e+01 3.933556014599999706e+00
1.755999999999999872e+01 3.898574050400000157e+00
1.766000000000000014e+01 3.863762573599999861e+00
1.776000000000000156e+01 3.827188628100000045e+00
1.785999999999999943e+01 3.787827358600000416e+00
1.796000000000000085e+01 3.747320305699999743e+00
1.805499999999999972e+01 3.710147010700000081e+00
1.815500000000000114e+01 3.670982964899999867e+00
1.825499999999999901e+01 3.625158527199999980e+00
1.835500000000000043e+01 3.564422523900000250e+00
1.845499999999999829e+01 3.485497009399999957e+00
1.855499999999999972e+01 3.395932470600000030e+00
1.865500000000000114e+01 3.312041668800000060e+00
1.875499999999999901e+01 3.249657928900000048e+00
1.885500000000000043e+01 3.218263526400000352e+00
1.895499999999999829e+01 3.221655160000000073e+00
1.905499999999999972e+01 3.260591620400000057e+00
1.915500000000000114e+01 3.335660327700000316e+00
1.925499999999999901e+01 3.447945369600000198e+00
1.935500000000000043e+01 3.594507743399999899e+00
1.945499999999999829e+01 3.761000345999999883e+00
1.955499999999999972e+01 3.918981821799999654e+00
1.965500000000000114e+01 4.034140674099999657e+00
1.975499999999999901e+01 4.081424487699999659e+00
1.985500000000000043e+01 4.055579520800000282e+00
1.995499999999999829e+01 3.967764256200000172e+00
2.005000000000000071e+01 3.838932546299999693e+00
2.014999999999999858e+01 3.662052892999999809e+00
2.025000000000000000e+01 3.450546922700000074e+00
2.035000000000000142e+01 3.222949992399999797e+00
2.044999999999999929e+01 3.003544131299999975e+00
2.055000000000000071e+01 2.809789433100000178e+00
2.064999999999999858e+01 2.647377463199999781e+00
2.075000000000000000e+01 2.513337517400000110e+00
2.085000000000000142e+01 2.400888560999999921e+00
2.094999999999999929e+01 2.304357425200000087e+00
2.105000000000000071e+01 2.222100798700000102e+00
2.114999999999999858e+01 2.153816644900000021e+00
2.125000000000000000e+01 2.095230369000000259e+00
2.135000000000000142e+01 2.037057890999999898e+00
2.144999999999999929e+01 1.970209340399999842e+00
2.155000000000000071e+01 1.891628888300000089e+00
2.164999999999999858e+01 1.804635454899999880e+00
2.175000000000000000e+01 1.715247625499999984e+00
2.185000000000000142e+01 1.629367858399999980e+00
2.194999999999999929e+01 1.551149840699999949e+00
2.204500000000000171e+01 1.484895449799999989e+00
2.214499999999999957e+01 1.421511232499999888e+00
2.224500000000000099e+01 1.361167176699999981e+00
2.234499999999999886e+01 1.301902349299999928e+00
2.244500000000000028e+01 1.244744683600000013e+00
2.254500000000000171e+01 1.192457840999999963e+00
2.264499999999999957e+01 1.147127608399999943e+00
2.274500000000000099e+01 1.108982791100000087e+00
2.284499999999999886e+01 1.076531293499999986e+00
2.294500000000000028e+01 1.047497986600000042e+00
2.304500000000000171e+01 1.020247512200000095e+00
2.314499999999999957e+01 9.944414665999999903e-01
2.324500000000000099e+01 9.702395717999999780e-01
2.334499999999999886e+01 9.474545352000000031e-01
2.344500000000000028e+01 9.256706325000000346e-01
2.354500000000000171e+01 9.046845824000000480e-01
2.364499999999999957e+01 8.846610043000000534e-01
2.374500000000000099e+01 8.662933091000000196e-01
2.384499999999999886e+01 8.508882384000000521e-01
2.394500000000000028e+01 8.398554799999999876e-01
2.403999999999999915e+01 8.339171081000000818e-01
2.414000000000000057e+01 8.312774226000000377e-01
2.423999999999999844e+01 8.292689552999999991e-01
2.433999999999999986e+01 8.240418553999999673e-01
2.444000000000000128e+01 8.133631836000000392e-01
2.453999999999999915e+01 7.983731948999999162e-01
2.464000000000000057e+01 7.830275801999999619e-01
2.473999999999999844e+01 7.716200979999999765e-01
2.483999999999999986e+01 7.666703954000000376e-01
2.494000000000000128e+01 7.683209009000000478e-01
2.503999999999999915e+01 7.751967202000000778e-01
2.514000000000000057e+01 7.858673356000001053e-01
2.523999999999999844e+01 7.997081110999999520e-01
2.533999999999999986e+01 8.164769915999999794e-01
2.544000000000000128e+01 8.349720957999999804e-01
2.553999999999999915e+01 8.522970804000000733e-01
2.564000000000000057e+01 8.648601138999999494e-01
2.573999999999999844e+01 8.704267206999999340e-01
2.583999999999999986e+01 8.692449923999999717e-01
2.594000000000000128e+01 8.633893220999999674e-01
2.603500000000000014e+01 8.555709589000000115e-01
2.613500000000000156e+01 8.459817642000000415e-01
2.623499999999999943e+01 8.345102860999999983e-01
2.633500000000000085e+01 8.201767006000000304e-01
2.643499999999999872e+01 8.034058444999999660e-01
2.653500000000000014e+01 7.865972767000000143e-01
2.663500000000000156e+01 7.726464538000000770e-01
2.673499999999999943e+01 7.633440263999999864e-01
2.683500000000000085e+01 7.593202450000000603e-01
2.693499999999999872e+01 7.610208122000000630e-01
2.703500000000000014e+01 7.693880574999999444e-01
2.713500000000000156e+01 7.853846784000000358e-01
2.723499999999999943e+01 8.083527368999999796e-01
2.733500000000000085e+01 8.343609708000000458e-01
2.743499999999999872e+01 8.563566317999999900e-01
2.753500000000000014e+01 8.666371338999999674e-01
2.763500000000000156e+01 8.597973405000000069e-01
2.773499999999999943e+01 8.344734790000000180e-01
2.783500000000000085e+01 7.934114330999999520e-01
2.793499999999999872e+01 7.419795185999999987e-01
2.803000000000000114e+01 6.891024368999999483e-01
2.812999999999999901e+01 6.344580452999999398e-01
2.823000000000000043e+01 5.844547528000000325e-01
2.832999999999999829e+01 5.403936674999999523e-01
2.842999999999999972e+01 5.019813869000000484e-01
2.853000000000000114e+01 4.687908055000000185e-01
2.862999999999999901e+01 4.409709380000000345e-01
2.873000000000000043e+01 4.189483072999999891e-01
2.882999999999999829e+01 4.029071753000000311e-01
2.892999999999999972e+01 3.924954558000000038e-01
2.903000000000000114e+01 3.868402732999999816e-01
2.912999999999999901e+01 3.848305623000000120e-01
2.923000000000000043e+01 3.854270719999999817e-01
2.932999999999999829e+01 3.875499010000000299e-01
2.942999999999999972e+01 3.898808514000000058e-01
2.953000000000000114e+01 3.909842604999999582e-01
2.962999999999999901e+01 3.898269721000000021e-01
2.973000000000000043e+01 3.863836645000000014e-01
2.982999999999999829e+01 3.816851578000000078e-01
2.992999999999999972e+01 3.770291384999999718e-01
3.002499999999999858e+01 3.731395565999999775e-01
3.012500000000000000e+01 3.691012430000000233e-01
3.022500000000000142e+01 3.640865986999999859e-01
3.032499999999999929e+01 3.573241647999999548e-01
3.042500000000000071e+01 3.486863168000000068e-01
3.052499999999999858e+01 3.385756924999999695e-01
3.062500000000000000e+01 3.278005010999999747e-01
3.072500000000000142e+01 3.174010302999999977e-01
3.082499999999999929e+01 3.082824668999999962e-01
3.092500000000000071e+01 3.009022261000000031e-01
3.102499999999999858e+01 2.952925859000000153e-01
3.112500000000000000e+01 2.911974281999999969e-01
3.122500000000000142e+01 2.879857224999999854e-01
3.132499999999999929e+01 2.845854985000000337e-01
3.142500000000000071e+01 2.799486400000000264e-01
3.152499999999999858e+01 2.738561983000000200e-01
3.162500000000000000e+01 2.670843294999999951e-01
3.172500000000000142e+01 2.606735694999999797e-01
3.182499999999999929e+01 2.552183490000000110e-01
3.192500000000000071e+01 2.507058255999999874e-01
3.202000000000000313e+01 2.468338338999999937e-01
3.211999999999999744e+01 2.424395182999999898e-01
3.221999999999999886e+01 2.370454562000000043e-01
3.232000000000000028e+01 2.303840644000000049e-01
3.242000000000000171e+01 2.226245082999999958e-01
3.252000000000000313e+01 2.141513915999999906e-01
3.261999999999999744e+01 2.053135285999999893e-01
3.271999999999999886e+01 1.963812092000000176e-01
3.282000000000000028e+01 1.877099930999999722e-01
3.292000000000000171e+01 1.798098147000000147e-01
3.302000000000000313e+01 1.731906416999999809e-01
3.311999999999999744e+01 1.681185385999999782e-01
3.321999999999999886e+01 1.644677210999999917e-01
3.332000000000000028e+01 1.617544305999999987e-01
3.342000000000000171e+01 1.593478158000000144e-01
3.352000000000000313e+01 1.567651137999999944e-01
3.361999999999999744e+01 1.538727196999999935e-01
3.371999999999999886e+01 1.508373259999999938e-01
3.382000000000000028e+01 1.479107702999999940e-01
3.392000000000000171e+01 1.452607616000000101e-01
3.401500000000000057e+01 1.430658921999999889e-01
3.411500000000000199e+01 1.411140481000000002e-01
3.421500000000000341e+01 1.394836426000000129e-01
3.431499999999999773e+01 1.380708668999999778e-01
3.441499999999999915e+01 1.368145014999999909e-01
3.451500000000000057e+01 1.357796145999999871e-01
3.461500000000000199e+01 1.350882548000000016e-01
3.471500000000000341e+01 1.347982863000000142e-01
3.481499999999999773e+01 1.348816347000000027e-01
3.491499999999999915e+01 1.352325884000000200e-01
3.501500000000000057e+01 1.356576425000000086e-01
3.511500000000000199e+01 1.359616661999999976e-01
3.521500000000000341e+01 1.360934748000000027e-01
3.531499999999999773e+01 1.361360473000000071e-01
3.541499999999999915e+01 1.361604076999999857e-01
3.551500000000000057e+01 1.361258781999999945e-01
3.561500000000000199e+01 1.359212566999999927e-01
3.571500000000000341e+01 1.354824839000000058e-01
3.581499999999999773e+01 1.347890082000000045e-01
3.591499999999999915e+01 1.337384665999999944e-01
3.600999999999999801e+01 1.321326972999999905e-01
3.610999999999999943e+01 1.293112640999999896e-01
3.621000000000000085e+01 1.249524384000000043e-01
3.631000000000000227e+01 1.192461502999999923e-01
3.640999999999999659e+01 1.129087586000000060e-01
3.650999999999999801e+01 1.067420034999999878e-01
3.660999999999999943e+01 1.013023307999999928e-01
3.671000000000000085e+01 9.682648739999999421e-02
3.681000000000000227e+01 9.327170270000000041e-02
3.690999999999999659e+01 9.042551669999999986e-02
3.700999999999999801e+01 8.804233429999999694e-02
3.710999999999999943e+01 8.593927619999999767e-02
3.721000000000000085e+01 8.401862190000000674e-02
3.731000000000000227e+01 8.223105969999999765e-02
3.740999999999999659e+01 8.053895299999999646e-02
3.750999999999999801e+01 7.891946319999999793e-02
3.760999999999999943e+01 7.738306849999999903e-02
3.771000000000000085e+01 7.596087090000000486e-02
3.781000000000000227e+01 7.467725950000000945e-02
3.790999999999999659e+01 7.354923080000000390e-02
3.800500000000000256e+01 7.264720999999998985e-02
3.810499999999999687e+01 7.192168470000000202e-02
3.820499999999999829e+01 7.148863020000000013e-02
3.830499999999999972e+01 7.141163109999999759e-02
3.840500000000000114e+01 7.171214339999999743e-02
3.850500000000000256e+01 7.234700160000000213e-02
3.860499999999999687e+01 7.321430810000000011e-02
3.870499999999999829e+01 7.412780110000000144e-02
3.880499999999999972e+01 7.478152409999999639e-02
3.890500000000000114e+01 7.481825389999999243e-02
3.900500000000000256e+01 7.402998310000000193e-02
3.910499999999999687e+01 7.251569700000000396e-02
3.920499999999999829e+01 7.061296860000000619e-02
3.930499999999999972e+01 6.868367829999999508e-02
3.940500000000000114e+01 6.697437309999999810e-02
3.950500000000000256e+01 6.560709709999999750e-02
3.960499999999999687e+01 6.461829650000000536e-02
3.970499999999999829e+01 6.398278450000000062e-02
3.980499999999999972e+01 6.362511060000000662e-02
3.990500000000000114e+01 6.344524830000000670e-02
