1.000000000000000056e-01 9.886285200000000800e-03
2.000000000000000111e-01 8.879672800000000185e-03
2.999999999999999889e-01 9.887396600000000757e-03
4.000000000000000222e-01 1.144977230000000096e-02
5.000000000000000000e-01 1.311085680000000087e-02
5.999999999999999778e-01 1.469852980000000038e-02
6.999999999999999556e-01 1.620601619999999937e-02
8.000000000000000444e-01 1.770473630000000270e-02
9.000000000000000222e-01 1.926675779999999921e-02
1.000000000000000000e+00 2.093145939999999788e-02
1.100000000000000089e+00 2.271167569999999955e-02
1.199999999999999956e+00 2.460859680000000022e-02
1.300000000000000044e+00 2.662171160000000036e-02
1.399999999999999911e+00 2.875278519999999866e-02
1.500000000000000000e+00 3.100621679999999991e-02
1.600000000000000089e+00 3.338435420000000070e-02
1.699999999999999956e+00 3.587777019999999900e-02
1.800000000000000044e+00 3.844957590000000480e-02
1.899999999999999911e+00 4.102579640000000166e-02
2.000000000000000000e+00 4.351932099999999970e-02
2.095000000000000195e+00 4.577843389999999846e-02
2.194999999999999840e+00 4.809448689999999693e-02
2.294999999999999929e+00 5.045792059999999746e-02
2.395000000000000018e+00 5.297062110000000379e-02
2.495000000000000107e+00 5.569206129999999810e-02
2.595000000000000195e+00 5.863689019999999974e-02
2.694999999999999840e+00 6.178126990000000485e-02
2.794999999999999929e+00 6.507695269999999588e-02
2.895000000000000018e+00 6.847919610000000046e-02
2.995000000000000107e+00 7.196644380000000174e-02
3.095000000000000195e+00 7.553563169999999438e-02
3.194999999999999840e+00 7.920346559999999481e-02
3.294999999999999929e+00 8.300655830000000512e-02
3.395000000000000018e+00 8.695652719999999447e-02
3.495000000000000107e+00 9.100079749999999412e-02
3.595000000000000195e+00 9.506600200000001055e-02
3.694999999999999840e+00 9.915978899999999818e-02
3.794999999999999929e+00 1.034002790999999921e-01
3.895000000000000018e+00 1.079221433000000091e-01
3.995000000000000107e+00 1.127625707000000088e-01
4.089999999999999858e+00 1.175572330999999915e-01
4.190000000000000391e+00 1.226239389000000068e-01
4.290000000000000036e+00 1.275708355000000072e-01
4.389999999999999680e+00 1.324140354000000186e-01
4.490000000000000213e+00 1.373368231999999856e-01
4.589999999999999858e+00 1.426157030999999908e-01
4.690000000000000391e+00 1.485065335999999903e-01
4.790000000000000036e+00 1.551645956000000104e-01
4.889999999999999680e+00 1.626620149000000126e-01
4.990000000000000213e+00 1.710932015999999944e-01
5.089999999999999858e+00 1.806565360000000064e-01
5.190000000000000391e+00 1.916589562000000080e-01
5.290000000000000036e+00 2.044556074999999973e-01
5.389999999999999680e+00 2.193807529999999839e-01
5.490000000000000213e+00 2.366491508999999938e-01
5.589999999999999858e+00 2.562993398999999783e-01
5.690000000000000391e+00 2.782524356000000143e-01
5.790000000000000036e+00 3.025365443999999959e-01
5.889999999999999680e+00 3.295878646000000023e-01
5.990000000000000213e+00 3.603160642999999608e-01
6.084999999999999964e+00 3.937029774999999954e-01
6.184999999999999609e+00 4.329279705999999894e-01
6.285000000000000142e+00 4.733901327999999742e-01
6.384999999999999787e+00 5.089702108999999419e-01
6.485000000000000320e+00 5.328414056999999371e-01
6.584999999999999964e+00 5.420930935000000117e-01
6.684999999999999609e+00 5.394775963000000285e-01
6.785000000000000142e+00 5.305948239000000122e-01
6.884999999999999787e+00 5.207119816000000956e-01
6.985000000000000320e+00 5.133613707999999942e-01
7.084999999999999964e+00 5.100942788000000228e-01
7.184999999999999609e+00 5.112944023000000060e-01
7.285000000000000142e+00 5.173392104999999797e-01
7.384999999999999787e+00 5.288710621000000112e-01
7.485000000000000320e+00 5.463225494999999210e-01
7.584999999999999964e+00 5.697634342999999824e-01
7.684999999999999609e+00 5.994008325999999887e-01
7.785000000000000142e+00 6.360654573999999783e-01
7.884999999999999787e+00 6.809104925000000197e-01
7.985000000000000320e+00 7.343432467999999602e-01
8.080000000000000071e+00 7.918321929000000647e-01
8.179999999999999716e+00 8.562351420999999574e-01
8.279999999999999361e+00 9.202670676999999966e-01
8.380000000000000782e+00 9.798537973999998929e-01
8.480000000000000426e+00 1.033020285000000094e+00
8.580000000000000071e+00 1.081985933999999983e+00
8.679999999999999716e+00 1.133060439599999913e+00
8.779999999999999361e+00 1.193071911699999932e+00
8.880000000000000782e+00 1.265597606200000058e+00
8.980000000000000426e+00 1.350510485800000104e+00
9.080000000000000071e+00 1.446430401700000035e+00
9.179999999999999716e+00 1.553002264299999879e+00
9.279999999999999361e+00 1.669990494999999964e+00
9.380000000000000782e+00 1.794652551900000059e+00
9.480000000000000426e+00 1.921122982900000054e+00
9.580000000000000071e+00 2.043850262899999937e+00
9.679999999999999716e+00 2.160950528099999879e+00
9.779999999999999361e+00 2.274324180099999815e+00
9.880000000000000782e+00 2.389392483900000030e+00
9.980000000000000426e+00 2.513471454300000296e+00
1.007499999999999929e+01 2.644017871299999989e+00
1.017500000000000071e+01 2.794039557400000096e+00
1.027500000000000036e+01 2.951175777300000025e+00
1.037500000000000000e+01 3.106841084200000047e+00
1.047499999999999964e+01 3.255874285400000012e+00
1.057499999999999929e+01 3.400777325399999995e+00
1.067500000000000071e+01 3.548516575599999889e+00
1.077500000000000036e+01 3.703617829100000147e+00
1.087500000000000000e+01 3.864013874099999857e+00
1.097499999999999964e+01 4.025419591500000394e+00
1.107499999999999929e+01 4.189184750799999968e+00
1.117500000000000071e+01 4.362649884499999686e+00
1.127500000000000036e+01 4.557073026699999474e+00
1.137500000000000000e+01 4.789951936899999652e+00
1.147499999999999964e+01 5.084247034899999740e+00
1.157499999999999929e+01 5.460489243899999678e+00
1.167500000000000071e+01 5.926402295299999956e+00
1.177500000000000036e+01 6.472345644499999828e+00
1.187500000000000000e+01 7.077428942599999218e+00
1.197499999999999964e+01 7.722624615400000003e+00
1.207000000000000028e+01 8.365348344699999217e+00
1.216999999999999993e+01 9.062293308299999239e+00
1.226999999999999957e+01 9.733134980199999120e+00
1.236999999999999922e+01 1.027812032880000004e+01
1.247000000000000064e+01 1.058327230489999948e+01
1.257000000000000028e+01 1.059712536219999990e+01
1.266999999999999993e+01 1.036334640759999992e+01
1.276999999999999957e+01 9.972907867700000040e+00
1.286999999999999922e+01 9.509450768300000689e+00
1.297000000000000064e+01 9.046393020300000032e+00
1.307000000000000028e+01 8.658788143300000684e+00
1.316999999999999993e+01 8.401314622799999299e+00
1.326999999999999957e+01 8.278324719000000442e+00
1.336999999999999922e+01 8.243322584099999517e+00
1.347000000000000064e+01 8.239025444899999329e+00
1.357000000000000028e+01 8.251569238200000100e+00
1.366999999999999993e+01 8.319175984399999280e+00
1.376999999999999957e+01 8.486111099400000413e+00
1.386999999999999922e+01 8.756693074099999308e+00
1.397000000000000064e+01 9.080086961300001036e+00
1.406499999999999950e+01 9.345112232099999972e+00
1.416499999999999915e+01 9.462596859699999641e+00
1.426500000000000057e+01 9.334074916900000574e+00
1.436500000000000021e+01 8.981158438800001420e+00
1.446499999999999986e+01 8.522677666899999949e+00
1.456499999999999950e+01 8.086746134800000263e+00
1.466499999999999915e+01 7.731586175799999516e+00
1.476500000000000057e+01 7.438259945900000503e+00
1.486500000000000021e+01 7.153914661600000002e+00
1.496499999999999986e+01 6.835462084099999558e+00
1.506499999999999950e+01 6.471560631799999186e+00
1.516499999999999915e+01 6.082817671899999112e+00
1.526500000000000057e+01 5.701285435600000007e+00
1.536500000000000021e+01 5.345743534800000418e+00
1.546499999999999986e+01 5.016961361499999938e+00
1.556499999999999950e+01 4.710023945299999681e+00
1.566499999999999915e+01 4.423798973700000303e+00
1.576500000000000057e+01 4.160857013800000281e+00
1.586500000000000021e+01 3.924903370600000052e+00
1.596499999999999986e+01 3.719784256500000108e+00
1.605999999999999872e+01 3.555855255300000017e+00
1.616000000000000014e+01 3.413752382399999785e+00
1.626000000000000156e+01 3.295457995400000062e+00
1.635999999999999943e+01 3.193735426099999941e+00
1.646000000000000085e+01 3.105830270999999865e+00
1.655999999999999872e+01 3.031529228500000173e+00
1.666000000000000014e+01 2.971308571999999870e+00
1.676000000000000156e+01 2.927876586900000078e+00
1.685999999999999943e+01 2.906711756600000029e+00
1.696000000000000085e+01 2.913678917799999990e+00
1.705999999999999872e+01 2.952532856099999936e+00
1.716000000000000014e+01 3.023389813700000150e+00
1.726000000000000156e+01 3.120850295100000338e+00
1.735999999999999943e+01 3.233360669500000117e+00
1.746000000000000085e+01 3.347531846199999883e+00
1.755999999999999872e+01 3.454306944799999890e+00
1.766000000000000014e+01 3.548082565400000110e+00
1.776000000000000156e+01 3.622426966299999940e+00
1.785999999999999943e+01 3.672690068099999650e+00
1.796000000000000085e+01 3.699177524900000069e+00
1.805499999999999972e+01 3.704491673499999749e+00
1.815500000000000114e+01 3.694116310800000136e+00
1.825499999999999901e+01 3.679405517399999770e+00
1.835500000000000043e+01 3.675383833400000189e+00
1.845499999999999829e+01 3.687095418899999810e+00
1.855499999999999972e+01 3.698527136000000048e+00
1.865500000000000114e+01 3.672383210500000050e+00
1.875499999999999901e+01 3.571163493899999875e+00
1.885500000000000043e+01 3.389508298099999983e+00
1.895499999999999829e+01 3.159092628799999858e+00
1.905499999999999972e+01 2.919788309099999868e+00
1.915500000000000114e+01 2.695583222000000223e+00
1.925499999999999901e+01 2.493633326899999947e+00
1.935500000000000043e+01 2.313392226399999974e+00
1.945499999999999829e+01 2.153485323700000009e+00
1.955499999999999972e+01 2.012993889299999672e+00
1.965500000000000114e+01 1.889049153900000055e+00
1.975499999999999901e+01 1.775889395599999920e+00
1.985500000000000043e+01 1.668102090099999879e+00
1.995499999999999829e+01 1.564311406700000129e+00
2.005000000000000071e+01 1.470936565899999993e+00
2.014999999999999858e+01 1.379126888000000051e+00
2.025000000000000000e+01 1.293225393499999987e+00
2.035000000000000142e+01 1.212614574699999892e+00
2.044999999999999929e+01 1.138310200699999886e+00
2.055000000000000071e+01 1.072038629299999934e+00
2.064999999999999858e+01 1.014398866000000066e+00
2.075000000000000000e+01 9.641028525999999488e-01
2.085000000000000142e+01 9.189275600999999849e-01
2.094999999999999929e+01 8.772838277000000184e-01
2.105000000000000071e+01 8.385360477000001200e-01
2.114999999999999858e+01 8.018311728000000471e-01
2.125000000000000000e+01 7.653628513999999328e-01
2.135000000000000142e+01 7.273734885000000538e-01
2.144999999999999929e+01 6.877993092999999947e-01
2.155000000000000071e+01 6.484095251000000504e-01
2.164999999999999858e+01 6.112072722999999375e-01
2.175000000000000000e+01 5.772471382999999623e-01
2.185000000000000142e+01 5.468847876000000330e-01
2.194999999999999929e+01 5.203993061000000697e-01
2.204500000000000171e+01 4.991171377999999992e-01
2.214499999999999957e+01 4.808864375000000413e-01
2.224500000000000099e+01 4.665258612000000582e-01
2.234499999999999886e+01 4.550471802000000121e-01
2.244500000000000028e+01 4.450342713999999589e-01
2.254500000000000171e+01 4.351618921000000029e-01
2.264499999999999957e+01 4.247613126000000516e-01
2.274500000000000099e+01 4.137187857999999885e-01
2.284499999999999886e+01 4.019158636999999867e-01
2.294500000000000028e+01 3.891870292000000342e-01
2.304500000000000171e+01 3.757606869000000294e-01
2.314499999999999957e+01 3.623881219999999792e-01
2.324500000000000099e+01 3.499667308000000143e-01
2.334499999999999886e+01 3.390802834000000154e-01
2.344500000000000028e+01 3.298887548000000169e-01
2.354500000000000171e+01 3.222968245999999759e-01
2.364499999999999957e+01 3.160726382999999862e-01
2.374500000000000099e+01 3.107828863000000053e-01
2.384499999999999886e+01 3.058138034000000283e-01
2.394500000000000028e+01 3.006556463999999762e-01
2.403999999999999915e+01 2.954478240000000255e-01
2.414000000000000057e+01 2.897570247999999848e-01
2.423999999999999844e+01 2.839579836000000190e-01
2.433999999999999986e+01 2.780372804999999836e-01
2.444000000000000128e+01 2.718859099000000001e-01
2.453999999999999915e+01 2.652917345999999954e-01
2.464000000000000057e+01 2.580341348999999895e-01
2.473999999999999844e+01 2.501125820999999805e-01
2.483999999999999986e+01 2.418181355999999838e-01
2.494000000000000128e+01 2.335810094000000114e-01
2.503999999999999915e+01 2.257893155000000041e-01
2.514000000000000057e+01 2.186708126999999946e-01
2.523999999999999844e+01 2.122879022999999976e-01
2.533999999999999986e+01 2.066451243000000104e-01
2.544000000000000128e+01 2.017462782000000177e-01
2.553999999999999915e+01 1.974978578000000096e-01
2.564000000000000057e+01 1.936343137000000048e-01
2.573999999999999844e+01 1.898305024999999979e-01
2.583999999999999986e+01 1.858865896999999934e-01
2.594000000000000128e+01 1.818135634999999972e-01
2.603500000000000014e+01 1.779901230000000001e-01
2.613500000000000156e+01 1.742698464000000114e-01
2.623499999999999943e+01 1.711058320000000132e-01
2.633500000000000085e+01 1.686428267000000258e-01
2.643499999999999872e+01 1.668622919999999954e-01
2.653500000000000014e+01 1.655788810000000111e-01
2.663500000000000156e+01 1.645183433999999889e-01
2.673499999999999943e+01 1.634724337000000027e-01
2.683500000000000085e+01 1.624389905999999995e-01
2.693499999999999872e+01 1.616198631000000108e-01
2.703500000000000014e+01 1.612249634999999848e-01
2.713500000000000156e+01 1.612084259000000075e-01
2.723499999999999943e+01 1.612222930999999970e-01
2.733500000000000085e+01 1.609065191000000061e-01
2.743499999999999872e+01 1.601750771000000073e-01
2.753500000000000014e+01 1.591421708999999907e-01
2.763500000000000156e+01 1.578255158999999908e-01
2.773499999999999943e+01 1.560889005999999968e-01
2.783500000000000085e+01 1.538451958000000008e-01
2.793499999999999872e+01 1.512826901000000057e-01
2.803000000000000114e+01 1.489301494999999975e-01
2.812999999999999901e+01 1.469081070000000100e-01
2.823000000000000043e+01 1.455213050999999980e-01
2.832999999999999829e+01 1.447506909999999869e-01
2.842999999999999972e+01 1.444818083999999947e-01
2.853000000000000114e+01 1.445693335000000079e-01
2.862999999999999901e+01 1.448584387000000084e-01
2.873000000000000043e+01 1.452290535999999910e-01
2.882999999999999829e+01 1.456554831000000105e-01
2.892999999999999972e+01 1.462008710000000100e-01
2.903000000000000114e+01 1.469103911999999901e-01
2.912999999999999901e+01 1.477253974000000136e-01
2.923000000000000043e+01 1.485013708999999849e-01
2.932999999999999829e+01 1.490888234999999951e-01
2.942999999999999972e+01 1.494553324000000016e-01
2.953000000000000114e+01 1.497370064000000112e-01
2.962999999999999901e+01 1.501193264999999832e-01
2.973000000000000043e+01 1.506109932999999956e-01
2.982999999999999829e+01 1.509607934000000151e-01
2.992999999999999972e+01 1.507170304999999877e-01
3.002499999999999858e+01 1.495130916000000088e-01
3.012500000000000000e+01 1.469996313000000165e-01
3.022500000000000142e+01 1.433305246999999893e-01
3.032499999999999929e+01 1.388702209000000076e-01
3.042500000000000071e+01 1.339822008999999869e-01
3.052499999999999858e+01 1.289060144999999991e-01
3.062500000000000000e+01 1.238421970000000011e-01
3.072500000000000142e+01 1.190351647000000013e-01
3.082499999999999929e+01 1.147094599000000048e-01
3.092500000000000071e+01 1.109628851999999999e-01
3.102499999999999858e+01 1.077091337999999954e-01
3.112500000000000000e+01 1.047153527000000139e-01
3.122500000000000142e+01 1.017320045000000006e-01
3.132499999999999929e+01 9.864159359999999377e-02
3.142500000000000071e+01 9.551266469999999953e-02
3.152499999999999858e+01 9.252606650000000377e-02
3.162500000000000000e+01 8.986355740000000203e-02
3.172500000000000142e+01 8.765924049999999912e-02
3.182499999999999929e+01 8.600642190000000464e-02
3.192500000000000071e+01 8.495574870000000001e-02
3.202000000000000313e+01 8.449537109999999407e-02
3.211999999999999744e+01 8.445428230000000258e-02
3.221999999999999886e+01 8.462674629999999976e-02
3.232000000000000028e+01 8.469296619999999720e-02
3.242000000000000171e+01 8.435748889999999944e-02
3.252000000000000313e+01 8.345072109999999987e-02
3.261999999999999744e+01 8.195720440000001106e-02
3.271999999999999886e+01 7.997049330000000067e-02
3.282000000000000028e+01 7.765874229999999989e-02
3.292000000000000171e+01 7.526082280000000180e-02
3.302000000000000313e+01 7.303169610000000145e-02
3.311999999999999744e+01 7.113973880000000471e-02
3.321999999999999886e+01 6.961048420000000292e-02
3.332000000000000028e+01 6.836582369999999464e-02
3.342000000000000171e+01 6.733308870000000168e-02
3.352000000000000313e+01 6.653411889999999440e-02
3.361999999999999744e+01 6.605943510000000796e-02
3.371999999999999886e+01 6.596952140000000853e-02
3.382000000000000028e+01 6.624355610000000338e-02
3.392000000000000171e+01 6.679662019999998979e-02
3.401500000000000057e+01 6.745517410000000103e-02
3.411500000000000199e+01 6.810437440000000064e-02
3.421500000000000341e+01 6.854552129999999521e-02
3.431499999999999773e+01 6.878038820000000053e-02
3.441499999999999915e+01 6.898657739999999872e-02
3.451500000000000057e+01 6.933764409999999823e-02
3.461500000000000199e+01 6.985800240000000771e-02
3.471500000000000341e+01 7.044736079999999734e-02
3.481499999999999773e+01 7.097898650000000753e-02
3.491499999999999915e+01 7.134496409999999122e-02
3.501500000000000057e+01 7.146387779999999190e-02
3.511500000000000199e+01 7.133569650000000373e-02
3.521500000000000341e+01 7.107038979999999451e-02
3.531499999999999773e+01 7.079799139999999602e-02
3.541499999999999915e+01 7.053152020000000300e-02
3.551500000000000057e+01 7.011169870000000248e-02
3.561500000000000199e+01 6.931253789999999859e-02
3.571500000000000341e+01 6.805088189999999870e-02
3.581499999999999773e+01 6.646032740000000494e-02
3.591499999999999915e+01 6.473429119999998815e-02
3.600999999999999801e+01 6.304906899999999925e-02
3.610999999999999943e+01 6.121979060000000417e-02
3.621000000000000085e+01 5.932298300000000274e-02
3.631000000000000227e+01 5.738564990000000199e-02
3.640999999999999659e+01 5.544239789999999557e-02
3.650999999999999801e+01 5.351543629999999663e-02
3.660999999999999943e+01 5.164098290000000008e-02
3.671000000000000085e+01 4.988981709999999736e-02
3.681000000000000227e+01 4.833876519999999455e-02
3.690999999999999659e+01 4.703889619999999938e-02
3.700999999999999801e+01 4.601254550000000165e-02
3.710999999999999943e+01 4.524827850000000262e-02
3.721000000000000085e+01 4.468645310000000231e-02
3.731000000000000227e+01 4.422515570000000451e-02
3.740999999999999659e+01 4.376194949999999417e-02
3.750999999999999801e+01 4.324844960000000238e-02
3.760999999999999943e+01 4.271480230000000017e-02
3.771000000000000085e+01 4.224047479999999688e-02
3.781000000000000227e+01 4.189639850000000110e-02
3.790999999999999659e+01 4.170574829999999789e-02
3.800500000000000256e+01 4.164534450000000054e-02
3.810499999999999687e+01 4.166741479999999664e-02
3.820499999999999829e+01 4.173940610000000107e-02
3.830499999999999972e+01 4.183422309999999811e-02
3.840500000000000114e+01 4.193293850000000267e-02
3.850500000000000256e+01 4.201465580000000172e-02
3.860499999999999687e+01 4.204307630000000268e-02
3.870499999999999829e+01 4.196920460000000408e-02
3.880499999999999972e+01 4.175706669999999787e-02
3.890500000000000114e+01 4.140737490000000187e-02
3.900500000000000256e+01 4.095830770000000176e-02
3.910499999999999687e+01 4.047114479999999737e-02
3.920499999999999829e+01 4.001690769999999980e-02
3.930499999999999972e+01 3.965534820000000266e-02
3.940500000000000114e+01 3.940203050000000429e-02
3.950500000000000256e+01 3.921170320000000320e-02
3.960499999999999687e+01 3.899703940000000257e-02
3.970499999999999829e+01 3.866757259999999835e-02
3.980499999999999972e+01 3.817554859999999772e-02
3.990500000000000114e+01 3.754048490000000404e-02
