1.000000000000000056e-01 9.805829900000000154e-03
2.000000000000000111e-01 7.952426799999998824e-03
2.999999999999999889e-01 8.573088799999999815e-03
4.000000000000000222e-01 9.769226799999999183e-03
5.000000000000000000e-01 1.106317180000000039e-02
5.999999999999999778e-01 1.228248489999999964e-02
6.999999999999999556e-01 1.341263950000000024e-02
8.000000000000000444e-01 1.452285340000000063e-02
9.000000000000000222e-01 1.568487699999999985e-02
1.000000000000000000e+00 1.693803139999999763e-02
1.100000000000000089e+00 1.829581610000000080e-02
1.199999999999999956e+00 1.975818979999999919e-02
1.300000000000000044e+00 2.132292319999999977e-02
1.399999999999999911e+00 2.298956490000000213e-02
1.500000000000000000e+00 2.476005070000000113e-02
1.600000000000000089e+00 2.663444319999999990e-02
1.699999999999999956e+00 2.860186409999999901e-02
1.800000000000000044e+00 3.062774680000000110e-02
1.899999999999999911e+00 3.264387950000000038e-02
2.000000000000000000e+00 3.457238509999999848e-02
2.095000000000000195e+00 3.629271239999999621e-02
2.194999999999999840e+00 3.802985970000000160e-02
2.294999999999999929e+00 3.978320590000000018e-02
2.395000000000000018e+00 4.163553779999999704e-02
2.495000000000000107e+00 4.363519339999999413e-02
2.595000000000000195e+00 4.579880370000000145e-02
2.694999999999999840e+00 4.812151909999999588e-02
2.794999999999999929e+00 5.059072550000000279e-02
2.895000000000000018e+00 5.319987619999999584e-02
2.995000000000000107e+00 5.595512689999999900e-02
3.095000000000000195e+00 5.886747659999999605e-02
3.194999999999999840e+00 6.195003400000000104e-02
3.294999999999999929e+00 6.521112430000000626e-02
3.395000000000000018e+00 6.863212929999999712e-02
3.495000000000000107e+00 7.216404249999999743e-02
3.595000000000000195e+00 7.576273320000000144e-02
3.694999999999999840e+00 7.944996909999998969e-02
3.794999999999999929e+00 8.331821989999999012e-02
3.895000000000000018e+00 8.743960300000000463e-02
3.995000000000000107e+00 9.175167730000000077e-02
4.089999999999999858e+00 9.583481709999999709e-02
4.190000000000000391e+00 9.989840399999999621e-02
4.290000000000000036e+00 1.036313600000000057e-01
4.389999999999999680e+00 1.071253132000000025e-01
4.490000000000000213e+00 1.105929063999999962e-01
4.589999999999999858e+00 1.142866536999999905e-01
4.690000000000000391e+00 1.184158749000000094e-01
4.790000000000000036e+00 1.230961077999999931e-01
4.889999999999999680e+00 1.284007859999999890e-01
4.990000000000000213e+00 1.344563246999999906e-01
5.089999999999999858e+00 1.414728950999999957e-01
5.190000000000000391e+00 1.496755597999999965e-01
5.290000000000000036e+00 1.592208968999999918e-01
5.389999999999999680e+00 1.701297999999999977e-01
5.490000000000000213e+00 1.822732669000000083e-01
5.589999999999999858e+00 1.954760095000000197e-01
5.690000000000000391e+00 2.097307494999999800e-01
5.790000000000000036e+00 2.253513376999999873e-01
5.889999999999999680e+00 2.429422679000000085e-01
5.990000000000000213e+00 2.633286632000000349e-01
6.084999999999999964e+00 2.861116244999999947e-01
6.184999999999999609e+00 3.141876270999999776e-01
6.285000000000000142e+00 3.456595957999999968e-01
6.384999999999999787e+00 3.774645373999999665e-01
6.485000000000000320e+00 4.045783655000000367e-01
6.584999999999999964e+00 4.224079848000000248e-01
6.684999999999999609e+00 4.296629212999999448e-01
6.785000000000000142e+00 4.288417988000000070e-01
6.884999999999999787e+00 4.241310810999999736e-01
6.985000000000000320e+00 4.188903447999999807e-01
7.084999999999999964e+00 4.149397310000000338e-01
7.184999999999999609e+00 4.135521102999999976e-01
7.285000000000000142e+00 4.161226492999999804e-01
7.384999999999999787e+00 4.237306821999999862e-01
7.485000000000000320e+00 4.367999384999999846e-01
7.584999999999999964e+00 4.552163674999999965e-01
7.684999999999999609e+00 4.786322240000000505e-01
7.785000000000000142e+00 5.066335173999999553e-01
7.884999999999999787e+00 5.387211817999999486e-01
7.985000000000000320e+00 5.740138916000000480e-01
8.080000000000000071e+00 6.093084755000000019e-01
8.179999999999999716e+00 6.469695562999999705e-01
8.279999999999999361e+00 6.841708637000000204e-01
8.380000000000000782e+00 7.204951630000000495e-01
8.480000000000000426e+00 7.565552719999999454e-01
8.580000000000000071e+00 7.941551794999999192e-01
8.679999999999999716e+00 8.355504435999999702e-01
8.779999999999999361e+00 8.821098458000000697e-01
8.880000000000000782e+00 9.339320083000000050e-01
8.980000000000000426e+00 9.903533938999999897e-01
9.080000000000000071e+00 1.050864261100000085e+00
9.179999999999999716e+00 1.115739005800000072e+00
9.279999999999999361e+00 1.185407638400000074e+00
9.380000000000000782e+00 1.259079109400000007e+00
9.480000000000000426e+00 1.333726583600000071e+00
9.580000000000000071e+00 1.404822113799999883e+00
9.679999999999999716e+00 1.468233072699999919e+00
9.779999999999999361e+00 1.522610612599999858e+00
9.880000000000000782e+00 1.571673766299999997e+00
9.980000000000000426e+00 1.623637381700000049e+00
1.007499999999999929e+01 1.682675801899999879e+00
1.017500000000000071e+01 1.757555169600000022e+00
1.027500000000000036e+01 1.842729874200000006e+00
1.037500000000000000e+01 1.931280151999999806e+00
1.047499999999999964e+01 2.015233069199999782e+00
1.057499999999999929e+01 2.090380538599999838e+00
1.067500000000000071e+01 2.160059322800000015e+00
1.077500000000000036e+01 2.232479944400000083e+00
1.087500000000000000e+01 2.314694486900000125e+00
1.097499999999999964e+01 2.410437428299999851e+00
1.107499999999999929e+01 2.519661504400000140e+00
1.117500000000000071e+01 2.636655786199999962e+00
1.127500000000000036e+01 2.752453199899999703e+00
1.137500000000000000e+01 2.864243087200000204e+00
1.147499999999999964e+01 2.981455265300000157e+00
1.157499999999999929e+01 3.118867763999999987e+00
1.167500000000000071e+01 3.283776865600000150e+00
1.177500000000000036e+01 3.472481068200000021e+00
1.187500000000000000e+01 3.679465536300000394e+00
1.197499999999999964e+01 3.910502315300000031e+00
1.207000000000000028e+01 4.170916132900000406e+00
1.216999999999999993e+01 4.513782567899999876e+00
1.226999999999999957e+01 4.947948037099999752e+00
1.236999999999999922e+01 5.484057736499999613e+00
1.247000000000000064e+01 6.121030845599999992e+00
1.257000000000000028e+01 6.838790662499999229e+00
1.266999999999999993e+01 7.591001676799999487e+00
1.276999999999999957e+01 8.316561516100000162e+00
1.286999999999999922e+01 8.952883709099999976e+00
1.297000000000000064e+01 9.420664246099999417e+00
1.307000000000000028e+01 9.622481876800000222e+00
1.316999999999999993e+01 9.507613962699998922e+00
1.326999999999999957e+01 9.130177255599999597e+00
1.336999999999999922e+01 8.614344707400000800e+00
1.347000000000000064e+01 8.079042181200000172e+00
1.357000000000000028e+01 7.603125302900000548e+00
1.366999999999999993e+01 7.230513559700000314e+00
1.376999999999999957e+01 6.985609654100000121e+00
1.386999999999999922e+01 6.879098317400000440e+00
1.397000000000000064e+01 6.901756784999999894e+00
1.406499999999999950e+01 7.010026634399999956e+00
1.416499999999999915e+01 7.156273948199999957e+00
1.426500000000000057e+01 7.265873548300000095e+00
1.436500000000000021e+01 7.292384684399999983e+00
1.446499999999999986e+01 7.244982107000000227e+00
1.456499999999999950e+01 7.176824794899999915e+00
1.466499999999999915e+01 7.137745018599999547e+00
1.476500000000000057e+01 7.142376187700000045e+00
1.486500000000000021e+01 7.171310332300000034e+00
1.496499999999999986e+01 7.185024111900000676e+00
1.506499999999999950e+01 7.144167936499999705e+00
1.516499999999999915e+01 7.032673924600000070e+00
1.526500000000000057e+01 6.863084991100000032e+00
1.536500000000000021e+01 6.657461536099999577e+00
1.546499999999999986e+01 6.426705808199999481e+00
1.556499999999999950e+01 6.168424358699999388e+00
1.566499999999999915e+01 5.879041837599999987e+00
1.576500000000000057e+01 5.565418494299999352e+00
1.586500000000000021e+01 5.245919776500000076e+00
1.596499999999999986e+01 4.943079101599999525e+00
1.605999999999999872e+01 4.686748863000000043e+00
1.616000000000000014e+01 4.456805814199999993e+00
1.626000000000000156e+01 4.266307080399999840e+00
1.635999999999999943e+01 4.108706089100000014e+00
1.646000000000000085e+01 3.973295190600000026e+00
1.655999999999999872e+01 3.846928424899999754e+00
1.666000000000000014e+01 3.720977562299999875e+00
1.676000000000000156e+01 3.596521082500000244e+00
1.685999999999999943e+01 3.482447181200000408e+00
1.696000000000000085e+01 3.390653541999999909e+00
1.705999999999999872e+01 3.331871837400000036e+00
1.716000000000000014e+01 3.312331486499999755e+00
1.726000000000000156e+01 3.332637313600000262e+00
1.735999999999999943e+01 3.388402744500000008e+00
1.746000000000000085e+01 3.470142687100000067e+00
1.755999999999999872e+01 3.562951160299999920e+00
1.766000000000000014e+01 3.649644909500000090e+00
1.776000000000000156e+01 3.714791259200000084e+00
1.785999999999999943e+01 3.747798010499999943e+00
1.796000000000000085e+01 3.749130617799999676e+00
1.805499999999999972e+01 3.735521798100000179e+00
1.815500000000000114e+01 3.728042796100000000e+00
1.825499999999999901e+01 3.744316716000000156e+00
1.835500000000000043e+01 3.787750936100000132e+00
1.845499999999999829e+01 3.849778133100000055e+00
1.855499999999999972e+01 3.918997786300000286e+00
1.865500000000000114e+01 3.990349463899999893e+00
1.875499999999999901e+01 4.064015440800000434e+00
1.885500000000000043e+01 4.136332375600000333e+00
1.895499999999999829e+01 4.192797056099999864e+00
1.905499999999999972e+01 4.209121917900000120e+00
1.915500000000000114e+01 4.163794777799999736e+00
1.925499999999999901e+01 4.053222067300000120e+00
1.935500000000000043e+01 3.892572626100000210e+00
1.945499999999999829e+01 3.702704600799999746e+00
1.955499999999999972e+01 3.499584245599999921e+00
1.965500000000000114e+01 3.293969895500000078e+00
1.975499999999999901e+01 3.091197427800000064e+00
1.985500000000000043e+01 2.888513112100000058e+00
1.995499999999999829e+01 2.680793579699999984e+00
2.005000000000000071e+01 2.481514773599999835e+00
2.014999999999999858e+01 2.279954526500000078e+00
2.025000000000000000e+01 2.095241239399999955e+00
2.035000000000000142e+01 1.928880560699999913e+00
2.044999999999999929e+01 1.778215402099999842e+00
2.055000000000000071e+01 1.641004656400000039e+00
2.064999999999999858e+01 1.517554003899999948e+00
2.075000000000000000e+01 1.409548778500000044e+00
2.085000000000000142e+01 1.317329822700000097e+00
2.094999999999999929e+01 1.238577131600000047e+00
2.105000000000000071e+01 1.169460254400000121e+00
2.114999999999999858e+01 1.106570833399999954e+00
2.125000000000000000e+01 1.047688479500000103e+00
2.135000000000000142e+01 9.913902871999999977e-01
2.144999999999999929e+01 9.366321730000000123e-01
2.155000000000000071e+01 8.829699440000000621e-01
2.164999999999999858e+01 8.310008850000000225e-01
2.175000000000000000e+01 7.822067595999999678e-01
2.185000000000000142e+01 7.381754255999999348e-01
2.194999999999999929e+01 6.999252215999999249e-01
2.204500000000000171e+01 6.692599227000000095e-01
2.214499999999999957e+01 6.428232739000000473e-01
2.224500000000000099e+01 6.217076810999999648e-01
2.234499999999999886e+01 6.045464280999999218e-01
2.244500000000000028e+01 5.895791932000000735e-01
2.254500000000000171e+01 5.753819121000000036e-01
2.264499999999999957e+01 5.612032509000000058e-01
2.274500000000000099e+01 5.467029661000000207e-01
2.284499999999999886e+01 5.317215924000000538e-01
2.294500000000000028e+01 5.163941538999999858e-01
2.304500000000000171e+01 5.011942955999999505e-01
2.314499999999999957e+01 4.866586478000000104e-01
2.324500000000000099e+01 4.731232170000000403e-01
2.334499999999999886e+01 4.606090657000000421e-01
2.344500000000000028e+01 4.488398597999999629e-01
2.354500000000000171e+01 4.373880609999999947e-01
2.364499999999999957e+01 4.258210437999999654e-01
2.374500000000000099e+01 4.137921572999999631e-01
2.384499999999999886e+01 4.012216694999999889e-01
2.394500000000000028e+01 3.884541412999999999e-01
2.403999999999999915e+01 3.767100305000000149e-01
2.414000000000000057e+01 3.652688950999999906e-01
2.423999999999999844e+01 3.549873499000000265e-01
2.433999999999999986e+01 3.457530374999999712e-01
2.444000000000000128e+01 3.371510253999999707e-01
2.453999999999999915e+01 3.285754941999999845e-01
2.464000000000000057e+01 3.194818589000000264e-01
2.473999999999999844e+01 3.096296331999999762e-01
2.483999999999999986e+01 2.991356277000000174e-01
2.494000000000000128e+01 2.883285803999999786e-01
2.503999999999999915e+01 2.776204172000000248e-01
2.514000000000000057e+01 2.675064954999999967e-01
2.523999999999999844e+01 2.585049131000000111e-01
2.533999999999999986e+01 2.509561433999999980e-01
2.544000000000000128e+01 2.448387843000000008e-01
2.553999999999999915e+01 2.397608339999999782e-01
2.564000000000000057e+01 2.351640802000000141e-01
2.573999999999999844e+01 2.306069146000000181e-01
2.583999999999999986e+01 2.259075891000000003e-01
2.594000000000000128e+01 2.210982666000000096e-01
2.603500000000000014e+01 2.165702005000000041e-01
2.613500000000000156e+01 2.120759063000000055e-01
2.623499999999999943e+01 2.081414105999999931e-01
2.633500000000000085e+01 2.050748038999999912e-01
2.643499999999999872e+01 2.031510955999999979e-01
2.653500000000000014e+01 2.024724601999999818e-01
2.663500000000000156e+01 2.028683088999999884e-01
2.673499999999999943e+01 2.039143310999999847e-01
2.683500000000000085e+01 2.050083343000000113e-01
2.693499999999999872e+01 2.055023207999999990e-01
2.703500000000000014e+01 2.049671091999999972e-01
2.713500000000000156e+01 2.034193588000000052e-01
2.723499999999999943e+01 2.012677862000000206e-01
2.733500000000000085e+01 1.990039755999999938e-01
2.743499999999999872e+01 1.969344867999999749e-01
2.753500000000000014e+01 1.951149100000000025e-01
2.763500000000000156e+01 1.934210432000000035e-01
2.773499999999999943e+01 1.916717255000000009e-01
2.783500000000000085e+01 1.897960853000000003e-01
2.793499999999999872e+01 1.879367184999999885e-01
2.803000000000000114e+01 1.864640548000000009e-01
2.812999999999999901e+01 1.855039794000000186e-01
2.823000000000000043e+01 1.852763704999999816e-01
2.832999999999999829e+01 1.857400030999999951e-01
2.842999999999999972e+01 1.866557044000000110e-01
2.853000000000000114e+01 1.875297613000000141e-01
2.862999999999999901e+01 1.878618924999999884e-01
2.873000000000000043e+01 1.875959919000000087e-01
2.882999999999999829e+01 1.871370953000000004e-01
2.892999999999999972e+01 1.869211248000000047e-01
2.903000000000000114e+01 1.870678182999999939e-01
2.912999999999999901e+01 1.874141496999999768e-01
2.923000000000000043e+01 1.876947741000000169e-01
2.932999999999999829e+01 1.877018502000000200e-01
2.942999999999999972e+01 1.872863000999999972e-01
2.953000000000000114e+01 1.862959154999999922e-01
2.962999999999999901e+01 1.845636608000000012e-01
2.973000000000000043e+01 1.820520327999999854e-01
2.982999999999999829e+01 1.790373890999999995e-01
2.992999999999999972e+01 1.759987784999999805e-01
3.002499999999999858e+01 1.733651707000000153e-01
3.012500000000000000e+01 1.706715820999999966e-01
3.022500000000000142e+01 1.674499596999999840e-01
3.032499999999999929e+01 1.630991888000000167e-01
3.042500000000000071e+01 1.574693420000000121e-01
3.052499999999999858e+01 1.509227570999999990e-01
3.062500000000000000e+01 1.441348866999999923e-01
3.072500000000000142e+01 1.378176741999999899e-01
3.082499999999999929e+01 1.324662718000000072e-01
3.092500000000000071e+01 1.282311983000000155e-01
3.102499999999999858e+01 1.250000129000000126e-01
3.112500000000000000e+01 1.225656357000000085e-01
3.122500000000000142e+01 1.207004653999999982e-01
3.132499999999999929e+01 1.191329523999999918e-01
3.142500000000000071e+01 1.175598718000000070e-01
3.152499999999999858e+01 1.157266559000000028e-01
3.162500000000000000e+01 1.134629902000000023e-01
3.172500000000000142e+01 1.106693749999999865e-01
3.182499999999999929e+01 1.073731836999999995e-01
3.192500000000000071e+01 1.037754614999999991e-01
3.202000000000000313e+01 1.003692350000000011e-01
3.211999999999999744e+01 9.708924449999999096e-02
3.221999999999999886e+01 9.429551190000000360e-02
3.232000000000000028e+01 9.200344929999999810e-02
3.242000000000000171e+01 9.009837270000001230e-02
3.252000000000000313e+01 8.842830220000000296e-02
3.261999999999999744e+01 8.691012030000000443e-02
3.271999999999999886e+01 8.554950659999999152e-02
3.282000000000000028e+01 8.436149830000000405e-02
3.292000000000000171e+01 8.331321079999999546e-02
3.302000000000000313e+01 8.236477140000000863e-02
3.311999999999999744e+01 8.151148149999999648e-02
3.321999999999999886e+01 8.074857220000000724e-02
3.332000000000000028e+01 8.004079980000000649e-02
3.342000000000000171e+01 7.934519060000000401e-02
3.352000000000000313e+01 7.862576450000000050e-02
3.361999999999999744e+01 7.784838329999999029e-02
3.371999999999999886e+01 7.701583759999999779e-02
3.382000000000000028e+01 7.620289560000000073e-02
3.392000000000000171e+01 7.552797960000000310e-02
3.401500000000000057e+01 7.511624329999999627e-02
3.411500000000000199e+01 7.498174450000000268e-02
3.421500000000000341e+01 7.511481359999999663e-02
3.431499999999999773e+01 7.539289520000000411e-02
3.441499999999999915e+01 7.571162709999999796e-02
3.451500000000000057e+01 7.605844850000000046e-02
3.461500000000000199e+01 7.646931569999999845e-02
3.471500000000000341e+01 7.695728479999999760e-02
3.481499999999999773e+01 7.751205340000000277e-02
3.491499999999999915e+01 7.812177380000000226e-02
3.501500000000000057e+01 7.873478770000000293e-02
3.511500000000000199e+01 7.920814160000000381e-02
3.521500000000000341e+01 7.932169829999999311e-02
3.531499999999999773e+01 7.887894160000000210e-02
3.541499999999999915e+01 7.786229910000000420e-02
3.551500000000000057e+01 7.648376410000000403e-02
3.561500000000000199e+01 7.502265310000000298e-02
3.571500000000000341e+01 7.364077730000000155e-02
3.581499999999999773e+01 7.235989489999999913e-02
3.591499999999999915e+01 7.113900400000000568e-02
3.600999999999999801e+01 6.997758119999999971e-02
3.610999999999999943e+01 6.869351919999999723e-02
3.621000000000000085e+01 6.734218020000000415e-02
3.631000000000000227e+01 6.598803310000000977e-02
3.640999999999999659e+01 6.467058779999999840e-02
3.650999999999999801e+01 6.336115550000000207e-02
3.660999999999999943e+01 6.205015960000000164e-02
3.671000000000000085e+01 6.080877939999999870e-02
3.681000000000000227e+01 5.974061329999999503e-02
3.690999999999999659e+01 5.890126860000000075e-02
3.700999999999999801e+01 5.825598160000000636e-02
3.710999999999999943e+01 5.767713750000000306e-02
3.721000000000000085e+01 5.699535819999999864e-02
3.731000000000000227e+01 5.610338589999999681e-02
3.740999999999999659e+01 5.501482050000000568e-02
3.750999999999999801e+01 5.381439059999999774e-02
3.760999999999999943e+01 5.259051780000000009e-02
3.771000000000000085e+01 5.142054409999999992e-02
3.781000000000000227e+01 5.035950749999999754e-02
3.790999999999999659e+01 4.941994339999999930e-02
3.800500000000000256e+01 4.861907449999999797e-02
3.810499999999999687e+01 4.783410770000000312e-02
3.820499999999999829e+01 4.707306640000000209e-02
3.830499999999999972e+01 4.632952540000000174e-02
3.840500000000000114e+01 4.563026150000000503e-02
3.850500000000000256e+01 4.500650850000000036e-02
3.860499999999999687e+01 4.446320830000000113e-02
3.870499999999999829e+01 4.397799150000000074e-02
3.880499999999999972e+01 4.352812300000000190e-02
3.890500000000000114e+01 4.311202039999999930e-02
3.900500000000000256e+01 4.274292789999999814e-02
3.910499999999999687e+01 4.241484549999999937e-02
3.920499999999999829e+01 4.208819369999999838e-02
3.930499999999999972e+01 4.172816559999999869e-02
3.940500000000000114e+01 4.134381780000000173e-02
3.950500000000000256e+01 4.096542300000000081e-02
3.960499999999999687e+01 4.059542640000000230e-02
3.970499999999999829e+01 4.019516249999999929e-02
3.980499999999999972e+01 3.972277940000000507e-02
3.990500000000000114e+01 3.918429910000000016e-02
