1.000000000000000056e-01 1.118092559999999888e-02
2.000000000000000111e-01 1.049527249999999967e-02
2.999999999999999889e-01 1.156108590000000033e-02
4.000000000000000222e-01 1.323407520000000059e-02
5.000000000000000000e-01 1.500853629999999994e-02
5.999999999999999778e-01 1.668735860000000043e-02
6.999999999999999556e-01 1.827243240000000005e-02
8.000000000000000444e-01 1.985492009999999946e-02
9.000000000000000222e-01 2.152100189999999955e-02
1.000000000000000000e+00 2.331564850000000105e-02
1.100000000000000089e+00 2.525222419999999940e-02
1.199999999999999956e+00 2.733069899999999997e-02
1.300000000000000044e+00 2.954961600000000077e-02
1.399999999999999911e+00 3.191001849999999807e-02
1.500000000000000000e+00 3.441550050000000138e-02
1.600000000000000089e+00 3.706526970000000032e-02
1.699999999999999956e+00 3.984072560000000152e-02
1.800000000000000044e+00 4.268684000000000367e-02
1.899999999999999911e+00 4.550716200000000378e-02
2.000000000000000000e+00 4.820577010000000329e-02
2.095000000000000195e+00 5.064009640000000090e-02
2.194999999999999840e+00 5.315005679999999788e-02
2.294999999999999929e+00 5.573665679999999928e-02
2.395000000000000018e+00 5.850670030000000577e-02
2.495000000000000107e+00 6.151606589999999986e-02
2.595000000000000195e+00 6.477369769999999360e-02
2.694999999999999840e+00 6.824933780000000394e-02
2.794999999999999929e+00 7.188983520000000182e-02
2.895000000000000018e+00 7.564815960000000061e-02
2.995000000000000107e+00 7.950053879999999240e-02
3.095000000000000195e+00 8.344057920000000350e-02
3.194999999999999840e+00 8.749001989999999340e-02
3.294999999999999929e+00 9.170064379999999515e-02
3.395000000000000018e+00 9.609973230000000421e-02
3.495000000000000107e+00 1.006397604000000001e-01
3.595000000000000195e+00 1.052366042000000002e-01
3.694999999999999840e+00 1.098763875000000056e-01
3.794999999999999929e+00 1.146556351999999945e-01
3.895000000000000018e+00 1.197045937000000004e-01
3.995000000000000107e+00 1.250778670000000092e-01
4.089999999999999858e+00 1.304109974000000061e-01
4.190000000000000391e+00 1.361021383999999890e-01
4.290000000000000036e+00 1.417449420999999932e-01
4.389999999999999680e+00 1.473573710999999953e-01
4.490000000000000213e+00 1.531239671000000080e-01
4.589999999999999858e+00 1.593343228000000111e-01
4.690000000000000391e+00 1.662710393000000064e-01
4.790000000000000036e+00 1.741192041999999884e-01
4.889999999999999680e+00 1.829786602999999845e-01
4.990000000000000213e+00 1.929681235999999855e-01
5.089999999999999858e+00 2.043242250999999787e-01
5.190000000000000391e+00 2.174216553999999968e-01
5.290000000000000036e+00 2.327102132999999962e-01
5.389999999999999680e+00 2.506168758000000274e-01
5.490000000000000213e+00 2.714313374000000278e-01
5.589999999999999858e+00 2.952239761999999601e-01
5.690000000000000391e+00 3.218889506000000011e-01
5.790000000000000036e+00 3.513952222000000236e-01
5.889999999999999680e+00 3.841347572000000099e-01
5.990000000000000213e+00 4.209340446000000013e-01
6.084999999999999964e+00 4.600352216000000438e-01
6.184999999999999609e+00 5.040097633000000243e-01
6.285000000000000142e+00 5.459314910999999437e-01
6.384999999999999787e+00 5.782444422000000417e-01
6.485000000000000320e+00 5.952602314000000616e-01
6.584999999999999964e+00 5.973610737000000226e-01
6.684999999999999609e+00 5.898573759999999888e-01
6.785000000000000142e+00 5.789118515000000187e-01
6.884999999999999787e+00 5.692618816999999165e-01
6.985000000000000320e+00 5.636715508999999846e-01
7.084999999999999964e+00 5.630791926999999530e-01
7.184999999999999609e+00 5.675975625000000413e-01
7.285000000000000142e+00 5.776359524999999939e-01
7.384999999999999787e+00 5.939951187999999993e-01
7.485000000000000320e+00 6.172722433999999758e-01
7.584999999999999964e+00 6.476418357000000015e-01
7.684999999999999609e+00 6.853425570000000189e-01
7.785000000000000142e+00 7.312714086000000613e-01
7.884999999999999787e+00 7.866717805999999813e-01
7.985000000000000320e+00 8.519414068999999756e-01
8.080000000000000071e+00 9.216706567000000350e-01
8.179999999999999716e+00 9.996997571999999277e-01
8.279999999999999361e+00 1.077772463400000102e+00
8.380000000000000782e+00 1.151295964600000055e+00
8.480000000000000426e+00 1.217821890500000004e+00
8.580000000000000071e+00 1.279945756100000054e+00
8.679999999999999716e+00 1.345375930599999936e+00
8.779999999999999361e+00 1.422248159500000053e+00
8.880000000000000782e+00 1.514529703600000055e+00
8.980000000000000426e+00 1.621624466600000147e+00
9.080000000000000071e+00 1.741390318500000145e+00
9.179999999999999716e+00 1.872269620700000026e+00
9.279999999999999361e+00 2.011943113500000102e+00
9.380000000000000782e+00 2.155192495399999686e+00
9.480000000000000426e+00 2.295533294000000168e+00
9.580000000000000071e+00 2.430267731999999903e+00
9.679999999999999716e+00 2.562118369999999867e+00
9.779999999999999361e+00 2.697521974199999839e+00
9.880000000000000782e+00 2.845281468500000077e+00
9.980000000000000426e+00 3.013003503400000227e+00
1.007499999999999929e+01 3.192086942099999991e+00
1.017500000000000071e+01 3.395258544599999873e+00
1.027500000000000036e+01 3.601082619700000098e+00
1.037500000000000000e+01 3.796034657899999942e+00
1.047499999999999964e+01 3.974354985399999762e+00
1.057499999999999929e+01 4.141493492600000437e+00
1.067500000000000071e+01 4.308734037399999828e+00
1.077500000000000036e+01 4.484611879900000098e+00
1.087500000000000000e+01 4.671215124999999802e+00
1.097499999999999964e+01 4.869245623900000375e+00
1.107499999999999929e+01 5.083056311400000027e+00
1.117500000000000071e+01 5.319799187100000104e+00
1.127500000000000036e+01 5.593168833300000031e+00
1.137500000000000000e+01 5.928014743200000325e+00
1.147499999999999964e+01 6.353078989800000187e+00
1.157499999999999929e+01 6.883676936500000565e+00
1.167500000000000071e+01 7.507665163800000485e+00
1.177500000000000036e+01 8.186758614100000386e+00
1.187500000000000000e+01 8.876075693499998920e+00
1.197499999999999964e+01 9.542540380500000197e+00
1.207000000000000028e+01 1.012876891099999987e+01
1.216999999999999993e+01 1.064181129730000031e+01
1.226999999999999957e+01 1.095176509119999864e+01
1.236999999999999922e+01 1.097149323360000039e+01
1.247000000000000064e+01 1.070630054869999981e+01
1.257000000000000028e+01 1.026490911690000019e+01
1.266999999999999993e+01 9.782229839299999341e+00
1.276999999999999957e+01 9.348000542799999479e+00
1.286999999999999922e+01 9.005282155300001534e+00
1.297000000000000064e+01 8.785741604100000046e+00
1.307000000000000028e+01 8.719169349899999588e+00
1.316999999999999993e+01 8.803897657400000298e+00
1.326999999999999957e+01 8.983204002699999080e+00
1.336999999999999922e+01 9.168112497700001029e+00
1.347000000000000064e+01 9.304131576599999676e+00
1.357000000000000028e+01 9.413659582899999378e+00
1.366999999999999993e+01 9.555370556099999746e+00
1.376999999999999957e+01 9.754156523599998962e+00
1.386999999999999922e+01 9.974512131400000925e+00
1.397000000000000064e+01 1.013116487610000149e+01
1.406499999999999950e+01 1.012352551070000040e+01
1.416499999999999915e+01 9.879084186500000087e+00
1.426500000000000057e+01 9.406212168900001558e+00
1.436500000000000021e+01 8.808399285800000200e+00
1.446499999999999986e+01 8.215310454900000892e+00
1.456499999999999950e+01 7.707209478000000225e+00
1.466499999999999915e+01 7.289560448199999598e+00
1.476500000000000057e+01 6.924233013100000278e+00
1.486500000000000021e+01 6.571849824500000103e+00
1.496499999999999986e+01 6.207961362300000729e+00
1.506499999999999950e+01 5.826116037100000256e+00
1.516499999999999915e+01 5.439694707899999315e+00
1.526500000000000057e+01 5.070315699700000067e+00
1.536500000000000021e+01 4.729512310400000530e+00
1.546499999999999986e+01 4.415135627599999779e+00
1.556499999999999950e+01 4.122624428499999993e+00
1.566499999999999915e+01 3.854694736099999908e+00
1.576500000000000057e+01 3.619800947899999954e+00
1.586500000000000021e+01 3.424850911300000078e+00
1.596499999999999986e+01 3.271240634799999825e+00
1.605999999999999872e+01 3.160144948800000186e+00
1.616000000000000014e+01 3.072019865300000152e+00
1.626000000000000156e+01 3.002869823800000226e+00
1.635999999999999943e+01 2.944086045200000168e+00
1.646000000000000085e+01 2.892256558600000194e+00
1.655999999999999872e+01 2.847599695900000061e+00
1.666000000000000014e+01 2.813182853599999866e+00
1.676000000000000156e+01 2.796123495499999834e+00
1.685999999999999943e+01 2.805504778199999993e+00
1.696000000000000085e+01 2.847350034400000229e+00
1.705999999999999872e+01 2.920833333900000106e+00
1.716000000000000014e+01 3.017526264299999816e+00
1.726000000000000156e+01 3.124287618000000322e+00
1.735999999999999943e+01 3.229209914900000200e+00
1.746000000000000085e+01 3.325272390699999914e+00
1.755999999999999872e+01 3.406391126800000002e+00
1.766000000000000014e+01 3.462494099599999764e+00
1.776000000000000156e+01 3.485029688600000064e+00
1.785999999999999943e+01 3.476264053599999571e+00
1.796000000000000085e+01 3.446870540900000002e+00
1.805499999999999972e+01 3.409999044600000140e+00
1.815500000000000114e+01 3.372024826400000119e+00
1.825499999999999901e+01 3.345001811400000413e+00
1.835500000000000043e+01 3.331286326499999895e+00
1.845499999999999829e+01 3.316434223000000348e+00
1.855499999999999972e+01 3.269763572400000040e+00
1.865500000000000114e+01 3.160264099599999987e+00
1.875499999999999901e+01 2.979443909399999590e+00
1.885500000000000043e+01 2.749619170099999899e+00
1.895499999999999829e+01 2.507845418300000073e+00
1.905499999999999972e+01 2.282668260599999943e+00
1.915500000000000114e+01 2.084955903900000074e+00
1.925499999999999901e+01 1.913867605199999877e+00
1.935500000000000043e+01 1.766258376899999982e+00
1.945499999999999829e+01 1.640258729599999965e+00
1.955499999999999972e+01 1.533787236999999859e+00
1.965500000000000114e+01 1.443604381200000120e+00
1.975499999999999901e+01 1.366018239799999812e+00
1.985500000000000043e+01 1.297162180700000000e+00
1.995499999999999829e+01 1.233079380700000005e+00
2.005000000000000071e+01 1.173944410399999860e+00
2.014999999999999858e+01 1.112492481100000097e+00
2.025000000000000000e+01 1.051764791200000104e+00
2.035000000000000142e+01 9.919030429999999843e-01
2.044999999999999929e+01 9.340101804000000563e-01
2.055000000000000071e+01 8.805053503999999975e-01
2.064999999999999858e+01 8.338192146000000804e-01
2.075000000000000000e+01 7.947630297000000121e-01
2.085000000000000142e+01 7.620699209999999280e-01
2.094999999999999929e+01 7.332293403999999848e-01
2.105000000000000071e+01 7.057782113999999662e-01
2.114999999999999858e+01 6.780980877000000184e-01
2.125000000000000000e+01 6.494074323000000870e-01
2.135000000000000142e+01 6.194363125999999831e-01
2.144999999999999929e+01 5.885610843999999897e-01
2.155000000000000071e+01 5.579776409000000159e-01
2.164999999999999858e+01 5.291447626999999931e-01
2.175000000000000000e+01 5.029851233000000033e-01
2.185000000000000142e+01 4.795580133999999828e-01
2.194999999999999929e+01 4.584663500000000225e-01
2.204500000000000171e+01 4.404993734000000050e-01
2.214499999999999957e+01 4.241400938000000065e-01
2.224500000000000099e+01 4.107095640999999797e-01
2.234499999999999886e+01 3.999447201999999923e-01
2.244500000000000028e+01 3.910953175999999920e-01
2.254500000000000171e+01 3.832401910999999606e-01
2.264499999999999957e+01 3.754119092000000046e-01
2.274500000000000099e+01 3.667392902000000121e-01
2.284499999999999886e+01 3.567181798999999875e-01
2.294500000000000028e+01 3.453761887000000308e-01
2.304500000000000171e+01 3.332338384999999903e-01
2.314499999999999957e+01 3.211621518999999703e-01
2.324500000000000099e+01 3.100748842999999644e-01
2.334499999999999886e+01 3.005630542000000127e-01
2.344500000000000028e+01 2.927591310000000058e-01
2.354500000000000171e+01 2.864899200000000090e-01
2.364499999999999957e+01 2.814392018999999912e-01
2.374500000000000099e+01 2.771402572000000175e-01
2.384499999999999886e+01 2.729232542999999733e-01
2.394500000000000028e+01 2.681093484000000027e-01
2.403999999999999915e+01 2.627530421000000005e-01
2.414000000000000057e+01 2.566248138000000178e-01
2.423999999999999844e+01 2.505708408999999803e-01
2.433999999999999986e+01 2.449196448000000026e-01
2.444000000000000128e+01 2.396233837999999783e-01
2.453999999999999915e+01 2.344456172999999921e-01
2.464000000000000057e+01 2.291154858000000183e-01
2.473999999999999844e+01 2.233771957999999835e-01
2.483999999999999986e+01 2.171501693000000011e-01
2.494000000000000128e+01 2.106390442000000141e-01
2.503999999999999915e+01 2.041966051000000115e-01
2.514000000000000057e+01 1.981155210999999972e-01
2.523999999999999844e+01 1.925687127999999859e-01
2.533999999999999986e+01 1.876285255000000041e-01
2.544000000000000128e+01 1.832898184999999791e-01
2.553999999999999915e+01 1.794838986999999775e-01
2.564000000000000057e+01 1.760682536999999825e-01
2.573999999999999844e+01 1.728769148000000033e-01
2.583999999999999986e+01 1.698424269999999903e-01
2.594000000000000128e+01 1.670113979999999776e-01
2.603500000000000014e+01 1.645618566000000005e-01
2.613500000000000156e+01 1.622503988999999813e-01
2.623499999999999943e+01 1.602089436999999950e-01
2.633500000000000085e+01 1.584514659000000047e-01
2.643499999999999872e+01 1.570116461000000130e-01
2.653500000000000014e+01 1.559132571999999883e-01
2.663500000000000156e+01 1.551396278999999934e-01
2.673499999999999943e+01 1.546261321999999883e-01
2.683500000000000085e+01 1.542278499999999997e-01
2.693499999999999872e+01 1.536909875999999953e-01
2.703500000000000014e+01 1.527392109000000053e-01
2.713500000000000156e+01 1.512644441000000062e-01
2.723499999999999943e+01 1.494405960000000089e-01
2.733500000000000085e+01 1.475967839000000004e-01
2.743499999999999872e+01 1.460026507999999945e-01
2.753500000000000014e+01 1.447771620999999953e-01
2.763500000000000156e+01 1.439071096999999799e-01
2.773499999999999943e+01 1.432253327999999937e-01
2.783500000000000085e+01 1.424252115999999901e-01
2.793499999999999872e+01 1.412162352999999926e-01
2.803000000000000114e+01 1.396325951000000065e-01
2.812999999999999901e+01 1.377027554999999959e-01
2.823000000000000043e+01 1.358264985000000036e-01
2.832999999999999829e+01 1.343127655999999948e-01
2.842999999999999972e+01 1.333655455999999961e-01
2.853000000000000114e+01 1.330375665999999901e-01
2.862999999999999901e+01 1.332402524999999893e-01
2.873000000000000043e+01 1.338287974000000047e-01
2.882999999999999829e+01 1.346964340999999843e-01
2.892999999999999972e+01 1.358200790999999907e-01
2.903000000000000114e+01 1.372144525000000004e-01
2.912999999999999901e+01 1.387700413000000077e-01
2.923000000000000043e+01 1.402184086000000107e-01
2.932999999999999829e+01 1.413289128999999922e-01
2.942999999999999972e+01 1.420638925000000108e-01
2.953000000000000114e+01 1.425272549000000111e-01
2.962999999999999901e+01 1.428512858000000052e-01
2.973000000000000043e+01 1.430389877000000087e-01
2.982999999999999829e+01 1.428940908999999926e-01
2.992999999999999972e+01 1.421849897000000140e-01
3.002499999999999858e+01 1.409549418999999915e-01
3.012500000000000000e+01 1.391317519999999974e-01
3.022500000000000142e+01 1.366445668000000058e-01
3.032499999999999929e+01 1.331921920999999953e-01
3.042500000000000071e+01 1.286431415000000023e-01
3.052499999999999858e+01 1.232523982999999962e-01
3.062500000000000000e+01 1.175535516000000003e-01
3.072500000000000142e+01 1.120945536000000076e-01
3.082499999999999929e+01 1.072317184000000090e-01
3.092500000000000071e+01 1.030402321999999982e-01
3.102499999999999858e+01 9.939455590000000063e-02
3.112500000000000000e+01 9.614979659999998984e-02
3.122500000000000142e+01 9.323170950000000956e-02
3.132499999999999929e+01 9.058471090000000392e-02
3.142500000000000071e+01 8.814393709999999993e-02
3.152499999999999858e+01 8.587347119999999556e-02
3.162500000000000000e+01 8.377704129999999361e-02
3.172500000000000142e+01 8.188880169999999958e-02
3.182499999999999929e+01 8.028361500000000262e-02
3.192500000000000071e+01 7.906441910000000517e-02
3.202000000000000313e+01 7.831880010000000225e-02
3.211999999999999744e+01 7.793518210000000002e-02
3.221999999999999886e+01 7.784129249999999223e-02
3.232000000000000028e+01 7.788062689999999955e-02
3.242000000000000171e+01 7.789158309999999474e-02
3.252000000000000313e+01 7.769129560000000156e-02
3.261999999999999744e+01 7.706664659999999667e-02
3.271999999999999886e+01 7.585152679999999925e-02
3.282000000000000028e+01 7.405550099999999580e-02
3.292000000000000171e+01 7.189174859999999945e-02
3.302000000000000313e+01 6.965268080000000528e-02
3.311999999999999744e+01 6.757051490000000327e-02
3.321999999999999886e+01 6.578593759999999679e-02
3.332000000000000028e+01 6.438412550000000012e-02
3.342000000000000171e+01 6.341057750000000937e-02
3.352000000000000313e+01 6.286283100000000790e-02
3.361999999999999744e+01 6.269524740000000096e-02
3.371999999999999886e+01 6.283988510000000638e-02
3.382000000000000028e+01 6.321687280000000408e-02
3.392000000000000171e+01 6.373181289999999000e-02
3.401500000000000057e+01 6.426253719999999725e-02
3.411500000000000199e+01 6.480025389999999330e-02
3.421500000000000341e+01 6.528443819999998898e-02
3.431499999999999773e+01 6.570632949999999362e-02
3.441499999999999915e+01 6.606895179999999757e-02
3.451500000000000057e+01 6.637473709999999749e-02
3.461500000000000199e+01 6.662518989999999253e-02
3.471500000000000341e+01 6.682445139999999839e-02
3.481499999999999773e+01 6.696148609999999501e-02
3.491499999999999915e+01 6.700224569999999047e-02
3.501500000000000057e+01 6.692150380000000398e-02
3.511500000000000199e+01 6.673043750000000329e-02
3.521500000000000341e+01 6.643395800000000129e-02
3.531499999999999773e+01 6.594060229999999800e-02
3.541499999999999915e+01 6.506883029999999124e-02
3.551500000000000057e+01 6.369357879999999750e-02
3.561500000000000199e+01 6.189891860000000523e-02
3.571500000000000341e+01 5.994142009999999660e-02
3.581499999999999773e+01 5.807512739999999563e-02
3.591499999999999915e+01 5.642445949999999599e-02
3.600999999999999801e+01 5.504959809999999953e-02
3.610999999999999943e+01 5.372613110000000469e-02
3.621000000000000085e+01 5.243108230000000092e-02
3.631000000000000227e+01 5.108435079999999739e-02
3.640999999999999659e+01 4.965007639999999972e-02
3.650999999999999801e+01 4.817188089999999839e-02
3.660999999999999943e+01 4.675910330000000031e-02
3.671000000000000085e+01 4.551452470000000305e-02
3.681000000000000227e+01 4.448329399999999961e-02
3.690999999999999659e+01 4.365260149999999895e-02
3.700999999999999801e+01 4.297199329999999706e-02
3.710999999999999943e+01 4.237952650000000043e-02
3.721000000000000085e+01 4.182766209999999596e-02
3.731000000000000227e+01 4.129355049999999805e-02
3.740999999999999659e+01 4.077075260000000145e-02
3.750999999999999801e+01 4.026651709999999607e-02
3.760999999999999943e+01 3.981415699999999586e-02
3.771000000000000085e+01 3.946595879999999917e-02
3.781000000000000227e+01 3.925551850000000287e-02
3.790999999999999659e+01 3.917454900000000295e-02
3.800500000000000256e+01 3.918028579999999900e-02
3.810499999999999687e+01 3.922361490000000200e-02
3.820499999999999829e+01 3.927020540000000087e-02
3.830499999999999972e+01 3.932175710000000018e-02
3.840500000000000114e+01 3.940106139999999951e-02
3.850500000000000256e+01 3.950596019999999542e-02
3.860499999999999687e+01 3.958422579999999746e-02
3.870499999999999829e+01 3.955912689999999815e-02
3.880499999999999972e+01 3.938097980000000026e-02
3.890500000000000114e+01 3.905961389999999811e-02
3.900500000000000256e+01 3.865605939999999796e-02
3.910499999999999687e+01 3.823809470000000266e-02
3.920499999999999829e+01 3.782842420000000205e-02
3.930499999999999972e+01 3.740216999999999847e-02
3.940500000000000114e+01 3.693572280000000096e-02
3.950500000000000256e+01 3.642980330000000072e-02
3.960499999999999687e+01 3.588643780000000394e-02
3.970499999999999829e+01 3.529791200000000073e-02
3.980499999999999972e+01 3.466581249999999698e-02
3.990500000000000114e+01 3.401266800000000284e-02
