1.000000000000000056e-01 8.279020499999999519e-03
2.000000000000000111e-01 7.202761700000000038e-03
2.999999999999999889e-01 8.166225100000000514e-03
4.000000000000000222e-01 9.595169899999998753e-03
5.000000000000000000e-01 1.110957849999999990e-02
5.999999999999999778e-01 1.256833109999999989e-02
6.999999999999999556e-01 1.395594899999999874e-02
8.000000000000000444e-01 1.532975039999999976e-02
9.000000000000000222e-01 1.674702900000000008e-02
1.000000000000000000e+00 1.824184749999999827e-02
1.100000000000000089e+00 1.982627919999999794e-02
1.199999999999999956e+00 2.150267170000000339e-02
1.300000000000000044e+00 2.327106739999999785e-02
1.399999999999999911e+00 2.513340759999999757e-02
1.500000000000000000e+00 2.709398190000000123e-02
1.600000000000000089e+00 2.915715290000000029e-02
1.699999999999999956e+00 3.132072319999999743e-02
1.800000000000000044e+00 3.356437369999999698e-02
1.899999999999999911e+00 3.583869659999999735e-02
2.000000000000000000e+00 3.807300179999999895e-02
2.095000000000000195e+00 4.011575770000000429e-02
2.194999999999999840e+00 4.220412989999999809e-02
2.294999999999999929e+00 4.431256960000000411e-02
2.395000000000000018e+00 4.653322270000000149e-02
2.495000000000000107e+00 4.892634210000000594e-02
2.595000000000000195e+00 5.151175649999999856e-02
2.694999999999999840e+00 5.427242890000000264e-02
2.794999999999999929e+00 5.716511259999999817e-02
2.895000000000000018e+00 6.014870399999999728e-02
2.995000000000000107e+00 6.320494960000000439e-02
3.095000000000000195e+00 6.633737859999999653e-02
3.194999999999999840e+00 6.956425780000000114e-02
3.294999999999999929e+00 7.291106199999999871e-02
3.395000000000000018e+00 7.637316999999999023e-02
3.495000000000000107e+00 7.988973650000000259e-02
3.595000000000000195e+00 8.339432669999999326e-02
3.694999999999999840e+00 8.691120599999999086e-02
3.794999999999999929e+00 9.057385719999999640e-02
3.895000000000000018e+00 9.451794690000001053e-02
3.995000000000000107e+00 9.876272899999999355e-02
4.089999999999999858e+00 1.029513145000000018e-01
4.190000000000000391e+00 1.073208237000000120e-01
4.290000000000000036e+00 1.115071562999999932e-01
4.389999999999999680e+00 1.155337231999999936e-01
4.490000000000000213e+00 1.195791345000000033e-01
4.589999999999999858e+00 1.238943554999999974e-01
4.690000000000000391e+00 1.287015340000000063e-01
4.790000000000000036e+00 1.341243631000000047e-01
4.889999999999999680e+00 1.402094755000000137e-01
4.990000000000000213e+00 1.470258871000000023e-01
5.089999999999999858e+00 1.547387499000000000e-01
5.190000000000000391e+00 1.635985774000000004e-01
5.290000000000000036e+00 1.738798711999999802e-01
5.389999999999999680e+00 1.858205662999999896e-01
5.490000000000000213e+00 1.995574167999999982e-01
5.589999999999999858e+00 2.150722862999999985e-01
5.690000000000000391e+00 2.322690915999999772e-01
5.790000000000000036e+00 2.511904350999999980e-01
5.889999999999999680e+00 2.722701542000000030e-01
5.990000000000000213e+00 2.963891563999999645e-01
6.084999999999999964e+00 3.230581337000000275e-01
6.184999999999999609e+00 3.555375827999999738e-01
6.285000000000000142e+00 3.913745209000000225e-01
6.384999999999999787e+00 4.266879962000000304e-01
6.485000000000000320e+00 4.553450363999999584e-01
6.584999999999999964e+00 4.721678615000000079e-01
6.684999999999999609e+00 4.764670885999999772e-01
6.785000000000000142e+00 4.718749010999999660e-01
6.884999999999999787e+00 4.634813059000000290e-01
6.985000000000000320e+00 4.554965504999999859e-01
7.084999999999999964e+00 4.502522089999999588e-01
7.184999999999999609e+00 4.486057088000000026e-01
7.285000000000000142e+00 4.510472523999999872e-01
7.384999999999999787e+00 4.581212115999999668e-01
7.485000000000000320e+00 4.701187264999999726e-01
7.584999999999999964e+00 4.870370096999999676e-01
7.684999999999999609e+00 5.090520826000000110e-01
7.785000000000000142e+00 5.368794208000000623e-01
7.884999999999999787e+00 5.714526158999999605e-01
7.985000000000000320e+00 6.130371423000000597e-01
8.080000000000000071e+00 6.579463478999999504e-01
8.179999999999999716e+00 7.081444088999999664e-01
8.279999999999999361e+00 7.575439591999999500e-01
8.380000000000000782e+00 8.027212666999999913e-01
8.480000000000000426e+00 8.422498904999999869e-01
8.580000000000000071e+00 8.781391613000000262e-01
8.679999999999999716e+00 9.154713079999998726e-01
8.779999999999999361e+00 9.595692889000000392e-01
8.880000000000000782e+00 1.013232895499999842e+00
8.980000000000000426e+00 1.076432824000000066e+00
9.080000000000000071e+00 1.148247652999999868e+00
9.179999999999999716e+00 1.228968960600000049e+00
9.279999999999999361e+00 1.319803141399999991e+00
9.380000000000000782e+00 1.420497105799999993e+00
9.480000000000000426e+00 1.527417364099999952e+00
9.580000000000000071e+00 1.634719021500000036e+00
9.679999999999999716e+00 1.737485637000000027e+00
9.779999999999999361e+00 1.833395824699999954e+00
9.880000000000000782e+00 1.923360281999999977e+00
9.980000000000000426e+00 2.011903638799999783e+00
1.007499999999999929e+01 2.099762429800000163e+00
1.017500000000000071e+01 2.199063383299999952e+00
1.027500000000000036e+01 2.304900749899999823e+00
1.037500000000000000e+01 2.414156973099999881e+00
1.047499999999999964e+01 2.523797678500000252e+00
1.057499999999999929e+01 2.634886649499999844e+00
1.067500000000000071e+01 2.751978834300000010e+00
1.077500000000000036e+01 2.878155255499999843e+00
1.087500000000000000e+01 3.010305015400000173e+00
1.097499999999999964e+01 3.140494017299999996e+00
1.107499999999999929e+01 3.264270697100000174e+00
1.117500000000000071e+01 3.385302046000000065e+00
1.127500000000000036e+01 3.512243797200000017e+00
1.137500000000000000e+01 3.656334326999999718e+00
1.147499999999999964e+01 3.832570854100000091e+00
1.157499999999999929e+01 4.058231464900000418e+00
1.167500000000000071e+01 4.346673532399999651e+00
1.177500000000000036e+01 4.701360407500000171e+00
1.187500000000000000e+01 5.115085508900000022e+00
1.197499999999999964e+01 5.577391292999999806e+00
1.207000000000000028e+01 6.060293654499999683e+00
1.216999999999999993e+01 6.627199208800000463e+00
1.226999999999999957e+01 7.268903852699999391e+00
1.236999999999999922e+01 7.977947429599999474e+00
1.247000000000000064e+01 8.707730373200000429e+00
1.257000000000000028e+01 9.378731773500000202e+00
1.266999999999999993e+01 9.906339288999999937e+00
1.276999999999999957e+01 1.022136593799999993e+01
1.286999999999999922e+01 1.026710650709999939e+01
1.297000000000000064e+01 1.001660296709999898e+01
1.307000000000000028e+01 9.528051964299999455e+00
1.316999999999999993e+01 8.944542827300001164e+00
1.326999999999999957e+01 8.407084501199999949e+00
1.336999999999999922e+01 7.981309796400000600e+00
1.347000000000000064e+01 7.661049049799999011e+00
1.357000000000000028e+01 7.422294785100000070e+00
1.366999999999999993e+01 7.269489751500000096e+00
1.376999999999999957e+01 7.231093540399999853e+00
1.386999999999999922e+01 7.326359575699999738e+00
1.397000000000000064e+01 7.545022071700000055e+00
1.406499999999999950e+01 7.826349113100000920e+00
1.416499999999999915e+01 8.120168813999999458e+00
1.426500000000000057e+01 8.304928167299999942e+00
1.436500000000000021e+01 8.301243985199999287e+00
1.446499999999999986e+01 8.123346889499998724e+00
1.456499999999999950e+01 7.868399035799999552e+00
1.466499999999999915e+01 7.633492272699999859e+00
1.476500000000000057e+01 7.452772129600000461e+00
1.486500000000000021e+01 7.297260201000000279e+00
1.496499999999999986e+01 7.114425603900000006e+00
1.506499999999999950e+01 6.871886620299999748e+00
1.516499999999999915e+01 6.577524044600000508e+00
1.526500000000000057e+01 6.265389075199999880e+00
1.536500000000000021e+01 5.966220139900000774e+00
1.546499999999999986e+01 5.691502267900000689e+00
1.556499999999999950e+01 5.435211025400000118e+00
1.566499999999999915e+01 5.180386998100000362e+00
1.576500000000000057e+01 4.909413495899999980e+00
1.586500000000000021e+01 4.620205946599999614e+00
1.596499999999999986e+01 4.333126841300000365e+00
1.605999999999999872e+01 4.087410256000000075e+00
1.616000000000000014e+01 3.870552269100000053e+00
1.626000000000000156e+01 3.692673408700000159e+00
1.635999999999999943e+01 3.543429922599999671e+00
1.646000000000000085e+01 3.417121426799999639e+00
1.655999999999999872e+01 3.312044236999999836e+00
1.666000000000000014e+01 3.224530242600000207e+00
1.676000000000000156e+01 3.148972857299999983e+00
1.685999999999999943e+01 3.083456033300000065e+00
1.696000000000000085e+01 3.033462808899999974e+00
1.705999999999999872e+01 3.010108311499999800e+00
1.716000000000000014e+01 3.023825423999999984e+00
1.726000000000000156e+01 3.077231684000000023e+00
1.735999999999999943e+01 3.162171118100000289e+00
1.746000000000000085e+01 3.263951088899999853e+00
1.755999999999999872e+01 3.371179432599999970e+00
1.766000000000000014e+01 3.480860986300000182e+00
1.776000000000000156e+01 3.591571129500000126e+00
1.785999999999999943e+01 3.696544976199999777e+00
1.796000000000000085e+01 3.787354540900000011e+00
1.805499999999999972e+01 3.855536530700000242e+00
1.815500000000000114e+01 3.905499286500000000e+00
1.825499999999999901e+01 3.933932121099999790e+00
1.835500000000000043e+01 3.948120316599999846e+00
1.845499999999999829e+01 3.960779914599999785e+00
1.855499999999999972e+01 3.984011557499999689e+00
1.865500000000000114e+01 4.018141880599999993e+00
1.875499999999999901e+01 4.043368683199999758e+00
1.885500000000000043e+01 4.029139744000000078e+00
1.895499999999999829e+01 3.956016590099999952e+00
1.905499999999999972e+01 3.826793449099999744e+00
1.915500000000000114e+01 3.659751575100000043e+00
1.925499999999999901e+01 3.476634120499999980e+00
1.935500000000000043e+01 3.293315712000000062e+00
1.945499999999999829e+01 3.114623409700000067e+00
1.955499999999999972e+01 2.935958783999999877e+00
1.965500000000000114e+01 2.751412833999999918e+00
1.975499999999999901e+01 2.560801763599999781e+00
1.985500000000000043e+01 2.369979757599999903e+00
1.995499999999999829e+01 2.187344799399999928e+00
2.005000000000000071e+01 2.027919371299999884e+00
2.014999999999999858e+01 1.878055776399999877e+00
2.025000000000000000e+01 1.746170551700000129e+00
2.035000000000000142e+01 1.629763263499999892e+00
2.044999999999999929e+01 1.525772156400000190e+00
2.055000000000000071e+01 1.430937430100000185e+00
2.064999999999999858e+01 1.342782413000000119e+00
2.075000000000000000e+01 1.261425068699999930e+00
2.085000000000000142e+01 1.189097810000000033e+00
2.094999999999999929e+01 1.127122687499999998e+00
2.105000000000000071e+01 1.073805361400000047e+00
2.114999999999999858e+01 1.024789126099999947e+00
2.125000000000000000e+01 9.750611819999999152e-01
2.135000000000000142e+01 9.215682917999999946e-01
2.144999999999999929e+01 8.648312274999999660e-01
2.155000000000000071e+01 8.080637793000000624e-01
2.164999999999999858e+01 7.547223844000000570e-01
2.175000000000000000e+01 7.069228974999999249e-01
2.185000000000000142e+01 6.655602858000000399e-01
2.194999999999999929e+01 6.310057068000000102e-01
2.204500000000000171e+01 6.044584759000000140e-01
2.214499999999999957e+01 5.823054972999999190e-01
2.224500000000000099e+01 5.642617170000000515e-01
2.234499999999999886e+01 5.480946728000000157e-01
2.244500000000000028e+01 5.321083328000000279e-01
2.254500000000000171e+01 5.155905580999999849e-01
2.264499999999999957e+01 4.986967681000000208e-01
2.274500000000000099e+01 4.821333376999999976e-01
2.284499999999999886e+01 4.667127583999999829e-01
2.294500000000000028e+01 4.528261217999999810e-01
2.304500000000000171e+01 4.402645562999999984e-01
2.314499999999999957e+01 4.285698097000000262e-01
2.324500000000000099e+01 4.174777363000000130e-01
2.334499999999999886e+01 4.070243411000000200e-01
2.344500000000000028e+01 3.972278861999999910e-01
2.354500000000000171e+01 3.877611435000000162e-01
2.364499999999999957e+01 3.781382358000000554e-01
2.374500000000000099e+01 3.682852629000000211e-01
2.384499999999999886e+01 3.587309800999999854e-01
2.394500000000000028e+01 3.500953331000000168e-01
2.403999999999999915e+01 3.428707190999999987e-01
2.414000000000000057e+01 3.358863273999999621e-01
2.423999999999999844e+01 3.288855814000000155e-01
2.433999999999999986e+01 3.213888943999999581e-01
2.444000000000000128e+01 3.133009070000000174e-01
2.453999999999999915e+01 3.047857232999999777e-01
2.464000000000000057e+01 2.959974436000000209e-01
2.473999999999999844e+01 2.869732836999999703e-01
2.483999999999999986e+01 2.777914363999999803e-01
2.494000000000000128e+01 2.686805589999999855e-01
2.503999999999999915e+01 2.598955298000000247e-01
2.514000000000000057e+01 2.516388217000000149e-01
2.523999999999999844e+01 2.440670165000000114e-01
2.533999999999999986e+01 2.372146407999999873e-01
2.544000000000000128e+01 2.308977595000000216e-01
2.553999999999999915e+01 2.247928655000000220e-01
2.564000000000000057e+01 2.186740168999999900e-01
2.573999999999999844e+01 2.125871034000000048e-01
2.583999999999999986e+01 2.067811340000000053e-01
2.594000000000000128e+01 2.015065987000000114e-01
2.603500000000000014e+01 1.971333279999999966e-01
2.613500000000000156e+01 1.932455127000000106e-01
2.623499999999999943e+01 1.899933926000000051e-01
2.633500000000000085e+01 1.871765055999999872e-01
2.643499999999999872e+01 1.846158204999999997e-01
2.653500000000000014e+01 1.822539014000000013e-01
2.663500000000000156e+01 1.801615219999999906e-01
2.673499999999999943e+01 1.784455047999999877e-01
2.683500000000000085e+01 1.771594303000000037e-01
2.693499999999999872e+01 1.763508614000000030e-01
2.703500000000000014e+01 1.761184878000000009e-01
2.713500000000000156e+01 1.765004347999999945e-01
2.723499999999999943e+01 1.772704193999999900e-01
2.733500000000000085e+01 1.779228633999999920e-01
2.743499999999999872e+01 1.779202146999999956e-01
2.753500000000000014e+01 1.769623428999999859e-01
2.763500000000000156e+01 1.750191338000000041e-01
2.773499999999999943e+01 1.722640107000000254e-01
2.783500000000000085e+01 1.690717282000000210e-01
2.793499999999999872e+01 1.659938249000000032e-01
2.803000000000000114e+01 1.636599062000000104e-01
2.812999999999999901e+01 1.620530118999999880e-01
2.823000000000000043e+01 1.611741138000000184e-01
2.832999999999999829e+01 1.606796410999999924e-01
2.842999999999999972e+01 1.603028928999999936e-01
2.853000000000000114e+01 1.599635954999999998e-01
2.862999999999999901e+01 1.596775606999999986e-01
2.873000000000000043e+01 1.594600032000000056e-01
2.882999999999999829e+01 1.593281031000000070e-01
2.892999999999999972e+01 1.593195074999999850e-01
2.903000000000000114e+01 1.594439418999999969e-01
2.912999999999999901e+01 1.596721379000000107e-01
2.923000000000000043e+01 1.600091465000000046e-01
2.932999999999999829e+01 1.605043177999999904e-01
2.942999999999999972e+01 1.611639780000000133e-01
2.953000000000000114e+01 1.619212163000000038e-01
2.962999999999999901e+01 1.626768003000000073e-01
2.973000000000000043e+01 1.632996211000000142e-01
2.982999999999999829e+01 1.635447338000000084e-01
2.992999999999999972e+01 1.629823717999999977e-01
3.002499999999999858e+01 1.612224416999999965e-01
3.012500000000000000e+01 1.577508705000000011e-01
3.022500000000000142e+01 1.527823415000000018e-01
3.032499999999999929e+01 1.470297978000000005e-01
3.042500000000000071e+01 1.413150055999999877e-01
3.052499999999999858e+01 1.360919580999999934e-01
3.062500000000000000e+01 1.313969822000000121e-01
3.072500000000000142e+01 1.271458803000000137e-01
3.082499999999999929e+01 1.233666754000000004e-01
3.092500000000000071e+01 1.201228515999999968e-01
3.102499999999999858e+01 1.173180429000000025e-01
3.112500000000000000e+01 1.146539602999999963e-01
3.122500000000000142e+01 1.118047474999999957e-01
3.132499999999999929e+01 1.086486680000000038e-01
3.142500000000000071e+01 1.053528870999999867e-01
3.152499999999999858e+01 1.022395886000000004e-01
3.162500000000000000e+01 9.958357069999999867e-02
3.172500000000000142e+01 9.753035219999998950e-02
3.182499999999999929e+01 9.609568579999999693e-02
3.192500000000000071e+01 9.516327739999999591e-02
3.202000000000000313e+01 9.453667960000000647e-02
3.211999999999999744e+01 9.387317870000000397e-02
3.221999999999999886e+01 9.292193479999999450e-02
3.232000000000000028e+01 9.149788949999999865e-02
3.242000000000000171e+01 8.961575280000000365e-02
3.252000000000000313e+01 8.749072110000000180e-02
3.261999999999999744e+01 8.539691280000000217e-02
3.271999999999999886e+01 8.347732360000000018e-02
3.282000000000000028e+01 8.169874850000000133e-02
3.292000000000000171e+01 7.998455720000000047e-02
3.302000000000000313e+01 7.834098200000000345e-02
3.311999999999999744e+01 7.685026659999999454e-02
3.321999999999999886e+01 7.558646690000001001e-02
3.332000000000000028e+01 7.455947549999999979e-02
3.342000000000000171e+01 7.371808799999998718e-02
3.352000000000000313e+01 7.300132739999999620e-02
3.361999999999999744e+01 7.239658840000000317e-02
3.371999999999999886e+01 7.195041509999999807e-02
3.382000000000000028e+01 7.172792000000000057e-02
3.392000000000000171e+01 7.176306639999999182e-02
3.401500000000000057e+01 7.200141559999999330e-02
3.411500000000000199e+01 7.234631880000000348e-02
3.421500000000000341e+01 7.262360500000000774e-02
3.431499999999999773e+01 7.273881000000000097e-02
3.441499999999999915e+01 7.273552269999999931e-02
3.451500000000000057e+01 7.276564299999999097e-02
3.461500000000000199e+01 7.301165939999999799e-02
3.471500000000000341e+01 7.358229419999999521e-02
3.481499999999999773e+01 7.442236139999999778e-02
3.491499999999999915e+01 7.531946180000000102e-02
3.501500000000000057e+01 7.602606400000000431e-02
3.511500000000000199e+01 7.641330060000001145e-02
3.521500000000000341e+01 7.654591150000000788e-02
3.531499999999999773e+01 7.661263379999999623e-02
3.541499999999999915e+01 7.675888640000000374e-02
3.551500000000000057e+01 7.698238190000000758e-02
3.561500000000000199e+01 7.714141769999999232e-02
3.571500000000000341e+01 7.700569029999999870e-02
3.581499999999999773e+01 7.631785859999999644e-02
3.591499999999999915e+01 7.490077039999999686e-02
3.600999999999999801e+01 7.288703009999999982e-02
3.610999999999999943e+01 7.026846400000000270e-02
3.621000000000000085e+01 6.744909309999999603e-02
3.631000000000000227e+01 6.469964350000000086e-02
3.640999999999999659e+01 6.217328299999999586e-02
3.650999999999999801e+01 5.991921000000000053e-02
3.660999999999999943e+01 5.790760439999999287e-02
3.671000000000000085e+01 5.606655539999999549e-02
3.681000000000000227e+01 5.434555509999999812e-02
3.690999999999999659e+01 5.275510799999999501e-02
3.700999999999999801e+01 5.135033960000000286e-02
3.710999999999999943e+01 5.019272820000000163e-02
3.721000000000000085e+01 4.932093499999999631e-02
3.731000000000000227e+01 4.872441789999999717e-02
3.740999999999999659e+01 4.832778259999999382e-02
3.750999999999999801e+01 4.800978670000000115e-02
3.760999999999999943e+01 4.765412530000000257e-02
3.771000000000000085e+01 4.719971909999999549e-02
3.781000000000000227e+01 4.665836560000000133e-02
3.790999999999999659e+01 4.609674079999999396e-02
3.800500000000000256e+01 4.562208289999999944e-02
3.810499999999999687e+01 4.524967829999999858e-02
3.820499999999999829e+01 4.503174179999999693e-02
3.830499999999999972e+01 4.494401689999999450e-02
3.840500000000000114e+01 4.492473339999999982e-02
3.850500000000000256e+01 4.489191750000000314e-02
3.860499999999999687e+01 4.476816150000000050e-02
3.870499999999999829e+01 4.451503729999999742e-02
3.880499999999999972e+01 4.416029500000000219e-02
3.890500000000000114e+01 4.377665470000000059e-02
3.900500000000000256e+01 4.342588380000000220e-02
3.910499999999999687e+01 4.312001020000000295e-02
3.920499999999999829e+01 4.283259870000000191e-02
3.930499999999999972e+01 4.253965590000000074e-02
3.940500000000000114e+01 4.225377939999999666e-02
3.950500000000000256e+01 4.201985269999999884e-02
3.960499999999999687e+01 4.186902309999999960e-02
3.970499999999999829e+01 4.177978649999999905e-02
3.980499999999999972e+01 4.168056480000000008e-02
3.990500000000000114e+01 4.147721810000000453e-02
