1.000000000000000056e-01 9.993527099999999913e-03
2.000000000000000111e-01 8.025708700000000126e-03
2.999999999999999889e-01 8.333667900000001072e-03
4.000000000000000222e-01 9.220394699999998750e-03
5.000000000000000000e-01 1.018861790000000038e-02
5.999999999999999778e-01 1.105737799999999965e-02
6.999999999999999556e-01 1.182747799999999891e-02
8.000000000000000444e-01 1.258244269999999991e-02
9.000000000000000222e-01 1.339967989999999928e-02
1.000000000000000000e+00 1.431909060000000067e-02
1.100000000000000089e+00 1.535098370000000101e-02
1.199999999999999956e+00 1.649281970000000125e-02
1.300000000000000044e+00 1.774100690000000174e-02
1.399999999999999911e+00 1.909172729999999985e-02
1.500000000000000000e+00 2.054612750000000057e-02
1.600000000000000089e+00 2.210008880000000064e-02
1.699999999999999956e+00 2.373897409999999736e-02
1.800000000000000044e+00 2.542092640000000181e-02
1.899999999999999911e+00 2.707421699999999765e-02
2.000000000000000000e+00 2.862128320000000004e-02
2.095000000000000195e+00 2.997086269999999983e-02
2.194999999999999840e+00 3.131495559999999956e-02
2.294999999999999929e+00 3.267001380000000149e-02
2.395000000000000018e+00 3.411080340000000044e-02
2.495000000000000107e+00 3.568107010000000356e-02
2.595000000000000195e+00 3.740182520000000232e-02
2.694999999999999840e+00 3.928773530000000125e-02
2.794999999999999929e+00 4.135227810000000059e-02
2.895000000000000018e+00 4.361429799999999579e-02
2.995000000000000107e+00 4.609843219999999742e-02
3.095000000000000195e+00 4.882477069999999891e-02
3.194999999999999840e+00 5.179818779999999928e-02
3.294999999999999929e+00 5.500236070000000255e-02
3.395000000000000018e+00 5.839588989999999757e-02
3.495000000000000107e+00 6.194746599999999270e-02
3.595000000000000195e+00 6.565667710000000490e-02
3.694999999999999840e+00 6.957677770000000872e-02
3.794999999999999929e+00 7.377102809999999677e-02
3.895000000000000018e+00 7.820846770000000614e-02
3.995000000000000107e+00 8.268092500000000233e-02
4.089999999999999858e+00 8.667299170000000719e-02
4.190000000000000391e+00 9.039000229999999414e-02
4.290000000000000036e+00 9.362001350000000166e-02
4.389999999999999680e+00 9.656206919999998917e-02
4.490000000000000213e+00 9.946910159999999834e-02
4.589999999999999858e+00 1.025619453999999930e-01
4.690000000000000391e+00 1.060203598000000053e-01
4.790000000000000036e+00 1.100257578999999930e-01
4.889999999999999680e+00 1.147751267000000075e-01
4.990000000000000213e+00 1.204150327999999881e-01
5.089999999999999858e+00 1.269063609000000148e-01
5.190000000000000391e+00 1.339716673999999941e-01
5.290000000000000036e+00 1.412434768999999979e-01
5.389999999999999680e+00 1.485560525999999881e-01
5.490000000000000213e+00 1.561568514999999990e-01
5.589999999999999858e+00 1.645985242999999931e-01
5.690000000000000391e+00 1.744346633000000146e-01
5.790000000000000036e+00 1.860459936999999953e-01
5.889999999999999680e+00 1.996998763000000232e-01
5.990000000000000213e+00 2.157543995999999797e-01
6.084999999999999964e+00 2.337493865999999976e-01
6.184999999999999609e+00 2.560424988999999707e-01
6.285000000000000142e+00 2.814701169000000114e-01
6.384999999999999787e+00 3.083676744000000136e-01
6.485000000000000320e+00 3.339085015000000101e-01
6.584999999999999964e+00 3.554041945000000480e-01
6.684999999999999609e+00 3.717997376000000131e-01
6.785000000000000142e+00 3.838923253000000035e-01
6.884999999999999787e+00 3.929731509000000123e-01
6.985000000000000320e+00 3.997162548999999565e-01
7.084999999999999964e+00 4.046375794000000026e-01
7.184999999999999609e+00 4.087802762000000145e-01
7.285000000000000142e+00 4.134303816000000076e-01
7.384999999999999787e+00 4.196908632000000416e-01
7.485000000000000320e+00 4.286669117000000417e-01
7.584999999999999964e+00 4.415686399000000040e-01
7.684999999999999609e+00 4.594290550000000306e-01
7.785000000000000142e+00 4.828221243999999968e-01
7.884999999999999787e+00 5.116865129000000012e-01
7.985000000000000320e+00 5.454259374000000049e-01
8.080000000000000071e+00 5.810178782999999569e-01
8.179999999999999716e+00 6.204398187999999870e-01
8.279999999999999361e+00 6.592068701000000086e-01
8.380000000000000782e+00 6.941833450999999044e-01
8.480000000000000426e+00 7.228020365000000780e-01
8.580000000000000071e+00 7.446055462000000791e-01
8.679999999999999716e+00 7.620662446999999506e-01
8.779999999999999361e+00 7.789329042999999508e-01
8.880000000000000782e+00 7.972874488000000204e-01
8.980000000000000426e+00 8.168968013999999833e-01
9.080000000000000071e+00 8.370016007999999674e-01
9.179999999999999716e+00 8.578472095000000408e-01
9.279999999999999361e+00 8.808205552000000216e-01
9.380000000000000782e+00 9.073031764999999194e-01
9.480000000000000426e+00 9.371293432999999728e-01
9.580000000000000071e+00 9.685369203000000482e-01
9.679999999999999716e+00 9.997767681000000461e-01
9.779999999999999361e+00 1.030550134399999873e+00
9.880000000000000782e+00 1.061787598900000074e+00
9.980000000000000426e+00 1.095590989700000017e+00
1.007499999999999929e+01 1.133121089400000114e+00
1.017500000000000071e+01 1.181146253399999901e+00
1.027500000000000036e+01 1.237128132200000064e+00
1.037500000000000000e+01 1.294584981999999940e+00
1.047499999999999964e+01 1.344171778500000025e+00
1.057499999999999929e+01 1.381233421399999939e+00
1.067500000000000071e+01 1.410928750500000106e+00
1.077500000000000036e+01 1.444676067900000138e+00
1.087500000000000000e+01 1.492742465900000148e+00
1.097499999999999964e+01 1.559248186400000069e+00
1.107499999999999929e+01 1.640223319600000007e+00
1.117500000000000071e+01 1.724042941900000070e+00
1.127500000000000036e+01 1.796695447799999901e+00
1.137500000000000000e+01 1.851048351099999767e+00
1.147499999999999964e+01 1.892591684899999960e+00
1.157499999999999929e+01 1.933934291999999999e+00
1.167500000000000071e+01 1.984898325600000124e+00
1.177500000000000036e+01 2.049448545700000235e+00
1.187500000000000000e+01 2.128717039699999702e+00
1.197499999999999964e+01 2.224601110300000073e+00
1.207000000000000028e+01 2.334650482099999813e+00
1.216999999999999993e+01 2.475142434499999933e+00
1.226999999999999957e+01 2.645254830399999868e+00
1.236999999999999922e+01 2.847579511400000207e+00
1.247000000000000064e+01 3.080008425399999972e+00
1.257000000000000028e+01 3.331973033299999720e+00
1.266999999999999993e+01 3.583668906399999798e+00
1.276999999999999957e+01 3.816943914699999940e+00
1.286999999999999922e+01 4.034767984200000157e+00
1.297000000000000064e+01 4.266553965499999990e+00
1.307000000000000028e+01 4.552326411900000203e+00
1.316999999999999993e+01 4.923930802700000164e+00
1.326999999999999957e+01 5.393664318999999985e+00
1.336999999999999922e+01 5.945026050900000136e+00
1.347000000000000064e+01 6.525738548300000552e+00
1.357000000000000028e+01 7.053834665200000131e+00
1.366999999999999993e+01 7.441562594999999725e+00
1.376999999999999957e+01 7.621111832499999572e+00
1.386999999999999922e+01 7.565890366799999711e+00
1.397000000000000064e+01 7.313080222800000030e+00
1.406499999999999950e+01 6.975095613599999744e+00
1.416499999999999915e+01 6.608980058600000262e+00
1.426500000000000057e+01 6.283515153599999792e+00
1.436500000000000021e+01 6.005761284000000089e+00
1.446499999999999986e+01 5.765682962899999708e+00
1.456499999999999950e+01 5.561357107400000110e+00
1.466499999999999915e+01 5.405283575100000348e+00
1.476500000000000057e+01 5.314399527499999998e+00
1.486500000000000021e+01 5.295508475900000178e+00
1.496499999999999986e+01 5.337956400400000412e+00
1.506499999999999950e+01 5.416656837299999694e+00
1.516499999999999915e+01 5.500354558099999736e+00
1.526500000000000057e+01 5.559767335500000129e+00
1.536500000000000021e+01 5.578178394000000040e+00
1.546499999999999986e+01 5.562205449200000373e+00
1.556499999999999950e+01 5.535004831400000214e+00
1.566499999999999915e+01 5.509092983400000421e+00
1.576500000000000057e+01 5.470463813900000360e+00
1.586500000000000021e+01 5.392669444699999204e+00
1.596499999999999986e+01 5.261438646700000277e+00
1.605999999999999872e+01 5.094073762099999847e+00
1.616000000000000014e+01 4.895858836700000438e+00
1.626000000000000156e+01 4.705330771199999873e+00
1.635999999999999943e+01 4.549774988299999379e+00
1.646000000000000085e+01 4.442858240899999700e+00
1.655999999999999872e+01 4.380007168699999731e+00
1.666000000000000014e+01 4.343528855899999819e+00
1.676000000000000156e+01 4.311718558399999957e+00
1.685999999999999943e+01 4.265413568200000505e+00
1.696000000000000085e+01 4.194701878200000067e+00
1.705999999999999872e+01 4.106636423900000388e+00
1.716000000000000014e+01 4.021906536399999510e+00
1.726000000000000156e+01 3.958472611099999927e+00
1.735999999999999943e+01 3.918486593899999981e+00
1.746000000000000085e+01 3.887811240400000035e+00
1.755999999999999872e+01 3.846547519000000026e+00
1.766000000000000014e+01 3.784725524300000199e+00
1.776000000000000156e+01 3.709730954099999867e+00
1.785999999999999943e+01 3.637865090700000081e+00
1.796000000000000085e+01 3.581847139100000188e+00
1.805499999999999972e+01 3.549105135600000516e+00
1.815500000000000114e+01 3.540663791800000126e+00
1.825499999999999901e+01 3.564471323399999836e+00
1.835500000000000043e+01 3.625766007800000246e+00
1.845499999999999829e+01 3.724923384100000234e+00
1.855499999999999972e+01 3.853811026899999881e+00
1.865500000000000114e+01 3.997402475399999933e+00
1.875499999999999901e+01 4.140927004199999928e+00
1.885500000000000043e+01 4.277719041200000127e+00
1.895499999999999829e+01 4.412883346300000120e+00
1.905499999999999972e+01 4.557742732299999489e+00
1.915500000000000114e+01 4.714261679599999866e+00
1.925499999999999901e+01 4.862228078500000272e+00
1.935500000000000043e+01 4.967592491699999613e+00
1.945499999999999829e+01 5.004916480099999454e+00
1.955499999999999972e+01 4.967955552699999444e+00
1.965500000000000114e+01 4.865302639600000312e+00
1.975499999999999901e+01 4.712467935399999419e+00
1.985500000000000043e+01 4.522106286999999725e+00
1.995499999999999829e+01 4.299729911700000073e+00
2.005000000000000071e+01 4.062209974399999979e+00
2.014999999999999858e+01 3.790889044000000041e+00
2.025000000000000000e+01 3.506786453000000137e+00
2.035000000000000142e+01 3.221858715500000248e+00
2.044999999999999929e+01 2.951567556399999681e+00
2.055000000000000071e+01 2.710204024299999848e+00
2.064999999999999858e+01 2.505178032399999921e+00
2.075000000000000000e+01 2.335517153600000118e+00
2.085000000000000142e+01 2.194209379000000126e+00
2.094999999999999929e+01 2.073030171300000113e+00
2.105000000000000071e+01 1.966003383000000104e+00
2.114999999999999858e+01 1.868980910099999893e+00
2.125000000000000000e+01 1.777073050799999887e+00
2.135000000000000142e+01 1.684009373899999940e+00
2.144999999999999929e+01 1.585945289699999927e+00
2.155000000000000071e+01 1.485364863000000035e+00
2.164999999999999858e+01 1.389268170400000058e+00
2.175000000000000000e+01 1.304151835700000150e+00
2.185000000000000142e+01 1.233032125999999895e+00
2.194999999999999929e+01 1.175525084700000056e+00
2.204500000000000171e+01 1.131222256700000095e+00
2.214499999999999957e+01 1.092046735100000054e+00
2.224500000000000099e+01 1.056777167499999948e+00
2.234499999999999886e+01 1.021974449900000081e+00
2.244500000000000028e+01 9.849809931999999879e-01
2.254500000000000171e+01 9.447050181999999685e-01
2.264499999999999957e+01 9.024190388999999701e-01
2.274500000000000099e+01 8.611756671999999391e-01
2.284499999999999886e+01 8.240011098999999728e-01
2.294500000000000028e+01 7.923288909000000269e-01
2.304500000000000171e+01 7.656851483000000069e-01
2.314499999999999957e+01 7.423405479999999335e-01
2.324500000000000099e+01 7.201797406000000068e-01
2.334499999999999886e+01 6.974120192999999635e-01
2.344500000000000028e+01 6.730923640000000541e-01
2.354500000000000171e+01 6.473121765000000583e-01
2.364499999999999957e+01 6.208106609000000331e-01
2.374500000000000099e+01 5.943800192000000537e-01
2.384499999999999886e+01 5.686726465000000452e-01
2.394500000000000028e+01 5.442503971000000051e-01
2.403999999999999915e+01 5.224291258000000049e-01
2.414000000000000057e+01 5.005824593000000045e-01
2.423999999999999844e+01 4.794375934000000283e-01
2.433999999999999986e+01 4.589448629999999807e-01
2.444000000000000128e+01 4.393820889999999757e-01
2.453999999999999915e+01 4.210946535999999796e-01
2.464000000000000057e+01 4.045514122000000157e-01
2.473999999999999844e+01 3.903082979999999980e-01
2.483999999999999986e+01 3.786646571999999766e-01
2.494000000000000128e+01 3.693295044000000082e-01
2.503999999999999915e+01 3.614270679000000097e-01
2.514000000000000057e+01 3.538780744999999728e-01
2.523999999999999844e+01 3.459579103000000044e-01
2.533999999999999986e+01 3.376456872000000442e-01
2.544000000000000128e+01 3.296255942000000383e-01
2.553999999999999915e+01 3.230110574000000234e-01
2.564000000000000057e+01 3.188774637000000300e-01
2.573999999999999844e+01 3.176665356000000218e-01
2.583999999999999986e+01 3.187670066000000135e-01
2.594000000000000128e+01 3.207041392000000157e-01
2.603500000000000014e+01 3.219618691000000199e-01
2.613500000000000156e+01 3.220276264000000443e-01
2.623499999999999943e+01 3.210711542999999946e-01
2.633500000000000085e+01 3.197803184999999937e-01
2.643499999999999872e+01 3.185394407000000094e-01
2.653500000000000014e+01 3.170232299999999892e-01
2.663500000000000156e+01 3.144766465000000122e-01
2.673499999999999943e+01 3.104974082000000468e-01
2.683500000000000085e+01 3.055333513999999862e-01
2.693499999999999872e+01 3.005851646999999627e-01
2.703500000000000014e+01 2.966475856999999938e-01
2.713500000000000156e+01 2.944708987999999916e-01
2.723499999999999943e+01 2.944494309999999837e-01
2.733500000000000085e+01 2.963621498999999826e-01
2.743499999999999872e+01 2.993353169999999897e-01
2.753500000000000014e+01 3.022814232999999629e-01
2.763500000000000156e+01 3.043925473999999909e-01
2.773499999999999943e+01 3.051907640999999560e-01
2.783500000000000085e+01 3.044162478999999921e-01
2.793499999999999872e+01 3.019831799000000094e-01
2.803000000000000114e+01 2.981979200000000052e-01
2.812999999999999901e+01 2.927868384999999796e-01
2.823000000000000043e+01 2.860867371999999964e-01
2.832999999999999829e+01 2.785071364999999743e-01
2.842999999999999972e+01 2.707808689999999796e-01
2.853000000000000114e+01 2.636711762000000236e-01
2.862999999999999901e+01 2.576655694999999691e-01
2.873000000000000043e+01 2.530023079000000008e-01
2.882999999999999829e+01 2.498178110000000007e-01
2.892999999999999972e+01 2.479510094000000053e-01
2.903000000000000114e+01 2.467233483000000061e-01
2.912999999999999901e+01 2.450601640999999775e-01
2.923000000000000043e+01 2.420465368999999978e-01
2.932999999999999829e+01 2.375282884999999899e-01
2.942999999999999972e+01 2.321336526999999983e-01
2.953000000000000114e+01 2.266596496999999932e-01
2.962999999999999901e+01 2.214884451999999948e-01
2.973000000000000043e+01 2.165774682999999923e-01
2.982999999999999829e+01 2.118962857000000199e-01
2.992999999999999972e+01 2.077714433000000249e-01
3.002499999999999858e+01 2.048894789000000050e-01
3.012500000000000000e+01 2.032053702999999933e-01
3.022500000000000142e+01 2.024533142999999924e-01
3.032499999999999929e+01 2.015538022999999734e-01
3.042500000000000071e+01 1.993946107000000023e-01
3.052499999999999858e+01 1.954107523999999985e-01
3.062500000000000000e+01 1.896864831000000251e-01
3.072500000000000142e+01 1.826907120999999856e-01
3.082499999999999929e+01 1.750538539000000005e-01
3.092500000000000071e+01 1.674388384000000118e-01
3.102499999999999858e+01 1.603962755999999990e-01
3.112500000000000000e+01 1.542708660999999870e-01
3.122500000000000142e+01 1.491588581000000135e-01
3.132499999999999929e+01 1.448874330000000099e-01
3.142500000000000071e+01 1.410791983999999943e-01
3.152499999999999858e+01 1.373587709999999906e-01
3.162500000000000000e+01 1.335680197000000125e-01
3.172500000000000142e+01 1.298157820999999990e-01
3.182499999999999929e+01 1.263422288000000115e-01
3.192500000000000071e+01 1.233355346000000047e-01
3.202000000000000313e+01 1.209582157000000102e-01
3.211999999999999744e+01 1.189052569000000059e-01
3.221999999999999886e+01 1.172077871000000021e-01
3.232000000000000028e+01 1.157682922999999919e-01
3.242000000000000171e+01 1.145452936000000005e-01
3.252000000000000313e+01 1.135511984999999918e-01
3.261999999999999744e+01 1.128023045000000057e-01
3.271999999999999886e+01 1.122600294000000026e-01
3.282000000000000028e+01 1.117727123000000072e-01
3.292000000000000171e+01 1.110776460000000021e-01
3.302000000000000313e+01 1.098977992000000070e-01
3.311999999999999744e+01 1.080790517999999922e-01
3.321999999999999886e+01 1.056779489000000127e-01
3.332000000000000028e+01 1.029362892999999973e-01
3.342000000000000171e+01 1.001754056000000032e-01
3.352000000000000313e+01 9.770399280000000020e-02
3.361999999999999744e+01 9.575744060000000724e-02
3.371999999999999886e+01 9.442764770000000585e-02
3.382000000000000028e+01 9.360101360000000481e-02
3.392000000000000171e+01 9.299850159999999144e-02
3.401500000000000057e+01 9.239413050000000460e-02
3.411500000000000199e+01 9.165638470000000981e-02
3.421500000000000341e+01 9.092516419999999155e-02
3.431499999999999773e+01 9.036040970000000505e-02
3.441499999999999915e+01 9.007032560000000077e-02
3.451500000000000057e+01 9.007024520000000978e-02
3.461500000000000199e+01 9.023596790000000534e-02
3.471500000000000341e+01 9.028502759999999794e-02
3.481499999999999773e+01 8.989010540000000327e-02
3.491499999999999915e+01 8.886674999999999436e-02
3.501500000000000057e+01 8.726435150000000363e-02
3.511500000000000199e+01 8.529484599999999361e-02
3.521500000000000341e+01 8.321230800000001260e-02
3.531499999999999773e+01 8.124961079999999669e-02
3.541499999999999915e+01 7.958718089999999856e-02
3.551500000000000057e+01 7.833844060000000331e-02
3.561500000000000199e+01 7.754307330000000109e-02
3.571500000000000341e+01 7.716982470000000038e-02
3.581499999999999773e+01 7.713720949999999799e-02
3.591499999999999915e+01 7.734503030000000612e-02
3.600999999999999801e+01 7.764061469999999909e-02
3.610999999999999943e+01 7.783666499999999933e-02
3.621000000000000085e+01 7.764709620000000145e-02
3.631000000000000227e+01 7.695638230000000080e-02
3.640999999999999659e+01 7.589637550000000177e-02
3.650999999999999801e+01 7.468892029999998905e-02
3.660999999999999943e+01 7.348396090000000602e-02
3.671000000000000085e+01 7.232754789999999712e-02
3.681000000000000227e+01 7.118324239999999914e-02
3.690999999999999659e+01 6.997784809999998967e-02
3.700999999999999801e+01 6.866673109999998914e-02
3.710999999999999943e+01 6.728048320000000471e-02
3.721000000000000085e+01 6.592783759999999715e-02
3.731000000000000227e+01 6.473774560000000733e-02
3.740999999999999659e+01 6.377407339999999203e-02
3.750999999999999801e+01 6.300725360000000719e-02
3.760999999999999943e+01 6.234438479999999949e-02
3.771000000000000085e+01 6.168714220000000303e-02
3.781000000000000227e+01 6.099598109999999906e-02
3.790999999999999659e+01 6.031451629999999564e-02
3.800500000000000256e+01 5.973830519999999422e-02
3.810499999999999687e+01 5.922986829999999508e-02
3.820499999999999829e+01 5.878726189999999852e-02
3.830499999999999972e+01 5.834533670000000005e-02
3.840500000000000114e+01 5.783322039999999609e-02
3.850500000000000256e+01 5.719351770000000168e-02
3.860499999999999687e+01 5.641111270000000177e-02
3.870499999999999829e+01 5.551629710000000051e-02
3.880499999999999972e+01 5.453786030000000451e-02
3.890500000000000114e+01 5.347447820000000157e-02
3.900500000000000256e+01 5.230534390000000228e-02
3.910499999999999687e+01 5.101263259999999633e-02
3.920499999999999829e+01 4.961172610000000316e-02
3.930499999999999972e+01 4.816872869999999640e-02
3.940500000000000114e+01 4.677006179999999846e-02
3.950500000000000256e+01 4.547859409999999852e-02
3.960499999999999687e+01 4.432361270000000075e-02
3.970499999999999829e+01 4.331787230000000433e-02
3.980499999999999972e+01 4.247749399999999759e-02
3.990500000000000114e+01 4.182159759999999615e-02
