1.000000000000000056e-01 1.100089180000000076e-02
2.000000000000000111e-01 8.238839899999999411e-03
2.999999999999999889e-01 8.460848499999999717e-03
4.000000000000000222e-01 9.313743900000000936e-03
5.000000000000000000e-01 1.023078930000000109e-02
5.999999999999999778e-01 1.101883669999999954e-02
6.999999999999999556e-01 1.169222920000000110e-02
8.000000000000000444e-01 1.234833150000000032e-02
9.000000000000000222e-01 1.307305159999999980e-02
1.000000000000000000e+00 1.390685160000000066e-02
1.100000000000000089e+00 1.486244650000000112e-02
1.199999999999999956e+00 1.593356779999999945e-02
1.300000000000000044e+00 1.711756739999999860e-02
1.399999999999999911e+00 1.840940270000000073e-02
1.500000000000000000e+00 1.980906829999999966e-02
1.600000000000000089e+00 2.131377849999999824e-02
1.699999999999999956e+00 2.290832150000000206e-02
1.800000000000000044e+00 2.455154470000000047e-02
1.899999999999999911e+00 2.617187850000000232e-02
2.000000000000000000e+00 2.769202879999999728e-02
2.095000000000000195e+00 2.902129070000000061e-02
2.194999999999999840e+00 3.035066490000000103e-02
2.294999999999999929e+00 3.169991490000000078e-02
2.395000000000000018e+00 3.314841269999999757e-02
2.495000000000000107e+00 3.474354229999999932e-02
2.595000000000000195e+00 3.651296040000000243e-02
2.694999999999999840e+00 3.847625350000000166e-02
2.794999999999999929e+00 4.065258160000000121e-02
2.895000000000000018e+00 4.306325540000000007e-02
2.995000000000000107e+00 4.572856520000000147e-02
3.095000000000000195e+00 4.865652510000000042e-02
3.194999999999999840e+00 5.183089720000000344e-02
3.294999999999999929e+00 5.521013720000000208e-02
3.395000000000000018e+00 5.874910359999999804e-02
3.495000000000000107e+00 6.244645750000000356e-02
3.595000000000000195e+00 6.635724300000001019e-02
3.694999999999999840e+00 7.057337029999999345e-02
3.794999999999999929e+00 7.514567710000000234e-02
3.895000000000000018e+00 7.997315469999999316e-02
3.995000000000000107e+00 8.474962519999999777e-02
4.089999999999999858e+00 8.890103539999999471e-02
4.190000000000000391e+00 9.269194799999999623e-02
4.290000000000000036e+00 9.600747739999999919e-02
4.389999999999999680e+00 9.913111909999999805e-02
4.490000000000000213e+00 1.023244241999999998e-01
4.589999999999999858e+00 1.057699859000000020e-01
4.690000000000000391e+00 1.096201700999999973e-01
4.790000000000000036e+00 1.140227263000000157e-01
4.889999999999999680e+00 1.190417353000000067e-01
4.990000000000000213e+00 1.245636173999999929e-01
5.089999999999999858e+00 1.303323420999999982e-01
5.190000000000000391e+00 1.361613722999999998e-01
5.290000000000000036e+00 1.421204239000000147e-01
5.389999999999999680e+00 1.485538349999999952e-01
5.490000000000000213e+00 1.559893330000000078e-01
5.589999999999999858e+00 1.649492901000000067e-01
5.690000000000000391e+00 1.757908786999999862e-01
5.790000000000000036e+00 1.886995959000000167e-01
5.889999999999999680e+00 2.038268947999999914e-01
5.990000000000000213e+00 2.214954403000000127e-01
6.084999999999999964e+00 2.410700400999999937e-01
6.184999999999999609e+00 2.647680161000000032e-01
6.285000000000000142e+00 2.908873517000000186e-01
6.384999999999999787e+00 3.176856370999999735e-01
6.485000000000000320e+00 3.432976873999999956e-01
6.584999999999999964e+00 3.665356224999999912e-01
6.684999999999999609e+00 3.867634301000000274e-01
6.785000000000000142e+00 4.032175639999999728e-01
6.884999999999999787e+00 4.149150074000000354e-01
6.985000000000000320e+00 4.215393694000000302e-01
7.084999999999999964e+00 4.243034428999999941e-01
7.184999999999999609e+00 4.257034513999999881e-01
7.285000000000000142e+00 4.286573242000000228e-01
7.384999999999999787e+00 4.357628364000000198e-01
7.485000000000000320e+00 4.489332711999999836e-01
7.584999999999999964e+00 4.693042829000000360e-01
7.684999999999999609e+00 4.969446656999999545e-01
7.785000000000000142e+00 5.303945097000000164e-01
7.884999999999999787e+00 5.665359044000000122e-01
7.985000000000000320e+00 6.011827778000000677e-01
8.080000000000000071e+00 6.291720845999999590e-01
8.179999999999999716e+00 6.516515452000000153e-01
8.279999999999999361e+00 6.677981173000000492e-01
8.380000000000000782e+00 6.799002152999999993e-01
8.480000000000000426e+00 6.896198408000000502e-01
8.580000000000000071e+00 6.978228846999999790e-01
8.679999999999999716e+00 7.061040789000000428e-01
8.779999999999999361e+00 7.169639641000000729e-01
8.880000000000000782e+00 7.322863873000000634e-01
8.980000000000000426e+00 7.522093525999999919e-01
9.080000000000000071e+00 7.754452615000000382e-01
9.179999999999999716e+00 8.003229548000000415e-01
9.279999999999999361e+00 8.257924503000000360e-01
9.380000000000000782e+00 8.512129860999999575e-01
9.480000000000000426e+00 8.756342625999999907e-01
9.580000000000000071e+00 8.986953867000000429e-01
9.679999999999999716e+00 9.210438480000000538e-01
9.779999999999999361e+00 9.432696614000000146e-01
9.880000000000000782e+00 9.657470552000000374e-01
9.980000000000000426e+00 9.904494819000000394e-01
1.007499999999999929e+01 1.019495845900000086e+00
1.017500000000000071e+01 1.058781587899999987e+00
1.027500000000000036e+01 1.106095113100000082e+00
1.037500000000000000e+01 1.155742781399999863e+00
1.047499999999999964e+01 1.200184319399999922e+00
1.057499999999999929e+01 1.236283680100000115e+00
1.067500000000000071e+01 1.269131553499999843e+00
1.077500000000000036e+01 1.308294031500000010e+00
1.087500000000000000e+01 1.360804239400000171e+00
1.097499999999999964e+01 1.427174233799999969e+00
1.107499999999999929e+01 1.500933082400000007e+00
1.117500000000000071e+01 1.571284831200000065e+00
1.127500000000000036e+01 1.629118134299999854e+00
1.137500000000000000e+01 1.672579747099999903e+00
1.147499999999999964e+01 1.706207216200000154e+00
1.157499999999999929e+01 1.735157615799999942e+00
1.167500000000000071e+01 1.763939564900000034e+00
1.177500000000000036e+01 1.799488129100000222e+00
1.187500000000000000e+01 1.851062568100000139e+00
1.197499999999999964e+01 1.926628438300000079e+00
1.207000000000000028e+01 2.022698354100000095e+00
1.216999999999999993e+01 2.143566528300000051e+00
1.226999999999999957e+01 2.271820742400000093e+00
1.236999999999999922e+01 2.393142107200000090e+00
1.247000000000000064e+01 2.500174853499999905e+00
1.257000000000000028e+01 2.597085899600000136e+00
1.266999999999999993e+01 2.696401144300000219e+00
1.276999999999999957e+01 2.811869608099999862e+00
1.286999999999999922e+01 2.955535497100000075e+00
1.297000000000000064e+01 3.139690024900000154e+00
1.307000000000000028e+01 3.377446905000000221e+00
1.316999999999999993e+01 3.681537800300000107e+00
1.326999999999999957e+01 4.060202509399999826e+00
1.336999999999999922e+01 4.509058702199999935e+00
1.347000000000000064e+01 5.001810442900000098e+00
1.357000000000000028e+01 5.489403483600000300e+00
1.366999999999999993e+01 5.916244749899999711e+00
1.376999999999999957e+01 6.244722637000000631e+00
1.386999999999999922e+01 6.460744343400000034e+00
1.397000000000000064e+01 6.559220331500000611e+00
1.406499999999999950e+01 6.540623283700000457e+00
1.416499999999999915e+01 6.409038756000000170e+00
1.426500000000000057e+01 6.188758190999999798e+00
1.436500000000000021e+01 5.922307070600000500e+00
1.446499999999999986e+01 5.651808092499999603e+00
1.456499999999999950e+01 5.408822850800000026e+00
1.466499999999999915e+01 5.214103084899999629e+00
1.476500000000000057e+01 5.079725015999999371e+00
1.486500000000000021e+01 5.008762009199999810e+00
1.496499999999999986e+01 4.997093834200000195e+00
1.506499999999999950e+01 5.036469791000000029e+00
1.516499999999999915e+01 5.113707331900000597e+00
1.526500000000000057e+01 5.205722343299999721e+00
1.536500000000000021e+01 5.276624647600000273e+00
1.546499999999999986e+01 5.286501652100000115e+00
1.556499999999999950e+01 5.214773257200000067e+00
1.566499999999999915e+01 5.077530493400000289e+00
1.576500000000000057e+01 4.913710269500000116e+00
1.586500000000000021e+01 4.756504020100000396e+00
1.596499999999999986e+01 4.621409044099999974e+00
1.605999999999999872e+01 4.516677062699999468e+00
1.616000000000000014e+01 4.430701050199999713e+00
1.626000000000000156e+01 4.368982420000000033e+00
1.635999999999999943e+01 4.330186561699999714e+00
1.646000000000000085e+01 4.310125589900000165e+00
1.655999999999999872e+01 4.303513511000000236e+00
1.666000000000000014e+01 4.309516593599999723e+00
1.676000000000000156e+01 4.329912976000000135e+00
1.685999999999999943e+01 4.356733286499999913e+00
1.696000000000000085e+01 4.365923777599999944e+00
1.705999999999999872e+01 4.331935078299999908e+00
1.716000000000000014e+01 4.249584814000000321e+00
1.726000000000000156e+01 4.136353337400000107e+00
1.735999999999999943e+01 4.014961796399999727e+00
1.746000000000000085e+01 3.897778645699999878e+00
1.755999999999999872e+01 3.787682214000000158e+00
1.766000000000000014e+01 3.688777958999999829e+00
1.776000000000000156e+01 3.609870361500000513e+00
1.785999999999999943e+01 3.557323138100000115e+00
1.796000000000000085e+01 3.530083172799999947e+00
1.805499999999999972e+01 3.525194909599999704e+00
1.815500000000000114e+01 3.545331066500000183e+00
1.825499999999999901e+01 3.599108779100000266e+00
1.835500000000000043e+01 3.691011813300000277e+00
1.845499999999999829e+01 3.815607498799999941e+00
1.855499999999999972e+01 3.955179472699999810e+00
1.865500000000000114e+01 4.082573522199999694e+00
1.875499999999999901e+01 4.172278046299999765e+00
1.885500000000000043e+01 4.218196014900000179e+00
1.895499999999999829e+01 4.243476679600000523e+00
1.905499999999999972e+01 4.287620403900000099e+00
1.915500000000000114e+01 4.382427810800000323e+00
1.925499999999999901e+01 4.535860524999999477e+00
1.935500000000000043e+01 4.726069909799999635e+00
1.945499999999999829e+01 4.904221735400000171e+00
1.955499999999999972e+01 5.012654489600000041e+00
1.965500000000000114e+01 5.014419943500000088e+00
1.975499999999999901e+01 4.910305993399999736e+00
1.985500000000000043e+01 4.729335786800000108e+00
1.995499999999999829e+01 4.508613046800000745e+00
2.005000000000000071e+01 4.292164906100000010e+00
2.014999999999999858e+01 4.080080506299999854e+00
2.025000000000000000e+01 3.895819077700000133e+00
2.035000000000000142e+01 3.738253698799999913e+00
2.044999999999999929e+01 3.597068300600000157e+00
2.055000000000000071e+01 3.459067638999999694e+00
2.064999999999999858e+01 3.312666987400000096e+00
2.075000000000000000e+01 3.148198096800000290e+00
2.085000000000000142e+01 2.960067850099999731e+00
2.094999999999999929e+01 2.752231370700000124e+00
2.105000000000000071e+01 2.539061799900000249e+00
2.114999999999999858e+01 2.338551981500000210e+00
2.125000000000000000e+01 2.163467672399999930e+00
2.135000000000000142e+01 2.017314621800000207e+00
2.144999999999999929e+01 1.895916479300000068e+00
2.155000000000000071e+01 1.791138439699999862e+00
2.164999999999999858e+01 1.694560814599999965e+00
2.175000000000000000e+01 1.600845851299999900e+00
2.185000000000000142e+01 1.509852843899999852e+00
2.194999999999999929e+01 1.425786558099999990e+00
2.204500000000000171e+01 1.357193266499999940e+00
2.214499999999999957e+01 1.300018280300000217e+00
2.224500000000000099e+01 1.257940480799999872e+00
2.234499999999999886e+01 1.226993729900000218e+00
2.244500000000000028e+01 1.201017716900000032e+00
2.254500000000000171e+01 1.173963803699999975e+00
2.264499999999999957e+01 1.141544355600000005e+00
2.274500000000000099e+01 1.101662631499999989e+00
2.284499999999999886e+01 1.054533135600000060e+00
2.294500000000000028e+01 1.002835228399999945e+00
2.304500000000000171e+01 9.503241647000000292e-01
2.314499999999999957e+01 8.997889923999999873e-01
2.324500000000000099e+01 8.522660103000000431e-01
2.334499999999999886e+01 8.075666836000000570e-01
2.344500000000000028e+01 7.651058627000000278e-01
2.354500000000000171e+01 7.245736567999999655e-01
2.364499999999999957e+01 6.862945279999999038e-01
2.374500000000000099e+01 6.509487472000000663e-01
2.384499999999999886e+01 6.188996620000000171e-01
2.394500000000000028e+01 5.898543938000000431e-01
2.403999999999999915e+01 5.645072467999999732e-01
2.414000000000000057e+01 5.399217991000000438e-01
2.423999999999999844e+01 5.176447312999999939e-01
2.433999999999999986e+01 4.980642537999999675e-01
2.444000000000000128e+01 4.814493244999999977e-01
2.453999999999999915e+01 4.676067865999999906e-01
2.464000000000000057e+01 4.558451413000000341e-01
2.473999999999999844e+01 4.453121856000000212e-01
2.483999999999999986e+01 4.354565720999999945e-01
2.494000000000000128e+01 4.262924426999999961e-01
2.503999999999999915e+01 4.182589093999999896e-01
2.514000000000000057e+01 4.117217699999999869e-01
2.523999999999999844e+01 4.065749914999999826e-01
2.533999999999999986e+01 4.023217409000000022e-01
2.544000000000000128e+01 3.986103826999999877e-01
2.553999999999999915e+01 3.955714304000000348e-01
2.564000000000000057e+01 3.936026325000000492e-01
2.573999999999999844e+01 3.929140910000000209e-01
2.583999999999999986e+01 3.933130794000000430e-01
2.594000000000000128e+01 3.942670705000000386e-01
2.603500000000000014e+01 3.950329785000000204e-01
2.613500000000000156e+01 3.949275687000000090e-01
2.623499999999999943e+01 3.931958683000000287e-01
2.633500000000000085e+01 3.894526318000000042e-01
2.643499999999999872e+01 3.837652523999999787e-01
2.653500000000000014e+01 3.767668679999999770e-01
2.663500000000000156e+01 3.697116222999999868e-01
2.673499999999999943e+01 3.640560412000000134e-01
2.683500000000000085e+01 3.606737316999999998e-01
2.693499999999999872e+01 3.594858788999999999e-01
2.703500000000000014e+01 3.597611567999999815e-01
2.713500000000000156e+01 3.607818141999999950e-01
2.723499999999999943e+01 3.621941730999999609e-01
2.733500000000000085e+01 3.637180760999999540e-01
2.743499999999999872e+01 3.647085468999999858e-01
2.753500000000000014e+01 3.640814400999999867e-01
2.763500000000000156e+01 3.606950876999999722e-01
2.773499999999999943e+01 3.539765799000000324e-01
2.783500000000000085e+01 3.444253519000000097e-01
2.793499999999999872e+01 3.334894721000000173e-01
2.803000000000000114e+01 3.232975960999999732e-01
2.812999999999999901e+01 3.138303457000000130e-01
2.823000000000000043e+01 3.059943173999999932e-01
2.832999999999999829e+01 2.995229412000000035e-01
2.842999999999999972e+01 2.938109416999999945e-01
2.853000000000000114e+01 2.882613352999999767e-01
2.862999999999999901e+01 2.826264078999999874e-01
2.873000000000000043e+01 2.771619511999999785e-01
2.882999999999999829e+01 2.724625336000000009e-01
2.892999999999999972e+01 2.689446242999999903e-01
2.903000000000000114e+01 2.663837479000000230e-01
2.912999999999999901e+01 2.640697806999999786e-01
2.923000000000000043e+01 2.615502477999999686e-01
2.932999999999999829e+01 2.591457529999999787e-01
2.942999999999999972e+01 2.576070709000000125e-01
2.953000000000000114e+01 2.573506240999999806e-01
2.962999999999999901e+01 2.579862881000000163e-01
2.973000000000000043e+01 2.583896674000000226e-01
2.982999999999999829e+01 2.571971135000000186e-01
2.992999999999999972e+01 2.534422456000000046e-01
3.002499999999999858e+01 2.474334745000000280e-01
3.012500000000000000e+01 2.392241451000000074e-01
3.022500000000000142e+01 2.299262612999999900e-01
3.032499999999999929e+01 2.199054082000000132e-01
3.042500000000000071e+01 2.091571785999999933e-01
3.052499999999999858e+01 1.978958531999999992e-01
3.062500000000000000e+01 1.868247967999999981e-01
3.072500000000000142e+01 1.767863061999999930e-01
3.082499999999999929e+01 1.682846452000000270e-01
3.092500000000000071e+01 1.613899630999999779e-01
3.102499999999999858e+01 1.558999442999999818e-01
3.112500000000000000e+01 1.515247345999999884e-01
3.122500000000000142e+01 1.479510879000000001e-01
3.132499999999999929e+01 1.448572814000000097e-01
3.142500000000000071e+01 1.420176892000000191e-01
3.152499999999999858e+01 1.394279009000000125e-01
3.162500000000000000e+01 1.372602717999999999e-01
3.172500000000000142e+01 1.356590420000000075e-01
3.182499999999999929e+01 1.345664487000000076e-01
3.192500000000000071e+01 1.337549021999999976e-01
3.202000000000000313e+01 1.330518307999999927e-01
3.211999999999999744e+01 1.323216576999999838e-01
3.221999999999999886e+01 1.316251847000000086e-01
3.232000000000000028e+01 1.309293176000000114e-01
3.242000000000000171e+01 1.300892577000000161e-01
3.252000000000000313e+01 1.289470289000000103e-01
3.261999999999999744e+01 1.274447310000000055e-01
3.271999999999999886e+01 1.256631467000000058e-01
3.282000000000000028e+01 1.237755204000000053e-01
3.292000000000000171e+01 1.219403198000000021e-01
3.302000000000000313e+01 1.202274772999999963e-01
3.311999999999999744e+01 1.186163716000000062e-01
3.321999999999999886e+01 1.169971749000000005e-01
3.332000000000000028e+01 1.151749437999999987e-01
3.342000000000000171e+01 1.129392926999999991e-01
3.352000000000000313e+01 1.102054095999999983e-01
3.361999999999999744e+01 1.071276582000000033e-01
3.371999999999999886e+01 1.040437015000000021e-01
3.382000000000000028e+01 1.012931642000000076e-01
3.392000000000000171e+01 9.909436979999999839e-02
3.401500000000000057e+01 9.759791920000000787e-02
3.411500000000000199e+01 9.662655840000000662e-02
3.421500000000000341e+01 9.617297399999999441e-02
3.431499999999999773e+01 9.609059479999999820e-02
3.441499999999999915e+01 9.619047919999999807e-02
3.451500000000000057e+01 9.622423789999999533e-02
3.461500000000000199e+01 9.589417070000000320e-02
3.471500000000000341e+01 9.494187129999999419e-02
3.481499999999999773e+01 9.331604849999999840e-02
3.491499999999999915e+01 9.121487100000000292e-02
3.501500000000000057e+01 8.892109700000000450e-02
3.511500000000000199e+01 8.663009800000000260e-02
3.521500000000000341e+01 8.443684849999999464e-02
3.531499999999999773e+01 8.240059920000000759e-02
3.541499999999999915e+01 8.060334990000000976e-02
3.551500000000000057e+01 7.917031880000000021e-02
3.561500000000000199e+01 7.824118469999999381e-02
3.571500000000000341e+01 7.791626309999999389e-02
3.581499999999999773e+01 7.820058500000000301e-02
3.591499999999999915e+01 7.895996769999999443e-02
3.600999999999999801e+01 7.985370980000000563e-02
3.610999999999999943e+01 8.057148009999999527e-02
3.621000000000000085e+01 8.066676110000001176e-02
3.631000000000000227e+01 8.001556649999999604e-02
3.640999999999999659e+01 7.886683599999999572e-02
3.650999999999999801e+01 7.760166579999999703e-02
3.660999999999999943e+01 7.641775350000000466e-02
3.671000000000000085e+01 7.524790030000000352e-02
3.681000000000000227e+01 7.390311539999999679e-02
3.690999999999999659e+01 7.227197150000000403e-02
3.700999999999999801e+01 7.043487989999999699e-02
3.710999999999999943e+01 6.862289629999999974e-02
3.721000000000000085e+01 6.707932860000000164e-02
3.731000000000000227e+01 6.594902010000000536e-02
3.740999999999999659e+01 6.523366529999999330e-02
3.750999999999999801e+01 6.479180549999999372e-02
3.760999999999999943e+01 6.440754760000000356e-02
3.771000000000000085e+01 6.390062979999999726e-02
3.781000000000000227e+01 6.320650449999999643e-02
3.790999999999999659e+01 6.236944039999999662e-02
3.800500000000000256e+01 6.153073400000000359e-02
3.810499999999999687e+01 6.069909780000000421e-02
3.820499999999999829e+01 5.998227479999999889e-02
3.830499999999999972e+01 5.938363559999999819e-02
3.840500000000000114e+01 5.886377379999999798e-02
3.850500000000000256e+01 5.838945530000000383e-02
3.860499999999999687e+01 5.794640740000000373e-02
3.870499999999999829e+01 5.749733229999999529e-02
3.880499999999999972e+01 5.695185660000000316e-02
3.890500000000000114e+01 5.619997949999999687e-02
3.900500000000000256e+01 5.517351670000000124e-02
3.910499999999999687e+01 5.389387610000000162e-02
3.920499999999999829e+01 5.247233810000000165e-02
3.930499999999999972e+01 5.105670269999999789e-02
3.940500000000000114e+01 4.975559329999999780e-02
3.950500000000000256e+01 4.859613240000000556e-02
3.960499999999999687e+01 4.754473399999999822e-02
3.970499999999999829e+01 4.656018039999999802e-02
3.980499999999999972e+01 4.562879289999999949e-02
3.990500000000000114e+01 4.476323120000000322e-02
