1.000000000000000056e-01 9.458382399999999690e-03
2.000000000000000111e-01 9.359787899999999494e-03
2.999999999999999889e-01 9.939012599999999878e-03
4.000000000000000222e-01 1.100654670000000140e-02
5.000000000000000000e-01 1.216640529999999873e-02
5.999999999999999778e-01 1.322827240000000112e-02
6.999999999999999556e-01 1.418327180000000104e-02
8.000000000000000444e-01 1.512143690000000013e-02
9.000000000000000222e-01 1.613210539999999915e-02
1.000000000000000000e+00 1.726315550000000199e-02
1.100000000000000089e+00 1.852799100000000060e-02
1.199999999999999956e+00 1.992524479999999848e-02
1.300000000000000044e+00 2.145093850000000246e-02
1.399999999999999911e+00 2.310256060000000222e-02
1.500000000000000000e+00 2.487853049999999913e-02
1.600000000000000089e+00 2.677118509999999729e-02
1.699999999999999956e+00 2.875298040000000277e-02
1.800000000000000044e+00 3.075961019999999893e-02
1.899999999999999911e+00 3.269394309999999748e-02
2.000000000000000000e+00 3.447513490000000264e-02
2.095000000000000195e+00 3.602696179999999998e-02
2.194999999999999840e+00 3.759537920000000089e-02
2.294999999999999929e+00 3.920237730000000059e-02
2.395000000000000018e+00 4.092449269999999528e-02
2.495000000000000107e+00 4.279997130000000316e-02
2.595000000000000195e+00 4.484369330000000098e-02
2.694999999999999840e+00 4.706180509999999956e-02
2.794999999999999929e+00 4.945935710000000374e-02
2.895000000000000018e+00 5.204841119999999849e-02
2.995000000000000107e+00 5.484483849999999966e-02
3.095000000000000195e+00 5.786352359999999417e-02
3.194999999999999840e+00 6.111736060000000359e-02
3.294999999999999929e+00 6.460317869999999962e-02
3.395000000000000018e+00 6.829714970000000385e-02
3.495000000000000107e+00 7.215806869999999429e-02
3.595000000000000195e+00 7.616651110000000058e-02
3.694999999999999840e+00 8.036526580000000197e-02
3.794999999999999929e+00 8.482967059999999004e-02
3.895000000000000018e+00 8.956966569999999517e-02
3.995000000000000107e+00 9.443270770000000702e-02
4.089999999999999858e+00 9.891213620000000040e-02
4.190000000000000391e+00 1.032448877000000098e-01
4.290000000000000036e+00 1.071213333000000101e-01
4.389999999999999680e+00 1.106671827000000052e-01
4.490000000000000213e+00 1.141291197000000035e-01
4.589999999999999858e+00 1.177828797000000094e-01
4.690000000000000391e+00 1.218589536999999945e-01
4.790000000000000036e+00 1.265316001999999829e-01
4.889999999999999680e+00 1.319812898999999928e-01
4.990000000000000213e+00 1.384398403000000055e-01
5.089999999999999858e+00 1.461091434000000022e-01
5.190000000000000391e+00 1.550540360999999867e-01
5.290000000000000036e+00 1.651325817000000029e-01
5.389999999999999680e+00 1.760488229000000127e-01
5.490000000000000213e+00 1.875840849000000032e-01
5.589999999999999858e+00 1.998553507999999979e-01
5.690000000000000391e+00 2.133021541999999826e-01
5.790000000000000036e+00 2.285056523999999811e-01
5.889999999999999680e+00 2.460600723000000156e-01
5.990000000000000213e+00 2.666345344000000117e-01
6.084999999999999964e+00 2.896542780999999955e-01
6.184999999999999609e+00 3.178391125000000206e-01
6.285000000000000142e+00 3.490089993000000113e-01
6.384999999999999787e+00 3.799142597000000343e-01
6.485000000000000320e+00 4.058273815999999812e-01
6.584999999999999964e+00 4.230211233999999765e-01
6.684999999999999609e+00 4.312020840999999938e-01
6.785000000000000142e+00 4.332652795999999973e-01
6.884999999999999787e+00 4.327415853999999618e-01
6.985000000000000320e+00 4.319835569000000097e-01
7.084999999999999964e+00 4.326611071000000530e-01
7.184999999999999609e+00 4.365323046999999845e-01
7.285000000000000142e+00 4.449246243000000156e-01
7.384999999999999787e+00 4.581640014000000205e-01
7.485000000000000320e+00 4.758686032000000177e-01
7.584999999999999964e+00 4.975414756999999577e-01
7.684999999999999609e+00 5.228998358999999985e-01
7.785000000000000142e+00 5.518286589999999991e-01
7.884999999999999787e+00 5.840692895000000329e-01
7.985000000000000320e+00 6.192060091000000099e-01
8.080000000000000071e+00 6.551177200000000145e-01
8.179999999999999716e+00 6.956018312000000758e-01
8.279999999999999361e+00 7.385233610000000448e-01
8.380000000000000782e+00 7.831288952999999609e-01
8.480000000000000426e+00 8.290851481999998995e-01
8.580000000000000071e+00 8.769650700000000132e-01
8.679999999999999716e+00 9.279157959999999594e-01
8.779999999999999361e+00 9.823060579000000292e-01
8.880000000000000782e+00 1.038531614200000064e+00
8.980000000000000426e+00 1.093670532299999998e+00
9.080000000000000071e+00 1.145111358399999890e+00
9.179999999999999716e+00 1.191720635099999814e+00
9.279999999999999361e+00 1.234410184299999935e+00
9.380000000000000782e+00 1.275248013600000174e+00
9.480000000000000426e+00 1.314891624199999942e+00
9.580000000000000071e+00 1.352081388699999831e+00
9.679999999999999716e+00 1.386410026000000073e+00
9.779999999999999361e+00 1.420532189000000001e+00
9.880000000000000782e+00 1.459413155000000017e+00
9.980000000000000426e+00 1.508293152200000042e+00
1.007499999999999929e+01 1.567541475099999859e+00
1.017500000000000071e+01 1.644321513800000023e+00
1.027500000000000036e+01 1.731711291399999908e+00
1.037500000000000000e+01 1.819390689900000080e+00
1.047499999999999964e+01 1.895220767399999895e+00
1.057499999999999929e+01 1.954786068299999791e+00
1.067500000000000071e+01 2.006563426700000097e+00
1.077500000000000036e+01 2.066159585899999929e+00
1.087500000000000000e+01 2.146372947699999756e+00
1.097499999999999964e+01 2.250114027199999978e+00
1.107499999999999929e+01 2.367610674899999879e+00
1.117500000000000071e+01 2.480800251799999856e+00
1.127500000000000036e+01 2.576118065599999785e+00
1.137500000000000000e+01 2.656011765599999741e+00
1.147499999999999964e+01 2.735112122100000320e+00
1.157499999999999929e+01 2.827077933900000062e+00
1.167500000000000071e+01 2.939761589699999789e+00
1.177500000000000036e+01 3.079799992699999933e+00
1.187500000000000000e+01 3.257336158100000212e+00
1.197499999999999964e+01 3.484208249299999949e+00
1.207000000000000028e+01 3.753916265099999983e+00
1.216999999999999993e+01 4.099302364699999757e+00
1.226999999999999957e+01 4.509839760200000214e+00
1.236999999999999922e+01 4.989154586799999791e+00
1.247000000000000064e+01 5.536769404900000247e+00
1.257000000000000028e+01 6.128972311000000062e+00
1.266999999999999993e+01 6.709094463899999639e+00
1.276999999999999957e+01 7.213556796900000734e+00
1.286999999999999922e+01 7.613144670300000527e+00
1.297000000000000064e+01 7.915682726400000035e+00
1.307000000000000028e+01 8.132061813900000047e+00
1.316999999999999993e+01 8.252675312200000945e+00
1.326999999999999957e+01 8.258955634300001236e+00
1.336999999999999922e+01 8.152262276400000118e+00
1.347000000000000064e+01 7.962651795600000248e+00
1.357000000000000028e+01 7.732098211500000318e+00
1.366999999999999993e+01 7.503976633700000676e+00
1.376999999999999957e+01 7.318594929399999671e+00
1.386999999999999922e+01 7.195411322100000007e+00
1.397000000000000064e+01 7.116443257400000277e+00
1.406499999999999950e+01 7.043958957699999246e+00
1.416499999999999915e+01 6.942381959399999580e+00
1.426500000000000057e+01 6.823113667399999471e+00
1.436500000000000021e+01 6.719517847599999705e+00
1.446499999999999986e+01 6.661185197000000002e+00
1.456499999999999950e+01 6.661153591199999724e+00
1.466499999999999915e+01 6.717982112599999667e+00
1.476500000000000057e+01 6.818282561900000260e+00
1.486500000000000021e+01 6.935336036099999824e+00
1.496499999999999986e+01 7.034581175999999658e+00
1.506499999999999950e+01 7.086941708099999460e+00
1.516499999999999915e+01 7.072915912900000102e+00
1.526500000000000057e+01 6.975324426900000319e+00
1.536500000000000021e+01 6.787321156400000000e+00
1.546499999999999986e+01 6.530213419299999877e+00
1.556499999999999950e+01 6.245960925400000363e+00
1.566499999999999915e+01 5.965046905000000343e+00
1.576500000000000057e+01 5.691291603200000715e+00
1.586500000000000021e+01 5.417568978500000298e+00
1.596499999999999986e+01 5.147207417699999787e+00
1.605999999999999872e+01 4.909730541000000059e+00
1.616000000000000014e+01 4.698437208300000556e+00
1.626000000000000156e+01 4.533216912500000362e+00
1.635999999999999943e+01 4.406318927700000110e+00
1.646000000000000085e+01 4.301086301899999853e+00
1.655999999999999872e+01 4.199852037599999477e+00
1.666000000000000014e+01 4.092162202299999940e+00
1.676000000000000156e+01 3.978927746600000148e+00
1.685999999999999943e+01 3.870493868800000126e+00
1.696000000000000085e+01 3.781103890699999859e+00
1.705999999999999872e+01 3.721690553500000220e+00
1.716000000000000014e+01 3.695741567299999808e+00
1.726000000000000156e+01 3.699833889899999839e+00
1.735999999999999943e+01 3.725444771299999847e+00
1.746000000000000085e+01 3.759146403699999972e+00
1.755999999999999872e+01 3.784239138099999789e+00
1.766000000000000014e+01 3.788869425000000124e+00
1.776000000000000156e+01 3.774546250499999811e+00
1.785999999999999943e+01 3.752547711800000130e+00
1.796000000000000085e+01 3.734231770199999634e+00
1.805499999999999972e+01 3.727961254900000299e+00
1.815500000000000114e+01 3.740674587500000037e+00
1.825499999999999901e+01 3.779608266499999925e+00
1.835500000000000043e+01 3.845347214999999874e+00
1.845499999999999829e+01 3.929822275999999892e+00
1.855499999999999972e+01 4.017459434000000051e+00
1.865500000000000114e+01 4.090025599000000511e+00
1.875499999999999901e+01 4.135971588799999488e+00
1.885500000000000043e+01 4.156720491499999781e+00
1.895499999999999829e+01 4.160337088000000350e+00
1.905499999999999972e+01 4.148098811699999722e+00
1.915500000000000114e+01 4.110321004600000272e+00
1.925499999999999901e+01 4.034281196400000269e+00
1.935500000000000043e+01 3.913777538500000208e+00
1.945499999999999829e+01 3.752693682299999889e+00
1.955499999999999972e+01 3.561027353500000103e+00
1.965500000000000114e+01 3.347747801500000175e+00
1.975499999999999901e+01 3.117119895600000135e+00
1.985500000000000043e+01 2.873003098100000319e+00
1.995499999999999829e+01 2.624827296000000310e+00
2.005000000000000071e+01 2.397522341699999782e+00
2.014999999999999858e+01 2.177877279000000055e+00
2.025000000000000000e+01 1.984219072399999950e+00
2.035000000000000142e+01 1.817822851200000089e+00
2.044999999999999929e+01 1.676546849099999958e+00
2.055000000000000071e+01 1.556612546699999822e+00
2.064999999999999858e+01 1.454482703300000068e+00
2.075000000000000000e+01 1.366806865300000062e+00
2.085000000000000142e+01 1.289161419400000064e+00
2.094999999999999929e+01 1.216814542099999841e+00
2.105000000000000071e+01 1.147325899399999960e+00
2.114999999999999858e+01 1.081559690399999996e+00
2.125000000000000000e+01 1.021715299799999865e+00
2.135000000000000142e+01 9.688689684000000302e-01
2.144999999999999929e+01 9.225272110000000136e-01
2.155000000000000071e+01 8.815098539000000288e-01
2.164999999999999858e+01 8.446470521999999148e-01
2.175000000000000000e+01 8.111595943999999614e-01
2.185000000000000142e+01 7.808901074999999858e-01
2.194999999999999929e+01 7.538852478999999995e-01
2.204500000000000171e+01 7.308465863999999979e-01
2.214499999999999957e+01 7.085448348000000784e-01
2.224500000000000099e+01 6.877432997000000325e-01
2.234499999999999886e+01 6.683815590999999667e-01
2.244500000000000028e+01 6.501329346999999981e-01
2.254500000000000171e+01 6.321203040999999745e-01
2.264499999999999957e+01 6.134523226000000440e-01
2.274500000000000099e+01 5.938002150000000201e-01
2.284499999999999886e+01 5.732966440000000219e-01
2.294500000000000028e+01 5.522155431999999919e-01
2.304500000000000171e+01 5.309384575000000162e-01
2.314499999999999957e+01 5.100095433999999317e-01
2.324500000000000099e+01 4.900698715000000316e-01
2.334499999999999886e+01 4.717794255999999686e-01
2.344500000000000028e+01 4.557671668999999648e-01
2.354500000000000171e+01 4.425212306999999901e-01
2.364499999999999957e+01 4.321768049999999972e-01
2.374500000000000099e+01 4.242827288000000086e-01
2.384499999999999886e+01 4.176751236000000311e-01
2.394500000000000028e+01 4.107349098000000476e-01
2.403999999999999915e+01 4.026374298000000018e-01
2.414000000000000057e+01 3.922623177999999822e-01
2.423999999999999844e+01 3.806010494000000022e-01
2.433999999999999986e+01 3.683844768000000269e-01
2.444000000000000128e+01 3.559320167000000201e-01
2.453999999999999915e+01 3.432951602000000046e-01
2.464000000000000057e+01 3.306282241999999871e-01
2.473999999999999844e+01 3.182438275000000205e-01
2.483999999999999986e+01 3.064246213999999857e-01
2.494000000000000128e+01 2.953189328999999974e-01
2.503999999999999915e+01 2.849648631000000210e-01
2.514000000000000057e+01 2.753977612999999880e-01
2.523999999999999844e+01 2.667493799000000276e-01
2.533999999999999986e+01 2.591957958000000173e-01
2.544000000000000128e+01 2.527923582000000113e-01
2.553999999999999915e+01 2.474174248999999881e-01
2.564000000000000057e+01 2.428653350999999960e-01
2.573999999999999844e+01 2.389983791999999996e-01
2.583999999999999986e+01 2.358298725999999901e-01
2.594000000000000128e+01 2.334723296000000003e-01
2.603500000000000014e+01 2.320775444000000021e-01
2.613500000000000156e+01 2.315306478999999973e-01
2.623499999999999943e+01 2.318653438999999927e-01
2.633500000000000085e+01 2.328809648000000065e-01
2.643499999999999872e+01 2.341481577999999786e-01
2.653500000000000014e+01 2.350174972999999889e-01
2.663500000000000156e+01 2.348360412999999924e-01
2.673499999999999943e+01 2.333092274999999938e-01
2.683500000000000085e+01 2.307150339000000050e-01
2.693499999999999872e+01 2.276854190000000000e-01
2.703500000000000014e+01 2.248118100000000008e-01
2.713500000000000156e+01 2.224632609000000150e-01
2.723499999999999943e+01 2.208312460999999893e-01
2.733500000000000085e+01 2.199680380000000046e-01
2.743499999999999872e+01 2.197693809999999859e-01
2.753500000000000014e+01 2.200827774999999931e-01
2.763500000000000156e+01 2.209142109000000187e-01
2.773499999999999943e+01 2.223972550000000159e-01
2.783500000000000085e+01 2.245109846000000187e-01
2.793499999999999872e+01 2.269203785000000195e-01
2.803000000000000114e+01 2.289432939000000111e-01
2.812999999999999901e+01 2.302360532999999931e-01
2.823000000000000043e+01 2.304573708000000054e-01
2.832999999999999829e+01 2.298598197999999759e-01
2.842999999999999972e+01 2.288711637999999993e-01
2.853000000000000114e+01 2.277191820000000200e-01
2.862999999999999901e+01 2.263768758999999964e-01
2.873000000000000043e+01 2.246602934000000162e-01
2.882999999999999829e+01 2.223515452000000003e-01
2.892999999999999972e+01 2.193238462000000055e-01
2.903000000000000114e+01 2.156115892999999895e-01
2.912999999999999901e+01 2.113590311999999916e-01
2.923000000000000043e+01 2.068272354000000035e-01
2.932999999999999829e+01 2.024123700000000081e-01
2.942999999999999972e+01 1.984329193000000102e-01
2.953000000000000114e+01 1.948829256000000065e-01
2.962999999999999901e+01 1.914460789000000107e-01
2.973000000000000043e+01 1.877912903999999772e-01
2.982999999999999829e+01 1.838297224999999868e-01
2.992999999999999972e+01 1.797363760000000033e-01
3.002499999999999858e+01 1.759954342999999755e-01
3.012500000000000000e+01 1.723745750000000021e-01
3.022500000000000142e+01 1.689570792000000266e-01
3.032499999999999929e+01 1.654334519999999809e-01
3.042500000000000071e+01 1.616518127000000082e-01
3.052499999999999858e+01 1.578566807000000016e-01
3.062500000000000000e+01 1.545785895000000021e-01
3.072500000000000142e+01 1.522331890999999993e-01
3.082499999999999929e+01 1.508078647999999966e-01
3.092500000000000071e+01 1.497846989000000129e-01
3.102499999999999858e+01 1.483156679000000033e-01
3.112500000000000000e+01 1.455833867999999920e-01
3.122500000000000142e+01 1.412097172000000012e-01
3.132499999999999929e+01 1.354561247000000135e-01
3.142500000000000071e+01 1.290508753000000064e-01
3.152499999999999858e+01 1.227963310999999891e-01
3.162500000000000000e+01 1.172362621999999965e-01
3.172500000000000142e+01 1.125382431999999988e-01
3.182499999999999929e+01 1.085806619999999945e-01
3.192500000000000071e+01 1.051556295999999946e-01
3.202000000000000313e+01 1.022827138999999885e-01
3.211999999999999744e+01 9.966130780000000133e-02
3.221999999999999886e+01 9.750546370000000296e-02
3.232000000000000028e+01 9.584610600000001424e-02
3.242000000000000171e+01 9.467693080000000316e-02
3.252000000000000313e+01 9.395084600000000452e-02
3.261999999999999744e+01 9.354899150000001162e-02
3.271999999999999886e+01 9.326592210000000938e-02
3.282000000000000028e+01 9.286828660000000235e-02
3.292000000000000171e+01 9.217449059999999195e-02
3.302000000000000313e+01 9.108660550000000078e-02
3.311999999999999744e+01 8.959994469999998934e-02
3.321999999999999886e+01 8.782644910000000915e-02
3.332000000000000028e+01 8.598215989999999365e-02
3.342000000000000171e+01 8.431258649999999466e-02
3.352000000000000313e+01 8.299902250000000536e-02
3.361999999999999744e+01 8.211832119999999680e-02
3.371999999999999886e+01 8.167513979999999063e-02
3.382000000000000028e+01 8.163393979999999939e-02
3.392000000000000171e+01 8.191736010000000290e-02
3.401500000000000057e+01 8.238144850000000963e-02
3.411500000000000199e+01 8.294978910000000427e-02
3.421500000000000341e+01 8.348821369999999409e-02
3.431499999999999773e+01 8.392596960000001105e-02
3.441499999999999915e+01 8.423626730000000062e-02
3.451500000000000057e+01 8.438329199999999863e-02
3.461500000000000199e+01 8.422633159999999564e-02
3.471500000000000341e+01 8.354028180000000470e-02
3.481499999999999773e+01 8.221099419999999824e-02
3.491499999999999915e+01 8.037697990000000625e-02
3.501500000000000057e+01 7.834168159999999048e-02
3.511500000000000199e+01 7.637900189999999312e-02
3.521500000000000341e+01 7.462655279999999558e-02
3.531499999999999773e+01 7.310624800000001255e-02
3.541499999999999915e+01 7.182685559999998914e-02
3.551500000000000057e+01 7.085952549999999239e-02
3.561500000000000199e+01 7.030414479999999577e-02
3.571500000000000341e+01 7.019363989999999331e-02
3.581499999999999773e+01 7.044530930000000857e-02
3.591499999999999915e+01 7.087471280000000318e-02
3.600999999999999801e+01 7.121406019999999837e-02
3.610999999999999943e+01 7.123092389999999274e-02
3.621000000000000085e+01 7.069887710000000158e-02
3.631000000000000227e+01 6.960198389999999735e-02
3.640999999999999659e+01 6.810824609999999169e-02
3.650999999999999801e+01 6.645100859999999998e-02
3.660999999999999943e+01 6.482523839999999871e-02
3.671000000000000085e+01 6.334767160000000230e-02
3.681000000000000227e+01 6.206272329999999726e-02
3.690999999999999659e+01 6.098980719999999578e-02
3.700999999999999801e+01 6.015373260000000250e-02
3.710999999999999943e+01 5.956199580000000326e-02
3.721000000000000085e+01 5.917079890000000175e-02
3.731000000000000227e+01 5.887584690000000065e-02
3.740999999999999659e+01 5.853774520000000481e-02
3.750999999999999801e+01 5.803058630000000606e-02
3.760999999999999943e+01 5.729532119999999895e-02
3.771000000000000085e+01 5.636029010000000172e-02
3.781000000000000227e+01 5.530077629999999994e-02
3.790999999999999659e+01 5.416859200000000152e-02
3.800500000000000256e+01 5.302936769999999633e-02
3.810499999999999687e+01 5.175821049999999868e-02
3.820499999999999829e+01 5.044219939999999847e-02
3.830499999999999972e+01 4.913670019999999417e-02
3.840500000000000114e+01 4.790027900000000394e-02
3.850500000000000256e+01 4.677538330000000077e-02
3.860499999999999687e+01 4.576870880000000197e-02
3.870499999999999829e+01 4.485145869999999924e-02
3.880499999999999972e+01 4.398186440000000086e-02
3.890500000000000114e+01 4.312810920000000048e-02
3.900500000000000256e+01 4.228356810000000188e-02
3.910499999999999687e+01 4.147173950000000026e-02
3.920499999999999829e+01 4.073160270000000110e-02
3.930499999999999972e+01 4.009330800000000111e-02
3.940500000000000114e+01 3.956384639999999814e-02
3.950500000000000256e+01 3.912851939999999890e-02
3.960499999999999687e+01 3.876636869999999790e-02
3.970499999999999829e+01 3.846613709999999881e-02
3.980499999999999972e+01 3.823074760000000349e-02
3.990500000000000114e+01 3.806667700000000015e-02
