1.000000000000000056e-01 6.593723299999999787e-03
2.000000000000000111e-01 7.612146400000000326e-03
2.999999999999999889e-01 8.462722299999999448e-03
4.000000000000000222e-01 9.540469100000000674e-03
5.000000000000000000e-01 1.065490300000000029e-02
5.999999999999999778e-01 1.168745069999999921e-02
6.999999999999999556e-01 1.264289260000000040e-02
8.000000000000000444e-01 1.359423310000000031e-02
9.000000000000000222e-01 1.460969179999999958e-02
1.000000000000000000e+00 1.572424420000000100e-02
1.100000000000000089e+00 1.694736189999999920e-02
1.199999999999999956e+00 1.827727309999999800e-02
1.300000000000000044e+00 1.971212709999999729e-02
1.399999999999999911e+00 2.124977360000000065e-02
1.500000000000000000e+00 2.289185850000000078e-02
1.600000000000000089e+00 2.463520879999999899e-02
1.699999999999999956e+00 2.646395249999999866e-02
1.800000000000000044e+00 2.833263450000000211e-02
1.899999999999999911e+00 3.016356929999999825e-02
2.000000000000000000e+00 3.187807530000000278e-02
2.095000000000000195e+00 3.338062690000000166e-02
2.194999999999999840e+00 3.488682569999999872e-02
2.294999999999999929e+00 3.640978720000000168e-02
2.395000000000000018e+00 3.802562019999999876e-02
2.495000000000000107e+00 3.977612569999999792e-02
2.595000000000000195e+00 4.167716820000000322e-02
2.694999999999999840e+00 4.373317570000000154e-02
2.794999999999999929e+00 4.594577619999999640e-02
2.895000000000000018e+00 4.832320560000000209e-02
2.995000000000000107e+00 5.088162140000000028e-02
3.095000000000000195e+00 5.363489209999999785e-02
3.194999999999999840e+00 5.659254469999999704e-02
3.294999999999999929e+00 5.975304549999999743e-02
3.395000000000000018e+00 6.308927799999999864e-02
3.495000000000000107e+00 6.655019689999999710e-02
3.595000000000000195e+00 7.009902330000000736e-02
3.694999999999999840e+00 7.377251469999999978e-02
3.794999999999999929e+00 7.766830739999999733e-02
3.895000000000000018e+00 8.184292160000000704e-02
3.995000000000000107e+00 8.620834980000000036e-02
4.089999999999999858e+00 9.032493169999999960e-02
4.190000000000000391e+00 9.439208129999999974e-02
4.290000000000000036e+00 9.806532100000001084e-02
4.389999999999999680e+00 1.013977080000000031e-01
4.490000000000000213e+00 1.045785021999999925e-01
4.589999999999999858e+00 1.078458285999999988e-01
4.690000000000000391e+00 1.114117092999999947e-01
4.790000000000000036e+00 1.154411444000000009e-01
4.889999999999999680e+00 1.200994994000000038e-01
4.990000000000000213e+00 1.255935890000000055e-01
5.089999999999999858e+00 1.321194992999999984e-01
5.190000000000000391e+00 1.397694594999999984e-01
5.290000000000000036e+00 1.484607995000000180e-01
5.389999999999999680e+00 1.579388924000000027e-01
5.490000000000000213e+00 1.679329991000000077e-01
5.589999999999999858e+00 1.784169587999999973e-01
5.690000000000000391e+00 1.897145078999999956e-01
5.790000000000000036e+00 2.023663408999999969e-01
5.889999999999999680e+00 2.169474096000000296e-01
5.990000000000000213e+00 2.340374597000000056e-01
6.084999999999999964e+00 2.532146947999999731e-01
6.184999999999999609e+00 2.771131895999999761e-01
6.285000000000000142e+00 3.047457422000000027e-01
6.384999999999999787e+00 3.344213185000000088e-01
6.485000000000000320e+00 3.624948071999999910e-01
6.584999999999999964e+00 3.845541492000000283e-01
6.684999999999999609e+00 3.979331890000000205e-01
6.785000000000000142e+00 4.033672201000000346e-01
6.884999999999999787e+00 4.039768966000000239e-01
6.985000000000000320e+00 4.028420348000000262e-01
7.084999999999999964e+00 4.020356601999999779e-01
7.184999999999999609e+00 4.032858192999999591e-01
7.285000000000000142e+00 4.081110131999999835e-01
7.384999999999999787e+00 4.172201711999999896e-01
7.485000000000000320e+00 4.304936230000000474e-01
7.584999999999999964e+00 4.474565258999999573e-01
7.684999999999999609e+00 4.676906442000000053e-01
7.785000000000000142e+00 4.909635705999999544e-01
7.884999999999999787e+00 5.172254684000000546e-01
7.985000000000000320e+00 5.464481598999999523e-01
8.080000000000000071e+00 5.768126458000000234e-01
8.179999999999999716e+00 6.110582828999999716e-01
8.279999999999999361e+00 6.467035573999999620e-01
8.380000000000000782e+00 6.825509754000000928e-01
8.480000000000000426e+00 7.183684577000000182e-01
8.580000000000000071e+00 7.555268242999999551e-01
8.679999999999999716e+00 7.960972450000000089e-01
8.779999999999999361e+00 8.412537733000000628e-01
8.880000000000000782e+00 8.901541498000000718e-01
8.980000000000000426e+00 9.400852531999999151e-01
9.080000000000000071e+00 9.881214557999999926e-01
9.179999999999999716e+00 1.032759622799999999e+00
9.279999999999999361e+00 1.074767846999999943e+00
9.380000000000000782e+00 1.116571842499999967e+00
9.480000000000000426e+00 1.159776570600000056e+00
9.580000000000000071e+00 1.203168929099999840e+00
9.679999999999999716e+00 1.244127244600000015e+00
9.779999999999999361e+00 1.281761009200000023e+00
9.880000000000000782e+00 1.318712778699999921e+00
9.980000000000000426e+00 1.360085732499999978e+00
1.007499999999999929e+01 1.407835371000000002e+00
1.017500000000000071e+01 1.469346675299999960e+00
1.027500000000000036e+01 1.541326623700000065e+00
1.037500000000000000e+01 1.618050289800000208e+00
1.047499999999999964e+01 1.690207188600000077e+00
1.057499999999999929e+01 1.750889803900000041e+00
1.067500000000000071e+01 1.802257321699999970e+00
1.077500000000000036e+01 1.854380891299999945e+00
1.087500000000000000e+01 1.918232490900000142e+00
1.097499999999999964e+01 2.000177861700000115e+00
1.107499999999999929e+01 2.098451100000000125e+00
1.117500000000000071e+01 2.202330954399999818e+00
1.127500000000000036e+01 2.297428287599999841e+00
1.137500000000000000e+01 2.377155590000000096e+00
1.147499999999999964e+01 2.448620018699999790e+00
1.157499999999999929e+01 2.524203795300000053e+00
1.167500000000000071e+01 2.610944060000000011e+00
1.177500000000000036e+01 2.711702984099999991e+00
1.187500000000000000e+01 2.832434155400000098e+00
1.197499999999999964e+01 2.984637799199999719e+00
1.207000000000000028e+01 3.169555424699999957e+00
1.216999999999999993e+01 3.414851759200000281e+00
1.226999999999999957e+01 3.716784765099999888e+00
1.236999999999999922e+01 4.081479616599999360e+00
1.247000000000000064e+01 4.518741884799999831e+00
1.257000000000000028e+01 5.032193391199999866e+00
1.266999999999999993e+01 5.605675205399999861e+00
1.276999999999999957e+01 6.204268740399999871e+00
1.286999999999999922e+01 6.791308612899999986e+00
1.297000000000000064e+01 7.338251681700000084e+00
1.307000000000000028e+01 7.815673918399999920e+00
1.316999999999999993e+01 8.188127318700001211e+00
1.326999999999999957e+01 8.419662678199999917e+00
1.336999999999999922e+01 8.484655144699999596e+00
1.347000000000000064e+01 8.382631226499999144e+00
1.357000000000000028e+01 8.146131794399998682e+00
1.366999999999999993e+01 7.833978454099999489e+00
1.376999999999999957e+01 7.516361515499999868e+00
1.386999999999999922e+01 7.250769700000000206e+00
1.397000000000000064e+01 7.054584072599999978e+00
1.406499999999999950e+01 6.909180058300000482e+00
1.416499999999999915e+01 6.759535705599999389e+00
1.426500000000000057e+01 6.591417208199999322e+00
1.436500000000000021e+01 6.415448302699999772e+00
1.446499999999999986e+01 6.262721604900000294e+00
1.456499999999999950e+01 6.165990439999999850e+00
1.466499999999999915e+01 6.147715978599999964e+00
1.476500000000000057e+01 6.211787623100000211e+00
1.486500000000000021e+01 6.338304007899999704e+00
1.496499999999999986e+01 6.486442729000000185e+00
1.506499999999999950e+01 6.609314638399999886e+00
1.516499999999999915e+01 6.671547011399999505e+00
1.526500000000000057e+01 6.655696757399999441e+00
1.536500000000000021e+01 6.561394882500000136e+00
1.546499999999999986e+01 6.407732389999999612e+00
1.556499999999999950e+01 6.226743450199999863e+00
1.566499999999999915e+01 6.040056538099999983e+00
1.576500000000000057e+01 5.843946596300000351e+00
1.586500000000000021e+01 5.621517867399999702e+00
1.596499999999999986e+01 5.366732538900000016e+00
1.605999999999999872e+01 5.111218404000000604e+00
1.616000000000000014e+01 4.860323889300000033e+00
1.626000000000000156e+01 4.652381085800000093e+00
1.635999999999999943e+01 4.489467852099999767e+00
1.646000000000000085e+01 4.357182644299999907e+00
1.655999999999999872e+01 4.238140076699999703e+00
1.666000000000000014e+01 4.119766789799999884e+00
1.676000000000000156e+01 3.997715953599999761e+00
1.685999999999999943e+01 3.877613884600000116e+00
1.696000000000000085e+01 3.771487154399999930e+00
1.705999999999999872e+01 3.690560145300000094e+00
1.716000000000000014e+01 3.640249347300000160e+00
1.726000000000000156e+01 3.619870489100000199e+00
1.735999999999999943e+01 3.625080651499999806e+00
1.746000000000000085e+01 3.648902483399999674e+00
1.755999999999999872e+01 3.680408056100000103e+00
1.766000000000000014e+01 3.705949330799999775e+00
1.776000000000000156e+01 3.716495833100000201e+00
1.785999999999999943e+01 3.713343162999999780e+00
1.796000000000000085e+01 3.704177981499999994e+00
1.805499999999999972e+01 3.697410869799999666e+00
1.815500000000000114e+01 3.700122850100000083e+00
1.825499999999999901e+01 3.721929325000000066e+00
1.835500000000000043e+01 3.771292153600000141e+00
1.845499999999999829e+01 3.851595744199999949e+00
1.855499999999999972e+01 3.957680801900000045e+00
1.865500000000000114e+01 4.075073710999999932e+00
1.875499999999999901e+01 4.184708460799999585e+00
1.885500000000000043e+01 4.274050151500000005e+00
1.895499999999999829e+01 4.345109434900000345e+00
1.905499999999999972e+01 4.406613944800000127e+00
1.915500000000000114e+01 4.456163539500000326e+00
1.925499999999999901e+01 4.474713242900000054e+00
1.935500000000000043e+01 4.439951129099999783e+00
1.945499999999999829e+01 4.343372494399999617e+00
1.955499999999999972e+01 4.194968930599999979e+00
1.965500000000000114e+01 4.011651286699999375e+00
1.975499999999999901e+01 3.801440922800000344e+00
1.985500000000000043e+01 3.562264315599999787e+00
1.995499999999999829e+01 3.296123457900000275e+00
2.005000000000000071e+01 3.031365026900000093e+00
2.014999999999999858e+01 2.759391530699999873e+00
2.025000000000000000e+01 2.510021204100000070e+00
2.035000000000000142e+01 2.290702852299999925e+00
2.044999999999999929e+01 2.101144313999999902e+00
2.055000000000000071e+01 1.936965894400000110e+00
2.064999999999999858e+01 1.794227132999999919e+00
2.075000000000000000e+01 1.670823266899999826e+00
2.085000000000000142e+01 1.564029933000000039e+00
2.094999999999999929e+01 1.469044590600000033e+00
2.105000000000000071e+01 1.380947110499999964e+00
2.114999999999999858e+01 1.297475518800000005e+00
2.125000000000000000e+01 1.219212105300000015e+00
2.135000000000000142e+01 1.147512222300000051e+00
2.144999999999999929e+01 1.082997757900000080e+00
2.155000000000000071e+01 1.025407648200000077e+00
2.164999999999999858e+01 9.740020909000000060e-01
2.175000000000000000e+01 9.281305796000000052e-01
2.185000000000000142e+01 8.876567783000000045e-01
2.194999999999999929e+01 8.526078897000000101e-01
2.204500000000000171e+01 8.238052650000000643e-01
2.214499999999999957e+01 7.970319432000000370e-01
2.224500000000000099e+01 7.728053270000000419e-01
2.234499999999999886e+01 7.507130697999999658e-01
2.244500000000000028e+01 7.304274262000000073e-01
2.254500000000000171e+01 7.108512552000000317e-01
2.264499999999999957e+01 6.904431093000000796e-01
2.274500000000000099e+01 6.683340704000000354e-01
2.284499999999999886e+01 6.447985189999999589e-01
2.294500000000000028e+01 6.206846925000000237e-01
2.304500000000000171e+01 5.966063482000000251e-01
2.314499999999999957e+01 5.729094359999999941e-01
2.324500000000000099e+01 5.501043013999999953e-01
2.334499999999999886e+01 5.289321567999999418e-01
2.344500000000000028e+01 5.100427196000000274e-01
2.354500000000000171e+01 4.936963868999999505e-01
2.364499999999999957e+01 4.797811716000000004e-01
2.374500000000000099e+01 4.680982893999999783e-01
2.384499999999999886e+01 4.583400738999999779e-01
2.394500000000000028e+01 4.496913640999999906e-01
2.403999999999999915e+01 4.413058573999999457e-01
2.414000000000000057e+01 4.312370562000000240e-01
2.423999999999999844e+01 4.196037586999999958e-01
2.433999999999999986e+01 4.067023506000000399e-01
2.444000000000000128e+01 3.928334651000000566e-01
2.453999999999999915e+01 3.782157784999999883e-01
2.464000000000000057e+01 3.632959956999999851e-01
2.473999999999999844e+01 3.488078178000000307e-01
2.483999999999999986e+01 3.353932787999999721e-01
2.494000000000000128e+01 3.232328356000000458e-01
2.503999999999999915e+01 3.120872927000000185e-01
2.514000000000000057e+01 3.016074932000000208e-01
2.523999999999999844e+01 2.916084036999999629e-01
2.533999999999999986e+01 2.822283995000000045e-01
2.544000000000000128e+01 2.738263754999999966e-01
2.553999999999999915e+01 2.666059595999999976e-01
2.564000000000000057e+01 2.603774121999999913e-01
2.573999999999999844e+01 2.547697407000000247e-01
2.583999999999999986e+01 2.496582461000000086e-01
2.594000000000000128e+01 2.453373598999999960e-01
2.603500000000000014e+01 2.423917347000000000e-01
2.613500000000000156e+01 2.407873178000000114e-01
2.623499999999999943e+01 2.406965993000000081e-01
2.633500000000000085e+01 2.419264206999999778e-01
2.643499999999999872e+01 2.441826532000000161e-01
2.653500000000000014e+01 2.469020292999999922e-01
2.663500000000000156e+01 2.491273826000000025e-01
2.673499999999999943e+01 2.498259340999999800e-01
2.683500000000000085e+01 2.485424857999999904e-01
2.693499999999999872e+01 2.456971125000000089e-01
2.703500000000000014e+01 2.422039249000000061e-01
2.713500000000000156e+01 2.388718051000000009e-01
2.723499999999999943e+01 2.360987943000000255e-01
2.733500000000000085e+01 2.339504895999999778e-01
2.743499999999999872e+01 2.323542027000000121e-01
2.753500000000000014e+01 2.312114470000000144e-01
2.763500000000000156e+01 2.304511929999999986e-01
2.773499999999999943e+01 2.300920082000000033e-01
2.783500000000000085e+01 2.302192522000000019e-01
2.793499999999999872e+01 2.307998433999999821e-01
2.803000000000000114e+01 2.314691529999999831e-01
2.812999999999999901e+01 2.317432898000000019e-01
2.823000000000000043e+01 2.312085736999999752e-01
2.832999999999999829e+01 2.300426028000000234e-01
2.842999999999999972e+01 2.287023424999999888e-01
2.853000000000000114e+01 2.274274471000000131e-01
2.862999999999999901e+01 2.261574228000000075e-01
2.873000000000000043e+01 2.246782022000000101e-01
2.882999999999999829e+01 2.226633443999999906e-01
2.892999999999999972e+01 2.198403567000000169e-01
2.903000000000000114e+01 2.162798907999999853e-01
2.912999999999999901e+01 2.124733095000000127e-01
2.923000000000000043e+01 2.089135108000000074e-01
2.932999999999999829e+01 2.056760125000000050e-01
2.942999999999999972e+01 2.024601528000000150e-01
2.953000000000000114e+01 1.990552211000000127e-01
2.962999999999999901e+01 1.956793842999999811e-01
2.973000000000000043e+01 1.927689853000000009e-01
2.982999999999999829e+01 1.904913926000000035e-01
2.992999999999999972e+01 1.885261782999999858e-01
3.002499999999999858e+01 1.864591800000000021e-01
3.012500000000000000e+01 1.837572753000000225e-01
3.022500000000000142e+01 1.804895968999999933e-01
3.032499999999999929e+01 1.767555102999999739e-01
3.042500000000000071e+01 1.727020572999999892e-01
3.052499999999999858e+01 1.686067290999999913e-01
3.062500000000000000e+01 1.648576898999999929e-01
3.072500000000000142e+01 1.618007435999999910e-01
3.082499999999999929e+01 1.595777688999999722e-01
3.092500000000000071e+01 1.579529745000000096e-01
3.102499999999999858e+01 1.562512196999999992e-01
3.112500000000000000e+01 1.536132903999999910e-01
3.122500000000000142e+01 1.494785559999999847e-01
3.132499999999999929e+01 1.438793050000000129e-01
3.142500000000000071e+01 1.373026725000000003e-01
3.152499999999999858e+01 1.303781625999999860e-01
3.162500000000000000e+01 1.236885781000000017e-01
3.172500000000000142e+01 1.176787190000000011e-01
3.182499999999999929e+01 1.125992607000000090e-01
3.192500000000000071e+01 1.085006521999999918e-01
3.202000000000000313e+01 1.054286765000000126e-01
3.211999999999999744e+01 1.028961766999999944e-01
3.221999999999999886e+01 1.009037123000000036e-01
3.232000000000000028e+01 9.930933910000000475e-02
3.242000000000000171e+01 9.802785019999998850e-02
3.252000000000000313e+01 9.700696420000000375e-02
3.261999999999999744e+01 9.619426659999999463e-02
3.271999999999999886e+01 9.550937060000000423e-02
3.282000000000000028e+01 9.482904419999999002e-02
3.292000000000000171e+01 9.402865760000000961e-02
3.302000000000000313e+01 9.303936969999999917e-02
3.311999999999999744e+01 9.184078440000000010e-02
3.321999999999999886e+01 9.043909590000000220e-02
3.332000000000000028e+01 8.890805760000000668e-02
3.342000000000000171e+01 8.739856930000000634e-02
3.352000000000000313e+01 8.606535669999999805e-02
3.361999999999999744e+01 8.499896030000000935e-02
3.371999999999999886e+01 8.423163329999999727e-02
3.382000000000000028e+01 8.379605310000000362e-02
3.392000000000000171e+01 8.375388250000000145e-02
3.401500000000000057e+01 8.411014910000000344e-02
3.411500000000000199e+01 8.483728520000000106e-02
3.421500000000000341e+01 8.573120640000000958e-02
3.431499999999999773e+01 8.652526709999999732e-02
3.441499999999999915e+01 8.700511980000000256e-02
3.451500000000000057e+01 8.709783769999999981e-02
3.461500000000000199e+01 8.685743919999999729e-02
3.471500000000000341e+01 8.638266320000000109e-02
3.481499999999999773e+01 8.574165220000000420e-02
3.491499999999999915e+01 8.492984649999998914e-02
3.501500000000000057e+01 8.389036080000000783e-02
3.511500000000000199e+01 8.261719640000000919e-02
3.521500000000000341e+01 8.124304200000000142e-02
3.531499999999999773e+01 7.996978299999998874e-02
3.541499999999999915e+01 7.890914579999999678e-02
3.551500000000000057e+01 7.803955109999999307e-02
3.561500000000000199e+01 7.731534439999999953e-02
3.571500000000000341e+01 7.675511129999999793e-02
3.581499999999999773e+01 7.641477920000000479e-02
3.591499999999999915e+01 7.630692999999999504e-02
3.600999999999999801e+01 7.632049890000000558e-02
3.610999999999999943e+01 7.620468699999999318e-02
3.621000000000000085e+01 7.564484739999999263e-02
3.631000000000000227e+01 7.448083739999999953e-02
3.640999999999999659e+01 7.281221999999999694e-02
3.650999999999999801e+01 7.089925580000000505e-02
3.660999999999999943e+01 6.901043179999999388e-02
3.671000000000000085e+01 6.732922469999999548e-02
3.681000000000000227e+01 6.592819310000000432e-02
3.690999999999999659e+01 6.479814899999999933e-02
3.700999999999999801e+01 6.389882369999999590e-02
3.710999999999999943e+01 6.317807149999998817e-02
3.721000000000000085e+01 6.257710249999999530e-02
3.731000000000000227e+01 6.204713670000000514e-02
3.740999999999999659e+01 6.154786370000000367e-02
3.750999999999999801e+01 6.103143450000000220e-02
3.760999999999999943e+01 6.044149560000000587e-02
3.771000000000000085e+01 5.972024880000000036e-02
3.781000000000000227e+01 5.881607300000000343e-02
3.790999999999999659e+01 5.770840309999999973e-02
3.800500000000000256e+01 5.651185209999999570e-02
3.810499999999999687e+01 5.521424670000000395e-02
3.820499999999999829e+01 5.400107009999999264e-02
3.830499999999999972e+01 5.292342239999999615e-02
3.840500000000000114e+01 5.193951180000000445e-02
3.850500000000000256e+01 5.096926879999999493e-02
3.860499999999999687e+01 4.995252229999999627e-02
3.870499999999999829e+01 4.887750529999999871e-02
3.880499999999999972e+01 4.778046769999999555e-02
3.890500000000000114e+01 4.671436670000000263e-02
3.900500000000000256e+01 4.571326640000000080e-02
3.910499999999999687e+01 4.478320199999999418e-02
3.920499999999999829e+01 4.391740560000000071e-02
3.930499999999999972e+01 4.311774780000000168e-02
3.940500000000000114e+01 4.240472959999999625e-02
3.950500000000000256e+01 4.180367179999999738e-02
3.960499999999999687e+01 4.131895680000000071e-02
3.970499999999999829e+01 4.093153990000000103e-02
3.980499999999999972e+01 4.061919049999999920e-02
3.990500000000000114e+01 4.036735179999999951e-02
