1.000000000000000056e-01 1.332325539999999926e-02
2.000000000000000111e-01 1.206240589999999988e-02
2.999999999999999889e-01 1.348301610000000005e-02
4.000000000000000222e-01 1.563019059999999974e-02
5.000000000000000000e-01 1.789456119999999900e-02
5.999999999999999778e-01 2.004957899999999793e-02
6.999999999999999556e-01 2.209694350000000057e-02
8.000000000000000444e-01 2.414057220000000170e-02
9.000000000000000222e-01 2.627861819999999932e-02
1.000000000000000000e+00 2.856301330000000221e-02
1.100000000000000089e+00 3.101030619999999710e-02
1.199999999999999956e+00 3.362232510000000285e-02
1.300000000000000044e+00 3.639865870000000281e-02
1.399999999999999911e+00 3.934264280000000086e-02
1.500000000000000000e+00 4.246129130000000224e-02
1.600000000000000089e+00 4.575835459999999522e-02
1.699999999999999956e+00 4.922125180000000433e-02
1.800000000000000044e+00 5.279882619999999582e-02
1.899999999999999911e+00 5.639049000000000145e-02
2.000000000000000000e+00 5.988178400000000040e-02
2.095000000000000195e+00 6.306937799999999539e-02
2.194999999999999840e+00 6.637249040000001155e-02
2.294999999999999929e+00 6.977938120000000410e-02
2.395000000000000018e+00 7.343128999999999629e-02
2.495000000000000107e+00 7.740604370000001011e-02
2.595000000000000195e+00 8.171208230000000239e-02
2.694999999999999840e+00 8.629197950000000450e-02
2.794999999999999929e+00 9.104308680000000598e-02
2.895000000000000018e+00 9.586747749999999235e-02
2.995000000000000107e+00 1.007082481000000085e-01
3.095000000000000195e+00 1.055528688000000048e-01
3.194999999999999840e+00 1.104538637999999962e-01
3.294999999999999929e+00 1.155181604999999945e-01
3.395000000000000018e+00 1.208138264000000045e-01
3.495000000000000107e+00 1.262950634999999988e-01
3.595000000000000195e+00 1.318633597999999962e-01
3.694999999999999840e+00 1.374995076000000149e-01
3.794999999999999929e+00 1.433027581999999911e-01
3.895000000000000018e+00 1.494081082000000005e-01
3.995000000000000107e+00 1.559073179000000087e-01
4.089999999999999858e+00 1.624553179000000069e-01
4.190000000000000391e+00 1.696679256999999996e-01
4.290000000000000036e+00 1.771221641000000069e-01
4.389999999999999680e+00 1.848330489000000187e-01
4.490000000000000213e+00 1.929765237000000133e-01
4.589999999999999858e+00 2.018488894999999894e-01
4.690000000000000391e+00 2.117668061999999907e-01
4.790000000000000036e+00 2.229804492000000138e-01
4.889999999999999680e+00 2.356592358999999859e-01
4.990000000000000213e+00 2.499768735999999825e-01
5.089999999999999858e+00 2.662507329000000089e-01
5.190000000000000391e+00 2.850290247999999749e-01
5.290000000000000036e+00 3.070455931000000138e-01
5.389999999999999680e+00 3.330724634999999711e-01
5.490000000000000213e+00 3.637339736000000379e-01
5.589999999999999858e+00 3.992995342000000281e-01
5.690000000000000391e+00 4.395299350999999910e-01
5.790000000000000036e+00 4.838361998000000330e-01
5.889999999999999680e+00 5.317906159999999938e-01
5.990000000000000213e+00 5.832019267999999368e-01
6.084999999999999964e+00 6.339812524999999255e-01
6.184999999999999609e+00 6.847689775000000978e-01
6.285000000000000142e+00 7.243678848000000281e-01
6.384999999999999787e+00 7.451325178000000049e-01
6.485000000000000320e+00 7.467377711999999557e-01
6.584999999999999964e+00 7.363085181999999840e-01
6.684999999999999609e+00 7.223181410000000247e-01
6.785000000000000142e+00 7.104565874999999586e-01
6.884999999999999787e+00 7.039000569000000151e-01
6.985000000000000320e+00 7.045180095000000975e-01
7.084999999999999964e+00 7.130979194000000021e-01
7.184999999999999609e+00 7.295521268000000337e-01
7.285000000000000142e+00 7.537918948999999813e-01
7.384999999999999787e+00 7.862784266000000244e-01
7.485000000000000320e+00 8.275932534000001173e-01
7.584999999999999964e+00 8.779598054999999679e-01
7.684999999999999609e+00 9.377791097000000020e-01
7.785000000000000142e+00 1.008415722499999889e+00
7.884999999999999787e+00 1.091614895700000032e+00
7.985000000000000320e+00 1.187745850500000033e+00
8.080000000000000071e+00 1.289318026399999928e+00
8.179999999999999716e+00 1.403764752999999921e+00
8.279999999999999361e+00 1.521763168900000185e+00
8.380000000000000782e+00 1.637318552900000057e+00
8.480000000000000426e+00 1.744005282100000054e+00
8.580000000000000071e+00 1.841486512699999967e+00
8.679999999999999716e+00 1.939767801000000125e+00
8.779999999999999361e+00 2.053574296099999863e+00
8.880000000000000782e+00 2.193417730600000226e+00
8.980000000000000426e+00 2.362462500399999943e+00
9.080000000000000071e+00 2.558293081500000010e+00
9.179999999999999716e+00 2.774381627000000350e+00
9.279999999999999361e+00 2.999967464200000045e+00
9.380000000000000782e+00 3.223910661200000138e+00
9.480000000000000426e+00 3.443475769700000022e+00
9.580000000000000071e+00 3.667760100699999803e+00
9.679999999999999716e+00 3.910521890000000056e+00
9.779999999999999361e+00 4.182630054400000574e+00
9.880000000000000782e+00 4.487776627599999735e+00
9.980000000000000426e+00 4.817689525100000481e+00
1.007499999999999929e+01 5.136682594099999832e+00
1.017500000000000071e+01 5.459086837000000081e+00
1.027500000000000036e+01 5.754552284199999868e+00
1.037500000000000000e+01 6.020854694399999651e+00
1.047499999999999964e+01 6.271029003699999826e+00
1.057499999999999929e+01 6.525066525099999737e+00
1.067500000000000071e+01 6.793365072499999435e+00
1.077500000000000036e+01 7.071315970600000611e+00
1.087500000000000000e+01 7.352704131499999463e+00
1.097499999999999964e+01 7.648963304199999591e+00
1.107499999999999929e+01 7.988034645799999112e+00
1.117500000000000071e+01 8.399284166699999332e+00
1.127500000000000036e+01 8.908245323200000954e+00
1.137500000000000000e+01 9.529993315799998754e+00
1.147499999999999964e+01 1.024364778800000053e+01
1.157499999999999929e+01 1.096613341529999985e+01
1.167500000000000071e+01 1.155847713160000012e+01
1.177500000000000036e+01 1.188921209809999979e+01
1.187500000000000000e+01 1.192304084270000075e+01
1.197499999999999964e+01 1.173513311219999977e+01
1.207000000000000028e+01 1.144485706169999872e+01
1.216999999999999993e+01 1.107807978449999986e+01
1.226999999999999957e+01 1.067696269510000029e+01
1.236999999999999922e+01 1.029108696319999972e+01
1.247000000000000064e+01 9.999967260200000041e+00
1.257000000000000028e+01 9.874143165399999589e+00
1.266999999999999993e+01 9.936185648500000411e+00
1.276999999999999957e+01 1.015560519599999978e+01
1.286999999999999922e+01 1.048056478460000029e+01
1.297000000000000064e+01 1.086479029460000056e+01
1.307000000000000028e+01 1.124222358150000112e+01
1.316999999999999993e+01 1.149208171070000084e+01
1.326999999999999957e+01 1.149184615889999961e+01
1.336999999999999922e+01 1.123390477540000099e+01
1.347000000000000064e+01 1.084596038179999944e+01
1.357000000000000028e+01 1.047453430639999894e+01
1.366999999999999993e+01 1.016839683489999935e+01
1.376999999999999957e+01 9.862291048500001267e+00
1.386999999999999922e+01 9.450293411700000590e+00
1.397000000000000064e+01 8.878384369699999112e+00
1.406499999999999950e+01 8.216965331600000866e+00
1.416499999999999915e+01 7.479931918100000132e+00
1.426500000000000057e+01 6.787417868600000403e+00
1.436500000000000021e+01 6.197979257500000116e+00
1.446499999999999986e+01 5.734910167099999789e+00
1.456499999999999950e+01 5.389709760600000621e+00
1.466499999999999915e+01 5.130846877399999784e+00
1.476500000000000057e+01 4.918493539099999978e+00
1.486500000000000021e+01 4.719452158400000208e+00
1.496499999999999986e+01 4.515255975600000582e+00
1.506499999999999950e+01 4.303000418399999916e+00
1.516499999999999915e+01 4.088165186299999476e+00
1.526500000000000057e+01 3.872165437400000076e+00
1.536500000000000021e+01 3.649329828499999984e+00
1.546499999999999986e+01 3.417568765299999978e+00
1.556499999999999950e+01 3.186689239300000143e+00
1.566499999999999915e+01 2.974423482199999746e+00
1.576500000000000057e+01 2.796960436400000027e+00
1.586500000000000021e+01 2.663153924499999992e+00
1.596499999999999986e+01 2.573988464200000159e+00
1.605999999999999872e+01 2.525866654599999706e+00
1.616000000000000014e+01 2.504766612400000092e+00
1.626000000000000156e+01 2.503327838899999769e+00
1.635999999999999943e+01 2.512115999399999744e+00
1.646000000000000085e+01 2.525057807199999615e+00
1.655999999999999872e+01 2.539388436899999935e+00
1.666000000000000014e+01 2.555627234700000194e+00
1.676000000000000156e+01 2.579025086399999722e+00
1.685999999999999943e+01 2.618610930100000012e+00
1.696000000000000085e+01 2.681605853699999820e+00
1.705999999999999872e+01 2.767046203900000112e+00
1.716000000000000014e+01 2.862577079400000279e+00
1.726000000000000156e+01 2.947543872399999820e+00
1.735999999999999943e+01 3.004725275000000195e+00
1.746000000000000085e+01 3.033326823099999903e+00
1.755999999999999872e+01 3.047034746200000033e+00
1.766000000000000014e+01 3.058206345799999948e+00
1.776000000000000156e+01 3.067311374500000021e+00
1.785999999999999943e+01 3.063677887000000322e+00
1.796000000000000085e+01 3.032301381799999973e+00
1.805499999999999972e+01 2.969961565500000233e+00
1.815500000000000114e+01 2.878602291400000013e+00
1.825499999999999901e+01 2.778880837500000034e+00
1.835500000000000043e+01 2.681640746400000275e+00
1.845499999999999829e+01 2.579738567499999746e+00
1.855499999999999972e+01 2.454043196099999768e+00
1.865500000000000114e+01 2.292381034699999987e+00
1.875499999999999901e+01 2.102607033500000000e+00
1.885500000000000043e+01 1.905807202700000147e+00
1.895499999999999829e+01 1.721072207700000023e+00
1.905499999999999972e+01 1.557850154300000067e+00
1.915500000000000114e+01 1.417066300999999973e+00
1.925499999999999901e+01 1.295748707200000016e+00
1.935500000000000043e+01 1.190955052000000070e+00
1.945499999999999829e+01 1.100820288900000055e+00
1.955499999999999972e+01 1.023717162700000127e+00
1.965500000000000114e+01 9.578588945999999549e-01
1.975499999999999901e+01 9.018655774999999597e-01
1.985500000000000043e+01 8.551439617000000659e-01
1.995499999999999829e+01 8.173963136999999879e-01
2.005000000000000071e+01 7.889939351000000434e-01
2.014999999999999858e+01 7.648463018000000169e-01
2.025000000000000000e+01 7.435672520999999646e-01
2.035000000000000142e+01 7.222854624999999196e-01
2.044999999999999929e+01 6.991588259000000027e-01
2.055000000000000071e+01 6.734604475000000035e-01
2.064999999999999858e+01 6.455202600999999651e-01
2.075000000000000000e+01 6.167261016999999734e-01
2.085000000000000142e+01 5.890277406999999688e-01
2.094999999999999929e+01 5.639825525999999645e-01
2.105000000000000071e+01 5.422269192999999987e-01
2.114999999999999858e+01 5.235369917000000095e-01
2.125000000000000000e+01 5.070159229999999795e-01
2.135000000000000142e+01 4.914619976000000334e-01
2.144999999999999929e+01 4.759168884000000155e-01
2.155000000000000071e+01 4.599331448999999794e-01
2.164999999999999858e+01 4.434354529000000267e-01
2.175000000000000000e+01 4.264628933999999871e-01
2.185000000000000142e+01 4.091638600999999986e-01
2.194999999999999929e+01 3.919723941999999628e-01
2.204500000000000171e+01 3.763556581000000456e-01
2.214499999999999957e+01 3.612505753999999958e-01
2.224500000000000099e+01 3.477906558000000148e-01
2.234499999999999886e+01 3.359851406000000096e-01
2.244500000000000028e+01 3.257223395000000132e-01
2.254500000000000171e+01 3.168047648999999799e-01
2.264499999999999957e+01 3.089445265999999912e-01
2.274500000000000099e+01 3.018193456000000108e-01
2.284499999999999886e+01 2.950989310999999615e-01
2.294500000000000028e+01 2.884079632000000060e-01
2.304500000000000171e+01 2.814364759999999910e-01
2.314499999999999957e+01 2.741539807999999745e-01
2.324500000000000099e+01 2.667752373999999760e-01
2.334499999999999886e+01 2.594873846999999900e-01
2.344500000000000028e+01 2.522917070000000317e-01
2.354500000000000171e+01 2.450623725999999947e-01
2.364499999999999957e+01 2.377254126999999995e-01
2.374500000000000099e+01 2.303828146000000132e-01
2.384499999999999886e+01 2.232599266999999998e-01
2.394500000000000028e+01 2.165459758999999929e-01
2.403999999999999915e+01 2.106418515999999852e-01
2.414000000000000057e+01 2.050113608999999948e-01
2.423999999999999844e+01 2.000400062999999895e-01
2.433999999999999986e+01 1.956808868000000090e-01
2.444000000000000128e+01 1.917351161999999998e-01
2.453999999999999915e+01 1.879310708999999968e-01
2.464000000000000057e+01 1.840631960999999928e-01
2.473999999999999844e+01 1.800808571000000191e-01
2.483999999999999986e+01 1.760828862000000106e-01
2.494000000000000128e+01 1.722689206999999945e-01
2.503999999999999915e+01 1.688979032999999852e-01
2.514000000000000057e+01 1.662061673000000128e-01
2.523999999999999844e+01 1.642727794000000130e-01
2.533999999999999986e+01 1.629357773000000009e-01
2.544000000000000128e+01 1.618657286999999889e-01
2.553999999999999915e+01 1.607497126000000109e-01
2.564000000000000057e+01 1.594092437999999889e-01
2.573999999999999844e+01 1.577837491000000092e-01
2.583999999999999986e+01 1.558485775000000018e-01
2.594000000000000128e+01 1.535411664999999926e-01
2.603500000000000014e+01 1.509291254999999832e-01
2.613500000000000156e+01 1.477573943000000112e-01
2.623499999999999943e+01 1.443595058000000098e-01
2.633500000000000085e+01 1.410554556999999987e-01
2.643499999999999872e+01 1.381346821000000169e-01
2.653500000000000014e+01 1.357780869999999918e-01
2.663500000000000156e+01 1.340472402000000007e-01
2.673499999999999943e+01 1.329186156000000119e-01
2.683500000000000085e+01 1.323512890999999914e-01
2.693499999999999872e+01 1.323017116999999909e-01
2.703500000000000014e+01 1.326502069000000117e-01
2.713500000000000156e+01 1.331076955999999922e-01
2.723499999999999943e+01 1.332257145999999892e-01
2.733500000000000085e+01 1.325949288999999920e-01
2.743499999999999872e+01 1.311049652999999870e-01
2.753500000000000014e+01 1.289754750000000061e-01
2.763500000000000156e+01 1.265513087000000036e-01
2.773499999999999943e+01 1.240910518999999990e-01
2.783500000000000085e+01 1.217342884000000014e-01
2.793499999999999872e+01 1.195708873000000116e-01
2.803000000000000114e+01 1.177812302000000033e-01
2.812999999999999901e+01 1.162492039000000144e-01
2.823000000000000043e+01 1.150679628000000065e-01
2.832999999999999829e+01 1.141161260000000122e-01
2.842999999999999972e+01 1.132053527000000115e-01
2.853000000000000114e+01 1.122091206000000035e-01
2.862999999999999901e+01 1.111722615000000081e-01
2.873000000000000043e+01 1.103082078000000021e-01
2.882999999999999829e+01 1.098646233000000055e-01
2.892999999999999972e+01 1.099845735000000019e-01
2.903000000000000114e+01 1.106844170000000072e-01
2.912999999999999901e+01 1.119112408999999864e-01
2.923000000000000043e+01 1.135654292999999926e-01
2.932999999999999829e+01 1.154739904000000039e-01
2.942999999999999972e+01 1.173873470000000030e-01
2.953000000000000114e+01 1.190250679000000034e-01
2.962999999999999901e+01 1.201524612999999991e-01
2.973000000000000043e+01 1.206398152000000001e-01
2.982999999999999829e+01 1.204836659000000088e-01
2.992999999999999972e+01 1.197549012000000135e-01
3.002499999999999858e+01 1.186276464999999891e-01
3.012500000000000000e+01 1.171384513000000016e-01
3.022500000000000142e+01 1.155539438999999974e-01
3.032499999999999929e+01 1.140338003000000017e-01
3.042500000000000071e+01 1.125158998999999937e-01
3.052499999999999858e+01 1.107140479000000011e-01
3.062500000000000000e+01 1.083557064999999958e-01
3.072500000000000142e+01 1.054002408999999973e-01
3.082499999999999929e+01 1.019921302000000030e-01
3.092500000000000071e+01 9.830226749999999847e-02
3.102499999999999858e+01 9.444315710000000808e-02
3.112500000000000000e+01 9.046317510000000117e-02
3.122500000000000142e+01 8.641693370000000374e-02
3.132499999999999929e+01 8.245409509999999942e-02
3.142500000000000071e+01 7.879886070000000076e-02
3.152499999999999858e+01 7.564283300000000654e-02
3.162500000000000000e+01 7.307129730000000434e-02
3.172500000000000142e+01 7.105958810000000125e-02
3.182499999999999929e+01 6.950180970000000014e-02
3.192500000000000071e+01 6.825008949999999963e-02
3.202000000000000313e+01 6.721584730000000618e-02
3.211999999999999744e+01 6.620132000000000794e-02
3.221999999999999886e+01 6.523536670000000537e-02
3.232000000000000028e+01 6.435849590000000675e-02
3.242000000000000171e+01 6.367533089999999341e-02
3.252000000000000313e+01 6.329910769999999576e-02
3.261999999999999744e+01 6.326778339999999945e-02
3.271999999999999886e+01 6.352386849999999696e-02
3.282000000000000028e+01 6.396223090000000000e-02
3.292000000000000171e+01 6.446572319999999134e-02
3.302000000000000313e+01 6.488961990000000069e-02
3.311999999999999744e+01 6.504047109999999687e-02
3.321999999999999886e+01 6.474333830000000845e-02
3.332000000000000028e+01 6.396732890000000893e-02
3.342000000000000171e+01 6.284813379999999727e-02
3.352000000000000313e+01 6.158618250000000294e-02
3.361999999999999744e+01 6.035153070000000286e-02
3.371999999999999886e+01 5.926162830000000076e-02
3.382000000000000028e+01 5.840041819999999828e-02
3.392000000000000171e+01 5.783261970000000418e-02
3.401500000000000057e+01 5.759045799999999715e-02
3.411500000000000199e+01 5.761140640000000229e-02
3.421500000000000341e+01 5.781619870000000161e-02
3.431499999999999773e+01 5.808298610000000445e-02
3.441499999999999915e+01 5.830864470000000216e-02
3.451500000000000057e+01 5.842674020000000051e-02
3.461500000000000199e+01 5.840321299999999549e-02
3.471500000000000341e+01 5.821300430000000276e-02
3.481499999999999773e+01 5.783057710000000240e-02
3.491499999999999915e+01 5.725017629999999691e-02
3.501500000000000057e+01 5.651659080000000224e-02
3.511500000000000199e+01 5.572939159999999725e-02
3.521500000000000341e+01 5.498003729999999950e-02
3.531499999999999773e+01 5.428164470000000630e-02
3.541499999999999915e+01 5.357138720000000076e-02
3.551500000000000057e+01 5.274269280000000448e-02
3.561500000000000199e+01 5.167450980000000416e-02
3.571500000000000341e+01 5.030888610000000538e-02
3.581499999999999773e+01 4.872363749999999993e-02
3.591499999999999915e+01 4.708402479999999890e-02
3.600999999999999801e+01 4.560542719999999967e-02
3.610999999999999943e+01 4.420776710000000331e-02
3.621000000000000085e+01 4.300146280000000099e-02
3.631000000000000227e+01 4.197345420000000299e-02
3.640999999999999659e+01 4.108497740000000009e-02
3.650999999999999801e+01 4.030884860000000236e-02
3.660999999999999943e+01 3.966000809999999793e-02
3.671000000000000085e+01 3.919010159999999909e-02
3.681000000000000227e+01 3.894570929999999903e-02
3.690999999999999659e+01 3.892325590000000196e-02
3.700999999999999801e+01 3.905241530000000405e-02
3.710999999999999943e+01 3.921535699999999930e-02
3.721000000000000085e+01 3.929398979999999819e-02
3.731000000000000227e+01 3.922215760000000162e-02
3.740999999999999659e+01 3.900384090000000303e-02
3.750999999999999801e+01 3.869162310000000271e-02
3.760999999999999943e+01 3.835177850000000277e-02
3.771000000000000085e+01 3.803089030000000176e-02
3.781000000000000227e+01 3.774168769999999840e-02
3.790999999999999659e+01 3.747992979999999891e-02
3.800500000000000256e+01 3.725606530000000194e-02
3.810499999999999687e+01 3.705258759999999901e-02
3.820499999999999829e+01 3.688236799999999871e-02
3.830499999999999972e+01 3.672494169999999947e-02
3.840500000000000114e+01 3.654770679999999605e-02
3.850500000000000256e+01 3.633705560000000112e-02
3.860499999999999687e+01 3.610864899999999961e-02
3.870499999999999829e+01 3.588303080000000006e-02
3.880499999999999972e+01 3.565611789999999920e-02
3.890500000000000114e+01 3.539642949999999982e-02
3.900500000000000256e+01 3.507045599999999985e-02
3.910499999999999687e+01 3.466254620000000508e-02
3.920499999999999829e+01 3.417406369999999999e-02
3.930499999999999972e+01 3.361325869999999549e-02
3.940500000000000114e+01 3.299436279999999611e-02
3.950500000000000256e+01 3.235272460000000044e-02
3.960499999999999687e+01 3.174490879999999904e-02
3.970499999999999829e+01 3.121036580000000060e-02
3.980499999999999972e+01 3.074055449999999606e-02
3.990500000000000114e+01 3.029505529999999835e-02
