1.000000000000000056e-01 2.478422179999999891e-02
2.000000000000000111e-01 3.977522890000000089e-02
2.999999999999999889e-01 4.796127640000000247e-02
4.000000000000000222e-01 5.270440630000000626e-02
5.000000000000000000e-01 5.532716230000000318e-02
5.999999999999999778e-01 5.668560350000000081e-02
6.999999999999999556e-01 5.782038269999999897e-02
8.000000000000000444e-01 5.961853269999999733e-02
9.000000000000000222e-01 6.259449289999999277e-02
1.000000000000000000e+00 6.697779369999999621e-02
1.100000000000000089e+00 7.289406470000001081e-02
1.199999999999999956e+00 8.046230109999999436e-02
1.300000000000000044e+00 8.985384169999999227e-02
1.399999999999999911e+00 1.012866064000000066e-01
1.500000000000000000e+00 1.149414609999999948e-01
1.600000000000000089e+00 1.307953124999999828e-01
1.699999999999999956e+00 1.483709494999999878e-01
1.800000000000000044e+00 1.666248542000000055e-01
1.899999999999999911e+00 1.842909869999999894e-01
2.000000000000000000e+00 2.006546378999999880e-01
2.095000000000000195e+00 2.153070343999999858e-01
2.194999999999999840e+00 2.308507818000000156e-01
2.294999999999999929e+00 2.474697834999999846e-01
2.395000000000000018e+00 2.652539818999999910e-01
2.495000000000000107e+00 2.831554223000000148e-01
2.595000000000000195e+00 2.994572243999999994e-01
2.694999999999999840e+00 3.128874249999999968e-01
2.794999999999999929e+00 3.235595321999999996e-01
2.895000000000000018e+00 3.332098392000000242e-01
2.995000000000000107e+00 3.447949878999999607e-01
3.095000000000000195e+00 3.614056420000000269e-01
3.194999999999999840e+00 3.852325223999999992e-01
3.294999999999999929e+00 4.171412345999999660e-01
3.395000000000000018e+00 4.563831143000000035e-01
3.495000000000000107e+00 4.997502093000000256e-01
3.595000000000000195e+00 5.410826778999999753e-01
3.694999999999999840e+00 5.734128727000000758e-01
3.794999999999999929e+00 5.936870837000000067e-01
3.895000000000000018e+00 6.056839685999999556e-01
3.995000000000000107e+00 6.177157344999999466e-01
4.089999999999999858e+00 6.367746912000000759e-01
4.190000000000000391e+00 6.702101898999999197e-01
4.290000000000000036e+00 7.191764511000000581e-01
4.389999999999999680e+00 7.815084144999999705e-01
4.490000000000000213e+00 8.514602614999999819e-01
4.589999999999999858e+00 9.215665325999999880e-01
4.690000000000000391e+00 9.848493819999999399e-01
4.790000000000000036e+00 1.035409152700000002e+00
4.889999999999999680e+00 1.068648304599999932e+00
4.990000000000000213e+00 1.083183330300000025e+00
5.089999999999999858e+00 1.082128834799999995e+00
5.190000000000000391e+00 1.070854960599999961e+00
5.290000000000000036e+00 1.053874911399999892e+00
5.389999999999999680e+00 1.034962706900000029e+00
5.490000000000000213e+00 1.019190320399999905e+00
5.589999999999999858e+00 1.012951276599999950e+00
5.690000000000000391e+00 1.021493787300000067e+00
5.790000000000000036e+00 1.046889405599999989e+00
5.889999999999999680e+00 1.088046725799999948e+00
5.990000000000000213e+00 1.141911028600000044e+00
6.084999999999999964e+00 1.200990751900000042e+00
6.184999999999999609e+00 1.266730074899999892e+00
6.285000000000000142e+00 1.332114002900000038e+00
6.384999999999999787e+00 1.396225021000000011e+00
6.485000000000000320e+00 1.462417471500000010e+00
6.584999999999999964e+00 1.535956673100000058e+00
6.684999999999999609e+00 1.618289917200000039e+00
6.785000000000000142e+00 1.702535082400000066e+00
6.884999999999999787e+00 1.774858188600000108e+00
6.985000000000000320e+00 1.820406121400000021e+00
7.084999999999999964e+00 1.830133674099999830e+00
7.184999999999999609e+00 1.805448230399999909e+00
7.285000000000000142e+00 1.756728441199999935e+00
7.384999999999999787e+00 1.696642612300000019e+00
7.485000000000000320e+00 1.635043527300000132e+00
7.584999999999999964e+00 1.578526644000000090e+00
7.684999999999999609e+00 1.530985806499999935e+00
7.785000000000000142e+00 1.493011386400000085e+00
7.884999999999999787e+00 1.462904193199999980e+00
7.985000000000000320e+00 1.439456765100000091e+00
8.080000000000000071e+00 1.423778000300000013e+00
8.179999999999999716e+00 1.415408193900000056e+00
8.279999999999999361e+00 1.416107302299999926e+00
8.380000000000000782e+00 1.425515630200000050e+00
8.480000000000000426e+00 1.441530749500000042e+00
8.580000000000000071e+00 1.459561845000000080e+00
8.679999999999999716e+00 1.472904626200000067e+00
8.779999999999999361e+00 1.475801282800000003e+00
8.880000000000000782e+00 1.466955584199999940e+00
8.980000000000000426e+00 1.449835243899999959e+00
9.080000000000000071e+00 1.430238126899999962e+00
9.179999999999999716e+00 1.413769166600000071e+00
9.279999999999999361e+00 1.405315958200000104e+00
9.380000000000000782e+00 1.408884295600000058e+00
9.480000000000000426e+00 1.425701639500000173e+00
9.580000000000000071e+00 1.452472961799999851e+00
9.679999999999999716e+00 1.482485422199999903e+00
9.779999999999999361e+00 1.509274013600000020e+00
9.880000000000000782e+00 1.528876775900000151e+00
9.980000000000000426e+00 1.539950048200000143e+00
1.007499999999999929e+01 1.543881777300000202e+00
1.017500000000000071e+01 1.545259358000000027e+00
1.027500000000000036e+01 1.549594269600000018e+00
1.037500000000000000e+01 1.561088039199999944e+00
1.047499999999999964e+01 1.579653101099999901e+00
1.057499999999999929e+01 1.600373906499999999e+00
1.067500000000000071e+01 1.615780237900000138e+00
1.077500000000000036e+01 1.619840747900000100e+00
1.087500000000000000e+01 1.610888806600000001e+00
1.097499999999999964e+01 1.592344346900000041e+00
1.107499999999999929e+01 1.570356468800000016e+00
1.117500000000000071e+01 1.550136618899999874e+00
1.127500000000000036e+01 1.534069180799999987e+00
1.137500000000000000e+01 1.522977360800000124e+00
1.147499999999999964e+01 1.518007166599999902e+00
1.157499999999999929e+01 1.520663791500000084e+00
1.167500000000000071e+01 1.532240000399999857e+00
1.177500000000000036e+01 1.554303864500000021e+00
1.187500000000000000e+01 1.589098693700000009e+00
1.197499999999999964e+01 1.638235389100000106e+00
1.207000000000000028e+01 1.697120261300000044e+00
1.216999999999999993e+01 1.766907104099999959e+00
1.226999999999999957e+01 1.836692680400000111e+00
1.236999999999999922e+01 1.899503967999999876e+00
1.247000000000000064e+01 1.953610374400000183e+00
1.257000000000000028e+01 2.001850161200000144e+00
1.266999999999999993e+01 2.047919844900000008e+00
1.276999999999999957e+01 2.095256475999999868e+00
1.286999999999999922e+01 2.148180965299999912e+00
1.297000000000000064e+01 2.211897062900000321e+00
1.307000000000000028e+01 2.291239391399999992e+00
1.316999999999999993e+01 2.389036525999999938e+00
1.326999999999999957e+01 2.504921404400000107e+00
1.336999999999999922e+01 2.634985232300000035e+00
1.347000000000000064e+01 2.772264432900000131e+00
1.357000000000000028e+01 2.907502625200000246e+00
1.366999999999999993e+01 3.031086465300000032e+00
1.376999999999999957e+01 3.136562672100000171e+00
1.386999999999999922e+01 3.222402254300000379e+00
1.397000000000000064e+01 3.289895895399999937e+00
1.406499999999999950e+01 3.337769467600000262e+00
1.416499999999999915e+01 3.369660629200000201e+00
1.426500000000000057e+01 3.378540842300000069e+00
1.436500000000000021e+01 3.360541515000000423e+00
1.446499999999999986e+01 3.317183752900000115e+00
1.456499999999999950e+01 3.257607279000000133e+00
1.466499999999999915e+01 3.195543764600000003e+00
1.476500000000000057e+01 3.145271252999999767e+00
1.486500000000000021e+01 3.118163884999999969e+00
1.496499999999999986e+01 3.118944972300000007e+00
1.506499999999999950e+01 3.143901376500000122e+00
1.516499999999999915e+01 3.184389899800000201e+00
1.526500000000000057e+01 3.232568845100000310e+00
1.536500000000000021e+01 3.282561995800000076e+00
1.546499999999999986e+01 3.328327853400000258e+00
1.556499999999999950e+01 3.365363842399999861e+00
1.566499999999999915e+01 3.396019286700000084e+00
1.576500000000000057e+01 3.430894930700000067e+00
1.586500000000000021e+01 3.482206196499999962e+00
1.596499999999999986e+01 3.555508722299999924e+00
1.605999999999999872e+01 3.642991193299999875e+00
1.616000000000000014e+01 3.747065652899999932e+00
1.626000000000000156e+01 3.853816956400000215e+00
1.635999999999999943e+01 3.947581249899999811e+00
1.646000000000000085e+01 4.007148873000000222e+00
1.655999999999999872e+01 4.017017410200000249e+00
1.666000000000000014e+01 3.981610213099999740e+00
1.676000000000000156e+01 3.925469771600000435e+00
1.685999999999999943e+01 3.877587891900000194e+00
1.696000000000000085e+01 3.854642962599999834e+00
1.705999999999999872e+01 3.857562994100000253e+00
1.716000000000000014e+01 3.877681053299999903e+00
1.726000000000000156e+01 3.899501927600000251e+00
1.735999999999999943e+01 3.902057752400000190e+00
1.746000000000000085e+01 3.868961960700000091e+00
1.755999999999999872e+01 3.799382959199999910e+00
1.766000000000000014e+01 3.703778917800000237e+00
1.776000000000000156e+01 3.591915599500000056e+00
1.785999999999999943e+01 3.471677033699999804e+00
1.796000000000000085e+01 3.354577647600000212e+00
1.805499999999999972e+01 3.258718601800000059e+00
1.815500000000000114e+01 3.183190896500000200e+00
1.825499999999999901e+01 3.138001016000000476e+00
1.835500000000000043e+01 3.125917453900000087e+00
1.845499999999999829e+01 3.148620000000000196e+00
1.855499999999999972e+01 3.204438314099999907e+00
1.865500000000000114e+01 3.286926589700000179e+00
1.875499999999999901e+01 3.387433380700000107e+00
1.885500000000000043e+01 3.499486885799999669e+00
1.895499999999999829e+01 3.619890997399999755e+00
1.905499999999999972e+01 3.743142320500000064e+00
1.915500000000000114e+01 3.854438904599999827e+00
1.925499999999999901e+01 3.929930407200000086e+00
1.935500000000000043e+01 3.947523144699999875e+00
1.945499999999999829e+01 3.900231281399999972e+00
1.955499999999999972e+01 3.799657856700000114e+00
1.965500000000000114e+01 3.666490730899999662e+00
1.975499999999999901e+01 3.517789420599999772e+00
1.985500000000000043e+01 3.362740833400000184e+00
1.995499999999999829e+01 3.206120914099999997e+00
2.005000000000000071e+01 3.060323975399999785e+00
2.014999999999999858e+01 2.917759309000000023e+00
2.025000000000000000e+01 2.796508776100000038e+00
2.035000000000000142e+01 2.703928659200000251e+00
2.044999999999999929e+01 2.639370020499999914e+00
2.055000000000000071e+01 2.594087786200000245e+00
2.064999999999999858e+01 2.554199670800000099e+00
2.075000000000000000e+01 2.505400326799999799e+00
2.085000000000000142e+01 2.437975109599999968e+00
2.094999999999999929e+01 2.350371396399999924e+00
2.105000000000000071e+01 2.248934765500000044e+00
2.114999999999999858e+01 2.142506883699999864e+00
2.125000000000000000e+01 2.037270734199999822e+00
2.135000000000000142e+01 1.936158014999999954e+00
2.144999999999999929e+01 1.840984532100000015e+00
2.155000000000000071e+01 1.752896552499999983e+00
2.164999999999999858e+01 1.671973453200000126e+00
2.175000000000000000e+01 1.598342474899999921e+00
2.185000000000000142e+01 1.533461927600000108e+00
2.194999999999999929e+01 1.479160074099999944e+00
2.204500000000000171e+01 1.436981400200000092e+00
2.214499999999999957e+01 1.398727128700000044e+00
2.224500000000000099e+01 1.361203074500000110e+00
2.234499999999999886e+01 1.320415542199999903e+00
2.244500000000000028e+01 1.276121640800000012e+00
2.254500000000000171e+01 1.230742311300000003e+00
2.264499999999999957e+01 1.186756728300000008e+00
2.274500000000000099e+01 1.145511874599999924e+00
2.284499999999999886e+01 1.107355834399999850e+00
2.294500000000000028e+01 1.071370811500000020e+00
2.304500000000000171e+01 1.035565036499999980e+00
2.314499999999999957e+01 9.983343805000000071e-01
2.324500000000000099e+01 9.603167374000000089e-01
2.334499999999999886e+01 9.244650475000000256e-01
2.344500000000000028e+01 8.938818933000000078e-01
2.354500000000000171e+01 8.699025768999999464e-01
2.364499999999999957e+01 8.522812010000000438e-01
2.374500000000000099e+01 8.403169915999999517e-01
2.384499999999999886e+01 8.330890904999999069e-01
2.394500000000000028e+01 8.290000594999999972e-01
2.403999999999999915e+01 8.259958477000000077e-01
2.414000000000000057e+01 8.221672416999999955e-01
2.423999999999999844e+01 8.178604387999999226e-01
2.433999999999999986e+01 8.149548831000000826e-01
2.444000000000000128e+01 8.150796562000000023e-01
2.453999999999999915e+01 8.179834905000000767e-01
2.464000000000000057e+01 8.221863332000000080e-01
2.473999999999999844e+01 8.270696654000000425e-01
2.483999999999999986e+01 8.337316076999999881e-01
2.494000000000000128e+01 8.439724180000000020e-01
2.503999999999999915e+01 8.588556872000000508e-01
2.514000000000000057e+01 8.778801488999999902e-01
2.523999999999999844e+01 8.985053056999999788e-01
2.533999999999999986e+01 9.163723308000000234e-01
2.544000000000000128e+01 9.269847999999999422e-01
2.553999999999999915e+01 9.283916004000000166e-01
2.564000000000000057e+01 9.224253648000000361e-01
2.573999999999999844e+01 9.127666414999999756e-01
2.583999999999999986e+01 9.020479884000000004e-01
2.594000000000000128e+01 8.911326336000000570e-01
2.603500000000000014e+01 8.808789102999999843e-01
2.613500000000000156e+01 8.711668945999999636e-01
2.623499999999999943e+01 8.639881306000000150e-01
2.633500000000000085e+01 8.605544291000000179e-01
2.643499999999999872e+01 8.619458801999999586e-01
2.653500000000000014e+01 8.696255728999999768e-01
2.663500000000000156e+01 8.852668878999999658e-01
2.673499999999999943e+01 9.096846167000000039e-01
2.683500000000000085e+01 9.413983254000000134e-01
2.693499999999999872e+01 9.755124034000000055e-01
2.703500000000000014e+01 1.003896375799999907e+00
2.713500000000000156e+01 1.017800113999999922e+00
2.723499999999999943e+01 1.012282329100000045e+00
2.733500000000000085e+01 9.885932053999999525e-01
2.743499999999999872e+01 9.518233518000001059e-01
2.753500000000000014e+01 9.066089593999999696e-01
2.763500000000000156e+01 8.553397128999999932e-01
2.773499999999999943e+01 7.997120532999999476e-01
2.783500000000000085e+01 7.424579644000000034e-01
2.793499999999999872e+01 6.870914340999999537e-01
2.803000000000000114e+01 6.390758592999999932e-01
2.812999999999999901e+01 5.954941550000000250e-01
2.823000000000000043e+01 5.603408116999999411e-01
2.832999999999999829e+01 5.339109363999999802e-01
2.842999999999999972e+01 5.154544681999999600e-01
2.853000000000000114e+01 5.033855712999999454e-01
2.862999999999999901e+01 4.958760235000000405e-01
2.873000000000000043e+01 4.915632064000000079e-01
2.882999999999999829e+01 4.897080215000000347e-01
2.892999999999999972e+01 4.895547463999999627e-01
2.903000000000000114e+01 4.897721029000000059e-01
2.912999999999999901e+01 4.888409577999999756e-01
2.923000000000000043e+01 4.860861992000000131e-01
2.932999999999999829e+01 4.821352665000000481e-01
2.942999999999999972e+01 4.782214834000000359e-01
2.953000000000000114e+01 4.750049883999999945e-01
2.962999999999999901e+01 4.721975782999999760e-01
2.973000000000000043e+01 4.692889650000000024e-01
2.982999999999999829e+01 4.661805421000000393e-01
2.992999999999999972e+01 4.626815219000000035e-01
3.002499999999999858e+01 4.581977787000000024e-01
3.012500000000000000e+01 4.509678162999999906e-01
3.022500000000000142e+01 4.402211839000000348e-01
3.032499999999999929e+01 4.261487584000000495e-01
3.042500000000000071e+01 4.101124536000000376e-01
3.052499999999999858e+01 3.938409828999999696e-01
3.062500000000000000e+01 3.785895734999999984e-01
3.072500000000000142e+01 3.649212128000000055e-01
3.082499999999999929e+01 3.529192466000000139e-01
3.092500000000000071e+01 3.424229183999999981e-01
3.102499999999999858e+01 3.331908343000000161e-01
3.112500000000000000e+01 3.250702576000000232e-01
3.122500000000000142e+01 3.180420340999999818e-01
3.132499999999999929e+01 3.119158020999999725e-01
3.142500000000000071e+01 3.060254445000000212e-01
3.152499999999999858e+01 2.994439863000000202e-01
3.162500000000000000e+01 2.915249836000000094e-01
3.172500000000000142e+01 2.822566692000000321e-01
3.182499999999999929e+01 2.722547202999999749e-01
3.192500000000000071e+01 2.624165727000000170e-01
3.202000000000000313e+01 2.539530212999999703e-01
3.211999999999999744e+01 2.464581708999999954e-01
3.221999999999999886e+01 2.405955493000000167e-01
3.232000000000000028e+01 2.362792437000000023e-01
3.242000000000000171e+01 2.332592309000000030e-01
3.252000000000000313e+01 2.312079314000000108e-01
3.261999999999999744e+01 2.296657145999999872e-01
3.271999999999999886e+01 2.278855640000000127e-01
3.282000000000000028e+01 2.248889285000000016e-01
3.292000000000000171e+01 2.199753450000000166e-01
3.302000000000000313e+01 2.132677376999999874e-01
3.311999999999999744e+01 2.055915450999999949e-01
3.321999999999999886e+01 1.978236421000000023e-01
3.332000000000000028e+01 1.904555303000000088e-01
3.342000000000000171e+01 1.836683937999999960e-01
3.352000000000000313e+01 1.776229972999999740e-01
3.361999999999999744e+01 1.725402173999999733e-01
3.371999999999999886e+01 1.685290774000000047e-01
3.382000000000000028e+01 1.654503722999999815e-01
3.392000000000000171e+01 1.629663989000000035e-01
3.401500000000000057e+01 1.608591168000000071e-01
3.411500000000000199e+01 1.587782258000000057e-01
3.421500000000000341e+01 1.568904033999999892e-01
3.431499999999999773e+01 1.553020599999999918e-01
3.441499999999999915e+01 1.540204863999999896e-01
3.451500000000000057e+01 1.528921552999999989e-01
3.461500000000000199e+01 1.516758256999999888e-01
3.471500000000000341e+01 1.501903398999999972e-01
3.481499999999999773e+01 1.484529961000000120e-01
3.491499999999999915e+01 1.467154414000000073e-01
3.501500000000000057e+01 1.453172563999999833e-01
3.511500000000000199e+01 1.444637537999999832e-01
3.521500000000000341e+01 1.441026512999999953e-01
3.531499999999999773e+01 1.440299898999999884e-01
3.541499999999999915e+01 1.440903988999999996e-01
3.551500000000000057e+01 1.442506011000000143e-01
3.561500000000000199e+01 1.445412852000000081e-01
3.571500000000000341e+01 1.448940618000000013e-01
3.581499999999999773e+01 1.450349263999999860e-01
3.591499999999999915e+01 1.445919026999999968e-01
3.600999999999999801e+01 1.432991613999999858e-01
3.610999999999999943e+01 1.406694220999999967e-01
3.621000000000000085e+01 1.365411953000000012e-01
3.631000000000000227e+01 1.311652004000000149e-01
3.640999999999999659e+01 1.252461370999999879e-01
3.650999999999999801e+01 1.195537205000000019e-01
3.660999999999999943e+01 1.145659663000000023e-01
3.671000000000000085e+01 1.103975140000000021e-01
3.681000000000000227e+01 1.069278535000000030e-01
3.690999999999999659e+01 1.039444686000000062e-01
3.700999999999999801e+01 1.012377507999999982e-01
3.710999999999999943e+01 9.867934609999999551e-02
3.721000000000000085e+01 9.628674610000000078e-02
3.731000000000000227e+01 9.419104140000000847e-02
3.740999999999999659e+01 9.250519470000000133e-02
3.750999999999999801e+01 9.123515330000001033e-02
3.760999999999999943e+01 9.031591599999999609e-02
3.771000000000000085e+01 8.968045080000000557e-02
3.781000000000000227e+01 8.925660660000001023e-02
3.790999999999999659e+01 8.893322130000000381e-02
3.800500000000000256e+01 8.860154070000000881e-02
3.810499999999999687e+01 8.810845330000000031e-02
3.820499999999999829e+01 8.730488320000000246e-02
3.830499999999999972e+01 8.601589020000000030e-02
3.840500000000000114e+01 8.424028590000000316e-02
3.850500000000000256e+01 8.225620629999999545e-02
3.860499999999999687e+01 8.043629650000000408e-02
3.870499999999999829e+01 7.898304019999999315e-02
3.880499999999999972e+01 7.785603669999999199e-02
3.890500000000000114e+01 7.687796260000000215e-02
3.900500000000000256e+01 7.587859230000000565e-02
3.910499999999999687e+01 7.476964540000000103e-02
3.920499999999999829e+01 7.353937080000000348e-02
3.930499999999999972e+01 7.222035209999999594e-02
3.940500000000000114e+01 7.088873340000000078e-02
3.950500000000000256e+01 6.967962340000000143e-02
3.960499999999999687e+01 6.876357329999999157e-02
3.970499999999999829e+01 6.828589599999999871e-02
3.980499999999999972e+01 6.831329419999999930e-02
3.990500000000000114e+01 6.879809339999999607e-02
