1.000000000000000056e-01 6.845108700000000594e-03
2.000000000000000111e-01 6.268256600000000900e-03
2.999999999999999889e-01 7.326152799999999243e-03
4.000000000000000222e-01 8.757353600000000043e-03
5.000000000000000000e-01 1.026075859999999937e-02
5.999999999999999778e-01 1.171878080000000009e-02
6.999999999999999556e-01 1.311903529999999991e-02
8.000000000000000444e-01 1.450295119999999924e-02
9.000000000000000222e-01 1.592005570000000134e-02
1.000000000000000000e+00 1.740059060000000157e-02
1.100000000000000089e+00 1.895656160000000132e-02
1.199999999999999956e+00 2.059088419999999947e-02
1.300000000000000044e+00 2.230458620000000045e-02
1.399999999999999911e+00 2.410000779999999995e-02
1.500000000000000000e+00 2.598210540000000027e-02
1.600000000000000089e+00 2.795646939999999955e-02
1.699999999999999956e+00 3.002490529999999810e-02
1.800000000000000044e+00 3.217723910000000465e-02
1.899999999999999911e+00 3.437906710000000060e-02
2.000000000000000000e+00 3.657395219999999558e-02
2.095000000000000195e+00 3.860750420000000349e-02
2.194999999999999840e+00 4.069831980000000043e-02
2.294999999999999929e+00 4.280407399999999751e-02
2.395000000000000018e+00 4.501083749999999772e-02
2.495000000000000107e+00 4.738243640000000534e-02
2.595000000000000195e+00 4.994213310000000100e-02
2.694999999999999840e+00 5.267209119999999994e-02
2.794999999999999929e+00 5.552179159999999503e-02
2.895000000000000018e+00 5.843814569999999931e-02
2.995000000000000107e+00 6.139475980000000388e-02
3.095000000000000195e+00 6.439483279999999588e-02
3.194999999999999840e+00 6.746239939999999768e-02
3.294999999999999929e+00 7.062541610000000469e-02
3.395000000000000018e+00 7.387688530000000031e-02
3.495000000000000107e+00 7.715054090000000864e-02
3.595000000000000195e+00 8.038051429999999720e-02
3.694999999999999840e+00 8.360533009999999987e-02
3.794999999999999929e+00 8.697380899999999915e-02
3.895000000000000018e+00 9.063110409999999839e-02
3.995000000000000107e+00 9.460463630000000290e-02
4.089999999999999858e+00 9.855912380000000916e-02
4.190000000000000391e+00 1.027104565999999997e-01
4.290000000000000036e+00 1.067011139000000053e-01
4.389999999999999680e+00 1.105417385000000002e-01
4.490000000000000213e+00 1.143979175000000015e-01
4.589999999999999858e+00 1.185028525999999999e-01
4.690000000000000391e+00 1.230625374000000050e-01
4.790000000000000036e+00 1.281900641000000007e-01
4.889999999999999680e+00 1.339198795000000053e-01
4.990000000000000213e+00 1.403008293000000128e-01
5.089999999999999858e+00 1.474755870999999996e-01
5.190000000000000391e+00 1.556744670999999913e-01
5.290000000000000036e+00 1.651583355000000031e-01
5.389999999999999680e+00 1.761605200999999954e-01
5.490000000000000213e+00 1.888342511000000168e-01
5.589999999999999858e+00 2.031937540000000042e-01
5.690000000000000391e+00 2.191592907000000090e-01
5.790000000000000036e+00 2.367504679000000112e-01
5.889999999999999680e+00 2.563388686999999999e-01
5.990000000000000213e+00 2.787474858000000277e-01
6.084999999999999964e+00 3.035964327000000296e-01
6.184999999999999609e+00 3.341297903000000069e-01
6.285000000000000142e+00 3.684814169999999778e-01
6.384999999999999787e+00 4.035467531999999968e-01
6.485000000000000320e+00 4.336678533000000169e-01
6.584999999999999964e+00 4.531275786000000250e-01
6.684999999999999609e+00 4.599867247000000159e-01
6.785000000000000142e+00 4.570001473000000480e-01
6.884999999999999787e+00 4.490832121999999704e-01
6.985000000000000320e+00 4.407664015000000157e-01
7.084999999999999964e+00 4.349090695999999756e-01
7.184999999999999609e+00 4.326886201999999848e-01
7.285000000000000142e+00 4.344992417000000384e-01
7.384999999999999787e+00 4.405800304000000445e-01
7.485000000000000320e+00 4.509462146000000060e-01
7.584999999999999964e+00 4.654533217999999861e-01
7.684999999999999609e+00 4.843090487000000222e-01
7.785000000000000142e+00 5.084053779999999634e-01
7.884999999999999787e+00 5.389085715000000443e-01
7.985000000000000320e+00 5.764068309000000001e-01
8.080000000000000071e+00 6.177886475999999627e-01
8.179999999999999716e+00 6.649550110999999930e-01
8.279999999999999361e+00 7.119915077999999786e-01
8.380000000000000782e+00 7.550457900000000500e-01
8.480000000000000426e+00 7.920080642000000282e-01
8.580000000000000071e+00 8.240851565000000267e-01
8.679999999999999716e+00 8.558902032999999854e-01
8.779999999999999361e+00 8.930568781999999040e-01
8.880000000000000782e+00 9.392712544000000330e-01
8.980000000000000426e+00 9.953483544000000238e-01
9.080000000000000071e+00 1.060675587300000000e+00
9.179999999999999716e+00 1.135457541500000112e+00
9.279999999999999361e+00 1.220956332200000105e+00
9.380000000000000782e+00 1.317611903700000031e+00
9.480000000000000426e+00 1.422847147000000145e+00
9.580000000000000071e+00 1.531300436800000053e+00
9.679999999999999716e+00 1.637374796700000079e+00
9.779999999999999361e+00 1.737267596499999955e+00
9.880000000000000782e+00 1.829646961799999971e+00
9.980000000000000426e+00 1.916315610599999886e+00
1.007499999999999929e+01 1.996972165799999921e+00
1.017500000000000071e+01 2.083653167600000078e+00
1.027500000000000036e+01 2.174574921700000107e+00
1.037500000000000000e+01 2.270526693399999907e+00
1.047499999999999964e+01 2.370904705000000057e+00
1.057499999999999929e+01 2.477168165200000161e+00
1.067500000000000071e+01 2.593974177200000231e+00
1.077500000000000036e+01 2.724139013500000317e+00
1.087500000000000000e+01 2.862724002500000253e+00
1.097499999999999964e+01 2.997333988700000340e+00
1.107499999999999929e+01 3.117498711299999670e+00
1.117500000000000071e+01 3.224576756200000283e+00
1.127500000000000036e+01 3.330764835000000090e+00
1.137500000000000000e+01 3.451716267600000165e+00
1.147499999999999964e+01 3.603116810700000006e+00
1.157499999999999929e+01 3.800662657900000241e+00
1.167500000000000071e+01 4.057666175999999680e+00
1.177500000000000036e+01 4.380694673100000713e+00
1.187500000000000000e+01 4.767289039500000492e+00
1.197499999999999964e+01 5.207870699099999889e+00
1.207000000000000028e+01 5.667937943000000089e+00
1.216999999999999993e+01 6.197681943200000099e+00
1.226999999999999957e+01 6.787841677299999432e+00
1.236999999999999922e+01 7.446469963200000208e+00
1.247000000000000064e+01 8.153803153500000178e+00
1.257000000000000028e+01 8.857219578300000506e+00
1.266999999999999993e+01 9.488352549100000033e+00
1.276999999999999957e+01 9.975706016300000201e+00
1.286999999999999922e+01 1.023134285989999981e+01
1.297000000000000064e+01 1.016832947520000019e+01
1.307000000000000028e+01 9.784378132900000580e+00
1.316999999999999993e+01 9.204344441299999957e+00
1.326999999999999957e+01 8.598071599899999029e+00
1.336999999999999922e+01 8.074025477499999326e+00
1.347000000000000064e+01 7.655920478400000562e+00
1.357000000000000028e+01 7.329257681599999685e+00
1.366999999999999993e+01 7.094321415200000480e+00
1.376999999999999957e+01 6.975281175199999240e+00
1.386999999999999922e+01 6.993185039000000103e+00
1.397000000000000064e+01 7.143928605799999332e+00
1.406499999999999950e+01 7.377504384199999876e+00
1.416499999999999915e+01 7.650349886899999952e+00
1.426500000000000057e+01 7.852684484100000084e+00
1.436500000000000021e+01 7.896662933800000062e+00
1.446499999999999986e+01 7.768382244199999676e+00
1.456499999999999950e+01 7.540037809600000251e+00
1.466499999999999915e+01 7.309069379799999489e+00
1.476500000000000057e+01 7.131857726499999828e+00
1.486500000000000021e+01 6.999840064000000694e+00
1.496499999999999986e+01 6.861491849300000112e+00
1.506499999999999950e+01 6.673981792100000199e+00
1.516499999999999915e+01 6.438680015700000148e+00
1.526500000000000057e+01 6.186954253499999723e+00
1.536500000000000021e+01 5.943630329500000364e+00
1.546499999999999986e+01 5.712094096400000431e+00
1.556499999999999950e+01 5.482953141399999453e+00
1.566499999999999915e+01 5.243940633900000314e+00
1.576500000000000057e+01 4.984706493200000033e+00
1.586500000000000021e+01 4.706577998100000215e+00
1.596499999999999986e+01 4.428926888799999517e+00
1.605999999999999872e+01 4.188167469399999732e+00
1.616000000000000014e+01 3.969214475299999823e+00
1.626000000000000156e+01 3.779784947600000056e+00
1.635999999999999943e+01 3.610875190999999873e+00
1.646000000000000085e+01 3.461115994400000062e+00
1.655999999999999872e+01 3.333970839200000036e+00
1.666000000000000014e+01 3.229691737600000057e+00
1.676000000000000156e+01 3.143639210999999989e+00
1.685999999999999943e+01 3.071489900199999568e+00
1.696000000000000085e+01 3.014372848499999868e+00
1.705999999999999872e+01 2.979475645199999967e+00
1.716000000000000014e+01 2.976250815300000241e+00
1.726000000000000156e+01 3.010262082299999697e+00
1.735999999999999943e+01 3.078561910699999959e+00
1.746000000000000085e+01 3.169679421800000174e+00
1.755999999999999872e+01 3.270104758700000058e+00
1.766000000000000014e+01 3.373822182199999631e+00
1.776000000000000156e+01 3.483431812700000130e+00
1.785999999999999943e+01 3.601583009100000066e+00
1.796000000000000085e+01 3.724962883599999941e+00
1.805499999999999972e+01 3.838187746999999650e+00
1.815500000000000114e+01 3.939046735299999824e+00
1.825499999999999901e+01 4.007483432499999942e+00
1.835500000000000043e+01 4.039976389799999623e+00
1.845499999999999829e+01 4.048793150599999890e+00
1.855499999999999972e+01 4.058695763500000275e+00
1.865500000000000114e+01 4.091706069099999787e+00
1.875499999999999901e+01 4.146816219399999781e+00
1.885500000000000043e+01 4.195756418800000276e+00
1.895499999999999829e+01 4.202355470399999682e+00
1.905499999999999972e+01 4.146273477900000337e+00
1.915500000000000114e+01 4.030489009200000083e+00
1.925499999999999901e+01 3.874079601800000106e+00
1.935500000000000043e+01 3.700104784700000149e+00
1.945499999999999829e+01 3.523098032899999676e+00
1.955499999999999972e+01 3.343391187099999939e+00
1.965500000000000114e+01 3.153265231800000290e+00
1.975499999999999901e+01 2.948352509199999805e+00
1.985500000000000043e+01 2.733203749899999924e+00
1.995499999999999829e+01 2.518797707399999641e+00
2.005000000000000071e+01 2.326410476399999983e+00
2.014999999999999858e+01 2.143319941599999723e+00
2.025000000000000000e+01 1.983461510399999961e+00
2.035000000000000142e+01 1.846479392200000014e+00
2.044999999999999929e+01 1.728567636900000037e+00
2.055000000000000071e+01 1.623446305799999934e+00
2.064999999999999858e+01 1.525163677399999917e+00
2.075000000000000000e+01 1.431113895800000035e+00
2.085000000000000142e+01 1.343018072999999868e+00
2.094999999999999929e+01 1.264411160300000114e+00
2.105000000000000071e+01 1.196821513399999981e+00
2.114999999999999858e+01 1.138051334300000050e+00
2.125000000000000000e+01 1.083131291199999957e+00
2.135000000000000142e+01 1.027093634999999949e+00
2.144999999999999929e+01 9.679069656000000021e-01
2.155000000000000071e+01 9.071590118000000258e-01
2.164999999999999858e+01 8.481469942999999567e-01
2.175000000000000000e+01 7.936792521000000100e-01
2.185000000000000142e+01 7.453872437999999878e-01
2.194999999999999929e+01 7.041180273000000600e-01
2.204500000000000171e+01 6.716284274000000609e-01
2.214499999999999957e+01 6.437725436000000245e-01
2.224500000000000099e+01 6.205583165000000401e-01
2.234499999999999886e+01 5.996854005999999737e-01
2.244500000000000028e+01 5.794345426000000465e-01
2.254500000000000171e+01 5.591439430000000321e-01
2.264499999999999957e+01 5.390148498000000288e-01
2.274500000000000099e+01 5.196411638000000277e-01
2.284499999999999886e+01 5.016560659000000033e-01
2.294500000000000028e+01 4.854519520000000199e-01
2.304500000000000171e+01 4.709666542000000011e-01
2.314499999999999957e+01 4.577897075999999843e-01
2.324500000000000099e+01 4.455881089000000017e-01
2.334499999999999886e+01 4.342487691999999955e-01
2.344500000000000028e+01 4.236565974000000012e-01
2.354500000000000171e+01 4.135070707000000345e-01
2.364499999999999957e+01 4.033179045999999990e-01
2.374500000000000099e+01 3.927693986000000415e-01
2.384499999999999886e+01 3.820972174999999749e-01
2.394500000000000028e+01 3.719762272000000092e-01
2.403999999999999915e+01 3.633856458999999983e-01
2.414000000000000057e+01 3.553809864999999957e-01
2.423999999999999844e+01 3.477774050999999922e-01
2.433999999999999986e+01 3.398227088999999923e-01
2.444000000000000128e+01 3.312733637999999425e-01
2.453999999999999915e+01 3.223803892000000060e-01
2.464000000000000057e+01 3.134278100999999817e-01
2.473999999999999844e+01 3.044370643000000043e-01
2.483999999999999986e+01 2.952778254999999796e-01
2.494000000000000128e+01 2.859210227000000271e-01
2.503999999999999915e+01 2.765674127000000149e-01
2.514000000000000057e+01 2.675555574999999853e-01
2.523999999999999844e+01 2.591587965000000104e-01
2.533999999999999986e+01 2.514231520999999914e-01
2.544000000000000128e+01 2.441862712999999796e-01
2.553999999999999915e+01 2.372135283000000039e-01
2.564000000000000057e+01 2.303251490000000068e-01
2.573999999999999844e+01 2.235031612000000223e-01
2.583999999999999986e+01 2.169187583999999946e-01
2.594000000000000128e+01 2.108246239000000077e-01
2.603500000000000014e+01 2.056850481999999980e-01
2.613500000000000156e+01 2.010715181999999934e-01
2.623499999999999943e+01 1.972552268999999969e-01
2.633500000000000085e+01 1.940875016999999980e-01
2.643499999999999872e+01 1.913648666000000165e-01
2.653500000000000014e+01 1.889252727999999881e-01
2.663500000000000156e+01 1.866714476999999928e-01
2.673499999999999943e+01 1.845408054999999881e-01
2.683500000000000085e+01 1.825546731999999894e-01
2.693499999999999872e+01 1.809320023999999860e-01
2.703500000000000014e+01 1.800329218999999759e-01
2.713500000000000156e+01 1.800904720000000014e-01
2.723499999999999943e+01 1.810031818000000237e-01
2.733500000000000085e+01 1.823031904000000092e-01
2.743499999999999872e+01 1.832740298999999962e-01
2.753500000000000014e+01 1.832376526000000228e-01
2.763500000000000156e+01 1.818860009999999916e-01
2.773499999999999943e+01 1.793838483000000095e-01
2.783500000000000085e+01 1.761825398000000098e-01
2.793499999999999872e+01 1.728217955999999944e-01
2.803000000000000114e+01 1.699790907000000018e-01
2.812999999999999901e+01 1.677497453000000027e-01
2.823000000000000043e+01 1.663962529999999940e-01
2.832999999999999829e+01 1.656802714999999759e-01
2.842999999999999972e+01 1.652123409000000043e-01
2.853000000000000114e+01 1.646684294000000104e-01
2.862999999999999901e+01 1.638984132999999899e-01
2.873000000000000043e+01 1.629225702000000053e-01
2.882999999999999829e+01 1.618669815000000067e-01
2.892999999999999972e+01 1.608972605999999805e-01
2.903000000000000114e+01 1.601435810999999876e-01
2.912999999999999901e+01 1.596490946000000133e-01
2.923000000000000043e+01 1.594191925000000010e-01
2.932999999999999829e+01 1.594746924000000066e-01
2.942999999999999972e+01 1.598343158999999958e-01
2.953000000000000114e+01 1.604625036000000005e-01
2.962999999999999901e+01 1.612154882000000067e-01
2.973000000000000043e+01 1.618499251000000139e-01
2.982999999999999829e+01 1.620929899000000118e-01
2.992999999999999972e+01 1.616699839999999888e-01
3.002499999999999858e+01 1.603796840000000223e-01
3.012500000000000000e+01 1.578063105999999993e-01
3.022500000000000142e+01 1.538704493999999978e-01
3.032499999999999929e+01 1.488335980999999919e-01
3.042500000000000071e+01 1.433041978000000050e-01
3.052499999999999858e+01 1.380083347999999932e-01
3.062500000000000000e+01 1.335031849999999964e-01
3.072500000000000142e+01 1.299715156999999843e-01
3.082499999999999929e+01 1.272213762999999942e-01
3.092500000000000071e+01 1.248759627999999899e-01
3.102499999999999858e+01 1.225622494000000035e-01
3.112500000000000000e+01 1.199856717000000045e-01
3.122500000000000142e+01 1.169904414000000059e-01
3.132499999999999929e+01 1.136388888000000041e-01
3.142500000000000071e+01 1.101516418999999858e-01
3.152499999999999858e+01 1.067475509999999961e-01
3.162500000000000000e+01 1.036061382000000031e-01
3.172500000000000142e+01 1.009208799999999906e-01
3.182499999999999929e+01 9.886137609999999520e-02
3.192500000000000071e+01 9.745371669999999820e-02
3.202000000000000313e+01 9.655716529999999742e-02
3.211999999999999744e+01 9.576632660000000685e-02
3.221999999999999886e+01 9.479880549999999961e-02
3.232000000000000028e+01 9.343087810000000326e-02
3.242000000000000171e+01 9.163565129999999559e-02
3.252000000000000313e+01 8.957516739999998867e-02
3.261999999999999744e+01 8.747662100000000440e-02
3.271999999999999886e+01 8.548140360000000548e-02
3.282000000000000028e+01 8.361672500000000285e-02
3.292000000000000171e+01 8.189011379999999729e-02
3.302000000000000313e+01 8.034817329999999203e-02
3.311999999999999744e+01 7.903515490000000143e-02
3.321999999999999886e+01 7.795320210000000749e-02
3.332000000000000028e+01 7.707487899999999892e-02
3.342000000000000171e+01 7.637155769999999511e-02
3.352000000000000313e+01 7.584012539999999969e-02
3.361999999999999744e+01 7.550727059999999546e-02
3.371999999999999886e+01 7.538492119999999630e-02
3.382000000000000028e+01 7.541788739999999436e-02
3.392000000000000171e+01 7.550004820000000283e-02
3.401500000000000057e+01 7.554272670000000689e-02
3.411500000000000199e+01 7.551483750000000106e-02
3.421500000000000341e+01 7.540545229999999488e-02
3.431499999999999773e+01 7.520560380000000655e-02
3.441499999999999915e+01 7.491536249999999897e-02
3.451500000000000057e+01 7.460704699999999578e-02
3.461500000000000199e+01 7.443994060000000412e-02
3.471500000000000341e+01 7.456954860000000740e-02
3.481499999999999773e+01 7.506226550000000275e-02
3.491499999999999915e+01 7.589699429999999247e-02
3.501500000000000057e+01 7.697033980000000941e-02
3.511500000000000199e+01 7.808567829999998877e-02
3.521500000000000341e+01 7.902846739999999648e-02
3.531499999999999773e+01 7.968790970000000362e-02
3.541499999999999915e+01 8.009719449999999630e-02
3.551500000000000057e+01 8.037290150000001021e-02
3.561500000000000199e+01 8.060614509999999844e-02
3.571500000000000341e+01 8.072706939999998998e-02
3.581499999999999773e+01 8.043131300000000428e-02
3.591499999999999915e+01 7.932032540000000242e-02
3.600999999999999801e+01 7.734451180000000148e-02
3.610999999999999943e+01 7.448881370000000335e-02
3.621000000000000085e+01 7.126201910000000417e-02
3.631000000000000227e+01 6.805557839999999692e-02
3.640999999999999659e+01 6.509788240000000115e-02
3.650999999999999801e+01 6.247265759999999502e-02
3.660999999999999943e+01 6.017275129999999361e-02
3.671000000000000085e+01 5.814482359999999933e-02
3.681000000000000227e+01 5.633186190000000204e-02
3.690999999999999659e+01 5.470805150000000033e-02
3.700999999999999801e+01 5.329620350000000006e-02
3.710999999999999943e+01 5.215085469999999890e-02
3.721000000000000085e+01 5.131015070000000122e-02
3.731000000000000227e+01 5.075884630000000036e-02
3.740999999999999659e+01 5.042387260000000260e-02
3.750999999999999801e+01 5.019244590000000034e-02
3.760999999999999943e+01 4.994273080000000142e-02
3.771000000000000085e+01 4.958151980000000125e-02
3.781000000000000227e+01 4.907710919999999644e-02
3.790999999999999659e+01 4.846972549999999796e-02
3.800500000000000256e+01 4.787911239999999985e-02
3.810499999999999687e+01 4.733908530000000003e-02
3.820499999999999829e+01 4.695277820000000324e-02
3.830499999999999972e+01 4.673537180000000152e-02
3.840500000000000114e+01 4.664222030000000213e-02
3.850500000000000256e+01 4.659282000000000007e-02
3.860499999999999687e+01 4.650889580000000523e-02
3.870499999999999829e+01 4.633683749999999851e-02
3.880499999999999972e+01 4.604471859999999944e-02
3.890500000000000114e+01 4.563638789999999862e-02
3.900500000000000256e+01 4.517673549999999538e-02
3.910499999999999687e+01 4.476594040000000246e-02
3.920499999999999829e+01 4.447099919999999984e-02
3.930499999999999972e+01 4.429035679999999975e-02
3.940500000000000114e+01 4.418311020000000033e-02
3.950500000000000256e+01 4.411582099999999951e-02
3.960499999999999687e+01 4.407574289999999922e-02
3.970499999999999829e+01 4.405563240000000269e-02
3.980499999999999972e+01 4.403103040000000412e-02
3.990500000000000114e+01 4.394375789999999810e-02
