1.000000000000000056e-01 9.384096999999999231e-03
2.000000000000000111e-01 7.407492499999999633e-03
2.999999999999999889e-01 7.854408699999999161e-03
4.000000000000000222e-01 8.851462900000000786e-03
5.000000000000000000e-01 9.933815099999999954e-03
5.999999999999999778e-01 1.093524140000000019e-02
6.999999999999999556e-01 1.184700900000000036e-02
8.000000000000000444e-01 1.273935340000000027e-02
9.000000000000000222e-01 1.368232760000000041e-02
1.000000000000000000e+00 1.471312019999999887e-02
1.100000000000000089e+00 1.584239319999999895e-02
1.199999999999999956e+00 1.707048769999999771e-02
1.300000000000000044e+00 1.839374590000000115e-02
1.399999999999999911e+00 1.981034770000000139e-02
1.500000000000000000e+00 2.132203850000000123e-02
1.600000000000000089e+00 2.292685189999999970e-02
1.699999999999999956e+00 2.461575950000000068e-02
1.800000000000000044e+00 2.635553110000000282e-02
1.899999999999999911e+00 2.808468360000000025e-02
2.000000000000000000e+00 2.972914520000000116e-02
2.095000000000000195e+00 3.118227510000000022e-02
2.194999999999999840e+00 3.263355309999999704e-02
2.294999999999999929e+00 3.408613230000000216e-02
2.395000000000000018e+00 3.561550950000000326e-02
2.495000000000000107e+00 3.726608000000000004e-02
2.595000000000000195e+00 3.905827139999999698e-02
2.694999999999999840e+00 4.099719289999999988e-02
2.794999999999999929e+00 4.308644059999999776e-02
2.895000000000000018e+00 4.533626589999999873e-02
2.995000000000000107e+00 4.776339090000000093e-02
3.095000000000000195e+00 5.038684560000000062e-02
3.194999999999999840e+00 5.321677299999999500e-02
3.294999999999999929e+00 5.624676990000000015e-02
3.395000000000000018e+00 5.945143449999999719e-02
3.495000000000000107e+00 6.279108780000000611e-02
3.595000000000000195e+00 6.624177729999999875e-02
3.694999999999999840e+00 6.983096350000000951e-02
3.794999999999999929e+00 7.362829609999999025e-02
3.895000000000000018e+00 7.765364339999999976e-02
3.995000000000000107e+00 8.178216720000000550e-02
4.089999999999999858e+00 8.556646589999999941e-02
4.190000000000000391e+00 8.918763890000000472e-02
4.290000000000000036e+00 9.239368219999999354e-02
4.389999999999999680e+00 9.532354200000001110e-02
4.490000000000000213e+00 9.819958630000000244e-02
4.589999999999999858e+00 1.012435847999999944e-01
4.690000000000000391e+00 1.046292541999999937e-01
4.790000000000000036e+00 1.084783893000000055e-01
4.889999999999999680e+00 1.129160257000000056e-01
4.990000000000000213e+00 1.181281304999999976e-01
5.089999999999999858e+00 1.242993099999999962e-01
5.190000000000000391e+00 1.314929073999999976e-01
5.290000000000000036e+00 1.395776827999999914e-01
5.389999999999999680e+00 1.482624701000000156e-01
5.490000000000000213e+00 1.573125230999999902e-01
5.589999999999999858e+00 1.668068987999999919e-01
5.690000000000000391e+00 1.771484581000000169e-01
5.790000000000000036e+00 1.888344453999999950e-01
5.889999999999999680e+00 2.023310875999999869e-01
5.990000000000000213e+00 2.181576432999999815e-01
6.084999999999999964e+00 2.359812018999999927e-01
6.184999999999999609e+00 2.582777009999999707e-01
6.285000000000000142e+00 2.840834184999999623e-01
6.384999999999999787e+00 3.117719858999999927e-01
6.485000000000000320e+00 3.380023294999999761e-01
6.584999999999999964e+00 3.588631613000000109e-01
6.684999999999999609e+00 3.720721933999999731e-01
6.785000000000000142e+00 3.783433689000000322e-01
6.884999999999999787e+00 3.803486247000000264e-01
6.985000000000000320e+00 3.806073703000000252e-01
7.084999999999999964e+00 3.808899649999999970e-01
7.184999999999999609e+00 3.827932059999999970e-01
7.285000000000000142e+00 3.876107101999999860e-01
7.384999999999999787e+00 3.957668287000000173e-01
7.485000000000000320e+00 4.070656637000000244e-01
7.584999999999999964e+00 4.212691333000000427e-01
7.684999999999999609e+00 4.383719749000000165e-01
7.785000000000000142e+00 4.585092849999999887e-01
7.884999999999999787e+00 4.817276638999999916e-01
7.985000000000000320e+00 5.078685754000000774e-01
8.080000000000000071e+00 5.352412375999999750e-01
8.179999999999999716e+00 5.665206371000000019e-01
8.279999999999999361e+00 5.997475579000000057e-01
8.380000000000000782e+00 6.338806261000000664e-01
8.480000000000000426e+00 6.683265634999999705e-01
8.580000000000000071e+00 7.035141839999999869e-01
8.679999999999999716e+00 7.405499158999999665e-01
8.779999999999999361e+00 7.799591611999999730e-01
8.880000000000000782e+00 8.204437311000000177e-01
8.980000000000000426e+00 8.592297157999999602e-01
9.080000000000000071e+00 8.943126277999999818e-01
9.179999999999999716e+00 9.264064293000000561e-01
9.279999999999999361e+00 9.585864907000001267e-01
9.380000000000000782e+00 9.938914260000000223e-01
9.480000000000000426e+00 1.032861966100000028e+00
9.580000000000000071e+00 1.073150436699999988e+00
9.679999999999999716e+00 1.111575614900000009e+00
9.779999999999999361e+00 1.146610234399999984e+00
9.880000000000000782e+00 1.179988613199999925e+00
9.980000000000000426e+00 1.216028197700000035e+00
1.007499999999999929e+01 1.256739435400000104e+00
1.017500000000000071e+01 1.308693613900000052e+00
1.027500000000000036e+01 1.369409120599999863e+00
1.037500000000000000e+01 1.434599753900000163e+00
1.047499999999999964e+01 1.497099491900000023e+00
1.057499999999999929e+01 1.551375198900000196e+00
1.067500000000000071e+01 1.598671736800000076e+00
1.077500000000000036e+01 1.646334688100000054e+00
1.087500000000000000e+01 1.702695803599999946e+00
1.097499999999999964e+01 1.772955811200000120e+00
1.107499999999999929e+01 1.856426844200000037e+00
1.117500000000000071e+01 1.945310570600000233e+00
1.127500000000000036e+01 2.027905881300000157e+00
1.137500000000000000e+01 2.097007092700000186e+00
1.147499999999999964e+01 2.156232547900000185e+00
1.157499999999999929e+01 2.215475714000000096e+00
1.167500000000000071e+01 2.281673461200000030e+00
1.177500000000000036e+01 2.357850271600000269e+00
1.187500000000000000e+01 2.448160719700000154e+00
1.197499999999999964e+01 2.560234580599999976e+00
1.207000000000000028e+01 2.694866038499999839e+00
1.216999999999999993e+01 2.873562924999999879e+00
1.226999999999999957e+01 3.096666208400000286e+00
1.236999999999999922e+01 3.371215528000000461e+00
1.247000000000000064e+01 3.702930712199999697e+00
1.257000000000000028e+01 4.091399671399999605e+00
1.266999999999999993e+01 4.527854132299999890e+00
1.276999999999999957e+01 5.000196104000000474e+00
1.286999999999999922e+01 5.498769943000000104e+00
1.297000000000000064e+01 6.015345864199999504e+00
1.307000000000000028e+01 6.539545588200000203e+00
1.316999999999999993e+01 7.054560017200000033e+00
1.326999999999999957e+01 7.527427903400000453e+00
1.336999999999999922e+01 7.904549491300000064e+00
1.347000000000000064e+01 8.132145761800000372e+00
1.357000000000000028e+01 8.185719310699999696e+00
1.366999999999999993e+01 8.078777445200000074e+00
1.376999999999999957e+01 7.851295419899999573e+00
1.386999999999999922e+01 7.555341026600000731e+00
1.397000000000000064e+01 7.239918169699999240e+00
1.406499999999999950e+01 6.948081959599999635e+00
1.416499999999999915e+01 6.654206512400000051e+00
1.426500000000000057e+01 6.373260931299999932e+00
1.436500000000000021e+01 6.112749598099999737e+00
1.446499999999999986e+01 5.890600040200000720e+00
1.456499999999999950e+01 5.732140038499999868e+00
1.466499999999999915e+01 5.660018207900000320e+00
1.476500000000000057e+01 5.678991435200000382e+00
1.486500000000000021e+01 5.768593047899999604e+00
1.496499999999999986e+01 5.891578247900000065e+00
1.506499999999999950e+01 6.012927878399999315e+00
1.516499999999999915e+01 6.109496311400000046e+00
1.526500000000000057e+01 6.165072000400000363e+00
1.536500000000000021e+01 6.166875037199999632e+00
1.546499999999999986e+01 6.113477232800000216e+00
1.556499999999999950e+01 6.019133162400000181e+00
1.566499999999999915e+01 5.901398652799999311e+00
1.576500000000000057e+01 5.763311800900000392e+00
1.586500000000000021e+01 5.594328337800000384e+00
1.596499999999999986e+01 5.392051562699999856e+00
1.605999999999999872e+01 5.185497736300000327e+00
1.616000000000000014e+01 4.977164081299999765e+00
1.626000000000000156e+01 4.791202412799999699e+00
1.635999999999999943e+01 4.626737663400000145e+00
1.646000000000000085e+01 4.478156250599999666e+00
1.655999999999999872e+01 4.341630625699999690e+00
1.666000000000000014e+01 4.214708554700000498e+00
1.676000000000000156e+01 4.096098355899999710e+00
1.685999999999999943e+01 3.986338749400000214e+00
1.696000000000000085e+01 3.885881602700000048e+00
1.705999999999999872e+01 3.794311166299999982e+00
1.716000000000000014e+01 3.714474742500000204e+00
1.726000000000000156e+01 3.653510166399999815e+00
1.735999999999999943e+01 3.617008083800000051e+00
1.746000000000000085e+01 3.604662309800000131e+00
1.755999999999999872e+01 3.609892621200000207e+00
1.766000000000000014e+01 3.621933643000000203e+00
1.776000000000000156e+01 3.630744301000000007e+00
1.785999999999999943e+01 3.630287364800000027e+00
1.796000000000000085e+01 3.618400628000000285e+00
1.805499999999999972e+01 3.600558333099999953e+00
1.815500000000000114e+01 3.588158460000000272e+00
1.825499999999999901e+01 3.600308045000000234e+00
1.835500000000000043e+01 3.651176702000000329e+00
1.845499999999999829e+01 3.743851046999999710e+00
1.855499999999999972e+01 3.866394839699999864e+00
1.865500000000000114e+01 3.994970364499999871e+00
1.875499999999999901e+01 4.109231814300000174e+00
1.885500000000000043e+01 4.210250996400000112e+00
1.895499999999999829e+01 4.318213315000000385e+00
1.905499999999999972e+01 4.449347245200000245e+00
1.915500000000000114e+01 4.596222697600000018e+00
1.925499999999999901e+01 4.727121022499999548e+00
1.935500000000000043e+01 4.806847391199999819e+00
1.945499999999999829e+01 4.821452037900000320e+00
1.955499999999999972e+01 4.775381503699999364e+00
1.965500000000000114e+01 4.669390546399999842e+00
1.975499999999999901e+01 4.495565137200000727e+00
1.985500000000000043e+01 4.252884357600000165e+00
1.995499999999999829e+01 3.959549638699999985e+00
2.005000000000000071e+01 3.662275724799999743e+00
2.014999999999999858e+01 3.356994193100000246e+00
2.025000000000000000e+01 3.075033599499999770e+00
2.035000000000000142e+01 2.820484109100000136e+00
2.044999999999999929e+01 2.592317813599999798e+00
2.055000000000000071e+01 2.388172008300000204e+00
2.064999999999999858e+01 2.204156964000000052e+00
2.075000000000000000e+01 2.035840609200000095e+00
2.085000000000000142e+01 1.880999604499999922e+00
2.094999999999999929e+01 1.740776336399999957e+00
2.105000000000000071e+01 1.617772060700000125e+00
2.114999999999999858e+01 1.513172243900000158e+00
2.125000000000000000e+01 1.425155217499999960e+00
2.135000000000000142e+01 1.349362088099999912e+00
2.144999999999999929e+01 1.281022775100000066e+00
2.155000000000000071e+01 1.217211579500000029e+00
2.164999999999999858e+01 1.157486793699999961e+00
2.175000000000000000e+01 1.102488501699999901e+00
2.185000000000000142e+01 1.052012232500000088e+00
2.194999999999999929e+01 1.004622074100000040e+00
2.204500000000000171e+01 9.614820975000000214e-01
2.214499999999999957e+01 9.189435315000000770e-01
2.224500000000000099e+01 8.814155947999999796e-01
2.234499999999999886e+01 8.498709761999999612e-01
2.244500000000000028e+01 8.230724890999999710e-01
2.254500000000000171e+01 7.984405285000000241e-01
2.264499999999999957e+01 7.735631461000000986e-01
2.274500000000000099e+01 7.470477168000000390e-01
2.284499999999999886e+01 7.185007072000000328e-01
2.294500000000000028e+01 6.882258066999999979e-01
2.304500000000000171e+01 6.571508007999999901e-01
2.314499999999999957e+01 6.267026179000000363e-01
2.324500000000000099e+01 5.984434693000000305e-01
2.334499999999999886e+01 5.736458866999999406e-01
2.344500000000000028e+01 5.530043922999999806e-01
2.354500000000000171e+01 5.365046695999999837e-01
2.364499999999999957e+01 5.233762015999999795e-01
2.374500000000000099e+01 5.121766695999999675e-01
2.384499999999999886e+01 5.011799076999999825e-01
2.394500000000000028e+01 4.890375632999999778e-01
2.403999999999999915e+01 4.760441278000000498e-01
2.414000000000000057e+01 4.613274890999999878e-01
2.423999999999999844e+01 4.464055158999999939e-01
2.433999999999999986e+01 4.317224630000000007e-01
2.444000000000000128e+01 4.170506380000000290e-01
2.453999999999999915e+01 4.019586470000000022e-01
2.464000000000000057e+01 3.863346745999999832e-01
2.473999999999999844e+01 3.705792056000000168e-01
2.483999999999999986e+01 3.554055049000000022e-01
2.494000000000000128e+01 3.414187872999999707e-01
2.503999999999999915e+01 3.288110360000000010e-01
2.514000000000000057e+01 3.173976015000000150e-01
2.523999999999999844e+01 3.069323871999999898e-01
2.533999999999999986e+01 2.973333482000000139e-01
2.544000000000000128e+01 2.886187988000000204e-01
2.553999999999999915e+01 2.807776288000000120e-01
2.564000000000000057e+01 2.737378997999999619e-01
2.573999999999999844e+01 2.674264618000000149e-01
2.583999999999999986e+01 2.619038115999999805e-01
2.594000000000000128e+01 2.574581374000000089e-01
2.603500000000000014e+01 2.546266656000000239e-01
2.613500000000000156e+01 2.534939794999999663e-01
2.623499999999999943e+01 2.544246696999999946e-01
2.633500000000000085e+01 2.571604939999999617e-01
2.643499999999999872e+01 2.608897820000000145e-01
2.653500000000000014e+01 2.644171692000000240e-01
2.663500000000000156e+01 2.666143404999999911e-01
2.673499999999999943e+01 2.669113379999999980e-01
2.683500000000000085e+01 2.654946704000000213e-01
2.693499999999999872e+01 2.630276763999999656e-01
2.703500000000000014e+01 2.600453238000000056e-01
2.713500000000000156e+01 2.566463109000000076e-01
2.723499999999999943e+01 2.528248775999999975e-01
2.733500000000000085e+01 2.489240487000000113e-01
2.743499999999999872e+01 2.455263505999999984e-01
2.753500000000000014e+01 2.430503405999999977e-01
2.763500000000000156e+01 2.416376927999999980e-01
2.773499999999999943e+01 2.412841385999999755e-01
2.783500000000000085e+01 2.417787634999999935e-01
2.793499999999999872e+01 2.425390752999999899e-01
2.803000000000000114e+01 2.429016056000000146e-01
2.812999999999999901e+01 2.427512817000000156e-01
2.823000000000000043e+01 2.424617114000000018e-01
2.832999999999999829e+01 2.424109067999999922e-01
2.842999999999999972e+01 2.423645634999999909e-01
2.853000000000000114e+01 2.415512249000000278e-01
2.862999999999999901e+01 2.392217267000000258e-01
2.873000000000000043e+01 2.350954024999999947e-01
2.882999999999999829e+01 2.295017601000000074e-01
2.892999999999999972e+01 2.232424326999999931e-01
2.903000000000000114e+01 2.172126290999999987e-01
2.912999999999999901e+01 2.120641355000000006e-01
2.923000000000000043e+01 2.079900499000000014e-01
2.932999999999999829e+01 2.047670835999999828e-01
2.942999999999999972e+01 2.019855079999999803e-01
2.953000000000000114e+01 1.992784072999999878e-01
2.962999999999999901e+01 1.964853756999999923e-01
2.973000000000000043e+01 1.936990712999999975e-01
2.982999999999999829e+01 1.910819740999999961e-01
2.992999999999999972e+01 1.886198592999999979e-01
3.002499999999999858e+01 1.862493678000000097e-01
3.012500000000000000e+01 1.835781833000000030e-01
3.022500000000000142e+01 1.807829274999999958e-01
3.032499999999999929e+01 1.780334236999999986e-01
3.042500000000000071e+01 1.754978039999999795e-01
3.052499999999999858e+01 1.733750282000000031e-01
3.062500000000000000e+01 1.718552231999999902e-01
3.072500000000000142e+01 1.708762393999999907e-01
3.082499999999999929e+01 1.699017382000000131e-01
3.092500000000000071e+01 1.680357101999999936e-01
3.102499999999999858e+01 1.645395651000000070e-01
3.112500000000000000e+01 1.592918755000000131e-01
3.122500000000000142e+01 1.527765445000000000e-01
3.132499999999999929e+01 1.456870093999999838e-01
3.142500000000000071e+01 1.385538390999999925e-01
3.152499999999999858e+01 1.316990959999999877e-01
3.162500000000000000e+01 1.253532085999999879e-01
3.172500000000000142e+01 1.196800161000000084e-01
3.182499999999999929e+01 1.147581188000000030e-01
3.192500000000000071e+01 1.105925688999999934e-01
3.202000000000000313e+01 1.073124433000000044e-01
3.211999999999999744e+01 1.045457451999999982e-01
3.221999999999999886e+01 1.024302772000000028e-01
3.232000000000000028e+01 1.008551651000000049e-01
3.242000000000000171e+01 9.967713770000000140e-02
3.252000000000000313e+01 9.877076969999999678e-02
3.261999999999999744e+01 9.802151700000000245e-02
3.271999999999999886e+01 9.731069559999999674e-02
3.282000000000000028e+01 9.655475480000000332e-02
3.292000000000000171e+01 9.573874679999999637e-02
3.302000000000000313e+01 9.487243859999999751e-02
3.311999999999999744e+01 9.392521069999999750e-02
3.321999999999999886e+01 9.284855799999999770e-02
3.332000000000000028e+01 9.164453870000000002e-02
3.342000000000000171e+01 9.036597500000000116e-02
3.352000000000000313e+01 8.907523370000000607e-02
3.361999999999999744e+01 8.783631769999999950e-02
3.371999999999999886e+01 8.671610609999999553e-02
3.382000000000000028e+01 8.578103959999999750e-02
3.392000000000000171e+01 8.510336579999999707e-02
3.401500000000000057e+01 8.476061470000000042e-02
3.411500000000000199e+01 8.474619320000000011e-02
3.421500000000000341e+01 8.503632159999999218e-02
3.431499999999999773e+01 8.546299150000000178e-02
3.441499999999999915e+01 8.577505209999999880e-02
3.451500000000000057e+01 8.575702100000000272e-02
3.461500000000000199e+01 8.534604299999999644e-02
3.471500000000000341e+01 8.465366670000000482e-02
3.481499999999999773e+01 8.387265350000000508e-02
3.491499999999999915e+01 8.313967250000001141e-02
3.501500000000000057e+01 8.245283740000000638e-02
3.511500000000000199e+01 8.170553280000000806e-02
3.521500000000000341e+01 8.082467479999999593e-02
3.531499999999999773e+01 7.987519519999999873e-02
3.541499999999999915e+01 7.900603840000000599e-02
3.551500000000000057e+01 7.829212110000000058e-02
3.561500000000000199e+01 7.770120689999999997e-02
3.571500000000000341e+01 7.719339859999999054e-02
3.581499999999999773e+01 7.677154080000000991e-02
3.591499999999999915e+01 7.642354040000000348e-02
3.600999999999999801e+01 7.607179580000000829e-02
3.610999999999999943e+01 7.550563560000000951e-02
3.621000000000000085e+01 7.459073320000000895e-02
3.631000000000000227e+01 7.332760330000000215e-02
3.640999999999999659e+01 7.183044639999999759e-02
3.650999999999999801e+01 7.022127860000000610e-02
3.660999999999999943e+01 6.861672829999999890e-02
3.671000000000000085e+01 6.714102140000000052e-02
3.681000000000000227e+01 6.588521090000000469e-02
3.690999999999999659e+01 6.486942939999999769e-02
3.700999999999999801e+01 6.406919710000000268e-02
3.710999999999999943e+01 6.346910229999999653e-02
3.721000000000000085e+01 6.306900099999999953e-02
3.731000000000000227e+01 6.282419300000000040e-02
3.740999999999999659e+01 6.260760960000000264e-02
3.750999999999999801e+01 6.226153339999999925e-02
3.760999999999999943e+01 6.169494370000000449e-02
3.771000000000000085e+01 6.093149000000000481e-02
3.781000000000000227e+01 6.005322460000000334e-02
3.790999999999999659e+01 5.909946480000000113e-02
3.800500000000000256e+01 5.810320740000000234e-02
3.810499999999999687e+01 5.695562020000000114e-02
3.820499999999999829e+01 5.577798850000000030e-02
3.830499999999999972e+01 5.467135600000000428e-02
3.840500000000000114e+01 5.368531170000000186e-02
3.850500000000000256e+01 5.279563679999999676e-02
3.860499999999999687e+01 5.193718960000000273e-02
3.870499999999999829e+01 5.104055359999999653e-02
3.880499999999999972e+01 5.004294639999999628e-02
3.890500000000000114e+01 4.890886490000000142e-02
3.900500000000000256e+01 4.766799000000000036e-02
3.910499999999999687e+01 4.640592620000000279e-02
3.920499999999999829e+01 4.520829219999999982e-02
3.930499999999999972e+01 4.412541240000000115e-02
3.940500000000000114e+01 4.317873309999999826e-02
3.950500000000000256e+01 4.238439819999999941e-02
3.960499999999999687e+01 4.175701710000000177e-02
3.970499999999999829e+01 4.128848509999999417e-02
3.980499999999999972e+01 4.093648249999999600e-02
3.990500000000000114e+01 4.064553490000000213e-02
