1.000000000000000056e-01 1.512688629999999965e-02
2.000000000000000111e-01 2.172524590000000227e-02
2.999999999999999889e-01 2.487723489999999968e-02
4.000000000000000222e-01 2.722370669999999923e-02
5.000000000000000000e-01 2.905465850000000030e-02
5.999999999999999778e-01 3.030915020000000265e-02
6.999999999999999556e-01 3.120693530000000215e-02
8.000000000000000444e-01 3.214653600000000333e-02
9.000000000000000222e-01 3.343550649999999652e-02
1.000000000000000000e+00 3.523004509999999589e-02
1.100000000000000089e+00 3.758041060000000266e-02
1.199999999999999956e+00 4.050299370000000343e-02
1.300000000000000044e+00 4.401181149999999764e-02
1.399999999999999911e+00 4.813042589999999565e-02
1.500000000000000000e+00 5.287909539999999936e-02
1.600000000000000089e+00 5.824234849999999908e-02
1.699999999999999956e+00 6.412152730000000855e-02
1.800000000000000044e+00 7.033129650000000122e-02
1.899999999999999911e+00 7.673520970000000108e-02
2.000000000000000000e+00 8.341505879999999706e-02
2.095000000000000195e+00 9.026250850000000492e-02
2.194999999999999840e+00 9.817091799999999591e-02
2.294999999999999929e+00 1.066587162000000033e-01
2.395000000000000018e+00 1.153200397999999960e-01
2.495000000000000107e+00 1.238339618999999975e-01
2.595000000000000195e+00 1.323177798000000072e-01
2.694999999999999840e+00 1.412168577000000036e-01
2.794999999999999929e+00 1.507845280999999815e-01
2.895000000000000018e+00 1.608232477000000049e-01
2.995000000000000107e+00 1.708955114999999858e-01
3.095000000000000195e+00 1.807939809999999925e-01
3.194999999999999840e+00 1.909370860999999864e-01
3.294999999999999929e+00 2.023870433000000135e-01
3.395000000000000018e+00 2.163284400000000107e-01
3.495000000000000107e+00 2.334815667999999844e-01
3.595000000000000195e+00 2.537600734000000080e-01
3.694999999999999840e+00 2.761598033000000063e-01
3.794999999999999929e+00 2.987125939999999980e-01
3.895000000000000018e+00 3.189056177999999853e-01
3.995000000000000107e+00 3.345740130000000034e-01
4.089999999999999858e+00 3.443460288999999896e-01
4.190000000000000391e+00 3.499487333999999894e-01
4.290000000000000036e+00 3.532798923000000091e-01
4.389999999999999680e+00 3.579593031000000147e-01
4.490000000000000213e+00 3.674204288000000318e-01
4.589999999999999858e+00 3.842192346000000147e-01
4.690000000000000391e+00 4.100147210000000264e-01
4.790000000000000036e+00 4.457662143999999715e-01
4.889999999999999680e+00 4.915790838999999912e-01
4.990000000000000213e+00 5.461807964000000570e-01
5.089999999999999858e+00 6.066532866999999607e-01
5.190000000000000391e+00 6.689707827999999967e-01
5.290000000000000036e+00 7.287324057999999827e-01
5.389999999999999680e+00 7.815596745999999762e-01
5.490000000000000213e+00 8.239444974000000865e-01
5.589999999999999858e+00 8.541597212000000550e-01
5.690000000000000391e+00 8.727615642999999590e-01
5.790000000000000036e+00 8.827223569000000047e-01
5.889999999999999680e+00 8.887299873000000794e-01
5.990000000000000213e+00 8.959934252999999238e-01
6.084999999999999964e+00 9.079024460000000296e-01
6.184999999999999609e+00 9.272084471999999522e-01
6.285000000000000142e+00 9.528382231999998897e-01
6.384999999999999787e+00 9.849056217000000668e-01
6.485000000000000320e+00 1.025006227800000058e+00
6.584999999999999964e+00 1.073094326000000098e+00
6.684999999999999609e+00 1.125131348400000064e+00
6.785000000000000142e+00 1.175262265800000039e+00
6.884999999999999787e+00 1.220323764099999986e+00
6.985000000000000320e+00 1.262331339900000016e+00
7.084999999999999964e+00 1.307746869400000067e+00
7.184999999999999609e+00 1.363264366999999977e+00
7.285000000000000142e+00 1.429846276599999966e+00
7.384999999999999787e+00 1.500169150700000120e+00
7.485000000000000320e+00 1.561730353299999985e+00
7.584999999999999964e+00 1.602204909599999949e+00
7.684999999999999609e+00 1.614412113900000056e+00
7.785000000000000142e+00 1.599171151899999810e+00
7.884999999999999787e+00 1.563553183200000030e+00
7.985000000000000320e+00 1.516185890200000053e+00
8.080000000000000071e+00 1.467084889300000139e+00
8.179999999999999716e+00 1.417058983100000003e+00
8.279999999999999361e+00 1.374062285699999997e+00
8.380000000000000782e+00 1.342550395299999977e+00
8.480000000000000426e+00 1.325691842099999906e+00
8.580000000000000071e+00 1.325069011400000107e+00
8.679999999999999716e+00 1.340573232999999975e+00
8.779999999999999361e+00 1.370043674300000180e+00
8.880000000000000782e+00 1.409646719099999945e+00
8.980000000000000426e+00 1.455338827999999918e+00
9.080000000000000071e+00 1.505035191800000005e+00
9.179999999999999716e+00 1.559747358500000125e+00
9.279999999999999361e+00 1.620887748899999981e+00
9.380000000000000782e+00 1.685605174500000025e+00
9.480000000000000426e+00 1.745109638999999824e+00
9.580000000000000071e+00 1.787824038200000132e+00
9.679999999999999716e+00 1.806893515100000069e+00
9.779999999999999361e+00 1.805113972200000028e+00
9.880000000000000782e+00 1.791599719099999932e+00
9.980000000000000426e+00 1.774292523000000177e+00
1.007499999999999929e+01 1.757740231400000130e+00
1.017500000000000071e+01 1.742500283600000088e+00
1.027500000000000036e+01 1.733517483299999995e+00
1.037500000000000000e+01 1.736232169400000025e+00
1.047499999999999964e+01 1.754338012899999910e+00
1.057499999999999929e+01 1.787559169799999959e+00
1.067500000000000071e+01 1.833091023199999947e+00
1.077500000000000036e+01 1.888748547200000072e+00
1.087500000000000000e+01 1.953279994899999927e+00
1.097499999999999964e+01 2.023464911999999671e+00
1.107499999999999929e+01 2.091998711400000044e+00
1.117500000000000071e+01 2.150669728300000028e+00
1.127500000000000036e+01 2.196877813900000032e+00
1.137500000000000000e+01 2.236005787299999881e+00
1.147499999999999964e+01 2.275576503799999983e+00
1.157499999999999929e+01 2.316135611200000000e+00
1.167500000000000071e+01 2.348254374599999750e+00
1.177500000000000036e+01 2.359353321900000022e+00
1.187500000000000000e+01 2.344053478200000207e+00
1.197499999999999964e+01 2.307563426699999809e+00
1.207000000000000028e+01 2.264379929700000016e+00
1.216999999999999993e+01 2.223676906499999717e+00
1.226999999999999957e+01 2.200241722999999983e+00
1.236999999999999922e+01 2.204165921600000022e+00
1.247000000000000064e+01 2.242944297199999770e+00
1.257000000000000028e+01 2.319515547099999964e+00
1.266999999999999993e+01 2.430826372500000332e+00
1.276999999999999957e+01 2.570425854399999821e+00
1.286999999999999922e+01 2.733077707999999717e+00
1.297000000000000064e+01 2.916224794399999709e+00
1.307000000000000028e+01 3.116964872600000103e+00
1.316999999999999993e+01 3.329178290299999787e+00
1.326999999999999957e+01 3.543617570300000352e+00
1.336999999999999922e+01 3.752386625999999836e+00
1.347000000000000064e+01 3.951646025899999692e+00
1.357000000000000028e+01 4.135312025099999289e+00
1.366999999999999993e+01 4.288140916299999716e+00
1.376999999999999957e+01 4.391103282599999602e+00
1.386999999999999922e+01 4.435026538799999862e+00
1.397000000000000064e+01 4.427945570700000388e+00
1.406499999999999950e+01 4.392252143700000389e+00
1.416499999999999915e+01 4.344495620700000060e+00
1.426500000000000057e+01 4.301568366199999716e+00
1.436500000000000021e+01 4.274340697499999564e+00
1.446499999999999986e+01 4.270474210199999732e+00
1.456499999999999950e+01 4.290473513900000313e+00
1.466499999999999915e+01 4.323809438899999691e+00
1.476500000000000057e+01 4.352567906099999995e+00
1.486500000000000021e+01 4.360718070599999940e+00
1.496499999999999986e+01 4.339755552499999780e+00
1.506499999999999950e+01 4.290200966500000490e+00
1.516499999999999915e+01 4.219789010799999573e+00
1.526500000000000057e+01 4.137141267000000511e+00
1.536500000000000021e+01 4.048536703599999953e+00
1.546499999999999986e+01 3.961896217400000086e+00
1.556499999999999950e+01 3.889698624899999846e+00
1.566499999999999915e+01 3.845746100200000406e+00
1.576500000000000057e+01 3.838232657599999875e+00
1.586500000000000021e+01 3.864988681399999848e+00
1.596499999999999986e+01 3.917502848999999898e+00
1.605999999999999872e+01 3.986665761000000252e+00
1.616000000000000014e+01 4.082224708500000077e+00
1.626000000000000156e+01 4.204271542999999944e+00
1.635999999999999943e+01 4.345326674000000722e+00
1.646000000000000085e+01 4.480214325599999547e+00
1.655999999999999872e+01 4.572533360000000435e+00
1.666000000000000014e+01 4.596670345499999755e+00
1.676000000000000156e+01 4.557130886799999558e+00
1.685999999999999943e+01 4.483120750499999474e+00
1.696000000000000085e+01 4.407245881199999715e+00
1.705999999999999872e+01 4.349792163700000103e+00
1.716000000000000014e+01 4.314283550299999881e+00
1.726000000000000156e+01 4.289629537699999773e+00
1.735999999999999943e+01 4.258563766900000047e+00
1.746000000000000085e+01 4.209297429900000331e+00
1.755999999999999872e+01 4.142804372900000587e+00
1.766000000000000014e+01 4.069350170899999952e+00
1.776000000000000156e+01 3.997911470000000023e+00
1.785999999999999943e+01 3.932961299700000080e+00
1.796000000000000085e+01 3.878213206299999882e+00
1.805499999999999972e+01 3.838415613299999585e+00
1.815500000000000114e+01 3.809950563600000173e+00
1.825499999999999901e+01 3.795170826200000125e+00
1.835500000000000043e+01 3.793555010600000443e+00
1.845499999999999829e+01 3.800007085699999898e+00
1.855499999999999972e+01 3.803606025400000146e+00
1.865500000000000114e+01 3.792076814700000131e+00
1.875499999999999901e+01 3.756062217799999825e+00
1.885500000000000043e+01 3.690225118599999909e+00
1.895499999999999829e+01 3.594758619799999888e+00
1.905499999999999972e+01 3.478789034500000099e+00
1.915500000000000114e+01 3.359978263200000370e+00
1.925499999999999901e+01 3.257729764600000077e+00
1.935500000000000043e+01 3.185991762100000013e+00
1.945499999999999829e+01 3.150217227000000175e+00
1.955499999999999972e+01 3.147524232499999908e+00
1.965500000000000114e+01 3.168993574499999966e+00
1.975499999999999901e+01 3.202596398300000313e+00
1.985500000000000043e+01 3.232824984100000076e+00
1.995499999999999829e+01 3.239013276399999697e+00
2.005000000000000071e+01 3.202674870899999693e+00
2.014999999999999858e+01 3.108363518700000050e+00
2.025000000000000000e+01 2.963267115499999882e+00
2.035000000000000142e+01 2.789501250700000323e+00
2.044999999999999929e+01 2.611313828600000164e+00
2.055000000000000071e+01 2.444175508399999863e+00
2.064999999999999858e+01 2.291976865300000110e+00
2.075000000000000000e+01 2.150719245999999973e+00
2.085000000000000142e+01 2.015988241900000144e+00
2.094999999999999929e+01 1.887979145100000089e+00
2.105000000000000071e+01 1.770691231299999835e+00
2.114999999999999858e+01 1.668685817899999924e+00
2.125000000000000000e+01 1.584281170800000194e+00
2.135000000000000142e+01 1.516443092100000056e+00
2.144999999999999929e+01 1.462022613300000051e+00
2.155000000000000071e+01 1.417249867500000038e+00
2.164999999999999858e+01 1.377615245099999886e+00
2.175000000000000000e+01 1.337986636500000159e+00
2.185000000000000142e+01 1.294494458900000033e+00
2.194999999999999929e+01 1.246034911700000025e+00
2.204500000000000171e+01 1.196381087300000035e+00
2.214499999999999957e+01 1.142585313100000111e+00
2.224500000000000099e+01 1.090338075400000051e+00
2.234499999999999886e+01 1.042445650999999973e+00
2.244500000000000028e+01 9.998067603999999386e-01
2.254500000000000171e+01 9.611535195000000531e-01
2.264499999999999957e+01 9.244658574999999878e-01
2.274500000000000099e+01 8.886282843999999681e-01
2.284499999999999886e+01 8.541254254000000268e-01
2.294500000000000028e+01 8.227479881999999467e-01
2.304500000000000171e+01 7.964553239000000673e-01
2.314499999999999957e+01 7.762566153000000080e-01
2.324500000000000099e+01 7.617890217000000685e-01
2.334499999999999886e+01 7.515914167999999673e-01
2.344500000000000028e+01 7.439137054000000138e-01
2.354500000000000171e+01 7.376497618000000811e-01
2.364499999999999957e+01 7.321990399000000149e-01
2.374500000000000099e+01 7.265516884999999592e-01
2.384499999999999886e+01 7.194205205000000491e-01
2.394500000000000028e+01 7.104945272999999561e-01
2.403999999999999915e+01 7.012935058000000499e-01
2.414000000000000057e+01 6.920812737999999520e-01
2.423999999999999844e+01 6.838751741999999911e-01
2.433999999999999986e+01 6.763644984999999110e-01
2.444000000000000128e+01 6.690089303999999792e-01
2.453999999999999915e+01 6.615342888999999893e-01
2.464000000000000057e+01 6.536787091000000327e-01
2.473999999999999844e+01 6.447818867999999259e-01
2.483999999999999986e+01 6.341666757999999682e-01
2.494000000000000128e+01 6.221547759000000122e-01
2.503999999999999915e+01 6.106227727999999910e-01
2.514000000000000057e+01 6.022845865999999493e-01
2.523999999999999844e+01 5.991659893999999875e-01
2.533999999999999986e+01 6.015971474000000319e-01
2.544000000000000128e+01 6.083112526000000742e-01
2.553999999999999915e+01 6.173926148999999697e-01
2.564000000000000057e+01 6.274193929000000391e-01
2.573999999999999844e+01 6.380362696999999361e-01
2.583999999999999986e+01 6.493592937000000065e-01
2.594000000000000128e+01 6.607683814000000488e-01
2.603500000000000014e+01 6.702651948000000193e-01
2.613500000000000156e+01 6.774603217999999316e-01
2.623499999999999943e+01 6.815204762000000027e-01
2.633500000000000085e+01 6.830239765000000185e-01
2.643499999999999872e+01 6.824202052999999157e-01
2.653500000000000014e+01 6.795629815000000518e-01
2.663500000000000156e+01 6.740617458000000006e-01
2.673499999999999943e+01 6.657012117000000728e-01
2.683500000000000085e+01 6.547986720000000815e-01
2.693499999999999872e+01 6.424295827000000569e-01
2.703500000000000014e+01 6.301357444999999835e-01
2.713500000000000156e+01 6.191000060000000360e-01
2.723499999999999943e+01 6.100807019999999747e-01
2.733500000000000085e+01 6.041098275000000850e-01
2.743499999999999872e+01 6.024418503999999785e-01
2.753500000000000014e+01 6.057598413000000459e-01
2.763500000000000156e+01 6.135205414000000079e-01
2.773499999999999943e+01 6.234009983999999616e-01
2.783500000000000085e+01 6.308811333000000632e-01
2.793499999999999872e+01 6.302885254999999187e-01
2.803000000000000114e+01 6.187753984000000651e-01
2.812999999999999901e+01 5.954465855999999668e-01
2.823000000000000043e+01 5.641170121000000925e-01
2.832999999999999829e+01 5.290663878000000375e-01
2.842999999999999972e+01 4.937191032999999618e-01
2.853000000000000114e+01 4.601461118999999877e-01
2.862999999999999901e+01 4.291528732000000068e-01
2.873000000000000043e+01 4.009143357000000130e-01
2.882999999999999829e+01 3.757180357000000082e-01
2.892999999999999972e+01 3.541040395999999757e-01
2.903000000000000114e+01 3.364882617000000131e-01
2.912999999999999901e+01 3.228853670000000342e-01
2.923000000000000043e+01 3.129429793000000348e-01
2.932999999999999829e+01 3.062095640999999979e-01
2.942999999999999972e+01 3.023656983999999937e-01
2.953000000000000114e+01 3.012284698000000094e-01
2.962999999999999901e+01 3.026034955999999942e-01
2.973000000000000043e+01 3.060787774000000017e-01
2.982999999999999829e+01 3.107502536000000259e-01
2.992999999999999972e+01 3.151056210999999552e-01
3.002499999999999858e+01 3.174338166000000294e-01
3.012500000000000000e+01 3.169919795000000207e-01
3.022500000000000142e+01 3.135590250999999995e-01
3.032499999999999929e+01 3.078236120999999770e-01
3.042500000000000071e+01 3.006974869999999855e-01
3.052499999999999858e+01 2.929852011000000367e-01
3.062500000000000000e+01 2.853416853000000364e-01
3.072500000000000142e+01 2.784178730999999907e-01
3.082499999999999929e+01 2.728025205999999869e-01
3.092500000000000071e+01 2.688778713000000153e-01
3.102499999999999858e+01 2.666861776999999711e-01
3.112500000000000000e+01 2.657955399999999968e-01
3.122500000000000142e+01 2.654305798000000105e-01
3.132499999999999929e+01 2.649375610999999964e-01
3.142500000000000071e+01 2.641169413000000188e-01
3.152499999999999858e+01 2.630260416999999906e-01
3.162500000000000000e+01 2.614814549000000210e-01
3.172500000000000142e+01 2.587240989000000324e-01
3.182499999999999929e+01 2.535752279999999859e-01
3.192500000000000071e+01 2.451538997000000109e-01
3.202000000000000313e+01 2.343076218999999849e-01
3.211999999999999744e+01 2.211298235999999973e-01
3.221999999999999886e+01 2.077903668999999953e-01
3.232000000000000028e+01 1.956237700999999829e-01
3.242000000000000171e+01 1.853038585000000016e-01
3.252000000000000313e+01 1.768394882000000057e-01
3.261999999999999744e+01 1.698039051999999938e-01
3.271999999999999886e+01 1.636892077000000056e-01
3.282000000000000028e+01 1.581761985999999842e-01
3.292000000000000171e+01 1.531747196000000089e-01
3.302000000000000313e+01 1.487251179000000090e-01
3.311999999999999744e+01 1.448888514999999988e-01
3.321999999999999886e+01 1.416785626000000020e-01
3.332000000000000028e+01 1.390462802000000109e-01
3.342000000000000171e+01 1.369438822000000056e-01
3.352000000000000313e+01 1.353643676999999879e-01
3.361999999999999744e+01 1.342970532000000161e-01
3.371999999999999886e+01 1.336818444999999800e-01
3.382000000000000028e+01 1.334257952000000025e-01
3.392000000000000171e+01 1.334455425999999945e-01
3.401500000000000057e+01 1.336737215999999895e-01
3.411500000000000199e+01 1.340977959999999913e-01
3.421500000000000341e+01 1.346446775000000040e-01
3.431499999999999773e+01 1.352299970999999990e-01
3.441499999999999915e+01 1.357915984999999992e-01
3.451500000000000057e+01 1.362455909999999992e-01
3.461500000000000199e+01 1.363964651000000028e-01
3.471500000000000341e+01 1.359552236999999886e-01
3.481499999999999773e+01 1.347198860999999914e-01
3.491499999999999915e+01 1.327614470000000046e-01
3.501500000000000057e+01 1.304288859000000134e-01
3.511500000000000199e+01 1.281337667999999930e-01
3.521500000000000341e+01 1.261363773999999993e-01
3.531499999999999773e+01 1.245163398999999949e-01
3.541499999999999915e+01 1.232708118999999991e-01
3.551500000000000057e+01 1.223434579999999883e-01
3.561500000000000199e+01 1.216134878999999974e-01
3.571500000000000341e+01 1.209252382000000070e-01
3.581499999999999773e+01 1.200691182999999995e-01
3.591499999999999915e+01 1.187483797000000035e-01
3.600999999999999801e+01 1.167286435000000067e-01
3.610999999999999943e+01 1.134805156999999926e-01
3.621000000000000085e+01 1.090597957999999978e-01
3.631000000000000227e+01 1.038874286999999924e-01
3.640999999999999659e+01 9.859213680000000757e-02
3.650999999999999801e+01 9.363517899999999894e-02
3.660999999999999943e+01 8.920539450000000703e-02
3.671000000000000085e+01 8.534725530000000782e-02
3.681000000000000227e+01 8.207733070000000630e-02
3.690999999999999659e+01 7.938865790000000644e-02
3.700999999999999801e+01 7.722003080000000574e-02
3.710999999999999943e+01 7.547941080000000746e-02
3.721000000000000085e+01 7.408855510000000866e-02
3.731000000000000227e+01 7.299439019999999501e-02
3.740999999999999659e+01 7.214879259999999739e-02
3.750999999999999801e+01 7.149721069999999401e-02
3.760999999999999943e+01 7.099372560000000165e-02
3.771000000000000085e+01 7.061371720000000907e-02
3.781000000000000227e+01 7.035431229999999925e-02
3.790999999999999659e+01 7.024827299999999997e-02
3.800500000000000256e+01 7.034802689999999914e-02
3.810499999999999687e+01 7.068442789999999920e-02
3.820499999999999829e+01 7.117057809999999263e-02
3.830499999999999972e+01 7.165221850000000337e-02
3.840500000000000114e+01 7.198041080000000536e-02
3.850500000000000256e+01 7.199014150000000722e-02
3.860499999999999687e+01 7.148140310000000719e-02
3.870499999999999829e+01 7.035325039999999752e-02
3.880499999999999972e+01 6.874986480000000455e-02
3.890500000000000114e+01 6.698108190000000295e-02
3.900500000000000256e+01 6.531736090000000994e-02
3.910499999999999687e+01 6.389037259999999496e-02
3.920499999999999829e+01 6.270863629999999522e-02
3.930499999999999972e+01 6.170657229999999827e-02
3.940500000000000114e+01 6.080187349999999907e-02
3.950500000000000256e+01 5.995520719999999915e-02
3.960499999999999687e+01 5.919105699999999831e-02
3.970499999999999829e+01 5.856106720000000404e-02
3.980499999999999972e+01 5.810363849999999886e-02
3.990500000000000114e+01 5.784063100000000346e-02
