1.000000000000000056e-01 1.395485930000000055e-02
2.000000000000000111e-01 1.317381219999999922e-02
2.999999999999999889e-01 1.350163239999999966e-02
4.000000000000000222e-01 1.443010429999999969e-02
5.000000000000000000e-01 1.533810619999999986e-02
5.999999999999999778e-01 1.600539730000000160e-02
6.999999999999999556e-01 1.651581319999999992e-02
8.000000000000000444e-01 1.705524159999999984e-02
9.000000000000000222e-01 1.775986530000000022e-02
1.000000000000000000e+00 1.868852800000000286e-02
1.100000000000000089e+00 1.985161969999999984e-02
1.199999999999999956e+00 2.124268619999999941e-02
1.300000000000000044e+00 2.285444360000000313e-02
1.399999999999999911e+00 2.468665880000000049e-02
1.500000000000000000e+00 2.673759779999999864e-02
1.600000000000000089e+00 2.900008529999999890e-02
1.699999999999999956e+00 3.142929340000000238e-02
1.800000000000000044e+00 3.393599590000000166e-02
1.899999999999999911e+00 3.640083479999999677e-02
2.000000000000000000e+00 3.876315550000000026e-02
2.095000000000000195e+00 4.097723109999999724e-02
2.194999999999999840e+00 4.344111429999999996e-02
2.294999999999999929e+00 4.620470490000000430e-02
2.395000000000000018e+00 4.936941329999999795e-02
2.495000000000000107e+00 5.295265040000000228e-02
2.595000000000000195e+00 5.690774819999999679e-02
2.694999999999999840e+00 6.115275070000000118e-02
2.794999999999999929e+00 6.561804760000000680e-02
2.895000000000000018e+00 7.029717750000000209e-02
2.995000000000000107e+00 7.522076399999999552e-02
3.095000000000000195e+00 8.035562899999999786e-02
3.194999999999999840e+00 8.558951349999999181e-02
3.294999999999999929e+00 9.088208559999999547e-02
3.395000000000000018e+00 9.642803820000001025e-02
3.495000000000000107e+00 1.026330628000000078e-01
3.595000000000000195e+00 1.099216984999999980e-01
3.694999999999999840e+00 1.185018607000000168e-01
3.794999999999999929e+00 1.281527721000000064e-01
3.895000000000000018e+00 1.381687882000000034e-01
3.995000000000000107e+00 1.476348360999999998e-01
4.089999999999999858e+00 1.555662633000000072e-01
4.190000000000000391e+00 1.627766240999999892e-01
4.290000000000000036e+00 1.690443059000000248e-01
4.389999999999999680e+00 1.743545297999999910e-01
4.490000000000000213e+00 1.785038773000000023e-01
4.589999999999999858e+00 1.816008934000000186e-01
4.690000000000000391e+00 1.844316081000000052e-01
4.790000000000000036e+00 1.882017695000000046e-01
4.889999999999999680e+00 1.939832445999999933e-01
4.990000000000000213e+00 2.024561625000000087e-01
5.089999999999999858e+00 2.140430435999999825e-01
5.190000000000000391e+00 2.292001136999999855e-01
5.290000000000000036e+00 2.484994172000000168e-01
5.389999999999999680e+00 2.724465739999999969e-01
5.490000000000000213e+00 3.011378825000000092e-01
5.589999999999999858e+00 3.341163582000000187e-01
5.690000000000000391e+00 3.703794274000000164e-01
5.790000000000000036e+00 4.082080685000000209e-01
5.889999999999999680e+00 4.447405995000000001e-01
5.990000000000000213e+00 4.767005803999999625e-01
6.084999999999999964e+00 5.011426522999999911e-01
6.184999999999999609e+00 5.209934755000000806e-01
6.285000000000000142e+00 5.367465085000000524e-01
6.384999999999999787e+00 5.510580840000000036e-01
6.485000000000000320e+00 5.665026332000000497e-01
6.584999999999999964e+00 5.845510288999999915e-01
6.684999999999999609e+00 6.046697929000000027e-01
6.785000000000000142e+00 6.244523735000000464e-01
6.884999999999999787e+00 6.412512509000000138e-01
6.985000000000000320e+00 6.542556848999999675e-01
7.084999999999999964e+00 6.656140274999999829e-01
7.184999999999999609e+00 6.794788904999999879e-01
7.285000000000000142e+00 6.992081141999999527e-01
7.384999999999999787e+00 7.249115565999999511e-01
7.485000000000000320e+00 7.531067956000000452e-01
7.584999999999999964e+00 7.787785808000000642e-01
7.684999999999999609e+00 7.989316862999999991e-01
7.785000000000000142e+00 8.147638012000000263e-01
7.884999999999999787e+00 8.303143535999999436e-01
7.985000000000000320e+00 8.496318232999999776e-01
8.080000000000000071e+00 8.727512309000000634e-01
8.179999999999999716e+00 8.996242997000000186e-01
8.279999999999999361e+00 9.243775926999999726e-01
8.380000000000000782e+00 9.434731995999998677e-01
8.480000000000000426e+00 9.558206726000000319e-01
8.580000000000000071e+00 9.615715900999999288e-01
8.679999999999999716e+00 9.614697376000000961e-01
8.779999999999999361e+00 9.568100319999999215e-01
8.880000000000000782e+00 9.489027168999999429e-01
8.980000000000000426e+00 9.388653980000000177e-01
9.080000000000000071e+00 9.282993422999999966e-01
9.179999999999999716e+00 9.197710629999999998e-01
9.279999999999999361e+00 9.166955595999999318e-01
9.380000000000000782e+00 9.226899123999999786e-01
9.480000000000000426e+00 9.410295566999999917e-01
9.580000000000000071e+00 9.740883882999999965e-01
9.679999999999999716e+00 1.022473480599999984e+00
9.779999999999999361e+00 1.084260968800000002e+00
9.880000000000000782e+00 1.154715846300000015e+00
9.980000000000000426e+00 1.226805983500000030e+00
1.007499999999999929e+01 1.290154809499999944e+00
1.017500000000000071e+01 1.346263444399999898e+00
1.027500000000000036e+01 1.388434078800000027e+00
1.037500000000000000e+01 1.415745455699999988e+00
1.047499999999999964e+01 1.430632331199999996e+00
1.057499999999999929e+01 1.438243163799999946e+00
1.067500000000000071e+01 1.443131936099999901e+00
1.077500000000000036e+01 1.448451321699999905e+00
1.087500000000000000e+01 1.457427312100000094e+00
1.097499999999999964e+01 1.472517675700000028e+00
1.107499999999999929e+01 1.493695266000000021e+00
1.117500000000000071e+01 1.519266732999999814e+00
1.127500000000000036e+01 1.548583780099999974e+00
1.137500000000000000e+01 1.582864861600000062e+00
1.147499999999999964e+01 1.623599173700000176e+00
1.157499999999999929e+01 1.671009818499999966e+00
1.167500000000000071e+01 1.723866084600000015e+00
1.177500000000000036e+01 1.779606638099999971e+00
1.187500000000000000e+01 1.834390415500000149e+00
1.197499999999999964e+01 1.884723927000000021e+00
1.207000000000000028e+01 1.928016545900000045e+00
1.216999999999999993e+01 1.971234171199999885e+00
1.226999999999999957e+01 2.015505206199999844e+00
1.236999999999999922e+01 2.065367489499999820e+00
1.247000000000000064e+01 2.127428263899999727e+00
1.257000000000000028e+01 2.208518884700000129e+00
1.266999999999999993e+01 2.310050904299999708e+00
1.276999999999999957e+01 2.423574765600000180e+00
1.286999999999999922e+01 2.533288744800000103e+00
1.297000000000000064e+01 2.627036740699999928e+00
1.307000000000000028e+01 2.706525833500000200e+00
1.316999999999999993e+01 2.784547226299999956e+00
1.326999999999999957e+01 2.872819525300000176e+00
1.336999999999999922e+01 2.975215209699999974e+00
1.347000000000000064e+01 3.091648328799999845e+00
1.357000000000000028e+01 3.223857293400000046e+00
1.366999999999999993e+01 3.375726666800000331e+00
1.376999999999999957e+01 3.551636588100000047e+00
1.386999999999999922e+01 3.757246009200000181e+00
1.397000000000000064e+01 4.000132097799999897e+00
1.406499999999999950e+01 4.270471668599999937e+00
1.416499999999999915e+01 4.588787444900000345e+00
1.426500000000000057e+01 4.906382041799999705e+00
1.436500000000000021e+01 5.162262636300000374e+00
1.446499999999999986e+01 5.300152699199999873e+00
1.456499999999999950e+01 5.303051655400000008e+00
1.466499999999999915e+01 5.195680957299999569e+00
1.476500000000000057e+01 5.021130693499999964e+00
1.486500000000000021e+01 4.822195402100000194e+00
1.496499999999999986e+01 4.633844997800000698e+00
1.506499999999999950e+01 4.477679437599999979e+00
1.516499999999999915e+01 4.359925216899999789e+00
1.526500000000000057e+01 4.277736450999999995e+00
1.536500000000000021e+01 4.228529243400000581e+00
1.546499999999999986e+01 4.210945070499999332e+00
1.556499999999999950e+01 4.219024308599999884e+00
1.566499999999999915e+01 4.240863412999999582e+00
1.576500000000000057e+01 4.263979303200000182e+00
1.586500000000000021e+01 4.278148978900000010e+00
1.596499999999999986e+01 4.273359461900000156e+00
1.605999999999999872e+01 4.242558279399999854e+00
1.616000000000000014e+01 4.179227438999999933e+00
1.626000000000000156e+01 4.091994173299999815e+00
1.635999999999999943e+01 4.000558102999999477e+00
1.646000000000000085e+01 3.930429332400000142e+00
1.655999999999999872e+01 3.901958307900000200e+00
1.666000000000000014e+01 3.923975887000000107e+00
1.676000000000000156e+01 3.992876026100000253e+00
1.685999999999999943e+01 4.091275822200000079e+00
1.696000000000000085e+01 4.190236928500000069e+00
1.705999999999999872e+01 4.263574168699999944e+00
1.716000000000000014e+01 4.305884090000000164e+00
1.726000000000000156e+01 4.330534479999999853e+00
1.735999999999999943e+01 4.347044960199999863e+00
1.746000000000000085e+01 4.349495332900000122e+00
1.755999999999999872e+01 4.329239450199999339e+00
1.766000000000000014e+01 4.289396940899999677e+00
1.776000000000000156e+01 4.241056815899999499e+00
1.785999999999999943e+01 4.192330264499999792e+00
1.796000000000000085e+01 4.147273189099999868e+00
1.805499999999999972e+01 4.112516257500000272e+00
1.815500000000000114e+01 4.089259096600000198e+00
1.825499999999999901e+01 4.077720771300000102e+00
1.835500000000000043e+01 4.064689186999999926e+00
1.845499999999999829e+01 4.030500402699999540e+00
1.855499999999999972e+01 3.964136369700000273e+00
1.865500000000000114e+01 3.876537577700000181e+00
1.875499999999999901e+01 3.794000320400000348e+00
1.885500000000000043e+01 3.739428825599999673e+00
1.895499999999999829e+01 3.723785623199999950e+00
1.905499999999999972e+01 3.751601037800000427e+00
1.915500000000000114e+01 3.826489986899999973e+00
1.925499999999999901e+01 3.948264280599999676e+00
1.935500000000000043e+01 4.104417725900000313e+00
1.945499999999999829e+01 4.263865063699999958e+00
1.955499999999999972e+01 4.382992725300000281e+00
1.965500000000000114e+01 4.426534738400000002e+00
1.975499999999999901e+01 4.386605986899999365e+00
1.985500000000000043e+01 4.282644048399999903e+00
1.995499999999999829e+01 4.145222744699999851e+00
2.005000000000000071e+01 4.005108742600000049e+00
2.014999999999999858e+01 3.856011555699999871e+00
2.025000000000000000e+01 3.704440277399999815e+00
2.035000000000000142e+01 3.549324127299999798e+00
2.044999999999999929e+01 3.394474828099999897e+00
2.055000000000000071e+01 3.246938616799999622e+00
2.064999999999999858e+01 3.111913064899999970e+00
2.075000000000000000e+01 2.990560625500000125e+00
2.085000000000000142e+01 2.882767843599999935e+00
2.094999999999999929e+01 2.788515981399999788e+00
2.105000000000000071e+01 2.704216355399999827e+00
2.114999999999999858e+01 2.620501297400000151e+00
2.125000000000000000e+01 2.527636724899999798e+00
2.135000000000000142e+01 2.423094083800000131e+00
2.144999999999999929e+01 2.310734107900000112e+00
2.155000000000000071e+01 2.194862595300000052e+00
2.164999999999999858e+01 2.077799403699999825e+00
2.175000000000000000e+01 1.960967575199999979e+00
2.185000000000000142e+01 1.845731326699999952e+00
2.194999999999999929e+01 1.733809738399999967e+00
2.204500000000000171e+01 1.632015876300000112e+00
2.214499999999999957e+01 1.530738873000000222e+00
2.224500000000000099e+01 1.436354798600000038e+00
2.234499999999999886e+01 1.349527971300000129e+00
2.244500000000000028e+01 1.270265816200000009e+00
2.254500000000000171e+01 1.197605233700000049e+00
2.264499999999999957e+01 1.130548759899999922e+00
2.274500000000000099e+01 1.069727150599999899e+00
2.284499999999999886e+01 1.017391365800000003e+00
2.294500000000000028e+01 9.753597309999999521e-01
2.304500000000000171e+01 9.433588886000000562e-01
2.314499999999999957e+01 9.192214757000000125e-01
2.324500000000000099e+01 8.998991948000000241e-01
2.334499999999999886e+01 8.818153087000000223e-01
2.344500000000000028e+01 8.609842104000000607e-01
2.354500000000000171e+01 8.341356474999999104e-01
2.364499999999999957e+01 8.003840641999999672e-01
2.374500000000000099e+01 7.618917440999999346e-01
2.384499999999999886e+01 7.228518689999999802e-01
2.394500000000000028e+01 6.875630082999999448e-01
2.403999999999999915e+01 6.600671367999999539e-01
2.414000000000000057e+01 6.381385519000000173e-01
2.423999999999999844e+01 6.223773733999999891e-01
2.433999999999999986e+01 6.110935605999999742e-01
2.444000000000000128e+01 6.031982270000000312e-01
2.453999999999999915e+01 5.987497136999999636e-01
2.464000000000000057e+01 5.984554685999999846e-01
2.473999999999999844e+01 6.027228551000000101e-01
2.483999999999999986e+01 6.108955944999999721e-01
2.494000000000000128e+01 6.210675879000000510e-01
2.503999999999999915e+01 6.306453937000000565e-01
2.514000000000000057e+01 6.373280264999999778e-01
2.523999999999999844e+01 6.396601921000000246e-01
2.533999999999999986e+01 6.368445640000000019e-01
2.544000000000000128e+01 6.285719305000000423e-01
2.553999999999999915e+01 6.156435194999999583e-01
2.564000000000000057e+01 6.004830394000000293e-01
2.573999999999999844e+01 5.864995506000000303e-01
2.583999999999999986e+01 5.765716370000000257e-01
2.594000000000000128e+01 5.718199040999999427e-01
2.603500000000000014e+01 5.716936342999999754e-01
2.613500000000000156e+01 5.752142848000000308e-01
2.623499999999999943e+01 5.812855460999999391e-01
2.633500000000000085e+01 5.880667303000000068e-01
2.643499999999999872e+01 5.931557060000000048e-01
2.653500000000000014e+01 5.942642830999999015e-01
2.663500000000000156e+01 5.896570720000000598e-01
2.673499999999999943e+01 5.788231598999999949e-01
2.683500000000000085e+01 5.636159268999999528e-01
2.693499999999999872e+01 5.477665922000000132e-01
2.703500000000000014e+01 5.345653086999999637e-01
2.713500000000000156e+01 5.253653805000000343e-01
2.723499999999999943e+01 5.195230280000000533e-01
2.733500000000000085e+01 5.148453896000000363e-01
2.743499999999999872e+01 5.086328860000000063e-01
2.753500000000000014e+01 4.991258181000000071e-01
2.763500000000000156e+01 4.863595495000000435e-01
2.773499999999999943e+01 4.716059945000000142e-01
2.783500000000000085e+01 4.565948543000000193e-01
2.793499999999999872e+01 4.430205394999999768e-01
2.803000000000000114e+01 4.325553268999999812e-01
2.812999999999999901e+01 4.247138242999999869e-01
2.823000000000000043e+01 4.206271046000000235e-01
2.832999999999999829e+01 4.205948581999999769e-01
2.842999999999999972e+01 4.238845474999999863e-01
2.853000000000000114e+01 4.280989996000000297e-01
2.862999999999999901e+01 4.295731214000000353e-01
2.873000000000000043e+01 4.249048679999999911e-01
2.882999999999999829e+01 4.128373741999999957e-01
2.892999999999999972e+01 3.948380719999999844e-01
2.903000000000000114e+01 3.738638851999999679e-01
2.912999999999999901e+01 3.526665352999999725e-01
2.923000000000000043e+01 3.329278995000000130e-01
2.932999999999999829e+01 3.152961868000000445e-01
2.942999999999999972e+01 2.998133944999999967e-01
2.953000000000000114e+01 2.862829702999999948e-01
2.962999999999999901e+01 2.744043465000000070e-01
2.973000000000000043e+01 2.638190847999999922e-01
2.982999999999999829e+01 2.542492345999999848e-01
2.992999999999999972e+01 2.456735800000000025e-01
3.002499999999999858e+01 2.386415258000000039e-01
3.012500000000000000e+01 2.326258338000000148e-01
3.022500000000000142e+01 2.280453214000000006e-01
3.032499999999999929e+01 2.246432675999999740e-01
3.042500000000000071e+01 2.220130739000000242e-01
3.052499999999999858e+01 2.198273433999999860e-01
3.062500000000000000e+01 2.179327963000000090e-01
3.072500000000000142e+01 2.161999933000000040e-01
3.082499999999999929e+01 2.144635628000000072e-01
3.092500000000000071e+01 2.127221425999999971e-01
3.102499999999999858e+01 2.111305391999999947e-01
3.112500000000000000e+01 2.097630925999999785e-01
3.122500000000000142e+01 2.084565868999999905e-01
3.132499999999999929e+01 2.068765184999999951e-01
3.142500000000000071e+01 2.046273644000000114e-01
3.152499999999999858e+01 2.014279915000000143e-01
3.162500000000000000e+01 1.973038890000000101e-01
3.172500000000000142e+01 1.925640703000000009e-01
3.182499999999999929e+01 1.876094108999999954e-01
3.192500000000000071e+01 1.827696361999999741e-01
3.202000000000000313e+01 1.784333700000000078e-01
3.211999999999999744e+01 1.741343656000000073e-01
3.221999999999999886e+01 1.699554335000000027e-01
3.232000000000000028e+01 1.656685720000000139e-01
3.242000000000000171e+01 1.611204103999999970e-01
3.252000000000000313e+01 1.564083740000000167e-01
3.261999999999999744e+01 1.518244048999999873e-01
3.271999999999999886e+01 1.475787004999999930e-01
3.282000000000000028e+01 1.436593676000000042e-01
3.292000000000000171e+01 1.399879111999999814e-01
3.302000000000000313e+01 1.366640188000000089e-01
3.311999999999999744e+01 1.339849884000000046e-01
3.321999999999999886e+01 1.322136331000000053e-01
3.332000000000000028e+01 1.313394531000000032e-01
3.342000000000000171e+01 1.310156734000000045e-01
3.352000000000000313e+01 1.307235398000000104e-01
3.361999999999999744e+01 1.300710049000000090e-01
3.371999999999999886e+01 1.289698347000000078e-01
3.382000000000000028e+01 1.275165299999999891e-01
3.392000000000000171e+01 1.257839792000000068e-01
3.401500000000000057e+01 1.238658574000000012e-01
3.411500000000000199e+01 1.214961498000000084e-01
3.421500000000000341e+01 1.187216796999999990e-01
3.431499999999999773e+01 1.156170822999999931e-01
3.441499999999999915e+01 1.124322431000000094e-01
3.451500000000000057e+01 1.094914924000000012e-01
3.461500000000000199e+01 1.070248200000000066e-01
3.471500000000000341e+01 1.050913495999999947e-01
3.481499999999999773e+01 1.036386990999999952e-01
3.491499999999999915e+01 1.026241123000000005e-01
3.501500000000000057e+01 1.020539666000000040e-01
3.511500000000000199e+01 1.018957719999999956e-01
3.521500000000000341e+01 1.019654115999999999e-01
3.531499999999999773e+01 1.019442514999999994e-01
3.541499999999999915e+01 1.015523071000000027e-01
3.551500000000000057e+01 1.007392814000000053e-01
3.561500000000000199e+01 9.972079370000000442e-02
3.571500000000000341e+01 9.878426530000000705e-02
3.581499999999999773e+01 9.807588949999999917e-02
3.591499999999999915e+01 9.757108629999999838e-02
3.600999999999999801e+01 9.715476800000000246e-02
3.610999999999999943e+01 9.652985370000000120e-02
3.621000000000000085e+01 9.534815620000000602e-02
3.631000000000000227e+01 9.334982699999999634e-02
3.640999999999999659e+01 9.061067109999999813e-02
3.650999999999999801e+01 8.745292159999999704e-02
3.660999999999999943e+01 8.421775950000000288e-02
3.671000000000000085e+01 8.118415049999999633e-02
3.681000000000000227e+01 7.855028880000000657e-02
3.690999999999999659e+01 7.639699059999999209e-02
3.700999999999999801e+01 7.468582599999999683e-02
3.710999999999999943e+01 7.331377499999999769e-02
3.721000000000000085e+01 7.216748500000000344e-02
3.731000000000000227e+01 7.114675600000000544e-02
3.740999999999999659e+01 7.016961280000000301e-02
3.750999999999999801e+01 6.916865560000000357e-02
3.760999999999999943e+01 6.808975359999999699e-02
3.771000000000000085e+01 6.689760470000000181e-02
3.781000000000000227e+01 6.557850949999999290e-02
3.790999999999999659e+01 6.413836150000000458e-02
3.800500000000000256e+01 6.269251649999998954e-02
3.810499999999999687e+01 6.116273390000000199e-02
3.820499999999999829e+01 5.971929720000000719e-02
3.830499999999999972e+01 5.844992649999999901e-02
3.840500000000000114e+01 5.741766569999999514e-02
3.850500000000000256e+01 5.664639369999999868e-02
3.860499999999999687e+01 5.611336399999999891e-02
3.870499999999999829e+01 5.576150230000000152e-02
3.880499999999999972e+01 5.551370919999999709e-02
3.890500000000000114e+01 5.528025830000000279e-02
3.900500000000000256e+01 5.498233339999999969e-02
3.910499999999999687e+01 5.458646689999999829e-02
3.920499999999999829e+01 5.411745179999999378e-02
3.930499999999999972e+01 5.363277150000000243e-02
3.940500000000000114e+01 5.318321550000000564e-02
3.950500000000000256e+01 5.279999089999999617e-02
3.960499999999999687e+01 5.250377459999999719e-02
3.970499999999999829e+01 5.230095230000000178e-02
3.980499999999999972e+01 5.217614710000000044e-02
3.990500000000000114e+01 5.211545619999999324e-02
