1.000000000000000056e-01 1.171061969999999917e-02
2.000000000000000111e-01 1.245014599999999874e-02
2.999999999999999889e-01 1.374666960000000063e-02
4.000000000000000222e-01 1.557563249999999871e-02
5.000000000000000000e-01 1.749276930000000230e-02
5.999999999999999778e-01 1.928668359999999998e-02
6.999999999999999556e-01 2.097187829999999989e-02
8.000000000000000444e-01 2.266203010000000101e-02
9.000000000000000222e-01 2.446120889999999978e-02
1.000000000000000000e+00 2.642284279999999874e-02
1.100000000000000089e+00 2.856158989999999995e-02
1.199999999999999956e+00 3.087609599999999871e-02
1.300000000000000044e+00 3.336394549999999876e-02
1.399999999999999911e+00 3.602488239999999953e-02
1.500000000000000000e+00 3.886144650000000061e-02
1.600000000000000089e+00 4.186683339999999753e-02
1.699999999999999956e+00 4.500824800000000070e-02
1.800000000000000044e+00 4.820471249999999652e-02
1.899999999999999911e+00 5.133175809999999950e-02
2.000000000000000000e+00 5.428845430000000388e-02
2.095000000000000195e+00 5.694871249999999829e-02
2.194999999999999840e+00 5.971275360000000143e-02
2.294999999999999929e+00 6.259117969999999920e-02
2.395000000000000018e+00 6.569500439999999275e-02
2.495000000000000107e+00 6.907657940000000441e-02
2.595000000000000195e+00 7.273811690000001051e-02
2.694999999999999840e+00 7.664282089999999159e-02
2.794999999999999929e+00 8.073197229999999613e-02
2.895000000000000018e+00 8.495585499999999679e-02
2.995000000000000107e+00 8.928554269999999793e-02
3.095000000000000195e+00 9.370943140000000116e-02
3.194999999999999840e+00 9.825684600000000879e-02
3.294999999999999929e+00 1.030007370000000089e-01
3.395000000000000018e+00 1.079875838000000088e-01
3.495000000000000107e+00 1.131740727999999974e-01
3.595000000000000195e+00 1.184638588000000020e-01
3.694999999999999840e+00 1.238191100999999905e-01
3.794999999999999929e+00 1.293141506999999912e-01
3.895000000000000018e+00 1.350738861999999929e-01
3.995000000000000107e+00 1.411753394999999967e-01
4.089999999999999858e+00 1.472560811999999997e-01
4.190000000000000391e+00 1.538330527999999808e-01
4.290000000000000036e+00 1.604806497999999859e-01
4.389999999999999680e+00 1.672089017000000233e-01
4.490000000000000213e+00 1.741893828000000144e-01
4.589999999999999858e+00 1.817184197999999751e-01
4.690000000000000391e+00 1.901122365999999841e-01
4.790000000000000036e+00 1.996028082999999897e-01
4.889999999999999680e+00 2.103332864999999940e-01
4.990000000000000213e+00 2.224630222000000268e-01
5.089999999999999858e+00 2.362971040000000078e-01
5.190000000000000391e+00 2.523201552000000070e-01
5.290000000000000036e+00 2.711163689000000154e-01
5.389999999999999680e+00 2.932322376000000008e-01
5.490000000000000213e+00 3.190413558000000371e-01
5.589999999999999858e+00 3.486308644000000179e-01
5.690000000000000391e+00 3.818186826000000145e-01
5.790000000000000036e+00 4.184272901000000155e-01
5.889999999999999680e+00 4.586753752000000128e-01
5.990000000000000213e+00 5.030299214000000241e-01
6.084999999999999964e+00 5.484230090999999696e-01
6.184999999999999609e+00 5.960952755999999741e-01
6.285000000000000142e+00 6.364342599000000211e-01
6.384999999999999787e+00 6.617353427000000066e-01
6.485000000000000320e+00 6.696208008999999794e-01
6.584999999999999964e+00 6.645076290000000441e-01
6.684999999999999609e+00 6.533645753000000278e-01
6.785000000000000142e+00 6.419806842999999930e-01
6.884999999999999787e+00 6.342005953000000584e-01
6.985000000000000320e+00 6.319944256000000760e-01
7.084999999999999964e+00 6.357841778999999693e-01
7.184999999999999609e+00 6.455225367999999353e-01
7.285000000000000142e+00 6.617296415000000209e-01
7.384999999999999787e+00 6.854271429999999610e-01
7.485000000000000320e+00 7.174427827999999563e-01
7.584999999999999964e+00 7.581308191000000196e-01
7.684999999999999609e+00 8.078607736000000816e-01
7.785000000000000142e+00 8.676400646999999910e-01
7.884999999999999787e+00 9.387636960000000919e-01
7.985000000000000320e+00 1.021456922100000053e+00
8.080000000000000071e+00 1.108952787100000004e+00
8.179999999999999716e+00 1.206571275099999951e+00
8.279999999999999361e+00 1.304719736900000093e+00
8.380000000000000782e+00 1.398093468799999961e+00
8.480000000000000426e+00 1.483873255100000010e+00
8.580000000000000071e+00 1.565740242900000023e+00
8.679999999999999716e+00 1.653584891099999954e+00
8.779999999999999361e+00 1.757095506900000048e+00
8.880000000000000782e+00 1.880153015800000160e+00
8.980000000000000426e+00 2.020783010900000232e+00
9.080000000000000071e+00 2.174793815000000130e+00
9.179999999999999716e+00 2.338046310899999813e+00
9.279999999999999361e+00 2.505151911100000017e+00
9.380000000000000782e+00 2.669293033399999793e+00
9.480000000000000426e+00 2.826996363100000131e+00
9.580000000000000071e+00 2.982387140400000192e+00
9.679999999999999716e+00 3.145107104600000092e+00
9.779999999999999361e+00 3.326810521300000101e+00
9.880000000000000782e+00 3.538471435599999992e+00
9.980000000000000426e+00 3.784496528300000051e+00
1.007499999999999929e+01 4.043529796899999695e+00
1.017500000000000071e+01 4.325084415800000137e+00
1.027500000000000036e+01 4.591916117700000299e+00
1.037500000000000000e+01 4.825366967199999912e+00
1.047499999999999964e+01 5.023362689699999883e+00
1.057499999999999929e+01 5.200971863699999531e+00
1.067500000000000071e+01 5.381078915099999804e+00
1.077500000000000036e+01 5.581735560300000287e+00
1.087500000000000000e+01 5.811454477799999907e+00
1.097499999999999964e+01 6.074088428099999604e+00
1.107499999999999929e+01 6.372043766099999118e+00
1.117500000000000071e+01 6.711000201600000103e+00
1.127500000000000036e+01 7.110322819600000344e+00
1.137500000000000000e+01 7.600679504999999558e+00
1.147499999999999964e+01 8.200749674799999056e+00
1.157499999999999929e+01 8.890312180200000469e+00
1.167500000000000071e+01 9.604500103899999530e+00
1.177500000000000036e+01 1.026185152819999935e+01
1.187500000000000000e+01 1.080240366059999957e+01
1.197499999999999964e+01 1.119254017419999947e+01
1.207000000000000028e+01 1.139146117850000017e+01
1.216999999999999993e+01 1.137420432669999926e+01
1.226999999999999957e+01 1.110895383309999929e+01
1.236999999999999922e+01 1.066065427530000065e+01
1.247000000000000064e+01 1.015713287019999989e+01
1.257000000000000028e+01 9.719194783500000767e+00
1.266999999999999993e+01 9.413596685099999917e+00
1.276999999999999957e+01 9.258275793900001105e+00
1.286999999999999922e+01 9.258045733399999477e+00
1.297000000000000064e+01 9.422085464100000252e+00
1.307000000000000028e+01 9.738042202700000871e+00
1.316999999999999993e+01 1.013548261500000081e+01
1.326999999999999957e+01 1.049411777719999961e+01
1.336999999999999922e+01 1.071864511000000064e+01
1.347000000000000064e+01 1.081110582109999996e+01
1.357000000000000028e+01 1.084368143640000071e+01
1.366999999999999993e+01 1.086217922850000051e+01
1.376999999999999957e+01 1.083657772719999990e+01
1.386999999999999922e+01 1.068914034280000003e+01
1.397000000000000064e+01 1.035727799750000067e+01
1.406499999999999950e+01 9.869161540199998583e+00
1.416499999999999915e+01 9.227860583500000047e+00
1.426500000000000057e+01 8.537751442499999399e+00
1.436500000000000021e+01 7.878429246700000554e+00
1.446499999999999986e+01 7.300236792599999802e+00
1.456499999999999950e+01 6.808669732400000285e+00
1.466499999999999915e+01 6.379589155899999753e+00
1.476500000000000057e+01 5.990689100700000047e+00
1.486500000000000021e+01 5.630569167099999994e+00
1.496499999999999986e+01 5.287572436999999681e+00
1.506499999999999950e+01 4.950230041100000200e+00
1.516499999999999915e+01 4.618742527800000275e+00
1.526500000000000057e+01 4.303464044400000077e+00
1.536500000000000021e+01 4.012244603000000076e+00
1.546499999999999986e+01 3.745192802500000084e+00
1.556499999999999950e+01 3.499678228300000082e+00
1.566499999999999915e+01 3.277283054699999809e+00
1.576500000000000057e+01 3.086064187599999897e+00
1.586500000000000021e+01 2.935483861400000283e+00
1.596499999999999986e+01 2.829092924899999861e+00
1.605999999999999872e+01 2.764671717000000140e+00
1.616000000000000014e+01 2.725208855800000052e+00
1.626000000000000156e+01 2.702182834100000264e+00
1.635999999999999943e+01 2.684999099400000144e+00
1.646000000000000085e+01 2.669097932000000117e+00
1.655999999999999872e+01 2.656557219199999764e+00
1.666000000000000014e+01 2.654557056199999820e+00
1.676000000000000156e+01 2.672333356700000273e+00
1.685999999999999943e+01 2.716412045700000277e+00
1.696000000000000085e+01 2.786802859499999840e+00
1.705999999999999872e+01 2.875806441699999993e+00
1.716000000000000014e+01 2.969487670500000398e+00
1.726000000000000156e+01 3.053234666599999869e+00
1.735999999999999943e+01 3.119482709699999745e+00
1.746000000000000085e+01 3.167242829299999674e+00
1.755999999999999872e+01 3.192702008299999950e+00
1.766000000000000014e+01 3.188528311999999865e+00
1.776000000000000156e+01 3.154391282299999766e+00
1.785999999999999943e+01 3.100213507199999885e+00
1.796000000000000085e+01 3.038585726099999995e+00
1.805499999999999972e+01 2.982961847300000358e+00
1.815500000000000114e+01 2.935730776900000283e+00
1.825499999999999901e+01 2.900278744399999997e+00
1.835500000000000043e+01 2.860121918499999971e+00
1.845499999999999829e+01 2.786474374500000017e+00
1.855499999999999972e+01 2.659162599800000137e+00
1.865500000000000114e+01 2.483515093000000284e+00
1.875499999999999901e+01 2.282793180600000138e+00
1.885500000000000043e+01 2.079677261400000088e+00
1.895499999999999829e+01 1.888433191500000108e+00
1.905499999999999972e+01 1.716393091500000079e+00
1.915500000000000114e+01 1.566060627599999977e+00
1.925499999999999901e+01 1.436733627499999999e+00
1.935500000000000043e+01 1.326532378500000053e+00
1.945499999999999829e+01 1.233728051599999986e+00
1.955499999999999972e+01 1.156659473699999996e+00
1.965500000000000114e+01 1.093111205000000030e+00
1.975499999999999901e+01 1.040273385499999925e+00
1.985500000000000043e+01 9.952305375000000121e-01
1.995499999999999829e+01 9.550948928000000393e-01
2.005000000000000071e+01 9.188017620000000774e-01
2.014999999999999858e+01 8.801925586000000079e-01
2.025000000000000000e+01 8.402086685000000887e-01
2.035000000000000142e+01 7.992419696999999434e-01
2.044999999999999929e+01 7.583909150999998960e-01
2.055000000000000071e+01 7.193791062000000069e-01
2.064999999999999858e+01 6.843448128000000352e-01
2.075000000000000000e+01 6.547824913999999996e-01
2.085000000000000142e+01 6.305855046999999658e-01
2.094999999999999929e+01 6.100383382999999826e-01
2.105000000000000071e+01 5.907052190000000591e-01
2.114999999999999858e+01 5.705689998999999846e-01
2.125000000000000000e+01 5.486371411999999559e-01
2.135000000000000142e+01 5.249634562999999643e-01
2.144999999999999929e+01 5.005148704999999865e-01
2.155000000000000071e+01 4.767782796999999739e-01
2.164999999999999858e+01 4.550129305000000235e-01
2.175000000000000000e+01 4.357651332000000433e-01
2.185000000000000142e+01 4.189742449000000146e-01
2.194999999999999929e+01 4.041770939000000062e-01
2.204500000000000171e+01 3.912806926999999879e-01
2.214499999999999957e+01 3.782463218999999599e-01
2.224500000000000099e+01 3.655845124000000057e-01
2.234499999999999886e+01 3.537414362000000367e-01
2.244500000000000028e+01 3.433555910999999683e-01
2.254500000000000171e+01 3.346310503000000103e-01
2.264499999999999957e+01 3.270779812999999869e-01
2.274500000000000099e+01 3.198605038000000289e-01
2.284499999999999886e+01 3.123389490000000324e-01
2.294500000000000028e+01 3.043117745000000207e-01
2.304500000000000171e+01 2.959126923000000020e-01
2.314499999999999957e+01 2.873970443000000152e-01
2.324500000000000099e+01 2.790230670000000135e-01
2.334499999999999886e+01 2.710446112000000074e-01
2.344500000000000028e+01 2.636695112999999924e-01
2.354500000000000171e+01 2.569686592000000047e-01
2.364499999999999957e+01 2.508785609999999999e-01
2.374500000000000099e+01 2.453000121000000200e-01
2.384499999999999886e+01 2.401218029000000143e-01
2.394500000000000028e+01 2.351825121000000185e-01
2.403999999999999915e+01 2.305301794999999876e-01
2.414000000000000057e+01 2.255362022999999883e-01
2.423999999999999844e+01 2.204358223000000283e-01
2.433999999999999986e+01 2.153451995999999813e-01
2.444000000000000128e+01 2.104173897000000126e-01
2.453999999999999915e+01 2.057518342000000111e-01
2.464000000000000057e+01 2.013393700000000175e-01
2.473999999999999844e+01 1.970588927000000157e-01
2.483999999999999986e+01 1.927443574000000104e-01
2.494000000000000128e+01 1.883198303000000184e-01
2.503999999999999915e+01 1.838624286000000163e-01
2.514000000000000057e+01 1.795131999999999839e-01
2.523999999999999844e+01 1.753383585999999938e-01
2.533999999999999986e+01 1.713097178999999914e-01
2.544000000000000128e+01 1.674235778999999813e-01
2.553999999999999915e+01 1.637931539999999964e-01
2.564000000000000057e+01 1.606037149999999802e-01
2.573999999999999844e+01 1.580005207999999883e-01
2.583999999999999986e+01 1.560223276000000103e-01
2.594000000000000128e+01 1.545945529999999957e-01
2.603500000000000014e+01 1.535943892999999949e-01
2.613500000000000156e+01 1.527091629000000006e-01
2.623499999999999943e+01 1.518129198000000013e-01
2.633500000000000085e+01 1.508444901000000060e-01
2.643499999999999872e+01 1.498688197999999971e-01
2.653500000000000014e+01 1.489438305999999934e-01
2.663500000000000156e+01 1.480130990999999896e-01
2.673499999999999943e+01 1.469443101000000029e-01
2.683500000000000085e+01 1.455982469999999862e-01
2.693499999999999872e+01 1.438464896999999965e-01
2.703500000000000014e+01 1.416688588999999998e-01
2.713500000000000156e+01 1.392865416999999884e-01
2.723499999999999943e+01 1.370832820000000007e-01
2.733500000000000085e+01 1.353685706999999960e-01
2.743499999999999872e+01 1.342322206000000073e-01
2.753500000000000014e+01 1.335464614999999911e-01
2.763500000000000156e+01 1.330795771000000127e-01
2.773499999999999943e+01 1.326430496999999875e-01
2.783500000000000085e+01 1.321098924000000119e-01
2.793499999999999872e+01 1.313222001000000083e-01
2.803000000000000114e+01 1.301638430000000013e-01
2.812999999999999901e+01 1.284465570000000167e-01
2.823000000000000043e+01 1.264122696999999962e-01
2.832999999999999829e+01 1.244747690999999934e-01
2.842999999999999972e+01 1.230373993000000027e-01
2.853000000000000114e+01 1.223178947999999933e-01
2.862999999999999901e+01 1.223529363000000064e-01
2.873000000000000043e+01 1.231160164000000001e-01
2.882999999999999829e+01 1.245720743999999963e-01
2.892999999999999972e+01 1.266154217000000082e-01
2.903000000000000114e+01 1.290134400000000070e-01
2.912999999999999901e+01 1.314636322000000135e-01
2.923000000000000043e+01 1.336657197999999991e-01
2.932999999999999829e+01 1.353486571999999999e-01
2.942999999999999972e+01 1.363758301999999922e-01
2.953000000000000114e+01 1.368597656000000162e-01
2.962999999999999901e+01 1.370254308000000143e-01
2.973000000000000043e+01 1.369715488000000092e-01
2.982999999999999829e+01 1.366343344000000015e-01
2.992999999999999972e+01 1.358786921999999842e-01
3.002499999999999858e+01 1.346100679999999994e-01
3.012500000000000000e+01 1.324950711000000003e-01
3.022500000000000142e+01 1.294140829000000048e-01
3.032499999999999929e+01 1.253412525000000000e-01
3.042500000000000071e+01 1.204489690999999973e-01
3.052499999999999858e+01 1.150859991000000027e-01
3.062500000000000000e+01 1.096416645000000134e-01
3.072500000000000142e+01 1.044010127999999982e-01
3.082499999999999929e+01 9.952932440000000769e-02
3.092500000000000071e+01 9.513448780000000049e-02
3.102499999999999858e+01 9.129402119999999177e-02
3.112500000000000000e+01 8.804743600000000670e-02
3.122500000000000142e+01 8.539117570000000212e-02
3.132499999999999929e+01 8.325129589999999413e-02
3.142500000000000071e+01 8.146680330000000136e-02
3.152499999999999858e+01 7.984862759999999948e-02
3.162500000000000000e+01 7.826670769999999333e-02
3.172500000000000142e+01 7.667777879999999879e-02
3.182499999999999929e+01 7.511423389999999367e-02
3.192500000000000071e+01 7.368499509999999753e-02
3.202000000000000313e+01 7.258558819999999523e-02
3.211999999999999744e+01 7.179515490000000499e-02
3.221999999999999886e+01 7.137895830000000330e-02
3.232000000000000028e+01 7.124276090000000727e-02
3.242000000000000171e+01 7.123079609999999340e-02
3.252000000000000313e+01 7.116691210000000711e-02
3.261999999999999744e+01 7.089544729999999739e-02
3.271999999999999886e+01 7.030487690000000733e-02
3.282000000000000028e+01 6.934160910000000677e-02
3.292000000000000171e+01 6.802397089999999424e-02
3.302000000000000313e+01 6.645172470000000609e-02
3.311999999999999744e+01 6.479536399999999419e-02
3.321999999999999886e+01 6.325048269999999917e-02
3.332000000000000028e+01 6.198513819999999785e-02
3.342000000000000171e+01 6.110494279999999917e-02
3.352000000000000313e+01 6.063015389999999727e-02
3.361999999999999744e+01 6.049777480000000096e-02
3.371999999999999886e+01 6.060744220000000015e-02
3.382000000000000028e+01 6.087861310000000636e-02
3.392000000000000171e+01 6.126804329999999826e-02
3.401500000000000057e+01 6.172124819999999512e-02
3.411500000000000199e+01 6.223242040000000197e-02
3.421500000000000341e+01 6.267462139999999127e-02
3.431499999999999773e+01 6.293872799999999934e-02
3.441499999999999915e+01 6.300858339999999835e-02
3.451500000000000057e+01 6.298632660000000327e-02
3.461500000000000199e+01 6.299963059999999504e-02
3.471500000000000341e+01 6.310282600000000075e-02
3.481499999999999773e+01 6.324439960000000083e-02
3.491499999999999915e+01 6.328277109999999595e-02
3.501500000000000057e+01 6.305112460000000807e-02
3.511500000000000199e+01 6.243312680000000225e-02
3.521500000000000341e+01 6.137929140000000089e-02
3.531499999999999773e+01 5.989749549999999478e-02
3.541499999999999915e+01 5.807074610000000081e-02
3.551500000000000057e+01 5.605318000000000106e-02
3.561500000000000199e+01 5.402905040000000048e-02
3.571500000000000341e+01 5.216447970000000212e-02
3.581499999999999773e+01 5.055962390000000306e-02
3.591499999999999915e+01 4.922179969999999904e-02
3.600999999999999801e+01 4.813644509999999432e-02
3.610999999999999943e+01 4.709634999999999516e-02
3.621000000000000085e+01 4.609355399999999492e-02
3.631000000000000227e+01 4.512305020000000055e-02
3.640999999999999659e+01 4.421647060000000184e-02
3.650999999999999801e+01 4.338719519999999913e-02
3.660999999999999943e+01 4.262179019999999541e-02
3.671000000000000085e+01 4.190886939999999977e-02
3.681000000000000227e+01 4.125144479999999503e-02
3.690999999999999659e+01 4.065632179999999901e-02
3.700999999999999801e+01 4.012825579999999837e-02
3.710999999999999943e+01 3.967091509999999543e-02
3.721000000000000085e+01 3.928193530000000100e-02
3.731000000000000227e+01 3.894742310000000318e-02
3.740999999999999659e+01 3.864470600000000089e-02
3.750999999999999801e+01 3.834986769999999823e-02
3.760999999999999943e+01 3.804657499999999914e-02
3.771000000000000085e+01 3.773774829999999858e-02
3.781000000000000227e+01 3.744936260000000100e-02
3.790999999999999659e+01 3.721446700000000107e-02
3.800500000000000256e+01 3.706279999999999991e-02
3.810499999999999687e+01 3.699545430000000107e-02
3.820499999999999829e+01 3.703217350000000130e-02
3.830499999999999972e+01 3.715437440000000230e-02
3.840500000000000114e+01 3.730201939999999716e-02
3.850500000000000256e+01 3.738983299999999732e-02
3.860499999999999687e+01 3.734472550000000196e-02
3.870499999999999829e+01 3.713615879999999925e-02
3.880499999999999972e+01 3.678406609999999854e-02
3.890500000000000114e+01 3.634074780000000338e-02
3.900500000000000256e+01 3.585310279999999461e-02
3.910499999999999687e+01 3.534008229999999889e-02
3.920499999999999829e+01 3.480348030000000176e-02
3.930499999999999972e+01 3.424377010000000110e-02
3.940500000000000114e+01 3.366297329999999588e-02
3.950500000000000256e+01 3.306766519999999876e-02
3.960499999999999687e+01 3.246868690000000168e-02
3.970499999999999829e+01 3.187526229999999849e-02
3.980499999999999972e+01 3.129961979999999755e-02
3.990500000000000114e+01 3.076331310000000180e-02
