1.000000000000000056e-01 8.521981200000000589e-03
2.000000000000000111e-01 8.125020900000000032e-03
2.999999999999999889e-01 9.182825799999998900e-03
4.000000000000000222e-01 1.070724470000000011e-02
5.000000000000000000e-01 1.232054469999999992e-02
5.999999999999999778e-01 1.387347159999999940e-02
6.999999999999999556e-01 1.535855009999999993e-02
8.000000000000000444e-01 1.683754400000000290e-02
9.000000000000000222e-01 1.837378180000000250e-02
1.000000000000000000e+00 2.000225190000000028e-02
1.100000000000000089e+00 2.173480070000000097e-02
1.199999999999999956e+00 2.357284760000000201e-02
1.300000000000000044e+00 2.551661360000000156e-02
1.399999999999999911e+00 2.756835070000000082e-02
1.500000000000000000e+00 2.973283640000000047e-02
1.600000000000000089e+00 3.201368029999999976e-02
1.699999999999999956e+00 3.440461029999999920e-02
1.800000000000000044e+00 3.687550590000000100e-02
1.899999999999999911e+00 3.936119409999999652e-02
2.000000000000000000e+00 4.177980650000000240e-02
2.095000000000000195e+00 4.397753840000000192e-02
2.194999999999999840e+00 4.622778560000000148e-02
2.294999999999999929e+00 4.851540440000000343e-02
2.395000000000000018e+00 5.094011099999999626e-02
2.495000000000000107e+00 5.356277549999999971e-02
2.595000000000000195e+00 5.640090390000000731e-02
2.694999999999999840e+00 5.943338470000000123e-02
2.794999999999999929e+00 6.261286130000000283e-02
2.895000000000000018e+00 6.589458580000000232e-02
2.995000000000000107e+00 6.925548160000000175e-02
3.095000000000000195e+00 7.269015649999999162e-02
3.194999999999999840e+00 7.620800719999999695e-02
3.294999999999999929e+00 7.983621250000000336e-02
3.395000000000000018e+00 8.358232949999999661e-02
3.495000000000000107e+00 8.739598980000000406e-02
3.595000000000000195e+00 9.121355410000001052e-02
3.694999999999999840e+00 9.505708509999999389e-02
3.794999999999999929e+00 9.905561069999999080e-02
3.895000000000000018e+00 1.033480163999999923e-01
3.995000000000000107e+00 1.079697688999999988e-01
4.089999999999999858e+00 1.125676616000000074e-01
4.190000000000000391e+00 1.174366574000000052e-01
4.290000000000000036e+00 1.221824781999999998e-01
4.389999999999999680e+00 1.267999719000000025e-01
4.490000000000000213e+00 1.314525293999999900e-01
4.589999999999999858e+00 1.364033826000000116e-01
4.690000000000000391e+00 1.419003544000000117e-01
4.790000000000000036e+00 1.480926270999999850e-01
4.889999999999999680e+00 1.550484053999999778e-01
4.990000000000000213e+00 1.628560161000000006e-01
5.089999999999999858e+00 1.717034967000000134e-01
5.190000000000000391e+00 1.818711310999999997e-01
5.290000000000000036e+00 1.936726986999999789e-01
5.389999999999999680e+00 2.073964187999999820e-01
5.490000000000000213e+00 2.232230743000000184e-01
5.589999999999999858e+00 2.411845529000000155e-01
5.690000000000000391e+00 2.612347992000000341e-01
5.790000000000000036e+00 2.834389346999999781e-01
5.889999999999999680e+00 3.082134923000000026e-01
5.990000000000000213e+00 3.364232008999999968e-01
6.084999999999999964e+00 3.672834654000000087e-01
6.184999999999999609e+00 4.041579103999999867e-01
6.285000000000000142e+00 4.435102220000000095e-01
6.384999999999999787e+00 4.801952556999999899e-01
6.485000000000000320e+00 5.073526613000000074e-01
6.584999999999999964e+00 5.206249676999999965e-01
6.684999999999999609e+00 5.211519713000000165e-01
6.785000000000000142e+00 5.139012608999999898e-01
6.884999999999999787e+00 5.043051122999999691e-01
6.985000000000000320e+00 4.963725823999999842e-01
7.084999999999999964e+00 4.921336604000000059e-01
7.184999999999999609e+00 4.921945582000000208e-01
7.285000000000000142e+00 4.968721841000000028e-01
7.384999999999999787e+00 5.066438102000000443e-01
7.485000000000000320e+00 5.218037997000000150e-01
7.584999999999999964e+00 5.423783346999999644e-01
7.684999999999999609e+00 5.686384203000000026e-01
7.785000000000000142e+00 6.014916049999999847e-01
7.884999999999999787e+00 6.421297471000000368e-01
7.985000000000000320e+00 6.910365024000000300e-01
8.080000000000000071e+00 7.441076947999999414e-01
8.179999999999999716e+00 8.039053830000000289e-01
8.279999999999999361e+00 8.633448801999999977e-01
8.380000000000000782e+00 9.182051099000000383e-01
8.480000000000000426e+00 9.665034095000000214e-01
8.580000000000000071e+00 1.010404556699999956e+00
8.679999999999999716e+00 1.055904264600000086e+00
8.779999999999999361e+00 1.109514290999999986e+00
8.880000000000000782e+00 1.174839551599999865e+00
8.980000000000000426e+00 1.251978668600000066e+00
9.080000000000000071e+00 1.339655649600000054e+00
9.179999999999999716e+00 1.437650049000000152e+00
9.279999999999999361e+00 1.546381294699999964e+00
9.380000000000000782e+00 1.664363866400000003e+00
9.480000000000000426e+00 1.786696647999999943e+00
9.580000000000000071e+00 1.907396715500000006e+00
9.679999999999999716e+00 2.022920379899999954e+00
9.779999999999999361e+00 2.133131972100000162e+00
9.880000000000000782e+00 2.241502651899999865e+00
9.980000000000000426e+00 2.354347436700000351e+00
1.007499999999999929e+01 2.470581980399999988e+00
1.017500000000000071e+01 2.603387857800000038e+00
1.027500000000000036e+01 2.743487072499999790e+00
1.037500000000000000e+01 2.884504714499999789e+00
1.047499999999999964e+01 3.022025347500000070e+00
1.057499999999999929e+01 3.158172847700000396e+00
1.067500000000000071e+01 3.299216160199999859e+00
1.077500000000000036e+01 3.448829672600000062e+00
1.087500000000000000e+01 3.603475019199999796e+00
1.097499999999999964e+01 3.756139107700000146e+00
1.107499999999999929e+01 3.905673895600000112e+00
1.117500000000000071e+01 4.059286343300000155e+00
1.127500000000000036e+01 4.228694863900000378e+00
1.137500000000000000e+01 4.429498583099999998e+00
1.147499999999999964e+01 4.681901872000000076e+00
1.157499999999999929e+01 5.006184032200000189e+00
1.167500000000000071e+01 5.414188366799999486e+00
1.177500000000000036e+01 5.903324743899999838e+00
1.187500000000000000e+01 6.458486047999999258e+00
1.197499999999999964e+01 7.062196897299999776e+00
1.207000000000000028e+01 7.674497282899999107e+00
1.216999999999999993e+01 8.360051221999999171e+00
1.226999999999999957e+01 9.067333662500001168e+00
1.236999999999999922e+01 9.726998965900000016e+00
1.247000000000000064e+01 1.022905258960000019e+01
1.257000000000000028e+01 1.048100125450000064e+01
1.266999999999999993e+01 1.046411786060000004e+01
1.276999999999999957e+01 1.022376488859999988e+01
1.286999999999999922e+01 9.824314808100000462e+00
1.297000000000000064e+01 9.339203600600001209e+00
1.307000000000000028e+01 8.860480601000000789e+00
1.316999999999999993e+01 8.473738138399999897e+00
1.326999999999999957e+01 8.216978817400001134e+00
1.336999999999999922e+01 8.068003463500000194e+00
1.347000000000000064e+01 7.976471136200000700e+00
1.357000000000000028e+01 7.919619287799999796e+00
1.366999999999999993e+01 7.925095468300000334e+00
1.376999999999999957e+01 8.035947693300000694e+00
1.386999999999999922e+01 8.264491904199999794e+00
1.397000000000000064e+01 8.574704168400000270e+00
1.406499999999999950e+01 8.870386267499998922e+00
1.416499999999999915e+01 9.072669978500000454e+00
1.426500000000000057e+01 9.062716275799999721e+00
1.436500000000000021e+01 8.821959610300000421e+00
1.446499999999999986e+01 8.440934080099999903e+00
1.456499999999999950e+01 8.049320761800000668e+00
1.466499999999999915e+01 7.725547880599999750e+00
1.476500000000000057e+01 7.468525252699999228e+00
1.486500000000000021e+01 7.228050023899999843e+00
1.496499999999999986e+01 6.952351413899999777e+00
1.506499999999999950e+01 6.622381420900000037e+00
1.516499999999999915e+01 6.257873041799999925e+00
1.526500000000000057e+01 5.894059435399999991e+00
1.536500000000000021e+01 5.552174568099999874e+00
1.546499999999999986e+01 5.233237167300000436e+00
1.556499999999999950e+01 4.931234890199999832e+00
1.566499999999999915e+01 4.644010424100000201e+00
1.576500000000000057e+01 4.373592697899999493e+00
1.586500000000000021e+01 4.123806762900000145e+00
1.596499999999999986e+01 3.900107695800000052e+00
1.605999999999999872e+01 3.716774928700000036e+00
1.616000000000000014e+01 3.554507792499999930e+00
1.626000000000000156e+01 3.416704054200000229e+00
1.635999999999999943e+01 3.295905775100000046e+00
1.646000000000000085e+01 3.190222714299999929e+00
1.655999999999999872e+01 3.101123508899999770e+00
1.666000000000000014e+01 3.029357669599999525e+00
1.676000000000000156e+01 2.975413781899999943e+00
1.685999999999999943e+01 2.941903913099999990e+00
1.696000000000000085e+01 2.933611612400000013e+00
1.705999999999999872e+01 2.955862063699999709e+00
1.716000000000000014e+01 3.012019451300000039e+00
1.726000000000000156e+01 3.099760705799999627e+00
1.735999999999999943e+01 3.208737034399999910e+00
1.746000000000000085e+01 3.324254374400000156e+00
1.755999999999999872e+01 3.435956746600000056e+00
1.766000000000000014e+01 3.540414622300000147e+00
1.776000000000000156e+01 3.634667708799999897e+00
1.785999999999999943e+01 3.713231581399999648e+00
1.796000000000000085e+01 3.771005115500000393e+00
1.805499999999999972e+01 3.802910707400000145e+00
1.815500000000000114e+01 3.811931720100000032e+00
1.825499999999999901e+01 3.805171627300000026e+00
1.835500000000000043e+01 3.800357580000000013e+00
1.845499999999999829e+01 3.811325920699999870e+00
1.855499999999999972e+01 3.834729572300000111e+00
1.865500000000000114e+01 3.842508549399999751e+00
1.875499999999999901e+01 3.792190723500000082e+00
1.885500000000000043e+01 3.659415815100000025e+00
1.895499999999999829e+01 3.459427594700000164e+00
1.905499999999999972e+01 3.229664198100000050e+00
1.915500000000000114e+01 3.000615412600000198e+00
1.925499999999999901e+01 2.786367987900000287e+00
1.935500000000000043e+01 2.590574448199999935e+00
1.945499999999999829e+01 2.414007554400000366e+00
1.955499999999999972e+01 2.256825070000000100e+00
1.965500000000000114e+01 2.115935550400000142e+00
1.975499999999999901e+01 1.984542968600000012e+00
1.985500000000000043e+01 1.857085888399999885e+00
1.995499999999999829e+01 1.733569038800000017e+00
2.005000000000000071e+01 1.623260050699999901e+00
2.014999999999999858e+01 1.517166272699999929e+00
2.025000000000000000e+01 1.420977254899999931e+00
2.035000000000000142e+01 1.332717424900000003e+00
2.044999999999999929e+01 1.251534891599999977e+00
2.055000000000000071e+01 1.178188247200000038e+00
2.064999999999999858e+01 1.113122931099999935e+00
2.075000000000000000e+01 1.055131083999999886e+00
2.085000000000000142e+01 1.002293955900000144e+00
2.094999999999999929e+01 9.536441724999999980e-01
2.105000000000000071e+01 9.091241666999999582e-01
2.114999999999999858e+01 8.679466873999999166e-01
2.125000000000000000e+01 8.278004951999999861e-01
2.135000000000000142e+01 7.861930929000000567e-01
2.144999999999999929e+01 7.425496837000000738e-01
2.155000000000000071e+01 6.986115854000000125e-01
2.164999999999999858e+01 6.567862898999999866e-01
2.175000000000000000e+01 6.186794567000000189e-01
2.185000000000000142e+01 5.850261787999999630e-01
2.194999999999999929e+01 5.561656571999999965e-01
2.204500000000000171e+01 5.333228424000000523e-01
2.214499999999999957e+01 5.139360268999999537e-01
2.224500000000000099e+01 4.986164752000000200e-01
2.234499999999999886e+01 4.859992293000000019e-01
2.244500000000000028e+01 4.743876968999999888e-01
2.254500000000000171e+01 4.625613231999999853e-01
2.264499999999999957e+01 4.502989088000000084e-01
2.274500000000000099e+01 4.378876177999999619e-01
2.284499999999999886e+01 4.253221829000000120e-01
2.294500000000000028e+01 4.122875185000000053e-01
2.304500000000000171e+01 3.987315927000000260e-01
2.314499999999999957e+01 3.851290527000000297e-01
2.324500000000000099e+01 3.722131181999999705e-01
2.334499999999999886e+01 3.605906332000000103e-01
2.344500000000000028e+01 3.505621252000000188e-01
2.354500000000000171e+01 3.421466485000000390e-01
2.364499999999999957e+01 3.351172235999999582e-01
2.374500000000000099e+01 3.290308792999999676e-01
2.384499999999999886e+01 3.233715648000000109e-01
2.394500000000000028e+01 3.177862028999999811e-01
2.403999999999999915e+01 3.124464691999999655e-01
2.414000000000000057e+01 3.067741286999999817e-01
2.423999999999999844e+01 3.009515989000000058e-01
2.433999999999999986e+01 2.947874924000000174e-01
2.444000000000000128e+01 2.881056204999999926e-01
2.453999999999999915e+01 2.807711163000000121e-01
2.464000000000000057e+01 2.727144528000000068e-01
2.473999999999999844e+01 2.640506101999999800e-01
2.483999999999999986e+01 2.551189456999999883e-01
2.494000000000000128e+01 2.463426437999999830e-01
2.503999999999999915e+01 2.380667632000000034e-01
2.514000000000000057e+01 2.304662057999999902e-01
2.523999999999999844e+01 2.235792858999999799e-01
2.533999999999999986e+01 2.174262016999999880e-01
2.544000000000000128e+01 2.120488946999999902e-01
2.553999999999999915e+01 2.073687916999999992e-01
2.564000000000000057e+01 2.030777676999999948e-01
2.573999999999999844e+01 1.987857007999999925e-01
2.583999999999999986e+01 1.942871494999999782e-01
2.594000000000000128e+01 1.896652959000000027e-01
2.603500000000000014e+01 1.853843309000000050e-01
2.613500000000000156e+01 1.812425465999999985e-01
2.623499999999999943e+01 1.776827148999999828e-01
2.633500000000000085e+01 1.748360350000000007e-01
2.643499999999999872e+01 1.727046671000000144e-01
2.653500000000000014e+01 1.711312543999999880e-01
2.663500000000000156e+01 1.698353706999999879e-01
2.673499999999999943e+01 1.685634589999999988e-01
2.683500000000000085e+01 1.672801502000000051e-01
2.693499999999999872e+01 1.662205636999999903e-01
2.703500000000000014e+01 1.657205576999999930e-01
2.713500000000000156e+01 1.659193536999999941e-01
2.723499999999999943e+01 1.665677311000000049e-01
2.733500000000000085e+01 1.671593469000000054e-01
2.743499999999999872e+01 1.672777119999999951e-01
2.753500000000000014e+01 1.667477182000000058e-01
2.763500000000000156e+01 1.654768083000000001e-01
2.773499999999999943e+01 1.633822319000000078e-01
2.783500000000000085e+01 1.605428023000000093e-01
2.793499999999999872e+01 1.573476186000000165e-01
2.803000000000000114e+01 1.545175978999999977e-01
2.812999999999999901e+01 1.522258454000000039e-01
2.823000000000000043e+01 1.508115324000000035e-01
2.832999999999999829e+01 1.501573288999999978e-01
2.842999999999999972e+01 1.500092966000000083e-01
2.853000000000000114e+01 1.501128901000000071e-01
2.862999999999999901e+01 1.502851525999999993e-01
2.873000000000000043e+01 1.504355901000000162e-01
2.882999999999999829e+01 1.505567080999999918e-01
2.892999999999999972e+01 1.506985158999999963e-01
2.903000000000000114e+01 1.509479463999999771e-01
2.912999999999999901e+01 1.513600159999999861e-01
2.923000000000000043e+01 1.518661473999999845e-01
2.932999999999999829e+01 1.522958724000000041e-01
2.942999999999999972e+01 1.525645748999999995e-01
2.953000000000000114e+01 1.527911456999999917e-01
2.962999999999999901e+01 1.531697539999999913e-01
2.973000000000000043e+01 1.537451666999999911e-01
2.982999999999999829e+01 1.543107937000000041e-01
2.992999999999999972e+01 1.544009514999999944e-01
3.002499999999999858e+01 1.534660171999999989e-01
3.012500000000000000e+01 1.509456108000000185e-01
3.022500000000000142e+01 1.469112696000000051e-01
3.032499999999999929e+01 1.419714857000000108e-01
3.042500000000000071e+01 1.368455631000000117e-01
3.052499999999999858e+01 1.319287560999999886e-01
3.062500000000000000e+01 1.272821573000000039e-01
3.072500000000000142e+01 1.229117110999999873e-01
3.082499999999999929e+01 1.189198498999999992e-01
3.092500000000000071e+01 1.154097902000000009e-01
3.102499999999999858e+01 1.123325411999999968e-01
3.112500000000000000e+01 1.094561899000000005e-01
3.122500000000000142e+01 1.064818730999999991e-01
3.132499999999999929e+01 1.032471426000000081e-01
3.142500000000000071e+01 9.984102620000000206e-02
3.152499999999999858e+01 9.652321329999999366e-02
3.162500000000000000e+01 9.354953699999998817e-02
3.172500000000000142e+01 9.108404850000000053e-02
3.182499999999999929e+01 8.921859299999999882e-02
3.192500000000000071e+01 8.800157999999999592e-02
3.202000000000000313e+01 8.742326250000000132e-02
3.211999999999999744e+01 8.728012560000000808e-02
3.221999999999999886e+01 8.734007759999999621e-02
3.232000000000000028e+01 8.725966679999999642e-02
3.242000000000000171e+01 8.674470180000000419e-02
3.252000000000000313e+01 8.564819140000000386e-02
3.261999999999999744e+01 8.400123919999999411e-02
3.271999999999999886e+01 8.194773909999999995e-02
3.282000000000000028e+01 7.965926549999999273e-02
3.292000000000000171e+01 7.732325139999998709e-02
3.302000000000000313e+01 7.514929770000000619e-02
3.311999999999999744e+01 7.330605779999999072e-02
3.321999999999999886e+01 7.183789740000000312e-02
3.332000000000000028e+01 7.066494289999999956e-02
3.342000000000000171e+01 6.968432539999999675e-02
3.352000000000000313e+01 6.889005169999999623e-02
3.361999999999999744e+01 6.837832679999999996e-02
3.371999999999999886e+01 6.824116430000000399e-02
3.382000000000000028e+01 6.848459269999999932e-02
3.392000000000000171e+01 6.902850989999999298e-02
3.401500000000000057e+01 6.969380229999999621e-02
3.411500000000000199e+01 7.036443629999999949e-02
3.421500000000000341e+01 7.082107299999999828e-02
3.431499999999999773e+01 7.101376130000000564e-02
3.441499999999999915e+01 7.108543289999999515e-02
3.451500000000000057e+01 7.125447630000000809e-02
3.461500000000000199e+01 7.165253559999999744e-02
3.471500000000000341e+01 7.226179010000000069e-02
3.481499999999999773e+01 7.295215799999998918e-02
3.491499999999999915e+01 7.354889480000000035e-02
3.501500000000000057e+01 7.389160810000000579e-02
3.511500000000000199e+01 7.391700740000001213e-02
3.521500000000000341e+01 7.372743700000000677e-02
3.531499999999999773e+01 7.352501389999999137e-02
3.541499999999999915e+01 7.343249940000000364e-02
3.551500000000000057e+01 7.338062119999999577e-02
3.561500000000000199e+01 7.313496780000000586e-02
3.571500000000000341e+01 7.245403729999999598e-02
3.581499999999999773e+01 7.125577080000000674e-02
3.591499999999999915e+01 6.961098269999999033e-02
3.600999999999999801e+01 6.772582320000000711e-02
3.610999999999999943e+01 6.548868030000000451e-02
3.621000000000000085e+01 6.311173409999999706e-02
3.631000000000000227e+01 6.072912579999999866e-02
3.640999999999999659e+01 5.843361719999999593e-02
3.650999999999999801e+01 5.625615150000000397e-02
3.660999999999999943e+01 5.419682759999999710e-02
3.671000000000000085e+01 5.227690039999999955e-02
3.681000000000000227e+01 5.055197919999999956e-02
3.690999999999999659e+01 4.908313170000000447e-02
3.700999999999999801e+01 4.791232280000000399e-02
3.710999999999999943e+01 4.705001849999999874e-02
3.721000000000000085e+01 4.645685439999999722e-02
3.731000000000000227e+01 4.603398470000000242e-02
3.740999999999999659e+01 4.565243690000000271e-02
3.750999999999999801e+01 4.521762949999999504e-02
3.760999999999999943e+01 4.471726289999999882e-02
3.771000000000000085e+01 4.420965059999999724e-02
3.781000000000000227e+01 4.377262619999999771e-02
3.790999999999999659e+01 4.346034410000000625e-02
3.800500000000000256e+01 4.329344849999999800e-02
3.810499999999999687e+01 4.324003319999999984e-02
3.820499999999999829e+01 4.328468130000000247e-02
3.830499999999999972e+01 4.339483339999999911e-02
3.840500000000000114e+01 4.352421570000000045e-02
3.850500000000000256e+01 4.361072469999999895e-02
3.860499999999999687e+01 4.359688689999999950e-02
3.870499999999999829e+01 4.345238609999999696e-02
3.880499999999999972e+01 4.317804859999999773e-02
3.890500000000000114e+01 4.279891090000000065e-02
3.900500000000000256e+01 4.235374549999999794e-02
3.910499999999999687e+01 4.188204669999999463e-02
3.920499999999999829e+01 4.142366370000000186e-02
3.930499999999999972e+01 4.102994410000000008e-02
3.940500000000000114e+01 4.075011490000000208e-02
3.950500000000000256e+01 4.058775500000000314e-02
3.960499999999999687e+01 4.047501769999999749e-02
3.970499999999999829e+01 4.029649329999999974e-02
3.980499999999999972e+01 3.995188660000000003e-02
3.990500000000000114e+01 3.941681050000000325e-02
