1.000000000000000056e-01 1.005876170000000007e-02
2.000000000000000111e-01 8.021856600000000156e-03
2.999999999999999889e-01 8.363730700000000448e-03
4.000000000000000222e-01 9.296645900000000823e-03
5.000000000000000000e-01 1.031953990000000071e-02
5.999999999999999778e-01 1.124847609999999991e-02
6.999999999999999556e-01 1.207856109999999941e-02
8.000000000000000444e-01 1.289020680000000155e-02
9.000000000000000222e-01 1.376097559999999928e-02
1.000000000000000000e+00 1.473146690000000023e-02
1.100000000000000089e+00 1.581333979999999945e-02
1.199999999999999956e+00 1.700381260000000117e-02
1.300000000000000044e+00 1.829884109999999758e-02
1.399999999999999911e+00 1.969747200000000059e-02
1.500000000000000000e+00 2.119820790000000177e-02
1.600000000000000089e+00 2.279916319999999996e-02
1.699999999999999956e+00 2.448474779999999795e-02
1.800000000000000044e+00 2.621429039999999960e-02
1.899999999999999911e+00 2.791473230000000166e-02
2.000000000000000000e+00 2.950934860000000229e-02
2.095000000000000195e+00 3.090360409999999905e-02
2.194999999999999840e+00 3.229383549999999964e-02
2.294999999999999929e+00 3.369389440000000041e-02
2.395000000000000018e+00 3.517868269999999825e-02
2.495000000000000107e+00 3.679167839999999967e-02
2.595000000000000195e+00 3.855228580000000238e-02
2.694999999999999840e+00 4.047193069999999865e-02
2.794999999999999929e+00 4.256145559999999911e-02
2.895000000000000018e+00 4.483599280000000187e-02
2.995000000000000107e+00 4.731855420000000145e-02
3.095000000000000195e+00 5.002871859999999393e-02
3.194999999999999840e+00 5.297341850000000102e-02
3.294999999999999929e+00 5.614245269999999788e-02
3.395000000000000018e+00 5.950280120000000367e-02
3.495000000000000107e+00 6.302008240000001038e-02
3.595000000000000195e+00 6.668521789999999616e-02
3.694999999999999840e+00 7.053855879999999801e-02
3.794999999999999929e+00 7.464379509999999329e-02
3.895000000000000018e+00 7.898582179999999453e-02
3.995000000000000107e+00 8.338348670000000906e-02
4.089999999999999858e+00 8.734220880000000131e-02
4.190000000000000391e+00 9.106153229999999765e-02
4.290000000000000036e+00 9.431078369999999766e-02
4.389999999999999680e+00 9.726690839999999061e-02
4.490000000000000213e+00 1.001762347999999997e-01
4.589999999999999858e+00 1.032664285000000071e-01
4.690000000000000391e+00 1.067188241999999926e-01
4.790000000000000036e+00 1.106898872000000034e-01
4.889999999999999680e+00 1.153643565000000148e-01
4.990000000000000213e+00 1.209383122000000088e-01
5.089999999999999858e+00 1.275024620000000108e-01
5.190000000000000391e+00 1.349291546999999980e-01
5.290000000000000036e+00 1.428876968999999997e-01
5.389999999999999680e+00 1.510602642000000162e-01
5.490000000000000213e+00 1.594503730999999869e-01
5.589999999999999858e+00 1.684625586999999869e-01
5.690000000000000391e+00 1.786533925000000078e-01
5.790000000000000036e+00 1.904858688999999938e-01
5.889999999999999680e+00 2.043155879999999924e-01
5.990000000000000213e+00 2.205804420999999960e-01
6.084999999999999964e+00 2.388621811000000150e-01
6.184999999999999609e+00 2.615889740999999824e-01
6.285000000000000142e+00 2.876005260000000230e-01
6.384999999999999787e+00 3.150812780999999729e-01
6.485000000000000320e+00 3.407945695999999858e-01
6.584999999999999964e+00 3.614303077999999614e-01
6.684999999999999609e+00 3.755821447999999618e-01
6.785000000000000142e+00 3.843730710999999634e-01
6.884999999999999787e+00 3.899719935000000026e-01
6.985000000000000320e+00 3.940211559999999835e-01
7.084999999999999964e+00 3.976763095999999997e-01
7.184999999999999609e+00 4.020904116000000306e-01
7.285000000000000142e+00 4.081464170999999919e-01
7.384999999999999787e+00 4.162480923000000388e-01
7.485000000000000320e+00 4.267821258999999756e-01
7.584999999999999964e+00 4.403286965999999580e-01
7.684999999999999609e+00 4.575900457000000587e-01
7.785000000000000142e+00 4.790821987000000171e-01
7.884999999999999787e+00 5.049303098999999850e-01
7.985000000000000320e+00 5.349581409999999426e-01
8.080000000000000071e+00 5.670422830000000358e-01
8.179999999999999716e+00 6.038819233000000120e-01
8.279999999999999361e+00 6.425416404999999553e-01
8.380000000000000782e+00 6.813074110999999267e-01
8.480000000000000426e+00 7.187614628000000838e-01
8.580000000000000071e+00 7.539872283999999869e-01
8.679999999999999716e+00 7.863895187000000675e-01
8.779999999999999361e+00 8.155103419000000464e-01
8.880000000000000782e+00 8.413727187999999746e-01
8.980000000000000426e+00 8.650385898999999323e-01
9.080000000000000071e+00 8.881875055999999269e-01
9.179999999999999716e+00 9.122022023000000424e-01
9.279999999999999361e+00 9.382290570000000329e-01
9.380000000000000782e+00 9.672864592000000039e-01
9.480000000000000426e+00 9.991420653999999457e-01
9.580000000000000071e+00 1.031857591899999926e+00
9.679999999999999716e+00 1.063711061200000030e+00
9.779999999999999361e+00 1.094982884500000031e+00
9.880000000000000782e+00 1.127625269499999972e+00
9.980000000000000426e+00 1.164192436400000030e+00
1.007499999999999929e+01 1.205222846999999931e+00
1.017500000000000071e+01 1.257452663200000043e+00
1.027500000000000036e+01 1.318653617799999900e+00
1.037500000000000000e+01 1.383225712800000062e+00
1.047499999999999964e+01 1.441782231599999964e+00
1.057499999999999929e+01 1.488019906499999934e+00
1.067500000000000071e+01 1.524986422900000083e+00
1.077500000000000036e+01 1.563037192599999958e+00
1.087500000000000000e+01 1.612981561399999819e+00
1.097499999999999964e+01 1.680267566900000009e+00
1.107499999999999929e+01 1.762211486800000060e+00
1.117500000000000071e+01 1.847955614199999985e+00
1.127500000000000036e+01 1.924381199199999948e+00
1.137500000000000000e+01 1.985520905200000019e+00
1.147499999999999964e+01 2.036429935600000185e+00
1.157499999999999929e+01 2.086874502299999712e+00
1.167500000000000071e+01 2.144746017800000182e+00
1.177500000000000036e+01 2.215338245699999931e+00
1.187500000000000000e+01 2.303384901399999851e+00
1.197499999999999964e+01 2.414518635999999940e+00
1.207000000000000028e+01 2.547650812699999712e+00
1.216999999999999993e+01 2.722187029499999689e+00
1.226999999999999957e+01 2.934175437399999975e+00
1.236999999999999922e+01 3.183085943900000103e+00
1.247000000000000064e+01 3.467467234699999956e+00
1.257000000000000028e+01 3.784055738800000235e+00
1.266999999999999993e+01 4.123298205299999353e+00
1.276999999999999957e+01 4.468384557800000323e+00
1.286999999999999922e+01 4.806158127399999813e+00
1.297000000000000064e+01 5.141683247499999609e+00
1.307000000000000028e+01 5.499852156299999351e+00
1.316999999999999993e+01 5.906632733699999527e+00
1.326999999999999957e+01 6.369038283100000086e+00
1.336999999999999922e+01 6.865639711600000084e+00
1.347000000000000064e+01 7.342101424800000053e+00
1.357000000000000028e+01 7.715063000800000736e+00
1.366999999999999993e+01 7.903377033699999998e+00
1.376999999999999957e+01 7.877792447300000056e+00
1.386999999999999922e+01 7.675687156900000474e+00
1.397000000000000064e+01 7.361514068900000041e+00
1.406499999999999950e+01 7.009793366700000306e+00
1.416499999999999915e+01 6.628089711899999514e+00
1.426500000000000057e+01 6.275437655700000228e+00
1.436500000000000021e+01 5.980788765199999801e+00
1.446499999999999986e+01 5.758417511200000227e+00
1.456499999999999950e+01 5.612756433799999556e+00
1.466499999999999915e+01 5.539909059899999377e+00
1.476500000000000057e+01 5.529047912300000256e+00
1.486500000000000021e+01 5.567780855100000537e+00
1.496499999999999986e+01 5.645639432799999469e+00
1.506499999999999950e+01 5.750534862500000344e+00
1.516499999999999915e+01 5.860382476799999907e+00
1.526500000000000057e+01 5.941559638100000207e+00
1.536500000000000021e+01 5.962139131899999889e+00
1.546499999999999986e+01 5.912442066500000593e+00
1.556499999999999950e+01 5.813277477100000645e+00
1.566499999999999915e+01 5.698543488800000389e+00
1.576500000000000057e+01 5.588797964799999463e+00
1.586500000000000021e+01 5.480080911099999952e+00
1.596499999999999986e+01 5.353253993999999238e+00
1.605999999999999872e+01 5.204106582799999714e+00
1.616000000000000014e+01 5.022484459799999357e+00
1.626000000000000156e+01 4.832923442300000261e+00
1.635999999999999943e+01 4.653895952300000083e+00
1.646000000000000085e+01 4.501278359300000531e+00
1.655999999999999872e+01 4.385303444399999862e+00
1.666000000000000014e+01 4.304007933899999472e+00
1.676000000000000156e+01 4.240938072699999672e+00
1.685999999999999943e+01 4.173814162200000233e+00
1.696000000000000085e+01 4.089178363900000335e+00
1.705999999999999872e+01 3.991593662699999712e+00
1.716000000000000014e+01 3.898896110599999965e+00
1.726000000000000156e+01 3.828451903000000378e+00
1.735999999999999943e+01 3.787917391800000200e+00
1.746000000000000085e+01 3.773485563000000376e+00
1.755999999999999872e+01 3.770700150100000148e+00
1.766000000000000014e+01 3.760294255799999874e+00
1.776000000000000156e+01 3.729974660799999953e+00
1.785999999999999943e+01 3.682412745799999776e+00
1.796000000000000085e+01 3.632303161400000313e+00
1.805499999999999972e+01 3.598309518000000207e+00
1.815500000000000114e+01 3.589727239299999706e+00
1.825499999999999901e+01 3.616767089900000176e+00
1.835500000000000043e+01 3.681416665199999994e+00
1.845499999999999829e+01 3.778480147399999822e+00
1.855499999999999972e+01 3.896241450299999798e+00
1.865500000000000114e+01 4.020049142899999595e+00
1.875499999999999901e+01 4.139739967999999770e+00
1.885500000000000043e+01 4.257145648099999846e+00
1.895499999999999829e+01 4.383975624699999685e+00
1.905499999999999972e+01 4.529930715199999902e+00
1.915500000000000114e+01 4.690599888800000450e+00
1.925499999999999901e+01 4.842052767000000202e+00
1.935500000000000043e+01 4.947174305199999900e+00
1.945499999999999829e+01 4.971798652299999510e+00
1.955499999999999972e+01 4.898125760300000131e+00
1.965500000000000114e+01 4.729798125900000372e+00
1.975499999999999901e+01 4.491640352100000122e+00
1.985500000000000043e+01 4.219233019499999848e+00
1.995499999999999829e+01 3.941343746200000275e+00
2.005000000000000071e+01 3.684418415500000155e+00
2.014999999999999858e+01 3.423971058499999831e+00
2.025000000000000000e+01 3.172907019899999792e+00
2.035000000000000142e+01 2.930087245800000240e+00
2.044999999999999929e+01 2.694605200899999886e+00
2.055000000000000071e+01 2.467604396600000083e+00
2.064999999999999858e+01 2.255569892100000029e+00
2.075000000000000000e+01 2.068632709600000119e+00
2.085000000000000142e+01 1.913711379400000023e+00
2.094999999999999929e+01 1.790086111299999949e+00
2.105000000000000071e+01 1.690772376099999974e+00
2.114999999999999858e+01 1.606953918799999936e+00
2.125000000000000000e+01 1.531962577599999875e+00
2.135000000000000142e+01 1.461940614900000046e+00
2.144999999999999929e+01 1.394157284799999896e+00
2.155000000000000071e+01 1.326054257899999866e+00
2.164999999999999858e+01 1.256110435399999892e+00
2.175000000000000000e+01 1.185633325099999968e+00
2.185000000000000142e+01 1.118766162200000025e+00
2.194999999999999929e+01 1.059924471900000054e+00
2.204500000000000171e+01 1.013639504499999955e+00
2.214499999999999957e+01 9.749268120999999843e-01
2.224500000000000099e+01 9.443889173000000747e-01
2.234499999999999886e+01 9.184359099999999110e-01
2.244500000000000028e+01 8.926109543999999341e-01
2.254500000000000171e+01 8.630132559000001091e-01
2.264499999999999957e+01 8.280941331000000183e-01
2.274500000000000099e+01 7.892526895999999459e-01
2.284499999999999886e+01 7.497554964000000544e-01
2.294500000000000028e+01 7.130539275000000732e-01
2.304500000000000171e+01 6.815108047000000280e-01
2.314499999999999957e+01 6.559997382999999127e-01
2.324500000000000099e+01 6.358936494999999356e-01
2.334499999999999886e+01 6.193612276000000083e-01
2.344500000000000028e+01 6.041068776999999335e-01
2.354500000000000171e+01 5.881806321000000448e-01
2.364499999999999957e+01 5.704851726999999872e-01
2.374500000000000099e+01 5.509717148000000675e-01
2.384499999999999886e+01 5.305119024000000127e-01
2.394500000000000028e+01 5.103434220000000465e-01
2.403999999999999915e+01 4.922353040000000401e-01
2.414000000000000057e+01 4.742987073000000109e-01
2.423999999999999844e+01 4.569555128000000188e-01
2.433999999999999986e+01 4.396903365000000008e-01
2.444000000000000128e+01 4.224296670000000087e-01
2.453999999999999915e+01 4.054809711000000316e-01
2.464000000000000057e+01 3.892801016000000391e-01
2.473999999999999844e+01 3.742082432000000125e-01
2.483999999999999986e+01 3.606073519999999921e-01
2.494000000000000128e+01 3.487387068999999729e-01
2.503999999999999915e+01 3.385175971000000117e-01
2.514000000000000057e+01 3.293982191000000004e-01
2.523999999999999844e+01 3.206891013000000012e-01
2.533999999999999986e+01 3.120530718999999786e-01
2.544000000000000128e+01 3.036859940000000146e-01
2.553999999999999915e+01 2.960755555999999844e-01
2.564000000000000057e+01 2.897128837000000345e-01
2.573999999999999844e+01 2.850124607000000254e-01
2.583999999999999986e+01 2.823272520999999813e-01
2.594000000000000128e+01 2.818892264999999786e-01
2.603500000000000014e+01 2.834408359000000210e-01
2.613500000000000156e+01 2.863987800000000195e-01
2.623499999999999943e+01 2.893746128999999945e-01
2.633500000000000085e+01 2.911060638999999894e-01
2.643499999999999872e+01 2.911119811999999807e-01
2.653500000000000014e+01 2.896883446999999889e-01
2.663500000000000156e+01 2.873817120000000114e-01
2.673499999999999943e+01 2.845898477999999621e-01
2.683500000000000085e+01 2.815127866000000090e-01
2.693499999999999872e+01 2.783538801000000062e-01
2.703500000000000014e+01 2.754720485000000108e-01
2.713500000000000156e+01 2.732595137000000118e-01
2.723499999999999943e+01 2.718851533999999681e-01
2.733500000000000085e+01 2.713351058999999843e-01
2.743499999999999872e+01 2.715848005000000009e-01
2.753500000000000014e+01 2.724663385000000160e-01
2.763500000000000156e+01 2.734239190000000153e-01
2.773499999999999943e+01 2.737464949000000258e-01
2.783500000000000085e+01 2.731765456999999953e-01
2.793499999999999872e+01 2.720563610999999771e-01
2.803000000000000114e+01 2.709617451999999926e-01
2.812999999999999901e+01 2.699794876000000121e-01
2.823000000000000043e+01 2.688634396000000315e-01
2.832999999999999829e+01 2.668923013000000233e-01
2.842999999999999972e+01 2.633650109999999822e-01
2.853000000000000114e+01 2.581487293999999988e-01
2.862999999999999901e+01 2.518231678000000251e-01
2.873000000000000043e+01 2.453298778999999930e-01
2.882999999999999829e+01 2.395347842999999977e-01
2.892999999999999972e+01 2.349346503000000197e-01
2.903000000000000114e+01 2.315054299000000038e-01
2.912999999999999901e+01 2.288084224000000166e-01
2.923000000000000043e+01 2.262024476999999756e-01
2.932999999999999829e+01 2.230763495000000207e-01
2.942999999999999972e+01 2.191073432999999793e-01
2.953000000000000114e+01 2.143812984000000033e-01
2.962999999999999901e+01 2.092064103999999869e-01
2.973000000000000043e+01 2.038662290000000099e-01
2.982999999999999829e+01 1.985991002999999977e-01
2.992999999999999972e+01 1.937220597000000044e-01
3.002499999999999858e+01 1.898551124000000256e-01
3.012500000000000000e+01 1.870023276000000179e-01
3.022500000000000142e+01 1.855784149999999966e-01
3.032499999999999929e+01 1.853164761000000160e-01
3.042500000000000071e+01 1.855242341000000184e-01
3.052499999999999858e+01 1.853389350000000102e-01
3.062500000000000000e+01 1.839690657999999979e-01
3.072500000000000142e+01 1.808810061000000191e-01
3.082499999999999929e+01 1.760226324000000175e-01
3.092500000000000071e+01 1.698424282000000063e-01
3.102499999999999858e+01 1.630449629000000067e-01
3.112500000000000000e+01 1.563019445999999923e-01
3.122500000000000142e+01 1.500189256999999998e-01
3.132499999999999929e+01 1.442568298999999943e-01
3.142500000000000071e+01 1.388747372999999952e-01
3.152499999999999858e+01 1.337545639000000119e-01
3.162500000000000000e+01 1.289049379000000162e-01
3.172500000000000142e+01 1.244338626000000003e-01
3.182499999999999929e+01 1.204583122000000006e-01
3.192500000000000071e+01 1.170404901000000053e-01
3.202000000000000313e+01 1.142934713000000047e-01
3.211999999999999744e+01 1.118483272000000139e-01
3.221999999999999886e+01 1.097830428000000080e-01
3.232000000000000028e+01 1.080708451000000070e-01
3.242000000000000171e+01 1.066888705999999853e-01
3.252000000000000313e+01 1.055615518000000003e-01
3.261999999999999744e+01 1.045852291000000100e-01
3.271999999999999886e+01 1.036825835999999890e-01
3.282000000000000028e+01 1.028248512999999920e-01
3.292000000000000171e+01 1.020238214000000060e-01
3.302000000000000313e+01 1.012848457999999952e-01
3.311999999999999744e+01 1.005400283000000006e-01
3.321999999999999886e+01 9.964743809999999924e-02
3.332000000000000028e+01 9.845216179999999317e-02
3.342000000000000171e+01 9.685737359999999074e-02
3.352000000000000313e+01 9.489066780000000867e-02
3.361999999999999744e+01 9.274461089999999630e-02
3.371999999999999886e+01 9.072786130000000393e-02
3.382000000000000028e+01 8.914188940000000727e-02
3.392000000000000171e+01 8.815545660000000117e-02
3.401500000000000057e+01 8.775600220000000229e-02
3.411500000000000199e+01 8.773333869999999646e-02
3.421500000000000341e+01 8.787835709999999856e-02
3.431499999999999773e+01 8.797390399999999167e-02
3.441499999999999915e+01 8.791372059999999489e-02
3.451500000000000057e+01 8.771355740000000289e-02
3.461500000000000199e+01 8.743228540000000382e-02
3.471500000000000341e+01 8.707954830000000368e-02
3.481499999999999773e+01 8.658171359999999872e-02
3.491499999999999915e+01 8.581084340000000310e-02
3.501500000000000057e+01 8.468319109999999927e-02
3.511500000000000199e+01 8.324603790000000003e-02
3.521500000000000341e+01 8.163655969999999984e-02
3.531499999999999773e+01 7.999683320000000597e-02
3.541499999999999915e+01 7.845884640000000410e-02
3.551500000000000057e+01 7.715930890000000097e-02
3.561500000000000199e+01 7.621598090000000769e-02
3.571500000000000341e+01 7.569226969999999499e-02
3.581499999999999773e+01 7.557226910000000575e-02
3.591499999999999915e+01 7.575379379999999663e-02
3.600999999999999801e+01 7.602750799999999365e-02
3.610999999999999943e+01 7.614393860000000236e-02
3.621000000000000085e+01 7.579650609999999400e-02
3.631000000000000227e+01 7.487773550000000056e-02
3.640999999999999659e+01 7.353572710000000345e-02
3.650999999999999801e+01 7.203372199999999448e-02
3.660999999999999943e+01 7.057996719999999613e-02
3.671000000000000085e+01 6.925482519999999476e-02
3.681000000000000227e+01 6.804902279999999748e-02
3.690999999999999659e+01 6.694431350000000502e-02
3.700999999999999801e+01 6.593548770000000336e-02
3.710999999999999943e+01 6.500610730000000448e-02
3.721000000000000085e+01 6.413886909999999553e-02
3.731000000000000227e+01 6.335810100000000000e-02
3.740999999999999659e+01 6.272316690000000194e-02
3.750999999999999801e+01 6.224871790000000016e-02
3.760999999999999943e+01 6.184351170000000619e-02
3.771000000000000085e+01 6.134947329999999865e-02
3.781000000000000227e+01 6.064709659999999863e-02
3.790999999999999659e+01 5.974179090000000109e-02
3.800500000000000256e+01 5.880547919999999651e-02
3.810499999999999687e+01 5.788745740000000861e-02
3.820499999999999829e+01 5.712259699999999718e-02
3.830499999999999972e+01 5.649009740000000140e-02
3.840500000000000114e+01 5.588718839999999577e-02
3.850500000000000256e+01 5.518177259999999806e-02
3.860499999999999687e+01 5.426805910000000177e-02
3.870499999999999829e+01 5.311735609999999885e-02
3.880499999999999972e+01 5.178875289999999854e-02
3.890500000000000114e+01 5.039241579999999970e-02
3.900500000000000256e+01 4.902806919999999624e-02
3.910499999999999687e+01 4.774543629999999927e-02
3.920499999999999829e+01 4.654700970000000271e-02
3.930499999999999972e+01 4.541845919999999703e-02
3.940500000000000114e+01 4.435232520000000067e-02
3.950500000000000256e+01 4.335452000000000056e-02
3.960499999999999687e+01 4.244187430000000150e-02
3.970499999999999829e+01 4.164031480000000146e-02
3.980499999999999972e+01 4.098434490000000402e-02
3.990500000000000114e+01 4.050746439999999837e-02
