1.000000000000000056e-01 9.649785799999999539e-03
2.000000000000000111e-01 1.122365749999999947e-02
2.999999999999999889e-01 1.207357979999999949e-02
4.000000000000000222e-01 1.320895719999999954e-02
5.000000000000000000e-01 1.440730370000000045e-02
5.999999999999999778e-01 1.546862379999999933e-02
6.999999999999999556e-01 1.638317300000000087e-02
8.000000000000000444e-01 1.726574800000000090e-02
9.000000000000000222e-01 1.823573800000000134e-02
1.000000000000000000e+00 1.936125379999999868e-02
1.100000000000000089e+00 2.066279039999999873e-02
1.199999999999999956e+00 2.213905550000000097e-02
1.300000000000000044e+00 2.378427870000000138e-02
1.399999999999999911e+00 2.559272989999999970e-02
1.500000000000000000e+00 2.755802040000000092e-02
1.600000000000000089e+00 2.965961739999999763e-02
1.699999999999999956e+00 3.184371620000000375e-02
1.800000000000000044e+00 3.400820270000000367e-02
1.899999999999999911e+00 3.602933829999999810e-02
2.000000000000000000e+00 3.784107910000000102e-02
2.095000000000000195e+00 3.941402530000000237e-02
2.194999999999999840e+00 4.103472960000000003e-02
2.294999999999999929e+00 4.273516050000000094e-02
2.395000000000000018e+00 4.458623879999999706e-02
2.495000000000000107e+00 4.661946599999999830e-02
2.595000000000000195e+00 4.884784550000000058e-02
2.694999999999999840e+00 5.128018319999999575e-02
2.794999999999999929e+00 5.392892800000000098e-02
2.895000000000000018e+00 5.680993039999999994e-02
2.995000000000000107e+00 5.994184530000000455e-02
3.095000000000000195e+00 6.334518249999999961e-02
3.194999999999999840e+00 6.703463369999999866e-02
3.294999999999999929e+00 7.100862820000000686e-02
3.395000000000000018e+00 7.524210189999999687e-02
3.495000000000000107e+00 7.970564219999999589e-02
3.595000000000000195e+00 8.440288129999999611e-02
3.694999999999999840e+00 8.939483549999999168e-02
3.794999999999999929e+00 9.473797970000000235e-02
3.895000000000000018e+00 1.003782850999999920e-01
3.995000000000000107e+00 1.060770746999999958e-01
4.089999999999999858e+00 1.112396360999999972e-01
4.190000000000000391e+00 1.161712409000000001e-01
4.290000000000000036e+00 1.205570702000000050e-01
4.389999999999999680e+00 1.245684313999999987e-01
4.490000000000000213e+00 1.285061794000000035e-01
4.589999999999999858e+00 1.326989878000000012e-01
4.690000000000000391e+00 1.374392104000000114e-01
4.790000000000000036e+00 1.429832756999999954e-01
4.889999999999999680e+00 1.495983687000000117e-01
4.990000000000000213e+00 1.575401609999999841e-01
5.089999999999999858e+00 1.669217303999999957e-01
5.190000000000000391e+00 1.776210589999999978e-01
5.290000000000000036e+00 1.892919844000000018e-01
5.389999999999999680e+00 2.016167023000000058e-01
5.490000000000000213e+00 2.146336456000000059e-01
5.589999999999999858e+00 2.288151290000000060e-01
5.690000000000000391e+00 2.448179916999999872e-01
5.790000000000000036e+00 2.632787481000000152e-01
5.889999999999999680e+00 2.847933744999999739e-01
5.990000000000000213e+00 3.100084488000000027e-01
6.084999999999999964e+00 3.378476221000000224e-01
6.184999999999999609e+00 3.707386161999999818e-01
6.285000000000000142e+00 4.047438458000000017e-01
6.384999999999999787e+00 4.351786840999999906e-01
6.485000000000000320e+00 4.574768555000000014e-01
6.584999999999999964e+00 4.702202797000000212e-01
6.684999999999999609e+00 4.758588563000000216e-01
6.785000000000000142e+00 4.782725058000000251e-01
6.884999999999999787e+00 4.802220171000000093e-01
6.985000000000000320e+00 4.833862451000000005e-01
7.084999999999999964e+00 4.894331843999999432e-01
7.184999999999999609e+00 4.998567054000000454e-01
7.285000000000000142e+00 5.151430410999999765e-01
7.384999999999999787e+00 5.349004975000000162e-01
7.485000000000000320e+00 5.586981352000000012e-01
7.584999999999999964e+00 5.866402525999999673e-01
7.684999999999999609e+00 6.192501042000000400e-01
7.785000000000000142e+00 6.568637623999999953e-01
7.884999999999999787e+00 6.992391660999999203e-01
7.985000000000000320e+00 7.458926699999999244e-01
8.080000000000000071e+00 7.939543865000000533e-01
8.179999999999999716e+00 8.480745846999999671e-01
8.279999999999999361e+00 9.049771832999999877e-01
8.380000000000000782e+00 9.641141458999999969e-01
8.480000000000000426e+00 1.025352045200000006e+00
8.580000000000000071e+00 1.088497664999999781e+00
8.679999999999999716e+00 1.152640794099999866e+00
8.779999999999999361e+00 1.215576505300000054e+00
8.880000000000000782e+00 1.274061086100000129e+00
8.980000000000000426e+00 1.325049375199999879e+00
9.080000000000000071e+00 1.366933168100000096e+00
9.179999999999999716e+00 1.400965581499999946e+00
9.279999999999999361e+00 1.430917324299999960e+00
9.380000000000000782e+00 1.459394171000000018e+00
9.480000000000000426e+00 1.486407699699999974e+00
9.580000000000000071e+00 1.512573226300000018e+00
9.679999999999999716e+00 1.541365460600000015e+00
9.779999999999999361e+00 1.577557321700000070e+00
9.880000000000000782e+00 1.625803467499999932e+00
9.980000000000000426e+00 1.690491471500000120e+00
1.007499999999999929e+01 1.769190480700000068e+00
1.017500000000000071e+01 1.867128436799999847e+00
1.027500000000000036e+01 1.970345841799999942e+00
1.037500000000000000e+01 2.064284329199999934e+00
1.047499999999999964e+01 2.139003807499999965e+00
1.057499999999999929e+01 2.198912428299999888e+00
1.067500000000000071e+01 2.261506267999999764e+00
1.077500000000000036e+01 2.344231691800000128e+00
1.087500000000000000e+01 2.452251568699999940e+00
1.097499999999999964e+01 2.574840299699999946e+00
1.107499999999999929e+01 2.691836357899999754e+00
1.117500000000000071e+01 2.788714857300000016e+00
1.127500000000000036e+01 2.868696709299999981e+00
1.137500000000000000e+01 2.950075689400000201e+00
1.147499999999999964e+01 3.053441758499999992e+00
1.157499999999999929e+01 3.193826829799999878e+00
1.167500000000000071e+01 3.379855143299999920e+00
1.177500000000000036e+01 3.616033327299999822e+00
1.187500000000000000e+01 3.904796240999999668e+00
1.197499999999999964e+01 4.247718876600000470e+00
1.207000000000000028e+01 4.625825925500000046e+00
1.216999999999999993e+01 5.081865465799999981e+00
1.226999999999999957e+01 5.593569808899999884e+00
1.236999999999999922e+01 6.130961132999999563e+00
1.247000000000000064e+01 6.627405854000000929e+00
1.257000000000000028e+01 7.009338166699999206e+00
1.266999999999999993e+01 7.249166116800000559e+00
1.276999999999999957e+01 7.380035190100000086e+00
1.286999999999999922e+01 7.459837582899999653e+00
1.297000000000000064e+01 7.527990496000000142e+00
1.307000000000000028e+01 7.589860244300000502e+00
1.316999999999999993e+01 7.631961229699999905e+00
1.326999999999999957e+01 7.643667058000000125e+00
1.336999999999999922e+01 7.623071876600000074e+00
1.347000000000000064e+01 7.575278007699999705e+00
1.357000000000000028e+01 7.518295446699999829e+00
1.366999999999999993e+01 7.474590671199999647e+00
1.376999999999999957e+01 7.446838596999999282e+00
1.386999999999999922e+01 7.412495791899999631e+00
1.397000000000000064e+01 7.347242328400000133e+00
1.406499999999999950e+01 7.257182019900000114e+00
1.416499999999999915e+01 7.160225068600000853e+00
1.426500000000000057e+01 7.094149342799999758e+00
1.436500000000000021e+01 7.075423513200000514e+00
1.446499999999999986e+01 7.101777844599999945e+00
1.456499999999999950e+01 7.163441842500000156e+00
1.466499999999999915e+01 7.247788868900000736e+00
1.476500000000000057e+01 7.334956354800000078e+00
1.486500000000000021e+01 7.399100731599999925e+00
1.496499999999999986e+01 7.416862463599999344e+00
1.506499999999999950e+01 7.368488367600000366e+00
1.516499999999999915e+01 7.234680502499999832e+00
1.526500000000000057e+01 7.006778377699999893e+00
1.536500000000000021e+01 6.700597268199999235e+00
1.546499999999999986e+01 6.351921330700000645e+00
1.556499999999999950e+01 5.997472574499999709e+00
1.566499999999999915e+01 5.663336449700000053e+00
1.576500000000000057e+01 5.366108280900000693e+00
1.586500000000000021e+01 5.115767655499999123e+00
1.596499999999999986e+01 4.914836048599999785e+00
1.605999999999999872e+01 4.764182324900000154e+00
1.616000000000000014e+01 4.637007584100000024e+00
1.626000000000000156e+01 4.529259755500000040e+00
1.635999999999999943e+01 4.428821261799999576e+00
1.646000000000000085e+01 4.326510499300000312e+00
1.655999999999999872e+01 4.219020679699999832e+00
1.666000000000000014e+01 4.111089093699999530e+00
1.676000000000000156e+01 4.013264985500000215e+00
1.685999999999999943e+01 3.935235864300000053e+00
1.696000000000000085e+01 3.881482713500000070e+00
1.705999999999999872e+01 3.852287813699999841e+00
1.716000000000000014e+01 3.844900179299999721e+00
1.726000000000000156e+01 3.852624789199999622e+00
1.735999999999999943e+01 3.865177885900000110e+00
1.746000000000000085e+01 3.870677267799999655e+00
1.755999999999999872e+01 3.860476405400000033e+00
1.766000000000000014e+01 3.834769065299999724e+00
1.776000000000000156e+01 3.800597848400000256e+00
1.785999999999999943e+01 3.765152931000000258e+00
1.796000000000000085e+01 3.736120678000000250e+00
1.805499999999999972e+01 3.723700800600000083e+00
1.815500000000000114e+01 3.733668403699999860e+00
1.825499999999999901e+01 3.765179542699999882e+00
1.835500000000000043e+01 3.806484228099999978e+00
1.845499999999999829e+01 3.842059465300000198e+00
1.855499999999999972e+01 3.861168510299999745e+00
1.865500000000000114e+01 3.863080662500000262e+00
1.875499999999999901e+01 3.853882309200000300e+00
1.885500000000000043e+01 3.836936986100000002e+00
1.895499999999999829e+01 3.805264039099999884e+00
1.905499999999999972e+01 3.742042590700000115e+00
1.915500000000000114e+01 3.631546741300000214e+00
1.925499999999999901e+01 3.473675926099999867e+00
1.935500000000000043e+01 3.283445591500000038e+00
1.945499999999999829e+01 3.075111901600000142e+00
1.955499999999999972e+01 2.854149444199999941e+00
1.965500000000000114e+01 2.624611231299999847e+00
1.975499999999999901e+01 2.395980379900000123e+00
1.985500000000000043e+01 2.179898021400000108e+00
1.995499999999999829e+01 1.984375859699999856e+00
2.005000000000000071e+01 1.820539640999999875e+00
2.014999999999999858e+01 1.671299851399999925e+00
2.025000000000000000e+01 1.544898253800000010e+00
2.035000000000000142e+01 1.439330572700000088e+00
2.044999999999999929e+01 1.350938522899999938e+00
2.055000000000000071e+01 1.274503841899999879e+00
2.064999999999999858e+01 1.204454558399999931e+00
2.075000000000000000e+01 1.137025748100000122e+00
2.085000000000000142e+01 1.071912731000000063e+00
2.094999999999999929e+01 1.011567348200000049e+00
2.105000000000000071e+01 9.589062613000000068e-01
2.114999999999999858e+01 9.152021382999999677e-01
2.125000000000000000e+01 8.793262940999999611e-01
2.135000000000000142e+01 8.486169696000001039e-01
2.144999999999999929e+01 8.205637382000000590e-01
2.155000000000000071e+01 7.940267656999999701e-01
2.164999999999999858e+01 7.690901622000000382e-01
2.175000000000000000e+01 7.458204378999999662e-01
2.185000000000000142e+01 7.235809668999999555e-01
2.194999999999999929e+01 7.016225654000000089e-01
2.204500000000000171e+01 6.808474079999999873e-01
2.214499999999999957e+01 6.593421877000000819e-01
2.224500000000000099e+01 6.386981860000000566e-01
2.234499999999999886e+01 6.194100549000000067e-01
2.244500000000000028e+01 6.015931891999999337e-01
2.254500000000000171e+01 5.846339995000000567e-01
2.264499999999999957e+01 5.674098185000000516e-01
2.274500000000000099e+01 5.488402829999999843e-01
2.284499999999999886e+01 5.284213529000000298e-01
2.294500000000000028e+01 5.066364164000000114e-01
2.304500000000000171e+01 4.849235177999999813e-01
2.314499999999999957e+01 4.651331041999999805e-01
2.324500000000000099e+01 4.488297501999999883e-01
2.334499999999999886e+01 4.366746233999999616e-01
2.344500000000000028e+01 4.280923936000000096e-01
2.354500000000000171e+01 4.214102486999999897e-01
2.364499999999999957e+01 4.145417346999999975e-01
2.374500000000000099e+01 4.059819946999999596e-01
2.384499999999999886e+01 3.954501416000000269e-01
2.394500000000000028e+01 3.837112040999999807e-01
2.403999999999999915e+01 3.724866491000000113e-01
2.414000000000000057e+01 3.614725085000000115e-01
2.423999999999999844e+01 3.515599338000000018e-01
2.433999999999999986e+01 3.422661616000000073e-01
2.444000000000000128e+01 3.326433903000000081e-01
2.453999999999999915e+01 3.219690452999999786e-01
2.464000000000000057e+01 3.102319605000000147e-01
2.473999999999999844e+01 2.980741212999999945e-01
2.483999999999999986e+01 2.864105992000000045e-01
2.494000000000000128e+01 2.760294902000000050e-01
2.503999999999999915e+01 2.673402391999999961e-01
2.514000000000000057e+01 2.604016939000000086e-01
2.523999999999999844e+01 2.550791609999999987e-01
2.533999999999999986e+01 2.511050086000000126e-01
2.544000000000000128e+01 2.480306992000000099e-01
2.553999999999999915e+01 2.453380532999999974e-01
2.564000000000000057e+01 2.427272154999999820e-01
2.573999999999999844e+01 2.402431309999999987e-01
2.583999999999999986e+01 2.380725814000000107e-01
2.594000000000000128e+01 2.362542274999999969e-01
2.603500000000000014e+01 2.346829125999999877e-01
2.613500000000000156e+01 2.329742224999999944e-01
2.623499999999999943e+01 2.311618498999999938e-01
2.633500000000000085e+01 2.294228799999999957e-01
2.643499999999999872e+01 2.280075018000000120e-01
2.653500000000000014e+01 2.270432373999999864e-01
2.663500000000000156e+01 2.264559470999999991e-01
2.673499999999999943e+01 2.260398351999999833e-01
2.683500000000000085e+01 2.255656664000000033e-01
2.693499999999999872e+01 2.249027581999999970e-01
2.703500000000000014e+01 2.241761975000000073e-01
2.713500000000000156e+01 2.237923605000000093e-01
2.723499999999999943e+01 2.242078772999999969e-01
2.733500000000000085e+01 2.256598613999999947e-01
2.743499999999999872e+01 2.281234575000000153e-01
2.753500000000000014e+01 2.314026393999999986e-01
2.763500000000000156e+01 2.351251891000000205e-01
2.773499999999999943e+01 2.387601811000000240e-01
2.783500000000000085e+01 2.418120302999999804e-01
2.793499999999999872e+01 2.440367565000000072e-01
2.803000000000000114e+01 2.453800845000000119e-01
2.812999999999999901e+01 2.461371160999999974e-01
2.823000000000000043e+01 2.464276323999999851e-01
2.832999999999999829e+01 2.463933871999999803e-01
2.842999999999999972e+01 2.459954876000000068e-01
2.853000000000000114e+01 2.450380611999999902e-01
2.862999999999999901e+01 2.431742205999999906e-01
2.873000000000000043e+01 2.400400766999999935e-01
2.882999999999999829e+01 2.355877882000000090e-01
2.892999999999999972e+01 2.301905134999999991e-01
2.903000000000000114e+01 2.242674452999999790e-01
2.912999999999999901e+01 2.179315049000000171e-01
2.923000000000000043e+01 2.111590442000000067e-01
2.932999999999999829e+01 2.041948336999999947e-01
2.942999999999999972e+01 1.975388822000000155e-01
2.953000000000000114e+01 1.915216372000000111e-01
2.962999999999999901e+01 1.860814641999999908e-01
2.973000000000000043e+01 1.809813522999999813e-01
2.982999999999999829e+01 1.761368645999999982e-01
2.992999999999999972e+01 1.716693898000000162e-01
3.002499999999999858e+01 1.679267160999999842e-01
3.012500000000000000e+01 1.646150798000000082e-01
3.022500000000000142e+01 1.619687650000000145e-01
3.032499999999999929e+01 1.599266994999999913e-01
3.042500000000000071e+01 1.583763917000000077e-01
3.052499999999999858e+01 1.572147420999999712e-01
3.062500000000000000e+01 1.563493304999999944e-01
3.072500000000000142e+01 1.556359412999999969e-01
3.082499999999999929e+01 1.547134748000000004e-01
3.092500000000000071e+01 1.529858125999999929e-01
3.102499999999999858e+01 1.498431758000000058e-01
3.112500000000000000e+01 1.450842997000000023e-01
3.122500000000000142e+01 1.391766818000000072e-01
3.132499999999999929e+01 1.329457836000000059e-01
3.142500000000000071e+01 1.270110983999999943e-01
3.152499999999999858e+01 1.215900486000000003e-01
3.162500000000000000e+01 1.166892847000000066e-01
3.172500000000000142e+01 1.123095789999999927e-01
3.182499999999999929e+01 1.084903204000000065e-01
3.192500000000000071e+01 1.052701020999999848e-01
3.202000000000000313e+01 1.027775583999999964e-01
3.211999999999999744e+01 1.007585793999999924e-01
3.221999999999999886e+01 9.936925570000000596e-02
3.232000000000000028e+01 9.855439399999998962e-02
3.242000000000000171e+01 9.810933069999999701e-02
3.252000000000000313e+01 9.771233900000000916e-02
3.261999999999999744e+01 9.706280149999998996e-02
3.271999999999999886e+01 9.600653840000000772e-02
3.282000000000000028e+01 9.458733650000000770e-02
3.292000000000000171e+01 9.301125229999999966e-02
3.302000000000000313e+01 9.152129119999999340e-02
3.311999999999999744e+01 9.025798190000000609e-02
3.321999999999999886e+01 8.920687509999999931e-02
3.332000000000000028e+01 8.829035350000000171e-02
3.342000000000000171e+01 8.750382019999999872e-02
3.352000000000000313e+01 8.691703060000000036e-02
3.361999999999999744e+01 8.658129009999999959e-02
3.371999999999999886e+01 8.650180659999999466e-02
3.382000000000000028e+01 8.665573199999999920e-02
3.392000000000000171e+01 8.696068009999999293e-02
3.401500000000000057e+01 8.721999419999999781e-02
3.411500000000000199e+01 8.720036170000000642e-02
3.421500000000000341e+01 8.665381219999999940e-02
3.431499999999999773e+01 8.553487630000000674e-02
3.441499999999999915e+01 8.396872299999999512e-02
3.451500000000000057e+01 8.210412849999999818e-02
3.461500000000000199e+01 8.005560650000000111e-02
3.471500000000000341e+01 7.793953180000000314e-02
3.481499999999999773e+01 7.586741319999999733e-02
3.491499999999999915e+01 7.391946670000000552e-02
3.501500000000000057e+01 7.215389889999999917e-02
3.511500000000000199e+01 7.063699630000000451e-02
3.521500000000000341e+01 6.945673920000000612e-02
3.531499999999999773e+01 6.869180860000000111e-02
3.541499999999999915e+01 6.835623829999999679e-02
3.551500000000000057e+01 6.838489550000000083e-02
3.561500000000000199e+01 6.867605320000000346e-02
3.571500000000000341e+01 6.912263829999999720e-02
3.581499999999999773e+01 6.958457360000000480e-02
3.591499999999999915e+01 6.986153639999999332e-02
3.600999999999999801e+01 6.976496600000001158e-02
3.610999999999999943e+01 6.916586190000000023e-02
3.621000000000000085e+01 6.805505000000000582e-02
3.631000000000000227e+01 6.655077939999999581e-02
3.640999999999999659e+01 6.487311870000000980e-02
3.650999999999999801e+01 6.327442510000000353e-02
3.660999999999999943e+01 6.195141920000000330e-02
3.671000000000000085e+01 6.100720219999999916e-02
3.681000000000000227e+01 6.043027549999999831e-02
3.690999999999999659e+01 6.008913660000000240e-02
3.700999999999999801e+01 5.980066300000000390e-02
3.710999999999999943e+01 5.944401709999999617e-02
3.721000000000000085e+01 5.899473330000000459e-02
3.731000000000000227e+01 5.846894750000000002e-02
3.740999999999999659e+01 5.787410910000000130e-02
3.750999999999999801e+01 5.719175009999999393e-02
3.760999999999999943e+01 5.636805179999999915e-02
3.771000000000000085e+01 5.532201300000000321e-02
3.781000000000000227e+01 5.401030319999999829e-02
3.790999999999999659e+01 5.249309939999999980e-02
3.800500000000000256e+01 5.098401770000000194e-02
3.810499999999999687e+01 4.944794270000000408e-02
3.820499999999999829e+01 4.804135360000000299e-02
3.830499999999999972e+01 4.678976199999999863e-02
3.840500000000000114e+01 4.567832880000000095e-02
3.850500000000000256e+01 4.466887659999999732e-02
3.860499999999999687e+01 4.371249339999999650e-02
3.870499999999999829e+01 4.275983299999999709e-02
3.880499999999999972e+01 4.178734540000000192e-02
3.890500000000000114e+01 4.082526899999999737e-02
3.900500000000000256e+01 3.994781559999999870e-02
3.910499999999999687e+01 3.922774899999999926e-02
3.920499999999999829e+01 3.869609670000000168e-02
3.930499999999999972e+01 3.833713240000000133e-02
3.940500000000000114e+01 3.810799570000000108e-02
3.950500000000000256e+01 3.796467039999999737e-02
3.960499999999999687e+01 3.788679990000000386e-02
3.970499999999999829e+01 3.788719649999999772e-02
3.980499999999999972e+01 3.799123880000000036e-02
3.990500000000000114e+01 3.819302150000000035e-02
