1.000000000000000056e-01 3.431960099999999993e-03
2.000000000000000111e-01 4.569078100000000323e-03
2.999999999999999889e-01 6.043972099999999487e-03
4.000000000000000222e-01 7.669724200000000228e-03
5.000000000000000000e-01 9.376590500000000356e-03
5.999999999999999778e-01 1.114043929999999905e-02
6.999999999999999556e-01 1.294962090000000010e-02
8.000000000000000444e-01 1.480199219999999913e-02
9.000000000000000222e-01 1.670198159999999876e-02
1.000000000000000000e+00 1.865284210000000067e-02
1.100000000000000089e+00 2.066451729999999737e-02
1.199999999999999956e+00 2.274655570000000057e-02
1.300000000000000044e+00 2.491010249999999968e-02
1.399999999999999911e+00 2.717067170000000281e-02
1.500000000000000000e+00 2.953613880000000025e-02
1.600000000000000089e+00 3.199953640000000044e-02
1.699999999999999956e+00 3.452486829999999729e-02
1.800000000000000044e+00 3.703189519999999790e-02
1.899999999999999911e+00 3.943037659999999722e-02
2.000000000000000000e+00 4.168593229999999900e-02
2.095000000000000195e+00 4.375351959999999873e-02
2.194999999999999840e+00 4.596400920000000279e-02
2.294999999999999929e+00 4.831524630000000320e-02
2.395000000000000018e+00 5.087727159999999582e-02
2.495000000000000107e+00 5.369280089999999700e-02
2.595000000000000195e+00 5.678624740000000337e-02
2.694999999999999840e+00 6.017534050000000745e-02
2.794999999999999929e+00 6.385945390000000166e-02
2.895000000000000018e+00 6.782228960000000195e-02
2.995000000000000107e+00 7.205227720000000058e-02
3.095000000000000195e+00 7.655645880000000458e-02
3.194999999999999840e+00 8.136263970000000290e-02
3.294999999999999929e+00 8.648815830000000648e-02
3.395000000000000018e+00 9.194067719999998722e-02
3.495000000000000107e+00 9.774008139999999789e-02
3.595000000000000195e+00 1.039018341000000067e-01
3.694999999999999840e+00 1.103963889000000032e-01
3.794999999999999929e+00 1.170798368999999978e-01
3.895000000000000018e+00 1.236535795999999937e-01
3.995000000000000107e+00 1.297300235999999940e-01
4.089999999999999858e+00 1.347133611999999925e-01
4.190000000000000391e+00 1.389951000999999908e-01
4.290000000000000036e+00 1.425365019000000011e-01
4.389999999999999680e+00 1.459237113999999891e-01
4.490000000000000213e+00 1.497747285999999900e-01
4.589999999999999858e+00 1.545062668000000139e-01
4.690000000000000391e+00 1.603086598000000029e-01
4.790000000000000036e+00 1.673045618999999817e-01
4.889999999999999680e+00 1.757210037999999974e-01
4.990000000000000213e+00 1.858809553999999920e-01
5.089999999999999858e+00 1.980695726000000212e-01
5.190000000000000391e+00 2.124200720000000153e-01
5.290000000000000036e+00 2.289154907000000017e-01
5.389999999999999680e+00 2.476188529999999999e-01
5.490000000000000213e+00 2.689085375999999972e-01
5.589999999999999858e+00 2.933935515000000160e-01
5.690000000000000391e+00 3.214335987999999977e-01
5.790000000000000036e+00 3.526463074000000253e-01
5.889999999999999680e+00 3.858093072999999595e-01
5.990000000000000213e+00 4.195788536000000235e-01
6.084999999999999964e+00 4.516583258000000378e-01
6.184999999999999609e+00 4.846942230999999879e-01
6.285000000000000142e+00 5.138613718000000219e-01
6.384999999999999787e+00 5.335146093000000533e-01
6.485000000000000320e+00 5.398550275000000287e-01
6.584999999999999964e+00 5.351403000999999104e-01
6.684999999999999609e+00 5.263167729000000072e-01
6.785000000000000142e+00 5.202208251000000061e-01
6.884999999999999787e+00 5.206760228000000268e-01
6.985000000000000320e+00 5.283989291999999782e-01
7.084999999999999964e+00 5.419386606999999634e-01
7.184999999999999609e+00 5.590180874000000300e-01
7.285000000000000142e+00 5.782490284000000313e-01
7.384999999999999787e+00 6.000668674000000369e-01
7.485000000000000320e+00 6.260818689000000603e-01
7.584999999999999964e+00 6.580044594000000746e-01
7.684999999999999609e+00 6.968872070000000640e-01
7.785000000000000142e+00 7.427493093999999463e-01
7.884999999999999787e+00 7.945354745999999579e-01
7.985000000000000320e+00 8.510882388000000631e-01
8.080000000000000071e+00 9.089409301999999968e-01
8.179999999999999716e+00 9.740007362000000501e-01
8.279999999999999361e+00 1.042092849599999926e+00
8.380000000000000782e+00 1.111262874599999950e+00
8.480000000000000426e+00 1.179460219000000087e+00
8.580000000000000071e+00 1.244781244899999972e+00
8.679999999999999716e+00 1.305967144900000099e+00
8.779999999999999361e+00 1.362136163000000177e+00
8.880000000000000782e+00 1.412221155300000142e+00
8.980000000000000426e+00 1.455607823500000064e+00
9.080000000000000071e+00 1.493599434700000117e+00
9.179999999999999716e+00 1.530708813399999979e+00
9.279999999999999361e+00 1.572857572900000056e+00
9.380000000000000782e+00 1.622168071499999975e+00
9.480000000000000426e+00 1.674565749699999939e+00
9.580000000000000071e+00 1.723866883199999922e+00
9.679999999999999716e+00 1.768655842999999894e+00
9.779999999999999361e+00 1.814508974799999841e+00
9.880000000000000782e+00 1.871026118199999866e+00
9.980000000000000426e+00 1.946884613799999997e+00
1.007499999999999929e+01 2.040080809400000028e+00
1.017500000000000071e+01 2.155886852900000150e+00
1.027500000000000036e+01 2.276084850000000159e+00
1.037500000000000000e+01 2.382379748199999980e+00
1.047499999999999964e+01 2.464425210899999996e+00
1.057499999999999929e+01 2.530076941499999954e+00
1.067500000000000071e+01 2.600517155899999988e+00
1.077500000000000036e+01 2.695644011900000248e+00
1.087500000000000000e+01 2.821890362500000027e+00
1.097499999999999964e+01 2.968030624499999881e+00
1.107499999999999929e+01 3.111723480200000225e+00
1.117500000000000071e+01 3.236636642799999741e+00
1.127500000000000036e+01 3.346141806200000346e+00
1.137500000000000000e+01 3.459483590100000061e+00
1.147499999999999964e+01 3.597152562999999859e+00
1.157499999999999929e+01 3.771554271799999913e+00
1.167500000000000071e+01 3.989409472800000245e+00
1.177500000000000036e+01 4.260579775900000143e+00
1.187500000000000000e+01 4.601645404800000172e+00
1.197499999999999964e+01 5.028856633800000253e+00
1.207000000000000028e+01 5.517218508600000071e+00
1.216999999999999993e+01 6.100168013000000222e+00
1.226999999999999957e+01 6.713574877400000140e+00
1.236999999999999922e+01 7.304381030400000085e+00
1.247000000000000064e+01 7.815901854999999898e+00
1.257000000000000028e+01 8.187871910500000183e+00
1.266999999999999993e+01 8.371154616100000112e+00
1.276999999999999957e+01 8.373690036099999290e+00
1.286999999999999922e+01 8.269414405099999144e+00
1.297000000000000064e+01 8.133611296399999802e+00
1.307000000000000028e+01 7.986978320099999529e+00
1.316999999999999993e+01 7.814457763400000090e+00
1.326999999999999957e+01 7.620882784800000032e+00
1.336999999999999922e+01 7.447155339500000082e+00
1.347000000000000064e+01 7.338684472600000674e+00
1.357000000000000028e+01 7.311902404999999661e+00
1.366999999999999993e+01 7.358989393599999929e+00
1.376999999999999957e+01 7.468888921899999644e+00
1.386999999999999922e+01 7.635328548600000431e+00
1.397000000000000064e+01 7.852620575799999614e+00
1.406499999999999950e+01 8.096470223999999050e+00
1.416499999999999915e+01 8.377790403799998842e+00
1.426500000000000057e+01 8.670087236600000580e+00
1.436500000000000021e+01 8.958454902599999770e+00
1.446499999999999986e+01 9.212883411500000008e+00
1.456499999999999950e+01 9.379343234000000251e+00
1.466499999999999915e+01 9.400830070499999636e+00
1.476500000000000057e+01 9.252302822299999008e+00
1.486500000000000021e+01 8.952978926200000132e+00
1.496499999999999986e+01 8.550513019800000336e+00
1.506499999999999950e+01 8.090716986900000407e+00
1.516499999999999915e+01 7.598110629799999849e+00
1.526500000000000057e+01 7.082703206099999704e+00
1.536500000000000021e+01 6.560675858299999774e+00
1.546499999999999986e+01 6.062378741299999874e+00
1.556499999999999950e+01 5.619814254900000527e+00
1.566499999999999915e+01 5.248934197100000532e+00
1.576500000000000057e+01 4.942399769899999740e+00
1.586500000000000021e+01 4.679417911699999877e+00
1.596499999999999986e+01 4.444946613199999952e+00
1.605999999999999872e+01 4.247737004100000213e+00
1.616000000000000014e+01 4.073310571300000404e+00
1.626000000000000156e+01 3.936866475500000018e+00
1.635999999999999943e+01 3.831436648599999995e+00
1.646000000000000085e+01 3.738977237599999892e+00
1.655999999999999872e+01 3.643106051100000187e+00
1.666000000000000014e+01 3.542413016400000281e+00
1.676000000000000156e+01 3.450368387899999778e+00
1.685999999999999943e+01 3.385600860399999856e+00
1.696000000000000085e+01 3.362342971999999985e+00
1.705999999999999872e+01 3.384244058100000174e+00
1.716000000000000014e+01 3.441846953300000234e+00
1.726000000000000156e+01 3.513974254299999878e+00
1.735999999999999943e+01 3.573007314499999865e+00
1.746000000000000085e+01 3.594200768999999962e+00
1.755999999999999872e+01 3.568989129600000254e+00
1.766000000000000014e+01 3.512318574400000060e+00
1.776000000000000156e+01 3.451763003800000007e+00
1.785999999999999943e+01 3.409893007500000017e+00
1.796000000000000085e+01 3.397427794800000012e+00
1.805499999999999972e+01 3.413313194999999745e+00
1.815500000000000114e+01 3.451536984500000127e+00
1.825499999999999901e+01 3.496297421199999977e+00
1.835500000000000043e+01 3.527637901399999887e+00
1.845499999999999829e+01 3.530571968100000291e+00
1.855499999999999972e+01 3.502058903900000075e+00
1.865500000000000114e+01 3.446177932399999921e+00
1.875499999999999901e+01 3.365854974000000333e+00
1.885500000000000043e+01 3.261971675999999931e+00
1.895499999999999829e+01 3.135855590500000289e+00
1.905499999999999972e+01 2.989584604000000034e+00
1.915500000000000114e+01 2.825866548500000075e+00
1.925499999999999901e+01 2.649210983899999761e+00
1.935500000000000043e+01 2.465983282899999907e+00
1.945499999999999829e+01 2.283636471699999948e+00
1.955499999999999972e+01 2.109620263800000117e+00
1.965500000000000114e+01 1.948766164900000097e+00
1.975499999999999901e+01 1.800983685300000081e+00
1.985500000000000043e+01 1.662555759299999991e+00
1.995499999999999829e+01 1.530276671900000052e+00
2.005000000000000071e+01 1.410392005499999879e+00
2.014999999999999858e+01 1.292960349799999964e+00
2.025000000000000000e+01 1.187520115499999918e+00
2.035000000000000142e+01 1.095559542099999950e+00
2.044999999999999929e+01 1.016974103599999957e+00
2.055000000000000071e+01 9.507587079999999524e-01
2.064999999999999858e+01 8.955043739999999364e-01
2.075000000000000000e+01 8.493086037999999505e-01
2.085000000000000142e+01 8.099279665000000961e-01
2.094999999999999929e+01 7.751114257000000229e-01
2.105000000000000071e+01 7.428783928000000092e-01
2.114999999999999858e+01 7.115809422000000106e-01
2.125000000000000000e+01 6.802125370999999587e-01
2.135000000000000142e+01 6.488741430000000143e-01
2.144999999999999929e+01 6.186502858999999299e-01
2.155000000000000071e+01 5.906770592000000208e-01
2.164999999999999858e+01 5.653059118000000050e-01
2.175000000000000000e+01 5.420865024000000032e-01
2.185000000000000142e+01 5.204615337000000341e-01
2.194999999999999929e+01 5.002314446000000192e-01
2.204500000000000171e+01 4.823628971999999737e-01
2.214499999999999957e+01 4.649193650999999816e-01
2.224500000000000099e+01 4.485364638000000070e-01
2.234499999999999886e+01 4.329075324000000169e-01
2.244500000000000028e+01 4.181222302000000002e-01
2.254500000000000171e+01 4.045070763999999985e-01
2.264499999999999957e+01 3.922046269000000196e-01
2.274500000000000099e+01 3.808563151999999619e-01
2.284499999999999886e+01 3.696521712999999987e-01
2.294500000000000028e+01 3.578106407000000155e-01
2.304500000000000171e+01 3.451510738999999939e-01
2.314499999999999957e+01 3.321079989999999871e-01
2.324500000000000099e+01 3.193035417000000264e-01
2.334499999999999886e+01 3.073034135000000111e-01
2.344500000000000028e+01 2.966436776999999969e-01
2.354500000000000171e+01 2.878171713000000076e-01
2.364499999999999957e+01 2.810951252999999705e-01
2.374500000000000099e+01 2.762992065000000053e-01
2.384499999999999886e+01 2.727618244999999719e-01
2.394500000000000028e+01 2.695373469999999827e-01
2.403999999999999915e+01 2.658642340000000326e-01
2.414000000000000057e+01 2.606916660999999968e-01
2.423999999999999844e+01 2.539841454000000276e-01
2.433999999999999986e+01 2.461071365999999982e-01
2.444000000000000128e+01 2.378676404000000244e-01
2.453999999999999915e+01 2.301239453000000212e-01
2.464000000000000057e+01 2.233213847999999946e-01
2.473999999999999844e+01 2.173079279000000030e-01
2.483999999999999986e+01 2.115849161999999728e-01
2.494000000000000128e+01 2.057417433000000018e-01
2.503999999999999915e+01 1.996657356000000050e-01
2.514000000000000057e+01 1.935169030000000179e-01
2.523999999999999844e+01 1.876680712999999889e-01
2.533999999999999986e+01 1.825586533000000122e-01
2.544000000000000128e+01 1.784468371000000053e-01
2.553999999999999915e+01 1.752972774999999872e-01
2.564000000000000057e+01 1.728884606999999962e-01
2.573999999999999844e+01 1.709528328000000097e-01
2.583999999999999986e+01 1.692493965000000100e-01
2.594000000000000128e+01 1.676307898999999935e-01
2.603500000000000014e+01 1.661734092000000107e-01
2.613500000000000156e+01 1.648469654999999978e-01
2.623499999999999943e+01 1.639331524000000040e-01
2.633500000000000085e+01 1.636122294000000033e-01
2.643499999999999872e+01 1.638982964000000042e-01
2.653500000000000014e+01 1.645120176000000045e-01
2.663500000000000156e+01 1.649694418000000051e-01
2.673499999999999943e+01 1.648736359999999901e-01
2.683500000000000085e+01 1.641516939000000064e-01
2.693499999999999872e+01 1.630402606999999948e-01
2.703500000000000014e+01 1.618836204000000112e-01
2.713500000000000156e+01 1.609321163999999915e-01
2.723499999999999943e+01 1.602533047000000155e-01
2.733500000000000085e+01 1.597407251999999889e-01
2.743499999999999872e+01 1.592379133999999863e-01
2.753500000000000014e+01 1.587084079999999953e-01
2.763500000000000156e+01 1.583635300000000024e-01
2.773499999999999943e+01 1.585745504999999944e-01
2.783500000000000085e+01 1.595402741000000180e-01
2.793499999999999872e+01 1.610745605000000191e-01
2.803000000000000114e+01 1.626643481999999752e-01
2.812999999999999901e+01 1.640883679999999845e-01
2.823000000000000043e+01 1.649509853000000192e-01
2.832999999999999829e+01 1.650047337999999975e-01
2.842999999999999972e+01 1.641441975000000053e-01
2.853000000000000114e+01 1.625088954999999724e-01
2.862999999999999901e+01 1.603624214000000103e-01
2.873000000000000043e+01 1.578311565000000138e-01
2.882999999999999829e+01 1.548017288000000102e-01
2.892999999999999972e+01 1.510899421999999936e-01
2.903000000000000114e+01 1.466907893000000129e-01
2.912999999999999901e+01 1.418626138999999897e-01
2.923000000000000043e+01 1.370369498000000019e-01
2.932999999999999829e+01 1.326831586999999979e-01
2.942999999999999972e+01 1.291779395999999858e-01
2.953000000000000114e+01 1.267036940000000056e-01
2.962999999999999901e+01 1.252318679999999962e-01
2.973000000000000043e+01 1.245475545999999989e-01
2.982999999999999829e+01 1.242522670999999940e-01
2.992999999999999972e+01 1.238001640999999986e-01
3.002499999999999858e+01 1.227319350000000003e-01
3.012500000000000000e+01 1.206498387999999922e-01
3.022500000000000142e+01 1.177180215000000058e-01
3.032499999999999929e+01 1.144270513999999933e-01
3.042500000000000071e+01 1.113612187000000142e-01
3.052499999999999858e+01 1.089685990999999937e-01
3.062500000000000000e+01 1.074514234000000096e-01
3.072500000000000142e+01 1.067283039999999961e-01
3.082499999999999929e+01 1.064664070999999934e-01
3.092500000000000071e+01 1.061964385000000038e-01
3.102499999999999858e+01 1.054752530999999993e-01
3.112500000000000000e+01 1.039959248999999947e-01
3.122500000000000142e+01 1.016042600999999962e-01
3.132499999999999929e+01 9.827507460000001194e-02
3.142500000000000071e+01 9.416494219999999027e-02
3.152499999999999858e+01 8.968740299999999888e-02
3.162500000000000000e+01 8.538752019999999721e-02
3.172500000000000142e+01 8.168351709999999155e-02
3.182499999999999929e+01 7.872849009999999259e-02
3.192500000000000071e+01 7.644971359999999660e-02
3.202000000000000313e+01 7.474116440000000416e-02
3.211999999999999744e+01 7.325435529999999029e-02
3.221999999999999886e+01 7.198528309999999153e-02
3.232000000000000028e+01 7.087575670000000050e-02
3.242000000000000171e+01 6.985118239999998924e-02
3.252000000000000313e+01 6.881349880000001140e-02
3.261999999999999744e+01 6.769035959999999963e-02
3.271999999999999886e+01 6.645255619999999863e-02
3.282000000000000028e+01 6.508195769999999825e-02
3.292000000000000171e+01 6.355845520000000248e-02
3.302000000000000313e+01 6.190907119999999875e-02
3.311999999999999744e+01 6.025215009999999871e-02
3.321999999999999886e+01 5.876254429999999696e-02
3.332000000000000028e+01 5.758280920000000136e-02
3.342000000000000171e+01 5.676722920000000505e-02
3.352000000000000313e+01 5.628164549999999794e-02
3.361999999999999744e+01 5.604153239999999647e-02
3.371999999999999886e+01 5.594487160000000125e-02
3.382000000000000028e+01 5.587754470000000362e-02
3.392000000000000171e+01 5.572563460000000413e-02
3.401500000000000057e+01 5.544384650000000470e-02
3.411500000000000199e+01 5.503152980000000638e-02
3.421500000000000341e+01 5.460654430000000392e-02
3.431499999999999773e+01 5.427655970000000440e-02
3.441499999999999915e+01 5.408184970000000369e-02
3.451500000000000057e+01 5.398742769999999996e-02
3.461500000000000199e+01 5.392229749999999378e-02
3.471500000000000341e+01 5.381724050000000203e-02
3.481499999999999773e+01 5.361771790000000038e-02
3.491499999999999915e+01 5.328499620000000381e-02
3.501500000000000057e+01 5.280787339999999663e-02
3.511500000000000199e+01 5.223006919999999970e-02
3.521500000000000341e+01 5.165665700000000166e-02
3.531499999999999773e+01 5.120632440000000285e-02
3.541499999999999915e+01 5.094417650000000047e-02
3.551500000000000057e+01 5.084960310000000150e-02
3.561500000000000199e+01 5.081658160000000063e-02
3.571500000000000341e+01 5.068859419999999921e-02
3.581499999999999773e+01 5.032962920000000340e-02
3.591499999999999915e+01 4.969404360000000132e-02
3.600999999999999801e+01 4.889171529999999932e-02
3.610999999999999943e+01 4.796116859999999954e-02
3.621000000000000085e+01 4.706495500000000554e-02
3.631000000000000227e+01 4.627157889999999885e-02
3.640999999999999659e+01 4.558092219999999861e-02
3.650999999999999801e+01 4.493450200000000117e-02
3.660999999999999943e+01 4.424504610000000449e-02
3.671000000000000085e+01 4.345172259999999925e-02
3.681000000000000227e+01 4.256504710000000302e-02
3.690999999999999659e+01 4.164788700000000149e-02
3.700999999999999801e+01 4.075958410000000282e-02
3.710999999999999943e+01 3.992533230000000488e-02
3.721000000000000085e+01 3.914014189999999449e-02
3.731000000000000227e+01 3.838487799999999728e-02
3.740999999999999659e+01 3.763931969999999988e-02
3.750999999999999801e+01 3.689142360000000065e-02
3.760999999999999943e+01 3.613598499999999547e-02
3.771000000000000085e+01 3.535934810000000011e-02
3.781000000000000227e+01 3.453939489999999918e-02
3.790999999999999659e+01 3.366796119999999892e-02
3.800500000000000256e+01 3.281080060000000215e-02
3.810499999999999687e+01 3.191308630000000424e-02
3.820499999999999829e+01 3.105683620000000006e-02
3.830499999999999972e+01 3.027255129999999878e-02
3.840500000000000114e+01 2.957535969999999792e-02
3.850500000000000256e+01 2.896240609999999743e-02
3.860499999999999687e+01 2.842449980000000265e-02
3.870499999999999829e+01 2.795999530000000191e-02
3.880499999999999972e+01 2.757274440000000160e-02
3.890500000000000114e+01 2.725897270000000178e-02
3.900500000000000256e+01 2.700031280000000228e-02
3.910499999999999687e+01 2.677596289999999851e-02
3.920499999999999829e+01 2.657865010000000014e-02
3.930499999999999972e+01 2.641158229999999996e-02
3.940500000000000114e+01 2.627309339999999924e-02
3.950500000000000256e+01 2.615286070000000240e-02
3.960499999999999687e+01 2.604328330000000094e-02
3.970499999999999829e+01 2.594051809999999708e-02
3.980499999999999972e+01 2.582715039999999851e-02
3.990500000000000114e+01 2.567030599999999690e-02
