1.000000000000000056e-01 2.610829999999999748e-03
2.000000000000000111e-01 4.144661100000000473e-03
2.999999999999999889e-01 5.745377099999999897e-03
4.000000000000000222e-01 7.423153999999999517e-03
5.000000000000000000e-01 9.151871799999999196e-03
5.999999999999999778e-01 1.092064209999999910e-02
6.999999999999999556e-01 1.272333070000000038e-02
8.000000000000000444e-01 1.456182619999999914e-02
9.000000000000000222e-01 1.643950599999999956e-02
1.000000000000000000e+00 1.835996370000000238e-02
1.100000000000000089e+00 2.033083709999999877e-02
1.199999999999999956e+00 2.236288040000000005e-02
1.300000000000000044e+00 2.446446289999999746e-02
1.399999999999999911e+00 2.664969350000000181e-02
1.500000000000000000e+00 2.892963269999999920e-02
1.600000000000000089e+00 3.130296810000000179e-02
1.699999999999999956e+00 3.375270789999999799e-02
1.800000000000000044e+00 3.622454859999999638e-02
1.899999999999999911e+00 3.864287999999999751e-02
2.000000000000000000e+00 4.095689110000000355e-02
2.095000000000000195e+00 4.308636400000000199e-02
2.194999999999999840e+00 4.534608920000000182e-02
2.294999999999999929e+00 4.772505059999999910e-02
2.395000000000000018e+00 5.029934240000000223e-02
2.495000000000000107e+00 5.311491290000000531e-02
2.595000000000000195e+00 5.620002719999999535e-02
2.694999999999999840e+00 5.956337180000000064e-02
2.794999999999999929e+00 6.319737479999999741e-02
2.895000000000000018e+00 6.707022470000000014e-02
2.995000000000000107e+00 7.113886029999999527e-02
3.095000000000000195e+00 7.539972509999999517e-02
3.194999999999999840e+00 7.987320839999999256e-02
3.294999999999999929e+00 8.457734419999998754e-02
3.395000000000000018e+00 8.952293379999999579e-02
3.495000000000000107e+00 9.471597860000000035e-02
3.595000000000000195e+00 1.001694215000000082e-01
3.694999999999999840e+00 1.058912157000000132e-01
3.794999999999999929e+00 1.118308137999999841e-01
3.895000000000000018e+00 1.177936401000000133e-01
3.995000000000000107e+00 1.234568708000000070e-01
4.089999999999999858e+00 1.282627697000000011e-01
4.190000000000000391e+00 1.325492695999999915e-01
4.290000000000000036e+00 1.361764947999999920e-01
4.389999999999999680e+00 1.395975329999999959e-01
4.490000000000000213e+00 1.433817713999999965e-01
4.589999999999999858e+00 1.479673363999999824e-01
4.690000000000000391e+00 1.535624419999999934e-01
4.790000000000000036e+00 1.602376969999999845e-01
4.889999999999999680e+00 1.681151066000000083e-01
4.990000000000000213e+00 1.774583599999999817e-01
5.089999999999999858e+00 1.886186348999999707e-01
5.190000000000000391e+00 2.019257678999999972e-01
5.290000000000000036e+00 2.175852180000000247e-01
5.389999999999999680e+00 2.356972196999999880e-01
5.490000000000000213e+00 2.564000623000000090e-01
5.589999999999999858e+00 2.800627406000000263e-01
5.690000000000000391e+00 3.071520113000000274e-01
5.790000000000000036e+00 3.377746936999999616e-01
5.889999999999999680e+00 3.711867451000000484e-01
5.990000000000000213e+00 4.058815450000000102e-01
6.084999999999999964e+00 4.386049076000000380e-01
6.184999999999999609e+00 4.715393986000000481e-01
6.285000000000000142e+00 5.004111525000000116e-01
6.384999999999999787e+00 5.203170042999999412e-01
6.485000000000000320e+00 5.268142882999999888e-01
6.584999999999999964e+00 5.206769600999999748e-01
6.684999999999999609e+00 5.080935337999999968e-01
6.785000000000000142e+00 4.962951335999999936e-01
6.884999999999999787e+00 4.901080180000000341e-01
6.985000000000000320e+00 4.914601688999999940e-01
7.084999999999999964e+00 5.002390502000000350e-01
7.184999999999999609e+00 5.150574851000000454e-01
7.285000000000000142e+00 5.339895123000000243e-01
7.384999999999999787e+00 5.556276946000000549e-01
7.485000000000000320e+00 5.797339817000000117e-01
7.584999999999999964e+00 6.071679157999999576e-01
7.684999999999999609e+00 6.391910861999999804e-01
7.785000000000000142e+00 6.766806305999999438e-01
7.884999999999999787e+00 7.194531212000000453e-01
7.985000000000000320e+00 7.662659498999999652e-01
8.080000000000000071e+00 8.134163523999999867e-01
8.179999999999999716e+00 8.656593648999999502e-01
8.279999999999999361e+00 9.208560161999999050e-01
8.380000000000000782e+00 9.791952601000000200e-01
8.480000000000000426e+00 1.040626022100000103e+00
8.580000000000000071e+00 1.104770527799999957e+00
8.679999999999999716e+00 1.171047533799999929e+00
8.779999999999999361e+00 1.238784821199999886e+00
8.880000000000000782e+00 1.306742053600000064e+00
8.980000000000000426e+00 1.373128237099999982e+00
9.080000000000000071e+00 1.436632596399999962e+00
9.179999999999999716e+00 1.497664073600000201e+00
9.279999999999999361e+00 1.558336965600000124e+00
9.380000000000000782e+00 1.620424560800000080e+00
9.480000000000000426e+00 1.682911554399999954e+00
9.580000000000000071e+00 1.742639087499999961e+00
9.679999999999999716e+00 1.797799487499999849e+00
9.779999999999999361e+00 1.851251230099999923e+00
9.880000000000000782e+00 1.910907912599999925e+00
9.980000000000000426e+00 1.985889313699999992e+00
1.007499999999999929e+01 2.076089979099999816e+00
1.017500000000000071e+01 2.189230597699999947e+00
1.027500000000000036e+01 2.311373226000000169e+00
1.037500000000000000e+01 2.426836491900000059e+00
1.047499999999999964e+01 2.522127595999999805e+00
1.057499999999999929e+01 2.597086304899999920e+00
1.067500000000000071e+01 2.666533827399999890e+00
1.077500000000000036e+01 2.749972258200000130e+00
1.087500000000000000e+01 2.860937941900000059e+00
1.097499999999999964e+01 3.000550247799999681e+00
1.107499999999999929e+01 3.155921075600000236e+00
1.117500000000000071e+01 3.308395961600000046e+00
1.127500000000000036e+01 3.450197524900000090e+00
1.137500000000000000e+01 3.592756021900000096e+00
1.147499999999999964e+01 3.755908627500000208e+00
1.157499999999999929e+01 3.952576377799999818e+00
1.167500000000000071e+01 4.185343102000000037e+00
1.177500000000000036e+01 4.455338461500000236e+00
1.187500000000000000e+01 4.772577828500000230e+00
1.197499999999999964e+01 5.157927441500000043e+00
1.207000000000000028e+01 5.609902291800000107e+00
1.216999999999999993e+01 6.189881093600000384e+00
1.226999999999999957e+01 6.869136146100000673e+00
1.236999999999999922e+01 7.606868001700000548e+00
1.247000000000000064e+01 8.316712276100000523e+00
1.257000000000000028e+01 8.879066364099999831e+00
1.266999999999999993e+01 9.204038433199999147e+00
1.276999999999999957e+01 9.287266461499999792e+00
1.286999999999999922e+01 9.179872267500000405e+00
1.297000000000000064e+01 8.930752584900000457e+00
1.307000000000000028e+01 8.583605470400000215e+00
1.316999999999999993e+01 8.193681576799999533e+00
1.326999999999999957e+01 7.820317207099999557e+00
1.336999999999999922e+01 7.514545845300000693e+00
1.347000000000000064e+01 7.313392646000000497e+00
1.357000000000000028e+01 7.233451071300000201e+00
1.366999999999999993e+01 7.272928936899999641e+00
1.376999999999999957e+01 7.423077049699999819e+00
1.386999999999999922e+01 7.671586718000000360e+00
1.397000000000000064e+01 7.997591345600000068e+00
1.406499999999999950e+01 8.353429809499999692e+00
1.416499999999999915e+01 8.745120464899999391e+00
1.426500000000000057e+01 9.113520108499999495e+00
1.436500000000000021e+01 9.408188922200000803e+00
1.446499999999999986e+01 9.577125094899999525e+00
1.456499999999999950e+01 9.586732781300000283e+00
1.466499999999999915e+01 9.442926086800000007e+00
1.476500000000000057e+01 9.182234860499999485e+00
1.486500000000000021e+01 8.840109419200000929e+00
1.496499999999999986e+01 8.437794046500000533e+00
1.506499999999999950e+01 7.987918684499999422e+00
1.516499999999999915e+01 7.504114825199999395e+00
1.526500000000000057e+01 7.004111865700000550e+00
1.536500000000000021e+01 6.506063095400000051e+00
1.546499999999999986e+01 6.024602485499999993e+00
1.556499999999999950e+01 5.572855298399999491e+00
1.566499999999999915e+01 5.162037255000000435e+00
1.576500000000000057e+01 4.798679575299999556e+00
1.586500000000000021e+01 4.485433212600000275e+00
1.596499999999999986e+01 4.223702445199999822e+00
1.605999999999999872e+01 4.022772811699999451e+00
1.616000000000000014e+01 3.858040734100000257e+00
1.626000000000000156e+01 3.733063569100000034e+00
1.635999999999999943e+01 3.633954868800000071e+00
1.646000000000000085e+01 3.542768186900000060e+00
1.655999999999999872e+01 3.445518793499999788e+00
1.666000000000000014e+01 3.340753079800000247e+00
1.676000000000000156e+01 3.240094117499999982e+00
1.685999999999999943e+01 3.161546785499999679e+00
1.696000000000000085e+01 3.121154233900000019e+00
1.705999999999999872e+01 3.127517470399999944e+00
1.716000000000000014e+01 3.180808170600000206e+00
1.726000000000000156e+01 3.272861658700000120e+00
1.735999999999999943e+01 3.386003267700000041e+00
1.746000000000000085e+01 3.493427141799999802e+00
1.755999999999999872e+01 3.566333571199999941e+00
1.766000000000000014e+01 3.585923251200000106e+00
1.776000000000000156e+01 3.552866296800000434e+00
1.785999999999999943e+01 3.489141618599999717e+00
1.796000000000000085e+01 3.428447111199999675e+00
1.805499999999999972e+01 3.399041835899999864e+00
1.815500000000000114e+01 3.407515989500000231e+00
1.825499999999999901e+01 3.448552815100000224e+00
1.835500000000000043e+01 3.501810123099999839e+00
1.845499999999999829e+01 3.543804174199999935e+00
1.855499999999999972e+01 3.558311978499999917e+00
1.865500000000000114e+01 3.538407249500000074e+00
1.875499999999999901e+01 3.481584091399999803e+00
1.885500000000000043e+01 3.389034496100000293e+00
1.895499999999999829e+01 3.265824893300000031e+00
1.905499999999999972e+01 3.117784012900000068e+00
1.915500000000000114e+01 2.950269461400000015e+00
1.925499999999999901e+01 2.769627267300000195e+00
1.935500000000000043e+01 2.583021520800000026e+00
1.945499999999999829e+01 2.396854775700000051e+00
1.955499999999999972e+01 2.216718958500000003e+00
1.965500000000000114e+01 2.046654890400000149e+00
1.975499999999999901e+01 1.887384719900000007e+00
1.985500000000000043e+01 1.737833606900000216e+00
1.995499999999999829e+01 1.598654899400000051e+00
2.005000000000000071e+01 1.478258175499999938e+00
2.014999999999999858e+01 1.365418557799999988e+00
2.025000000000000000e+01 1.266027440999999865e+00
2.035000000000000142e+01 1.177593346300000121e+00
2.044999999999999929e+01 1.097392530300000058e+00
2.055000000000000071e+01 1.023995794900000034e+00
2.064999999999999858e+01 9.574930861999999543e-01
2.075000000000000000e+01 8.984068711000000595e-01
2.085000000000000142e+01 8.466155813000000308e-01
2.094999999999999929e+01 8.012157925000000791e-01
2.105000000000000071e+01 7.609573728999999842e-01
2.114999999999999858e+01 7.245498216999999297e-01
2.125000000000000000e+01 6.909100982000000446e-01
2.135000000000000142e+01 6.593189489999999875e-01
2.144999999999999929e+01 6.290744682000000143e-01
2.155000000000000071e+01 5.993929963999999888e-01
2.164999999999999858e+01 5.699453276999999485e-01
2.175000000000000000e+01 5.412723704999999885e-01
2.185000000000000142e+01 5.143920955999999878e-01
2.194999999999999929e+01 4.900716646999999648e-01
2.204500000000000171e+01 4.695513007000000072e-01
2.214499999999999957e+01 4.504174515000000101e-01
2.224500000000000099e+01 4.332511186999999930e-01
2.234499999999999886e+01 4.174633428000000257e-01
2.244500000000000028e+01 4.028075036000000053e-01
2.254500000000000171e+01 3.893580962000000034e-01
2.264499999999999957e+01 3.770941902999999651e-01
2.274500000000000099e+01 3.657002064000000052e-01
2.284499999999999886e+01 3.549008661999999981e-01
2.294500000000000028e+01 3.446755275999999757e-01
2.304500000000000171e+01 3.350934505999999535e-01
2.314499999999999957e+01 3.261819209000000330e-01
2.324500000000000099e+01 3.178413589999999900e-01
2.334499999999999886e+01 3.098097632999999851e-01
2.344500000000000028e+01 3.018259281999999821e-01
2.354500000000000171e+01 2.937787803999999947e-01
2.364499999999999957e+01 2.855930044000000168e-01
2.374500000000000099e+01 2.771638169999999790e-01
2.384499999999999886e+01 2.685091507999999849e-01
2.394500000000000028e+01 2.599295938000000250e-01
2.403999999999999915e+01 2.522829556000000251e-01
2.414000000000000057e+01 2.451256524000000048e-01
2.423999999999999844e+01 2.389383602999999856e-01
2.433999999999999986e+01 2.334726570000000001e-01
2.444000000000000128e+01 2.282939575999999859e-01
2.453999999999999915e+01 2.230023798999999918e-01
2.464000000000000057e+01 2.173834632000000155e-01
2.473999999999999844e+01 2.114347646999999997e-01
2.483999999999999986e+01 2.053420324999999935e-01
2.494000000000000128e+01 1.994661345000000030e-01
2.503999999999999915e+01 1.942133390999999931e-01
2.514000000000000057e+01 1.897986976999999909e-01
2.523999999999999844e+01 1.861008718000000117e-01
2.533999999999999986e+01 1.827660513000000098e-01
2.544000000000000128e+01 1.794618245999999862e-01
2.553999999999999915e+01 1.760491458999999814e-01
2.564000000000000057e+01 1.725539993000000105e-01
2.573999999999999844e+01 1.690724285000000104e-01
2.583999999999999986e+01 1.656941922999999872e-01
2.594000000000000128e+01 1.624609384000000045e-01
2.603500000000000014e+01 1.595333102000000003e-01
2.613500000000000156e+01 1.566397830000000047e-01
2.623499999999999943e+01 1.540297909999999992e-01
2.633500000000000085e+01 1.518481130000000068e-01
2.643499999999999872e+01 1.502677847999999983e-01
2.653500000000000014e+01 1.494199472999999945e-01
2.663500000000000156e+01 1.492865656000000041e-01
2.673499999999999943e+01 1.496381075000000060e-01
2.683500000000000085e+01 1.501058956999999916e-01
2.693499999999999872e+01 1.503546617000000030e-01
2.703500000000000014e+01 1.502355930000000006e-01
2.713500000000000156e+01 1.497847412999999961e-01
2.723499999999999943e+01 1.490714918000000111e-01
2.733500000000000085e+01 1.481452664999999835e-01
2.743499999999999872e+01 1.470680682000000128e-01
2.753500000000000014e+01 1.458840668999999979e-01
2.763500000000000156e+01 1.445575830999999978e-01
2.773499999999999943e+01 1.430636251999999886e-01
2.783500000000000085e+01 1.415528763000000190e-01
2.793499999999999872e+01 1.403688298000000112e-01
2.803000000000000114e+01 1.398763860999999997e-01
2.812999999999999901e+01 1.401563271999999860e-01
2.823000000000000043e+01 1.410632652000000098e-01
2.832999999999999829e+01 1.421930225999999964e-01
2.842999999999999972e+01 1.431457644999999945e-01
2.853000000000000114e+01 1.436323339000000199e-01
2.862999999999999901e+01 1.435137334000000098e-01
2.873000000000000043e+01 1.428458837000000092e-01
2.882999999999999829e+01 1.418520977999999932e-01
2.892999999999999972e+01 1.407763726999999854e-01
2.903000000000000114e+01 1.397220373999999987e-01
2.912999999999999901e+01 1.386158291999999848e-01
2.923000000000000043e+01 1.372748259000000082e-01
2.932999999999999829e+01 1.355026444999999913e-01
2.942999999999999972e+01 1.331725857999999929e-01
2.953000000000000114e+01 1.303048380999999867e-01
2.962999999999999901e+01 1.271089776999999865e-01
2.973000000000000043e+01 1.239295214000000062e-01
2.982999999999999829e+01 1.210674585000000025e-01
2.992999999999999972e+01 1.186085476999999971e-01
3.002499999999999858e+01 1.165366931000000050e-01
3.012500000000000000e+01 1.144497243999999941e-01
3.022500000000000142e+01 1.122656524999999933e-01
3.032499999999999929e+01 1.097515736999999936e-01
3.042500000000000071e+01 1.066976305000000014e-01
3.052499999999999858e+01 1.031206842999999873e-01
3.062500000000000000e+01 9.934633300000000888e-02
3.072500000000000142e+01 9.582227919999999899e-02
3.082499999999999929e+01 9.287464950000000330e-02
3.092500000000000071e+01 9.064607289999999928e-02
3.102499999999999858e+01 8.915268149999999725e-02
3.112500000000000000e+01 8.831376559999999654e-02
3.122500000000000142e+01 8.794905329999999632e-02
3.132499999999999929e+01 8.781912629999999442e-02
3.142500000000000071e+01 8.768157769999999906e-02
3.152499999999999858e+01 8.729352010000000772e-02
3.162500000000000000e+01 8.638021690000000086e-02
3.172500000000000142e+01 8.470135719999999369e-02
3.182499999999999929e+01 8.222381819999999286e-02
3.192500000000000071e+01 7.921463230000000411e-02
3.202000000000000313e+01 7.625831789999999721e-02
3.211999999999999744e+01 7.340424190000000015e-02
3.221999999999999886e+01 7.101532060000000091e-02
3.232000000000000028e+01 6.912315199999999327e-02
3.242000000000000171e+01 6.763327700000000553e-02
3.252000000000000313e+01 6.638720130000000386e-02
3.261999999999999744e+01 6.523108539999999955e-02
3.271999999999999886e+01 6.407167789999999863e-02
3.282000000000000028e+01 6.291202109999999292e-02
3.292000000000000171e+01 6.183063429999999250e-02
3.302000000000000313e+01 6.089475749999999354e-02
3.311999999999999744e+01 6.006223739999999589e-02
3.321999999999999886e+01 5.918182229999999905e-02
3.332000000000000028e+01 5.812190689999999910e-02
3.342000000000000171e+01 5.690659359999999944e-02
3.352000000000000313e+01 5.570100170000000239e-02
3.361999999999999744e+01 5.466847789999999818e-02
3.371999999999999886e+01 5.387705560000000116e-02
3.382000000000000028e+01 5.331811610000000007e-02
3.392000000000000171e+01 5.294981619999999944e-02
3.401500000000000057e+01 5.271506789999999554e-02
3.411500000000000199e+01 5.251357900000000467e-02
3.421500000000000341e+01 5.231573330000000022e-02
3.431499999999999773e+01 5.214351459999999605e-02
3.441499999999999915e+01 5.206089760000000288e-02
3.451500000000000057e+01 5.211523369999999933e-02
3.461500000000000199e+01 5.229644560000000497e-02
3.471500000000000341e+01 5.254048149999999973e-02
3.481499999999999773e+01 5.275979109999999472e-02
3.491499999999999915e+01 5.288367900000000288e-02
3.501500000000000057e+01 5.289742459999999952e-02
3.511500000000000199e+01 5.282746259999999972e-02
3.521500000000000341e+01 5.268872330000000381e-02
3.531499999999999773e+01 5.246075120000000258e-02
3.541499999999999915e+01 5.210780179999999900e-02
3.551500000000000057e+01 5.162498809999999799e-02
3.561500000000000199e+01 5.107032560000000082e-02
3.571500000000000341e+01 5.052988120000000138e-02
3.581499999999999773e+01 5.005326470000000250e-02
3.591499999999999915e+01 4.962278039999999668e-02
3.600999999999999801e+01 4.919438279999999858e-02
3.610999999999999943e+01 4.864800789999999819e-02
3.621000000000000085e+01 4.795633690000000032e-02
3.631000000000000227e+01 4.712102320000000066e-02
3.640999999999999659e+01 4.619580219999999682e-02
3.650999999999999801e+01 4.527321609999999941e-02
3.660999999999999943e+01 4.443799219999999828e-02
3.671000000000000085e+01 4.371934689999999735e-02
3.681000000000000227e+01 4.307795539999999951e-02
3.690999999999999659e+01 4.241394090000000228e-02
3.700999999999999801e+01 4.160128949999999937e-02
3.710999999999999943e+01 4.056812829999999898e-02
3.721000000000000085e+01 3.935777819999999871e-02
3.731000000000000227e+01 3.809086750000000021e-02
3.740999999999999659e+01 3.687436900000000406e-02
3.750999999999999801e+01 3.574974889999999600e-02
3.760999999999999943e+01 3.470358280000000045e-02
3.771000000000000085e+01 3.371407719999999775e-02
3.781000000000000227e+01 3.278001469999999862e-02
3.790999999999999659e+01 3.191091270000000202e-02
3.800500000000000256e+01 3.115297020000000125e-02
3.810499999999999687e+01 3.043925029999999810e-02
3.820499999999999829e+01 2.983245690000000186e-02
3.830499999999999972e+01 2.934813000000000005e-02
3.840500000000000114e+01 2.898353570000000018e-02
3.850500000000000256e+01 2.871936840000000046e-02
3.860499999999999687e+01 2.853592389999999937e-02
3.870499999999999829e+01 2.841937190000000044e-02
3.880499999999999972e+01 2.835416510000000195e-02
3.890500000000000114e+01 2.831932980000000100e-02
3.900500000000000256e+01 2.829150110000000148e-02
3.910499999999999687e+01 2.824195740000000343e-02
3.920499999999999829e+01 2.813457999999999931e-02
3.930499999999999972e+01 2.794386100000000039e-02
3.940500000000000114e+01 2.767662170000000088e-02
3.950500000000000256e+01 2.736365139999999765e-02
3.960499999999999687e+01 2.703156190000000070e-02
3.970499999999999829e+01 2.669909849999999724e-02
3.980499999999999972e+01 2.639906930000000124e-02
3.990500000000000114e+01 2.617634130000000281e-02
