1.000000000000000056e-01 3.068986699999999915e-03
2.000000000000000111e-01 4.264301399999999992e-03
2.999999999999999889e-01 5.697484600000000260e-03
4.000000000000000222e-01 7.257160300000000015e-03
5.000000000000000000e-01 8.887131200000000439e-03
5.999999999999999778e-01 1.056779520000000056e-02
6.999999999999999556e-01 1.228846939999999992e-02
8.000000000000000444e-01 1.404941679999999887e-02
9.000000000000000222e-01 1.585296469999999958e-02
1.000000000000000000e+00 1.770473469999999869e-02
1.100000000000000089e+00 1.960978310000000002e-02
1.199999999999999956e+00 2.157943350000000177e-02
1.300000000000000044e+00 2.362495280000000142e-02
1.399999999999999911e+00 2.575872569999999862e-02
1.500000000000000000e+00 2.798999929999999858e-02
1.600000000000000089e+00 3.031563539999999890e-02
1.699999999999999956e+00 3.270658419999999955e-02
1.800000000000000044e+00 3.509466750000000274e-02
1.899999999999999911e+00 3.739315750000000299e-02
2.000000000000000000e+00 3.956096750000000217e-02
2.095000000000000195e+00 4.154314580000000034e-02
2.194999999999999840e+00 4.364944760000000201e-02
2.294999999999999929e+00 4.587868059999999915e-02
2.395000000000000018e+00 4.830183860000000079e-02
2.495000000000000107e+00 5.096160730000000305e-02
2.595000000000000195e+00 5.388382059999999307e-02
2.694999999999999840e+00 5.708701809999999766e-02
2.794999999999999929e+00 6.057701969999999825e-02
2.895000000000000018e+00 6.434151960000000781e-02
2.995000000000000107e+00 6.836836899999999828e-02
3.095000000000000195e+00 7.266123909999999686e-02
3.194999999999999840e+00 7.724042679999999772e-02
3.294999999999999929e+00 8.211873249999999957e-02
3.395000000000000018e+00 8.730485139999999422e-02
3.495000000000000107e+00 9.281298729999999664e-02
3.595000000000000195e+00 9.865431739999999672e-02
3.694999999999999840e+00 1.048126323999999943e-01
3.794999999999999929e+00 1.111670200000000053e-01
3.895000000000000018e+00 1.174414775000000022e-01
3.995000000000000107e+00 1.232611710000000027e-01
4.089999999999999858e+00 1.280387433999999880e-01
4.190000000000000391e+00 1.321235746999999960e-01
4.290000000000000036e+00 1.354503828999999993e-01
4.389999999999999680e+00 1.385599912999999905e-01
4.490000000000000213e+00 1.420499761000000027e-01
4.589999999999999858e+00 1.463307660000000010e-01
4.690000000000000391e+00 1.515907734999999978e-01
4.790000000000000036e+00 1.579636563999999854e-01
4.889999999999999680e+00 1.656569817000000111e-01
4.990000000000000213e+00 1.749729298999999905e-01
5.089999999999999858e+00 1.861512790000000028e-01
5.190000000000000391e+00 1.992666197999999889e-01
5.290000000000000036e+00 2.142619896000000079e-01
5.389999999999999680e+00 2.311567354999999879e-01
5.490000000000000213e+00 2.503201879999999990e-01
5.589999999999999858e+00 2.723699016999999722e-01
5.690000000000000391e+00 2.977619832000000244e-01
5.790000000000000036e+00 3.263112801999999979e-01
5.889999999999999680e+00 3.570347398000000005e-01
5.990000000000000213e+00 3.887090234999999727e-01
6.084999999999999964e+00 4.191617794999999980e-01
6.184999999999999609e+00 4.513378142999999731e-01
6.285000000000000142e+00 4.814974565000000317e-01
6.384999999999999787e+00 5.045616475999999961e-01
6.485000000000000320e+00 5.156407161999999600e-01
6.584999999999999964e+00 5.148358398000000280e-01
6.684999999999999609e+00 5.077913470999999568e-01
6.785000000000000142e+00 5.014948222999999761e-01
6.884999999999999787e+00 5.005174908999999728e-01
6.985000000000000320e+00 5.061678223000000143e-01
7.084999999999999964e+00 5.172818496000000099e-01
7.184999999999999609e+00 5.316718002000000443e-01
7.285000000000000142e+00 5.479766788000000055e-01
7.384999999999999787e+00 5.666876765999999677e-01
7.485000000000000320e+00 5.894357185999999915e-01
7.584999999999999964e+00 6.178184335000000971e-01
7.684999999999999609e+00 6.527709844000000317e-01
7.785000000000000142e+00 6.943178325000000095e-01
7.884999999999999787e+00 7.415155426999999744e-01
7.985000000000000320e+00 7.932385495000000564e-01
8.080000000000000071e+00 8.461897382999999939e-01
8.179999999999999716e+00 9.056815804000000192e-01
8.279999999999999361e+00 9.677373255000000229e-01
8.380000000000000782e+00 1.030230764799999976e+00
8.480000000000000426e+00 1.091029939100000012e+00
8.580000000000000071e+00 1.148364772799999933e+00
8.679999999999999716e+00 1.201322699999999966e+00
8.779999999999999361e+00 1.249454758800000009e+00
8.880000000000000782e+00 1.292128477999999969e+00
8.980000000000000426e+00 1.329166711200000073e+00
9.080000000000000071e+00 1.362151625600000138e+00
9.179999999999999716e+00 1.395364360799999925e+00
9.279999999999999361e+00 1.434546870100000149e+00
9.380000000000000782e+00 1.482420049599999956e+00
9.480000000000000426e+00 1.535598017000000093e+00
9.580000000000000071e+00 1.587059544499999975e+00
9.679999999999999716e+00 1.632630140099999849e+00
9.779999999999999361e+00 1.675109272600000088e+00
9.880000000000000782e+00 1.722940860200000035e+00
9.980000000000000426e+00 1.785520860700000156e+00
1.007499999999999929e+01 1.863688017800000152e+00
1.017500000000000071e+01 1.964039992100000021e+00
1.027500000000000036e+01 2.072678915600000060e+00
1.037500000000000000e+01 2.173250524599999789e+00
1.047499999999999964e+01 2.253462664499999768e+00
1.057499999999999929e+01 2.316141972200000065e+00
1.067500000000000071e+01 2.378235457699999778e+00
1.077500000000000036e+01 2.458898012000000133e+00
1.087500000000000000e+01 2.567748443899999788e+00
1.097499999999999964e+01 2.698664584699999924e+00
1.107499999999999929e+01 2.832385205200000033e+00
1.117500000000000071e+01 2.949911359399999711e+00
1.127500000000000036e+01 3.048150222000000298e+00
1.137500000000000000e+01 3.141640230200000161e+00
1.147499999999999964e+01 3.249492631899999928e+00
1.157499999999999929e+01 3.384041906700000268e+00
1.167500000000000071e+01 3.552628198699999906e+00
1.177500000000000036e+01 3.764993322500000072e+00
1.187500000000000000e+01 4.036231881399999999e+00
1.197499999999999964e+01 4.381006155899999754e+00
1.207000000000000028e+01 4.782467799299999989e+00
1.216999999999999993e+01 5.277057208900000518e+00
1.226999999999999957e+01 5.829018368499999880e+00
1.236999999999999922e+01 6.415879300699999455e+00
1.247000000000000064e+01 7.003681070000000730e+00
1.257000000000000028e+01 7.530572405100000033e+00
1.266999999999999993e+01 7.917299408099999880e+00
1.276999999999999957e+01 8.125966475800000310e+00
1.286999999999999922e+01 8.195793790199999762e+00
1.297000000000000064e+01 8.192542733499999841e+00
1.307000000000000028e+01 8.141902119900001011e+00
1.316999999999999993e+01 8.028373368600000504e+00
1.326999999999999957e+01 7.847256551300000993e+00
1.336999999999999922e+01 7.633245434399999141e+00
1.347000000000000064e+01 7.438237811400000510e+00
1.357000000000000028e+01 7.295782911799999937e+00
1.366999999999999993e+01 7.217184648499999966e+00
1.376999999999999957e+01 7.203096867000000181e+00
1.386999999999999922e+01 7.248162561800000958e+00
1.397000000000000064e+01 7.341714286400000233e+00
1.406499999999999950e+01 7.466685682600000540e+00
1.416499999999999915e+01 7.634993885900000166e+00
1.426500000000000057e+01 7.850483248199999764e+00
1.436500000000000021e+01 8.123120253899999810e+00
1.446499999999999986e+01 8.437768436100000713e+00
1.456499999999999950e+01 8.736612674799999922e+00
1.466499999999999915e+01 8.938879901099999969e+00
1.476500000000000057e+01 8.985061625900000237e+00
1.486500000000000021e+01 8.864072258300000229e+00
1.496499999999999986e+01 8.604750432699999507e+00
1.506499999999999950e+01 8.250179039400000747e+00
1.516499999999999915e+01 7.833780958300000208e+00
1.526500000000000057e+01 7.373659970799999464e+00
1.536500000000000021e+01 6.887948306800000253e+00
1.546499999999999986e+01 6.408892248799999969e+00
1.556499999999999950e+01 5.972831654200000173e+00
1.566499999999999915e+01 5.597406378599999677e+00
1.576500000000000057e+01 5.273503867899999697e+00
1.586500000000000021e+01 4.981303904799999849e+00
1.596499999999999986e+01 4.710559181199999834e+00
1.605999999999999872e+01 4.477219552299999350e+00
1.616000000000000014e+01 4.268749933300000521e+00
1.626000000000000156e+01 4.108026930599999460e+00
1.635999999999999943e+01 3.989955775000000315e+00
1.646000000000000085e+01 3.893003178799999908e+00
1.655999999999999872e+01 3.793752197899999956e+00
1.666000000000000014e+01 3.684773595599999840e+00
1.676000000000000156e+01 3.578085083199999961e+00
1.685999999999999943e+01 3.493610406999999807e+00
1.696000000000000085e+01 3.446824312599999995e+00
1.705999999999999872e+01 3.443103830000000087e+00
1.716000000000000014e+01 3.476301013700000109e+00
1.726000000000000156e+01 3.530167081500000137e+00
1.735999999999999943e+01 3.582602551299999938e+00
1.746000000000000085e+01 3.612006412199999961e+00
1.755999999999999872e+01 3.606776243900000178e+00
1.766000000000000014e+01 3.573740078400000186e+00
1.776000000000000156e+01 3.532991573499999927e+00
1.785999999999999943e+01 3.502921614599999955e+00
1.796000000000000085e+01 3.493448696699999800e+00
1.805499999999999972e+01 3.507015070300000037e+00
1.815500000000000114e+01 3.544193998799999967e+00
1.825499999999999901e+01 3.597397915800000234e+00
1.835500000000000043e+01 3.652324791699999906e+00
1.845499999999999829e+01 3.693578306099999597e+00
1.855499999999999972e+01 3.710919859899999729e+00
1.865500000000000114e+01 3.699749162699999872e+00
1.875499999999999901e+01 3.659529144900000031e+00
1.885500000000000043e+01 3.592727736900000135e+00
1.895499999999999829e+01 3.501623551800000289e+00
1.905499999999999972e+01 3.384470340300000046e+00
1.915500000000000114e+01 3.237324580000000118e+00
1.925499999999999901e+01 3.060202952599999637e+00
1.935500000000000043e+01 2.860862069100000404e+00
1.945499999999999829e+01 2.653241729600000376e+00
1.955499999999999972e+01 2.451616192200000377e+00
1.965500000000000114e+01 2.263409202799999687e+00
1.975499999999999901e+01 2.087017469500000111e+00
1.985500000000000043e+01 1.917159790299999944e+00
1.995499999999999829e+01 1.752337919599999960e+00
2.005000000000000071e+01 1.603914389199999846e+00
2.014999999999999858e+01 1.461365020699999961e+00
2.025000000000000000e+01 1.336315944799999933e+00
2.035000000000000142e+01 1.229556572299999928e+00
2.044999999999999929e+01 1.139900671199999937e+00
2.055000000000000071e+01 1.065134903599999960e+00
2.064999999999999858e+01 1.002670088599999954e+00
2.075000000000000000e+01 9.497755997000000283e-01
2.085000000000000142e+01 9.034834821999999654e-01
2.094999999999999929e+01 8.608017883999999897e-01
2.105000000000000071e+01 8.196499686000000562e-01
2.114999999999999858e+01 7.794978541000000538e-01
2.125000000000000000e+01 7.409665533000000526e-01
2.135000000000000142e+01 7.049502907000000373e-01
2.144999999999999929e+01 6.720516440999999563e-01
2.155000000000000071e+01 6.424086077000000783e-01
2.164999999999999858e+01 6.155319965000000115e-01
2.175000000000000000e+01 5.905021028000000394e-01
2.185000000000000142e+01 5.666358495000000106e-01
2.194999999999999929e+01 5.439419337999999993e-01
2.204500000000000171e+01 5.236896156999999441e-01
2.214499999999999957e+01 5.036399771999999775e-01
2.224500000000000099e+01 4.845666132000000514e-01
2.234499999999999886e+01 4.664892238000000191e-01
2.244500000000000028e+01 4.497819188999999662e-01
2.254500000000000171e+01 4.347267228000000205e-01
2.264499999999999957e+01 4.211868235000000293e-01
2.274500000000000099e+01 4.084700350000000091e-01
2.284499999999999886e+01 3.954998185999999416e-01
2.294500000000000028e+01 3.814664394000000236e-01
2.304500000000000171e+01 3.664071053999999883e-01
2.314499999999999957e+01 3.510543157000000081e-01
2.324500000000000099e+01 3.363353680000000234e-01
2.334499999999999886e+01 3.231096130999999705e-01
2.344500000000000028e+01 3.120372953000000171e-01
2.354500000000000171e+01 3.033968572999999891e-01
2.364499999999999957e+01 2.970216017000000264e-01
2.374500000000000099e+01 2.923834686999999821e-01
2.384499999999999886e+01 2.886749578999999732e-01
2.394500000000000028e+01 2.848947385000000221e-01
2.403999999999999915e+01 2.804192034999999916e-01
2.414000000000000057e+01 2.743821155000000234e-01
2.423999999999999844e+01 2.670963719999999708e-01
2.433999999999999986e+01 2.589238627000000070e-01
2.444000000000000128e+01 2.503766780000000192e-01
2.453999999999999915e+01 2.420465300000000097e-01
2.464000000000000057e+01 2.343058118000000134e-01
2.473999999999999844e+01 2.271068317000000114e-01
2.483999999999999986e+01 2.201847135999999983e-01
2.494000000000000128e+01 2.133634072999999742e-01
2.503999999999999915e+01 2.066226347999999824e-01
2.514000000000000057e+01 2.000807663999999986e-01
2.523999999999999844e+01 1.940129260999999827e-01
2.533999999999999986e+01 1.887449233999999865e-01
2.544000000000000128e+01 1.844392150999999980e-01
2.553999999999999915e+01 1.810262898999999981e-01
2.564000000000000057e+01 1.783022067000000210e-01
2.573999999999999844e+01 1.760780663000000024e-01
2.583999999999999986e+01 1.742447695000000074e-01
2.594000000000000128e+01 1.727500524000000204e-01
2.603500000000000014e+01 1.716310047999999866e-01
2.613500000000000156e+01 1.708074311999999984e-01
2.623499999999999943e+01 1.704602630000000008e-01
2.633500000000000085e+01 1.706751838999999993e-01
2.643499999999999872e+01 1.713191333000000094e-01
2.653500000000000014e+01 1.719747323000000161e-01
2.663500000000000156e+01 1.721547918999999927e-01
2.673499999999999943e+01 1.716326472000000158e-01
2.683500000000000085e+01 1.705379264000000117e-01
2.693499999999999872e+01 1.691732655000000030e-01
2.703500000000000014e+01 1.678186982000000049e-01
2.713500000000000156e+01 1.666312494000000144e-01
2.723499999999999943e+01 1.656137923999999872e-01
2.733500000000000085e+01 1.646375925000000129e-01
2.743499999999999872e+01 1.636024702999999969e-01
2.753500000000000014e+01 1.626430979000000054e-01
2.763500000000000156e+01 1.621449279000000132e-01
2.773499999999999943e+01 1.624613091000000065e-01
2.783500000000000085e+01 1.636137373000000061e-01
2.793499999999999872e+01 1.652935339000000114e-01
2.803000000000000114e+01 1.669964093000000094e-01
2.812999999999999901e+01 1.684956213999999897e-01
2.823000000000000043e+01 1.692849664999999948e-01
2.832999999999999829e+01 1.690969012000000105e-01
2.842999999999999972e+01 1.679832222000000042e-01
2.853000000000000114e+01 1.662425413999999990e-01
2.862999999999999901e+01 1.641287268999999938e-01
2.873000000000000043e+01 1.615949413000000168e-01
2.882999999999999829e+01 1.583019645000000031e-01
2.892999999999999972e+01 1.539603930999999815e-01
2.903000000000000114e+01 1.487125075000000074e-01
2.912999999999999901e+01 1.431314786000000006e-01
2.923000000000000043e+01 1.378780434000000110e-01
2.932999999999999829e+01 1.334003797999999963e-01
2.942999999999999972e+01 1.298785063000000017e-01
2.953000000000000114e+01 1.273238650000000083e-01
2.962999999999999901e+01 1.256665213000000003e-01
2.973000000000000043e+01 1.247556333000000017e-01
2.982999999999999829e+01 1.242872359999999954e-01
2.992999999999999972e+01 1.237832399999999888e-01
3.002499999999999858e+01 1.228144343999999916e-01
3.012500000000000000e+01 1.210134639999999873e-01
3.022500000000000142e+01 1.185005360999999979e-01
3.032499999999999929e+01 1.156642563999999984e-01
3.042500000000000071e+01 1.130235449000000086e-01
3.052499999999999858e+01 1.110536988999999974e-01
3.062500000000000000e+01 1.100169867999999940e-01
3.072500000000000142e+01 1.098409667000000145e-01
3.082499999999999929e+01 1.101247018000000022e-01
3.092500000000000071e+01 1.102955357999999969e-01
3.102499999999999858e+01 1.097796647000000014e-01
3.112500000000000000e+01 1.081225987999999971e-01
3.122500000000000142e+01 1.051068152000000089e-01
3.132499999999999929e+01 1.008440396999999988e-01
3.142500000000000071e+01 9.579860500000000889e-02
3.152499999999999858e+01 9.063637589999999633e-02
3.162500000000000000e+01 8.593544170000000371e-02
3.172500000000000142e+01 8.199936310000000006e-02
3.182499999999999929e+01 7.887693390000000138e-02
3.192500000000000071e+01 7.647037949999999085e-02
3.202000000000000313e+01 7.470195070000000548e-02
3.211999999999999744e+01 7.323083010000000503e-02
3.221999999999999886e+01 7.205050019999999222e-02
3.232000000000000028e+01 7.110338189999999836e-02
3.242000000000000171e+01 7.033493570000000361e-02
3.252000000000000313e+01 6.964576240000000529e-02
3.261999999999999744e+01 6.891757249999999613e-02
3.271999999999999886e+01 6.804604350000000024e-02
3.282000000000000028e+01 6.694926519999999659e-02
3.292000000000000171e+01 6.557462070000000254e-02
3.302000000000000313e+01 6.394164439999999727e-02
3.311999999999999744e+01 6.217454540000000307e-02
3.321999999999999886e+01 6.046354210000000340e-02
3.332000000000000028e+01 5.897386890000000381e-02
3.342000000000000171e+01 5.778298770000000334e-02
3.352000000000000313e+01 5.688821389999999811e-02
3.361999999999999744e+01 5.626278090000000343e-02
3.371999999999999886e+01 5.589615170000000743e-02
3.382000000000000028e+01 5.576522859999999415e-02
3.392000000000000171e+01 5.578858409999999657e-02
3.401500000000000057e+01 5.583879740000000091e-02
3.411500000000000199e+01 5.581975599999999815e-02
3.421500000000000341e+01 5.569245989999999785e-02
3.431499999999999773e+01 5.549435529999999922e-02
3.441499999999999915e+01 5.529642840000000004e-02
3.451500000000000057e+01 5.515229779999999971e-02
3.461500000000000199e+01 5.505318189999999778e-02
3.471500000000000341e+01 5.491771599999999837e-02
3.481499999999999773e+01 5.465416219999999492e-02
3.491499999999999915e+01 5.423917890000000408e-02
3.501500000000000057e+01 5.371148120000000109e-02
3.511500000000000199e+01 5.311164320000000272e-02
3.521500000000000341e+01 5.247695089999999951e-02
3.531499999999999773e+01 5.187324609999999919e-02
3.541499999999999915e+01 5.138804169999999782e-02
3.551500000000000057e+01 5.108633790000000063e-02
3.561500000000000199e+01 5.096146459999999906e-02
3.571500000000000341e+01 5.091644759999999770e-02
3.581499999999999773e+01 5.080029180000000116e-02
3.591499999999999915e+01 5.048342240000000536e-02
3.600999999999999801e+01 4.995590719999999652e-02
3.610999999999999943e+01 4.921238799999999580e-02
3.621000000000000085e+01 4.838203759999999687e-02
3.631000000000000227e+01 4.756137709999999630e-02
3.640999999999999659e+01 4.679525699999999983e-02
3.650999999999999801e+01 4.608045780000000202e-02
3.660999999999999943e+01 4.538317120000000260e-02
3.671000000000000085e+01 4.465580619999999501e-02
3.681000000000000227e+01 4.387060339999999947e-02
3.690999999999999659e+01 4.304790569999999983e-02
3.700999999999999801e+01 4.223264089999999998e-02
3.710999999999999943e+01 4.145332349999999999e-02
3.721000000000000085e+01 4.071377519999999639e-02
3.731000000000000227e+01 4.000498789999999694e-02
3.740999999999999659e+01 3.930871090000000179e-02
3.750999999999999801e+01 3.859842830000000113e-02
3.760999999999999943e+01 3.785288120000000062e-02
3.771000000000000085e+01 3.706324340000000106e-02
3.781000000000000227e+01 3.622005200000000258e-02
3.790999999999999659e+01 3.530964209999999659e-02
3.800500000000000256e+01 3.438385709999999817e-02
3.810499999999999687e+01 3.337792679999999901e-02
3.820499999999999829e+01 3.239775909999999953e-02
3.830499999999999972e+01 3.150058249999999893e-02
3.840500000000000114e+01 3.071971419999999786e-02
3.850500000000000256e+01 3.005517720000000156e-02
3.860499999999999687e+01 2.947908459999999675e-02
3.870499999999999829e+01 2.895772180000000251e-02
3.880499999999999972e+01 2.847478319999999924e-02
3.890500000000000114e+01 2.803275720000000110e-02
3.900500000000000256e+01 2.763824859999999828e-02
3.910499999999999687e+01 2.729522919999999991e-02
3.920499999999999829e+01 2.700857010000000044e-02
3.930499999999999972e+01 2.678053610000000195e-02
3.940500000000000114e+01 2.660190429999999967e-02
3.950500000000000256e+01 2.645372639999999873e-02
3.960499999999999687e+01 2.632163039999999704e-02
3.970499999999999829e+01 2.620313070000000050e-02
3.980499999999999972e+01 2.609434270000000194e-02
3.990500000000000114e+01 2.597536170000000130e-02
