1.000000000000000056e-01 3.577555000000000058e-03
2.000000000000000111e-01 4.561913600000000110e-03
2.999999999999999889e-01 5.965287899999999546e-03
4.000000000000000222e-01 7.537771500000000138e-03
5.000000000000000000e-01 9.197157399999999344e-03
5.999999999999999778e-01 1.091423329999999942e-02
6.999999999999999556e-01 1.267867020000000046e-02
8.000000000000000444e-01 1.448948629999999987e-02
9.000000000000000222e-01 1.634659180000000087e-02
1.000000000000000000e+00 1.825682769999999872e-02
1.100000000000000089e+00 2.022599320000000034e-02
1.199999999999999956e+00 2.226655949999999801e-02
1.300000000000000044e+00 2.439122609999999983e-02
1.399999999999999911e+00 2.661080149999999964e-02
1.500000000000000000e+00 2.893605440000000112e-02
1.600000000000000089e+00 3.135811419999999516e-02
1.699999999999999956e+00 3.384093999999999991e-02
1.800000000000000044e+00 3.629909850000000160e-02
1.899999999999999911e+00 3.864405110000000004e-02
2.000000000000000000e+00 4.083896230000000349e-02
2.095000000000000195e+00 4.284902820000000001e-02
2.194999999999999840e+00 4.499717999999999773e-02
2.294999999999999929e+00 4.728472740000000396e-02
2.395000000000000018e+00 4.977964730000000032e-02
2.495000000000000107e+00 5.252187699999999460e-02
2.595000000000000195e+00 5.553831630000000130e-02
2.694999999999999840e+00 5.884408270000000135e-02
2.794999999999999929e+00 6.244739289999999554e-02
2.895000000000000018e+00 6.634217709999999657e-02
2.995000000000000107e+00 7.052667849999999516e-02
3.095000000000000195e+00 7.501133649999999764e-02
3.194999999999999840e+00 7.982213209999999837e-02
3.294999999999999929e+00 8.497044030000000525e-02
3.395000000000000018e+00 9.046055199999999963e-02
3.495000000000000107e+00 9.631449840000000373e-02
3.595000000000000195e+00 1.025453792000000086e-01
3.694999999999999840e+00 1.091222715000000065e-01
3.794999999999999929e+00 1.158882049000000136e-01
3.895000000000000018e+00 1.225285459000000077e-01
3.995000000000000107e+00 1.286360055999999918e-01
4.089999999999999858e+00 1.335963668999999854e-01
4.190000000000000391e+00 1.377925835000000099e-01
4.290000000000000036e+00 1.412010911999999896e-01
4.389999999999999680e+00 1.444263249000000138e-01
4.490000000000000213e+00 1.480936199000000009e-01
4.589999999999999858e+00 1.526135178999999953e-01
4.690000000000000391e+00 1.581874848000000000e-01
4.790000000000000036e+00 1.649772556999999917e-01
4.889999999999999680e+00 1.732394646999999843e-01
4.990000000000000213e+00 1.832692784000000130e-01
5.089999999999999858e+00 1.952657364999999812e-01
5.190000000000000391e+00 2.092245875000000033e-01
5.290000000000000036e+00 2.250522541000000154e-01
5.389999999999999680e+00 2.428459909000000305e-01
5.490000000000000213e+00 2.631049226000000130e-01
5.589999999999999858e+00 2.865098960999999944e-01
5.690000000000000391e+00 3.134094789999999908e-01
5.790000000000000036e+00 3.433908406999999774e-01
5.889999999999999680e+00 3.752753105000000144e-01
5.990000000000000213e+00 4.079141963000000315e-01
6.084999999999999964e+00 4.393458966000000077e-01
6.184999999999999609e+00 4.724642599999999693e-01
6.285000000000000142e+00 5.027661326000000264e-01
6.384999999999999787e+00 5.246600176000000282e-01
6.485000000000000320e+00 5.339322373999999538e-01
6.584999999999999964e+00 5.321539753999999789e-01
6.684999999999999609e+00 5.258515395000000758e-01
6.785000000000000142e+00 5.217869915999999719e-01
6.884999999999999787e+00 5.237372902999999358e-01
6.985000000000000320e+00 5.321633461999999426e-01
7.084999999999999964e+00 5.453082021999999807e-01
7.184999999999999609e+00 5.610406833000000093e-01
7.285000000000000142e+00 5.787381085000000702e-01
7.384999999999999787e+00 5.996282434999999911e-01
7.485000000000000320e+00 6.256175205999999767e-01
7.584999999999999964e+00 6.582568092000000703e-01
7.684999999999999609e+00 6.983553985999999547e-01
7.785000000000000142e+00 7.457083084000000195e-01
7.884999999999999787e+00 7.992100763999999691e-01
7.985000000000000320e+00 8.577772761999999940e-01
8.080000000000000071e+00 9.176001289999999866e-01
8.179999999999999716e+00 9.839944420999999775e-01
8.279999999999999361e+00 1.051614650799999939e+00
8.380000000000000782e+00 1.117692253600000019e+00
8.480000000000000426e+00 1.179750544200000029e+00
8.580000000000000071e+00 1.235868895200000095e+00
8.679999999999999716e+00 1.285319479600000037e+00
8.779999999999999361e+00 1.328222282000000032e+00
8.880000000000000782e+00 1.365102979700000052e+00
8.980000000000000426e+00 1.397040364099999987e+00
9.080000000000000071e+00 1.426633273400000013e+00
9.179999999999999716e+00 1.458844142500000052e+00
9.279999999999999361e+00 1.498941274099999887e+00
9.380000000000000782e+00 1.547675748999999934e+00
9.480000000000000426e+00 1.599355873199999944e+00
9.580000000000000071e+00 1.646689922499999792e+00
9.679999999999999716e+00 1.687959724099999947e+00
9.779999999999999361e+00 1.729135539300000080e+00
9.880000000000000782e+00 1.780093718499999866e+00
9.980000000000000426e+00 1.849589015299999861e+00
1.007499999999999929e+01 1.936059246599999950e+00
1.017500000000000071e+01 2.044310558899999908e+00
1.027500000000000036e+01 2.157359351500000244e+00
1.037500000000000000e+01 2.258255341499999957e+00
1.047499999999999964e+01 2.337258129099999859e+00
1.057499999999999929e+01 2.401050036400000032e+00
1.067500000000000071e+01 2.468996527799999896e+00
1.077500000000000036e+01 2.559566510799999861e+00
1.087500000000000000e+01 2.678054168200000085e+00
1.097499999999999964e+01 2.812527726899999969e+00
1.107499999999999929e+01 2.941128379200000253e+00
1.117500000000000071e+01 3.048849653100000001e+00
1.127500000000000036e+01 3.140185857199999653e+00
1.137500000000000000e+01 3.234638231199999936e+00
1.147499999999999964e+01 3.352252372500000188e+00
1.157499999999999929e+01 3.506108336499999645e+00
1.167500000000000071e+01 3.705396752400000437e+00
1.177500000000000036e+01 3.960557751900000145e+00
1.187500000000000000e+01 4.281982928999999771e+00
1.197499999999999964e+01 4.674907886099999743e+00
1.207000000000000028e+01 5.110490173300000549e+00
1.216999999999999993e+01 5.622361413500000182e+00
1.226999999999999957e+01 6.171670892699999911e+00
1.236999999999999922e+01 6.730866279799999852e+00
1.247000000000000064e+01 7.243592566300000257e+00
1.257000000000000028e+01 7.627775565299999450e+00
1.266999999999999993e+01 7.832458614000000097e+00
1.276999999999999957e+01 7.890408031699999825e+00
1.286999999999999922e+01 7.883412775900000113e+00
1.297000000000000064e+01 7.864885516099999307e+00
1.307000000000000028e+01 7.831398920899999894e+00
1.316999999999999993e+01 7.757567619699999639e+00
1.326999999999999957e+01 7.641671778599999243e+00
1.336999999999999922e+01 7.513118242600000052e+00
1.347000000000000064e+01 7.405802550000000650e+00
1.357000000000000028e+01 7.337769268799999800e+00
1.366999999999999993e+01 7.314713381600000730e+00
1.376999999999999957e+01 7.336907577899999922e+00
1.386999999999999922e+01 7.400777078499999995e+00
1.397000000000000064e+01 7.503460374399999466e+00
1.406499999999999950e+01 7.637902645700000548e+00
1.416499999999999915e+01 7.825072186099999882e+00
1.426500000000000057e+01 8.068649769200000321e+00
1.436500000000000021e+01 8.366094351800001050e+00
1.446499999999999986e+01 8.682106385499999135e+00
1.456499999999999950e+01 8.947004175900000078e+00
1.466499999999999915e+01 9.086935219699999067e+00
1.476500000000000057e+01 9.061210903799999272e+00
1.486500000000000021e+01 8.874120684599999365e+00
1.496499999999999986e+01 8.561629352200000653e+00
1.506499999999999950e+01 8.167592923199999078e+00
1.516499999999999915e+01 7.721967848999999440e+00
1.526500000000000057e+01 7.239851344099999864e+00
1.536500000000000021e+01 6.741967856499999634e+00
1.546499999999999986e+01 6.264425755199999557e+00
1.556499999999999950e+01 5.839622681599999865e+00
1.566499999999999915e+01 5.476059477599999781e+00
1.576500000000000057e+01 5.161373547500000214e+00
1.586500000000000021e+01 4.880841312200000282e+00
1.596499999999999986e+01 4.628952157100000520e+00
1.605999999999999872e+01 4.420440820799999670e+00
1.616000000000000014e+01 4.242470704400000514e+00
1.626000000000000156e+01 4.109253858599999809e+00
1.635999999999999943e+01 4.006310182200000014e+00
1.646000000000000085e+01 3.909375908499999941e+00
1.655999999999999872e+01 3.803344351199999807e+00
1.666000000000000014e+01 3.693208079400000177e+00
1.676000000000000156e+01 3.596206042900000011e+00
1.685999999999999943e+01 3.528609250399999731e+00
1.696000000000000085e+01 3.499129531000000348e+00
1.705999999999999872e+01 3.506488839299999771e+00
1.716000000000000014e+01 3.539136242700000157e+00
1.726000000000000156e+01 3.578749696200000052e+00
1.735999999999999943e+01 3.606654743800000062e+00
1.746000000000000085e+01 3.610178065100000389e+00
1.755999999999999872e+01 3.588147290899999842e+00
1.766000000000000014e+01 3.551846609899999674e+00
1.776000000000000156e+01 3.516469165000000174e+00
1.785999999999999943e+01 3.492231050400000036e+00
1.796000000000000085e+01 3.484818400500000024e+00
1.805499999999999972e+01 3.496618702900000208e+00
1.815500000000000114e+01 3.527382736699999910e+00
1.825499999999999901e+01 3.566853739899999987e+00
1.835500000000000043e+01 3.599358222399999807e+00
1.845499999999999829e+01 3.611810015900000170e+00
1.855499999999999972e+01 3.598472386500000120e+00
1.865500000000000114e+01 3.560219570300000136e+00
1.875499999999999901e+01 3.500881124300000202e+00
1.885500000000000043e+01 3.422234095899999939e+00
1.895499999999999829e+01 3.320503797699999815e+00
1.905499999999999972e+01 3.189136092600000083e+00
1.915500000000000114e+01 3.025670622099999818e+00
1.925499999999999901e+01 2.836816117100000145e+00
1.935500000000000043e+01 2.637681660300000175e+00
1.945499999999999829e+01 2.444014562400000035e+00
1.955499999999999972e+01 2.262785625299999825e+00
1.965500000000000114e+01 2.090920229399999997e+00
1.975499999999999901e+01 1.922835161899999923e+00
1.985500000000000043e+01 1.758072931699999897e+00
1.995499999999999829e+01 1.601576736499999987e+00
2.005000000000000071e+01 1.465790190599999931e+00
2.014999999999999858e+01 1.339642306000000005e+00
2.025000000000000000e+01 1.231427492699999959e+00
2.035000000000000142e+01 1.140410971199999901e+00
2.044999999999999929e+01 1.065008711800000007e+00
2.055000000000000071e+01 1.002706741599999951e+00
2.064999999999999858e+01 9.501677567999999852e-01
2.075000000000000000e+01 9.038227675999999100e-01
2.085000000000000142e+01 8.605539141999999364e-01
2.094999999999999929e+01 8.185930941000000294e-01
2.105000000000000071e+01 7.780766932000000580e-01
2.114999999999999858e+01 7.402958533999999258e-01
2.125000000000000000e+01 7.062471517999999726e-01
2.135000000000000142e+01 6.759713165999999829e-01
2.144999999999999929e+01 6.487505006000000574e-01
2.155000000000000071e+01 6.234920750999999317e-01
2.164999999999999858e+01 5.991855669000000217e-01
2.175000000000000000e+01 5.754770891000000610e-01
2.185000000000000142e+01 5.526708107000000147e-01
2.194999999999999929e+01 5.310674910000000581e-01
2.204500000000000171e+01 5.115299741000000067e-01
2.214499999999999957e+01 4.918648827999999584e-01
2.224500000000000099e+01 4.733805205000000127e-01
2.234499999999999886e+01 4.565915955999999554e-01
2.244500000000000028e+01 4.418227397000000223e-01
2.254500000000000171e+01 4.287980992000000047e-01
2.264499999999999957e+01 4.164431986999999613e-01
2.274500000000000099e+01 4.032982734999999708e-01
2.284499999999999886e+01 3.884754590000000229e-01
2.294500000000000028e+01 3.721824012000000126e-01
2.304500000000000171e+01 3.554481277000000050e-01
2.314499999999999957e+01 3.395739031000000185e-01
2.324500000000000099e+01 3.257118539000000146e-01
2.334499999999999886e+01 3.146154906000000473e-01
2.344500000000000028e+01 3.064762647000000007e-01
2.354500000000000171e+01 3.008646192000000164e-01
2.364499999999999957e+01 2.968493215999999935e-01
2.374500000000000099e+01 2.932597672000000211e-01
2.384499999999999886e+01 2.889832014000000004e-01
2.394500000000000028e+01 2.833657054000000008e-01
2.403999999999999915e+01 2.768665906999999704e-01
2.414000000000000057e+01 2.693979961000000367e-01
2.423999999999999844e+01 2.618946134999999842e-01
2.433999999999999986e+01 2.546254218000000291e-01
2.444000000000000128e+01 2.475044332999999930e-01
2.453999999999999915e+01 2.402815610000000046e-01
2.464000000000000057e+01 2.327937133999999908e-01
2.473999999999999844e+01 2.250920153000000035e-01
2.483999999999999986e+01 2.173607617999999964e-01
2.494000000000000128e+01 2.097908567000000002e-01
2.503999999999999915e+01 2.026193533000000269e-01
2.514000000000000057e+01 1.961892256999999973e-01
2.523999999999999844e+01 1.908120503999999884e-01
2.533999999999999986e+01 1.865749388999999869e-01
2.544000000000000128e+01 1.833227742999999910e-01
2.553999999999999915e+01 1.807644937000000007e-01
2.564000000000000057e+01 1.786046317999999966e-01
2.573999999999999844e+01 1.766510720999999728e-01
2.583999999999999986e+01 1.748669633999999917e-01
2.594000000000000128e+01 1.733420771999999999e-01
2.603500000000000014e+01 1.722808637000000087e-01
2.613500000000000156e+01 1.717488882999999855e-01
2.623499999999999943e+01 1.719110304999999783e-01
2.633500000000000085e+01 1.726207060000000126e-01
2.643499999999999872e+01 1.734903061999999996e-01
2.653500000000000014e+01 1.740898895000000113e-01
2.663500000000000156e+01 1.741964947000000097e-01
2.673499999999999943e+01 1.738070424000000003e-01
2.683500000000000085e+01 1.729971928000000048e-01
2.693499999999999872e+01 1.718616430000000084e-01
2.703500000000000014e+01 1.705557936000000052e-01
2.713500000000000156e+01 1.693011144000000079e-01
2.723499999999999943e+01 1.682472634000000133e-01
2.733500000000000085e+01 1.673980252999999752e-01
2.743499999999999872e+01 1.667686908000000079e-01
2.753500000000000014e+01 1.665750690000000200e-01
2.763500000000000156e+01 1.670983258000000027e-01
2.773499999999999943e+01 1.683757178000000188e-01
2.783500000000000085e+01 1.701572215999999915e-01
2.793499999999999872e+01 1.720897262999999955e-01
2.803000000000000114e+01 1.737309666000000086e-01
2.812999999999999901e+01 1.748572719999999803e-01
2.823000000000000043e+01 1.749919739999999946e-01
2.832999999999999829e+01 1.740185811999999943e-01
2.842999999999999972e+01 1.721461934999999888e-01
2.853000000000000114e+01 1.697015031999999923e-01
2.862999999999999901e+01 1.668577347000000100e-01
2.873000000000000043e+01 1.635005080999999971e-01
2.882999999999999829e+01 1.593306729999999782e-01
2.892999999999999972e+01 1.542181952999999994e-01
2.903000000000000114e+01 1.484959766000000236e-01
2.912999999999999901e+01 1.428464715999999968e-01
2.923000000000000043e+01 1.378963458999999947e-01
2.932999999999999829e+01 1.339287281000000052e-01
2.942999999999999972e+01 1.309194207999999915e-01
2.953000000000000114e+01 1.287375988999999998e-01
2.962999999999999901e+01 1.272336292000000035e-01
2.973000000000000043e+01 1.261932212000000109e-01
2.982999999999999829e+01 1.253180080000000085e-01
2.992999999999999972e+01 1.242900071999999967e-01
3.002499999999999858e+01 1.229349844000000025e-01
3.012500000000000000e+01 1.210126049999999953e-01
3.022500000000000142e+01 1.187359292000000066e-01
3.032499999999999929e+01 1.164789027999999921e-01
3.042500000000000071e+01 1.146599043999999984e-01
3.052499999999999858e+01 1.135753454999999940e-01
3.062500000000000000e+01 1.132936913999999934e-01
3.072500000000000142e+01 1.136041574000000026e-01
3.082499999999999929e+01 1.140398579999999940e-01
3.092500000000000071e+01 1.139596310000000057e-01
3.102499999999999858e+01 1.127354473000000135e-01
3.112500000000000000e+01 1.099896022000000084e-01
3.122500000000000142e+01 1.057507609999999987e-01
3.132499999999999929e+01 1.004912970000000072e-01
3.142500000000000071e+01 9.496100720000000273e-02
3.152499999999999858e+01 8.984068080000000289e-02
3.162500000000000000e+01 8.549199609999999505e-02
3.172500000000000142e+01 8.196610569999999985e-02
3.182499999999999929e+01 7.915078139999999485e-02
3.192500000000000071e+01 7.689739310000000272e-02
3.202000000000000313e+01 7.516407459999999152e-02
3.211999999999999744e+01 7.367514710000000466e-02
3.221999999999999886e+01 7.247652790000000400e-02
3.232000000000000028e+01 7.154125220000000229e-02
3.242000000000000171e+01 7.080929140000000177e-02
3.252000000000000313e+01 7.013760659999999925e-02
3.261999999999999744e+01 6.933066400000000018e-02
3.271999999999999886e+01 6.823334429999999839e-02
3.282000000000000028e+01 6.680678789999999756e-02
3.292000000000000171e+01 6.513565579999999744e-02
3.302000000000000313e+01 6.338049290000000169e-02
3.311999999999999744e+01 6.171682659999999654e-02
3.321999999999999886e+01 6.027831959999999795e-02
3.332000000000000028e+01 5.911268120000000292e-02
3.342000000000000171e+01 5.819614700000000362e-02
3.352000000000000313e+01 5.749720660000000316e-02
3.361999999999999744e+01 5.701003899999999847e-02
3.371999999999999886e+01 5.671584100000000295e-02
3.382000000000000028e+01 5.655798670000000000e-02
3.392000000000000171e+01 5.646872520000000006e-02
3.401500000000000057e+01 5.640942399999999968e-02
3.411500000000000199e+01 5.636070990000000003e-02
3.421500000000000341e+01 5.631518370000000023e-02
3.431499999999999773e+01 5.625055290000000041e-02
3.441499999999999915e+01 5.614579760000000530e-02
3.451500000000000057e+01 5.598341610000000246e-02
3.461500000000000199e+01 5.572131660000000097e-02
3.471500000000000341e+01 5.528996259999999913e-02
3.481499999999999773e+01 5.464559969999999850e-02
3.491499999999999915e+01 5.382387599999999966e-02
3.501500000000000057e+01 5.293383849999999669e-02
3.511500000000000199e+01 5.210401729999999954e-02
3.521500000000000341e+01 5.144124089999999733e-02
3.531499999999999773e+01 5.100558210000000203e-02
3.541499999999999915e+01 5.079533029999999671e-02
3.551500000000000057e+01 5.074761020000000122e-02
3.561500000000000199e+01 5.075983740000000050e-02
3.571500000000000341e+01 5.072241780000000255e-02
3.581499999999999773e+01 5.053544009999999531e-02
3.591499999999999915e+01 5.012107159999999728e-02
3.600999999999999801e+01 4.949853510000000456e-02
3.610999999999999943e+01 4.865528650000000566e-02
3.621000000000000085e+01 4.771191610000000138e-02
3.631000000000000227e+01 4.675491190000000130e-02
3.640999999999999659e+01 4.583800409999999603e-02
3.650999999999999801e+01 4.498055419999999471e-02
3.660999999999999943e+01 4.417473049999999513e-02
3.671000000000000085e+01 4.339931699999999976e-02
3.681000000000000227e+01 4.263880419999999810e-02
3.690999999999999659e+01 4.189940189999999398e-02
3.700999999999999801e+01 4.120017919999999917e-02
3.710999999999999943e+01 4.055286939999999674e-02
3.721000000000000085e+01 3.995187010000000177e-02
3.731000000000000227e+01 3.937467139999999838e-02
3.740999999999999659e+01 3.879664680000000088e-02
3.750999999999999801e+01 3.820951160000000263e-02
3.760999999999999943e+01 3.761256589999999872e-02
3.771000000000000085e+01 3.697971330000000140e-02
3.781000000000000227e+01 3.624837789999999643e-02
3.790999999999999659e+01 3.536140599999999801e-02
3.800500000000000256e+01 3.438106419999999858e-02
3.810499999999999687e+01 3.328339970000000064e-02
3.820499999999999829e+01 3.222342329999999810e-02
3.830499999999999972e+01 3.127373359999999908e-02
3.840500000000000114e+01 3.045313570000000164e-02
3.850500000000000256e+01 2.974114519999999928e-02
3.860499999999999687e+01 2.910276769999999708e-02
3.870499999999999829e+01 2.851118799999999981e-02
3.880499999999999972e+01 2.795983979999999702e-02
3.890500000000000114e+01 2.746293059999999758e-02
3.900500000000000256e+01 2.704701040000000167e-02
3.910499999999999687e+01 2.673081589999999966e-02
3.920499999999999829e+01 2.650733510000000126e-02
3.930499999999999972e+01 2.634532729999999878e-02
3.940500000000000114e+01 2.620838430000000177e-02
3.950500000000000256e+01 2.607258440000000121e-02
3.960499999999999687e+01 2.592944350000000314e-02
3.970499999999999829e+01 2.578041350000000176e-02
3.980499999999999972e+01 2.563034840000000258e-02
3.990500000000000114e+01 2.547814990000000362e-02
