1.000000000000000056e-01 3.207278100000000073e-03
2.000000000000000111e-01 4.433337199999999936e-03
2.999999999999999889e-01 5.900361999999999274e-03
4.000000000000000222e-01 7.500107800000000054e-03
5.000000000000000000e-01 9.175691600000000780e-03
5.999999999999999778e-01 1.090390869999999929e-02
6.999999999999999556e-01 1.267543100000000089e-02
8.000000000000000444e-01 1.449000979999999841e-02
9.000000000000000222e-01 1.634990180000000029e-02
1.000000000000000000e+00 1.826020600000000105e-02
1.100000000000000089e+00 2.022855150000000060e-02
1.199999999999999956e+00 2.226293430000000212e-02
1.300000000000000044e+00 2.437950540000000110e-02
1.399999999999999911e+00 2.658828530000000023e-02
1.500000000000000000e+00 2.889922109999999711e-02
1.600000000000000089e+00 3.130796410000000196e-02
1.699999999999999956e+00 3.378007820000000078e-02
1.800000000000000044e+00 3.623971050000000110e-02
1.899999999999999911e+00 3.860017359999999564e-02
2.000000000000000000e+00 4.082141859999999928e-02
2.095000000000000195e+00 4.285662869999999625e-02
2.194999999999999840e+00 4.502733259999999738e-02
2.294999999999999929e+00 4.733244759999999385e-02
2.395000000000000018e+00 4.984268999999999505e-02
2.495000000000000107e+00 5.260069519999999860e-02
2.595000000000000195e+00 5.563078990000000501e-02
2.694999999999999840e+00 5.895103420000000205e-02
2.794999999999999929e+00 6.256523469999999976e-02
2.895000000000000018e+00 6.645846129999999352e-02
2.995000000000000107e+00 7.061985640000000009e-02
3.095000000000000195e+00 7.506070880000000056e-02
3.194999999999999840e+00 7.980289490000000430e-02
3.294999999999999929e+00 8.486358439999999725e-02
3.395000000000000018e+00 9.025647620000000482e-02
3.495000000000000107e+00 9.600355550000000404e-02
3.595000000000000195e+00 1.021161811000000086e-01
3.694999999999999840e+00 1.085557397000000007e-01
3.794999999999999929e+00 1.151641595999999962e-01
3.895000000000000018e+00 1.216282803000000023e-01
3.995000000000000107e+00 1.275572558999999995e-01
4.089999999999999858e+00 1.323781318000000207e-01
4.190000000000000391e+00 1.364907183999999885e-01
4.290000000000000036e+00 1.398832844999999825e-01
4.389999999999999680e+00 1.431384333999999869e-01
4.490000000000000213e+00 1.468610055000000025e-01
4.589999999999999858e+00 1.514519807999999967e-01
4.690000000000000391e+00 1.570914321999999919e-01
4.790000000000000036e+00 1.639003547000000005e-01
4.889999999999999680e+00 1.721044995000000077e-01
4.990000000000000213e+00 1.820115320999999842e-01
5.089999999999999858e+00 1.938821404999999942e-01
5.190000000000000391e+00 2.078133850000000171e-01
5.290000000000000036e+00 2.237703594999999879e-01
5.389999999999999680e+00 2.418221734999999872e-01
5.490000000000000213e+00 2.623764046000000016e-01
5.589999999999999858e+00 2.860554247000000050e-01
5.690000000000000391e+00 3.132131000000000220e-01
5.790000000000000036e+00 3.434673284999999465e-01
5.889999999999999680e+00 3.756397582000000068e-01
5.990000000000000213e+00 4.084833897000000325e-01
6.084999999999999964e+00 4.398699689999999718e-01
6.184999999999999609e+00 4.725477381000000032e-01
6.285000000000000142e+00 5.019489048999999925e-01
6.384999999999999787e+00 5.225079651999999797e-01
6.485000000000000320e+00 5.301372608000000097e-01
6.584999999999999964e+00 5.265891397999999946e-01
6.684999999999999609e+00 5.185056010999999909e-01
6.785000000000000142e+00 5.127185972000000147e-01
6.884999999999999787e+00 5.131360484000000444e-01
6.985000000000000320e+00 5.204888245000000024e-01
7.084999999999999964e+00 5.332716573000000349e-01
7.184999999999999609e+00 5.492245723999999996e-01
7.285000000000000142e+00 5.671314745000000102e-01
7.384999999999999787e+00 5.876588355999999846e-01
7.485000000000000320e+00 6.125120879000000018e-01
7.584999999999999964e+00 6.433574068999999840e-01
7.684999999999999609e+00 6.811667923999999985e-01
7.785000000000000142e+00 7.259081901999999697e-01
7.884999999999999787e+00 7.765228015999999789e-01
7.985000000000000320e+00 8.318592259999999516e-01
8.080000000000000071e+00 8.884671918000000002e-01
8.179999999999999716e+00 9.520076592999999754e-01
8.279999999999999361e+00 1.018230231800000052e+00
8.380000000000000782e+00 1.085018638500000021e+00
8.480000000000000426e+00 1.150149348800000082e+00
8.580000000000000071e+00 1.211569852000000003e+00
8.679999999999999716e+00 1.268093682099999953e+00
8.779999999999999361e+00 1.319123610799999957e+00
8.880000000000000782e+00 1.364078072199999880e+00
8.980000000000000426e+00 1.402903965700000199e+00
9.080000000000000071e+00 1.437365050799999988e+00
9.179999999999999716e+00 1.472107091799999878e+00
9.279999999999999361e+00 1.512868887800000062e+00
9.380000000000000782e+00 1.561594740699999928e+00
9.480000000000000426e+00 1.613980755000000045e+00
9.580000000000000071e+00 1.663266814700000040e+00
9.679999999999999716e+00 1.707095674600000113e+00
9.779999999999999361e+00 1.750370227799999956e+00
9.880000000000000782e+00 1.802536341499999972e+00
9.980000000000000426e+00 1.872585027600000007e+00
1.007499999999999929e+01 1.959465422700000126e+00
1.017500000000000071e+01 2.068589536899999803e+00
1.027500000000000036e+01 2.183202240199999977e+00
1.037500000000000000e+01 2.285862325500000125e+00
1.047499999999999964e+01 2.365976096899999881e+00
1.057499999999999929e+01 2.429933615699999994e+00
1.067500000000000071e+01 2.497288477499999715e+00
1.077500000000000036e+01 2.587276571599999908e+00
1.087500000000000000e+01 2.706970285099999707e+00
1.097499999999999964e+01 2.846464764400000291e+00
1.107499999999999929e+01 2.984328966299999664e+00
1.117500000000000071e+01 3.103510320699999880e+00
1.127500000000000036e+01 3.205558157700000077e+00
1.137500000000000000e+01 3.308181525400000211e+00
1.147499999999999964e+01 3.431289685100000320e+00
1.157499999999999929e+01 3.587302634000000268e+00
1.167500000000000071e+01 3.783917368200000020e+00
1.177500000000000036e+01 4.031617743700000034e+00
1.187500000000000000e+01 4.345975625499999495e+00
1.197499999999999964e+01 4.740825303900000343e+00
1.207000000000000028e+01 5.192734899199999532e+00
1.216999999999999993e+01 5.735940402300000684e+00
1.226999999999999957e+01 6.320155623899999853e+00
1.236999999999999922e+01 6.908433469300000240e+00
1.247000000000000064e+01 7.453375009200000179e+00
1.257000000000000028e+01 7.887882990000000483e+00
1.266999999999999993e+01 8.146417576499999313e+00
1.276999999999999957e+01 8.223613921700000162e+00
1.286999999999999922e+01 8.187299721900000549e+00
1.297000000000000064e+01 8.109540583199999375e+00
1.307000000000000028e+01 8.008445861800000287e+00
1.316999999999999993e+01 7.865936193000000465e+00
1.326999999999999957e+01 7.682706995700000263e+00
1.336999999999999922e+01 7.497429423599999865e+00
1.347000000000000064e+01 7.356416503400000195e+00
1.357000000000000028e+01 7.281859039600000472e+00
1.366999999999999993e+01 7.274069180299999715e+00
1.376999999999999957e+01 7.327440656400000307e+00
1.386999999999999922e+01 7.435981128099999893e+00
1.397000000000000064e+01 7.592061120999999524e+00
1.406499999999999950e+01 7.776601285199999936e+00
1.416499999999999915e+01 8.003161850299999713e+00
1.426500000000000057e+01 8.262254469800000223e+00
1.436500000000000021e+01 8.551931773199999753e+00
1.446499999999999986e+01 8.848010773700000442e+00
1.456499999999999950e+01 9.090379079699999920e+00
1.466499999999999915e+01 9.205974948199999730e+00
1.476500000000000057e+01 9.151295000200001084e+00
1.486500000000000021e+01 8.932840290699999741e+00
1.496499999999999986e+01 8.592499284700000572e+00
1.506499999999999950e+01 8.177863846899999345e+00
1.516499999999999915e+01 7.718335503799999664e+00
1.526500000000000057e+01 7.226534401900000404e+00
1.536500000000000021e+01 6.718491689799999556e+00
1.546499999999999986e+01 6.226427165300000510e+00
1.556499999999999950e+01 5.785839875900000706e+00
1.566499999999999915e+01 5.413252018499999707e+00
1.576500000000000057e+01 5.098873963600000003e+00
1.586500000000000021e+01 4.821913061300000081e+00
1.596499999999999986e+01 4.570728801399999597e+00
1.605999999999999872e+01 4.358143315000000406e+00
1.616000000000000014e+01 4.170801465800000329e+00
1.626000000000000156e+01 4.026843824400000216e+00
1.635999999999999943e+01 3.918674125299999922e+00
1.646000000000000085e+01 3.825222857900000051e+00
1.655999999999999872e+01 3.727050794400000200e+00
1.666000000000000014e+01 3.621665519499999597e+00
1.676000000000000156e+01 3.523443514599999826e+00
1.685999999999999943e+01 3.451701942000000134e+00
1.696000000000000085e+01 3.420138099799999942e+00
1.705999999999999872e+01 3.431868534300000384e+00
1.716000000000000014e+01 3.477782568600000346e+00
1.726000000000000156e+01 3.538263790799999864e+00
1.735999999999999943e+01 3.588604153599999957e+00
1.746000000000000085e+01 3.607298618899999809e+00
1.755999999999999872e+01 3.587041598999999970e+00
1.766000000000000014e+01 3.540761438300000119e+00
1.776000000000000156e+01 3.491825880199999954e+00
1.785999999999999943e+01 3.458498671300000105e+00
1.796000000000000085e+01 3.449423907899999975e+00
1.805499999999999972e+01 3.465022441999999980e+00
1.815500000000000114e+01 3.502851009100000024e+00
1.825499999999999901e+01 3.550789007100000116e+00
1.835500000000000043e+01 3.591245489900000365e+00
1.845499999999999829e+01 3.609344547600000119e+00
1.855499999999999972e+01 3.599140458099999940e+00
1.865500000000000114e+01 3.560943566599999777e+00
1.875499999999999901e+01 3.496525767299999643e+00
1.885500000000000043e+01 3.407662048300000190e+00
1.895499999999999829e+01 3.295344990499999849e+00
1.905499999999999972e+01 3.158884878499999882e+00
1.915500000000000114e+01 2.998060234600000040e+00
1.925499999999999901e+01 2.816435262700000219e+00
1.935500000000000043e+01 2.622434113999999816e+00
1.945499999999999829e+01 2.427746176999999950e+00
1.955499999999999972e+01 2.242899799299999941e+00
1.965500000000000114e+01 2.072338652000000003e+00
1.975499999999999901e+01 1.913425555399999922e+00
1.985500000000000043e+01 1.761205204399999946e+00
1.995499999999999829e+01 1.614033824400000094e+00
2.005000000000000071e+01 1.481478753800000048e+00
2.014999999999999858e+01 1.353811789799999943e+00
2.025000000000000000e+01 1.241315649399999943e+00
2.035000000000000142e+01 1.144773742900000002e+00
2.044999999999999929e+01 1.063329401000000063e+00
2.055000000000000071e+01 9.953898923999999759e-01
2.064999999999999858e+01 9.388425127999999731e-01
2.075000000000000000e+01 8.911716900999999691e-01
2.085000000000000142e+01 8.496257298000000624e-01
2.094999999999999929e+01 8.115998325000000069e-01
2.105000000000000071e+01 7.751930892999999712e-01
2.114999999999999858e+01 7.395656273999999808e-01
2.125000000000000000e+01 7.048865885999999747e-01
2.135000000000000142e+01 6.718972667000000509e-01
2.144999999999999929e+01 6.413553294999999599e-01
2.155000000000000071e+01 6.135789788000000078e-01
2.164999999999999858e+01 5.881661442999999156e-01
2.175000000000000000e+01 5.643433717000000405e-01
2.185000000000000142e+01 5.416781424000000067e-01
2.194999999999999929e+01 5.202773550999999497e-01
2.204500000000000171e+01 5.012971045999999875e-01
2.214499999999999957e+01 4.825722603999999527e-01
2.224500000000000099e+01 4.648002117000000211e-01
2.234499999999999886e+01 4.479750546999999861e-01
2.244500000000000028e+01 4.324376278000000018e-01
2.254500000000000171e+01 4.184667625000000335e-01
2.264499999999999957e+01 4.059097654000000110e-01
2.274500000000000099e+01 3.940084703999999771e-01
2.284499999999999886e+01 3.816945519000000120e-01
2.294500000000000028e+01 3.682831364999999968e-01
2.304500000000000171e+01 3.539465808999999741e-01
2.314499999999999957e+01 3.394564749000000270e-01
2.324500000000000099e+01 3.256811408999999990e-01
2.334499999999999886e+01 3.133558364000000318e-01
2.344500000000000028e+01 3.030170813999999990e-01
2.354500000000000171e+01 2.949179725999999668e-01
2.364499999999999957e+01 2.889425039999999889e-01
2.374500000000000099e+01 2.846036841999999845e-01
2.384499999999999886e+01 2.810862446000000348e-01
2.394500000000000028e+01 2.774149203999999869e-01
2.403999999999999915e+01 2.730307876999999994e-01
2.414000000000000057e+01 2.671345300999999894e-01
2.423999999999999844e+01 2.600209437000000068e-01
2.433999999999999986e+01 2.520625250999999900e-01
2.444000000000000128e+01 2.438563474999999869e-01
2.453999999999999915e+01 2.360303911000000143e-01
2.464000000000000057e+01 2.288681845000000159e-01
2.473999999999999844e+01 2.221964898999999882e-01
2.483999999999999986e+01 2.156838926999999906e-01
2.494000000000000128e+01 2.091387749999999990e-01
2.503999999999999915e+01 2.025601817000000082e-01
2.514000000000000057e+01 1.961323338000000027e-01
2.523999999999999844e+01 1.902181532999999980e-01
2.533999999999999986e+01 1.851822639999999853e-01
2.544000000000000128e+01 1.811671158000000004e-01
2.553999999999999915e+01 1.780601358999999995e-01
2.564000000000000057e+01 1.756251923000000104e-01
2.573999999999999844e+01 1.736339318000000020e-01
2.583999999999999986e+01 1.719135816999999844e-01
2.594000000000000128e+01 1.703679664999999954e-01
2.603500000000000014e+01 1.690803392999999932e-01
2.613500000000000156e+01 1.680366348000000010e-01
2.623499999999999943e+01 1.675038828000000035e-01
2.633500000000000085e+01 1.676008642000000048e-01
2.643499999999999872e+01 1.682029663000000064e-01
2.653500000000000014e+01 1.689036373000000202e-01
2.663500000000000156e+01 1.692151300999999997e-01
2.673499999999999943e+01 1.688714651999999872e-01
2.683500000000000085e+01 1.679301314000000156e-01
2.693499999999999872e+01 1.666641372000000065e-01
2.703500000000000014e+01 1.653851061999999927e-01
2.713500000000000156e+01 1.643128311000000008e-01
2.723499999999999943e+01 1.634869665999999777e-01
2.733500000000000085e+01 1.627967208999999971e-01
2.743499999999999872e+01 1.621130593000000009e-01
2.753500000000000014e+01 1.614907234999999885e-01
2.763500000000000156e+01 1.612381167000000171e-01
2.773499999999999943e+01 1.616934065999999781e-01
2.783500000000000085e+01 1.629011915000000144e-01
2.793499999999999872e+01 1.645693716000000140e-01
2.803000000000000114e+01 1.662146042000000046e-01
2.812999999999999901e+01 1.676414544000000006e-01
2.823000000000000043e+01 1.683911203999999828e-01
2.832999999999999829e+01 1.681926458000000124e-01
2.842999999999999972e+01 1.670513462000000060e-01
2.853000000000000114e+01 1.652378334000000060e-01
2.862999999999999901e+01 1.630177060000000122e-01
2.873000000000000043e+01 1.603797837000000004e-01
2.882999999999999829e+01 1.570532373999999898e-01
2.892999999999999972e+01 1.528142693999999802e-01
2.903000000000000114e+01 1.477925274000000122e-01
2.912999999999999901e+01 1.424682573000000119e-01
2.923000000000000043e+01 1.374085186000000014e-01
2.932999999999999829e+01 1.330451015999999931e-01
2.942999999999999972e+01 1.296130319000000086e-01
2.953000000000000114e+01 1.271722201999999913e-01
2.962999999999999901e+01 1.256607935999999870e-01
2.973000000000000043e+01 1.249099127000000004e-01
2.982999999999999829e+01 1.245783216999999943e-01
2.992999999999999972e+01 1.241338720000000062e-01
3.002499999999999858e+01 1.231073398000000069e-01
3.012500000000000000e+01 1.211177957000000027e-01
3.022500000000000142e+01 1.183392757000000101e-01
3.032499999999999929e+01 1.152642070000000074e-01
3.042500000000000071e+01 1.124889793999999943e-01
3.052499999999999858e+01 1.104806053000000066e-01
3.062500000000000000e+01 1.094229721000000016e-01
3.072500000000000142e+01 1.091609340000000150e-01
3.082499999999999929e+01 1.092646790000000034e-01
3.092500000000000071e+01 1.092017123000000034e-01
3.102499999999999858e+01 1.084837517000000057e-01
3.112500000000000000e+01 1.067534530999999925e-01
3.122500000000000142e+01 1.038378260000000081e-01
3.132499999999999929e+01 9.980256950000000737e-02
3.142500000000000071e+01 9.501568850000000066e-02
3.152499999999999858e+01 9.007909730000000781e-02
3.162500000000000000e+01 8.556518370000000540e-02
3.172500000000000142e+01 8.179446220000000101e-02
3.182499999999999929e+01 7.881852940000000363e-02
3.192500000000000071e+01 7.652329069999999622e-02
3.202000000000000313e+01 7.481093240000000200e-02
3.211999999999999744e+01 7.335141430000000073e-02
3.221999999999999886e+01 7.214957669999999545e-02
3.232000000000000028e+01 7.115148170000000494e-02
3.242000000000000171e+01 7.028372609999999909e-02
3.252000000000000313e+01 6.943669739999999702e-02
3.261999999999999744e+01 6.850130559999999258e-02
3.271999999999999886e+01 6.739877229999999275e-02
3.282000000000000028e+01 6.608193190000000161e-02
3.292000000000000171e+01 6.454123820000000344e-02
3.302000000000000313e+01 6.283724599999999938e-02
3.311999999999999744e+01 6.111552330000000199e-02
3.321999999999999886e+01 5.955661269999999730e-02
3.332000000000000028e+01 5.829283189999999448e-02
3.342000000000000171e+01 5.736256720000000586e-02
3.352000000000000313e+01 5.672857149999999821e-02
3.361999999999999744e+01 5.633319979999999727e-02
3.371999999999999886e+01 5.612652970000000380e-02
3.382000000000000028e+01 5.604025020000000246e-02
3.392000000000000171e+01 5.597482489999999755e-02
3.401500000000000057e+01 5.585115240000000647e-02
3.411500000000000199e+01 5.563009599999999694e-02
3.421500000000000341e+01 5.535559469999999649e-02
3.431499999999999773e+01 5.509529579999999926e-02
3.441499999999999915e+01 5.489800400000000025e-02
3.451500000000000057e+01 5.477056859999999971e-02
3.461500000000000199e+01 5.466994630000000105e-02
3.471500000000000341e+01 5.451027980000000550e-02
3.481499999999999773e+01 5.421029880000000079e-02
3.491499999999999915e+01 5.374703039999999959e-02
3.501500000000000057e+01 5.315627529999999989e-02
3.511500000000000199e+01 5.250383749999999738e-02
3.521500000000000341e+01 5.187881830000000416e-02
3.531499999999999773e+01 5.137699569999999716e-02
3.541499999999999915e+01 5.106195339999999860e-02
3.551500000000000057e+01 5.093149069999999834e-02
3.561500000000000199e+01 5.090297049999999851e-02
3.571500000000000341e+01 5.083550839999999987e-02
3.581499999999999773e+01 5.058927779999999874e-02
3.591499999999999915e+01 5.008943169999999917e-02
3.600999999999999801e+01 4.939767379999999986e-02
3.610999999999999943e+01 4.853398690000000626e-02
3.621000000000000085e+01 4.764612520000000018e-02
3.631000000000000227e+01 4.681193869999999979e-02
3.640999999999999659e+01 4.605160419999999866e-02
3.650999999999999801e+01 4.534083159999999918e-02
3.660999999999999943e+01 4.462758070000000243e-02
3.671000000000000085e+01 4.385860490000000056e-02
3.681000000000000227e+01 4.302252320000000269e-02
3.690999999999999659e+01 4.216131619999999997e-02
3.700999999999999801e+01 4.132674060000000177e-02
3.710999999999999943e+01 4.054308079999999898e-02
3.721000000000000085e+01 3.980883219999999806e-02
3.731000000000000227e+01 3.910757010000000256e-02
3.740999999999999659e+01 3.841415219999999575e-02
3.750999999999999801e+01 3.770782300000000142e-02
3.760999999999999943e+01 3.698149679999999939e-02
3.771000000000000085e+01 3.622778429999999605e-02
3.781000000000000227e+01 3.542267870000000152e-02
3.790999999999999659e+01 3.454027020000000059e-02
3.800500000000000256e+01 3.363440820000000026e-02
3.810499999999999687e+01 3.265281020000000006e-02
3.820499999999999829e+01 3.170496429999999921e-02
3.830499999999999972e+01 3.084437470000000320e-02
3.840500000000000114e+01 3.009574009999999716e-02
3.850500000000000256e+01 2.945092150000000117e-02
3.860499999999999687e+01 2.888314590000000057e-02
3.870499999999999829e+01 2.837223670000000100e-02
3.880499999999999972e+01 2.791611760000000178e-02
3.890500000000000114e+01 2.752069840000000156e-02
3.900500000000000256e+01 2.718604849999999712e-02
3.910499999999999687e+01 2.690680670000000080e-02
3.920499999999999829e+01 2.667929490000000084e-02
3.930499999999999972e+01 2.649889920000000204e-02
3.940500000000000114e+01 2.635341079999999753e-02
3.950500000000000256e+01 2.622615760000000101e-02
3.960499999999999687e+01 2.610804469999999933e-02
3.970499999999999829e+01 2.599811970000000250e-02
3.980499999999999972e+01 2.588674259999999838e-02
3.990500000000000114e+01 2.574723859999999975e-02
