1.000000000000000056e-01 2.822927700000000054e-03
2.000000000000000111e-01 4.442179799999999498e-03
2.999999999999999889e-01 6.202131999999999958e-03
4.000000000000000222e-01 8.048379799999999876e-03
5.000000000000000000e-01 9.948119899999999932e-03
5.999999999999999778e-01 1.188654020000000019e-02
6.999999999999999556e-01 1.386228169999999954e-02
8.000000000000000444e-01 1.587449450000000262e-02
9.000000000000000222e-01 1.792610440000000013e-02
1.000000000000000000e+00 2.002441810000000003e-02
1.100000000000000089e+00 2.217754870000000073e-02
1.199999999999999956e+00 2.439399130000000082e-02
1.300000000000000044e+00 2.668548520000000104e-02
1.399999999999999911e+00 2.906766739999999682e-02
1.500000000000000000e+00 3.154896310000000065e-02
1.600000000000000089e+00 3.413259340000000114e-02
1.699999999999999956e+00 3.680014589999999752e-02
1.800000000000000044e+00 3.949537729999999525e-02
1.899999999999999911e+00 4.214167589999999464e-02
2.000000000000000000e+00 4.468815169999999781e-02
2.095000000000000195e+00 4.704560259999999994e-02
2.194999999999999840e+00 4.955793979999999904e-02
2.294999999999999929e+00 5.220972730000000145e-02
2.395000000000000018e+00 5.508027399999999851e-02
2.495000000000000107e+00 5.821678329999999818e-02
2.595000000000000195e+00 6.164244840000000780e-02
2.694999999999999840e+00 6.536091220000000979e-02
2.794999999999999929e+00 6.935026160000000439e-02
2.895000000000000018e+00 7.355691559999999463e-02
2.995000000000000107e+00 7.791833250000000655e-02
3.095000000000000195e+00 8.241859260000000686e-02
3.194999999999999840e+00 8.708816460000000370e-02
3.294999999999999929e+00 9.195412590000000275e-02
3.395000000000000018e+00 9.700479819999999198e-02
3.495000000000000107e+00 1.022172967000000016e-01
3.595000000000000195e+00 1.076106159999999923e-01
3.694999999999999840e+00 1.132420674000000071e-01
3.794999999999999929e+00 1.191499012999999996e-01
3.895000000000000018e+00 1.252438006999999909e-01
3.995000000000000107e+00 1.312684815999999866e-01
4.089999999999999858e+00 1.366200483999999993e-01
4.190000000000000391e+00 1.416134277999999969e-01
4.290000000000000036e+00 1.459671664000000146e-01
4.389999999999999680e+00 1.500702594999999973e-01
4.490000000000000213e+00 1.545043144999999896e-01
4.589999999999999858e+00 1.597670434999999833e-01
4.690000000000000391e+00 1.661330807999999992e-01
4.790000000000000036e+00 1.736846247999999926e-01
4.889999999999999680e+00 1.825163777999999903e-01
4.990000000000000213e+00 1.928638131999999838e-01
5.089999999999999858e+00 2.051237753999999858e-01
5.190000000000000391e+00 2.197495056999999863e-01
5.290000000000000036e+00 2.371618062999999998e-01
5.389999999999999680e+00 2.576715287999999937e-01
5.490000000000000213e+00 2.814784229999999776e-01
5.589999999999999858e+00 3.088084680000000026e-01
5.690000000000000391e+00 3.400271344999999945e-01
5.790000000000000036e+00 3.753465683000000164e-01
5.889999999999999680e+00 4.141678068999999907e-01
5.990000000000000213e+00 4.546168688000000180e-01
6.084999999999999964e+00 4.920244745000000308e-01
6.184999999999999609e+00 5.274540169999999417e-01
6.285000000000000142e+00 5.552259285999999738e-01
6.384999999999999787e+00 5.705710721000000207e-01
6.485000000000000320e+00 5.705778323999999291e-01
6.584999999999999964e+00 5.581908790999999814e-01
6.684999999999999609e+00 5.409230368999999872e-01
6.785000000000000142e+00 5.260101166999999744e-01
6.884999999999999787e+00 5.177385272999999177e-01
6.985000000000000320e+00 5.177139008000000153e-01
7.084999999999999964e+00 5.259927240999999754e-01
7.184999999999999609e+00 5.418447851000000037e-01
7.285000000000000142e+00 5.640688032999999768e-01
7.384999999999999787e+00 5.913210921000000564e-01
7.485000000000000320e+00 6.223927173000000090e-01
7.584999999999999964e+00 6.566160630999999803e-01
7.684999999999999609e+00 6.942177575999999295e-01
7.785000000000000142e+00 7.362304802999999342e-01
7.884999999999999787e+00 7.834046320000001007e-01
7.985000000000000320e+00 8.350820581000000242e-01
8.080000000000000071e+00 8.868254125000001320e-01
8.179999999999999716e+00 9.427215115000000534e-01
8.279999999999999361e+00 9.996846800999998894e-01
8.380000000000000782e+00 1.058283292000000042e+00
8.480000000000000426e+00 1.120207909100000121e+00
8.580000000000000071e+00 1.187702818400000027e+00
8.679999999999999716e+00 1.262266698999999992e+00
8.779999999999999361e+00 1.343599828799999951e+00
8.880000000000000782e+00 1.429745391300000001e+00
8.980000000000000426e+00 1.518315606300000065e+00
9.080000000000000071e+00 1.607801996400000100e+00
9.179999999999999716e+00 1.698357893899999915e+00
9.279999999999999361e+00 1.790759403699999863e+00
9.380000000000000782e+00 1.883751034399999913e+00
9.480000000000000426e+00 1.972909638099999974e+00
9.580000000000000071e+00 2.054073683299999953e+00
9.679999999999999716e+00 2.127840907199999965e+00
9.779999999999999361e+00 2.200988050199999879e+00
9.880000000000000782e+00 2.284553870199999892e+00
9.980000000000000426e+00 2.388923159199999979e+00
1.007499999999999929e+01 2.511543623399999703e+00
1.017500000000000071e+01 2.661306079400000080e+00
1.027500000000000036e+01 2.819044088500000100e+00
1.037500000000000000e+01 2.965454585899999884e+00
1.047499999999999964e+01 3.085484107700000145e+00
1.057499999999999929e+01 3.180412551099999874e+00
1.067500000000000071e+01 3.268323074599999600e+00
1.077500000000000036e+01 3.370904701800000236e+00
1.087500000000000000e+01 3.502058708099999862e+00
1.097499999999999964e+01 3.664070969600000005e+00
1.107499999999999929e+01 3.847155733200000149e+00
1.117500000000000071e+01 4.036770475700000027e+00
1.127500000000000036e+01 4.230054535299999863e+00
1.137500000000000000e+01 4.443774709499999531e+00
1.147499999999999964e+01 4.702179704499999779e+00
1.157499999999999929e+01 5.018621162599999685e+00
1.167500000000000071e+01 5.391354972900000320e+00
1.177500000000000036e+01 5.814534982599999680e+00
1.187500000000000000e+01 6.292987291600000255e+00
1.197499999999999964e+01 6.846295973000000146e+00
1.207000000000000028e+01 7.457518677900000448e+00
1.216999999999999993e+01 8.178814504700000043e+00
1.226999999999999957e+01 8.914404335700000459e+00
1.236999999999999922e+01 9.550400330000000437e+00
1.247000000000000064e+01 9.962912446899998997e+00
1.257000000000000028e+01 1.007179036429999996e+01
1.266999999999999993e+01 9.885752110300000339e+00
1.276999999999999957e+01 9.492953504699999101e+00
1.286999999999999922e+01 9.007115488200000186e+00
1.297000000000000064e+01 8.527313333200000400e+00
1.307000000000000028e+01 8.124901074500000320e+00
1.316999999999999993e+01 7.843091306899999893e+00
1.326999999999999957e+01 7.697399823199999602e+00
1.336999999999999922e+01 7.684278222099999667e+00
1.347000000000000064e+01 7.790258902599999757e+00
1.357000000000000028e+01 7.999149870900000181e+00
1.366999999999999993e+01 8.300317992900000164e+00
1.376999999999999957e+01 8.692770350600000029e+00
1.386999999999999922e+01 9.169040796699999163e+00
1.397000000000000064e+01 9.693048731099999316e+00
1.406499999999999950e+01 1.017566717329999904e+01
1.416499999999999915e+01 1.059108414000000131e+01
1.426500000000000057e+01 1.082877989410000019e+01
1.436500000000000021e+01 1.080766022059999898e+01
1.446499999999999986e+01 1.049188414209999998e+01
1.456499999999999950e+01 9.933771399999999474e+00
1.466499999999999915e+01 9.254163260799998625e+00
1.476500000000000057e+01 8.569018263800000312e+00
1.486500000000000021e+01 7.940947610699999437e+00
1.496499999999999986e+01 7.382609385200000318e+00
1.506499999999999950e+01 6.880691993099999237e+00
1.516499999999999915e+01 6.416919449699999944e+00
1.526500000000000057e+01 5.982328229200000180e+00
1.536500000000000021e+01 5.578611343899999575e+00
1.546499999999999986e+01 5.205706695399999973e+00
1.556499999999999950e+01 4.853380642700000358e+00
1.566499999999999915e+01 4.509773381200000486e+00
1.576500000000000057e+01 4.175499720499999512e+00
1.586500000000000021e+01 3.867225895099999811e+00
1.596499999999999986e+01 3.607768939400000097e+00
1.605999999999999872e+01 3.420518719099999938e+00
1.616000000000000014e+01 3.286682249500000097e+00
1.626000000000000156e+01 3.205790453400000128e+00
1.635999999999999943e+01 3.158100211299999849e+00
1.646000000000000085e+01 3.121939728000000080e+00
1.655999999999999872e+01 3.079310078599999834e+00
1.666000000000000014e+01 3.023091692199999958e+00
1.676000000000000156e+01 2.961359545400000126e+00
1.685999999999999943e+01 2.912899688900000061e+00
1.696000000000000085e+01 2.897014099100000184e+00
1.705999999999999872e+01 2.925045229900000265e+00
1.716000000000000014e+01 2.996472870499999885e+00
1.726000000000000156e+01 3.099668228099999645e+00
1.735999999999999943e+01 3.216245360499999872e+00
1.746000000000000085e+01 3.324993622100000046e+00
1.755999999999999872e+01 3.403974552900000283e+00
1.766000000000000014e+01 3.436120412199999752e+00
1.776000000000000156e+01 3.420333981599999795e+00
1.785999999999999943e+01 3.376073804999999872e+00
1.796000000000000085e+01 3.331241446199999956e+00
1.805499999999999972e+01 3.305619602900000231e+00
1.815500000000000114e+01 3.299785363100000257e+00
1.825499999999999901e+01 3.305904146000000043e+00
1.835500000000000043e+01 3.306507936100000045e+00
1.845499999999999829e+01 3.285565200400000219e+00
1.855499999999999972e+01 3.234299477300000003e+00
1.865500000000000114e+01 3.147699710100000381e+00
1.875499999999999901e+01 3.024048293699999945e+00
1.885500000000000043e+01 2.870758109599999663e+00
1.895499999999999829e+01 2.702366912600000060e+00
1.905499999999999972e+01 2.532212074900000331e+00
1.915500000000000114e+01 2.367942775399999977e+00
1.925499999999999901e+01 2.212010253299999896e+00
1.935500000000000043e+01 2.063671226499999900e+00
1.945499999999999829e+01 1.921412221600000025e+00
1.955499999999999972e+01 1.784539354900000152e+00
1.965500000000000114e+01 1.652685078400000007e+00
1.975499999999999901e+01 1.526007021900000149e+00
1.985500000000000043e+01 1.406746932099999903e+00
1.995499999999999829e+01 1.298820357000000092e+00
2.005000000000000071e+01 1.209046359600000065e+00
2.014999999999999858e+01 1.126970153400000063e+00
2.025000000000000000e+01 1.054329026200000019e+00
2.035000000000000142e+01 9.886336718999999551e-01
2.044999999999999929e+01 9.295541278000000185e-01
2.055000000000000071e+01 8.777326729999999078e-01
2.064999999999999858e+01 8.332598468999999897e-01
2.075000000000000000e+01 7.951946424999999374e-01
2.085000000000000142e+01 7.614199748000000101e-01
2.094999999999999929e+01 7.288642148999999737e-01
2.105000000000000071e+01 6.947083343000000077e-01
2.114999999999999858e+01 6.580880914999999165e-01
2.125000000000000000e+01 6.201436220000000610e-01
2.135000000000000142e+01 5.827513931000000147e-01
2.144999999999999929e+01 5.477108498999999631e-01
2.155000000000000071e+01 5.164667310999999650e-01
2.164999999999999858e+01 4.898465891999999600e-01
2.175000000000000000e+01 4.679114299000000088e-01
2.185000000000000142e+01 4.499570703999999921e-01
2.194999999999999929e+01 4.346014159000000099e-01
2.204500000000000171e+01 4.209676360999999867e-01
2.214499999999999957e+01 4.065365155000000286e-01
2.224500000000000099e+01 3.916328796999999917e-01
2.234499999999999886e+01 3.764603286000000049e-01
2.244500000000000028e+01 3.615034608000000094e-01
2.254500000000000171e+01 3.472340084999999688e-01
2.264499999999999957e+01 3.339671774999999898e-01
2.274500000000000099e+01 3.219017566999999858e-01
2.284499999999999886e+01 3.111979503999999785e-01
2.294500000000000028e+01 3.019707470999999921e-01
2.304500000000000171e+01 2.941542095999999940e-01
2.314499999999999957e+01 2.873710607000000139e-01
2.324500000000000099e+01 2.810512305999999794e-01
2.334499999999999886e+01 2.748104372999999878e-01
2.344500000000000028e+01 2.686527309999999780e-01
2.354500000000000171e+01 2.627408504000000034e-01
2.364499999999999957e+01 2.570633245000000233e-01
2.374500000000000099e+01 2.513670487000000398e-01
2.384499999999999886e+01 2.453635436000000114e-01
2.394500000000000028e+01 2.389195297000000218e-01
2.403999999999999915e+01 2.324311287000000170e-01
2.414000000000000057e+01 2.253739725000000194e-01
2.423999999999999844e+01 2.183116958999999913e-01
2.433999999999999986e+01 2.115144857999999850e-01
2.444000000000000128e+01 2.052404805999999970e-01
2.453999999999999915e+01 1.996714738999999794e-01
2.464000000000000057e+01 1.948134989000000206e-01
2.473999999999999844e+01 1.904966416000000162e-01
2.483999999999999986e+01 1.864684930000000129e-01
2.494000000000000128e+01 1.825196855000000007e-01
2.503999999999999915e+01 1.785338660999999938e-01
2.514000000000000057e+01 1.744994779999999857e-01
2.523999999999999844e+01 1.705162977999999940e-01
2.533999999999999986e+01 1.667694004999999979e-01
2.544000000000000128e+01 1.634164754999999913e-01
2.553999999999999915e+01 1.605199401999999886e-01
2.564000000000000057e+01 1.580545634999999949e-01
2.573999999999999844e+01 1.559040838999999901e-01
2.583999999999999986e+01 1.538661426999999859e-01
2.594000000000000128e+01 1.517058337999999951e-01
2.603500000000000014e+01 1.493980552999999989e-01
2.613500000000000156e+01 1.467119050000000036e-01
2.623499999999999943e+01 1.439276201999999949e-01
2.633500000000000085e+01 1.412595047999999909e-01
2.643499999999999872e+01 1.388787390000000010e-01
2.653500000000000014e+01 1.368984498999999966e-01
2.663500000000000156e+01 1.354047441000000018e-01
2.673499999999999943e+01 1.344494528999999883e-01
2.683500000000000085e+01 1.340084776000000089e-01
2.693499999999999872e+01 1.339652521999999957e-01
2.703500000000000014e+01 1.341242407000000081e-01
2.713500000000000156e+01 1.341951574999999952e-01
2.723499999999999943e+01 1.338539945999999980e-01
2.733500000000000085e+01 1.329479682999999968e-01
2.743499999999999872e+01 1.316595017000000145e-01
2.753500000000000014e+01 1.303766309000000123e-01
2.763500000000000156e+01 1.293934664999999984e-01
2.773499999999999943e+01 1.287431391999999952e-01
2.783500000000000085e+01 1.282556089999999926e-01
2.793499999999999872e+01 1.277132039999999968e-01
2.803000000000000114e+01 1.270178436000000133e-01
2.812999999999999901e+01 1.260832008000000171e-01
2.823000000000000043e+01 1.250876947000000017e-01
2.832999999999999829e+01 1.243040522999999953e-01
2.842999999999999972e+01 1.239950048999999971e-01
2.853000000000000114e+01 1.242515171000000002e-01
2.862999999999999901e+01 1.249620596000000083e-01
2.873000000000000043e+01 1.259118717999999915e-01
2.882999999999999829e+01 1.268820432999999970e-01
2.892999999999999972e+01 1.276823099999999933e-01
2.903000000000000114e+01 1.281819684000000126e-01
2.912999999999999901e+01 1.283439788999999887e-01
2.923000000000000043e+01 1.282256837999999899e-01
2.932999999999999829e+01 1.279080505000000090e-01
2.942999999999999972e+01 1.273897682000000031e-01
2.953000000000000114e+01 1.265128369000000086e-01
2.962999999999999901e+01 1.250013608000000165e-01
2.973000000000000043e+01 1.226217871999999987e-01
2.982999999999999829e+01 1.193460967000000011e-01
2.992999999999999972e+01 1.153873063000000060e-01
3.002499999999999858e+01 1.113121401000000121e-01
3.012500000000000000e+01 1.070011948000000046e-01
3.022500000000000142e+01 1.028636554999999980e-01
3.032499999999999929e+01 9.900827539999999816e-02
3.042500000000000071e+01 9.552035240000000815e-02
3.052499999999999858e+01 9.245734950000000785e-02
3.062500000000000000e+01 8.978984219999999739e-02
3.072500000000000142e+01 8.738114650000000649e-02
3.082499999999999929e+01 8.507888410000000179e-02
3.092500000000000071e+01 8.283741259999999329e-02
3.102499999999999858e+01 8.073998879999999545e-02
3.112500000000000000e+01 7.893396760000000179e-02
3.122500000000000142e+01 7.755621640000000261e-02
3.132499999999999929e+01 7.668568389999999568e-02
3.142500000000000071e+01 7.633117409999999603e-02
3.152499999999999858e+01 7.642481939999999641e-02
3.162500000000000000e+01 7.680064970000000102e-02
3.172500000000000142e+01 7.717763699999999338e-02
3.182499999999999929e+01 7.721409899999999438e-02
3.192500000000000071e+01 7.664229300000000022e-02
3.202000000000000313e+01 7.546846960000000437e-02
3.211999999999999744e+01 7.367402759999999717e-02
3.221999999999999886e+01 7.150374560000000157e-02
3.232000000000000028e+01 6.919844859999998987e-02
3.242000000000000171e+01 6.700332859999999502e-02
3.252000000000000313e+01 6.510098270000000409e-02
3.261999999999999744e+01 6.354729309999999909e-02
3.271999999999999886e+01 6.226221109999999920e-02
3.282000000000000028e+01 6.108701040000000249e-02
3.292000000000000171e+01 5.986733090000000146e-02
3.302000000000000313e+01 5.854574499999999626e-02
3.311999999999999744e+01 5.719228880000000459e-02
3.321999999999999886e+01 5.592846890000000015e-02
3.332000000000000028e+01 5.482458119999999990e-02
3.342000000000000171e+01 5.387480640000000265e-02
3.352000000000000313e+01 5.303074739999999454e-02
3.361999999999999744e+01 5.223898670000000355e-02
3.371999999999999886e+01 5.147867009999999854e-02
3.382000000000000028e+01 5.079892290000000143e-02
3.392000000000000171e+01 5.031403479999999734e-02
3.401500000000000057e+01 5.013993480000000086e-02
3.411500000000000199e+01 5.030277860000000045e-02
3.421500000000000341e+01 5.075863299999999745e-02
3.431499999999999773e+01 5.134341670000000524e-02
3.441499999999999915e+01 5.185206579999999954e-02
3.451500000000000057e+01 5.214405380000000645e-02
3.461500000000000199e+01 5.220721670000000314e-02
3.471500000000000341e+01 5.210765459999999738e-02
3.481499999999999773e+01 5.189433670000000165e-02
3.491499999999999915e+01 5.157149629999999846e-02
3.501500000000000057e+01 5.114654429999999918e-02
3.511500000000000199e+01 5.067571020000000148e-02
3.521500000000000341e+01 5.024535530000000250e-02
3.531499999999999773e+01 4.990951529999999858e-02
3.541499999999999915e+01 4.965452869999999880e-02
3.551500000000000057e+01 4.941809819999999631e-02
3.561500000000000199e+01 4.913169590000000114e-02
3.571500000000000341e+01 4.875497389999999820e-02
3.581499999999999773e+01 4.829023980000000243e-02
3.591499999999999915e+01 4.776906200000000102e-02
3.600999999999999801e+01 4.723929150000000243e-02
3.610999999999999943e+01 4.662047579999999830e-02
3.621000000000000085e+01 4.588309349999999953e-02
3.631000000000000227e+01 4.498985860000000170e-02
3.640999999999999659e+01 4.395882289999999970e-02
3.650999999999999801e+01 4.283859589999999828e-02
3.660999999999999943e+01 4.166139099999999901e-02
3.671000000000000085e+01 4.043445069999999919e-02
3.681000000000000227e+01 3.916659509999999983e-02
3.690999999999999659e+01 3.789395769999999442e-02
3.700999999999999801e+01 3.668836820000000165e-02
3.710999999999999943e+01 3.563257729999999568e-02
3.721000000000000085e+01 3.477466139999999678e-02
3.731000000000000227e+01 3.409848649999999703e-02
3.740999999999999659e+01 3.352274989999999566e-02
3.750999999999999801e+01 3.293189140000000320e-02
3.760999999999999943e+01 3.224146490000000254e-02
3.771000000000000085e+01 3.145428590000000357e-02
3.781000000000000227e+01 3.064343110000000009e-02
3.790999999999999659e+01 2.988826110000000064e-02
3.800500000000000256e+01 2.926354469999999791e-02
3.810499999999999687e+01 2.871528400000000064e-02
3.820499999999999829e+01 2.828178840000000055e-02
3.830499999999999972e+01 2.797130559999999946e-02
3.840500000000000114e+01 2.779280300000000134e-02
3.850500000000000256e+01 2.774582479999999907e-02
3.860499999999999687e+01 2.781507849999999976e-02
3.870499999999999829e+01 2.796588070000000092e-02
3.880499999999999972e+01 2.814317959999999841e-02
3.890500000000000114e+01 2.827956549999999930e-02
3.900500000000000256e+01 2.832526619999999745e-02
3.910499999999999687e+01 2.827092330000000042e-02
3.920499999999999829e+01 2.813467840000000164e-02
3.930499999999999972e+01 2.793550930000000126e-02
3.940500000000000114e+01 2.768935609999999964e-02
3.950500000000000256e+01 2.742231149999999756e-02
3.960499999999999687e+01 2.716435639999999901e-02
3.970499999999999829e+01 2.692137429999999845e-02
3.980499999999999972e+01 2.666704580000000060e-02
3.990500000000000114e+01 2.637546560000000179e-02
