1.000000000000000056e-01 1.397079799999999955e-02
2.000000000000000111e-01 1.603896930000000068e-02
2.999999999999999889e-01 1.855941239999999923e-02
4.000000000000000222e-01 2.168949460000000121e-02
5.000000000000000000e-01 2.496264819999999968e-02
5.999999999999999778e-01 2.811927919999999970e-02
6.999999999999999556e-01 3.114936520000000097e-02
8.000000000000000444e-01 3.417768229999999796e-02
9.000000000000000222e-01 3.733220510000000159e-02
1.000000000000000000e+00 4.068611939999999816e-02
1.100000000000000089e+00 4.426620670000000479e-02
1.199999999999999956e+00 4.807837029999999928e-02
1.300000000000000044e+00 5.212584779999999973e-02
1.399999999999999911e+00 5.641705099999999584e-02
1.500000000000000000e+00 6.096603879999999698e-02
1.600000000000000089e+00 6.578592199999999668e-02
1.699999999999999956e+00 7.087065809999999744e-02
1.800000000000000044e+00 7.616583130000000035e-02
1.899999999999999911e+00 8.154233029999999327e-02
2.000000000000000000e+00 8.682837340000000570e-02
2.095000000000000195e+00 9.168079040000000346e-02
2.194999999999999840e+00 9.669716000000000422e-02
2.294999999999999929e+00 1.018479727000000112e-01
2.395000000000000018e+00 1.073646835000000022e-01
2.495000000000000107e+00 1.133855346999999847e-01
2.595000000000000195e+00 1.199308409999999964e-01
2.694999999999999840e+00 1.269028606000000003e-01
2.794999999999999929e+00 1.341205161999999840e-01
2.895000000000000018e+00 1.413978773000000022e-01
2.995000000000000107e+00 1.486094941999999974e-01
3.095000000000000195e+00 1.557114291000000206e-01
3.194999999999999840e+00 1.627933967999999898e-01
3.294999999999999929e+00 1.700592459999999972e-01
3.395000000000000018e+00 1.776571572999999793e-01
3.495000000000000107e+00 1.855681366999999971e-01
3.595000000000000195e+00 1.937201122000000164e-01
3.694999999999999840e+00 2.021754196999999975e-01
3.794999999999999929e+00 2.111218006000000202e-01
3.895000000000000018e+00 2.207055695000000040e-01
3.995000000000000107e+00 2.309737881000000215e-01
4.089999999999999858e+00 2.414016655000000289e-01
4.190000000000000391e+00 2.531713897999999796e-01
4.290000000000000036e+00 2.658374900000000096e-01
4.389999999999999680e+00 2.794792667000000064e-01
4.490000000000000213e+00 2.942415150000000090e-01
4.589999999999999858e+00 3.103884737000000005e-01
4.690000000000000391e+00 3.283191306999999615e-01
4.790000000000000036e+00 3.485251268000000291e-01
4.889999999999999680e+00 3.715015446999999638e-01
4.990000000000000213e+00 3.977654902999999686e-01
5.089999999999999858e+00 4.280640300999999925e-01
5.190000000000000391e+00 4.635576281000000076e-01
5.290000000000000036e+00 5.057481582999999725e-01
5.389999999999999680e+00 5.561479249999999874e-01
5.490000000000000213e+00 6.157782251000000207e-01
5.589999999999999858e+00 6.844246753000000627e-01
5.690000000000000391e+00 7.598476375000000616e-01
5.790000000000000036e+00 8.377666355999999759e-01
5.889999999999999680e+00 9.132511709999999727e-01
5.990000000000000213e+00 9.819822595000000653e-01
6.084999999999999964e+00 1.036444486900000017e+00
6.184999999999999609e+00 1.075360437699999894e+00
6.285000000000000142e+00 1.089808909500000089e+00
6.384999999999999787e+00 1.082821862300000104e+00
6.485000000000000320e+00 1.065988778899999989e+00
6.584999999999999964e+00 1.051341313500000041e+00
6.684999999999999609e+00 1.045611393300000191e+00
6.785000000000000142e+00 1.050844457900000029e+00
6.884999999999999787e+00 1.067633462099999875e+00
6.985000000000000320e+00 1.097168219299999858e+00
7.084999999999999964e+00 1.141015081900000006e+00
7.184999999999999609e+00 1.200151521600000049e+00
7.285000000000000142e+00 1.275023573699999968e+00
7.384999999999999787e+00 1.366422012000000130e+00
7.485000000000000320e+00 1.475580211999999891e+00
7.584999999999999964e+00 1.603551884700000096e+00
7.684999999999999609e+00 1.751526198599999917e+00
7.785000000000000142e+00 1.921223179299999861e+00
7.884999999999999787e+00 2.112580284199999880e+00
7.985000000000000320e+00 2.320466760399999995e+00
8.080000000000000071e+00 2.524912831700000027e+00
8.179999999999999716e+00 2.739958362299999894e+00
8.279999999999999361e+00 2.952809142099999562e+00
8.380000000000000782e+00 3.167037119499999775e+00
8.480000000000000426e+00 3.389091822200000159e+00
8.580000000000000071e+00 3.626101362600000044e+00
8.679999999999999716e+00 3.887017447599999898e+00
8.779999999999999361e+00 4.183820375899999888e+00
8.880000000000000782e+00 4.527388460500000100e+00
8.980000000000000426e+00 4.922613567199999984e+00
9.080000000000000071e+00 5.366108956799999774e+00
9.179999999999999716e+00 5.845830469400000062e+00
9.279999999999999361e+00 6.349443886000000425e+00
9.380000000000000782e+00 6.879596109499999557e+00
9.480000000000000426e+00 7.456544199299999676e+00
9.580000000000000071e+00 8.101422410600001456e+00
9.679999999999999716e+00 8.812282615499999139e+00
9.779999999999999361e+00 9.542027884799999526e+00
9.880000000000000782e+00 1.019429180170000038e+01
9.980000000000000426e+00 1.066802473239999927e+01
1.007499999999999929e+01 1.092357405839999984e+01
1.017500000000000071e+01 1.104277403749999920e+01
1.027500000000000036e+01 1.110239015129999984e+01
1.037500000000000000e+01 1.118766636780000034e+01
1.047499999999999964e+01 1.135083810649999947e+01
1.057499999999999929e+01 1.160191653300000070e+01
1.067500000000000071e+01 1.191977553589999950e+01
1.077500000000000036e+01 1.227837879700000023e+01
1.087500000000000000e+01 1.266353972010000106e+01
1.097499999999999964e+01 1.306348790220000033e+01
1.107499999999999929e+01 1.344883417309999984e+01
1.117500000000000071e+01 1.377255599889999971e+01
1.127500000000000036e+01 1.398203023189999961e+01
1.137500000000000000e+01 1.403047017579999967e+01
1.147499999999999964e+01 1.390748536929999979e+01
1.157499999999999929e+01 1.366189724679999884e+01
1.167500000000000071e+01 1.336906463859999938e+01
1.177500000000000036e+01 1.307810156859999928e+01
1.187500000000000000e+01 1.279534939239999858e+01
1.197499999999999964e+01 1.250833725949999931e+01
1.207000000000000028e+01 1.223604384929999966e+01
1.216999999999999993e+01 1.198738490590000083e+01
1.226999999999999957e+01 1.183669354359999915e+01
1.236999999999999922e+01 1.182483421179999894e+01
1.247000000000000064e+01 1.193004647430000098e+01
1.257000000000000028e+01 1.205473032689999968e+01
1.266999999999999993e+01 1.206468333569999984e+01
1.276999999999999957e+01 1.186238558380000008e+01
1.286999999999999922e+01 1.141998390320000034e+01
1.297000000000000064e+01 1.075352566120000120e+01
1.307000000000000028e+01 9.914928224800000578e+00
1.316999999999999993e+01 9.004239150200000097e+00
1.326999999999999957e+01 8.136238915999999932e+00
1.336999999999999922e+01 7.385140810700000280e+00
1.347000000000000064e+01 6.768920026600000028e+00
1.357000000000000028e+01 6.265225104699999825e+00
1.366999999999999993e+01 5.828199330000000344e+00
1.376999999999999957e+01 5.410450223999999864e+00
1.386999999999999922e+01 4.990869974100000661e+00
1.397000000000000064e+01 4.581544100600000391e+00
1.406499999999999950e+01 4.226115563899999650e+00
1.416499999999999915e+01 3.907659437399999991e+00
1.426500000000000057e+01 3.656873462300000099e+00
1.436500000000000021e+01 3.474986906799999886e+00
1.446499999999999986e+01 3.353968323800000206e+00
1.456499999999999950e+01 3.274918777499999933e+00
1.466499999999999915e+01 3.209127603600000267e+00
1.476500000000000057e+01 3.128750473399999787e+00
1.486500000000000021e+01 3.023210744000000005e+00
1.496499999999999986e+01 2.902246053100000278e+00
1.506499999999999950e+01 2.781026989399999927e+00
1.516499999999999915e+01 2.667271806500000064e+00
1.526500000000000057e+01 2.561083524000000278e+00
1.536500000000000021e+01 2.460107466899999817e+00
1.546499999999999986e+01 2.363638257399999887e+00
1.556499999999999950e+01 2.275456965600000103e+00
1.566499999999999915e+01 2.203639164000000150e+00
1.576500000000000057e+01 2.155138176999999988e+00
1.586500000000000021e+01 2.130431039099999868e+00
1.596499999999999986e+01 2.123728033999999987e+00
1.605999999999999872e+01 2.126702904900000135e+00
1.616000000000000014e+01 2.133811862900000023e+00
1.626000000000000156e+01 2.142746434800000266e+00
1.635999999999999943e+01 2.152599860500000073e+00
1.646000000000000085e+01 2.161162749099999836e+00
1.655999999999999872e+01 2.166699057399999795e+00
1.666000000000000014e+01 2.171073584599999773e+00
1.676000000000000156e+01 2.179168200699999947e+00
1.685999999999999943e+01 2.195049993200000049e+00
1.696000000000000085e+01 2.219208335799999876e+00
1.705999999999999872e+01 2.248126186799999982e+00
1.716000000000000014e+01 2.274520776900000207e+00
1.726000000000000156e+01 2.289729560100000061e+00
1.735999999999999943e+01 2.289153624199999904e+00
1.746000000000000085e+01 2.275786189999999820e+00
1.755999999999999872e+01 2.255823036599999831e+00
1.766000000000000014e+01 2.229535411900000152e+00
1.776000000000000156e+01 2.187980627600000005e+00
1.785999999999999943e+01 2.119200595299999712e+00
1.796000000000000085e+01 2.018013281400000025e+00
1.805499999999999972e+01 1.898577008099999963e+00
1.815500000000000114e+01 1.764404791700000086e+00
1.825499999999999901e+01 1.637388333200000101e+00
1.835500000000000043e+01 1.524474504399999875e+00
1.845499999999999829e+01 1.421876659800000109e+00
1.855499999999999972e+01 1.320989006000000021e+00
1.865500000000000114e+01 1.217528340099999884e+00
1.875499999999999901e+01 1.115119569300000002e+00
1.885500000000000043e+01 1.020560106800000089e+00
1.895499999999999829e+01 9.382252783000000207e-01
1.905499999999999972e+01 8.686640189000000012e-01
1.915500000000000114e+01 8.098590561999999826e-01
1.925499999999999901e+01 7.588484313000000148e-01
1.935500000000000043e+01 7.130061330999999392e-01
1.945499999999999829e+01 6.709019196000000074e-01
1.955499999999999972e+01 6.324778763999999720e-01
1.965500000000000114e+01 5.985061869000000145e-01
1.975499999999999901e+01 5.697330259999999758e-01
1.985500000000000043e+01 5.461486624000000401e-01
1.995499999999999829e+01 5.267874275999999689e-01
2.005000000000000071e+01 5.110050972999999885e-01
2.014999999999999858e+01 4.959845272999999777e-01
2.025000000000000000e+01 4.818242941000000501e-01
2.035000000000000142e+01 4.678251975000000118e-01
2.044999999999999929e+01 4.532096088000000522e-01
2.055000000000000071e+01 4.374700612999999905e-01
2.064999999999999858e+01 4.208393838999999748e-01
2.075000000000000000e+01 4.042408156000000252e-01
2.085000000000000142e+01 3.886816672000000250e-01
2.094999999999999929e+01 3.747592840000000258e-01
2.105000000000000071e+01 3.626806423999999751e-01
2.114999999999999858e+01 3.524548644999999647e-01
2.125000000000000000e+01 3.438605445999999843e-01
2.135000000000000142e+01 3.363743073999999611e-01
2.144999999999999929e+01 3.293657943000000143e-01
2.155000000000000071e+01 3.223496949999999917e-01
2.164999999999999858e+01 3.149931766999999883e-01
2.175000000000000000e+01 3.070096412999999691e-01
2.185000000000000142e+01 2.982729011999999957e-01
2.194999999999999929e+01 2.891157630000000256e-01
2.204500000000000171e+01 2.807180514000000016e-01
2.214499999999999957e+01 2.729155991999999697e-01
2.224500000000000099e+01 2.665374440000000122e-01
2.234499999999999886e+01 2.614430762000000130e-01
2.244500000000000028e+01 2.570617971999999973e-01
2.254500000000000171e+01 2.526896013000000107e-01
2.264499999999999957e+01 2.478976048000000043e-01
2.274500000000000099e+01 2.426702793000000136e-01
2.284499999999999886e+01 2.371453481999999946e-01
2.294500000000000028e+01 2.312967683000000108e-01
2.304500000000000171e+01 2.249466266999999853e-01
2.314499999999999957e+01 2.180949994999999975e-01
2.324500000000000099e+01 2.111409314000000093e-01
2.334499999999999886e+01 2.046581957999999979e-01
2.344500000000000028e+01 1.990221877000000195e-01
2.354500000000000171e+01 1.942540794000000015e-01
2.364499999999999957e+01 1.900908094000000048e-01
2.374500000000000099e+01 1.861554660999999999e-01
2.384499999999999886e+01 1.821661884000000120e-01
2.394500000000000028e+01 1.780340790000000117e-01
2.403999999999999915e+01 1.740408106999999927e-01
2.414000000000000057e+01 1.699297536000000108e-01
2.423999999999999844e+01 1.660529116999999999e-01
2.433999999999999986e+01 1.624461955000000013e-01
2.444000000000000128e+01 1.590959695999999979e-01
2.453999999999999915e+01 1.560074431999999844e-01
2.464000000000000057e+01 1.531531228999999938e-01
2.473999999999999844e+01 1.504036128000000028e-01
2.483999999999999986e+01 1.475516067999999847e-01
2.494000000000000128e+01 1.444776007999999945e-01
2.503999999999999915e+01 1.412796017000000071e-01
2.514000000000000057e+01 1.381845355000000108e-01
2.523999999999999844e+01 1.353605079999999905e-01
2.533999999999999986e+01 1.328362002999999847e-01
2.544000000000000128e+01 1.305499783000000080e-01
2.553999999999999915e+01 1.284453906999999950e-01
2.564000000000000057e+01 1.265546966999999967e-01
2.573999999999999844e+01 1.250326743000000074e-01
2.583999999999999986e+01 1.240922747000000048e-01
2.594000000000000128e+01 1.238657464000000041e-01
2.603500000000000014e+01 1.242434839999999874e-01
2.613500000000000156e+01 1.249434353999999969e-01
2.623499999999999943e+01 1.254273710999999902e-01
2.633500000000000085e+01 1.251780137999999876e-01
2.643499999999999872e+01 1.239536383000000019e-01
2.653500000000000014e+01 1.218640272999999830e-01
2.663500000000000156e+01 1.192443430000000026e-01
2.673499999999999943e+01 1.164973517999999958e-01
2.683500000000000085e+01 1.139974995999999963e-01
2.693499999999999872e+01 1.120139502000000037e-01
2.703500000000000014e+01 1.106226356999999993e-01
2.713500000000000156e+01 1.096986273999999983e-01
2.723499999999999943e+01 1.090120840999999896e-01
2.733500000000000085e+01 1.083185570000000097e-01
2.743499999999999872e+01 1.074086939999999990e-01
2.753500000000000014e+01 1.061849648000000035e-01
2.763500000000000156e+01 1.047293294000000013e-01
2.773499999999999943e+01 1.032536665000000076e-01
2.783500000000000085e+01 1.019502231000000009e-01
2.793499999999999872e+01 1.008868925000000055e-01
2.803000000000000114e+01 1.000684104000000019e-01
2.812999999999999901e+01 9.935523309999999553e-02
2.823000000000000043e+01 9.877531479999999975e-02
2.832999999999999829e+01 9.836465390000000142e-02
2.842999999999999972e+01 9.820917600000000913e-02
2.853000000000000114e+01 9.840412179999999398e-02
2.862999999999999901e+01 9.897566350000000512e-02
2.873000000000000043e+01 9.980270199999999314e-02
2.882999999999999829e+01 1.006077650000000018e-01
2.892999999999999972e+01 1.010856938000000010e-01
2.903000000000000114e+01 1.010878590000000021e-01
2.912999999999999901e+01 1.006592722999999912e-01
2.923000000000000043e+01 9.992605770000000109e-02
2.932999999999999829e+01 9.901193510000000364e-02
2.942999999999999972e+01 9.803877560000000269e-02
2.953000000000000114e+01 9.712919859999999406e-02
2.962999999999999901e+01 9.640209099999999531e-02
2.973000000000000043e+01 9.597792250000000691e-02
2.982999999999999829e+01 9.592643970000000464e-02
2.992999999999999972e+01 9.613440510000000050e-02
3.002499999999999858e+01 9.627029600000000520e-02
3.012500000000000000e+01 9.598451869999999331e-02
3.022500000000000142e+01 9.510351070000000462e-02
3.032499999999999929e+01 9.375749820000001122e-02
3.042500000000000071e+01 9.215612920000000596e-02
3.052499999999999858e+01 9.040787269999998876e-02
3.062500000000000000e+01 8.850749839999999535e-02
3.072500000000000142e+01 8.639918420000000654e-02
3.082499999999999929e+01 8.403328849999999739e-02
3.092500000000000071e+01 8.139426090000000114e-02
3.102499999999999858e+01 7.851054179999999993e-02
3.112500000000000000e+01 7.547321170000000079e-02
3.122500000000000142e+01 7.245285029999999626e-02
3.132499999999999929e+01 6.965329280000000234e-02
3.142500000000000071e+01 6.721977839999999926e-02
3.152499999999999858e+01 6.519962239999999021e-02
3.162500000000000000e+01 6.356594609999999257e-02
3.172500000000000142e+01 6.225366260000000235e-02
3.182499999999999929e+01 6.118933249999999879e-02
3.192500000000000071e+01 6.032451390000000135e-02
3.202000000000000313e+01 5.968022199999999805e-02
3.211999999999999744e+01 5.917754220000000231e-02
3.221999999999999886e+01 5.879386870000000154e-02
3.232000000000000028e+01 5.843797900000000101e-02
3.242000000000000171e+01 5.804998229999999704e-02
3.252000000000000313e+01 5.761156620000000561e-02
3.261999999999999744e+01 5.710835129999999871e-02
3.271999999999999886e+01 5.651946499999999790e-02
3.282000000000000028e+01 5.583884320000000179e-02
3.292000000000000171e+01 5.509165920000000383e-02
3.302000000000000313e+01 5.434080040000000000e-02
3.311999999999999744e+01 5.367064610000000374e-02
3.321999999999999886e+01 5.315545330000000235e-02
3.332000000000000028e+01 5.284728159999999703e-02
3.342000000000000171e+01 5.276166479999999659e-02
3.352000000000000313e+01 5.284080480000000191e-02
3.361999999999999744e+01 5.293894739999999849e-02
3.371999999999999886e+01 5.287443489999999607e-02
3.382000000000000028e+01 5.253560529999999618e-02
3.392000000000000171e+01 5.195097819999999755e-02
3.401500000000000057e+01 5.127648660000000413e-02
3.411500000000000199e+01 5.053496209999999711e-02
3.421500000000000341e+01 4.978696770000000382e-02
3.431499999999999773e+01 4.902572900000000400e-02
3.441499999999999915e+01 4.826814809999999817e-02
3.451500000000000057e+01 4.756220270000000028e-02
3.461500000000000199e+01 4.694093709999999642e-02
3.471500000000000341e+01 4.639033230000000341e-02
3.481499999999999773e+01 4.588117590000000134e-02
3.491499999999999915e+01 4.541488600000000153e-02
3.501500000000000057e+01 4.501736559999999776e-02
3.511500000000000199e+01 4.470972889999999533e-02
3.521500000000000341e+01 4.449025709999999967e-02
3.531499999999999773e+01 4.432082040000000223e-02
3.541499999999999915e+01 4.413493090000000091e-02
3.551500000000000057e+01 4.385961740000000192e-02
3.561500000000000199e+01 4.341681420000000069e-02
3.571500000000000341e+01 4.273104099999999739e-02
3.581499999999999773e+01 4.179141399999999895e-02
3.591499999999999915e+01 4.070075859999999768e-02
3.600999999999999801e+01 3.967606390000000260e-02
3.610999999999999943e+01 3.873994750000000348e-02
3.621000000000000085e+01 3.800478029999999896e-02
3.631000000000000227e+01 3.745959790000000234e-02
3.640999999999999659e+01 3.707203979999999788e-02
3.650999999999999801e+01 3.681175539999999996e-02
3.660999999999999943e+01 3.664209310000000192e-02
3.671000000000000085e+01 3.652134309999999912e-02
3.681000000000000227e+01 3.642663449999999914e-02
3.690999999999999659e+01 3.636594449999999701e-02
3.700999999999999801e+01 3.635193920000000245e-02
3.710999999999999943e+01 3.636279039999999740e-02
3.721000000000000085e+01 3.633091839999999517e-02
3.731000000000000227e+01 3.616576869999999638e-02
3.740999999999999659e+01 3.579802540000000255e-02
3.750999999999999801e+01 3.523292579999999508e-02
3.760999999999999943e+01 3.456649700000000158e-02
3.771000000000000085e+01 3.392878690000000058e-02
3.781000000000000227e+01 3.340602539999999732e-02
3.790999999999999659e+01 3.301243589999999783e-02
3.800500000000000256e+01 3.272769429999999868e-02
3.810499999999999687e+01 3.247620919999999467e-02
3.820499999999999829e+01 3.222761739999999847e-02
3.830499999999999972e+01 3.194420249999999767e-02
3.840500000000000114e+01 3.162512280000000231e-02
3.850500000000000256e+01 3.131887020000000132e-02
3.860499999999999687e+01 3.108023719999999934e-02
3.870499999999999829e+01 3.090896630000000006e-02
3.880499999999999972e+01 3.073669730000000086e-02
3.890500000000000114e+01 3.047809809999999994e-02
3.900500000000000256e+01 3.009211579999999941e-02
3.910499999999999687e+01 2.959701299999999841e-02
3.920499999999999829e+01 2.903784289999999935e-02
3.930499999999999972e+01 2.845097870000000070e-02
3.940500000000000114e+01 2.786456810000000062e-02
3.950500000000000256e+01 2.731451799999999944e-02
3.960499999999999687e+01 2.683775659999999841e-02
3.970499999999999829e+01 2.644798670000000212e-02
3.980499999999999972e+01 2.612143570000000081e-02
3.990500000000000114e+01 2.581147710000000067e-02
