1.000000000000000056e-01 1.440793349999999924e-02
2.000000000000000111e-01 1.606269889999999839e-02
2.999999999999999889e-01 1.853654319999999828e-02
4.000000000000000222e-01 2.168417389999999917e-02
5.000000000000000000e-01 2.498876900000000095e-02
5.999999999999999778e-01 2.818026829999999844e-02
6.999999999999999556e-01 3.124536499999999717e-02
8.000000000000000444e-01 3.430460949999999953e-02
9.000000000000000222e-01 3.748821339999999780e-02
1.000000000000000000e+00 4.086901569999999706e-02
1.100000000000000089e+00 4.447443969999999996e-02
1.199999999999999956e+00 4.831081299999999412e-02
1.300000000000000044e+00 5.238093950000000110e-02
1.399999999999999911e+00 5.669470719999999964e-02
1.500000000000000000e+00 6.126556040000000203e-02
1.600000000000000089e+00 6.610753029999999475e-02
1.699999999999999956e+00 7.121705139999999490e-02
1.800000000000000044e+00 7.654348589999999952e-02
1.899999999999999911e+00 8.196275000000000088e-02
2.000000000000000000e+00 8.730466740000000780e-02
2.095000000000000195e+00 9.221572399999999892e-02
2.194999999999999840e+00 9.729207419999999495e-02
2.294999999999999929e+00 1.024977126999999932e-01
2.395000000000000018e+00 1.080668053999999934e-01
2.495000000000000107e+00 1.141424031999999922e-01
2.595000000000000195e+00 1.207466436000000087e-01
2.694999999999999840e+00 1.277803020999999928e-01
2.794999999999999929e+00 1.350588158000000094e-01
2.895000000000000018e+00 1.423919765999999976e-01
2.995000000000000107e+00 1.496512715999999965e-01
3.095000000000000195e+00 1.567947728000000096e-01
3.194999999999999840e+00 1.639172020999999924e-01
3.294999999999999929e+00 1.712264505000000159e-01
3.395000000000000018e+00 1.788714161999999941e-01
3.495000000000000107e+00 1.868308331999999905e-01
3.595000000000000195e+00 1.950300053999999839e-01
3.694999999999999840e+00 2.035306292000000072e-01
3.794999999999999929e+00 2.125229289999999716e-01
3.895000000000000018e+00 2.221565367999999985e-01
3.995000000000000107e+00 2.324825122999999993e-01
4.089999999999999858e+00 2.429762340999999937e-01
4.190000000000000391e+00 2.548292670000000260e-01
4.290000000000000036e+00 2.675942948000000210e-01
4.389999999999999680e+00 2.813518429000000376e-01
4.490000000000000213e+00 2.962488064000000088e-01
4.589999999999999858e+00 3.125509631999999760e-01
4.690000000000000391e+00 3.306605032000000111e-01
4.790000000000000036e+00 3.510735446999999620e-01
4.889999999999999680e+00 3.742920718999999674e-01
4.990000000000000213e+00 4.008413808999999883e-01
5.089999999999999858e+00 4.314755325999999891e-01
5.190000000000000391e+00 4.673670113999999765e-01
5.290000000000000036e+00 5.100346430000000097e-01
5.389999999999999680e+00 5.610115879999999500e-01
5.490000000000000213e+00 6.213348306999999515e-01
5.589999999999999858e+00 6.907798553999999758e-01
5.690000000000000391e+00 7.670363617000000023e-01
5.790000000000000036e+00 8.456754502999999090e-01
5.889999999999999680e+00 9.215975235000000154e-01
5.990000000000000213e+00 9.903973070999999573e-01
6.084999999999999964e+00 1.044612517900000093e+00
6.184999999999999609e+00 1.083057473100000001e+00
6.285000000000000142e+00 1.096988336399999930e+00
6.384999999999999787e+00 1.089608715899999858e+00
6.485000000000000320e+00 1.072608355300000094e+00
6.584999999999999964e+00 1.058041820399999944e+00
6.684999999999999609e+00 1.052625216400000063e+00
6.785000000000000142e+00 1.058366282099999944e+00
6.884999999999999787e+00 1.075817878100000069e+00
6.985000000000000320e+00 1.106152396499999968e+00
7.084999999999999964e+00 1.150970982100000040e+00
7.184999999999999609e+00 1.211303225400000017e+00
7.285000000000000142e+00 1.287627273800000083e+00
7.384999999999999787e+00 1.380732907699999901e+00
7.485000000000000320e+00 1.491850683500000052e+00
7.584999999999999964e+00 1.622020117599999978e+00
7.684999999999999609e+00 1.772384156300000013e+00
7.785000000000000142e+00 1.944589718000000023e+00
7.884999999999999787e+00 2.138468649400000032e+00
7.985000000000000320e+00 2.348699766600000238e+00
8.080000000000000071e+00 2.554988591399999898e+00
8.179999999999999716e+00 2.771448163399999665e+00
8.279999999999999361e+00 2.985413939299999875e+00
8.380000000000000782e+00 3.201111235499999985e+00
8.480000000000000426e+00 3.425639749700000181e+00
8.580000000000000071e+00 3.666245893300000169e+00
8.679999999999999716e+00 3.931337786500000320e+00
8.779999999999999361e+00 4.232295411399999985e+00
8.880000000000000782e+00 4.580065618899999969e+00
8.980000000000000426e+00 4.980226081199999655e+00
9.080000000000000071e+00 5.430137803600000090e+00
9.179999999999999716e+00 5.918163477200000244e+00
9.279999999999999361e+00 6.431869078400000106e+00
9.380000000000000782e+00 6.973202805499999712e+00
9.480000000000000426e+00 7.561344892400000184e+00
9.580000000000000071e+00 8.216272063899999978e+00
9.679999999999999716e+00 8.934344288900000208e+00
9.779999999999999361e+00 9.665820594899999563e+00
9.880000000000000782e+00 1.031241606759999918e+01
9.980000000000000426e+00 1.077486099689999932e+01
1.007499999999999929e+01 1.101941484810000027e+01
1.017500000000000071e+01 1.113128937520000150e+01
1.027500000000000036e+01 1.118880674200000058e+01
1.037500000000000000e+01 1.127545465240000055e+01
1.047499999999999964e+01 1.144157731740000017e+01
1.057499999999999929e+01 1.169566626940000020e+01
1.067500000000000071e+01 1.201492348590000070e+01
1.077500000000000036e+01 1.237211006869999963e+01
1.087500000000000000e+01 1.275276785999999873e+01
1.097499999999999964e+01 1.314526640580000105e+01
1.107499999999999929e+01 1.352009599119999983e+01
1.117500000000000071e+01 1.382957341250000027e+01
1.127500000000000036e+01 1.402126260240000022e+01
1.137500000000000000e+01 1.405114412840000071e+01
1.147499999999999964e+01 1.391315074869999968e+01
1.157499999999999929e+01 1.365885761630000061e+01
1.167500000000000071e+01 1.336348176710000146e+01
1.177500000000000036e+01 1.307373204930000021e+01
1.187500000000000000e+01 1.279261835980000050e+01
1.197499999999999964e+01 1.250527804810000099e+01
1.207000000000000028e+01 1.223036369779999966e+01
1.216999999999999993e+01 1.197676941579999976e+01
1.226999999999999957e+01 1.181872086059999916e+01
1.236999999999999922e+01 1.179671983899999965e+01
1.247000000000000064e+01 1.188901269559999996e+01
1.257000000000000028e+01 1.199828331500000012e+01
1.266999999999999993e+01 1.199082088739999996e+01
1.276999999999999957e+01 1.177033741540000022e+01
1.286999999999999922e+01 1.131216197719999883e+01
1.297000000000000064e+01 1.063706840559999911e+01
1.307000000000000028e+01 9.799681871200000671e+00
1.316999999999999993e+01 8.897814860500000478e+00
1.326999999999999957e+01 8.041002721899999983e+00
1.336999999999999922e+01 7.299212748200000433e+00
1.347000000000000064e+01 6.689288168800000101e+00
1.357000000000000028e+01 6.190449904700000339e+00
1.366999999999999993e+01 5.759203260899999677e+00
1.376999999999999957e+01 5.349007702399999786e+00
1.386999999999999922e+01 4.937579291100000489e+00
1.397000000000000064e+01 4.535470324800000341e+00
1.406499999999999950e+01 4.185527877800000240e+00
1.416499999999999915e+01 3.871733694400000036e+00
1.426500000000000057e+01 3.625037870899999959e+00
1.436500000000000021e+01 3.447076160499999986e+00
1.446499999999999986e+01 3.330036468000000305e+00
1.456499999999999950e+01 3.255220901700000002e+00
1.466499999999999915e+01 3.193954510599999796e+00
1.476500000000000057e+01 3.117852984899999846e+00
1.486500000000000021e+01 3.015365132199999909e+00
1.496499999999999986e+01 2.895647932499999744e+00
1.506499999999999950e+01 2.774120529300000193e+00
1.516499999999999915e+01 2.659359891200000270e+00
1.526500000000000057e+01 2.552549065600000056e+00
1.536500000000000021e+01 2.452106913399999755e+00
1.546499999999999986e+01 2.357411934699999989e+00
1.556499999999999950e+01 2.271809722099999984e+00
1.566499999999999915e+01 2.202883531699999953e+00
1.576500000000000057e+01 2.157233871899999933e+00
1.586500000000000021e+01 2.134947953600000226e+00
1.596499999999999986e+01 2.129759843800000052e+00
1.605999999999999872e+01 2.133054320500000323e+00
1.616000000000000014e+01 2.139381552400000164e+00
1.626000000000000156e+01 2.146800397899999879e+00
1.635999999999999943e+01 2.154928807500000154e+00
1.646000000000000085e+01 2.161781721400000134e+00
1.655999999999999872e+01 2.165558478399999931e+00
1.666000000000000014e+01 2.168203705299999839e+00
1.676000000000000156e+01 2.174937917699999890e+00
1.685999999999999943e+01 2.190045140000000057e+00
1.696000000000000085e+01 2.213852730299999738e+00
1.705999999999999872e+01 2.242671098699999810e+00
1.716000000000000014e+01 2.269410445100000118e+00
1.726000000000000156e+01 2.285595791600000037e+00
1.735999999999999943e+01 2.286262940799999921e+00
1.746000000000000085e+01 2.273649383199999985e+00
1.755999999999999872e+01 2.253649991600000124e+00
1.766000000000000014e+01 2.227108498199999786e+00
1.776000000000000156e+01 2.185847822199999957e+00
1.785999999999999943e+01 2.117995611800000066e+00
1.796000000000000085e+01 2.017680440699999966e+00
1.805499999999999972e+01 1.898205148900000028e+00
1.815500000000000114e+01 1.762741092700000234e+00
1.825499999999999901e+01 1.633657625399999924e+00
1.835500000000000043e+01 1.518940863200000102e+00
1.845499999999999829e+01 1.415737967099999883e+00
1.855499999999999972e+01 1.315639819599999871e+00
1.865500000000000114e+01 1.213682127200000016e+00
1.875499999999999901e+01 1.112643467000000053e+00
1.885500000000000043e+01 1.018999978799999928e+00
1.895499999999999829e+01 9.372418822000000427e-01
1.905499999999999972e+01 8.680998171000000596e-01
1.915500000000000114e+01 8.096117958999999864e-01
1.925499999999999901e+01 7.587424622999999757e-01
1.935500000000000043e+01 7.127934510000000223e-01
1.945499999999999829e+01 6.704011503000000260e-01
1.955499999999999972e+01 6.316617975999999635e-01
1.965500000000000114e+01 5.974443762000000158e-01
1.975499999999999901e+01 5.685284726999999538e-01
1.985500000000000043e+01 5.449353661000000404e-01
1.995499999999999829e+01 5.257141580999999952e-01
2.005000000000000071e+01 5.101474975999999995e-01
2.014999999999999858e+01 4.953275703999999724e-01
2.025000000000000000e+01 4.812675889999999956e-01
2.035000000000000142e+01 4.672749042999999602e-01
2.044999999999999929e+01 4.525810393999999959e-01
2.055000000000000071e+01 4.366520732999999987e-01
2.064999999999999858e+01 4.197245292000000294e-01
2.075000000000000000e+01 4.028161647000000345e-01
2.085000000000000142e+01 3.870582920999999788e-01
2.094999999999999929e+01 3.731050607999999436e-01
2.105000000000000071e+01 3.611386060000000287e-01
2.114999999999999858e+01 3.511220109000000034e-01
2.125000000000000000e+01 3.428178308000000007e-01
2.135000000000000142e+01 3.356754396000000140e-01
2.144999999999999929e+01 3.289647106999999959e-01
2.155000000000000071e+01 3.220829457000000118e-01
2.164999999999999858e+01 3.146785276999999881e-01
2.175000000000000000e+01 3.065436347000000117e-01
2.185000000000000142e+01 2.976358882999999844e-01
2.194999999999999929e+01 2.883236433999999959e-01
2.204500000000000171e+01 2.798026872000000109e-01
2.214499999999999957e+01 2.719126809999999894e-01
2.224500000000000099e+01 2.655083997000000084e-01
2.234499999999999886e+01 2.604544162999999912e-01
2.244500000000000028e+01 2.561756272999999862e-01
2.254500000000000171e+01 2.519492044000000153e-01
2.264499999999999957e+01 2.473024555000000180e-01
2.274500000000000099e+01 2.421868984000000169e-01
2.284499999999999886e+01 2.367520271999999926e-01
2.294500000000000028e+01 2.309949714999999792e-01
2.304500000000000171e+01 2.247230102999999979e-01
2.314499999999999957e+01 2.179000603000000313e-01
2.324500000000000099e+01 2.109114430000000040e-01
2.334499999999999886e+01 2.043595690000000187e-01
2.344500000000000028e+01 1.986617770000000116e-01
2.354500000000000171e+01 1.938638060999999801e-01
2.364499999999999957e+01 1.897021447000000194e-01
2.374500000000000099e+01 1.857899216000000187e-01
2.384499999999999886e+01 1.818435170000000101e-01
2.394500000000000028e+01 1.777783411000000147e-01
2.403999999999999915e+01 1.738621587999999996e-01
2.414000000000000057e+01 1.698236657000000149e-01
2.423999999999999844e+01 1.660054937000000064e-01
2.433999999999999986e+01 1.624644801000000027e-01
2.444000000000000128e+01 1.592039526000000038e-01
2.453999999999999915e+01 1.562126239999999944e-01
2.464000000000000057e+01 1.534023753000000045e-01
2.473999999999999844e+01 1.505797591000000157e-01
2.483999999999999986e+01 1.475431434000000208e-01
2.494000000000000128e+01 1.442575165000000159e-01
2.503999999999999915e+01 1.409073151999999940e-01
2.514000000000000057e+01 1.377470858000000020e-01
2.523999999999999844e+01 1.349285547999999890e-01
2.533999999999999986e+01 1.324527292000000078e-01
2.544000000000000128e+01 1.302276918999999977e-01
2.553999999999999915e+01 1.281668035000000094e-01
2.564000000000000057e+01 1.262806580999999984e-01
2.573999999999999844e+01 1.247233939999999874e-01
2.583999999999999986e+01 1.237237045000000035e-01
2.594000000000000128e+01 1.234319252000000006e-01
2.603500000000000014e+01 1.237580628999999932e-01
2.613500000000000156e+01 1.244371987999999957e-01
2.623499999999999943e+01 1.249576124999999954e-01
2.633500000000000085e+01 1.247955671000000044e-01
2.643499999999999872e+01 1.236643493999999982e-01
2.653500000000000014e+01 1.216341311999999952e-01
2.663500000000000156e+01 1.190395627999999983e-01
2.673499999999999943e+01 1.162981959999999926e-01
2.683500000000000085e+01 1.137843023000000009e-01
2.693499999999999872e+01 1.117616151999999974e-01
2.703500000000000014e+01 1.103145781999999991e-01
2.713500000000000156e+01 1.093364169000000108e-01
2.723499999999999943e+01 1.086135010999999956e-01
2.733500000000000085e+01 1.079158052000000062e-01
2.743499999999999872e+01 1.070404610000000034e-01
2.753500000000000014e+01 1.058729944999999839e-01
2.763500000000000156e+01 1.044638353000000019e-01
2.773499999999999943e+01 1.030062889000000065e-01
2.783500000000000085e+01 1.017073817000000158e-01
2.793499999999999872e+01 1.006645346000000080e-01
2.803000000000000114e+01 9.989374380000000386e-02
2.812999999999999901e+01 9.924597270000000415e-02
2.823000000000000043e+01 9.871378940000000157e-02
2.832999999999999829e+01 9.830298399999999603e-02
2.842999999999999972e+01 9.808927000000000618e-02
2.853000000000000114e+01 9.818374359999999801e-02
2.862999999999999901e+01 9.865071799999999835e-02
2.873000000000000043e+01 9.940992179999999512e-02
2.882999999999999829e+01 1.001967101000000027e-01
2.892999999999999972e+01 1.006807590999999891e-01
2.903000000000000114e+01 1.006776565999999984e-01
2.912999999999999901e+01 1.002194822000000013e-01
2.923000000000000043e+01 9.943684939999999917e-02
2.932999999999999829e+01 9.846066649999998810e-02
2.942999999999999972e+01 9.742875289999999855e-02
2.953000000000000114e+01 9.648264549999999162e-02
2.962999999999999901e+01 9.573537390000000369e-02
2.973000000000000043e+01 9.528353609999999640e-02
2.982999999999999829e+01 9.519307660000000948e-02
2.992999999999999972e+01 9.538768540000000518e-02
3.002499999999999858e+01 9.556957950000000146e-02
3.012500000000000000e+01 9.538761899999999294e-02
3.022500000000000142e+01 9.461179999999999590e-02
3.032499999999999929e+01 9.332852449999999578e-02
3.042500000000000071e+01 9.176111079999998976e-02
3.052499999999999858e+01 9.005627310000000052e-02
3.062500000000000000e+01 8.822550699999999468e-02
3.072500000000000142e+01 8.619628209999999346e-02
3.082499999999999929e+01 8.389178399999999702e-02
3.092500000000000071e+01 8.129141360000000094e-02
3.102499999999999858e+01 7.844304409999999783e-02
3.112500000000000000e+01 7.544925350000000752e-02
3.122500000000000142e+01 7.246717689999999934e-02
3.132499999999999929e+01 6.968618199999999929e-02
3.142500000000000071e+01 6.725243929999999426e-02
3.152499999999999858e+01 6.521927760000000018e-02
3.162500000000000000e+01 6.356418630000000569e-02
3.172500000000000142e+01 6.222704960000000063e-02
3.182499999999999929e+01 6.114013299999999929e-02
3.192500000000000071e+01 6.025772749999999678e-02
3.202000000000000313e+01 5.959914789999999629e-02
3.211999999999999744e+01 5.908126580000000461e-02
3.221999999999999886e+01 5.868499840000000051e-02
3.232000000000000028e+01 5.832311930000000366e-02
3.242000000000000171e+01 5.793551239999999991e-02
3.252000000000000313e+01 5.750306569999999451e-02
3.261999999999999744e+01 5.701328769999999824e-02
3.271999999999999886e+01 5.644391709999999757e-02
3.282000000000000028e+01 5.578066649999999932e-02
3.292000000000000171e+01 5.503830070000000074e-02
3.302000000000000313e+01 5.427451599999999488e-02
3.311999999999999744e+01 5.357812759999999730e-02
3.321999999999999886e+01 5.303163699999999953e-02
3.332000000000000028e+01 5.268945300000000415e-02
3.342000000000000171e+01 5.256452730000000378e-02
3.352000000000000313e+01 5.260030069999999808e-02
3.361999999999999744e+01 5.266088139999999806e-02
3.371999999999999886e+01 5.257738739999999467e-02
3.382000000000000028e+01 5.223936619999999809e-02
3.392000000000000171e+01 5.166355520000000257e-02
3.401500000000000057e+01 5.099707130000000199e-02
3.411500000000000199e+01 5.026466200000000162e-02
3.421500000000000341e+01 4.952857130000000441e-02
3.431499999999999773e+01 4.878080209999999944e-02
3.441499999999999915e+01 4.803592880000000231e-02
3.451500000000000057e+01 4.733989699999999884e-02
3.461500000000000199e+01 4.672475190000000000e-02
3.471500000000000341e+01 4.617603979999999886e-02
3.481499999999999773e+01 4.566420690000000393e-02
3.491499999999999915e+01 4.519267089999999543e-02
3.501500000000000057e+01 4.479056920000000497e-02
3.511500000000000199e+01 4.448127320000000440e-02
3.521500000000000341e+01 4.426682800000000112e-02
3.531499999999999773e+01 4.411179009999999928e-02
3.541499999999999915e+01 4.394527199999999356e-02
3.551500000000000057e+01 4.369206070000000025e-02
3.561500000000000199e+01 4.328647830000000030e-02
3.571500000000000341e+01 4.266468400000000133e-02
3.581499999999999773e+01 4.179982250000000010e-02
3.591499999999999915e+01 4.076345330000000211e-02
3.600999999999999801e+01 3.975796310000000167e-02
3.610999999999999943e+01 3.881449039999999850e-02
3.621000000000000085e+01 3.805795399999999801e-02
3.631000000000000227e+01 3.748908349999999917e-02
3.640999999999999659e+01 3.708047889999999819e-02
3.650999999999999801e+01 3.680331889999999967e-02
3.660999999999999943e+01 3.662325820000000148e-02
3.671000000000000085e+01 3.650158839999999988e-02
3.681000000000000227e+01 3.641481900000000105e-02
3.690999999999999659e+01 3.636562430000000318e-02
3.700999999999999801e+01 3.636159040000000453e-02
3.710999999999999943e+01 3.637903160000000025e-02
3.721000000000000085e+01 3.634796090000000368e-02
3.731000000000000227e+01 3.617197939999999834e-02
3.740999999999999659e+01 3.577747350000000381e-02
3.750999999999999801e+01 3.517387429999999787e-02
3.760999999999999943e+01 3.446812970000000254e-02
3.771000000000000085e+01 3.380010099999999906e-02
3.781000000000000227e+01 3.326015009999999661e-02
3.790999999999999659e+01 3.286152999999999991e-02
3.800500000000000256e+01 3.258055990000000013e-02
3.810499999999999687e+01 3.234099979999999902e-02
3.820499999999999829e+01 3.211451719999999788e-02
3.830499999999999972e+01 3.186234970000000055e-02
3.840500000000000114e+01 3.157291920000000057e-02
3.850500000000000256e+01 3.128256020000000359e-02
3.860499999999999687e+01 3.104639680000000068e-02
3.870499999999999829e+01 3.087631780000000062e-02
3.880499999999999972e+01 3.071510159999999920e-02
3.890500000000000114e+01 3.047760840000000165e-02
3.900500000000000256e+01 3.011404069999999711e-02
3.910499999999999687e+01 2.963307379999999963e-02
3.920499999999999829e+01 2.907769140000000113e-02
3.930499999999999972e+01 2.848874809999999910e-02
3.940500000000000114e+01 2.789785059999999942e-02
3.950500000000000256e+01 2.734092280000000041e-02
3.960499999999999687e+01 2.685626480000000149e-02
3.970499999999999829e+01 2.646053500000000031e-02
3.980499999999999972e+01 2.613184880000000293e-02
3.990500000000000114e+01 2.582224730000000010e-02
