1.000000000000000056e-01 7.609057899999999673e-03
2.000000000000000111e-01 1.220984569999999936e-02
2.999999999999999889e-01 1.474302499999999988e-02
4.000000000000000222e-01 1.650097260000000024e-02
5.000000000000000000e-01 1.787762999999999852e-02
5.999999999999999778e-01 1.889713280000000079e-02
6.999999999999999556e-01 1.963911029999999835e-02
8.000000000000000444e-01 2.030201589999999778e-02
9.000000000000000222e-01 2.108018660000000183e-02
1.000000000000000000e+00 2.208475520000000025e-02
1.100000000000000089e+00 2.335366609999999996e-02
1.199999999999999956e+00 2.488813070000000030e-02
1.300000000000000044e+00 2.667957919999999761e-02
1.399999999999999911e+00 2.871963959999999927e-02
1.500000000000000000e+00 3.099010280000000228e-02
1.600000000000000089e+00 3.344415840000000001e-02
1.699999999999999956e+00 3.597770949999999635e-02
1.800000000000000044e+00 3.842635739999999966e-02
1.899999999999999911e+00 4.064278200000000230e-02
2.000000000000000000e+00 4.261125699999999961e-02
2.095000000000000195e+00 4.437721480000000190e-02
2.194999999999999840e+00 4.630861270000000141e-02
2.294999999999999929e+00 4.844876470000000074e-02
2.395000000000000018e+00 5.086368420000000196e-02
2.495000000000000107e+00 5.356651629999999858e-02
2.595000000000000195e+00 5.655138739999999997e-02
2.694999999999999840e+00 5.982757920000000146e-02
2.794999999999999929e+00 6.343435769999999918e-02
2.895000000000000018e+00 6.743335629999999692e-02
2.995000000000000107e+00 7.188440299999999950e-02
3.095000000000000195e+00 7.682719169999999154e-02
3.194999999999999840e+00 8.226253480000000895e-02
3.294999999999999929e+00 8.812882720000000947e-02
3.395000000000000018e+00 9.434805200000000169e-02
3.495000000000000107e+00 1.009388512999999932e-01
3.595000000000000195e+00 1.080749391999999975e-01
3.694999999999999840e+00 1.159646319000000037e-01
3.794999999999999929e+00 1.245875850999999951e-01
3.895000000000000018e+00 1.335365171000000017e-01
3.995000000000000107e+00 1.421160408999999902e-01
4.089999999999999858e+00 1.493180709999999967e-01
4.190000000000000391e+00 1.556434439000000114e-01
4.290000000000000036e+00 1.609807635000000126e-01
4.389999999999999680e+00 1.660167874999999849e-01
4.490000000000000213e+00 1.715098056000000093e-01
4.589999999999999858e+00 1.780704059000000061e-01
4.690000000000000391e+00 1.859934495999999993e-01
4.790000000000000036e+00 1.950654229000000073e-01
4.889999999999999680e+00 2.046164334000000196e-01
4.990000000000000213e+00 2.139659174999999913e-01
5.089999999999999858e+00 2.230259810999999925e-01
5.190000000000000391e+00 2.325186625999999812e-01
5.290000000000000036e+00 2.436265772999999801e-01
5.389999999999999680e+00 2.575811419000000324e-01
5.490000000000000213e+00 2.753388299000000261e-01
5.589999999999999858e+00 2.974086566999999959e-01
5.690000000000000391e+00 3.238738338000000105e-01
5.790000000000000036e+00 3.546000847999999928e-01
5.889999999999999680e+00 3.895076102000000207e-01
5.990000000000000213e+00 4.283651388999999421e-01
6.084999999999999964e+00 4.678085968999999844e-01
6.184999999999999609e+00 5.095785651999999999e-01
6.285000000000000142e+00 5.490596709999999714e-01
6.384999999999999787e+00 5.849161669000000341e-01
6.485000000000000320e+00 6.164785254000000325e-01
6.584999999999999964e+00 6.427534964999999101e-01
6.684999999999999609e+00 6.629202453000000439e-01
6.785000000000000142e+00 6.774735200999999485e-01
6.884999999999999787e+00 6.887046686000000140e-01
6.985000000000000320e+00 7.006015862000000149e-01
7.084999999999999964e+00 7.181724225000000184e-01
7.184999999999999609e+00 7.461004232999999264e-01
7.285000000000000142e+00 7.878240909000000514e-01
7.384999999999999787e+00 8.448233815999999230e-01
7.485000000000000320e+00 9.155017842999999544e-01
7.584999999999999964e+00 9.940571635000000628e-01
7.684999999999999609e+00 1.070636002500000128e+00
7.785000000000000142e+00 1.134277197200000087e+00
7.884999999999999787e+00 1.178710288400000028e+00
7.985000000000000320e+00 1.206542195599999978e+00
8.080000000000000071e+00 1.225205688399999993e+00
8.179999999999999716e+00 1.243200113999999967e+00
8.279999999999999361e+00 1.261128684500000041e+00
8.380000000000000782e+00 1.278200490600000183e+00
8.480000000000000426e+00 1.294847068099999943e+00
8.580000000000000071e+00 1.312717072699999932e+00
8.679999999999999716e+00 1.332040540900000014e+00
8.779999999999999361e+00 1.350451526300000094e+00
8.880000000000000782e+00 1.364062959199999980e+00
8.980000000000000426e+00 1.369819995799999912e+00
9.080000000000000071e+00 1.367494979399999977e+00
9.179999999999999716e+00 1.360507701199999975e+00
9.279999999999999361e+00 1.354480076899999830e+00
9.380000000000000782e+00 1.355147783300000075e+00
9.480000000000000426e+00 1.367339253699999979e+00
9.580000000000000071e+00 1.394407760200000013e+00
9.679999999999999716e+00 1.437685509100000036e+00
9.779999999999999361e+00 1.496618243299999929e+00
9.880000000000000782e+00 1.569359205700000093e+00
9.980000000000000426e+00 1.653424445899999817e+00
1.007499999999999929e+01 1.741403172900000129e+00
1.017500000000000071e+01 1.838566265299999891e+00
1.027500000000000036e+01 1.933394057399999921e+00
1.037500000000000000e+01 2.017751129800000154e+00
1.047499999999999964e+01 2.087883529299999985e+00
1.057499999999999929e+01 2.147557577200000178e+00
1.067500000000000071e+01 2.205661551099999951e+00
1.077500000000000036e+01 2.272463587199999857e+00
1.087500000000000000e+01 2.354742659299999819e+00
1.097499999999999964e+01 2.450310825399999892e+00
1.107499999999999929e+01 2.549414649900000107e+00
1.117500000000000071e+01 2.645668245099999982e+00
1.127500000000000036e+01 2.743579486799999856e+00
1.137500000000000000e+01 2.854449357700000078e+00
1.147499999999999964e+01 2.984941688000000148e+00
1.157499999999999929e+01 3.127490843600000403e+00
1.167500000000000071e+01 3.260261371700000410e+00
1.177500000000000036e+01 3.362411970100000147e+00
1.187500000000000000e+01 3.430667853000000100e+00
1.197499999999999964e+01 3.479681234200000084e+00
1.207000000000000028e+01 3.527525043499999846e+00
1.216999999999999993e+01 3.596275208999999862e+00
1.226999999999999957e+01 3.695737693099999888e+00
1.236999999999999922e+01 3.832716559099999643e+00
1.247000000000000064e+01 4.008864076500000095e+00
1.257000000000000028e+01 4.218170713400000160e+00
1.266999999999999993e+01 4.445772656199999950e+00
1.276999999999999957e+01 4.674860479199999475e+00
1.286999999999999922e+01 4.894508081999999760e+00
1.297000000000000064e+01 5.099247075400000107e+00
1.307000000000000028e+01 5.284871437299999641e+00
1.316999999999999993e+01 5.452406442000000020e+00
1.326999999999999957e+01 5.612150689499999956e+00
1.336999999999999922e+01 5.778190031199999410e+00
1.347000000000000064e+01 5.955107541700000340e+00
1.357000000000000028e+01 6.122397069099999811e+00
1.366999999999999993e+01 6.234895715800000460e+00
1.376999999999999957e+01 6.256826759500000001e+00
1.386999999999999922e+01 6.198082609700000134e+00
1.397000000000000064e+01 6.107235854000000685e+00
1.406499999999999950e+01 6.037031369300000172e+00
1.416499999999999915e+01 6.004252309099999962e+00
1.426500000000000057e+01 6.009326407799999714e+00
1.436500000000000021e+01 6.029560886899999694e+00
1.446499999999999986e+01 6.043490224000000133e+00
1.456499999999999950e+01 6.045557931899999460e+00
1.466499999999999915e+01 6.044927705200000112e+00
1.476500000000000057e+01 6.048082512999999771e+00
1.486500000000000021e+01 6.041932700600000317e+00
1.496499999999999986e+01 5.998774697800000055e+00
1.506499999999999950e+01 5.902673971200000480e+00
1.516499999999999915e+01 5.763817330400000216e+00
1.526500000000000057e+01 5.602496332200000317e+00
1.536500000000000021e+01 5.432882620700000054e+00
1.546499999999999986e+01 5.266272086099999861e+00
1.556499999999999950e+01 5.115885141699999750e+00
1.566499999999999915e+01 4.991707848499999933e+00
1.576500000000000057e+01 4.897072969799999953e+00
1.586500000000000021e+01 4.833977862399999381e+00
1.596499999999999986e+01 4.804681706900000293e+00
1.605999999999999872e+01 4.804682303999999959e+00
1.616000000000000014e+01 4.823856542999999775e+00
1.626000000000000156e+01 4.854321299399999567e+00
1.635999999999999943e+01 4.894367530100000252e+00
1.646000000000000085e+01 4.939651971400000008e+00
1.655999999999999872e+01 4.970419821900000201e+00
1.666000000000000014e+01 4.953018341599999985e+00
1.676000000000000156e+01 4.861478883100000203e+00
1.685999999999999943e+01 4.700809110899999865e+00
1.696000000000000085e+01 4.505865291699999275e+00
1.705999999999999872e+01 4.318626679700000359e+00
1.716000000000000014e+01 4.168095752600000203e+00
1.726000000000000156e+01 4.064863641499999680e+00
1.735999999999999943e+01 4.006483464100000447e+00
1.746000000000000085e+01 3.986154107900000021e+00
1.755999999999999872e+01 3.998297318399999689e+00
1.766000000000000014e+01 4.036535401700000136e+00
1.776000000000000156e+01 4.089946656700000460e+00
1.785999999999999943e+01 4.146711426499999575e+00
1.796000000000000085e+01 4.201795447300000319e+00
1.805499999999999972e+01 4.255518980399999762e+00
1.815500000000000114e+01 4.317219324999999941e+00
1.825499999999999901e+01 4.377899030500000066e+00
1.835500000000000043e+01 4.418701386299999534e+00
1.845499999999999829e+01 4.418835119599999750e+00
1.855499999999999972e+01 4.370100364299999818e+00
1.865500000000000114e+01 4.281411180000000094e+00
1.875499999999999901e+01 4.168365335299999863e+00
1.885500000000000043e+01 4.037915210000000421e+00
1.895499999999999829e+01 3.882876153899999849e+00
1.905499999999999972e+01 3.692123157599999761e+00
1.915500000000000114e+01 3.468504892299999920e+00
1.925499999999999901e+01 3.234583610899999684e+00
1.935500000000000043e+01 3.017811167800000138e+00
1.945499999999999829e+01 2.834293699499999875e+00
1.955499999999999972e+01 2.686138784699999782e+00
1.965500000000000114e+01 2.567531203700000209e+00
1.975499999999999901e+01 2.470419290300000181e+00
1.985500000000000043e+01 2.385956061799999972e+00
1.995499999999999829e+01 2.304350806900000048e+00
2.005000000000000071e+01 2.220890814300000127e+00
2.014999999999999858e+01 2.120095013300000275e+00
2.025000000000000000e+01 2.004054772299999954e+00
2.035000000000000142e+01 1.877639671500000107e+00
2.044999999999999929e+01 1.750788659199999930e+00
2.055000000000000071e+01 1.633552144900000114e+00
2.064999999999999858e+01 1.531671097300000062e+00
2.075000000000000000e+01 1.445491998200000072e+00
2.085000000000000142e+01 1.372046110799999941e+00
2.094999999999999929e+01 1.308231796499999877e+00
2.105000000000000071e+01 1.252624926400000005e+00
2.114999999999999858e+01 1.205179299500000134e+00
2.125000000000000000e+01 1.165682891999999971e+00
2.135000000000000142e+01 1.132758903699999875e+00
2.144999999999999929e+01 1.104397819499999933e+00
2.155000000000000071e+01 1.079061797699999881e+00
2.164999999999999858e+01 1.056070634699999955e+00
2.175000000000000000e+01 1.034954676199999923e+00
2.185000000000000142e+01 1.014543853199999957e+00
2.194999999999999929e+01 9.925935784999999623e-01
2.204500000000000171e+01 9.679083185999999284e-01
2.214499999999999957e+01 9.362195814000000560e-01
2.224500000000000099e+01 8.989503819999999923e-01
2.234499999999999886e+01 8.588013700000000084e-01
2.244500000000000028e+01 8.196304402999999850e-01
2.254500000000000171e+01 7.839760436000000610e-01
2.264499999999999957e+01 7.517725951000000517e-01
2.274500000000000099e+01 7.211025249999999387e-01
2.284499999999999886e+01 6.899181005000000200e-01
2.294500000000000028e+01 6.572371768999999420e-01
2.304500000000000171e+01 6.233206716000000425e-01
2.314499999999999957e+01 5.893521036000000102e-01
2.324500000000000099e+01 5.570004436000000059e-01
2.334499999999999886e+01 5.278888416000000472e-01
2.344500000000000028e+01 5.032383294000000173e-01
2.354500000000000171e+01 4.836489806999999530e-01
2.364499999999999957e+01 4.689990470000000577e-01
2.374500000000000099e+01 4.585668336000000012e-01
2.384499999999999886e+01 4.513048466999999841e-01
2.394500000000000028e+01 4.460928677000000064e-01
2.403999999999999915e+01 4.420839316000000352e-01
2.414000000000000057e+01 4.379178236999999863e-01
2.423999999999999844e+01 4.327380430000000167e-01
2.433999999999999986e+01 4.254367998999999956e-01
2.444000000000000128e+01 4.155721384999999657e-01
2.453999999999999915e+01 4.039452601999999892e-01
2.464000000000000057e+01 3.922240941999999841e-01
2.473999999999999844e+01 3.820661615000000011e-01
2.483999999999999986e+01 3.745807369999999970e-01
2.494000000000000128e+01 3.701526971999999915e-01
2.503999999999999915e+01 3.684028136999999981e-01
2.514000000000000057e+01 3.684632741000000156e-01
2.523999999999999844e+01 3.695088551999999860e-01
2.533999999999999986e+01 3.710550657000000196e-01
2.544000000000000128e+01 3.728708219000000379e-01
2.553999999999999915e+01 3.748699424999999419e-01
2.564000000000000057e+01 3.769784476999999967e-01
2.573999999999999844e+01 3.788970117000000082e-01
2.583999999999999986e+01 3.801909707999999721e-01
2.594000000000000128e+01 3.807394300999999981e-01
2.603500000000000014e+01 3.808082654000000122e-01
2.613500000000000156e+01 3.805084004000000020e-01
2.623499999999999943e+01 3.795058457000000107e-01
2.633500000000000085e+01 3.774641454000000063e-01
2.643499999999999872e+01 3.745600287000000472e-01
2.653500000000000014e+01 3.715796539999999815e-01
2.663500000000000156e+01 3.695481846999999487e-01
2.673499999999999943e+01 3.691078824000000314e-01
2.683500000000000085e+01 3.701991705000000077e-01
2.693499999999999872e+01 3.723039284999999921e-01
2.703500000000000014e+01 3.748880643999999984e-01
2.713500000000000156e+01 3.776608895999999937e-01
2.723499999999999943e+01 3.805504049999999805e-01
2.733500000000000085e+01 3.834924808999999879e-01
2.743499999999999872e+01 3.859951294999999782e-01
2.753500000000000014e+01 3.868967027999999919e-01
2.763500000000000156e+01 3.848727339999999941e-01
2.773499999999999943e+01 3.795857608999999577e-01
2.783500000000000085e+01 3.722329629999999723e-01
2.793499999999999872e+01 3.646289284000000519e-01
2.803000000000000114e+01 3.581467088999999993e-01
2.812999999999999901e+01 3.518884331000000087e-01
2.823000000000000043e+01 3.451848748999999938e-01
2.832999999999999829e+01 3.370011351000000155e-01
2.842999999999999972e+01 3.268066087000000008e-01
2.853000000000000114e+01 3.147582917000000258e-01
2.862999999999999901e+01 3.017510347999999842e-01
2.873000000000000043e+01 2.892402376000000053e-01
2.882999999999999829e+01 2.787676592999999703e-01
2.892999999999999972e+01 2.714409426000000125e-01
2.903000000000000114e+01 2.676314591000000243e-01
2.912999999999999901e+01 2.669331947999999954e-01
2.923000000000000043e+01 2.683671280000000103e-01
2.932999999999999829e+01 2.707666941999999910e-01
2.942999999999999972e+01 2.729954654999999786e-01
2.953000000000000114e+01 2.738687531999999814e-01
2.962999999999999901e+01 2.722421406000000155e-01
2.973000000000000043e+01 2.674859325999999760e-01
2.982999999999999829e+01 2.598449213999999841e-01
2.992999999999999972e+01 2.502870875000000050e-01
3.002499999999999858e+01 2.404633681999999995e-01
3.012500000000000000e+01 2.300732725000000090e-01
3.022500000000000142e+01 2.198600447000000069e-01
3.032499999999999929e+01 2.097954256000000017e-01
3.042500000000000071e+01 1.999812703000000136e-01
3.052499999999999858e+01 1.907648972000000054e-01
3.062500000000000000e+01 1.825173315999999990e-01
3.072500000000000142e+01 1.754520632999999885e-01
3.082499999999999929e+01 1.696872745999999932e-01
3.092500000000000071e+01 1.652922806999999883e-01
3.102499999999999858e+01 1.622316232000000080e-01
3.112500000000000000e+01 1.603235328000000015e-01
3.122500000000000142e+01 1.593014603000000029e-01
3.132499999999999929e+01 1.588336179000000015e-01
3.142500000000000071e+01 1.584810500000000122e-01
3.152499999999999858e+01 1.577994202000000123e-01
3.162500000000000000e+01 1.565764061999999901e-01
3.172500000000000142e+01 1.549423208000000052e-01
3.182499999999999929e+01 1.532395850999999920e-01
3.192500000000000071e+01 1.517393776000000027e-01
3.202000000000000313e+01 1.504704413999999879e-01
3.211999999999999744e+01 1.489879614000000074e-01
3.221999999999999886e+01 1.470356121999999988e-01
3.232000000000000028e+01 1.446365699000000116e-01
3.242000000000000171e+01 1.422294772000000096e-01
3.252000000000000313e+01 1.403798264999999990e-01
3.261999999999999744e+01 1.394293550999999853e-01
3.271999999999999886e+01 1.393112901999999931e-01
3.282000000000000028e+01 1.395610226000000009e-01
3.292000000000000171e+01 1.395069912999999939e-01
3.302000000000000313e+01 1.385843814000000118e-01
3.311999999999999744e+01 1.365738068000000027e-01
3.321999999999999886e+01 1.335485680999999869e-01
3.332000000000000028e+01 1.296999084999999885e-01
3.342000000000000171e+01 1.252832628999999975e-01
3.352000000000000313e+01 1.206188813999999887e-01
3.361999999999999744e+01 1.160418852000000001e-01
3.371999999999999886e+01 1.118458488000000084e-01
3.382000000000000028e+01 1.082371236000000125e-01
3.392000000000000171e+01 1.053173193000000035e-01
3.401500000000000057e+01 1.031920488999999996e-01
3.411500000000000199e+01 1.015587820999999946e-01
3.421500000000000341e+01 1.003634059000000078e-01
3.431499999999999773e+01 9.935428749999999920e-02
3.441499999999999915e+01 9.827542599999999906e-02
3.451500000000000057e+01 9.693473930000000294e-02
3.461500000000000199e+01 9.525369640000000415e-02
3.471500000000000341e+01 9.328337289999999449e-02
3.481499999999999773e+01 9.120007730000000146e-02
3.491499999999999915e+01 8.925916629999999796e-02
3.501500000000000057e+01 8.768557579999999851e-02
3.511500000000000199e+01 8.657743719999999588e-02
3.521500000000000341e+01 8.590020630000000379e-02
3.531499999999999773e+01 8.556046049999999070e-02
3.541499999999999915e+01 8.549971670000000579e-02
3.551500000000000057e+01 8.571736650000000290e-02
3.561500000000000199e+01 8.620779959999999575e-02
3.571500000000000341e+01 8.686941070000001042e-02
3.581499999999999773e+01 8.751369389999999471e-02
3.591499999999999915e+01 8.796429479999999523e-02
3.600999999999999801e+01 8.809392169999999411e-02
3.610999999999999943e+01 8.775864719999999786e-02
3.621000000000000085e+01 8.672542399999999541e-02
3.631000000000000227e+01 8.488088720000000476e-02
3.640999999999999659e+01 8.233157339999999658e-02
3.650999999999999801e+01 7.932538440000000413e-02
3.660999999999999943e+01 7.615195229999999205e-02
3.671000000000000085e+01 7.311345910000000003e-02
3.681000000000000227e+01 7.045994980000000463e-02
3.690999999999999659e+01 6.829879390000000161e-02
3.700999999999999801e+01 6.657949130000000160e-02
3.710999999999999943e+01 6.516670319999999517e-02
3.721000000000000085e+01 6.393107909999999616e-02
3.731000000000000227e+01 6.279182059999999233e-02
3.740999999999999659e+01 6.170500720000000189e-02
3.750999999999999801e+01 6.064865170000000028e-02
3.760999999999999943e+01 5.962467020000000728e-02
3.771000000000000085e+01 5.866232820000000237e-02
3.781000000000000227e+01 5.780100659999999613e-02
3.790999999999999659e+01 5.705812150000000305e-02
3.800500000000000256e+01 5.645201100000000333e-02
3.810499999999999687e+01 5.590531089999999786e-02
3.820499999999999829e+01 5.544699880000000108e-02
3.830499999999999972e+01 5.507524770000000319e-02
3.840500000000000114e+01 5.478528939999999930e-02
3.850500000000000256e+01 5.455860249999999745e-02
3.860499999999999687e+01 5.435040730000000042e-02
3.870499999999999829e+01 5.409713630000000106e-02
3.880499999999999972e+01 5.374423589999999945e-02
3.890500000000000114e+01 5.327565300000000614e-02
3.900500000000000256e+01 5.273345979999999322e-02
3.910499999999999687e+01 5.220075419999999772e-02
3.920499999999999829e+01 5.175168639999999654e-02
3.930499999999999972e+01 5.142685200000000206e-02
3.940500000000000114e+01 5.125240090000000165e-02
3.950500000000000256e+01 5.124635420000000358e-02
3.960499999999999687e+01 5.136878990000000311e-02
3.970499999999999829e+01 5.146624560000000181e-02
3.980499999999999972e+01 5.131858200000000148e-02
3.990500000000000114e+01 5.079307140000000054e-02
