#RPA-results:
#Nucleus: Ni 74
#Fermi level: -4.992964e+00	-1.506242e+01
#Excitation: 1 +
#Total number of pairs: 1032
#Number of ph-/ah-pairs: 1032/0
#Maximal excitation-energy for particle-hole-pairs: 100
#Maximal excitation-energy for antiparticle-hole-pairs: 1000
#No imaginary eigenvalues

#Parameterset: DD-PC1
#natural parity: no
#Isoscalar result:

-2.140287e+00	4.575827e-22
-1.004325e+00	3.684366e-01
-3.176044e-01	3.333762e-03
-4.081082e-02	1.440659e-01
3.972817e-01	1.663745e-01
7.757357e-01	4.140717e-01
1.462858e+00	4.092684e-01
2.387718e+00	2.976387e-01
2.532411e+00	2.588368e-03
2.987872e+00	5.056298e-02
3.235349e+00	5.023378e-07
3.607995e+00	8.993639e+00
4.244758e+00	1.480790e-03
4.488577e+00	3.260195e-23
4.648907e+00	3.782465e-02
4.712990e+00	4.767619e-03
4.815796e+00	6.598842e-06
4.949653e+00	2.029483e-21
4.967139e+00	1.508874e-21
5.039553e+00	1.378677e-01
5.285738e+00	2.839336e-03
5.529092e+00	2.607880e-28
5.724075e+00	8.500296e-25
7.148137e+00	1.970842e-24
7.622562e+00	6.617438e-23
7.740918e+00	2.164937e+00
8.408081e+00	1.731769e-22
9.661096e+00	9.976086e-01
9.767464e+00	4.286764e-20
1.023953e+01	4.917845e-01
1.102341e+01	9.852726e-01
1.117551e+01	7.032563e-21
1.154121e+01	1.276857e+01
1.164196e+01	6.016858e-01
1.168154e+01	3.035078e-21
1.181552e+01	1.730534e+01
1.201863e+01	2.803878e+00
1.235255e+01	1.672207e-21
1.238946e+01	5.827280e-22
1.244445e+01	1.707285e-04
1.253195e+01	1.809238e-02
1.257569e+01	7.391993e-20
1.257992e+01	3.547360e-02
1.272053e+01	2.926335e-02
1.318505e+01	4.391860e-03
1.330855e+01	3.011855e-02
1.346186e+01	4.252152e-03
1.364748e+01	3.242984e-20
1.365658e+01	7.412134e-02
1.374383e+01	1.087292e-03
1.385905e+01	8.563362e-02
1.389696e+01	4.292647e-21
1.391640e+01	4.891758e-02
1.407916e+01	1.214170e-03
1.425967e+01	2.369384e-24
1.435992e+01	3.720388e-04
1.449703e+01	2.694465e-22
1.456867e+01	5.378015e-02
1.484826e+01	1.486188e-23
1.597260e+01	1.911048e-24
1.651449e+01	1.214601e-20
1.810203e+01	6.342295e-04
1.821116e+01	1.640437e-02
1.835045e+01	4.661833e-04
1.848267e+01	6.432777e-25
1.865679e+01	4.851708e-04
1.908839e+01	1.915796e-23
1.927203e+01	1.395519e-05
1.933792e+01	1.226611e-04
1.938363e+01	3.529856e-03
1.944136e+01	1.669303e-03
1.963410e+01	2.128432e-04
1.966797e+01	7.440124e-23
1.968298e+01	8.475170e-03
1.974323e+01	1.601867e-01
1.985304e+01	6.292167e-04
1.998157e+01	1.347197e-01
2.002148e+01	9.909945e-03
2.011502e+01	1.205932e-02
2.021699e+01	3.097986e-04
2.025892e+01	1.534221e-06
2.039735e+01	3.438621e-04
2.065317e+01	1.727213e-04
2.092745e+01	4.825618e-08
2.097968e+01	1.571479e-06
2.100369e+01	5.070147e-07
2.120339e+01	1.669873e-28
2.124342e+01	2.662933e-05
2.155564e+01	3.363522e-22
2.160204e+01	4.487510e-05
2.178850e+01	2.179873e-02
2.180513e+01	1.453675e-02
2.183156e+01	3.055815e-22
2.188877e+01	1.364742e-03
2.192393e+01	1.266237e-02
2.213179e+01	1.015759e-03
2.217235e+01	9.785181e-22
2.228096e+01	1.830988e-03
2.231443e+01	2.063260e-03
2.242417e+01	5.497793e-04
2.267289e+01	2.582395e-04
2.272455e+01	3.813167e-05
2.276711e+01	2.762640e-06
2.285323e+01	1.247396e-04
2.287328e+01	1.004172e-21
2.296004e+01	7.234934e-05
2.307341e+01	2.808241e-24
2.341610e+01	4.798402e-23
2.385317e+01	4.568688e-23
2.411179e+01	2.232093e-04
2.425533e+01	3.014010e-21
2.425539e+01	3.902442e-04
2.472272e+01	7.987673e-04
2.474997e+01	4.673844e-05
2.498371e+01	8.860868e-04
2.499338e+01	7.499005e-23
2.519061e+01	5.279674e-04
2.520903e+01	2.843073e-26
2.537563e+01	7.503282e-25
2.552775e+01	6.243756e-04
2.562280e+01	7.176526e-23
2.580140e+01	3.044646e-04
2.593674e+01	4.406524e-22
2.602438e+01	9.013259e-04
2.614874e+01	4.376544e-05
2.627218e+01	1.688685e-23
2.634744e+01	4.928435e-04
2.646382e+01	4.246248e-03
2.654373e+01	6.872153e-04
2.657047e+01	4.734176e-06
2.664156e+01	3.463835e-06
2.680969e+01	4.823912e-04
2.684237e+01	6.440967e-26
2.695709e+01	6.435693e-04
2.700484e+01	1.455536e-24
2.700966e+01	2.885494e-03
2.713881e+01	5.476716e-04
2.719292e+01	1.178408e-03
2.719765e+01	8.975034e-04
2.733285e+01	7.378393e-04
2.745581e+01	1.462159e-05
2.749933e+01	1.841015e-23
2.755185e+01	2.218846e-04
2.760391e+01	3.072459e-04
2.761486e+01	7.021048e-03
2.779281e+01	2.081985e-04
2.789940e+01	4.160252e-07
2.805396e+01	1.783778e-04
2.807279e+01	1.034468e-07
2.812517e+01	4.130381e-06
2.830491e+01	2.868590e-05
2.841742e+01	1.123287e-06
2.843373e+01	1.376338e-04
2.851662e+01	5.546459e-06
2.856913e+01	6.825150e-28
2.866477e+01	3.273924e-03
2.867893e+01	7.893963e-24
2.870792e+01	5.211877e-05
2.876383e+01	1.710656e-23
2.884050e+01	7.057699e-06
2.892126e+01	3.447616e-03
2.901450e+01	1.685992e-02
2.908555e+01	2.007525e-02
2.921148e+01	2.364572e-03
2.922813e+01	3.052149e-03
2.946622e+01	2.256097e-23
2.949287e+01	7.659410e-04
2.959045e+01	1.611996e-03
2.965457e+01	7.335260e-04
2.983921e+01	5.336759e-05
3.006716e+01	4.584100e-22
3.009531e+01	4.633014e-03
3.014635e+01	1.268750e-03
3.030144e+01	2.846600e-04
3.052448e+01	5.264388e-02
3.058184e+01	2.379072e-02
3.066525e+01	1.136179e-03
3.077217e+01	9.925039e-02
3.080591e+01	2.550701e-21
3.088899e+01	7.873664e-04
3.093606e+01	1.447244e-03
3.096538e+01	5.755734e-21
3.097232e+01	1.588609e-02
3.102553e+01	4.464692e-04
3.105403e+01	6.614120e-03
3.108207e+01	1.982545e-02
3.115191e+01	1.017938e-04
3.122411e+01	3.115322e-03
3.137707e+01	1.499363e-04
3.141268e+01	6.148137e-06
3.141695e+01	3.202659e-05
3.159427e+01	1.918304e-05
3.165921e+01	1.973154e-04
3.171565e+01	8.042511e-05
3.178758e+01	3.205886e-05
3.182974e+01	2.089577e-22
3.186914e+01	8.901498e-06
3.193262e+01	2.538101e-04
3.201391e+01	1.386051e-04
3.206793e+01	1.716651e-03
3.206807e+01	3.611093e-19
3.213629e+01	4.885892e-04
3.222686e+01	3.762129e-04
3.227061e+01	1.895637e-04
3.230392e+01	1.400270e-03
3.236554e+01	2.872872e-04
3.239671e+01	2.443334e-02
3.240389e+01	2.276705e-03
3.249366e+01	1.305096e-04
3.253418e+01	1.517933e-03
3.260036e+01	4.139053e-05
3.263936e+01	3.501813e-04
3.271377e+01	1.639586e-03
3.275432e+01	5.925183e-06
3.280869e+01	1.614717e-02
3.286768e+01	6.522381e-03
3.295652e+01	4.138112e-03
3.301251e+01	2.048568e-03
3.313415e+01	6.262020e-04
3.316586e+01	2.601194e-03
3.317592e+01	1.521692e-03
3.337943e+01	9.009561e-07
3.339638e+01	7.879582e-05
3.358464e+01	2.250621e-04
3.370167e+01	2.876346e-05
3.383368e+01	6.125709e-04
3.385299e+01	1.319238e-02
3.394346e+01	4.438962e-05
3.402388e+01	1.573262e-05
3.418466e+01	2.428002e-04
3.421240e+01	3.934172e-05
3.429673e+01	4.737944e-04
3.453147e+01	2.874283e-04
3.466836e+01	1.558563e-04
3.480338e+01	2.093289e-04
3.495173e+01	7.020157e-05
3.499485e+01	1.648050e-03
3.518112e+01	1.956374e-03
3.529321e+01	1.204571e-04
3.547589e+01	1.011342e-04
3.562246e+01	1.216996e-04
3.568652e+01	3.986089e-03
3.583408e+01	1.648821e-02
3.608068e+01	2.028301e-24
3.621217e+01	7.074653e-07
3.637812e+01	3.387840e-05
3.656901e+01	1.459351e-05
3.659417e+01	9.252052e-26
3.674044e+01	6.087024e-05
3.713691e+01	9.746535e-07
3.724929e+01	3.454569e-03
3.738426e+01	4.100457e-04
3.746027e+01	1.531903e-03
3.753376e+01	4.531219e-24
3.783230e+01	1.971926e-24
3.784947e+01	4.490391e-06
3.790212e+01	1.514680e-05
3.792086e+01	8.148159e-06
3.808064e+01	9.183751e-24
3.811666e+01	4.487250e-03
3.817674e+01	2.043448e-03
3.819508e+01	2.530551e-02
3.840974e+01	2.199968e-03
3.845487e+01	1.802423e-03
3.847771e+01	6.236291e-22
3.851687e+01	2.024407e-04
3.862712e+01	5.331244e-05
3.871551e+01	4.565716e-06
3.898027e+01	6.850128e-24
3.904123e+01	9.192838e-04
3.919635e+01	4.787540e-04
3.929507e+01	1.166206e-05
3.938704e+01	1.639883e-04
3.950583e+01	1.880083e-04
3.966950e+01	5.220750e-05
3.982398e+01	1.729056e-06
3.986584e+01	8.450197e-05
3.995446e+01	7.421941e-05
4.007178e+01	2.192386e-06
4.012973e+01	4.861528e-06
4.015695e+01	9.083007e-07
4.029848e+01	5.069516e-06
4.040582e+01	3.968706e-07
4.041628e+01	4.141627e-06
4.045355e+01	5.170060e-06
4.058826e+01	1.217683e-05
4.072511e+01	8.787819e-05
4.072563e+01	4.612967e-21
4.075807e+01	5.470916e-03
4.081739e+01	2.421532e-05
4.088716e+01	8.733485e-06
4.097762e+01	4.331688e-06
4.099340e+01	4.733681e-06
4.112329e+01	7.308216e-05
4.118246e+01	4.507456e-06
4.118344e+01	2.548925e-22
4.123276e+01	1.662867e-08
4.127416e+01	2.034528e-05
4.131127e+01	1.294680e-03
4.135617e+01	5.028240e-08
4.138701e+01	6.965263e-05
4.149345e+01	6.549892e-06
4.174343e+01	2.056372e-02
4.174833e+01	6.411596e-03
4.175850e+01	3.086019e-04
4.183553e+01	6.481191e-04
4.196878e+01	6.127853e-03
4.227948e+01	3.574948e-04
4.232987e+01	2.785299e-04
4.233258e+01	3.283584e-22
4.245342e+01	1.727487e-03
4.259680e+01	3.718326e-03
4.261979e+01	1.798950e-23
4.272161e+01	1.571657e-04
4.287943e+01	3.689108e-03
4.302841e+01	1.355751e-05
4.311854e+01	3.267957e-04
4.327175e+01	1.236070e-25
4.336530e+01	4.075877e-05
4.338629e+01	1.196372e-06
4.375784e+01	4.656207e-03
4.410490e+01	4.181665e-04
4.431288e+01	7.703022e-05
4.476217e+01	1.175755e-04
4.487379e+01	2.625651e-05
4.490741e+01	2.044941e-23
4.504811e+01	2.762305e-02
4.521000e+01	1.763196e-02
4.539006e+01	3.131946e-05
4.549340e+01	4.306473e-03
4.557163e+01	4.774812e-05
4.586069e+01	8.074438e-04
4.588587e+01	1.732994e-04
4.595348e+01	1.008286e-05
4.600803e+01	5.121477e-04
4.607564e+01	5.969002e-04
4.618349e+01	3.101274e-04
4.623159e+01	1.541909e-05
4.631012e+01	2.061137e-05
4.632610e+01	9.840275e-26
4.644794e+01	1.672732e-05
4.649168e+01	1.204117e-05
4.651013e+01	3.935257e-09
4.655393e+01	1.276947e-04
4.658624e+01	8.048462e-06
4.664427e+01	3.341623e-05
4.670579e+01	3.496378e-23
4.671115e+01	2.638967e-07
4.678044e+01	1.026479e-05
4.680737e+01	1.657924e-07
4.685636e+01	3.238616e-05
4.687993e+01	3.982133e-05
4.690554e+01	1.406126e-03
4.691229e+01	1.518305e-06
4.693801e+01	5.115498e-06
4.695259e+01	2.252370e-23
4.697844e+01	1.528090e-05
4.702302e+01	4.181084e-03
4.704539e+01	2.740012e-04
4.706216e+01	1.432192e-19
4.708575e+01	8.071697e-08
4.710769e+01	8.140910e-05
4.711987e+01	7.861939e-06
4.713963e+01	2.638523e-05
4.739735e+01	1.288198e-06
4.748430e+01	1.504738e-06
4.759154e+01	5.279282e-05
4.771126e+01	1.517954e-05
4.784479e+01	8.040007e-06
4.788001e+01	1.368556e-06
4.799208e+01	3.174319e-06
4.802468e+01	4.242471e-23
4.805562e+01	9.025079e-06
4.809580e+01	2.703634e-05
4.813881e+01	1.128401e-04
4.826006e+01	1.123558e-05
4.829033e+01	3.151083e-03
4.835086e+01	4.230077e-04
4.837185e+01	5.493916e-05
4.843187e+01	4.858938e-06
4.850055e+01	9.544579e-05
4.854474e+01	1.455442e-05
4.855356e+01	1.220655e-05
4.860025e+01	3.376608e-05
4.873085e+01	2.667071e-07
4.875937e+01	3.455798e-07
4.882920e+01	2.109049e-06
4.892454e+01	3.799636e-03
4.892940e+01	1.221147e-02
4.906289e+01	9.872929e-05
4.909611e+01	7.231504e-05
4.919621e+01	7.037372e-23
4.923831e+01	5.920224e-06
4.929806e+01	3.665770e-04
4.932081e+01	4.510831e-05
4.939587e+01	4.317142e-05
4.941259e+01	7.405820e-05
4.960005e+01	1.878156e-05
4.968677e+01	4.349768e-05
4.980634e+01	2.086386e-05
4.996297e+01	3.834104e-05
5.001912e+01	5.837307e-05
5.005460e+01	5.755656e-05
5.021347e+01	9.670406e-05
5.023008e+01	5.284302e-21
5.023853e+01	6.491152e-04
5.029927e+01	5.724796e-07
5.037120e+01	4.524282e-05
5.041272e+01	9.707138e-07
5.046382e+01	2.068211e-05
5.050773e+01	8.574689e-03
5.074428e+01	2.488972e-06
5.077960e+01	4.802047e-07
5.086082e+01	1.073097e-05
5.086457e+01	2.407431e-04
5.089561e+01	1.280742e-04
5.093223e+01	2.627567e-24
5.098451e+01	1.443396e-06
5.111158e+01	7.387634e-23
5.121577e+01	6.752325e-06
5.142418e+01	2.878616e-05
5.157585e+01	1.176490e-03
5.164529e+01	6.543087e-05
5.165164e+01	2.221648e-22
5.167810e+01	3.613438e-03
5.176504e+01	3.893158e-06
5.189689e+01	3.032281e-04
5.190191e+01	1.015760e-03
5.206104e+01	6.530189e-05
5.234001e+01	4.810997e-07
5.238581e+01	8.137671e-05
5.261202e+01	5.938906e-24
5.262565e+01	4.137573e-08
5.276625e+01	4.738544e-24
5.278553e+01	6.648517e-06
5.293164e+01	9.749163e-06
5.299383e+01	2.466277e-05
5.312175e+01	1.295706e-03
5.313993e+01	1.372637e-05
5.330255e+01	1.095616e-03
5.331569e+01	5.758364e-24
5.331869e+01	1.252149e-07
5.343915e+01	1.654278e-04
5.355334e+01	4.344213e-06
5.361184e+01	7.821001e-06
5.361195e+01	4.061454e-22
5.373428e+01	1.318933e-06
5.376102e+01	5.422280e-05
5.383083e+01	1.412407e-06
5.384338e+01	5.274824e-23
5.399791e+01	9.713530e-24
5.405154e+01	1.060430e-07
5.412430e+01	2.168638e-05
5.418402e+01	2.183795e-04
5.420135e+01	1.666784e-05
5.423191e+01	1.242955e-07
5.430691e+01	3.782888e-07
5.433873e+01	2.545090e-05
5.440042e+01	7.768102e-05
5.452085e+01	1.169325e-05
5.459566e+01	1.338405e-06
5.465405e+01	3.600032e-05
5.475310e+01	5.448525e-07
5.476696e+01	1.927725e-24
5.480125e+01	2.621705e-06
5.489066e+01	1.233032e-08
5.497781e+01	2.482810e-06
5.501364e+01	1.283152e-05
5.508834e+01	8.343640e-05
5.511417e+01	6.592928e-05
5.513511e+01	5.957205e-06
5.516437e+01	4.902632e-06
5.522156e+01	6.049647e-09
5.523616e+01	6.310231e-23
5.525272e+01	3.792806e-10
5.533427e+01	2.406618e-08
5.540549e+01	8.965271e-05
5.541021e+01	1.697559e-06
5.541922e+01	7.217312e-06
5.548926e+01	1.102900e-06
5.550970e+01	6.431890e-08
5.559625e+01	1.144543e-05
5.560868e+01	5.173465e-08
5.563916e+01	1.558420e-06
5.567868e+01	3.105679e-06
5.575262e+01	2.590858e-08
5.589024e+01	5.847316e-07
5.607286e+01	2.326372e-04
5.608035e+01	3.288150e-04
5.608762e+01	4.590571e-04
5.612165e+01	5.114955e-07
5.616398e+01	2.231817e-06
5.618096e+01	2.584733e-07
5.628034e+01	7.583152e-07
5.630094e+01	4.287147e-06
5.636316e+01	1.325224e-05
5.643202e+01	2.271075e-06
5.649143e+01	1.686347e-08
5.663471e+01	1.924510e-06
5.679330e+01	2.568524e-06
5.684250e+01	2.191678e-06
5.700020e+01	1.916047e-06
5.728838e+01	1.877457e-05
5.738745e+01	3.879641e-25
5.765873e+01	1.830710e-05
5.771985e+01	4.639158e-28
5.786882e+01	3.284859e-05
5.807270e+01	9.449216e-09
5.843739e+01	6.580005e-23
5.866907e+01	7.154073e-06
5.876689e+01	1.014469e-06
5.880465e+01	2.862010e-05
5.882037e+01	2.549708e-25
5.892287e+01	1.651248e-08
5.909872e+01	3.696450e-07
5.919313e+01	5.201178e-07
5.932472e+01	3.009078e-08
5.952239e+01	2.444840e-07
5.956785e+01	3.190526e-07
5.963478e+01	5.266147e-07
5.967581e+01	1.205715e-05
5.973061e+01	6.574406e-06
5.974460e+01	2.434510e-06
5.992095e+01	7.469318e-04
5.998097e+01	3.802260e-07
6.003080e+01	1.756259e-09
6.004482e+01	7.267273e-08
6.022598e+01	2.259797e-06
6.027792e+01	1.110697e-07
6.030559e+01	4.565607e-09
6.032164e+01	1.047132e-04
6.061896e+01	5.444159e-04
6.071435e+01	4.100240e-06
6.071619e+01	2.394165e-22
6.106714e+01	4.766435e-04
6.109363e+01	7.012704e-03
6.118015e+01	1.108866e-06
6.122384e+01	7.358676e-22
6.127915e+01	5.113757e-05
6.138444e+01	9.691612e-04
6.145382e+01	1.496782e-02
6.155312e+01	2.354361e-07
6.161013e+01	7.966342e-05
6.169555e+01	7.604377e-08
6.170016e+01	2.493469e-05
6.196512e+01	1.836290e-07
6.201076e+01	2.520817e-06
6.209059e+01	2.532273e-04
6.210060e+01	6.685029e-23
6.211890e+01	1.392911e-06
6.215645e+01	1.417060e-05
6.218413e+01	2.070675e-06
6.226703e+01	1.780295e-08
6.229446e+01	6.514237e-06
6.230115e+01	2.606781e-11
6.245103e+01	5.945097e-03
6.266769e+01	2.286403e-05
6.273618e+01	8.093084e-04
6.280436e+01	6.636426e-24
6.309704e+01	2.613406e-05
6.312004e+01	8.187708e-06
6.321002e+01	1.064570e-24
6.332676e+01	5.599303e-05
6.351965e+01	2.369384e-06
6.363877e+01	1.798170e-04
6.377308e+01	3.481249e-04
6.381591e+01	3.486596e-04
6.386379e+01	9.034663e-06
6.396047e+01	3.391300e-05
6.407498e+01	1.729124e-05
6.416194e+01	2.456691e-07
6.421182e+01	5.296050e-06
6.446674e+01	3.814885e-05
6.461704e+01	2.894166e-03
6.472604e+01	8.865316e-07
6.476862e+01	8.246586e-04
6.487892e+01	5.128656e-04
6.496630e+01	4.855397e-04
6.500274e+01	1.697576e-06
6.506978e+01	5.509171e-04
6.517954e+01	3.134827e-04
6.522610e+01	4.197934e-04
6.524216e+01	4.263241e-05
6.545164e+01	5.732350e-03
6.560842e+01	1.861987e-04
6.564973e+01	4.349849e-04
6.576111e+01	1.965217e-08
6.580089e+01	2.389315e-04
6.591290e+01	5.113291e-05
6.597342e+01	1.527324e-05
6.605502e+01	8.764508e-05
6.608088e+01	1.914633e-04
6.613447e+01	8.096334e-04
6.616780e+01	2.656663e-03
6.619492e+01	1.120061e-04
6.623268e+01	1.165325e-22
6.624877e+01	2.512563e-07
6.639132e+01	6.371157e-05
6.643124e+01	3.131309e-06
6.657572e+01	1.037852e-06
6.658580e+01	7.458964e-07
6.661976e+01	4.272026e-05
6.666796e+01	2.488226e-05
6.675570e+01	6.482520e-06
6.680930e+01	1.633644e-07
6.697758e+01	2.850183e-26
6.704650e+01	1.874821e-06
6.710126e+01	1.316749e-08
6.715590e+01	2.276121e-05
6.716929e+01	2.530229e-06
6.721419e+01	1.140680e-06
6.733178e+01	5.349538e-06
6.736709e+01	1.608013e-05
6.740758e+01	4.306550e-07
6.741831e+01	1.357986e-06
6.743277e+01	4.158318e-07
6.749026e+01	4.343394e-06
6.753249e+01	2.156230e-23
6.765325e+01	5.175543e-06
6.767964e+01	6.417335e-04
6.775550e+01	2.812768e-03
6.776217e+01	3.931977e-05
6.796832e+01	6.745984e-05
6.798967e+01	1.942012e-04
6.806335e+01	2.319117e-05
6.812839e+01	5.187320e-08
6.821601e+01	3.682227e-06
6.825866e+01	4.897281e-07
6.846249e+01	9.265834e-06
6.851454e+01	7.154344e-09
6.857918e+01	1.877827e-06
6.859964e+01	2.572155e-05
6.863551e+01	1.677847e-06
6.865216e+01	2.890461e-04
6.869506e+01	3.509104e-05
6.873560e+01	7.824696e-06
6.876209e+01	9.117453e-10
6.887783e+01	5.122391e-05
6.889520e+01	2.447704e-04
6.889859e+01	1.903555e-03
6.901276e+01	7.060829e-05
6.905651e+01	5.015746e-06
6.912391e+01	1.125492e-05
6.912848e+01	1.229370e-05
6.922649e+01	7.840525e-06
6.931395e+01	5.108812e-04
6.941786e+01	6.165768e-07
6.945483e+01	1.188110e-06
6.950546e+01	2.058427e-05
6.951616e+01	7.634213e-06
6.954141e+01	1.823002e-06
6.955893e+01	2.794971e-05
6.959524e+01	4.887607e-06
6.976348e+01	4.267380e-06
6.983222e+01	4.886145e-07
6.986398e+01	4.936718e-08
6.989059e+01	4.077935e-06
6.993676e+01	1.754712e-07
6.998423e+01	9.051600e-06
7.001062e+01	1.806712e-05
7.007298e+01	9.997265e-07
7.010634e+01	1.769048e-06
7.030627e+01	4.386766e-25
7.030828e+01	5.962687e-07
7.032910e+01	1.909869e-05
7.043613e+01	8.681659e-06
7.051879e+01	4.372687e-08
7.052032e+01	1.419350e-08
7.059071e+01	2.393315e-24
7.063786e+01	3.470086e-06
7.068953e+01	2.489157e-05
7.069195e+01	9.878628e-06
7.077941e+01	7.109934e-06
7.079909e+01	2.347127e-07
7.085695e+01	1.191916e-07
7.086971e+01	1.070209e-08
7.089222e+01	3.912818e-07
7.091390e+01	2.293971e-26
7.100069e+01	1.953839e-07
7.105995e+01	7.598235e-04
7.108676e+01	8.709086e-07
7.116684e+01	4.284046e-06
7.126725e+01	9.562712e-08
7.131447e+01	1.529869e-07
7.133854e+01	2.678994e-07
7.140189e+01	1.021588e-05
7.146150e+01	5.909076e-06
7.149779e+01	4.268640e-06
7.158762e+01	2.848902e-06
7.161280e+01	8.384367e-04
7.162022e+01	4.592120e-05
7.171463e+01	9.291662e-05
7.171643e+01	5.144141e-05
7.187702e+01	5.532016e-06
7.190040e+01	1.384937e-06
7.201745e+01	5.138432e-07
7.203079e+01	3.272481e-24
7.206097e+01	7.372549e-06
7.209270e+01	3.221675e-05
7.223454e+01	1.457553e-07
7.228298e+01	1.450991e-25
7.238449e+01	1.172464e-08
7.239794e+01	1.147010e-06
7.242906e+01	1.417444e-06
7.257329e+01	1.634339e-06
7.270398e+01	3.853909e-06
7.272685e+01	4.303112e-06
7.282735e+01	2.058248e-06
7.283915e+01	6.020301e-06
7.287070e+01	6.536853e-26
7.296958e+01	5.057070e-08
7.299818e+01	3.037202e-05
7.328868e+01	2.092103e-06
7.333521e+01	3.737889e-23
7.334864e+01	1.538473e-06
7.339634e+01	4.472895e-06
7.346216e+01	2.249047e-06
7.346938e+01	4.780554e-09
7.357211e+01	1.547609e-07
7.363449e+01	6.414796e-05
7.367511e+01	5.994819e-22
7.369949e+01	4.572357e-05
7.385004e+01	1.721235e-05
7.396918e+01	2.548226e-07
7.399822e+01	8.137118e-07
7.402732e+01	5.587886e-06
7.407229e+01	2.032479e-06
7.411924e+01	1.666859e-06
7.415864e+01	1.518891e-07
7.421210e+01	1.285832e-09
7.424663e+01	1.060674e-06
7.427129e+01	2.016242e-04
7.428618e+01	3.982974e-08
7.431521e+01	3.543126e-06
7.434109e+01	3.929155e-06
7.447351e+01	1.249901e-07
7.450185e+01	2.440508e-07
7.454228e+01	4.147495e-10
7.459643e+01	7.734285e-07
7.466479e+01	4.192872e-08
7.468629e+01	2.650663e-08
7.472305e+01	1.261605e-08
7.478088e+01	8.055421e-08
7.480578e+01	2.684670e-07
7.489672e+01	2.313795e-07
7.490770e+01	5.283716e-07
7.492836e+01	2.789301e-06
7.493375e+01	9.994092e-07
7.502460e+01	1.182421e-07
7.508952e+01	1.192844e-07
7.513904e+01	4.813974e-07
7.519180e+01	1.033241e-07
7.525485e+01	4.221907e-08
7.534113e+01	4.979018e-06
7.535780e+01	1.882884e-10
7.544767e+01	8.593880e-10
7.552786e+01	6.121557e-07
7.556276e+01	2.003003e-07
7.561068e+01	1.075539e-06
7.577523e+01	1.047830e-06
7.583543e+01	5.304772e-07
7.586466e+01	1.999365e-09
7.596433e+01	7.173481e-05
7.599993e+01	6.655933e-06
7.603249e+01	7.665514e-06
7.605293e+01	8.112801e-07
7.608686e+01	1.661986e-06
7.615257e+01	1.970481e-08
7.625649e+01	2.378413e-06
7.631876e+01	5.708587e-07
7.667820e+01	1.718413e-07
7.679450e+01	5.380544e-07
7.684062e+01	2.311909e-05
7.694711e+01	1.387877e-05
7.697663e+01	5.985402e-08
7.701143e+01	2.210093e-07
7.702299e+01	1.415816e-04
7.723955e+01	8.697345e-07
7.733419e+01	3.432110e-05
7.747713e+01	2.149491e-07
7.751599e+01	5.450911e-07
7.763641e+01	3.764390e-07
7.767433e+01	3.132587e-07
7.772686e+01	8.636009e-08
7.775823e+01	3.778674e-07
7.782850e+01	6.001522e-11
7.783847e+01	5.762202e-07
7.791126e+01	5.921728e-07
7.796293e+01	4.381011e-07
7.801348e+01	1.042878e-07
7.807699e+01	6.327173e-08
7.823161e+01	2.725158e-10
7.837671e+01	3.757438e-07
7.849137e+01	6.605479e-06
7.854924e+01	1.579137e-05
7.858250e+01	8.921405e-06
7.893988e+01	1.041317e-07
7.902677e+01	6.607654e-08
7.925630e+01	1.296656e-05
7.944139e+01	1.229415e-05
7.948170e+01	4.131838e-23
7.957232e+01	2.196134e-07
7.957819e+01	3.653134e-05
7.966829e+01	7.799258e-07
7.976120e+01	1.213960e-08
7.992839e+01	2.436893e-07
7.994998e+01	7.348510e-11
8.004803e+01	1.576326e-08
8.011876e+01	3.638668e-08
8.018741e+01	1.104312e-07
8.019376e+01	2.703045e-08
8.027656e+01	6.497760e-08
8.042181e+01	2.563140e-09
8.044175e+01	9.413055e-22
8.047787e+01	3.332460e-08
8.062394e+01	5.645979e-07
8.065442e+01	6.030172e-08
8.087147e+01	6.496283e-07
8.090938e+01	7.764878e-07
8.101718e+01	2.916124e-09
8.112527e+01	4.802100e-06
8.119782e+01	1.504850e-06
8.122942e+01	2.906183e-07
8.134385e+01	4.514473e-06
8.143493e+01	1.644696e-05
8.145733e+01	3.864829e-05
8.159275e+01	3.844899e-24
8.165804e+01	4.208525e-05
8.175768e+01	1.737087e-09
8.178829e+01	3.523820e-07
8.186415e+01	1.243467e-07
8.206644e+01	1.099569e-06
8.217265e+01	9.953644e-09
8.232086e+01	9.504498e-06
8.234911e+01	7.429911e-06
8.275305e+01	3.905104e-08
8.311847e+01	5.428875e-08
8.339623e+01	5.788628e-08
8.354092e+01	6.678634e-06
8.377284e+01	1.627137e-11
8.393727e+01	3.767015e-07
8.408147e+01	1.060592e-10
8.441186e+01	2.150187e-07
8.472340e+01	1.837073e-07
8.486868e+01	3.332482e-07
8.491611e+01	4.031777e-07
8.512639e+01	3.999306e-07
8.520630e+01	9.742679e-07
8.527275e+01	8.137191e-06
8.549729e+01	4.526321e-05
8.560973e+01	7.846679e-06
8.563133e+01	8.248521e-04
8.565736e+01	3.978005e-06
8.575577e+01	2.533041e-04
8.575896e+01	1.467998e-05
8.580489e+01	1.958277e-06
8.590025e+01	1.859867e-04
8.593642e+01	2.758574e-03
8.599600e+01	5.810384e-04
8.606490e+01	1.859508e-03
8.616555e+01	2.488576e-08
8.620240e+01	7.279903e-08
8.628073e+01	1.805021e-07
8.641311e+01	7.710048e-04
8.661779e+01	8.154918e-09
8.667981e+01	4.811100e-05
8.668398e+01	5.198637e-07
8.689180e+01	2.546528e-05
8.690830e+01	4.512467e-07
8.700067e+01	2.348092e-05
8.703282e+01	2.575666e-07
8.704866e+01	1.421417e-06
8.713983e+01	4.674766e-07
8.720789e+01	3.483036e-05
8.721641e+01	9.158437e-04
8.727248e+01	1.460829e-04
8.728045e+01	1.978104e-04
8.733511e+01	1.600489e-05
8.735896e+01	2.486404e-06
8.737764e+01	1.057261e-05
8.742042e+01	1.061710e-06
8.756801e+01	1.525745e-08
8.759597e+01	1.453643e-07
8.768762e+01	3.418434e-06
8.769582e+01	1.102607e-06
8.770977e+01	1.136873e-04
8.776208e+01	2.322827e-07
8.779838e+01	2.790671e-07
8.781062e+01	4.570730e-06
8.789555e+01	9.224873e-06
8.791575e+01	3.897694e-05
8.796051e+01	2.395793e-04
8.798682e+01	1.181313e-04
8.803520e+01	3.031757e-04
8.813018e+01	2.480322e-22
8.825719e+01	3.077471e-22
8.831896e+01	1.152499e-05
8.833555e+01	6.069734e-04
8.834100e+01	1.171063e-04
8.840912e+01	6.692845e-07
8.844711e+01	8.887669e-06
8.844885e+01	3.533282e-05
8.850356e+01	4.799922e-10
8.853585e+01	1.255860e-08
8.877585e+01	1.011756e-09
8.885945e+01	6.233317e-08
8.892756e+01	2.237671e-05
8.905522e+01	4.206145e-22
8.907162e+01	9.931140e-06
8.923354e+01	8.981634e-04
8.923780e+01	1.314566e-03
8.929866e+01	4.686022e-05
8.941344e+01	1.303819e-06
8.952466e+01	3.172110e-07
8.960812e+01	5.416610e-07
8.962869e+01	1.322595e-23
8.966763e+01	1.019390e-05
8.974092e+01	8.283356e-06
8.984365e+01	3.582858e-05
8.988380e+01	3.094682e-06
8.992613e+01	9.786211e-06
