#RPA-results:
#Nucleus: Ni 74
#Fermi level: -4.992964e+00	-1.506242e+01
#Excitation: 1 +
#Total number of pairs: 1032
#Number of ph-/ah-pairs: 1032/0
#Maximal excitation-energy for particle-hole-pairs: 100
#Maximal excitation-energy for antiparticle-hole-pairs: 1000
#No imaginary eigenvalues

#Parameterset: DD-PC1
#natural parity: no
#Isoscalar result:

-1.607011e+00	1.486528e-22
-1.047233e+00	8.074439e-01
-2.735828e-01	1.127065e-02
-2.446363e-02	1.090037e-01
3.087393e-01	3.180864e-01
5.976253e-01	4.281485e-01
1.132092e+00	1.037759e+00
1.794938e+00	2.136764e+00
2.549465e+00	1.368517e-02
2.767812e+00	1.127980e+01
3.046851e+00	3.033458e-01
3.246658e+00	2.932363e-03
4.293732e+00	1.783806e-04
4.463681e+00	4.322207e-24
4.672146e+00	1.724945e-02
4.745589e+00	1.421968e-03
4.832370e+00	1.734132e-05
4.928219e+00	1.202053e-23
5.253937e+00	1.225943e-21
5.309809e+00	1.241361e-02
5.319042e+00	4.225588e-24
5.486209e+00	1.964906e-01
5.680697e+00	4.234971e-24
7.070365e+00	6.948043e-26
7.493054e+00	5.502441e+00
7.573380e+00	8.657868e-23
8.323061e+00	1.158090e-22
9.701587e+00	3.589533e-21
9.873577e+00	1.509073e+01
1.027162e+01	1.193023e+01
1.066273e+01	5.651691e-01
1.111876e+01	2.588445e-21
1.118208e+01	2.092328e-01
1.153096e+01	3.193337e-26
1.169428e+01	2.752994e-03
1.176955e+01	1.087943e-01
1.194412e+01	1.719241e-22
1.207884e+01	1.486550e-02
1.227034e+01	1.526171e-23
1.246531e+01	2.026663e-05
1.252276e+01	3.821945e-24
1.256002e+01	5.582388e-04
1.260839e+01	3.303872e-04
1.279249e+01	9.352239e-05
1.321407e+01	1.230194e-04
1.325615e+01	8.576281e-25
1.338254e+01	1.387437e-03
1.350835e+01	5.796028e-06
1.368209e+01	6.316931e-03
1.376763e+01	6.575682e-06
1.387608e+01	8.115257e-22
1.388832e+01	1.258067e-02
1.393333e+01	8.884926e-03
1.412341e+01	8.478266e-05
1.419011e+01	3.316965e-25
1.434701e+01	2.502103e-25
1.437345e+01	1.119930e-06
1.464202e+01	5.818060e-03
1.475914e+01	9.246547e-25
1.545062e+01	9.109802e-25
1.701125e+01	3.506572e-21
1.817419e+01	5.567583e-04
1.821804e+01	3.759556e-05
1.831521e+01	1.975491e-03
1.844429e+01	7.475089e-26
1.871891e+01	2.308016e-05
1.899853e+01	1.424231e-24
1.929623e+01	4.140533e-05
1.936592e+01	5.690921e-04
1.944941e+01	1.501129e-04
1.956504e+01	4.192216e-03
1.965214e+01	1.916266e-04
1.966435e+01	8.923035e-03
1.973232e+01	9.109210e-02
1.986063e+01	4.555034e-03
1.991897e+01	6.410609e-03
2.004114e+01	4.604307e-05
2.009535e+01	3.653145e-03
2.009911e+01	3.106234e-21
2.022688e+01	7.029986e-05
2.026779e+01	1.310208e-05
2.045176e+01	5.393309e-06
2.071202e+01	1.471466e-05
2.095194e+01	1.982314e-10
2.098379e+01	1.119796e-07
2.100811e+01	6.516291e-07
2.113245e+01	8.687470e-27
2.131410e+01	1.239532e-04
2.163151e+01	4.151898e-05
2.172869e+01	8.723650e-23
2.173470e+01	1.216715e-03
2.185640e+01	2.914356e-03
2.185946e+01	1.482328e-22
2.189268e+01	1.055600e-04
2.204757e+01	6.262555e-04
2.218492e+01	1.463483e-04
2.227691e+01	5.320169e-04
2.236568e+01	2.578239e-04
2.250641e+01	2.194290e-22
2.250717e+01	1.924396e-06
2.271220e+01	4.535658e-05
2.274589e+01	1.199458e-05
2.277468e+01	1.225006e-06
2.286557e+01	6.602766e-06
2.287833e+01	1.171268e-23
2.296370e+01	2.341080e-05
2.317352e+01	3.359926e-22
2.338611e+01	5.086653e-23
2.386501e+01	2.461735e-24
2.420350e+01	2.990190e-04
2.437400e+01	1.030567e-04
2.471843e+01	6.727373e-04
2.473109e+01	5.304280e-22
2.478935e+01	3.751164e-08
2.504303e+01	4.033822e-23
2.515420e+01	3.987144e-09
2.520494e+01	3.348932e-24
2.526859e+01	7.123842e-05
2.532295e+01	1.485024e-25
2.556725e+01	1.643221e-04
2.559373e+01	1.959263e-23
2.581678e+01	5.963293e-05
2.603156e+01	1.695530e-22
2.608353e+01	1.318241e-04
2.622488e+01	4.955213e-05
2.625326e+01	3.519847e-22
2.642636e+01	1.964837e-06
2.643868e+01	1.603416e-05
2.657488e+01	7.724594e-08
2.663474e+01	1.058076e-04
2.669410e+01	5.884193e-05
2.682790e+01	3.020356e-29
2.687998e+01	3.154908e-04
2.694600e+01	2.277314e-03
2.696654e+01	4.411595e-27
2.702989e+01	2.326429e-04
2.720999e+01	2.073160e-05
2.722382e+01	6.623639e-24
2.726274e+01	4.625952e-04
2.728673e+01	1.757079e-04
2.738293e+01	3.995053e-04
2.746115e+01	5.198917e-06
2.760052e+01	5.248888e-04
2.761265e+01	3.968762e-03
2.762406e+01	2.475653e-04
2.774109e+01	9.171288e-04
2.790580e+01	1.115346e-06
2.796332e+01	1.527843e-03
2.804286e+01	2.926555e-04
2.814678e+01	2.323643e-06
2.831663e+01	4.812515e-08
2.836104e+01	1.295884e-03
2.844533e+01	9.276839e-05
2.850217e+01	8.818608e-04
2.855472e+01	5.442599e-25
2.865396e+01	5.458844e-03
2.867387e+01	1.043709e-24
2.871837e+01	2.846534e-24
2.875747e+01	5.080500e-03
2.879135e+01	4.080773e-04
2.891547e+01	4.020172e-03
2.897350e+01	1.191991e-02
2.899232e+01	1.385951e-02
2.928004e+01	1.303286e-04
2.936866e+01	6.289158e-03
2.937830e+01	2.050187e-22
2.949219e+01	5.585018e-06
2.959203e+01	9.275681e-05
2.967344e+01	1.810160e-04
2.967977e+01	3.763395e-23
2.988972e+01	1.475678e-05
3.021402e+01	6.905252e-04
3.032085e+01	8.765200e-03
3.034415e+01	5.048577e-02
3.043231e+01	2.164709e-22
3.048913e+01	1.657126e-02
3.058863e+01	3.364792e-03
3.070022e+01	3.109417e-03
3.071874e+01	1.047962e-03
3.091209e+01	1.204354e-24
3.092308e+01	2.880674e-04
3.096017e+01	1.804647e-03
3.099577e+01	1.271482e-03
3.101076e+01	3.320903e-03
3.106520e+01	1.797372e-04
3.110900e+01	9.785455e-05
3.121400e+01	1.022078e-05
3.125862e+01	5.150878e-05
3.141817e+01	1.093165e-06
3.143148e+01	3.552491e-06
3.145212e+01	4.235515e-05
3.160984e+01	2.828624e-05
3.170373e+01	3.121729e-05
3.173850e+01	1.273596e-06
3.181232e+01	1.604176e-06
3.183457e+01	4.281275e-25
3.188154e+01	2.429453e-06
3.194311e+01	1.853961e-22
3.194692e+01	7.058888e-05
3.205438e+01	1.594445e-05
3.208480e+01	1.539470e-04
3.215907e+01	1.800322e-04
3.226896e+01	2.905009e-05
3.229217e+01	4.367883e-05
3.233081e+01	1.251997e-03
3.236654e+01	1.964499e-02
3.239185e+01	1.086472e-05
3.242499e+01	2.368848e-04
3.251088e+01	1.834267e-05
3.255077e+01	2.144918e-03
3.261659e+01	1.309516e-04
3.263869e+01	4.042744e-03
3.267468e+01	1.081610e-02
3.274600e+01	7.308320e-04
3.275641e+01	2.541576e-04
3.288234e+01	1.445864e-04
3.297264e+01	3.251682e-04
3.301520e+01	3.910351e-04
3.309307e+01	3.721624e-03
3.315493e+01	1.150772e-04
3.318378e+01	4.969489e-05
3.340094e+01	2.638695e-08
3.342146e+01	1.545636e-06
3.354751e+01	4.723364e-07
3.371039e+01	1.493778e-05
3.379345e+01	7.287197e-03
3.386135e+01	8.497973e-06
3.395773e+01	1.608278e-05
3.404206e+01	2.933476e-05
3.405687e+01	6.211095e-05
3.424061e+01	7.574037e-05
3.432563e+01	1.156998e-03
3.457524e+01	1.675713e-04
3.458384e+01	9.269315e-04
3.470239e+01	1.865296e-05
3.479742e+01	1.804436e-03
3.494323e+01	6.700213e-04
3.497123e+01	1.006948e-05
3.519525e+01	2.584689e-03
3.536967e+01	4.599990e-03
3.561035e+01	4.298720e-03
3.563274e+01	8.134090e-06
3.568700e+01	3.138078e-05
3.604986e+01	1.055165e-26
3.627922e+01	2.907739e-05
3.648898e+01	1.036287e-05
3.652827e+01	2.834616e-26
3.661327e+01	6.802548e-06
3.664189e+01	4.364394e-05
3.687112e+01	1.028037e-07
3.718745e+01	1.500011e-04
3.725032e+01	1.230261e-02
3.737460e+01	7.650029e-24
3.745703e+01	7.086451e-04
3.752148e+01	2.109591e-04
3.775561e+01	4.590037e-25
3.789184e+01	4.104658e-07
3.791536e+01	2.291904e-06
3.791543e+01	9.320618e-21
3.793212e+01	6.294864e-05
3.798055e+01	6.593227e-03
3.817198e+01	3.269078e-04
3.823045e+01	1.046182e-04
3.834085e+01	1.356258e-24
3.846886e+01	1.606986e-05
3.854941e+01	9.759069e-05
3.863856e+01	3.413187e-06
3.871327e+01	1.589449e-06
3.881999e+01	1.922135e-25
3.906133e+01	3.349606e-04
3.923416e+01	9.969093e-05
3.931300e+01	2.721305e-07
3.939996e+01	6.871058e-06
3.958481e+01	3.582838e-05
3.973582e+01	1.350108e-06
3.987096e+01	2.192754e-06
3.992434e+01	6.909928e-06
4.001720e+01	1.273503e-05
4.012052e+01	1.941316e-06
4.013906e+01	1.622356e-05
4.025768e+01	5.074297e-07
4.033436e+01	8.716230e-07
4.045151e+01	6.668906e-06
4.046229e+01	1.711941e-09
4.048348e+01	4.864742e-06
4.059302e+01	3.600114e-26
4.060438e+01	3.023028e-25
4.062281e+01	1.919996e-05
4.068399e+01	2.658637e-03
4.074944e+01	4.604885e-07
4.086140e+01	1.354658e-06
4.092418e+01	1.666370e-06
4.101166e+01	3.922269e-07
4.102291e+01	2.186359e-05
4.116500e+01	5.963613e-05
4.118054e+01	6.811607e-04
4.120702e+01	9.020731e-07
4.125204e+01	4.021062e-06
4.127544e+01	5.169818e-06
4.138820e+01	4.577602e-06
4.141808e+01	4.839763e-05
4.151244e+01	1.528490e-05
4.172732e+01	2.879466e-02
4.176880e+01	6.282371e-06
4.178312e+01	3.281485e-06
4.185686e+01	2.067425e-04
4.194798e+01	5.512856e-03
4.218324e+01	1.923259e-05
4.224709e+01	1.151343e-24
4.226953e+01	7.156408e-05
4.238820e+01	1.586864e-03
4.246061e+01	6.685628e-04
4.254276e+01	2.621317e-24
4.268259e+01	2.998562e-03
4.277008e+01	6.954021e-05
4.286773e+01	6.202685e-05
4.304820e+01	1.420758e-06
4.314328e+01	3.445103e-25
4.321147e+01	2.313566e-03
4.340137e+01	2.603508e-06
4.346497e+01	1.530225e-06
4.419957e+01	4.269168e-05
4.437138e+01	2.039733e-05
4.467073e+01	9.844469e-03
4.476831e+01	3.178319e-25
4.480377e+01	1.545902e-03
4.499614e+01	9.827496e-05
4.510290e+01	3.036740e-03
4.522707e+01	6.002098e-05
4.555892e+01	2.153950e-04
4.570907e+01	8.894458e-05
4.590509e+01	2.538097e-05
4.597577e+01	6.775791e-05
4.606444e+01	3.275061e-06
4.609427e+01	1.044358e-04
4.619949e+01	2.469344e-05
4.621560e+01	5.567760e-25
4.626157e+01	3.502217e-05
4.627531e+01	1.454491e-05
4.638872e+01	9.554289e-10
4.647825e+01	4.163448e-05
4.650374e+01	4.138562e-24
4.650888e+01	3.523569e-08
4.654420e+01	3.877944e-05
4.659049e+01	5.148694e-05
4.662124e+01	8.525046e-04
4.662744e+01	1.127487e-03
4.665035e+01	3.870115e-05
4.672721e+01	1.772011e-06
4.677034e+01	2.821701e-04
4.681130e+01	5.204416e-07
4.683401e+01	2.624847e-06
4.684799e+01	8.686027e-25
4.688269e+01	6.477301e-06
4.690497e+01	4.561110e-10
4.693960e+01	3.313160e-05
4.695817e+01	6.585677e-06
4.699524e+01	2.240717e-07
4.705622e+01	1.561625e-05
4.710161e+01	4.685395e-09
4.712774e+01	1.627477e-07
4.713312e+01	1.475493e-07
4.714962e+01	3.980271e-06
4.740865e+01	3.783704e-09
4.750720e+01	6.100959e-08
4.759179e+01	2.666571e-23
4.761918e+01	1.103392e-06
4.770789e+01	7.767642e-22
4.772340e+01	1.726902e-05
4.787293e+01	1.885477e-05
4.788478e+01	4.669714e-06
4.806603e+01	1.942700e-06
4.811288e+01	3.195692e-05
4.814441e+01	6.578960e-04
4.816702e+01	9.688899e-04
4.821594e+01	7.993373e-07
4.830324e+01	9.373838e-06
4.837200e+01	1.473003e-05
4.840497e+01	4.261606e-08
4.844177e+01	9.277448e-24
4.845371e+01	1.630514e-06
4.852738e+01	1.327011e-05
4.855822e+01	4.093919e-08
4.857870e+01	3.954604e-07
4.862381e+01	1.828652e-05
4.874860e+01	2.032239e-08
4.876068e+01	1.047899e-05
4.883729e+01	5.853605e-06
4.892308e+01	1.573284e-02
4.893674e+01	1.407037e-04
4.900962e+01	2.999338e-04
4.912777e+01	2.128959e-05
4.926130e+01	1.442444e-06
4.932299e+01	1.690857e-04
4.934147e+01	2.106672e-04
4.940277e+01	2.697599e-05
4.946623e+01	2.184980e-05
4.954257e+01	3.056166e-05
4.973657e+01	4.984535e-05
4.977824e+01	4.135941e-04
4.984162e+01	3.206657e-04
4.998532e+01	3.859455e-05
5.006254e+01	3.399804e-04
5.016137e+01	3.109854e-07
5.025320e+01	1.297042e-06
5.029758e+01	4.006334e-04
5.033583e+01	2.484484e-05
5.040790e+01	6.698181e-05
5.043230e+01	2.426899e-05
5.051388e+01	2.033474e-06
5.077338e+01	1.159469e-06
5.079387e+01	5.991048e-06
5.084690e+01	2.293396e-24
5.086223e+01	7.826165e-22
5.086434e+01	2.032897e-05
5.087374e+01	1.258289e-06
5.092502e+01	1.957333e-06
5.099260e+01	4.244290e-07
5.111543e+01	2.764934e-23
5.128052e+01	3.818356e-04
5.128502e+01	1.656460e-03
5.142066e+01	6.965853e-25
5.146422e+01	4.764375e-07
5.163737e+01	1.372587e-03
5.169715e+01	8.256644e-07
5.179087e+01	3.805153e-06
5.179670e+01	1.090912e-04
5.193677e+01	4.574836e-05
5.210885e+01	4.067706e-06
5.238851e+01	5.594615e-08
5.243150e+01	6.769279e-06
5.246030e+01	8.466948e-25
5.264692e+01	8.828886e-26
5.269897e+01	5.690110e-07
5.281944e+01	1.521057e-08
5.296020e+01	3.269486e-07
5.302013e+01	4.961462e-06
5.304399e+01	1.001361e-03
5.312498e+01	2.161410e-24
5.315103e+01	8.326657e-08
5.326673e+01	5.015452e-04
5.333344e+01	1.490331e-06
5.341145e+01	2.216727e-05
5.345532e+01	5.082595e-24
5.359730e+01	4.539050e-06
5.369771e+01	1.555880e-06
5.377567e+01	2.739581e-23
5.379293e+01	3.090458e-05
5.380386e+01	3.252385e-04
5.384873e+01	1.451826e-03
5.388529e+01	9.796630e-07
5.407887e+01	5.879022e-07
5.415306e+01	2.153357e-07
5.420221e+01	8.978521e-22
5.420785e+01	4.060119e-06
5.424222e+01	9.740685e-08
5.431637e+01	1.390425e-06
5.436238e+01	8.658829e-06
5.444891e+01	1.256683e-05
5.445532e+01	7.791000e-25
5.456776e+01	8.852874e-07
5.463296e+01	6.563425e-07
5.468357e+01	8.596222e-06
5.476316e+01	1.506527e-07
5.483919e+01	1.364206e-07
5.491089e+01	3.697681e-07
5.500921e+01	1.913561e-06
5.504071e+01	2.547286e-06
5.511344e+01	2.817750e-05
5.513514e+01	4.325454e-05
5.515868e+01	4.602224e-06
5.518021e+01	3.995055e-07
5.522977e+01	1.861547e-08
5.526134e+01	1.748737e-06
5.528918e+01	7.834547e-23
5.533815e+01	2.643926e-07
5.538741e+01	7.612880e-05
5.541925e+01	2.364803e-06
5.542847e+01	1.188611e-05
5.551207e+01	2.585777e-06
5.552003e+01	9.196604e-08
5.560673e+01	2.695094e-06
5.561937e+01	5.732711e-07
5.564929e+01	1.003145e-05
5.568277e+01	2.106459e-05
5.575837e+01	8.365387e-08
5.581516e+01	3.930239e-04
5.589712e+01	1.990834e-06
5.609672e+01	8.922547e-07
5.609780e+01	8.228011e-05
5.614989e+01	1.406018e-06
5.618996e+01	6.286702e-07
5.620670e+01	3.663172e-07
5.631488e+01	5.204374e-07
5.633259e+01	1.997680e-06
5.637293e+01	5.021991e-06
5.643593e+01	4.169189e-06
5.649545e+01	1.202533e-07
5.666788e+01	2.736856e-07
5.680690e+01	1.895709e-06
5.686304e+01	1.707750e-07
5.702232e+01	1.742013e-07
5.730188e+01	7.082473e-06
5.738762e+01	2.928574e-25
5.769296e+01	5.238312e-06
5.770724e+01	1.331283e-28
5.789066e+01	1.218947e-05
5.809413e+01	9.793977e-08
5.847455e+01	4.723097e-23
5.872990e+01	1.628513e-06
5.881172e+01	1.657973e-25
5.881372e+01	5.131554e-07
5.887076e+01	8.250488e-06
5.896034e+01	4.492340e-07
5.916097e+01	2.337933e-08
5.922296e+01	4.367454e-07
5.934347e+01	2.019036e-09
5.956242e+01	7.120736e-07
5.959876e+01	6.548607e-08
5.965007e+01	1.724084e-07
5.970581e+01	2.413273e-06
5.973605e+01	1.887958e-06
5.977015e+01	3.198840e-07
5.988654e+01	5.998299e-04
5.999554e+01	6.163321e-08
6.003205e+01	2.082480e-08
6.005301e+01	5.267951e-08
6.025099e+01	1.162003e-06
6.028277e+01	3.926466e-05
6.029210e+01	2.813237e-10
6.031368e+01	1.594850e-08
6.050669e+01	6.251270e-24
6.052147e+01	2.008350e-04
6.064201e+01	3.051595e-04
6.071758e+01	8.445344e-24
6.097271e+01	4.028421e-03
6.112248e+01	4.547201e-05
6.122386e+01	1.045924e-06
6.126805e+01	5.411573e-03
6.129732e+01	1.698222e-04
6.132417e+01	1.531798e-02
6.156493e+01	2.506653e-06
6.159715e+01	2.149588e-04
6.164918e+01	7.934607e-06
6.173409e+01	2.910684e-07
6.198744e+01	8.764992e-10
6.198785e+01	5.413542e-27
6.202838e+01	6.751062e-07
6.207557e+01	1.706032e-06
6.212059e+01	2.120545e-04
6.213528e+01	4.319648e-07
6.219141e+01	5.293826e-06
6.221779e+01	1.307253e-04
6.227210e+01	5.204845e-06
6.229574e+01	2.487459e-03
6.230308e+01	9.210795e-04
6.260508e+01	8.584950e-04
6.268503e+01	2.602237e-05
6.275436e+01	3.471201e-25
6.278956e+01	4.118484e-04
6.297295e+01	9.487697e-05
6.301860e+01	3.449509e-25
6.324660e+01	2.393776e-05
6.338194e+01	8.412826e-04
6.365187e+01	1.781838e-04
6.371516e+01	1.822657e-05
6.385567e+01	4.547423e-06
6.390349e+01	4.573889e-07
6.398976e+01	2.126062e-05
6.411301e+01	8.208599e-05
6.415614e+01	1.284146e-04
6.420584e+01	1.390247e-07
6.426675e+01	5.790150e-06
6.456701e+01	3.029514e-03
6.464816e+01	1.517032e-03
6.474754e+01	3.978109e-05
6.479875e+01	3.105768e-04
6.499060e+01	1.863598e-04
6.501218e+01	2.842258e-06
6.508002e+01	2.484841e-04
6.519144e+01	2.845920e-04
6.524134e+01	3.013581e-04
6.525447e+01	4.103715e-05
6.536462e+01	3.803138e-03
6.560672e+01	3.837979e-05
6.566499e+01	9.594790e-05
6.571743e+01	1.455116e-06
6.581301e+01	2.692704e-06
6.585872e+01	2.526973e-03
6.592605e+01	1.704453e-06
6.599037e+01	4.083555e-06
6.606408e+01	3.721038e-05
6.608276e+01	1.964025e-04
6.610912e+01	1.159951e-23
6.614191e+01	5.883586e-05
6.619259e+01	5.674833e-07
6.622470e+01	9.595796e-09
6.641715e+01	1.420958e-05
6.645568e+01	3.410565e-07
6.659005e+01	2.476782e-07
6.660085e+01	1.450362e-07
6.663289e+01	7.629326e-25
6.664819e+01	1.207252e-05
6.670738e+01	1.097539e-05
6.677928e+01	7.528339e-06
6.685395e+01	1.037094e-06
6.707299e+01	6.736456e-07
6.713243e+01	4.010834e-11
6.717479e+01	1.955702e-06
6.721098e+01	1.422282e-07
6.723730e+01	7.583909e-07
6.730166e+01	1.399591e-04
6.731919e+01	6.545107e-24
6.735321e+01	1.565267e-05
6.739390e+01	5.889888e-05
6.742442e+01	3.608440e-07
6.742761e+01	5.136408e-07
6.744451e+01	8.924068e-07
6.751478e+01	1.206640e-05
6.764621e+01	2.510235e-03
6.768017e+01	2.468222e-06
6.779497e+01	3.458455e-05
6.782531e+01	3.351287e-05
6.799350e+01	9.435010e-08
6.807629e+01	1.481375e-06
6.814271e+01	1.198331e-06
6.826871e+01	5.650019e-06
6.832454e+01	1.110751e-06
6.852287e+01	1.018232e-05
6.854725e+01	1.039383e-08
6.861577e+01	3.955470e-06
6.862620e+01	4.215827e-05
6.865136e+01	9.466697e-08
6.867104e+01	2.728642e-04
6.870999e+01	6.092374e-05
6.874207e+01	3.092790e-05
6.876892e+01	8.903359e-04
6.877143e+01	1.439239e-03
6.888556e+01	2.974943e-07
6.892471e+01	7.457421e-07
6.903020e+01	3.988210e-05
6.906962e+01	2.993431e-06
6.910108e+01	2.306580e-05
6.914776e+01	8.827477e-05
6.915136e+01	3.645675e-06
6.930472e+01	5.242353e-06
6.937273e+01	3.895879e-05
6.944540e+01	1.362470e-06
6.949794e+01	6.234592e-06
6.952558e+01	1.934191e-07
6.955051e+01	3.060304e-07
6.958926e+01	1.100832e-07
6.968427e+01	4.656797e-06
6.981566e+01	4.313972e-07
6.986326e+01	1.467732e-07
6.989859e+01	1.208026e-05
6.991226e+01	1.255079e-06
6.993938e+01	4.191159e-05
7.003068e+01	1.235532e-06
7.007628e+01	1.107936e-05
7.008408e+01	1.412735e-05
7.011933e+01	3.498498e-06
7.016586e+01	1.827522e-03
7.023538e+01	1.441928e-23
7.033235e+01	3.433561e-06
7.034118e+01	6.708119e-07
7.034580e+01	6.520100e-24
7.047310e+01	6.124910e-06
7.053574e+01	4.253546e-07
7.054843e+01	2.828286e-07
7.064487e+01	1.862000e-07
7.067485e+01	4.157605e-04
7.069669e+01	3.927952e-07
7.071639e+01	4.548300e-09
7.079820e+01	1.918983e-08
7.080517e+01	5.638772e-08
7.081416e+01	3.888442e-25
7.086294e+01	3.273295e-07
7.087727e+01	6.436969e-08
7.092258e+01	1.844823e-09
7.102102e+01	2.129002e-10
7.112117e+01	4.493194e-08
7.118978e+01	1.158383e-07
7.129980e+01	4.343168e-08
7.132285e+01	1.217835e-08
7.135499e+01	7.901233e-09
7.142179e+01	2.500271e-07
7.149387e+01	1.677817e-06
7.151913e+01	1.953315e-06
7.161262e+01	1.323905e-07
7.166408e+01	1.591200e-06
7.172810e+01	1.369419e-08
7.173046e+01	2.005974e-06
7.189940e+01	1.475057e-06
7.192949e+01	1.413693e-07
7.194564e+01	1.360664e-27
7.202861e+01	5.617644e-07
7.207026e+01	1.193101e-06
7.209890e+01	3.225401e-25
7.212483e+01	1.300629e-06
7.225208e+01	2.912610e-09
7.241250e+01	6.154223e-09
7.242220e+01	2.212932e-10
7.244394e+01	1.977048e-08
7.258079e+01	2.165918e-24
7.258941e+01	3.052042e-06
7.267914e+01	5.677435e-25
7.272412e+01	4.724033e-08
7.275301e+01	1.679577e-06
7.284352e+01	8.167357e-08
7.286993e+01	8.104271e-06
7.291081e+01	1.161881e-23
7.298785e+01	5.495585e-08
7.302213e+01	7.954198e-06
7.330400e+01	2.126057e-07
7.336377e+01	1.674273e-07
7.341640e+01	1.296916e-06
7.346957e+01	1.262743e-08
7.348141e+01	3.315690e-07
7.360254e+01	2.068781e-07
7.366187e+01	3.892620e-05
7.372558e+01	6.292072e-06
7.390154e+01	3.994493e-06
7.400091e+01	6.671049e-07
7.402179e+01	1.360225e-07
7.405332e+01	3.321624e-06
7.408030e+01	1.136245e-06
7.413576e+01	5.722884e-06
7.417152e+01	1.172972e-04
7.417696e+01	2.321333e-07
7.422738e+01	9.765511e-07
7.426807e+01	1.791916e-07
7.431011e+01	5.584597e-08
7.434453e+01	7.399457e-07
7.436153e+01	6.500850e-08
7.448008e+01	2.312981e-07
7.452987e+01	1.754402e-07
7.455907e+01	5.046346e-07
7.461368e+01	2.359560e-07
7.466778e+01	4.518094e-08
7.469150e+01	1.685854e-08
7.470179e+01	2.924630e-06
7.473001e+01	5.272760e-08
7.479393e+01	3.369539e-11
7.481950e+01	1.770660e-07
7.492146e+01	5.551766e-09
7.494876e+01	6.313939e-07
7.495386e+01	2.040085e-06
7.503625e+01	1.310421e-07
7.510003e+01	4.870926e-08
7.514870e+01	2.227779e-08
7.520478e+01	2.478160e-07
7.526458e+01	5.857599e-08
7.535777e+01	2.594885e-06
7.537272e+01	1.310908e-07
7.547503e+01	6.366037e-06
7.555746e+01	1.028605e-06
7.557101e+01	6.994012e-08
7.562322e+01	8.524070e-07
7.579622e+01	3.504012e-08
7.582980e+01	2.145269e-05
7.585092e+01	3.088811e-09
7.588581e+01	3.657997e-07
7.601554e+01	6.574546e-07
7.604300e+01	3.970796e-06
7.605515e+01	9.054198e-09
7.610382e+01	1.230705e-09
7.615755e+01	2.595559e-08
7.628685e+01	6.240135e-07
7.634008e+01	3.446958e-07
7.639396e+01	1.445707e-05
7.654862e+01	3.198865e-04
7.670590e+01	4.584542e-09
7.682968e+01	2.225146e-05
7.696946e+01	2.406036e-06
7.697731e+01	7.114432e-08
7.701800e+01	6.533253e-09
7.728527e+01	1.828071e-07
7.735623e+01	7.990442e-06
7.750094e+01	1.542480e-09
7.753944e+01	2.587595e-07
7.765165e+01	1.288949e-08
7.768686e+01	8.866544e-08
7.773788e+01	2.285646e-07
7.776877e+01	2.654669e-07
7.783667e+01	6.853864e-08
7.786206e+01	3.573584e-07
7.791793e+01	2.812603e-10
7.798246e+01	2.248249e-07
7.803250e+01	1.815489e-08
7.808117e+01	3.152469e-08
7.825061e+01	7.474116e-09
7.839094e+01	6.454233e-07
7.850625e+01	1.165272e-06
7.856469e+01	3.227922e-06
7.859789e+01	2.205689e-06
7.872468e+01	6.556565e-24
7.891362e+01	1.400370e-05
7.895887e+01	6.887486e-08
7.903725e+01	7.193729e-09
7.933372e+01	3.406159e-05
7.947502e+01	2.788485e-07
7.959986e+01	4.759329e-06
7.969171e+01	3.601196e-07
7.976556e+01	3.427831e-08
7.993771e+01	9.750377e-08
7.995802e+01	6.279210e-09
8.006267e+01	5.110396e-08
8.012294e+01	1.321640e-07
8.019231e+01	2.775048e-07
8.019863e+01	1.185395e-08
8.028725e+01	3.120296e-09
8.042800e+01	5.081360e-09
8.050292e+01	1.725345e-08
8.062779e+01	4.035674e-07
8.066581e+01	5.697926e-08
8.080786e+01	5.506911e-22
8.089454e+01	2.535871e-07
8.092063e+01	1.857237e-07
8.102419e+01	1.998713e-09
8.109139e+01	3.182991e-26
8.116313e+01	2.523178e-07
8.123311e+01	2.036095e-08
8.123703e+01	1.722945e-07
8.135784e+01	8.721839e-07
8.144555e+01	4.734495e-07
8.150844e+01	8.679375e-06
8.168747e+01	5.819965e-06
8.176446e+01	1.574973e-08
8.180589e+01	2.043623e-07
8.187461e+01	3.320023e-07
8.208830e+01	3.616372e-07
8.218819e+01	6.548245e-09
8.233700e+01	9.416485e-07
8.236631e+01	2.101701e-06
8.276508e+01	3.362645e-07
8.313695e+01	1.977535e-08
8.343121e+01	2.647178e-07
8.356008e+01	3.916616e-06
8.379231e+01	1.534362e-09
8.394374e+01	3.478197e-08
8.409135e+01	4.401523e-10
8.444404e+01	1.384411e-07
8.474819e+01	2.578506e-09
8.484028e+01	2.096235e-05
8.487599e+01	1.448988e-07
8.516338e+01	6.524142e-08
8.521649e+01	3.466081e-07
8.528987e+01	1.521522e-06
8.546966e+01	1.607079e-05
8.558033e+01	1.935771e-03
8.562528e+01	1.069114e-05
8.563805e+01	2.069615e-04
8.567532e+01	6.915370e-06
8.571757e+01	3.769716e-03
8.577725e+01	5.682851e-07
8.582686e+01	2.202465e-05
8.586625e+01	1.103766e-04
8.591956e+01	1.696188e-05
8.607735e+01	1.529761e-04
8.610556e+01	1.840031e-03
8.618851e+01	1.322351e-06
8.622250e+01	3.374846e-06
8.631667e+01	1.134439e-05
8.650087e+01	6.563105e-06
8.665034e+01	5.971102e-08
8.673275e+01	2.058077e-06
8.691593e+01	3.435225e-07
8.692904e+01	8.002118e-07
8.703577e+01	5.040165e-06
8.705815e+01	1.944996e-06
8.708781e+01	5.387827e-06
8.712437e+01	5.937962e-04
8.716962e+01	7.848250e-06
8.721106e+01	1.062665e-04
8.722494e+01	3.695108e-06
8.729326e+01	2.943406e-07
8.735537e+01	9.146359e-07
8.739274e+01	6.404092e-07
8.739552e+01	4.322540e-06
8.743663e+01	7.770342e-06
8.747713e+01	1.207477e-20
8.749269e+01	2.854511e-05
8.757595e+01	1.995826e-08
8.760347e+01	2.133105e-07
8.770003e+01	5.915511e-06
8.770168e+01	6.910965e-07
8.772642e+01	1.210345e-03
8.777780e+01	9.375646e-06
8.780367e+01	3.064002e-22
8.780768e+01	2.728713e-08
8.782936e+01	6.767840e-09
8.792316e+01	1.093275e-05
8.794692e+01	1.302691e-07
8.799734e+01	3.283662e-04
8.801219e+01	1.456286e-04
8.804309e+01	1.032230e-06
8.833420e+01	1.402272e-07
8.835783e+01	2.037731e-07
8.841588e+01	4.410124e-07
8.845291e+01	6.783980e-06
8.846071e+01	5.591771e-06
8.852458e+01	5.658005e-07
8.853808e+01	1.404080e-08
8.856116e+01	2.894630e-04
8.878355e+01	1.530045e-09
8.887628e+01	4.568932e-23
8.889586e+01	4.694403e-06
8.901964e+01	1.227956e-03
8.911192e+01	2.287689e-05
8.926282e+01	7.492882e-06
8.933999e+01	4.771119e-06
8.946389e+01	7.748825e-09
8.948590e+01	8.039024e-30
8.953350e+01	3.598632e-05
8.958294e+01	3.008729e-05
8.962472e+01	1.759957e-06
8.967479e+01	2.634698e-06
8.978639e+01	2.725223e-05
8.986992e+01	4.873185e-05
8.991679e+01	2.079026e-05
