#RPA-results:
#Nucleus: Ni 74
#Fermi level: -4.992964e+00	-1.506242e+01
#Excitation: 1 +
#Total number of pairs: 1032
#Number of ph-/ah-pairs: 1032/0
#Maximal excitation-energy for particle-hole-pairs: 100
#Maximal excitation-energy for antiparticle-hole-pairs: 1000
#No imaginary eigenvalues

#Parameterset: DD-PC1
#natural parity: no
#Isoscalar result:

#width: 5.000000e-01
#maximum value: 2.523180e-03
#at energy: 6.993055e+01
-9.006945e+01	4.497741e-04
-8.996945e+01	4.507276e-04
-8.986945e+01	4.516841e-04
-8.976945e+01	4.526436e-04
-8.966945e+01	4.536063e-04
-8.956945e+01	4.545719e-04
-8.946945e+01	4.555407e-04
-8.936945e+01	4.565126e-04
-8.926945e+01	4.574876e-04
-8.916945e+01	4.584658e-04
-8.906945e+01	4.594471e-04
-8.896945e+01	4.604315e-04
-8.886945e+01	4.614192e-04
-8.876945e+01	4.624100e-04
-8.866945e+01	4.634040e-04
-8.856945e+01	4.644012e-04
-8.846945e+01	4.654017e-04
-8.836945e+01	4.664054e-04
-8.826945e+01	4.674123e-04
-8.816945e+01	4.684226e-04
-8.806945e+01	4.694361e-04
-8.796945e+01	4.704529e-04
-8.786945e+01	4.714730e-04
-8.776945e+01	4.724965e-04
-8.766945e+01	4.735233e-04
-8.756945e+01	4.745534e-04
-8.746945e+01	4.755869e-04
-8.736945e+01	4.766238e-04
-8.726945e+01	4.776642e-04
-8.716945e+01	4.787079e-04
-8.706945e+01	4.797550e-04
-8.696945e+01	4.808056e-04
-8.686945e+01	4.818597e-04
-8.676945e+01	4.829173e-04
-8.666945e+01	4.839783e-04
-8.656945e+01	4.850428e-04
-8.646945e+01	4.861109e-04
-8.636945e+01	4.871825e-04
-8.626945e+01	4.882577e-04
-8.616945e+01	4.893364e-04
-8.606945e+01	4.904187e-04
-8.596945e+01	4.915046e-04
-8.586945e+01	4.925942e-04
-8.576945e+01	4.936873e-04
-8.566945e+01	4.947841e-04
-8.556945e+01	4.958846e-04
-8.546945e+01	4.969888e-04
-8.536945e+01	4.980967e-04
-8.526945e+01	4.992083e-04
-8.516945e+01	5.003236e-04
-8.506945e+01	5.014426e-04
-8.496945e+01	5.025655e-04
-8.486945e+01	5.036921e-04
-8.476945e+01	5.048225e-04
-8.466945e+01	5.059567e-04
-8.456945e+01	5.070948e-04
-8.446945e+01	5.082367e-04
-8.436945e+01	5.093825e-04
-8.426945e+01	5.105322e-04
-8.416945e+01	5.116858e-04
-8.406945e+01	5.128433e-04
-8.396945e+01	5.140047e-04
-8.386945e+01	5.151701e-04
-8.376945e+01	5.163395e-04
-8.366945e+01	5.175129e-04
-8.356945e+01	5.186903e-04
-8.346945e+01	5.198717e-04
-8.336945e+01	5.210571e-04
-8.326945e+01	5.222467e-04
-8.316945e+01	5.234403e-04
-8.306945e+01	5.246380e-04
-8.296945e+01	5.258399e-04
-8.286945e+01	5.270458e-04
-8.276945e+01	5.282560e-04
-8.266945e+01	5.294703e-04
-8.256945e+01	5.306889e-04
-8.246945e+01	5.319116e-04
-8.236945e+01	5.331386e-04
-8.226945e+01	5.343699e-04
-8.216945e+01	5.356054e-04
-8.206945e+01	5.368453e-04
-8.196945e+01	5.380894e-04
-8.186945e+01	5.393379e-04
-8.176945e+01	5.405908e-04
-8.166945e+01	5.418480e-04
-8.156945e+01	5.431096e-04
-8.146945e+01	5.443757e-04
-8.136945e+01	5.456462e-04
-8.126945e+01	5.469211e-04
-8.116945e+01	5.482006e-04
-8.106945e+01	5.494845e-04
-8.096945e+01	5.507730e-04
-8.086945e+01	5.520660e-04
-8.076945e+01	5.533636e-04
-8.066945e+01	5.546658e-04
-8.056945e+01	5.559726e-04
-8.046945e+01	5.572840e-04
-8.036945e+01	5.586001e-04
-8.026945e+01	5.599208e-04
-8.016945e+01	5.612463e-04
-8.006945e+01	5.625765e-04
-7.996945e+01	5.639114e-04
-7.986945e+01	5.652511e-04
-7.976945e+01	5.665956e-04
-7.966945e+01	5.679449e-04
-7.956945e+01	5.692990e-04
-7.946945e+01	5.706580e-04
-7.936945e+01	5.720219e-04
-7.926945e+01	5.733907e-04
-7.916945e+01	5.747644e-04
-7.906945e+01	5.761431e-04
-7.896945e+01	5.775267e-04
-7.886945e+01	5.789154e-04
-7.876945e+01	5.803090e-04
-7.866945e+01	5.817078e-04
-7.856945e+01	5.831116e-04
-7.846945e+01	5.845205e-04
-7.836945e+01	5.859345e-04
-7.826945e+01	5.873537e-04
-7.816945e+01	5.887780e-04
-7.806945e+01	5.902076e-04
-7.796945e+01	5.916423e-04
-7.786945e+01	5.930823e-04
-7.776945e+01	5.945276e-04
-7.766945e+01	5.959782e-04
-7.756945e+01	5.974342e-04
-7.746945e+01	5.988954e-04
-7.736945e+01	6.003621e-04
-7.726945e+01	6.018342e-04
-7.716945e+01	6.033117e-04
-7.706945e+01	6.047946e-04
-7.696945e+01	6.062831e-04
-7.686945e+01	6.077771e-04
-7.676945e+01	6.092766e-04
-7.666945e+01	6.107816e-04
-7.656945e+01	6.122923e-04
-7.646945e+01	6.138086e-04
-7.636945e+01	6.153306e-04
-7.626945e+01	6.168582e-04
-7.616945e+01	6.183916e-04
-7.606945e+01	6.199306e-04
-7.596945e+01	6.214755e-04
-7.586945e+01	6.230261e-04
-7.576945e+01	6.245826e-04
-7.566945e+01	6.261449e-04
-7.556945e+01	6.277131e-04
-7.546945e+01	6.292873e-04
-7.536945e+01	6.308673e-04
-7.526945e+01	6.324534e-04
-7.516945e+01	6.340454e-04
-7.506945e+01	6.356435e-04
-7.496945e+01	6.372476e-04
-7.486945e+01	6.388579e-04
-7.476945e+01	6.404742e-04
-7.466945e+01	6.420967e-04
-7.456945e+01	6.437254e-04
-7.446945e+01	6.453604e-04
-7.436945e+01	6.470016e-04
-7.426945e+01	6.486490e-04
-7.416945e+01	6.503028e-04
-7.406945e+01	6.519629e-04
-7.396945e+01	6.536294e-04
-7.386945e+01	6.553024e-04
-7.376945e+01	6.569817e-04
-7.366945e+01	6.586676e-04
-7.356945e+01	6.603600e-04
-7.346945e+01	6.620589e-04
-7.336945e+01	6.637644e-04
-7.326945e+01	6.654765e-04
-7.316945e+01	6.671953e-04
-7.306945e+01	6.689207e-04
-7.296945e+01	6.706529e-04
-7.286945e+01	6.723918e-04
-7.276945e+01	6.741375e-04
-7.266945e+01	6.758901e-04
-7.256945e+01	6.776495e-04
-7.246945e+01	6.794158e-04
-7.236945e+01	6.811890e-04
-7.226945e+01	6.829692e-04
-7.216945e+01	6.847564e-04
-7.206945e+01	6.865506e-04
-7.196945e+01	6.883520e-04
-7.186945e+01	6.901604e-04
-7.176945e+01	6.919760e-04
-7.166945e+01	6.937988e-04
-7.156945e+01	6.956288e-04
-7.146945e+01	6.974661e-04
-7.136945e+01	6.993107e-04
-7.126945e+01	7.011627e-04
-7.116945e+01	7.030220e-04
-7.106945e+01	7.048888e-04
-7.096945e+01	7.067630e-04
-7.086945e+01	7.086448e-04
-7.076945e+01	7.105340e-04
-7.066945e+01	7.124309e-04
-7.056945e+01	7.143354e-04
-7.046945e+01	7.162476e-04
-7.036945e+01	7.181675e-04
-7.026945e+01	7.200951e-04
-7.016945e+01	7.220305e-04
-7.006945e+01	7.239737e-04
-6.996945e+01	7.259249e-04
-6.986945e+01	7.278839e-04
-6.976945e+01	7.298509e-04
-6.966945e+01	7.318260e-04
-6.956945e+01	7.338090e-04
-6.946945e+01	7.358002e-04
-6.936945e+01	7.377995e-04
-6.926945e+01	7.398070e-04
-6.916945e+01	7.418227e-04
-6.906945e+01	7.438467e-04
-6.896945e+01	7.458790e-04
-6.886945e+01	7.479197e-04
-6.876945e+01	7.499688e-04
-6.866945e+01	7.520263e-04
-6.856945e+01	7.540924e-04
-6.846945e+01	7.561670e-04
-6.836945e+01	7.582501e-04
-6.826945e+01	7.603420e-04
-6.816945e+01	7.624425e-04
-6.806945e+01	7.645518e-04
-6.796945e+01	7.666699e-04
-6.786945e+01	7.687968e-04
-6.776945e+01	7.709326e-04
-6.766945e+01	7.730773e-04
-6.756945e+01	7.752310e-04
-6.746945e+01	7.773938e-04
-6.736945e+01	7.795656e-04
-6.726945e+01	7.817466e-04
-6.716945e+01	7.839368e-04
-6.706945e+01	7.861363e-04
-6.696945e+01	7.883450e-04
-6.686945e+01	7.905631e-04
-6.676945e+01	7.927906e-04
-6.666945e+01	7.950275e-04
-6.656945e+01	7.972739e-04
-6.646945e+01	7.995300e-04
-6.636945e+01	8.017956e-04
-6.626945e+01	8.040709e-04
-6.616945e+01	8.063559e-04
-6.606945e+01	8.086508e-04
-6.596945e+01	8.109554e-04
-6.586945e+01	8.132700e-04
-6.576945e+01	8.155945e-04
-6.566945e+01	8.179290e-04
-6.556945e+01	8.202736e-04
-6.546945e+01	8.226283e-04
-6.536945e+01	8.249932e-04
-6.526945e+01	8.273684e-04
-6.516945e+01	8.297539e-04
-6.506945e+01	8.321497e-04
-6.496945e+01	8.345559e-04
-6.486945e+01	8.369727e-04
-6.476945e+01	8.393999e-04
-6.466945e+01	8.418378e-04
-6.456945e+01	8.442864e-04
-6.446945e+01	8.467457e-04
-6.436945e+01	8.492158e-04
-6.426945e+01	8.516967e-04
-6.416945e+01	8.541886e-04
-6.406945e+01	8.566914e-04
-6.396945e+01	8.592053e-04
-6.386945e+01	8.617304e-04
-6.376945e+01	8.642666e-04
-6.366945e+01	8.668141e-04
-6.356945e+01	8.693728e-04
-6.346945e+01	8.719430e-04
-6.336945e+01	8.745246e-04
-6.326945e+01	8.771178e-04
-6.316945e+01	8.797225e-04
-6.306945e+01	8.823389e-04
-6.296945e+01	8.849670e-04
-6.286945e+01	8.876069e-04
-6.276945e+01	8.902587e-04
-6.266945e+01	8.929224e-04
-6.256945e+01	8.955982e-04
-6.246945e+01	8.982860e-04
-6.236945e+01	9.009860e-04
-6.226945e+01	9.036982e-04
-6.216945e+01	9.064227e-04
-6.206945e+01	9.091596e-04
-6.196945e+01	9.119090e-04
-6.186945e+01	9.146709e-04
-6.176945e+01	9.174454e-04
-6.166945e+01	9.202326e-04
-6.156945e+01	9.230326e-04
-6.146945e+01	9.258454e-04
-6.136945e+01	9.286711e-04
-6.126945e+01	9.315099e-04
-6.116945e+01	9.343617e-04
-6.106945e+01	9.372267e-04
-6.096945e+01	9.401049e-04
-6.086945e+01	9.429964e-04
-6.076945e+01	9.459014e-04
-6.066945e+01	9.488198e-04
-6.056945e+01	9.517519e-04
-6.046945e+01	9.546976e-04
-6.036945e+01	9.576570e-04
-6.026945e+01	9.606303e-04
-6.016945e+01	9.636175e-04
-6.006945e+01	9.666186e-04
-5.996945e+01	9.696339e-04
-5.986945e+01	9.726634e-04
-5.976945e+01	9.757072e-04
-5.966945e+01	9.787653e-04
-5.956945e+01	9.818378e-04
-5.946945e+01	9.849249e-04
-5.936945e+01	9.880267e-04
-5.926945e+01	9.911431e-04
-5.916945e+01	9.942744e-04
-5.906945e+01	9.974206e-04
-5.896945e+01	1.000582e-03
-5.886945e+01	1.003758e-03
-5.876945e+01	1.006950e-03
-5.866945e+01	1.010157e-03
-5.856945e+01	1.013379e-03
-5.846945e+01	1.016617e-03
-5.836945e+01	1.019870e-03
-5.826945e+01	1.023139e-03
-5.816945e+01	1.026424e-03
-5.806945e+01	1.029725e-03
-5.796945e+01	1.033041e-03
-5.786945e+01	1.036374e-03
-5.776945e+01	1.039723e-03
-5.766945e+01	1.043089e-03
-5.756945e+01	1.046471e-03
-5.746945e+01	1.049869e-03
-5.736945e+01	1.053284e-03
-5.726945e+01	1.056716e-03
-5.716945e+01	1.060165e-03
-5.706945e+01	1.063630e-03
-5.696945e+01	1.067113e-03
-5.686945e+01	1.070613e-03
-5.676945e+01	1.074130e-03
-5.666945e+01	1.077665e-03
-5.656945e+01	1.081217e-03
-5.646945e+01	1.084787e-03
-5.636945e+01	1.088375e-03
-5.626945e+01	1.091980e-03
-5.616945e+01	1.095604e-03
-5.606945e+01	1.099246e-03
-5.596945e+01	1.102906e-03
-5.586945e+01	1.106584e-03
-5.576945e+01	1.110281e-03
-5.566945e+01	1.113997e-03
-5.556945e+01	1.117731e-03
-5.546945e+01	1.121484e-03
-5.536945e+01	1.125256e-03
-5.526945e+01	1.129048e-03
-5.516945e+01	1.132858e-03
-5.506945e+01	1.136688e-03
-5.496945e+01	1.140538e-03
-5.486945e+01	1.144407e-03
-5.476945e+01	1.148296e-03
-5.466945e+01	1.152205e-03
-5.456945e+01	1.156134e-03
-5.446945e+01	1.160083e-03
-5.436945e+01	1.164053e-03
-5.426945e+01	1.168043e-03
-5.416945e+01	1.172054e-03
-5.406945e+01	1.176086e-03
-5.396945e+01	1.180138e-03
-5.386945e+01	1.184212e-03
-5.376945e+01	1.188306e-03
-5.366945e+01	1.192423e-03
-5.356945e+01	1.196560e-03
-5.346945e+01	1.200720e-03
-5.336945e+01	1.204901e-03
-5.326945e+01	1.209104e-03
-5.316945e+01	1.213329e-03
-5.306945e+01	1.217577e-03
-5.296945e+01	1.221847e-03
-5.286945e+01	1.226139e-03
-5.276945e+01	1.230455e-03
-5.266945e+01	1.234793e-03
-5.256945e+01	1.239155e-03
-5.246945e+01	1.243539e-03
-5.236945e+01	1.247947e-03
-5.226945e+01	1.252379e-03
-5.216945e+01	1.256834e-03
-5.206945e+01	1.261314e-03
-5.196945e+01	1.265817e-03
-5.186945e+01	1.270345e-03
-5.176945e+01	1.274897e-03
-5.166945e+01	1.279474e-03
-5.156945e+01	1.284076e-03
-5.146945e+01	1.288702e-03
-5.136945e+01	1.293354e-03
-5.126945e+01	1.298031e-03
-5.116945e+01	1.302734e-03
-5.106945e+01	1.307462e-03
-5.096945e+01	1.312217e-03
-5.086945e+01	1.316997e-03
-5.076945e+01	1.321804e-03
-5.066945e+01	1.326637e-03
-5.056945e+01	1.331497e-03
-5.046945e+01	1.336384e-03
-5.036945e+01	1.341297e-03
-5.026945e+01	1.346239e-03
-5.016945e+01	1.351207e-03
-5.006945e+01	1.356204e-03
-4.996945e+01	1.361228e-03
-4.986945e+01	1.366280e-03
-4.976945e+01	1.371361e-03
-4.966945e+01	1.376470e-03
-4.956945e+01	1.381608e-03
-4.946945e+01	1.386775e-03
-4.936945e+01	1.391971e-03
-4.926945e+01	1.397197e-03
-4.916945e+01	1.402452e-03
-4.906945e+01	1.407737e-03
-4.896945e+01	1.413052e-03
-4.886945e+01	1.418397e-03
-4.876945e+01	1.423773e-03
-4.866945e+01	1.429180e-03
-4.856945e+01	1.434618e-03
-4.846945e+01	1.440087e-03
-4.836945e+01	1.445588e-03
-4.826945e+01	1.451120e-03
-4.816945e+01	1.456684e-03
-4.806945e+01	1.462281e-03
-4.796945e+01	1.467910e-03
-4.786945e+01	1.473571e-03
-4.776945e+01	1.479266e-03
-4.766945e+01	1.484994e-03
-4.756945e+01	1.490756e-03
-4.746945e+01	1.496551e-03
-4.736945e+01	1.502380e-03
-4.726945e+01	1.508244e-03
-4.716945e+01	1.514142e-03
-4.706945e+01	1.520075e-03
-4.696945e+01	1.526043e-03
-4.686945e+01	1.532047e-03
-4.676945e+01	1.538086e-03
-4.666945e+01	1.544162e-03
-4.656945e+01	1.550273e-03
-4.646945e+01	1.556421e-03
-4.636945e+01	1.562606e-03
-4.626945e+01	1.568829e-03
-4.616945e+01	1.575088e-03
-4.606945e+01	1.581386e-03
-4.596945e+01	1.587721e-03
-4.586945e+01	1.594095e-03
-4.576945e+01	1.600507e-03
-4.566945e+01	1.606959e-03
-4.556945e+01	1.613450e-03
-4.546945e+01	1.619980e-03
-4.536945e+01	1.626550e-03
-4.526945e+01	1.633161e-03
-4.516945e+01	1.639812e-03
-4.506945e+01	1.646505e-03
-4.496945e+01	1.653238e-03
-4.486945e+01	1.660013e-03
-4.476945e+01	1.666831e-03
-4.466945e+01	1.673690e-03
-4.456945e+01	1.680592e-03
-4.446945e+01	1.687537e-03
-4.436945e+01	1.694526e-03
-4.426945e+01	1.701559e-03
-4.416945e+01	1.708635e-03
-4.406945e+01	1.715756e-03
-4.396945e+01	1.722922e-03
-4.386945e+01	1.730133e-03
-4.376945e+01	1.737390e-03
-4.366945e+01	1.744693e-03
-4.356945e+01	1.752043e-03
-4.346945e+01	1.759439e-03
-4.336945e+01	1.766882e-03
-4.326945e+01	1.774373e-03
-4.316945e+01	1.781912e-03
-4.306945e+01	1.789500e-03
-4.296945e+01	1.797137e-03
-4.286945e+01	1.804822e-03
-4.276945e+01	1.812558e-03
-4.266945e+01	1.820343e-03
-4.256945e+01	1.828180e-03
-4.246945e+01	1.836067e-03
-4.236945e+01	1.844006e-03
-4.226945e+01	1.851997e-03
-4.216945e+01	1.860040e-03
-4.206945e+01	1.868136e-03
-4.196945e+01	1.876285e-03
-4.186945e+01	1.884488e-03
-4.176945e+01	1.892746e-03
-4.166945e+01	1.901058e-03
-4.156945e+01	1.909425e-03
-4.146945e+01	1.917848e-03
-4.136945e+01	1.926328e-03
-4.126945e+01	1.934864e-03
-4.116945e+01	1.943457e-03
-4.106945e+01	1.952109e-03
-4.096945e+01	1.960818e-03
-4.086945e+01	1.969587e-03
-4.076945e+01	1.978414e-03
-4.066945e+01	1.987302e-03
-4.056945e+01	1.996250e-03
-4.046945e+01	2.005259e-03
-4.036945e+01	2.014330e-03
-4.026945e+01	2.023462e-03
-4.016945e+01	2.032658e-03
-4.006945e+01	2.041917e-03
-3.996945e+01	2.051239e-03
-3.986945e+01	2.060626e-03
-3.976945e+01	2.070078e-03
-3.966945e+01	2.079596e-03
-3.956945e+01	2.089180e-03
-3.946945e+01	2.098831e-03
-3.936945e+01	2.108550e-03
-3.926945e+01	2.118336e-03
-3.916945e+01	2.128192e-03
-3.906945e+01	2.138117e-03
-3.896945e+01	2.148112e-03
-3.886945e+01	2.158178e-03
-3.876945e+01	2.168315e-03
-3.866945e+01	2.178525e-03
-3.856945e+01	2.188807e-03
-3.846945e+01	2.199163e-03
-3.836945e+01	2.209593e-03
-3.826945e+01	2.220098e-03
-3.816945e+01	2.230679e-03
-3.806945e+01	2.241336e-03
-3.796945e+01	2.252070e-03
-3.786945e+01	2.262882e-03
-3.776945e+01	2.273773e-03
-3.766945e+01	2.284743e-03
-3.756945e+01	2.295794e-03
-3.746945e+01	2.306926e-03
-3.736945e+01	2.318139e-03
-3.726945e+01	2.329435e-03
-3.716945e+01	2.340815e-03
-3.706945e+01	2.352278e-03
-3.696945e+01	2.363827e-03
-3.686945e+01	2.375462e-03
-3.676945e+01	2.387184e-03
-3.666945e+01	2.398993e-03
-3.656945e+01	2.410891e-03
-3.646945e+01	2.422879e-03
-3.636945e+01	2.434957e-03
-3.626945e+01	2.447126e-03
-3.616945e+01	2.459387e-03
-3.606945e+01	2.471742e-03
-3.596945e+01	2.484191e-03
-3.586945e+01	2.496735e-03
-3.576945e+01	2.509375e-03
-3.566945e+01	2.522112e-03
-3.556945e+01	2.534947e-03
-3.546945e+01	2.547881e-03
-3.536945e+01	2.560916e-03
-3.526945e+01	2.574051e-03
-3.516945e+01	2.587289e-03
-3.506945e+01	2.600630e-03
-3.496945e+01	2.614076e-03
-3.486945e+01	2.627627e-03
-3.476945e+01	2.641284e-03
-3.466945e+01	2.655049e-03
-3.456945e+01	2.668924e-03
-3.446945e+01	2.682908e-03
-3.436945e+01	2.697004e-03
-3.426945e+01	2.711212e-03
-3.416945e+01	2.725533e-03
-3.406945e+01	2.739970e-03
-3.396945e+01	2.754522e-03
-3.386945e+01	2.769192e-03
-3.376945e+01	2.783981e-03
-3.366945e+01	2.798889e-03
-3.356945e+01	2.813919e-03
-3.346945e+01	2.829071e-03
-3.336945e+01	2.844347e-03
-3.326945e+01	2.859749e-03
-3.316945e+01	2.875277e-03
-3.306945e+01	2.890933e-03
-3.296945e+01	2.906719e-03
-3.286945e+01	2.922636e-03
-3.276945e+01	2.938685e-03
-3.266945e+01	2.954868e-03
-3.256945e+01	2.971187e-03
-3.246945e+01	2.987642e-03
-3.236945e+01	3.004236e-03
-3.226945e+01	3.020970e-03
-3.216945e+01	3.037846e-03
-3.206945e+01	3.054865e-03
-3.196945e+01	3.072029e-03
-3.186945e+01	3.089339e-03
-3.176945e+01	3.106798e-03
-3.166945e+01	3.124407e-03
-3.156945e+01	3.142168e-03
-3.146945e+01	3.160082e-03
-3.136945e+01	3.178151e-03
-3.126945e+01	3.196378e-03
-3.116945e+01	3.214763e-03
-3.106945e+01	3.233309e-03
-3.096945e+01	3.252018e-03
-3.086945e+01	3.270892e-03
-3.076945e+01	3.289932e-03
-3.066945e+01	3.309141e-03
-3.056945e+01	3.328521e-03
-3.046945e+01	3.348073e-03
-3.036945e+01	3.367801e-03
-3.026945e+01	3.387704e-03
-3.016945e+01	3.407787e-03
-3.006945e+01	3.428052e-03
-2.996945e+01	3.448499e-03
-2.986945e+01	3.469133e-03
-2.976945e+01	3.489954e-03
-2.966945e+01	3.510965e-03
-2.956945e+01	3.532169e-03
-2.946945e+01	3.553568e-03
-2.936945e+01	3.575165e-03
-2.926945e+01	3.596961e-03
-2.916945e+01	3.618960e-03
-2.906945e+01	3.641163e-03
-2.896945e+01	3.663574e-03
-2.886945e+01	3.686195e-03
-2.876945e+01	3.709029e-03
-2.866945e+01	3.732079e-03
-2.856945e+01	3.755347e-03
-2.846945e+01	3.778836e-03
-2.836945e+01	3.802548e-03
-2.826945e+01	3.826488e-03
-2.816945e+01	3.850657e-03
-2.806945e+01	3.875059e-03
-2.796945e+01	3.899696e-03
-2.786945e+01	3.924573e-03
-2.776945e+01	3.949691e-03
-2.766945e+01	3.975055e-03
-2.756945e+01	4.000667e-03
-2.746945e+01	4.026530e-03
-2.736945e+01	4.052649e-03
-2.726945e+01	4.079026e-03
-2.716945e+01	4.105665e-03
-2.706945e+01	4.132569e-03
-2.696945e+01	4.159742e-03
-2.686945e+01	4.187188e-03
-2.676945e+01	4.214911e-03
-2.666945e+01	4.242913e-03
-2.656945e+01	4.271199e-03
-2.646945e+01	4.299774e-03
-2.636945e+01	4.328640e-03
-2.626945e+01	4.357801e-03
-2.616945e+01	4.387263e-03
-2.606945e+01	4.417029e-03
-2.596945e+01	4.447104e-03
-2.586945e+01	4.477491e-03
-2.576945e+01	4.508196e-03
-2.566945e+01	4.539222e-03
-2.556945e+01	4.570574e-03
-2.546945e+01	4.602257e-03
-2.536945e+01	4.634276e-03
-2.526945e+01	4.666635e-03
-2.516945e+01	4.699340e-03
-2.506945e+01	4.732395e-03
-2.496945e+01	4.765805e-03
-2.486945e+01	4.799576e-03
-2.476945e+01	4.833713e-03
-2.466945e+01	4.868221e-03
-2.456945e+01	4.903106e-03
-2.446945e+01	4.938374e-03
-2.436945e+01	4.974029e-03
-2.426945e+01	5.010079e-03
-2.416945e+01	5.046528e-03
-2.406945e+01	5.083383e-03
-2.396945e+01	5.120650e-03
-2.386945e+01	5.158335e-03
-2.376945e+01	5.196444e-03
-2.366945e+01	5.234985e-03
-2.356945e+01	5.273964e-03
-2.346945e+01	5.313387e-03
-2.336945e+01	5.353261e-03
-2.326945e+01	5.393593e-03
-2.316945e+01	5.434392e-03
-2.306945e+01	5.475663e-03
-2.296945e+01	5.517414e-03
-2.286945e+01	5.559653e-03
-2.276945e+01	5.602388e-03
-2.266945e+01	5.645627e-03
-2.256945e+01	5.689377e-03
-2.246945e+01	5.733647e-03
-2.236945e+01	5.778446e-03
-2.226945e+01	5.823781e-03
-2.216945e+01	5.869662e-03
-2.206945e+01	5.916097e-03
-2.196945e+01	5.963097e-03
-2.186945e+01	6.010669e-03
-2.176945e+01	6.058824e-03
-2.166945e+01	6.107571e-03
-2.156945e+01	6.156920e-03
-2.146945e+01	6.206882e-03
-2.136945e+01	6.257466e-03
-2.126945e+01	6.308684e-03
-2.116945e+01	6.360545e-03
-2.106945e+01	6.413062e-03
-2.096945e+01	6.466245e-03
-2.086945e+01	6.520106e-03
-2.076945e+01	6.574657e-03
-2.066945e+01	6.629910e-03
-2.056945e+01	6.685876e-03
-2.046945e+01	6.742570e-03
-2.036945e+01	6.800003e-03
-2.026945e+01	6.858188e-03
-2.016945e+01	6.917140e-03
-2.006945e+01	6.976872e-03
-1.996945e+01	7.037397e-03
-1.986945e+01	7.098732e-03
-1.976945e+01	7.160889e-03
-1.966945e+01	7.223885e-03
-1.956945e+01	7.287734e-03
-1.946945e+01	7.352453e-03
-1.936945e+01	7.418058e-03
-1.926945e+01	7.484565e-03
-1.916945e+01	7.551992e-03
-1.906945e+01	7.620355e-03
-1.896945e+01	7.689672e-03
-1.886945e+01	7.759963e-03
-1.876945e+01	7.831244e-03
-1.866945e+01	7.903536e-03
-1.856945e+01	7.976858e-03
-1.846945e+01	8.051231e-03
-1.836945e+01	8.126674e-03
-1.826945e+01	8.203209e-03
-1.816945e+01	8.280857e-03
-1.806945e+01	8.359641e-03
-1.796945e+01	8.439584e-03
-1.786945e+01	8.520708e-03
-1.776945e+01	8.603038e-03
-1.766945e+01	8.686599e-03
-1.756945e+01	8.771415e-03
-1.746945e+01	8.857512e-03
-1.736945e+01	8.944917e-03
-1.726945e+01	9.033658e-03
-1.716945e+01	9.123762e-03
-1.706945e+01	9.215257e-03
-1.696945e+01	9.308174e-03
-1.686945e+01	9.402543e-03
-1.676945e+01	9.498394e-03
-1.666945e+01	9.595761e-03
-1.656945e+01	9.694675e-03
-1.646945e+01	9.795171e-03
-1.636945e+01	9.897283e-03
-1.626945e+01	1.000105e-02
-1.616945e+01	1.010650e-02
-1.606945e+01	1.021368e-02
-1.596945e+01	1.032262e-02
-1.586945e+01	1.043338e-02
-1.576945e+01	1.054597e-02
-1.566945e+01	1.066046e-02
-1.556945e+01	1.077688e-02
-1.546945e+01	1.089527e-02
-1.536945e+01	1.101569e-02
-1.526945e+01	1.113819e-02
-1.516945e+01	1.126280e-02
-1.506945e+01	1.138958e-02
-1.496945e+01	1.151859e-02
-1.486945e+01	1.164987e-02
-1.476945e+01	1.178349e-02
-1.466945e+01	1.191950e-02
-1.456945e+01	1.205795e-02
-1.446945e+01	1.219892e-02
-1.436945e+01	1.234246e-02
-1.426945e+01	1.248863e-02
-1.416945e+01	1.263751e-02
-1.406945e+01	1.278916e-02
-1.396945e+01	1.294366e-02
-1.386945e+01	1.310108e-02
-1.376945e+01	1.326149e-02
-1.366945e+01	1.342497e-02
-1.356945e+01	1.359161e-02
-1.346945e+01	1.376149e-02
-1.336945e+01	1.393470e-02
-1.326945e+01	1.411132e-02
-1.316945e+01	1.429145e-02
-1.306945e+01	1.447519e-02
-1.296945e+01	1.466264e-02
-1.286945e+01	1.485390e-02
-1.276945e+01	1.504908e-02
-1.266945e+01	1.524828e-02
-1.256945e+01	1.545163e-02
-1.246945e+01	1.565925e-02
-1.236945e+01	1.587126e-02
-1.226945e+01	1.608778e-02
-1.216945e+01	1.630896e-02
-1.206945e+01	1.653492e-02
-1.196945e+01	1.676583e-02
-1.186945e+01	1.700181e-02
-1.176945e+01	1.724304e-02
-1.166945e+01	1.748968e-02
-1.156945e+01	1.774188e-02
-1.146945e+01	1.799983e-02
-1.136945e+01	1.826372e-02
-1.126945e+01	1.853372e-02
-1.116945e+01	1.881004e-02
-1.106945e+01	1.909289e-02
-1.096945e+01	1.938247e-02
-1.086945e+01	1.967902e-02
-1.076945e+01	1.998277e-02
-1.066945e+01	2.029397e-02
-1.056945e+01	2.061286e-02
-1.046945e+01	2.093971e-02
-1.036945e+01	2.127481e-02
-1.026945e+01	2.161844e-02
-1.016945e+01	2.197091e-02
-1.006945e+01	2.233253e-02
-9.969451e+00	2.270365e-02
-9.869451e+00	2.308461e-02
-9.769451e+00	2.347578e-02
-9.669451e+00	2.387753e-02
-9.569451e+00	2.429028e-02
-9.469451e+00	2.471445e-02
-9.369451e+00	2.515048e-02
-9.269451e+00	2.559884e-02
-9.169451e+00	2.606002e-02
-9.069451e+00	2.653454e-02
-8.969451e+00	2.702294e-02
-8.869451e+00	2.752579e-02
-8.769451e+00	2.804370e-02
-8.669451e+00	2.857730e-02
-8.569451e+00	2.912728e-02
-8.469451e+00	2.969433e-02
-8.369451e+00	3.027921e-02
-8.269451e+00	3.088271e-02
-8.169451e+00	3.150568e-02
-8.069451e+00	3.214900e-02
-7.969451e+00	3.281362e-02
-7.869451e+00	3.350054e-02
-7.769451e+00	3.421082e-02
-7.669451e+00	3.494560e-02
-7.569451e+00	3.570609e-02
-7.469451e+00	3.649355e-02
-7.369451e+00	3.730936e-02
-7.269451e+00	3.815498e-02
-7.169451e+00	3.903196e-02
-7.069451e+00	3.994197e-02
-6.969451e+00	4.088679e-02
-6.869451e+00	4.186833e-02
-6.769451e+00	4.288863e-02
-6.669451e+00	4.394991e-02
-6.569451e+00	4.505453e-02
-6.469451e+00	4.620503e-02
-6.369451e+00	4.740417e-02
-6.269451e+00	4.865492e-02
-6.169451e+00	4.996049e-02
-6.069451e+00	5.132437e-02
-5.969451e+00	5.275033e-02
-5.869451e+00	5.424248e-02
-5.769451e+00	5.580529e-02
-5.669451e+00	5.744365e-02
-5.569451e+00	5.916288e-02
-5.469451e+00	6.096884e-02
-5.369451e+00	6.286794e-02
-5.269451e+00	6.486724e-02
-5.169451e+00	6.697452e-02
-5.069451e+00	6.919841e-02
-4.969451e+00	7.154845e-02
-4.869451e+00	7.403525e-02
-4.769451e+00	7.667066e-02
-4.669451e+00	7.946794e-02
-4.569451e+00	8.244196e-02
-4.469451e+00	8.560949e-02
-4.369451e+00	8.898949e-02
-4.269451e+00	9.260351e-02
-4.169451e+00	9.647612e-02
-4.069451e+00	1.006355e-01
-3.969451e+00	1.051142e-01
-3.869451e+00	1.099497e-01
-3.769451e+00	1.151859e-01
-3.669451e+00	1.208744e-01
-3.569451e+00	1.270758e-01
-3.469451e+00	1.338625e-01
-3.369451e+00	1.413214e-01
-3.269451e+00	1.495575e-01
-3.169451e+00	1.586997e-01
-3.069451e+00	1.689067e-01
-2.969451e+00	1.803776e-01
-2.869451e+00	1.933646e-01
-2.769451e+00	2.081917e-01
-2.669451e+00	2.252825e-01
-2.569451e+00	2.452002e-01
-2.469451e+00	2.687087e-01
-2.369451e+00	2.968669e-01
-2.269451e+00	3.311790e-01
-2.169451e+00	3.738413e-01
-2.069451e+00	4.281598e-01
-1.969451e+00	4.992810e-01
-1.869451e+00	5.955126e-01
-1.769451e+00	7.307676e-01
-1.669451e+00	9.290796e-01
-1.569451e+00	1.232206e+00
-1.469451e+00	1.706797e+00
-1.369451e+00	2.415387e+00
-1.269451e+00	3.214219e+00
-1.169451e+00	3.474842e+00
-1.069451e+00	2.919171e+00
-9.694509e-01	2.190681e+00
-8.694509e-01	1.679879e+00
-7.694509e-01	1.387342e+00
-6.694509e-01	1.243192e+00
-5.694509e-01	1.199628e+00
-4.694509e-01	1.233295e+00
-3.694509e-01	1.335879e+00
-2.694509e-01	1.509996e+00
-1.694509e-01	1.781080e+00
-6.945093e-02	2.197868e+00
3.054907e-02	2.792156e+00
1.305491e-01	3.462423e+00
2.305491e-01	4.013216e+00
3.305491e-01	4.652126e+00
4.305491e-01	5.842891e+00
5.305491e-01	7.909082e+00
6.305491e-01	1.076005e+01
7.305491e-01	1.330379e+01
8.305491e-01	1.445480e+01
9.305491e-01	1.356732e+01
1.030549e+00	1.067907e+01
1.130549e+00	7.757758e+00
1.230549e+00	5.805333e+00
1.330549e+00	4.723097e+00
1.430549e+00	4.276365e+00
1.530549e+00	4.359822e+00
1.630549e+00	5.015624e+00
1.730549e+00	6.406591e+00
1.830549e+00	8.575762e+00
1.930549e+00	1.051281e+01
2.030549e+00	1.007405e+01
2.130549e+00	7.643164e+00
2.230549e+00	5.315418e+00
2.330549e+00	3.732511e+00
2.430549e+00	2.728327e+00
2.530549e+00	2.081698e+00
2.630549e+00	1.649372e+00
2.730549e+00	1.349176e+00
2.830549e+00	1.134819e+00
2.930549e+00	9.789463e-01
3.030549e+00	8.633473e-01
3.130549e+00	7.718618e-01
3.230549e+00	6.931260e-01
3.330549e+00	6.263169e-01
3.430549e+00	5.720998e-01
3.530549e+00	5.290416e-01
3.630549e+00	4.949692e-01
3.730549e+00	4.680224e-01
3.830549e+00	4.468697e-01
3.930549e+00	4.305996e-01
4.030549e+00	4.186056e-01
4.130549e+00	4.105150e-01
4.230549e+00	4.061441e-01
4.330549e+00	4.054374e-01
4.430549e+00	4.084860e-01
4.530549e+00	4.156554e-01
4.630549e+00	4.265840e-01
4.730549e+00	4.385843e-01
4.830549e+00	4.504437e-01
4.930549e+00	4.655525e-01
5.030549e+00	4.866009e-01
5.130549e+00	5.146054e-01
5.230549e+00	5.504698e-01
5.330549e+00	5.956074e-01
5.430549e+00	6.521683e-01
5.530549e+00	7.234833e-01
5.630549e+00	8.146218e-01
5.730549e+00	9.331997e-01
5.830549e+00	1.090877e+00
5.930549e+00	1.304671e+00
6.030549e+00	1.592395e+00
6.130549e+00	1.951396e+00
6.230549e+00	2.372453e+00
6.330549e+00	2.949028e+00
6.430549e+00	3.863688e+00
6.530549e+00	5.354944e+00
6.630549e+00	7.757922e+00
6.730549e+00	1.126260e+01
6.830549e+00	1.464879e+01
6.930549e+00	1.467709e+01
7.030549e+00	1.132741e+01
7.130549e+00	7.838967e+00
7.230549e+00	5.445929e+00
7.330549e+00	3.957828e+00
7.430549e+00	3.035601e+00
7.530549e+00	2.455019e+00
7.630549e+00	2.087707e+00
7.730549e+00	1.861938e+00
7.830549e+00	1.738119e+00
7.930549e+00	1.695802e+00
8.030549e+00	1.727366e+00
8.130549e+00	1.835676e+00
8.230549e+00	2.034667e+00
8.330549e+00	2.353080e+00
8.430549e+00	2.842890e+00
8.530549e+00	3.595954e+00
8.630549e+00	4.775088e+00
8.730549e+00	6.663630e+00
8.830549e+00	9.689765e+00
8.930549e+00	1.409621e+01
9.030549e+00	1.833357e+01
9.130549e+00	1.831252e+01
9.230549e+00	1.403649e+01
9.330549e+00	9.593709e+00
9.430549e+00	6.529307e+00
9.530549e+00	4.598730e+00
9.630549e+00	3.372626e+00
9.730549e+00	2.566230e+00
9.830549e+00	2.014779e+00
9.930549e+00	1.623748e+00
1.003055e+01	1.337480e+00
1.013055e+01	1.122044e+00
1.023055e+01	9.560127e-01
1.033055e+01	8.254024e-01
1.043055e+01	7.208151e-01
1.053055e+01	6.357663e-01
1.063055e+01	5.656810e-01
1.073055e+01	5.072722e-01
1.083055e+01	4.581432e-01
1.093055e+01	4.164829e-01
1.103055e+01	3.807141e-01
1.113055e+01	3.493710e-01
1.123055e+01	3.217271e-01
1.133055e+01	2.975648e-01
1.143055e+01	2.765147e-01
1.153055e+01	2.580527e-01
1.163055e+01	2.416020e-01
1.173055e+01	2.269056e-01
1.183055e+01	2.137183e-01
1.193055e+01	2.015562e-01
1.203055e+01	1.902537e-01
1.213055e+01	1.797817e-01
1.223055e+01	1.703241e-01
1.233055e+01	1.620394e-01
1.243055e+01	1.549955e-01
1.253055e+01	1.487866e-01
1.263055e+01	1.423019e-01
1.273055e+01	1.353345e-01
1.283055e+01	1.288215e-01
1.293055e+01	1.230317e-01
1.303055e+01	1.175331e-01
1.313055e+01	1.123084e-01
1.323055e+01	1.076658e-01
1.333055e+01	1.036618e-01
1.343055e+01	1.002033e-01
1.353055e+01	9.692748e-02
1.363055e+01	9.340072e-02
1.373055e+01	8.986979e-02
1.383055e+01	8.672797e-02
1.393055e+01	8.390462e-02
1.403055e+01	8.096522e-02
1.413055e+01	7.790443e-02
1.423055e+01	7.508289e-02
1.433055e+01	7.262301e-02
1.443055e+01	7.051970e-02
1.453055e+01	6.879183e-02
1.463055e+01	6.748024e-02
1.473055e+01	6.641322e-02
1.483055e+01	6.486693e-02
1.493055e+01	6.246686e-02
1.503055e+01	5.992328e-02
1.513055e+01	5.769577e-02
1.523055e+01	5.578379e-02
1.533055e+01	5.409757e-02
1.543055e+01	5.257026e-02
1.553055e+01	5.116131e-02
1.563055e+01	4.984641e-02
1.573055e+01	4.861046e-02
1.583055e+01	4.744365e-02
1.593055e+01	4.633934e-02
1.603055e+01	4.529288e-02
1.613055e+01	4.430108e-02
1.623055e+01	4.336178e-02
1.633055e+01	4.247376e-02
1.643055e+01	4.163669e-02
1.653055e+01	4.085118e-02
1.663055e+01	4.011895e-02
1.673055e+01	3.944312e-02
1.683055e+01	3.882869e-02
1.693055e+01	3.828328e-02
1.703055e+01	3.781832e-02
1.713055e+01	3.745101e-02
1.723055e+01	3.720757e-02
1.733055e+01	3.712883e-02
1.743055e+01	3.728027e-02
1.753055e+01	3.777030e-02
1.763055e+01	3.878421e-02
1.773055e+01	4.064429e-02
1.783055e+01	4.389071e-02
1.793055e+01	4.922186e-02
1.803055e+01	5.644752e-02
1.813055e+01	6.164769e-02
1.823055e+01	5.990013e-02
1.833055e+01	5.364086e-02
1.843055e+01	4.725873e-02
1.853055e+01	4.272123e-02
1.863055e+01	4.019641e-02
1.873055e+01	3.922218e-02
1.883055e+01	3.929454e-02
1.893055e+01	4.023753e-02
1.903055e+01	4.251042e-02
1.913055e+01	4.684232e-02
1.923055e+01	5.397163e-02
1.933055e+01	6.398082e-02
1.943055e+01	7.657387e-02
1.953055e+01	9.323290e-02
1.963055e+01	1.097288e-01
1.973055e+01	1.112542e-01
1.983055e+01	9.409773e-02
1.993055e+01	7.300084e-02
2.003055e+01	5.723654e-02
2.013055e+01	4.666593e-02
2.023055e+01	3.947462e-02
2.033055e+01	3.459395e-02
2.043055e+01	3.125643e-02
2.053055e+01	2.889102e-02
2.063055e+01	2.712978e-02
2.073055e+01	2.580756e-02
2.083055e+01	2.484740e-02
2.093055e+01	2.419889e-02
2.103055e+01	2.384909e-02
2.113055e+01	2.383572e-02
2.123055e+01	2.426656e-02
2.133055e+01	2.534814e-02
2.143055e+01	2.736610e-02
2.153055e+01	3.029434e-02
2.163055e+01	3.262213e-02
2.173055e+01	3.230300e-02
2.183055e+01	3.039294e-02
2.193055e+01	2.872201e-02
2.203055e+01	2.816490e-02
2.213055e+01	2.877817e-02
2.223055e+01	2.934822e-02
2.233055e+01	2.832005e-02
2.243055e+01	2.599758e-02
2.253055e+01	2.330818e-02
2.263055e+01	2.097008e-02
2.273055e+01	1.924214e-02
2.283055e+01	1.802438e-02
2.293055e+01	1.713224e-02
2.303055e+01	1.644688e-02
2.313055e+01	1.590645e-02
2.323055e+01	1.546943e-02
2.333055e+01	1.510565e-02
2.343055e+01	1.479486e-02
2.353055e+01	1.452401e-02
2.363055e+01	1.428472e-02
2.373055e+01	1.407166e-02
2.383055e+01	1.388173e-02
2.393055e+01	1.371360e-02
2.403055e+01	1.356778e-02
2.413055e+01	1.344705e-02
2.423055e+01	1.335736e-02
2.433055e+01	1.330936e-02
2.443055e+01	1.332047e-02
2.453055e+01	1.340793e-02
2.463055e+01	1.353742e-02
2.473055e+01	1.355780e-02
2.483055e+01	1.339829e-02
2.493055e+01	1.323761e-02
2.503055e+01	1.321369e-02
2.513055e+01	1.337325e-02
2.523055e+01	1.373475e-02
2.533055e+01	1.420361e-02
2.543055e+01	1.446684e-02
2.553055e+01	1.435665e-02
2.563055e+01	1.419517e-02
2.573055e+01	1.416393e-02
2.583055e+01	1.417801e-02
2.593055e+01	1.434106e-02
2.603055e+01	1.488309e-02
2.613055e+01	1.597719e-02
2.623055e+01	1.759580e-02
2.633055e+01	1.907742e-02
2.643055e+01	1.917417e-02
2.653055e+01	1.823430e-02
2.663055e+01	1.767909e-02
2.673055e+01	1.786554e-02
2.683055e+01	1.805337e-02
2.693055e+01	1.743646e-02
2.703055e+01	1.660023e-02
2.713055e+01	1.629009e-02
2.723055e+01	1.669416e-02
2.733055e+01	1.787502e-02
2.743055e+01	1.991283e-02
2.753055e+01	2.267142e-02
2.763055e+01	2.563550e-02
2.773055e+01	2.864293e-02
2.783055e+01	3.120411e-02
2.793055e+01	3.182387e-02
2.803055e+01	3.129032e-02
2.813055e+01	3.192422e-02
2.823055e+01	3.548480e-02
2.833055e+01	4.234534e-02
2.843055e+01	5.031268e-02
2.853055e+01	5.425353e-02
2.863055e+01	5.304649e-02
2.873055e+01	5.201749e-02
2.883055e+01	5.294328e-02
2.893055e+01	5.087809e-02
2.903055e+01	4.355738e-02
2.913055e+01	3.490426e-02
2.923055e+01	2.841467e-02
2.933055e+01	2.463153e-02
2.943055e+01	2.301605e-02
2.953055e+01	2.313535e-02
2.963055e+01	2.462113e-02
2.973055e+01	2.707194e-02
2.983055e+01	3.013397e-02
2.993055e+01	3.339690e-02
3.003055e+01	3.819733e-02
3.013055e+01	4.444975e-02
3.023055e+01	4.582936e-02
3.033055e+01	3.891307e-02
3.043055e+01	3.023943e-02
3.053055e+01	2.392837e-02
3.063055e+01	2.002790e-02
3.073055e+01	1.783118e-02
3.083055e+01	1.656084e-02
3.093055e+01	1.540247e-02
3.103055e+01	1.415717e-02
3.113055e+01	1.315505e-02
3.123055e+01	1.253288e-02
3.133055e+01	1.227230e-02
3.143055e+01	1.234212e-02
3.153055e+01	1.276500e-02
3.163055e+01	1.361860e-02
3.173055e+01	1.502745e-02
3.183055e+01	1.720960e-02
3.193055e+01	2.061746e-02
3.203055e+01	2.593502e-02
3.213055e+01	3.322878e-02
3.223055e+01	3.983867e-02
3.233055e+01	4.109320e-02
3.243055e+01	3.712581e-02
3.253055e+01	3.061760e-02
3.263055e+01	2.416931e-02
3.273055e+01	1.944435e-02
3.283055e+01	1.648742e-02
3.293055e+01	1.461593e-02
3.303055e+01	1.327107e-02
3.313055e+01	1.239071e-02
3.323055e+01	1.195597e-02
3.333055e+01	1.185261e-02
3.343055e+01	1.198030e-02
3.353055e+01	1.229262e-02
3.363055e+01	1.273797e-02
3.373055e+01	1.291881e-02
3.383055e+01	1.291618e-02
3.393055e+01	1.316147e-02
3.403055e+01	1.374903e-02
3.413055e+01	1.490502e-02
3.423055e+01	1.713744e-02
3.433055e+01	2.063449e-02
3.443055e+01	2.420527e-02
3.453055e+01	2.538253e-02
3.463055e+01	2.305861e-02
3.473055e+01	1.912448e-02
3.483055e+01	1.547286e-02
3.493055e+01	1.289864e-02
3.503055e+01	1.138535e-02
3.513055e+01	1.067684e-02
3.523055e+01	1.059197e-02
3.533055e+01	1.102106e-02
3.543055e+01	1.187266e-02
3.553055e+01	1.299047e-02
3.563055e+01	1.348734e-02
3.573055e+01	1.239366e-02
3.583055e+01	1.070502e-02
3.593055e+01	9.479432e-03
3.603055e+01	8.864360e-03
3.613055e+01	8.780992e-03
3.623055e+01	9.228232e-03
3.633055e+01	1.028019e-02
3.643055e+01	1.178558e-02
3.653055e+01	1.264582e-02
3.663055e+01	1.170246e-02
3.673055e+01	9.976985e-03
3.683055e+01	8.644858e-03
3.693055e+01	7.849862e-03
3.703055e+01	7.387750e-03
3.713055e+01	7.107453e-03
3.723055e+01	7.020380e-03
3.733055e+01	7.149800e-03
3.743055e+01	7.504582e-03
3.753055e+01	8.203919e-03
3.763055e+01	9.445089e-03
3.773055e+01	1.117683e-02
3.783055e+01	1.242569e-02
3.793055e+01	1.177892e-02
3.803055e+01	9.875675e-03
3.813055e+01	8.182573e-03
3.823055e+01	7.062227e-03
3.833055e+01	6.376647e-03
3.843055e+01	5.971041e-03
3.853055e+01	5.732207e-03
3.863055e+01	5.556980e-03
3.873055e+01	5.385785e-03
3.883055e+01	5.242557e-03
3.893055e+01	5.165846e-03
3.903055e+01	5.149041e-03
3.913055e+01	5.135812e-03
3.923055e+01	5.091701e-03
3.933055e+01	5.059537e-03
3.943055e+01	5.061426e-03
3.953055e+01	5.103147e-03
3.963055e+01	5.208679e-03
3.973055e+01	5.375910e-03
3.983055e+01	5.541164e-03
3.993055e+01	5.651138e-03
4.003055e+01	5.743151e-03
4.013055e+01	5.877213e-03
4.023055e+01	6.110670e-03
4.033055e+01	6.505624e-03
4.043055e+01	7.085673e-03
4.053055e+01	7.692810e-03
4.063055e+01	8.030226e-03
4.073055e+01	8.249996e-03
4.083055e+01	8.755855e-03
4.093055e+01	9.711451e-03
4.103055e+01	1.110673e-02
4.113055e+01	1.307549e-02
4.123055e+01	1.618711e-02
4.133055e+01	2.128361e-02
4.143055e+01	2.933974e-02
4.153055e+01	3.993059e-02
4.163055e+01	4.675983e-02
4.173055e+01	4.238345e-02
4.183055e+01	3.250579e-02
4.193055e+01	2.417344e-02
4.203055e+01	1.831607e-02
4.213055e+01	1.445238e-02
4.223055e+01	1.206202e-02
4.233055e+01	1.067264e-02
4.243055e+01	9.869068e-03
4.253055e+01	9.108909e-03
4.263055e+01	8.090478e-03
4.273055e+01	7.060673e-03
4.283055e+01	6.229706e-03
4.293055e+01	5.622822e-03
4.303055e+01	5.192202e-03
4.313055e+01	4.883598e-03
4.323055e+01	4.661198e-03
4.333055e+01	4.507018e-03
4.343055e+01	4.411708e-03
4.353055e+01	4.360530e-03
4.363055e+01	4.315664e-03
4.373055e+01	4.259549e-03
4.383055e+01	4.233938e-03
4.393055e+01	4.276351e-03
4.403055e+01	4.413262e-03
4.413055e+01	4.684885e-03
4.423055e+01	5.145775e-03
4.433055e+01	5.793128e-03
4.443055e+01	6.410516e-03
4.453055e+01	6.778623e-03
4.463055e+01	7.062834e-03
4.473055e+01	7.091100e-03
4.483055e+01	6.579694e-03
4.493055e+01	5.814419e-03
4.503055e+01	5.108011e-03
4.513055e+01	4.625006e-03
4.523055e+01	4.338308e-03
4.533055e+01	4.132916e-03
4.543055e+01	3.960281e-03
4.553055e+01	3.850306e-03
4.563055e+01	3.820926e-03
4.573055e+01	3.881293e-03
4.583055e+01	4.053131e-03
4.593055e+01	4.385003e-03
4.603055e+01	4.925424e-03
4.613055e+01	5.565712e-03
4.623055e+01	5.811331e-03
4.633055e+01	5.395976e-03
4.643055e+01	4.817316e-03
4.653055e+01	4.383628e-03
4.663055e+01	4.094795e-03
4.673055e+01	3.913171e-03
4.683055e+01	3.790520e-03
4.693055e+01	3.684349e-03
4.703055e+01	3.591282e-03
4.713055e+01	3.529608e-03
4.723055e+01	3.514736e-03
4.733055e+01	3.552152e-03
4.743055e+01	3.649547e-03
4.753055e+01	3.820236e-03
4.763055e+01	4.084092e-03
4.773055e+01	4.469966e-03
4.783055e+01	4.999092e-03
4.793055e+01	5.558824e-03
4.803055e+01	5.833649e-03
4.813055e+01	5.866550e-03
4.823055e+01	6.047833e-03
4.833055e+01	6.582663e-03
4.843055e+01	7.599598e-03
4.853055e+01	9.330351e-03
4.863055e+01	1.218923e-02
4.873055e+01	1.655414e-02
4.883055e+01	2.140178e-02
4.893055e+01	2.269235e-02
4.903055e+01	1.896855e-02
4.913055e+01	1.434959e-02
4.923055e+01	1.110922e-02
4.933055e+01	9.042083e-03
4.943055e+01	7.569050e-03
4.953055e+01	6.357075e-03
4.963055e+01	5.402560e-03
4.973055e+01	4.737024e-03
4.983055e+01	4.306094e-03
4.993055e+01	4.046438e-03
5.003055e+01	3.919540e-03
5.013055e+01	3.881691e-03
5.023055e+01	3.865084e-03
5.033055e+01	3.803021e-03
5.043055e+01	3.684494e-03
5.053055e+01	3.598841e-03
5.063055e+01	3.638664e-03
5.073055e+01	3.849092e-03
5.083055e+01	4.190737e-03
5.093055e+01	4.391767e-03
5.103055e+01	4.175535e-03
5.113055e+01	3.793071e-03
5.123055e+01	3.543096e-03
5.133055e+01	3.486644e-03
5.143055e+01	3.596511e-03
5.153055e+01	3.769897e-03
5.163055e+01	3.772567e-03
5.173055e+01	3.538547e-03
5.183055e+01	3.300551e-03
5.193055e+01	3.172678e-03
5.203055e+01	3.104118e-03
5.213055e+01	3.024959e-03
5.223055e+01	2.957693e-03
5.233055e+01	2.947002e-03
5.243055e+01	3.015272e-03
5.253055e+01	3.125077e-03
5.263055e+01	3.218562e-03
5.273055e+01	3.358684e-03
5.283055e+01	3.605718e-03
5.293055e+01	3.813750e-03
5.303055e+01	3.788154e-03
5.313055e+01	3.686018e-03
5.323055e+01	3.715713e-03
5.333055e+01	3.937850e-03
5.343055e+01	4.397728e-03
5.353055e+01	5.001295e-03
5.363055e+01	5.280470e-03
5.373055e+01	5.036269e-03
5.383055e+01	4.742674e-03
5.393055e+01	4.465406e-03
5.403055e+01	3.964183e-03
5.413055e+01	3.399879e-03
5.423055e+01	2.974131e-03
5.433055e+01	2.695661e-03
5.443055e+01	2.515953e-03
5.453055e+01	2.394624e-03
5.463055e+01	2.304749e-03
5.473055e+01	2.238204e-03
5.483055e+01	2.192830e-03
5.493055e+01	2.167517e-03
5.503055e+01	2.165428e-03
5.513055e+01	2.188038e-03
5.523055e+01	2.235750e-03
5.533055e+01	2.298812e-03
5.543055e+01	2.334175e-03
5.553055e+01	2.292839e-03
5.563055e+01	2.191240e-03
5.573055e+01	2.090744e-03
5.583055e+01	2.017768e-03
5.593055e+01	1.972082e-03
5.603055e+01	1.947555e-03
5.613055e+01	1.935657e-03
5.623055e+01	1.925251e-03
5.633055e+01	1.911168e-03
5.643055e+01	1.892577e-03
5.653055e+01	1.870411e-03
5.663055e+01	1.850652e-03
5.673055e+01	1.837290e-03
5.683055e+01	1.829152e-03
5.693055e+01	1.822654e-03
5.703055e+01	1.815838e-03
5.713055e+01	1.810042e-03
5.723055e+01	1.806454e-03
5.733055e+01	1.805228e-03
5.743055e+01	1.806013e-03
5.753055e+01	1.808903e-03
5.763055e+01	1.814038e-03
5.773055e+01	1.820833e-03
5.783055e+01	1.828225e-03
5.793055e+01	1.836656e-03
5.803055e+01	1.847295e-03
5.813055e+01	1.860700e-03
5.823055e+01	1.877198e-03
5.833055e+01	1.897337e-03
5.843055e+01	1.921957e-03
5.853055e+01	1.952194e-03
5.863055e+01	1.989386e-03
5.873055e+01	2.033655e-03
5.883055e+01	2.081716e-03
5.893055e+01	2.132685e-03
5.903055e+01	2.192371e-03
5.913055e+01	2.266620e-03
5.923055e+01	2.362574e-03
5.933055e+01	2.490136e-03
5.943055e+01	2.663858e-03
5.953055e+01	2.906542e-03
5.963055e+01	3.244160e-03
5.973055e+01	3.659989e-03
5.983055e+01	4.000800e-03
5.993055e+01	4.139225e-03
6.003055e+01	4.264438e-03
6.013055e+01	4.573927e-03
6.023055e+01	5.149251e-03
6.033055e+01	6.071649e-03
6.043055e+01	7.457723e-03
6.053055e+01	9.371270e-03
6.063055e+01	1.171932e-02
6.073055e+01	1.440757e-02
6.083055e+01	1.804065e-02
6.093055e+01	2.400111e-02
6.103055e+01	3.196793e-02
6.113055e+01	3.632921e-02
6.123055e+01	3.164072e-02
6.133055e+01	2.326120e-02
6.143055e+01	1.667171e-02
6.153055e+01	1.237630e-02
6.163055e+01	9.664915e-03
6.173055e+01	8.033935e-03
6.183055e+01	7.161844e-03
6.193055e+01	6.854094e-03
6.203055e+01	6.910690e-03
6.213055e+01	7.011228e-03
6.223055e+01	6.790246e-03
6.233055e+01	6.457290e-03
6.243055e+01	6.253710e-03
6.253055e+01	5.783129e-03
6.263055e+01	4.983226e-03
6.273055e+01	4.257847e-03
6.283055e+01	3.764156e-03
6.293055e+01	3.482784e-03
6.303055e+01	3.314033e-03
6.313055e+01	3.139939e-03
6.323055e+01	2.976976e-03
6.333055e+01	2.893528e-03
6.343055e+01	2.907671e-03
6.353055e+01	3.026747e-03
6.363055e+01	3.273589e-03
6.373055e+01	3.643310e-03
6.383055e+01	4.020231e-03
6.393055e+01	4.256062e-03
6.403055e+01	4.492137e-03
6.413055e+01	5.006782e-03
6.423055e+01	5.961757e-03
6.433055e+01	7.441759e-03
6.443055e+01	9.013184e-03
6.453055e+01	9.214084e-03
6.463055e+01	7.796561e-03
6.473055e+01	6.286527e-03
6.483055e+01	5.408280e-03
6.493055e+01	5.147340e-03
6.503055e+01	5.412245e-03
6.513055e+01	6.107501e-03
6.523055e+01	6.905243e-03
6.533055e+01	7.160072e-03
6.543055e+01	6.814495e-03
6.553055e+01	6.234890e-03
6.563055e+01	5.282789e-03
6.573055e+01	4.233007e-03
6.583055e+01	3.444468e-03
6.593055e+01	2.930712e-03
6.603055e+01	2.602493e-03
6.613055e+01	2.383225e-03
6.623055e+01	2.225840e-03
6.633055e+01	2.105950e-03
6.643055e+01	2.013516e-03
6.653055e+01	1.954453e-03
6.663055e+01	1.931682e-03
6.673055e+01	1.946139e-03
6.683055e+01	2.002680e-03
6.693055e+01	2.113198e-03
6.703055e+01	2.301111e-03
6.713055e+01	2.613500e-03
6.723055e+01	3.118377e-03
6.733055e+01	3.823179e-03
6.743055e+01	4.404089e-03
6.753055e+01	4.267494e-03
6.763055e+01	3.605592e-03
6.773055e+01	3.012383e-03
6.783055e+01	2.645511e-03
6.793055e+01	2.450521e-03
6.803055e+01	2.383361e-03
6.813055e+01	2.440133e-03
6.823055e+01	2.640950e-03
6.833055e+01	3.040204e-03
6.843055e+01	3.714113e-03
6.853055e+01	4.630303e-03
6.863055e+01	5.260648e-03
6.873055e+01	4.924694e-03
6.883055e+01	4.066118e-03
6.893055e+01	3.365408e-03
6.903055e+01	2.978595e-03
6.913055e+01	2.838936e-03
6.923055e+01	2.854341e-03
6.933055e+01	3.016812e-03
6.943055e+01	3.413059e-03
6.953055e+01	3.990028e-03
6.963055e+01	4.261275e-03
6.973055e+01	3.813174e-03
6.983055e+01	3.096246e-03
6.993055e+01	2.523180e-03
