#RPA-results:
#Nucleus: Ni 74
#Fermi level: -4.992964e+00	-1.506242e+01
#Excitation: 1 +
#Total number of pairs: 1032
#Number of ph-/ah-pairs: 1032/0
#Maximal excitation-energy for particle-hole-pairs: 100
#Maximal excitation-energy for antiparticle-hole-pairs: 1000
#No imaginary eigenvalues

#Parameterset: DD-PC1
#natural parity: no
#Isoscalar result:

#width: 5.000000e-01
#maximum value: 2.020129e-03
#at energy: 6.993055e+01
-9.006945e+01	4.000403e-04
-8.996945e+01	4.008401e-04
-8.986945e+01	4.016424e-04
-8.976945e+01	4.024471e-04
-8.966945e+01	4.032543e-04
-8.956945e+01	4.040639e-04
-8.946945e+01	4.048759e-04
-8.936945e+01	4.056904e-04
-8.926945e+01	4.065073e-04
-8.916945e+01	4.073267e-04
-8.906945e+01	4.081486e-04
-8.896945e+01	4.089730e-04
-8.886945e+01	4.097999e-04
-8.876945e+01	4.106293e-04
-8.866945e+01	4.114613e-04
-8.856945e+01	4.122958e-04
-8.846945e+01	4.131328e-04
-8.836945e+01	4.139724e-04
-8.826945e+01	4.148145e-04
-8.816945e+01	4.156593e-04
-8.806945e+01	4.165066e-04
-8.796945e+01	4.173565e-04
-8.786945e+01	4.182090e-04
-8.776945e+01	4.190642e-04
-8.766945e+01	4.199220e-04
-8.756945e+01	4.207824e-04
-8.746945e+01	4.216455e-04
-8.736945e+01	4.225112e-04
-8.726945e+01	4.233796e-04
-8.716945e+01	4.242507e-04
-8.706945e+01	4.251245e-04
-8.696945e+01	4.260011e-04
-8.686945e+01	4.268803e-04
-8.676945e+01	4.277622e-04
-8.666945e+01	4.286470e-04
-8.656945e+01	4.295344e-04
-8.646945e+01	4.304246e-04
-8.636945e+01	4.313176e-04
-8.626945e+01	4.322134e-04
-8.616945e+01	4.331120e-04
-8.606945e+01	4.340134e-04
-8.596945e+01	4.349176e-04
-8.586945e+01	4.358247e-04
-8.576945e+01	4.367346e-04
-8.566945e+01	4.376474e-04
-8.556945e+01	4.385630e-04
-8.546945e+01	4.394815e-04
-8.536945e+01	4.404030e-04
-8.526945e+01	4.413273e-04
-8.516945e+01	4.422545e-04
-8.506945e+01	4.431847e-04
-8.496945e+01	4.441178e-04
-8.486945e+01	4.450539e-04
-8.476945e+01	4.459930e-04
-8.466945e+01	4.469350e-04
-8.456945e+01	4.478800e-04
-8.446945e+01	4.488281e-04
-8.436945e+01	4.497791e-04
-8.426945e+01	4.507332e-04
-8.416945e+01	4.516903e-04
-8.406945e+01	4.526505e-04
-8.396945e+01	4.536138e-04
-8.386945e+01	4.545801e-04
-8.376945e+01	4.555496e-04
-8.366945e+01	4.565222e-04
-8.356945e+01	4.574979e-04
-8.346945e+01	4.584767e-04
-8.336945e+01	4.594587e-04
-8.326945e+01	4.604438e-04
-8.316945e+01	4.614321e-04
-8.306945e+01	4.624237e-04
-8.296945e+01	4.634184e-04
-8.286945e+01	4.644163e-04
-8.276945e+01	4.654175e-04
-8.266945e+01	4.664220e-04
-8.256945e+01	4.674297e-04
-8.246945e+01	4.684406e-04
-8.236945e+01	4.694549e-04
-8.226945e+01	4.704725e-04
-8.216945e+01	4.714934e-04
-8.206945e+01	4.725176e-04
-8.196945e+01	4.735452e-04
-8.186945e+01	4.745761e-04
-8.176945e+01	4.756104e-04
-8.166945e+01	4.766482e-04
-8.156945e+01	4.776893e-04
-8.146945e+01	4.787338e-04
-8.136945e+01	4.797818e-04
-8.126945e+01	4.808333e-04
-8.116945e+01	4.818882e-04
-8.106945e+01	4.829466e-04
-8.096945e+01	4.840085e-04
-8.086945e+01	4.850739e-04
-8.076945e+01	4.861428e-04
-8.066945e+01	4.872153e-04
-8.056945e+01	4.882914e-04
-8.046945e+01	4.893710e-04
-8.036945e+01	4.904542e-04
-8.026945e+01	4.915410e-04
-8.016945e+01	4.926315e-04
-8.006945e+01	4.937256e-04
-7.996945e+01	4.948234e-04
-7.986945e+01	4.959248e-04
-7.976945e+01	4.970299e-04
-7.966945e+01	4.981388e-04
-7.956945e+01	4.992513e-04
-7.946945e+01	5.003676e-04
-7.936945e+01	5.014877e-04
-7.926945e+01	5.026115e-04
-7.916945e+01	5.037391e-04
-7.906945e+01	5.048706e-04
-7.896945e+01	5.060058e-04
-7.886945e+01	5.071449e-04
-7.876945e+01	5.082879e-04
-7.866945e+01	5.094348e-04
-7.856945e+01	5.105855e-04
-7.846945e+01	5.117402e-04
-7.836945e+01	5.128988e-04
-7.826945e+01	5.140613e-04
-7.816945e+01	5.152278e-04
-7.806945e+01	5.163983e-04
-7.796945e+01	5.175728e-04
-7.786945e+01	5.187513e-04
-7.776945e+01	5.199339e-04
-7.766945e+01	5.211205e-04
-7.756945e+01	5.223112e-04
-7.746945e+01	5.235060e-04
-7.736945e+01	5.247049e-04
-7.726945e+01	5.259080e-04
-7.716945e+01	5.271152e-04
-7.706945e+01	5.283266e-04
-7.696945e+01	5.295421e-04
-7.686945e+01	5.307619e-04
-7.676945e+01	5.319859e-04
-7.666945e+01	5.332142e-04
-7.656945e+01	5.344467e-04
-7.646945e+01	5.356836e-04
-7.636945e+01	5.369247e-04
-7.626945e+01	5.381702e-04
-7.616945e+01	5.394200e-04
-7.606945e+01	5.406742e-04
-7.596945e+01	5.419328e-04
-7.586945e+01	5.431958e-04
-7.576945e+01	5.444632e-04
-7.566945e+01	5.457351e-04
-7.556945e+01	5.470115e-04
-7.546945e+01	5.482923e-04
-7.536945e+01	5.495777e-04
-7.526945e+01	5.508676e-04
-7.516945e+01	5.521621e-04
-7.506945e+01	5.534611e-04
-7.496945e+01	5.547648e-04
-7.486945e+01	5.560731e-04
-7.476945e+01	5.573860e-04
-7.466945e+01	5.587036e-04
-7.456945e+01	5.600259e-04
-7.446945e+01	5.613529e-04
-7.436945e+01	5.626846e-04
-7.426945e+01	5.640211e-04
-7.416945e+01	5.653624e-04
-7.406945e+01	5.667085e-04
-7.396945e+01	5.680594e-04
-7.386945e+01	5.694152e-04
-7.376945e+01	5.707758e-04
-7.366945e+01	5.721414e-04
-7.356945e+01	5.735118e-04
-7.346945e+01	5.748873e-04
-7.336945e+01	5.762676e-04
-7.326945e+01	5.776530e-04
-7.316945e+01	5.790434e-04
-7.306945e+01	5.804388e-04
-7.296945e+01	5.818393e-04
-7.286945e+01	5.832449e-04
-7.276945e+01	5.846556e-04
-7.266945e+01	5.860714e-04
-7.256945e+01	5.874925e-04
-7.246945e+01	5.889187e-04
-7.236945e+01	5.903501e-04
-7.226945e+01	5.917867e-04
-7.216945e+01	5.932287e-04
-7.206945e+01	5.946759e-04
-7.196945e+01	5.961284e-04
-7.186945e+01	5.975863e-04
-7.176945e+01	5.990495e-04
-7.166945e+01	6.005182e-04
-7.156945e+01	6.019923e-04
-7.146945e+01	6.034718e-04
-7.136945e+01	6.049568e-04
-7.126945e+01	6.064473e-04
-7.116945e+01	6.079434e-04
-7.106945e+01	6.094450e-04
-7.096945e+01	6.109522e-04
-7.086945e+01	6.124650e-04
-7.076945e+01	6.139835e-04
-7.066945e+01	6.155076e-04
-7.056945e+01	6.170374e-04
-7.046945e+01	6.185730e-04
-7.036945e+01	6.201143e-04
-7.026945e+01	6.216614e-04
-7.016945e+01	6.232144e-04
-7.006945e+01	6.247731e-04
-6.996945e+01	6.263378e-04
-6.986945e+01	6.279083e-04
-6.976945e+01	6.294848e-04
-6.966945e+01	6.310673e-04
-6.956945e+01	6.326557e-04
-6.946945e+01	6.342502e-04
-6.936945e+01	6.358507e-04
-6.926945e+01	6.374573e-04
-6.916945e+01	6.390701e-04
-6.906945e+01	6.406890e-04
-6.896945e+01	6.423140e-04
-6.886945e+01	6.439453e-04
-6.876945e+01	6.455828e-04
-6.866945e+01	6.472266e-04
-6.856945e+01	6.488767e-04
-6.846945e+01	6.505332e-04
-6.836945e+01	6.521960e-04
-6.826945e+01	6.538652e-04
-6.816945e+01	6.555409e-04
-6.806945e+01	6.572230e-04
-6.796945e+01	6.589117e-04
-6.786945e+01	6.606068e-04
-6.776945e+01	6.623086e-04
-6.766945e+01	6.640170e-04
-6.756945e+01	6.657320e-04
-6.746945e+01	6.674537e-04
-6.736945e+01	6.691821e-04
-6.726945e+01	6.709172e-04
-6.716945e+01	6.726591e-04
-6.706945e+01	6.744079e-04
-6.696945e+01	6.761635e-04
-6.686945e+01	6.779259e-04
-6.676945e+01	6.796953e-04
-6.666945e+01	6.814717e-04
-6.656945e+01	6.832551e-04
-6.646945e+01	6.850455e-04
-6.636945e+01	6.868430e-04
-6.626945e+01	6.886476e-04
-6.616945e+01	6.904593e-04
-6.606945e+01	6.922782e-04
-6.596945e+01	6.941044e-04
-6.586945e+01	6.959378e-04
-6.576945e+01	6.977785e-04
-6.566945e+01	6.996265e-04
-6.556945e+01	7.014820e-04
-6.546945e+01	7.033448e-04
-6.536945e+01	7.052151e-04
-6.526945e+01	7.070929e-04
-6.516945e+01	7.089783e-04
-6.506945e+01	7.108712e-04
-6.496945e+01	7.127717e-04
-6.486945e+01	7.146799e-04
-6.476945e+01	7.165959e-04
-6.466945e+01	7.185195e-04
-6.456945e+01	7.204509e-04
-6.446945e+01	7.223902e-04
-6.436945e+01	7.243374e-04
-6.426945e+01	7.262924e-04
-6.416945e+01	7.282554e-04
-6.406945e+01	7.302264e-04
-6.396945e+01	7.322055e-04
-6.386945e+01	7.341926e-04
-6.376945e+01	7.361879e-04
-6.366945e+01	7.381914e-04
-6.356945e+01	7.402030e-04
-6.346945e+01	7.422230e-04
-6.336945e+01	7.442512e-04
-6.326945e+01	7.462879e-04
-6.316945e+01	7.483329e-04
-6.306945e+01	7.503864e-04
-6.296945e+01	7.524483e-04
-6.286945e+01	7.545188e-04
-6.276945e+01	7.565979e-04
-6.266945e+01	7.586857e-04
-6.256945e+01	7.607821e-04
-6.246945e+01	7.628873e-04
-6.236945e+01	7.650013e-04
-6.226945e+01	7.671241e-04
-6.216945e+01	7.692558e-04
-6.206945e+01	7.713964e-04
-6.196945e+01	7.735460e-04
-6.186945e+01	7.757046e-04
-6.176945e+01	7.778723e-04
-6.166945e+01	7.800492e-04
-6.156945e+01	7.822353e-04
-6.146945e+01	7.844305e-04
-6.136945e+01	7.866351e-04
-6.126945e+01	7.888491e-04
-6.116945e+01	7.910724e-04
-6.106945e+01	7.933052e-04
-6.096945e+01	7.955475e-04
-6.086945e+01	7.977993e-04
-6.076945e+01	8.000608e-04
-6.066945e+01	8.023319e-04
-6.056945e+01	8.046128e-04
-6.046945e+01	8.069035e-04
-6.036945e+01	8.092040e-04
-6.026945e+01	8.115143e-04
-6.016945e+01	8.138347e-04
-6.006945e+01	8.161650e-04
-5.996945e+01	8.185054e-04
-5.986945e+01	8.208560e-04
-5.976945e+01	8.232167e-04
-5.966945e+01	8.255877e-04
-5.956945e+01	8.279689e-04
-5.946945e+01	8.303606e-04
-5.936945e+01	8.327627e-04
-5.926945e+01	8.351752e-04
-5.916945e+01	8.375983e-04
-5.906945e+01	8.400320e-04
-5.896945e+01	8.424764e-04
-5.886945e+01	8.449315e-04
-5.876945e+01	8.473974e-04
-5.866945e+01	8.498741e-04
-5.856945e+01	8.523618e-04
-5.846945e+01	8.548605e-04
-5.836945e+01	8.573702e-04
-5.826945e+01	8.598911e-04
-5.816945e+01	8.624231e-04
-5.806945e+01	8.649664e-04
-5.796945e+01	8.675210e-04
-5.786945e+01	8.700870e-04
-5.776945e+01	8.726645e-04
-5.766945e+01	8.752535e-04
-5.756945e+01	8.778541e-04
-5.746945e+01	8.804663e-04
-5.736945e+01	8.830903e-04
-5.726945e+01	8.857260e-04
-5.716945e+01	8.883737e-04
-5.706945e+01	8.910333e-04
-5.696945e+01	8.937049e-04
-5.686945e+01	8.963886e-04
-5.676945e+01	8.990845e-04
-5.666945e+01	9.017926e-04
-5.656945e+01	9.045130e-04
-5.646945e+01	9.072458e-04
-5.636945e+01	9.099911e-04
-5.626945e+01	9.127489e-04
-5.616945e+01	9.155193e-04
-5.606945e+01	9.183025e-04
-5.596945e+01	9.210984e-04
-5.586945e+01	9.239071e-04
-5.576945e+01	9.267288e-04
-5.566945e+01	9.295635e-04
-5.556945e+01	9.324113e-04
-5.546945e+01	9.352723e-04
-5.536945e+01	9.381465e-04
-5.526945e+01	9.410341e-04
-5.516945e+01	9.439351e-04
-5.506945e+01	9.468496e-04
-5.496945e+01	9.497776e-04
-5.486945e+01	9.527194e-04
-5.476945e+01	9.556749e-04
-5.466945e+01	9.586442e-04
-5.456945e+01	9.616275e-04
-5.446945e+01	9.646248e-04
-5.436945e+01	9.676362e-04
-5.426945e+01	9.706619e-04
-5.416945e+01	9.737018e-04
-5.406945e+01	9.767560e-04
-5.396945e+01	9.798248e-04
-5.386945e+01	9.829081e-04
-5.376945e+01	9.860061e-04
-5.366945e+01	9.891188e-04
-5.356945e+01	9.922464e-04
-5.346945e+01	9.953889e-04
-5.336945e+01	9.985464e-04
-5.326945e+01	1.001719e-03
-5.316945e+01	1.004907e-03
-5.306945e+01	1.008110e-03
-5.296945e+01	1.011329e-03
-5.286945e+01	1.014563e-03
-5.276945e+01	1.017813e-03
-5.266945e+01	1.021078e-03
-5.256945e+01	1.024360e-03
-5.246945e+01	1.027657e-03
-5.236945e+01	1.030970e-03
-5.226945e+01	1.034300e-03
-5.216945e+01	1.037645e-03
-5.206945e+01	1.041007e-03
-5.196945e+01	1.044386e-03
-5.186945e+01	1.047781e-03
-5.176945e+01	1.051193e-03
-5.166945e+01	1.054621e-03
-5.156945e+01	1.058067e-03
-5.146945e+01	1.061529e-03
-5.136945e+01	1.065009e-03
-5.126945e+01	1.068505e-03
-5.116945e+01	1.072020e-03
-5.106945e+01	1.075551e-03
-5.096945e+01	1.079100e-03
-5.086945e+01	1.082667e-03
-5.076945e+01	1.086252e-03
-5.066945e+01	1.089855e-03
-5.056945e+01	1.093475e-03
-5.046945e+01	1.097114e-03
-5.036945e+01	1.100772e-03
-5.026945e+01	1.104447e-03
-5.016945e+01	1.108141e-03
-5.006945e+01	1.111854e-03
-4.996945e+01	1.115586e-03
-4.986945e+01	1.119337e-03
-4.976945e+01	1.123106e-03
-4.966945e+01	1.126895e-03
-4.956945e+01	1.130703e-03
-4.946945e+01	1.134531e-03
-4.936945e+01	1.138378e-03
-4.926945e+01	1.142245e-03
-4.916945e+01	1.146132e-03
-4.906945e+01	1.150039e-03
-4.896945e+01	1.153966e-03
-4.886945e+01	1.157913e-03
-4.876945e+01	1.161881e-03
-4.866945e+01	1.165869e-03
-4.856945e+01	1.169878e-03
-4.846945e+01	1.173907e-03
-4.836945e+01	1.177958e-03
-4.826945e+01	1.182030e-03
-4.816945e+01	1.186123e-03
-4.806945e+01	1.190238e-03
-4.796945e+01	1.194374e-03
-4.786945e+01	1.198532e-03
-4.776945e+01	1.202712e-03
-4.766945e+01	1.206914e-03
-4.756945e+01	1.211138e-03
-4.746945e+01	1.215384e-03
-4.736945e+01	1.219653e-03
-4.726945e+01	1.223945e-03
-4.716945e+01	1.228259e-03
-4.706945e+01	1.232597e-03
-4.696945e+01	1.236957e-03
-4.686945e+01	1.241341e-03
-4.676945e+01	1.245749e-03
-4.666945e+01	1.250180e-03
-4.656945e+01	1.254635e-03
-4.646945e+01	1.259114e-03
-4.636945e+01	1.263617e-03
-4.626945e+01	1.268145e-03
-4.616945e+01	1.272697e-03
-4.606945e+01	1.277274e-03
-4.596945e+01	1.281876e-03
-4.586945e+01	1.286503e-03
-4.576945e+01	1.291155e-03
-4.566945e+01	1.295832e-03
-4.556945e+01	1.300536e-03
-4.546945e+01	1.305265e-03
-4.536945e+01	1.310020e-03
-4.526945e+01	1.314801e-03
-4.516945e+01	1.319609e-03
-4.506945e+01	1.324444e-03
-4.496945e+01	1.329305e-03
-4.486945e+01	1.334193e-03
-4.476945e+01	1.339108e-03
-4.466945e+01	1.344051e-03
-4.456945e+01	1.349022e-03
-4.446945e+01	1.354020e-03
-4.436945e+01	1.359046e-03
-4.426945e+01	1.364101e-03
-4.416945e+01	1.369184e-03
-4.406945e+01	1.374296e-03
-4.396945e+01	1.379436e-03
-4.386945e+01	1.384606e-03
-4.376945e+01	1.389805e-03
-4.366945e+01	1.395034e-03
-4.356945e+01	1.400292e-03
-4.346945e+01	1.405581e-03
-4.336945e+01	1.410899e-03
-4.326945e+01	1.416248e-03
-4.316945e+01	1.421628e-03
-4.306945e+01	1.427039e-03
-4.296945e+01	1.432481e-03
-4.286945e+01	1.437955e-03
-4.276945e+01	1.443460e-03
-4.266945e+01	1.448997e-03
-4.256945e+01	1.454566e-03
-4.246945e+01	1.460168e-03
-4.236945e+01	1.465802e-03
-4.226945e+01	1.471470e-03
-4.216945e+01	1.477170e-03
-4.206945e+01	1.482904e-03
-4.196945e+01	1.488672e-03
-4.186945e+01	1.494474e-03
-4.176945e+01	1.500310e-03
-4.166945e+01	1.506180e-03
-4.156945e+01	1.512085e-03
-4.146945e+01	1.518026e-03
-4.136945e+01	1.524002e-03
-4.126945e+01	1.530013e-03
-4.116945e+01	1.536061e-03
-4.106945e+01	1.542144e-03
-4.096945e+01	1.548264e-03
-4.086945e+01	1.554421e-03
-4.076945e+01	1.560615e-03
-4.066945e+01	1.566847e-03
-4.056945e+01	1.573116e-03
-4.046945e+01	1.579423e-03
-4.036945e+01	1.585769e-03
-4.026945e+01	1.592153e-03
-4.016945e+01	1.598577e-03
-4.006945e+01	1.605039e-03
-3.996945e+01	1.611541e-03
-3.986945e+01	1.618083e-03
-3.976945e+01	1.624666e-03
-3.966945e+01	1.631289e-03
-3.956945e+01	1.637953e-03
-3.946945e+01	1.644658e-03
-3.936945e+01	1.651405e-03
-3.926945e+01	1.658194e-03
-3.916945e+01	1.665025e-03
-3.906945e+01	1.671899e-03
-3.896945e+01	1.678816e-03
-3.886945e+01	1.685776e-03
-3.876945e+01	1.692781e-03
-3.866945e+01	1.699829e-03
-3.856945e+01	1.706922e-03
-3.846945e+01	1.714060e-03
-3.836945e+01	1.721243e-03
-3.826945e+01	1.728471e-03
-3.816945e+01	1.735746e-03
-3.806945e+01	1.743068e-03
-3.796945e+01	1.750436e-03
-3.786945e+01	1.757851e-03
-3.776945e+01	1.765315e-03
-3.766945e+01	1.772826e-03
-3.756945e+01	1.780386e-03
-3.746945e+01	1.787994e-03
-3.736945e+01	1.795653e-03
-3.726945e+01	1.803361e-03
-3.716945e+01	1.811119e-03
-3.706945e+01	1.818928e-03
-3.696945e+01	1.826788e-03
-3.686945e+01	1.834699e-03
-3.676945e+01	1.842663e-03
-3.666945e+01	1.850679e-03
-3.656945e+01	1.858748e-03
-3.646945e+01	1.866871e-03
-3.636945e+01	1.875047e-03
-3.626945e+01	1.883278e-03
-3.616945e+01	1.891564e-03
-3.606945e+01	1.899905e-03
-3.596945e+01	1.908302e-03
-3.586945e+01	1.916755e-03
-3.576945e+01	1.925266e-03
-3.566945e+01	1.933834e-03
-3.556945e+01	1.942459e-03
-3.546945e+01	1.951144e-03
-3.536945e+01	1.959887e-03
-3.526945e+01	1.968690e-03
-3.516945e+01	1.977553e-03
-3.506945e+01	1.986476e-03
-3.496945e+01	1.995461e-03
-3.486945e+01	2.004508e-03
-3.476945e+01	2.013617e-03
-3.466945e+01	2.022789e-03
-3.456945e+01	2.032024e-03
-3.446945e+01	2.041324e-03
-3.436945e+01	2.050688e-03
-3.426945e+01	2.060118e-03
-3.416945e+01	2.069613e-03
-3.406945e+01	2.079175e-03
-3.396945e+01	2.088805e-03
-3.386945e+01	2.098502e-03
-3.376945e+01	2.108268e-03
-3.366945e+01	2.118103e-03
-3.356945e+01	2.128008e-03
-3.346945e+01	2.137983e-03
-3.336945e+01	2.148029e-03
-3.326945e+01	2.158147e-03
-3.316945e+01	2.168338e-03
-3.306945e+01	2.178602e-03
-3.296945e+01	2.188940e-03
-3.286945e+01	2.199353e-03
-3.276945e+01	2.209841e-03
-3.266945e+01	2.220406e-03
-3.256945e+01	2.231047e-03
-3.246945e+01	2.241766e-03
-3.236945e+01	2.252563e-03
-3.226945e+01	2.263440e-03
-3.216945e+01	2.274396e-03
-3.206945e+01	2.285434e-03
-3.196945e+01	2.296553e-03
-3.186945e+01	2.307754e-03
-3.176945e+01	2.319039e-03
-3.166945e+01	2.330407e-03
-3.156945e+01	2.341861e-03
-3.146945e+01	2.353401e-03
-3.136945e+01	2.365027e-03
-3.126945e+01	2.376740e-03
-3.116945e+01	2.388543e-03
-3.106945e+01	2.400434e-03
-3.096945e+01	2.412416e-03
-3.086945e+01	2.424489e-03
-3.076945e+01	2.436654e-03
-3.066945e+01	2.448912e-03
-3.056945e+01	2.461265e-03
-3.046945e+01	2.473712e-03
-3.036945e+01	2.486255e-03
-3.026945e+01	2.498896e-03
-3.016945e+01	2.511634e-03
-3.006945e+01	2.524472e-03
-2.996945e+01	2.537410e-03
-2.986945e+01	2.550448e-03
-2.976945e+01	2.563590e-03
-2.966945e+01	2.576834e-03
-2.956945e+01	2.590183e-03
-2.946945e+01	2.603638e-03
-2.936945e+01	2.617199e-03
-2.926945e+01	2.630868e-03
-2.916945e+01	2.644647e-03
-2.906945e+01	2.658535e-03
-2.896945e+01	2.672535e-03
-2.886945e+01	2.686647e-03
-2.876945e+01	2.700874e-03
-2.866945e+01	2.715215e-03
-2.856945e+01	2.729673e-03
-2.846945e+01	2.744249e-03
-2.836945e+01	2.758943e-03
-2.826945e+01	2.773758e-03
-2.816945e+01	2.788694e-03
-2.806945e+01	2.803754e-03
-2.796945e+01	2.818937e-03
-2.786945e+01	2.834247e-03
-2.776945e+01	2.849683e-03
-2.766945e+01	2.865249e-03
-2.756945e+01	2.880944e-03
-2.746945e+01	2.896771e-03
-2.736945e+01	2.912731e-03
-2.726945e+01	2.928825e-03
-2.716945e+01	2.945056e-03
-2.706945e+01	2.961424e-03
-2.696945e+01	2.977932e-03
-2.686945e+01	2.994580e-03
-2.676945e+01	3.011371e-03
-2.666945e+01	3.028307e-03
-2.656945e+01	3.045388e-03
-2.646945e+01	3.062616e-03
-2.636945e+01	3.079994e-03
-2.626945e+01	3.097523e-03
-2.616945e+01	3.115205e-03
-2.606945e+01	3.133042e-03
-2.596945e+01	3.151035e-03
-2.586945e+01	3.169187e-03
-2.576945e+01	3.187499e-03
-2.566945e+01	3.205973e-03
-2.556945e+01	3.224611e-03
-2.546945e+01	3.243416e-03
-2.536945e+01	3.262389e-03
-2.526945e+01	3.281532e-03
-2.516945e+01	3.300847e-03
-2.506945e+01	3.320337e-03
-2.496945e+01	3.340004e-03
-2.486945e+01	3.359850e-03
-2.476945e+01	3.379876e-03
-2.466945e+01	3.400086e-03
-2.456945e+01	3.420481e-03
-2.446945e+01	3.441065e-03
-2.436945e+01	3.461839e-03
-2.426945e+01	3.482805e-03
-2.416945e+01	3.503966e-03
-2.406945e+01	3.525326e-03
-2.396945e+01	3.546885e-03
-2.386945e+01	3.568647e-03
-2.376945e+01	3.590615e-03
-2.366945e+01	3.612790e-03
-2.356945e+01	3.635176e-03
-2.346945e+01	3.657776e-03
-2.336945e+01	3.680591e-03
-2.326945e+01	3.703626e-03
-2.316945e+01	3.726883e-03
-2.306945e+01	3.750365e-03
-2.296945e+01	3.774074e-03
-2.286945e+01	3.798014e-03
-2.276945e+01	3.822189e-03
-2.266945e+01	3.846600e-03
-2.256945e+01	3.871252e-03
-2.246945e+01	3.896147e-03
-2.236945e+01	3.921289e-03
-2.226945e+01	3.946681e-03
-2.216945e+01	3.972326e-03
-2.206945e+01	3.998229e-03
-2.196945e+01	4.024393e-03
-2.186945e+01	4.050820e-03
-2.176945e+01	4.077516e-03
-2.166945e+01	4.104483e-03
-2.156945e+01	4.131725e-03
-2.146945e+01	4.159247e-03
-2.136945e+01	4.187052e-03
-2.126945e+01	4.215144e-03
-2.116945e+01	4.243528e-03
-2.106945e+01	4.272207e-03
-2.096945e+01	4.301185e-03
-2.086945e+01	4.330468e-03
-2.076945e+01	4.360059e-03
-2.066945e+01	4.389963e-03
-2.056945e+01	4.420184e-03
-2.046945e+01	4.450728e-03
-2.036945e+01	4.481598e-03
-2.026945e+01	4.512800e-03
-2.016945e+01	4.544338e-03
-2.006945e+01	4.576218e-03
-1.996945e+01	4.608445e-03
-1.986945e+01	4.641023e-03
-1.976945e+01	4.673959e-03
-1.966945e+01	4.707257e-03
-1.956945e+01	4.740923e-03
-1.946945e+01	4.774963e-03
-1.936945e+01	4.809382e-03
-1.926945e+01	4.844186e-03
-1.916945e+01	4.879382e-03
-1.906945e+01	4.914975e-03
-1.896945e+01	4.950972e-03
-1.886945e+01	4.987378e-03
-1.876945e+01	5.024201e-03
-1.866945e+01	5.061447e-03
-1.856945e+01	5.099122e-03
-1.846945e+01	5.137234e-03
-1.836945e+01	5.175789e-03
-1.826945e+01	5.214795e-03
-1.816945e+01	5.254259e-03
-1.806945e+01	5.294188e-03
-1.796945e+01	5.334591e-03
-1.786945e+01	5.375474e-03
-1.776945e+01	5.416846e-03
-1.766945e+01	5.458716e-03
-1.756945e+01	5.501090e-03
-1.746945e+01	5.543978e-03
-1.736945e+01	5.587388e-03
-1.726945e+01	5.631330e-03
-1.716945e+01	5.675812e-03
-1.706945e+01	5.720843e-03
-1.696945e+01	5.766433e-03
-1.686945e+01	5.812592e-03
-1.676945e+01	5.859330e-03
-1.666945e+01	5.906656e-03
-1.656945e+01	5.954581e-03
-1.646945e+01	6.003116e-03
-1.636945e+01	6.052271e-03
-1.626945e+01	6.102058e-03
-1.616945e+01	6.152487e-03
-1.606945e+01	6.203571e-03
-1.596945e+01	6.255322e-03
-1.586945e+01	6.307750e-03
-1.576945e+01	6.360870e-03
-1.566945e+01	6.414694e-03
-1.556945e+01	6.469234e-03
-1.546945e+01	6.524504e-03
-1.536945e+01	6.580519e-03
-1.526945e+01	6.637291e-03
-1.516945e+01	6.694836e-03
-1.506945e+01	6.753167e-03
-1.496945e+01	6.812301e-03
-1.486945e+01	6.872253e-03
-1.476945e+01	6.933039e-03
-1.466945e+01	6.994674e-03
-1.456945e+01	7.057176e-03
-1.446945e+01	7.120563e-03
-1.436945e+01	7.184851e-03
-1.426945e+01	7.250058e-03
-1.416945e+01	7.316204e-03
-1.406945e+01	7.383307e-03
-1.396945e+01	7.451388e-03
-1.386945e+01	7.520465e-03
-1.376945e+01	7.590560e-03
-1.366945e+01	7.661694e-03
-1.356945e+01	7.733889e-03
-1.346945e+01	7.807167e-03
-1.336945e+01	7.881551e-03
-1.326945e+01	7.957066e-03
-1.316945e+01	8.033735e-03
-1.306945e+01	8.111584e-03
-1.296945e+01	8.190638e-03
-1.286945e+01	8.270924e-03
-1.276945e+01	8.352470e-03
-1.266945e+01	8.435303e-03
-1.256945e+01	8.519452e-03
-1.246945e+01	8.604949e-03
-1.236945e+01	8.691822e-03
-1.226945e+01	8.780105e-03
-1.216945e+01	8.869829e-03
-1.206945e+01	8.961029e-03
-1.196945e+01	9.053740e-03
-1.186945e+01	9.147997e-03
-1.176945e+01	9.243837e-03
-1.166945e+01	9.341299e-03
-1.156945e+01	9.440422e-03
-1.146945e+01	9.541247e-03
-1.136945e+01	9.643816e-03
-1.126945e+01	9.748173e-03
-1.116945e+01	9.854363e-03
-1.106945e+01	9.962432e-03
-1.096945e+01	1.007243e-02
-1.086945e+01	1.018440e-02
-1.076945e+01	1.029841e-02
-1.066945e+01	1.041449e-02
-1.056945e+01	1.053271e-02
-1.046945e+01	1.065313e-02
-1.036945e+01	1.077581e-02
-1.026945e+01	1.090080e-02
-1.016945e+01	1.102817e-02
-1.006945e+01	1.115798e-02
-9.969451e+00	1.129031e-02
-9.869451e+00	1.142523e-02
-9.769451e+00	1.156281e-02
-9.669451e+00	1.170313e-02
-9.569451e+00	1.184627e-02
-9.469451e+00	1.199231e-02
-9.369451e+00	1.214134e-02
-9.269451e+00	1.229345e-02
-9.169451e+00	1.244874e-02
-9.069451e+00	1.260729e-02
-8.969451e+00	1.276923e-02
-8.869451e+00	1.293464e-02
-8.769451e+00	1.310366e-02
-8.669451e+00	1.327638e-02
-8.569451e+00	1.345294e-02
-8.469451e+00	1.363345e-02
-8.369451e+00	1.381807e-02
-8.269451e+00	1.400692e-02
-8.169451e+00	1.420015e-02
-8.069451e+00	1.439791e-02
-7.969451e+00	1.460038e-02
-7.869451e+00	1.480771e-02
-7.769451e+00	1.502008e-02
-7.669451e+00	1.523769e-02
-7.569451e+00	1.546073e-02
-7.469451e+00	1.568941e-02
-7.369451e+00	1.592394e-02
-7.269451e+00	1.616457e-02
-7.169451e+00	1.641153e-02
-7.069451e+00	1.666508e-02
-6.969451e+00	1.692549e-02
-6.869451e+00	1.719307e-02
-6.769451e+00	1.746811e-02
-6.669451e+00	1.775094e-02
-6.569451e+00	1.804191e-02
-6.469451e+00	1.834139e-02
-6.369451e+00	1.864978e-02
-6.269451e+00	1.896750e-02
-6.169451e+00	1.929500e-02
-6.069451e+00	1.963276e-02
-5.969451e+00	1.998131e-02
-5.869451e+00	2.034119e-02
-5.769451e+00	2.071302e-02
-5.669451e+00	2.109743e-02
-5.569451e+00	2.149514e-02
-5.469451e+00	2.190688e-02
-5.369451e+00	2.233350e-02
-5.269451e+00	2.277589e-02
-5.169451e+00	2.323501e-02
-5.069451e+00	2.371194e-02
-4.969451e+00	2.420785e-02
-4.869451e+00	2.472403e-02
-4.769451e+00	2.526189e-02
-4.669451e+00	2.582300e-02
-4.569451e+00	2.640912e-02
-4.469451e+00	2.702218e-02
-4.369451e+00	2.766436e-02
-4.269451e+00	2.833810e-02
-4.169451e+00	2.904616e-02
-4.069451e+00	2.979167e-02
-3.969451e+00	3.057820e-02
-3.869451e+00	3.140983e-02
-3.769451e+00	3.229126e-02
-3.669451e+00	3.322796e-02
-3.569451e+00	3.422630e-02
-3.469451e+00	3.529378e-02
-3.369451e+00	3.643928e-02
-3.269451e+00	3.767341e-02
-3.169451e+00	3.900895e-02
-3.069451e+00	4.046148e-02
-2.969451e+00	4.205014e-02
-2.869451e+00	4.379875e-02
-2.769451e+00	4.573729e-02
-2.669451e+00	4.790405e-02
-2.569451e+00	5.034861e-02
-2.469451e+00	5.313623e-02
-2.369451e+00	5.635440e-02
-2.269451e+00	6.012266e-02
-2.169451e+00	6.460802e-02
-2.069451e+00	7.004953e-02
-1.969451e+00	7.679878e-02
-1.869451e+00	8.538863e-02
-1.769451e+00	9.665404e-02
-1.669451e+00	1.119509e-01
-1.569451e+00	1.335616e-01
-1.469451e+00	1.654435e-01
-1.369451e+00	2.144727e-01
-1.269451e+00	2.914980e-01
-1.169451e+00	4.058199e-01
-1.069451e+00	5.302646e-01
-9.694509e-01	5.612367e-01
-8.694509e-01	4.649233e-01
-7.694509e-01	3.470512e-01
-6.694509e-01	2.644607e-01
-5.694509e-01	2.152210e-01
-4.694509e-01	1.879429e-01
-3.694509e-01	1.748084e-01
-2.694509e-01	1.716780e-01
-1.694509e-01	1.771893e-01
-6.945093e-02	1.922661e-01
3.054907e-02	2.199675e-01
1.305491e-01	2.656351e-01
2.305491e-01	3.345433e-01
3.305491e-01	4.143162e-01
4.305491e-01	4.494759e-01
5.305491e-01	4.181453e-01
6.305491e-01	3.827468e-01
7.305491e-01	3.825919e-01
8.305491e-01	4.131334e-01
9.305491e-01	4.377285e-01
1.030549e+00	4.342960e-01
1.130549e+00	4.405413e-01
1.230549e+00	4.910572e-01
1.330549e+00	5.906502e-01
1.430549e+00	6.884132e-01
1.530549e+00	6.778537e-01
1.630549e+00	5.735786e-01
1.730549e+00	4.770339e-01
1.830549e+00	4.205561e-01
1.930549e+00	3.969622e-01
2.030549e+00	3.966754e-01
2.130549e+00	4.146093e-01
2.230549e+00	4.495768e-01
2.330549e+00	5.027465e-01
2.430549e+00	5.733372e-01
2.530549e+00	6.522729e-01
2.630549e+00	7.380950e-01
2.730549e+00	8.534627e-01
2.830549e+00	1.023346e+00
2.930549e+00	1.273289e+00
3.030549e+00	1.637043e+00
3.130549e+00	2.145033e+00
3.230549e+00	2.820726e+00
3.330549e+00	3.778699e+00
3.430549e+00	5.286084e+00
3.530549e+00	7.582724e+00
3.630549e+00	1.006285e+01
3.730549e+00	1.050422e+01
3.830549e+00	8.309959e+00
3.930549e+00	5.728420e+00
4.030549e+00	3.890942e+00
4.130549e+00	2.730752e+00
4.230549e+00	2.000056e+00
4.330549e+00	1.526384e+00
4.430549e+00	1.209640e+00
4.530549e+00	9.932600e-01
4.630549e+00	8.438566e-01
4.730549e+00	7.349892e-01
4.830549e+00	6.419696e-01
4.930549e+00	5.580305e-01
5.030549e+00	4.882469e-01
5.130549e+00	4.338964e-01
5.230549e+00	3.922275e-01
5.330549e+00	3.600588e-01
5.430549e+00	3.350441e-01
5.530549e+00	3.156020e-01
5.630549e+00	3.006701e-01
5.730549e+00	2.895320e-01
5.830549e+00	2.817130e-01
5.930549e+00	2.769212e-01
6.030549e+00	2.750170e-01
6.130549e+00	2.760040e-01
6.230549e+00	2.800376e-01
6.330549e+00	2.874557e-01
6.430549e+00	2.988376e-01
6.530549e+00	3.150885e-01
6.630549e+00	3.374697e-01
6.730549e+00	3.672321e-01
6.830549e+00	4.051824e-01
6.930549e+00	4.544658e-01
7.030549e+00	5.229740e-01
7.130549e+00	6.218790e-01
7.230549e+00	7.684202e-01
7.330549e+00	9.924869e-01
7.430549e+00	1.346012e+00
7.530549e+00	1.907909e+00
7.630549e+00	2.725971e+00
7.730549e+00	3.525794e+00
7.830549e+00	3.552424e+00
7.930549e+00	2.778292e+00
8.030549e+00	1.960348e+00
8.130549e+00	1.396739e+00
8.230549e+00	1.045233e+00
8.330549e+00	8.261080e-01
8.430549e+00	6.861825e-01
8.530549e+00	5.946997e-01
8.630549e+00	5.340727e-01
8.730549e+00	4.940107e-01
8.830549e+00	4.683074e-01
8.930549e+00	4.531157e-01
9.030549e+00	4.460034e-01
9.130549e+00	4.454228e-01
9.230549e+00	4.504044e-01
9.330549e+00	4.603756e-01
9.430549e+00	4.750543e-01
9.530549e+00	4.943867e-01
9.630549e+00	5.185150e-01
9.730549e+00	5.477670e-01
9.830549e+00	5.826630e-01
9.930549e+00	6.239401e-01
1.003055e+01	6.725970e-01
1.013055e+01	7.299657e-01
1.023055e+01	7.978230e-01
1.033055e+01	8.785648e-01
1.043055e+01	9.754849e-01
1.053055e+01	1.093232e+00
1.063055e+01	1.238543e+00
1.073055e+01	1.421199e+00
1.083055e+01	1.653813e+00
1.093055e+01	1.944524e+00
1.103055e+01	2.285765e+00
1.113055e+01	2.690006e+00
1.123055e+01	3.205021e+00
1.133055e+01	3.850803e+00
1.143055e+01	4.699193e+00
1.153055e+01	5.937087e+00
1.163055e+01	7.825023e+00
1.173055e+01	1.077422e+01
1.183055e+01	1.546793e+01
1.193055e+01	2.275161e+01
1.203055e+01	3.213019e+01
1.213055e+01	3.809234e+01
1.223055e+01	3.497267e+01
1.233055e+01	2.789915e+01
1.243055e+01	2.224549e+01
1.253055e+01	1.801594e+01
1.263055e+01	1.487963e+01
1.273055e+01	1.254131e+01
1.283055e+01	9.973567e+00
1.293055e+01	7.430473e+00
1.303055e+01	5.513481e+00
1.313055e+01	4.210016e+00
1.323055e+01	3.325638e+00
1.333055e+01	2.710447e+00
1.343055e+01	2.273246e+00
1.353055e+01	1.962033e+00
1.363055e+01	1.745025e+00
1.373055e+01	1.585473e+00
1.383055e+01	1.438184e+00
1.393055e+01	1.299825e+00
1.403055e+01	1.175227e+00
1.413055e+01	1.044685e+00
1.423055e+01	9.150075e-01
1.433055e+01	8.070383e-01
1.443055e+01	7.250822e-01
1.453055e+01	6.647812e-01
1.463055e+01	6.231369e-01
1.473055e+01	6.006961e-01
1.483055e+01	6.014644e-01
1.493055e+01	6.298946e-01
1.503055e+01	6.719049e-01
1.513055e+01	6.673479e-01
1.523055e+01	5.868233e-01
1.533055e+01	4.903673e-01
1.543055e+01	4.158150e-01
1.553055e+01	3.630659e-01
1.563055e+01	3.248192e-01
1.573055e+01	2.956979e-01
1.583055e+01	2.724862e-01
1.593055e+01	2.532977e-01
1.603055e+01	2.369919e-01
1.613055e+01	2.228490e-01
1.623055e+01	2.103937e-01
1.633055e+01	1.992988e-01
1.643055e+01	1.893307e-01
1.653055e+01	1.803172e-01
1.663055e+01	1.721280e-01
1.673055e+01	1.646632e-01
1.683055e+01	1.578451e-01
1.693055e+01	1.516138e-01
1.703055e+01	1.459243e-01
1.713055e+01	1.407452e-01
1.723055e+01	1.360592e-01
1.733055e+01	1.318656e-01
1.743055e+01	1.281853e-01
1.753055e+01	1.250718e-01
1.763055e+01	1.226308e-01
1.773055e+01	1.210576e-01
1.783055e+01	1.207017e-01
1.793055e+01	1.221390e-01
1.803055e+01	1.260116e-01
1.813055e+01	1.316362e-01
1.823055e+01	1.346969e-01
1.833055e+01	1.326267e-01
1.843055e+01	1.288602e-01
1.853055e+01	1.247914e-01
1.863055e+01	1.220546e-01
1.873055e+01	1.228372e-01
1.883055e+01	1.271955e-01
1.893055e+01	1.322862e-01
1.903055e+01	1.355300e-01
1.913055e+01	1.404806e-01
1.923055e+01	1.517666e-01
1.933055e+01	1.726759e-01
1.943055e+01	2.077666e-01
1.953055e+01	2.646225e-01
1.963055e+01	3.498624e-01
1.973055e+01	4.481019e-01
1.983055e+01	5.126523e-01
1.993055e+01	5.323258e-01
2.003055e+01	5.041997e-01
2.013055e+01	4.218718e-01
2.023055e+01	3.274090e-01
2.033055e+01	2.507718e-01
2.043055e+01	1.948163e-01
2.053055e+01	1.561782e-01
2.063055e+01	1.300455e-01
2.073055e+01	1.117265e-01
2.083055e+01	9.874227e-02
2.093055e+01	8.966840e-02
2.103055e+01	8.347140e-02
2.113055e+01	7.957293e-02
2.123055e+01	7.783665e-02
2.133055e+01	7.844024e-02
2.143055e+01	8.169961e-02
2.153055e+01	8.826671e-02
2.163055e+01	9.956244e-02
2.173055e+01	1.136802e-01
2.183055e+01	1.193954e-01
2.193055e+01	1.107024e-01
2.203055e+01	9.787298e-02
2.213055e+01	8.813367e-02
2.223055e+01	8.314329e-02
2.233055e+01	8.198363e-02
2.243055e+01	8.427515e-02
2.253055e+01	9.257954e-02
2.263055e+01	1.078313e-01
2.273055e+01	1.213393e-01
2.283055e+01	1.159199e-01
2.293055e+01	9.519308e-02
2.303055e+01	7.552526e-02
2.313055e+01	6.187650e-02
2.323055e+01	5.296570e-02
2.333055e+01	4.702214e-02
2.343055e+01	4.288068e-02
2.353055e+01	3.986335e-02
2.363055e+01	3.757941e-02
2.373055e+01	3.579976e-02
2.383055e+01	3.438909e-02
2.393055e+01	3.327130e-02
2.403055e+01	3.241418e-02
2.413055e+01	3.182628e-02
2.423055e+01	3.155414e-02
2.433055e+01	3.162114e-02
2.443055e+01	3.175351e-02
2.453055e+01	3.127764e-02
2.463055e+01	3.022142e-02
2.473055e+01	2.919922e-02
2.483055e+01	2.837728e-02
2.493055e+01	2.779504e-02
2.503055e+01	2.752576e-02
2.513055e+01	2.763837e-02
2.523055e+01	2.824524e-02
2.533055e+01	2.942299e-02
2.543055e+01	3.069460e-02
2.553055e+01	3.070484e-02
2.563055e+01	2.938997e-02
2.573055e+01	2.818278e-02
2.583055e+01	2.764310e-02
2.593055e+01	2.755721e-02
2.603055e+01	2.754540e-02
2.613055e+01	2.754480e-02
2.623055e+01	2.807789e-02
2.633055e+01	2.946066e-02
2.643055e+01	3.110400e-02
2.653055e+01	3.166634e-02
2.663055e+01	3.115963e-02
2.673055e+01	3.031951e-02
2.683055e+01	2.966104e-02
2.693055e+01	2.952440e-02
2.703055e+01	2.955793e-02
2.713055e+01	2.932243e-02
2.723055e+01	2.948833e-02
2.733055e+01	3.091941e-02
2.743055e+01	3.406328e-02
2.753055e+01	3.862617e-02
2.763055e+01	4.238419e-02
2.773055e+01	4.223181e-02
2.783055e+01	3.840992e-02
2.793055e+01	3.428108e-02
2.803055e+01	3.156212e-02
2.813055e+01	3.019899e-02
2.823055e+01	2.999680e-02
2.833055e+01	3.088555e-02
2.843055e+01	3.294567e-02
2.853055e+01	3.638289e-02
2.863055e+01	4.143566e-02
2.873055e+01	4.844871e-02
2.883055e+01	5.852950e-02
2.893055e+01	7.235903e-02
2.903055e+01	8.565603e-02
2.913055e+01	8.741763e-02
2.923055e+01	7.680106e-02
2.933055e+01	6.504020e-02
2.943055e+01	5.766950e-02
2.953055e+01	5.518356e-02
2.963055e+01	5.640037e-02
2.973055e+01	5.971792e-02
2.983055e+01	6.546725e-02
2.993055e+01	7.607673e-02
3.003055e+01	9.267731e-02
3.013055e+01	1.097439e-01
3.023055e+01	1.182457e-01
3.033055e+01	1.252817e-01
3.043055e+01	1.446790e-01
3.053055e+01	1.808600e-01
3.063055e+01	2.286943e-01
3.073055e+01	2.813347e-01
3.083055e+01	3.136567e-01
3.093055e+01	2.889263e-01
3.103055e+01	2.323369e-01
3.113055e+01	1.769702e-01
3.123055e+01	1.315151e-01
3.133055e+01	9.899828e-02
3.143055e+01	7.753743e-02
3.153055e+01	6.366877e-02
3.163055e+01	5.496801e-02
3.173055e+01	4.978369e-02
3.183055e+01	4.685106e-02
3.193055e+01	4.563935e-02
3.203055e+01	4.643004e-02
3.213055e+01	5.018399e-02
3.223055e+01	5.778497e-02
3.233055e+01	6.767321e-02
3.243055e+01	7.319974e-02
3.253055e+01	7.241884e-02
3.263055e+01	7.324133e-02
3.273055e+01	7.800305e-02
3.283055e+01	8.258328e-02
3.293055e+01	8.220209e-02
3.303055e+01	7.222647e-02
3.313055e+01	5.862850e-02
3.323055e+01	4.810824e-02
3.333055e+01	4.116062e-02
3.343055e+01	3.691800e-02
3.353055e+01	3.508025e-02
3.363055e+01	3.556642e-02
3.373055e+01	3.814878e-02
3.383055e+01	4.046382e-02
3.393055e+01	3.886723e-02
3.403055e+01	3.522116e-02
3.413055e+01	3.318436e-02
3.423055e+01	3.356757e-02
3.433055e+01	3.656315e-02
3.443055e+01	4.156261e-02
3.453055e+01	4.385606e-02
3.463055e+01	3.956911e-02
3.473055e+01	3.331178e-02
3.483055e+01	2.907280e-02
3.493055e+01	2.702889e-02
3.503055e+01	2.621504e-02
3.513055e+01	2.551629e-02
3.523055e+01	2.446815e-02
3.533055e+01	2.378500e-02
3.543055e+01	2.456508e-02
3.553055e+01	2.747583e-02
3.563055e+01	3.254117e-02
3.573055e+01	3.816798e-02
3.583055e+01	4.035012e-02
3.593055e+01	3.575013e-02
3.603055e+01	2.834884e-02
3.613055e+01	2.251051e-02
3.623055e+01	1.875371e-02
3.633055e+01	1.644019e-02
3.643055e+01	1.501930e-02
3.653055e+01	1.416279e-02
3.663055e+01	1.374007e-02
3.673055e+01	1.373265e-02
3.683055e+01	1.419278e-02
3.693055e+01	1.524603e-02
3.703055e+01	1.697510e-02
3.713055e+01	1.895557e-02
3.723055e+01	2.011097e-02
3.733055e+01	1.989813e-02
3.743055e+01	1.915613e-02
3.753055e+01	1.868841e-02
3.763055e+01	1.898235e-02
3.773055e+01	2.063028e-02
3.783055e+01	2.421464e-02
3.793055e+01	3.050473e-02
3.803055e+01	3.989065e-02
3.813055e+01	4.963485e-02
3.823055e+01	5.207345e-02
3.833055e+01	4.527132e-02
3.843055e+01	3.658277e-02
3.853055e+01	2.923501e-02
3.863055e+01	2.355451e-02
3.873055e+01	1.952999e-02
3.883055e+01	1.660496e-02
3.893055e+01	1.446658e-02
3.903055e+01	1.303746e-02
3.913055e+01	1.215889e-02
3.923055e+01	1.162432e-02
3.933055e+01	1.133031e-02
3.943055e+01	1.122268e-02
3.953055e+01	1.113109e-02
3.963055e+01	1.109706e-02
3.973055e+01	1.138795e-02
3.983055e+01	1.220660e-02
3.993055e+01	1.366977e-02
4.003055e+01	1.551636e-02
4.013055e+01	1.665708e-02
4.023055e+01	1.626115e-02
4.033055e+01	1.533733e-02
4.043055e+01	1.506249e-02
4.053055e+01	1.567195e-02
4.063055e+01	1.704623e-02
4.073055e+01	1.840212e-02
4.083055e+01	1.831069e-02
4.093055e+01	1.741262e-02
4.103055e+01	1.729692e-02
4.113055e+01	1.836583e-02
4.123055e+01	2.034111e-02
4.133055e+01	2.314845e-02
4.143055e+01	2.736059e-02
4.153055e+01	3.391365e-02
4.163055e+01	4.285963e-02
4.173055e+01	4.990770e-02
4.183055e+01	4.814919e-02
4.193055e+01	4.065801e-02
4.203055e+01	3.261890e-02
4.213055e+01	2.581301e-02
4.223055e+01	2.138941e-02
4.233055e+01	1.924533e-02
4.243055e+01	1.869453e-02
4.253055e+01	1.872387e-02
4.263055e+01	1.829084e-02
4.273055e+01	1.741271e-02
4.283055e+01	1.674370e-02
4.293055e+01	1.569720e-02
4.303055e+01	1.408317e-02
4.313055e+01	1.264899e-02
4.323055e+01	1.162495e-02
4.333055e+01	1.109369e-02
4.343055e+01	1.117473e-02
4.353055e+01	1.195138e-02
4.363055e+01	1.341094e-02
4.373055e+01	1.483694e-02
4.383055e+01	1.466359e-02
4.393055e+01	1.310134e-02
4.403055e+01	1.170282e-02
4.413055e+01	1.100189e-02
4.423055e+01	1.094616e-02
4.433055e+01	1.145327e-02
4.443055e+01	1.242429e-02
4.453055e+01	1.358699e-02
4.463055e+01	1.481591e-02
4.473055e+01	1.657287e-02
4.483055e+01	1.961996e-02
4.493055e+01	2.484509e-02
4.503055e+01	3.350684e-02
4.513055e+01	4.678929e-02
4.523055e+01	6.195219e-02
4.533055e+01	6.712605e-02
4.543055e+01	5.710448e-02
4.553055e+01	4.356183e-02
4.563055e+01	3.309126e-02
4.573055e+01	2.525751e-02
4.583055e+01	1.962750e-02
4.593055e+01	1.591430e-02
4.603055e+01	1.350076e-02
4.613055e+01	1.192787e-02
4.623055e+01	1.100241e-02
4.633055e+01	1.061575e-02
4.643055e+01	1.062837e-02
4.653055e+01	1.081186e-02
4.663055e+01	1.111161e-02
4.673055e+01	1.191189e-02
4.683055e+01	1.351002e-02
4.693055e+01	1.543351e-02
4.703055e+01	1.626555e-02
4.713055e+01	1.504037e-02
4.723055e+01	1.269691e-02
4.733055e+01	1.058920e-02
4.743055e+01	9.156411e-03
4.753055e+01	8.320855e-03
4.763055e+01	7.922722e-03
4.773055e+01	7.851259e-03
4.783055e+01	8.066560e-03
4.793055e+01	8.596523e-03
4.803055e+01	9.529054e-03
4.813055e+01	1.097930e-02
4.823055e+01	1.281233e-02
4.833055e+01	1.424961e-02
4.843055e+01	1.512703e-02
4.853055e+01	1.630986e-02
4.863055e+01	1.813715e-02
4.873055e+01	2.120228e-02
4.883055e+01	2.575074e-02
4.893055e+01	2.850678e-02
4.903055e+01	2.564395e-02
4.913055e+01	2.028521e-02
4.923055e+01	1.626842e-02
4.933055e+01	1.424714e-02
4.943055e+01	1.357923e-02
4.953055e+01	1.294209e-02
4.963055e+01	1.150532e-02
4.973055e+01	1.001256e-02
4.983055e+01	9.083096e-03
4.993055e+01	8.758501e-03
5.003055e+01	8.994014e-03
5.013055e+01	9.837358e-03
5.023055e+01	1.128057e-02
5.033055e+01	1.329316e-02
5.043055e+01	1.568499e-02
5.053055e+01	1.664018e-02
5.063055e+01	1.465134e-02
5.073055e+01	1.170725e-02
5.083055e+01	9.516960e-03
5.093055e+01	8.201235e-03
5.103055e+01	7.506801e-03
5.113055e+01	7.236030e-03
5.123055e+01	7.252930e-03
5.133055e+01	7.625115e-03
5.143055e+01	8.538402e-03
5.153055e+01	9.952951e-03
5.163055e+01	1.116324e-02
5.173055e+01	1.116741e-02
5.183055e+01	1.024879e-02
5.193055e+01	9.238428e-03
5.203055e+01	8.354535e-03
5.213055e+01	7.722140e-03
5.223055e+01	7.206528e-03
5.233055e+01	6.716174e-03
5.243055e+01	6.465050e-03
5.253055e+01	6.634318e-03
5.263055e+01	7.256730e-03
5.273055e+01	8.039464e-03
5.283055e+01	8.283979e-03
5.293055e+01	8.011692e-03
5.303055e+01	7.836460e-03
5.313055e+01	7.760280e-03
5.323055e+01	7.515923e-03
5.333055e+01	7.070802e-03
5.343055e+01	6.488236e-03
5.353055e+01	6.015055e-03
5.363055e+01	5.832642e-03
5.373055e+01	5.996188e-03
5.383055e+01	6.566505e-03
5.393055e+01	7.707472e-03
5.403055e+01	9.572551e-03
5.413055e+01	1.174600e-02
5.423055e+01	1.252609e-02
5.433055e+01	1.111064e-02
5.443055e+01	9.123337e-03
5.453055e+01	7.658046e-03
5.463055e+01	6.789116e-03
5.473055e+01	6.279957e-03
5.483055e+01	5.773181e-03
5.493055e+01	5.196053e-03
5.503055e+01	4.752946e-03
5.513055e+01	4.525169e-03
5.523055e+01	4.427721e-03
5.533055e+01	4.370818e-03
5.543055e+01	4.368937e-03
5.553055e+01	4.384271e-03
5.563055e+01	4.343840e-03
5.573055e+01	4.288496e-03
5.583055e+01	4.325604e-03
5.593055e+01	4.569735e-03
5.603055e+01	5.013352e-03
5.613055e+01	5.462282e-03
5.623055e+01	5.738832e-03
5.633055e+01	5.604165e-03
5.643055e+01	5.024450e-03
5.653055e+01	4.354876e-03
5.663055e+01	3.817722e-03
5.673055e+01	3.463719e-03
5.683055e+01	3.255847e-03
5.693055e+01	3.134921e-03
5.703055e+01	3.035831e-03
5.713055e+01	2.933161e-03
5.723055e+01	2.856947e-03
5.733055e+01	2.815121e-03
5.743055e+01	2.777839e-03
5.753055e+01	2.734331e-03
5.763055e+01	2.714807e-03
5.773055e+01	2.729958e-03
5.783055e+01	2.742099e-03
5.793055e+01	2.698482e-03
5.803055e+01	2.626031e-03
5.813055e+01	2.571267e-03
5.823055e+01	2.543225e-03
5.833055e+01	2.538396e-03
5.843055e+01	2.555101e-03
5.853055e+01	2.596266e-03
5.863055e+01	2.669923e-03
5.873055e+01	2.785055e-03
5.883055e+01	2.928060e-03
5.893055e+01	3.040719e-03
5.903055e+01	3.087581e-03
5.913055e+01	3.062761e-03
5.923055e+01	3.008526e-03
5.933055e+01	2.999766e-03
5.943055e+01	3.064069e-03
5.953055e+01	3.211616e-03
5.963055e+01	3.458980e-03
5.973055e+01	3.797333e-03
5.983055e+01	4.131527e-03
5.993055e+01	4.304355e-03
6.003055e+01	4.274589e-03
6.013055e+01	4.252191e-03
6.023055e+01	4.390479e-03
6.033055e+01	4.704434e-03
6.043055e+01	5.201928e-03
6.053055e+01	5.930374e-03
6.063055e+01	6.877081e-03
6.073055e+01	8.121039e-03
6.083055e+01	1.006323e-02
6.093055e+01	1.308858e-02
6.103055e+01	1.682605e-02
6.113055e+01	1.963237e-02
6.123055e+01	2.155580e-02
6.133055e+01	2.454598e-02
6.143055e+01	2.687834e-02
6.153055e+01	2.442794e-02
6.163055e+01	1.898117e-02
6.173055e+01	1.449035e-02
6.183055e+01	1.176617e-02
6.193055e+01	1.015517e-02
6.203055e+01	9.122183e-03
6.213055e+01	8.702425e-03
6.223055e+01	9.029115e-03
6.233055e+01	1.012022e-02
6.243055e+01	1.123904e-02
6.253055e+01	1.085997e-02
6.263055e+01	9.250935e-03
6.273055e+01	7.690530e-03
6.283055e+01	6.370387e-03
6.293055e+01	5.304269e-03
6.303055e+01	4.566501e-03
6.313055e+01	4.102547e-03
6.323055e+01	3.831291e-03
6.333055e+01	3.698713e-03
6.343055e+01	3.679994e-03
6.353055e+01	3.779092e-03
6.363055e+01	3.956617e-03
6.373055e+01	4.071583e-03
6.383055e+01	4.076497e-03
6.393055e+01	4.077907e-03
6.403055e+01	4.094437e-03
6.413055e+01	4.208284e-03
6.423055e+01	4.533898e-03
6.433055e+01	5.117474e-03
6.443055e+01	5.995266e-03
6.453055e+01	7.170586e-03
6.463055e+01	8.597482e-03
6.473055e+01	1.005197e-02
6.483055e+01	1.056530e-02
6.493055e+01	1.000350e-02
6.503055e+01	9.175891e-03
6.513055e+01	8.477877e-03
6.523055e+01	8.430480e-03
6.533055e+01	9.244350e-03
6.543055e+01	1.046472e-02
6.553055e+01	1.064176e-02
6.563055e+01	9.276115e-03
6.573055e+01	7.809353e-03
6.583055e+01	7.013625e-03
6.593055e+01	6.894961e-03
6.603055e+01	7.357093e-03
6.613055e+01	7.884739e-03
6.623055e+01	7.552040e-03
6.633055e+01	6.448144e-03
6.643055e+01	5.343036e-03
6.653055e+01	4.485389e-03
6.663055e+01	3.902729e-03
6.673055e+01	3.561210e-03
6.683055e+01	3.401137e-03
6.693055e+01	3.385306e-03
6.703055e+01	3.505063e-03
6.713055e+01	3.774576e-03
6.723055e+01	4.249300e-03
6.733055e+01	5.025747e-03
6.743055e+01	6.179776e-03
6.753055e+01	7.469870e-03
6.763055e+01	8.267931e-03
6.773055e+01	8.263890e-03
6.783055e+01	7.355916e-03
6.793055e+01	6.092867e-03
6.803055e+01	5.040527e-03
6.813055e+01	4.247223e-03
6.823055e+01	3.730249e-03
6.833055e+01	3.479518e-03
6.843055e+01	3.455763e-03
6.853055e+01	3.622159e-03
6.863055e+01	3.993044e-03
6.873055e+01	4.607193e-03
6.883055e+01	5.247145e-03
6.893055e+01	5.327839e-03
6.903055e+01	4.699007e-03
6.913055e+01	4.001982e-03
6.923055e+01	3.565907e-03
6.933055e+01	3.270384e-03
6.943055e+01	2.968430e-03
6.953055e+01	2.687269e-03
6.963055e+01	2.443250e-03
6.973055e+01	2.247846e-03
6.983055e+01	2.108014e-03
6.993055e+01	2.020129e-03
