#RPA-results:
#Nucleus: Ni 74
#Fermi level: -4.992964e+00	-1.506242e+01
#Excitation: 1 +
#Total number of pairs: 1032
#Number of ph-/ah-pairs: 1032/0
#Maximal excitation-energy for particle-hole-pairs: 100
#Maximal excitation-energy for antiparticle-hole-pairs: 1000
#No imaginary eigenvalues

#Parameterset: DD-PC1
#natural parity: no
#Isoscalar result:

#width: 5.000000e-01
#maximum value: 3.810797e-03
#at energy: 6.993055e+01
-9.006945e+01	4.328903e-04
-8.996945e+01	4.337914e-04
-8.986945e+01	4.346954e-04
-8.976945e+01	4.356022e-04
-8.966945e+01	4.365119e-04
-8.956945e+01	4.374244e-04
-8.946945e+01	4.383397e-04
-8.936945e+01	4.392580e-04
-8.926945e+01	4.401791e-04
-8.916945e+01	4.411032e-04
-8.906945e+01	4.420302e-04
-8.896945e+01	4.429601e-04
-8.886945e+01	4.438929e-04
-8.876945e+01	4.448288e-04
-8.866945e+01	4.457675e-04
-8.856945e+01	4.467093e-04
-8.846945e+01	4.476540e-04
-8.836945e+01	4.486018e-04
-8.826945e+01	4.495526e-04
-8.816945e+01	4.505064e-04
-8.806945e+01	4.514632e-04
-8.796945e+01	4.524231e-04
-8.786945e+01	4.533861e-04
-8.776945e+01	4.543521e-04
-8.766945e+01	4.553213e-04
-8.756945e+01	4.562936e-04
-8.746945e+01	4.572690e-04
-8.736945e+01	4.582475e-04
-8.726945e+01	4.592292e-04
-8.716945e+01	4.602140e-04
-8.706945e+01	4.612020e-04
-8.696945e+01	4.621932e-04
-8.686945e+01	4.631876e-04
-8.676945e+01	4.641853e-04
-8.666945e+01	4.651862e-04
-8.656945e+01	4.661903e-04
-8.646945e+01	4.671976e-04
-8.636945e+01	4.682083e-04
-8.626945e+01	4.692222e-04
-8.616945e+01	4.702395e-04
-8.606945e+01	4.712600e-04
-8.596945e+01	4.722839e-04
-8.586945e+01	4.733112e-04
-8.576945e+01	4.743418e-04
-8.566945e+01	4.753757e-04
-8.556945e+01	4.764131e-04
-8.546945e+01	4.774539e-04
-8.536945e+01	4.784981e-04
-8.526945e+01	4.795457e-04
-8.516945e+01	4.805968e-04
-8.506945e+01	4.816514e-04
-8.496945e+01	4.827094e-04
-8.486945e+01	4.837709e-04
-8.476945e+01	4.848360e-04
-8.466945e+01	4.859045e-04
-8.456945e+01	4.869766e-04
-8.446945e+01	4.880523e-04
-8.436945e+01	4.891316e-04
-8.426945e+01	4.902144e-04
-8.416945e+01	4.913009e-04
-8.406945e+01	4.923909e-04
-8.396945e+01	4.934846e-04
-8.386945e+01	4.945820e-04
-8.376945e+01	4.956830e-04
-8.366945e+01	4.967878e-04
-8.356945e+01	4.978962e-04
-8.346945e+01	4.990083e-04
-8.336945e+01	5.001242e-04
-8.326945e+01	5.012439e-04
-8.316945e+01	5.023673e-04
-8.306945e+01	5.034945e-04
-8.296945e+01	5.046255e-04
-8.286945e+01	5.057603e-04
-8.276945e+01	5.068990e-04
-8.266945e+01	5.080416e-04
-8.256945e+01	5.091880e-04
-8.246945e+01	5.103383e-04
-8.236945e+01	5.114925e-04
-8.226945e+01	5.126506e-04
-8.216945e+01	5.138127e-04
-8.206945e+01	5.149788e-04
-8.196945e+01	5.161488e-04
-8.186945e+01	5.173228e-04
-8.176945e+01	5.185009e-04
-8.166945e+01	5.196830e-04
-8.156945e+01	5.208691e-04
-8.146945e+01	5.220593e-04
-8.136945e+01	5.232537e-04
-8.126945e+01	5.244521e-04
-8.116945e+01	5.256546e-04
-8.106945e+01	5.268613e-04
-8.096945e+01	5.280722e-04
-8.086945e+01	5.292873e-04
-8.076945e+01	5.305066e-04
-8.066945e+01	5.317300e-04
-8.056945e+01	5.329578e-04
-8.046945e+01	5.341898e-04
-8.036945e+01	5.354261e-04
-8.026945e+01	5.366667e-04
-8.016945e+01	5.379116e-04
-8.006945e+01	5.391609e-04
-7.996945e+01	5.404146e-04
-7.986945e+01	5.416726e-04
-7.976945e+01	5.429350e-04
-7.966945e+01	5.442019e-04
-7.956945e+01	5.454732e-04
-7.946945e+01	5.467490e-04
-7.936945e+01	5.480293e-04
-7.926945e+01	5.493141e-04
-7.916945e+01	5.506034e-04
-7.906945e+01	5.518973e-04
-7.896945e+01	5.531957e-04
-7.886945e+01	5.544988e-04
-7.876945e+01	5.558065e-04
-7.866945e+01	5.571188e-04
-7.856945e+01	5.584358e-04
-7.846945e+01	5.597574e-04
-7.836945e+01	5.610838e-04
-7.826945e+01	5.624149e-04
-7.816945e+01	5.637508e-04
-7.806945e+01	5.650914e-04
-7.796945e+01	5.664369e-04
-7.786945e+01	5.677871e-04
-7.776945e+01	5.691422e-04
-7.766945e+01	5.705022e-04
-7.756945e+01	5.718670e-04
-7.746945e+01	5.732368e-04
-7.736945e+01	5.746115e-04
-7.726945e+01	5.759912e-04
-7.716945e+01	5.773759e-04
-7.706945e+01	5.787656e-04
-7.696945e+01	5.801603e-04
-7.686945e+01	5.815600e-04
-7.676945e+01	5.829649e-04
-7.666945e+01	5.843749e-04
-7.656945e+01	5.857900e-04
-7.646945e+01	5.872102e-04
-7.636945e+01	5.886357e-04
-7.626945e+01	5.900663e-04
-7.616945e+01	5.915022e-04
-7.606945e+01	5.929434e-04
-7.596945e+01	5.943898e-04
-7.586945e+01	5.958415e-04
-7.576945e+01	5.972986e-04
-7.566945e+01	5.987611e-04
-7.556945e+01	6.002289e-04
-7.546945e+01	6.017022e-04
-7.536945e+01	6.031809e-04
-7.526945e+01	6.046650e-04
-7.516945e+01	6.061547e-04
-7.506945e+01	6.076499e-04
-7.496945e+01	6.091506e-04
-7.486945e+01	6.106570e-04
-7.476945e+01	6.121689e-04
-7.466945e+01	6.136865e-04
-7.456945e+01	6.152097e-04
-7.446945e+01	6.167387e-04
-7.436945e+01	6.182733e-04
-7.426945e+01	6.198137e-04
-7.416945e+01	6.213599e-04
-7.406945e+01	6.229119e-04
-7.396945e+01	6.244697e-04
-7.386945e+01	6.260334e-04
-7.376945e+01	6.276030e-04
-7.366945e+01	6.291785e-04
-7.356945e+01	6.307600e-04
-7.346945e+01	6.323474e-04
-7.336945e+01	6.339409e-04
-7.326945e+01	6.355404e-04
-7.316945e+01	6.371460e-04
-7.306945e+01	6.387577e-04
-7.296945e+01	6.403755e-04
-7.286945e+01	6.419995e-04
-7.276945e+01	6.436297e-04
-7.266945e+01	6.452662e-04
-7.256945e+01	6.469089e-04
-7.246945e+01	6.485579e-04
-7.236945e+01	6.502133e-04
-7.226945e+01	6.518750e-04
-7.216945e+01	6.535431e-04
-7.206945e+01	6.552176e-04
-7.196945e+01	6.568986e-04
-7.186945e+01	6.585860e-04
-7.176945e+01	6.602801e-04
-7.166945e+01	6.619806e-04
-7.156945e+01	6.636878e-04
-7.146945e+01	6.654016e-04
-7.136945e+01	6.671221e-04
-7.126945e+01	6.688492e-04
-7.116945e+01	6.705831e-04
-7.106945e+01	6.723238e-04
-7.096945e+01	6.740713e-04
-7.086945e+01	6.758256e-04
-7.076945e+01	6.775868e-04
-7.066945e+01	6.793549e-04
-7.056945e+01	6.811299e-04
-7.046945e+01	6.829119e-04
-7.036945e+01	6.847010e-04
-7.026945e+01	6.864971e-04
-7.016945e+01	6.883003e-04
-7.006945e+01	6.901107e-04
-6.996945e+01	6.919282e-04
-6.986945e+01	6.937529e-04
-6.976945e+01	6.955849e-04
-6.966945e+01	6.974242e-04
-6.956945e+01	6.992708e-04
-6.946945e+01	7.011247e-04
-6.936945e+01	7.029861e-04
-6.926945e+01	7.048549e-04
-6.916945e+01	7.067312e-04
-6.906945e+01	7.086150e-04
-6.896945e+01	7.105063e-04
-6.886945e+01	7.124053e-04
-6.876945e+01	7.143119e-04
-6.866945e+01	7.162263e-04
-6.856945e+01	7.181483e-04
-6.846945e+01	7.200781e-04
-6.836945e+01	7.220157e-04
-6.826945e+01	7.239612e-04
-6.816945e+01	7.259146e-04
-6.806945e+01	7.278759e-04
-6.796945e+01	7.298452e-04
-6.786945e+01	7.318225e-04
-6.776945e+01	7.338079e-04
-6.766945e+01	7.358014e-04
-6.756945e+01	7.378031e-04
-6.746945e+01	7.398129e-04
-6.736945e+01	7.418310e-04
-6.726945e+01	7.438574e-04
-6.716945e+01	7.458922e-04
-6.706945e+01	7.479353e-04
-6.696945e+01	7.499869e-04
-6.686945e+01	7.520470e-04
-6.676945e+01	7.541155e-04
-6.666945e+01	7.561927e-04
-6.656945e+01	7.582784e-04
-6.646945e+01	7.603729e-04
-6.636945e+01	7.624760e-04
-6.626945e+01	7.645879e-04
-6.616945e+01	7.667087e-04
-6.606945e+01	7.688383e-04
-6.596945e+01	7.709768e-04
-6.586945e+01	7.731242e-04
-6.576945e+01	7.752807e-04
-6.566945e+01	7.774463e-04
-6.556945e+01	7.796209e-04
-6.546945e+01	7.818047e-04
-6.536945e+01	7.839978e-04
-6.526945e+01	7.862001e-04
-6.516945e+01	7.884117e-04
-6.506945e+01	7.906328e-04
-6.496945e+01	7.928632e-04
-6.486945e+01	7.951031e-04
-6.476945e+01	7.973526e-04
-6.466945e+01	7.996116e-04
-6.456945e+01	8.018803e-04
-6.446945e+01	8.041587e-04
-6.436945e+01	8.064469e-04
-6.426945e+01	8.087448e-04
-6.416945e+01	8.110527e-04
-6.406945e+01	8.133704e-04
-6.396945e+01	8.156982e-04
-6.386945e+01	8.180359e-04
-6.376945e+01	8.203838e-04
-6.366945e+01	8.227419e-04
-6.356945e+01	8.251101e-04
-6.346945e+01	8.274886e-04
-6.336945e+01	8.298775e-04
-6.326945e+01	8.322767e-04
-6.316945e+01	8.346864e-04
-6.306945e+01	8.371067e-04
-6.296945e+01	8.395375e-04
-6.286945e+01	8.419789e-04
-6.276945e+01	8.444310e-04
-6.266945e+01	8.468940e-04
-6.256945e+01	8.493677e-04
-6.246945e+01	8.518523e-04
-6.236945e+01	8.543479e-04
-6.226945e+01	8.568545e-04
-6.216945e+01	8.593722e-04
-6.206945e+01	8.619010e-04
-6.196945e+01	8.644411e-04
-6.186945e+01	8.669924e-04
-6.176945e+01	8.695551e-04
-6.166945e+01	8.721292e-04
-6.156945e+01	8.747148e-04
-6.146945e+01	8.773120e-04
-6.136945e+01	8.799208e-04
-6.126945e+01	8.825413e-04
-6.116945e+01	8.851735e-04
-6.106945e+01	8.878176e-04
-6.096945e+01	8.904736e-04
-6.086945e+01	8.931415e-04
-6.076945e+01	8.958215e-04
-6.066945e+01	8.985137e-04
-6.056945e+01	9.012180e-04
-6.046945e+01	9.039346e-04
-6.036945e+01	9.066636e-04
-6.026945e+01	9.094050e-04
-6.016945e+01	9.121589e-04
-6.006945e+01	9.149253e-04
-5.996945e+01	9.177044e-04
-5.986945e+01	9.204963e-04
-5.976945e+01	9.233009e-04
-5.966945e+01	9.261184e-04
-5.956945e+01	9.289489e-04
-5.946945e+01	9.317925e-04
-5.936945e+01	9.346491e-04
-5.926945e+01	9.375190e-04
-5.916945e+01	9.404021e-04
-5.906945e+01	9.432987e-04
-5.896945e+01	9.462086e-04
-5.886945e+01	9.491322e-04
-5.876945e+01	9.520693e-04
-5.866945e+01	9.550202e-04
-5.856945e+01	9.579848e-04
-5.846945e+01	9.609633e-04
-5.836945e+01	9.639558e-04
-5.826945e+01	9.669624e-04
-5.816945e+01	9.699830e-04
-5.806945e+01	9.730180e-04
-5.796945e+01	9.760672e-04
-5.786945e+01	9.791309e-04
-5.776945e+01	9.822090e-04
-5.766945e+01	9.853018e-04
-5.756945e+01	9.884092e-04
-5.746945e+01	9.915314e-04
-5.736945e+01	9.946685e-04
-5.726945e+01	9.978206e-04
-5.716945e+01	1.000988e-03
-5.706945e+01	1.004170e-03
-5.696945e+01	1.007368e-03
-5.686945e+01	1.010581e-03
-5.676945e+01	1.013809e-03
-5.666945e+01	1.017053e-03
-5.656945e+01	1.020312e-03
-5.646945e+01	1.023588e-03
-5.636945e+01	1.026879e-03
-5.626945e+01	1.030186e-03
-5.616945e+01	1.033509e-03
-5.606945e+01	1.036849e-03
-5.596945e+01	1.040205e-03
-5.586945e+01	1.043577e-03
-5.576945e+01	1.046965e-03
-5.566945e+01	1.050370e-03
-5.556945e+01	1.053792e-03
-5.546945e+01	1.057231e-03
-5.536945e+01	1.060687e-03
-5.526945e+01	1.064159e-03
-5.516945e+01	1.067649e-03
-5.506945e+01	1.071156e-03
-5.496945e+01	1.074681e-03
-5.486945e+01	1.078223e-03
-5.476945e+01	1.081783e-03
-5.466945e+01	1.085360e-03
-5.456945e+01	1.088955e-03
-5.446945e+01	1.092568e-03
-5.436945e+01	1.096200e-03
-5.426945e+01	1.099849e-03
-5.416945e+01	1.103517e-03
-5.406945e+01	1.107203e-03
-5.396945e+01	1.110908e-03
-5.386945e+01	1.114632e-03
-5.376945e+01	1.118374e-03
-5.366945e+01	1.122135e-03
-5.356945e+01	1.125916e-03
-5.346945e+01	1.129715e-03
-5.336945e+01	1.133534e-03
-5.326945e+01	1.137373e-03
-5.316945e+01	1.141231e-03
-5.306945e+01	1.145109e-03
-5.296945e+01	1.149007e-03
-5.286945e+01	1.152925e-03
-5.276945e+01	1.156863e-03
-5.266945e+01	1.160821e-03
-5.256945e+01	1.164800e-03
-5.246945e+01	1.168799e-03
-5.236945e+01	1.172819e-03
-5.226945e+01	1.176860e-03
-5.216945e+01	1.180922e-03
-5.206945e+01	1.185005e-03
-5.196945e+01	1.189109e-03
-5.186945e+01	1.193235e-03
-5.176945e+01	1.197383e-03
-5.166945e+01	1.201552e-03
-5.156945e+01	1.205743e-03
-5.146945e+01	1.209957e-03
-5.136945e+01	1.214192e-03
-5.126945e+01	1.218450e-03
-5.116945e+01	1.222730e-03
-5.106945e+01	1.227033e-03
-5.096945e+01	1.231359e-03
-5.086945e+01	1.235708e-03
-5.076945e+01	1.240081e-03
-5.066945e+01	1.244476e-03
-5.056945e+01	1.248895e-03
-5.046945e+01	1.253338e-03
-5.036945e+01	1.257805e-03
-5.026945e+01	1.262296e-03
-5.016945e+01	1.266810e-03
-5.006945e+01	1.271350e-03
-4.996945e+01	1.275914e-03
-4.986945e+01	1.280502e-03
-4.976945e+01	1.285116e-03
-4.966945e+01	1.289755e-03
-4.956945e+01	1.294419e-03
-4.946945e+01	1.299108e-03
-4.936945e+01	1.303823e-03
-4.926945e+01	1.308564e-03
-4.916945e+01	1.313331e-03
-4.906945e+01	1.318124e-03
-4.896945e+01	1.322944e-03
-4.886945e+01	1.327790e-03
-4.876945e+01	1.332663e-03
-4.866945e+01	1.337563e-03
-4.856945e+01	1.342491e-03
-4.846945e+01	1.347445e-03
-4.836945e+01	1.352428e-03
-4.826945e+01	1.357438e-03
-4.816945e+01	1.362476e-03
-4.806945e+01	1.367543e-03
-4.796945e+01	1.372638e-03
-4.786945e+01	1.377761e-03
-4.776945e+01	1.382914e-03
-4.766945e+01	1.388096e-03
-4.756945e+01	1.393307e-03
-4.746945e+01	1.398547e-03
-4.736945e+01	1.403818e-03
-4.726945e+01	1.409118e-03
-4.716945e+01	1.414449e-03
-4.706945e+01	1.419810e-03
-4.696945e+01	1.425202e-03
-4.686945e+01	1.430624e-03
-4.676945e+01	1.436078e-03
-4.666945e+01	1.441564e-03
-4.656945e+01	1.447081e-03
-4.646945e+01	1.452630e-03
-4.636945e+01	1.458211e-03
-4.626945e+01	1.463825e-03
-4.616945e+01	1.469471e-03
-4.606945e+01	1.475150e-03
-4.596945e+01	1.480862e-03
-4.586945e+01	1.486608e-03
-4.576945e+01	1.492387e-03
-4.566945e+01	1.498201e-03
-4.556945e+01	1.504049e-03
-4.546945e+01	1.509931e-03
-4.536945e+01	1.515848e-03
-4.526945e+01	1.521800e-03
-4.516945e+01	1.527787e-03
-4.506945e+01	1.533810e-03
-4.496945e+01	1.539869e-03
-4.486945e+01	1.545964e-03
-4.476945e+01	1.552096e-03
-4.466945e+01	1.558264e-03
-4.456945e+01	1.564469e-03
-4.446945e+01	1.570712e-03
-4.436945e+01	1.576993e-03
-4.426945e+01	1.583311e-03
-4.416945e+01	1.589668e-03
-4.406945e+01	1.596063e-03
-4.396945e+01	1.602497e-03
-4.386945e+01	1.608971e-03
-4.376945e+01	1.615484e-03
-4.366945e+01	1.622037e-03
-4.356945e+01	1.628630e-03
-4.346945e+01	1.635264e-03
-4.336945e+01	1.641938e-03
-4.326945e+01	1.648654e-03
-4.316945e+01	1.655411e-03
-4.306945e+01	1.662211e-03
-4.296945e+01	1.669052e-03
-4.286945e+01	1.675936e-03
-4.276945e+01	1.682863e-03
-4.266945e+01	1.689834e-03
-4.256945e+01	1.696848e-03
-4.246945e+01	1.703906e-03
-4.236945e+01	1.711008e-03
-4.226945e+01	1.718156e-03
-4.216945e+01	1.725348e-03
-4.206945e+01	1.732586e-03
-4.196945e+01	1.739870e-03
-4.186945e+01	1.747201e-03
-4.176945e+01	1.754578e-03
-4.166945e+01	1.762002e-03
-4.156945e+01	1.769474e-03
-4.146945e+01	1.776994e-03
-4.136945e+01	1.784562e-03
-4.126945e+01	1.792179e-03
-4.116945e+01	1.799845e-03
-4.106945e+01	1.807561e-03
-4.096945e+01	1.815327e-03
-4.086945e+01	1.823144e-03
-4.076945e+01	1.831011e-03
-4.066945e+01	1.838930e-03
-4.056945e+01	1.846901e-03
-4.046945e+01	1.854924e-03
-4.036945e+01	1.862999e-03
-4.026945e+01	1.871129e-03
-4.016945e+01	1.879311e-03
-4.006945e+01	1.887548e-03
-3.996945e+01	1.895840e-03
-3.986945e+01	1.904187e-03
-3.976945e+01	1.912589e-03
-3.966945e+01	1.921048e-03
-3.956945e+01	1.929563e-03
-3.946945e+01	1.938135e-03
-3.936945e+01	1.946766e-03
-3.926945e+01	1.955454e-03
-3.916945e+01	1.964201e-03
-3.906945e+01	1.973008e-03
-3.896945e+01	1.981874e-03
-3.886945e+01	1.990800e-03
-3.876945e+01	1.999788e-03
-3.866945e+01	2.008837e-03
-3.856945e+01	2.017948e-03
-3.846945e+01	2.027122e-03
-3.836945e+01	2.036358e-03
-3.826945e+01	2.045659e-03
-3.816945e+01	2.055024e-03
-3.806945e+01	2.064454e-03
-3.796945e+01	2.073950e-03
-3.786945e+01	2.083512e-03
-3.776945e+01	2.093140e-03
-3.766945e+01	2.102836e-03
-3.756945e+01	2.112601e-03
-3.746945e+01	2.122434e-03
-3.736945e+01	2.132336e-03
-3.726945e+01	2.142308e-03
-3.716945e+01	2.152351e-03
-3.706945e+01	2.162466e-03
-3.696945e+01	2.172652e-03
-3.686945e+01	2.182912e-03
-3.676945e+01	2.193244e-03
-3.666945e+01	2.203651e-03
-3.656945e+01	2.214133e-03
-3.646945e+01	2.224691e-03
-3.636945e+01	2.235325e-03
-3.626945e+01	2.246036e-03
-3.616945e+01	2.256824e-03
-3.606945e+01	2.267692e-03
-3.596945e+01	2.278639e-03
-3.586945e+01	2.289666e-03
-3.576945e+01	2.300773e-03
-3.566945e+01	2.311963e-03
-3.556945e+01	2.323236e-03
-3.546945e+01	2.334591e-03
-3.536945e+01	2.346031e-03
-3.526945e+01	2.357556e-03
-3.516945e+01	2.369167e-03
-3.506945e+01	2.380865e-03
-3.496945e+01	2.392650e-03
-3.486945e+01	2.404524e-03
-3.476945e+01	2.416488e-03
-3.466945e+01	2.428541e-03
-3.456945e+01	2.440686e-03
-3.446945e+01	2.452924e-03
-3.436945e+01	2.465254e-03
-3.426945e+01	2.477679e-03
-3.416945e+01	2.490198e-03
-3.406945e+01	2.502814e-03
-3.396945e+01	2.515527e-03
-3.386945e+01	2.528337e-03
-3.376945e+01	2.541247e-03
-3.366945e+01	2.554257e-03
-3.356945e+01	2.567369e-03
-3.346945e+01	2.580582e-03
-3.336945e+01	2.593899e-03
-3.326945e+01	2.607320e-03
-3.316945e+01	2.620847e-03
-3.306945e+01	2.634480e-03
-3.296945e+01	2.648221e-03
-3.286945e+01	2.662071e-03
-3.276945e+01	2.676031e-03
-3.266945e+01	2.690102e-03
-3.256945e+01	2.704286e-03
-3.246945e+01	2.718584e-03
-3.236945e+01	2.732996e-03
-3.226945e+01	2.747525e-03
-3.216945e+01	2.762171e-03
-3.206945e+01	2.776935e-03
-3.196945e+01	2.791820e-03
-3.186945e+01	2.806826e-03
-3.176945e+01	2.821954e-03
-3.166945e+01	2.837207e-03
-3.156945e+01	2.852585e-03
-3.146945e+01	2.868090e-03
-3.136945e+01	2.883723e-03
-3.126945e+01	2.899485e-03
-3.116945e+01	2.915379e-03
-3.106945e+01	2.931405e-03
-3.096945e+01	2.947566e-03
-3.086945e+01	2.963861e-03
-3.076945e+01	2.980294e-03
-3.066945e+01	2.996866e-03
-3.056945e+01	3.013578e-03
-3.046945e+01	3.030431e-03
-3.036945e+01	3.047429e-03
-3.026945e+01	3.064571e-03
-3.016945e+01	3.081860e-03
-3.006945e+01	3.099297e-03
-2.996945e+01	3.116885e-03
-2.986945e+01	3.134625e-03
-2.976945e+01	3.152518e-03
-2.966945e+01	3.170568e-03
-2.956945e+01	3.188774e-03
-2.946945e+01	3.207140e-03
-2.936945e+01	3.225667e-03
-2.926945e+01	3.244357e-03
-2.916945e+01	3.263211e-03
-2.906945e+01	3.282233e-03
-2.896945e+01	3.301424e-03
-2.886945e+01	3.320786e-03
-2.876945e+01	3.340321e-03
-2.866945e+01	3.360031e-03
-2.856945e+01	3.379918e-03
-2.846945e+01	3.399985e-03
-2.836945e+01	3.420233e-03
-2.826945e+01	3.440666e-03
-2.816945e+01	3.461284e-03
-2.806945e+01	3.482091e-03
-2.796945e+01	3.503088e-03
-2.786945e+01	3.524279e-03
-2.776945e+01	3.545665e-03
-2.766945e+01	3.567249e-03
-2.756945e+01	3.589034e-03
-2.746945e+01	3.611022e-03
-2.736945e+01	3.633215e-03
-2.726945e+01	3.655616e-03
-2.716945e+01	3.678228e-03
-2.706945e+01	3.701054e-03
-2.696945e+01	3.724096e-03
-2.686945e+01	3.747357e-03
-2.676945e+01	3.770840e-03
-2.666945e+01	3.794547e-03
-2.656945e+01	3.818482e-03
-2.646945e+01	3.842648e-03
-2.636945e+01	3.867047e-03
-2.626945e+01	3.891683e-03
-2.616945e+01	3.916559e-03
-2.606945e+01	3.941677e-03
-2.596945e+01	3.967042e-03
-2.586945e+01	3.992657e-03
-2.576945e+01	4.018524e-03
-2.566945e+01	4.044647e-03
-2.556945e+01	4.071030e-03
-2.546945e+01	4.097676e-03
-2.536945e+01	4.124588e-03
-2.526945e+01	4.151771e-03
-2.516945e+01	4.179228e-03
-2.506945e+01	4.206963e-03
-2.496945e+01	4.234980e-03
-2.486945e+01	4.263281e-03
-2.476945e+01	4.291872e-03
-2.466945e+01	4.320757e-03
-2.456945e+01	4.349939e-03
-2.446945e+01	4.379423e-03
-2.436945e+01	4.409213e-03
-2.426945e+01	4.439313e-03
-2.416945e+01	4.469728e-03
-2.406945e+01	4.500462e-03
-2.396945e+01	4.531519e-03
-2.386945e+01	4.562905e-03
-2.376945e+01	4.594624e-03
-2.366945e+01	4.626681e-03
-2.356945e+01	4.659080e-03
-2.346945e+01	4.691828e-03
-2.336945e+01	4.724928e-03
-2.326945e+01	4.758386e-03
-2.316945e+01	4.792207e-03
-2.306945e+01	4.826397e-03
-2.296945e+01	4.860962e-03
-2.286945e+01	4.895906e-03
-2.276945e+01	4.931235e-03
-2.266945e+01	4.966955e-03
-2.256945e+01	5.003073e-03
-2.246945e+01	5.039594e-03
-2.236945e+01	5.076524e-03
-2.226945e+01	5.113869e-03
-2.216945e+01	5.151637e-03
-2.206945e+01	5.189833e-03
-2.196945e+01	5.228463e-03
-2.186945e+01	5.267536e-03
-2.176945e+01	5.307057e-03
-2.166945e+01	5.347034e-03
-2.156945e+01	5.387474e-03
-2.146945e+01	5.428384e-03
-2.136945e+01	5.469772e-03
-2.126945e+01	5.511644e-03
-2.116945e+01	5.554010e-03
-2.106945e+01	5.596877e-03
-2.096945e+01	5.640253e-03
-2.086945e+01	5.684147e-03
-2.076945e+01	5.728566e-03
-2.066945e+01	5.773519e-03
-2.056945e+01	5.819016e-03
-2.046945e+01	5.865065e-03
-2.036945e+01	5.911675e-03
-2.026945e+01	5.958856e-03
-2.016945e+01	6.006617e-03
-2.006945e+01	6.054968e-03
-1.996945e+01	6.103919e-03
-1.986945e+01	6.153480e-03
-1.976945e+01	6.203662e-03
-1.966945e+01	6.254475e-03
-1.956945e+01	6.305930e-03
-1.946945e+01	6.358038e-03
-1.936945e+01	6.410811e-03
-1.926945e+01	6.464260e-03
-1.916945e+01	6.518397e-03
-1.906945e+01	6.573235e-03
-1.896945e+01	6.628785e-03
-1.886945e+01	6.685060e-03
-1.876945e+01	6.742074e-03
-1.866945e+01	6.799839e-03
-1.856945e+01	6.858370e-03
-1.846945e+01	6.917679e-03
-1.836945e+01	6.977782e-03
-1.826945e+01	7.038693e-03
-1.816945e+01	7.100427e-03
-1.806945e+01	7.162999e-03
-1.796945e+01	7.226425e-03
-1.786945e+01	7.290721e-03
-1.776945e+01	7.355903e-03
-1.766945e+01	7.421987e-03
-1.756945e+01	7.488992e-03
-1.746945e+01	7.556935e-03
-1.736945e+01	7.625834e-03
-1.726945e+01	7.695707e-03
-1.716945e+01	7.766574e-03
-1.706945e+01	7.838453e-03
-1.696945e+01	7.911365e-03
-1.686945e+01	7.985331e-03
-1.676945e+01	8.060370e-03
-1.666945e+01	8.136506e-03
-1.656945e+01	8.213759e-03
-1.646945e+01	8.292152e-03
-1.636945e+01	8.371709e-03
-1.626945e+01	8.452454e-03
-1.616945e+01	8.534410e-03
-1.606945e+01	8.617603e-03
-1.596945e+01	8.702060e-03
-1.586945e+01	8.787805e-03
-1.576945e+01	8.874867e-03
-1.566945e+01	8.963274e-03
-1.556945e+01	9.053053e-03
-1.546945e+01	9.144236e-03
-1.536945e+01	9.236851e-03
-1.526945e+01	9.330930e-03
-1.516945e+01	9.426506e-03
-1.506945e+01	9.523610e-03
-1.496945e+01	9.622278e-03
-1.486945e+01	9.722544e-03
-1.476945e+01	9.824443e-03
-1.466945e+01	9.928013e-03
-1.456945e+01	1.003329e-02
-1.446945e+01	1.014032e-02
-1.436945e+01	1.024913e-02
-1.426945e+01	1.035978e-02
-1.416945e+01	1.047229e-02
-1.406945e+01	1.058672e-02
-1.396945e+01	1.070312e-02
-1.386945e+01	1.082152e-02
-1.376945e+01	1.094198e-02
-1.366945e+01	1.106455e-02
-1.356945e+01	1.118927e-02
-1.346945e+01	1.131620e-02
-1.336945e+01	1.144540e-02
-1.326945e+01	1.157692e-02
-1.316945e+01	1.171082e-02
-1.306945e+01	1.184716e-02
-1.296945e+01	1.198600e-02
-1.286945e+01	1.212740e-02
-1.276945e+01	1.227144e-02
-1.266945e+01	1.241818e-02
-1.256945e+01	1.256769e-02
-1.246945e+01	1.272004e-02
-1.236945e+01	1.287532e-02
-1.226945e+01	1.303359e-02
-1.216945e+01	1.319494e-02
-1.206945e+01	1.335945e-02
-1.196945e+01	1.352722e-02
-1.186945e+01	1.369832e-02
-1.176945e+01	1.387286e-02
-1.166945e+01	1.405093e-02
-1.156945e+01	1.423263e-02
-1.146945e+01	1.441806e-02
-1.136945e+01	1.460734e-02
-1.126945e+01	1.480057e-02
-1.116945e+01	1.499787e-02
-1.106945e+01	1.519936e-02
-1.096945e+01	1.540517e-02
-1.086945e+01	1.561543e-02
-1.076945e+01	1.583027e-02
-1.066945e+01	1.604983e-02
-1.056945e+01	1.627427e-02
-1.046945e+01	1.650372e-02
-1.036945e+01	1.673836e-02
-1.026945e+01	1.697835e-02
-1.016945e+01	1.722386e-02
-1.006945e+01	1.747507e-02
-9.969451e+00	1.773217e-02
-9.869451e+00	1.799535e-02
-9.769451e+00	1.826482e-02
-9.669451e+00	1.854079e-02
-9.569451e+00	1.882349e-02
-9.469451e+00	1.911314e-02
-9.369451e+00	1.941000e-02
-9.269451e+00	1.971431e-02
-9.169451e+00	2.002635e-02
-9.069451e+00	2.034639e-02
-8.969451e+00	2.067474e-02
-8.869451e+00	2.101168e-02
-8.769451e+00	2.135756e-02
-8.669451e+00	2.171270e-02
-8.569451e+00	2.207746e-02
-8.469451e+00	2.245223e-02
-8.369451e+00	2.283738e-02
-8.269451e+00	2.323334e-02
-8.169451e+00	2.364054e-02
-8.069451e+00	2.405944e-02
-7.969451e+00	2.449053e-02
-7.869451e+00	2.493432e-02
-7.769451e+00	2.539135e-02
-7.669451e+00	2.586219e-02
-7.569451e+00	2.634745e-02
-7.469451e+00	2.684776e-02
-7.369451e+00	2.736381e-02
-7.269451e+00	2.789632e-02
-7.169451e+00	2.844605e-02
-7.069451e+00	2.901381e-02
-6.969451e+00	2.960048e-02
-6.869451e+00	3.020696e-02
-6.769451e+00	3.083424e-02
-6.669451e+00	3.148337e-02
-6.569451e+00	3.215548e-02
-6.469451e+00	3.285174e-02
-6.369451e+00	3.357346e-02
-6.269451e+00	3.432200e-02
-6.169451e+00	3.509884e-02
-6.069451e+00	3.590558e-02
-5.969451e+00	3.674392e-02
-5.869451e+00	3.761571e-02
-5.769451e+00	3.852295e-02
-5.669451e+00	3.946780e-02
-5.569451e+00	4.045260e-02
-5.469451e+00	4.147990e-02
-5.369451e+00	4.255246e-02
-5.269451e+00	4.367333e-02
-5.169451e+00	4.484580e-02
-5.069451e+00	4.607349e-02
-4.969451e+00	4.736039e-02
-4.869451e+00	4.871089e-02
-4.769451e+00	5.012983e-02
-4.669451e+00	5.162258e-02
-4.569451e+00	5.319513e-02
-4.469451e+00	5.485411e-02
-4.369451e+00	5.660699e-02
-4.269451e+00	5.846214e-02
-4.169451e+00	6.042902e-02
-4.069451e+00	6.251833e-02
-3.969451e+00	6.474228e-02
-3.869451e+00	6.711483e-02
-3.769451e+00	6.965206e-02
-3.669451e+00	7.237258e-02
-3.569451e+00	7.529808e-02
-3.469451e+00	7.845403e-02
-3.369451e+00	8.187056e-02
-3.269451e+00	8.558358e-02
-3.169451e+00	8.963631e-02
-3.069451e+00	9.408131e-02
-2.969451e+00	9.898312e-02
-2.869451e+00	1.044220e-01
-2.769451e+00	1.104990e-01
-2.669451e+00	1.173434e-01
-2.569451e+00	1.251228e-01
-2.469451e+00	1.340587e-01
-2.369451e+00	1.444495e-01
-2.269451e+00	1.567062e-01
-2.169451e+00	1.714078e-01
-2.069451e+00	1.893933e-01
-1.969451e+00	2.119148e-01
-1.869451e+00	2.409037e-01
-1.769451e+00	2.794481e-01
-1.669451e+00	3.326724e-01
-1.569451e+00	4.093693e-01
-1.469451e+00	5.248569e-01
-1.369451e+00	7.044933e-01
-1.269451e+00	9.783695e-01
-1.169451e+00	1.321354e+00
-1.069451e+00	1.514239e+00
-9.694509e-01	1.349978e+00
-8.694509e-01	1.043115e+00
-7.694509e-01	8.104685e-01
-6.694509e-01	6.770806e-01
-5.694509e-01	6.160480e-01
-4.694509e-01	6.072832e-01
-3.694509e-01	6.423203e-01
-2.694509e-01	7.183053e-01
-1.694509e-01	8.303811e-01
-6.945093e-02	9.531437e-01
3.054907e-02	1.063280e+00
1.305491e-01	1.211449e+00
2.305491e-01	1.419473e+00
3.305491e-01	1.620962e+00
4.305491e-01	1.797193e+00
5.305491e-01	1.903214e+00
6.305491e-01	1.913556e+00
7.305491e-01	2.011220e+00
8.305491e-01	2.337789e+00
9.305491e-01	2.872772e+00
1.030549e+00	3.319137e+00
1.130549e+00	3.404756e+00
1.230549e+00	3.490881e+00
1.330549e+00	3.996751e+00
1.430549e+00	4.983796e+00
1.530549e+00	5.894983e+00
1.630549e+00	5.721436e+00
1.730549e+00	4.764296e+00
1.830549e+00	4.008888e+00
1.930549e+00	3.757392e+00
2.030549e+00	4.009410e+00
2.130549e+00	4.817800e+00
2.230549e+00	6.379348e+00
2.330549e+00	8.988824e+00
2.430549e+00	1.247449e+01
2.530549e+00	1.468603e+01
2.630549e+00	1.303948e+01
2.730549e+00	9.433404e+00
2.830549e+00	6.455189e+00
2.930549e+00	4.519577e+00
3.030549e+00	3.296790e+00
3.130549e+00	2.488665e+00
3.230549e+00	1.936272e+00
3.330549e+00	1.551577e+00
3.430549e+00	1.277004e+00
3.530549e+00	1.075767e+00
3.630549e+00	9.247357e-01
3.730549e+00	8.091642e-01
3.830549e+00	7.194249e-01
3.930549e+00	6.490884e-01
4.030549e+00	5.938026e-01
4.130549e+00	5.506415e-01
4.230549e+00	5.177462e-01
4.330549e+00	4.941616e-01
4.430549e+00	4.797257e-01
4.530549e+00	4.743696e-01
4.630549e+00	4.756200e-01
4.730549e+00	4.794133e-01
4.830549e+00	4.906703e-01
4.930549e+00	5.208802e-01
5.030549e+00	5.793415e-01
5.130549e+00	6.622444e-01
5.230549e+00	7.218008e-01
5.330549e+00	6.997680e-01
5.430549e+00	6.271813e-01
5.530549e+00	5.637422e-01
5.630549e+00	5.281867e-01
5.730549e+00	5.160265e-01
5.830549e+00	5.208889e-01
5.930549e+00	5.391569e-01
6.030549e+00	5.696143e-01
6.130549e+00	6.128099e-01
6.230549e+00	6.708322e-01
6.330549e+00	7.474929e-01
6.430549e+00	8.489462e-01
6.530549e+00	9.849243e-01
6.630549e+00	1.171020e+00
6.730549e+00	1.432900e+00
6.830549e+00	1.814172e+00
6.930549e+00	2.390821e+00
7.030549e+00	3.294336e+00
7.130549e+00	4.724801e+00
7.230549e+00	6.807731e+00
7.330549e+00	8.864577e+00
7.430549e+00	8.983658e+00
7.530549e+00	7.055537e+00
7.630549e+00	5.001303e+00
7.730549e+00	3.596016e+00
7.830549e+00	2.738354e+00
7.930549e+00	2.227515e+00
8.030549e+00	1.930333e+00
8.130549e+00	1.771767e+00
8.230549e+00	1.711756e+00
8.330549e+00	1.730846e+00
8.430549e+00	1.822993e+00
8.530549e+00	1.992793e+00
8.630549e+00	2.255829e+00
8.730549e+00	2.642124e+00
8.830549e+00	3.203969e+00
8.930549e+00	4.031334e+00
9.030549e+00	5.281003e+00
9.130549e+00	7.227577e+00
9.230549e+00	1.032441e+01
9.330549e+00	1.509578e+01
9.430549e+00	2.102936e+01
9.530549e+00	2.421397e+01
9.630549e+00	2.139816e+01
9.730549e+00	1.664474e+01
9.830549e+00	1.368728e+01
9.930549e+00	1.272789e+01
1.003055e+01	1.207209e+01
1.013055e+01	1.005930e+01
1.023055e+01	7.568617e+00
1.033055e+01	5.734871e+00
1.043055e+01	4.574094e+00
1.053055e+01	3.694011e+00
1.063055e+01	2.914676e+00
1.073055e+01	2.308568e+00
1.083055e+01	1.886284e+00
1.093055e+01	1.603839e+00
1.103055e+01	1.412081e+00
1.113055e+01	1.249721e+00
1.123055e+01	1.082761e+00
1.133055e+01	9.361629e-01
1.143055e+01	8.272471e-01
1.153055e+01	7.535328e-01
1.163055e+01	7.040469e-01
1.173055e+01	6.543656e-01
1.183055e+01	5.893997e-01
1.193055e+01	5.259548e-01
1.203055e+01	4.729758e-01
1.213055e+01	4.256243e-01
1.223055e+01	3.838699e-01
1.233055e+01	3.494451e-01
1.243055e+01	3.213855e-01
1.253055e+01	2.978967e-01
1.263055e+01	2.773646e-01
1.273055e+01	2.591093e-01
1.283055e+01	2.430058e-01
1.293055e+01	2.289323e-01
1.303055e+01	2.167856e-01
1.313055e+01	2.064833e-01
1.323055e+01	1.979767e-01
1.333055e+01	1.912242e-01
1.343055e+01	1.863933e-01
1.353055e+01	1.840979e-01
1.363055e+01	1.838852e-01
1.373055e+01	1.833837e-01
1.383055e+01	1.810180e-01
1.393055e+01	1.732484e-01
1.403055e+01	1.595370e-01
1.413055e+01	1.459682e-01
1.423055e+01	1.357298e-01
1.433055e+01	1.287843e-01
1.443055e+01	1.245210e-01
1.453055e+01	1.217135e-01
1.463055e+01	1.174618e-01
1.473055e+01	1.105509e-01
1.483055e+01	1.034324e-01
1.493055e+01	9.750365e-02
1.503055e+01	9.267441e-02
1.513055e+01	8.860798e-02
1.523055e+01	8.506174e-02
1.533055e+01	8.188764e-02
1.543055e+01	7.899553e-02
1.553055e+01	7.632822e-02
1.563055e+01	7.384754e-02
1.573055e+01	7.152667e-02
1.583055e+01	6.934592e-02
1.593055e+01	6.729023e-02
1.603055e+01	6.534773e-02
1.613055e+01	6.350886e-02
1.623055e+01	6.176572e-02
1.633055e+01	6.011177e-02
1.643055e+01	5.854155e-02
1.653055e+01	5.705052e-02
1.663055e+01	5.563500e-02
1.673055e+01	5.429214e-02
1.683055e+01	5.301996e-02
1.693055e+01	5.181744e-02
1.703055e+01	5.068474e-02
1.713055e+01	4.962363e-02
1.723055e+01	4.863803e-02
1.733055e+01	4.773522e-02
1.743055e+01	4.692772e-02
1.753055e+01	4.623685e-02
1.763055e+01	4.569917e-02
1.773055e+01	4.537822e-02
1.783055e+01	4.538236e-02
1.793055e+01	4.587004e-02
1.803055e+01	4.691908e-02
1.813055e+01	4.801686e-02
1.823055e+01	4.805736e-02
1.833055e+01	4.684279e-02
1.843055e+01	4.509609e-02
1.853055e+01	4.372618e-02
1.863055e+01	4.305432e-02
1.873055e+01	4.299399e-02
1.883055e+01	4.352565e-02
1.893055e+01	4.482480e-02
1.903055e+01	4.719711e-02
1.913055e+01	5.115240e-02
1.923055e+01	5.751125e-02
1.933055e+01	6.742168e-02
1.943055e+01	8.257167e-02
1.953055e+01	1.048600e-01
1.963055e+01	1.302799e-01
1.973055e+01	1.397217e-01
1.983055e+01	1.221346e-01
1.993055e+01	9.622762e-02
2.003055e+01	7.563747e-02
2.013055e+01	6.128080e-02
2.023055e+01	5.115371e-02
2.033055e+01	4.408960e-02
2.043055e+01	3.919659e-02
2.053055e+01	3.573008e-02
2.063055e+01	3.318793e-02
2.073055e+01	3.125492e-02
2.083055e+01	2.974257e-02
2.093055e+01	2.854402e-02
2.103055e+01	2.759442e-02
2.113055e+01	2.685514e-02
2.123055e+01	2.629716e-02
2.133055e+01	2.589466e-02
2.143055e+01	2.568798e-02
2.153055e+01	2.579678e-02
2.163055e+01	2.635597e-02
2.173055e+01	2.740476e-02
2.183055e+01	2.845937e-02
2.193055e+01	2.856727e-02
2.203055e+01	2.759829e-02
2.213055e+01	2.628787e-02
2.223055e+01	2.514989e-02
2.233055e+01	2.392434e-02
2.243055e+01	2.258200e-02
2.253055e+01	2.144760e-02
2.263055e+01	2.060420e-02
2.273055e+01	1.994435e-02
2.283055e+01	1.937370e-02
2.293055e+01	1.887427e-02
2.303055e+01	1.843763e-02
2.313055e+01	1.805582e-02
2.323055e+01	1.772178e-02
2.333055e+01	1.742656e-02
2.343055e+01	1.716335e-02
2.353055e+01	1.692905e-02
2.363055e+01	1.672445e-02
2.373055e+01	1.655494e-02
2.383055e+01	1.643228e-02
2.393055e+01	1.637522e-02
2.403055e+01	1.639397e-02
2.413055e+01	1.642753e-02
2.423055e+01	1.634327e-02
2.433055e+01	1.613888e-02
2.443055e+01	1.592447e-02
2.453055e+01	1.581511e-02
2.463055e+01	1.580402e-02
2.473055e+01	1.568203e-02
2.483055e+01	1.532451e-02
2.493055e+01	1.492546e-02
2.503055e+01	1.461946e-02
2.513055e+01	1.441191e-02
2.523055e+01	1.428758e-02
2.533055e+01	1.424300e-02
2.543055e+01	1.426949e-02
2.553055e+01	1.429863e-02
2.563055e+01	1.424253e-02
2.573055e+01	1.416138e-02
2.583055e+01	1.412180e-02
2.593055e+01	1.412885e-02
2.603055e+01	1.418080e-02
2.613055e+01	1.423453e-02
2.623055e+01	1.433305e-02
2.633055e+01	1.456074e-02
2.643055e+01	1.490788e-02
2.653055e+01	1.534058e-02
2.663055e+01	1.591957e-02
2.673055e+01	1.676829e-02
2.683055e+01	1.786387e-02
2.693055e+01	1.860709e-02
2.703055e+01	1.860735e-02
2.713055e+01	1.852175e-02
2.723055e+01	1.876402e-02
2.733055e+01	1.925274e-02
2.743055e+01	2.020270e-02
2.753055e+01	2.167399e-02
2.763055e+01	2.273459e-02
2.773055e+01	2.273504e-02
2.783055e+01	2.255332e-02
2.793055e+01	2.266073e-02
2.803055e+01	2.273270e-02
2.813055e+01	2.319811e-02
2.823055e+01	2.483199e-02
2.833055e+01	2.784403e-02
2.843055e+01	3.216751e-02
2.853055e+01	3.793576e-02
2.863055e+01	4.451212e-02
2.873055e+01	5.011136e-02
2.883055e+01	5.438824e-02
2.893055e+01	5.589202e-02
2.903055e+01	5.132084e-02
2.913055e+01	4.406654e-02
2.923055e+01	3.874783e-02
2.933055e+01	3.453233e-02
2.943055e+01	3.042544e-02
2.953055e+01	2.764379e-02
2.963055e+01	2.678301e-02
2.973055e+01	2.786211e-02
2.983055e+01	3.116503e-02
2.993055e+01	3.753414e-02
3.003055e+01	4.832718e-02
3.013055e+01	6.389307e-02
3.023055e+01	7.861230e-02
3.033055e+01	8.210877e-02
3.043055e+01	7.256431e-02
3.053055e+01	5.765236e-02
3.063055e+01	4.546649e-02
3.073055e+01	3.722290e-02
3.083055e+01	3.213597e-02
3.093055e+01	2.901601e-02
3.103055e+01	2.584617e-02
3.113055e+01	2.234316e-02
3.123055e+01	1.953817e-02
3.133055e+01	1.772322e-02
3.143055e+01	1.669758e-02
3.153055e+01	1.626965e-02
3.163055e+01	1.636749e-02
3.173055e+01	1.700363e-02
3.183055e+01	1.834818e-02
3.193055e+01	2.074706e-02
3.203055e+01	2.471100e-02
3.213055e+01	3.091149e-02
3.223055e+01	3.939214e-02
3.233055e+01	4.685344e-02
3.243055e+01	4.832404e-02
3.253055e+01	4.551172e-02
3.263055e+01	4.030024e-02
3.273055e+01	3.330525e-02
3.283055e+01	2.734559e-02
3.293055e+01	2.371941e-02
3.303055e+01	2.150462e-02
3.313055e+01	1.923450e-02
3.323055e+01	1.690293e-02
3.333055e+01	1.528591e-02
3.343055e+01	1.461616e-02
3.353055e+01	1.489041e-02
3.363055e+01	1.602028e-02
3.373055e+01	1.719310e-02
3.383055e+01	1.676757e-02
3.393055e+01	1.498576e-02
3.403055e+01	1.341640e-02
3.413055e+01	1.257455e-02
3.423055e+01	1.237130e-02
3.433055e+01	1.253065e-02
3.443055e+01	1.281900e-02
3.453055e+01	1.314523e-02
3.463055e+01	1.358704e-02
3.473055e+01	1.418037e-02
3.483055e+01	1.469987e-02
3.493055e+01	1.556508e-02
3.503055e+01	1.704216e-02
3.513055e+01	1.793127e-02
3.523055e+01	1.727314e-02
3.533055e+01	1.596180e-02
3.543055e+01	1.478439e-02
3.553055e+01	1.383430e-02
3.563055e+01	1.246153e-02
3.573055e+01	1.085941e-02
3.583055e+01	9.626451e-03
3.593055e+01	8.845891e-03
3.603055e+01	8.403626e-03
3.613055e+01	8.208922e-03
3.623055e+01	8.214750e-03
3.633055e+01	8.392282e-03
3.643055e+01	8.714873e-03
3.653055e+01	9.237867e-03
3.663055e+01	1.016826e-02
3.673055e+01	1.179849e-02
3.683055e+01	1.446139e-02
3.693055e+01	1.801621e-02
3.703055e+01	2.034715e-02
3.713055e+01	1.886534e-02
3.723055e+01	1.546924e-02
3.733055e+01	1.276687e-02
3.743055e+01	1.120695e-02
3.753055e+01	1.052047e-02
3.763055e+01	1.059731e-02
3.773055e+01	1.149866e-02
3.783055e+01	1.306886e-02
3.793055e+01	1.409396e-02
3.803055e+01	1.307367e-02
3.813055e+01	1.098320e-02
3.823055e+01	9.225450e-03
3.833055e+01	8.046283e-03
3.843055e+01	7.306943e-03
3.853055e+01	6.826980e-03
3.863055e+01	6.469472e-03
3.873055e+01	6.209344e-03
3.883055e+01	6.061258e-03
3.893055e+01	6.015032e-03
3.903055e+01	6.006703e-03
3.913055e+01	5.949252e-03
3.923055e+01	5.840430e-03
3.933055e+01	5.716692e-03
3.943055e+01	5.622144e-03
3.953055e+01	5.565851e-03
3.963055e+01	5.534085e-03
3.973055e+01	5.532570e-03
3.983055e+01	5.572617e-03
3.993055e+01	5.653871e-03
4.003055e+01	5.779062e-03
4.013055e+01	5.970548e-03
4.023055e+01	6.264991e-03
4.033055e+01	6.720176e-03
4.043055e+01	7.413322e-03
4.053055e+01	8.364720e-03
4.063055e+01	9.261964e-03
4.073055e+01	9.551800e-03
4.083055e+01	9.510818e-03
4.093055e+01	9.799332e-03
4.103055e+01	1.064810e-02
4.113055e+01	1.204178e-02
4.123055e+01	1.405918e-02
4.133055e+01	1.727860e-02
4.143055e+01	2.263954e-02
4.153055e+01	3.103701e-02
4.163055e+01	4.126445e-02
4.173055e+01	4.626733e-02
4.183055e+01	4.144261e-02
4.193055e+01	3.310918e-02
4.203055e+01	2.553620e-02
4.213055e+01	1.990389e-02
4.223055e+01	1.646759e-02
4.233055e+01	1.456760e-02
4.243055e+01	1.338929e-02
4.253055e+01	1.266334e-02
4.263055e+01	1.201602e-02
4.273055e+01	1.085971e-02
4.283055e+01	9.625353e-03
4.293055e+01	8.837572e-03
4.303055e+01	8.338772e-03
4.313055e+01	7.663250e-03
4.323055e+01	6.855751e-03
4.333055e+01	6.211038e-03
4.343055e+01	5.781660e-03
4.353055e+01	5.516717e-03
4.363055e+01	5.375309e-03
4.373055e+01	5.339432e-03
4.383055e+01	5.410380e-03
4.393055e+01	5.609228e-03
4.403055e+01	5.978774e-03
4.413055e+01	6.583683e-03
4.423055e+01	7.539845e-03
4.433055e+01	9.062431e-03
4.443055e+01	1.126170e-02
4.453055e+01	1.336624e-02
4.463055e+01	1.368257e-02
4.473055e+01	1.249436e-02
4.483055e+01	1.122843e-02
4.493055e+01	1.033359e-02
4.503055e+01	9.446647e-03
4.513055e+01	8.154959e-03
4.523055e+01	6.901316e-03
4.533055e+01	6.031516e-03
4.543055e+01	5.503359e-03
4.553055e+01	5.150981e-03
4.563055e+01	4.860343e-03
4.573055e+01	4.638265e-03
4.583055e+01	4.515900e-03
4.593055e+01	4.487553e-03
4.603055e+01	4.536837e-03
4.613055e+01	4.669820e-03
4.623055e+01	4.916044e-03
4.633055e+01	5.343678e-03
4.643055e+01	5.912777e-03
4.653055e+01	6.197087e-03
4.663055e+01	5.850748e-03
4.673055e+01	5.258116e-03
4.683055e+01	4.748338e-03
4.693055e+01	4.378217e-03
4.703055e+01	4.125246e-03
4.713055e+01	3.961196e-03
4.723055e+01	3.869870e-03
4.733055e+01	3.841499e-03
4.743055e+01	3.870593e-03
4.753055e+01	3.958856e-03
4.763055e+01	4.117260e-03
4.773055e+01	4.368680e-03
4.783055e+01	4.753541e-03
4.793055e+01	5.319754e-03
4.803055e+01	6.024882e-03
4.813055e+01	6.556192e-03
4.823055e+01	6.738366e-03
4.833055e+01	6.999635e-03
4.843055e+01	7.746725e-03
4.853055e+01	9.239515e-03
4.863055e+01	1.183738e-02
4.873055e+01	1.595585e-02
4.883055e+01	2.098641e-02
4.893055e+01	2.324265e-02
4.903055e+01	2.005253e-02
4.913055e+01	1.508390e-02
4.923055e+01	1.133483e-02
4.933055e+01	8.956637e-03
4.943055e+01	7.429069e-03
4.953055e+01	6.442714e-03
4.963055e+01	5.805833e-03
4.973055e+01	5.341189e-03
4.983055e+01	4.975141e-03
4.993055e+01	4.711013e-03
5.003055e+01	4.523475e-03
5.013055e+01	4.354001e-03
5.023055e+01	4.214299e-03
5.033055e+01	4.063675e-03
5.043055e+01	3.860922e-03
5.053055e+01	3.681960e-03
5.063055e+01	3.593977e-03
5.073055e+01	3.616973e-03
5.083055e+01	3.764543e-03
5.093055e+01	4.072033e-03
5.103055e+01	4.583822e-03
5.113055e+01	5.179368e-03
5.123055e+01	5.380530e-03
5.133055e+01	5.062920e-03
5.143055e+01	4.764312e-03
5.153055e+01	4.719292e-03
5.163055e+01	4.660517e-03
5.173055e+01	4.290695e-03
5.183055e+01	3.805267e-03
5.193055e+01	3.424782e-03
5.203055e+01	3.172418e-03
5.213055e+01	3.009074e-03
5.223055e+01	2.906979e-03
5.233055e+01	2.855985e-03
5.243055e+01	2.840260e-03
5.253055e+01	2.855114e-03
5.263055e+01	2.924700e-03
5.273055e+01	3.081793e-03
5.283055e+01	3.357936e-03
5.293055e+01	3.726995e-03
5.303055e+01	3.980668e-03
5.313055e+01	3.957238e-03
5.323055e+01	3.830187e-03
5.333055e+01	3.700718e-03
5.343055e+01	3.658147e-03
5.353055e+01	3.830423e-03
5.363055e+01	4.245151e-03
5.373055e+01	4.667455e-03
5.383055e+01	4.566911e-03
5.393055e+01	3.970033e-03
5.403055e+01	3.383525e-03
5.413055e+01	2.984877e-03
5.423055e+01	2.737186e-03
5.433055e+01	2.581961e-03
5.443055e+01	2.475055e-03
5.453055e+01	2.393816e-03
5.463055e+01	2.334908e-03
5.473055e+01	2.295733e-03
5.483055e+01	2.277488e-03
5.493055e+01	2.285041e-03
5.503055e+01	2.312685e-03
5.513055e+01	2.333616e-03
5.523055e+01	2.335142e-03
5.533055e+01	2.342734e-03
5.543055e+01	2.363329e-03
5.553055e+01	2.404215e-03
5.563055e+01	2.472053e-03
5.573055e+01	2.510584e-03
5.583055e+01	2.459682e-03
5.593055e+01	2.375690e-03
5.603055e+01	2.316013e-03
5.613055e+01	2.250320e-03
5.623055e+01	2.164017e-03
5.633055e+01	2.088010e-03
5.643055e+01	2.031940e-03
5.653055e+01	1.991147e-03
5.663055e+01	1.962291e-03
5.673055e+01	1.942348e-03
5.683055e+01	1.928234e-03
5.693055e+01	1.917866e-03
5.703055e+01	1.911019e-03
5.713055e+01	1.907989e-03
5.723055e+01	1.907911e-03
5.733055e+01	1.907672e-03
5.743055e+01	1.906846e-03
5.753055e+01	1.909194e-03
5.763055e+01	1.915363e-03
5.773055e+01	1.921895e-03
5.783055e+01	1.926638e-03
5.793055e+01	1.927547e-03
5.803055e+01	1.926033e-03
5.813055e+01	1.927555e-03
5.823055e+01	1.934085e-03
5.833055e+01	1.945521e-03
5.843055e+01	1.961870e-03
5.853055e+01	1.983665e-03
5.863055e+01	2.011408e-03
5.873055e+01	2.043968e-03
5.883055e+01	2.077778e-03
5.893055e+01	2.111145e-03
5.903055e+01	2.150179e-03
5.913055e+01	2.201549e-03
5.923055e+01	2.269249e-03
5.933055e+01	2.358365e-03
5.943055e+01	2.477801e-03
5.953055e+01	2.642236e-03
5.963055e+01	2.872283e-03
5.973055e+01	3.178691e-03
5.983055e+01	3.496998e-03
5.993055e+01	3.672633e-03
6.003055e+01	3.738827e-03
6.013055e+01	3.885016e-03
6.023055e+01	4.199379e-03
6.033055e+01	4.715450e-03
6.043055e+01	5.481385e-03
6.053055e+01	6.551853e-03
6.063055e+01	7.991849e-03
6.073055e+01	9.988347e-03
6.083055e+01	1.281920e-02
6.093055e+01	1.632052e-02
6.103055e+01	2.058994e-02
6.113055e+01	2.644840e-02
6.123055e+01	3.147143e-02
6.133055e+01	2.994281e-02
6.143055e+01	2.312575e-02
6.153055e+01	1.670519e-02
6.163055e+01	1.236038e-02
6.173055e+01	9.654149e-03
6.183055e+01	8.099886e-03
6.193055e+01	7.398257e-03
6.203055e+01	7.388088e-03
6.213055e+01	7.861510e-03
6.223055e+01	8.229358e-03
6.233055e+01	7.785299e-03
6.243055e+01	6.913458e-03
6.253055e+01	6.258867e-03
6.263055e+01	5.759749e-03
6.273055e+01	5.203591e-03
6.283055e+01	4.589266e-03
6.293055e+01	4.100285e-03
6.303055e+01	3.827686e-03
6.313055e+01	3.772381e-03
6.323055e+01	3.828630e-03
6.333055e+01	3.757647e-03
6.343055e+01	3.510948e-03
6.353055e+01	3.293102e-03
6.363055e+01	3.176799e-03
6.373055e+01	3.146026e-03
6.383055e+01	3.217644e-03
6.393055e+01	3.401057e-03
6.403055e+01	3.675257e-03
6.413055e+01	4.042469e-03
6.423055e+01	4.618638e-03
6.433055e+01	5.611819e-03
6.443055e+01	7.067542e-03
6.453055e+01	8.332301e-03
6.463055e+01	8.268507e-03
6.473055e+01	7.250788e-03
6.483055e+01	6.386105e-03
6.493055e+01	6.054251e-03
6.503055e+01	6.254981e-03
6.513055e+01	6.897337e-03
6.523055e+01	7.737975e-03
6.533055e+01	8.090231e-03
6.543055e+01	7.464786e-03
6.553055e+01	6.647700e-03
6.563055e+01	6.359331e-03
6.573055e+01	6.410590e-03
6.583055e+01	6.013065e-03
6.593055e+01	5.043313e-03
6.603055e+01	4.126542e-03
6.613055e+01	3.461188e-03
6.623055e+01	2.979329e-03
6.633055e+01	2.644461e-03
6.643055e+01	2.424355e-03
6.653055e+01	2.283997e-03
6.663055e+01	2.197912e-03
6.673055e+01	2.146560e-03
6.683055e+01	2.128995e-03
6.693055e+01	2.158860e-03
6.703055e+01	2.252364e-03
6.713055e+01	2.426847e-03
6.723055e+01	2.699229e-03
6.733055e+01	3.112495e-03
6.743055e+01	3.740017e-03
6.753055e+01	4.467348e-03
6.763055e+01	4.698235e-03
6.773055e+01	4.137831e-03
6.783055e+01	3.399210e-03
6.793055e+01	2.877660e-03
6.803055e+01	2.589775e-03
6.813055e+01	2.478730e-03
6.823055e+01	2.514470e-03
6.833055e+01	2.707353e-03
6.843055e+01	3.107574e-03
6.853055e+01	3.774356e-03
6.863055e+01	4.606636e-03
6.873055e+01	5.034901e-03
6.883055e+01	4.556849e-03
6.893055e+01	3.708583e-03
6.903055e+01	3.049401e-03
6.913055e+01	2.635617e-03
6.923055e+01	2.393713e-03
6.933055e+01	2.264132e-03
6.943055e+01	2.211893e-03
6.953055e+01	2.250703e-03
6.963055e+01	2.417650e-03
6.973055e+01	2.758150e-03
6.983055e+01	3.284570e-03
6.993055e+01	3.810797e-03
