#RPA-results:
#Nucleus: Ni 74
#Fermi level: -4.992964e+00	-1.506242e+01
#Excitation: 1 +
#Total number of pairs: 1032
#Number of ph-/ah-pairs: 1032/0
#Maximal excitation-energy for particle-hole-pairs: 100
#Maximal excitation-energy for antiparticle-hole-pairs: 1000
#No imaginary eigenvalues

#Parameterset: DD-PC1
#natural parity: no
#Isoscalar result:

#width: 5.000000e-01
#maximum value: 2.235326e-03
#at energy: 6.993055e+01
-9.006945e+01	4.176430e-04
-8.996945e+01	4.184962e-04
-8.986945e+01	4.193520e-04
-8.976945e+01	4.202105e-04
-8.966945e+01	4.210716e-04
-8.956945e+01	4.219353e-04
-8.946945e+01	4.228017e-04
-8.936945e+01	4.236708e-04
-8.926945e+01	4.245426e-04
-8.916945e+01	4.254171e-04
-8.906945e+01	4.262943e-04
-8.896945e+01	4.271742e-04
-8.886945e+01	4.280569e-04
-8.876945e+01	4.289423e-04
-8.866945e+01	4.298304e-04
-8.856945e+01	4.307213e-04
-8.846945e+01	4.316150e-04
-8.836945e+01	4.325115e-04
-8.826945e+01	4.334108e-04
-8.816945e+01	4.343129e-04
-8.806945e+01	4.352178e-04
-8.796945e+01	4.361256e-04
-8.786945e+01	4.370362e-04
-8.776945e+01	4.379496e-04
-8.766945e+01	4.388660e-04
-8.756945e+01	4.397852e-04
-8.746945e+01	4.407073e-04
-8.736945e+01	4.416324e-04
-8.726945e+01	4.425603e-04
-8.716945e+01	4.434912e-04
-8.706945e+01	4.444251e-04
-8.696945e+01	4.453619e-04
-8.686945e+01	4.463016e-04
-8.676945e+01	4.472444e-04
-8.666945e+01	4.481901e-04
-8.656945e+01	4.491389e-04
-8.646945e+01	4.500906e-04
-8.636945e+01	4.510455e-04
-8.626945e+01	4.520033e-04
-8.616945e+01	4.529642e-04
-8.606945e+01	4.539282e-04
-8.596945e+01	4.548953e-04
-8.586945e+01	4.558655e-04
-8.576945e+01	4.568388e-04
-8.566945e+01	4.578152e-04
-8.556945e+01	4.587948e-04
-8.546945e+01	4.597775e-04
-8.536945e+01	4.607634e-04
-8.526945e+01	4.617525e-04
-8.516945e+01	4.627447e-04
-8.506945e+01	4.637402e-04
-8.496945e+01	4.647389e-04
-8.486945e+01	4.657408e-04
-8.476945e+01	4.667460e-04
-8.466945e+01	4.677544e-04
-8.456945e+01	4.687662e-04
-8.446945e+01	4.697812e-04
-8.436945e+01	4.707995e-04
-8.426945e+01	4.718212e-04
-8.416945e+01	4.728461e-04
-8.406945e+01	4.738745e-04
-8.396945e+01	4.749062e-04
-8.386945e+01	4.759413e-04
-8.376945e+01	4.769797e-04
-8.366945e+01	4.780216e-04
-8.356945e+01	4.790669e-04
-8.346945e+01	4.801157e-04
-8.336945e+01	4.811679e-04
-8.326945e+01	4.822236e-04
-8.316945e+01	4.832827e-04
-8.306945e+01	4.843454e-04
-8.296945e+01	4.854116e-04
-8.286945e+01	4.864813e-04
-8.276945e+01	4.875546e-04
-8.266945e+01	4.886314e-04
-8.256945e+01	4.897118e-04
-8.246945e+01	4.907958e-04
-8.236945e+01	4.918834e-04
-8.226945e+01	4.929746e-04
-8.216945e+01	4.940695e-04
-8.206945e+01	4.951681e-04
-8.196945e+01	4.962703e-04
-8.186945e+01	4.973762e-04
-8.176945e+01	4.984858e-04
-8.166945e+01	4.995992e-04
-8.156945e+01	5.007163e-04
-8.146945e+01	5.018371e-04
-8.136945e+01	5.029617e-04
-8.126945e+01	5.040902e-04
-8.116945e+01	5.052224e-04
-8.106945e+01	5.063584e-04
-8.096945e+01	5.074983e-04
-8.086945e+01	5.086421e-04
-8.076945e+01	5.097898e-04
-8.066945e+01	5.109413e-04
-8.056945e+01	5.120968e-04
-8.046945e+01	5.132562e-04
-8.036945e+01	5.144195e-04
-8.026945e+01	5.155868e-04
-8.016945e+01	5.167581e-04
-8.006945e+01	5.179334e-04
-7.996945e+01	5.191128e-04
-7.986945e+01	5.202961e-04
-7.976945e+01	5.214836e-04
-7.966945e+01	5.226751e-04
-7.956945e+01	5.238707e-04
-7.946945e+01	5.250704e-04
-7.936945e+01	5.262743e-04
-7.926945e+01	5.274823e-04
-7.916945e+01	5.286945e-04
-7.906945e+01	5.299109e-04
-7.896945e+01	5.311315e-04
-7.886945e+01	5.323563e-04
-7.876945e+01	5.335854e-04
-7.866945e+01	5.348188e-04
-7.856945e+01	5.360564e-04
-7.846945e+01	5.372984e-04
-7.836945e+01	5.385447e-04
-7.826945e+01	5.397953e-04
-7.816945e+01	5.410503e-04
-7.806945e+01	5.423097e-04
-7.796945e+01	5.435736e-04
-7.786945e+01	5.448418e-04
-7.776945e+01	5.461145e-04
-7.766945e+01	5.473917e-04
-7.756945e+01	5.486734e-04
-7.746945e+01	5.499596e-04
-7.736945e+01	5.512504e-04
-7.726945e+01	5.525457e-04
-7.716945e+01	5.538456e-04
-7.706945e+01	5.551500e-04
-7.696945e+01	5.564592e-04
-7.686945e+01	5.577729e-04
-7.676945e+01	5.590914e-04
-7.666945e+01	5.604145e-04
-7.656945e+01	5.617423e-04
-7.646945e+01	5.630749e-04
-7.636945e+01	5.644123e-04
-7.626945e+01	5.657544e-04
-7.616945e+01	5.671013e-04
-7.606945e+01	5.684531e-04
-7.596945e+01	5.698097e-04
-7.586945e+01	5.711712e-04
-7.576945e+01	5.725376e-04
-7.566945e+01	5.739089e-04
-7.556945e+01	5.752851e-04
-7.546945e+01	5.766663e-04
-7.536945e+01	5.780525e-04
-7.526945e+01	5.794438e-04
-7.516945e+01	5.808401e-04
-7.506945e+01	5.822414e-04
-7.496945e+01	5.836478e-04
-7.486945e+01	5.850594e-04
-7.476945e+01	5.864761e-04
-7.466945e+01	5.878979e-04
-7.456945e+01	5.893250e-04
-7.446945e+01	5.907572e-04
-7.436945e+01	5.921947e-04
-7.426945e+01	5.936375e-04
-7.416945e+01	5.950856e-04
-7.406945e+01	5.965389e-04
-7.396945e+01	5.979977e-04
-7.386945e+01	5.994618e-04
-7.376945e+01	6.009313e-04
-7.366945e+01	6.024062e-04
-7.356945e+01	6.038866e-04
-7.346945e+01	6.053724e-04
-7.336945e+01	6.068638e-04
-7.326945e+01	6.083607e-04
-7.316945e+01	6.098631e-04
-7.306945e+01	6.113712e-04
-7.296945e+01	6.128849e-04
-7.286945e+01	6.144042e-04
-7.276945e+01	6.159291e-04
-7.266945e+01	6.174598e-04
-7.256945e+01	6.189962e-04
-7.246945e+01	6.205384e-04
-7.236945e+01	6.220863e-04
-7.226945e+01	6.236401e-04
-7.216945e+01	6.251997e-04
-7.206945e+01	6.267652e-04
-7.196945e+01	6.283366e-04
-7.186945e+01	6.299139e-04
-7.176945e+01	6.314972e-04
-7.166945e+01	6.330865e-04
-7.156945e+01	6.346818e-04
-7.146945e+01	6.362832e-04
-7.136945e+01	6.378907e-04
-7.126945e+01	6.395042e-04
-7.116945e+01	6.411239e-04
-7.106945e+01	6.427498e-04
-7.096945e+01	6.443819e-04
-7.086945e+01	6.460203e-04
-7.076945e+01	6.476649e-04
-7.066945e+01	6.493159e-04
-7.056945e+01	6.509731e-04
-7.046945e+01	6.526368e-04
-7.036945e+01	6.543068e-04
-7.026945e+01	6.559833e-04
-7.016945e+01	6.576663e-04
-7.006945e+01	6.593557e-04
-6.996945e+01	6.610518e-04
-6.986945e+01	6.627543e-04
-6.976945e+01	6.644635e-04
-6.966945e+01	6.661793e-04
-6.956945e+01	6.679018e-04
-6.946945e+01	6.696310e-04
-6.936945e+01	6.713670e-04
-6.926945e+01	6.731097e-04
-6.916945e+01	6.748593e-04
-6.906945e+01	6.766157e-04
-6.896945e+01	6.783790e-04
-6.886945e+01	6.801492e-04
-6.876945e+01	6.819263e-04
-6.866945e+01	6.837105e-04
-6.856945e+01	6.855017e-04
-6.846945e+01	6.873000e-04
-6.836945e+01	6.891053e-04
-6.826945e+01	6.909179e-04
-6.816945e+01	6.927376e-04
-6.806945e+01	6.945645e-04
-6.796945e+01	6.963987e-04
-6.786945e+01	6.982402e-04
-6.776945e+01	7.000890e-04
-6.766945e+01	7.019452e-04
-6.756945e+01	7.038088e-04
-6.746945e+01	7.056799e-04
-6.736945e+01	7.075585e-04
-6.726945e+01	7.094446e-04
-6.716945e+01	7.113382e-04
-6.706945e+01	7.132395e-04
-6.696945e+01	7.151485e-04
-6.686945e+01	7.170652e-04
-6.676945e+01	7.189895e-04
-6.666945e+01	7.209217e-04
-6.656945e+01	7.228617e-04
-6.646945e+01	7.248096e-04
-6.636945e+01	7.267654e-04
-6.626945e+01	7.287291e-04
-6.616945e+01	7.307009e-04
-6.606945e+01	7.326806e-04
-6.596945e+01	7.346685e-04
-6.586945e+01	7.366645e-04
-6.576945e+01	7.386686e-04
-6.566945e+01	7.406810e-04
-6.556945e+01	7.427016e-04
-6.546945e+01	7.447306e-04
-6.536945e+01	7.467679e-04
-6.526945e+01	7.488136e-04
-6.516945e+01	7.508677e-04
-6.506945e+01	7.529304e-04
-6.496945e+01	7.550016e-04
-6.486945e+01	7.570813e-04
-6.476945e+01	7.591697e-04
-6.466945e+01	7.612668e-04
-6.456945e+01	7.633726e-04
-6.446945e+01	7.654872e-04
-6.436945e+01	7.676107e-04
-6.426945e+01	7.697430e-04
-6.416945e+01	7.718842e-04
-6.406945e+01	7.740344e-04
-6.396945e+01	7.761937e-04
-6.386945e+01	7.783620e-04
-6.376945e+01	7.805395e-04
-6.366945e+01	7.827261e-04
-6.356945e+01	7.849220e-04
-6.346945e+01	7.871271e-04
-6.336945e+01	7.893416e-04
-6.326945e+01	7.915655e-04
-6.316945e+01	7.937989e-04
-6.306945e+01	7.960417e-04
-6.296945e+01	7.982941e-04
-6.286945e+01	8.005561e-04
-6.276945e+01	8.028278e-04
-6.266945e+01	8.051092e-04
-6.256945e+01	8.074003e-04
-6.246945e+01	8.097013e-04
-6.236945e+01	8.120122e-04
-6.226945e+01	8.143330e-04
-6.216945e+01	8.166638e-04
-6.206945e+01	8.190047e-04
-6.196945e+01	8.213557e-04
-6.186945e+01	8.237169e-04
-6.176945e+01	8.260883e-04
-6.166945e+01	8.284700e-04
-6.156945e+01	8.308620e-04
-6.146945e+01	8.332645e-04
-6.136945e+01	8.356775e-04
-6.126945e+01	8.381010e-04
-6.116945e+01	8.405350e-04
-6.106945e+01	8.429798e-04
-6.096945e+01	8.454352e-04
-6.086945e+01	8.479015e-04
-6.076945e+01	8.503786e-04
-6.066945e+01	8.528666e-04
-6.056945e+01	8.553656e-04
-6.046945e+01	8.578756e-04
-6.036945e+01	8.603968e-04
-6.026945e+01	8.629291e-04
-6.016945e+01	8.654727e-04
-6.006945e+01	8.680275e-04
-5.996945e+01	8.705938e-04
-5.986945e+01	8.731715e-04
-5.976945e+01	8.757607e-04
-5.966945e+01	8.783614e-04
-5.956945e+01	8.809739e-04
-5.946945e+01	8.835980e-04
-5.936945e+01	8.862339e-04
-5.926945e+01	8.888817e-04
-5.916945e+01	8.915415e-04
-5.906945e+01	8.942132e-04
-5.896945e+01	8.968970e-04
-5.886945e+01	8.995930e-04
-5.876945e+01	9.023012e-04
-5.866945e+01	9.050216e-04
-5.856945e+01	9.077545e-04
-5.846945e+01	9.104998e-04
-5.836945e+01	9.132576e-04
-5.826945e+01	9.160281e-04
-5.816945e+01	9.188112e-04
-5.806945e+01	9.216071e-04
-5.796945e+01	9.244158e-04
-5.786945e+01	9.272374e-04
-5.776945e+01	9.300720e-04
-5.766945e+01	9.329197e-04
-5.756945e+01	9.357805e-04
-5.746945e+01	9.386546e-04
-5.736945e+01	9.415420e-04
-5.726945e+01	9.444428e-04
-5.716945e+01	9.473571e-04
-5.706945e+01	9.502849e-04
-5.696945e+01	9.532264e-04
-5.686945e+01	9.561817e-04
-5.676945e+01	9.591507e-04
-5.666945e+01	9.621337e-04
-5.656945e+01	9.651307e-04
-5.646945e+01	9.681418e-04
-5.636945e+01	9.711670e-04
-5.626945e+01	9.742065e-04
-5.616945e+01	9.772604e-04
-5.606945e+01	9.803287e-04
-5.596945e+01	9.834115e-04
-5.586945e+01	9.865090e-04
-5.576945e+01	9.896212e-04
-5.566945e+01	9.927482e-04
-5.556945e+01	9.958902e-04
-5.546945e+01	9.990471e-04
-5.536945e+01	1.002219e-03
-5.526945e+01	1.005406e-03
-5.516945e+01	1.008609e-03
-5.506945e+01	1.011827e-03
-5.496945e+01	1.015060e-03
-5.486945e+01	1.018309e-03
-5.476945e+01	1.021574e-03
-5.466945e+01	1.024855e-03
-5.456945e+01	1.028151e-03
-5.446945e+01	1.031464e-03
-5.436945e+01	1.034792e-03
-5.426945e+01	1.038137e-03
-5.416945e+01	1.041498e-03
-5.406945e+01	1.044875e-03
-5.396945e+01	1.048269e-03
-5.386945e+01	1.051680e-03
-5.376945e+01	1.055108e-03
-5.366945e+01	1.058552e-03
-5.356945e+01	1.062013e-03
-5.346945e+01	1.065492e-03
-5.336945e+01	1.068987e-03
-5.326945e+01	1.072500e-03
-5.316945e+01	1.076030e-03
-5.306945e+01	1.079578e-03
-5.296945e+01	1.083144e-03
-5.286945e+01	1.086727e-03
-5.276945e+01	1.090328e-03
-5.266945e+01	1.093948e-03
-5.256945e+01	1.097585e-03
-5.246945e+01	1.101241e-03
-5.236945e+01	1.104915e-03
-5.226945e+01	1.108607e-03
-5.216945e+01	1.112318e-03
-5.206945e+01	1.116048e-03
-5.196945e+01	1.119797e-03
-5.186945e+01	1.123565e-03
-5.176945e+01	1.127352e-03
-5.166945e+01	1.131158e-03
-5.156945e+01	1.134984e-03
-5.146945e+01	1.138829e-03
-5.136945e+01	1.142694e-03
-5.126945e+01	1.146579e-03
-5.116945e+01	1.150483e-03
-5.106945e+01	1.154408e-03
-5.096945e+01	1.158353e-03
-5.086945e+01	1.162318e-03
-5.076945e+01	1.166304e-03
-5.066945e+01	1.170311e-03
-5.056945e+01	1.174338e-03
-5.046945e+01	1.178386e-03
-5.036945e+01	1.182455e-03
-5.026945e+01	1.186546e-03
-5.016945e+01	1.190658e-03
-5.006945e+01	1.194791e-03
-4.996945e+01	1.198946e-03
-4.986945e+01	1.203123e-03
-4.976945e+01	1.207322e-03
-4.966945e+01	1.211543e-03
-4.956945e+01	1.215787e-03
-4.946945e+01	1.220052e-03
-4.936945e+01	1.224341e-03
-4.926945e+01	1.228652e-03
-4.916945e+01	1.232986e-03
-4.906945e+01	1.237344e-03
-4.896945e+01	1.241724e-03
-4.886945e+01	1.246128e-03
-4.876945e+01	1.250556e-03
-4.866945e+01	1.255007e-03
-4.856945e+01	1.259482e-03
-4.846945e+01	1.263982e-03
-4.836945e+01	1.268505e-03
-4.826945e+01	1.273054e-03
-4.816945e+01	1.277626e-03
-4.806945e+01	1.282224e-03
-4.796945e+01	1.286847e-03
-4.786945e+01	1.291495e-03
-4.776945e+01	1.296168e-03
-4.766945e+01	1.300867e-03
-4.756945e+01	1.305591e-03
-4.746945e+01	1.310342e-03
-4.736945e+01	1.315118e-03
-4.726945e+01	1.319921e-03
-4.716945e+01	1.324751e-03
-4.706945e+01	1.329607e-03
-4.696945e+01	1.334490e-03
-4.686945e+01	1.339400e-03
-4.676945e+01	1.344338e-03
-4.666945e+01	1.349303e-03
-4.656945e+01	1.354296e-03
-4.646945e+01	1.359317e-03
-4.636945e+01	1.364365e-03
-4.626945e+01	1.369443e-03
-4.616945e+01	1.374548e-03
-4.606945e+01	1.379683e-03
-4.596945e+01	1.384847e-03
-4.586945e+01	1.390040e-03
-4.576945e+01	1.395262e-03
-4.566945e+01	1.400514e-03
-4.556945e+01	1.405796e-03
-4.546945e+01	1.411108e-03
-4.536945e+01	1.416450e-03
-4.526945e+01	1.421823e-03
-4.516945e+01	1.427227e-03
-4.506945e+01	1.432662e-03
-4.496945e+01	1.438128e-03
-4.486945e+01	1.443626e-03
-4.476945e+01	1.449155e-03
-4.466945e+01	1.454717e-03
-4.456945e+01	1.460310e-03
-4.446945e+01	1.465937e-03
-4.436945e+01	1.471596e-03
-4.426945e+01	1.477288e-03
-4.416945e+01	1.483014e-03
-4.406945e+01	1.488773e-03
-4.396945e+01	1.494566e-03
-4.386945e+01	1.500393e-03
-4.376945e+01	1.506255e-03
-4.366945e+01	1.512151e-03
-4.356945e+01	1.518082e-03
-4.346945e+01	1.524048e-03
-4.336945e+01	1.530050e-03
-4.326945e+01	1.536087e-03
-4.316945e+01	1.542161e-03
-4.306945e+01	1.548271e-03
-4.296945e+01	1.554418e-03
-4.286945e+01	1.560601e-03
-4.276945e+01	1.566822e-03
-4.266945e+01	1.573080e-03
-4.256945e+01	1.579376e-03
-4.246945e+01	1.585711e-03
-4.236945e+01	1.592083e-03
-4.226945e+01	1.598495e-03
-4.216945e+01	1.604946e-03
-4.206945e+01	1.611436e-03
-4.196945e+01	1.617966e-03
-4.186945e+01	1.624535e-03
-4.176945e+01	1.631146e-03
-4.166945e+01	1.637797e-03
-4.156945e+01	1.644489e-03
-4.146945e+01	1.651222e-03
-4.136945e+01	1.657998e-03
-4.126945e+01	1.664815e-03
-4.116945e+01	1.671675e-03
-4.106945e+01	1.678578e-03
-4.096945e+01	1.685523e-03
-4.086945e+01	1.692513e-03
-4.076945e+01	1.699546e-03
-4.066945e+01	1.706624e-03
-4.056945e+01	1.713746e-03
-4.046945e+01	1.720913e-03
-4.036945e+01	1.728126e-03
-4.026945e+01	1.735384e-03
-4.016945e+01	1.742689e-03
-4.006945e+01	1.750040e-03
-3.996945e+01	1.757438e-03
-3.986945e+01	1.764884e-03
-3.976945e+01	1.772377e-03
-3.966945e+01	1.779919e-03
-3.956945e+01	1.787509e-03
-3.946945e+01	1.795149e-03
-3.936945e+01	1.802837e-03
-3.926945e+01	1.810576e-03
-3.916945e+01	1.818365e-03
-3.906945e+01	1.826205e-03
-3.896945e+01	1.834096e-03
-3.886945e+01	1.842039e-03
-3.876945e+01	1.850034e-03
-3.866945e+01	1.858082e-03
-3.856945e+01	1.866183e-03
-3.846945e+01	1.874337e-03
-3.836945e+01	1.882545e-03
-3.826945e+01	1.890808e-03
-3.816945e+01	1.899126e-03
-3.806945e+01	1.907499e-03
-3.796945e+01	1.915928e-03
-3.786945e+01	1.924414e-03
-3.776945e+01	1.932957e-03
-3.766945e+01	1.941557e-03
-3.756945e+01	1.950216e-03
-3.746945e+01	1.958933e-03
-3.736945e+01	1.967709e-03
-3.726945e+01	1.976544e-03
-3.716945e+01	1.985440e-03
-3.706945e+01	1.994397e-03
-3.696945e+01	2.003415e-03
-3.686945e+01	2.012495e-03
-3.676945e+01	2.021637e-03
-3.666945e+01	2.030842e-03
-3.656945e+01	2.040111e-03
-3.646945e+01	2.049444e-03
-3.636945e+01	2.058842e-03
-3.626945e+01	2.068306e-03
-3.616945e+01	2.077835e-03
-3.606945e+01	2.087431e-03
-3.596945e+01	2.097094e-03
-3.586945e+01	2.106826e-03
-3.576945e+01	2.116625e-03
-3.566945e+01	2.126495e-03
-3.556945e+01	2.136433e-03
-3.546945e+01	2.146443e-03
-3.536945e+01	2.156523e-03
-3.526945e+01	2.166676e-03
-3.516945e+01	2.176901e-03
-3.506945e+01	2.187200e-03
-3.496945e+01	2.197572e-03
-3.486945e+01	2.208019e-03
-3.476945e+01	2.218542e-03
-3.466945e+01	2.229141e-03
-3.456945e+01	2.239816e-03
-3.446945e+01	2.250570e-03
-3.436945e+01	2.261402e-03
-3.426945e+01	2.272313e-03
-3.416945e+01	2.283304e-03
-3.406945e+01	2.294376e-03
-3.396945e+01	2.305529e-03
-3.386945e+01	2.316765e-03
-3.376945e+01	2.328084e-03
-3.366945e+01	2.339487e-03
-3.356945e+01	2.350976e-03
-3.346945e+01	2.362549e-03
-3.336945e+01	2.374210e-03
-3.326945e+01	2.385958e-03
-3.316945e+01	2.397794e-03
-3.306945e+01	2.409720e-03
-3.296945e+01	2.421736e-03
-3.286945e+01	2.433843e-03
-3.276945e+01	2.446042e-03
-3.266945e+01	2.458334e-03
-3.256945e+01	2.470720e-03
-3.246945e+01	2.483201e-03
-3.236945e+01	2.495778e-03
-3.226945e+01	2.508452e-03
-3.216945e+01	2.521224e-03
-3.206945e+01	2.534095e-03
-3.196945e+01	2.547065e-03
-3.186945e+01	2.560137e-03
-3.176945e+01	2.573311e-03
-3.166945e+01	2.586588e-03
-3.156945e+01	2.599970e-03
-3.146945e+01	2.613456e-03
-3.136945e+01	2.627050e-03
-3.126945e+01	2.640750e-03
-3.116945e+01	2.654560e-03
-3.106945e+01	2.668480e-03
-3.096945e+01	2.682511e-03
-3.086945e+01	2.696654e-03
-3.076945e+01	2.710911e-03
-3.066945e+01	2.725282e-03
-3.056945e+01	2.739770e-03
-3.046945e+01	2.754375e-03
-3.036945e+01	2.769099e-03
-3.026945e+01	2.783942e-03
-3.016945e+01	2.798907e-03
-3.006945e+01	2.813995e-03
-2.996945e+01	2.829206e-03
-2.986945e+01	2.844543e-03
-2.976945e+01	2.860006e-03
-2.966945e+01	2.875598e-03
-2.956945e+01	2.891319e-03
-2.946945e+01	2.907171e-03
-2.936945e+01	2.923156e-03
-2.926945e+01	2.939275e-03
-2.916945e+01	2.955530e-03
-2.906945e+01	2.971921e-03
-2.896945e+01	2.988451e-03
-2.886945e+01	3.005122e-03
-2.876945e+01	3.021934e-03
-2.866945e+01	3.038890e-03
-2.856945e+01	3.055991e-03
-2.846945e+01	3.073239e-03
-2.836945e+01	3.090636e-03
-2.826945e+01	3.108183e-03
-2.816945e+01	3.125882e-03
-2.806945e+01	3.143735e-03
-2.796945e+01	3.161743e-03
-2.786945e+01	3.179909e-03
-2.776945e+01	3.198235e-03
-2.766945e+01	3.216721e-03
-2.756945e+01	3.235371e-03
-2.746945e+01	3.254187e-03
-2.736945e+01	3.273169e-03
-2.726945e+01	3.292321e-03
-2.716945e+01	3.311643e-03
-2.706945e+01	3.331140e-03
-2.696945e+01	3.350811e-03
-2.686945e+01	3.370660e-03
-2.676945e+01	3.390689e-03
-2.666945e+01	3.410900e-03
-2.656945e+01	3.431295e-03
-2.646945e+01	3.451877e-03
-2.636945e+01	3.472647e-03
-2.626945e+01	3.493609e-03
-2.616945e+01	3.514764e-03
-2.606945e+01	3.536115e-03
-2.596945e+01	3.557665e-03
-2.586945e+01	3.579416e-03
-2.576945e+01	3.601370e-03
-2.566945e+01	3.623530e-03
-2.556945e+01	3.645899e-03
-2.546945e+01	3.668480e-03
-2.536945e+01	3.691275e-03
-2.526945e+01	3.714286e-03
-2.516945e+01	3.737518e-03
-2.506945e+01	3.760971e-03
-2.496945e+01	3.784651e-03
-2.486945e+01	3.808559e-03
-2.476945e+01	3.832698e-03
-2.466945e+01	3.857072e-03
-2.456945e+01	3.881684e-03
-2.446945e+01	3.906536e-03
-2.436945e+01	3.931632e-03
-2.426945e+01	3.956976e-03
-2.416945e+01	3.982570e-03
-2.406945e+01	4.008418e-03
-2.396945e+01	4.034523e-03
-2.386945e+01	4.060889e-03
-2.376945e+01	4.087520e-03
-2.366945e+01	4.114419e-03
-2.356945e+01	4.141590e-03
-2.346945e+01	4.169036e-03
-2.336945e+01	4.196761e-03
-2.326945e+01	4.224769e-03
-2.316945e+01	4.253065e-03
-2.306945e+01	4.281652e-03
-2.296945e+01	4.310534e-03
-2.286945e+01	4.339715e-03
-2.276945e+01	4.369201e-03
-2.266945e+01	4.398994e-03
-2.256945e+01	4.429099e-03
-2.246945e+01	4.459522e-03
-2.236945e+01	4.490265e-03
-2.226945e+01	4.521335e-03
-2.216945e+01	4.552736e-03
-2.206945e+01	4.584472e-03
-2.196945e+01	4.616548e-03
-2.186945e+01	4.648971e-03
-2.176945e+01	4.681743e-03
-2.166945e+01	4.714872e-03
-2.156945e+01	4.748362e-03
-2.146945e+01	4.782218e-03
-2.136945e+01	4.816446e-03
-2.126945e+01	4.851052e-03
-2.116945e+01	4.886041e-03
-2.106945e+01	4.921419e-03
-2.096945e+01	4.957192e-03
-2.086945e+01	4.993366e-03
-2.076945e+01	5.029947e-03
-2.066945e+01	5.066942e-03
-2.056945e+01	5.104357e-03
-2.046945e+01	5.142198e-03
-2.036945e+01	5.180473e-03
-2.026945e+01	5.219187e-03
-2.016945e+01	5.258349e-03
-2.006945e+01	5.297964e-03
-1.996945e+01	5.338041e-03
-1.986945e+01	5.378586e-03
-1.976945e+01	5.419607e-03
-1.966945e+01	5.461112e-03
-1.956945e+01	5.503109e-03
-1.946945e+01	5.545606e-03
-1.936945e+01	5.588610e-03
-1.926945e+01	5.632130e-03
-1.916945e+01	5.676176e-03
-1.906945e+01	5.720754e-03
-1.896945e+01	5.765875e-03
-1.886945e+01	5.811548e-03
-1.876945e+01	5.857781e-03
-1.866945e+01	5.904584e-03
-1.856945e+01	5.951968e-03
-1.846945e+01	5.999941e-03
-1.836945e+01	6.048514e-03
-1.826945e+01	6.097697e-03
-1.816945e+01	6.147501e-03
-1.806945e+01	6.197936e-03
-1.796945e+01	6.249015e-03
-1.786945e+01	6.300747e-03
-1.776945e+01	6.353145e-03
-1.766945e+01	6.406221e-03
-1.756945e+01	6.459986e-03
-1.746945e+01	6.514453e-03
-1.736945e+01	6.569634e-03
-1.726945e+01	6.625543e-03
-1.716945e+01	6.682193e-03
-1.706945e+01	6.739598e-03
-1.696945e+01	6.797770e-03
-1.686945e+01	6.856725e-03
-1.676945e+01	6.916478e-03
-1.666945e+01	6.977042e-03
-1.656945e+01	7.038434e-03
-1.646945e+01	7.100669e-03
-1.636945e+01	7.163763e-03
-1.626945e+01	7.227733e-03
-1.616945e+01	7.292595e-03
-1.606945e+01	7.358367e-03
-1.596945e+01	7.425067e-03
-1.586945e+01	7.492712e-03
-1.576945e+01	7.561321e-03
-1.566945e+01	7.630914e-03
-1.556945e+01	7.701510e-03
-1.546945e+01	7.773129e-03
-1.536945e+01	7.845792e-03
-1.526945e+01	7.919520e-03
-1.516945e+01	7.994334e-03
-1.506945e+01	8.070258e-03
-1.496945e+01	8.147314e-03
-1.486945e+01	8.225525e-03
-1.476945e+01	8.304916e-03
-1.466945e+01	8.385512e-03
-1.456945e+01	8.467338e-03
-1.446945e+01	8.550420e-03
-1.436945e+01	8.634785e-03
-1.426945e+01	8.720462e-03
-1.416945e+01	8.807478e-03
-1.406945e+01	8.895863e-03
-1.396945e+01	8.985647e-03
-1.386945e+01	9.076861e-03
-1.376945e+01	9.169538e-03
-1.366945e+01	9.263709e-03
-1.356945e+01	9.359409e-03
-1.346945e+01	9.456673e-03
-1.336945e+01	9.555536e-03
-1.326945e+01	9.656036e-03
-1.316945e+01	9.758210e-03
-1.306945e+01	9.862098e-03
-1.296945e+01	9.967741e-03
-1.286945e+01	1.007518e-02
-1.276945e+01	1.018446e-02
-1.266945e+01	1.029562e-02
-1.256945e+01	1.040871e-02
-1.246945e+01	1.052378e-02
-1.236945e+01	1.064087e-02
-1.226945e+01	1.076004e-02
-1.216945e+01	1.088133e-02
-1.206945e+01	1.100481e-02
-1.196945e+01	1.113053e-02
-1.186945e+01	1.125854e-02
-1.176945e+01	1.138890e-02
-1.166945e+01	1.152168e-02
-1.156945e+01	1.165694e-02
-1.146945e+01	1.179475e-02
-1.136945e+01	1.193516e-02
-1.126945e+01	1.207826e-02
-1.116945e+01	1.222412e-02
-1.106945e+01	1.237281e-02
-1.096945e+01	1.252441e-02
-1.086945e+01	1.267901e-02
-1.076945e+01	1.283668e-02
-1.066945e+01	1.299751e-02
-1.056945e+01	1.316160e-02
-1.046945e+01	1.332904e-02
-1.036945e+01	1.349993e-02
-1.026945e+01	1.367437e-02
-1.016945e+01	1.385246e-02
-1.006945e+01	1.403432e-02
-9.969451e+00	1.422006e-02
-9.869451e+00	1.440979e-02
-9.769451e+00	1.460365e-02
-9.669451e+00	1.480177e-02
-9.569451e+00	1.500427e-02
-9.469451e+00	1.521130e-02
-9.369451e+00	1.542301e-02
-9.269451e+00	1.563955e-02
-9.169451e+00	1.586107e-02
-9.069451e+00	1.608775e-02
-8.969451e+00	1.631976e-02
-8.869451e+00	1.655728e-02
-8.769451e+00	1.680051e-02
-8.669451e+00	1.704964e-02
-8.569451e+00	1.730488e-02
-8.469451e+00	1.756646e-02
-8.369451e+00	1.783460e-02
-8.269451e+00	1.810955e-02
-8.169451e+00	1.839155e-02
-8.069451e+00	1.868089e-02
-7.969451e+00	1.897783e-02
-7.869451e+00	1.928268e-02
-7.769451e+00	1.959574e-02
-7.669451e+00	1.991735e-02
-7.569451e+00	2.024785e-02
-7.469451e+00	2.058760e-02
-7.369451e+00	2.093700e-02
-7.269451e+00	2.129645e-02
-7.169451e+00	2.166639e-02
-7.069451e+00	2.204728e-02
-6.969451e+00	2.243959e-02
-6.869451e+00	2.284386e-02
-6.769451e+00	2.326063e-02
-6.669451e+00	2.369049e-02
-6.569451e+00	2.413406e-02
-6.469451e+00	2.459200e-02
-6.369451e+00	2.506503e-02
-6.269451e+00	2.555392e-02
-6.169451e+00	2.605947e-02
-6.069451e+00	2.658256e-02
-5.969451e+00	2.712414e-02
-5.869451e+00	2.768521e-02
-5.769451e+00	2.826687e-02
-5.669451e+00	2.887029e-02
-5.569451e+00	2.949676e-02
-5.469451e+00	3.014766e-02
-5.369451e+00	3.082450e-02
-5.269451e+00	3.152891e-02
-5.169451e+00	3.226268e-02
-5.069451e+00	3.302777e-02
-4.969451e+00	3.382634e-02
-4.869451e+00	3.466074e-02
-4.769451e+00	3.553359e-02
-4.669451e+00	3.644778e-02
-4.569451e+00	3.740652e-02
-4.469451e+00	3.841339e-02
-4.369451e+00	3.947240e-02
-4.269451e+00	4.058805e-02
-4.169451e+00	4.176543e-02
-4.069451e+00	4.301030e-02
-3.969451e+00	4.432922e-02
-3.869451e+00	4.572972e-02
-3.769451e+00	4.722048e-02
-3.669451e+00	4.881154e-02
-3.569451e+00	5.051464e-02
-3.469451e+00	5.234357e-02
-3.369451e+00	5.431467e-02
-3.269451e+00	5.644746e-02
-3.169451e+00	5.876547e-02
-3.069451e+00	6.129733e-02
-2.969451e+00	6.407828e-02
-2.869451e+00	6.715219e-02
-2.769451e+00	7.057432e-02
-2.669451e+00	7.441534e-02
-2.569451e+00	7.876693e-02
-2.469451e+00	8.375008e-02
-2.369451e+00	8.952740e-02
-2.269451e+00	9.632197e-02
-2.169451e+00	1.044469e-01
-2.069451e+00	1.143526e-01
-1.969451e+00	1.267062e-01
-1.869451e+00	1.425263e-01
-1.769451e+00	1.634223e-01
-1.669451e+00	1.920324e-01
-1.569451e+00	2.328354e-01
-1.469451e+00	2.936304e-01
-1.369451e+00	3.878194e-01
-1.269451e+00	5.350647e-01
-1.169451e+00	7.434344e-01
-1.069451e+00	9.318602e-01
-9.694509e-01	9.175628e-01
-8.694509e-01	7.273770e-01
-7.694509e-01	5.427180e-01
-6.694509e-01	4.222742e-01
-5.694509e-01	3.533195e-01
-4.694509e-01	3.179353e-01
-3.694509e-01	3.049429e-01
-2.694509e-01	3.080989e-01
-1.694509e-01	3.257403e-01
-6.945093e-02	3.619924e-01
3.054907e-02	4.243711e-01
1.305491e-01	5.217186e-01
2.305491e-01	6.513950e-01
3.305491e-01	7.526044e-01
4.305491e-01	7.484682e-01
5.305491e-01	7.025696e-01
6.305491e-01	6.987821e-01
7.305491e-01	7.333317e-01
8.305491e-01	7.742320e-01
9.305491e-01	8.503668e-01
1.030549e+00	1.011349e+00
1.130549e+00	1.243742e+00
1.230549e+00	1.388041e+00
1.330549e+00	1.294118e+00
1.430549e+00	1.114588e+00
1.530549e+00	1.007719e+00
1.630549e+00	9.995815e-01
1.730549e+00	1.085572e+00
1.830549e+00	1.273139e+00
1.930549e+00	1.567947e+00
2.030549e+00	1.889610e+00
2.130549e+00	2.043744e+00
2.230549e+00	2.061427e+00
2.330549e+00	2.176821e+00
2.430549e+00	2.515359e+00
2.530549e+00	3.157664e+00
2.630549e+00	4.246825e+00
2.730549e+00	6.035692e+00
2.830549e+00	8.795593e+00
2.930549e+00	1.209558e+01
3.030549e+00	1.364701e+01
3.130549e+00	1.206096e+01
3.230549e+00	9.225568e+00
3.330549e+00	6.579822e+00
3.430549e+00	4.597409e+00
3.530549e+00	3.273911e+00
3.630549e+00	2.416927e+00
3.730549e+00	1.851782e+00
3.830549e+00	1.466356e+00
3.930549e+00	1.194432e+00
4.030549e+00	9.968174e-01
4.130549e+00	8.497005e-01
4.230549e+00	7.381827e-01
4.330549e+00	6.527158e-01
4.430549e+00	5.870880e-01
4.530549e+00	5.373398e-01
4.630549e+00	5.000981e-01
4.730549e+00	4.690029e-01
4.830549e+00	4.374846e-01
4.930549e+00	4.074342e-01
5.030549e+00	3.828186e-01
5.130549e+00	3.642568e-01
5.230549e+00	3.507929e-01
5.330549e+00	3.414829e-01
5.430549e+00	3.357045e-01
5.530549e+00	3.331016e-01
5.630549e+00	3.335144e-01
5.730549e+00	3.369347e-01
5.830549e+00	3.434910e-01
5.930549e+00	3.534564e-01
6.030549e+00	3.672743e-01
6.130549e+00	3.856054e-01
6.230549e+00	4.094043e-01
6.330549e+00	4.400336e-01
6.430549e+00	4.794114e-01
6.530549e+00	5.302213e-01
6.630549e+00	5.965444e-01
6.730549e+00	6.849977e-01
6.830549e+00	8.059777e-01
6.930549e+00	9.762823e-01
7.030549e+00	1.224330e+00
7.130549e+00	1.599615e+00
7.230549e+00	2.187963e+00
7.330549e+00	3.121439e+00
7.430549e+00	4.491765e+00
7.530549e+00	5.883240e+00
7.630549e+00	6.027903e+00
7.730549e+00	4.761591e+00
7.830549e+00	3.363938e+00
7.930549e+00	2.392486e+00
8.030549e+00	1.789130e+00
8.130549e+00	1.417564e+00
8.230549e+00	1.185412e+00
8.330549e+00	1.039271e+00
8.430549e+00	9.488407e-01
8.530549e+00	8.966826e-01
8.630549e+00	8.726226e-01
8.730549e+00	8.707673e-01
8.830549e+00	8.879061e-01
8.930549e+00	9.226599e-01
9.030549e+00	9.750505e-01
9.130549e+00	1.046335e+00
9.230549e+00	1.139035e+00
9.330549e+00	1.257147e+00
9.430549e+00	1.406560e+00
9.530549e+00	1.595772e+00
9.630549e+00	1.837046e+00
9.730549e+00	2.148309e+00
9.830549e+00	2.556306e+00
9.930549e+00	3.101980e+00
1.003055e+01	3.849972e+00
1.013055e+01	4.905840e+00
1.023055e+01	6.448019e+00
1.033055e+01	8.786532e+00
1.043055e+01	1.245895e+01
1.053055e+01	1.829998e+01
1.063055e+01	2.694902e+01
1.073055e+01	3.609954e+01
1.083055e+01	3.817193e+01
1.093055e+01	3.107392e+01
1.103055e+01	2.191211e+01
1.113055e+01	1.506521e+01
1.123055e+01	1.061936e+01
1.133055e+01	7.691943e+00
1.143055e+01	5.729494e+00
1.153055e+01	4.400973e+00
1.163055e+01	3.480141e+00
1.173055e+01	2.823533e+00
1.183055e+01	2.344121e+00
1.193055e+01	1.989760e+00
1.203055e+01	1.728093e+00
1.213055e+01	1.534825e+00
1.223055e+01	1.380330e+00
1.233055e+01	1.231937e+00
1.243055e+01	1.091579e+00
1.253055e+01	9.762312e-01
1.263055e+01	8.770497e-01
1.273055e+01	7.803988e-01
1.283055e+01	6.924719e-01
1.293055e+01	6.194822e-01
1.303055e+01	5.602240e-01
1.313055e+01	5.110941e-01
1.323055e+01	4.695739e-01
1.333055e+01	4.347461e-01
1.343055e+01	4.061110e-01
1.353055e+01	3.830965e-01
1.363055e+01	3.635613e-01
1.373055e+01	3.436296e-01
1.383055e+01	3.229179e-01
1.393055e+01	3.039151e-01
1.403055e+01	2.857917e-01
1.413055e+01	2.670666e-01
1.423055e+01	2.498080e-01
1.433055e+01	2.355483e-01
1.443055e+01	2.243592e-01
1.453055e+01	2.162909e-01
1.463055e+01	2.119049e-01
1.473055e+01	2.122230e-01
1.483055e+01	2.169632e-01
1.493055e+01	2.188348e-01
1.503055e+01	2.067708e-01
1.513055e+01	1.862647e-01
1.523055e+01	1.680168e-01
1.533055e+01	1.542372e-01
1.543055e+01	1.437606e-01
1.553055e+01	1.354079e-01
1.563055e+01	1.284375e-01
1.573055e+01	1.224147e-01
1.583055e+01	1.170802e-01
1.593055e+01	1.122730e-01
1.603055e+01	1.078877e-01
1.613055e+01	1.038524e-01
1.623055e+01	1.001158e-01
1.633055e+01	9.663982e-02
1.643055e+01	9.339531e-02
1.653055e+01	9.035944e-02
1.663055e+01	8.751399e-02
1.673055e+01	8.484423e-02
1.683055e+01	8.233830e-02
1.693055e+01	7.998674e-02
1.703055e+01	7.778229e-02
1.713055e+01	7.571982e-02
1.723055e+01	7.379650e-02
1.733055e+01	7.201212e-02
1.743055e+01	7.036990e-02
1.753055e+01	6.887774e-02
1.763055e+01	6.755060e-02
1.773055e+01	6.641468e-02
1.783055e+01	6.551499e-02
1.793055e+01	6.492779e-02
1.803055e+01	6.477393e-02
1.813055e+01	6.519901e-02
1.823055e+01	6.623433e-02
1.833055e+01	6.742949e-02
1.843055e+01	6.772771e-02
1.853055e+01	6.708081e-02
1.863055e+01	6.697374e-02
1.873055e+01	6.830285e-02
1.883055e+01	7.067460e-02
1.893055e+01	7.276695e-02
1.903055e+01	7.490322e-02
1.913055e+01	7.918550e-02
1.923055e+01	8.735247e-02
1.933055e+01	1.014135e-01
1.943055e+01	1.247617e-01
1.953055e+01	1.621604e-01
1.963055e+01	2.140220e-01
1.973055e+01	2.587112e-01
1.983055e+01	2.598325e-01
1.993055e+01	2.228906e-01
2.003055e+01	1.757883e-01
2.013055e+01	1.355209e-01
2.023055e+01	1.061004e-01
2.033055e+01	8.591925e-02
2.043055e+01	7.225709e-02
2.053055e+01	6.290708e-02
2.063055e+01	5.621742e-02
2.073055e+01	5.121374e-02
2.083055e+01	4.745413e-02
2.093055e+01	4.462957e-02
2.103055e+01	4.251361e-02
2.113055e+01	4.098254e-02
2.123055e+01	3.999796e-02
2.133055e+01	3.958600e-02
2.143055e+01	3.981572e-02
2.153055e+01	4.086564e-02
2.163055e+01	4.292685e-02
2.173055e+01	4.522754e-02
2.183055e+01	4.593444e-02
2.193055e+01	4.482160e-02
2.203055e+01	4.320355e-02
2.213055e+01	4.224412e-02
2.223055e+01	4.277873e-02
2.233055e+01	4.505815e-02
2.243055e+01	4.935881e-02
2.253055e+01	5.414022e-02
2.263055e+01	5.391830e-02
2.273055e+01	4.755475e-02
2.283055e+01	4.040012e-02
2.293055e+01	3.503106e-02
2.303055e+01	3.130634e-02
2.313055e+01	2.873679e-02
2.323055e+01	2.692110e-02
2.333055e+01	2.558269e-02
2.343055e+01	2.455131e-02
2.353055e+01	2.372556e-02
2.363055e+01	2.304453e-02
2.373055e+01	2.247131e-02
2.383055e+01	2.198418e-02
2.393055e+01	2.157241e-02
2.403055e+01	2.123516e-02
2.413055e+01	2.098191e-02
2.423055e+01	2.082686e-02
2.433055e+01	2.074729e-02
2.443055e+01	2.061224e-02
2.453055e+01	2.034836e-02
2.463055e+01	2.009209e-02
2.473055e+01	1.986452e-02
2.483055e+01	1.958705e-02
2.493055e+01	1.934238e-02
2.503055e+01	1.925283e-02
2.513055e+01	1.938745e-02
2.523055e+01	1.979895e-02
2.533055e+01	2.039864e-02
2.543055e+01	2.066904e-02
2.553055e+01	2.023636e-02
2.563055e+01	1.964485e-02
2.573055e+01	1.938806e-02
2.583055e+01	1.946695e-02
2.593055e+01	1.949485e-02
2.603055e+01	1.920240e-02
2.613055e+01	1.894969e-02
2.623055e+01	1.901170e-02
2.633055e+01	1.922665e-02
2.643055e+01	1.930879e-02
2.653055e+01	1.935527e-02
2.663055e+01	1.949404e-02
2.673055e+01	1.979606e-02
2.683055e+01	2.037874e-02
2.693055e+01	2.101684e-02
2.703055e+01	2.110908e-02
2.713055e+01	2.087895e-02
2.723055e+01	2.115074e-02
2.733055e+01	2.234461e-02
2.743055e+01	2.456538e-02
2.753055e+01	2.730491e-02
2.763055e+01	2.869394e-02
2.773055e+01	2.750959e-02
2.783055e+01	2.553280e-02
2.793055e+01	2.423520e-02
2.803055e+01	2.367839e-02
2.813055e+01	2.373856e-02
2.823055e+01	2.466630e-02
2.833055e+01	2.663726e-02
2.843055e+01	2.968498e-02
2.853055e+01	3.417668e-02
2.863055e+01	4.052310e-02
2.873055e+01	4.831500e-02
2.883055e+01	5.722217e-02
2.893055e+01	6.647566e-02
2.903055e+01	7.008365e-02
2.913055e+01	6.302361e-02
2.923055e+01	5.345066e-02
2.933055e+01	4.792849e-02
2.943055e+01	4.597762e-02
2.953055e+01	4.502242e-02
2.963055e+01	4.519640e-02
2.973055e+01	4.805385e-02
2.983055e+01	5.426468e-02
2.993055e+01	6.334674e-02
3.003055e+01	7.167089e-02
3.013055e+01	7.886135e-02
3.023055e+01	9.252000e-02
3.033055e+01	1.184110e-01
3.043055e+01	1.512202e-01
3.053055e+01	1.663441e-01
3.063055e+01	1.494408e-01
3.073055e+01	1.175779e-01
3.083055e+01	8.943155e-02
3.093055e+01	7.058185e-02
3.103055e+01	5.734947e-02
3.113055e+01	4.637465e-02
3.123055e+01	3.790399e-02
3.133055e+01	3.209672e-02
3.143055e+01	2.828480e-02
3.153055e+01	2.590891e-02
3.163055e+01	2.467354e-02
3.173055e+01	2.440653e-02
3.183055e+01	2.495136e-02
3.193055e+01	2.630284e-02
3.203055e+01	2.898531e-02
3.213055e+01	3.392232e-02
3.223055e+01	4.149826e-02
3.233055e+01	4.921615e-02
3.243055e+01	5.161228e-02
3.253055e+01	5.019417e-02
3.263055e+01	5.083282e-02
3.273055e+01	5.314264e-02
3.283055e+01	5.090910e-02
3.293055e+01	4.306784e-02
3.303055e+01	3.564661e-02
3.313055e+01	3.049739e-02
3.323055e+01	2.654620e-02
3.333055e+01	2.359760e-02
3.343055e+01	2.190594e-02
3.353055e+01	2.162377e-02
3.363055e+01	2.277885e-02
3.373055e+01	2.483207e-02
3.383055e+01	2.554841e-02
3.393055e+01	2.367386e-02
3.403055e+01	2.150103e-02
3.413055e+01	2.061363e-02
3.423055e+01	2.119241e-02
3.433055e+01	2.311117e-02
3.443055e+01	2.482423e-02
3.453055e+01	2.392431e-02
3.463055e+01	2.151647e-02
3.473055e+01	1.971606e-02
3.483055e+01	1.874258e-02
3.493055e+01	1.814227e-02
3.503055e+01	1.778137e-02
3.513055e+01	1.778128e-02
3.523055e+01	1.846298e-02
3.533055e+01	1.996795e-02
3.543055e+01	2.191211e-02
3.553055e+01	2.298906e-02
3.563055e+01	2.263710e-02
3.573055e+01	2.036642e-02
3.583055e+01	1.694556e-02
3.593055e+01	1.409592e-02
3.603055e+01	1.220827e-02
3.613055e+01	1.102837e-02
3.623055e+01	1.030602e-02
3.633055e+01	9.892549e-03
3.643055e+01	9.715431e-03
3.653055e+01	9.755055e-03
3.663055e+01	1.003157e-02
3.673055e+01	1.057493e-02
3.683055e+01	1.134321e-02
3.693055e+01	1.228269e-02
3.703055e+01	1.356683e-02
3.713055e+01	1.538296e-02
3.723055e+01	1.808344e-02
3.733055e+01	2.172328e-02
3.743055e+01	2.485897e-02
3.753055e+01	2.592731e-02
3.763055e+01	2.427423e-02
3.773055e+01	2.150107e-02
3.783055e+01	2.012491e-02
3.793055e+01	2.036701e-02
3.803055e+01	2.021978e-02
3.813055e+01	1.810776e-02
3.823055e+01	1.528194e-02
3.833055e+01	1.283325e-02
3.843055e+01	1.104853e-02
3.853055e+01	9.908336e-03
3.863055e+01	9.230124e-03
3.873055e+01	8.730169e-03
3.883055e+01	8.228883e-03
3.893055e+01	7.817914e-03
3.903055e+01	7.571612e-03
3.913055e+01	7.453935e-03
3.923055e+01	7.399538e-03
3.933055e+01	7.409277e-03
3.943055e+01	7.462640e-03
3.953055e+01	7.511202e-03
3.963055e+01	7.654632e-03
3.973055e+01	8.031345e-03
3.983055e+01	8.681288e-03
3.993055e+01	9.376659e-03
4.003055e+01	9.630954e-03
4.013055e+01	9.412718e-03
4.023055e+01	9.156287e-03
4.033055e+01	9.204298e-03
4.043055e+01	9.678180e-03
4.053055e+01	1.059524e-02
4.063055e+01	1.176928e-02
4.073055e+01	1.242432e-02
4.083055e+01	1.223889e-02
4.093055e+01	1.214095e-02
4.103055e+01	1.274434e-02
4.113055e+01	1.406407e-02
4.123055e+01	1.598231e-02
4.133055e+01	1.878181e-02
4.143055e+01	2.326804e-02
4.153055e+01	3.038404e-02
4.163055e+01	3.996548e-02
4.173055e+01	4.669492e-02
4.183055e+01	4.415378e-02
4.193055e+01	3.654536e-02
4.203055e+01	2.874672e-02
4.213055e+01	2.245109e-02
4.223055e+01	1.850454e-02
4.233055e+01	1.657517e-02
4.243055e+01	1.573991e-02
4.253055e+01	1.505813e-02
4.263055e+01	1.444143e-02
4.273055e+01	1.375706e-02
4.283055e+01	1.244737e-02
4.293055e+01	1.102749e-02
4.303055e+01	1.011375e-02
4.313055e+01	9.842368e-03
4.323055e+01	1.015199e-02
4.333055e+01	1.058703e-02
4.343055e+01	1.025676e-02
4.353055e+01	9.258964e-03
4.363055e+01	8.381340e-03
4.373055e+01	7.783061e-03
4.383055e+01	7.371295e-03
4.393055e+01	7.173900e-03
4.403055e+01	7.216879e-03
4.413055e+01	7.515027e-03
4.423055e+01	8.117462e-03
4.433055e+01	9.102572e-03
4.443055e+01	1.052221e-02
4.453055e+01	1.251168e-02
4.463055e+01	1.559392e-02
4.473055e+01	2.028479e-02
4.483055e+01	2.536213e-02
4.493055e+01	2.660566e-02
4.503055e+01	2.318103e-02
4.513055e+01	1.954278e-02
4.523055e+01	1.740783e-02
4.533055e+01	1.533463e-02
4.543055e+01	1.261184e-02
4.553055e+01	1.016502e-02
4.563055e+01	8.456607e-03
4.573055e+01	7.360896e-03
4.583055e+01	6.675066e-03
4.593055e+01	6.258385e-03
4.603055e+01	6.030854e-03
4.613055e+01	5.976380e-03
4.623055e+01	6.103081e-03
4.633055e+01	6.396707e-03
4.643055e+01	6.856353e-03
4.653055e+01	7.507332e-03
4.663055e+01	8.290530e-03
4.673055e+01	8.767289e-03
4.683055e+01	8.429054e-03
4.693055e+01	7.656396e-03
4.703055e+01	6.865908e-03
4.713055e+01	6.166801e-03
4.723055e+01	5.639648e-03
4.733055e+01	5.299652e-03
4.743055e+01	5.127634e-03
4.753055e+01	5.099905e-03
4.763055e+01	5.198367e-03
4.773055e+01	5.418242e-03
4.783055e+01	5.778312e-03
4.793055e+01	6.336393e-03
4.803055e+01	7.164401e-03
4.813055e+01	8.183481e-03
4.823055e+01	8.973524e-03
4.833055e+01	9.447458e-03
4.843055e+01	1.018496e-02
4.853055e+01	1.154360e-02
4.863055e+01	1.382936e-02
4.873055e+01	1.767376e-02
4.883055e+01	2.279360e-02
4.893055e+01	2.563830e-02
4.903055e+01	2.276341e-02
4.913055e+01	1.755964e-02
4.923055e+01	1.362635e-02
4.933055e+01	1.141058e-02
4.943055e+01	1.017151e-02
4.953055e+01	9.051430e-03
4.963055e+01	8.003643e-03
4.973055e+01	7.372089e-03
4.983055e+01	7.148634e-03
4.993055e+01	6.946479e-03
5.003055e+01	6.477743e-03
5.013055e+01	6.019806e-03
5.023055e+01	5.783641e-03
5.033055e+01	5.608027e-03
5.043055e+01	5.322607e-03
5.053055e+01	4.979234e-03
5.063055e+01	4.664138e-03
5.073055e+01	4.462220e-03
5.083055e+01	4.403099e-03
5.093055e+01	4.493636e-03
5.103055e+01	4.758635e-03
5.113055e+01	5.246766e-03
5.123055e+01	6.002747e-03
5.133055e+01	6.814270e-03
5.143055e+01	7.144601e-03
5.153055e+01	7.070798e-03
5.163055e+01	6.871486e-03
5.173055e+01	6.346432e-03
5.183055e+01	5.686025e-03
5.193055e+01	5.211468e-03
5.203055e+01	4.984010e-03
5.213055e+01	4.845069e-03
5.223055e+01	4.663909e-03
5.233055e+01	4.536551e-03
5.243055e+01	4.597340e-03
5.253055e+01	4.886425e-03
5.263055e+01	5.210855e-03
5.273055e+01	5.232109e-03
5.283055e+01	5.093924e-03
5.293055e+01	5.132071e-03
5.303055e+01	5.298582e-03
5.313055e+01	5.307529e-03
5.323055e+01	5.146246e-03
5.333055e+01	4.915590e-03
5.343055e+01	4.705482e-03
5.353055e+01	4.689078e-03
5.363055e+01	4.985452e-03
5.373055e+01	5.682380e-03
5.383055e+01	6.802393e-03
5.393055e+01	7.996013e-03
5.403055e+01	8.457540e-03
5.413055e+01	7.661240e-03
5.423055e+01	6.264655e-03
5.433055e+01	5.132299e-03
5.443055e+01	4.414171e-03
5.453055e+01	3.978885e-03
5.463055e+01	3.694563e-03
5.473055e+01	3.463395e-03
5.483055e+01	3.260460e-03
5.493055e+01	3.102333e-03
5.503055e+01	3.008761e-03
5.513055e+01	2.975219e-03
5.523055e+01	2.978775e-03
5.533055e+01	3.015229e-03
5.543055e+01	3.069207e-03
5.553055e+01	3.098075e-03
5.563055e+01	3.115061e-03
5.573055e+01	3.166761e-03
5.583055e+01	3.240589e-03
5.593055e+01	3.241342e-03
5.603055e+01	3.170911e-03
5.613055e+01	3.137477e-03
5.623055e+01	3.090721e-03
5.633055e+01	2.943960e-03
5.643055e+01	2.756792e-03
5.653055e+01	2.588516e-03
5.663055e+01	2.461361e-03
5.673055e+01	2.379813e-03
5.683055e+01	2.333062e-03
5.693055e+01	2.301935e-03
5.703055e+01	2.267290e-03
5.713055e+01	2.232183e-03
5.723055e+01	2.207294e-03
5.733055e+01	2.191971e-03
5.743055e+01	2.178604e-03
5.753055e+01	2.169092e-03
5.763055e+01	2.170688e-03
5.773055e+01	2.180681e-03
5.783055e+01	2.181499e-03
5.793055e+01	2.164811e-03
5.803055e+01	2.147128e-03
5.813055e+01	2.138764e-03
5.823055e+01	2.140034e-03
5.833055e+01	2.150021e-03
5.843055e+01	2.169326e-03
5.853055e+01	2.200348e-03
5.863055e+01	2.247139e-03
5.873055e+01	2.311491e-03
5.883055e+01	2.379310e-03
5.893055e+01	2.423966e-03
5.903055e+01	2.443849e-03
5.913055e+01	2.455207e-03
5.923055e+01	2.482919e-03
5.933055e+01	2.543372e-03
5.943055e+01	2.644540e-03
5.953055e+01	2.797772e-03
5.963055e+01	3.018834e-03
5.973055e+01	3.307870e-03
5.983055e+01	3.605732e-03
5.993055e+01	3.776169e-03
6.003055e+01	3.808935e-03
6.013055e+01	3.888933e-03
6.023055e+01	4.120144e-03
6.033055e+01	4.523328e-03
6.043055e+01	5.128719e-03
6.053055e+01	5.970582e-03
6.063055e+01	7.077198e-03
6.073055e+01	8.649157e-03
6.083055e+01	1.105951e-02
6.093055e+01	1.440358e-02
6.103055e+01	1.792516e-02
6.113055e+01	2.145869e-02
6.123055e+01	2.605384e-02
6.133055e+01	2.932544e-02
6.143055e+01	2.670888e-02
6.153055e+01	2.036134e-02
6.163055e+01	1.492032e-02
6.173055e+01	1.142527e-02
6.183055e+01	9.341482e-03
6.193055e+01	8.155334e-03
6.203055e+01	7.697257e-03
6.213055e+01	7.899270e-03
6.223055e+01	8.592613e-03
6.233055e+01	9.125891e-03
6.243055e+01	8.579426e-03
6.253055e+01	7.451363e-03
6.263055e+01	6.507296e-03
6.273055e+01	5.676902e-03
6.283055e+01	4.937678e-03
6.293055e+01	4.377601e-03
6.303055e+01	3.993844e-03
6.313055e+01	3.771988e-03
6.323055e+01	3.716530e-03
6.333055e+01	3.830435e-03
6.343055e+01	3.993047e-03
6.353055e+01	3.955018e-03
6.363055e+01	3.742011e-03
6.373055e+01	3.592143e-03
6.383055e+01	3.562106e-03
6.393055e+01	3.599248e-03
6.403055e+01	3.744178e-03
6.413055e+01	4.079601e-03
6.423055e+01	4.627934e-03
6.433055e+01	5.387003e-03
6.443055e+01	6.493565e-03
6.453055e+01	8.065340e-03
6.463055e+01	9.489779e-03
6.473055e+01	9.625658e-03
6.483055e+01	8.571372e-03
6.493055e+01	7.284146e-03
6.503055e+01	6.526140e-03
6.513055e+01	6.499221e-03
6.523055e+01	7.144638e-03
6.533055e+01	8.184336e-03
6.543055e+01	8.676109e-03
6.553055e+01	7.907658e-03
6.563055e+01	6.858267e-03
6.573055e+01	6.377547e-03
6.583055e+01	6.475225e-03
6.593055e+01	6.568711e-03
6.603055e+01	6.013650e-03
6.613055e+01	5.092423e-03
6.623055e+01	4.249606e-03
6.633055e+01	3.633025e-03
6.643055e+01	3.194681e-03
6.653055e+01	2.885173e-03
6.663055e+01	2.692759e-03
6.673055e+01	2.598540e-03
6.683055e+01	2.586543e-03
6.693055e+01	2.652298e-03
6.703055e+01	2.804612e-03
6.713055e+01	3.075862e-03
6.723055e+01	3.525687e-03
6.733055e+01	4.197962e-03
6.743055e+01	5.019026e-03
6.753055e+01	5.751148e-03
6.763055e+01	6.140642e-03
6.773055e+01	5.815697e-03
6.783055e+01	4.908434e-03
6.793055e+01	4.047774e-03
6.803055e+01	3.436347e-03
6.813055e+01	3.064438e-03
6.823055e+01	2.898527e-03
6.833055e+01	2.914727e-03
6.843055e+01	3.115309e-03
6.853055e+01	3.534515e-03
6.863055e+01	4.216743e-03
6.873055e+01	4.955699e-03
6.883055e+01	5.082522e-03
6.893055e+01	4.415004e-03
6.903055e+01	3.634269e-03
6.913055e+01	3.093812e-03
6.923055e+01	2.729914e-03
6.933055e+01	2.461321e-03
6.943055e+01	2.281963e-03
6.953055e+01	2.167006e-03
6.963055e+01	2.097501e-03
6.973055e+01	2.075321e-03
6.983055e+01	2.113543e-03
6.993055e+01	2.235326e-03
