#RPA-results:
#Nucleus: Ni 74
#Fermi level: -4.992964e+00	-1.506242e+01
#Excitation: 1 +
#Total number of pairs: 1032
#Number of ph-/ah-pairs: 1032/0
#Maximal excitation-energy for particle-hole-pairs: 100
#Maximal excitation-energy for antiparticle-hole-pairs: 1000
#No imaginary eigenvalues

#Parameterset: DD-PC1
#natural parity: no
#Isoscalar result:

#width: 5.000000e-01
#maximum value: 2.455660e-03
#at energy: 6.993055e+01
-9.006945e+01	4.521184e-04
-8.996945e+01	4.530801e-04
-8.986945e+01	4.540449e-04
-8.976945e+01	4.550127e-04
-8.966945e+01	4.559837e-04
-8.956945e+01	4.569578e-04
-8.946945e+01	4.579350e-04
-8.936945e+01	4.589153e-04
-8.926945e+01	4.598988e-04
-8.916945e+01	4.608855e-04
-8.906945e+01	4.618754e-04
-8.896945e+01	4.628684e-04
-8.886945e+01	4.638647e-04
-8.876945e+01	4.648642e-04
-8.866945e+01	4.658669e-04
-8.856945e+01	4.668729e-04
-8.846945e+01	4.678822e-04
-8.836945e+01	4.688947e-04
-8.826945e+01	4.699106e-04
-8.816945e+01	4.709297e-04
-8.806945e+01	4.719522e-04
-8.796945e+01	4.729780e-04
-8.786945e+01	4.740072e-04
-8.776945e+01	4.750397e-04
-8.766945e+01	4.760757e-04
-8.756945e+01	4.771150e-04
-8.746945e+01	4.781577e-04
-8.736945e+01	4.792039e-04
-8.726945e+01	4.802535e-04
-8.716945e+01	4.813066e-04
-8.706945e+01	4.823631e-04
-8.696945e+01	4.834231e-04
-8.686945e+01	4.844867e-04
-8.676945e+01	4.855537e-04
-8.666945e+01	4.866243e-04
-8.656945e+01	4.876985e-04
-8.646945e+01	4.887762e-04
-8.636945e+01	4.898575e-04
-8.626945e+01	4.909424e-04
-8.616945e+01	4.920309e-04
-8.606945e+01	4.931230e-04
-8.596945e+01	4.942188e-04
-8.586945e+01	4.953182e-04
-8.576945e+01	4.964214e-04
-8.566945e+01	4.975282e-04
-8.556945e+01	4.986387e-04
-8.546945e+01	4.997530e-04
-8.536945e+01	5.008710e-04
-8.526945e+01	5.019928e-04
-8.516945e+01	5.031184e-04
-8.506945e+01	5.042477e-04
-8.496945e+01	5.053809e-04
-8.486945e+01	5.065179e-04
-8.476945e+01	5.076587e-04
-8.466945e+01	5.088035e-04
-8.456945e+01	5.099521e-04
-8.446945e+01	5.111046e-04
-8.436945e+01	5.122610e-04
-8.426945e+01	5.134214e-04
-8.416945e+01	5.145857e-04
-8.406945e+01	5.157540e-04
-8.396945e+01	5.169262e-04
-8.386945e+01	5.181025e-04
-8.376945e+01	5.192828e-04
-8.366945e+01	5.204672e-04
-8.356945e+01	5.216556e-04
-8.346945e+01	5.228481e-04
-8.336945e+01	5.240448e-04
-8.326945e+01	5.252455e-04
-8.316945e+01	5.264504e-04
-8.306945e+01	5.276594e-04
-8.296945e+01	5.288726e-04
-8.286945e+01	5.300900e-04
-8.276945e+01	5.313116e-04
-8.266945e+01	5.325375e-04
-8.256945e+01	5.337676e-04
-8.246945e+01	5.350020e-04
-8.236945e+01	5.362407e-04
-8.226945e+01	5.374837e-04
-8.216945e+01	5.387311e-04
-8.206945e+01	5.399828e-04
-8.196945e+01	5.412388e-04
-8.186945e+01	5.424993e-04
-8.176945e+01	5.437642e-04
-8.166945e+01	5.450335e-04
-8.156945e+01	5.463073e-04
-8.146945e+01	5.475856e-04
-8.136945e+01	5.488684e-04
-8.126945e+01	5.501557e-04
-8.116945e+01	5.514475e-04
-8.106945e+01	5.527439e-04
-8.096945e+01	5.540449e-04
-8.086945e+01	5.553505e-04
-8.076945e+01	5.566607e-04
-8.066945e+01	5.579756e-04
-8.056945e+01	5.592951e-04
-8.046945e+01	5.606194e-04
-8.036945e+01	5.619484e-04
-8.026945e+01	5.632821e-04
-8.016945e+01	5.646206e-04
-8.006945e+01	5.659638e-04
-7.996945e+01	5.673119e-04
-7.986945e+01	5.686648e-04
-7.976945e+01	5.700226e-04
-7.966945e+01	5.713852e-04
-7.956945e+01	5.727527e-04
-7.946945e+01	5.741252e-04
-7.936945e+01	5.755026e-04
-7.926945e+01	5.768850e-04
-7.916945e+01	5.782724e-04
-7.906945e+01	5.796648e-04
-7.896945e+01	5.810623e-04
-7.886945e+01	5.824648e-04
-7.876945e+01	5.838724e-04
-7.866945e+01	5.852852e-04
-7.856945e+01	5.867031e-04
-7.846945e+01	5.881262e-04
-7.836945e+01	5.895544e-04
-7.826945e+01	5.909879e-04
-7.816945e+01	5.924266e-04
-7.806945e+01	5.938706e-04
-7.796945e+01	5.953199e-04
-7.786945e+01	5.967745e-04
-7.776945e+01	5.982345e-04
-7.766945e+01	5.996999e-04
-7.756945e+01	6.011706e-04
-7.746945e+01	6.026468e-04
-7.736945e+01	6.041284e-04
-7.726945e+01	6.056155e-04
-7.716945e+01	6.071082e-04
-7.706945e+01	6.086063e-04
-7.696945e+01	6.101101e-04
-7.686945e+01	6.116194e-04
-7.676945e+01	6.131344e-04
-7.666945e+01	6.146550e-04
-7.656945e+01	6.161812e-04
-7.646945e+01	6.177132e-04
-7.636945e+01	6.192509e-04
-7.626945e+01	6.207944e-04
-7.616945e+01	6.223437e-04
-7.606945e+01	6.238988e-04
-7.596945e+01	6.254597e-04
-7.586945e+01	6.270265e-04
-7.576945e+01	6.285992e-04
-7.566945e+01	6.301779e-04
-7.556945e+01	6.317625e-04
-7.546945e+01	6.333532e-04
-7.536945e+01	6.349498e-04
-7.526945e+01	6.365526e-04
-7.516945e+01	6.381614e-04
-7.506945e+01	6.397763e-04
-7.496945e+01	6.413974e-04
-7.486945e+01	6.430247e-04
-7.476945e+01	6.446582e-04
-7.466945e+01	6.462979e-04
-7.456945e+01	6.479439e-04
-7.446945e+01	6.495963e-04
-7.436945e+01	6.512549e-04
-7.426945e+01	6.529200e-04
-7.416945e+01	6.545915e-04
-7.406945e+01	6.562694e-04
-7.396945e+01	6.579537e-04
-7.386945e+01	6.596446e-04
-7.376945e+01	6.613421e-04
-7.366945e+01	6.630461e-04
-7.356945e+01	6.647567e-04
-7.346945e+01	6.664740e-04
-7.336945e+01	6.681979e-04
-7.326945e+01	6.699286e-04
-7.316945e+01	6.716660e-04
-7.306945e+01	6.734102e-04
-7.296945e+01	6.751612e-04
-7.286945e+01	6.769191e-04
-7.276945e+01	6.786838e-04
-7.266945e+01	6.804555e-04
-7.256945e+01	6.822342e-04
-7.246945e+01	6.840198e-04
-7.236945e+01	6.858125e-04
-7.226945e+01	6.876123e-04
-7.216945e+01	6.894192e-04
-7.206945e+01	6.912332e-04
-7.196945e+01	6.930544e-04
-7.186945e+01	6.948829e-04
-7.176945e+01	6.967186e-04
-7.166945e+01	6.985616e-04
-7.156945e+01	7.004120e-04
-7.146945e+01	7.022697e-04
-7.136945e+01	7.041349e-04
-7.126945e+01	7.060075e-04
-7.116945e+01	7.078876e-04
-7.106945e+01	7.097753e-04
-7.096945e+01	7.116705e-04
-7.086945e+01	7.135734e-04
-7.076945e+01	7.154839e-04
-7.066945e+01	7.174022e-04
-7.056945e+01	7.193281e-04
-7.046945e+01	7.212619e-04
-7.036945e+01	7.232035e-04
-7.026945e+01	7.251530e-04
-7.016945e+01	7.271103e-04
-7.006945e+01	7.290757e-04
-6.996945e+01	7.310490e-04
-6.986945e+01	7.330304e-04
-6.976945e+01	7.350199e-04
-6.966945e+01	7.370175e-04
-6.956945e+01	7.390233e-04
-6.946945e+01	7.410373e-04
-6.936945e+01	7.430595e-04
-6.926945e+01	7.450901e-04
-6.916945e+01	7.471291e-04
-6.906945e+01	7.491764e-04
-6.896945e+01	7.512322e-04
-6.886945e+01	7.532965e-04
-6.876945e+01	7.553694e-04
-6.866945e+01	7.574508e-04
-6.856945e+01	7.595409e-04
-6.846945e+01	7.616396e-04
-6.836945e+01	7.637471e-04
-6.826945e+01	7.658634e-04
-6.816945e+01	7.679885e-04
-6.806945e+01	7.701225e-04
-6.796945e+01	7.722655e-04
-6.786945e+01	7.744174e-04
-6.776945e+01	7.765783e-04
-6.766945e+01	7.787484e-04
-6.756945e+01	7.809276e-04
-6.746945e+01	7.831159e-04
-6.736945e+01	7.853135e-04
-6.726945e+01	7.875204e-04
-6.716945e+01	7.897366e-04
-6.706945e+01	7.919622e-04
-6.696945e+01	7.941973e-04
-6.686945e+01	7.964419e-04
-6.676945e+01	7.986960e-04
-6.666945e+01	8.009598e-04
-6.656945e+01	8.032332e-04
-6.646945e+01	8.055163e-04
-6.636945e+01	8.078093e-04
-6.626945e+01	8.101120e-04
-6.616945e+01	8.124246e-04
-6.606945e+01	8.147472e-04
-6.596945e+01	8.170798e-04
-6.586945e+01	8.194225e-04
-6.576945e+01	8.217753e-04
-6.566945e+01	8.241382e-04
-6.556945e+01	8.265114e-04
-6.546945e+01	8.288949e-04
-6.536945e+01	8.312887e-04
-6.526945e+01	8.336930e-04
-6.516945e+01	8.361077e-04
-6.506945e+01	8.385330e-04
-6.496945e+01	8.409689e-04
-6.486945e+01	8.434155e-04
-6.476945e+01	8.458727e-04
-6.466945e+01	8.483408e-04
-6.456945e+01	8.508197e-04
-6.446945e+01	8.533095e-04
-6.436945e+01	8.558103e-04
-6.426945e+01	8.583222e-04
-6.416945e+01	8.608452e-04
-6.406945e+01	8.633793e-04
-6.396945e+01	8.659247e-04
-6.386945e+01	8.684814e-04
-6.376945e+01	8.710494e-04
-6.366945e+01	8.736290e-04
-6.356945e+01	8.762200e-04
-6.346945e+01	8.788226e-04
-6.336945e+01	8.814369e-04
-6.326945e+01	8.840628e-04
-6.316945e+01	8.867006e-04
-6.306945e+01	8.893503e-04
-6.296945e+01	8.920118e-04
-6.286945e+01	8.946854e-04
-6.276945e+01	8.973710e-04
-6.266945e+01	9.000688e-04
-6.256945e+01	9.027789e-04
-6.246945e+01	9.055012e-04
-6.236945e+01	9.082359e-04
-6.226945e+01	9.109831e-04
-6.216945e+01	9.137427e-04
-6.206945e+01	9.165150e-04
-6.196945e+01	9.193000e-04
-6.186945e+01	9.220977e-04
-6.176945e+01	9.249082e-04
-6.166945e+01	9.277317e-04
-6.156945e+01	9.305682e-04
-6.146945e+01	9.334177e-04
-6.136945e+01	9.362804e-04
-6.126945e+01	9.391563e-04
-6.116945e+01	9.420455e-04
-6.106945e+01	9.449482e-04
-6.096945e+01	9.478643e-04
-6.086945e+01	9.507940e-04
-6.076945e+01	9.537373e-04
-6.066945e+01	9.566944e-04
-6.056945e+01	9.596653e-04
-6.046945e+01	9.626501e-04
-6.036945e+01	9.656489e-04
-6.026945e+01	9.686618e-04
-6.016945e+01	9.716888e-04
-6.006945e+01	9.747302e-04
-5.996945e+01	9.777858e-04
-5.986945e+01	9.808560e-04
-5.976945e+01	9.839406e-04
-5.966945e+01	9.870399e-04
-5.956945e+01	9.901539e-04
-5.946945e+01	9.932827e-04
-5.936945e+01	9.964264e-04
-5.926945e+01	9.995852e-04
-5.916945e+01	1.002759e-03
-5.906945e+01	1.005948e-03
-5.896945e+01	1.009152e-03
-5.886945e+01	1.012372e-03
-5.876945e+01	1.015607e-03
-5.866945e+01	1.018858e-03
-5.856945e+01	1.022125e-03
-5.846945e+01	1.025407e-03
-5.836945e+01	1.028705e-03
-5.826945e+01	1.032019e-03
-5.816945e+01	1.035349e-03
-5.806945e+01	1.038696e-03
-5.796945e+01	1.042059e-03
-5.786945e+01	1.045438e-03
-5.776945e+01	1.048834e-03
-5.766945e+01	1.052246e-03
-5.756945e+01	1.055675e-03
-5.746945e+01	1.059121e-03
-5.736945e+01	1.062584e-03
-5.726945e+01	1.066064e-03
-5.716945e+01	1.069561e-03
-5.706945e+01	1.073076e-03
-5.696945e+01	1.076608e-03
-5.686945e+01	1.080157e-03
-5.676945e+01	1.083724e-03
-5.666945e+01	1.087309e-03
-5.656945e+01	1.090912e-03
-5.646945e+01	1.094533e-03
-5.636945e+01	1.098172e-03
-5.626945e+01	1.101829e-03
-5.616945e+01	1.105504e-03
-5.606945e+01	1.109199e-03
-5.596945e+01	1.112911e-03
-5.586945e+01	1.116643e-03
-5.576945e+01	1.120393e-03
-5.566945e+01	1.124162e-03
-5.556945e+01	1.127951e-03
-5.546945e+01	1.131758e-03
-5.536945e+01	1.135585e-03
-5.526945e+01	1.139432e-03
-5.516945e+01	1.143298e-03
-5.506945e+01	1.147184e-03
-5.496945e+01	1.151090e-03
-5.486945e+01	1.155016e-03
-5.476945e+01	1.158963e-03
-5.466945e+01	1.162929e-03
-5.456945e+01	1.166916e-03
-5.446945e+01	1.170924e-03
-5.436945e+01	1.174952e-03
-5.426945e+01	1.179002e-03
-5.416945e+01	1.183072e-03
-5.406945e+01	1.187164e-03
-5.396945e+01	1.191277e-03
-5.386945e+01	1.195411e-03
-5.376945e+01	1.199568e-03
-5.366945e+01	1.203746e-03
-5.356945e+01	1.207946e-03
-5.346945e+01	1.212168e-03
-5.336945e+01	1.216412e-03
-5.326945e+01	1.220679e-03
-5.316945e+01	1.224968e-03
-5.306945e+01	1.229280e-03
-5.296945e+01	1.233615e-03
-5.286945e+01	1.237973e-03
-5.276945e+01	1.242355e-03
-5.266945e+01	1.246759e-03
-5.256945e+01	1.251188e-03
-5.246945e+01	1.255640e-03
-5.236945e+01	1.260116e-03
-5.226945e+01	1.264616e-03
-5.216945e+01	1.269140e-03
-5.206945e+01	1.273689e-03
-5.196945e+01	1.278262e-03
-5.186945e+01	1.282860e-03
-5.176945e+01	1.287483e-03
-5.166945e+01	1.292132e-03
-5.156945e+01	1.296805e-03
-5.146945e+01	1.301504e-03
-5.136945e+01	1.306229e-03
-5.126945e+01	1.310980e-03
-5.116945e+01	1.315757e-03
-5.106945e+01	1.320560e-03
-5.096945e+01	1.325389e-03
-5.086945e+01	1.330246e-03
-5.076945e+01	1.335129e-03
-5.066945e+01	1.340039e-03
-5.056945e+01	1.344976e-03
-5.046945e+01	1.349941e-03
-5.036945e+01	1.354934e-03
-5.026945e+01	1.359954e-03
-5.016945e+01	1.365003e-03
-5.006945e+01	1.370080e-03
-4.996945e+01	1.375185e-03
-4.986945e+01	1.380319e-03
-4.976945e+01	1.385482e-03
-4.966945e+01	1.390674e-03
-4.956945e+01	1.395896e-03
-4.946945e+01	1.401147e-03
-4.936945e+01	1.406428e-03
-4.926945e+01	1.411739e-03
-4.916945e+01	1.417081e-03
-4.906945e+01	1.422453e-03
-4.896945e+01	1.427856e-03
-4.886945e+01	1.433289e-03
-4.876945e+01	1.438754e-03
-4.866945e+01	1.444251e-03
-4.856945e+01	1.449779e-03
-4.846945e+01	1.455339e-03
-4.836945e+01	1.460931e-03
-4.826945e+01	1.466556e-03
-4.816945e+01	1.472213e-03
-4.806945e+01	1.477904e-03
-4.796945e+01	1.483628e-03
-4.786945e+01	1.489385e-03
-4.776945e+01	1.495176e-03
-4.766945e+01	1.501001e-03
-4.756945e+01	1.506860e-03
-4.746945e+01	1.512754e-03
-4.736945e+01	1.518682e-03
-4.726945e+01	1.524646e-03
-4.716945e+01	1.530645e-03
-4.706945e+01	1.536680e-03
-4.696945e+01	1.542751e-03
-4.686945e+01	1.548858e-03
-4.676945e+01	1.555002e-03
-4.666945e+01	1.561182e-03
-4.656945e+01	1.567399e-03
-4.646945e+01	1.573654e-03
-4.636945e+01	1.579947e-03
-4.626945e+01	1.586278e-03
-4.616945e+01	1.592647e-03
-4.606945e+01	1.599054e-03
-4.596945e+01	1.605501e-03
-4.586945e+01	1.611987e-03
-4.576945e+01	1.618512e-03
-4.566945e+01	1.625078e-03
-4.556945e+01	1.631684e-03
-4.546945e+01	1.638330e-03
-4.536945e+01	1.645017e-03
-4.526945e+01	1.651746e-03
-4.516945e+01	1.658516e-03
-4.506945e+01	1.665328e-03
-4.496945e+01	1.672182e-03
-4.486945e+01	1.679079e-03
-4.476945e+01	1.686019e-03
-4.466945e+01	1.693003e-03
-4.456945e+01	1.700030e-03
-4.446945e+01	1.707101e-03
-4.436945e+01	1.714217e-03
-4.426945e+01	1.721378e-03
-4.416945e+01	1.728583e-03
-4.406945e+01	1.735835e-03
-4.396945e+01	1.743132e-03
-4.386945e+01	1.750476e-03
-4.376945e+01	1.757867e-03
-4.366945e+01	1.765305e-03
-4.356945e+01	1.772790e-03
-4.346945e+01	1.780323e-03
-4.336945e+01	1.787905e-03
-4.326945e+01	1.795536e-03
-4.316945e+01	1.803216e-03
-4.306945e+01	1.810946e-03
-4.296945e+01	1.818725e-03
-4.286945e+01	1.826556e-03
-4.276945e+01	1.834437e-03
-4.266945e+01	1.842370e-03
-4.256945e+01	1.850355e-03
-4.246945e+01	1.858392e-03
-4.236945e+01	1.866482e-03
-4.226945e+01	1.874625e-03
-4.216945e+01	1.882822e-03
-4.206945e+01	1.891073e-03
-4.196945e+01	1.899379e-03
-4.186945e+01	1.907740e-03
-4.176945e+01	1.916156e-03
-4.166945e+01	1.924629e-03
-4.156945e+01	1.933159e-03
-4.146945e+01	1.941746e-03
-4.136945e+01	1.950391e-03
-4.126945e+01	1.959093e-03
-4.116945e+01	1.967855e-03
-4.106945e+01	1.976676e-03
-4.096945e+01	1.985557e-03
-4.086945e+01	1.994498e-03
-4.076945e+01	2.003500e-03
-4.066945e+01	2.012564e-03
-4.056945e+01	2.021689e-03
-4.046945e+01	2.030878e-03
-4.036945e+01	2.040129e-03
-4.026945e+01	2.049445e-03
-4.016945e+01	2.058825e-03
-4.006945e+01	2.068269e-03
-3.996945e+01	2.077780e-03
-3.986945e+01	2.087356e-03
-3.976945e+01	2.097000e-03
-3.966945e+01	2.106711e-03
-3.956945e+01	2.116490e-03
-3.946945e+01	2.126338e-03
-3.936945e+01	2.136255e-03
-3.926945e+01	2.146242e-03
-3.916945e+01	2.156300e-03
-3.906945e+01	2.166430e-03
-3.896945e+01	2.176631e-03
-3.886945e+01	2.186905e-03
-3.876945e+01	2.197253e-03
-3.866945e+01	2.207675e-03
-3.856945e+01	2.218171e-03
-3.846945e+01	2.228744e-03
-3.836945e+01	2.239392e-03
-3.826945e+01	2.250118e-03
-3.816945e+01	2.260922e-03
-3.806945e+01	2.271804e-03
-3.796945e+01	2.282766e-03
-3.786945e+01	2.293807e-03
-3.776945e+01	2.304930e-03
-3.766945e+01	2.316135e-03
-3.756945e+01	2.327421e-03
-3.746945e+01	2.338792e-03
-3.736945e+01	2.350246e-03
-3.726945e+01	2.361786e-03
-3.716945e+01	2.373411e-03
-3.706945e+01	2.385123e-03
-3.696945e+01	2.396923e-03
-3.686945e+01	2.408812e-03
-3.676945e+01	2.420789e-03
-3.666945e+01	2.432857e-03
-3.656945e+01	2.445016e-03
-3.646945e+01	2.457268e-03
-3.636945e+01	2.469612e-03
-3.626945e+01	2.482051e-03
-3.616945e+01	2.494584e-03
-3.606945e+01	2.507214e-03
-3.596945e+01	2.519940e-03
-3.586945e+01	2.532765e-03
-3.576945e+01	2.545688e-03
-3.566945e+01	2.558711e-03
-3.556945e+01	2.571836e-03
-3.546945e+01	2.585062e-03
-3.536945e+01	2.598392e-03
-3.526945e+01	2.611826e-03
-3.516945e+01	2.625366e-03
-3.506945e+01	2.639012e-03
-3.496945e+01	2.652765e-03
-3.486945e+01	2.666628e-03
-3.476945e+01	2.680600e-03
-3.466945e+01	2.694683e-03
-3.456945e+01	2.708879e-03
-3.446945e+01	2.723188e-03
-3.436945e+01	2.737612e-03
-3.426945e+01	2.752152e-03
-3.416945e+01	2.766809e-03
-3.406945e+01	2.781584e-03
-3.396945e+01	2.796480e-03
-3.386945e+01	2.811496e-03
-3.376945e+01	2.826635e-03
-3.366945e+01	2.841897e-03
-3.356945e+01	2.857285e-03
-3.346945e+01	2.872799e-03
-3.336945e+01	2.888441e-03
-3.326945e+01	2.904213e-03
-3.316945e+01	2.920115e-03
-3.306945e+01	2.936150e-03
-3.296945e+01	2.952318e-03
-3.286945e+01	2.968622e-03
-3.276945e+01	2.985062e-03
-3.266945e+01	3.001640e-03
-3.256945e+01	3.018359e-03
-3.246945e+01	3.035219e-03
-3.236945e+01	3.052222e-03
-3.226945e+01	3.069370e-03
-3.216945e+01	3.086664e-03
-3.206945e+01	3.104106e-03
-3.196945e+01	3.121698e-03
-3.186945e+01	3.139441e-03
-3.176945e+01	3.157338e-03
-3.166945e+01	3.175390e-03
-3.156945e+01	3.193599e-03
-3.146945e+01	3.211967e-03
-3.136945e+01	3.230495e-03
-3.126945e+01	3.249185e-03
-3.116945e+01	3.268040e-03
-3.106945e+01	3.287062e-03
-3.096945e+01	3.306252e-03
-3.086945e+01	3.325612e-03
-3.076945e+01	3.345144e-03
-3.066945e+01	3.364851e-03
-3.056945e+01	3.384735e-03
-3.046945e+01	3.404798e-03
-3.036945e+01	3.425041e-03
-3.026945e+01	3.445467e-03
-3.016945e+01	3.466079e-03
-3.006945e+01	3.486878e-03
-2.996945e+01	3.507868e-03
-2.986945e+01	3.529049e-03
-2.976945e+01	3.550426e-03
-2.966945e+01	3.571999e-03
-2.956945e+01	3.593772e-03
-2.946945e+01	3.615747e-03
-2.936945e+01	3.637926e-03
-2.926945e+01	3.660313e-03
-2.916945e+01	3.682909e-03
-2.906945e+01	3.705718e-03
-2.896945e+01	3.728742e-03
-2.886945e+01	3.751983e-03
-2.876945e+01	3.775446e-03
-2.866945e+01	3.799132e-03
-2.856945e+01	3.823044e-03
-2.846945e+01	3.847185e-03
-2.836945e+01	3.871559e-03
-2.826945e+01	3.896168e-03
-2.816945e+01	3.921015e-03
-2.806945e+01	3.946104e-03
-2.796945e+01	3.971437e-03
-2.786945e+01	3.997019e-03
-2.776945e+01	4.022851e-03
-2.766945e+01	4.048938e-03
-2.756945e+01	4.075283e-03
-2.746945e+01	4.101889e-03
-2.736945e+01	4.128760e-03
-2.726945e+01	4.155900e-03
-2.716945e+01	4.183311e-03
-2.706945e+01	4.210998e-03
-2.696945e+01	4.238965e-03
-2.686945e+01	4.267215e-03
-2.676945e+01	4.295753e-03
-2.666945e+01	4.324581e-03
-2.656945e+01	4.353705e-03
-2.646945e+01	4.383128e-03
-2.636945e+01	4.412854e-03
-2.626945e+01	4.442888e-03
-2.616945e+01	4.473235e-03
-2.606945e+01	4.503897e-03
-2.596945e+01	4.534881e-03
-2.586945e+01	4.566190e-03
-2.576945e+01	4.597829e-03
-2.566945e+01	4.629802e-03
-2.556945e+01	4.662116e-03
-2.546945e+01	4.694773e-03
-2.536945e+01	4.727781e-03
-2.526945e+01	4.761143e-03
-2.516945e+01	4.794864e-03
-2.506945e+01	4.828950e-03
-2.496945e+01	4.863407e-03
-2.486945e+01	4.898240e-03
-2.476945e+01	4.933454e-03
-2.466945e+01	4.969055e-03
-2.456945e+01	5.005048e-03
-2.446945e+01	5.041441e-03
-2.436945e+01	5.078238e-03
-2.426945e+01	5.115445e-03
-2.416945e+01	5.153070e-03
-2.406945e+01	5.191118e-03
-2.396945e+01	5.229596e-03
-2.386945e+01	5.268510e-03
-2.376945e+01	5.307868e-03
-2.366945e+01	5.347675e-03
-2.356945e+01	5.387939e-03
-2.346945e+01	5.428667e-03
-2.336945e+01	5.469867e-03
-2.326945e+01	5.511546e-03
-2.316945e+01	5.553710e-03
-2.306945e+01	5.596369e-03
-2.296945e+01	5.639530e-03
-2.286945e+01	5.683201e-03
-2.276945e+01	5.727389e-03
-2.266945e+01	5.772105e-03
-2.256945e+01	5.817355e-03
-2.246945e+01	5.863149e-03
-2.236945e+01	5.909496e-03
-2.226945e+01	5.956404e-03
-2.216945e+01	6.003883e-03
-2.206945e+01	6.051943e-03
-2.196945e+01	6.100592e-03
-2.186945e+01	6.149842e-03
-2.176945e+01	6.199702e-03
-2.166945e+01	6.250182e-03
-2.156945e+01	6.301292e-03
-2.146945e+01	6.353044e-03
-2.136945e+01	6.405449e-03
-2.126945e+01	6.458517e-03
-2.116945e+01	6.512261e-03
-2.106945e+01	6.566691e-03
-2.096945e+01	6.621820e-03
-2.086945e+01	6.677660e-03
-2.076945e+01	6.734224e-03
-2.066945e+01	6.791523e-03
-2.056945e+01	6.849573e-03
-2.046945e+01	6.908385e-03
-2.036945e+01	6.967973e-03
-2.026945e+01	7.028352e-03
-2.016945e+01	7.089535e-03
-2.006945e+01	7.151538e-03
-1.996945e+01	7.214375e-03
-1.986945e+01	7.278061e-03
-1.976945e+01	7.342613e-03
-1.966945e+01	7.408046e-03
-1.956945e+01	7.474377e-03
-1.946945e+01	7.541622e-03
-1.936945e+01	7.609799e-03
-1.926945e+01	7.678926e-03
-1.916945e+01	7.749020e-03
-1.906945e+01	7.820100e-03
-1.896945e+01	7.892185e-03
-1.886945e+01	7.965294e-03
-1.876945e+01	8.039447e-03
-1.866945e+01	8.114665e-03
-1.856945e+01	8.190969e-03
-1.846945e+01	8.268379e-03
-1.836945e+01	8.346919e-03
-1.826945e+01	8.426610e-03
-1.816945e+01	8.507475e-03
-1.806945e+01	8.589538e-03
-1.796945e+01	8.672824e-03
-1.786945e+01	8.757358e-03
-1.776945e+01	8.843164e-03
-1.766945e+01	8.930270e-03
-1.756945e+01	9.018702e-03
-1.746945e+01	9.108488e-03
-1.736945e+01	9.199656e-03
-1.726945e+01	9.292235e-03
-1.716945e+01	9.386256e-03
-1.706945e+01	9.481749e-03
-1.696945e+01	9.578746e-03
-1.686945e+01	9.677279e-03
-1.676945e+01	9.777382e-03
-1.666945e+01	9.879088e-03
-1.656945e+01	9.982434e-03
-1.646945e+01	1.008745e-02
-1.636945e+01	1.019419e-02
-1.626945e+01	1.030267e-02
-1.616945e+01	1.041295e-02
-1.606945e+01	1.052506e-02
-1.596945e+01	1.063903e-02
-1.586945e+01	1.075493e-02
-1.576945e+01	1.087278e-02
-1.566945e+01	1.099265e-02
-1.556945e+01	1.111456e-02
-1.546945e+01	1.123857e-02
-1.536945e+01	1.136474e-02
-1.526945e+01	1.149311e-02
-1.516945e+01	1.162373e-02
-1.506945e+01	1.175666e-02
-1.496945e+01	1.189196e-02
-1.486945e+01	1.202968e-02
-1.476945e+01	1.216988e-02
-1.466945e+01	1.231263e-02
-1.456945e+01	1.245799e-02
-1.446945e+01	1.260602e-02
-1.436945e+01	1.275680e-02
-1.426945e+01	1.291039e-02
-1.416945e+01	1.306686e-02
-1.406945e+01	1.322629e-02
-1.396945e+01	1.338876e-02
-1.386945e+01	1.355435e-02
-1.376945e+01	1.372313e-02
-1.366945e+01	1.389520e-02
-1.356945e+01	1.407065e-02
-1.346945e+01	1.424956e-02
-1.336945e+01	1.443202e-02
-1.326945e+01	1.461815e-02
-1.316945e+01	1.480803e-02
-1.306945e+01	1.500177e-02
-1.296945e+01	1.519949e-02
-1.286945e+01	1.540129e-02
-1.276945e+01	1.560730e-02
-1.266945e+01	1.581762e-02
-1.256945e+01	1.603240e-02
-1.246945e+01	1.625175e-02
-1.236945e+01	1.647582e-02
-1.226945e+01	1.670474e-02
-1.216945e+01	1.693866e-02
-1.206945e+01	1.717774e-02
-1.196945e+01	1.742212e-02
-1.186945e+01	1.767198e-02
-1.176945e+01	1.792749e-02
-1.166945e+01	1.818881e-02
-1.156945e+01	1.845614e-02
-1.146945e+01	1.872966e-02
-1.136945e+01	1.900959e-02
-1.126945e+01	1.929611e-02
-1.116945e+01	1.958946e-02
-1.106945e+01	1.988986e-02
-1.096945e+01	2.019754e-02
-1.086945e+01	2.051276e-02
-1.076945e+01	2.083576e-02
-1.066945e+01	2.116681e-02
-1.056945e+01	2.150620e-02
-1.046945e+01	2.185422e-02
-1.036945e+01	2.221118e-02
-1.026945e+01	2.257739e-02
-1.016945e+01	2.295319e-02
-1.006945e+01	2.333894e-02
-9.969451e+00	2.373499e-02
-9.869451e+00	2.414174e-02
-9.769451e+00	2.455959e-02
-9.669451e+00	2.498896e-02
-9.569451e+00	2.543031e-02
-9.469451e+00	2.588409e-02
-9.369451e+00	2.635080e-02
-9.269451e+00	2.683095e-02
-9.169451e+00	2.732510e-02
-9.069451e+00	2.783380e-02
-8.969451e+00	2.835767e-02
-8.869451e+00	2.889735e-02
-8.769451e+00	2.945349e-02
-8.669451e+00	3.002681e-02
-8.569451e+00	3.061806e-02
-8.469451e+00	3.122803e-02
-8.369451e+00	3.185754e-02
-8.269451e+00	3.250750e-02
-8.169451e+00	3.317882e-02
-8.069451e+00	3.387251e-02
-7.969451e+00	3.458962e-02
-7.869451e+00	3.533127e-02
-7.769451e+00	3.609864e-02
-7.669451e+00	3.689300e-02
-7.569451e+00	3.771570e-02
-7.469451e+00	3.856816e-02
-7.369451e+00	3.945193e-02
-7.269451e+00	4.036862e-02
-7.169451e+00	4.132000e-02
-7.069451e+00	4.230791e-02
-6.969451e+00	4.333438e-02
-6.869451e+00	4.440152e-02
-6.769451e+00	4.551166e-02
-6.669451e+00	4.666726e-02
-6.569451e+00	4.787099e-02
-6.469451e+00	4.912571e-02
-6.369451e+00	5.043453e-02
-6.269451e+00	5.180078e-02
-6.169451e+00	5.322809e-02
-6.069451e+00	5.472039e-02
-5.969451e+00	5.628193e-02
-5.869451e+00	5.791735e-02
-5.769451e+00	5.963169e-02
-5.669451e+00	6.143048e-02
-5.569451e+00	6.331973e-02
-5.469451e+00	6.530604e-02
-5.369451e+00	6.739667e-02
-5.269451e+00	6.959958e-02
-5.169451e+00	7.192359e-02
-5.069451e+00	7.437843e-02
-4.969451e+00	7.697488e-02
-4.869451e+00	7.972494e-02
-4.769451e+00	8.264200e-02
-4.669451e+00	8.574101e-02
-4.569451e+00	8.903878e-02
-4.469451e+00	9.255422e-02
-4.369451e+00	9.630873e-02
-4.269451e+00	1.003266e-01
-4.169451e+00	1.046354e-01
-4.069451e+00	1.092670e-01
-3.969451e+00	1.142578e-01
-3.869451e+00	1.196500e-01
-3.769451e+00	1.254927e-01
-3.669451e+00	1.318436e-01
-3.569451e+00	1.387704e-01
-3.469451e+00	1.463540e-01
-3.369451e+00	1.546907e-01
-3.269451e+00	1.638974e-01
-3.169451e+00	1.741164e-01
-3.069451e+00	1.855233e-01
-2.969451e+00	1.983372e-01
-2.869451e+00	2.128349e-01
-2.769451e+00	2.293713e-01
-2.669451e+00	2.484089e-01
-2.569451e+00	2.705606e-01
-2.469451e+00	2.966556e-01
-2.369451e+00	3.278399e-01
-2.269451e+00	3.657378e-01
-2.169451e+00	4.127151e-01
-2.069451e+00	4.723267e-01
-1.969451e+00	5.500979e-01
-1.869451e+00	6.549384e-01
-1.769451e+00	8.017588e-01
-1.669451e+00	1.016295e+00
-1.569451e+00	1.343169e+00
-1.469451e+00	1.853030e+00
-1.369451e+00	2.608853e+00
-1.269451e+00	3.444628e+00
-1.169451e+00	3.692419e+00
-1.069451e+00	3.105355e+00
-9.694509e-01	2.368395e+00
-8.694509e-01	1.868504e+00
-7.694509e-01	1.600923e+00
-6.694509e-01	1.496307e+00
-5.694509e-01	1.511223e+00
-4.694509e-01	1.630356e+00
-3.694509e-01	1.856483e+00
-2.694509e-01	2.201137e+00
-1.694509e-01	2.678510e+00
-6.945093e-02	3.310588e+00
3.054907e-02	4.210120e+00
1.305491e-01	5.476348e+00
2.305491e-01	6.973274e+00
3.305491e-01	8.596530e+00
4.305491e-01	1.089784e+01
5.305491e-01	1.412973e+01
6.305491e-01	1.624914e+01
7.305491e-01	1.491210e+01
8.305491e-01	1.164852e+01
9.305491e-01	8.456669e+00
1.030549e+00	6.133428e+00
1.130549e+00	4.686556e+00
1.230549e+00	3.864802e+00
1.330549e+00	3.478791e+00
1.430549e+00	3.446136e+00
1.530549e+00	3.780060e+00
1.630549e+00	4.591062e+00
1.730549e+00	6.071148e+00
1.830549e+00	8.233109e+00
1.930549e+00	9.973095e+00
2.030549e+00	9.321284e+00
2.130549e+00	6.969854e+00
2.230549e+00	4.839479e+00
2.330549e+00	3.412936e+00
2.430549e+00	2.510683e+00
2.530549e+00	1.928309e+00
2.630549e+00	1.535818e+00
2.730549e+00	1.261208e+00
2.830549e+00	1.064079e+00
2.930549e+00	9.189603e-01
3.030549e+00	8.079201e-01
3.130549e+00	7.194961e-01
3.230549e+00	6.489218e-01
3.330549e+00	5.930184e-01
3.430549e+00	5.487448e-01
3.530549e+00	5.137179e-01
3.630549e+00	4.861968e-01
3.730549e+00	4.649601e-01
3.830549e+00	4.491880e-01
3.930549e+00	4.383816e-01
4.030549e+00	4.323284e-01
4.130549e+00	4.311172e-01
4.230549e+00	4.352102e-01
4.330549e+00	4.455868e-01
4.430549e+00	4.638667e-01
4.530549e+00	4.917431e-01
4.630549e+00	5.284659e-01
4.730549e+00	5.724912e-01
4.830549e+00	6.340592e-01
4.930549e+00	7.324916e-01
5.030549e+00	8.836801e-01
5.130549e+00	1.068591e+00
5.230549e+00	1.177558e+00
5.330549e+00	1.132835e+00
5.430549e+00	1.029374e+00
5.530549e+00	9.636901e-01
5.630549e+00	9.578416e-01
5.730549e+00	1.005073e+00
5.830549e+00	1.100574e+00
5.930549e+00	1.247756e+00
6.030549e+00	1.459285e+00
6.130549e+00	1.759746e+00
6.230549e+00	2.192215e+00
6.330549e+00	2.831574e+00
6.430549e+00	3.809432e+00
6.530549e+00	5.353595e+00
6.630549e+00	7.805257e+00
6.730549e+00	1.134313e+01
6.830549e+00	1.468483e+01
6.930549e+00	1.459610e+01
7.030549e+00	1.121557e+01
7.130549e+00	7.769089e+00
7.230549e+00	5.421919e+00
7.330549e+00	3.969383e+00
7.430549e+00	3.076419e+00
7.530549e+00	2.523944e+00
7.630549e+00	2.187864e+00
7.730549e+00	2.000614e+00
7.830549e+00	1.927690e+00
7.930549e+00	1.955946e+00
8.030549e+00	2.089237e+00
8.130549e+00	2.349518e+00
8.230549e+00	2.783843e+00
8.330549e+00	3.480254e+00
8.430549e+00	4.597946e+00
8.530549e+00	6.411685e+00
8.630549e+00	9.303355e+00
8.730549e+00	1.329312e+01
8.830549e+00	1.638903e+01
8.930549e+00	1.523501e+01
9.030549e+00	1.122671e+01
9.130549e+00	7.653203e+00
9.230549e+00	5.287243e+00
9.330549e+00	3.811368e+00
9.430549e+00	2.883441e+00
9.530549e+00	2.293203e+00
9.630549e+00	1.927102e+00
9.730549e+00	1.726747e+00
9.830549e+00	1.640878e+00
9.930549e+00	1.551947e+00
1.003055e+01	1.348844e+00
1.013055e+01	1.110085e+00
1.023055e+01	9.283078e-01
1.033055e+01	8.114364e-01
1.043055e+01	7.311476e-01
1.053055e+01	6.490695e-01
1.063055e+01	5.621744e-01
1.073055e+01	4.902802e-01
1.083055e+01	4.383155e-01
1.093055e+01	4.030259e-01
1.103055e+01	3.782894e-01
1.113055e+01	3.525233e-01
1.123055e+01	3.204614e-01
1.133055e+01	2.904836e-01
1.143055e+01	2.677639e-01
1.153055e+01	2.522600e-01
1.163055e+01	2.416200e-01
1.173055e+01	2.300362e-01
1.183055e+01	2.143726e-01
1.193055e+01	1.990874e-01
1.203055e+01	1.858133e-01
1.213055e+01	1.727701e-01
1.223055e+01	1.605522e-01
1.233055e+01	1.502884e-01
1.243055e+01	1.418621e-01
1.253055e+01	1.346328e-01
1.263055e+01	1.279473e-01
1.273055e+01	1.217554e-01
1.283055e+01	1.162517e-01
1.293055e+01	1.114474e-01
1.303055e+01	1.073006e-01
1.313055e+01	1.038101e-01
1.323055e+01	1.010393e-01
1.333055e+01	9.914534e-02
1.343055e+01	9.840947e-02
1.353055e+01	9.911207e-02
1.363055e+01	1.008055e-01
1.373055e+01	1.019845e-01
1.383055e+01	1.018259e-01
1.393055e+01	9.834305e-02
1.403055e+01	9.109704e-02
1.413055e+01	8.375215e-02
1.423055e+01	7.832981e-02
1.433055e+01	7.483850e-02
1.443055e+01	7.290694e-02
1.453055e+01	7.178638e-02
1.463055e+01	6.973870e-02
1.473055e+01	6.607611e-02
1.483055e+01	6.227201e-02
1.493055e+01	5.914440e-02
1.503055e+01	5.663659e-02
1.513055e+01	5.455103e-02
1.523055e+01	5.274679e-02
1.533055e+01	5.113887e-02
1.543055e+01	4.967638e-02
1.553055e+01	4.832781e-02
1.563055e+01	4.707275e-02
1.573055e+01	4.589741e-02
1.583055e+01	4.479217e-02
1.593055e+01	4.375010e-02
1.603055e+01	4.276620e-02
1.613055e+01	4.183686e-02
1.623055e+01	4.095962e-02
1.633055e+01	4.013301e-02
1.643055e+01	3.935654e-02
1.653055e+01	3.863074e-02
1.663055e+01	3.795735e-02
1.673055e+01	3.733963e-02
1.683055e+01	3.678281e-02
1.693055e+01	3.629497e-02
1.703055e+01	3.588826e-02
1.713055e+01	3.558099e-02
1.723055e+01	3.540122e-02
1.733055e+01	3.539280e-02
1.743055e+01	3.562630e-02
1.753055e+01	3.621908e-02
1.763055e+01	3.737240e-02
1.773055e+01	3.943680e-02
1.783055e+01	4.299581e-02
1.793055e+01	4.877114e-02
1.803055e+01	5.637467e-02
1.813055e+01	6.127567e-02
1.823055e+01	5.855717e-02
1.833055e+01	5.148654e-02
1.843055e+01	4.486293e-02
1.853055e+01	4.042110e-02
1.863055e+01	3.793730e-02
1.873055e+01	3.681675e-02
1.883055e+01	3.676730e-02
1.893055e+01	3.786764e-02
1.903055e+01	4.043648e-02
1.913055e+01	4.503409e-02
1.923055e+01	5.216740e-02
1.933055e+01	6.130076e-02
1.943055e+01	7.204557e-02
1.953055e+01	8.628274e-02
1.963055e+01	9.964715e-02
1.973055e+01	9.928276e-02
1.983055e+01	8.391461e-02
1.993055e+01	6.575660e-02
2.003055e+01	5.202869e-02
2.013055e+01	4.274526e-02
2.023055e+01	3.642063e-02
2.033055e+01	3.209043e-02
2.043055e+01	2.908919e-02
2.053055e+01	2.696615e-02
2.063055e+01	2.543409e-02
2.073055e+01	2.431752e-02
2.083055e+01	2.352103e-02
2.093055e+01	2.300711e-02
2.103055e+01	2.278069e-02
2.113055e+01	2.289099e-02
2.123055e+01	2.343403e-02
2.133055e+01	2.457424e-02
2.143055e+01	2.660463e-02
2.153055e+01	2.954891e-02
2.163055e+01	3.194642e-02
2.173055e+01	3.189880e-02
2.183055e+01	3.036543e-02
2.193055e+01	2.870841e-02
2.203055e+01	2.746237e-02
2.213055e+01	2.677435e-02
2.223055e+01	2.585288e-02
2.233055e+01	2.372931e-02
2.243055e+01	2.128246e-02
2.253055e+01	1.940386e-02
2.263055e+01	1.812224e-02
2.273055e+01	1.720210e-02
2.283055e+01	1.647114e-02
2.293055e+01	1.587788e-02
2.303055e+01	1.539618e-02
2.313055e+01	1.500192e-02
2.323055e+01	1.467583e-02
2.333055e+01	1.440260e-02
2.343055e+01	1.417234e-02
2.353055e+01	1.398068e-02
2.363055e+01	1.382861e-02
2.373055e+01	1.372356e-02
2.383055e+01	1.368198e-02
2.393055e+01	1.372992e-02
2.403055e+01	1.387985e-02
2.413055e+01	1.403932e-02
2.423055e+01	1.401620e-02
2.433055e+01	1.381987e-02
2.443055e+01	1.361451e-02
2.453055e+01	1.354387e-02
2.463055e+01	1.358065e-02
2.473055e+01	1.346829e-02
2.483055e+01	1.311638e-02
2.493055e+01	1.276155e-02
2.503055e+01	1.252336e-02
2.513055e+01	1.238303e-02
2.523055e+01	1.231995e-02
2.533055e+01	1.234152e-02
2.543055e+01	1.245335e-02
2.553055e+01	1.259801e-02
2.563055e+01	1.269722e-02
2.573055e+01	1.282492e-02
2.583055e+01	1.307066e-02
2.593055e+01	1.349250e-02
2.603055e+01	1.420603e-02
2.613055e+01	1.533447e-02
2.623055e+01	1.694441e-02
2.633055e+01	1.848929e-02
2.643055e+01	1.877263e-02
2.653055e+01	1.815613e-02
2.663055e+01	1.795082e-02
2.673055e+01	1.843476e-02
2.683055e+01	1.881840e-02
2.693055e+01	1.834350e-02
2.703055e+01	1.770800e-02
2.713055e+01	1.762791e-02
2.723055e+01	1.810488e-02
2.733055e+01	1.899105e-02
2.743055e+01	2.051535e-02
2.753055e+01	2.281512e-02
2.763055e+01	2.554209e-02
2.773055e+01	2.855921e-02
2.783055e+01	3.126549e-02
2.793055e+01	3.206045e-02
2.803055e+01	3.177956e-02
2.813055e+01	3.284792e-02
2.823055e+01	3.708364e-02
2.833055e+01	4.443383e-02
2.843055e+01	5.110120e-02
2.853055e+01	5.194132e-02
2.863055e+01	4.955896e-02
2.873055e+01	4.917163e-02
2.883055e+01	4.986705e-02
2.893055e+01	4.636904e-02
2.903055e+01	3.907621e-02
2.913055e+01	3.194381e-02
2.923055e+01	2.637293e-02
2.933055e+01	2.240894e-02
2.943055e+01	1.995103e-02
2.953055e+01	1.876505e-02
2.963055e+01	1.869726e-02
2.973055e+01	1.981097e-02
2.983055e+01	2.247885e-02
2.993055e+01	2.728403e-02
3.003055e+01	3.398834e-02
3.013055e+01	3.865614e-02
3.023055e+01	3.628935e-02
3.033055e+01	3.000845e-02
3.043055e+01	2.427881e-02
3.053055e+01	2.018733e-02
3.063055e+01	1.760402e-02
3.073055e+01	1.613148e-02
3.083055e+01	1.534574e-02
3.093055e+01	1.458918e-02
3.103055e+01	1.358239e-02
3.113055e+01	1.269104e-02
3.123055e+01	1.216615e-02
3.133055e+01	1.203256e-02
3.143055e+01	1.225050e-02
3.153055e+01	1.282151e-02
3.163055e+01	1.381737e-02
3.173055e+01	1.539014e-02
3.183055e+01	1.792657e-02
3.193055e+01	2.208190e-02
3.203055e+01	2.863045e-02
3.213055e+01	3.751926e-02
3.223055e+01	4.492914e-02
3.233055e+01	4.400153e-02
3.243055e+01	3.600309e-02
3.253055e+01	2.755388e-02
3.263055e+01	2.144077e-02
3.273055e+01	1.759451e-02
3.283055e+01	1.531949e-02
3.293055e+01	1.384459e-02
3.303055e+01	1.261959e-02
3.313055e+01	1.167952e-02
3.323055e+01	1.116045e-02
3.333055e+01	1.105172e-02
3.343055e+01	1.121317e-02
3.353055e+01	1.156083e-02
3.363055e+01	1.202211e-02
3.373055e+01	1.217148e-02
3.383055e+01	1.206638e-02
3.393055e+01	1.209650e-02
3.403055e+01	1.232487e-02
3.413055e+01	1.298316e-02
3.423055e+01	1.450752e-02
3.433055e+01	1.713451e-02
3.443055e+01	2.041508e-02
3.453055e+01	2.219362e-02
3.463055e+01	2.067215e-02
3.473055e+01	1.739354e-02
3.483055e+01	1.425326e-02
3.493055e+01	1.203743e-02
3.503055e+01	1.072352e-02
3.513055e+01	1.010611e-02
3.523055e+01	1.006109e-02
3.533055e+01	1.050404e-02
3.543055e+01	1.136021e-02
3.553055e+01	1.247765e-02
3.563055e+01	1.298056e-02
3.573055e+01	1.193733e-02
3.583055e+01	1.032514e-02
3.593055e+01	9.165421e-03
3.603055e+01	8.600711e-03
3.613055e+01	8.556679e-03
3.623055e+01	9.028560e-03
3.633055e+01	1.008438e-02
3.643055e+01	1.157980e-02
3.653055e+01	1.240979e-02
3.663055e+01	1.142739e-02
3.673055e+01	9.662779e-03
3.683055e+01	8.272064e-03
3.693055e+01	7.404749e-03
3.703055e+01	6.922107e-03
3.713055e+01	6.713173e-03
3.723055e+01	6.725399e-03
3.733055e+01	6.941389e-03
3.743055e+01	7.336954e-03
3.753055e+01	7.958640e-03
3.763055e+01	9.031694e-03
3.773055e+01	1.064262e-02
3.783055e+01	1.195684e-02
3.793055e+01	1.144968e-02
3.803055e+01	9.640208e-03
3.813055e+01	8.006316e-03
3.823055e+01	6.918329e-03
3.833055e+01	6.239992e-03
3.843055e+01	5.824560e-03
3.853055e+01	5.554611e-03
3.863055e+01	5.347588e-03
3.873055e+01	5.197868e-03
3.883055e+01	5.125514e-03
3.893055e+01	5.127142e-03
3.903055e+01	5.149791e-03
3.913055e+01	5.123778e-03
3.923055e+01	5.052574e-03
3.933055e+01	4.966256e-03
3.943055e+01	4.901589e-03
3.953055e+01	4.869108e-03
3.963055e+01	4.861689e-03
3.973055e+01	4.884189e-03
3.983055e+01	4.944943e-03
3.993055e+01	5.044263e-03
4.003055e+01	5.186767e-03
4.013055e+01	5.395011e-03
4.023055e+01	5.705076e-03
4.033055e+01	6.168519e-03
4.043055e+01	6.810261e-03
4.053055e+01	7.472449e-03
4.063055e+01	7.841430e-03
4.073055e+01	8.065864e-03
4.083055e+01	8.560822e-03
4.093055e+01	9.488387e-03
4.103055e+01	1.084695e-02
4.113055e+01	1.279886e-02
4.123055e+01	1.592352e-02
4.133055e+01	2.108840e-02
4.143055e+01	2.928103e-02
4.153055e+01	4.001702e-02
4.163055e+01	4.687639e-02
4.173055e+01	4.242164e-02
4.183055e+01	3.250135e-02
4.193055e+01	2.415453e-02
4.203055e+01	1.827985e-02
4.213055e+01	1.439575e-02
4.223055e+01	1.199378e-02
4.233055e+01	1.060662e-02
4.243055e+01	9.811058e-03
4.253055e+01	9.069835e-03
4.263055e+01	8.098162e-03
4.273055e+01	7.109720e-03
4.283055e+01	6.274228e-03
4.293055e+01	5.641014e-03
4.303055e+01	5.184668e-03
4.313055e+01	4.849826e-03
4.323055e+01	4.600869e-03
4.333055e+01	4.417662e-03
4.343055e+01	4.283848e-03
4.353055e+01	4.189359e-03
4.363055e+01	4.133956e-03
4.373055e+01	4.122631e-03
4.383055e+01	4.165591e-03
4.393055e+01	4.282924e-03
4.403055e+01	4.508707e-03
4.413055e+01	4.887874e-03
4.423055e+01	5.447406e-03
4.433055e+01	6.070203e-03
4.443055e+01	6.485765e-03
4.453055e+01	6.771947e-03
4.463055e+01	6.939701e-03
4.473055e+01	6.606093e-03
4.483055e+01	5.955328e-03
4.493055e+01	5.275433e-03
4.503055e+01	4.682438e-03
4.513055e+01	4.268915e-03
4.523055e+01	4.016433e-03
4.533055e+01	3.880924e-03
4.543055e+01	3.831047e-03
4.553055e+01	3.821706e-03
4.563055e+01	3.825329e-03
4.573055e+01	3.872291e-03
4.583055e+01	4.024142e-03
4.593055e+01	4.340151e-03
4.603055e+01	4.861991e-03
4.613055e+01	5.473222e-03
4.623055e+01	5.671022e-03
4.633055e+01	5.211500e-03
4.643055e+01	4.610861e-03
4.653055e+01	4.188282e-03
4.663055e+01	3.909224e-03
4.673055e+01	3.699546e-03
4.683055e+01	3.550652e-03
4.693055e+01	3.456453e-03
4.703055e+01	3.397184e-03
4.713055e+01	3.365302e-03
4.723055e+01	3.364885e-03
4.733055e+01	3.405215e-03
4.743055e+01	3.495708e-03
4.753055e+01	3.651109e-03
4.763055e+01	3.898481e-03
4.773055e+01	4.278215e-03
4.783055e+01	4.813942e-03
4.793055e+01	5.374501e-03
4.803055e+01	5.626730e-03
4.813055e+01	5.616947e-03
4.823055e+01	5.752551e-03
4.833055e+01	6.252238e-03
4.843055e+01	7.247934e-03
4.853055e+01	8.966202e-03
4.863055e+01	1.180083e-02
4.873055e+01	1.609089e-02
4.883055e+01	2.074548e-02
4.893055e+01	2.181039e-02
4.903055e+01	1.813857e-02
4.913055e+01	1.374109e-02
4.923055e+01	1.062495e-02
4.933055e+01	8.522648e-03
4.943055e+01	7.035443e-03
4.953055e+01	5.977737e-03
4.963055e+01	5.224857e-03
4.973055e+01	4.717296e-03
4.983055e+01	4.385501e-03
4.993055e+01	4.175626e-03
5.003055e+01	4.033570e-03
5.013055e+01	3.898801e-03
5.023055e+01	3.783519e-03
5.033055e+01	3.666878e-03
5.043055e+01	3.536283e-03
5.053055e+01	3.464822e-03
5.063055e+01	3.520604e-03
5.073055e+01	3.739101e-03
5.083055e+01	4.079640e-03
5.093055e+01	4.270566e-03
5.103055e+01	4.043604e-03
5.113055e+01	3.655941e-03
5.123055e+01	3.397175e-03
5.133055e+01	3.324188e-03
5.143055e+01	3.420109e-03
5.153055e+01	3.592289e-03
5.163055e+01	3.590703e-03
5.173055e+01	3.329111e-03
5.183055e+01	3.035437e-03
5.193055e+01	2.831421e-03
5.203055e+01	2.706886e-03
5.213055e+01	2.629837e-03
5.223055e+01	2.587481e-03
5.233055e+01	2.582827e-03
5.243055e+01	2.607498e-03
5.253055e+01	2.663495e-03
5.263055e+01	2.784934e-03
5.273055e+01	3.009031e-03
5.283055e+01	3.328945e-03
5.293055e+01	3.581054e-03
5.303055e+01	3.568159e-03
5.313055e+01	3.455948e-03
5.323055e+01	3.458375e-03
5.333055e+01	3.629317e-03
5.343055e+01	4.002921e-03
5.353055e+01	4.474081e-03
5.363055e+01	4.573161e-03
5.373055e+01	4.080498e-03
5.383055e+01	3.450254e-03
5.393055e+01	2.969583e-03
5.403055e+01	2.654670e-03
5.413055e+01	2.456613e-03
5.423055e+01	2.332005e-03
5.433055e+01	2.250804e-03
5.443055e+01	2.190801e-03
5.453055e+01	2.142720e-03
5.463055e+01	2.108532e-03
5.473055e+01	2.088579e-03
5.483055e+01	2.086542e-03
5.493055e+01	2.109213e-03
5.503055e+01	2.152350e-03
5.513055e+01	2.188906e-03
5.523055e+01	2.205015e-03
5.533055e+01	2.220480e-03
5.543055e+01	2.221421e-03
5.553055e+01	2.179404e-03
5.563055e+01	2.105938e-03
5.573055e+01	2.043562e-03
5.583055e+01	2.013922e-03
5.593055e+01	2.018300e-03
5.603055e+01	2.036592e-03
5.613055e+01	2.021928e-03
5.623055e+01	1.966883e-03
5.633055e+01	1.910928e-03
5.643055e+01	1.868860e-03
5.653055e+01	1.838522e-03
5.663055e+01	1.817884e-03
5.673055e+01	1.804815e-03
5.683055e+01	1.796623e-03
5.693055e+01	1.791205e-03
5.703055e+01	1.788643e-03
5.713055e+01	1.789722e-03
5.723055e+01	1.793775e-03
5.733055e+01	1.797789e-03
5.743055e+01	1.801494e-03
5.753055e+01	1.808788e-03
5.763055e+01	1.819966e-03
5.773055e+01	1.830613e-03
5.783055e+01	1.838700e-03
5.793055e+01	1.843172e-03
5.803055e+01	1.845871e-03
5.813055e+01	1.852385e-03
5.823055e+01	1.864748e-03
5.833055e+01	1.882970e-03
5.843055e+01	1.907280e-03
5.853055e+01	1.938539e-03
5.863055e+01	1.977533e-03
5.873055e+01	2.022858e-03
5.883055e+01	2.069955e-03
5.893055e+01	2.117061e-03
5.903055e+01	2.172583e-03
5.913055e+01	2.245664e-03
5.923055e+01	2.342469e-03
5.933055e+01	2.471254e-03
5.943055e+01	2.646289e-03
5.953055e+01	2.890573e-03
5.963055e+01	3.230964e-03
5.973055e+01	3.651975e-03
5.983055e+01	3.997905e-03
5.993055e+01	4.138706e-03
6.003055e+01	4.265852e-03
6.013055e+01	4.579259e-03
6.023055e+01	5.161287e-03
6.033055e+01	6.093831e-03
6.043055e+01	7.494737e-03
6.053055e+01	9.426503e-03
6.063055e+01	1.179125e-02
6.073055e+01	1.449514e-02
6.083055e+01	1.815768e-02
6.093055e+01	2.416823e-02
6.103055e+01	3.216938e-02
6.113055e+01	3.648108e-02
6.123055e+01	3.170051e-02
6.133055e+01	2.326442e-02
6.143055e+01	1.665415e-02
6.153055e+01	1.234898e-02
6.163055e+01	9.629203e-03
6.173055e+01	8.003090e-03
6.183055e+01	7.169883e-03
6.193055e+01	6.931278e-03
6.203055e+01	7.053040e-03
6.213055e+01	7.133928e-03
6.223055e+01	6.826967e-03
6.233055e+01	6.450976e-03
6.243055e+01	6.231229e-03
6.253055e+01	5.740441e-03
6.263055e+01	4.923949e-03
6.273055e+01	4.192459e-03
6.283055e+01	3.705305e-03
6.293055e+01	3.434489e-03
6.303055e+01	3.271754e-03
6.313055e+01	3.097854e-03
6.323055e+01	2.932285e-03
6.333055e+01	2.846217e-03
6.343055e+01	2.862431e-03
6.353055e+01	2.987723e-03
6.363055e+01	3.217837e-03
6.373055e+01	3.509498e-03
6.383055e+01	3.774366e-03
6.393055e+01	3.977626e-03
6.403055e+01	4.242581e-03
6.413055e+01	4.736351e-03
6.423055e+01	5.655789e-03
6.433055e+01	7.080723e-03
6.443055e+01	8.461696e-03
6.453055e+01	8.503633e-03
6.463055e+01	7.298482e-03
6.473055e+01	6.179920e-03
6.483055e+01	5.625656e-03
6.493055e+01	5.612798e-03
6.503055e+01	6.047065e-03
6.513055e+01	6.741451e-03
6.523055e+01	7.202692e-03
6.533055e+01	6.966904e-03
6.543055e+01	6.465084e-03
6.553055e+01	5.978620e-03
6.563055e+01	5.225228e-03
6.573055e+01	4.326257e-03
6.583055e+01	3.546178e-03
6.593055e+01	2.992846e-03
6.603055e+01	2.631359e-03
6.613055e+01	2.380480e-03
6.623055e+01	2.192535e-03
6.633055e+01	2.060355e-03
6.643055e+01	1.975673e-03
6.653055e+01	1.927704e-03
6.663055e+01	1.907694e-03
6.673055e+01	1.908111e-03
6.683055e+01	1.935926e-03
6.693055e+01	2.010459e-03
6.703055e+01	2.155947e-03
6.713055e+01	2.409196e-03
6.723055e+01	2.825637e-03
6.733055e+01	3.419300e-03
6.743055e+01	3.924870e-03
6.753055e+01	3.826776e-03
6.763055e+01	3.268879e-03
6.773055e+01	2.759888e-03
6.783055e+01	2.441150e-03
6.793055e+01	2.282403e-03
6.803055e+01	2.251770e-03
6.813055e+01	2.340510e-03
6.823055e+01	2.569527e-03
6.833055e+01	2.997324e-03
6.843055e+01	3.706928e-03
6.853055e+01	4.657310e-03
6.863055e+01	5.287977e-03
6.873055e+01	4.914060e-03
6.883055e+01	4.026205e-03
6.893055e+01	3.319654e-03
6.903055e+01	2.931009e-03
6.913055e+01	2.783926e-03
6.923055e+01	2.788111e-03
6.933055e+01	2.932993e-03
6.943055e+01	3.303146e-03
6.953055e+01	3.851999e-03
6.963055e+01	4.116217e-03
6.973055e+01	3.694068e-03
6.983055e+01	3.009572e-03
6.993055e+01	2.455660e-03
