#RPA-results:
#Nucleus: Ni 74
#Fermi level: -4.992964e+00	-1.506242e+01
#Excitation: 1 +
#Total number of pairs: 1032
#Number of ph-/ah-pairs: 1032/0
#Maximal excitation-energy for particle-hole-pairs: 100
#Maximal excitation-energy for antiparticle-hole-pairs: 1000
#No imaginary eigenvalues

#Parameterset: DD-PC1
#natural parity: no
#Isoscalar result:

#width: 5.000000e-01
#maximum value: 2.070179e-03
#at energy: 6.993055e+01
-9.006945e+01	4.578056e-04
-8.996945e+01	4.587851e-04
-8.986945e+01	4.597678e-04
-8.976945e+01	4.607537e-04
-8.966945e+01	4.617427e-04
-8.956945e+01	4.627350e-04
-8.946945e+01	4.637304e-04
-8.936945e+01	4.647291e-04
-8.926945e+01	4.657309e-04
-8.916945e+01	4.667361e-04
-8.906945e+01	4.677445e-04
-8.896945e+01	4.687562e-04
-8.886945e+01	4.697712e-04
-8.876945e+01	4.707894e-04
-8.866945e+01	4.718110e-04
-8.856945e+01	4.728360e-04
-8.846945e+01	4.738643e-04
-8.836945e+01	4.748959e-04
-8.826945e+01	4.759310e-04
-8.816945e+01	4.769694e-04
-8.806945e+01	4.780112e-04
-8.796945e+01	4.790565e-04
-8.786945e+01	4.801052e-04
-8.776945e+01	4.811573e-04
-8.766945e+01	4.822129e-04
-8.756945e+01	4.832720e-04
-8.746945e+01	4.843347e-04
-8.736945e+01	4.854008e-04
-8.726945e+01	4.864704e-04
-8.716945e+01	4.875436e-04
-8.706945e+01	4.886204e-04
-8.696945e+01	4.897007e-04
-8.686945e+01	4.907846e-04
-8.676945e+01	4.918722e-04
-8.666945e+01	4.929633e-04
-8.656945e+01	4.940581e-04
-8.646945e+01	4.951566e-04
-8.636945e+01	4.962587e-04
-8.626945e+01	4.973646e-04
-8.616945e+01	4.984741e-04
-8.606945e+01	4.995874e-04
-8.596945e+01	5.007044e-04
-8.586945e+01	5.018251e-04
-8.576945e+01	5.029497e-04
-8.566945e+01	5.040780e-04
-8.556945e+01	5.052101e-04
-8.546945e+01	5.063461e-04
-8.536945e+01	5.074859e-04
-8.526945e+01	5.086296e-04
-8.516945e+01	5.097771e-04
-8.506945e+01	5.109285e-04
-8.496945e+01	5.120839e-04
-8.486945e+01	5.132432e-04
-8.476945e+01	5.144064e-04
-8.466945e+01	5.155736e-04
-8.456945e+01	5.167448e-04
-8.446945e+01	5.179200e-04
-8.436945e+01	5.190992e-04
-8.426945e+01	5.202824e-04
-8.416945e+01	5.214697e-04
-8.406945e+01	5.226611e-04
-8.396945e+01	5.238566e-04
-8.386945e+01	5.250562e-04
-8.376945e+01	5.262599e-04
-8.366945e+01	5.274678e-04
-8.356945e+01	5.286799e-04
-8.346945e+01	5.298961e-04
-8.336945e+01	5.311166e-04
-8.326945e+01	5.323413e-04
-8.316945e+01	5.335702e-04
-8.306945e+01	5.348034e-04
-8.296945e+01	5.360409e-04
-8.286945e+01	5.372827e-04
-8.276945e+01	5.385288e-04
-8.266945e+01	5.397793e-04
-8.256945e+01	5.410341e-04
-8.246945e+01	5.422934e-04
-8.236945e+01	5.435570e-04
-8.226945e+01	5.448251e-04
-8.216945e+01	5.460976e-04
-8.206945e+01	5.473746e-04
-8.196945e+01	5.486561e-04
-8.186945e+01	5.499422e-04
-8.176945e+01	5.512327e-04
-8.166945e+01	5.525278e-04
-8.156945e+01	5.538275e-04
-8.146945e+01	5.551318e-04
-8.136945e+01	5.564407e-04
-8.126945e+01	5.577543e-04
-8.116945e+01	5.590725e-04
-8.106945e+01	5.603954e-04
-8.096945e+01	5.617230e-04
-8.086945e+01	5.630554e-04
-8.076945e+01	5.643925e-04
-8.066945e+01	5.657344e-04
-8.056945e+01	5.670811e-04
-8.046945e+01	5.684326e-04
-8.036945e+01	5.697890e-04
-8.026945e+01	5.711502e-04
-8.016945e+01	5.725164e-04
-8.006945e+01	5.738874e-04
-7.996945e+01	5.752634e-04
-7.986945e+01	5.766444e-04
-7.976945e+01	5.780303e-04
-7.966945e+01	5.794213e-04
-7.956945e+01	5.808173e-04
-7.946945e+01	5.822183e-04
-7.936945e+01	5.836245e-04
-7.926945e+01	5.850357e-04
-7.916945e+01	5.864521e-04
-7.906945e+01	5.878737e-04
-7.896945e+01	5.893004e-04
-7.886945e+01	5.907324e-04
-7.876945e+01	5.921696e-04
-7.866945e+01	5.936121e-04
-7.856945e+01	5.950598e-04
-7.846945e+01	5.965129e-04
-7.836945e+01	5.979713e-04
-7.826945e+01	5.994350e-04
-7.816945e+01	6.009042e-04
-7.806945e+01	6.023788e-04
-7.796945e+01	6.038588e-04
-7.786945e+01	6.053443e-04
-7.776945e+01	6.068353e-04
-7.766945e+01	6.083319e-04
-7.756945e+01	6.098340e-04
-7.746945e+01	6.113416e-04
-7.736945e+01	6.128549e-04
-7.726945e+01	6.143738e-04
-7.716945e+01	6.158984e-04
-7.706945e+01	6.174287e-04
-7.696945e+01	6.189647e-04
-7.686945e+01	6.205065e-04
-7.676945e+01	6.220540e-04
-7.666945e+01	6.236074e-04
-7.656945e+01	6.251666e-04
-7.646945e+01	6.267316e-04
-7.636945e+01	6.283026e-04
-7.626945e+01	6.298795e-04
-7.616945e+01	6.314623e-04
-7.606945e+01	6.330512e-04
-7.596945e+01	6.346460e-04
-7.586945e+01	6.362469e-04
-7.576945e+01	6.378539e-04
-7.566945e+01	6.394670e-04
-7.556945e+01	6.410862e-04
-7.546945e+01	6.427116e-04
-7.536945e+01	6.443433e-04
-7.526945e+01	6.459811e-04
-7.516945e+01	6.476252e-04
-7.506945e+01	6.492756e-04
-7.496945e+01	6.509324e-04
-7.486945e+01	6.525955e-04
-7.476945e+01	6.542650e-04
-7.466945e+01	6.559410e-04
-7.456945e+01	6.576234e-04
-7.446945e+01	6.593123e-04
-7.436945e+01	6.610077e-04
-7.426945e+01	6.627097e-04
-7.416945e+01	6.644183e-04
-7.406945e+01	6.661335e-04
-7.396945e+01	6.678554e-04
-7.386945e+01	6.695840e-04
-7.376945e+01	6.713194e-04
-7.366945e+01	6.730615e-04
-7.356945e+01	6.748104e-04
-7.346945e+01	6.765661e-04
-7.336945e+01	6.783288e-04
-7.326945e+01	6.800983e-04
-7.316945e+01	6.818748e-04
-7.306945e+01	6.836583e-04
-7.296945e+01	6.854488e-04
-7.286945e+01	6.872464e-04
-7.276945e+01	6.890511e-04
-7.266945e+01	6.908629e-04
-7.256945e+01	6.926819e-04
-7.246945e+01	6.945081e-04
-7.236945e+01	6.963415e-04
-7.226945e+01	6.981823e-04
-7.216945e+01	7.000303e-04
-7.206945e+01	7.018858e-04
-7.196945e+01	7.037486e-04
-7.186945e+01	7.056189e-04
-7.176945e+01	7.074967e-04
-7.166945e+01	7.093820e-04
-7.156945e+01	7.112748e-04
-7.146945e+01	7.131753e-04
-7.136945e+01	7.150834e-04
-7.126945e+01	7.169992e-04
-7.116945e+01	7.189227e-04
-7.106945e+01	7.208540e-04
-7.096945e+01	7.227932e-04
-7.086945e+01	7.247401e-04
-7.076945e+01	7.266950e-04
-7.066945e+01	7.286578e-04
-7.056945e+01	7.306286e-04
-7.046945e+01	7.326075e-04
-7.036945e+01	7.345944e-04
-7.026945e+01	7.365894e-04
-7.016945e+01	7.385925e-04
-7.006945e+01	7.406039e-04
-6.996945e+01	7.426236e-04
-6.986945e+01	7.446515e-04
-6.976945e+01	7.466878e-04
-6.966945e+01	7.487324e-04
-6.956945e+01	7.507855e-04
-6.946945e+01	7.528471e-04
-6.936945e+01	7.549172e-04
-6.926945e+01	7.569958e-04
-6.916945e+01	7.590831e-04
-6.906945e+01	7.611791e-04
-6.896945e+01	7.632838e-04
-6.886945e+01	7.653972e-04
-6.876945e+01	7.675195e-04
-6.866945e+01	7.696506e-04
-6.856945e+01	7.717907e-04
-6.846945e+01	7.739397e-04
-6.836945e+01	7.760977e-04
-6.826945e+01	7.782648e-04
-6.816945e+01	7.804409e-04
-6.806945e+01	7.826263e-04
-6.796945e+01	7.848209e-04
-6.786945e+01	7.870248e-04
-6.776945e+01	7.892379e-04
-6.766945e+01	7.914605e-04
-6.756945e+01	7.936925e-04
-6.746945e+01	7.959339e-04
-6.736945e+01	7.981849e-04
-6.726945e+01	8.004455e-04
-6.716945e+01	8.027158e-04
-6.706945e+01	8.049957e-04
-6.696945e+01	8.072854e-04
-6.686945e+01	8.095849e-04
-6.676945e+01	8.118943e-04
-6.666945e+01	8.142136e-04
-6.656945e+01	8.165429e-04
-6.646945e+01	8.188822e-04
-6.636945e+01	8.212316e-04
-6.626945e+01	8.235912e-04
-6.616945e+01	8.259610e-04
-6.606945e+01	8.283410e-04
-6.596945e+01	8.307314e-04
-6.586945e+01	8.331322e-04
-6.576945e+01	8.355435e-04
-6.566945e+01	8.379652e-04
-6.556945e+01	8.403976e-04
-6.546945e+01	8.428406e-04
-6.536945e+01	8.452943e-04
-6.526945e+01	8.477587e-04
-6.516945e+01	8.502340e-04
-6.506945e+01	8.527201e-04
-6.496945e+01	8.552172e-04
-6.486945e+01	8.577254e-04
-6.476945e+01	8.602446e-04
-6.466945e+01	8.627750e-04
-6.456945e+01	8.653166e-04
-6.446945e+01	8.678694e-04
-6.436945e+01	8.704337e-04
-6.426945e+01	8.730093e-04
-6.416945e+01	8.755964e-04
-6.406945e+01	8.781951e-04
-6.396945e+01	8.808054e-04
-6.386945e+01	8.834274e-04
-6.376945e+01	8.860612e-04
-6.366945e+01	8.887068e-04
-6.356945e+01	8.913643e-04
-6.346945e+01	8.940337e-04
-6.336945e+01	8.967153e-04
-6.326945e+01	8.994089e-04
-6.316945e+01	9.021147e-04
-6.306945e+01	9.048329e-04
-6.296945e+01	9.075633e-04
-6.286945e+01	9.103062e-04
-6.276945e+01	9.130616e-04
-6.266945e+01	9.158295e-04
-6.256945e+01	9.186101e-04
-6.246945e+01	9.214034e-04
-6.236945e+01	9.242095e-04
-6.226945e+01	9.270285e-04
-6.216945e+01	9.298605e-04
-6.206945e+01	9.327055e-04
-6.196945e+01	9.355636e-04
-6.186945e+01	9.384349e-04
-6.176945e+01	9.413195e-04
-6.166945e+01	9.442175e-04
-6.156945e+01	9.471289e-04
-6.146945e+01	9.500539e-04
-6.136945e+01	9.529925e-04
-6.126945e+01	9.559447e-04
-6.116945e+01	9.589108e-04
-6.106945e+01	9.618907e-04
-6.096945e+01	9.648846e-04
-6.086945e+01	9.678926e-04
-6.076945e+01	9.709147e-04
-6.066945e+01	9.739510e-04
-6.056945e+01	9.770016e-04
-6.046945e+01	9.800666e-04
-6.036945e+01	9.831462e-04
-6.026945e+01	9.862403e-04
-6.016945e+01	9.893491e-04
-6.006945e+01	9.924727e-04
-5.996945e+01	9.956111e-04
-5.986945e+01	9.987645e-04
-5.976945e+01	1.001933e-03
-5.966945e+01	1.005117e-03
-5.956945e+01	1.008316e-03
-5.946945e+01	1.011530e-03
-5.936945e+01	1.014759e-03
-5.926945e+01	1.018005e-03
-5.916945e+01	1.021266e-03
-5.906945e+01	1.024542e-03
-5.896945e+01	1.027835e-03
-5.886945e+01	1.031143e-03
-5.876945e+01	1.034468e-03
-5.866945e+01	1.037808e-03
-5.856945e+01	1.041165e-03
-5.846945e+01	1.044539e-03
-5.836945e+01	1.047928e-03
-5.826945e+01	1.051335e-03
-5.816945e+01	1.054758e-03
-5.806945e+01	1.058198e-03
-5.796945e+01	1.061654e-03
-5.786945e+01	1.065128e-03
-5.776945e+01	1.068619e-03
-5.766945e+01	1.072128e-03
-5.756945e+01	1.075653e-03
-5.746945e+01	1.079196e-03
-5.736945e+01	1.082757e-03
-5.726945e+01	1.086335e-03
-5.716945e+01	1.089932e-03
-5.706945e+01	1.093546e-03
-5.696945e+01	1.097178e-03
-5.686945e+01	1.100829e-03
-5.676945e+01	1.104497e-03
-5.666945e+01	1.108185e-03
-5.656945e+01	1.111891e-03
-5.646945e+01	1.115615e-03
-5.636945e+01	1.119358e-03
-5.626945e+01	1.123121e-03
-5.616945e+01	1.126902e-03
-5.606945e+01	1.130703e-03
-5.596945e+01	1.134523e-03
-5.586945e+01	1.138362e-03
-5.576945e+01	1.142221e-03
-5.566945e+01	1.146100e-03
-5.556945e+01	1.149998e-03
-5.546945e+01	1.153917e-03
-5.536945e+01	1.157856e-03
-5.526945e+01	1.161815e-03
-5.516945e+01	1.165794e-03
-5.506945e+01	1.169794e-03
-5.496945e+01	1.173815e-03
-5.486945e+01	1.177856e-03
-5.476945e+01	1.181919e-03
-5.466945e+01	1.186003e-03
-5.456945e+01	1.190108e-03
-5.446945e+01	1.194234e-03
-5.436945e+01	1.198382e-03
-5.426945e+01	1.202552e-03
-5.416945e+01	1.206744e-03
-5.406945e+01	1.210957e-03
-5.396945e+01	1.215193e-03
-5.386945e+01	1.219452e-03
-5.376945e+01	1.223732e-03
-5.366945e+01	1.228036e-03
-5.356945e+01	1.232362e-03
-5.346945e+01	1.236712e-03
-5.336945e+01	1.241084e-03
-5.326945e+01	1.245480e-03
-5.316945e+01	1.249899e-03
-5.306945e+01	1.254342e-03
-5.296945e+01	1.258809e-03
-5.286945e+01	1.263300e-03
-5.276945e+01	1.267815e-03
-5.266945e+01	1.272354e-03
-5.256945e+01	1.276918e-03
-5.246945e+01	1.281507e-03
-5.236945e+01	1.286120e-03
-5.226945e+01	1.290759e-03
-5.216945e+01	1.295423e-03
-5.206945e+01	1.300112e-03
-5.196945e+01	1.304827e-03
-5.186945e+01	1.309568e-03
-5.176945e+01	1.314334e-03
-5.166945e+01	1.319127e-03
-5.156945e+01	1.323947e-03
-5.146945e+01	1.328793e-03
-5.136945e+01	1.333665e-03
-5.126945e+01	1.338565e-03
-5.116945e+01	1.343492e-03
-5.106945e+01	1.348446e-03
-5.096945e+01	1.353428e-03
-5.086945e+01	1.358437e-03
-5.076945e+01	1.363475e-03
-5.066945e+01	1.368541e-03
-5.056945e+01	1.373635e-03
-5.046945e+01	1.378758e-03
-5.036945e+01	1.383909e-03
-5.026945e+01	1.389090e-03
-5.016945e+01	1.394300e-03
-5.006945e+01	1.399540e-03
-4.996945e+01	1.404809e-03
-4.986945e+01	1.410108e-03
-4.976945e+01	1.415438e-03
-4.966945e+01	1.420797e-03
-4.956945e+01	1.426188e-03
-4.946945e+01	1.431609e-03
-4.936945e+01	1.437062e-03
-4.926945e+01	1.442546e-03
-4.916945e+01	1.448061e-03
-4.906945e+01	1.453609e-03
-4.896945e+01	1.459188e-03
-4.886945e+01	1.464800e-03
-4.876945e+01	1.470444e-03
-4.866945e+01	1.476121e-03
-4.856945e+01	1.481832e-03
-4.846945e+01	1.487576e-03
-4.836945e+01	1.493353e-03
-4.826945e+01	1.499164e-03
-4.816945e+01	1.505010e-03
-4.806945e+01	1.510889e-03
-4.796945e+01	1.516804e-03
-4.786945e+01	1.522754e-03
-4.776945e+01	1.528738e-03
-4.766945e+01	1.534759e-03
-4.756945e+01	1.540815e-03
-4.746945e+01	1.546907e-03
-4.736945e+01	1.553036e-03
-4.726945e+01	1.559201e-03
-4.716945e+01	1.565404e-03
-4.706945e+01	1.571643e-03
-4.696945e+01	1.577921e-03
-4.686945e+01	1.584236e-03
-4.676945e+01	1.590589e-03
-4.666945e+01	1.596981e-03
-4.656945e+01	1.603411e-03
-4.646945e+01	1.609881e-03
-4.636945e+01	1.616390e-03
-4.626945e+01	1.622939e-03
-4.616945e+01	1.629528e-03
-4.606945e+01	1.636158e-03
-4.596945e+01	1.642828e-03
-4.586945e+01	1.649540e-03
-4.576945e+01	1.656293e-03
-4.566945e+01	1.663087e-03
-4.556945e+01	1.669924e-03
-4.546945e+01	1.676803e-03
-4.536945e+01	1.683725e-03
-4.526945e+01	1.690691e-03
-4.516945e+01	1.697700e-03
-4.506945e+01	1.704752e-03
-4.496945e+01	1.711849e-03
-4.486945e+01	1.718991e-03
-4.476945e+01	1.726178e-03
-4.466945e+01	1.733410e-03
-4.456945e+01	1.740688e-03
-4.446945e+01	1.748013e-03
-4.436945e+01	1.755383e-03
-4.426945e+01	1.762801e-03
-4.416945e+01	1.770267e-03
-4.406945e+01	1.777780e-03
-4.396945e+01	1.785341e-03
-4.386945e+01	1.792951e-03
-4.376945e+01	1.800610e-03
-4.366945e+01	1.808318e-03
-4.356945e+01	1.816077e-03
-4.346945e+01	1.823885e-03
-4.336945e+01	1.831745e-03
-4.326945e+01	1.839656e-03
-4.316945e+01	1.847618e-03
-4.306945e+01	1.855633e-03
-4.296945e+01	1.863700e-03
-4.286945e+01	1.871820e-03
-4.276945e+01	1.879994e-03
-4.266945e+01	1.888222e-03
-4.256945e+01	1.896504e-03
-4.246945e+01	1.904841e-03
-4.236945e+01	1.913234e-03
-4.226945e+01	1.921682e-03
-4.216945e+01	1.930187e-03
-4.206945e+01	1.938749e-03
-4.196945e+01	1.947369e-03
-4.186945e+01	1.956046e-03
-4.176945e+01	1.964782e-03
-4.166945e+01	1.973577e-03
-4.156945e+01	1.982431e-03
-4.146945e+01	1.991346e-03
-4.136945e+01	2.000321e-03
-4.126945e+01	2.009358e-03
-4.116945e+01	2.018456e-03
-4.106945e+01	2.027617e-03
-4.096945e+01	2.036841e-03
-4.086945e+01	2.046128e-03
-4.076945e+01	2.055479e-03
-4.066945e+01	2.064895e-03
-4.056945e+01	2.074376e-03
-4.046945e+01	2.083924e-03
-4.036945e+01	2.093537e-03
-4.026945e+01	2.103218e-03
-4.016945e+01	2.112967e-03
-4.006945e+01	2.122784e-03
-3.996945e+01	2.132670e-03
-3.986945e+01	2.142626e-03
-3.976945e+01	2.152652e-03
-3.966945e+01	2.162749e-03
-3.956945e+01	2.172918e-03
-3.946945e+01	2.183159e-03
-3.936945e+01	2.193474e-03
-3.926945e+01	2.203862e-03
-3.916945e+01	2.214325e-03
-3.906945e+01	2.224863e-03
-3.896945e+01	2.235477e-03
-3.886945e+01	2.246168e-03
-3.876945e+01	2.256936e-03
-3.866945e+01	2.267782e-03
-3.856945e+01	2.278707e-03
-3.846945e+01	2.289712e-03
-3.836945e+01	2.300798e-03
-3.826945e+01	2.311965e-03
-3.816945e+01	2.323214e-03
-3.806945e+01	2.334546e-03
-3.796945e+01	2.345961e-03
-3.786945e+01	2.357462e-03
-3.776945e+01	2.369047e-03
-3.766945e+01	2.380719e-03
-3.756945e+01	2.392479e-03
-3.746945e+01	2.404326e-03
-3.736945e+01	2.416262e-03
-3.726945e+01	2.428288e-03
-3.716945e+01	2.440404e-03
-3.706945e+01	2.452612e-03
-3.696945e+01	2.464913e-03
-3.686945e+01	2.477308e-03
-3.676945e+01	2.489796e-03
-3.666945e+01	2.502381e-03
-3.656945e+01	2.515061e-03
-3.646945e+01	2.527840e-03
-3.636945e+01	2.540716e-03
-3.626945e+01	2.553692e-03
-3.616945e+01	2.566769e-03
-3.606945e+01	2.579947e-03
-3.596945e+01	2.593227e-03
-3.586945e+01	2.606612e-03
-3.576945e+01	2.620101e-03
-3.566945e+01	2.633696e-03
-3.556945e+01	2.647398e-03
-3.546945e+01	2.661208e-03
-3.536945e+01	2.675127e-03
-3.526945e+01	2.689157e-03
-3.516945e+01	2.703299e-03
-3.506945e+01	2.717553e-03
-3.496945e+01	2.731921e-03
-3.486945e+01	2.746405e-03
-3.476945e+01	2.761005e-03
-3.466945e+01	2.775723e-03
-3.456945e+01	2.790560e-03
-3.446945e+01	2.805517e-03
-3.436945e+01	2.820596e-03
-3.426945e+01	2.835798e-03
-3.416945e+01	2.851125e-03
-3.406945e+01	2.866577e-03
-3.396945e+01	2.882156e-03
-3.386945e+01	2.897864e-03
-3.376945e+01	2.913701e-03
-3.366945e+01	2.929670e-03
-3.356945e+01	2.945772e-03
-3.346945e+01	2.962009e-03
-3.336945e+01	2.978381e-03
-3.326945e+01	2.994891e-03
-3.316945e+01	3.011539e-03
-3.306945e+01	3.028328e-03
-3.296945e+01	3.045260e-03
-3.286945e+01	3.062335e-03
-3.276945e+01	3.079555e-03
-3.266945e+01	3.096923e-03
-3.256945e+01	3.114439e-03
-3.246945e+01	3.132106e-03
-3.236945e+01	3.149926e-03
-3.226945e+01	3.167899e-03
-3.216945e+01	3.186028e-03
-3.206945e+01	3.204314e-03
-3.196945e+01	3.222761e-03
-3.186945e+01	3.241368e-03
-3.176945e+01	3.260139e-03
-3.166945e+01	3.279075e-03
-3.156945e+01	3.298178e-03
-3.146945e+01	3.317451e-03
-3.136945e+01	3.336894e-03
-3.126945e+01	3.356511e-03
-3.116945e+01	3.376303e-03
-3.106945e+01	3.396273e-03
-3.096945e+01	3.416422e-03
-3.086945e+01	3.436753e-03
-3.076945e+01	3.457268e-03
-3.066945e+01	3.477969e-03
-3.056945e+01	3.498859e-03
-3.046945e+01	3.519940e-03
-3.036945e+01	3.541213e-03
-3.026945e+01	3.562683e-03
-3.016945e+01	3.584350e-03
-3.006945e+01	3.606218e-03
-2.996945e+01	3.628289e-03
-2.986945e+01	3.650565e-03
-2.976945e+01	3.673050e-03
-2.966945e+01	3.695745e-03
-2.956945e+01	3.718654e-03
-2.946945e+01	3.741779e-03
-2.936945e+01	3.765122e-03
-2.926945e+01	3.788688e-03
-2.916945e+01	3.812478e-03
-2.906945e+01	3.836495e-03
-2.896945e+01	3.860743e-03
-2.886945e+01	3.885224e-03
-2.876945e+01	3.909942e-03
-2.866945e+01	3.934899e-03
-2.856945e+01	3.960098e-03
-2.846945e+01	3.985544e-03
-2.836945e+01	4.011238e-03
-2.826945e+01	4.037185e-03
-2.816945e+01	4.063388e-03
-2.806945e+01	4.089849e-03
-2.796945e+01	4.116574e-03
-2.786945e+01	4.143564e-03
-2.776945e+01	4.170824e-03
-2.766945e+01	4.198357e-03
-2.756945e+01	4.226168e-03
-2.746945e+01	4.254259e-03
-2.736945e+01	4.282635e-03
-2.726945e+01	4.311300e-03
-2.716945e+01	4.340257e-03
-2.706945e+01	4.369510e-03
-2.696945e+01	4.399065e-03
-2.686945e+01	4.428924e-03
-2.676945e+01	4.459092e-03
-2.666945e+01	4.489574e-03
-2.656945e+01	4.520373e-03
-2.646945e+01	4.551495e-03
-2.636945e+01	4.582944e-03
-2.626945e+01	4.614725e-03
-2.616945e+01	4.646842e-03
-2.606945e+01	4.679300e-03
-2.596945e+01	4.712104e-03
-2.586945e+01	4.745259e-03
-2.576945e+01	4.778771e-03
-2.566945e+01	4.812643e-03
-2.556945e+01	4.846883e-03
-2.546945e+01	4.881494e-03
-2.536945e+01	4.916483e-03
-2.526945e+01	4.951854e-03
-2.516945e+01	4.987615e-03
-2.506945e+01	5.023770e-03
-2.496945e+01	5.060326e-03
-2.486945e+01	5.097288e-03
-2.476945e+01	5.134662e-03
-2.466945e+01	5.172456e-03
-2.456945e+01	5.210674e-03
-2.446945e+01	5.249325e-03
-2.436945e+01	5.288413e-03
-2.426945e+01	5.327947e-03
-2.416945e+01	5.367933e-03
-2.406945e+01	5.408377e-03
-2.396945e+01	5.449288e-03
-2.386945e+01	5.490672e-03
-2.376945e+01	5.532537e-03
-2.366945e+01	5.574890e-03
-2.356945e+01	5.617740e-03
-2.346945e+01	5.661093e-03
-2.336945e+01	5.704959e-03
-2.326945e+01	5.749345e-03
-2.316945e+01	5.794259e-03
-2.306945e+01	5.839711e-03
-2.296945e+01	5.885709e-03
-2.286945e+01	5.932261e-03
-2.276945e+01	5.979378e-03
-2.266945e+01	6.027068e-03
-2.256945e+01	6.075340e-03
-2.246945e+01	6.124206e-03
-2.236945e+01	6.173673e-03
-2.226945e+01	6.223753e-03
-2.216945e+01	6.274455e-03
-2.206945e+01	6.325791e-03
-2.196945e+01	6.377771e-03
-2.186945e+01	6.430406e-03
-2.176945e+01	6.483707e-03
-2.166945e+01	6.537685e-03
-2.156945e+01	6.592354e-03
-2.146945e+01	6.647723e-03
-2.136945e+01	6.703806e-03
-2.126945e+01	6.760616e-03
-2.116945e+01	6.818164e-03
-2.106945e+01	6.876464e-03
-2.096945e+01	6.935530e-03
-2.086945e+01	6.995375e-03
-2.076945e+01	7.056014e-03
-2.066945e+01	7.117459e-03
-2.056945e+01	7.179727e-03
-2.046945e+01	7.242832e-03
-2.036945e+01	7.306789e-03
-2.026945e+01	7.371615e-03
-2.016945e+01	7.437324e-03
-2.006945e+01	7.503934e-03
-1.996945e+01	7.571462e-03
-1.986945e+01	7.639924e-03
-1.976945e+01	7.709339e-03
-1.966945e+01	7.779724e-03
-1.956945e+01	7.851098e-03
-1.946945e+01	7.923480e-03
-1.936945e+01	7.996890e-03
-1.926945e+01	8.071346e-03
-1.916945e+01	8.146870e-03
-1.906945e+01	8.223483e-03
-1.896945e+01	8.301205e-03
-1.886945e+01	8.380059e-03
-1.876945e+01	8.460068e-03
-1.866945e+01	8.541254e-03
-1.856945e+01	8.623641e-03
-1.846945e+01	8.707254e-03
-1.836945e+01	8.792117e-03
-1.826945e+01	8.878256e-03
-1.816945e+01	8.965696e-03
-1.806945e+01	9.054466e-03
-1.796945e+01	9.144593e-03
-1.786945e+01	9.236105e-03
-1.776945e+01	9.329030e-03
-1.766945e+01	9.423400e-03
-1.756945e+01	9.519244e-03
-1.746945e+01	9.616595e-03
-1.736945e+01	9.715484e-03
-1.726945e+01	9.815945e-03
-1.716945e+01	9.918013e-03
-1.706945e+01	1.002172e-02
-1.696945e+01	1.012711e-02
-1.686945e+01	1.023421e-02
-1.676945e+01	1.034306e-02
-1.666945e+01	1.045371e-02
-1.656945e+01	1.056619e-02
-1.646945e+01	1.068054e-02
-1.636945e+01	1.079681e-02
-1.626945e+01	1.091504e-02
-1.616945e+01	1.103528e-02
-1.606945e+01	1.115757e-02
-1.596945e+01	1.128196e-02
-1.586945e+01	1.140850e-02
-1.576945e+01	1.153725e-02
-1.566945e+01	1.166825e-02
-1.556945e+01	1.180156e-02
-1.546945e+01	1.193723e-02
-1.536945e+01	1.207532e-02
-1.526945e+01	1.221590e-02
-1.516945e+01	1.235902e-02
-1.506945e+01	1.250475e-02
-1.496945e+01	1.265315e-02
-1.486945e+01	1.280428e-02
-1.476945e+01	1.295823e-02
-1.466945e+01	1.311505e-02
-1.456945e+01	1.327484e-02
-1.446945e+01	1.343765e-02
-1.436945e+01	1.360357e-02
-1.426945e+01	1.377268e-02
-1.416945e+01	1.394507e-02
-1.406945e+01	1.412083e-02
-1.396945e+01	1.430004e-02
-1.386945e+01	1.448279e-02
-1.376945e+01	1.466920e-02
-1.366945e+01	1.485934e-02
-1.356945e+01	1.505334e-02
-1.346945e+01	1.525129e-02
-1.336945e+01	1.545332e-02
-1.326945e+01	1.565952e-02
-1.316945e+01	1.587003e-02
-1.306945e+01	1.608497e-02
-1.296945e+01	1.630446e-02
-1.286945e+01	1.652864e-02
-1.276945e+01	1.675765e-02
-1.266945e+01	1.699163e-02
-1.256945e+01	1.723073e-02
-1.246945e+01	1.747510e-02
-1.236945e+01	1.772491e-02
-1.226945e+01	1.798033e-02
-1.216945e+01	1.824153e-02
-1.206945e+01	1.850868e-02
-1.196945e+01	1.878198e-02
-1.186945e+01	1.906163e-02
-1.176945e+01	1.934783e-02
-1.166945e+01	1.964078e-02
-1.156945e+01	1.994072e-02
-1.146945e+01	2.024787e-02
-1.136945e+01	2.056247e-02
-1.126945e+01	2.088478e-02
-1.116945e+01	2.121506e-02
-1.106945e+01	2.155358e-02
-1.096945e+01	2.190062e-02
-1.086945e+01	2.225649e-02
-1.076945e+01	2.262149e-02
-1.066945e+01	2.299596e-02
-1.056945e+01	2.338024e-02
-1.046945e+01	2.377467e-02
-1.036945e+01	2.417965e-02
-1.026945e+01	2.459555e-02
-1.016945e+01	2.502279e-02
-1.006945e+01	2.546181e-02
-9.969451e+00	2.591304e-02
-9.869451e+00	2.637698e-02
-9.769451e+00	2.685411e-02
-9.669451e+00	2.734497e-02
-9.569451e+00	2.785010e-02
-9.469451e+00	2.837008e-02
-9.369451e+00	2.890552e-02
-9.269451e+00	2.945708e-02
-9.169451e+00	3.002541e-02
-9.069451e+00	3.061125e-02
-8.969451e+00	3.121535e-02
-8.869451e+00	3.183850e-02
-8.769451e+00	3.248154e-02
-8.669451e+00	3.314537e-02
-8.569451e+00	3.383093e-02
-8.469451e+00	3.453921e-02
-8.369451e+00	3.527129e-02
-8.269451e+00	3.602828e-02
-8.169451e+00	3.681136e-02
-8.069451e+00	3.762182e-02
-7.969451e+00	3.846100e-02
-7.869451e+00	3.933032e-02
-7.769451e+00	4.023133e-02
-7.669451e+00	4.116564e-02
-7.569451e+00	4.213499e-02
-7.469451e+00	4.314125e-02
-7.369451e+00	4.418639e-02
-7.269451e+00	4.527255e-02
-7.169451e+00	4.640200e-02
-7.069451e+00	4.757718e-02
-6.969451e+00	4.880073e-02
-6.869451e+00	5.007546e-02
-6.769451e+00	5.140443e-02
-6.669451e+00	5.279089e-02
-6.569451e+00	5.423841e-02
-6.469451e+00	5.575080e-02
-6.369451e+00	5.733220e-02
-6.269451e+00	5.898712e-02
-6.169451e+00	6.072044e-02
-6.069451e+00	6.253746e-02
-5.969451e+00	6.444397e-02
-5.869451e+00	6.644628e-02
-5.769451e+00	6.855132e-02
-5.669451e+00	7.076665e-02
-5.569451e+00	7.310058e-02
-5.469451e+00	7.556227e-02
-5.369451e+00	7.816181e-02
-5.269451e+00	8.091036e-02
-5.169451e+00	8.382029e-02
-5.069451e+00	8.690535e-02
-4.969451e+00	9.018085e-02
-4.869451e+00	9.366392e-02
-4.769451e+00	9.737375e-02
-4.669451e+00	1.013319e-01
-4.569451e+00	1.055629e-01
-4.469451e+00	1.100942e-01
-4.369451e+00	1.149572e-01
-4.269451e+00	1.201880e-01
-4.169451e+00	1.258276e-01
-4.069451e+00	1.319237e-01
-3.969451e+00	1.385314e-01
-3.869451e+00	1.457148e-01
-3.769451e+00	1.535495e-01
-3.669451e+00	1.621245e-01
-3.569451e+00	1.715457e-01
-3.469451e+00	1.819403e-01
-3.369451e+00	1.934620e-01
-3.269451e+00	2.062983e-01
-3.169451e+00	2.206808e-01
-3.069451e+00	2.368981e-01
-2.969451e+00	2.553151e-01
-2.869451e+00	2.763990e-01
-2.769451e+00	3.007572e-01
-2.669451e+00	3.291936e-01
-2.569451e+00	3.627920e-01
-2.469451e+00	4.030449e-01
-2.369451e+00	4.520577e-01
-2.269451e+00	5.128797e-01
-2.169451e+00	5.900620e-01
-2.069451e+00	6.906243e-01
-1.969451e+00	8.257911e-01
-1.869451e+00	1.014191e+00
-1.769451e+00	1.287786e+00
-1.669451e+00	1.702209e+00
-1.569451e+00	2.349130e+00
-1.469451e+00	3.334655e+00
-1.369451e+00	4.554692e+00
-1.269451e+00	5.204839e+00
-1.169451e+00	4.585953e+00
-1.069451e+00	3.496315e+00
-9.694509e-01	2.682667e+00
-8.694509e-01	2.219316e+00
-7.694509e-01	2.006817e+00
-6.694509e-01	1.969854e+00
-5.694509e-01	2.074506e+00
-4.694509e-01	2.319089e+00
-3.694509e-01	2.730132e+00
-2.694509e-01	3.371782e+00
-1.694509e-01	4.367713e+00
-6.945093e-02	5.910463e+00
3.054907e-02	8.197460e+00
1.305491e-01	1.129359e+01
2.305491e-01	1.530689e+01
3.305491e-01	1.940658e+01
4.305491e-01	1.988361e+01
5.305491e-01	1.575157e+01
6.305491e-01	1.102139e+01
7.305491e-01	7.673338e+00
8.305491e-01	5.575028e+00
9.305491e-01	4.292910e+00
1.030549e+00	3.525048e+00
1.130549e+00	3.103140e+00
1.230549e+00	2.950647e+00
1.330549e+00	3.058870e+00
1.430549e+00	3.485136e+00
1.530549e+00	4.360916e+00
1.630549e+00	5.831509e+00
1.730549e+00	7.614493e+00
1.830549e+00	8.253430e+00
1.930549e+00	6.860514e+00
2.030549e+00	4.903587e+00
2.130549e+00	3.434191e+00
2.230549e+00	2.488235e+00
2.330549e+00	1.885445e+00
2.430549e+00	1.489383e+00
2.530549e+00	1.218382e+00
2.630549e+00	1.024727e+00
2.730549e+00	8.819376e-01
2.830549e+00	7.751500e-01
2.930549e+00	6.944041e-01
3.030549e+00	6.315683e-01
3.130549e+00	5.795726e-01
3.230549e+00	5.358819e-01
3.330549e+00	5.004509e-01
3.430549e+00	4.724276e-01
3.530549e+00	4.506678e-01
3.630549e+00	4.341571e-01
3.730549e+00	4.221496e-01
3.830549e+00	4.141559e-01
3.930549e+00	4.098942e-01
4.030549e+00	4.092610e-01
4.130549e+00	4.123244e-01
4.230549e+00	4.193306e-01
4.330549e+00	4.307264e-01
4.430549e+00	4.472888e-01
4.530549e+00	4.699251e-01
4.630549e+00	4.980222e-01
4.730549e+00	5.287763e-01
4.830549e+00	5.639596e-01
4.930549e+00	6.103954e-01
5.030549e+00	6.740207e-01
5.130549e+00	7.615070e-01
5.230549e+00	8.832328e-01
5.330549e+00	1.055088e+00
5.430549e+00	1.299200e+00
5.530549e+00	1.619981e+00
5.630549e+00	1.914061e+00
5.730549e+00	2.030630e+00
5.830549e+00	2.083473e+00
5.930549e+00	2.267222e+00
6.030549e+00	2.668376e+00
6.130549e+00	3.363694e+00
6.230549e+00	4.500936e+00
6.330549e+00	6.349306e+00
6.430549e+00	9.279290e+00
6.530549e+00	1.324664e+01
6.630549e+00	1.613010e+01
6.730549e+00	1.475624e+01
6.830549e+00	1.080771e+01
6.930549e+00	7.399167e+00
7.030549e+00	5.167391e+00
7.130549e+00	3.782963e+00
7.230549e+00	2.915431e+00
7.330549e+00	2.360914e+00
7.430549e+00	2.003943e+00
7.530549e+00	1.779853e+00
7.630549e+00	1.652951e+00
7.730549e+00	1.605222e+00
7.830549e+00	1.631066e+00
7.930549e+00	1.735819e+00
8.030549e+00	1.937461e+00
8.130549e+00	2.272261e+00
8.230549e+00	2.806788e+00
8.330549e+00	3.660755e+00
8.430549e+00	5.043285e+00
8.530549e+00	7.267911e+00
8.630549e+00	1.049331e+01
8.730549e+00	1.351740e+01
8.830549e+00	1.335904e+01
8.930549e+00	1.018891e+01
9.030549e+00	6.975012e+00
9.130549e+00	4.770996e+00
9.230549e+00	3.382385e+00
9.330549e+00	2.498907e+00
9.430549e+00	1.916728e+00
9.530549e+00	1.518164e+00
9.630549e+00	1.235823e+00
9.730549e+00	1.030262e+00
9.830549e+00	8.779125e-01
9.930549e+00	7.647104e-01
1.003055e+01	6.824258e-01
1.013055e+01	6.242790e-01
1.023055e+01	5.757974e-01
1.033055e+01	5.179722e-01
1.043055e+01	4.558182e-01
1.053055e+01	4.032037e-01
1.063055e+01	3.624294e-01
1.073055e+01	3.306596e-01
1.083055e+01	3.041294e-01
1.093055e+01	2.809050e-01
1.103055e+01	2.619266e-01
1.113055e+01	2.474651e-01
1.123055e+01	2.349050e-01
1.133055e+01	2.198959e-01
1.143055e+01	2.034657e-01
1.153055e+01	1.892602e-01
1.163055e+01	1.780711e-01
1.173055e+01	1.688063e-01
1.183055e+01	1.597369e-01
1.193055e+01	1.503161e-01
1.203055e+01	1.415347e-01
1.213055e+01	1.337464e-01
1.223055e+01	1.266858e-01
1.233055e+01	1.204251e-01
1.243055e+01	1.149991e-01
1.253055e+01	1.101509e-01
1.263055e+01	1.054656e-01
1.273055e+01	1.009253e-01
1.283055e+01	9.671447e-02
1.293055e+01	9.282073e-02
1.303055e+01	8.925970e-02
1.313055e+01	8.606022e-02
1.323055e+01	8.322126e-02
1.333055e+01	8.075519e-02
1.343055e+01	7.870719e-02
1.353055e+01	7.716713e-02
1.363055e+01	7.618778e-02
1.373055e+01	7.559025e-02
1.383055e+01	7.506762e-02
1.393055e+01	7.359623e-02
1.403055e+01	7.021607e-02
1.413055e+01	6.621864e-02
1.423055e+01	6.282219e-02
1.433055e+01	6.013963e-02
1.443055e+01	5.798830e-02
1.453055e+01	5.621380e-02
1.463055e+01	5.464837e-02
1.473055e+01	5.305662e-02
1.483055e+01	5.140362e-02
1.493055e+01	4.984214e-02
1.503055e+01	4.842285e-02
1.513055e+01	4.712443e-02
1.523055e+01	4.592065e-02
1.533055e+01	4.479344e-02
1.543055e+01	4.373118e-02
1.553055e+01	4.272624e-02
1.563055e+01	4.177338e-02
1.573055e+01	4.086891e-02
1.583055e+01	4.001018e-02
1.593055e+01	3.919534e-02
1.603055e+01	3.842318e-02
1.613055e+01	3.769314e-02
1.623055e+01	3.700527e-02
1.633055e+01	3.636032e-02
1.643055e+01	3.575987e-02
1.653055e+01	3.520652e-02
1.663055e+01	3.470425e-02
1.673055e+01	3.425885e-02
1.683055e+01	3.387871e-02
1.693055e+01	3.357591e-02
1.703055e+01	3.336807e-02
1.713055e+01	3.328130e-02
1.723055e+01	3.335513e-02
1.733055e+01	3.365116e-02
1.743055e+01	3.426849e-02
1.753055e+01	3.537212e-02
1.763055e+01	3.724557e-02
1.773055e+01	4.038250e-02
1.783055e+01	4.559706e-02
1.793055e+01	5.383986e-02
1.803055e+01	6.427700e-02
1.813055e+01	7.022889e-02
1.823055e+01	6.567751e-02
1.833055e+01	5.595075e-02
1.843055e+01	4.732197e-02
1.853055e+01	4.163798e-02
1.863055e+01	3.844155e-02
1.873055e+01	3.702979e-02
1.883055e+01	3.703676e-02
1.893055e+01	3.845465e-02
1.903055e+01	4.162720e-02
1.913055e+01	4.724501e-02
1.923055e+01	5.592300e-02
1.933055e+01	6.675624e-02
1.943055e+01	7.841552e-02
1.953055e+01	9.245505e-02
1.963055e+01	1.037234e-01
1.973055e+01	1.006248e-01
1.983055e+01	8.390090e-02
1.993055e+01	6.514907e-02
2.003055e+01	5.119045e-02
2.013055e+01	4.185221e-02
2.023055e+01	3.558967e-02
2.033055e+01	3.135595e-02
2.043055e+01	2.844518e-02
2.053055e+01	2.640099e-02
2.063055e+01	2.495108e-02
2.073055e+01	2.394532e-02
2.083055e+01	2.330724e-02
2.093055e+01	2.301937e-02
2.103055e+01	2.312537e-02
2.113055e+01	2.374841e-02
2.123055e+01	2.512383e-02
2.133055e+01	2.761783e-02
2.143055e+01	3.160317e-02
2.153055e+01	3.638388e-02
2.163055e+01	3.834445e-02
2.173055e+01	3.552967e-02
2.183055e+01	3.136423e-02
2.193055e+01	2.825647e-02
2.203055e+01	2.681665e-02
2.213055e+01	2.659618e-02
2.223055e+01	2.582426e-02
2.233055e+01	2.344191e-02
2.243055e+01	2.078470e-02
2.253055e+01	1.878390e-02
2.263055e+01	1.741084e-02
2.273055e+01	1.644744e-02
2.283055e+01	1.573178e-02
2.293055e+01	1.517453e-02
2.303055e+01	1.472562e-02
2.313055e+01	1.435366e-02
2.323055e+01	1.403946e-02
2.333055e+01	1.376995e-02
2.343055e+01	1.353638e-02
2.353055e+01	1.333358e-02
2.363055e+01	1.315937e-02
2.373055e+01	1.301465e-02
2.383055e+01	1.290425e-02
2.393055e+01	1.283845e-02
2.403055e+01	1.283242e-02
2.413055e+01	1.288774e-02
2.423055e+01	1.293850e-02
2.433055e+01	1.290192e-02
2.443055e+01	1.285128e-02
2.453055e+01	1.288412e-02
2.463055e+01	1.298138e-02
2.473055e+01	1.294603e-02
2.483055e+01	1.271383e-02
2.493055e+01	1.250996e-02
2.503055e+01	1.247245e-02
2.513055e+01	1.261884e-02
2.523055e+01	1.286467e-02
2.533055e+01	1.295536e-02
2.543055e+01	1.277519e-02
2.553055e+01	1.258324e-02
2.563055e+01	1.256450e-02
2.573055e+01	1.275866e-02
2.583055e+01	1.319926e-02
2.593055e+01	1.397843e-02
2.603055e+01	1.528761e-02
2.613055e+01	1.738088e-02
2.623055e+01	2.018041e-02
2.633055e+01	2.219274e-02
2.643055e+01	2.159333e-02
2.653055e+01	1.986036e-02
2.663055e+01	1.897966e-02
2.673055e+01	1.900113e-02
2.683055e+01	1.873058e-02
2.693055e+01	1.771128e-02
2.703055e+01	1.688359e-02
2.713055e+01	1.678088e-02
2.723055e+01	1.747803e-02
2.733055e+01	1.903677e-02
2.743055e+01	2.160408e-02
2.753055e+01	2.527755e-02
2.763055e+01	2.992035e-02
2.773055e+01	3.503235e-02
2.783055e+01	3.834164e-02
2.793055e+01	3.826287e-02
2.803055e+01	3.732392e-02
2.813055e+01	3.852904e-02
2.823055e+01	4.340263e-02
2.833055e+01	5.008858e-02
2.843055e+01	5.348703e-02
2.853055e+01	5.183480e-02
2.863055e+01	4.999799e-02
2.873055e+01	5.129867e-02
2.883055e+01	5.148337e-02
2.893055e+01	4.477547e-02
2.903055e+01	3.513678e-02
2.913055e+01	2.764834e-02
2.923055e+01	2.293598e-02
2.933055e+01	2.021365e-02
2.943055e+01	1.869524e-02
2.953055e+01	1.800128e-02
2.963055e+01	1.805540e-02
2.973055e+01	1.878184e-02
2.983055e+01	2.047487e-02
2.993055e+01	2.382038e-02
3.003055e+01	2.864355e-02
3.013055e+01	3.161815e-02
3.023055e+01	2.896999e-02
3.033055e+01	2.368830e-02
3.043055e+01	1.936446e-02
3.053055e+01	1.644322e-02
3.063055e+01	1.463913e-02
3.073055e+01	1.364827e-02
3.083055e+01	1.303411e-02
3.093055e+01	1.238477e-02
3.103055e+01	1.172838e-02
3.113055e+01	1.127523e-02
3.123055e+01	1.109419e-02
3.133055e+01	1.120279e-02
3.143055e+01	1.163077e-02
3.153055e+01	1.244631e-02
3.163055e+01	1.377374e-02
3.173055e+01	1.586472e-02
3.183055e+01	1.922047e-02
3.193055e+01	2.455773e-02
3.203055e+01	3.217945e-02
3.213055e+01	4.004892e-02
3.223055e+01	4.215193e-02
3.233055e+01	3.614045e-02
3.243055e+01	2.779539e-02
3.253055e+01	2.127744e-02
3.263055e+01	1.701904e-02
3.273055e+01	1.437183e-02
3.283055e+01	1.273266e-02
3.293055e+01	1.172099e-02
3.303055e+01	1.119601e-02
3.313055e+01	1.110317e-02
3.323055e+01	1.129729e-02
3.333055e+01	1.142353e-02
3.343055e+01	1.135125e-02
3.353055e+01	1.145295e-02
3.363055e+01	1.177023e-02
3.373055e+01	1.211851e-02
3.383055e+01	1.264984e-02
3.393055e+01	1.345210e-02
3.403055e+01	1.488561e-02
3.413055e+01	1.739657e-02
3.423055e+01	2.025493e-02
3.433055e+01	2.133102e-02
3.443055e+01	2.055480e-02
3.453055e+01	1.954885e-02
3.463055e+01	1.793063e-02
3.473055e+01	1.529924e-02
3.483055e+01	1.286697e-02
3.493055e+01	1.135438e-02
3.503055e+01	1.073151e-02
3.513055e+01	1.090678e-02
3.523055e+01	1.187327e-02
3.533055e+01	1.335367e-02
3.543055e+01	1.405447e-02
3.553055e+01	1.279516e-02
3.563055e+01	1.077248e-02
3.573055e+01	9.225219e-03
3.583055e+01	8.300908e-03
3.593055e+01	7.854719e-03
3.603055e+01	7.798925e-03
3.613055e+01	8.143803e-03
3.623055e+01	8.946654e-03
3.633055e+01	1.003579e-02
3.643055e+01	1.049500e-02
3.653055e+01	9.614396e-03
3.663055e+01	8.287240e-03
3.673055e+01	7.284070e-03
3.683055e+01	6.666467e-03
3.693055e+01	6.320346e-03
3.703055e+01	6.162506e-03
3.713055e+01	6.162086e-03
3.723055e+01	6.314877e-03
3.733055e+01	6.637168e-03
3.743055e+01	7.183545e-03
3.753055e+01	8.060080e-03
3.763055e+01	9.360429e-03
3.773055e+01	1.100625e-02
3.783055e+01	1.202169e-02
3.793055e+01	1.110086e-02
3.803055e+01	9.189966e-03
3.813055e+01	7.617502e-03
3.823055e+01	6.593895e-03
3.833055e+01	5.949547e-03
3.843055e+01	5.536217e-03
3.853055e+01	5.256560e-03
3.863055e+01	5.056019e-03
3.873055e+01	4.923182e-03
3.883055e+01	4.857598e-03
3.893055e+01	4.852490e-03
3.903055e+01	4.867253e-03
3.913055e+01	4.825309e-03
3.923055e+01	4.732289e-03
3.933055e+01	4.649277e-03
3.943055e+01	4.600698e-03
3.953055e+01	4.589466e-03
3.963055e+01	4.612430e-03
3.973055e+01	4.667561e-03
3.983055e+01	4.755934e-03
3.993055e+01	4.883816e-03
4.003055e+01	5.062180e-03
4.013055e+01	5.305227e-03
4.023055e+01	5.641494e-03
4.033055e+01	6.119320e-03
4.043055e+01	6.728929e-03
4.053055e+01	7.261244e-03
4.063055e+01	7.563260e-03
4.073055e+01	7.929019e-03
4.083055e+01	8.645496e-03
4.093055e+01	9.781285e-03
4.103055e+01	1.136637e-02
4.113055e+01	1.375307e-02
4.123055e+01	1.766566e-02
4.133055e+01	2.407158e-02
4.143055e+01	3.367229e-02
4.153055e+01	4.380025e-02
4.163055e+01	4.555185e-02
4.173055e+01	3.701798e-02
4.183055e+01	2.721256e-02
4.193055e+01	2.028903e-02
4.203055e+01	1.592978e-02
4.213055e+01	1.329983e-02
4.223055e+01	1.158237e-02
4.233055e+01	1.033523e-02
4.243055e+01	9.409381e-03
4.253055e+01	8.490276e-03
4.263055e+01	7.464740e-03
4.273055e+01	6.524267e-03
4.283055e+01	5.785481e-03
4.293055e+01	5.242676e-03
4.303055e+01	4.848840e-03
4.313055e+01	4.558466e-03
4.323055e+01	4.340359e-03
4.333055e+01	4.175787e-03
4.343055e+01	4.052243e-03
4.353055e+01	3.960036e-03
4.363055e+01	3.895208e-03
4.373055e+01	3.861670e-03
4.383055e+01	3.866723e-03
4.393055e+01	3.922756e-03
4.403055e+01	4.052467e-03
4.413055e+01	4.291448e-03
4.423055e+01	4.667627e-03
4.433055e+01	5.124915e-03
4.443055e+01	5.561897e-03
4.453055e+01	5.986123e-03
4.463055e+01	6.095211e-03
4.473055e+01	5.624747e-03
4.483055e+01	4.985590e-03
4.493055e+01	4.444493e-03
4.503055e+01	4.042973e-03
4.513055e+01	3.781240e-03
4.523055e+01	3.627435e-03
4.533055e+01	3.553704e-03
4.543055e+01	3.547557e-03
4.553055e+01	3.607581e-03
4.563055e+01	3.738111e-03
4.573055e+01	3.962057e-03
4.583055e+01	4.331140e-03
4.593055e+01	4.899888e-03
4.603055e+01	5.548569e-03
4.613055e+01	5.725965e-03
4.623055e+01	5.193985e-03
4.633055e+01	4.522372e-03
4.643055e+01	4.047773e-03
4.653055e+01	3.754458e-03
4.663055e+01	3.559006e-03
4.673055e+01	3.413088e-03
4.683055e+01	3.311552e-03
4.693055e+01	3.252187e-03
4.703055e+01	3.229228e-03
4.713055e+01	3.236662e-03
4.723055e+01	3.273423e-03
4.733055e+01	3.348418e-03
4.743055e+01	3.476857e-03
4.753055e+01	3.681353e-03
4.763055e+01	3.997385e-03
4.773055e+01	4.466063e-03
4.783055e+01	5.055199e-03
4.793055e+01	5.477666e-03
4.803055e+01	5.487121e-03
4.813055e+01	5.415359e-03
4.823055e+01	5.602704e-03
4.833055e+01	6.172922e-03
4.843055e+01	7.249735e-03
4.853055e+01	9.080075e-03
4.863055e+01	1.206612e-02
4.873055e+01	1.645705e-02
4.883055e+01	2.082637e-02
4.893055e+01	2.128317e-02
4.903055e+01	1.770307e-02
4.913055e+01	1.380280e-02
4.923055e+01	1.078761e-02
4.933055e+01	8.570042e-03
4.943055e+01	7.001826e-03
4.953055e+01	5.871617e-03
4.963055e+01	5.070800e-03
4.973055e+01	4.540530e-03
4.983055e+01	4.200757e-03
4.993055e+01	3.991713e-03
5.003055e+01	3.875389e-03
5.013055e+01	3.782328e-03
5.023055e+01	3.684180e-03
5.033055e+01	3.576221e-03
5.043055e+01	3.477756e-03
5.053055e+01	3.461359e-03
5.063055e+01	3.583994e-03
5.073055e+01	3.836319e-03
5.083055e+01	4.011057e-03
5.093055e+01	3.834875e-03
5.103055e+01	3.476607e-03
5.113055e+01	3.205722e-03
5.123055e+01	3.083330e-03
5.133055e+01	3.100917e-03
5.143055e+01	3.244651e-03
5.153055e+01	3.422715e-03
5.163055e+01	3.401136e-03
5.173055e+01	3.149935e-03
5.183055e+01	2.893626e-03
5.193055e+01	2.718514e-03
5.203055e+01	2.596461e-03
5.213055e+01	2.511440e-03
5.223055e+01	2.466968e-03
5.233055e+01	2.462830e-03
5.243055e+01	2.501188e-03
5.253055e+01	2.593306e-03
5.263055e+01	2.762654e-03
5.273055e+01	3.034350e-03
5.283055e+01	3.364536e-03
5.293055e+01	3.538136e-03
5.303055e+01	3.457736e-03
5.313055e+01	3.372863e-03
5.323055e+01	3.457987e-03
5.333055e+01	3.746245e-03
5.343055e+01	4.203599e-03
5.353055e+01	4.574997e-03
5.363055e+01	4.419985e-03
5.373055e+01	3.898749e-03
5.383055e+01	3.407768e-03
5.393055e+01	2.996108e-03
5.403055e+01	2.668314e-03
5.413055e+01	2.438045e-03
5.423055e+01	2.284573e-03
5.433055e+01	2.180658e-03
5.443055e+01	2.107505e-03
5.453055e+01	2.055668e-03
5.463055e+01	2.020563e-03
5.473055e+01	1.999426e-03
5.483055e+01	1.992772e-03
5.493055e+01	2.004018e-03
5.503055e+01	2.035106e-03
5.513055e+01	2.078425e-03
5.523055e+01	2.119461e-03
5.533055e+01	2.141709e-03
5.543055e+01	2.111757e-03
5.553055e+01	2.036052e-03
5.563055e+01	1.959682e-03
5.573055e+01	1.904648e-03
5.583055e+01	1.870648e-03
5.593055e+01	1.853574e-03
5.603055e+01	1.847406e-03
5.613055e+01	1.839523e-03
5.623055e+01	1.822313e-03
5.633055e+01	1.803489e-03
5.643055e+01	1.787022e-03
5.653055e+01	1.772448e-03
5.663055e+01	1.760988e-03
5.673055e+01	1.753224e-03
5.683055e+01	1.748310e-03
5.693055e+01	1.745429e-03
5.703055e+01	1.744501e-03
5.713055e+01	1.745599e-03
5.723055e+01	1.748486e-03
5.733055e+01	1.752305e-03
5.743055e+01	1.756765e-03
5.753055e+01	1.763046e-03
5.763055e+01	1.771804e-03
5.773055e+01	1.782310e-03
5.783055e+01	1.793614e-03
5.793055e+01	1.804992e-03
5.803055e+01	1.816588e-03
5.813055e+01	1.830623e-03
5.823055e+01	1.848474e-03
5.833055e+01	1.870573e-03
5.843055e+01	1.897349e-03
5.853055e+01	1.929528e-03
5.863055e+01	1.968198e-03
5.873055e+01	2.014572e-03
5.883055e+01	2.069155e-03
5.893055e+01	2.131964e-03
5.903055e+01	2.206002e-03
5.913055e+01	2.298114e-03
5.923055e+01	2.416865e-03
5.933055e+01	2.573956e-03
5.943055e+01	2.788263e-03
5.953055e+01	3.089146e-03
5.963055e+01	3.506130e-03
5.973055e+01	3.996036e-03
5.983055e+01	4.344270e-03
5.993055e+01	4.473428e-03
6.003055e+01	4.653569e-03
6.013055e+01	5.080137e-03
6.023055e+01	5.841273e-03
6.033055e+01	7.053844e-03
6.043055e+01	8.872346e-03
6.053055e+01	1.131286e-02
6.063055e+01	1.399543e-02
6.073055e+01	1.692735e-02
6.083055e+01	2.159786e-02
6.093055e+01	2.908952e-02
6.103055e+01	3.661495e-02
6.113055e+01	3.647198e-02
6.123055e+01	2.849320e-02
6.133055e+01	2.024540e-02
6.143055e+01	1.457026e-02
6.153055e+01	1.097805e-02
6.163055e+01	8.763013e-03
6.173055e+01	7.488412e-03
6.183055e+01	6.892561e-03
6.193055e+01	6.771292e-03
6.203055e+01	6.872359e-03
6.213055e+01	6.846815e-03
6.223055e+01	6.533834e-03
6.233055e+01	6.240143e-03
6.243055e+01	5.848870e-03
6.253055e+01	5.103326e-03
6.263055e+01	4.316541e-03
6.273055e+01	3.730763e-03
6.283055e+01	3.358715e-03
6.293055e+01	3.137361e-03
6.303055e+01	2.978101e-03
6.313055e+01	2.843466e-03
6.323055e+01	2.766946e-03
6.333055e+01	2.772227e-03
6.343055e+01	2.873442e-03
6.353055e+01	3.093965e-03
6.363055e+01	3.442999e-03
6.373055e+01	3.830865e-03
6.383055e+01	4.087586e-03
6.393055e+01	4.257415e-03
6.403055e+01	4.573225e-03
6.413055e+01	5.203227e-03
6.423055e+01	6.288642e-03
6.433055e+01	7.805610e-03
6.443055e+01	8.923844e-03
6.453055e+01	8.413142e-03
6.463055e+01	6.947322e-03
6.473055e+01	5.821073e-03
6.483055e+01	5.324332e-03
6.493055e+01	5.369318e-03
6.503055e+01	5.866519e-03
6.513055e+01	6.610223e-03
6.523055e+01	7.096784e-03
6.533055e+01	6.873082e-03
6.543055e+01	6.208957e-03
6.553055e+01	5.266870e-03
6.563055e+01	4.270165e-03
6.573055e+01	3.499890e-03
6.583055e+01	2.961582e-03
6.593055e+01	2.589276e-03
6.603055e+01	2.337183e-03
6.613055e+01	2.157195e-03
6.623055e+01	2.020815e-03
6.633055e+01	1.923048e-03
6.643055e+01	1.859726e-03
6.653055e+01	1.825661e-03
6.663055e+01	1.818981e-03
6.673055e+01	1.840459e-03
6.683055e+01	1.895959e-03
6.693055e+01	2.001668e-03
6.703055e+01	2.188574e-03
6.713055e+01	2.505750e-03
6.723055e+01	3.001399e-03
6.733055e+01	3.585233e-03
6.743055e+01	3.809929e-03
6.753055e+01	3.427161e-03
6.763055e+01	2.892832e-03
6.773055e+01	2.516816e-03
6.783055e+01	2.307479e-03
6.793055e+01	2.223449e-03
6.803055e+01	2.250614e-03
6.813055e+01	2.398361e-03
6.823055e+01	2.703667e-03
6.833055e+01	3.240919e-03
6.843055e+01	4.086955e-03
6.853055e+01	5.074127e-03
6.863055e+01	5.429931e-03
6.873055e+01	4.765995e-03
6.883055e+01	3.861825e-03
6.893055e+01	3.253837e-03
6.903055e+01	2.968419e-03
6.913055e+01	2.889878e-03
6.923055e+01	2.948575e-03
6.933055e+01	3.212820e-03
6.943055e+01	3.700629e-03
6.953055e+01	4.054626e-03
6.963055e+01	3.749396e-03
6.973055e+01	3.054801e-03
6.983055e+01	2.464957e-03
6.993055e+01	2.070179e-03
