#RPA-results:
#Nucleus: Ni 74
#Fermi level: -4.992964e+00	-1.506242e+01
#Excitation: 1 +
#Total number of pairs: 1032
#Number of ph-/ah-pairs: 1032/0
#Maximal excitation-energy for particle-hole-pairs: 100
#Maximal excitation-energy for antiparticle-hole-pairs: 1000
#No imaginary eigenvalues

#Parameterset: DD-PC1
#natural parity: no
#Isoscalar result:

#width: 5.000000e-01
#maximum value: 1.897758e-03
#at energy: 6.993055e+01
-9.006945e+01	4.694924e-04
-8.996945e+01	4.705100e-04
-8.986945e+01	4.715310e-04
-8.976945e+01	4.725553e-04
-8.966945e+01	4.735829e-04
-8.956945e+01	4.746139e-04
-8.946945e+01	4.756483e-04
-8.936945e+01	4.766861e-04
-8.926945e+01	4.777273e-04
-8.916945e+01	4.787719e-04
-8.906945e+01	4.798200e-04
-8.896945e+01	4.808715e-04
-8.886945e+01	4.819264e-04
-8.876945e+01	4.829849e-04
-8.866945e+01	4.840468e-04
-8.856945e+01	4.851123e-04
-8.846945e+01	4.861813e-04
-8.836945e+01	4.872538e-04
-8.826945e+01	4.883299e-04
-8.816945e+01	4.894095e-04
-8.806945e+01	4.904928e-04
-8.796945e+01	4.915797e-04
-8.786945e+01	4.926702e-04
-8.776945e+01	4.937643e-04
-8.766945e+01	4.948621e-04
-8.756945e+01	4.959635e-04
-8.746945e+01	4.970687e-04
-8.736945e+01	4.981776e-04
-8.726945e+01	4.992901e-04
-8.716945e+01	5.004064e-04
-8.706945e+01	5.015265e-04
-8.696945e+01	5.026504e-04
-8.686945e+01	5.037780e-04
-8.676945e+01	5.049094e-04
-8.666945e+01	5.060447e-04
-8.656945e+01	5.071838e-04
-8.646945e+01	5.083268e-04
-8.636945e+01	5.094736e-04
-8.626945e+01	5.106243e-04
-8.616945e+01	5.117790e-04
-8.606945e+01	5.129376e-04
-8.596945e+01	5.141001e-04
-8.586945e+01	5.152666e-04
-8.576945e+01	5.164370e-04
-8.566945e+01	5.176115e-04
-8.556945e+01	5.187900e-04
-8.546945e+01	5.199725e-04
-8.536945e+01	5.211591e-04
-8.526945e+01	5.223498e-04
-8.516945e+01	5.235445e-04
-8.506945e+01	5.247434e-04
-8.496945e+01	5.259464e-04
-8.486945e+01	5.271535e-04
-8.476945e+01	5.283649e-04
-8.466945e+01	5.295804e-04
-8.456945e+01	5.308001e-04
-8.446945e+01	5.320240e-04
-8.436945e+01	5.332522e-04
-8.426945e+01	5.344847e-04
-8.416945e+01	5.357214e-04
-8.406945e+01	5.369625e-04
-8.396945e+01	5.382078e-04
-8.386945e+01	5.394576e-04
-8.376945e+01	5.407117e-04
-8.366945e+01	5.419701e-04
-8.356945e+01	5.432330e-04
-8.346945e+01	5.445004e-04
-8.336945e+01	5.457721e-04
-8.326945e+01	5.470484e-04
-8.316945e+01	5.483291e-04
-8.306945e+01	5.496143e-04
-8.296945e+01	5.509041e-04
-8.286945e+01	5.521984e-04
-8.276945e+01	5.534974e-04
-8.266945e+01	5.548009e-04
-8.256945e+01	5.561090e-04
-8.246945e+01	5.574218e-04
-8.236945e+01	5.587392e-04
-8.226945e+01	5.600613e-04
-8.216945e+01	5.613882e-04
-8.206945e+01	5.627197e-04
-8.196945e+01	5.640560e-04
-8.186945e+01	5.653971e-04
-8.176945e+01	5.667430e-04
-8.166945e+01	5.680937e-04
-8.156945e+01	5.694493e-04
-8.146945e+01	5.708097e-04
-8.136945e+01	5.721751e-04
-8.126945e+01	5.735453e-04
-8.116945e+01	5.749205e-04
-8.106945e+01	5.763006e-04
-8.096945e+01	5.776857e-04
-8.086945e+01	5.790759e-04
-8.076945e+01	5.804711e-04
-8.066945e+01	5.818713e-04
-8.056945e+01	5.832766e-04
-8.046945e+01	5.846870e-04
-8.036945e+01	5.861026e-04
-8.026945e+01	5.875233e-04
-8.016945e+01	5.889492e-04
-8.006945e+01	5.903804e-04
-7.996945e+01	5.918167e-04
-7.986945e+01	5.932583e-04
-7.976945e+01	5.947052e-04
-7.966945e+01	5.961574e-04
-7.956945e+01	5.976150e-04
-7.946945e+01	5.990779e-04
-7.936945e+01	6.005462e-04
-7.926945e+01	6.020199e-04
-7.916945e+01	6.034991e-04
-7.906945e+01	6.049837e-04
-7.896945e+01	6.064739e-04
-7.886945e+01	6.079695e-04
-7.876945e+01	6.094708e-04
-7.866945e+01	6.109776e-04
-7.856945e+01	6.124900e-04
-7.846945e+01	6.140080e-04
-7.836945e+01	6.155317e-04
-7.826945e+01	6.170611e-04
-7.816945e+01	6.185962e-04
-7.806945e+01	6.201371e-04
-7.796945e+01	6.216838e-04
-7.786945e+01	6.232362e-04
-7.776945e+01	6.247945e-04
-7.766945e+01	6.263587e-04
-7.756945e+01	6.279287e-04
-7.746945e+01	6.295047e-04
-7.736945e+01	6.310866e-04
-7.726945e+01	6.326746e-04
-7.716945e+01	6.342685e-04
-7.706945e+01	6.358685e-04
-7.696945e+01	6.374746e-04
-7.686945e+01	6.390867e-04
-7.676945e+01	6.407050e-04
-7.666945e+01	6.423295e-04
-7.656945e+01	6.439602e-04
-7.646945e+01	6.455971e-04
-7.636945e+01	6.472403e-04
-7.626945e+01	6.488898e-04
-7.616945e+01	6.505456e-04
-7.606945e+01	6.522078e-04
-7.596945e+01	6.538763e-04
-7.586945e+01	6.555513e-04
-7.576945e+01	6.572328e-04
-7.566945e+01	6.589207e-04
-7.556945e+01	6.606152e-04
-7.546945e+01	6.623163e-04
-7.536945e+01	6.640239e-04
-7.526945e+01	6.657382e-04
-7.516945e+01	6.674591e-04
-7.506945e+01	6.691867e-04
-7.496945e+01	6.709211e-04
-7.486945e+01	6.726622e-04
-7.476945e+01	6.744101e-04
-7.466945e+01	6.761649e-04
-7.456945e+01	6.779266e-04
-7.446945e+01	6.796951e-04
-7.436945e+01	6.814707e-04
-7.426945e+01	6.832532e-04
-7.416945e+01	6.850427e-04
-7.406945e+01	6.868393e-04
-7.396945e+01	6.886429e-04
-7.386945e+01	6.904537e-04
-7.376945e+01	6.922717e-04
-7.366945e+01	6.940969e-04
-7.356945e+01	6.959293e-04
-7.346945e+01	6.977691e-04
-7.336945e+01	6.996161e-04
-7.326945e+01	7.014705e-04
-7.316945e+01	7.033323e-04
-7.306945e+01	7.052016e-04
-7.296945e+01	7.070783e-04
-7.286945e+01	7.089626e-04
-7.276945e+01	7.108544e-04
-7.266945e+01	7.127539e-04
-7.256945e+01	7.146609e-04
-7.246945e+01	7.165757e-04
-7.236945e+01	7.184982e-04
-7.226945e+01	7.204284e-04
-7.216945e+01	7.223665e-04
-7.206945e+01	7.243124e-04
-7.196945e+01	7.262662e-04
-7.186945e+01	7.282280e-04
-7.176945e+01	7.301977e-04
-7.166945e+01	7.321755e-04
-7.156945e+01	7.341613e-04
-7.146945e+01	7.361553e-04
-7.136945e+01	7.381574e-04
-7.126945e+01	7.401677e-04
-7.116945e+01	7.421862e-04
-7.106945e+01	7.442131e-04
-7.096945e+01	7.462482e-04
-7.086945e+01	7.482918e-04
-7.076945e+01	7.503438e-04
-7.066945e+01	7.524043e-04
-7.056945e+01	7.544733e-04
-7.046945e+01	7.565508e-04
-7.036945e+01	7.586370e-04
-7.026945e+01	7.607319e-04
-7.016945e+01	7.628354e-04
-7.006945e+01	7.649478e-04
-6.996945e+01	7.670689e-04
-6.986945e+01	7.691989e-04
-6.976945e+01	7.713378e-04
-6.966945e+01	7.734857e-04
-6.956945e+01	7.756426e-04
-6.946945e+01	7.778085e-04
-6.936945e+01	7.799836e-04
-6.926945e+01	7.821678e-04
-6.916945e+01	7.843613e-04
-6.906945e+01	7.865640e-04
-6.896945e+01	7.887760e-04
-6.886945e+01	7.909974e-04
-6.876945e+01	7.932282e-04
-6.866945e+01	7.954685e-04
-6.856945e+01	7.977184e-04
-6.846945e+01	7.999778e-04
-6.836945e+01	8.022469e-04
-6.826945e+01	8.045256e-04
-6.816945e+01	8.068142e-04
-6.806945e+01	8.091125e-04
-6.796945e+01	8.114207e-04
-6.786945e+01	8.137388e-04
-6.776945e+01	8.160669e-04
-6.766945e+01	8.184050e-04
-6.756945e+01	8.207533e-04
-6.746945e+01	8.231116e-04
-6.736945e+01	8.254802e-04
-6.726945e+01	8.278591e-04
-6.716945e+01	8.302483e-04
-6.706945e+01	8.326479e-04
-6.696945e+01	8.350579e-04
-6.686945e+01	8.374785e-04
-6.676945e+01	8.399096e-04
-6.666945e+01	8.423513e-04
-6.656945e+01	8.448038e-04
-6.646945e+01	8.472670e-04
-6.636945e+01	8.497411e-04
-6.626945e+01	8.522260e-04
-6.616945e+01	8.547219e-04
-6.606945e+01	8.572288e-04
-6.596945e+01	8.597467e-04
-6.586945e+01	8.622759e-04
-6.576945e+01	8.648162e-04
-6.566945e+01	8.673678e-04
-6.556945e+01	8.699308e-04
-6.546945e+01	8.725052e-04
-6.536945e+01	8.750910e-04
-6.526945e+01	8.776884e-04
-6.516945e+01	8.802975e-04
-6.506945e+01	8.829182e-04
-6.496945e+01	8.855507e-04
-6.486945e+01	8.881950e-04
-6.476945e+01	8.908512e-04
-6.466945e+01	8.935194e-04
-6.456945e+01	8.961996e-04
-6.446945e+01	8.988920e-04
-6.436945e+01	9.015965e-04
-6.426945e+01	9.043133e-04
-6.416945e+01	9.070425e-04
-6.406945e+01	9.097840e-04
-6.396945e+01	9.125381e-04
-6.386945e+01	9.153047e-04
-6.376945e+01	9.180840e-04
-6.366945e+01	9.208760e-04
-6.356945e+01	9.236808e-04
-6.346945e+01	9.264985e-04
-6.336945e+01	9.293291e-04
-6.326945e+01	9.321728e-04
-6.316945e+01	9.350296e-04
-6.306945e+01	9.378995e-04
-6.296945e+01	9.407828e-04
-6.286945e+01	9.436794e-04
-6.276945e+01	9.465895e-04
-6.266945e+01	9.495131e-04
-6.256945e+01	9.524503e-04
-6.246945e+01	9.554013e-04
-6.236945e+01	9.583660e-04
-6.226945e+01	9.613445e-04
-6.216945e+01	9.643371e-04
-6.206945e+01	9.673436e-04
-6.196945e+01	9.703643e-04
-6.186945e+01	9.733993e-04
-6.176945e+01	9.764485e-04
-6.166945e+01	9.795122e-04
-6.156945e+01	9.825903e-04
-6.146945e+01	9.856831e-04
-6.136945e+01	9.887905e-04
-6.126945e+01	9.919126e-04
-6.116945e+01	9.950497e-04
-6.106945e+01	9.982017e-04
-6.096945e+01	1.001369e-03
-6.086945e+01	1.004551e-03
-6.076945e+01	1.007748e-03
-6.066945e+01	1.010961e-03
-6.056945e+01	1.014190e-03
-6.046945e+01	1.017433e-03
-6.036945e+01	1.020693e-03
-6.026945e+01	1.023968e-03
-6.016945e+01	1.027259e-03
-6.006945e+01	1.030566e-03
-5.996945e+01	1.033889e-03
-5.986945e+01	1.037228e-03
-5.976945e+01	1.040584e-03
-5.966945e+01	1.043956e-03
-5.956945e+01	1.047344e-03
-5.946945e+01	1.050749e-03
-5.936945e+01	1.054171e-03
-5.926945e+01	1.057609e-03
-5.916945e+01	1.061064e-03
-5.906945e+01	1.064537e-03
-5.896945e+01	1.068026e-03
-5.886945e+01	1.071533e-03
-5.876945e+01	1.075057e-03
-5.866945e+01	1.078599e-03
-5.856945e+01	1.082158e-03
-5.846945e+01	1.085735e-03
-5.836945e+01	1.089330e-03
-5.826945e+01	1.092942e-03
-5.816945e+01	1.096573e-03
-5.806945e+01	1.100222e-03
-5.796945e+01	1.103890e-03
-5.786945e+01	1.107575e-03
-5.776945e+01	1.111280e-03
-5.766945e+01	1.115003e-03
-5.756945e+01	1.118744e-03
-5.746945e+01	1.122505e-03
-5.736945e+01	1.126285e-03
-5.726945e+01	1.130084e-03
-5.716945e+01	1.133903e-03
-5.706945e+01	1.137740e-03
-5.696945e+01	1.141598e-03
-5.686945e+01	1.145475e-03
-5.676945e+01	1.149372e-03
-5.666945e+01	1.153289e-03
-5.656945e+01	1.157226e-03
-5.646945e+01	1.161184e-03
-5.636945e+01	1.165162e-03
-5.626945e+01	1.169160e-03
-5.616945e+01	1.173179e-03
-5.606945e+01	1.177219e-03
-5.596945e+01	1.181280e-03
-5.586945e+01	1.185363e-03
-5.576945e+01	1.189466e-03
-5.566945e+01	1.193591e-03
-5.556945e+01	1.197737e-03
-5.546945e+01	1.201906e-03
-5.536945e+01	1.206096e-03
-5.526945e+01	1.210308e-03
-5.516945e+01	1.214542e-03
-5.506945e+01	1.218799e-03
-5.496945e+01	1.223078e-03
-5.486945e+01	1.227380e-03
-5.476945e+01	1.231705e-03
-5.466945e+01	1.236053e-03
-5.456945e+01	1.240423e-03
-5.446945e+01	1.244818e-03
-5.436945e+01	1.249235e-03
-5.426945e+01	1.253677e-03
-5.416945e+01	1.258142e-03
-5.406945e+01	1.262631e-03
-5.396945e+01	1.267145e-03
-5.386945e+01	1.271682e-03
-5.376945e+01	1.276245e-03
-5.366945e+01	1.280832e-03
-5.356945e+01	1.285444e-03
-5.346945e+01	1.290081e-03
-5.336945e+01	1.294743e-03
-5.326945e+01	1.299431e-03
-5.316945e+01	1.304144e-03
-5.306945e+01	1.308883e-03
-5.296945e+01	1.313648e-03
-5.286945e+01	1.318439e-03
-5.276945e+01	1.323257e-03
-5.266945e+01	1.328101e-03
-5.256945e+01	1.332972e-03
-5.246945e+01	1.337870e-03
-5.236945e+01	1.342795e-03
-5.226945e+01	1.347748e-03
-5.216945e+01	1.352728e-03
-5.206945e+01	1.357736e-03
-5.196945e+01	1.362772e-03
-5.186945e+01	1.367836e-03
-5.176945e+01	1.372929e-03
-5.166945e+01	1.378050e-03
-5.156945e+01	1.383200e-03
-5.146945e+01	1.388379e-03
-5.136945e+01	1.393587e-03
-5.126945e+01	1.398825e-03
-5.116945e+01	1.404093e-03
-5.106945e+01	1.409390e-03
-5.096945e+01	1.414718e-03
-5.086945e+01	1.420076e-03
-5.076945e+01	1.425465e-03
-5.066945e+01	1.430885e-03
-5.056945e+01	1.436336e-03
-5.046945e+01	1.441818e-03
-5.036945e+01	1.447332e-03
-5.026945e+01	1.452878e-03
-5.016945e+01	1.458455e-03
-5.006945e+01	1.464066e-03
-4.996945e+01	1.469708e-03
-4.986945e+01	1.475384e-03
-4.976945e+01	1.481093e-03
-4.966945e+01	1.486835e-03
-4.956945e+01	1.492610e-03
-4.946945e+01	1.498420e-03
-4.936945e+01	1.504264e-03
-4.926945e+01	1.510142e-03
-4.916945e+01	1.516055e-03
-4.906945e+01	1.522003e-03
-4.896945e+01	1.527986e-03
-4.886945e+01	1.534004e-03
-4.876945e+01	1.540059e-03
-4.866945e+01	1.546150e-03
-4.856945e+01	1.552277e-03
-4.846945e+01	1.558440e-03
-4.836945e+01	1.564641e-03
-4.826945e+01	1.570879e-03
-4.816945e+01	1.577154e-03
-4.806945e+01	1.583468e-03
-4.796945e+01	1.589819e-03
-4.786945e+01	1.596210e-03
-4.776945e+01	1.602639e-03
-4.766945e+01	1.609107e-03
-4.756945e+01	1.615614e-03
-4.746945e+01	1.622162e-03
-4.736945e+01	1.628749e-03
-4.726945e+01	1.635377e-03
-4.716945e+01	1.642045e-03
-4.706945e+01	1.648755e-03
-4.696945e+01	1.655506e-03
-4.686945e+01	1.662299e-03
-4.676945e+01	1.669134e-03
-4.666945e+01	1.676012e-03
-4.656945e+01	1.682933e-03
-4.646945e+01	1.689896e-03
-4.636945e+01	1.696903e-03
-4.626945e+01	1.703954e-03
-4.616945e+01	1.711050e-03
-4.606945e+01	1.718190e-03
-4.596945e+01	1.725375e-03
-4.586945e+01	1.732606e-03
-4.576945e+01	1.739882e-03
-4.566945e+01	1.747205e-03
-4.556945e+01	1.754574e-03
-4.546945e+01	1.761990e-03
-4.536945e+01	1.769454e-03
-4.526945e+01	1.776965e-03
-4.516945e+01	1.784525e-03
-4.506945e+01	1.792133e-03
-4.496945e+01	1.799791e-03
-4.486945e+01	1.807497e-03
-4.476945e+01	1.815254e-03
-4.466945e+01	1.823061e-03
-4.456945e+01	1.830919e-03
-4.446945e+01	1.838828e-03
-4.436945e+01	1.846789e-03
-4.426945e+01	1.854802e-03
-4.416945e+01	1.862868e-03
-4.406945e+01	1.870986e-03
-4.396945e+01	1.879158e-03
-4.386945e+01	1.887384e-03
-4.376945e+01	1.895665e-03
-4.366945e+01	1.904001e-03
-4.356945e+01	1.912392e-03
-4.346945e+01	1.920839e-03
-4.336945e+01	1.929342e-03
-4.326945e+01	1.937902e-03
-4.316945e+01	1.946520e-03
-4.306945e+01	1.955196e-03
-4.296945e+01	1.963930e-03
-4.286945e+01	1.972724e-03
-4.276945e+01	1.981577e-03
-4.266945e+01	1.990490e-03
-4.256945e+01	1.999464e-03
-4.246945e+01	2.008499e-03
-4.236945e+01	2.017595e-03
-4.226945e+01	2.026755e-03
-4.216945e+01	2.035977e-03
-4.206945e+01	2.045262e-03
-4.196945e+01	2.054612e-03
-4.186945e+01	2.064026e-03
-4.176945e+01	2.073506e-03
-4.166945e+01	2.083052e-03
-4.156945e+01	2.092664e-03
-4.146945e+01	2.102343e-03
-4.136945e+01	2.112090e-03
-4.126945e+01	2.121906e-03
-4.116945e+01	2.131790e-03
-4.106945e+01	2.141745e-03
-4.096945e+01	2.151769e-03
-4.086945e+01	2.161865e-03
-4.076945e+01	2.172033e-03
-4.066945e+01	2.182272e-03
-4.056945e+01	2.192585e-03
-4.046945e+01	2.202972e-03
-4.036945e+01	2.213434e-03
-4.026945e+01	2.223970e-03
-4.016945e+01	2.234583e-03
-4.006945e+01	2.245272e-03
-3.996945e+01	2.256038e-03
-3.986945e+01	2.266883e-03
-3.976945e+01	2.277807e-03
-3.966945e+01	2.288811e-03
-3.956945e+01	2.299895e-03
-3.946945e+01	2.311060e-03
-3.936945e+01	2.322308e-03
-3.926945e+01	2.333638e-03
-3.916945e+01	2.345052e-03
-3.906945e+01	2.356551e-03
-3.896945e+01	2.368136e-03
-3.886945e+01	2.379806e-03
-3.876945e+01	2.391564e-03
-3.866945e+01	2.403410e-03
-3.856945e+01	2.415344e-03
-3.846945e+01	2.427369e-03
-3.836945e+01	2.439484e-03
-3.826945e+01	2.451691e-03
-3.816945e+01	2.463990e-03
-3.806945e+01	2.476383e-03
-3.796945e+01	2.488870e-03
-3.786945e+01	2.501453e-03
-3.776945e+01	2.514133e-03
-3.766945e+01	2.526909e-03
-3.756945e+01	2.539785e-03
-3.746945e+01	2.552759e-03
-3.736945e+01	2.565834e-03
-3.726945e+01	2.579011e-03
-3.716945e+01	2.592290e-03
-3.706945e+01	2.605673e-03
-3.696945e+01	2.619161e-03
-3.686945e+01	2.632755e-03
-3.676945e+01	2.646455e-03
-3.666945e+01	2.660264e-03
-3.656945e+01	2.674182e-03
-3.646945e+01	2.688210e-03
-3.636945e+01	2.702350e-03
-3.626945e+01	2.716603e-03
-3.616945e+01	2.730970e-03
-3.606945e+01	2.745452e-03
-3.596945e+01	2.760051e-03
-3.586945e+01	2.774768e-03
-3.576945e+01	2.789603e-03
-3.566945e+01	2.804559e-03
-3.556945e+01	2.819636e-03
-3.546945e+01	2.834837e-03
-3.536945e+01	2.850162e-03
-3.526945e+01	2.865612e-03
-3.516945e+01	2.881190e-03
-3.506945e+01	2.896896e-03
-3.496945e+01	2.912732e-03
-3.486945e+01	2.928700e-03
-3.476945e+01	2.944800e-03
-3.466945e+01	2.961035e-03
-3.456945e+01	2.977406e-03
-3.446945e+01	2.993914e-03
-3.436945e+01	3.010561e-03
-3.426945e+01	3.027349e-03
-3.416945e+01	3.044278e-03
-3.406945e+01	3.061352e-03
-3.396945e+01	3.078571e-03
-3.386945e+01	3.095937e-03
-3.376945e+01	3.113451e-03
-3.366945e+01	3.131116e-03
-3.356945e+01	3.148934e-03
-3.346945e+01	3.166905e-03
-3.336945e+01	3.185032e-03
-3.326945e+01	3.203317e-03
-3.316945e+01	3.221761e-03
-3.306945e+01	3.240367e-03
-3.296945e+01	3.259136e-03
-3.286945e+01	3.278070e-03
-3.276945e+01	3.297171e-03
-3.266945e+01	3.316441e-03
-3.256945e+01	3.335883e-03
-3.246945e+01	3.355497e-03
-3.236945e+01	3.375287e-03
-3.226945e+01	3.395255e-03
-3.216945e+01	3.415402e-03
-3.206945e+01	3.435730e-03
-3.196945e+01	3.456243e-03
-3.186945e+01	3.476941e-03
-3.176945e+01	3.497828e-03
-3.166945e+01	3.518906e-03
-3.156945e+01	3.540177e-03
-3.146945e+01	3.561644e-03
-3.136945e+01	3.583308e-03
-3.126945e+01	3.605173e-03
-3.116945e+01	3.627241e-03
-3.106945e+01	3.649514e-03
-3.096945e+01	3.671996e-03
-3.086945e+01	3.694688e-03
-3.076945e+01	3.717593e-03
-3.066945e+01	3.740714e-03
-3.056945e+01	3.764054e-03
-3.046945e+01	3.787616e-03
-3.036945e+01	3.811402e-03
-3.026945e+01	3.835415e-03
-3.016945e+01	3.859659e-03
-3.006945e+01	3.884136e-03
-2.996945e+01	3.908849e-03
-2.986945e+01	3.933801e-03
-2.976945e+01	3.958996e-03
-2.966945e+01	3.984437e-03
-2.956945e+01	4.010126e-03
-2.946945e+01	4.036068e-03
-2.936945e+01	4.062265e-03
-2.926945e+01	4.088721e-03
-2.916945e+01	4.115439e-03
-2.906945e+01	4.142424e-03
-2.896945e+01	4.169678e-03
-2.886945e+01	4.197205e-03
-2.876945e+01	4.225008e-03
-2.866945e+01	4.253093e-03
-2.856945e+01	4.281461e-03
-2.846945e+01	4.310119e-03
-2.836945e+01	4.339068e-03
-2.826945e+01	4.368313e-03
-2.816945e+01	4.397860e-03
-2.806945e+01	4.427710e-03
-2.796945e+01	4.457870e-03
-2.786945e+01	4.488342e-03
-2.776945e+01	4.519132e-03
-2.766945e+01	4.550244e-03
-2.756945e+01	4.581683e-03
-2.746945e+01	4.613453e-03
-2.736945e+01	4.645559e-03
-2.726945e+01	4.678006e-03
-2.716945e+01	4.710798e-03
-2.706945e+01	4.743941e-03
-2.696945e+01	4.777439e-03
-2.686945e+01	4.811299e-03
-2.676945e+01	4.845524e-03
-2.666945e+01	4.880121e-03
-2.656945e+01	4.915095e-03
-2.646945e+01	4.950452e-03
-2.636945e+01	4.986196e-03
-2.626945e+01	5.022335e-03
-2.616945e+01	5.058873e-03
-2.606945e+01	5.095818e-03
-2.596945e+01	5.133174e-03
-2.586945e+01	5.170948e-03
-2.576945e+01	5.209147e-03
-2.566945e+01	5.247776e-03
-2.556945e+01	5.286844e-03
-2.546945e+01	5.326355e-03
-2.536945e+01	5.366318e-03
-2.526945e+01	5.406738e-03
-2.516945e+01	5.447624e-03
-2.506945e+01	5.488982e-03
-2.496945e+01	5.530820e-03
-2.486945e+01	5.573146e-03
-2.476945e+01	5.615966e-03
-2.466945e+01	5.659290e-03
-2.456945e+01	5.703124e-03
-2.446945e+01	5.747478e-03
-2.436945e+01	5.792359e-03
-2.426945e+01	5.837775e-03
-2.416945e+01	5.883737e-03
-2.406945e+01	5.930252e-03
-2.396945e+01	5.977330e-03
-2.386945e+01	6.024979e-03
-2.376945e+01	6.073210e-03
-2.366945e+01	6.122031e-03
-2.356945e+01	6.171453e-03
-2.346945e+01	6.221486e-03
-2.336945e+01	6.272139e-03
-2.326945e+01	6.323424e-03
-2.316945e+01	6.375351e-03
-2.306945e+01	6.427931e-03
-2.296945e+01	6.481175e-03
-2.286945e+01	6.535095e-03
-2.276945e+01	6.589702e-03
-2.266945e+01	6.645007e-03
-2.256945e+01	6.701024e-03
-2.246945e+01	6.757765e-03
-2.236945e+01	6.815242e-03
-2.226945e+01	6.873468e-03
-2.216945e+01	6.932457e-03
-2.206945e+01	6.992221e-03
-2.196945e+01	7.052776e-03
-2.186945e+01	7.114135e-03
-2.176945e+01	7.176313e-03
-2.166945e+01	7.239325e-03
-2.156945e+01	7.303185e-03
-2.146945e+01	7.367909e-03
-2.136945e+01	7.433514e-03
-2.126945e+01	7.500015e-03
-2.116945e+01	7.567430e-03
-2.106945e+01	7.635774e-03
-2.096945e+01	7.705067e-03
-2.086945e+01	7.775325e-03
-2.076945e+01	7.846566e-03
-2.066945e+01	7.918811e-03
-2.056945e+01	7.992077e-03
-2.046945e+01	8.066385e-03
-2.036945e+01	8.141754e-03
-2.026945e+01	8.218206e-03
-2.016945e+01	8.295761e-03
-2.006945e+01	8.374442e-03
-1.996945e+01	8.454270e-03
-1.986945e+01	8.535268e-03
-1.976945e+01	8.617459e-03
-1.966945e+01	8.700868e-03
-1.956945e+01	8.785520e-03
-1.946945e+01	8.871438e-03
-1.936945e+01	8.958650e-03
-1.926945e+01	9.047181e-03
-1.916945e+01	9.137059e-03
-1.906945e+01	9.228312e-03
-1.896945e+01	9.320969e-03
-1.886945e+01	9.415059e-03
-1.876945e+01	9.510611e-03
-1.866945e+01	9.607658e-03
-1.856945e+01	9.706232e-03
-1.846945e+01	9.806364e-03
-1.836945e+01	9.908088e-03
-1.826945e+01	1.001144e-02
-1.816945e+01	1.011645e-02
-1.806945e+01	1.022317e-02
-1.796945e+01	1.033162e-02
-1.786945e+01	1.044184e-02
-1.776945e+01	1.055388e-02
-1.766945e+01	1.066778e-02
-1.756945e+01	1.078357e-02
-1.746945e+01	1.090130e-02
-1.736945e+01	1.102102e-02
-1.726945e+01	1.114277e-02
-1.716945e+01	1.126660e-02
-1.706945e+01	1.139256e-02
-1.696945e+01	1.152069e-02
-1.686945e+01	1.165105e-02
-1.676945e+01	1.178369e-02
-1.666945e+01	1.191867e-02
-1.656945e+01	1.205603e-02
-1.646945e+01	1.219585e-02
-1.636945e+01	1.233818e-02
-1.626945e+01	1.248308e-02
-1.616945e+01	1.263061e-02
-1.606945e+01	1.278085e-02
-1.596945e+01	1.293385e-02
-1.586945e+01	1.308969e-02
-1.576945e+01	1.324844e-02
-1.566945e+01	1.341017e-02
-1.556945e+01	1.357497e-02
-1.546945e+01	1.374291e-02
-1.536945e+01	1.391406e-02
-1.526945e+01	1.408853e-02
-1.516945e+01	1.426639e-02
-1.506945e+01	1.444774e-02
-1.496945e+01	1.463267e-02
-1.486945e+01	1.482127e-02
-1.476945e+01	1.501365e-02
-1.466945e+01	1.520991e-02
-1.456945e+01	1.541016e-02
-1.446945e+01	1.561450e-02
-1.436945e+01	1.582306e-02
-1.426945e+01	1.603596e-02
-1.416945e+01	1.625331e-02
-1.406945e+01	1.647524e-02
-1.396945e+01	1.670189e-02
-1.386945e+01	1.693340e-02
-1.376945e+01	1.716991e-02
-1.366945e+01	1.741156e-02
-1.356945e+01	1.765852e-02
-1.346945e+01	1.791094e-02
-1.336945e+01	1.816898e-02
-1.326945e+01	1.843282e-02
-1.316945e+01	1.870264e-02
-1.306945e+01	1.897863e-02
-1.296945e+01	1.926097e-02
-1.286945e+01	1.954988e-02
-1.276945e+01	1.984555e-02
-1.266945e+01	2.014822e-02
-1.256945e+01	2.045810e-02
-1.246945e+01	2.077543e-02
-1.236945e+01	2.110047e-02
-1.226945e+01	2.143346e-02
-1.216945e+01	2.177468e-02
-1.206945e+01	2.212440e-02
-1.196945e+01	2.248293e-02
-1.186945e+01	2.285056e-02
-1.176945e+01	2.322761e-02
-1.166945e+01	2.361442e-02
-1.156945e+01	2.401133e-02
-1.146945e+01	2.441871e-02
-1.136945e+01	2.483694e-02
-1.126945e+01	2.526643e-02
-1.116945e+01	2.570758e-02
-1.106945e+01	2.616083e-02
-1.096945e+01	2.662665e-02
-1.086945e+01	2.710551e-02
-1.076945e+01	2.759793e-02
-1.066945e+01	2.810442e-02
-1.056945e+01	2.862556e-02
-1.046945e+01	2.916191e-02
-1.036945e+01	2.971411e-02
-1.026945e+01	3.028279e-02
-1.016945e+01	3.086863e-02
-1.006945e+01	3.147237e-02
-9.969451e+00	3.209474e-02
-9.869451e+00	3.273655e-02
-9.769451e+00	3.339864e-02
-9.669451e+00	3.408189e-02
-9.569451e+00	3.478725e-02
-9.469451e+00	3.551571e-02
-9.369451e+00	3.626831e-02
-9.269451e+00	3.704618e-02
-9.169451e+00	3.785047e-02
-9.069451e+00	3.868244e-02
-8.969451e+00	3.954342e-02
-8.869451e+00	4.043480e-02
-8.769451e+00	4.135809e-02
-8.669451e+00	4.231485e-02
-8.569451e+00	4.330679e-02
-8.469451e+00	4.433571e-02
-8.369451e+00	4.540351e-02
-8.269451e+00	4.651224e-02
-8.169451e+00	4.766409e-02
-8.069451e+00	4.886139e-02
-7.969451e+00	5.010664e-02
-7.869451e+00	5.140252e-02
-7.769451e+00	5.275189e-02
-7.669451e+00	5.415783e-02
-7.569451e+00	5.562364e-02
-7.469451e+00	5.715289e-02
-7.369451e+00	5.874941e-02
-7.269451e+00	6.041732e-02
-7.169451e+00	6.216109e-02
-7.069451e+00	6.398553e-02
-6.969451e+00	6.589586e-02
-6.869451e+00	6.789774e-02
-6.769451e+00	6.999730e-02
-6.669451e+00	7.220121e-02
-6.569451e+00	7.451673e-02
-6.469451e+00	7.695178e-02
-6.369451e+00	7.951500e-02
-6.269451e+00	8.221586e-02
-6.169451e+00	8.506472e-02
-6.069451e+00	8.807296e-02
-5.969451e+00	9.125311e-02
-5.869451e+00	9.461897e-02
-5.769451e+00	9.818578e-02
-5.669451e+00	1.019704e-01
-5.569451e+00	1.059916e-01
-5.469451e+00	1.102703e-01
-5.369451e+00	1.148295e-01
-5.269451e+00	1.196953e-01
-5.169451e+00	1.248969e-01
-5.069451e+00	1.304669e-01
-4.969451e+00	1.364423e-01
-4.869451e+00	1.428648e-01
-4.769451e+00	1.497819e-01
-4.669451e+00	1.572477e-01
-4.569451e+00	1.653239e-01
-4.469451e+00	1.740816e-01
-4.369451e+00	1.836027e-01
-4.269451e+00	1.939821e-01
-4.169451e+00	2.053304e-01
-4.069451e+00	2.177771e-01
-3.969451e+00	2.314746e-01
-3.869451e+00	2.466034e-01
-3.769451e+00	2.633789e-01
-3.669451e+00	2.820597e-01
-3.569451e+00	3.029588e-01
-3.469451e+00	3.264583e-01
-3.369451e+00	3.530288e-01
-3.269451e+00	3.832558e-01
-3.169451e+00	4.178759e-01
-3.069451e+00	4.578271e-01
-2.969451e+00	5.043202e-01
-2.869451e+00	5.589416e-01
-2.769451e+00	6.238053e-01
-2.669451e+00	7.017814e-01
-2.569451e+00	7.968504e-01
-2.469451e+00	9.146655e-01
-2.369451e+00	1.063475e+00
-2.269451e+00	1.255683e+00
-2.169451e+00	1.510582e+00
-2.069451e+00	1.859294e+00
-1.969451e+00	2.353890e+00
-1.869451e+00	3.084062e+00
-1.769451e+00	4.203900e+00
-1.669451e+00	5.948286e+00
-1.569451e+00	8.475991e+00
-1.469451e+00	1.105095e+01
-1.369451e+00	1.152419e+01
-1.269451e+00	9.765536e+00
-1.169451e+00	8.039731e+00
-1.069451e+00	7.382482e+00
-9.694509e-01	7.908211e+00
-8.694509e-01	9.726526e+00
-7.694509e-01	1.288610e+01
-6.694509e-01	1.612903e+01
-5.694509e-01	1.629120e+01
-4.694509e-01	1.339655e+01
-3.694509e-01	1.062820e+01
-2.694509e-01	9.144445e+00
-1.694509e-01	8.649774e+00
-6.945093e-02	8.901140e+00
3.054907e-02	9.193104e+00
1.305491e-01	8.222193e+00
2.305491e-01	6.308614e+00
3.305491e-01	4.629855e+00
4.305491e-01	3.508720e+00
5.305491e-01	2.796100e+00
6.305491e-01	2.313965e+00
7.305491e-01	1.982719e+00
8.305491e-01	1.777769e+00
9.305491e-01	1.680471e+00
1.030549e+00	1.683859e+00
1.130549e+00	1.800462e+00
1.230549e+00	2.069784e+00
1.330549e+00	2.571109e+00
1.430549e+00	3.428083e+00
1.530549e+00	4.700759e+00
1.630549e+00	5.891405e+00
1.730549e+00	5.785944e+00
1.830549e+00	4.467970e+00
1.930549e+00	3.142905e+00
2.030549e+00	2.232451e+00
2.130549e+00	1.655715e+00
2.230549e+00	1.286508e+00
2.330549e+00	1.042046e+00
2.430549e+00	8.738187e-01
2.530549e+00	7.524672e-01
2.630549e+00	6.614423e-01
2.730549e+00	5.926702e-01
2.830549e+00	5.407377e-01
2.930549e+00	5.015253e-01
3.030549e+00	4.722995e-01
3.130549e+00	4.514481e-01
3.230549e+00	4.381422e-01
3.330549e+00	4.323191e-01
3.430549e+00	4.348789e-01
3.530549e+00	4.480789e-01
3.630549e+00	4.763172e-01
3.730549e+00	5.268613e-01
3.830549e+00	6.064794e-01
3.930549e+00	7.006027e-01
4.030549e+00	7.541366e-01
4.130549e+00	7.521565e-01
4.230549e+00	7.226403e-01
4.330549e+00	6.636111e-01
4.430549e+00	6.053537e-01
4.530549e+00	5.737541e-01
4.630549e+00	5.671708e-01
4.730549e+00	5.772883e-01
4.830549e+00	6.011359e-01
4.930549e+00	6.398723e-01
5.030549e+00	6.949561e-01
5.130549e+00	7.687286e-01
5.230549e+00	8.653319e-01
5.330549e+00	9.915795e-01
5.430549e+00	1.158197e+00
5.530549e+00	1.381756e+00
5.630549e+00	1.688465e+00
5.730549e+00	2.121167e+00
5.830549e+00	2.752284e+00
5.930549e+00	3.707700e+00
6.030549e+00	5.206594e+00
6.130549e+00	7.595809e+00
6.230549e+00	1.117720e+01
6.330549e+00	1.509818e+01
6.430549e+00	1.603947e+01
6.530549e+00	1.285147e+01
6.630549e+00	8.917847e+00
6.730549e+00	6.091330e+00
6.830549e+00	4.311768e+00
6.930549e+00	3.201587e+00
7.030549e+00	2.493307e+00
7.130549e+00	2.031407e+00
7.230549e+00	1.728309e+00
7.330549e+00	1.534806e+00
7.430549e+00	1.424081e+00
7.530549e+00	1.383792e+00
7.630549e+00	1.412943e+00
7.730549e+00	1.522274e+00
7.830549e+00	1.738464e+00
7.930549e+00	2.113845e+00
8.030549e+00	2.743671e+00
8.130549e+00	3.781736e+00
8.230549e+00	5.366723e+00
8.330549e+00	7.135779e+00
8.430549e+00	7.617269e+00
8.530549e+00	6.260565e+00
8.630549e+00	4.589040e+00
8.730549e+00	3.480634e+00
8.830549e+00	2.919854e+00
8.930549e+00	2.617602e+00
9.030549e+00	2.236649e+00
9.130549e+00	1.786462e+00
9.230549e+00	1.448893e+00
9.330549e+00	1.268948e+00
9.430549e+00	1.230642e+00
9.530549e+00	1.292881e+00
9.630549e+00	1.315033e+00
9.730549e+00	1.147514e+00
9.830549e+00	8.945760e-01
9.930549e+00	6.896463e-01
1.003055e+01	5.494929e-01
1.013055e+01	4.547343e-01
1.023055e+01	3.886905e-01
1.033055e+01	3.412469e-01
1.043055e+01	3.067788e-01
1.053055e+01	2.824708e-01
1.063055e+01	2.673313e-01
1.073055e+01	2.606321e-01
1.083055e+01	2.567978e-01
1.093055e+01	2.430008e-01
1.103055e+01	2.189017e-01
1.113055e+01	1.966196e-01
1.123055e+01	1.809238e-01
1.133055e+01	1.712907e-01
1.143055e+01	1.656718e-01
1.153055e+01	1.607371e-01
1.163055e+01	1.560247e-01
1.173055e+01	1.540569e-01
1.183055e+01	1.523476e-01
1.193055e+01	1.437538e-01
1.203055e+01	1.303524e-01
1.213055e+01	1.189188e-01
1.223055e+01	1.112284e-01
1.233055e+01	1.064290e-01
1.243055e+01	1.024793e-01
1.253055e+01	9.748533e-02
1.263055e+01	9.224781e-02
1.273055e+01	8.799827e-02
1.283055e+01	8.505675e-02
1.293055e+01	8.347835e-02
1.303055e+01	8.341017e-02
1.313055e+01	8.524281e-02
1.323055e+01	8.963456e-02
1.333055e+01	9.701109e-02
1.343055e+01	1.066211e-01
1.353055e+01	1.167711e-01
1.363055e+01	1.219375e-01
1.373055e+01	1.195784e-01
1.383055e+01	1.134572e-01
1.393055e+01	1.028096e-01
1.403055e+01	9.037880e-02
1.413055e+01	8.132737e-02
1.423055e+01	7.717465e-02
1.433055e+01	7.688311e-02
1.443055e+01	7.682823e-02
1.453055e+01	7.210100e-02
1.463055e+01	6.408488e-02
1.473055e+01	5.704323e-02
1.483055e+01	5.197077e-02
1.493055e+01	4.835808e-02
1.503055e+01	4.567073e-02
1.513055e+01	4.356910e-02
1.523055e+01	4.185350e-02
1.533055e+01	4.040533e-02
1.543055e+01	3.915181e-02
1.553055e+01	3.804660e-02
1.563055e+01	3.705926e-02
1.573055e+01	3.616928e-02
1.583055e+01	3.536272e-02
1.593055e+01	3.463010e-02
1.603055e+01	3.396530e-02
1.613055e+01	3.336482e-02
1.623055e+01	3.282745e-02
1.633055e+01	3.235423e-02
1.643055e+01	3.194859e-02
1.653055e+01	3.161686e-02
1.663055e+01	3.136908e-02
1.673055e+01	3.122044e-02
1.683055e+01	3.119358e-02
1.693055e+01	3.132241e-02
1.703055e+01	3.165862e-02
1.713055e+01	3.228303e-02
1.723055e+01	3.332595e-02
1.733055e+01	3.500430e-02
1.743055e+01	3.768680e-02
1.753055e+01	4.198448e-02
1.763055e+01	4.871990e-02
1.773055e+01	5.804726e-02
1.783055e+01	6.745872e-02
1.793055e+01	7.507041e-02
1.803055e+01	8.275367e-02
1.813055e+01	8.476089e-02
1.823055e+01	7.559657e-02
1.833055e+01	6.253658e-02
1.843055e+01	5.221935e-02
1.853055e+01	4.566508e-02
1.863055e+01	4.176081e-02
1.873055e+01	3.997843e-02
1.883055e+01	4.026097e-02
1.893055e+01	4.273886e-02
1.903055e+01	4.762962e-02
1.913055e+01	5.485434e-02
1.923055e+01	6.380920e-02
1.933055e+01	7.309412e-02
1.943055e+01	8.283641e-02
1.953055e+01	9.450499e-02
1.963055e+01	1.007714e-01
1.973055e+01	9.309903e-02
1.983055e+01	7.607600e-02
1.993055e+01	5.914259e-02
2.003055e+01	4.693452e-02
2.013055e+01	3.889882e-02
2.023055e+01	3.362424e-02
2.033055e+01	3.014350e-02
2.043055e+01	2.783694e-02
2.053055e+01	2.634771e-02
2.063055e+01	2.545493e-02
2.073055e+01	2.508481e-02
2.083055e+01	2.528717e-02
2.093055e+01	2.614162e-02
2.103055e+01	2.769340e-02
2.113055e+01	3.011396e-02
2.123055e+01	3.418029e-02
2.133055e+01	4.113491e-02
2.143055e+01	5.189231e-02
2.153055e+01	6.396303e-02
2.163055e+01	6.851514e-02
2.173055e+01	6.207143e-02
2.183055e+01	5.206822e-02
2.193055e+01	4.360717e-02
2.203055e+01	3.843912e-02
2.213055e+01	3.568499e-02
2.223055e+01	3.272454e-02
2.233055e+01	2.860699e-02
2.243055e+01	2.490616e-02
2.253055e+01	2.235224e-02
2.263055e+01	2.053666e-02
2.273055e+01	1.899953e-02
2.283055e+01	1.769799e-02
2.293055e+01	1.662201e-02
2.303055e+01	1.576233e-02
2.313055e+01	1.510997e-02
2.323055e+01	1.463057e-02
2.333055e+01	1.429051e-02
2.343055e+01	1.407377e-02
2.353055e+01	1.398626e-02
2.363055e+01	1.405955e-02
2.373055e+01	1.435104e-02
2.383055e+01	1.489804e-02
2.393055e+01	1.556249e-02
2.403055e+01	1.597338e-02
2.413055e+01	1.573962e-02
2.423055e+01	1.506412e-02
2.433055e+01	1.459643e-02
2.443055e+01	1.460686e-02
2.453055e+01	1.505898e-02
2.463055e+01	1.554459e-02
2.473055e+01	1.539849e-02
2.483055e+01	1.480395e-02
2.493055e+01	1.441549e-02
2.503055e+01	1.433714e-02
2.513055e+01	1.431215e-02
2.523055e+01	1.435967e-02
2.533055e+01	1.473188e-02
2.543055e+01	1.539814e-02
2.553055e+01	1.602687e-02
2.563055e+01	1.667115e-02
2.573055e+01	1.766818e-02
2.583055e+01	1.891450e-02
2.593055e+01	2.036455e-02
2.603055e+01	2.244676e-02
2.613055e+01	2.581178e-02
2.623055e+01	2.986410e-02
2.633055e+01	3.211688e-02
2.643055e+01	3.121230e-02
2.653055e+01	2.919812e-02
2.663055e+01	2.831201e-02
2.673055e+01	2.792072e-02
2.683055e+01	2.689405e-02
2.693055e+01	2.560792e-02
2.703055e+01	2.446459e-02
2.713055e+01	2.385089e-02
2.723055e+01	2.415420e-02
2.733055e+01	2.589377e-02
2.743055e+01	2.974024e-02
2.753055e+01	3.615849e-02
2.763055e+01	4.428948e-02
2.773055e+01	5.042580e-02
2.783055e+01	5.053088e-02
2.793055e+01	4.761898e-02
2.803055e+01	4.586482e-02
2.813055e+01	4.704647e-02
2.823055e+01	4.902458e-02
2.833055e+01	4.854081e-02
2.843055e+01	4.706721e-02
2.853055e+01	4.698194e-02
2.863055e+01	4.769454e-02
2.873055e+01	4.844034e-02
2.883055e+01	4.794323e-02
2.893055e+01	4.253260e-02
2.903055e+01	3.463137e-02
2.913055e+01	2.879498e-02
2.923055e+01	2.555150e-02
2.933055e+01	2.325705e-02
2.943055e+01	2.068902e-02
2.953055e+01	1.847638e-02
2.963055e+01	1.732091e-02
2.973055e+01	1.729390e-02
2.983055e+01	1.835172e-02
2.993055e+01	2.035828e-02
3.003055e+01	2.190276e-02
3.013055e+01	2.080112e-02
3.023055e+01	1.805796e-02
3.033055e+01	1.570093e-02
3.043055e+01	1.401937e-02
3.053055e+01	1.290413e-02
3.063055e+01	1.236323e-02
3.073055e+01	1.231191e-02
3.083055e+01	1.245663e-02
3.093055e+01	1.242250e-02
3.103055e+01	1.230844e-02
3.113055e+01	1.244726e-02
3.123055e+01	1.304806e-02
3.133055e+01	1.416791e-02
3.143055e+01	1.585612e-02
3.153055e+01	1.828189e-02
3.163055e+01	2.162754e-02
3.173055e+01	2.668509e-02
3.183055e+01	3.410663e-02
3.193055e+01	4.192125e-02
3.203055e+01	4.579402e-02
3.213055e+01	4.252479e-02
3.223055e+01	3.405405e-02
3.233055e+01	2.589401e-02
3.243055e+01	2.013029e-02
3.253055e+01	1.642946e-02
3.263055e+01	1.411940e-02
3.273055e+01	1.274256e-02
3.283055e+01	1.204399e-02
3.293055e+01	1.189790e-02
3.303055e+01	1.218772e-02
3.313055e+01	1.248007e-02
3.323055e+01	1.214655e-02
3.333055e+01	1.149842e-02
3.343055e+01	1.119487e-02
3.353055e+01	1.137405e-02
3.363055e+01	1.189776e-02
3.373055e+01	1.280574e-02
3.383055e+01	1.408770e-02
3.393055e+01	1.557674e-02
3.403055e+01	1.696725e-02
3.413055e+01	1.724903e-02
3.423055e+01	1.694449e-02
3.433055e+01	1.761224e-02
3.443055e+01	1.923795e-02
3.453055e+01	1.960886e-02
3.463055e+01	1.734461e-02
3.473055e+01	1.444611e-02
3.483055e+01	1.250260e-02
3.493055e+01	1.162316e-02
3.503055e+01	1.161206e-02
3.513055e+01	1.242004e-02
3.523055e+01	1.349324e-02
3.533055e+01	1.327986e-02
3.543055e+01	1.150528e-02
3.553055e+01	9.646713e-03
3.563055e+01	8.369955e-03
3.573055e+01	7.611904e-03
3.583055e+01	7.226479e-03
3.593055e+01	7.141753e-03
3.603055e+01	7.364783e-03
3.613055e+01	7.952386e-03
3.623055e+01	8.844384e-03
3.633055e+01	9.436858e-03
3.643055e+01	8.999347e-03
3.653055e+01	7.960497e-03
3.663055e+01	7.015530e-03
3.673055e+01	6.375616e-03
3.683055e+01	5.996624e-03
3.693055e+01	5.803612e-03
3.703055e+01	5.753196e-03
3.713055e+01	5.831254e-03
3.723055e+01	6.038511e-03
3.733055e+01	6.389420e-03
3.743055e+01	6.949037e-03
3.753055e+01	7.891123e-03
3.763055e+01	9.418265e-03
3.773055e+01	1.132331e-02
3.783055e+01	1.222166e-02
3.793055e+01	1.103365e-02
3.803055e+01	9.124583e-03
3.813055e+01	7.704435e-03
3.823055e+01	6.895066e-03
3.833055e+01	6.509195e-03
3.843055e+01	6.294503e-03
3.853055e+01	6.041195e-03
3.863055e+01	5.757880e-03
3.873055e+01	5.542815e-03
3.883055e+01	5.471964e-03
3.893055e+01	5.552435e-03
3.903055e+01	5.721868e-03
3.913055e+01	5.880431e-03
3.923055e+01	5.920677e-03
3.933055e+01	5.842789e-03
3.943055e+01	5.659978e-03
3.953055e+01	5.490294e-03
3.963055e+01	5.435432e-03
3.973055e+01	5.456058e-03
3.983055e+01	5.452527e-03
3.993055e+01	5.429442e-03
4.003055e+01	5.468944e-03
4.013055e+01	5.628513e-03
4.023055e+01	5.947123e-03
4.033055e+01	6.451085e-03
4.043055e+01	7.058414e-03
4.053055e+01	7.530102e-03
4.063055e+01	7.908491e-03
4.073055e+01	8.521820e-03
4.083055e+01	9.527571e-03
4.093055e+01	1.094840e-02
4.103055e+01	1.294361e-02
4.113055e+01	1.606836e-02
4.123055e+01	2.120935e-02
4.133055e+01	2.938134e-02
4.143055e+01	3.993943e-02
4.153055e+01	4.612639e-02
4.163055e+01	4.085082e-02
4.173055e+01	3.055743e-02
4.183055e+01	2.251439e-02
4.193055e+01	1.765908e-02
4.203055e+01	1.500575e-02
4.213055e+01	1.335660e-02
4.223055e+01	1.179717e-02
4.233055e+01	1.040676e-02
4.243055e+01	9.377022e-03
4.253055e+01	8.491965e-03
4.263055e+01	7.601694e-03
4.273055e+01	6.737119e-03
4.283055e+01	6.037308e-03
4.293055e+01	5.567811e-03
4.303055e+01	5.263211e-03
4.313055e+01	5.050810e-03
4.323055e+01	4.856169e-03
4.333055e+01	4.607655e-03
4.343055e+01	4.371181e-03
4.353055e+01	4.215186e-03
4.363055e+01	4.149634e-03
4.373055e+01	4.174035e-03
4.383055e+01	4.284490e-03
4.393055e+01	4.454784e-03
4.403055e+01	4.687095e-03
4.413055e+01	5.000379e-03
4.423055e+01	5.287577e-03
4.433055e+01	5.529617e-03
4.443055e+01	5.736357e-03
4.453055e+01	5.748292e-03
4.463055e+01	5.471636e-03
4.473055e+01	4.989152e-03
4.483055e+01	4.577322e-03
4.493055e+01	4.335157e-03
4.503055e+01	4.241466e-03
4.513055e+01	4.221781e-03
4.523055e+01	4.195391e-03
4.533055e+01	4.164466e-03
4.543055e+01	4.234944e-03
4.553055e+01	4.490087e-03
4.563055e+01	4.927922e-03
4.573055e+01	5.439049e-03
4.583055e+01	5.988306e-03
4.593055e+01	6.550944e-03
4.603055e+01	6.580483e-03
4.613055e+01	5.890807e-03
4.623055e+01	5.146791e-03
4.633055e+01	4.695894e-03
4.643055e+01	4.489282e-03
4.653055e+01	4.323964e-03
4.663055e+01	4.109529e-03
4.673055e+01	3.938289e-03
4.683055e+01	3.829056e-03
4.693055e+01	3.713629e-03
4.703055e+01	3.596319e-03
4.713055e+01	3.517156e-03
4.723055e+01	3.497869e-03
4.733055e+01	3.554530e-03
4.743055e+01	3.701448e-03
4.753055e+01	3.962577e-03
4.763055e+01	4.379330e-03
4.773055e+01	4.979704e-03
4.783055e+01	5.587013e-03
4.793055e+01	5.783254e-03
4.803055e+01	5.644295e-03
4.813055e+01	5.610950e-03
4.823055e+01	5.881274e-03
4.833055e+01	6.528725e-03
4.843055e+01	7.650203e-03
4.853055e+01	9.466249e-03
4.863055e+01	1.237659e-02
4.873055e+01	1.641617e-02
4.883055e+01	1.968782e-02
4.893055e+01	1.947810e-02
4.903055e+01	1.708124e-02
4.913055e+01	1.424866e-02
4.923055e+01	1.146844e-02
4.933055e+01	9.270271e-03
4.943055e+01	7.678072e-03
4.953055e+01	6.505670e-03
4.963055e+01	5.695240e-03
4.973055e+01	5.225711e-03
4.983055e+01	4.954812e-03
4.993055e+01	4.707326e-03
5.003055e+01	4.421675e-03
5.013055e+01	4.185312e-03
5.023055e+01	4.020026e-03
5.033055e+01	3.863861e-03
5.043055e+01	3.726917e-03
5.053055e+01	3.711727e-03
5.063055e+01	3.849160e-03
5.073055e+01	3.982165e-03
5.083055e+01	3.848823e-03
5.093055e+01	3.535972e-03
5.103055e+01	3.287848e-03
5.113055e+01	3.174697e-03
5.123055e+01	3.189468e-03
5.133055e+01	3.328639e-03
5.143055e+01	3.571613e-03
5.153055e+01	3.810987e-03
5.163055e+01	3.813013e-03
5.173055e+01	3.618292e-03
5.183055e+01	3.491218e-03
5.193055e+01	3.477397e-03
5.203055e+01	3.420350e-03
5.213055e+01	3.288539e-03
5.223055e+01	3.212169e-03
5.233055e+01	3.171853e-03
5.243055e+01	3.088627e-03
5.253055e+01	3.041751e-03
5.263055e+01	3.128608e-03
5.273055e+01	3.366400e-03
5.283055e+01	3.630945e-03
5.293055e+01	3.656157e-03
5.303055e+01	3.482327e-03
5.313055e+01	3.397191e-03
5.323055e+01	3.520784e-03
5.333055e+01	3.832864e-03
5.343055e+01	4.201517e-03
5.353055e+01	4.309419e-03
5.363055e+01	3.928878e-03
5.373055e+01	3.375397e-03
5.383055e+01	2.936428e-03
5.393055e+01	2.653740e-03
5.403055e+01	2.491814e-03
5.413055e+01	2.413486e-03
5.423055e+01	2.387994e-03
5.433055e+01	2.369856e-03
5.443055e+01	2.327230e-03
5.453055e+01	2.280637e-03
5.463055e+01	2.249368e-03
5.473055e+01	2.241673e-03
5.483055e+01	2.274372e-03
5.493055e+01	2.354596e-03
5.503055e+01	2.436024e-03
5.513055e+01	2.436057e-03
5.523055e+01	2.366990e-03
5.533055e+01	2.277078e-03
5.543055e+01	2.186769e-03
5.553055e+01	2.128455e-03
5.563055e+01	2.109169e-03
5.573055e+01	2.132843e-03
5.583055e+01	2.215878e-03
5.593055e+01	2.351660e-03
5.603055e+01	2.443057e-03
5.613055e+01	2.368715e-03
5.623055e+01	2.206132e-03
5.633055e+01	2.067398e-03
5.643055e+01	1.969657e-03
5.653055e+01	1.904914e-03
5.663055e+01	1.866801e-03
5.673055e+01	1.847551e-03
5.683055e+01	1.836852e-03
5.693055e+01	1.828264e-03
5.703055e+01	1.825443e-03
5.713055e+01	1.832724e-03
5.723055e+01	1.847697e-03
5.733055e+01	1.861697e-03
5.743055e+01	1.878572e-03
5.753055e+01	1.905938e-03
5.763055e+01	1.931042e-03
5.773055e+01	1.943794e-03
5.783055e+01	1.947238e-03
5.793055e+01	1.934616e-03
5.803055e+01	1.919176e-03
5.813055e+01	1.917320e-03
5.823055e+01	1.931865e-03
5.833055e+01	1.962352e-03
5.843055e+01	2.010058e-03
5.853055e+01	2.076760e-03
5.863055e+01	2.157751e-03
5.873055e+01	2.228685e-03
5.883055e+01	2.267705e-03
5.893055e+01	2.303483e-03
5.903055e+01	2.366875e-03
5.913055e+01	2.467809e-03
5.923055e+01	2.613892e-03
5.933055e+01	2.820299e-03
5.943055e+01	3.114518e-03
5.953055e+01	3.535394e-03
5.963055e+01	4.098466e-03
5.973055e+01	4.672993e-03
5.983055e+01	4.970594e-03
5.993055e+01	5.063623e-03
6.003055e+01	5.314871e-03
6.013055e+01	5.907668e-03
6.023055e+01	6.952642e-03
6.033055e+01	8.620228e-03
6.043055e+01	1.109544e-02
6.053055e+01	1.415125e-02
6.063055e+01	1.706386e-02
6.073055e+01	2.061249e-02
6.083055e+01	2.677179e-02
6.093055e+01	3.517763e-02
6.103055e+01	3.951980e-02
6.113055e+01	3.401866e-02
6.123055e+01	2.470689e-02
6.133055e+01	1.746423e-02
6.143055e+01	1.284489e-02
6.153055e+01	1.000712e-02
6.163055e+01	8.286405e-03
6.173055e+01	7.337215e-03
6.183055e+01	6.972735e-03
6.193055e+01	6.930895e-03
6.203055e+01	6.847746e-03
6.213055e+01	6.513725e-03
6.223055e+01	6.117683e-03
6.233055e+01	5.765184e-03
6.243055e+01	5.168691e-03
6.253055e+01	4.415946e-03
6.263055e+01	3.795713e-03
6.273055e+01	3.377593e-03
6.283055e+01	3.117831e-03
6.293055e+01	2.947254e-03
6.303055e+01	2.823173e-03
6.313055e+01	2.754385e-03
6.323055e+01	2.763989e-03
6.333055e+01	2.870200e-03
6.343055e+01	3.093291e-03
6.353055e+01	3.427993e-03
6.363055e+01	3.792917e-03
6.373055e+01	4.044166e-03
6.383055e+01	4.151566e-03
6.393055e+01	4.309844e-03
6.403055e+01	4.702389e-03
6.413055e+01	5.456990e-03
6.423055e+01	6.641249e-03
6.433055e+01	8.093705e-03
6.443055e+01	8.771918e-03
6.453055e+01	7.903191e-03
6.463055e+01	6.610756e-03
6.473055e+01	5.788004e-03
6.483055e+01	5.550112e-03
6.493055e+01	5.776895e-03
6.503055e+01	6.264592e-03
6.513055e+01	6.618237e-03
6.523055e+01	6.459652e-03
6.533055e+01	6.003486e-03
6.543055e+01	5.451081e-03
6.553055e+01	4.823532e-03
6.563055e+01	4.115594e-03
6.573055e+01	3.427855e-03
6.583055e+01	2.914359e-03
6.593055e+01	2.574003e-03
6.603055e+01	2.350113e-03
6.613055e+01	2.184511e-03
6.623055e+01	2.057387e-03
6.633055e+01	1.977440e-03
6.643055e+01	1.940830e-03
6.653055e+01	1.929614e-03
6.663055e+01	1.921521e-03
6.673055e+01	1.926457e-03
6.683055e+01	1.979558e-03
6.693055e+01	2.107586e-03
6.703055e+01	2.335621e-03
6.713055e+01	2.690987e-03
6.723055e+01	3.162818e-03
6.733055e+01	3.521245e-03
6.743055e+01	3.378202e-03
6.753055e+01	2.908482e-03
6.763055e+01	2.508829e-03
6.773055e+01	2.271988e-03
6.783055e+01	2.167661e-03
6.793055e+01	2.173659e-03
6.803055e+01	2.289084e-03
6.813055e+01	2.539050e-03
6.823055e+01	2.985229e-03
6.833055e+01	3.721936e-03
6.843055e+01	4.764527e-03
6.853055e+01	5.649379e-03
6.863055e+01	5.507481e-03
6.873055e+01	4.576193e-03
6.883055e+01	3.728390e-03
6.893055e+01	3.240500e-03
6.903055e+01	3.017326e-03
6.913055e+01	2.952762e-03
6.923055e+01	3.088173e-03
6.933055e+01	3.465925e-03
6.943055e+01	3.887980e-03
6.953055e+01	3.832894e-03
6.963055e+01	3.237120e-03
6.973055e+01	2.613290e-03
6.983055e+01	2.178812e-03
6.993055e+01	1.897758e-03
