#RPA-results:
#Nucleus: Ni 74
#Fermi level: -4.992964e+00	-1.506242e+01
#Excitation: 1 +
#Total number of pairs: 1032
#Number of ph-/ah-pairs: 1032/0
#Maximal excitation-energy for particle-hole-pairs: 100
#Maximal excitation-energy for antiparticle-hole-pairs: 1000
#No imaginary eigenvalues

#Parameterset: DD-PC1
#natural parity: no
#Isoscalar result:

#width: 5.000000e-01
#maximum value: 2.465559e-03
#at energy: 6.993055e+01
-9.006945e+01	4.510273e-04
-8.996945e+01	4.519852e-04
-8.986945e+01	4.529462e-04
-8.976945e+01	4.539102e-04
-8.966945e+01	4.548774e-04
-8.956945e+01	4.558476e-04
-8.946945e+01	4.568210e-04
-8.936945e+01	4.577975e-04
-8.926945e+01	4.587771e-04
-8.916945e+01	4.597599e-04
-8.906945e+01	4.607459e-04
-8.896945e+01	4.617350e-04
-8.886945e+01	4.627273e-04
-8.876945e+01	4.637229e-04
-8.866945e+01	4.647216e-04
-8.856945e+01	4.657236e-04
-8.846945e+01	4.667288e-04
-8.836945e+01	4.677374e-04
-8.826945e+01	4.687491e-04
-8.816945e+01	4.697642e-04
-8.806945e+01	4.707826e-04
-8.796945e+01	4.718043e-04
-8.786945e+01	4.728294e-04
-8.776945e+01	4.738577e-04
-8.766945e+01	4.748895e-04
-8.756945e+01	4.759246e-04
-8.746945e+01	4.769632e-04
-8.736945e+01	4.780051e-04
-8.726945e+01	4.790505e-04
-8.716945e+01	4.800993e-04
-8.706945e+01	4.811515e-04
-8.696945e+01	4.822073e-04
-8.686945e+01	4.832665e-04
-8.676945e+01	4.843292e-04
-8.666945e+01	4.853954e-04
-8.656945e+01	4.864652e-04
-8.646945e+01	4.875385e-04
-8.636945e+01	4.886154e-04
-8.626945e+01	4.896958e-04
-8.616945e+01	4.907799e-04
-8.606945e+01	4.918675e-04
-8.596945e+01	4.929588e-04
-8.586945e+01	4.940537e-04
-8.576945e+01	4.951523e-04
-8.566945e+01	4.962546e-04
-8.556945e+01	4.973605e-04
-8.546945e+01	4.984702e-04
-8.536945e+01	4.995836e-04
-8.526945e+01	5.007007e-04
-8.516945e+01	5.018216e-04
-8.506945e+01	5.029463e-04
-8.496945e+01	5.040747e-04
-8.486945e+01	5.052070e-04
-8.476945e+01	5.063431e-04
-8.466945e+01	5.074830e-04
-8.456945e+01	5.086268e-04
-8.446945e+01	5.097745e-04
-8.436945e+01	5.109261e-04
-8.426945e+01	5.120815e-04
-8.416945e+01	5.132410e-04
-8.406945e+01	5.144043e-04
-8.396945e+01	5.155717e-04
-8.386945e+01	5.167430e-04
-8.376945e+01	5.179183e-04
-8.366945e+01	5.190977e-04
-8.356945e+01	5.202811e-04
-8.346945e+01	5.214685e-04
-8.336945e+01	5.226600e-04
-8.326945e+01	5.238557e-04
-8.316945e+01	5.250554e-04
-8.306945e+01	5.262593e-04
-8.296945e+01	5.274673e-04
-8.286945e+01	5.286795e-04
-8.276945e+01	5.298959e-04
-8.266945e+01	5.311165e-04
-8.256945e+01	5.323414e-04
-8.246945e+01	5.335704e-04
-8.236945e+01	5.348038e-04
-8.226945e+01	5.360414e-04
-8.216945e+01	5.372834e-04
-8.206945e+01	5.385297e-04
-8.196945e+01	5.397803e-04
-8.186945e+01	5.410353e-04
-8.176945e+01	5.422948e-04
-8.166945e+01	5.435586e-04
-8.156945e+01	5.448268e-04
-8.146945e+01	5.460995e-04
-8.136945e+01	5.473767e-04
-8.126945e+01	5.486584e-04
-8.116945e+01	5.499445e-04
-8.106945e+01	5.512353e-04
-8.096945e+01	5.525305e-04
-8.086945e+01	5.538304e-04
-8.076945e+01	5.551349e-04
-8.066945e+01	5.564440e-04
-8.056945e+01	5.577577e-04
-8.046945e+01	5.590761e-04
-8.036945e+01	5.603992e-04
-8.026945e+01	5.617270e-04
-8.016945e+01	5.630595e-04
-8.006945e+01	5.643968e-04
-7.996945e+01	5.657389e-04
-7.986945e+01	5.670858e-04
-7.976945e+01	5.684375e-04
-7.966945e+01	5.697941e-04
-7.956945e+01	5.711555e-04
-7.946945e+01	5.725218e-04
-7.936945e+01	5.738931e-04
-7.926945e+01	5.752693e-04
-7.916945e+01	5.766504e-04
-7.906945e+01	5.780366e-04
-7.896945e+01	5.794277e-04
-7.886945e+01	5.808239e-04
-7.876945e+01	5.822252e-04
-7.866945e+01	5.836316e-04
-7.856945e+01	5.850430e-04
-7.846945e+01	5.864596e-04
-7.836945e+01	5.878814e-04
-7.826945e+01	5.893084e-04
-7.816945e+01	5.907405e-04
-7.806945e+01	5.921779e-04
-7.796945e+01	5.936206e-04
-7.786945e+01	5.950686e-04
-7.776945e+01	5.965219e-04
-7.766945e+01	5.979805e-04
-7.756945e+01	5.994445e-04
-7.746945e+01	6.009139e-04
-7.736945e+01	6.023887e-04
-7.726945e+01	6.038690e-04
-7.716945e+01	6.053547e-04
-7.706945e+01	6.068459e-04
-7.696945e+01	6.083427e-04
-7.686945e+01	6.098450e-04
-7.676945e+01	6.113529e-04
-7.666945e+01	6.128665e-04
-7.656945e+01	6.143856e-04
-7.646945e+01	6.159105e-04
-7.636945e+01	6.174410e-04
-7.626945e+01	6.189772e-04
-7.616945e+01	6.205193e-04
-7.606945e+01	6.220671e-04
-7.596945e+01	6.236207e-04
-7.586945e+01	6.251801e-04
-7.576945e+01	6.267454e-04
-7.566945e+01	6.283167e-04
-7.556945e+01	6.298938e-04
-7.546945e+01	6.314769e-04
-7.536945e+01	6.330660e-04
-7.526945e+01	6.346611e-04
-7.516945e+01	6.362623e-04
-7.506945e+01	6.378696e-04
-7.496945e+01	6.394829e-04
-7.486945e+01	6.411024e-04
-7.476945e+01	6.427281e-04
-7.466945e+01	6.443600e-04
-7.456945e+01	6.459981e-04
-7.446945e+01	6.476425e-04
-7.436945e+01	6.492932e-04
-7.426945e+01	6.509503e-04
-7.416945e+01	6.526137e-04
-7.406945e+01	6.542835e-04
-7.396945e+01	6.559597e-04
-7.386945e+01	6.576424e-04
-7.376945e+01	6.593316e-04
-7.366945e+01	6.610274e-04
-7.356945e+01	6.627297e-04
-7.346945e+01	6.644386e-04
-7.336945e+01	6.661541e-04
-7.326945e+01	6.678763e-04
-7.316945e+01	6.696053e-04
-7.306945e+01	6.713409e-04
-7.296945e+01	6.730833e-04
-7.286945e+01	6.748326e-04
-7.276945e+01	6.765887e-04
-7.266945e+01	6.783516e-04
-7.256945e+01	6.801215e-04
-7.246945e+01	6.818983e-04
-7.236945e+01	6.836822e-04
-7.226945e+01	6.854730e-04
-7.216945e+01	6.872709e-04
-7.206945e+01	6.890760e-04
-7.196945e+01	6.908881e-04
-7.186945e+01	6.927075e-04
-7.176945e+01	6.945340e-04
-7.166945e+01	6.963678e-04
-7.156945e+01	6.982089e-04
-7.146945e+01	7.000573e-04
-7.136945e+01	7.019131e-04
-7.126945e+01	7.037763e-04
-7.116945e+01	7.056470e-04
-7.106945e+01	7.075251e-04
-7.096945e+01	7.094108e-04
-7.086945e+01	7.113040e-04
-7.076945e+01	7.132049e-04
-7.066945e+01	7.151134e-04
-7.056945e+01	7.170296e-04
-7.046945e+01	7.189535e-04
-7.036945e+01	7.208852e-04
-7.026945e+01	7.228247e-04
-7.016945e+01	7.247721e-04
-7.006945e+01	7.267273e-04
-6.996945e+01	7.286906e-04
-6.986945e+01	7.306618e-04
-6.976945e+01	7.326410e-04
-6.966945e+01	7.346283e-04
-6.956945e+01	7.366238e-04
-6.946945e+01	7.386274e-04
-6.936945e+01	7.406392e-04
-6.926945e+01	7.426592e-04
-6.916945e+01	7.446876e-04
-6.906945e+01	7.467243e-04
-6.896945e+01	7.487694e-04
-6.886945e+01	7.508229e-04
-6.876945e+01	7.528850e-04
-6.866945e+01	7.549555e-04
-6.856945e+01	7.570346e-04
-6.846945e+01	7.591224e-04
-6.836945e+01	7.612188e-04
-6.826945e+01	7.633240e-04
-6.816945e+01	7.654379e-04
-6.806945e+01	7.675606e-04
-6.796945e+01	7.696922e-04
-6.786945e+01	7.718327e-04
-6.776945e+01	7.739822e-04
-6.766945e+01	7.761407e-04
-6.756945e+01	7.783083e-04
-6.746945e+01	7.804850e-04
-6.736945e+01	7.826709e-04
-6.726945e+01	7.848660e-04
-6.716945e+01	7.870703e-04
-6.706945e+01	7.892840e-04
-6.696945e+01	7.915071e-04
-6.686945e+01	7.937396e-04
-6.676945e+01	7.959816e-04
-6.666945e+01	7.982331e-04
-6.656945e+01	8.004942e-04
-6.646945e+01	8.027650e-04
-6.636945e+01	8.050455e-04
-6.626945e+01	8.073357e-04
-6.616945e+01	8.096358e-04
-6.606945e+01	8.119457e-04
-6.596945e+01	8.142656e-04
-6.586945e+01	8.165955e-04
-6.576945e+01	8.189354e-04
-6.566945e+01	8.212854e-04
-6.556945e+01	8.236455e-04
-6.546945e+01	8.260159e-04
-6.536945e+01	8.283966e-04
-6.526945e+01	8.307876e-04
-6.516945e+01	8.331890e-04
-6.506945e+01	8.356008e-04
-6.496945e+01	8.380232e-04
-6.486945e+01	8.404562e-04
-6.476945e+01	8.428998e-04
-6.466945e+01	8.453541e-04
-6.456945e+01	8.478192e-04
-6.446945e+01	8.502951e-04
-6.436945e+01	8.527819e-04
-6.426945e+01	8.552796e-04
-6.416945e+01	8.577884e-04
-6.406945e+01	8.603083e-04
-6.396945e+01	8.628394e-04
-6.386945e+01	8.653816e-04
-6.376945e+01	8.679352e-04
-6.366945e+01	8.705001e-04
-6.356945e+01	8.730764e-04
-6.346945e+01	8.756642e-04
-6.336945e+01	8.782636e-04
-6.326945e+01	8.808746e-04
-6.316945e+01	8.834973e-04
-6.306945e+01	8.861318e-04
-6.296945e+01	8.887781e-04
-6.286945e+01	8.914364e-04
-6.276945e+01	8.941066e-04
-6.266945e+01	8.967889e-04
-6.256945e+01	8.994833e-04
-6.246945e+01	9.021899e-04
-6.236945e+01	9.049088e-04
-6.226945e+01	9.076400e-04
-6.216945e+01	9.103836e-04
-6.206945e+01	9.131398e-04
-6.196945e+01	9.159085e-04
-6.186945e+01	9.186899e-04
-6.176945e+01	9.214841e-04
-6.166945e+01	9.242910e-04
-6.156945e+01	9.271108e-04
-6.146945e+01	9.299436e-04
-6.136945e+01	9.327894e-04
-6.126945e+01	9.356484e-04
-6.116945e+01	9.385206e-04
-6.106945e+01	9.414061e-04
-6.096945e+01	9.443049e-04
-6.086945e+01	9.472172e-04
-6.076945e+01	9.501430e-04
-6.066945e+01	9.530825e-04
-6.056945e+01	9.560357e-04
-6.046945e+01	9.590027e-04
-6.036945e+01	9.619835e-04
-6.026945e+01	9.649783e-04
-6.016945e+01	9.679872e-04
-6.006945e+01	9.710103e-04
-5.996945e+01	9.740475e-04
-5.986945e+01	9.770991e-04
-5.976945e+01	9.801651e-04
-5.966945e+01	9.832456e-04
-5.956945e+01	9.863407e-04
-5.946945e+01	9.894505e-04
-5.936945e+01	9.925751e-04
-5.926945e+01	9.957146e-04
-5.916945e+01	9.988690e-04
-5.906945e+01	1.002038e-03
-5.896945e+01	1.005223e-03
-5.886945e+01	1.008423e-03
-5.876945e+01	1.011638e-03
-5.866945e+01	1.014869e-03
-5.856945e+01	1.018115e-03
-5.846945e+01	1.021377e-03
-5.836945e+01	1.024655e-03
-5.826945e+01	1.027949e-03
-5.816945e+01	1.031258e-03
-5.806945e+01	1.034584e-03
-5.796945e+01	1.037926e-03
-5.786945e+01	1.041284e-03
-5.776945e+01	1.044658e-03
-5.766945e+01	1.048049e-03
-5.756945e+01	1.051457e-03
-5.746945e+01	1.054881e-03
-5.736945e+01	1.058322e-03
-5.726945e+01	1.061780e-03
-5.716945e+01	1.065255e-03
-5.706945e+01	1.068748e-03
-5.696945e+01	1.072257e-03
-5.686945e+01	1.075784e-03
-5.676945e+01	1.079328e-03
-5.666945e+01	1.082890e-03
-5.656945e+01	1.086470e-03
-5.646945e+01	1.090068e-03
-5.636945e+01	1.093683e-03
-5.626945e+01	1.097317e-03
-5.616945e+01	1.100969e-03
-5.606945e+01	1.104639e-03
-5.596945e+01	1.108327e-03
-5.586945e+01	1.112035e-03
-5.576945e+01	1.115761e-03
-5.566945e+01	1.119505e-03
-5.556945e+01	1.123269e-03
-5.546945e+01	1.127052e-03
-5.536945e+01	1.130854e-03
-5.526945e+01	1.134675e-03
-5.516945e+01	1.138516e-03
-5.506945e+01	1.142377e-03
-5.496945e+01	1.146257e-03
-5.486945e+01	1.150157e-03
-5.476945e+01	1.154077e-03
-5.466945e+01	1.158017e-03
-5.456945e+01	1.161978e-03
-5.446945e+01	1.165959e-03
-5.436945e+01	1.169961e-03
-5.426945e+01	1.173983e-03
-5.416945e+01	1.178026e-03
-5.406945e+01	1.182091e-03
-5.396945e+01	1.186176e-03
-5.386945e+01	1.190283e-03
-5.376945e+01	1.194411e-03
-5.366945e+01	1.198561e-03
-5.356945e+01	1.202732e-03
-5.346945e+01	1.206926e-03
-5.336945e+01	1.211141e-03
-5.326945e+01	1.215379e-03
-5.316945e+01	1.219639e-03
-5.306945e+01	1.223922e-03
-5.296945e+01	1.228227e-03
-5.286945e+01	1.232555e-03
-5.276945e+01	1.236906e-03
-5.266945e+01	1.241281e-03
-5.256945e+01	1.245678e-03
-5.246945e+01	1.250100e-03
-5.236945e+01	1.254545e-03
-5.226945e+01	1.259014e-03
-5.216945e+01	1.263506e-03
-5.206945e+01	1.268023e-03
-5.196945e+01	1.272565e-03
-5.186945e+01	1.277131e-03
-5.176945e+01	1.281722e-03
-5.166945e+01	1.286337e-03
-5.156945e+01	1.290978e-03
-5.146945e+01	1.295644e-03
-5.136945e+01	1.300335e-03
-5.126945e+01	1.305052e-03
-5.116945e+01	1.309795e-03
-5.106945e+01	1.314564e-03
-5.096945e+01	1.319360e-03
-5.086945e+01	1.324181e-03
-5.076945e+01	1.329029e-03
-5.066945e+01	1.333904e-03
-5.056945e+01	1.338806e-03
-5.046945e+01	1.343736e-03
-5.036945e+01	1.348692e-03
-5.026945e+01	1.353676e-03
-5.016945e+01	1.358689e-03
-5.006945e+01	1.363729e-03
-4.996945e+01	1.368797e-03
-4.986945e+01	1.373894e-03
-4.976945e+01	1.379019e-03
-4.966945e+01	1.384173e-03
-4.956945e+01	1.389357e-03
-4.946945e+01	1.394569e-03
-4.936945e+01	1.399812e-03
-4.926945e+01	1.405084e-03
-4.916945e+01	1.410386e-03
-4.906945e+01	1.415718e-03
-4.896945e+01	1.421081e-03
-4.886945e+01	1.426474e-03
-4.876945e+01	1.431898e-03
-4.866945e+01	1.437354e-03
-4.856945e+01	1.442840e-03
-4.846945e+01	1.448359e-03
-4.836945e+01	1.453909e-03
-4.826945e+01	1.459492e-03
-4.816945e+01	1.465107e-03
-4.806945e+01	1.470754e-03
-4.796945e+01	1.476434e-03
-4.786945e+01	1.482148e-03
-4.776945e+01	1.487895e-03
-4.766945e+01	1.493676e-03
-4.756945e+01	1.499490e-03
-4.746945e+01	1.505339e-03
-4.736945e+01	1.511222e-03
-4.726945e+01	1.517140e-03
-4.716945e+01	1.523093e-03
-4.706945e+01	1.529081e-03
-4.696945e+01	1.535105e-03
-4.686945e+01	1.541165e-03
-4.676945e+01	1.547261e-03
-4.666945e+01	1.553393e-03
-4.656945e+01	1.559562e-03
-4.646945e+01	1.565768e-03
-4.636945e+01	1.572011e-03
-4.626945e+01	1.578292e-03
-4.616945e+01	1.584611e-03
-4.606945e+01	1.590969e-03
-4.596945e+01	1.597364e-03
-4.586945e+01	1.603799e-03
-4.576945e+01	1.610273e-03
-4.566945e+01	1.616786e-03
-4.556945e+01	1.623339e-03
-4.546945e+01	1.629932e-03
-4.536945e+01	1.636566e-03
-4.526945e+01	1.643241e-03
-4.516945e+01	1.649956e-03
-4.506945e+01	1.656714e-03
-4.496945e+01	1.663513e-03
-4.486945e+01	1.670354e-03
-4.476945e+01	1.677238e-03
-4.466945e+01	1.684164e-03
-4.456945e+01	1.691134e-03
-4.446945e+01	1.698148e-03
-4.436945e+01	1.705205e-03
-4.426945e+01	1.712307e-03
-4.416945e+01	1.719454e-03
-4.406945e+01	1.726646e-03
-4.396945e+01	1.733883e-03
-4.386945e+01	1.741166e-03
-4.376945e+01	1.748495e-03
-4.366945e+01	1.755871e-03
-4.356945e+01	1.763294e-03
-4.346945e+01	1.770765e-03
-4.336945e+01	1.778283e-03
-4.326945e+01	1.785850e-03
-4.316945e+01	1.793465e-03
-4.306945e+01	1.801130e-03
-4.296945e+01	1.808844e-03
-4.286945e+01	1.816608e-03
-4.276945e+01	1.824423e-03
-4.266945e+01	1.832288e-03
-4.256945e+01	1.840204e-03
-4.246945e+01	1.848173e-03
-4.236945e+01	1.856193e-03
-4.226945e+01	1.864267e-03
-4.216945e+01	1.872393e-03
-4.206945e+01	1.880573e-03
-4.196945e+01	1.888807e-03
-4.186945e+01	1.897096e-03
-4.176945e+01	1.905439e-03
-4.166945e+01	1.913839e-03
-4.156945e+01	1.922294e-03
-4.146945e+01	1.930806e-03
-4.136945e+01	1.939374e-03
-4.126945e+01	1.948001e-03
-4.116945e+01	1.956685e-03
-4.106945e+01	1.965428e-03
-4.096945e+01	1.974231e-03
-4.086945e+01	1.983092e-03
-4.076945e+01	1.992014e-03
-4.066945e+01	2.000997e-03
-4.056945e+01	2.010041e-03
-4.046945e+01	2.019148e-03
-4.036945e+01	2.028316e-03
-4.026945e+01	2.037548e-03
-4.016945e+01	2.046843e-03
-4.006945e+01	2.056202e-03
-3.996945e+01	2.065626e-03
-3.986945e+01	2.075116e-03
-3.976945e+01	2.084671e-03
-3.966945e+01	2.094294e-03
-3.956945e+01	2.103983e-03
-3.946945e+01	2.113740e-03
-3.936945e+01	2.123566e-03
-3.926945e+01	2.133461e-03
-3.916945e+01	2.143426e-03
-3.906945e+01	2.153462e-03
-3.896945e+01	2.163568e-03
-3.886945e+01	2.173747e-03
-3.876945e+01	2.183998e-03
-3.866945e+01	2.194322e-03
-3.856945e+01	2.204720e-03
-3.846945e+01	2.215193e-03
-3.836945e+01	2.225741e-03
-3.826945e+01	2.236366e-03
-3.816945e+01	2.247067e-03
-3.806945e+01	2.257845e-03
-3.796945e+01	2.268702e-03
-3.786945e+01	2.279639e-03
-3.776945e+01	2.290655e-03
-3.766945e+01	2.301751e-03
-3.756945e+01	2.312930e-03
-3.746945e+01	2.324190e-03
-3.736945e+01	2.335534e-03
-3.726945e+01	2.346961e-03
-3.716945e+01	2.358474e-03
-3.706945e+01	2.370071e-03
-3.696945e+01	2.381756e-03
-3.686945e+01	2.393527e-03
-3.676945e+01	2.405387e-03
-3.666945e+01	2.417336e-03
-3.656945e+01	2.429375e-03
-3.646945e+01	2.441505e-03
-3.636945e+01	2.453727e-03
-3.626945e+01	2.466041e-03
-3.616945e+01	2.478449e-03
-3.606945e+01	2.490952e-03
-3.596945e+01	2.503551e-03
-3.586945e+01	2.516246e-03
-3.576945e+01	2.529039e-03
-3.566945e+01	2.541930e-03
-3.556945e+01	2.554922e-03
-3.546945e+01	2.568013e-03
-3.536945e+01	2.581207e-03
-3.526945e+01	2.594504e-03
-3.516945e+01	2.607904e-03
-3.506945e+01	2.621409e-03
-3.496945e+01	2.635021e-03
-3.486945e+01	2.648740e-03
-3.476945e+01	2.662567e-03
-3.466945e+01	2.676504e-03
-3.456945e+01	2.690551e-03
-3.446945e+01	2.704710e-03
-3.436945e+01	2.718983e-03
-3.426945e+01	2.733369e-03
-3.416945e+01	2.747872e-03
-3.406945e+01	2.762491e-03
-3.396945e+01	2.777228e-03
-3.386945e+01	2.792084e-03
-3.376945e+01	2.807062e-03
-3.366945e+01	2.822161e-03
-3.356945e+01	2.837383e-03
-3.346945e+01	2.852730e-03
-3.336945e+01	2.868204e-03
-3.326945e+01	2.883804e-03
-3.316945e+01	2.899534e-03
-3.306945e+01	2.915394e-03
-3.296945e+01	2.931385e-03
-3.286945e+01	2.947510e-03
-3.276945e+01	2.963770e-03
-3.266945e+01	2.980165e-03
-3.256945e+01	2.996699e-03
-3.246945e+01	3.013372e-03
-3.236945e+01	3.030186e-03
-3.226945e+01	3.047143e-03
-3.216945e+01	3.064243e-03
-3.206945e+01	3.081490e-03
-3.196945e+01	3.098884e-03
-3.186945e+01	3.116427e-03
-3.176945e+01	3.134121e-03
-3.166945e+01	3.151968e-03
-3.156945e+01	3.169970e-03
-3.146945e+01	3.188128e-03
-3.136945e+01	3.206444e-03
-3.126945e+01	3.224919e-03
-3.116945e+01	3.243557e-03
-3.106945e+01	3.262359e-03
-3.096945e+01	3.281326e-03
-3.086945e+01	3.300461e-03
-3.076945e+01	3.319766e-03
-3.066945e+01	3.339242e-03
-3.056945e+01	3.358892e-03
-3.046945e+01	3.378718e-03
-3.036945e+01	3.398723e-03
-3.026945e+01	3.418907e-03
-3.016945e+01	3.439274e-03
-3.006945e+01	3.459825e-03
-2.996945e+01	3.480564e-03
-2.986945e+01	3.501491e-03
-2.976945e+01	3.522610e-03
-2.966945e+01	3.543923e-03
-2.956945e+01	3.565432e-03
-2.946945e+01	3.587140e-03
-2.936945e+01	3.609049e-03
-2.926945e+01	3.631162e-03
-2.916945e+01	3.653481e-03
-2.906945e+01	3.676009e-03
-2.896945e+01	3.698748e-03
-2.886945e+01	3.721702e-03
-2.876945e+01	3.744873e-03
-2.866945e+01	3.768263e-03
-2.856945e+01	3.791876e-03
-2.846945e+01	3.815714e-03
-2.836945e+01	3.839781e-03
-2.826945e+01	3.864079e-03
-2.816945e+01	3.888611e-03
-2.806945e+01	3.913381e-03
-2.796945e+01	3.938391e-03
-2.786945e+01	3.963645e-03
-2.776945e+01	3.989146e-03
-2.766945e+01	4.014896e-03
-2.756945e+01	4.040900e-03
-2.746945e+01	4.067161e-03
-2.736945e+01	4.093682e-03
-2.726945e+01	4.120467e-03
-2.716945e+01	4.147519e-03
-2.706945e+01	4.174842e-03
-2.696945e+01	4.202440e-03
-2.686945e+01	4.230316e-03
-2.676945e+01	4.258474e-03
-2.666945e+01	4.286918e-03
-2.656945e+01	4.315652e-03
-2.646945e+01	4.344679e-03
-2.636945e+01	4.374005e-03
-2.626945e+01	4.403633e-03
-2.616945e+01	4.433567e-03
-2.606945e+01	4.463812e-03
-2.596945e+01	4.494372e-03
-2.586945e+01	4.525251e-03
-2.576945e+01	4.556455e-03
-2.566945e+01	4.587986e-03
-2.556945e+01	4.619852e-03
-2.546945e+01	4.652055e-03
-2.536945e+01	4.684601e-03
-2.526945e+01	4.717495e-03
-2.516945e+01	4.750742e-03
-2.506945e+01	4.784347e-03
-2.496945e+01	4.818316e-03
-2.486945e+01	4.852653e-03
-2.476945e+01	4.887364e-03
-2.466945e+01	4.922454e-03
-2.456945e+01	4.957930e-03
-2.446945e+01	4.993797e-03
-2.436945e+01	5.030061e-03
-2.426945e+01	5.066727e-03
-2.416945e+01	5.103802e-03
-2.406945e+01	5.141293e-03
-2.396945e+01	5.179204e-03
-2.386945e+01	5.217544e-03
-2.376945e+01	5.256317e-03
-2.366945e+01	5.295532e-03
-2.356945e+01	5.335195e-03
-2.346945e+01	5.375312e-03
-2.336945e+01	5.415892e-03
-2.326945e+01	5.456940e-03
-2.316945e+01	5.498465e-03
-2.306945e+01	5.540474e-03
-2.296945e+01	5.582974e-03
-2.286945e+01	5.625974e-03
-2.276945e+01	5.669482e-03
-2.266945e+01	5.713505e-03
-2.256945e+01	5.758052e-03
-2.246945e+01	5.803131e-03
-2.236945e+01	5.848752e-03
-2.226945e+01	5.894922e-03
-2.216945e+01	5.941652e-03
-2.206945e+01	5.988949e-03
-2.196945e+01	6.036824e-03
-2.186945e+01	6.085286e-03
-2.176945e+01	6.134345e-03
-2.166945e+01	6.184011e-03
-2.156945e+01	6.234294e-03
-2.146945e+01	6.285205e-03
-2.136945e+01	6.336754e-03
-2.126945e+01	6.388953e-03
-2.116945e+01	6.441811e-03
-2.106945e+01	6.495342e-03
-2.096945e+01	6.549556e-03
-2.086945e+01	6.604465e-03
-2.076945e+01	6.660081e-03
-2.066945e+01	6.716417e-03
-2.056945e+01	6.773486e-03
-2.046945e+01	6.831300e-03
-2.036945e+01	6.889873e-03
-2.026945e+01	6.949219e-03
-2.016945e+01	7.009351e-03
-2.006945e+01	7.070283e-03
-1.996945e+01	7.132030e-03
-1.986945e+01	7.194607e-03
-1.976945e+01	7.258030e-03
-1.966945e+01	7.322313e-03
-1.956945e+01	7.387473e-03
-1.946945e+01	7.453526e-03
-1.936945e+01	7.520488e-03
-1.926945e+01	7.588378e-03
-1.916945e+01	7.657212e-03
-1.906945e+01	7.727008e-03
-1.896945e+01	7.797785e-03
-1.886945e+01	7.869561e-03
-1.876945e+01	7.942357e-03
-1.866945e+01	8.016191e-03
-1.856945e+01	8.091084e-03
-1.846945e+01	8.167057e-03
-1.836945e+01	8.244130e-03
-1.826945e+01	8.322327e-03
-1.816945e+01	8.401668e-03
-1.806945e+01	8.482178e-03
-1.796945e+01	8.563880e-03
-1.786945e+01	8.646797e-03
-1.776945e+01	8.730956e-03
-1.766945e+01	8.816380e-03
-1.756945e+01	8.903096e-03
-1.746945e+01	8.991132e-03
-1.736945e+01	9.080514e-03
-1.726945e+01	9.171270e-03
-1.716945e+01	9.263430e-03
-1.706945e+01	9.357024e-03
-1.696945e+01	9.452082e-03
-1.686945e+01	9.548635e-03
-1.676945e+01	9.646716e-03
-1.666945e+01	9.746358e-03
-1.656945e+01	9.847595e-03
-1.646945e+01	9.950462e-03
-1.636945e+01	1.005500e-02
-1.626945e+01	1.016123e-02
-1.616945e+01	1.026921e-02
-1.606945e+01	1.037897e-02
-1.596945e+01	1.049055e-02
-1.586945e+01	1.060399e-02
-1.576945e+01	1.071933e-02
-1.566945e+01	1.083663e-02
-1.556945e+01	1.095592e-02
-1.546945e+01	1.107725e-02
-1.536945e+01	1.120067e-02
-1.526945e+01	1.132623e-02
-1.516945e+01	1.145398e-02
-1.506945e+01	1.158397e-02
-1.496945e+01	1.171626e-02
-1.486945e+01	1.185090e-02
-1.476945e+01	1.198795e-02
-1.466945e+01	1.212747e-02
-1.456945e+01	1.226952e-02
-1.446945e+01	1.241417e-02
-1.436945e+01	1.256147e-02
-1.426945e+01	1.271151e-02
-1.416945e+01	1.286434e-02
-1.406945e+01	1.302003e-02
-1.396945e+01	1.317868e-02
-1.386945e+01	1.334034e-02
-1.376945e+01	1.350510e-02
-1.366945e+01	1.367304e-02
-1.356945e+01	1.384425e-02
-1.346945e+01	1.401881e-02
-1.336945e+01	1.419682e-02
-1.326945e+01	1.437837e-02
-1.316945e+01	1.456356e-02
-1.306945e+01	1.475248e-02
-1.296945e+01	1.494524e-02
-1.286945e+01	1.514196e-02
-1.276945e+01	1.534274e-02
-1.266945e+01	1.554769e-02
-1.256945e+01	1.575695e-02
-1.246945e+01	1.597063e-02
-1.236945e+01	1.618887e-02
-1.226945e+01	1.641179e-02
-1.216945e+01	1.663955e-02
-1.206945e+01	1.687228e-02
-1.196945e+01	1.711013e-02
-1.186945e+01	1.735327e-02
-1.176945e+01	1.760185e-02
-1.166945e+01	1.785604e-02
-1.156945e+01	1.811603e-02
-1.146945e+01	1.838200e-02
-1.136945e+01	1.865413e-02
-1.126945e+01	1.893262e-02
-1.116945e+01	1.921769e-02
-1.106945e+01	1.950955e-02
-1.096945e+01	1.980842e-02
-1.086945e+01	2.011454e-02
-1.076945e+01	2.042816e-02
-1.066945e+01	2.074952e-02
-1.056945e+01	2.107891e-02
-1.046945e+01	2.141660e-02
-1.036945e+01	2.176288e-02
-1.026945e+01	2.211805e-02
-1.016945e+01	2.248244e-02
-1.006945e+01	2.285638e-02
-9.969451e+00	2.324023e-02
-9.869451e+00	2.363434e-02
-9.769451e+00	2.403911e-02
-9.669451e+00	2.445493e-02
-9.569451e+00	2.488224e-02
-9.469451e+00	2.532147e-02
-9.369451e+00	2.577310e-02
-9.269451e+00	2.623762e-02
-9.169451e+00	2.671554e-02
-9.069451e+00	2.720741e-02
-8.969451e+00	2.771380e-02
-8.869451e+00	2.823531e-02
-8.769451e+00	2.877258e-02
-8.669451e+00	2.932629e-02
-8.569451e+00	2.989714e-02
-8.469451e+00	3.048588e-02
-8.369451e+00	3.109330e-02
-8.269451e+00	3.172024e-02
-8.169451e+00	3.236759e-02
-8.069451e+00	3.303629e-02
-7.969451e+00	3.372734e-02
-7.869451e+00	3.444179e-02
-7.769451e+00	3.518077e-02
-7.669451e+00	3.594548e-02
-7.569451e+00	3.673718e-02
-7.469451e+00	3.755724e-02
-7.369451e+00	3.840709e-02
-7.269451e+00	3.928829e-02
-7.169451e+00	4.020247e-02
-7.069451e+00	4.115140e-02
-6.969451e+00	4.213697e-02
-6.869451e+00	4.316120e-02
-6.769451e+00	4.422626e-02
-6.669451e+00	4.533448e-02
-6.569451e+00	4.648837e-02
-6.469451e+00	4.769064e-02
-6.369451e+00	4.894419e-02
-6.269451e+00	5.025219e-02
-6.169451e+00	5.161803e-02
-6.069451e+00	5.304540e-02
-5.969451e+00	5.453833e-02
-5.869451e+00	5.610116e-02
-5.769451e+00	5.773864e-02
-5.669451e+00	5.945595e-02
-5.569451e+00	6.125875e-02
-5.469451e+00	6.315324e-02
-5.369451e+00	6.514622e-02
-5.269451e+00	6.724520e-02
-5.169451e+00	6.945843e-02
-5.069451e+00	7.179505e-02
-4.969451e+00	7.426520e-02
-4.869451e+00	7.688012e-02
-4.769451e+00	7.965239e-02
-4.669451e+00	8.259605e-02
-4.569451e+00	8.572687e-02
-4.469451e+00	8.906262e-02
-4.369451e+00	9.262338e-02
-4.269451e+00	9.643195e-02
-4.169451e+00	1.005144e-01
-4.069451e+00	1.049004e-01
-3.969451e+00	1.096243e-01
-3.869451e+00	1.147260e-01
-3.769451e+00	1.202515e-01
-3.669451e+00	1.262553e-01
-3.569451e+00	1.328013e-01
-3.469451e+00	1.399655e-01
-3.369451e+00	1.478394e-01
-3.269451e+00	1.565333e-01
-3.169451e+00	1.661820e-01
-3.069451e+00	1.769521e-01
-2.969451e+00	1.890517e-01
-2.869451e+00	2.027439e-01
-2.769451e+00	2.183670e-01
-2.669451e+00	2.363622e-01
-2.569451e+00	2.573152e-01
-2.469451e+00	2.820197e-01
-2.369451e+00	3.115744e-01
-2.269451e+00	3.475388e-01
-2.169451e+00	3.921876e-01
-2.069451e+00	4.489426e-01
-1.969451e+00	5.231277e-01
-1.869451e+00	6.233350e-01
-1.769451e+00	7.639515e-01
-1.669451e+00	9.698248e-01
-1.569451e+00	1.284086e+00
-1.469451e+00	1.775285e+00
-1.369451e+00	2.505994e+00
-1.269451e+00	3.321060e+00
-1.169451e+00	3.572592e+00
-1.069451e+00	2.999604e+00
-9.694509e-01	2.265830e+00
-8.694509e-01	1.758400e+00
-7.694509e-01	1.474430e+00
-6.694509e-01	1.343595e+00
-5.694509e-01	1.318999e+00
-4.694509e-01	1.379073e+00
-3.694509e-01	1.517835e+00
-2.694509e-01	1.740227e+00
-1.694509e-01	2.072473e+00
-6.945093e-02	2.560428e+00
3.054907e-02	3.253660e+00
1.305491e-01	4.125292e+00
2.305491e-01	5.088359e+00
3.305491e-01	6.351972e+00
4.305491e-01	8.365613e+00
5.305491e-01	1.145911e+01
6.305491e-01	1.475698e+01
7.305491e-01	1.580687e+01
8.305491e-01	1.405248e+01
9.305491e-01	1.086727e+01
1.030549e+00	7.844880e+00
1.130549e+00	5.777302e+00
1.230549e+00	4.559370e+00
1.330549e+00	3.936547e+00
1.430549e+00	3.761070e+00
1.530549e+00	4.006284e+00
1.630549e+00	4.760668e+00
1.730549e+00	6.208066e+00
1.830549e+00	8.378731e+00
1.930549e+00	1.021342e+01
2.030549e+00	9.659144e+00
2.130549e+00	7.270833e+00
2.230549e+00	5.051985e+00
2.330549e+00	3.555847e+00
2.430549e+00	2.608380e+00
2.530549e+00	1.997716e+00
2.630549e+00	1.587737e+00
2.730549e+00	1.301746e+00
2.830549e+00	1.096978e+00
2.930549e+00	9.472445e-01
3.030549e+00	8.339312e-01
3.130549e+00	7.425386e-01
3.230549e+00	6.670446e-01
3.330549e+00	6.061683e-01
3.430549e+00	5.577074e-01
3.530549e+00	5.192214e-01
3.630549e+00	4.886869e-01
3.730549e+00	4.646147e-01
3.830549e+00	4.459609e-01
3.930549e+00	4.320130e-01
4.030549e+00	4.223142e-01
4.130549e+00	4.166247e-01
4.230549e+00	4.149042e-01
4.330549e+00	4.173179e-01
4.430549e+00	4.243281e-01
4.530549e+00	4.364718e-01
4.630549e+00	4.527768e-01
4.730549e+00	4.700449e-01
4.830549e+00	4.891990e-01
4.930549e+00	5.157337e-01
5.030549e+00	5.538092e-01
5.130549e+00	6.073783e-01
5.230549e+00	6.825379e-01
5.330549e+00	7.887393e-01
5.430549e+00	9.397988e-01
5.530549e+00	1.140908e+00
5.630549e+00	1.330066e+00
5.730549e+00	1.394774e+00
5.830549e+00	1.386346e+00
5.930549e+00	1.431257e+00
6.030549e+00	1.575004e+00
6.130549e+00	1.833790e+00
6.230549e+00	2.239917e+00
6.330549e+00	2.861229e+00
6.430549e+00	3.824910e+00
6.530549e+00	5.355634e+00
6.630549e+00	7.792956e+00
6.730549e+00	1.132124e+01
6.830549e+00	1.468174e+01
6.930549e+00	1.463667e+01
7.030549e+00	1.126557e+01
7.130549e+00	7.801359e+00
7.230549e+00	5.435439e+00
7.330549e+00	3.968203e+00
7.430549e+00	3.062859e+00
7.530549e+00	2.498179e+00
7.630549e+00	2.148208e+00
7.730549e+00	1.943454e+00
7.830549e+00	1.846925e+00
7.930549e+00	1.841771e+00
8.030549e+00	1.925861e+00
8.130549e+00	2.110961e+00
8.230549e+00	2.426093e+00
8.330549e+00	2.926526e+00
8.430549e+00	3.712154e+00
8.530549e+00	4.961389e+00
8.630549e+00	6.979553e+00
8.730549e+00	1.018078e+01
8.830549e+00	1.453154e+01
8.930549e+00	1.772468e+01
9.030549e+00	1.623235e+01
9.130549e+00	1.185122e+01
9.230549e+00	8.041599e+00
9.330549e+00	5.528734e+00
9.430549e+00	3.951229e+00
9.530549e+00	2.941722e+00
9.630549e+00	2.272362e+00
9.730549e+00	1.813069e+00
9.830549e+00	1.489792e+00
9.930549e+00	1.260174e+00
1.003055e+01	1.100130e+00
1.013055e+01	9.924495e-01
1.023055e+01	9.075957e-01
1.033055e+01	8.061242e-01
1.043055e+01	6.945520e-01
1.053055e+01	6.002970e-01
1.063055e+01	5.284793e-01
1.073055e+01	4.737154e-01
1.083055e+01	4.292324e-01
1.093055e+01	3.912955e-01
1.103055e+01	3.606532e-01
1.113055e+01	3.373558e-01
1.123055e+01	3.175506e-01
1.133055e+01	2.949630e-01
1.143055e+01	2.707960e-01
1.153055e+01	2.500867e-01
1.163055e+01	2.339591e-01
1.173055e+01	2.208703e-01
1.183055e+01	2.080822e-01
1.193055e+01	1.944320e-01
1.203055e+01	1.815428e-01
1.213055e+01	1.702031e-01
1.223055e+01	1.600641e-01
1.233055e+01	1.511343e-01
1.243055e+01	1.433962e-01
1.253055e+01	1.365276e-01
1.263055e+01	1.300714e-01
1.273055e+01	1.239635e-01
1.283055e+01	1.183467e-01
1.293055e+01	1.131888e-01
1.303055e+01	1.084806e-01
1.313055e+01	1.042303e-01
1.323055e+01	1.004285e-01
1.333055e+01	9.708937e-02
1.343055e+01	9.427404e-02
1.353055e+01	9.208882e-02
1.363055e+01	9.057818e-02
1.373055e+01	8.953936e-02
1.383055e+01	8.862055e-02
1.393055e+01	8.663759e-02
1.403055e+01	8.251878e-02
1.413055e+01	7.774049e-02
1.423055e+01	7.366494e-02
1.433055e+01	7.041255e-02
1.443055e+01	6.777712e-02
1.453055e+01	6.558503e-02
1.463055e+01	6.364161e-02
1.473055e+01	6.166590e-02
1.483055e+01	5.961601e-02
1.493055e+01	5.767815e-02
1.503055e+01	5.591483e-02
1.513055e+01	5.430047e-02
1.523055e+01	5.280311e-02
1.533055e+01	5.140052e-02
1.543055e+01	5.007824e-02
1.553055e+01	4.882658e-02
1.563055e+01	4.763870e-02
1.573055e+01	4.650956e-02
1.583055e+01	4.543535e-02
1.593055e+01	4.441312e-02
1.603055e+01	4.344064e-02
1.613055e+01	4.251626e-02
1.623055e+01	4.163895e-02
1.633055e+01	4.080826e-02
1.643055e+01	4.002441e-02
1.653055e+01	3.928843e-02
1.663055e+01	3.860234e-02
1.673055e+01	3.796951e-02
1.683055e+01	3.739512e-02
1.693055e+01	3.688692e-02
1.703055e+01	3.645645e-02
1.713055e+01	3.612103e-02
1.723055e+01	3.590699e-02
1.733055e+01	3.585538e-02
1.743055e+01	3.603210e-02
1.753055e+01	3.654642e-02
1.763055e+01	3.758538e-02
1.773055e+01	3.947469e-02
1.783055e+01	4.275948e-02
1.793055e+01	4.813606e-02
1.803055e+01	5.535909e-02
1.813055e+01	6.034675e-02
1.823055e+01	5.813747e-02
1.833055e+01	5.143274e-02
1.843055e+01	4.493329e-02
1.853055e+01	4.048757e-02
1.863055e+01	3.796302e-02
1.873055e+01	3.685829e-02
1.883055e+01	3.689337e-02
1.893055e+01	3.806516e-02
1.903055e+01	4.064893e-02
1.913055e+01	4.521390e-02
1.923055e+01	5.239935e-02
1.933055e+01	6.200954e-02
1.943055e+01	7.361441e-02
1.953055e+01	8.877013e-02
1.963055e+01	1.029982e-01
1.973055e+01	1.030465e-01
1.983055e+01	8.709467e-02
1.993055e+01	6.798618e-02
2.003055e+01	5.360776e-02
2.013055e+01	4.390716e-02
2.023055e+01	3.730353e-02
2.033055e+01	3.279384e-02
2.043055e+01	2.967353e-02
2.053055e+01	2.745751e-02
2.063055e+01	2.584556e-02
2.073055e+01	2.466335e-02
2.083055e+01	2.381124e-02
2.093055e+01	2.324264e-02
2.103055e+01	2.295630e-02
2.113055e+01	2.299972e-02
2.123055e+01	2.348011e-02
2.133055e+01	2.457202e-02
2.143055e+01	2.652187e-02
2.153055e+01	2.931399e-02
2.163055e+01	3.143027e-02
2.173055e+01	3.082522e-02
2.183055e+01	2.853685e-02
2.193055e+01	2.633734e-02
2.203055e+01	2.512917e-02
2.213055e+01	2.491729e-02
2.223055e+01	2.448373e-02
2.233055e+01	2.273110e-02
2.243055e+01	2.055629e-02
2.253055e+01	1.885236e-02
2.263055e+01	1.766604e-02
2.273055e+01	1.682569e-02
2.283055e+01	1.619486e-02
2.293055e+01	1.569718e-02
2.303055e+01	1.528925e-02
2.313055e+01	1.494478e-02
2.323055e+01	1.464846e-02
2.333055e+01	1.438965e-02
2.343055e+01	1.416111e-02
2.353055e+01	1.395857e-02
2.363055e+01	1.378034e-02
2.373055e+01	1.362732e-02
2.383055e+01	1.350379e-02
2.393055e+01	1.341871e-02
2.403055e+01	1.338528e-02
2.413055e+01	1.340516e-02
2.423055e+01	1.342229e-02
2.433055e+01	1.336616e-02
2.443055e+01	1.330074e-02
2.453055e+01	1.331201e-02
2.463055e+01	1.338543e-02
2.473055e+01	1.333902e-02
2.483055e+01	1.309436e-02
2.493055e+01	1.285661e-02
2.503055e+01	1.276054e-02
2.513055e+01	1.282326e-02
2.523055e+01	1.297516e-02
2.533055e+01	1.300177e-02
2.543055e+01	1.279603e-02
2.553055e+01	1.256679e-02
2.563055e+01	1.246196e-02
2.573055e+01	1.250365e-02
2.583055e+01	1.270118e-02
2.593055e+01	1.309737e-02
2.603055e+01	1.379587e-02
2.613055e+01	1.495254e-02
2.623055e+01	1.662432e-02
2.633055e+01	1.818607e-02
2.643055e+01	1.834243e-02
2.653055e+01	1.747116e-02
2.663055e+01	1.701545e-02
2.673055e+01	1.732308e-02
2.683055e+01	1.762213e-02
2.693055e+01	1.708577e-02
2.703055e+01	1.632193e-02
2.713055e+01	1.607356e-02
2.723055e+01	1.651506e-02
2.733055e+01	1.767723e-02
2.743055e+01	1.961313e-02
2.753055e+01	2.222871e-02
2.763055e+01	2.510901e-02
2.773055e+01	2.816307e-02
2.783055e+01	3.085906e-02
2.793055e+01	3.161796e-02
2.803055e+01	3.123642e-02
2.813055e+01	3.208742e-02
2.823055e+01	3.598067e-02
2.833055e+01	4.316716e-02
2.843055e+01	5.073382e-02
2.853055e+01	5.311720e-02
2.863055e+01	5.101123e-02
2.873055e+01	5.021176e-02
2.883055e+01	5.128207e-02
2.893055e+01	4.868602e-02
2.903055e+01	4.093956e-02
2.913055e+01	3.264664e-02
2.923055e+01	2.659764e-02
2.933055e+01	2.292276e-02
2.943055e+01	2.088079e-02
2.953055e+01	1.996509e-02
2.963055e+01	2.001382e-02
2.973055e+01	2.092410e-02
2.983055e+01	2.302982e-02
2.993055e+01	2.720225e-02
3.003055e+01	3.386136e-02
3.013055e+01	4.026151e-02
3.023055e+01	3.979622e-02
3.033055e+01	3.288511e-02
3.043055e+01	2.593988e-02
3.053055e+01	2.116494e-02
3.063055e+01	1.820107e-02
3.073055e+01	1.652309e-02
3.083055e+01	1.554398e-02
3.093055e+01	1.458938e-02
3.103055e+01	1.348140e-02
3.113055e+01	1.255874e-02
3.123055e+01	1.199199e-02
3.133055e+01	1.177957e-02
3.143055e+01	1.189771e-02
3.153055e+01	1.235529e-02
3.163055e+01	1.320569e-02
3.173055e+01	1.459149e-02
3.183055e+01	1.683780e-02
3.193055e+01	2.051362e-02
3.203055e+01	2.636055e-02
3.213055e+01	3.455689e-02
3.223055e+01	4.210783e-02
3.233055e+01	4.277743e-02
3.243055e+01	3.635895e-02
3.253055e+01	2.831346e-02
3.263055e+01	2.198943e-02
3.273055e+01	1.788765e-02
3.283055e+01	1.543571e-02
3.293055e+01	1.387278e-02
3.303055e+01	1.264880e-02
3.313055e+01	1.175581e-02
3.323055e+01	1.127194e-02
3.333055e+01	1.116957e-02
3.343055e+01	1.132881e-02
3.353055e+01	1.167705e-02
3.363055e+01	1.214614e-02
3.373055e+01	1.231447e-02
3.383055e+01	1.224737e-02
3.393055e+01	1.234865e-02
3.403055e+01	1.268948e-02
3.413055e+01	1.350424e-02
3.423055e+01	1.524477e-02
3.433055e+01	1.806300e-02
3.443055e+01	2.130255e-02
3.453055e+01	2.288984e-02
3.463055e+01	2.117406e-02
3.473055e+01	1.771810e-02
3.483055e+01	1.444113e-02
3.493055e+01	1.213477e-02
3.503055e+01	1.078980e-02
3.513055e+01	1.018095e-02
3.523055e+01	1.015295e-02
3.533055e+01	1.061080e-02
3.543055e+01	1.147635e-02
3.553055e+01	1.260021e-02
3.563055e+01	1.310763e-02
3.573055e+01	1.205365e-02
3.583055e+01	1.041934e-02
3.593055e+01	9.238930e-03
3.603055e+01	8.657348e-03
3.613055e+01	8.599811e-03
3.623055e+01	9.065134e-03
3.633055e+01	1.012085e-02
3.643055e+01	1.161523e-02
3.653055e+01	1.244877e-02
3.663055e+01	1.146922e-02
3.673055e+01	9.703396e-03
3.683055e+01	8.314196e-03
3.693055e+01	7.450005e-03
3.703055e+01	6.964657e-03
3.713055e+01	6.747290e-03
3.723055e+01	6.741236e-03
3.733055e+01	6.932617e-03
3.743055e+01	7.355190e-03
3.753055e+01	8.091007e-03
3.763055e+01	9.233952e-03
3.773055e+01	1.079504e-02
3.783055e+01	1.203481e-02
3.793055e+01	1.148745e-02
3.803055e+01	9.656508e-03
3.813055e+01	8.005273e-03
3.823055e+01	6.903762e-03
3.833055e+01	6.208394e-03
3.843055e+01	5.763631e-03
3.853055e+01	5.464088e-03
3.863055e+01	5.249376e-03
3.873055e+01	5.104939e-03
3.883055e+01	5.029460e-03
3.893055e+01	5.015832e-03
3.903055e+01	5.024199e-03
3.913055e+01	4.978671e-03
3.923055e+01	4.882751e-03
3.933055e+01	4.795938e-03
3.943055e+01	4.742842e-03
3.953055e+01	4.726791e-03
3.963055e+01	4.744521e-03
3.973055e+01	4.793673e-03
3.983055e+01	4.874981e-03
3.993055e+01	4.994082e-03
4.003055e+01	5.161219e-03
4.013055e+01	5.389935e-03
4.023055e+01	5.708149e-03
4.033055e+01	6.169805e-03
4.043055e+01	6.803720e-03
4.053055e+01	7.455575e-03
4.063055e+01	7.821060e-03
4.073055e+01	8.048722e-03
4.083055e+01	8.546241e-03
4.093055e+01	9.474610e-03
4.103055e+01	1.083075e-02
4.113055e+01	1.277182e-02
4.123055e+01	1.587884e-02
4.133055e+01	2.101941e-02
4.143055e+01	2.917884e-02
4.153055e+01	3.987562e-02
4.163055e+01	4.673666e-02
4.173055e+01	4.232854e-02
4.183055e+01	3.243862e-02
4.193055e+01	2.410834e-02
4.203055e+01	1.824817e-02
4.213055e+01	1.437679e-02
4.223055e+01	1.198118e-02
4.233055e+01	1.059217e-02
4.243055e+01	9.789405e-03
4.253055e+01	9.032980e-03
4.263055e+01	8.033096e-03
4.273055e+01	7.024842e-03
4.283055e+01	6.196857e-03
4.293055e+01	5.577575e-03
4.303055e+01	5.131150e-03
4.313055e+01	4.807104e-03
4.323055e+01	4.567934e-03
4.333055e+01	4.390819e-03
4.343055e+01	4.260891e-03
4.353055e+01	4.166887e-03
4.363055e+01	4.104433e-03
4.373055e+01	4.078584e-03
4.383055e+01	4.098460e-03
4.393055e+01	4.179338e-03
4.403055e+01	4.349444e-03
4.413055e+01	4.656238e-03
4.423055e+01	5.153522e-03
4.433055e+01	5.797749e-03
4.443055e+01	6.323120e-03
4.453055e+01	6.656726e-03
4.463055e+01	6.922346e-03
4.473055e+01	6.750385e-03
4.483055e+01	6.108478e-03
4.493055e+01	5.368238e-03
4.503055e+01	4.718484e-03
4.513055e+01	4.254582e-03
4.523055e+01	3.959884e-03
4.533055e+01	3.786064e-03
4.543055e+01	3.699936e-03
4.553055e+01	3.682683e-03
4.563055e+01	3.719850e-03
4.573055e+01	3.812217e-03
4.583055e+01	3.987109e-03
4.593055e+01	4.297022e-03
4.603055e+01	4.799856e-03
4.613055e+01	5.395904e-03
4.623055e+01	5.595424e-03
4.633055e+01	5.144493e-03
4.643055e+01	4.541239e-03
4.653055e+01	4.102587e-03
4.663055e+01	3.815906e-03
4.673055e+01	3.612024e-03
4.683055e+01	3.466972e-03
4.693055e+01	3.375916e-03
4.703055e+01	3.329611e-03
4.713055e+01	3.318069e-03
4.723055e+01	3.337136e-03
4.733055e+01	3.391997e-03
4.743055e+01	3.493068e-03
4.753055e+01	3.656356e-03
4.763055e+01	3.908326e-03
4.773055e+01	4.287509e-03
4.783055e+01	4.817438e-03
4.793055e+01	5.371490e-03
4.803055e+01	5.621267e-03
4.813055e+01	5.609366e-03
4.823055e+01	5.742477e-03
4.833055e+01	6.244452e-03
4.843055e+01	7.250509e-03
4.853055e+01	8.992025e-03
4.863055e+01	1.186501e-02
4.873055e+01	1.621384e-02
4.883055e+01	2.097265e-02
4.893055e+01	2.214208e-02
4.903055e+01	1.843138e-02
4.913055e+01	1.390915e-02
4.923055e+01	1.070579e-02
4.933055e+01	8.575296e-03
4.943055e+01	7.053099e-03
4.953055e+01	5.940053e-03
4.963055e+01	5.145516e-03
4.973055e+01	4.614136e-03
4.983055e+01	4.272047e-03
4.993055e+01	4.060823e-03
5.003055e+01	3.941644e-03
5.013055e+01	3.844378e-03
5.023055e+01	3.739884e-03
5.033055e+01	3.620517e-03
5.043055e+01	3.499467e-03
5.053055e+01	3.443166e-03
5.063055e+01	3.507862e-03
5.073055e+01	3.730242e-03
5.083055e+01	4.072954e-03
5.093055e+01	4.267581e-03
5.103055e+01	4.045041e-03
5.113055e+01	3.659871e-03
5.123055e+01	3.402167e-03
5.133055e+01	3.328437e-03
5.143055e+01	3.420818e-03
5.153055e+01	3.587604e-03
5.163055e+01	3.582136e-03
5.173055e+01	3.322785e-03
5.183055e+01	3.036346e-03
5.193055e+01	2.833759e-03
5.203055e+01	2.691611e-03
5.213055e+01	2.591589e-03
5.223055e+01	2.534789e-03
5.233055e+01	2.518777e-03
5.243055e+01	2.543219e-03
5.253055e+01	2.616068e-03
5.263055e+01	2.757172e-03
5.273055e+01	2.994680e-03
5.283055e+01	3.321940e-03
5.293055e+01	3.579983e-03
5.303055e+01	3.576869e-03
5.313055e+01	3.477474e-03
5.323055e+01	3.494835e-03
5.333055e+01	3.687141e-03
5.343055e+01	4.094076e-03
5.353055e+01	4.613387e-03
5.363055e+01	4.769889e-03
5.373055e+01	4.339087e-03
5.383055e+01	3.750724e-03
5.393055e+01	3.235715e-03
5.403055e+01	2.839627e-03
5.413055e+01	2.567697e-03
5.423055e+01	2.388428e-03
5.433055e+01	2.267873e-03
5.443055e+01	2.183499e-03
5.453055e+01	2.123684e-03
5.463055e+01	2.082544e-03
5.473055e+01	2.056444e-03
5.483055e+01	2.045104e-03
5.493055e+01	2.051186e-03
5.503055e+01	2.076068e-03
5.513055e+01	2.112785e-03
5.523055e+01	2.151806e-03
5.533055e+01	2.191455e-03
5.543055e+01	2.205660e-03
5.553055e+01	2.162495e-03
5.563055e+01	2.078059e-03
5.573055e+01	1.999678e-03
5.583055e+01	1.946010e-03
5.593055e+01	1.915485e-03
5.603055e+01	1.900421e-03
5.613055e+01	1.886702e-03
5.623055e+01	1.865762e-03
5.633055e+01	1.844373e-03
5.643055e+01	1.825870e-03
5.653055e+01	1.809518e-03
5.663055e+01	1.796459e-03
5.673055e+01	1.787232e-03
5.683055e+01	1.780916e-03
5.693055e+01	1.776637e-03
5.703055e+01	1.774311e-03
5.713055e+01	1.773991e-03
5.723055e+01	1.775410e-03
5.733055e+01	1.777695e-03
5.743055e+01	1.780521e-03
5.753055e+01	1.784999e-03
5.763055e+01	1.791784e-03
5.773055e+01	1.800327e-03
5.783055e+01	1.809769e-03
5.793055e+01	1.819203e-03
5.803055e+01	1.828616e-03
5.813055e+01	1.840116e-03
5.823055e+01	1.855003e-03
5.833055e+01	1.873647e-03
5.843055e+01	1.896377e-03
5.853055e+01	1.923771e-03
5.863055e+01	1.956712e-03
5.873055e+01	1.996217e-03
5.883055e+01	2.042766e-03
5.893055e+01	2.096311e-03
5.903055e+01	2.159050e-03
5.913055e+01	2.236404e-03
5.923055e+01	2.335153e-03
5.933055e+01	2.464277e-03
5.943055e+01	2.638144e-03
5.953055e+01	2.879611e-03
5.963055e+01	3.215969e-03
5.973055e+01	3.634300e-03
5.983055e+01	3.981159e-03
5.993055e+01	4.124709e-03
6.003055e+01	4.253780e-03
6.013055e+01	4.567341e-03
6.023055e+01	5.147837e-03
6.033055e+01	6.077172e-03
6.043055e+01	7.472752e-03
6.053055e+01	9.397549e-03
6.063055e+01	1.175538e-02
6.073055e+01	1.445192e-02
6.083055e+01	1.810066e-02
6.093055e+01	2.408843e-02
6.103055e+01	3.207138e-02
6.113055e+01	3.639394e-02
6.123055e+01	3.164421e-02
6.133055e+01	2.322734e-02
6.143055e+01	1.661971e-02
6.153055e+01	1.230967e-02
6.163055e+01	9.584380e-03
6.173055e+01	7.955499e-03
6.183055e+01	7.116905e-03
6.193055e+01	6.864482e-03
6.203055e+01	6.973245e-03
6.213055e+01	7.074079e-03
6.223055e+01	6.805914e-03
6.233055e+01	6.445959e-03
6.243055e+01	6.231291e-03
6.253055e+01	5.747471e-03
6.263055e+01	4.936139e-03
6.273055e+01	4.205638e-03
6.283055e+01	3.716179e-03
6.293055e+01	3.442620e-03
6.303055e+01	3.278614e-03
6.313055e+01	3.104913e-03
6.323055e+01	2.939295e-03
6.333055e+01	2.850723e-03
6.343055e+01	2.861025e-03
6.353055e+01	2.980813e-03
6.363055e+01	3.217658e-03
6.373055e+01	3.537829e-03
6.383055e+01	3.834973e-03
6.393055e+01	4.051177e-03
6.403055e+01	4.323529e-03
6.413055e+01	4.829382e-03
6.423055e+01	5.742121e-03
6.433055e+01	7.180494e-03
6.443055e+01	8.628096e-03
6.453055e+01	8.711021e-03
6.463055e+01	7.415216e-03
6.473055e+01	6.160215e-03
6.483055e+01	5.510049e-03
6.493055e+01	5.426628e-03
6.503055e+01	5.825016e-03
6.513055e+01	6.550793e-03
6.523055e+01	7.178026e-03
6.533055e+01	7.117203e-03
6.543055e+01	6.623684e-03
6.553055e+01	6.049449e-03
6.563055e+01	5.174765e-03
6.573055e+01	4.215641e-03
6.583055e+01	3.459992e-03
6.593055e+01	2.935281e-03
6.603055e+01	2.588860e-03
6.613055e+01	2.348158e-03
6.623055e+01	2.167856e-03
6.633055e+01	2.038226e-03
6.643055e+01	1.952159e-03
6.653055e+01	1.901091e-03
6.663055e+01	1.880649e-03
6.673055e+01	1.889456e-03
6.683055e+01	1.930966e-03
6.693055e+01	2.017911e-03
6.703055e+01	2.175013e-03
6.713055e+01	2.444131e-03
6.723055e+01	2.885056e-03
6.733055e+01	3.507008e-03
6.743055e+01	4.025299e-03
6.753055e+01	3.914183e-03
6.763055e+01	3.335459e-03
6.773055e+01	2.812187e-03
6.783055e+01	2.484578e-03
6.793055e+01	2.315817e-03
6.803055e+01	2.274768e-03
6.813055e+01	2.354449e-03
6.823055e+01	2.574548e-03
6.833055e+01	2.990681e-03
6.843055e+01	3.684692e-03
6.853055e+01	4.622664e-03
6.863055e+01	5.257412e-03
6.873055e+01	4.902471e-03
6.883055e+01	4.027442e-03
6.893055e+01	3.324308e-03
6.903055e+01	2.937636e-03
6.913055e+01	2.793012e-03
6.923055e+01	2.799718e-03
6.933055e+01	2.950169e-03
6.943055e+01	3.329830e-03
6.953055e+01	3.886694e-03
6.963055e+01	4.150088e-03
6.973055e+01	3.720332e-03
6.983055e+01	3.026186e-03
6.993055e+01	2.465559e-03
