#RPA-results:
#Nucleus: Ni 74
#Fermi level: -4.992964e+00	-1.506242e+01
#Excitation: 1 +
#Total number of pairs: 1032
#Number of ph-/ah-pairs: 1032/0
#Maximal excitation-energy for particle-hole-pairs: 100
#Maximal excitation-energy for antiparticle-hole-pairs: 1000
#No imaginary eigenvalues

#Parameterset: DD-PC1
#natural parity: no
#Isoscalar result:

#width: 5.000000e-01
#maximum value: 1.983539e-03
#at energy: 6.993055e+01
-9.006945e+01	4.626025e-04
-8.996945e+01	4.635963e-04
-8.986945e+01	4.645933e-04
-8.976945e+01	4.655935e-04
-8.966945e+01	4.665969e-04
-8.956945e+01	4.676036e-04
-8.946945e+01	4.686136e-04
-8.936945e+01	4.696268e-04
-8.926945e+01	4.706434e-04
-8.916945e+01	4.716632e-04
-8.906945e+01	4.726864e-04
-8.896945e+01	4.737129e-04
-8.886945e+01	4.747428e-04
-8.876945e+01	4.757761e-04
-8.866945e+01	4.768127e-04
-8.856945e+01	4.778527e-04
-8.846945e+01	4.788961e-04
-8.836945e+01	4.799430e-04
-8.826945e+01	4.809933e-04
-8.816945e+01	4.820471e-04
-8.806945e+01	4.831043e-04
-8.796945e+01	4.841651e-04
-8.786945e+01	4.852293e-04
-8.776945e+01	4.862970e-04
-8.766945e+01	4.873683e-04
-8.756945e+01	4.884432e-04
-8.746945e+01	4.895216e-04
-8.736945e+01	4.906036e-04
-8.726945e+01	4.916892e-04
-8.716945e+01	4.927784e-04
-8.706945e+01	4.938712e-04
-8.696945e+01	4.949677e-04
-8.686945e+01	4.960678e-04
-8.676945e+01	4.971716e-04
-8.666945e+01	4.982792e-04
-8.656945e+01	4.993904e-04
-8.646945e+01	5.005054e-04
-8.636945e+01	5.016241e-04
-8.626945e+01	5.027465e-04
-8.616945e+01	5.038728e-04
-8.606945e+01	5.050028e-04
-8.596945e+01	5.061367e-04
-8.586945e+01	5.072744e-04
-8.576945e+01	5.084159e-04
-8.566945e+01	5.095613e-04
-8.556945e+01	5.107106e-04
-8.546945e+01	5.118638e-04
-8.536945e+01	5.130209e-04
-8.526945e+01	5.141819e-04
-8.516945e+01	5.153469e-04
-8.506945e+01	5.165159e-04
-8.496945e+01	5.176889e-04
-8.486945e+01	5.188658e-04
-8.476945e+01	5.200468e-04
-8.466945e+01	5.212319e-04
-8.456945e+01	5.224210e-04
-8.446945e+01	5.236141e-04
-8.436945e+01	5.248114e-04
-8.426945e+01	5.260128e-04
-8.416945e+01	5.272184e-04
-8.406945e+01	5.284281e-04
-8.396945e+01	5.296420e-04
-8.386945e+01	5.308601e-04
-8.376945e+01	5.320823e-04
-8.366945e+01	5.333089e-04
-8.356945e+01	5.345397e-04
-8.346945e+01	5.357747e-04
-8.336945e+01	5.370141e-04
-8.326945e+01	5.382577e-04
-8.316945e+01	5.395057e-04
-8.306945e+01	5.407581e-04
-8.296945e+01	5.420148e-04
-8.286945e+01	5.432760e-04
-8.276945e+01	5.445415e-04
-8.266945e+01	5.458115e-04
-8.256945e+01	5.470859e-04
-8.246945e+01	5.483649e-04
-8.236945e+01	5.496483e-04
-8.226945e+01	5.509362e-04
-8.216945e+01	5.522287e-04
-8.206945e+01	5.535258e-04
-8.196945e+01	5.548274e-04
-8.186945e+01	5.561336e-04
-8.176945e+01	5.574445e-04
-8.166945e+01	5.587600e-04
-8.156945e+01	5.600802e-04
-8.146945e+01	5.614051e-04
-8.136945e+01	5.627347e-04
-8.126945e+01	5.640690e-04
-8.116945e+01	5.654081e-04
-8.106945e+01	5.667520e-04
-8.096945e+01	5.681007e-04
-8.086945e+01	5.694543e-04
-8.076945e+01	5.708127e-04
-8.066945e+01	5.721759e-04
-8.056945e+01	5.735441e-04
-8.046945e+01	5.749172e-04
-8.036945e+01	5.762952e-04
-8.026945e+01	5.776782e-04
-8.016945e+01	5.790662e-04
-8.006945e+01	5.804592e-04
-7.996945e+01	5.818573e-04
-7.986945e+01	5.832605e-04
-7.976945e+01	5.846687e-04
-7.966945e+01	5.860820e-04
-7.956945e+01	5.875005e-04
-7.946945e+01	5.889242e-04
-7.936945e+01	5.903530e-04
-7.926945e+01	5.917871e-04
-7.916945e+01	5.932264e-04
-7.906945e+01	5.946710e-04
-7.896945e+01	5.961209e-04
-7.886945e+01	5.975761e-04
-7.876945e+01	5.990367e-04
-7.866945e+01	6.005026e-04
-7.856945e+01	6.019739e-04
-7.846945e+01	6.034507e-04
-7.836945e+01	6.049329e-04
-7.826945e+01	6.064206e-04
-7.816945e+01	6.079138e-04
-7.806945e+01	6.094125e-04
-7.796945e+01	6.109168e-04
-7.786945e+01	6.124267e-04
-7.776945e+01	6.139422e-04
-7.766945e+01	6.154634e-04
-7.756945e+01	6.169902e-04
-7.746945e+01	6.185227e-04
-7.736945e+01	6.200610e-04
-7.726945e+01	6.216050e-04
-7.716945e+01	6.231548e-04
-7.706945e+01	6.247104e-04
-7.696945e+01	6.262719e-04
-7.686945e+01	6.278392e-04
-7.676945e+01	6.294125e-04
-7.666945e+01	6.309917e-04
-7.656945e+01	6.325768e-04
-7.646945e+01	6.341680e-04
-7.636945e+01	6.357652e-04
-7.626945e+01	6.373684e-04
-7.616945e+01	6.389777e-04
-7.606945e+01	6.405932e-04
-7.596945e+01	6.422148e-04
-7.586945e+01	6.438425e-04
-7.576945e+01	6.454765e-04
-7.566945e+01	6.471168e-04
-7.556945e+01	6.487633e-04
-7.546945e+01	6.504161e-04
-7.536945e+01	6.520752e-04
-7.526945e+01	6.537408e-04
-7.516945e+01	6.554127e-04
-7.506945e+01	6.570911e-04
-7.496945e+01	6.587759e-04
-7.486945e+01	6.604673e-04
-7.476945e+01	6.621652e-04
-7.466945e+01	6.638696e-04
-7.456945e+01	6.655807e-04
-7.446945e+01	6.672984e-04
-7.436945e+01	6.690228e-04
-7.426945e+01	6.707539e-04
-7.416945e+01	6.724917e-04
-7.406945e+01	6.742363e-04
-7.396945e+01	6.759878e-04
-7.386945e+01	6.777461e-04
-7.376945e+01	6.795112e-04
-7.366945e+01	6.812833e-04
-7.356945e+01	6.830624e-04
-7.346945e+01	6.848485e-04
-7.336945e+01	6.866416e-04
-7.326945e+01	6.884417e-04
-7.316945e+01	6.902490e-04
-7.306945e+01	6.920634e-04
-7.296945e+01	6.938850e-04
-7.286945e+01	6.957138e-04
-7.276945e+01	6.975499e-04
-7.266945e+01	6.993933e-04
-7.256945e+01	7.012440e-04
-7.246945e+01	7.031021e-04
-7.236945e+01	7.049676e-04
-7.226945e+01	7.068405e-04
-7.216945e+01	7.087210e-04
-7.206945e+01	7.106090e-04
-7.196945e+01	7.125046e-04
-7.186945e+01	7.144077e-04
-7.176945e+01	7.163186e-04
-7.166945e+01	7.182371e-04
-7.156945e+01	7.201634e-04
-7.146945e+01	7.220975e-04
-7.136945e+01	7.240393e-04
-7.126945e+01	7.259891e-04
-7.116945e+01	7.279467e-04
-7.106945e+01	7.299124e-04
-7.096945e+01	7.318860e-04
-7.086945e+01	7.338676e-04
-7.076945e+01	7.358573e-04
-7.066945e+01	7.378552e-04
-7.056945e+01	7.398612e-04
-7.046945e+01	7.418754e-04
-7.036945e+01	7.438979e-04
-7.026945e+01	7.459287e-04
-7.016945e+01	7.479679e-04
-7.006945e+01	7.500155e-04
-6.996945e+01	7.520715e-04
-6.986945e+01	7.541359e-04
-6.976945e+01	7.562090e-04
-6.966945e+01	7.582906e-04
-6.956945e+01	7.603808e-04
-6.946945e+01	7.624797e-04
-6.936945e+01	7.645874e-04
-6.926945e+01	7.667038e-04
-6.916945e+01	7.688291e-04
-6.906945e+01	7.709632e-04
-6.896945e+01	7.731063e-04
-6.886945e+01	7.752583e-04
-6.876945e+01	7.774194e-04
-6.866945e+01	7.795895e-04
-6.856945e+01	7.817688e-04
-6.846945e+01	7.839572e-04
-6.836945e+01	7.861549e-04
-6.826945e+01	7.883618e-04
-6.816945e+01	7.905781e-04
-6.806945e+01	7.928038e-04
-6.796945e+01	7.950389e-04
-6.786945e+01	7.972835e-04
-6.776945e+01	7.995377e-04
-6.766945e+01	8.018014e-04
-6.756945e+01	8.040748e-04
-6.746945e+01	8.063580e-04
-6.736945e+01	8.086509e-04
-6.726945e+01	8.109536e-04
-6.716945e+01	8.132662e-04
-6.706945e+01	8.155887e-04
-6.696945e+01	8.179213e-04
-6.686945e+01	8.202639e-04
-6.676945e+01	8.226166e-04
-6.666945e+01	8.249794e-04
-6.656945e+01	8.273525e-04
-6.646945e+01	8.297359e-04
-6.636945e+01	8.321297e-04
-6.626945e+01	8.345338e-04
-6.616945e+01	8.369484e-04
-6.606945e+01	8.393735e-04
-6.596945e+01	8.418093e-04
-6.586945e+01	8.442557e-04
-6.576945e+01	8.467127e-04
-6.566945e+01	8.491806e-04
-6.556945e+01	8.516593e-04
-6.546945e+01	8.541489e-04
-6.536945e+01	8.566495e-04
-6.526945e+01	8.591611e-04
-6.516945e+01	8.616839e-04
-6.506945e+01	8.642177e-04
-6.496945e+01	8.667628e-04
-6.486945e+01	8.693192e-04
-6.476945e+01	8.718870e-04
-6.466945e+01	8.744662e-04
-6.456945e+01	8.770569e-04
-6.446945e+01	8.796592e-04
-6.436945e+01	8.822731e-04
-6.426945e+01	8.848987e-04
-6.416945e+01	8.875361e-04
-6.406945e+01	8.901854e-04
-6.396945e+01	8.928465e-04
-6.386945e+01	8.955197e-04
-6.376945e+01	8.982049e-04
-6.366945e+01	9.009023e-04
-6.356945e+01	9.036118e-04
-6.346945e+01	9.063337e-04
-6.336945e+01	9.090679e-04
-6.326945e+01	9.118145e-04
-6.316945e+01	9.145737e-04
-6.306945e+01	9.173454e-04
-6.296945e+01	9.201298e-04
-6.286945e+01	9.229270e-04
-6.276945e+01	9.257370e-04
-6.266945e+01	9.285598e-04
-6.256945e+01	9.313957e-04
-6.246945e+01	9.342446e-04
-6.236945e+01	9.371066e-04
-6.226945e+01	9.399819e-04
-6.216945e+01	9.428704e-04
-6.206945e+01	9.457724e-04
-6.196945e+01	9.486878e-04
-6.186945e+01	9.516167e-04
-6.176945e+01	9.545593e-04
-6.166945e+01	9.575156e-04
-6.156945e+01	9.604857e-04
-6.146945e+01	9.634697e-04
-6.136945e+01	9.664677e-04
-6.126945e+01	9.694798e-04
-6.116945e+01	9.725060e-04
-6.106945e+01	9.755464e-04
-6.096945e+01	9.786012e-04
-6.086945e+01	9.816704e-04
-6.076945e+01	9.847542e-04
-6.066945e+01	9.878525e-04
-6.056945e+01	9.909655e-04
-6.046945e+01	9.940933e-04
-6.036945e+01	9.972361e-04
-6.026945e+01	1.000394e-03
-6.016945e+01	1.003567e-03
-6.006945e+01	1.006754e-03
-5.996945e+01	1.009958e-03
-5.986945e+01	1.013176e-03
-5.976945e+01	1.016410e-03
-5.966945e+01	1.019660e-03
-5.956945e+01	1.022925e-03
-5.946945e+01	1.026206e-03
-5.936945e+01	1.029503e-03
-5.926945e+01	1.032816e-03
-5.916945e+01	1.036145e-03
-5.906945e+01	1.039490e-03
-5.896945e+01	1.042852e-03
-5.886945e+01	1.046230e-03
-5.876945e+01	1.049624e-03
-5.866945e+01	1.053035e-03
-5.856945e+01	1.056463e-03
-5.846945e+01	1.059907e-03
-5.836945e+01	1.063369e-03
-5.826945e+01	1.066847e-03
-5.816945e+01	1.070343e-03
-5.806945e+01	1.073856e-03
-5.796945e+01	1.077386e-03
-5.786945e+01	1.080934e-03
-5.776945e+01	1.084500e-03
-5.766945e+01	1.088083e-03
-5.756945e+01	1.091684e-03
-5.746945e+01	1.095303e-03
-5.736945e+01	1.098940e-03
-5.726945e+01	1.102596e-03
-5.716945e+01	1.106269e-03
-5.706945e+01	1.109962e-03
-5.696945e+01	1.113672e-03
-5.686945e+01	1.117402e-03
-5.676945e+01	1.121150e-03
-5.666945e+01	1.124918e-03
-5.656945e+01	1.128704e-03
-5.646945e+01	1.132510e-03
-5.636945e+01	1.136335e-03
-5.626945e+01	1.140179e-03
-5.616945e+01	1.144043e-03
-5.606945e+01	1.147927e-03
-5.596945e+01	1.151831e-03
-5.586945e+01	1.155755e-03
-5.576945e+01	1.159699e-03
-5.566945e+01	1.163663e-03
-5.556945e+01	1.167648e-03
-5.546945e+01	1.171653e-03
-5.536945e+01	1.175679e-03
-5.526945e+01	1.179726e-03
-5.516945e+01	1.183794e-03
-5.506945e+01	1.187884e-03
-5.496945e+01	1.191994e-03
-5.486945e+01	1.196126e-03
-5.476945e+01	1.200280e-03
-5.466945e+01	1.204455e-03
-5.456945e+01	1.208652e-03
-5.446945e+01	1.212871e-03
-5.436945e+01	1.217113e-03
-5.426945e+01	1.221377e-03
-5.416945e+01	1.225663e-03
-5.406945e+01	1.229973e-03
-5.396945e+01	1.234305e-03
-5.386945e+01	1.238660e-03
-5.376945e+01	1.243038e-03
-5.366945e+01	1.247440e-03
-5.356945e+01	1.251865e-03
-5.346945e+01	1.256314e-03
-5.336945e+01	1.260787e-03
-5.326945e+01	1.265283e-03
-5.316945e+01	1.269804e-03
-5.306945e+01	1.274350e-03
-5.296945e+01	1.278920e-03
-5.286945e+01	1.283515e-03
-5.276945e+01	1.288134e-03
-5.266945e+01	1.292779e-03
-5.256945e+01	1.297449e-03
-5.246945e+01	1.302144e-03
-5.236945e+01	1.306865e-03
-5.226945e+01	1.311612e-03
-5.216945e+01	1.316386e-03
-5.206945e+01	1.321185e-03
-5.196945e+01	1.326010e-03
-5.186945e+01	1.330863e-03
-5.176945e+01	1.335742e-03
-5.166945e+01	1.340648e-03
-5.156945e+01	1.345581e-03
-5.146945e+01	1.350542e-03
-5.136945e+01	1.355530e-03
-5.126945e+01	1.360546e-03
-5.116945e+01	1.365591e-03
-5.106945e+01	1.370663e-03
-5.096945e+01	1.375764e-03
-5.086945e+01	1.380894e-03
-5.076945e+01	1.386052e-03
-5.066945e+01	1.391240e-03
-5.056945e+01	1.396457e-03
-5.046945e+01	1.401703e-03
-5.036945e+01	1.406979e-03
-5.026945e+01	1.412285e-03
-5.016945e+01	1.417622e-03
-5.006945e+01	1.422989e-03
-4.996945e+01	1.428386e-03
-4.986945e+01	1.433815e-03
-4.976945e+01	1.439275e-03
-4.966945e+01	1.444766e-03
-4.956945e+01	1.450288e-03
-4.946945e+01	1.455843e-03
-4.936945e+01	1.461430e-03
-4.926945e+01	1.467049e-03
-4.916945e+01	1.472701e-03
-4.906945e+01	1.478385e-03
-4.896945e+01	1.484103e-03
-4.886945e+01	1.489855e-03
-4.876945e+01	1.495639e-03
-4.866945e+01	1.501458e-03
-4.856945e+01	1.507311e-03
-4.846945e+01	1.513199e-03
-4.836945e+01	1.519121e-03
-4.826945e+01	1.525079e-03
-4.816945e+01	1.531071e-03
-4.806945e+01	1.537100e-03
-4.796945e+01	1.543164e-03
-4.786945e+01	1.549264e-03
-4.776945e+01	1.555401e-03
-4.766945e+01	1.561574e-03
-4.756945e+01	1.567784e-03
-4.746945e+01	1.574032e-03
-4.736945e+01	1.580318e-03
-4.726945e+01	1.586641e-03
-4.716945e+01	1.593003e-03
-4.706945e+01	1.599403e-03
-4.696945e+01	1.605842e-03
-4.686945e+01	1.612320e-03
-4.676945e+01	1.618838e-03
-4.666945e+01	1.625395e-03
-4.656945e+01	1.631993e-03
-4.646945e+01	1.638631e-03
-4.636945e+01	1.645310e-03
-4.626945e+01	1.652030e-03
-4.616945e+01	1.658792e-03
-4.606945e+01	1.665596e-03
-4.596945e+01	1.672441e-03
-4.586945e+01	1.679330e-03
-4.576945e+01	1.686261e-03
-4.566945e+01	1.693235e-03
-4.556945e+01	1.700253e-03
-4.546945e+01	1.707315e-03
-4.536945e+01	1.714421e-03
-4.526945e+01	1.721573e-03
-4.516945e+01	1.728769e-03
-4.506945e+01	1.736010e-03
-4.496945e+01	1.743298e-03
-4.486945e+01	1.750632e-03
-4.476945e+01	1.758012e-03
-4.466945e+01	1.765440e-03
-4.456945e+01	1.772915e-03
-4.446945e+01	1.780438e-03
-4.436945e+01	1.788009e-03
-4.426945e+01	1.795629e-03
-4.416945e+01	1.803298e-03
-4.406945e+01	1.811016e-03
-4.396945e+01	1.818785e-03
-4.386945e+01	1.826604e-03
-4.376945e+01	1.834473e-03
-4.366945e+01	1.842395e-03
-4.356945e+01	1.850367e-03
-4.346945e+01	1.858392e-03
-4.336945e+01	1.866470e-03
-4.326945e+01	1.874601e-03
-4.316945e+01	1.882785e-03
-4.306945e+01	1.891024e-03
-4.296945e+01	1.899317e-03
-4.286945e+01	1.907665e-03
-4.276945e+01	1.916068e-03
-4.266945e+01	1.924528e-03
-4.256945e+01	1.933044e-03
-4.246945e+01	1.941617e-03
-4.236945e+01	1.950248e-03
-4.226945e+01	1.958936e-03
-4.216945e+01	1.967684e-03
-4.206945e+01	1.976490e-03
-4.196945e+01	1.985356e-03
-4.186945e+01	1.994283e-03
-4.176945e+01	2.003270e-03
-4.166945e+01	2.012318e-03
-4.156945e+01	2.021428e-03
-4.146945e+01	2.030601e-03
-4.136945e+01	2.039837e-03
-4.126945e+01	2.049136e-03
-4.116945e+01	2.058500e-03
-4.106945e+01	2.067928e-03
-4.096945e+01	2.077421e-03
-4.086945e+01	2.086981e-03
-4.076945e+01	2.096607e-03
-4.066945e+01	2.106301e-03
-4.056945e+01	2.116062e-03
-4.046945e+01	2.125892e-03
-4.036945e+01	2.135791e-03
-4.026945e+01	2.145760e-03
-4.016945e+01	2.155799e-03
-4.006945e+01	2.165910e-03
-3.996945e+01	2.176092e-03
-3.986945e+01	2.186347e-03
-3.976945e+01	2.196674e-03
-3.966945e+01	2.207076e-03
-3.956945e+01	2.217553e-03
-3.946945e+01	2.228105e-03
-3.936945e+01	2.238732e-03
-3.926945e+01	2.249437e-03
-3.916945e+01	2.260219e-03
-3.906945e+01	2.271080e-03
-3.896945e+01	2.282020e-03
-3.886945e+01	2.293039e-03
-3.876945e+01	2.304139e-03
-3.866945e+01	2.315321e-03
-3.856945e+01	2.326584e-03
-3.846945e+01	2.337931e-03
-3.836945e+01	2.349362e-03
-3.826945e+01	2.360877e-03
-3.816945e+01	2.372478e-03
-3.806945e+01	2.384165e-03
-3.796945e+01	2.395940e-03
-3.786945e+01	2.407802e-03
-3.776945e+01	2.419754e-03
-3.766945e+01	2.431796e-03
-3.756945e+01	2.443928e-03
-3.746945e+01	2.456153e-03
-3.736945e+01	2.468470e-03
-3.726945e+01	2.480880e-03
-3.716945e+01	2.493386e-03
-3.706945e+01	2.505986e-03
-3.696945e+01	2.518684e-03
-3.686945e+01	2.531479e-03
-3.676945e+01	2.544372e-03
-3.666945e+01	2.557365e-03
-3.656945e+01	2.570459e-03
-3.646945e+01	2.583655e-03
-3.636945e+01	2.596953e-03
-3.626945e+01	2.610355e-03
-3.616945e+01	2.623862e-03
-3.606945e+01	2.637475e-03
-3.596945e+01	2.651195e-03
-3.586945e+01	2.665023e-03
-3.576945e+01	2.678961e-03
-3.566945e+01	2.693009e-03
-3.556945e+01	2.707170e-03
-3.546945e+01	2.721443e-03
-3.536945e+01	2.735830e-03
-3.526945e+01	2.750333e-03
-3.516945e+01	2.764952e-03
-3.506945e+01	2.779690e-03
-3.496945e+01	2.794546e-03
-3.486945e+01	2.809523e-03
-3.476945e+01	2.824622e-03
-3.466945e+01	2.839845e-03
-3.456945e+01	2.855191e-03
-3.446945e+01	2.870664e-03
-3.436945e+01	2.886264e-03
-3.426945e+01	2.901992e-03
-3.416945e+01	2.917851e-03
-3.406945e+01	2.933841e-03
-3.396945e+01	2.949965e-03
-3.386945e+01	2.966223e-03
-3.376945e+01	2.982617e-03
-3.366945e+01	2.999148e-03
-3.356945e+01	3.015819e-03
-3.346945e+01	3.032631e-03
-3.336945e+01	3.049585e-03
-3.326945e+01	3.066683e-03
-3.316945e+01	3.083926e-03
-3.306945e+01	3.101317e-03
-3.296945e+01	3.118857e-03
-3.286945e+01	3.136547e-03
-3.276945e+01	3.154390e-03
-3.266945e+01	3.172388e-03
-3.256945e+01	3.190541e-03
-3.246945e+01	3.208852e-03
-3.236945e+01	3.227323e-03
-3.226945e+01	3.245956e-03
-3.216945e+01	3.264752e-03
-3.206945e+01	3.283713e-03
-3.196945e+01	3.302842e-03
-3.186945e+01	3.322140e-03
-3.176945e+01	3.341610e-03
-3.166945e+01	3.361253e-03
-3.156945e+01	3.381072e-03
-3.146945e+01	3.401069e-03
-3.136945e+01	3.421245e-03
-3.126945e+01	3.441604e-03
-3.116945e+01	3.462146e-03
-3.106945e+01	3.482875e-03
-3.096945e+01	3.503793e-03
-3.086945e+01	3.524902e-03
-3.076945e+01	3.546205e-03
-3.066945e+01	3.567703e-03
-3.056945e+01	3.589400e-03
-3.046945e+01	3.611298e-03
-3.036945e+01	3.633398e-03
-3.026945e+01	3.655705e-03
-3.016945e+01	3.678220e-03
-3.006945e+01	3.700946e-03
-2.996945e+01	3.723886e-03
-2.986945e+01	3.747042e-03
-2.976945e+01	3.770418e-03
-2.966945e+01	3.794015e-03
-2.956945e+01	3.817837e-03
-2.946945e+01	3.841888e-03
-2.936945e+01	3.866168e-03
-2.926945e+01	3.890683e-03
-2.916945e+01	3.915434e-03
-2.906945e+01	3.940425e-03
-2.896945e+01	3.965659e-03
-2.886945e+01	3.991139e-03
-2.876945e+01	4.016869e-03
-2.866945e+01	4.042851e-03
-2.856945e+01	4.069090e-03
-2.846945e+01	4.095588e-03
-2.836945e+01	4.122349e-03
-2.826945e+01	4.149376e-03
-2.816945e+01	4.176673e-03
-2.806945e+01	4.204245e-03
-2.796945e+01	4.232093e-03
-2.786945e+01	4.260223e-03
-2.776945e+01	4.288638e-03
-2.766945e+01	4.317342e-03
-2.756945e+01	4.346339e-03
-2.746945e+01	4.375633e-03
-2.736945e+01	4.405228e-03
-2.726945e+01	4.435128e-03
-2.716945e+01	4.465338e-03
-2.706945e+01	4.495862e-03
-2.696945e+01	4.526704e-03
-2.686945e+01	4.557869e-03
-2.676945e+01	4.589361e-03
-2.666945e+01	4.621186e-03
-2.656945e+01	4.653347e-03
-2.646945e+01	4.685850e-03
-2.636945e+01	4.718699e-03
-2.626945e+01	4.751900e-03
-2.616945e+01	4.785458e-03
-2.606945e+01	4.819378e-03
-2.596945e+01	4.853664e-03
-2.586945e+01	4.888323e-03
-2.576945e+01	4.923361e-03
-2.566945e+01	4.958782e-03
-2.556945e+01	4.994592e-03
-2.546945e+01	5.030797e-03
-2.536945e+01	5.067403e-03
-2.526945e+01	5.104416e-03
-2.516945e+01	5.141843e-03
-2.506945e+01	5.179689e-03
-2.496945e+01	5.217960e-03
-2.486945e+01	5.256664e-03
-2.476945e+01	5.295807e-03
-2.466945e+01	5.335396e-03
-2.456945e+01	5.375437e-03
-2.446945e+01	5.415938e-03
-2.436945e+01	5.456905e-03
-2.426945e+01	5.498347e-03
-2.416945e+01	5.540270e-03
-2.406945e+01	5.582682e-03
-2.396945e+01	5.625591e-03
-2.386945e+01	5.669004e-03
-2.376945e+01	5.712931e-03
-2.366945e+01	5.757378e-03
-2.356945e+01	5.802355e-03
-2.346945e+01	5.847870e-03
-2.336945e+01	5.893931e-03
-2.326945e+01	5.940548e-03
-2.316945e+01	5.987730e-03
-2.306945e+01	6.035486e-03
-2.296945e+01	6.083825e-03
-2.286945e+01	6.132758e-03
-2.276945e+01	6.182294e-03
-2.266945e+01	6.232443e-03
-2.256945e+01	6.283215e-03
-2.246945e+01	6.334622e-03
-2.236945e+01	6.386673e-03
-2.226945e+01	6.439381e-03
-2.216945e+01	6.492755e-03
-2.206945e+01	6.546808e-03
-2.196945e+01	6.601551e-03
-2.186945e+01	6.656997e-03
-2.176945e+01	6.713157e-03
-2.166945e+01	6.770044e-03
-2.156945e+01	6.827671e-03
-2.146945e+01	6.886051e-03
-2.136945e+01	6.945197e-03
-2.126945e+01	7.005124e-03
-2.116945e+01	7.065844e-03
-2.106945e+01	7.127373e-03
-2.096945e+01	7.189725e-03
-2.086945e+01	7.252915e-03
-2.076945e+01	7.316959e-03
-2.066945e+01	7.381872e-03
-2.056945e+01	7.447670e-03
-2.046945e+01	7.514369e-03
-2.036945e+01	7.581987e-03
-2.026945e+01	7.650541e-03
-2.016945e+01	7.720048e-03
-2.006945e+01	7.790526e-03
-1.996945e+01	7.861995e-03
-1.986945e+01	7.934472e-03
-1.976945e+01	8.007978e-03
-1.966945e+01	8.082532e-03
-1.956945e+01	8.158155e-03
-1.946945e+01	8.234867e-03
-1.936945e+01	8.312690e-03
-1.926945e+01	8.391646e-03
-1.916945e+01	8.471758e-03
-1.906945e+01	8.553048e-03
-1.896945e+01	8.635540e-03
-1.886945e+01	8.719259e-03
-1.876945e+01	8.804229e-03
-1.866945e+01	8.890476e-03
-1.856945e+01	8.978027e-03
-1.846945e+01	9.066907e-03
-1.836945e+01	9.157145e-03
-1.826945e+01	9.248769e-03
-1.816945e+01	9.341808e-03
-1.806945e+01	9.436292e-03
-1.796945e+01	9.532252e-03
-1.786945e+01	9.629720e-03
-1.776945e+01	9.728726e-03
-1.766945e+01	9.829306e-03
-1.756945e+01	9.931492e-03
-1.746945e+01	1.003532e-02
-1.736945e+01	1.014083e-02
-1.726945e+01	1.024805e-02
-1.716945e+01	1.035703e-02
-1.706945e+01	1.046780e-02
-1.696945e+01	1.058040e-02
-1.686945e+01	1.069488e-02
-1.676945e+01	1.081127e-02
-1.666945e+01	1.092963e-02
-1.656945e+01	1.104999e-02
-1.646945e+01	1.117241e-02
-1.636945e+01	1.129693e-02
-1.626945e+01	1.142360e-02
-1.616945e+01	1.155247e-02
-1.606945e+01	1.168360e-02
-1.596945e+01	1.181704e-02
-1.586945e+01	1.195284e-02
-1.576945e+01	1.209106e-02
-1.566945e+01	1.223176e-02
-1.556945e+01	1.237501e-02
-1.546945e+01	1.252086e-02
-1.536945e+01	1.266939e-02
-1.526945e+01	1.282065e-02
-1.516945e+01	1.297472e-02
-1.506945e+01	1.313167e-02
-1.496945e+01	1.329157e-02
-1.486945e+01	1.345450e-02
-1.476945e+01	1.362053e-02
-1.466945e+01	1.378976e-02
-1.456945e+01	1.396226e-02
-1.446945e+01	1.413813e-02
-1.436945e+01	1.431744e-02
-1.426945e+01	1.450030e-02
-1.416945e+01	1.468680e-02
-1.406945e+01	1.487705e-02
-1.396945e+01	1.507113e-02
-1.386945e+01	1.526917e-02
-1.376945e+01	1.547127e-02
-1.366945e+01	1.567755e-02
-1.356945e+01	1.588813e-02
-1.346945e+01	1.610312e-02
-1.336945e+01	1.632266e-02
-1.326945e+01	1.654688e-02
-1.316945e+01	1.677593e-02
-1.306945e+01	1.700993e-02
-1.296945e+01	1.724904e-02
-1.286945e+01	1.749342e-02
-1.276945e+01	1.774322e-02
-1.266945e+01	1.799861e-02
-1.256945e+01	1.825976e-02
-1.246945e+01	1.852686e-02
-1.236945e+01	1.880008e-02
-1.226945e+01	1.907964e-02
-1.216945e+01	1.936572e-02
-1.206945e+01	1.965853e-02
-1.196945e+01	1.995831e-02
-1.186945e+01	2.026527e-02
-1.176945e+01	2.057966e-02
-1.166945e+01	2.090173e-02
-1.156945e+01	2.123172e-02
-1.146945e+01	2.156993e-02
-1.136945e+01	2.191662e-02
-1.126945e+01	2.227210e-02
-1.116945e+01	2.263667e-02
-1.106945e+01	2.301066e-02
-1.096945e+01	2.339440e-02
-1.086945e+01	2.378825e-02
-1.076945e+01	2.419257e-02
-1.066945e+01	2.460777e-02
-1.056945e+01	2.503423e-02
-1.046945e+01	2.547239e-02
-1.036945e+01	2.592269e-02
-1.026945e+01	2.638560e-02
-1.016945e+01	2.686162e-02
-1.006945e+01	2.735125e-02
-9.969451e+00	2.785505e-02
-9.869451e+00	2.837359e-02
-9.769451e+00	2.890745e-02
-9.669451e+00	2.945729e-02
-9.569451e+00	3.002376e-02
-9.469451e+00	3.060757e-02
-9.369451e+00	3.120945e-02
-9.269451e+00	3.183020e-02
-9.169451e+00	3.247063e-02
-9.069451e+00	3.313162e-02
-8.969451e+00	3.381410e-02
-8.869451e+00	3.451904e-02
-8.769451e+00	3.524747e-02
-8.669451e+00	3.600049e-02
-8.569451e+00	3.677927e-02
-8.469451e+00	3.758505e-02
-8.369451e+00	3.841912e-02
-8.269451e+00	3.928290e-02
-8.169451e+00	4.017787e-02
-8.069451e+00	4.110560e-02
-7.969451e+00	4.206779e-02
-7.869451e+00	4.306623e-02
-7.769451e+00	4.410285e-02
-7.669451e+00	4.517970e-02
-7.569451e+00	4.629899e-02
-7.469451e+00	4.746307e-02
-7.369451e+00	4.867447e-02
-7.269451e+00	4.993591e-02
-7.169451e+00	5.125030e-02
-7.069451e+00	5.262080e-02
-6.969451e+00	5.405079e-02
-6.869451e+00	5.554392e-02
-6.769451e+00	5.710414e-02
-6.669451e+00	5.873574e-02
-6.569451e+00	6.044334e-02
-6.469451e+00	6.223198e-02
-6.369451e+00	6.410711e-02
-6.269451e+00	6.607471e-02
-6.169451e+00	6.814125e-02
-6.069451e+00	7.031383e-02
-5.969451e+00	7.260023e-02
-5.869451e+00	7.500895e-02
-5.769451e+00	7.754937e-02
-5.669451e+00	8.023180e-02
-5.569451e+00	8.306761e-02
-5.469451e+00	8.606941e-02
-5.369451e+00	8.925116e-02
-5.269451e+00	9.262840e-02
-5.169451e+00	9.621844e-02
-5.069451e+00	1.000407e-01
-4.969451e+00	1.041168e-01
-4.869451e+00	1.084713e-01
-4.769451e+00	1.131317e-01
-4.669451e+00	1.181294e-01
-4.569451e+00	1.234998e-01
-4.469451e+00	1.292838e-01
-4.369451e+00	1.355277e-01
-4.269451e+00	1.422855e-01
-4.169451e+00	1.496192e-01
-4.069451e+00	1.576013e-01
-3.969451e+00	1.663168e-01
-3.869451e+00	1.758655e-01
-3.769451e+00	1.863661e-01
-3.669451e+00	1.979604e-01
-3.569451e+00	2.108190e-01
-3.469451e+00	2.251494e-01
-3.369451e+00	2.412058e-01
-3.269451e+00	2.593034e-01
-3.169451e+00	2.798367e-01
-3.069451e+00	3.033065e-01
-2.969451e+00	3.303564e-01
-2.869451e+00	3.618271e-01
-2.769451e+00	3.988344e-01
-2.669451e+00	4.428880e-01
-2.569451e+00	4.960736e-01
-2.469451e+00	5.613413e-01
-2.369451e+00	6.429750e-01
-2.269451e+00	7.473818e-01
-2.169451e+00	8.844630e-01
-2.069451e+00	1.070074e+00
-1.969451e+00	1.330560e+00
-1.869451e+00	1.711164e+00
-1.769451e+00	2.290667e+00
-1.669451e+00	3.198842e+00
-1.569451e+00	4.585362e+00
-1.469451e+00	6.300057e+00
-1.369451e+00	7.201387e+00
-1.269451e+00	6.309506e+00
-1.169451e+00	4.759786e+00
-1.069451e+00	3.603362e+00
-9.694509e-01	2.944300e+00
-8.694509e-01	2.645221e+00
-7.694509e-01	2.606227e+00
-6.694509e-01	2.791378e+00
-5.694509e-01	3.219442e+00
-4.694509e-01	3.959049e+00
-3.694509e-01	5.122562e+00
-2.694509e-01	6.812023e+00
-1.694509e-01	9.096063e+00
-6.945093e-02	1.203875e+01
3.054907e-02	1.455846e+01
1.305491e-01	1.489658e+01
2.305491e-01	1.418666e+01
3.305491e-01	1.422284e+01
4.305491e-01	1.385412e+01
5.305491e-01	1.138567e+01
6.305491e-01	8.263928e+00
7.305491e-01	5.928908e+00
8.305491e-01	4.450437e+00
9.305491e-01	3.559540e+00
1.030549e+00	3.056246e+00
1.130549e+00	2.838759e+00
1.230549e+00	2.881302e+00
1.330549e+00	3.225901e+00
1.430549e+00	3.979824e+00
1.530549e+00	5.225189e+00
1.630549e+00	6.548471e+00
1.730549e+00	6.645037e+00
1.830549e+00	5.275992e+00
1.930549e+00	3.749957e+00
2.030549e+00	2.667509e+00
2.130549e+00	1.974479e+00
2.230549e+00	1.527931e+00
2.330549e+00	1.229776e+00
2.430549e+00	1.022767e+00
2.530549e+00	8.739178e-01
2.630549e+00	7.636389e-01
2.730549e+00	6.800872e-01
2.830549e+00	6.161777e-01
2.930549e+00	5.674881e-01
3.030549e+00	5.308280e-01
3.130549e+00	5.021589e-01
3.230549e+00	4.762646e-01
3.330549e+00	4.520032e-01
3.430549e+00	4.314952e-01
3.530549e+00	4.160267e-01
3.630549e+00	4.053868e-01
3.730549e+00	3.989237e-01
3.830549e+00	3.961555e-01
3.930549e+00	3.968383e-01
4.030549e+00	4.009263e-01
4.130549e+00	4.085473e-01
4.230549e+00	4.199958e-01
4.330549e+00	4.356953e-01
4.430549e+00	4.561423e-01
4.530549e+00	4.821696e-01
4.630549e+00	5.145928e-01
4.730549e+00	5.523020e-01
4.830549e+00	5.944084e-01
4.930549e+00	6.450817e-01
5.030549e+00	7.095133e-01
5.130549e+00	7.919105e-01
5.230549e+00	8.973817e-01
5.330549e+00	1.033466e+00
5.430549e+00	1.211583e+00
5.530549e+00	1.449324e+00
5.630549e+00	1.774518e+00
5.730549e+00	2.232582e+00
5.830549e+00	2.900222e+00
5.930549e+00	3.910737e+00
6.030549e+00	5.496122e+00
6.130549e+00	8.022801e+00
6.230549e+00	1.180527e+01
6.330549e+00	1.592475e+01
6.430549e+00	1.687113e+01
6.530549e+00	1.348621e+01
6.630549e+00	9.345765e+00
6.730549e+00	6.374995e+00
6.830549e+00	4.502170e+00
6.930549e+00	3.329490e+00
7.030549e+00	2.575710e+00
7.130549e+00	2.076789e+00
7.230549e+00	1.739421e+00
7.330549e+00	1.509753e+00
7.430549e+00	1.356163e+00
7.530549e+00	1.260135e+00
7.630549e+00	1.211472e+00
7.730549e+00	1.205930e+00
7.830549e+00	1.244337e+00
7.930549e+00	1.332937e+00
8.030549e+00	1.485068e+00
8.130549e+00	1.724899e+00
8.230549e+00	2.094759e+00
8.330549e+00	2.669078e+00
8.430549e+00	3.579352e+00
8.530549e+00	5.047753e+00
8.630549e+00	7.360629e+00
8.730549e+00	1.041152e+01
8.830549e+00	1.239851e+01
8.930549e+00	1.105211e+01
9.030549e+00	7.972220e+00
9.130549e+00	5.410932e+00
9.230549e+00	3.738304e+00
9.330549e+00	2.686916e+00
9.430549e+00	2.010472e+00
9.530549e+00	1.558341e+00
9.630549e+00	1.244283e+00
9.730549e+00	1.018435e+00
9.830549e+00	8.510616e-01
9.930549e+00	7.237996e-01
1.003055e+01	6.249273e-01
1.013055e+01	5.467471e-01
1.023055e+01	4.841017e-01
1.033055e+01	4.335239e-01
1.043055e+01	3.927653e-01
1.053055e+01	3.605628e-01
1.063055e+01	3.364224e-01
1.073055e+01	3.194809e-01
1.083055e+01	3.046443e-01
1.093055e+01	2.833283e-01
1.103055e+01	2.577781e-01
1.113055e+01	2.352384e-01
1.123055e+01	2.163150e-01
1.133055e+01	1.996603e-01
1.143055e+01	1.854728e-01
1.153055e+01	1.737842e-01
1.163055e+01	1.642458e-01
1.173055e+01	1.566141e-01
1.183055e+01	1.509287e-01
1.193055e+01	1.475967e-01
1.203055e+01	1.472562e-01
1.213055e+01	1.497052e-01
1.223055e+01	1.510018e-01
1.233055e+01	1.459571e-01
1.243055e+01	1.378467e-01
1.253055e+01	1.315911e-01
1.263055e+01	1.250649e-01
1.273055e+01	1.155886e-01
1.283055e+01	1.059569e-01
1.293055e+01	9.836187e-02
1.303055e+01	9.272640e-02
1.313055e+01	8.832638e-02
1.323055e+01	8.477499e-02
1.333055e+01	8.214897e-02
1.343055e+01	8.057870e-02
1.353055e+01	8.004720e-02
1.363055e+01	7.957875e-02
1.373055e+01	7.753450e-02
1.383055e+01	7.444606e-02
1.393055e+01	7.177217e-02
1.403055e+01	6.921857e-02
1.413055e+01	6.605356e-02
1.423055e+01	6.298644e-02
1.433055e+01	6.067337e-02
1.443055e+01	5.919705e-02
1.453055e+01	5.859782e-02
1.463055e+01	5.909754e-02
1.473055e+01	6.106952e-02
1.483055e+01	6.436201e-02
1.493055e+01	6.628815e-02
1.503055e+01	6.318410e-02
1.513055e+01	5.728829e-02
1.523055e+01	5.218467e-02
1.533055e+01	4.852562e-02
1.543055e+01	4.590184e-02
1.553055e+01	4.392209e-02
1.563055e+01	4.234499e-02
1.573055e+01	4.103179e-02
1.583055e+01	3.990202e-02
1.593055e+01	3.890774e-02
1.603055e+01	3.801957e-02
1.613055e+01	3.721924e-02
1.623055e+01	3.649550e-02
1.633055e+01	3.584187e-02
1.643055e+01	3.525546e-02
1.653055e+01	3.473638e-02
1.663055e+01	3.428774e-02
1.673055e+01	3.391589e-02
1.683055e+01	3.363135e-02
1.693055e+01	3.345017e-02
1.703055e+01	3.339646e-02
1.713055e+01	3.350652e-02
1.723055e+01	3.383581e-02
1.733055e+01	3.447131e-02
1.743055e+01	3.555360e-02
1.753055e+01	3.731770e-02
1.763055e+01	4.016850e-02
1.773055e+01	4.480996e-02
1.783055e+01	5.238361e-02
1.793055e+01	6.409529e-02
1.803055e+01	7.818122e-02
1.813055e+01	8.488193e-02
1.823055e+01	7.787527e-02
1.833055e+01	6.562361e-02
1.843055e+01	5.530467e-02
1.853055e+01	4.830012e-02
1.863055e+01	4.435677e-02
1.873055e+01	4.296768e-02
1.883055e+01	4.343305e-02
1.893055e+01	4.499214e-02
1.903055e+01	4.802665e-02
1.913055e+01	5.406700e-02
1.923055e+01	6.426041e-02
1.933055e+01	7.773546e-02
1.943055e+01	9.215622e-02
1.953055e+01	1.075938e-01
1.963055e+01	1.175185e-01
1.973055e+01	1.119648e-01
1.983055e+01	9.321610e-02
1.993055e+01	7.318949e-02
2.003055e+01	5.821349e-02
2.013055e+01	4.758614e-02
2.023055e+01	4.008156e-02
2.033055e+01	3.495042e-02
2.043055e+01	3.150429e-02
2.053055e+01	2.918328e-02
2.063055e+01	2.753516e-02
2.073055e+01	2.637081e-02
2.083055e+01	2.571830e-02
2.093055e+01	2.561930e-02
2.103055e+01	2.616476e-02
2.113055e+01	2.758042e-02
2.123055e+01	3.030940e-02
2.133055e+01	3.503910e-02
2.143055e+01	4.211571e-02
2.153055e+01	4.890807e-02
2.163055e+01	4.912681e-02
2.173055e+01	4.340396e-02
2.183055e+01	3.785687e-02
2.193055e+01	3.479392e-02
2.203055e+01	3.418780e-02
2.213055e+01	3.501101e-02
2.223055e+01	3.527472e-02
2.233055e+01	3.441073e-02
2.243055e+01	3.445974e-02
2.253055e+01	3.550432e-02
2.263055e+01	3.426780e-02
2.273055e+01	2.980192e-02
2.283055e+01	2.510666e-02
2.293055e+01	2.165400e-02
2.303055e+01	1.929724e-02
2.313055e+01	1.768418e-02
2.323055e+01	1.654858e-02
2.333055e+01	1.571703e-02
2.343055e+01	1.508433e-02
2.353055e+01	1.458740e-02
2.363055e+01	1.418775e-02
2.373055e+01	1.386163e-02
2.383055e+01	1.359459e-02
2.393055e+01	1.337885e-02
2.403055e+01	1.321231e-02
2.413055e+01	1.309878e-02
2.423055e+01	1.304725e-02
2.433055e+01	1.306181e-02
2.443055e+01	1.312282e-02
2.453055e+01	1.322396e-02
2.463055e+01	1.335662e-02
2.473055e+01	1.336722e-02
2.483055e+01	1.320821e-02
2.493055e+01	1.308112e-02
2.503055e+01	1.312256e-02
2.513055e+01	1.338284e-02
2.523055e+01	1.390624e-02
2.533055e+01	1.466105e-02
2.543055e+01	1.531505e-02
2.553055e+01	1.551713e-02
2.563055e+01	1.561402e-02
2.573055e+01	1.614416e-02
2.583055e+01	1.728071e-02
2.593055e+01	1.890592e-02
2.603055e+01	2.114790e-02
2.613055e+01	2.467367e-02
2.623055e+01	2.905051e-02
2.633055e+01	3.094525e-02
2.643055e+01	2.860105e-02
2.653055e+01	2.555999e-02
2.663055e+01	2.401025e-02
2.673055e+01	2.333216e-02
2.683055e+01	2.214776e-02
2.693055e+01	2.069091e-02
2.703055e+01	1.991788e-02
2.713055e+01	2.012753e-02
2.723055e+01	2.150260e-02
2.733055e+01	2.437527e-02
2.743055e+01	2.919853e-02
2.753055e+01	3.610257e-02
2.763055e+01	4.383203e-02
2.773055e+01	4.886014e-02
2.783055e+01	4.802090e-02
2.793055e+01	4.429330e-02
2.803055e+01	4.163039e-02
2.813055e+01	4.235559e-02
2.823055e+01	4.665970e-02
2.833055e+01	5.166270e-02
2.843055e+01	5.479334e-02
2.853055e+01	5.580020e-02
2.863055e+01	5.687070e-02
2.873055e+01	5.824277e-02
2.883055e+01	5.332895e-02
2.893055e+01	4.259666e-02
2.903055e+01	3.297132e-02
2.913055e+01	2.665219e-02
2.923055e+01	2.294204e-02
2.933055e+01	2.096690e-02
2.943055e+01	2.028499e-02
2.953055e+01	2.085050e-02
2.963055e+01	2.277638e-02
2.973055e+01	2.616273e-02
2.983055e+01	3.131683e-02
2.993055e+01	3.794630e-02
3.003055e+01	4.265474e-02
3.013055e+01	4.193473e-02
3.023055e+01	3.600648e-02
3.033055e+01	2.849042e-02
3.043055e+01	2.255059e-02
3.053055e+01	1.857380e-02
3.063055e+01	1.610951e-02
3.073055e+01	1.465402e-02
3.083055e+01	1.372978e-02
3.093055e+01	1.301646e-02
3.103055e+01	1.253109e-02
3.113055e+01	1.231314e-02
3.123055e+01	1.235141e-02
3.133055e+01	1.270791e-02
3.143055e+01	1.346710e-02
3.153055e+01	1.479452e-02
3.163055e+01	1.703481e-02
3.173055e+01	2.066471e-02
3.183055e+01	2.610223e-02
3.193055e+01	3.293261e-02
3.203055e+01	3.861261e-02
3.213055e+01	3.928108e-02
3.223055e+01	3.520034e-02
3.233055e+01	3.011716e-02
3.243055e+01	2.554164e-02
3.253055e+01	2.235752e-02
3.263055e+01	1.996169e-02
3.273055e+01	1.753005e-02
3.283055e+01	1.558923e-02
3.293055e+01	1.454066e-02
3.303055e+01	1.435829e-02
3.313055e+01	1.453733e-02
3.323055e+01	1.425360e-02
3.333055e+01	1.359336e-02
3.343055e+01	1.321285e-02
3.353055e+01	1.329757e-02
3.363055e+01	1.372105e-02
3.373055e+01	1.462168e-02
3.383055e+01	1.610188e-02
3.393055e+01	1.806963e-02
3.403055e+01	2.021926e-02
3.413055e+01	2.148380e-02
3.423055e+01	2.251939e-02
3.433055e+01	2.506358e-02
3.443055e+01	2.804456e-02
3.453055e+01	2.761150e-02
3.463055e+01	2.337978e-02
3.473055e+01	1.885804e-02
3.483055e+01	1.571753e-02
3.493055e+01	1.401790e-02
3.503055e+01	1.356071e-02
3.513055e+01	1.408198e-02
3.523055e+01	1.492820e-02
3.533055e+01	1.452311e-02
3.543055e+01	1.254827e-02
3.553055e+01	1.051112e-02
3.563055e+01	9.096767e-03
3.573055e+01	8.232896e-03
3.583055e+01	7.760091e-03
3.593055e+01	7.594990e-03
3.603055e+01	7.733947e-03
3.613055e+01	8.221586e-03
3.623055e+01	8.985517e-03
3.633055e+01	9.431707e-03
3.643055e+01	8.899983e-03
3.653055e+01	7.922991e-03
3.663055e+01	7.166501e-03
3.673055e+01	6.742086e-03
3.683055e+01	6.591046e-03
3.693055e+01	6.658952e-03
3.703055e+01	6.841654e-03
3.713055e+01	6.938785e-03
3.723055e+01	6.962759e-03
3.733055e+01	7.142037e-03
3.743055e+01	7.615481e-03
3.753055e+01	8.548197e-03
3.763055e+01	1.013125e-02
3.773055e+01	1.211930e-02
3.783055e+01	1.299687e-02
3.793055e+01	1.163020e-02
3.803055e+01	9.516156e-03
3.813055e+01	7.897899e-03
3.823055e+01	6.874503e-03
3.833055e+01	6.264158e-03
3.843055e+01	5.920197e-03
3.853055e+01	5.768139e-03
3.863055e+01	5.739621e-03
3.873055e+01	5.677938e-03
3.883055e+01	5.490591e-03
3.893055e+01	5.304972e-03
3.903055e+01	5.212769e-03
3.913055e+01	5.200664e-03
3.923055e+01	5.232039e-03
3.933055e+01	5.313094e-03
3.943055e+01	5.427166e-03
3.953055e+01	5.544680e-03
3.963055e+01	5.747524e-03
3.973055e+01	6.145690e-03
3.983055e+01	6.771826e-03
3.993055e+01	7.425403e-03
4.003055e+01	7.691908e-03
4.013055e+01	7.571390e-03
4.023055e+01	7.440569e-03
4.033055e+01	7.553539e-03
4.043055e+01	7.859702e-03
4.053055e+01	8.092340e-03
4.063055e+01	8.290457e-03
4.073055e+01	8.772158e-03
4.083055e+01	9.708374e-03
4.093055e+01	1.113337e-02
4.103055e+01	1.317771e-02
4.113055e+01	1.631027e-02
4.123055e+01	2.133204e-02
4.133055e+01	2.927918e-02
4.143055e+01	3.963791e-02
4.153055e+01	4.598715e-02
4.163055e+01	4.107446e-02
4.173055e+01	3.086586e-02
4.183055e+01	2.277122e-02
4.193055e+01	1.787526e-02
4.203055e+01	1.526265e-02
4.213055e+01	1.380631e-02
4.223055e+01	1.237843e-02
4.233055e+01	1.086574e-02
4.243055e+01	9.603428e-03
4.253055e+01	8.449726e-03
4.263055e+01	7.341671e-03
4.273055e+01	6.415258e-03
4.283055e+01	5.730644e-03
4.293055e+01	5.249670e-03
4.303055e+01	4.908472e-03
4.313055e+01	4.656404e-03
4.323055e+01	4.462935e-03
4.333055e+01	4.325116e-03
4.343055e+01	4.247530e-03
4.353055e+01	4.228947e-03
4.363055e+01	4.246581e-03
4.373055e+01	4.231290e-03
4.383055e+01	4.165264e-03
4.393055e+01	4.131332e-03
4.403055e+01	4.188174e-03
4.413055e+01	4.369795e-03
4.423055e+01	4.720669e-03
4.433055e+01	5.265756e-03
4.443055e+01	5.889466e-03
4.453055e+01	6.330225e-03
4.463055e+01	6.288276e-03
4.473055e+01	5.713353e-03
4.483055e+01	5.071241e-03
4.493055e+01	4.620696e-03
4.503055e+01	4.387232e-03
4.513055e+01	4.358200e-03
4.523055e+01	4.500055e-03
4.533055e+01	4.675957e-03
4.543055e+01	4.668437e-03
4.553055e+01	4.561732e-03
4.563055e+01	4.604741e-03
4.573055e+01	4.919343e-03
4.583055e+01	5.544406e-03
4.593055e+01	6.281456e-03
4.603055e+01	6.456321e-03
4.613055e+01	5.866727e-03
4.623055e+01	5.194214e-03
4.633055e+01	4.774898e-03
4.643055e+01	4.551552e-03
4.653055e+01	4.389122e-03
4.663055e+01	4.220961e-03
4.673055e+01	4.133097e-03
4.683055e+01	4.188610e-03
4.693055e+01	4.320176e-03
4.703055e+01	4.342684e-03
4.713055e+01	4.201101e-03
4.723055e+01	4.049372e-03
4.733055e+01	3.997371e-03
4.743055e+01	4.080462e-03
4.753055e+01	4.321700e-03
4.763055e+01	4.749847e-03
4.773055e+01	5.358557e-03
4.783055e+01	5.947856e-03
4.793055e+01	6.127496e-03
4.803055e+01	5.998392e-03
4.813055e+01	6.037187e-03
4.823055e+01	6.462465e-03
4.833055e+01	7.316419e-03
4.843055e+01	8.653313e-03
4.853055e+01	1.060861e-02
4.863055e+01	1.358242e-02
4.873055e+01	1.783131e-02
4.883055e+01	2.156897e-02
4.893055e+01	2.144455e-02
4.903055e+01	1.841247e-02
4.913055e+01	1.491162e-02
4.923055e+01	1.178890e-02
4.933055e+01	9.655973e-03
4.943055e+01	8.301711e-03
4.953055e+01	7.098886e-03
4.963055e+01	5.963689e-03
4.973055e+01	5.092364e-03
4.983055e+01	4.501947e-03
4.993055e+01	4.129715e-03
5.003055e+01	3.922669e-03
5.013055e+01	3.848614e-03
5.023055e+01	3.864800e-03
5.033055e+01	3.900641e-03
5.043055e+01	3.943596e-03
5.053055e+01	4.015963e-03
5.063055e+01	4.133784e-03
5.073055e+01	4.219631e-03
5.083055e+01	4.060269e-03
5.093055e+01	3.738045e-03
5.103055e+01	3.470070e-03
5.113055e+01	3.309227e-03
5.123055e+01	3.255819e-03
5.133055e+01	3.331482e-03
5.143055e+01	3.536706e-03
5.153055e+01	3.751295e-03
5.163055e+01	3.730196e-03
5.173055e+01	3.514778e-03
5.183055e+01	3.357631e-03
5.193055e+01	3.347918e-03
5.203055e+01	3.447942e-03
5.213055e+01	3.528427e-03
5.223055e+01	3.518381e-03
5.233055e+01	3.533564e-03
5.243055e+01	3.704145e-03
5.253055e+01	4.078043e-03
5.263055e+01	4.514232e-03
5.273055e+01	4.727688e-03
5.283055e+01	4.710564e-03
5.293055e+01	4.491758e-03
5.303055e+01	4.178071e-03
5.313055e+01	4.026243e-03
5.323055e+01	4.141497e-03
5.333055e+01	4.510799e-03
5.343055e+01	4.997754e-03
5.353055e+01	5.253203e-03
5.363055e+01	5.064958e-03
5.373055e+01	4.870491e-03
5.383055e+01	5.067625e-03
5.393055e+01	5.674668e-03
5.403055e+01	6.179543e-03
5.413055e+01	5.806914e-03
5.423055e+01	4.855232e-03
5.433055e+01	4.036576e-03
5.443055e+01	3.511604e-03
5.453055e+01	3.195198e-03
5.463055e+01	2.988631e-03
5.473055e+01	2.815178e-03
5.483055e+01	2.662334e-03
5.493055e+01	2.551384e-03
5.503055e+01	2.500381e-03
5.513055e+01	2.503450e-03
5.523055e+01	2.525412e-03
5.533055e+01	2.527875e-03
5.543055e+01	2.501863e-03
5.553055e+01	2.444238e-03
5.563055e+01	2.356354e-03
5.573055e+01	2.269351e-03
5.583055e+01	2.213627e-03
5.593055e+01	2.209634e-03
5.603055e+01	2.264516e-03
5.613055e+01	2.359197e-03
5.623055e+01	2.408016e-03
5.633055e+01	2.346258e-03
5.643055e+01	2.232331e-03
5.653055e+01	2.120758e-03
5.663055e+01	2.034655e-03
5.673055e+01	1.981083e-03
5.683055e+01	1.952790e-03
5.693055e+01	1.935917e-03
5.703055e+01	1.916763e-03
5.713055e+01	1.897242e-03
5.723055e+01	1.884855e-03
5.733055e+01	1.879323e-03
5.743055e+01	1.874983e-03
5.753055e+01	1.872963e-03
5.763055e+01	1.878413e-03
5.773055e+01	1.890403e-03
5.783055e+01	1.900236e-03
5.793055e+01	1.903831e-03
5.803055e+01	1.909334e-03
5.813055e+01	1.922004e-03
5.823055e+01	1.942411e-03
5.833055e+01	1.970784e-03
5.843055e+01	2.008459e-03
5.853055e+01	2.058133e-03
5.863055e+01	2.123859e-03
5.873055e+01	2.208070e-03
5.883055e+01	2.301068e-03
5.893055e+01	2.384463e-03
5.903055e+01	2.461473e-03
5.913055e+01	2.549471e-03
5.923055e+01	2.674246e-03
5.933055e+01	2.860916e-03
5.943055e+01	3.136358e-03
5.953055e+01	3.538609e-03
5.963055e+01	4.090400e-03
5.973055e+01	4.666764e-03
5.983055e+01	4.964845e-03
5.993055e+01	5.047415e-03
6.003055e+01	5.279429e-03
6.013055e+01	5.843611e-03
6.023055e+01	6.847087e-03
6.033055e+01	8.454431e-03
6.043055e+01	1.084993e-02
6.053055e+01	1.383799e-02
6.063055e+01	1.671459e-02
6.073055e+01	2.017461e-02
6.083055e+01	2.615818e-02
6.093055e+01	3.443199e-02
6.103055e+01	3.896325e-02
6.113055e+01	3.380071e-02
6.123055e+01	2.464209e-02
6.133055e+01	1.744656e-02
6.143055e+01	1.283653e-02
6.153055e+01	1.001378e-02
6.163055e+01	8.358287e-03
6.173055e+01	7.486297e-03
6.183055e+01	7.107942e-03
6.193055e+01	6.953090e-03
6.203055e+01	6.872795e-03
6.213055e+01	6.679554e-03
6.223055e+01	6.323481e-03
6.233055e+01	5.936663e-03
6.243055e+01	5.313397e-03
6.253055e+01	4.547594e-03
6.263055e+01	3.923499e-03
6.273055e+01	3.497208e-03
6.283055e+01	3.211590e-03
6.293055e+01	3.016581e-03
6.303055e+01	2.882099e-03
6.313055e+01	2.806962e-03
6.323055e+01	2.804927e-03
6.333055e+01	2.888307e-03
6.343055e+01	3.077863e-03
6.353055e+01	3.408094e-03
6.363055e+01	3.919878e-03
6.373055e+01	4.545819e-03
6.383055e+01	4.944268e-03
6.393055e+01	5.032313e-03
6.403055e+01	5.302848e-03
6.413055e+01	6.130026e-03
6.423055e+01	7.619507e-03
6.433055e+01	9.390424e-03
6.443055e+01	1.010642e-02
6.453055e+01	8.836459e-03
6.463055e+01	6.929119e-03
6.473055e+01	5.563454e-03
6.483055e+01	4.863976e-03
6.493055e+01	4.711891e-03
6.503055e+01	5.048779e-03
6.513055e+01	5.806986e-03
6.523055e+01	6.603938e-03
6.533055e+01	6.695349e-03
6.543055e+01	5.860829e-03
6.553055e+01	4.679491e-03
6.563055e+01	3.712502e-03
6.573055e+01	3.070082e-03
6.583055e+01	2.666023e-03
6.593055e+01	2.410502e-03
6.603055e+01	2.246155e-03
6.613055e+01	2.144891e-03
6.623055e+01	2.092156e-03
6.633055e+01	2.062881e-03
6.643055e+01	2.019758e-03
6.653055e+01	1.976088e-03
6.663055e+01	1.968122e-03
6.673055e+01	2.010810e-03
6.683055e+01	2.113236e-03
6.693055e+01	2.292112e-03
6.703055e+01	2.580956e-03
6.713055e+01	3.041790e-03
6.723055e+01	3.706954e-03
6.733055e+01	4.353707e-03
6.743055e+01	4.504081e-03
6.753055e+01	4.088373e-03
6.763055e+01	3.459974e-03
6.773055e+01	2.963177e-03
6.783055e+01	2.687757e-03
6.793055e+01	2.589357e-03
6.803055e+01	2.622467e-03
6.813055e+01	2.797136e-03
6.823055e+01	3.166266e-03
6.833055e+01	3.824977e-03
6.843055e+01	4.794905e-03
6.853055e+01	5.627533e-03
6.863055e+01	5.487579e-03
6.873055e+01	4.613334e-03
6.883055e+01	3.810258e-03
6.893055e+01	3.323143e-03
6.903055e+01	3.090792e-03
6.913055e+01	3.024917e-03
6.923055e+01	3.166503e-03
6.933055e+01	3.574276e-03
6.943055e+01	4.057712e-03
6.953055e+01	4.042826e-03
6.963055e+01	3.429230e-03
6.973055e+01	2.760557e-03
6.983055e+01	2.285813e-03
6.993055e+01	1.983539e-03
