#RPA-results:
#Nucleus: Ni 74
#Fermi level: -4.992964e+00	-1.506242e+01
#Excitation: 1 +
#Total number of pairs: 1032
#Number of ph-/ah-pairs: 1032/0
#Maximal excitation-energy for particle-hole-pairs: 100
#Maximal excitation-energy for antiparticle-hole-pairs: 1000
#No imaginary eigenvalues

#Parameterset: DD-PC1
#natural parity: no
#Isoscalar result:

#width: 5.000000e-01
#maximum value: 3.136118e-03
#at energy: 6.993055e+01
-9.006945e+01	4.229668e-04
-8.996945e+01	4.238360e-04
-8.986945e+01	4.247079e-04
-8.976945e+01	4.255826e-04
-8.966945e+01	4.264599e-04
-8.956945e+01	4.273399e-04
-8.946945e+01	4.282227e-04
-8.936945e+01	4.291083e-04
-8.926945e+01	4.299966e-04
-8.916945e+01	4.308876e-04
-8.906945e+01	4.317815e-04
-8.896945e+01	4.326781e-04
-8.886945e+01	4.335775e-04
-8.876945e+01	4.344797e-04
-8.866945e+01	4.353848e-04
-8.856945e+01	4.362927e-04
-8.846945e+01	4.372035e-04
-8.836945e+01	4.381171e-04
-8.826945e+01	4.390335e-04
-8.816945e+01	4.399529e-04
-8.806945e+01	4.408752e-04
-8.796945e+01	4.418004e-04
-8.786945e+01	4.427284e-04
-8.776945e+01	4.436595e-04
-8.766945e+01	4.445934e-04
-8.756945e+01	4.455304e-04
-8.746945e+01	4.464703e-04
-8.736945e+01	4.474132e-04
-8.726945e+01	4.483591e-04
-8.716945e+01	4.493079e-04
-8.706945e+01	4.502599e-04
-8.696945e+01	4.512148e-04
-8.686945e+01	4.521728e-04
-8.676945e+01	4.531339e-04
-8.666945e+01	4.540980e-04
-8.656945e+01	4.550652e-04
-8.646945e+01	4.560355e-04
-8.636945e+01	4.570090e-04
-8.626945e+01	4.579855e-04
-8.616945e+01	4.589652e-04
-8.606945e+01	4.599481e-04
-8.596945e+01	4.609341e-04
-8.586945e+01	4.619233e-04
-8.576945e+01	4.629157e-04
-8.566945e+01	4.639113e-04
-8.556945e+01	4.649101e-04
-8.546945e+01	4.659122e-04
-8.536945e+01	4.669175e-04
-8.526945e+01	4.679261e-04
-8.516945e+01	4.689379e-04
-8.506945e+01	4.699531e-04
-8.496945e+01	4.709715e-04
-8.486945e+01	4.719933e-04
-8.476945e+01	4.730184e-04
-8.466945e+01	4.740469e-04
-8.456945e+01	4.750787e-04
-8.446945e+01	4.761139e-04
-8.436945e+01	4.771525e-04
-8.426945e+01	4.781946e-04
-8.416945e+01	4.792400e-04
-8.406945e+01	4.802889e-04
-8.396945e+01	4.813412e-04
-8.386945e+01	4.823970e-04
-8.376945e+01	4.834563e-04
-8.366945e+01	4.845191e-04
-8.356945e+01	4.855854e-04
-8.346945e+01	4.866552e-04
-8.336945e+01	4.877286e-04
-8.326945e+01	4.888056e-04
-8.316945e+01	4.898861e-04
-8.306945e+01	4.909702e-04
-8.296945e+01	4.920580e-04
-8.286945e+01	4.931493e-04
-8.276945e+01	4.942443e-04
-8.266945e+01	4.953430e-04
-8.256945e+01	4.964453e-04
-8.246945e+01	4.975514e-04
-8.236945e+01	4.986611e-04
-8.226945e+01	4.997746e-04
-8.216945e+01	5.008918e-04
-8.206945e+01	5.020128e-04
-8.196945e+01	5.031375e-04
-8.186945e+01	5.042660e-04
-8.176945e+01	5.053984e-04
-8.166945e+01	5.065346e-04
-8.156945e+01	5.076746e-04
-8.146945e+01	5.088185e-04
-8.136945e+01	5.099662e-04
-8.126945e+01	5.111179e-04
-8.116945e+01	5.122735e-04
-8.106945e+01	5.134330e-04
-8.096945e+01	5.145964e-04
-8.086945e+01	5.157638e-04
-8.076945e+01	5.169353e-04
-8.066945e+01	5.181107e-04
-8.056945e+01	5.192901e-04
-8.046945e+01	5.204736e-04
-8.036945e+01	5.216611e-04
-8.026945e+01	5.228528e-04
-8.016945e+01	5.240485e-04
-8.006945e+01	5.252483e-04
-7.996945e+01	5.264523e-04
-7.986945e+01	5.276604e-04
-7.976945e+01	5.288727e-04
-7.966945e+01	5.300892e-04
-7.956945e+01	5.313099e-04
-7.946945e+01	5.325349e-04
-7.936945e+01	5.337640e-04
-7.926945e+01	5.349975e-04
-7.916945e+01	5.362353e-04
-7.906945e+01	5.374773e-04
-7.896945e+01	5.387237e-04
-7.886945e+01	5.399745e-04
-7.876945e+01	5.412296e-04
-7.866945e+01	5.424891e-04
-7.856945e+01	5.437530e-04
-7.846945e+01	5.450214e-04
-7.836945e+01	5.462942e-04
-7.826945e+01	5.475715e-04
-7.816945e+01	5.488532e-04
-7.806945e+01	5.501395e-04
-7.796945e+01	5.514304e-04
-7.786945e+01	5.527258e-04
-7.776945e+01	5.540257e-04
-7.766945e+01	5.553303e-04
-7.756945e+01	5.566395e-04
-7.746945e+01	5.579534e-04
-7.736945e+01	5.592719e-04
-7.726945e+01	5.605951e-04
-7.716945e+01	5.619231e-04
-7.706945e+01	5.632557e-04
-7.696945e+01	5.645932e-04
-7.686945e+01	5.659354e-04
-7.676945e+01	5.672824e-04
-7.666945e+01	5.686342e-04
-7.656945e+01	5.699909e-04
-7.646945e+01	5.713525e-04
-7.636945e+01	5.727189e-04
-7.626945e+01	5.740903e-04
-7.616945e+01	5.754666e-04
-7.606945e+01	5.768479e-04
-7.596945e+01	5.782342e-04
-7.586945e+01	5.796255e-04
-7.576945e+01	5.810219e-04
-7.566945e+01	5.824233e-04
-7.556945e+01	5.838298e-04
-7.546945e+01	5.852414e-04
-7.536945e+01	5.866582e-04
-7.526945e+01	5.880801e-04
-7.516945e+01	5.895072e-04
-7.506945e+01	5.909395e-04
-7.496945e+01	5.923771e-04
-7.486945e+01	5.938199e-04
-7.476945e+01	5.952680e-04
-7.466945e+01	5.967215e-04
-7.456945e+01	5.981803e-04
-7.446945e+01	5.996444e-04
-7.436945e+01	6.011140e-04
-7.426945e+01	6.025890e-04
-7.416945e+01	6.040694e-04
-7.406945e+01	6.055553e-04
-7.396945e+01	6.070467e-04
-7.386945e+01	6.085437e-04
-7.376945e+01	6.100462e-04
-7.366945e+01	6.115543e-04
-7.356945e+01	6.130680e-04
-7.346945e+01	6.145873e-04
-7.336945e+01	6.161123e-04
-7.326945e+01	6.176431e-04
-7.316945e+01	6.191795e-04
-7.306945e+01	6.207217e-04
-7.296945e+01	6.222697e-04
-7.286945e+01	6.238235e-04
-7.276945e+01	6.253832e-04
-7.266945e+01	6.269487e-04
-7.256945e+01	6.285201e-04
-7.246945e+01	6.300975e-04
-7.236945e+01	6.316808e-04
-7.226945e+01	6.332701e-04
-7.216945e+01	6.348654e-04
-7.206945e+01	6.364668e-04
-7.196945e+01	6.380743e-04
-7.186945e+01	6.396879e-04
-7.176945e+01	6.413076e-04
-7.166945e+01	6.429335e-04
-7.156945e+01	6.445657e-04
-7.146945e+01	6.462040e-04
-7.136945e+01	6.478487e-04
-7.126945e+01	6.494996e-04
-7.116945e+01	6.511569e-04
-7.106945e+01	6.528206e-04
-7.096945e+01	6.544906e-04
-7.086945e+01	6.561671e-04
-7.076945e+01	6.578501e-04
-7.066945e+01	6.595395e-04
-7.056945e+01	6.612355e-04
-7.046945e+01	6.629381e-04
-7.036945e+01	6.646473e-04
-7.026945e+01	6.663631e-04
-7.016945e+01	6.680856e-04
-7.006945e+01	6.698148e-04
-6.996945e+01	6.715507e-04
-6.986945e+01	6.732934e-04
-6.976945e+01	6.750430e-04
-6.966945e+01	6.767993e-04
-6.956945e+01	6.785626e-04
-6.946945e+01	6.803328e-04
-6.936945e+01	6.821099e-04
-6.926945e+01	6.838941e-04
-6.916945e+01	6.856852e-04
-6.906945e+01	6.874835e-04
-6.896945e+01	6.892888e-04
-6.886945e+01	6.911013e-04
-6.876945e+01	6.929210e-04
-6.866945e+01	6.947479e-04
-6.856945e+01	6.965820e-04
-6.846945e+01	6.984234e-04
-6.836945e+01	7.002722e-04
-6.826945e+01	7.021284e-04
-6.816945e+01	7.039919e-04
-6.806945e+01	7.058629e-04
-6.796945e+01	7.077415e-04
-6.786945e+01	7.096275e-04
-6.776945e+01	7.115211e-04
-6.766945e+01	7.134223e-04
-6.756945e+01	7.153312e-04
-6.746945e+01	7.172478e-04
-6.736945e+01	7.191721e-04
-6.726945e+01	7.211042e-04
-6.716945e+01	7.230442e-04
-6.706945e+01	7.249920e-04
-6.696945e+01	7.269477e-04
-6.686945e+01	7.289113e-04
-6.676945e+01	7.308829e-04
-6.666945e+01	7.328626e-04
-6.656945e+01	7.348504e-04
-6.646945e+01	7.368463e-04
-6.636945e+01	7.388503e-04
-6.626945e+01	7.408626e-04
-6.616945e+01	7.428831e-04
-6.606945e+01	7.449120e-04
-6.596945e+01	7.469492e-04
-6.586945e+01	7.489947e-04
-6.576945e+01	7.510488e-04
-6.566945e+01	7.531113e-04
-6.556945e+01	7.551823e-04
-6.546945e+01	7.572620e-04
-6.536945e+01	7.593502e-04
-6.526945e+01	7.614472e-04
-6.516945e+01	7.635529e-04
-6.506945e+01	7.656673e-04
-6.496945e+01	7.677906e-04
-6.486945e+01	7.699228e-04
-6.476945e+01	7.720639e-04
-6.466945e+01	7.742139e-04
-6.456945e+01	7.763730e-04
-6.446945e+01	7.785412e-04
-6.436945e+01	7.807185e-04
-6.426945e+01	7.829049e-04
-6.416945e+01	7.851006e-04
-6.406945e+01	7.873056e-04
-6.396945e+01	7.895199e-04
-6.386945e+01	7.917436e-04
-6.376945e+01	7.939768e-04
-6.366945e+01	7.962194e-04
-6.356945e+01	7.984716e-04
-6.346945e+01	8.007334e-04
-6.336945e+01	8.030049e-04
-6.326945e+01	8.052861e-04
-6.316945e+01	8.075770e-04
-6.306945e+01	8.098778e-04
-6.296945e+01	8.121884e-04
-6.286945e+01	8.145090e-04
-6.276945e+01	8.168396e-04
-6.266945e+01	8.191803e-04
-6.256945e+01	8.215310e-04
-6.246945e+01	8.238920e-04
-6.236945e+01	8.262631e-04
-6.226945e+01	8.286446e-04
-6.216945e+01	8.310364e-04
-6.206945e+01	8.334386e-04
-6.196945e+01	8.358513e-04
-6.186945e+01	8.382745e-04
-6.176945e+01	8.407083e-04
-6.166945e+01	8.431527e-04
-6.156945e+01	8.456079e-04
-6.146945e+01	8.480739e-04
-6.136945e+01	8.505507e-04
-6.126945e+01	8.530384e-04
-6.116945e+01	8.555371e-04
-6.106945e+01	8.580468e-04
-6.096945e+01	8.605676e-04
-6.086945e+01	8.630996e-04
-6.076945e+01	8.656429e-04
-6.066945e+01	8.681974e-04
-6.056945e+01	8.707633e-04
-6.046945e+01	8.733406e-04
-6.036945e+01	8.759295e-04
-6.026945e+01	8.785299e-04
-6.016945e+01	8.811420e-04
-6.006945e+01	8.837658e-04
-5.996945e+01	8.864013e-04
-5.986945e+01	8.890487e-04
-5.976945e+01	8.917081e-04
-5.966945e+01	8.943794e-04
-5.956945e+01	8.970628e-04
-5.946945e+01	8.997584e-04
-5.936945e+01	9.024662e-04
-5.926945e+01	9.051862e-04
-5.916945e+01	9.079187e-04
-5.906945e+01	9.106636e-04
-5.896945e+01	9.134210e-04
-5.886945e+01	9.161909e-04
-5.876945e+01	9.189736e-04
-5.866945e+01	9.217690e-04
-5.856945e+01	9.245773e-04
-5.846945e+01	9.273984e-04
-5.836945e+01	9.302325e-04
-5.826945e+01	9.330797e-04
-5.816945e+01	9.359401e-04
-5.806945e+01	9.388137e-04
-5.796945e+01	9.417006e-04
-5.786945e+01	9.446008e-04
-5.776945e+01	9.475146e-04
-5.766945e+01	9.504419e-04
-5.756945e+01	9.533829e-04
-5.746945e+01	9.563376e-04
-5.736945e+01	9.593061e-04
-5.726945e+01	9.622885e-04
-5.716945e+01	9.652849e-04
-5.706945e+01	9.682954e-04
-5.696945e+01	9.713201e-04
-5.686945e+01	9.743590e-04
-5.676945e+01	9.774123e-04
-5.666945e+01	9.804800e-04
-5.656945e+01	9.835622e-04
-5.646945e+01	9.866591e-04
-5.636945e+01	9.897706e-04
-5.626945e+01	9.928970e-04
-5.616945e+01	9.960383e-04
-5.606945e+01	9.991946e-04
-5.596945e+01	1.002366e-03
-5.586945e+01	1.005552e-03
-5.576945e+01	1.008754e-03
-5.566945e+01	1.011972e-03
-5.556945e+01	1.015204e-03
-5.546945e+01	1.018453e-03
-5.536945e+01	1.021717e-03
-5.526945e+01	1.024996e-03
-5.516945e+01	1.028292e-03
-5.506945e+01	1.031604e-03
-5.496945e+01	1.034932e-03
-5.486945e+01	1.038276e-03
-5.476945e+01	1.041636e-03
-5.466945e+01	1.045013e-03
-5.456945e+01	1.048406e-03
-5.446945e+01	1.051816e-03
-5.436945e+01	1.055242e-03
-5.426945e+01	1.058686e-03
-5.416945e+01	1.062146e-03
-5.406945e+01	1.065624e-03
-5.396945e+01	1.069118e-03
-5.386945e+01	1.072630e-03
-5.376945e+01	1.076160e-03
-5.366945e+01	1.079707e-03
-5.356945e+01	1.083271e-03
-5.346945e+01	1.086854e-03
-5.336945e+01	1.090454e-03
-5.326945e+01	1.094072e-03
-5.316945e+01	1.097709e-03
-5.306945e+01	1.101363e-03
-5.296945e+01	1.105036e-03
-5.286945e+01	1.108728e-03
-5.276945e+01	1.112438e-03
-5.266945e+01	1.116167e-03
-5.256945e+01	1.119915e-03
-5.246945e+01	1.123681e-03
-5.236945e+01	1.127467e-03
-5.226945e+01	1.131272e-03
-5.216945e+01	1.135097e-03
-5.206945e+01	1.138941e-03
-5.196945e+01	1.142805e-03
-5.186945e+01	1.146688e-03
-5.176945e+01	1.150592e-03
-5.166945e+01	1.154515e-03
-5.156945e+01	1.158459e-03
-5.146945e+01	1.162423e-03
-5.136945e+01	1.166408e-03
-5.126945e+01	1.170413e-03
-5.116945e+01	1.174439e-03
-5.106945e+01	1.178486e-03
-5.096945e+01	1.182554e-03
-5.086945e+01	1.186643e-03
-5.076945e+01	1.190754e-03
-5.066945e+01	1.194886e-03
-5.056945e+01	1.199040e-03
-5.046945e+01	1.203215e-03
-5.036945e+01	1.207413e-03
-5.026945e+01	1.211632e-03
-5.016945e+01	1.215874e-03
-5.006945e+01	1.220139e-03
-4.996945e+01	1.224426e-03
-4.986945e+01	1.228735e-03
-4.976945e+01	1.233068e-03
-4.966945e+01	1.237424e-03
-4.956945e+01	1.241803e-03
-4.946945e+01	1.246205e-03
-4.936945e+01	1.250631e-03
-4.926945e+01	1.255081e-03
-4.916945e+01	1.259554e-03
-4.906945e+01	1.264052e-03
-4.896945e+01	1.268574e-03
-4.886945e+01	1.273121e-03
-4.876945e+01	1.277692e-03
-4.866945e+01	1.282288e-03
-4.856945e+01	1.286909e-03
-4.846945e+01	1.291555e-03
-4.836945e+01	1.296226e-03
-4.826945e+01	1.300923e-03
-4.816945e+01	1.305646e-03
-4.806945e+01	1.310394e-03
-4.796945e+01	1.315169e-03
-4.786945e+01	1.319970e-03
-4.776945e+01	1.324798e-03
-4.766945e+01	1.329652e-03
-4.756945e+01	1.334533e-03
-4.746945e+01	1.339441e-03
-4.736945e+01	1.344377e-03
-4.726945e+01	1.349340e-03
-4.716945e+01	1.354330e-03
-4.706945e+01	1.359349e-03
-4.696945e+01	1.364396e-03
-4.686945e+01	1.369471e-03
-4.676945e+01	1.374574e-03
-4.666945e+01	1.379707e-03
-4.656945e+01	1.384868e-03
-4.646945e+01	1.390058e-03
-4.636945e+01	1.395278e-03
-4.626945e+01	1.400528e-03
-4.616945e+01	1.405807e-03
-4.606945e+01	1.411117e-03
-4.596945e+01	1.416457e-03
-4.586945e+01	1.421827e-03
-4.576945e+01	1.427229e-03
-4.566945e+01	1.432661e-03
-4.556945e+01	1.438124e-03
-4.546945e+01	1.443620e-03
-4.536945e+01	1.449146e-03
-4.526945e+01	1.454705e-03
-4.516945e+01	1.460296e-03
-4.506945e+01	1.465920e-03
-4.496945e+01	1.471576e-03
-4.486945e+01	1.477266e-03
-4.476945e+01	1.482988e-03
-4.466945e+01	1.488745e-03
-4.456945e+01	1.494535e-03
-4.446945e+01	1.500359e-03
-4.436945e+01	1.506217e-03
-4.426945e+01	1.512110e-03
-4.416945e+01	1.518038e-03
-4.406945e+01	1.524001e-03
-4.396945e+01	1.530000e-03
-4.386945e+01	1.536034e-03
-4.376945e+01	1.542105e-03
-4.366945e+01	1.548211e-03
-4.356945e+01	1.554355e-03
-4.346945e+01	1.560535e-03
-4.336945e+01	1.566752e-03
-4.326945e+01	1.573007e-03
-4.316945e+01	1.579299e-03
-4.306945e+01	1.585630e-03
-4.296945e+01	1.591999e-03
-4.286945e+01	1.598407e-03
-4.276945e+01	1.604854e-03
-4.266945e+01	1.611340e-03
-4.256945e+01	1.617866e-03
-4.246945e+01	1.624432e-03
-4.236945e+01	1.631039e-03
-4.226945e+01	1.637686e-03
-4.216945e+01	1.644374e-03
-4.206945e+01	1.651103e-03
-4.196945e+01	1.657874e-03
-4.186945e+01	1.664687e-03
-4.176945e+01	1.671543e-03
-4.166945e+01	1.678441e-03
-4.156945e+01	1.685383e-03
-4.146945e+01	1.692368e-03
-4.136945e+01	1.699396e-03
-4.126945e+01	1.706469e-03
-4.116945e+01	1.713587e-03
-4.106945e+01	1.720750e-03
-4.096945e+01	1.727958e-03
-4.086945e+01	1.735211e-03
-4.076945e+01	1.742511e-03
-4.066945e+01	1.749857e-03
-4.056945e+01	1.757250e-03
-4.046945e+01	1.764691e-03
-4.036945e+01	1.772179e-03
-4.026945e+01	1.779716e-03
-4.016945e+01	1.787301e-03
-4.006945e+01	1.794935e-03
-3.996945e+01	1.802618e-03
-3.986945e+01	1.810351e-03
-3.976945e+01	1.818135e-03
-3.966945e+01	1.825969e-03
-3.956945e+01	1.833855e-03
-3.946945e+01	1.841792e-03
-3.936945e+01	1.849781e-03
-3.926945e+01	1.857823e-03
-3.916945e+01	1.865917e-03
-3.906945e+01	1.874065e-03
-3.896945e+01	1.882267e-03
-3.886945e+01	1.890524e-03
-3.876945e+01	1.898835e-03
-3.866945e+01	1.907202e-03
-3.856945e+01	1.915625e-03
-3.846945e+01	1.924104e-03
-3.836945e+01	1.932640e-03
-3.826945e+01	1.941233e-03
-3.816945e+01	1.949885e-03
-3.806945e+01	1.958595e-03
-3.796945e+01	1.967364e-03
-3.786945e+01	1.976192e-03
-3.776945e+01	1.985081e-03
-3.766945e+01	1.994030e-03
-3.756945e+01	2.003040e-03
-3.746945e+01	2.012112e-03
-3.736945e+01	2.021247e-03
-3.726945e+01	2.030444e-03
-3.716945e+01	2.039705e-03
-3.706945e+01	2.049030e-03
-3.696945e+01	2.058420e-03
-3.686945e+01	2.067875e-03
-3.676945e+01	2.077396e-03
-3.666945e+01	2.086983e-03
-3.656945e+01	2.096638e-03
-3.646945e+01	2.106360e-03
-3.636945e+01	2.116151e-03
-3.626945e+01	2.126011e-03
-3.616945e+01	2.135941e-03
-3.606945e+01	2.145941e-03
-3.596945e+01	2.156012e-03
-3.586945e+01	2.166155e-03
-3.576945e+01	2.176370e-03
-3.566945e+01	2.186659e-03
-3.556945e+01	2.197021e-03
-3.546945e+01	2.207458e-03
-3.536945e+01	2.217970e-03
-3.526945e+01	2.228559e-03
-3.516945e+01	2.239224e-03
-3.506945e+01	2.249966e-03
-3.496945e+01	2.260787e-03
-3.486945e+01	2.271687e-03
-3.476945e+01	2.282667e-03
-3.466945e+01	2.293727e-03
-3.456945e+01	2.304869e-03
-3.446945e+01	2.316093e-03
-3.436945e+01	2.327400e-03
-3.426945e+01	2.338791e-03
-3.416945e+01	2.350267e-03
-3.406945e+01	2.361828e-03
-3.396945e+01	2.373476e-03
-3.386945e+01	2.385211e-03
-3.376945e+01	2.397034e-03
-3.366945e+01	2.408946e-03
-3.356945e+01	2.420948e-03
-3.346945e+01	2.433042e-03
-3.336945e+01	2.445227e-03
-3.326945e+01	2.457505e-03
-3.316945e+01	2.469876e-03
-3.306945e+01	2.482343e-03
-3.296945e+01	2.494905e-03
-3.286945e+01	2.507563e-03
-3.276945e+01	2.520320e-03
-3.266945e+01	2.533175e-03
-3.256945e+01	2.546130e-03
-3.246945e+01	2.559185e-03
-3.236945e+01	2.572343e-03
-3.226945e+01	2.585603e-03
-3.216945e+01	2.598968e-03
-3.206945e+01	2.612437e-03
-3.196945e+01	2.626013e-03
-3.186945e+01	2.639696e-03
-3.176945e+01	2.653488e-03
-3.166945e+01	2.667390e-03
-3.156945e+01	2.681402e-03
-3.146945e+01	2.695526e-03
-3.136945e+01	2.709764e-03
-3.126945e+01	2.724116e-03
-3.116945e+01	2.738584e-03
-3.106945e+01	2.753169e-03
-3.096945e+01	2.767872e-03
-3.086945e+01	2.782694e-03
-3.076945e+01	2.797638e-03
-3.066945e+01	2.812704e-03
-3.056945e+01	2.827894e-03
-3.046945e+01	2.843208e-03
-3.036945e+01	2.858649e-03
-3.026945e+01	2.874218e-03
-3.016945e+01	2.889915e-03
-3.006945e+01	2.905744e-03
-2.996945e+01	2.921705e-03
-2.986945e+01	2.937799e-03
-2.976945e+01	2.954028e-03
-2.966945e+01	2.970394e-03
-2.956945e+01	2.986899e-03
-2.946945e+01	3.003543e-03
-2.936945e+01	3.020329e-03
-2.926945e+01	3.037257e-03
-2.916945e+01	3.054331e-03
-2.906945e+01	3.071550e-03
-2.896945e+01	3.088918e-03
-2.886945e+01	3.106436e-03
-2.876945e+01	3.124105e-03
-2.866945e+01	3.141928e-03
-2.856945e+01	3.159906e-03
-2.846945e+01	3.178041e-03
-2.836945e+01	3.196334e-03
-2.826945e+01	3.214789e-03
-2.816945e+01	3.233406e-03
-2.806945e+01	3.252187e-03
-2.796945e+01	3.271135e-03
-2.786945e+01	3.290252e-03
-2.776945e+01	3.309540e-03
-2.766945e+01	3.329000e-03
-2.756945e+01	3.348635e-03
-2.746945e+01	3.368446e-03
-2.736945e+01	3.388437e-03
-2.726945e+01	3.408609e-03
-2.716945e+01	3.428965e-03
-2.706945e+01	3.449506e-03
-2.696945e+01	3.470236e-03
-2.686945e+01	3.491156e-03
-2.676945e+01	3.512269e-03
-2.666945e+01	3.533576e-03
-2.656945e+01	3.555082e-03
-2.646945e+01	3.576788e-03
-2.636945e+01	3.598696e-03
-2.626945e+01	3.620810e-03
-2.616945e+01	3.643131e-03
-2.606945e+01	3.665664e-03
-2.596945e+01	3.688409e-03
-2.586945e+01	3.711370e-03
-2.576945e+01	3.734550e-03
-2.566945e+01	3.757952e-03
-2.556945e+01	3.781578e-03
-2.546945e+01	3.805432e-03
-2.536945e+01	3.829516e-03
-2.526945e+01	3.853833e-03
-2.516945e+01	3.878387e-03
-2.506945e+01	3.903180e-03
-2.496945e+01	3.928217e-03
-2.486945e+01	3.953499e-03
-2.476945e+01	3.979031e-03
-2.466945e+01	4.004815e-03
-2.456945e+01	4.030856e-03
-2.446945e+01	4.057156e-03
-2.436945e+01	4.083719e-03
-2.426945e+01	4.110549e-03
-2.416945e+01	4.137649e-03
-2.406945e+01	4.165024e-03
-2.396945e+01	4.192676e-03
-2.386945e+01	4.220610e-03
-2.376945e+01	4.248829e-03
-2.366945e+01	4.277338e-03
-2.356945e+01	4.306140e-03
-2.346945e+01	4.335241e-03
-2.336945e+01	4.364643e-03
-2.326945e+01	4.394351e-03
-2.316945e+01	4.424370e-03
-2.306945e+01	4.454704e-03
-2.296945e+01	4.485358e-03
-2.286945e+01	4.516336e-03
-2.276945e+01	4.547642e-03
-2.266945e+01	4.579282e-03
-2.256945e+01	4.611260e-03
-2.246945e+01	4.643582e-03
-2.236945e+01	4.676252e-03
-2.226945e+01	4.709276e-03
-2.216945e+01	4.742658e-03
-2.206945e+01	4.776405e-03
-2.196945e+01	4.810521e-03
-2.186945e+01	4.845012e-03
-2.176945e+01	4.879884e-03
-2.166945e+01	4.915142e-03
-2.156945e+01	4.950793e-03
-2.146945e+01	4.986842e-03
-2.136945e+01	5.023295e-03
-2.126945e+01	5.060158e-03
-2.116945e+01	5.097439e-03
-2.106945e+01	5.135143e-03
-2.096945e+01	5.173277e-03
-2.086945e+01	5.211848e-03
-2.076945e+01	5.250862e-03
-2.066945e+01	5.290327e-03
-2.056945e+01	5.330249e-03
-2.046945e+01	5.370636e-03
-2.036945e+01	5.411496e-03
-2.026945e+01	5.452836e-03
-2.016945e+01	5.494663e-03
-2.006945e+01	5.536986e-03
-1.996945e+01	5.579812e-03
-1.986945e+01	5.623150e-03
-1.976945e+01	5.667009e-03
-1.966945e+01	5.711396e-03
-1.956945e+01	5.756321e-03
-1.946945e+01	5.801792e-03
-1.936945e+01	5.847819e-03
-1.926945e+01	5.894411e-03
-1.916945e+01	5.941578e-03
-1.906945e+01	5.989329e-03
-1.896945e+01	6.037674e-03
-1.886945e+01	6.086623e-03
-1.876945e+01	6.136188e-03
-1.866945e+01	6.186377e-03
-1.856945e+01	6.237203e-03
-1.846945e+01	6.288677e-03
-1.836945e+01	6.340809e-03
-1.826945e+01	6.393611e-03
-1.816945e+01	6.447096e-03
-1.806945e+01	6.501276e-03
-1.796945e+01	6.556162e-03
-1.786945e+01	6.611767e-03
-1.776945e+01	6.668106e-03
-1.766945e+01	6.725190e-03
-1.756945e+01	6.783034e-03
-1.746945e+01	6.841651e-03
-1.736945e+01	6.901056e-03
-1.726945e+01	6.961263e-03
-1.716945e+01	7.022288e-03
-1.706945e+01	7.084146e-03
-1.696945e+01	7.146852e-03
-1.686945e+01	7.210422e-03
-1.676945e+01	7.274874e-03
-1.666945e+01	7.340223e-03
-1.656945e+01	7.406488e-03
-1.646945e+01	7.473686e-03
-1.636945e+01	7.541835e-03
-1.626945e+01	7.610954e-03
-1.616945e+01	7.681061e-03
-1.606945e+01	7.752178e-03
-1.596945e+01	7.824323e-03
-1.586945e+01	7.897518e-03
-1.576945e+01	7.971783e-03
-1.566945e+01	8.047140e-03
-1.556945e+01	8.123612e-03
-1.546945e+01	8.201222e-03
-1.536945e+01	8.279992e-03
-1.526945e+01	8.359948e-03
-1.516945e+01	8.441114e-03
-1.506945e+01	8.523515e-03
-1.496945e+01	8.607178e-03
-1.486945e+01	8.692130e-03
-1.476945e+01	8.778398e-03
-1.466945e+01	8.866010e-03
-1.456945e+01	8.954997e-03
-1.446945e+01	9.045387e-03
-1.436945e+01	9.137212e-03
-1.426945e+01	9.230504e-03
-1.416945e+01	9.325295e-03
-1.406945e+01	9.421619e-03
-1.396945e+01	9.519511e-03
-1.386945e+01	9.619006e-03
-1.376945e+01	9.720141e-03
-1.366945e+01	9.822954e-03
-1.356945e+01	9.927484e-03
-1.346945e+01	1.003377e-02
-1.336945e+01	1.014186e-02
-1.326945e+01	1.025178e-02
-1.316945e+01	1.036359e-02
-1.306945e+01	1.047734e-02
-1.296945e+01	1.059306e-02
-1.286945e+01	1.071080e-02
-1.276945e+01	1.083062e-02
-1.266945e+01	1.095257e-02
-1.256945e+01	1.107670e-02
-1.246945e+01	1.120306e-02
-1.236945e+01	1.133171e-02
-1.226945e+01	1.146272e-02
-1.216945e+01	1.159613e-02
-1.206945e+01	1.173202e-02
-1.196945e+01	1.187045e-02
-1.186945e+01	1.201148e-02
-1.176945e+01	1.215518e-02
-1.166945e+01	1.230164e-02
-1.156945e+01	1.245091e-02
-1.146945e+01	1.260308e-02
-1.136945e+01	1.275822e-02
-1.126945e+01	1.291643e-02
-1.116945e+01	1.307778e-02
-1.106945e+01	1.324237e-02
-1.096945e+01	1.341028e-02
-1.086945e+01	1.358162e-02
-1.076945e+01	1.375647e-02
-1.066945e+01	1.393495e-02
-1.056945e+01	1.411716e-02
-1.046945e+01	1.430322e-02
-1.036945e+01	1.449323e-02
-1.026945e+01	1.468732e-02
-1.016945e+01	1.488562e-02
-1.006945e+01	1.508825e-02
-9.969451e+00	1.529535e-02
-9.869451e+00	1.550706e-02
-9.769451e+00	1.572354e-02
-9.669451e+00	1.594492e-02
-9.569451e+00	1.617138e-02
-9.469451e+00	1.640308e-02
-9.369451e+00	1.664019e-02
-9.269451e+00	1.688290e-02
-9.169451e+00	1.713140e-02
-9.069451e+00	1.738589e-02
-8.969451e+00	1.764658e-02
-8.869451e+00	1.791368e-02
-8.769451e+00	1.818743e-02
-8.669451e+00	1.846806e-02
-8.569451e+00	1.875582e-02
-8.469451e+00	1.905099e-02
-8.369451e+00	1.935384e-02
-8.269451e+00	1.966466e-02
-8.169451e+00	1.998375e-02
-8.069451e+00	2.031144e-02
-7.969451e+00	2.064807e-02
-7.869451e+00	2.099400e-02
-7.769451e+00	2.134960e-02
-7.669451e+00	2.171528e-02
-7.569451e+00	2.209145e-02
-7.469451e+00	2.247855e-02
-7.369451e+00	2.287707e-02
-7.269451e+00	2.328749e-02
-7.169451e+00	2.371034e-02
-7.069451e+00	2.414620e-02
-6.969451e+00	2.459565e-02
-6.869451e+00	2.505932e-02
-6.769451e+00	2.553789e-02
-6.669451e+00	2.603208e-02
-6.569451e+00	2.654266e-02
-6.469451e+00	2.707044e-02
-6.369451e+00	2.761630e-02
-6.269451e+00	2.818119e-02
-6.169451e+00	2.876609e-02
-6.069451e+00	2.937211e-02
-5.969451e+00	3.000040e-02
-5.869451e+00	3.065222e-02
-5.769451e+00	3.132892e-02
-5.669451e+00	3.203197e-02
-5.569451e+00	3.276295e-02
-5.469451e+00	3.352358e-02
-5.369451e+00	3.431575e-02
-5.269451e+00	3.514150e-02
-5.169451e+00	3.600307e-02
-5.069451e+00	3.690290e-02
-4.969451e+00	3.784368e-02
-4.869451e+00	3.882839e-02
-4.769451e+00	3.986030e-02
-4.669451e+00	4.094304e-02
-4.569451e+00	4.208065e-02
-4.469451e+00	4.327765e-02
-4.369451e+00	4.453908e-02
-4.269451e+00	4.587064e-02
-4.169451e+00	4.727874e-02
-4.069451e+00	4.877069e-02
-3.969451e+00	5.035480e-02
-3.869451e+00	5.204062e-02
-3.769451e+00	5.383916e-02
-3.669451e+00	5.576319e-02
-3.569451e+00	5.782766e-02
-3.469451e+00	6.005015e-02
-3.369451e+00	6.245150e-02
-3.269451e+00	6.505665e-02
-3.169451e+00	6.789571e-02
-3.069451e+00	7.100538e-02
-2.969451e+00	7.443089e-02
-2.869451e+00	7.822862e-02
-2.769451e+00	8.246979e-02
-2.669451e+00	8.724559e-02
-2.569451e+00	9.267465e-02
-2.469451e+00	9.891388e-02
-2.369451e+00	1.061748e-01
-2.269451e+00	1.147485e-01
-2.169451e+00	1.250450e-01
-2.069451e+00	1.376568e-01
-1.969451e+00	1.534650e-01
-1.869451e+00	1.738221e-01
-1.769451e+00	2.008777e-01
-1.669451e+00	2.381749e-01
-1.569451e+00	2.917603e-01
-1.469451e+00	3.721804e-01
-1.369451e+00	4.973674e-01
-1.269451e+00	6.920359e-01
-1.169451e+00	9.571553e-01
-1.069451e+00	1.163665e+00
-9.694509e-01	1.097428e+00
-8.694509e-01	8.511280e-01
-7.694509e-01	6.352377e-01
-6.694509e-01	4.987608e-01
-5.694509e-01	4.219213e-01
-4.694509e-01	3.838587e-01
-3.694509e-01	3.721404e-01
-2.694509e-01	3.797964e-01
-1.694509e-01	4.051845e-01
-6.945093e-02	4.546606e-01
3.054907e-02	5.398593e-01
1.305491e-01	6.724619e-01
2.305491e-01	8.354551e-01
3.305491e-01	9.287717e-01
4.305491e-01	8.890390e-01
5.305491e-01	8.264708e-01
6.305491e-01	8.233938e-01
7.305491e-01	8.794584e-01
8.305491e-01	9.950413e-01
9.305491e-01	1.206183e+00
1.030549e+00	1.509353e+00
1.130549e+00	1.732958e+00
1.230549e+00	1.668393e+00
1.330549e+00	1.475531e+00
1.430549e+00	1.374467e+00
1.530549e+00	1.419081e+00
1.630549e+00	1.619239e+00
1.730549e+00	1.995697e+00
1.830549e+00	2.515313e+00
1.930549e+00	2.915699e+00
2.030549e+00	2.947281e+00
2.130549e+00	2.903324e+00
2.230549e+00	3.119950e+00
2.330549e+00	3.737035e+00
2.430549e+00	4.906308e+00
2.530549e+00	6.900827e+00
2.630549e+00	1.000115e+01
2.730549e+00	1.360059e+01
2.830549e+00	1.483965e+01
2.930549e+00	1.223503e+01
3.030549e+00	8.711013e+00
3.130549e+00	6.152239e+00
3.230549e+00	4.488978e+00
3.330549e+00	3.331921e+00
3.430549e+00	2.504269e+00
3.530549e+00	1.925838e+00
3.630549e+00	1.525111e+00
3.730549e+00	1.242309e+00
3.830549e+00	1.037142e+00
3.930549e+00	8.843620e-01
4.030549e+00	7.681132e-01
4.130549e+00	6.782055e-01
4.230549e+00	6.079470e-01
4.330549e+00	5.528974e-01
4.430549e+00	5.101255e-01
4.530549e+00	4.777920e-01
4.630549e+00	4.542414e-01
4.730549e+00	4.351085e-01
4.830549e+00	4.144863e-01
4.930549e+00	3.934774e-01
5.030549e+00	3.762429e-01
5.130549e+00	3.640951e-01
5.230549e+00	3.565300e-01
5.330549e+00	3.528539e-01
5.430549e+00	3.526378e-01
5.530549e+00	3.557075e-01
5.630549e+00	3.620882e-01
5.730549e+00	3.719775e-01
5.830549e+00	3.857479e-01
5.930549e+00	4.039755e-01
6.030549e+00	4.274968e-01
6.130549e+00	4.575035e-01
6.230549e+00	4.956932e-01
6.330549e+00	5.445119e-01
6.430549e+00	6.075341e-01
6.530549e+00	6.900098e-01
6.630549e+00	7.994340e-01
6.730549e+00	9.464247e-01
6.830549e+00	1.149581e+00
6.930549e+00	1.443881e+00
7.030549e+00	1.888724e+00
7.130549e+00	2.585281e+00
7.230549e+00	3.693241e+00
7.330549e+00	5.351488e+00
7.430549e+00	7.166621e+00
7.530549e+00	7.608934e+00
7.630549e+00	6.150203e+00
7.730549e+00	4.349815e+00
7.830549e+00	3.060742e+00
7.930549e+00	2.255073e+00
8.030549e+00	1.758859e+00
8.130549e+00	1.448844e+00
8.230549e+00	1.253253e+00
8.330549e+00	1.131438e+00
8.430549e+00	1.060139e+00
8.530549e+00	1.025915e+00
8.630549e+00	1.021120e+00
8.730549e+00	1.041780e+00
8.830549e+00	1.086487e+00
8.930549e+00	1.155896e+00
9.030549e+00	1.252611e+00
9.130549e+00	1.381399e+00
9.230549e+00	1.549767e+00
9.330549e+00	1.769010e+00
9.430549e+00	2.056013e+00
9.530549e+00	2.436297e+00
9.630549e+00	2.949296e+00
9.730549e+00	3.657708e+00
9.830549e+00	4.664554e+00
9.930549e+00	6.144909e+00
1.003055e+01	8.404012e+00
1.013055e+01	1.196988e+01
1.023055e+01	1.764228e+01
1.033055e+01	2.589913e+01
1.043055e+01	3.394404e+01
1.053055e+01	3.416277e+01
1.063055e+01	2.636639e+01
1.073055e+01	1.821194e+01
1.083055e+01	1.268737e+01
1.093055e+01	9.291351e+00
1.103055e+01	7.039709e+00
1.113055e+01	5.398996e+00
1.123055e+01	4.224125e+00
1.133055e+01	3.361314e+00
1.143055e+01	2.701411e+00
1.153055e+01	2.207272e+00
1.163055e+01	1.841118e+00
1.173055e+01	1.566672e+00
1.183055e+01	1.358488e+00
1.193055e+01	1.200898e+00
1.203055e+01	1.085443e+00
1.213055e+01	1.008604e+00
1.223055e+01	9.670371e-01
1.233055e+01	9.436932e-01
1.243055e+01	9.026161e-01
1.253055e+01	8.448765e-01
1.263055e+01	7.875955e-01
1.273055e+01	7.068355e-01
1.283055e+01	6.094838e-01
1.293055e+01	5.260420e-01
1.303055e+01	4.633389e-01
1.313055e+01	4.164943e-01
1.323055e+01	3.806251e-01
1.333055e+01	3.528529e-01
1.343055e+01	3.318941e-01
1.353055e+01	3.173989e-01
1.363055e+01	3.083129e-01
1.373055e+01	2.994575e-01
1.383055e+01	2.858813e-01
1.393055e+01	2.716689e-01
1.403055e+01	2.578978e-01
1.413055e+01	2.406049e-01
1.423055e+01	2.220876e-01
1.433055e+01	2.068170e-01
1.443055e+01	1.957495e-01
1.453055e+01	1.885638e-01
1.463055e+01	1.854170e-01
1.473055e+01	1.873766e-01
1.483055e+01	1.962176e-01
1.493055e+01	2.114374e-01
1.503055e+01	2.209709e-01
1.513055e+01	2.073108e-01
1.523055e+01	1.800589e-01
1.533055e+01	1.562722e-01
1.543055e+01	1.392986e-01
1.553055e+01	1.272573e-01
1.563055e+01	1.182914e-01
1.573055e+01	1.112459e-01
1.583055e+01	1.054519e-01
1.593055e+01	1.005174e-01
1.603055e+01	9.620414e-02
1.613055e+01	9.236118e-02
1.623055e+01	8.888889e-02
1.633055e+01	8.571891e-02
1.643055e+01	8.280277e-02
1.653055e+01	8.010506e-02
1.663055e+01	7.759931e-02
1.673055e+01	7.526543e-02
1.683055e+01	7.308804e-02
1.693055e+01	7.105547e-02
1.703055e+01	6.915915e-02
1.713055e+01	6.739329e-02
1.723055e+01	6.575493e-02
1.733055e+01	6.424423e-02
1.743055e+01	6.286524e-02
1.753055e+01	6.162736e-02
1.763055e+01	6.054805e-02
1.773055e+01	5.965771e-02
1.783055e+01	5.900839e-02
1.793055e+01	5.868777e-02
1.803055e+01	5.883118e-02
1.813055e+01	5.958739e-02
1.823055e+01	6.096197e-02
1.833055e+01	6.251456e-02
1.843055e+01	6.327286e-02
1.853055e+01	6.281700e-02
1.863055e+01	6.252013e-02
1.873055e+01	6.377157e-02
1.883055e+01	6.652621e-02
1.893055e+01	6.907963e-02
1.903055e+01	7.052229e-02
1.913055e+01	7.320892e-02
1.923055e+01	7.951902e-02
1.933055e+01	9.129651e-02
1.943055e+01	1.112625e-01
1.953055e+01	1.433014e-01
1.963055e+01	1.869717e-01
1.973055e+01	2.216288e-01
1.983055e+01	2.158526e-01
1.993055e+01	1.802680e-01
2.003055e+01	1.441128e-01
2.013055e+01	1.161287e-01
2.023055e+01	9.428030e-02
2.033055e+01	7.786275e-02
2.043055e+01	6.592161e-02
2.053055e+01	5.752407e-02
2.063055e+01	5.148459e-02
2.073055e+01	4.684551e-02
2.083055e+01	4.330608e-02
2.093055e+01	4.066616e-02
2.103055e+01	3.870395e-02
2.113055e+01	3.727619e-02
2.123055e+01	3.632665e-02
2.133055e+01	3.583942e-02
2.143055e+01	3.576167e-02
2.153055e+01	3.605909e-02
2.163055e+01	3.690772e-02
2.173055e+01	3.819243e-02
2.183055e+01	3.924492e-02
2.193055e+01	3.963340e-02
2.203055e+01	3.960381e-02
2.213055e+01	3.966202e-02
2.223055e+01	4.062722e-02
2.233055e+01	4.288941e-02
2.243055e+01	4.722459e-02
2.253055e+01	5.494019e-02
2.263055e+01	6.433175e-02
2.273055e+01	6.698228e-02
2.283055e+01	5.859515e-02
2.293055e+01	4.741987e-02
2.303055e+01	3.891777e-02
2.313055e+01	3.329772e-02
2.323055e+01	2.961825e-02
2.333055e+01	2.712420e-02
2.343055e+01	2.535506e-02
2.353055e+01	2.404511e-02
2.363055e+01	2.304001e-02
2.373055e+01	2.224870e-02
2.383055e+01	2.161767e-02
2.393055e+01	2.111826e-02
2.403055e+01	2.074159e-02
2.413055e+01	2.049843e-02
2.423055e+01	2.041673e-02
2.433055e+01	2.049931e-02
2.443055e+01	2.057418e-02
2.453055e+01	2.034415e-02
2.463055e+01	1.992135e-02
2.473055e+01	1.951364e-02
2.483055e+01	1.910738e-02
2.493055e+01	1.878935e-02
2.503055e+01	1.866871e-02
2.513055e+01	1.880672e-02
2.523055e+01	1.927496e-02
2.533055e+01	2.008312e-02
2.543055e+01	2.079899e-02
2.553055e+01	2.059892e-02
2.563055e+01	1.974753e-02
2.573055e+01	1.911093e-02
2.583055e+01	1.893269e-02
2.593055e+01	1.900236e-02
2.603055e+01	1.890838e-02
2.613055e+01	1.864491e-02
2.623055e+01	1.862949e-02
2.633055e+01	1.901302e-02
2.643055e+01	1.956154e-02
2.653055e+01	2.001825e-02
2.663055e+01	2.040744e-02
2.673055e+01	2.072144e-02
2.683055e+01	2.114816e-02
2.693055e+01	2.154454e-02
2.703055e+01	2.143516e-02
2.713055e+01	2.112963e-02
2.723055e+01	2.138342e-02
2.733055e+01	2.266189e-02
2.743055e+01	2.520093e-02
2.753055e+01	2.872420e-02
2.763055e+01	3.151210e-02
2.773055e+01	3.138842e-02
2.783055e+01	2.919797e-02
2.793055e+01	2.725402e-02
2.803055e+01	2.604246e-02
2.813055e+01	2.560441e-02
2.823055e+01	2.633604e-02
2.833055e+01	2.833078e-02
2.843055e+01	3.155461e-02
2.853055e+01	3.656800e-02
2.863055e+01	4.362976e-02
2.873055e+01	5.151451e-02
2.883055e+01	5.931614e-02
2.893055e+01	6.606937e-02
2.903055e+01	6.591277e-02
2.913055e+01	5.779043e-02
2.923055e+01	5.001832e-02
2.933055e+01	4.610032e-02
2.943055e+01	4.381893e-02
2.953055e+01	4.186529e-02
2.963055e+01	4.193730e-02
2.973055e+01	4.500136e-02
2.983055e+01	5.149101e-02
2.993055e+01	6.272772e-02
3.003055e+01	7.824868e-02
3.013055e+01	9.248517e-02
3.023055e+01	1.048243e-01
3.033055e+01	1.235198e-01
3.043055e+01	1.415399e-01
3.053055e+01	1.359349e-01
3.063055e+01	1.097680e-01
3.073055e+01	8.303959e-02
3.083055e+01	6.446178e-02
3.093055e+01	5.308066e-02
3.103055e+01	4.464535e-02
3.113055e+01	3.714856e-02
3.123055e+01	3.129383e-02
3.133055e+01	2.728908e-02
3.143055e+01	2.470354e-02
3.153055e+01	2.317119e-02
3.163055e+01	2.255573e-02
3.173055e+01	2.279721e-02
3.183055e+01	2.378789e-02
3.193055e+01	2.551890e-02
3.203055e+01	2.849066e-02
3.213055e+01	3.370531e-02
3.223055e+01	4.155201e-02
3.233055e+01	4.916770e-02
3.243055e+01	5.143009e-02
3.253055e+01	5.112778e-02
3.263055e+01	5.350605e-02
3.273055e+01	5.528555e-02
3.283055e+01	5.017733e-02
3.293055e+01	4.120030e-02
3.303055e+01	3.401619e-02
3.313055e+01	2.911831e-02
3.323055e+01	2.553931e-02
3.333055e+01	2.309989e-02
3.343055e+01	2.169872e-02
3.353055e+01	2.142979e-02
3.363055e+01	2.234059e-02
3.373055e+01	2.384221e-02
3.383055e+01	2.395661e-02
3.393055e+01	2.227865e-02
3.403055e+01	2.093761e-02
3.413055e+01	2.097307e-02
3.423055e+01	2.241292e-02
3.433055e+01	2.547643e-02
3.443055e+01	2.938679e-02
3.453055e+01	3.058102e-02
3.463055e+01	2.777862e-02
3.473055e+01	2.441660e-02
3.483055e+01	2.206548e-02
3.493055e+01	2.056828e-02
3.503055e+01	2.008573e-02
3.513055e+01	2.047253e-02
3.523055e+01	2.111012e-02
3.533055e+01	2.151399e-02
3.543055e+01	2.119503e-02
3.553055e+01	2.027626e-02
3.563055e+01	1.872389e-02
3.573055e+01	1.615892e-02
3.583055e+01	1.365058e-02
3.593055e+01	1.187304e-02
3.603055e+01	1.073741e-02
3.613055e+01	1.003369e-02
3.623055e+01	9.621079e-03
3.633055e+01	9.426554e-03
3.643055e+01	9.423633e-03
3.653055e+01	9.621283e-03
3.663055e+01	1.006245e-02
3.673055e+01	1.084278e-02
3.683055e+01	1.215592e-02
3.693055e+01	1.431801e-02
3.703055e+01	1.765505e-02
3.713055e+01	2.185573e-02
3.723055e+01	2.480656e-02
3.733055e+01	2.367456e-02
3.743055e+01	1.998130e-02
3.753055e+01	1.680176e-02
3.763055e+01	1.506450e-02
3.773055e+01	1.483290e-02
3.783055e+01	1.592137e-02
3.793055e+01	1.733568e-02
3.803055e+01	1.695571e-02
3.813055e+01	1.468431e-02
3.823055e+01	1.233462e-02
3.833055e+01	1.062520e-02
3.843055e+01	9.521366e-03
3.853055e+01	8.870602e-03
3.863055e+01	8.550848e-03
3.873055e+01	8.341833e-03
3.883055e+01	7.995819e-03
3.893055e+01	7.588959e-03
3.903055e+01	7.308900e-03
3.913055e+01	7.189006e-03
3.923055e+01	7.197239e-03
3.933055e+01	7.320901e-03
3.943055e+01	7.509203e-03
3.953055e+01	7.649985e-03
3.963055e+01	7.825933e-03
3.973055e+01	8.251692e-03
3.983055e+01	9.080181e-03
3.993055e+01	1.033967e-02
4.003055e+01	1.158775e-02
4.013055e+01	1.191801e-02
4.023055e+01	1.131820e-02
4.033055e+01	1.074440e-02
4.043055e+01	1.072883e-02
4.053055e+01	1.124151e-02
4.063055e+01	1.195591e-02
4.073055e+01	1.220066e-02
4.083055e+01	1.197931e-02
4.093055e+01	1.212025e-02
4.103055e+01	1.302567e-02
4.113055e+01	1.461512e-02
4.123055e+01	1.666150e-02
4.133055e+01	1.962107e-02
4.143055e+01	2.452104e-02
4.153055e+01	3.210883e-02
4.163055e+01	4.176086e-02
4.173055e+01	4.769039e-02
4.183055e+01	4.405565e-02
4.193055e+01	3.590770e-02
4.203055e+01	2.794786e-02
4.213055e+01	2.169663e-02
4.223055e+01	1.777075e-02
4.233055e+01	1.572313e-02
4.243055e+01	1.467592e-02
4.253055e+01	1.396225e-02
4.263055e+01	1.343730e-02
4.273055e+01	1.253435e-02
4.283055e+01	1.115783e-02
4.293055e+01	1.005287e-02
4.303055e+01	9.531299e-03
4.313055e+01	9.442351e-03
4.323055e+01	9.223444e-03
4.333055e+01	8.488945e-03
4.343055e+01	7.677522e-03
4.353055e+01	7.142390e-03
4.363055e+01	6.884896e-03
4.373055e+01	6.770711e-03
4.383055e+01	6.649288e-03
4.393055e+01	6.570593e-03
4.403055e+01	6.658841e-03
4.413055e+01	6.979248e-03
4.423055e+01	7.603108e-03
4.433055e+01	8.642923e-03
4.443055e+01	1.019529e-02
4.453055e+01	1.228960e-02
4.463055e+01	1.510961e-02
4.473055e+01	1.837202e-02
4.483055e+01	1.982815e-02
4.493055e+01	1.816679e-02
4.503055e+01	1.588339e-02
4.513055e+01	1.468605e-02
4.523055e+01	1.380354e-02
4.533055e+01	1.237902e-02
4.543055e+01	1.069532e-02
4.553055e+01	8.989424e-03
4.563055e+01	7.619147e-03
4.573055e+01	6.713955e-03
4.583055e+01	6.175200e-03
4.593055e+01	5.884776e-03
4.603055e+01	5.754457e-03
4.613055e+01	5.777045e-03
4.623055e+01	6.014212e-03
4.633055e+01	6.516643e-03
4.643055e+01	7.261004e-03
4.653055e+01	8.037630e-03
4.663055e+01	8.348219e-03
4.673055e+01	7.965204e-03
4.683055e+01	7.424435e-03
4.693055e+01	7.151928e-03
4.703055e+01	7.043349e-03
4.713055e+01	6.708509e-03
4.723055e+01	6.130295e-03
4.733055e+01	5.620846e-03
4.743055e+01	5.316122e-03
4.753055e+01	5.212621e-03
4.763055e+01	5.280699e-03
4.773055e+01	5.500638e-03
4.783055e+01	5.878374e-03
4.793055e+01	6.456513e-03
4.803055e+01	7.267275e-03
4.813055e+01	8.133297e-03
4.823055e+01	8.747598e-03
4.833055e+01	9.372253e-03
4.843055e+01	1.050125e-02
4.853055e+01	1.226049e-02
4.863055e+01	1.467712e-02
4.873055e+01	1.839522e-02
4.883055e+01	2.335141e-02
4.893055e+01	2.600885e-02
4.903055e+01	2.297715e-02
4.913055e+01	1.771979e-02
4.923055e+01	1.381117e-02
4.933055e+01	1.171449e-02
4.943055e+01	1.076496e-02
4.953055e+01	9.925432e-03
4.963055e+01	8.788359e-03
4.973055e+01	7.763584e-03
4.983055e+01	6.873271e-03
4.993055e+01	6.059233e-03
5.003055e+01	5.470260e-03
5.013055e+01	5.141866e-03
5.023055e+01	5.004398e-03
5.033055e+01	4.927262e-03
5.043055e+01	4.834631e-03
5.053055e+01	4.737879e-03
5.063055e+01	4.602368e-03
5.073055e+01	4.501057e-03
5.083055e+01	4.525715e-03
5.093055e+01	4.714340e-03
5.103055e+01	5.116789e-03
5.113055e+01	5.749970e-03
5.123055e+01	6.409487e-03
5.133055e+01	6.605321e-03
5.143055e+01	6.349345e-03
5.153055e+01	6.185775e-03
5.163055e+01	6.069757e-03
5.173055e+01	5.665470e-03
5.183055e+01	5.167080e-03
5.193055e+01	4.865496e-03
5.203055e+01	4.816769e-03
5.213055e+01	4.895189e-03
5.223055e+01	4.876288e-03
5.233055e+01	4.780665e-03
5.243055e+01	4.839605e-03
5.253055e+01	5.205031e-03
5.263055e+01	5.857620e-03
5.273055e+01	6.405025e-03
5.283055e+01	6.396641e-03
5.293055e+01	6.162421e-03
5.303055e+01	5.971382e-03
5.313055e+01	5.690649e-03
5.323055e+01	5.391142e-03
5.333055e+01	5.145635e-03
5.343055e+01	5.021198e-03
5.353055e+01	5.158119e-03
5.363055e+01	5.661013e-03
5.373055e+01	6.556370e-03
5.383055e+01	7.626218e-03
5.393055e+01	8.582819e-03
5.403055e+01	9.653198e-03
5.413055e+01	1.040560e-02
5.423055e+01	9.635256e-03
5.433055e+01	7.921381e-03
5.443055e+01	6.469288e-03
5.453055e+01	5.541716e-03
5.463055e+01	4.997351e-03
5.473055e+01	4.627362e-03
5.483055e+01	4.251345e-03
5.493055e+01	3.889578e-03
5.503055e+01	3.642671e-03
5.513055e+01	3.529605e-03
5.523055e+01	3.490447e-03
5.533055e+01	3.487383e-03
5.543055e+01	3.532230e-03
5.553055e+01	3.585323e-03
5.563055e+01	3.607718e-03
5.573055e+01	3.608486e-03
5.583055e+01	3.562226e-03
5.593055e+01	3.489598e-03
5.603055e+01	3.516289e-03
5.613055e+01	3.709710e-03
5.623055e+01	3.919827e-03
5.633055e+01	3.844461e-03
5.643055e+01	3.512757e-03
5.653055e+01	3.150529e-03
5.663055e+01	2.865648e-03
5.673055e+01	2.681413e-03
5.683055e+01	2.576657e-03
5.693055e+01	2.515911e-03
5.703055e+01	2.458803e-03
5.713055e+01	2.397145e-03
5.723055e+01	2.352625e-03
5.733055e+01	2.327972e-03
5.743055e+01	2.304502e-03
5.753055e+01	2.279462e-03
5.763055e+01	2.271244e-03
5.773055e+01	2.283100e-03
5.783055e+01	2.289406e-03
5.793055e+01	2.263189e-03
5.803055e+01	2.225621e-03
5.813055e+01	2.201292e-03
5.823055e+01	2.193752e-03
5.833055e+01	2.201084e-03
5.843055e+01	2.223173e-03
5.853055e+01	2.263055e-03
5.863055e+01	2.327131e-03
5.873055e+01	2.421262e-03
5.883055e+01	2.531703e-03
5.893055e+01	2.614241e-03
5.903055e+01	2.648320e-03
5.913055e+01	2.639672e-03
5.923055e+01	2.628794e-03
5.933055e+01	2.660592e-03
5.943055e+01	2.750244e-03
5.953055e+01	2.908475e-03
5.963055e+01	3.150981e-03
5.973055e+01	3.466086e-03
5.983055e+01	3.757954e-03
5.993055e+01	3.887797e-03
6.003055e+01	3.898252e-03
6.013055e+01	3.983341e-03
6.023055e+01	4.233783e-03
6.033055e+01	4.671639e-03
6.043055e+01	5.332115e-03
6.053055e+01	6.253948e-03
6.063055e+01	7.491514e-03
6.073055e+01	9.245625e-03
6.083055e+01	1.185275e-02
6.093055e+01	1.526278e-02
6.103055e+01	1.894415e-02
6.113055e+01	2.352836e-02
6.123055e+01	2.892298e-02
6.133055e+01	3.050110e-02
6.143055e+01	2.554982e-02
6.153055e+01	1.889816e-02
6.163055e+01	1.403195e-02
6.173055e+01	1.106893e-02
6.183055e+01	9.392978e-03
6.193055e+01	8.423148e-03
6.203055e+01	7.958856e-03
6.213055e+01	8.044431e-03
6.223055e+01	8.469084e-03
6.233055e+01	8.514944e-03
6.243055e+01	7.743705e-03
6.253055e+01	6.850315e-03
6.263055e+01	6.156158e-03
6.273055e+01	5.512928e-03
6.283055e+01	4.907984e-03
6.293055e+01	4.384677e-03
6.303055e+01	4.023437e-03
6.313055e+01	3.860444e-03
6.323055e+01	3.896793e-03
6.333055e+01	4.020198e-03
6.343055e+01	3.974332e-03
6.353055e+01	3.740972e-03
6.363055e+01	3.544806e-03
6.373055e+01	3.494184e-03
6.383055e+01	3.582610e-03
6.393055e+01	3.753828e-03
6.403055e+01	4.027791e-03
6.413055e+01	4.463786e-03
6.423055e+01	5.024661e-03
6.433055e+01	5.786250e-03
6.443055e+01	7.010517e-03
6.453055e+01	8.750701e-03
6.463055e+01	1.019174e-02
6.473055e+01	1.005191e-02
6.483055e+01	8.570959e-03
6.493055e+01	7.054652e-03
6.503055e+01	6.219349e-03
6.513055e+01	6.127842e-03
6.523055e+01	6.685451e-03
6.533055e+01	7.562736e-03
6.543055e+01	7.874378e-03
6.553055e+01	7.212982e-03
6.563055e+01	6.515739e-03
6.573055e+01	6.363743e-03
6.583055e+01	6.437021e-03
6.593055e+01	5.990999e-03
6.603055e+01	5.100467e-03
6.613055e+01	4.293652e-03
6.623055e+01	3.709229e-03
6.633055e+01	3.331690e-03
6.643055e+01	3.060287e-03
6.653055e+01	2.828057e-03
6.663055e+01	2.667873e-03
6.673055e+01	2.598134e-03
6.683055e+01	2.613743e-03
6.693055e+01	2.715224e-03
6.703055e+01	2.915252e-03
6.713055e+01	3.245811e-03
6.723055e+01	3.765588e-03
6.733055e+01	4.533878e-03
6.743055e+01	5.574268e-03
6.753055e+01	6.577148e-03
6.763055e+01	6.794543e-03
6.773055e+01	5.979917e-03
6.783055e+01	4.848121e-03
6.793055e+01	4.001490e-03
6.803055e+01	3.467506e-03
6.813055e+01	3.149855e-03
6.823055e+01	3.015577e-03
6.833055e+01	3.064839e-03
6.843055e+01	3.324002e-03
6.853055e+01	3.829040e-03
6.863055e+01	4.582682e-03
6.873055e+01	5.245499e-03
6.883055e+01	5.099382e-03
6.893055e+01	4.279650e-03
6.903055e+01	3.498944e-03
6.913055e+01	2.985047e-03
6.923055e+01	2.671543e-03
6.933055e+01	2.490403e-03
6.943055e+01	2.405384e-03
6.953055e+01	2.377640e-03
6.963055e+01	2.393996e-03
6.973055e+01	2.490972e-03
6.983055e+01	2.720569e-03
6.993055e+01	3.136118e-03
