#RPA-results:
#Nucleus: Ni 74
#Fermi level: -4.992964e+00	-1.506242e+01
#Excitation: 1 +
#Total number of pairs: 1032
#Number of ph-/ah-pairs: 1032/0
#Maximal excitation-energy for particle-hole-pairs: 100
#Maximal excitation-energy for antiparticle-hole-pairs: 1000
#No imaginary eigenvalues

#Parameterset: DD-PC1
#natural parity: no
#Isoscalar result:

#width: 5.000000e-01
#maximum value: 3.496293e-03
#at energy: 6.993055e+01
-9.006945e+01	4.414022e-04
-8.996945e+01	4.423283e-04
-8.986945e+01	4.432575e-04
-8.976945e+01	4.441895e-04
-8.966945e+01	4.451245e-04
-8.956945e+01	4.460625e-04
-8.946945e+01	4.470034e-04
-8.936945e+01	4.479473e-04
-8.926945e+01	4.488942e-04
-8.916945e+01	4.498441e-04
-8.906945e+01	4.507971e-04
-8.896945e+01	4.517531e-04
-8.886945e+01	4.527121e-04
-8.876945e+01	4.536742e-04
-8.866945e+01	4.546394e-04
-8.856945e+01	4.556077e-04
-8.846945e+01	4.565790e-04
-8.836945e+01	4.575535e-04
-8.826945e+01	4.585312e-04
-8.816945e+01	4.595119e-04
-8.806945e+01	4.604958e-04
-8.796945e+01	4.614829e-04
-8.786945e+01	4.624732e-04
-8.776945e+01	4.634667e-04
-8.766945e+01	4.644633e-04
-8.756945e+01	4.654632e-04
-8.746945e+01	4.664664e-04
-8.736945e+01	4.674728e-04
-8.726945e+01	4.684824e-04
-8.716945e+01	4.694954e-04
-8.706945e+01	4.705116e-04
-8.696945e+01	4.715312e-04
-8.686945e+01	4.725541e-04
-8.676945e+01	4.735803e-04
-8.666945e+01	4.746098e-04
-8.656945e+01	4.756428e-04
-8.646945e+01	4.766791e-04
-8.636945e+01	4.777188e-04
-8.626945e+01	4.787620e-04
-8.616945e+01	4.798085e-04
-8.606945e+01	4.808585e-04
-8.596945e+01	4.819120e-04
-8.586945e+01	4.829689e-04
-8.576945e+01	4.840293e-04
-8.566945e+01	4.850932e-04
-8.556945e+01	4.861607e-04
-8.546945e+01	4.872317e-04
-8.536945e+01	4.883062e-04
-8.526945e+01	4.893843e-04
-8.516945e+01	4.904660e-04
-8.506945e+01	4.915512e-04
-8.496945e+01	4.926401e-04
-8.486945e+01	4.937326e-04
-8.476945e+01	4.948288e-04
-8.466945e+01	4.959286e-04
-8.456945e+01	4.970321e-04
-8.446945e+01	4.981393e-04
-8.436945e+01	4.992503e-04
-8.426945e+01	5.003649e-04
-8.416945e+01	5.014833e-04
-8.406945e+01	5.026054e-04
-8.396945e+01	5.037314e-04
-8.386945e+01	5.048611e-04
-8.376945e+01	5.059946e-04
-8.366945e+01	5.071320e-04
-8.356945e+01	5.082732e-04
-8.346945e+01	5.094183e-04
-8.336945e+01	5.105673e-04
-8.326945e+01	5.117201e-04
-8.316945e+01	5.128769e-04
-8.306945e+01	5.140376e-04
-8.296945e+01	5.152023e-04
-8.286945e+01	5.163710e-04
-8.276945e+01	5.175436e-04
-8.266945e+01	5.187202e-04
-8.256945e+01	5.199009e-04
-8.246945e+01	5.210856e-04
-8.236945e+01	5.222744e-04
-8.226945e+01	5.234673e-04
-8.216945e+01	5.246642e-04
-8.206945e+01	5.258653e-04
-8.196945e+01	5.270705e-04
-8.186945e+01	5.282799e-04
-8.176945e+01	5.294935e-04
-8.166945e+01	5.307112e-04
-8.156945e+01	5.319332e-04
-8.146945e+01	5.331594e-04
-8.136945e+01	5.343898e-04
-8.126945e+01	5.356246e-04
-8.116945e+01	5.368636e-04
-8.106945e+01	5.381069e-04
-8.096945e+01	5.393546e-04
-8.086945e+01	5.406066e-04
-8.076945e+01	5.418630e-04
-8.066945e+01	5.431238e-04
-8.056945e+01	5.443891e-04
-8.046945e+01	5.456587e-04
-8.036945e+01	5.469328e-04
-8.026945e+01	5.482114e-04
-8.016945e+01	5.494945e-04
-8.006945e+01	5.507821e-04
-7.996945e+01	5.520742e-04
-7.986945e+01	5.533710e-04
-7.976945e+01	5.546723e-04
-7.966945e+01	5.559782e-04
-7.956945e+01	5.572887e-04
-7.946945e+01	5.586039e-04
-7.936945e+01	5.599238e-04
-7.926945e+01	5.612483e-04
-7.916945e+01	5.625776e-04
-7.906945e+01	5.639116e-04
-7.896945e+01	5.652504e-04
-7.886945e+01	5.665939e-04
-7.876945e+01	5.679423e-04
-7.866945e+01	5.692955e-04
-7.856945e+01	5.706535e-04
-7.846945e+01	5.720165e-04
-7.836945e+01	5.733843e-04
-7.826945e+01	5.747570e-04
-7.816945e+01	5.761347e-04
-7.806945e+01	5.775174e-04
-7.796945e+01	5.789051e-04
-7.786945e+01	5.802978e-04
-7.776945e+01	5.816955e-04
-7.766945e+01	5.830983e-04
-7.756945e+01	5.845062e-04
-7.746945e+01	5.859192e-04
-7.736945e+01	5.873374e-04
-7.726945e+01	5.887607e-04
-7.716945e+01	5.901892e-04
-7.706945e+01	5.916230e-04
-7.696945e+01	5.930620e-04
-7.686945e+01	5.945062e-04
-7.676945e+01	5.959558e-04
-7.666945e+01	5.974106e-04
-7.656945e+01	5.988708e-04
-7.646945e+01	6.003364e-04
-7.636945e+01	6.018074e-04
-7.626945e+01	6.032839e-04
-7.616945e+01	6.047657e-04
-7.606945e+01	6.062531e-04
-7.596945e+01	6.077460e-04
-7.586945e+01	6.092444e-04
-7.576945e+01	6.107483e-04
-7.566945e+01	6.122579e-04
-7.556945e+01	6.137731e-04
-7.546945e+01	6.152939e-04
-7.536945e+01	6.168204e-04
-7.526945e+01	6.183526e-04
-7.516945e+01	6.198905e-04
-7.506945e+01	6.214342e-04
-7.496945e+01	6.229837e-04
-7.486945e+01	6.245390e-04
-7.476945e+01	6.261001e-04
-7.466945e+01	6.276671e-04
-7.456945e+01	6.292401e-04
-7.446945e+01	6.308189e-04
-7.436945e+01	6.324037e-04
-7.426945e+01	6.339946e-04
-7.416945e+01	6.355914e-04
-7.406945e+01	6.371943e-04
-7.396945e+01	6.388033e-04
-7.386945e+01	6.404185e-04
-7.376945e+01	6.420397e-04
-7.366945e+01	6.436672e-04
-7.356945e+01	6.453008e-04
-7.346945e+01	6.469407e-04
-7.336945e+01	6.485869e-04
-7.326945e+01	6.502394e-04
-7.316945e+01	6.518983e-04
-7.306945e+01	6.535635e-04
-7.296945e+01	6.552351e-04
-7.286945e+01	6.569131e-04
-7.276945e+01	6.585977e-04
-7.266945e+01	6.602887e-04
-7.256945e+01	6.619863e-04
-7.246945e+01	6.636904e-04
-7.236945e+01	6.654012e-04
-7.226945e+01	6.671186e-04
-7.216945e+01	6.688427e-04
-7.206945e+01	6.705735e-04
-7.196945e+01	6.723110e-04
-7.186945e+01	6.740553e-04
-7.176945e+01	6.758064e-04
-7.166945e+01	6.775644e-04
-7.156945e+01	6.793293e-04
-7.146945e+01	6.811011e-04
-7.136945e+01	6.828799e-04
-7.126945e+01	6.846656e-04
-7.116945e+01	6.864584e-04
-7.106945e+01	6.882583e-04
-7.096945e+01	6.900652e-04
-7.086945e+01	6.918794e-04
-7.076945e+01	6.937007e-04
-7.066945e+01	6.955292e-04
-7.056945e+01	6.973650e-04
-7.046945e+01	6.992081e-04
-7.036945e+01	7.010585e-04
-7.026945e+01	7.029163e-04
-7.016945e+01	7.047815e-04
-7.006945e+01	7.066542e-04
-6.996945e+01	7.085344e-04
-6.986945e+01	7.104221e-04
-6.976945e+01	7.123174e-04
-6.966945e+01	7.142203e-04
-6.956945e+01	7.161309e-04
-6.946945e+01	7.180491e-04
-6.936945e+01	7.199751e-04
-6.926945e+01	7.219089e-04
-6.916945e+01	7.238505e-04
-6.906945e+01	7.258000e-04
-6.896945e+01	7.277574e-04
-6.886945e+01	7.297228e-04
-6.876945e+01	7.316961e-04
-6.866945e+01	7.336775e-04
-6.856945e+01	7.356670e-04
-6.846945e+01	7.376646e-04
-6.836945e+01	7.396704e-04
-6.826945e+01	7.416844e-04
-6.816945e+01	7.437066e-04
-6.806945e+01	7.457372e-04
-6.796945e+01	7.477761e-04
-6.786945e+01	7.498234e-04
-6.776945e+01	7.518792e-04
-6.766945e+01	7.539434e-04
-6.756945e+01	7.560162e-04
-6.746945e+01	7.580976e-04
-6.736945e+01	7.601876e-04
-6.726945e+01	7.622863e-04
-6.716945e+01	7.643938e-04
-6.706945e+01	7.665100e-04
-6.696945e+01	7.686350e-04
-6.686945e+01	7.707690e-04
-6.676945e+01	7.729118e-04
-6.666945e+01	7.750637e-04
-6.656945e+01	7.772245e-04
-6.646945e+01	7.793945e-04
-6.636945e+01	7.815735e-04
-6.626945e+01	7.837618e-04
-6.616945e+01	7.859593e-04
-6.606945e+01	7.881660e-04
-6.596945e+01	7.903822e-04
-6.586945e+01	7.926077e-04
-6.576945e+01	7.948426e-04
-6.566945e+01	7.970870e-04
-6.556945e+01	7.993410e-04
-6.546945e+01	8.016046e-04
-6.536945e+01	8.038779e-04
-6.526945e+01	8.061609e-04
-6.516945e+01	8.084537e-04
-6.506945e+01	8.107562e-04
-6.496945e+01	8.130687e-04
-6.486945e+01	8.153911e-04
-6.476945e+01	8.177235e-04
-6.466945e+01	8.200660e-04
-6.456945e+01	8.224186e-04
-6.446945e+01	8.247814e-04
-6.436945e+01	8.271543e-04
-6.426945e+01	8.295376e-04
-6.416945e+01	8.319313e-04
-6.406945e+01	8.343353e-04
-6.396945e+01	8.367498e-04
-6.386945e+01	8.391749e-04
-6.376945e+01	8.416105e-04
-6.366945e+01	8.440568e-04
-6.356945e+01	8.465139e-04
-6.346945e+01	8.489817e-04
-6.336945e+01	8.514603e-04
-6.326945e+01	8.539499e-04
-6.316945e+01	8.564504e-04
-6.306945e+01	8.589620e-04
-6.296945e+01	8.614847e-04
-6.286945e+01	8.640185e-04
-6.276945e+01	8.665636e-04
-6.266945e+01	8.691200e-04
-6.256945e+01	8.716878e-04
-6.246945e+01	8.742670e-04
-6.236945e+01	8.768577e-04
-6.226945e+01	8.794600e-04
-6.216945e+01	8.820739e-04
-6.206945e+01	8.846996e-04
-6.196945e+01	8.873370e-04
-6.186945e+01	8.899863e-04
-6.176945e+01	8.926475e-04
-6.166945e+01	8.953207e-04
-6.156945e+01	8.980060e-04
-6.146945e+01	9.007034e-04
-6.136945e+01	9.034131e-04
-6.126945e+01	9.061350e-04
-6.116945e+01	9.088693e-04
-6.106945e+01	9.116161e-04
-6.096945e+01	9.143754e-04
-6.086945e+01	9.171472e-04
-6.076945e+01	9.199318e-04
-6.066945e+01	9.227291e-04
-6.056945e+01	9.255392e-04
-6.046945e+01	9.283622e-04
-6.036945e+01	9.311982e-04
-6.026945e+01	9.340473e-04
-6.016945e+01	9.369095e-04
-6.006945e+01	9.397850e-04
-5.996945e+01	9.426737e-04
-5.986945e+01	9.455759e-04
-5.976945e+01	9.484915e-04
-5.966945e+01	9.514207e-04
-5.956945e+01	9.543635e-04
-5.946945e+01	9.573201e-04
-5.936945e+01	9.602905e-04
-5.926945e+01	9.632748e-04
-5.916945e+01	9.662730e-04
-5.906945e+01	9.692854e-04
-5.896945e+01	9.723119e-04
-5.886945e+01	9.753527e-04
-5.876945e+01	9.784078e-04
-5.866945e+01	9.814774e-04
-5.856945e+01	9.845615e-04
-5.846945e+01	9.876602e-04
-5.836945e+01	9.907736e-04
-5.826945e+01	9.939018e-04
-5.816945e+01	9.970449e-04
-5.806945e+01	1.000203e-03
-5.796945e+01	1.003376e-03
-5.786945e+01	1.006565e-03
-5.776945e+01	1.009768e-03
-5.766945e+01	1.012987e-03
-5.756945e+01	1.016222e-03
-5.746945e+01	1.019472e-03
-5.736945e+01	1.022738e-03
-5.726945e+01	1.026020e-03
-5.716945e+01	1.029317e-03
-5.706945e+01	1.032630e-03
-5.696945e+01	1.035960e-03
-5.686945e+01	1.039306e-03
-5.676945e+01	1.042668e-03
-5.666945e+01	1.046046e-03
-5.656945e+01	1.049441e-03
-5.646945e+01	1.052853e-03
-5.636945e+01	1.056281e-03
-5.626945e+01	1.059727e-03
-5.616945e+01	1.063189e-03
-5.606945e+01	1.066668e-03
-5.596945e+01	1.070165e-03
-5.586945e+01	1.073678e-03
-5.576945e+01	1.077209e-03
-5.566945e+01	1.080758e-03
-5.556945e+01	1.084324e-03
-5.546945e+01	1.087909e-03
-5.536945e+01	1.091511e-03
-5.526945e+01	1.095130e-03
-5.516945e+01	1.098769e-03
-5.506945e+01	1.102425e-03
-5.496945e+01	1.106100e-03
-5.486945e+01	1.109793e-03
-5.476945e+01	1.113505e-03
-5.466945e+01	1.117235e-03
-5.456945e+01	1.120984e-03
-5.446945e+01	1.124753e-03
-5.436945e+01	1.128540e-03
-5.426945e+01	1.132347e-03
-5.416945e+01	1.136173e-03
-5.406945e+01	1.140019e-03
-5.396945e+01	1.143884e-03
-5.386945e+01	1.147769e-03
-5.376945e+01	1.151674e-03
-5.366945e+01	1.155600e-03
-5.356945e+01	1.159545e-03
-5.346945e+01	1.163510e-03
-5.336945e+01	1.167497e-03
-5.326945e+01	1.171503e-03
-5.316945e+01	1.175531e-03
-5.306945e+01	1.179579e-03
-5.296945e+01	1.183649e-03
-5.286945e+01	1.187739e-03
-5.276945e+01	1.191851e-03
-5.266945e+01	1.195985e-03
-5.256945e+01	1.200140e-03
-5.246945e+01	1.204317e-03
-5.236945e+01	1.208516e-03
-5.226945e+01	1.212737e-03
-5.216945e+01	1.216980e-03
-5.206945e+01	1.221246e-03
-5.196945e+01	1.225534e-03
-5.186945e+01	1.229845e-03
-5.176945e+01	1.234179e-03
-5.166945e+01	1.238536e-03
-5.156945e+01	1.242916e-03
-5.146945e+01	1.247319e-03
-5.136945e+01	1.251747e-03
-5.126945e+01	1.256198e-03
-5.116945e+01	1.260672e-03
-5.106945e+01	1.265171e-03
-5.096945e+01	1.269694e-03
-5.086945e+01	1.274242e-03
-5.076945e+01	1.278814e-03
-5.066945e+01	1.283411e-03
-5.056945e+01	1.288033e-03
-5.046945e+01	1.292680e-03
-5.036945e+01	1.297352e-03
-5.026945e+01	1.302050e-03
-5.016945e+01	1.306774e-03
-5.006945e+01	1.311523e-03
-4.996945e+01	1.316299e-03
-4.986945e+01	1.321101e-03
-4.976945e+01	1.325929e-03
-4.966945e+01	1.330784e-03
-4.956945e+01	1.335666e-03
-4.946945e+01	1.340575e-03
-4.936945e+01	1.345511e-03
-4.926945e+01	1.350475e-03
-4.916945e+01	1.355466e-03
-4.906945e+01	1.360485e-03
-4.896945e+01	1.365532e-03
-4.886945e+01	1.370608e-03
-4.876945e+01	1.375712e-03
-4.866945e+01	1.380845e-03
-4.856945e+01	1.386006e-03
-4.846945e+01	1.391197e-03
-4.836945e+01	1.396417e-03
-4.826945e+01	1.401667e-03
-4.816945e+01	1.406947e-03
-4.806945e+01	1.412257e-03
-4.796945e+01	1.417597e-03
-4.786945e+01	1.422967e-03
-4.776945e+01	1.428369e-03
-4.766945e+01	1.433801e-03
-4.756945e+01	1.439265e-03
-4.746945e+01	1.444760e-03
-4.736945e+01	1.450287e-03
-4.726945e+01	1.455845e-03
-4.716945e+01	1.461436e-03
-4.706945e+01	1.467060e-03
-4.696945e+01	1.472716e-03
-4.686945e+01	1.478405e-03
-4.676945e+01	1.484127e-03
-4.666945e+01	1.489883e-03
-4.656945e+01	1.495672e-03
-4.646945e+01	1.501496e-03
-4.636945e+01	1.507354e-03
-4.626945e+01	1.513246e-03
-4.616945e+01	1.519173e-03
-4.606945e+01	1.525136e-03
-4.596945e+01	1.531134e-03
-4.586945e+01	1.537167e-03
-4.576945e+01	1.543236e-03
-4.566945e+01	1.549342e-03
-4.556945e+01	1.555484e-03
-4.546945e+01	1.561663e-03
-4.536945e+01	1.567879e-03
-4.526945e+01	1.574133e-03
-4.516945e+01	1.580424e-03
-4.506945e+01	1.586753e-03
-4.496945e+01	1.593121e-03
-4.486945e+01	1.599527e-03
-4.476945e+01	1.605972e-03
-4.466945e+01	1.612457e-03
-4.456945e+01	1.618981e-03
-4.446945e+01	1.625545e-03
-4.436945e+01	1.632150e-03
-4.426945e+01	1.638795e-03
-4.416945e+01	1.645480e-03
-4.406945e+01	1.652208e-03
-4.396945e+01	1.658976e-03
-4.386945e+01	1.665787e-03
-4.376945e+01	1.672640e-03
-4.366945e+01	1.679536e-03
-4.356945e+01	1.686475e-03
-4.346945e+01	1.693457e-03
-4.336945e+01	1.700483e-03
-4.326945e+01	1.707553e-03
-4.316945e+01	1.714667e-03
-4.306945e+01	1.721827e-03
-4.296945e+01	1.729031e-03
-4.286945e+01	1.736281e-03
-4.276945e+01	1.743578e-03
-4.266945e+01	1.750920e-03
-4.256945e+01	1.758310e-03
-4.246945e+01	1.765747e-03
-4.236945e+01	1.773231e-03
-4.226945e+01	1.780763e-03
-4.216945e+01	1.788344e-03
-4.206945e+01	1.795974e-03
-4.196945e+01	1.803653e-03
-4.186945e+01	1.811381e-03
-4.176945e+01	1.819160e-03
-4.166945e+01	1.826989e-03
-4.156945e+01	1.834870e-03
-4.146945e+01	1.842802e-03
-4.136945e+01	1.850785e-03
-4.126945e+01	1.858822e-03
-4.116945e+01	1.866911e-03
-4.106945e+01	1.875053e-03
-4.096945e+01	1.883249e-03
-4.086945e+01	1.891499e-03
-4.076945e+01	1.899805e-03
-4.066945e+01	1.908165e-03
-4.056945e+01	1.916581e-03
-4.046945e+01	1.925053e-03
-4.036945e+01	1.933582e-03
-4.026945e+01	1.942169e-03
-4.016945e+01	1.950813e-03
-4.006945e+01	1.959515e-03
-3.996945e+01	1.968277e-03
-3.986945e+01	1.977097e-03
-3.976945e+01	1.985978e-03
-3.966945e+01	1.994918e-03
-3.956945e+01	2.003920e-03
-3.946945e+01	2.012984e-03
-3.936945e+01	2.022109e-03
-3.926945e+01	2.031298e-03
-3.916945e+01	2.040549e-03
-3.906945e+01	2.049865e-03
-3.896945e+01	2.059245e-03
-3.886945e+01	2.068690e-03
-3.876945e+01	2.078200e-03
-3.866945e+01	2.087777e-03
-3.856945e+01	2.097421e-03
-3.846945e+01	2.107132e-03
-3.836945e+01	2.116912e-03
-3.826945e+01	2.126760e-03
-3.816945e+01	2.136678e-03
-3.806945e+01	2.146666e-03
-3.796945e+01	2.156725e-03
-3.786945e+01	2.166855e-03
-3.776945e+01	2.177057e-03
-3.766945e+01	2.187333e-03
-3.756945e+01	2.197681e-03
-3.746945e+01	2.208104e-03
-3.736945e+01	2.218603e-03
-3.726945e+01	2.229176e-03
-3.716945e+01	2.239826e-03
-3.706945e+01	2.250554e-03
-3.696945e+01	2.261359e-03
-3.686945e+01	2.272243e-03
-3.676945e+01	2.283207e-03
-3.666945e+01	2.294250e-03
-3.656945e+01	2.305375e-03
-3.646945e+01	2.316582e-03
-3.636945e+01	2.327871e-03
-3.626945e+01	2.339244e-03
-3.616945e+01	2.350701e-03
-3.606945e+01	2.362244e-03
-3.596945e+01	2.373872e-03
-3.586945e+01	2.385587e-03
-3.576945e+01	2.397390e-03
-3.566945e+01	2.409282e-03
-3.556945e+01	2.421263e-03
-3.546945e+01	2.433335e-03
-3.536945e+01	2.445498e-03
-3.526945e+01	2.457753e-03
-3.516945e+01	2.470101e-03
-3.506945e+01	2.482544e-03
-3.496945e+01	2.495082e-03
-3.486945e+01	2.507716e-03
-3.476945e+01	2.520448e-03
-3.466945e+01	2.533277e-03
-3.456945e+01	2.546206e-03
-3.446945e+01	2.559235e-03
-3.436945e+01	2.572365e-03
-3.426945e+01	2.585597e-03
-3.416945e+01	2.598933e-03
-3.406945e+01	2.612373e-03
-3.396945e+01	2.625919e-03
-3.386945e+01	2.639572e-03
-3.376945e+01	2.653333e-03
-3.366945e+01	2.667202e-03
-3.356945e+01	2.681182e-03
-3.346945e+01	2.695273e-03
-3.336945e+01	2.709477e-03
-3.326945e+01	2.723794e-03
-3.316945e+01	2.738227e-03
-3.306945e+01	2.752775e-03
-3.296945e+01	2.767442e-03
-3.286945e+01	2.782227e-03
-3.276945e+01	2.797132e-03
-3.266945e+01	2.812158e-03
-3.256945e+01	2.827308e-03
-3.246945e+01	2.842581e-03
-3.236945e+01	2.857980e-03
-3.226945e+01	2.873506e-03
-3.216945e+01	2.889160e-03
-3.206945e+01	2.904943e-03
-3.196945e+01	2.920858e-03
-3.186945e+01	2.936906e-03
-3.176945e+01	2.953088e-03
-3.166945e+01	2.969405e-03
-3.156945e+01	2.985860e-03
-3.146945e+01	3.002453e-03
-3.136945e+01	3.019186e-03
-3.126945e+01	3.036062e-03
-3.116945e+01	3.053081e-03
-3.106945e+01	3.070245e-03
-3.096945e+01	3.087557e-03
-3.086945e+01	3.105017e-03
-3.076945e+01	3.122627e-03
-3.066945e+01	3.140389e-03
-3.056945e+01	3.158305e-03
-3.046945e+01	3.176377e-03
-3.036945e+01	3.194606e-03
-3.026945e+01	3.212994e-03
-3.016945e+01	3.231544e-03
-3.006945e+01	3.250257e-03
-2.996945e+01	3.269135e-03
-2.986945e+01	3.288180e-03
-2.976945e+01	3.307394e-03
-2.966945e+01	3.326779e-03
-2.956945e+01	3.346337e-03
-2.946945e+01	3.366070e-03
-2.936945e+01	3.385981e-03
-2.926945e+01	3.406072e-03
-2.916945e+01	3.426344e-03
-2.906945e+01	3.446799e-03
-2.896945e+01	3.467442e-03
-2.886945e+01	3.488272e-03
-2.876945e+01	3.509294e-03
-2.866945e+01	3.530508e-03
-2.856945e+01	3.551918e-03
-2.846945e+01	3.573526e-03
-2.836945e+01	3.595335e-03
-2.826945e+01	3.617347e-03
-2.816945e+01	3.639564e-03
-2.806945e+01	3.661990e-03
-2.796945e+01	3.684626e-03
-2.786945e+01	3.707476e-03
-2.776945e+01	3.730542e-03
-2.766945e+01	3.753827e-03
-2.756945e+01	3.777334e-03
-2.746945e+01	3.801066e-03
-2.736945e+01	3.825025e-03
-2.726945e+01	3.849215e-03
-2.716945e+01	3.873639e-03
-2.706945e+01	3.898299e-03
-2.696945e+01	3.923199e-03
-2.686945e+01	3.948342e-03
-2.676945e+01	3.973731e-03
-2.666945e+01	3.999369e-03
-2.656945e+01	4.025260e-03
-2.646945e+01	4.051407e-03
-2.636945e+01	4.077814e-03
-2.626945e+01	4.104484e-03
-2.616945e+01	4.131421e-03
-2.606945e+01	4.158627e-03
-2.596945e+01	4.186108e-03
-2.586945e+01	4.213866e-03
-2.576945e+01	4.241906e-03
-2.566945e+01	4.270231e-03
-2.556945e+01	4.298846e-03
-2.546945e+01	4.327753e-03
-2.536945e+01	4.356959e-03
-2.526945e+01	4.386465e-03
-2.516945e+01	4.416278e-03
-2.506945e+01	4.446400e-03
-2.496945e+01	4.476837e-03
-2.486945e+01	4.507593e-03
-2.476945e+01	4.538672e-03
-2.466945e+01	4.570080e-03
-2.456945e+01	4.601820e-03
-2.446945e+01	4.633898e-03
-2.436945e+01	4.666318e-03
-2.426945e+01	4.699086e-03
-2.416945e+01	4.732206e-03
-2.406945e+01	4.765684e-03
-2.396945e+01	4.799524e-03
-2.386945e+01	4.833734e-03
-2.376945e+01	4.868316e-03
-2.366945e+01	4.903279e-03
-2.356945e+01	4.938626e-03
-2.346945e+01	4.974364e-03
-2.336945e+01	5.010498e-03
-2.326945e+01	5.047035e-03
-2.316945e+01	5.083981e-03
-2.306945e+01	5.121341e-03
-2.296945e+01	5.159123e-03
-2.286945e+01	5.197333e-03
-2.276945e+01	5.235977e-03
-2.266945e+01	5.275062e-03
-2.256945e+01	5.314596e-03
-2.246945e+01	5.354584e-03
-2.236945e+01	5.395034e-03
-2.226945e+01	5.435953e-03
-2.216945e+01	5.477350e-03
-2.206945e+01	5.519230e-03
-2.196945e+01	5.561603e-03
-2.186945e+01	5.604476e-03
-2.176945e+01	5.647857e-03
-2.166945e+01	5.691754e-03
-2.156945e+01	5.736175e-03
-2.146945e+01	5.781130e-03
-2.136945e+01	5.826627e-03
-2.126945e+01	5.872674e-03
-2.116945e+01	5.919282e-03
-2.106945e+01	5.966459e-03
-2.096945e+01	6.014214e-03
-2.086945e+01	6.062558e-03
-2.076945e+01	6.111501e-03
-2.066945e+01	6.161052e-03
-2.056945e+01	6.211221e-03
-2.046945e+01	6.262020e-03
-2.036945e+01	6.313460e-03
-2.026945e+01	6.365550e-03
-2.016945e+01	6.418303e-03
-2.006945e+01	6.471730e-03
-1.996945e+01	6.525843e-03
-1.986945e+01	6.580653e-03
-1.976945e+01	6.636174e-03
-1.966945e+01	6.692418e-03
-1.956945e+01	6.749397e-03
-1.946945e+01	6.807125e-03
-1.936945e+01	6.865615e-03
-1.926945e+01	6.924881e-03
-1.916945e+01	6.984938e-03
-1.906945e+01	7.045799e-03
-1.896945e+01	7.107480e-03
-1.886945e+01	7.169995e-03
-1.876945e+01	7.233360e-03
-1.866945e+01	7.297591e-03
-1.856945e+01	7.362704e-03
-1.846945e+01	7.428715e-03
-1.836945e+01	7.495643e-03
-1.826945e+01	7.563503e-03
-1.816945e+01	7.632315e-03
-1.806945e+01	7.702096e-03
-1.796945e+01	7.772865e-03
-1.786945e+01	7.844641e-03
-1.776945e+01	7.917444e-03
-1.766945e+01	7.991294e-03
-1.756945e+01	8.066212e-03
-1.746945e+01	8.142220e-03
-1.736945e+01	8.219338e-03
-1.726945e+01	8.297589e-03
-1.716945e+01	8.376996e-03
-1.706945e+01	8.457583e-03
-1.696945e+01	8.539374e-03
-1.686945e+01	8.622393e-03
-1.676945e+01	8.706666e-03
-1.666945e+01	8.792219e-03
-1.656945e+01	8.879078e-03
-1.646945e+01	8.967272e-03
-1.636945e+01	9.056828e-03
-1.626945e+01	9.147776e-03
-1.616945e+01	9.240145e-03
-1.606945e+01	9.333966e-03
-1.596945e+01	9.429270e-03
-1.586945e+01	9.526090e-03
-1.576945e+01	9.624459e-03
-1.566945e+01	9.724412e-03
-1.556945e+01	9.825982e-03
-1.546945e+01	9.929208e-03
-1.536945e+01	1.003413e-02
-1.526945e+01	1.014077e-02
-1.516945e+01	1.024919e-02
-1.506945e+01	1.035942e-02
-1.496945e+01	1.047150e-02
-1.486945e+01	1.058547e-02
-1.476945e+01	1.070139e-02
-1.466945e+01	1.081928e-02
-1.456945e+01	1.093922e-02
-1.446945e+01	1.106123e-02
-1.436945e+01	1.118537e-02
-1.426945e+01	1.131170e-02
-1.416945e+01	1.144026e-02
-1.406945e+01	1.157111e-02
-1.396945e+01	1.170431e-02
-1.386945e+01	1.183991e-02
-1.376945e+01	1.197798e-02
-1.366945e+01	1.211858e-02
-1.356945e+01	1.226177e-02
-1.346945e+01	1.240762e-02
-1.336945e+01	1.255620e-02
-1.326945e+01	1.270758e-02
-1.316945e+01	1.286182e-02
-1.306945e+01	1.301902e-02
-1.296945e+01	1.317924e-02
-1.286945e+01	1.334257e-02
-1.276945e+01	1.350909e-02
-1.266945e+01	1.367889e-02
-1.256945e+01	1.385205e-02
-1.246945e+01	1.402868e-02
-1.236945e+01	1.420886e-02
-1.226945e+01	1.439271e-02
-1.216945e+01	1.458031e-02
-1.206945e+01	1.477179e-02
-1.196945e+01	1.496724e-02
-1.186945e+01	1.516679e-02
-1.176945e+01	1.537056e-02
-1.166945e+01	1.557867e-02
-1.156945e+01	1.579125e-02
-1.146945e+01	1.600843e-02
-1.136945e+01	1.623036e-02
-1.126945e+01	1.645719e-02
-1.116945e+01	1.668905e-02
-1.106945e+01	1.692611e-02
-1.096945e+01	1.716854e-02
-1.086945e+01	1.741650e-02
-1.076945e+01	1.767017e-02
-1.066945e+01	1.792973e-02
-1.056945e+01	1.819539e-02
-1.046945e+01	1.846733e-02
-1.036945e+01	1.874578e-02
-1.026945e+01	1.903094e-02
-1.016945e+01	1.932306e-02
-1.006945e+01	1.962236e-02
-9.969451e+00	1.992909e-02
-9.869451e+00	2.024352e-02
-9.769451e+00	2.056593e-02
-9.669451e+00	2.089659e-02
-9.569451e+00	2.123580e-02
-9.469451e+00	2.158389e-02
-9.369451e+00	2.194117e-02
-9.269451e+00	2.230799e-02
-9.169451e+00	2.268472e-02
-9.069451e+00	2.307174e-02
-8.969451e+00	2.346944e-02
-8.869451e+00	2.387824e-02
-8.769451e+00	2.429859e-02
-8.669451e+00	2.473095e-02
-8.569451e+00	2.517581e-02
-8.469451e+00	2.563368e-02
-8.369451e+00	2.610512e-02
-8.269451e+00	2.659068e-02
-8.169451e+00	2.709099e-02
-8.069451e+00	2.760668e-02
-7.969451e+00	2.813842e-02
-7.869451e+00	2.868694e-02
-7.769451e+00	2.925300e-02
-7.669451e+00	2.983741e-02
-7.569451e+00	3.044101e-02
-7.469451e+00	3.106473e-02
-7.369451e+00	3.170951e-02
-7.269451e+00	3.237641e-02
-7.169451e+00	3.306650e-02
-7.069451e+00	3.378097e-02
-6.969451e+00	3.452105e-02
-6.869451e+00	3.528809e-02
-6.769451e+00	3.608351e-02
-6.669451e+00	3.690884e-02
-6.569451e+00	3.776572e-02
-6.469451e+00	3.865591e-02
-6.369451e+00	3.958131e-02
-6.269451e+00	4.054396e-02
-6.169451e+00	4.154606e-02
-6.069451e+00	4.259000e-02
-5.969451e+00	4.367833e-02
-5.869451e+00	4.481386e-02
-5.769451e+00	4.599962e-02
-5.669451e+00	4.723889e-02
-5.569451e+00	4.853527e-02
-5.469451e+00	4.989268e-02
-5.369451e+00	5.131542e-02
-5.269451e+00	5.280818e-02
-5.169451e+00	5.437616e-02
-5.069451e+00	5.602506e-02
-4.969451e+00	5.776118e-02
-4.869451e+00	5.959152e-02
-4.769451e+00	6.152385e-02
-4.669451e+00	6.356684e-02
-4.569451e+00	6.573021e-02
-4.469451e+00	6.802483e-02
-4.369451e+00	7.046301e-02
-4.269451e+00	7.305864e-02
-4.169451e+00	7.582755e-02
-4.069451e+00	7.878781e-02
-3.969451e+00	8.196017e-02
-3.869451e+00	8.536858e-02
-3.769451e+00	8.904088e-02
-3.669451e+00	9.300956e-02
-3.569451e+00	9.731292e-02
-3.469451e+00	1.019963e-01
-3.369451e+00	1.071140e-01
-3.269451e+00	1.127313e-01
-3.169451e+00	1.189278e-01
-3.069451e+00	1.258014e-01
-2.969451e+00	1.334738e-01
-2.869451e+00	1.420986e-01
-2.769451e+00	1.518716e-01
-2.669451e+00	1.630468e-01
-2.569451e+00	1.759594e-01
-2.469451e+00	1.910593e-01
-2.369451e+00	2.089636e-01
-2.269451e+00	2.305381e-01
-2.169451e+00	2.570294e-01
-2.069451e+00	2.902835e-01
-1.969451e+00	3.331229e-01
-1.869451e+00	3.900149e-01
-1.769451e+00	4.682949e-01
-1.669451e+00	5.804393e-01
-1.569451e+00	7.481806e-01
-1.469451e+00	1.008651e+00
-1.369451e+00	1.414640e+00
-1.269451e+00	1.978008e+00
-1.169451e+00	2.451065e+00
-1.069451e+00	2.359186e+00
-9.694509e-01	1.843532e+00
-8.694509e-01	1.371908e+00
-7.694509e-01	1.072019e+00
-6.694509e-01	9.051964e-01
-5.694509e-01	8.258226e-01
-4.694509e-01	8.073234e-01
-3.694509e-01	8.369236e-01
-2.694509e-01	9.093575e-01
-1.694509e-01	1.032713e+00
-6.945093e-02	1.234744e+00
3.054907e-02	1.544507e+00
1.305491e-01	1.926861e+00
2.305491e-01	2.182919e+00
3.305491e-01	2.216623e+00
4.305491e-01	2.272578e+00
5.305491e-01	2.532354e+00
6.305491e-01	3.062366e+00
7.305491e-01	3.866070e+00
8.305491e-01	4.656630e+00
9.305491e-01	5.130798e+00
1.030549e+00	5.766979e+00
1.130549e+00	7.139451e+00
1.230549e+00	9.016318e+00
1.330549e+00	9.792554e+00
1.430549e+00	8.507352e+00
1.530549e+00	6.768903e+00
1.630549e+00	5.763518e+00
1.730549e+00	5.644764e+00
1.830549e+00	6.427127e+00
1.930549e+00	8.259439e+00
2.030549e+00	1.108756e+01
2.130549e+00	1.336328e+01
2.230549e+00	1.241763e+01
2.330549e+00	9.218419e+00
2.430549e+00	6.342308e+00
2.530549e+00	4.421011e+00
2.630549e+00	3.207451e+00
2.730549e+00	2.427736e+00
2.830549e+00	1.909911e+00
2.930549e+00	1.555868e+00
3.030549e+00	1.309352e+00
3.130549e+00	1.133248e+00
3.230549e+00	9.945200e-01
3.330549e+00	8.725837e-01
3.430549e+00	7.665616e-01
3.530549e+00	6.803882e-01
3.630549e+00	6.129492e-01
3.730549e+00	5.601789e-01
3.830549e+00	5.184817e-01
3.930549e+00	4.853374e-01
4.030549e+00	4.590448e-01
4.130549e+00	4.384622e-01
4.230549e+00	4.228483e-01
4.330549e+00	4.117711e-01
4.430549e+00	4.050360e-01
4.530549e+00	4.026832e-01
4.630549e+00	4.046420e-01
4.730549e+00	4.088052e-01
4.830549e+00	4.115845e-01
4.930549e+00	4.142083e-01
5.030549e+00	4.202620e-01
5.130549e+00	4.313008e-01
5.230549e+00	4.476337e-01
5.330549e+00	4.695272e-01
5.430549e+00	4.975961e-01
5.530549e+00	5.328832e-01
5.630549e+00	5.769344e-01
5.730549e+00	6.319501e-01
5.830549e+00	7.010457e-01
5.930549e+00	7.886806e-01
6.030549e+00	9.013617e-01
6.130549e+00	1.048820e+00
6.230549e+00	1.246040e+00
6.330549e+00	1.516850e+00
6.430549e+00	1.900422e+00
6.530549e+00	2.462923e+00
6.630549e+00	3.316231e+00
6.730549e+00	4.638445e+00
6.830549e+00	6.677042e+00
6.930549e+00	9.603557e+00
7.030549e+00	1.251574e+01
7.130549e+00	1.269293e+01
7.230549e+00	9.893183e+00
7.330549e+00	6.873844e+00
7.430549e+00	4.782580e+00
7.530549e+00	3.479337e+00
7.630549e+00	2.670885e+00
7.730549e+00	2.160295e+00
7.830549e+00	1.834128e+00
7.930549e+00	1.628399e+00
8.030549e+00	1.506859e+00
8.130549e+00	1.449252e+00
8.230549e+00	1.445238e+00
8.330549e+00	1.491413e+00
8.430549e+00	1.590204e+00
8.530549e+00	1.750133e+00
8.630549e+00	1.987514e+00
8.730549e+00	2.330137e+00
8.830549e+00	2.824342e+00
8.930549e+00	3.548303e+00
9.030549e+00	4.636978e+00
9.130549e+00	6.327235e+00
9.230549e+00	9.023923e+00
9.330549e+00	1.329190e+01
9.430549e+00	1.918792e+01
9.530549e+00	2.384912e+01
9.630549e+00	2.228337e+01
9.730549e+00	1.640511e+01
9.830549e+00	1.110803e+01
9.930549e+00	7.585901e+00
1.003055e+01	5.376335e+00
1.013055e+01	3.966560e+00
1.023055e+01	3.034249e+00
1.033055e+01	2.394597e+00
1.043055e+01	1.941590e+00
1.053055e+01	1.613095e+00
1.063055e+01	1.372204e+00
1.073055e+01	1.197378e+00
1.083055e+01	1.075812e+00
1.093055e+01	9.919417e-01
1.103055e+01	9.111614e-01
1.113055e+01	8.113977e-01
1.123055e+01	7.150341e-01
1.133055e+01	6.320853e-01
1.143055e+01	5.585029e-01
1.153055e+01	4.971378e-01
1.163055e+01	4.486179e-01
1.173055e+01	4.105417e-01
1.183055e+01	3.808040e-01
1.193055e+01	3.583960e-01
1.203055e+01	3.434412e-01
1.213055e+01	3.372481e-01
1.223055e+01	3.418141e-01
1.233055e+01	3.560161e-01
1.243055e+01	3.684305e-01
1.253055e+01	3.715810e-01
1.263055e+01	3.719137e-01
1.273055e+01	3.528951e-01
1.283055e+01	3.069855e-01
1.293055e+01	2.601804e-01
1.303055e+01	2.255559e-01
1.313055e+01	2.016262e-01
1.323055e+01	1.849360e-01
1.333055e+01	1.732707e-01
1.343055e+01	1.656336e-01
1.353055e+01	1.618719e-01
1.363055e+01	1.617700e-01
1.373055e+01	1.624303e-01
1.383055e+01	1.588634e-01
1.393055e+01	1.527078e-01
1.403055e+01	1.465787e-01
1.413055e+01	1.380002e-01
1.423055e+01	1.274077e-01
1.433055e+01	1.183580e-01
1.443055e+01	1.121688e-01
1.453055e+01	1.086449e-01
1.463055e+01	1.077375e-01
1.473055e+01	1.100255e-01
1.483055e+01	1.167897e-01
1.493055e+01	1.291137e-01
1.503055e+01	1.428010e-01
1.513055e+01	1.431912e-01
1.523055e+01	1.263362e-01
1.533055e+01	1.070435e-01
1.543055e+01	9.277167e-02
1.553055e+01	8.307625e-02
1.563055e+01	7.631499e-02
1.573055e+01	7.134017e-02
1.583055e+01	6.747957e-02
1.593055e+01	6.434605e-02
1.603055e+01	6.171095e-02
1.613055e+01	5.943428e-02
1.623055e+01	5.742715e-02
1.633055e+01	5.563120e-02
1.643055e+01	5.400715e-02
1.653055e+01	5.252810e-02
1.663055e+01	5.117562e-02
1.673055e+01	4.993745e-02
1.683055e+01	4.880624e-02
1.693055e+01	4.777901e-02
1.703055e+01	4.685723e-02
1.713055e+01	4.604762e-02
1.723055e+01	4.536392e-02
1.733055e+01	4.483026e-02
1.743055e+01	4.448727e-02
1.753055e+01	4.440341e-02
1.763055e+01	4.469597e-02
1.773055e+01	4.556877e-02
1.783055e+01	4.736724e-02
1.793055e+01	5.057422e-02
1.803055e+01	5.529116e-02
1.813055e+01	5.950239e-02
1.823055e+01	5.987749e-02
1.833055e+01	5.727533e-02
1.843055e+01	5.417550e-02
1.853055e+01	5.131774e-02
1.863055e+01	4.944528e-02
1.873055e+01	4.942755e-02
1.883055e+01	5.116502e-02
1.893055e+01	5.321238e-02
1.903055e+01	5.433741e-02
1.913055e+01	5.634097e-02
1.923055e+01	6.143789e-02
1.933055e+01	7.059595e-02
1.943055e+01	8.442689e-02
1.953055e+01	1.047119e-01
1.963055e+01	1.285085e-01
1.973055e+01	1.388649e-01
1.983055e+01	1.235230e-01
1.993055e+01	9.922855e-02
2.003055e+01	8.139419e-02
2.013055e+01	6.960647e-02
2.023055e+01	5.992115e-02
2.033055e+01	5.162939e-02
2.043055e+01	4.495085e-02
2.053055e+01	4.006006e-02
2.063055e+01	3.649950e-02
2.073055e+01	3.366093e-02
2.083055e+01	3.146271e-02
2.093055e+01	2.988051e-02
2.103055e+01	2.879858e-02
2.113055e+01	2.813843e-02
2.123055e+01	2.790121e-02
2.133055e+01	2.814874e-02
2.143055e+01	2.894654e-02
2.153055e+01	3.028956e-02
2.163055e+01	3.187188e-02
2.173055e+01	3.280195e-02
2.183055e+01	3.293053e-02
2.193055e+01	3.297412e-02
2.203055e+01	3.348943e-02
2.213055e+01	3.448461e-02
2.223055e+01	3.580112e-02
2.233055e+01	3.701408e-02
2.243055e+01	3.924174e-02
2.253055e+01	4.450459e-02
2.263055e+01	5.320039e-02
2.273055e+01	6.049721e-02
2.283055e+01	5.756761e-02
2.293055e+01	4.701140e-02
2.303055e+01	3.725682e-02
2.313055e+01	3.060399e-02
2.323055e+01	2.632461e-02
2.333055e+01	2.351538e-02
2.343055e+01	2.159332e-02
2.353055e+01	2.022150e-02
2.363055e+01	1.920652e-02
2.373055e+01	1.843555e-02
2.383055e+01	1.784258e-02
2.393055e+01	1.739123e-02
2.403055e+01	1.706738e-02
2.413055e+01	1.687787e-02
2.423055e+01	1.684988e-02
2.433055e+01	1.700235e-02
2.443055e+01	1.721403e-02
2.453055e+01	1.717015e-02
2.463055e+01	1.686447e-02
2.473055e+01	1.648669e-02
2.483055e+01	1.606290e-02
2.493055e+01	1.573282e-02
2.503055e+01	1.560949e-02
2.513055e+01	1.573631e-02
2.523055e+01	1.617173e-02
2.533055e+01	1.695645e-02
2.543055e+01	1.780794e-02
2.553055e+01	1.792412e-02
2.563055e+01	1.726320e-02
2.573055e+01	1.668677e-02
2.583055e+01	1.657111e-02
2.593055e+01	1.683193e-02
2.603055e+01	1.719584e-02
2.613055e+01	1.760306e-02
2.623055e+01	1.843697e-02
2.633055e+01	1.970919e-02
2.643055e+01	2.060859e-02
2.653055e+01	2.076929e-02
2.663055e+01	2.087800e-02
2.673055e+01	2.110243e-02
2.683055e+01	2.120583e-02
2.693055e+01	2.072933e-02
2.703055e+01	1.993473e-02
2.713055e+01	1.952802e-02
2.723055e+01	1.985840e-02
2.733055e+01	2.122137e-02
2.743055e+01	2.387414e-02
2.753055e+01	2.770998e-02
2.763055e+01	3.168114e-02
2.773055e+01	3.417484e-02
2.783055e+01	3.454476e-02
2.793055e+01	3.337192e-02
2.803055e+01	3.158969e-02
2.813055e+01	3.079731e-02
2.823055e+01	3.215152e-02
2.833055e+01	3.611615e-02
2.843055e+01	4.311828e-02
2.853055e+01	5.177392e-02
2.863055e+01	5.693021e-02
2.873055e+01	5.739915e-02
2.883055e+01	5.788866e-02
2.893055e+01	5.709294e-02
2.903055e+01	5.169691e-02
2.913055e+01	4.441886e-02
2.923055e+01	3.749777e-02
2.933055e+01	3.248716e-02
2.943055e+01	2.977727e-02
2.953055e+01	2.918945e-02
2.963055e+01	3.069857e-02
2.973055e+01	3.429329e-02
2.983055e+01	4.037625e-02
2.993055e+01	5.062787e-02
3.003055e+01	6.634578e-02
3.013055e+01	8.345672e-02
3.023055e+01	9.184861e-02
3.033055e+01	8.566284e-02
3.043055e+01	6.802619e-02
3.053055e+01	5.051721e-02
3.063055e+01	3.858484e-02
3.073055e+01	3.150501e-02
3.083055e+01	2.748789e-02
3.093055e+01	2.470657e-02
3.103055e+01	2.206764e-02
3.113055e+01	1.980127e-02
3.123055e+01	1.817741e-02
3.133055e+01	1.716728e-02
3.143055e+01	1.667703e-02
3.153055e+01	1.662724e-02
3.163055e+01	1.710153e-02
3.173055e+01	1.826385e-02
3.183055e+01	2.019358e-02
3.193055e+01	2.303400e-02
3.203055e+01	2.736396e-02
3.213055e+01	3.389648e-02
3.223055e+01	4.142923e-02
3.233055e+01	4.517819e-02
3.243055e+01	4.444841e-02
3.253055e+01	4.397868e-02
3.263055e+01	4.323762e-02
3.273055e+01	3.976379e-02
3.283055e+01	3.401945e-02
3.293055e+01	2.818845e-02
3.303055e+01	2.364627e-02
3.313055e+01	2.048948e-02
3.323055e+01	1.867918e-02
3.333055e+01	1.780718e-02
3.343055e+01	1.741732e-02
3.353055e+01	1.743519e-02
3.363055e+01	1.773070e-02
3.373055e+01	1.777534e-02
3.383055e+01	1.726663e-02
3.393055e+01	1.703238e-02
3.403055e+01	1.769453e-02
3.413055e+01	1.936700e-02
3.423055e+01	2.190019e-02
3.433055e+01	2.571884e-02
3.443055e+01	3.110567e-02
3.453055e+01	3.532063e-02
3.463055e+01	3.550914e-02
3.473055e+01	3.299230e-02
3.483055e+01	2.842520e-02
3.493055e+01	2.322106e-02
3.503055e+01	1.935780e-02
3.513055e+01	1.682882e-02
3.523055e+01	1.501286e-02
3.533055e+01	1.382340e-02
3.543055e+01	1.307943e-02
3.553055e+01	1.244772e-02
3.563055e+01	1.212779e-02
3.573055e+01	1.240391e-02
3.583055e+01	1.290586e-02
3.593055e+01	1.262202e-02
3.603055e+01	1.155714e-02
3.613055e+01	1.067458e-02
3.623055e+01	1.038035e-02
3.633055e+01	1.074146e-02
3.643055e+01	1.185794e-02
3.653055e+01	1.376816e-02
3.663055e+01	1.566255e-02
3.673055e+01	1.559925e-02
3.683055e+01	1.371296e-02
3.693055e+01	1.196887e-02
3.703055e+01	1.103547e-02
3.713055e+01	1.050196e-02
3.723055e+01	9.849004e-03
3.733055e+01	9.263911e-03
3.743055e+01	9.061905e-03
3.753055e+01	9.358355e-03
3.763055e+01	1.028474e-02
3.773055e+01	1.190857e-02
3.783055e+01	1.357311e-02
3.793055e+01	1.354139e-02
3.803055e+01	1.172854e-02
3.813055e+01	9.824666e-03
3.823055e+01	8.515422e-03
3.833055e+01	7.732263e-03
3.843055e+01	7.287712e-03
3.853055e+01	7.076420e-03
3.863055e+01	7.057754e-03
3.873055e+01	7.083440e-03
3.883055e+01	6.914284e-03
3.893055e+01	6.590430e-03
3.903055e+01	6.341089e-03
3.913055e+01	6.241568e-03
3.923055e+01	6.279818e-03
3.933055e+01	6.443337e-03
3.943055e+01	6.678947e-03
3.953055e+01	6.868162e-03
3.963055e+01	7.064442e-03
3.973055e+01	7.479447e-03
3.983055e+01	8.280112e-03
3.993055e+01	9.570189e-03
4.003055e+01	1.114800e-02
4.013055e+01	1.213678e-02
4.023055e+01	1.184927e-02
4.033055e+01	1.107622e-02
4.043055e+01	1.072465e-02
4.053055e+01	1.076842e-02
4.063055e+01	1.072565e-02
4.073055e+01	1.052509e-02
4.083055e+01	1.064394e-02
4.093055e+01	1.139938e-02
4.103055e+01	1.283021e-02
4.113055e+01	1.484228e-02
4.123055e+01	1.757165e-02
4.133055e+01	2.180554e-02
4.143055e+01	2.870108e-02
4.153055e+01	3.850131e-02
4.163055e+01	4.738826e-02
4.173055e+01	4.692958e-02
4.183055e+01	3.810070e-02
4.193055e+01	2.895630e-02
4.203055e+01	2.190507e-02
4.213055e+01	1.696578e-02
4.223055e+01	1.380874e-02
4.233055e+01	1.198423e-02
4.243055e+01	1.105307e-02
4.253055e+01	1.041417e-02
4.263055e+01	9.434904e-03
4.273055e+01	8.278085e-03
4.283055e+01	7.328770e-03
4.293055e+01	6.642086e-03
4.303055e+01	6.158298e-03
4.313055e+01	5.802928e-03
4.323055e+01	5.522151e-03
4.333055e+01	5.308075e-03
4.343055e+01	5.182305e-03
4.353055e+01	5.145287e-03
4.363055e+01	5.186173e-03
4.373055e+01	5.259785e-03
4.383055e+01	5.260002e-03
4.393055e+01	5.216986e-03
4.403055e+01	5.271989e-03
4.413055e+01	5.508825e-03
4.423055e+01	5.999266e-03
4.433055e+01	6.840827e-03
4.443055e+01	8.037688e-03
4.453055e+01	9.149217e-03
4.463055e+01	9.511178e-03
4.473055e+01	9.394937e-03
4.483055e+01	9.311249e-03
4.493055e+01	9.034326e-03
4.503055e+01	8.270185e-03
4.513055e+01	7.431956e-03
4.523055e+01	7.042695e-03
4.533055e+01	7.102812e-03
4.543055e+01	7.108334e-03
4.553055e+01	6.575027e-03
4.563055e+01	5.858539e-03
4.573055e+01	5.367406e-03
4.583055e+01	5.157823e-03
4.593055e+01	5.186189e-03
4.603055e+01	5.416976e-03
4.613055e+01	5.877466e-03
4.623055e+01	6.536918e-03
4.633055e+01	6.988395e-03
4.643055e+01	6.895545e-03
4.653055e+01	6.505285e-03
4.663055e+01	6.023513e-03
4.673055e+01	5.652325e-03
4.683055e+01	5.554195e-03
4.693055e+01	5.770863e-03
4.703055e+01	6.154289e-03
4.713055e+01	6.276042e-03
4.723055e+01	5.891413e-03
4.733055e+01	5.371265e-03
4.743055e+01	5.030318e-03
4.753055e+01	4.921149e-03
4.763055e+01	5.021913e-03
4.773055e+01	5.314833e-03
4.783055e+01	5.792549e-03
4.793055e+01	6.409112e-03
4.803055e+01	6.941312e-03
4.813055e+01	7.204550e-03
4.823055e+01	7.569968e-03
4.833055e+01	8.438817e-03
4.843055e+01	9.965866e-03
4.853055e+01	1.216295e-02
4.863055e+01	1.495277e-02
4.873055e+01	1.881203e-02
4.883055e+01	2.350599e-02
4.893055e+01	2.524601e-02
4.903055e+01	2.155644e-02
4.913055e+01	1.640755e-02
4.923055e+01	1.279218e-02
4.933055e+01	1.088802e-02
4.943055e+01	1.004576e-02
4.953055e+01	9.284636e-03
4.963055e+01	8.024718e-03
4.973055e+01	6.716468e-03
4.983055e+01	5.735416e-03
4.993055e+01	5.087740e-03
5.003055e+01	4.683034e-03
5.013055e+01	4.458951e-03
5.023055e+01	4.361212e-03
5.033055e+01	4.323359e-03
5.043055e+01	4.332595e-03
5.053055e+01	4.394948e-03
5.063055e+01	4.441310e-03
5.073055e+01	4.532409e-03
5.083055e+01	4.807562e-03
5.093055e+01	5.227510e-03
5.103055e+01	5.452037e-03
5.113055e+01	5.198705e-03
5.123055e+01	4.750730e-03
5.133055e+01	4.447007e-03
5.143055e+01	4.401185e-03
5.153055e+01	4.533173e-03
5.163055e+01	4.555962e-03
5.173055e+01	4.322205e-03
5.183055e+01	4.078381e-03
5.193055e+01	4.005615e-03
5.203055e+01	4.121713e-03
5.213055e+01	4.341481e-03
5.223055e+01	4.467601e-03
5.233055e+01	4.452530e-03
5.243055e+01	4.534696e-03
5.253055e+01	4.910548e-03
5.263055e+01	5.641163e-03
5.273055e+01	6.491078e-03
5.283055e+01	6.830388e-03
5.293055e+01	6.545509e-03
5.303055e+01	5.988652e-03
5.313055e+01	5.447875e-03
5.323055e+01	5.147628e-03
5.333055e+01	5.121555e-03
5.343055e+01	5.415534e-03
5.353055e+01	6.043487e-03
5.363055e+01	6.703509e-03
5.373055e+01	6.872628e-03
5.383055e+01	6.845377e-03
5.393055e+01	7.330238e-03
5.403055e+01	8.601018e-03
5.413055e+01	1.023103e-02
5.423055e+01	1.070063e-02
5.433055e+01	9.380961e-03
5.443055e+01	7.647871e-03
5.453055e+01	6.377744e-03
5.463055e+01	5.620542e-03
5.473055e+01	5.172967e-03
5.483055e+01	4.737846e-03
5.493055e+01	4.256856e-03
5.503055e+01	3.895433e-03
5.513055e+01	3.717757e-03
5.523055e+01	3.651481e-03
5.533055e+01	3.621188e-03
5.543055e+01	3.642158e-03
5.553055e+01	3.668960e-03
5.563055e+01	3.579971e-03
5.573055e+01	3.399419e-03
5.583055e+01	3.249644e-03
5.593055e+01	3.228916e-03
5.603055e+01	3.388438e-03
5.613055e+01	3.743617e-03
5.623055e+01	4.159777e-03
5.633055e+01	4.243911e-03
5.643055e+01	3.890969e-03
5.653055e+01	3.414182e-03
5.663055e+01	3.017994e-03
5.673055e+01	2.756974e-03
5.683055e+01	2.607234e-03
5.693055e+01	2.523209e-03
5.703055e+01	2.453452e-03
5.713055e+01	2.378090e-03
5.723055e+01	2.322108e-03
5.733055e+01	2.292419e-03
5.743055e+01	2.265005e-03
5.753055e+01	2.230465e-03
5.763055e+01	2.211920e-03
5.773055e+01	2.218262e-03
5.783055e+01	2.226329e-03
5.793055e+01	2.203719e-03
5.803055e+01	2.166287e-03
5.813055e+01	2.141759e-03
5.823055e+01	2.135709e-03
5.833055e+01	2.146661e-03
5.843055e+01	2.174598e-03
5.853055e+01	2.222864e-03
5.863055e+01	2.298780e-03
5.873055e+01	2.410407e-03
5.883055e+01	2.547407e-03
5.893055e+01	2.662939e-03
5.903055e+01	2.728131e-03
5.913055e+01	2.737508e-03
5.923055e+01	2.727704e-03
5.933055e+01	2.764935e-03
5.943055e+01	2.877410e-03
5.953055e+01	3.080939e-03
5.963055e+01	3.396127e-03
5.973055e+01	3.797579e-03
5.983055e+01	4.114990e-03
5.993055e+01	4.199734e-03
6.003055e+01	4.229331e-03
6.013055e+01	4.415839e-03
6.023055e+01	4.834302e-03
6.033055e+01	5.537254e-03
6.043055e+01	6.608843e-03
6.053055e+01	8.123174e-03
6.063055e+01	1.008247e-02
6.073055e+01	1.256492e-02
6.083055e+01	1.570906e-02
6.093055e+01	2.027905e-02
6.103055e+01	2.718981e-02
6.113055e+01	3.389809e-02
6.123055e+01	3.354057e-02
6.133055e+01	2.638233e-02
6.143055e+01	1.915458e-02
6.153055e+01	1.421571e-02
6.163055e+01	1.113302e-02
6.173055e+01	9.357051e-03
6.183055e+01	8.488683e-03
6.193055e+01	8.075741e-03
6.203055e+01	7.803574e-03
6.213055e+01	7.653455e-03
6.223055e+01	7.382011e-03
6.233055e+01	6.867301e-03
6.243055e+01	6.507242e-03
6.253055e+01	6.272047e-03
6.263055e+01	5.724231e-03
6.273055e+01	4.987714e-03
6.283055e+01	4.380442e-03
6.293055e+01	3.986729e-03
6.303055e+01	3.787649e-03
6.313055e+01	3.641661e-03
6.323055e+01	3.431480e-03
6.333055e+01	3.245538e-03
6.343055e+01	3.170414e-03
6.353055e+01	3.215513e-03
6.363055e+01	3.380020e-03
6.373055e+01	3.696130e-03
6.383055e+01	4.172828e-03
6.393055e+01	4.668011e-03
6.403055e+01	4.973390e-03
6.413055e+01	5.242873e-03
6.423055e+01	5.896678e-03
6.433055e+01	7.199135e-03
6.443055e+01	9.136248e-03
6.453055e+01	1.074776e-02
6.463055e+01	1.028992e-02
6.473055e+01	8.298782e-03
6.483055e+01	6.538272e-03
6.493055e+01	5.524570e-03
6.503055e+01	5.167092e-03
6.513055e+01	5.367216e-03
6.523055e+01	6.017528e-03
6.533055e+01	6.688121e-03
6.543055e+01	6.799631e-03
6.553055e+01	6.585044e-03
6.563055e+01	6.191349e-03
6.573055e+01	5.312191e-03
6.583055e+01	4.320176e-03
6.593055e+01	3.599164e-03
6.603055e+01	3.144310e-03
6.613055e+01	2.860257e-03
6.623055e+01	2.697405e-03
6.633055e+01	2.625678e-03
6.643055e+01	2.568144e-03
6.653055e+01	2.469659e-03
6.663055e+01	2.387653e-03
6.673055e+01	2.372107e-03
6.683055e+01	2.432281e-03
6.693055e+01	2.575794e-03
6.703055e+01	2.822015e-03
6.713055e+01	3.208977e-03
6.723055e+01	3.827918e-03
6.733055e+01	4.787761e-03
6.743055e+01	5.995708e-03
6.753055e+01	6.691105e-03
6.763055e+01	6.096413e-03
6.773055e+01	4.911939e-03
6.783055e+01	3.980147e-03
6.793055e+01	3.436918e-03
6.803055e+01	3.159811e-03
6.813055e+01	3.049288e-03
6.823055e+01	3.091338e-03
6.833055e+01	3.328170e-03
6.843055e+01	3.841358e-03
6.853055e+01	4.642146e-03
6.863055e+01	5.394806e-03
6.873055e+01	5.368075e-03
6.883055e+01	4.612305e-03
6.893055e+01	3.823395e-03
6.903055e+01	3.287549e-03
6.913055e+01	3.017095e-03
6.923055e+01	2.947848e-03
6.933055e+01	3.024564e-03
6.943055e+01	3.289163e-03
6.953055e+01	3.797592e-03
6.963055e+01	4.432856e-03
6.973055e+01	4.685649e-03
6.983055e+01	4.203035e-03
6.993055e+01	3.496293e-03
