#RPA-results:
#Nucleus: Ni 74
#Fermi level: -4.992964e+00	-1.506242e+01
#Excitation: 1 +
#Total number of pairs: 1032
#Number of ph-/ah-pairs: 1032/0
#Maximal excitation-energy for particle-hole-pairs: 100
#Maximal excitation-energy for antiparticle-hole-pairs: 1000
#No imaginary eigenvalues

#Parameterset: DD-PC1
#natural parity: no
#Isoscalar result:

#width: 5.000000e-01
#maximum value: 2.741918e-03
#at energy: 6.993055e+01
-9.006945e+01	4.274525e-04
-8.996945e+01	4.283369e-04
-8.986945e+01	4.292240e-04
-8.976945e+01	4.301139e-04
-8.966945e+01	4.310065e-04
-8.956945e+01	4.319020e-04
-8.946945e+01	4.328002e-04
-8.936945e+01	4.337013e-04
-8.926945e+01	4.346051e-04
-8.916945e+01	4.355118e-04
-8.906945e+01	4.364214e-04
-8.896945e+01	4.373338e-04
-8.886945e+01	4.382491e-04
-8.876945e+01	4.391672e-04
-8.866945e+01	4.400883e-04
-8.856945e+01	4.410123e-04
-8.846945e+01	4.419391e-04
-8.836945e+01	4.428689e-04
-8.826945e+01	4.438017e-04
-8.816945e+01	4.447374e-04
-8.806945e+01	4.456761e-04
-8.796945e+01	4.466177e-04
-8.786945e+01	4.475624e-04
-8.776945e+01	4.485100e-04
-8.766945e+01	4.494607e-04
-8.756945e+01	4.504144e-04
-8.746945e+01	4.513712e-04
-8.736945e+01	4.523310e-04
-8.726945e+01	4.532939e-04
-8.716945e+01	4.542598e-04
-8.706945e+01	4.552289e-04
-8.696945e+01	4.562011e-04
-8.686945e+01	4.571763e-04
-8.676945e+01	4.581548e-04
-8.666945e+01	4.591364e-04
-8.656945e+01	4.601211e-04
-8.646945e+01	4.611090e-04
-8.636945e+01	4.621001e-04
-8.626945e+01	4.630945e-04
-8.616945e+01	4.640920e-04
-8.606945e+01	4.650928e-04
-8.596945e+01	4.660968e-04
-8.586945e+01	4.671041e-04
-8.576945e+01	4.681146e-04
-8.566945e+01	4.691285e-04
-8.556945e+01	4.701456e-04
-8.546945e+01	4.711661e-04
-8.536945e+01	4.721899e-04
-8.526945e+01	4.732171e-04
-8.516945e+01	4.742476e-04
-8.506945e+01	4.752815e-04
-8.496945e+01	4.763187e-04
-8.486945e+01	4.773594e-04
-8.476945e+01	4.784035e-04
-8.466945e+01	4.794511e-04
-8.456945e+01	4.805021e-04
-8.446945e+01	4.815565e-04
-8.436945e+01	4.826145e-04
-8.426945e+01	4.836759e-04
-8.416945e+01	4.847409e-04
-8.406945e+01	4.858093e-04
-8.396945e+01	4.868814e-04
-8.386945e+01	4.879570e-04
-8.376945e+01	4.890361e-04
-8.366945e+01	4.901189e-04
-8.356945e+01	4.912052e-04
-8.346945e+01	4.922952e-04
-8.336945e+01	4.933888e-04
-8.326945e+01	4.944861e-04
-8.316945e+01	4.955871e-04
-8.306945e+01	4.966917e-04
-8.296945e+01	4.978001e-04
-8.286945e+01	4.989121e-04
-8.276945e+01	5.000279e-04
-8.266945e+01	5.011475e-04
-8.256945e+01	5.022708e-04
-8.246945e+01	5.033980e-04
-8.236945e+01	5.045289e-04
-8.226945e+01	5.056637e-04
-8.216945e+01	5.068023e-04
-8.206945e+01	5.079447e-04
-8.196945e+01	5.090910e-04
-8.186945e+01	5.102413e-04
-8.176945e+01	5.113954e-04
-8.166945e+01	5.125535e-04
-8.156945e+01	5.137155e-04
-8.146945e+01	5.148814e-04
-8.136945e+01	5.160514e-04
-8.126945e+01	5.172254e-04
-8.116945e+01	5.184033e-04
-8.106945e+01	5.195854e-04
-8.096945e+01	5.207714e-04
-8.086945e+01	5.219616e-04
-8.076945e+01	5.231558e-04
-8.066945e+01	5.243542e-04
-8.056945e+01	5.255567e-04
-8.046945e+01	5.267633e-04
-8.036945e+01	5.279741e-04
-8.026945e+01	5.291891e-04
-8.016945e+01	5.304083e-04
-8.006945e+01	5.316317e-04
-7.996945e+01	5.328594e-04
-7.986945e+01	5.340914e-04
-7.976945e+01	5.353276e-04
-7.966945e+01	5.365681e-04
-7.956945e+01	5.378130e-04
-7.946945e+01	5.390622e-04
-7.936945e+01	5.403158e-04
-7.926945e+01	5.415738e-04
-7.916945e+01	5.428361e-04
-7.906945e+01	5.441030e-04
-7.896945e+01	5.453742e-04
-7.886945e+01	5.466499e-04
-7.876945e+01	5.479302e-04
-7.866945e+01	5.492149e-04
-7.856945e+01	5.505042e-04
-7.846945e+01	5.517980e-04
-7.836945e+01	5.530964e-04
-7.826945e+01	5.543994e-04
-7.816945e+01	5.557070e-04
-7.806945e+01	5.570193e-04
-7.796945e+01	5.583362e-04
-7.786945e+01	5.596578e-04
-7.776945e+01	5.609842e-04
-7.766945e+01	5.623152e-04
-7.756945e+01	5.636510e-04
-7.746945e+01	5.649916e-04
-7.736945e+01	5.663370e-04
-7.726945e+01	5.676872e-04
-7.716945e+01	5.690423e-04
-7.706945e+01	5.704022e-04
-7.696945e+01	5.717670e-04
-7.686945e+01	5.731368e-04
-7.676945e+01	5.745114e-04
-7.666945e+01	5.758911e-04
-7.656945e+01	5.772757e-04
-7.646945e+01	5.786653e-04
-7.636945e+01	5.800600e-04
-7.626945e+01	5.814598e-04
-7.616945e+01	5.828646e-04
-7.606945e+01	5.842745e-04
-7.596945e+01	5.856896e-04
-7.586945e+01	5.871098e-04
-7.576945e+01	5.885352e-04
-7.566945e+01	5.899658e-04
-7.556945e+01	5.914017e-04
-7.546945e+01	5.928428e-04
-7.536945e+01	5.942892e-04
-7.526945e+01	5.957409e-04
-7.516945e+01	5.971980e-04
-7.506945e+01	5.986604e-04
-7.496945e+01	6.001283e-04
-7.486945e+01	6.016015e-04
-7.476945e+01	6.030802e-04
-7.466945e+01	6.045643e-04
-7.456945e+01	6.060540e-04
-7.446945e+01	6.075492e-04
-7.436945e+01	6.090499e-04
-7.426945e+01	6.105562e-04
-7.416945e+01	6.120681e-04
-7.406945e+01	6.135857e-04
-7.396945e+01	6.151089e-04
-7.386945e+01	6.166379e-04
-7.376945e+01	6.181725e-04
-7.366945e+01	6.197129e-04
-7.356945e+01	6.212591e-04
-7.346945e+01	6.228111e-04
-7.336945e+01	6.243689e-04
-7.326945e+01	6.259326e-04
-7.316945e+01	6.275022e-04
-7.306945e+01	6.290777e-04
-7.296945e+01	6.306592e-04
-7.286945e+01	6.322466e-04
-7.276945e+01	6.338401e-04
-7.266945e+01	6.354397e-04
-7.256945e+01	6.370453e-04
-7.246945e+01	6.386570e-04
-7.236945e+01	6.402748e-04
-7.226945e+01	6.418989e-04
-7.216945e+01	6.435291e-04
-7.206945e+01	6.451656e-04
-7.196945e+01	6.468083e-04
-7.186945e+01	6.484573e-04
-7.176945e+01	6.501127e-04
-7.166945e+01	6.517744e-04
-7.156945e+01	6.534426e-04
-7.146945e+01	6.551171e-04
-7.136945e+01	6.567982e-04
-7.126945e+01	6.584857e-04
-7.116945e+01	6.601797e-04
-7.106945e+01	6.618803e-04
-7.096945e+01	6.635876e-04
-7.086945e+01	6.653014e-04
-7.076945e+01	6.670219e-04
-7.066945e+01	6.687491e-04
-7.056945e+01	6.704831e-04
-7.046945e+01	6.722238e-04
-7.036945e+01	6.739713e-04
-7.026945e+01	6.757257e-04
-7.016945e+01	6.774869e-04
-7.006945e+01	6.792551e-04
-6.996945e+01	6.810302e-04
-6.986945e+01	6.828123e-04
-6.976945e+01	6.846015e-04
-6.966945e+01	6.863976e-04
-6.956945e+01	6.882009e-04
-6.946945e+01	6.900114e-04
-6.936945e+01	6.918290e-04
-6.926945e+01	6.936538e-04
-6.916945e+01	6.954858e-04
-6.906945e+01	6.973252e-04
-6.896945e+01	6.991719e-04
-6.886945e+01	7.010259e-04
-6.876945e+01	7.028874e-04
-6.866945e+01	7.047563e-04
-6.856945e+01	7.066327e-04
-6.846945e+01	7.085166e-04
-6.836945e+01	7.104080e-04
-6.826945e+01	7.123071e-04
-6.816945e+01	7.142139e-04
-6.806945e+01	7.161283e-04
-6.796945e+01	7.180504e-04
-6.786945e+01	7.199804e-04
-6.776945e+01	7.219181e-04
-6.766945e+01	7.238637e-04
-6.756945e+01	7.258172e-04
-6.746945e+01	7.277787e-04
-6.736945e+01	7.297481e-04
-6.726945e+01	7.317256e-04
-6.716945e+01	7.337111e-04
-6.706945e+01	7.357047e-04
-6.696945e+01	7.377065e-04
-6.686945e+01	7.397166e-04
-6.676945e+01	7.417348e-04
-6.666945e+01	7.437614e-04
-6.656945e+01	7.457963e-04
-6.646945e+01	7.478396e-04
-6.636945e+01	7.498914e-04
-6.626945e+01	7.519516e-04
-6.616945e+01	7.540203e-04
-6.606945e+01	7.560977e-04
-6.596945e+01	7.581836e-04
-6.586945e+01	7.602782e-04
-6.576945e+01	7.623816e-04
-6.566945e+01	7.644937e-04
-6.556945e+01	7.666146e-04
-6.546945e+01	7.687444e-04
-6.536945e+01	7.708831e-04
-6.526945e+01	7.730308e-04
-6.516945e+01	7.751875e-04
-6.506945e+01	7.773532e-04
-6.496945e+01	7.795281e-04
-6.486945e+01	7.817122e-04
-6.476945e+01	7.839054e-04
-6.466945e+01	7.861080e-04
-6.456945e+01	7.883199e-04
-6.446945e+01	7.905411e-04
-6.436945e+01	7.927718e-04
-6.426945e+01	7.950120e-04
-6.416945e+01	7.972617e-04
-6.406945e+01	7.995210e-04
-6.396945e+01	8.017900e-04
-6.386945e+01	8.040686e-04
-6.376945e+01	8.063571e-04
-6.366945e+01	8.086553e-04
-6.356945e+01	8.109634e-04
-6.346945e+01	8.132815e-04
-6.336945e+01	8.156095e-04
-6.326945e+01	8.179476e-04
-6.316945e+01	8.202958e-04
-6.306945e+01	8.226541e-04
-6.296945e+01	8.250227e-04
-6.286945e+01	8.274015e-04
-6.276945e+01	8.297907e-04
-6.266945e+01	8.321903e-04
-6.256945e+01	8.346003e-04
-6.246945e+01	8.370209e-04
-6.236945e+01	8.394520e-04
-6.226945e+01	8.418938e-04
-6.216945e+01	8.443463e-04
-6.206945e+01	8.468096e-04
-6.196945e+01	8.492837e-04
-6.186945e+01	8.517687e-04
-6.176945e+01	8.542646e-04
-6.166945e+01	8.567716e-04
-6.156945e+01	8.592897e-04
-6.146945e+01	8.618190e-04
-6.136945e+01	8.643594e-04
-6.126945e+01	8.669112e-04
-6.116945e+01	8.694743e-04
-6.106945e+01	8.720488e-04
-6.096945e+01	8.746349e-04
-6.086945e+01	8.772324e-04
-6.076945e+01	8.798417e-04
-6.066945e+01	8.824626e-04
-6.056945e+01	8.850953e-04
-6.046945e+01	8.877398e-04
-6.036945e+01	8.903963e-04
-6.026945e+01	8.930648e-04
-6.016945e+01	8.957453e-04
-6.006945e+01	8.984379e-04
-5.996945e+01	9.011427e-04
-5.986945e+01	9.038599e-04
-5.976945e+01	9.065893e-04
-5.966945e+01	9.093312e-04
-5.956945e+01	9.120856e-04
-5.946945e+01	9.148526e-04
-5.936945e+01	9.176323e-04
-5.926945e+01	9.204247e-04
-5.916945e+01	9.232299e-04
-5.906945e+01	9.260480e-04
-5.896945e+01	9.288790e-04
-5.886945e+01	9.317232e-04
-5.876945e+01	9.345804e-04
-5.866945e+01	9.374509e-04
-5.856945e+01	9.403347e-04
-5.846945e+01	9.432318e-04
-5.836945e+01	9.461424e-04
-5.826945e+01	9.490666e-04
-5.816945e+01	9.520044e-04
-5.806945e+01	9.549559e-04
-5.796945e+01	9.579212e-04
-5.786945e+01	9.609004e-04
-5.776945e+01	9.638936e-04
-5.766945e+01	9.669008e-04
-5.756945e+01	9.699222e-04
-5.746945e+01	9.729579e-04
-5.736945e+01	9.760078e-04
-5.726945e+01	9.790722e-04
-5.716945e+01	9.821511e-04
-5.706945e+01	9.852446e-04
-5.696945e+01	9.883528e-04
-5.686945e+01	9.914758e-04
-5.676945e+01	9.946137e-04
-5.666945e+01	9.977666e-04
-5.656945e+01	1.000935e-03
-5.646945e+01	1.004118e-03
-5.636945e+01	1.007316e-03
-5.626945e+01	1.010530e-03
-5.616945e+01	1.013759e-03
-5.606945e+01	1.017004e-03
-5.596945e+01	1.020264e-03
-5.586945e+01	1.023541e-03
-5.576945e+01	1.026833e-03
-5.566945e+01	1.030141e-03
-5.556945e+01	1.033465e-03
-5.546945e+01	1.036805e-03
-5.536945e+01	1.040162e-03
-5.526945e+01	1.043535e-03
-5.516945e+01	1.046925e-03
-5.506945e+01	1.050331e-03
-5.496945e+01	1.053754e-03
-5.486945e+01	1.057194e-03
-5.476945e+01	1.060650e-03
-5.466945e+01	1.064124e-03
-5.456945e+01	1.067615e-03
-5.446945e+01	1.071123e-03
-5.436945e+01	1.074649e-03
-5.426945e+01	1.078192e-03
-5.416945e+01	1.081753e-03
-5.406945e+01	1.085331e-03
-5.396945e+01	1.088927e-03
-5.386945e+01	1.092542e-03
-5.376945e+01	1.096174e-03
-5.366945e+01	1.099825e-03
-5.356945e+01	1.103494e-03
-5.346945e+01	1.107181e-03
-5.336945e+01	1.110887e-03
-5.326945e+01	1.114612e-03
-5.316945e+01	1.118356e-03
-5.306945e+01	1.122119e-03
-5.296945e+01	1.125900e-03
-5.286945e+01	1.129701e-03
-5.276945e+01	1.133522e-03
-5.266945e+01	1.137362e-03
-5.256945e+01	1.141221e-03
-5.246945e+01	1.145101e-03
-5.236945e+01	1.149000e-03
-5.226945e+01	1.152919e-03
-5.216945e+01	1.156859e-03
-5.206945e+01	1.160818e-03
-5.196945e+01	1.164799e-03
-5.186945e+01	1.168799e-03
-5.176945e+01	1.172821e-03
-5.166945e+01	1.176863e-03
-5.156945e+01	1.180927e-03
-5.146945e+01	1.185012e-03
-5.136945e+01	1.189118e-03
-5.126945e+01	1.193245e-03
-5.116945e+01	1.197394e-03
-5.106945e+01	1.201565e-03
-5.096945e+01	1.205758e-03
-5.086945e+01	1.209973e-03
-5.076945e+01	1.214211e-03
-5.066945e+01	1.218470e-03
-5.056945e+01	1.222752e-03
-5.046945e+01	1.227057e-03
-5.036945e+01	1.231385e-03
-5.026945e+01	1.235736e-03
-5.016945e+01	1.240110e-03
-5.006945e+01	1.244508e-03
-4.996945e+01	1.248929e-03
-4.986945e+01	1.253374e-03
-4.976945e+01	1.257842e-03
-4.966945e+01	1.262335e-03
-4.956945e+01	1.266852e-03
-4.946945e+01	1.271394e-03
-4.936945e+01	1.275960e-03
-4.926945e+01	1.280550e-03
-4.916945e+01	1.285166e-03
-4.906945e+01	1.289807e-03
-4.896945e+01	1.294473e-03
-4.886945e+01	1.299165e-03
-4.876945e+01	1.303882e-03
-4.866945e+01	1.308626e-03
-4.856945e+01	1.313395e-03
-4.846945e+01	1.318190e-03
-4.836945e+01	1.323013e-03
-4.826945e+01	1.327861e-03
-4.816945e+01	1.332737e-03
-4.806945e+01	1.337639e-03
-4.796945e+01	1.342569e-03
-4.786945e+01	1.347527e-03
-4.776945e+01	1.352512e-03
-4.766945e+01	1.357525e-03
-4.756945e+01	1.362565e-03
-4.746945e+01	1.367635e-03
-4.736945e+01	1.372732e-03
-4.726945e+01	1.377859e-03
-4.716945e+01	1.383014e-03
-4.706945e+01	1.388199e-03
-4.696945e+01	1.393413e-03
-4.686945e+01	1.398656e-03
-4.676945e+01	1.403930e-03
-4.666945e+01	1.409233e-03
-4.656945e+01	1.414567e-03
-4.646945e+01	1.419931e-03
-4.636945e+01	1.425326e-03
-4.626945e+01	1.430752e-03
-4.616945e+01	1.436209e-03
-4.606945e+01	1.441698e-03
-4.596945e+01	1.447218e-03
-4.586945e+01	1.452771e-03
-4.576945e+01	1.458355e-03
-4.566945e+01	1.463972e-03
-4.556945e+01	1.469622e-03
-4.546945e+01	1.475304e-03
-4.536945e+01	1.481020e-03
-4.526945e+01	1.486770e-03
-4.516945e+01	1.492553e-03
-4.506945e+01	1.498370e-03
-4.496945e+01	1.504222e-03
-4.486945e+01	1.510108e-03
-4.476945e+01	1.516028e-03
-4.466945e+01	1.521984e-03
-4.456945e+01	1.527976e-03
-4.446945e+01	1.534003e-03
-4.436945e+01	1.540066e-03
-4.426945e+01	1.546165e-03
-4.416945e+01	1.552301e-03
-4.406945e+01	1.558474e-03
-4.396945e+01	1.564683e-03
-4.386945e+01	1.570930e-03
-4.376945e+01	1.577215e-03
-4.366945e+01	1.583538e-03
-4.356945e+01	1.589900e-03
-4.346945e+01	1.596300e-03
-4.336945e+01	1.602739e-03
-4.326945e+01	1.609217e-03
-4.316945e+01	1.615735e-03
-4.306945e+01	1.622293e-03
-4.296945e+01	1.628891e-03
-4.286945e+01	1.635529e-03
-4.276945e+01	1.642209e-03
-4.266945e+01	1.648930e-03
-4.256945e+01	1.655692e-03
-4.246945e+01	1.662497e-03
-4.236945e+01	1.669344e-03
-4.226945e+01	1.676233e-03
-4.216945e+01	1.683166e-03
-4.206945e+01	1.690142e-03
-4.196945e+01	1.697162e-03
-4.186945e+01	1.704226e-03
-4.176945e+01	1.711334e-03
-4.166945e+01	1.718487e-03
-4.156945e+01	1.725686e-03
-4.146945e+01	1.732930e-03
-4.136945e+01	1.740220e-03
-4.126945e+01	1.747557e-03
-4.116945e+01	1.754941e-03
-4.106945e+01	1.762371e-03
-4.096945e+01	1.769850e-03
-4.086945e+01	1.777376e-03
-4.076945e+01	1.784951e-03
-4.066945e+01	1.792575e-03
-4.056945e+01	1.800248e-03
-4.046945e+01	1.807971e-03
-4.036945e+01	1.815744e-03
-4.026945e+01	1.823568e-03
-4.016945e+01	1.831443e-03
-4.006945e+01	1.839369e-03
-3.996945e+01	1.847347e-03
-3.986945e+01	1.855378e-03
-3.976945e+01	1.863461e-03
-3.966945e+01	1.871598e-03
-3.956945e+01	1.879789e-03
-3.946945e+01	1.888034e-03
-3.936945e+01	1.896334e-03
-3.926945e+01	1.904689e-03
-3.916945e+01	1.913100e-03
-3.906945e+01	1.921567e-03
-3.896945e+01	1.930091e-03
-3.886945e+01	1.938672e-03
-3.876945e+01	1.947311e-03
-3.866945e+01	1.956008e-03
-3.856945e+01	1.964765e-03
-3.846945e+01	1.973580e-03
-3.836945e+01	1.982456e-03
-3.826945e+01	1.991392e-03
-3.816945e+01	2.000389e-03
-3.806945e+01	2.009448e-03
-3.796945e+01	2.018569e-03
-3.786945e+01	2.027753e-03
-3.776945e+01	2.037000e-03
-3.766945e+01	2.046312e-03
-3.756945e+01	2.055687e-03
-3.746945e+01	2.065128e-03
-3.736945e+01	2.074634e-03
-3.726945e+01	2.084207e-03
-3.716945e+01	2.093847e-03
-3.706945e+01	2.103555e-03
-3.696945e+01	2.113331e-03
-3.686945e+01	2.123175e-03
-3.676945e+01	2.133089e-03
-3.666945e+01	2.143074e-03
-3.656945e+01	2.153129e-03
-3.646945e+01	2.163256e-03
-3.636945e+01	2.173455e-03
-3.626945e+01	2.183728e-03
-3.616945e+01	2.194073e-03
-3.606945e+01	2.204494e-03
-3.596945e+01	2.214989e-03
-3.586945e+01	2.225560e-03
-3.576945e+01	2.236208e-03
-3.566945e+01	2.246933e-03
-3.556945e+01	2.257736e-03
-3.546945e+01	2.268618e-03
-3.536945e+01	2.279579e-03
-3.526945e+01	2.290621e-03
-3.516945e+01	2.301744e-03
-3.506945e+01	2.312949e-03
-3.496945e+01	2.324237e-03
-3.486945e+01	2.335609e-03
-3.476945e+01	2.347065e-03
-3.466945e+01	2.358606e-03
-3.456945e+01	2.370234e-03
-3.446945e+01	2.381948e-03
-3.436945e+01	2.393751e-03
-3.426945e+01	2.405642e-03
-3.416945e+01	2.417623e-03
-3.406945e+01	2.429695e-03
-3.396945e+01	2.441858e-03
-3.386945e+01	2.454114e-03
-3.376945e+01	2.466463e-03
-3.366945e+01	2.478907e-03
-3.356945e+01	2.491446e-03
-3.346945e+01	2.504081e-03
-3.336945e+01	2.516814e-03
-3.326945e+01	2.529645e-03
-3.316945e+01	2.542576e-03
-3.306945e+01	2.555607e-03
-3.296945e+01	2.568739e-03
-3.286945e+01	2.581975e-03
-3.276945e+01	2.595313e-03
-3.266945e+01	2.608757e-03
-3.256945e+01	2.622306e-03
-3.246945e+01	2.635963e-03
-3.236945e+01	2.649727e-03
-3.226945e+01	2.663601e-03
-3.216945e+01	2.677585e-03
-3.206945e+01	2.691681e-03
-3.196945e+01	2.705890e-03
-3.186945e+01	2.720213e-03
-3.176945e+01	2.734651e-03
-3.166945e+01	2.749206e-03
-3.156945e+01	2.763879e-03
-3.146945e+01	2.778671e-03
-3.136945e+01	2.793583e-03
-3.126945e+01	2.808617e-03
-3.116945e+01	2.823774e-03
-3.106945e+01	2.839056e-03
-3.096945e+01	2.854463e-03
-3.086945e+01	2.869998e-03
-3.076945e+01	2.885662e-03
-3.066945e+01	2.901455e-03
-3.056945e+01	2.917381e-03
-3.046945e+01	2.933439e-03
-3.036945e+01	2.949632e-03
-3.026945e+01	2.965961e-03
-3.016945e+01	2.982427e-03
-3.006945e+01	2.999033e-03
-2.996945e+01	3.015780e-03
-2.986945e+01	3.032669e-03
-2.976945e+01	3.049703e-03
-2.966945e+01	3.066882e-03
-2.956945e+01	3.084208e-03
-2.946945e+01	3.101684e-03
-2.936945e+01	3.119310e-03
-2.926945e+01	3.137089e-03
-2.916945e+01	3.155023e-03
-2.906945e+01	3.173113e-03
-2.896945e+01	3.191361e-03
-2.886945e+01	3.209769e-03
-2.876945e+01	3.228338e-03
-2.866945e+01	3.247072e-03
-2.856945e+01	3.265971e-03
-2.846945e+01	3.285039e-03
-2.836945e+01	3.304276e-03
-2.826945e+01	3.323684e-03
-2.816945e+01	3.343267e-03
-2.806945e+01	3.363026e-03
-2.796945e+01	3.382962e-03
-2.786945e+01	3.403080e-03
-2.776945e+01	3.423379e-03
-2.766945e+01	3.443864e-03
-2.756945e+01	3.464536e-03
-2.746945e+01	3.485397e-03
-2.736945e+01	3.506449e-03
-2.726945e+01	3.527696e-03
-2.716945e+01	3.549140e-03
-2.706945e+01	3.570782e-03
-2.696945e+01	3.592626e-03
-2.686945e+01	3.614674e-03
-2.676945e+01	3.636929e-03
-2.666945e+01	3.659393e-03
-2.656945e+01	3.682070e-03
-2.646945e+01	3.704960e-03
-2.636945e+01	3.728069e-03
-2.626945e+01	3.751397e-03
-2.616945e+01	3.774949e-03
-2.606945e+01	3.798727e-03
-2.596945e+01	3.822734e-03
-2.586945e+01	3.846972e-03
-2.576945e+01	3.871446e-03
-2.566945e+01	3.896158e-03
-2.556945e+01	3.921111e-03
-2.546945e+01	3.946308e-03
-2.536945e+01	3.971753e-03
-2.526945e+01	3.997450e-03
-2.516945e+01	4.023400e-03
-2.506945e+01	4.049609e-03
-2.496945e+01	4.076079e-03
-2.486945e+01	4.102813e-03
-2.476945e+01	4.129816e-03
-2.466945e+01	4.157091e-03
-2.456945e+01	4.184642e-03
-2.446945e+01	4.212473e-03
-2.436945e+01	4.240587e-03
-2.426945e+01	4.268989e-03
-2.416945e+01	4.297682e-03
-2.406945e+01	4.326671e-03
-2.396945e+01	4.355959e-03
-2.386945e+01	4.385551e-03
-2.376945e+01	4.415451e-03
-2.366945e+01	4.445664e-03
-2.356945e+01	4.476194e-03
-2.346945e+01	4.507045e-03
-2.336945e+01	4.538223e-03
-2.326945e+01	4.569731e-03
-2.316945e+01	4.601575e-03
-2.306945e+01	4.633759e-03
-2.296945e+01	4.666289e-03
-2.286945e+01	4.699170e-03
-2.276945e+01	4.732406e-03
-2.266945e+01	4.766003e-03
-2.256945e+01	4.799966e-03
-2.246945e+01	4.834301e-03
-2.236945e+01	4.869014e-03
-2.226945e+01	4.904109e-03
-2.216945e+01	4.939593e-03
-2.206945e+01	4.975471e-03
-2.196945e+01	5.011750e-03
-2.186945e+01	5.048436e-03
-2.176945e+01	5.085535e-03
-2.166945e+01	5.123053e-03
-2.156945e+01	5.160996e-03
-2.146945e+01	5.199372e-03
-2.136945e+01	5.238187e-03
-2.126945e+01	5.277448e-03
-2.116945e+01	5.317162e-03
-2.106945e+01	5.357336e-03
-2.096945e+01	5.397978e-03
-2.086945e+01	5.439094e-03
-2.076945e+01	5.480692e-03
-2.066945e+01	5.522781e-03
-2.056945e+01	5.565368e-03
-2.046945e+01	5.608461e-03
-2.036945e+01	5.652068e-03
-2.026945e+01	5.696198e-03
-2.016945e+01	5.740859e-03
-2.006945e+01	5.786061e-03
-1.996945e+01	5.831811e-03
-1.986945e+01	5.878120e-03
-1.976945e+01	5.924997e-03
-1.966945e+01	5.972450e-03
-1.956945e+01	6.020490e-03
-1.946945e+01	6.069127e-03
-1.936945e+01	6.118371e-03
-1.926945e+01	6.168233e-03
-1.916945e+01	6.218722e-03
-1.906945e+01	6.269850e-03
-1.896945e+01	6.321628e-03
-1.886945e+01	6.374068e-03
-1.876945e+01	6.427180e-03
-1.866945e+01	6.480977e-03
-1.856945e+01	6.535471e-03
-1.846945e+01	6.590674e-03
-1.836945e+01	6.646599e-03
-1.826945e+01	6.703259e-03
-1.816945e+01	6.760667e-03
-1.806945e+01	6.818838e-03
-1.796945e+01	6.877783e-03
-1.786945e+01	6.937519e-03
-1.776945e+01	6.998060e-03
-1.766945e+01	7.059420e-03
-1.756945e+01	7.121615e-03
-1.746945e+01	7.184660e-03
-1.736945e+01	7.248572e-03
-1.726945e+01	7.313366e-03
-1.716945e+01	7.379061e-03
-1.706945e+01	7.445672e-03
-1.696945e+01	7.513218e-03
-1.686945e+01	7.581716e-03
-1.676945e+01	7.651186e-03
-1.666945e+01	7.721646e-03
-1.656945e+01	7.793115e-03
-1.646945e+01	7.865615e-03
-1.636945e+01	7.939165e-03
-1.626945e+01	8.013786e-03
-1.616945e+01	8.089499e-03
-1.606945e+01	8.166328e-03
-1.596945e+01	8.244295e-03
-1.586945e+01	8.323422e-03
-1.576945e+01	8.403735e-03
-1.566945e+01	8.485257e-03
-1.556945e+01	8.568014e-03
-1.546945e+01	8.652032e-03
-1.536945e+01	8.737336e-03
-1.526945e+01	8.823956e-03
-1.516945e+01	8.911918e-03
-1.506945e+01	9.001253e-03
-1.496945e+01	9.091988e-03
-1.486945e+01	9.184155e-03
-1.476945e+01	9.277786e-03
-1.466945e+01	9.372912e-03
-1.456945e+01	9.469567e-03
-1.446945e+01	9.567785e-03
-1.436945e+01	9.667601e-03
-1.426945e+01	9.769052e-03
-1.416945e+01	9.872174e-03
-1.406945e+01	9.977005e-03
-1.396945e+01	1.008359e-02
-1.386945e+01	1.019196e-02
-1.376945e+01	1.030216e-02
-1.366945e+01	1.041424e-02
-1.356945e+01	1.052824e-02
-1.346945e+01	1.064420e-02
-1.336945e+01	1.076218e-02
-1.326945e+01	1.088222e-02
-1.316945e+01	1.100437e-02
-1.306945e+01	1.112869e-02
-1.296945e+01	1.125522e-02
-1.286945e+01	1.138402e-02
-1.276945e+01	1.151516e-02
-1.266945e+01	1.164869e-02
-1.256945e+01	1.178467e-02
-1.246945e+01	1.192316e-02
-1.236945e+01	1.206423e-02
-1.226945e+01	1.220794e-02
-1.216945e+01	1.235437e-02
-1.206945e+01	1.250359e-02
-1.196945e+01	1.265568e-02
-1.186945e+01	1.281070e-02
-1.176945e+01	1.296874e-02
-1.166945e+01	1.312989e-02
-1.156945e+01	1.329422e-02
-1.146945e+01	1.346183e-02
-1.136945e+01	1.363282e-02
-1.126945e+01	1.380727e-02
-1.116945e+01	1.398528e-02
-1.106945e+01	1.416696e-02
-1.096945e+01	1.435241e-02
-1.086945e+01	1.454176e-02
-1.076945e+01	1.473510e-02
-1.066945e+01	1.493256e-02
-1.056945e+01	1.513427e-02
-1.046945e+01	1.534035e-02
-1.036945e+01	1.555095e-02
-1.026945e+01	1.576619e-02
-1.016945e+01	1.598623e-02
-1.006945e+01	1.621122e-02
-9.969451e+00	1.644131e-02
-9.869451e+00	1.667667e-02
-9.769451e+00	1.691748e-02
-9.669451e+00	1.716392e-02
-9.569451e+00	1.741616e-02
-9.469451e+00	1.767441e-02
-9.369451e+00	1.793887e-02
-9.269451e+00	1.820976e-02
-9.169451e+00	1.848730e-02
-9.069451e+00	1.877172e-02
-8.969451e+00	1.906327e-02
-8.869451e+00	1.936221e-02
-8.769451e+00	1.966881e-02
-8.669451e+00	1.998334e-02
-8.569451e+00	2.030610e-02
-8.469451e+00	2.063741e-02
-8.369451e+00	2.097760e-02
-8.269451e+00	2.132700e-02
-8.169451e+00	2.168598e-02
-8.069451e+00	2.205491e-02
-7.969451e+00	2.243421e-02
-7.869451e+00	2.282429e-02
-7.769451e+00	2.322560e-02
-7.669451e+00	2.363860e-02
-7.569451e+00	2.406381e-02
-7.469451e+00	2.450174e-02
-7.369451e+00	2.495295e-02
-7.269451e+00	2.541803e-02
-7.169451e+00	2.589761e-02
-7.069451e+00	2.639236e-02
-6.969451e+00	2.690297e-02
-6.869451e+00	2.743020e-02
-6.769451e+00	2.797485e-02
-6.669451e+00	2.853777e-02
-6.569451e+00	2.911988e-02
-6.469451e+00	2.972213e-02
-6.369451e+00	3.034557e-02
-6.269451e+00	3.099132e-02
-6.169451e+00	3.166057e-02
-6.069451e+00	3.235459e-02
-5.969451e+00	3.307477e-02
-5.869451e+00	3.382260e-02
-5.769451e+00	3.459967e-02
-5.669451e+00	3.540772e-02
-5.569451e+00	3.624862e-02
-5.469451e+00	3.712441e-02
-5.369451e+00	3.803731e-02
-5.269451e+00	3.898971e-02
-5.169451e+00	3.998425e-02
-5.069451e+00	4.102381e-02
-4.969451e+00	4.211154e-02
-4.869451e+00	4.325092e-02
-4.769451e+00	4.444578e-02
-4.669451e+00	4.570034e-02
-4.569451e+00	4.701931e-02
-4.469451e+00	4.840792e-02
-4.369451e+00	4.987202e-02
-4.269451e+00	5.141815e-02
-4.169451e+00	5.305371e-02
-4.069451e+00	5.478704e-02
-3.969451e+00	5.662763e-02
-3.869451e+00	5.858633e-02
-3.769451e+00	6.067557e-02
-3.669451e+00	6.290974e-02
-3.569451e+00	6.530556e-02
-3.469451e+00	6.788261e-02
-3.369451e+00	7.066398e-02
-3.269451e+00	7.367713e-02
-3.169451e+00	7.695501e-02
-3.069451e+00	8.053755e-02
-2.969451e+00	8.447361e-02
-2.869451e+00	8.882375e-02
-2.769451e+00	9.366394e-02
-2.669451e+00	9.909083e-02
-2.569451e+00	1.052293e-01
-2.469451e+00	1.122436e-01
-2.369451e+00	1.203536e-01
-2.269451e+00	1.298604e-01
-2.169451e+00	1.411854e-01
-2.069451e+00	1.549351e-01
-1.969451e+00	1.720070e-01
-1.869451e+00	1.937740e-01
-1.769451e+00	2.224115e-01
-1.669451e+00	2.614966e-01
-1.569451e+00	3.171222e-01
-1.469451e+00	3.998940e-01
-1.369451e+00	5.277629e-01
-1.269451e+00	7.250394e-01
-1.169451e+00	9.903621e-01
-1.069451e+00	1.191042e+00
-9.694509e-01	1.122809e+00
-8.694509e-01	8.896414e-01
-7.694509e-01	6.938344e-01
-6.694509e-01	5.799460e-01
-5.694509e-01	5.305372e-01
-4.694509e-01	5.298368e-01
-3.694509e-01	5.723239e-01
-2.694509e-01	6.567448e-01
-1.694509e-01	7.711791e-01
-6.945093e-02	8.665489e-01
3.054907e-02	9.149437e-01
1.305491e-01	9.900233e-01
2.305491e-01	1.137784e+00
3.305491e-01	1.313287e+00
4.305491e-01	1.481663e+00
5.305491e-01	1.610497e+00
6.305491e-01	1.585540e+00
7.305491e-01	1.499999e+00
8.305491e-01	1.535368e+00
9.305491e-01	1.756988e+00
1.030549e+00	2.124328e+00
1.130549e+00	2.394453e+00
1.230549e+00	2.355269e+00
1.330549e+00	2.264758e+00
1.430549e+00	2.406797e+00
1.530549e+00	2.879652e+00
1.630549e+00	3.634495e+00
1.730549e+00	4.210099e+00
1.830549e+00	4.014262e+00
1.930549e+00	3.437038e+00
2.030549e+00	3.083058e+00
2.130549e+00	3.100739e+00
2.230549e+00	3.505891e+00
2.330549e+00	4.381800e+00
2.430549e+00	5.938400e+00
2.530549e+00	8.489687e+00
2.630549e+00	1.200658e+01
2.730549e+00	1.464129e+01
2.830549e+00	1.351083e+01
2.930549e+00	1.000773e+01
3.030549e+00	6.899541e+00
3.130549e+00	4.780681e+00
3.230549e+00	3.419584e+00
3.330549e+00	2.543885e+00
3.430549e+00	1.964186e+00
3.530549e+00	1.566625e+00
3.630549e+00	1.284788e+00
3.730549e+00	1.079284e+00
3.830549e+00	9.260396e-01
3.930549e+00	8.098998e-01
4.030549e+00	7.211266e-01
4.130549e+00	6.534609e-01
4.230549e+00	6.030820e-01
4.330549e+00	5.681260e-01
4.430549e+00	5.484069e-01
4.530549e+00	5.440965e-01
4.630549e+00	5.518325e-01
4.730549e+00	5.684106e-01
4.830549e+00	6.039852e-01
4.930549e+00	6.572233e-01
5.030549e+00	6.752556e-01
5.130549e+00	6.185171e-01
5.230549e+00	5.403176e-01
5.330549e+00	4.820735e-01
5.430549e+00	4.458907e-01
5.530549e+00	4.261388e-01
5.630549e+00	4.180782e-01
5.730549e+00	4.186569e-01
5.830549e+00	4.262781e-01
5.930549e+00	4.403492e-01
6.030549e+00	4.609884e-01
6.130549e+00	4.889119e-01
6.230549e+00	5.254608e-01
6.330549e+00	5.727582e-01
6.430549e+00	6.340249e-01
6.530549e+00	7.141423e-01
6.630549e+00	8.206338e-01
6.730549e+00	9.654108e-01
6.830549e+00	1.167952e+00
6.930549e+00	1.461215e+00
7.030549e+00	1.902506e+00
7.130549e+00	2.591241e+00
7.230549e+00	3.681535e+00
7.330549e+00	5.288005e+00
7.430549e+00	6.954724e+00
7.530549e+00	7.202567e+00
7.630549e+00	5.759033e+00
7.730549e+00	4.122815e+00
7.830549e+00	2.986918e+00
7.930549e+00	2.294027e+00
8.030549e+00	1.884361e+00
8.130549e+00	1.649366e+00
8.230549e+00	1.527623e+00
8.330549e+00	1.486372e+00
8.430549e+00	1.509753e+00
8.530549e+00	1.592895e+00
8.630549e+00	1.739673e+00
8.730549e+00	1.963091e+00
8.830549e+00	2.288340e+00
8.930549e+00	2.759743e+00
9.030549e+00	3.454281e+00
9.130549e+00	4.505626e+00
9.230549e+00	6.134619e+00
9.330549e+00	8.612153e+00
9.430549e+00	1.179547e+01
9.530549e+00	1.406222e+01
9.630549e+00	1.398988e+01
9.730549e+00	1.357878e+01
9.830549e+00	1.491358e+01
9.930549e+00	1.808654e+01
1.003055e+01	2.066861e+01
1.013055e+01	1.989476e+01
1.023055e+01	1.779083e+01
1.033055e+01	1.600331e+01
1.043055e+01	1.315908e+01
1.053055e+01	9.651867e+00
1.063055e+01	6.885363e+00
1.073055e+01	5.068110e+00
1.083055e+01	3.928728e+00
1.093055e+01	3.220446e+00
1.103055e+01	2.735954e+00
1.113055e+01	2.299609e+00
1.123055e+01	1.901459e+00
1.133055e+01	1.597412e+00
1.143055e+01	1.390110e+00
1.153055e+01	1.258397e+00
1.163055e+01	1.162249e+00
1.173055e+01	1.047740e+00
1.183055e+01	9.184922e-01
1.193055e+01	8.089051e-01
1.203055e+01	7.160423e-01
1.213055e+01	6.300027e-01
1.223055e+01	5.568765e-01
1.233055e+01	4.990682e-01
1.243055e+01	4.535048e-01
1.253055e+01	4.161309e-01
1.263055e+01	3.834999e-01
1.273055e+01	3.544760e-01
1.283055e+01	3.290447e-01
1.293055e+01	3.073732e-01
1.303055e+01	2.894396e-01
1.313055e+01	2.750558e-01
1.323055e+01	2.639416e-01
1.333055e+01	2.557714e-01
1.343055e+01	2.510527e-01
1.353055e+01	2.508499e-01
1.363055e+01	2.531491e-01
1.373055e+01	2.527513e-01
1.383055e+01	2.476970e-01
1.393055e+01	2.333131e-01
1.403055e+01	2.110035e-01
1.413055e+01	1.905587e-01
1.423055e+01	1.761561e-01
1.433055e+01	1.675244e-01
1.443055e+01	1.633874e-01
1.453055e+01	1.601580e-01
1.463055e+01	1.519758e-01
1.473055e+01	1.398005e-01
1.483055e+01	1.286414e-01
1.493055e+01	1.198529e-01
1.503055e+01	1.129016e-01
1.513055e+01	1.071725e-01
1.523055e+01	1.022653e-01
1.533055e+01	9.794011e-02
1.543055e+01	9.405046e-02
1.553055e+01	9.050307e-02
1.563055e+01	8.723544e-02
1.573055e+01	8.420370e-02
1.583055e+01	8.137571e-02
1.593055e+01	7.872704e-02
1.603055e+01	7.623854e-02
1.613055e+01	7.389482e-02
1.623055e+01	7.168330e-02
1.633055e+01	6.959351e-02
1.643055e+01	6.761667e-02
1.653055e+01	6.574544e-02
1.663055e+01	6.397365e-02
1.673055e+01	6.229627e-02
1.683055e+01	6.070932e-02
1.693055e+01	5.920995e-02
1.703055e+01	5.779658e-02
1.713055e+01	5.646916e-02
1.723055e+01	5.522975e-02
1.733055e+01	5.408345e-02
1.743055e+01	5.304010e-02
1.753055e+01	5.211738e-02
1.763055e+01	5.134655e-02
1.773055e+01	5.078206e-02
1.783055e+01	5.051221e-02
1.793055e+01	5.063445e-02
1.803055e+01	5.105710e-02
1.813055e+01	5.122421e-02
1.823055e+01	5.080634e-02
1.833055e+01	4.998582e-02
1.843055e+01	4.891581e-02
1.853055e+01	4.811751e-02
1.863055e+01	4.783198e-02
1.873055e+01	4.796400e-02
1.883055e+01	4.862187e-02
1.893055e+01	5.010276e-02
1.903055e+01	5.275911e-02
1.913055e+01	5.714560e-02
1.923055e+01	6.419180e-02
1.933055e+01	7.534953e-02
1.943055e+01	9.284347e-02
1.953055e+01	1.191761e-01
1.963055e+01	1.503638e-01
1.973055e+01	1.644160e-01
1.983055e+01	1.473382e-01
1.993055e+01	1.184202e-01
2.003055e+01	9.307435e-02
2.013055e+01	7.447166e-02
2.023055e+01	6.122119e-02
2.033055e+01	5.202307e-02
2.043055e+01	4.571460e-02
2.053055e+01	4.129310e-02
2.063055e+01	3.809052e-02
2.073055e+01	3.568401e-02
2.083055e+01	3.383325e-02
2.093055e+01	3.240647e-02
2.103055e+01	3.132262e-02
2.113055e+01	3.054010e-02
2.123055e+01	3.005172e-02
2.133055e+01	2.989944e-02
2.143055e+01	3.021698e-02
2.153055e+01	3.122989e-02
2.163055e+01	3.313822e-02
2.173055e+01	3.562955e-02
2.183055e+01	3.737288e-02
2.193055e+01	3.677622e-02
2.203055e+01	3.396111e-02
2.213055e+01	3.093666e-02
2.223055e+01	2.863389e-02
2.233055e+01	2.679840e-02
2.243055e+01	2.521791e-02
2.253055e+01	2.396674e-02
2.263055e+01	2.302772e-02
2.273055e+01	2.224691e-02
2.283055e+01	2.153433e-02
2.293055e+01	2.089628e-02
2.303055e+01	2.033496e-02
2.313055e+01	1.985040e-02
2.323055e+01	1.943534e-02
2.333055e+01	1.907637e-02
2.343055e+01	1.876298e-02
2.353055e+01	1.849041e-02
2.363055e+01	1.825989e-02
2.373055e+01	1.807958e-02
2.383055e+01	1.796669e-02
2.393055e+01	1.794417e-02
2.403055e+01	1.800417e-02
2.413055e+01	1.803342e-02
2.423055e+01	1.790104e-02
2.433055e+01	1.762104e-02
2.443055e+01	1.735513e-02
2.453055e+01	1.725186e-02
2.463055e+01	1.728340e-02
2.473055e+01	1.720853e-02
2.483055e+01	1.689204e-02
2.493055e+01	1.654455e-02
2.503055e+01	1.627569e-02
2.513055e+01	1.607870e-02
2.523055e+01	1.594236e-02
2.533055e+01	1.588134e-02
2.543055e+01	1.592648e-02
2.553055e+01	1.596614e-02
2.563055e+01	1.588518e-02
2.573055e+01	1.581113e-02
2.583055e+01	1.581420e-02
2.593055e+01	1.586687e-02
2.603055e+01	1.590638e-02
2.613055e+01	1.586380e-02
2.623055e+01	1.589095e-02
2.633055e+01	1.611388e-02
2.643055e+01	1.651787e-02
2.653055e+01	1.703250e-02
2.663055e+01	1.760204e-02
2.673055e+01	1.845916e-02
2.683055e+01	1.967780e-02
2.693055e+01	2.074488e-02
2.703055e+01	2.108691e-02
2.713055e+01	2.107535e-02
2.723055e+01	2.100564e-02
2.733055e+01	2.104398e-02
2.743055e+01	2.169016e-02
2.753055e+01	2.298861e-02
2.763055e+01	2.377145e-02
2.773055e+01	2.319744e-02
2.783055e+01	2.230958e-02
2.793055e+01	2.192057e-02
2.803055e+01	2.188415e-02
2.813055e+01	2.230465e-02
2.823055e+01	2.371953e-02
2.833055e+01	2.636425e-02
2.843055e+01	3.011209e-02
2.853055e+01	3.500910e-02
2.863055e+01	4.105238e-02
2.873055e+01	4.745130e-02
2.883055e+01	5.371006e-02
2.893055e+01	5.762492e-02
2.903055e+01	5.506654e-02
2.913055e+01	4.789806e-02
2.923055e+01	4.170508e-02
2.933055e+01	3.797848e-02
2.943055e+01	3.485401e-02
2.953055e+01	3.203451e-02
2.963055e+01	3.076282e-02
2.973055e+01	3.167770e-02
2.983055e+01	3.518070e-02
2.993055e+01	4.195263e-02
3.003055e+01	5.264187e-02
3.013055e+01	6.721286e-02
3.023055e+01	8.560961e-02
3.033055e+01	1.015109e-01
3.043055e+01	9.931466e-02
3.053055e+01	8.251128e-02
3.063055e+01	6.594857e-02
3.073055e+01	5.310708e-02
3.083055e+01	4.450548e-02
3.093055e+01	3.931935e-02
3.103055e+01	3.459069e-02
3.113055e+01	2.935374e-02
3.123055e+01	2.497680e-02
3.133055e+01	2.203019e-02
3.143055e+01	2.025167e-02
3.153055e+01	1.934965e-02
3.163055e+01	1.916375e-02
3.173055e+01	1.961915e-02
3.183055e+01	2.089173e-02
3.193055e+01	2.332665e-02
3.203055e+01	2.730906e-02
3.213055e+01	3.335324e-02
3.223055e+01	4.163914e-02
3.233055e+01	4.929779e-02
3.243055e+01	5.112177e-02
3.253055e+01	4.882918e-02
3.263055e+01	4.528723e-02
3.273055e+01	3.936344e-02
3.283055e+01	3.278437e-02
3.293055e+01	2.813457e-02
3.303055e+01	2.524871e-02
3.313055e+01	2.258762e-02
3.323055e+01	1.971493e-02
3.333055e+01	1.755086e-02
3.343055e+01	1.651801e-02
3.353055e+01	1.663231e-02
3.363055e+01	1.785010e-02
3.373055e+01	1.945530e-02
3.383055e+01	1.940891e-02
3.393055e+01	1.724689e-02
3.403055e+01	1.495043e-02
3.413055e+01	1.347532e-02
3.423055e+01	1.273418e-02
3.433055e+01	1.244940e-02
3.443055e+01	1.251876e-02
3.453055e+01	1.289580e-02
3.463055e+01	1.333554e-02
3.473055e+01	1.378492e-02
3.483055e+01	1.414533e-02
3.493055e+01	1.438637e-02
3.503055e+01	1.496189e-02
3.513055e+01	1.616967e-02
3.523055e+01	1.753919e-02
3.533055e+01	1.837280e-02
3.543055e+01	1.825326e-02
3.553055e+01	1.750186e-02
3.563055e+01	1.612962e-02
3.573055e+01	1.390861e-02
3.583055e+01	1.178847e-02
3.593055e+01	1.031356e-02
3.603055e+01	9.393571e-03
3.613055e+01	8.846710e-03
3.623055e+01	8.548863e-03
3.633055e+01	8.431649e-03
3.643055e+01	8.468420e-03
3.653055e+01	8.671933e-03
3.663055e+01	9.084313e-03
3.673055e+01	9.773101e-03
3.683055e+01	1.088941e-02
3.693055e+01	1.274277e-02
3.703055e+01	1.573901e-02
3.713055e+01	1.982616e-02
3.723055e+01	2.287854e-02
3.733055e+01	2.184831e-02
3.743055e+01	1.839480e-02
3.753055e+01	1.543654e-02
3.763055e+01	1.381548e-02
3.773055e+01	1.358983e-02
3.783055e+01	1.458042e-02
3.793055e+01	1.586208e-02
3.803055e+01	1.548211e-02
3.813055e+01	1.336297e-02
3.823055e+01	1.118261e-02
3.833055e+01	9.593212e-03
3.843055e+01	8.569160e-03
3.853055e+01	7.888572e-03
3.863055e+01	7.366369e-03
3.873055e+01	6.983491e-03
3.883055e+01	6.762487e-03
3.893055e+01	6.686185e-03
3.903055e+01	6.670865e-03
3.913055e+01	6.616566e-03
3.923055e+01	6.500614e-03
3.933055e+01	6.354005e-03
3.943055e+01	6.230699e-03
3.953055e+01	6.130577e-03
3.963055e+01	6.053435e-03
3.973055e+01	6.021529e-03
3.983055e+01	6.039265e-03
3.993055e+01	6.089892e-03
4.003055e+01	6.179187e-03
4.013055e+01	6.344546e-03
4.023055e+01	6.627556e-03
4.033055e+01	7.085886e-03
4.043055e+01	7.804549e-03
4.053055e+01	8.842990e-03
4.063055e+01	9.956756e-03
4.073055e+01	1.043836e-02
4.083055e+01	1.030081e-02
4.093055e+01	1.036585e-02
4.103055e+01	1.102902e-02
4.113055e+01	1.231240e-02
4.123055e+01	1.419874e-02
4.133055e+01	1.711357e-02
4.143055e+01	2.198606e-02
4.153055e+01	2.978839e-02
4.163055e+01	3.983736e-02
4.173055e+01	4.596110e-02
4.183055e+01	4.250267e-02
4.193055e+01	3.466760e-02
4.203055e+01	2.707557e-02
4.213055e+01	2.123107e-02
4.223055e+01	1.770439e-02
4.233055e+01	1.592488e-02
4.243055e+01	1.487637e-02
4.253055e+01	1.406159e-02
4.263055e+01	1.347955e-02
4.273055e+01	1.250843e-02
4.283055e+01	1.107461e-02
4.293055e+01	9.981553e-03
4.303055e+01	9.561692e-03
4.313055e+01	9.601322e-03
4.323055e+01	9.377827e-03
4.333055e+01	8.498200e-03
4.343055e+01	7.524463e-03
4.353055e+01	6.834691e-03
4.363055e+01	6.437833e-03
4.373055e+01	6.270878e-03
4.383055e+01	6.298558e-03
4.393055e+01	6.521721e-03
4.403055e+01	6.957358e-03
4.413055e+01	7.623376e-03
4.423055e+01	8.643757e-03
4.433055e+01	1.031450e-02
4.443055e+01	1.298066e-02
4.453055e+01	1.649721e-02
4.463055e+01	1.883697e-02
4.473055e+01	1.787858e-02
4.483055e+01	1.538767e-02
4.493055e+01	1.336728e-02
4.503055e+01	1.207616e-02
4.513055e+01	1.074917e-02
4.523055e+01	9.167591e-03
4.533055e+01	7.881155e-03
4.543055e+01	7.000728e-03
4.553055e+01	6.309522e-03
4.563055e+01	5.762076e-03
4.573055e+01	5.409742e-03
4.583055e+01	5.229006e-03
4.593055e+01	5.148645e-03
4.603055e+01	5.123020e-03
4.613055e+01	5.124364e-03
4.623055e+01	5.188098e-03
4.633055e+01	5.422697e-03
4.643055e+01	5.914915e-03
4.653055e+01	6.582140e-03
4.663055e+01	6.923742e-03
4.673055e+01	6.540034e-03
4.683055e+01	5.838389e-03
4.693055e+01	5.213209e-03
4.703055e+01	4.751918e-03
4.713055e+01	4.443264e-03
4.723055e+01	4.258513e-03
4.733055e+01	4.170701e-03
4.743055e+01	4.161327e-03
4.753055e+01	4.222892e-03
4.763055e+01	4.358440e-03
4.773055e+01	4.587215e-03
4.783055e+01	4.951769e-03
4.793055e+01	5.512376e-03
4.803055e+01	6.282758e-03
4.813055e+01	7.020369e-03
4.823055e+01	7.353241e-03
4.833055e+01	7.552362e-03
4.843055e+01	8.174583e-03
4.853055e+01	9.554058e-03
4.863055e+01	1.204647e-02
4.873055e+01	1.607179e-02
4.883055e+01	2.107479e-02
4.893055e+01	2.344672e-02
4.903055e+01	2.038430e-02
4.913055e+01	1.544550e-02
4.923055e+01	1.168684e-02
4.933055e+01	9.287987e-03
4.943055e+01	7.744468e-03
4.953055e+01	6.774941e-03
4.963055e+01	6.244821e-03
4.973055e+01	6.003221e-03
4.983055e+01	5.806556e-03
4.993055e+01	5.521393e-03
5.003055e+01	5.213799e-03
5.013055e+01	4.929264e-03
5.023055e+01	4.721928e-03
5.033055e+01	4.514512e-03
5.043055e+01	4.228081e-03
5.053055e+01	3.962883e-03
5.063055e+01	3.805222e-03
5.073055e+01	3.766968e-03
5.083055e+01	3.843416e-03
5.093055e+01	4.049091e-03
5.103055e+01	4.443134e-03
5.113055e+01	5.078091e-03
5.123055e+01	5.766916e-03
5.133055e+01	5.972869e-03
5.143055e+01	5.714432e-03
5.153055e+01	5.540447e-03
5.163055e+01	5.402845e-03
5.173055e+01	4.949501e-03
5.183055e+01	4.350020e-03
5.193055e+01	3.871861e-03
5.203055e+01	3.554634e-03
5.213055e+01	3.339955e-03
5.223055e+01	3.198785e-03
5.233055e+01	3.121636e-03
5.243055e+01	3.072621e-03
5.253055e+01	3.045550e-03
5.263055e+01	3.078475e-03
5.273055e+01	3.206264e-03
5.283055e+01	3.461392e-03
5.293055e+01	3.839608e-03
5.303055e+01	4.166910e-03
5.313055e+01	4.209214e-03
5.323055e+01	4.070087e-03
5.333055e+01	3.861560e-03
5.343055e+01	3.672567e-03
5.353055e+01	3.645374e-03
5.363055e+01	3.843508e-03
5.373055e+01	4.223182e-03
5.383055e+01	4.474513e-03
5.393055e+01	4.210440e-03
5.403055e+01	3.665390e-03
5.413055e+01	3.217163e-03
5.423055e+01	2.932875e-03
5.433055e+01	2.760088e-03
5.443055e+01	2.639031e-03
5.453055e+01	2.542784e-03
5.463055e+01	2.472356e-03
5.473055e+01	2.425386e-03
5.483055e+01	2.405309e-03
5.493055e+01	2.418256e-03
5.503055e+01	2.451516e-03
5.513055e+01	2.464187e-03
5.523055e+01	2.445988e-03
5.533055e+01	2.435814e-03
5.543055e+01	2.443296e-03
5.553055e+01	2.475251e-03
5.563055e+01	2.554984e-03
5.573055e+01	2.667877e-03
5.583055e+01	2.725497e-03
5.593055e+01	2.676190e-03
5.603055e+01	2.591610e-03
5.613055e+01	2.477576e-03
5.623055e+01	2.340227e-03
5.633055e+01	2.226319e-03
5.643055e+01	2.144773e-03
5.653055e+01	2.087279e-03
5.663055e+01	2.047772e-03
5.673055e+01	2.021003e-03
5.683055e+01	2.002319e-03
5.693055e+01	1.988601e-03
5.703055e+01	1.979507e-03
5.713055e+01	1.975566e-03
5.723055e+01	1.975522e-03
5.733055e+01	1.974772e-03
5.743055e+01	1.973293e-03
5.753055e+01	1.976553e-03
5.763055e+01	1.984220e-03
5.773055e+01	1.990550e-03
5.783055e+01	1.993269e-03
5.793055e+01	1.989346e-03
5.803055e+01	1.981841e-03
5.813055e+01	1.978721e-03
5.823055e+01	1.982290e-03
5.833055e+01	1.992179e-03
5.843055e+01	2.008353e-03
5.853055e+01	2.031466e-03
5.863055e+01	2.061534e-03
5.873055e+01	2.095096e-03
5.883055e+01	2.124905e-03
5.893055e+01	2.150432e-03
5.903055e+01	2.182362e-03
5.913055e+01	2.227832e-03
5.923055e+01	2.290012e-03
5.933055e+01	2.373422e-03
5.943055e+01	2.486365e-03
5.953055e+01	2.642551e-03
5.963055e+01	2.860837e-03
5.973055e+01	3.152595e-03
5.983055e+01	3.466842e-03
5.993055e+01	3.652024e-03
6.003055e+01	3.708411e-03
6.013055e+01	3.823782e-03
6.023055e+01	4.095084e-03
6.033055e+01	4.549233e-03
6.043055e+01	5.224583e-03
6.053055e+01	6.160265e-03
6.063055e+01	7.411534e-03
6.073055e+01	9.185156e-03
6.083055e+01	1.182064e-02
6.093055e+01	1.525124e-02
6.103055e+01	1.891767e-02
6.113055e+01	2.344705e-02
6.123055e+01	2.871666e-02
6.133055e+01	3.010542e-02
6.143055e+01	2.504810e-02
6.153055e+01	1.836901e-02
6.163055e+01	1.342874e-02
6.173055e+01	1.031346e-02
6.183055e+01	8.504307e-03
6.193055e+01	7.636077e-03
6.203055e+01	7.521898e-03
6.213055e+01	8.020409e-03
6.223055e+01	8.697249e-03
6.233055e+01	8.616661e-03
6.243055e+01	7.646439e-03
6.253055e+01	6.695592e-03
6.263055e+01	5.982686e-03
6.273055e+01	5.317626e-03
6.283055e+01	4.707499e-03
6.293055e+01	4.206228e-03
6.303055e+01	3.872463e-03
6.313055e+01	3.728017e-03
6.323055e+01	3.772735e-03
6.333055e+01	3.900743e-03
6.343055e+01	3.872843e-03
6.353055e+01	3.663277e-03
6.363055e+01	3.435034e-03
6.373055e+01	3.277970e-03
6.383055e+01	3.236492e-03
6.393055e+01	3.325656e-03
6.403055e+01	3.539790e-03
6.413055e+01	3.876101e-03
6.423055e+01	4.407739e-03
6.433055e+01	5.304572e-03
6.443055e+01	6.649336e-03
6.453055e+01	7.978106e-03
6.463055e+01	8.272883e-03
6.473055e+01	7.545205e-03
6.483055e+01	6.724742e-03
6.493055e+01	6.354285e-03
6.503055e+01	6.511183e-03
6.513055e+01	7.128325e-03
6.523055e+01	8.011076e-03
6.533055e+01	8.560294e-03
6.543055e+01	8.058581e-03
6.553055e+01	7.063918e-03
6.563055e+01	6.492292e-03
6.573055e+01	6.482476e-03
6.583055e+01	6.570295e-03
6.593055e+01	6.027525e-03
6.603055e+01	5.047793e-03
6.613055e+01	4.164595e-03
6.623055e+01	3.485460e-03
6.633055e+01	3.009299e-03
6.643055e+01	2.698748e-03
6.653055e+01	2.501157e-03
6.663055e+01	2.373588e-03
6.673055e+01	2.286214e-03
6.683055e+01	2.239867e-03
6.693055e+01	2.247898e-03
6.703055e+01	2.322573e-03
6.713055e+01	2.479119e-03
6.723055e+01	2.734899e-03
6.733055e+01	3.109078e-03
6.743055e+01	3.663647e-03
6.753055e+01	4.419206e-03
6.763055e+01	4.948991e-03
6.773055e+01	4.634287e-03
6.783055e+01	3.845431e-03
6.793055e+01	3.187957e-03
6.803055e+01	2.790007e-03
6.813055e+01	2.600818e-03
6.823055e+01	2.575561e-03
6.833055e+01	2.710126e-03
6.843055e+01	3.039625e-03
6.853055e+01	3.616795e-03
6.863055e+01	4.399606e-03
6.873055e+01	4.992846e-03
6.883055e+01	4.783583e-03
6.893055e+01	3.987040e-03
6.903055e+01	3.263194e-03
6.913055e+01	2.775511e-03
6.923055e+01	2.450630e-03
6.933055e+01	2.237462e-03
6.943055e+01	2.109200e-03
6.953055e+01	2.048362e-03
6.963055e+01	2.056048e-03
6.973055e+01	2.151524e-03
6.983055e+01	2.367359e-03
6.993055e+01	2.741918e-03
