#RPA-results:
#Nucleus: Ni 74
#Fermi level: -4.992964e+00	-1.506242e+01
#Excitation: 1 +
#Total number of pairs: 1032
#Number of ph-/ah-pairs: 1032/0
#Maximal excitation-energy for particle-hole-pairs: 100
#Maximal excitation-energy for antiparticle-hole-pairs: 1000
#No imaginary eigenvalues

#Parameterset: DD-PC1
#natural parity: no
#Isoscalar result:

#width: 5.000000e-01
#maximum value: 1.821352e-03
#at energy: 6.993055e+01
-9.006945e+01	4.066303e-04
-8.996945e+01	4.074503e-04
-8.986945e+01	4.082728e-04
-8.976945e+01	4.090977e-04
-8.966945e+01	4.099252e-04
-8.956945e+01	4.107552e-04
-8.946945e+01	4.115877e-04
-8.936945e+01	4.124228e-04
-8.926945e+01	4.132604e-04
-8.916945e+01	4.141005e-04
-8.906945e+01	4.149433e-04
-8.896945e+01	4.157886e-04
-8.886945e+01	4.166365e-04
-8.876945e+01	4.174870e-04
-8.866945e+01	4.183401e-04
-8.856945e+01	4.191958e-04
-8.846945e+01	4.200542e-04
-8.836945e+01	4.209152e-04
-8.826945e+01	4.217789e-04
-8.816945e+01	4.226452e-04
-8.806945e+01	4.235143e-04
-8.796945e+01	4.243860e-04
-8.786945e+01	4.252604e-04
-8.776945e+01	4.261375e-04
-8.766945e+01	4.270173e-04
-8.756945e+01	4.278999e-04
-8.746945e+01	4.287852e-04
-8.736945e+01	4.296733e-04
-8.726945e+01	4.305641e-04
-8.716945e+01	4.314578e-04
-8.706945e+01	4.323542e-04
-8.696945e+01	4.332534e-04
-8.686945e+01	4.341554e-04
-8.676945e+01	4.350603e-04
-8.666945e+01	4.359680e-04
-8.656945e+01	4.368785e-04
-8.646945e+01	4.377919e-04
-8.636945e+01	4.387082e-04
-8.626945e+01	4.396273e-04
-8.616945e+01	4.405494e-04
-8.606945e+01	4.414744e-04
-8.596945e+01	4.424023e-04
-8.586945e+01	4.433331e-04
-8.576945e+01	4.442669e-04
-8.566945e+01	4.452036e-04
-8.556945e+01	4.461433e-04
-8.546945e+01	4.470860e-04
-8.536945e+01	4.480317e-04
-8.526945e+01	4.489804e-04
-8.516945e+01	4.499321e-04
-8.506945e+01	4.508869e-04
-8.496945e+01	4.518447e-04
-8.486945e+01	4.528056e-04
-8.476945e+01	4.537695e-04
-8.466945e+01	4.547366e-04
-8.456945e+01	4.557067e-04
-8.446945e+01	4.566799e-04
-8.436945e+01	4.576563e-04
-8.426945e+01	4.586358e-04
-8.416945e+01	4.596185e-04
-8.406945e+01	4.606044e-04
-8.396945e+01	4.615934e-04
-8.386945e+01	4.625856e-04
-8.376945e+01	4.635811e-04
-8.366945e+01	4.645797e-04
-8.356945e+01	4.655816e-04
-8.346945e+01	4.665868e-04
-8.336945e+01	4.675952e-04
-8.326945e+01	4.686069e-04
-8.316945e+01	4.696219e-04
-8.306945e+01	4.706401e-04
-8.296945e+01	4.716618e-04
-8.286945e+01	4.726867e-04
-8.276945e+01	4.737150e-04
-8.266945e+01	4.747467e-04
-8.256945e+01	4.757818e-04
-8.246945e+01	4.768202e-04
-8.236945e+01	4.778621e-04
-8.226945e+01	4.789074e-04
-8.216945e+01	4.799561e-04
-8.206945e+01	4.810083e-04
-8.196945e+01	4.820640e-04
-8.186945e+01	4.831231e-04
-8.176945e+01	4.841858e-04
-8.166945e+01	4.852520e-04
-8.156945e+01	4.863217e-04
-8.146945e+01	4.873949e-04
-8.136945e+01	4.884718e-04
-8.126945e+01	4.895522e-04
-8.116945e+01	4.906362e-04
-8.106945e+01	4.917238e-04
-8.096945e+01	4.928150e-04
-8.086945e+01	4.939099e-04
-8.076945e+01	4.950084e-04
-8.066945e+01	4.961107e-04
-8.056945e+01	4.972166e-04
-8.046945e+01	4.983262e-04
-8.036945e+01	4.994396e-04
-8.026945e+01	5.005567e-04
-8.016945e+01	5.016776e-04
-8.006945e+01	5.028022e-04
-7.996945e+01	5.039307e-04
-7.986945e+01	5.050629e-04
-7.976945e+01	5.061990e-04
-7.966945e+01	5.073389e-04
-7.956945e+01	5.084827e-04
-7.946945e+01	5.096304e-04
-7.936945e+01	5.107820e-04
-7.926945e+01	5.119375e-04
-7.916945e+01	5.130969e-04
-7.906945e+01	5.142603e-04
-7.896945e+01	5.154276e-04
-7.886945e+01	5.165990e-04
-7.876945e+01	5.177743e-04
-7.866945e+01	5.189537e-04
-7.856945e+01	5.201371e-04
-7.846945e+01	5.213246e-04
-7.836945e+01	5.225162e-04
-7.826945e+01	5.237118e-04
-7.816945e+01	5.249116e-04
-7.806945e+01	5.261155e-04
-7.796945e+01	5.273236e-04
-7.786945e+01	5.285359e-04
-7.776945e+01	5.297523e-04
-7.766945e+01	5.309730e-04
-7.756945e+01	5.321979e-04
-7.746945e+01	5.334271e-04
-7.736945e+01	5.346605e-04
-7.726945e+01	5.358982e-04
-7.716945e+01	5.371403e-04
-7.706945e+01	5.383867e-04
-7.696945e+01	5.396374e-04
-7.686945e+01	5.408925e-04
-7.676945e+01	5.421520e-04
-7.666945e+01	5.434159e-04
-7.656945e+01	5.446843e-04
-7.646945e+01	5.459571e-04
-7.636945e+01	5.472344e-04
-7.626945e+01	5.485162e-04
-7.616945e+01	5.498025e-04
-7.606945e+01	5.510933e-04
-7.596945e+01	5.523887e-04
-7.586945e+01	5.536887e-04
-7.576945e+01	5.549934e-04
-7.566945e+01	5.563026e-04
-7.556945e+01	5.576165e-04
-7.546945e+01	5.589350e-04
-7.536945e+01	5.602583e-04
-7.526945e+01	5.615863e-04
-7.516945e+01	5.629190e-04
-7.506945e+01	5.642565e-04
-7.496945e+01	5.655987e-04
-7.486945e+01	5.669458e-04
-7.476945e+01	5.682977e-04
-7.466945e+01	5.696545e-04
-7.456945e+01	5.710161e-04
-7.446945e+01	5.723826e-04
-7.436945e+01	5.737541e-04
-7.426945e+01	5.751305e-04
-7.416945e+01	5.765119e-04
-7.406945e+01	5.778983e-04
-7.396945e+01	5.792897e-04
-7.386945e+01	5.806861e-04
-7.376945e+01	5.820877e-04
-7.366945e+01	5.834943e-04
-7.356945e+01	5.849060e-04
-7.346945e+01	5.863229e-04
-7.336945e+01	5.877449e-04
-7.326945e+01	5.891722e-04
-7.316945e+01	5.906046e-04
-7.306945e+01	5.920424e-04
-7.296945e+01	5.934853e-04
-7.286945e+01	5.949336e-04
-7.276945e+01	5.963872e-04
-7.266945e+01	5.978462e-04
-7.256945e+01	5.993105e-04
-7.246945e+01	6.007802e-04
-7.236945e+01	6.022554e-04
-7.226945e+01	6.037360e-04
-7.216945e+01	6.052221e-04
-7.206945e+01	6.067137e-04
-7.196945e+01	6.082108e-04
-7.186945e+01	6.097135e-04
-7.176945e+01	6.112218e-04
-7.166945e+01	6.127358e-04
-7.156945e+01	6.142553e-04
-7.146945e+01	6.157806e-04
-7.136945e+01	6.173115e-04
-7.126945e+01	6.188482e-04
-7.116945e+01	6.203907e-04
-7.106945e+01	6.219389e-04
-7.096945e+01	6.234930e-04
-7.086945e+01	6.250529e-04
-7.076945e+01	6.266187e-04
-7.066945e+01	6.281904e-04
-7.056945e+01	6.297680e-04
-7.046945e+01	6.313516e-04
-7.036945e+01	6.329412e-04
-7.026945e+01	6.345368e-04
-7.016945e+01	6.361385e-04
-7.006945e+01	6.377463e-04
-6.996945e+01	6.393602e-04
-6.986945e+01	6.409803e-04
-6.976945e+01	6.426066e-04
-6.966945e+01	6.442390e-04
-6.956945e+01	6.458777e-04
-6.946945e+01	6.475227e-04
-6.936945e+01	6.491740e-04
-6.926945e+01	6.508317e-04
-6.916945e+01	6.524957e-04
-6.906945e+01	6.541661e-04
-6.896945e+01	6.558430e-04
-6.886945e+01	6.575264e-04
-6.876945e+01	6.592162e-04
-6.866945e+01	6.609127e-04
-6.856945e+01	6.626157e-04
-6.846945e+01	6.643253e-04
-6.836945e+01	6.660415e-04
-6.826945e+01	6.677644e-04
-6.816945e+01	6.694941e-04
-6.806945e+01	6.712305e-04
-6.796945e+01	6.729737e-04
-6.786945e+01	6.747237e-04
-6.776945e+01	6.764805e-04
-6.766945e+01	6.782443e-04
-6.756945e+01	6.800150e-04
-6.746945e+01	6.817926e-04
-6.736945e+01	6.835773e-04
-6.726945e+01	6.853690e-04
-6.716945e+01	6.871677e-04
-6.706945e+01	6.889736e-04
-6.696945e+01	6.907867e-04
-6.686945e+01	6.926069e-04
-6.676945e+01	6.944344e-04
-6.666945e+01	6.962691e-04
-6.656945e+01	6.981111e-04
-6.646945e+01	6.999605e-04
-6.636945e+01	7.018173e-04
-6.626945e+01	7.036814e-04
-6.616945e+01	7.055531e-04
-6.606945e+01	7.074322e-04
-6.596945e+01	7.093189e-04
-6.586945e+01	7.112132e-04
-6.576945e+01	7.131151e-04
-6.566945e+01	7.150247e-04
-6.556945e+01	7.169419e-04
-6.546945e+01	7.188670e-04
-6.536945e+01	7.207998e-04
-6.526945e+01	7.227404e-04
-6.516945e+01	7.246890e-04
-6.506945e+01	7.266454e-04
-6.496945e+01	7.286098e-04
-6.486945e+01	7.305822e-04
-6.476945e+01	7.325627e-04
-6.466945e+01	7.345512e-04
-6.456945e+01	7.365479e-04
-6.446945e+01	7.385528e-04
-6.436945e+01	7.405659e-04
-6.426945e+01	7.425872e-04
-6.416945e+01	7.446169e-04
-6.406945e+01	7.466550e-04
-6.396945e+01	7.487014e-04
-6.386945e+01	7.507563e-04
-6.376945e+01	7.528198e-04
-6.366945e+01	7.548917e-04
-6.356945e+01	7.569723e-04
-6.346945e+01	7.590615e-04
-6.336945e+01	7.611594e-04
-6.326945e+01	7.632661e-04
-6.316945e+01	7.653815e-04
-6.306945e+01	7.675058e-04
-6.296945e+01	7.696389e-04
-6.286945e+01	7.717810e-04
-6.276945e+01	7.739321e-04
-6.266945e+01	7.760923e-04
-6.256945e+01	7.782615e-04
-6.246945e+01	7.804399e-04
-6.236945e+01	7.826274e-04
-6.226945e+01	7.848242e-04
-6.216945e+01	7.870303e-04
-6.206945e+01	7.892458e-04
-6.196945e+01	7.914707e-04
-6.186945e+01	7.937050e-04
-6.176945e+01	7.959488e-04
-6.166945e+01	7.982022e-04
-6.156945e+01	8.004652e-04
-6.146945e+01	8.027379e-04
-6.136945e+01	8.050203e-04
-6.126945e+01	8.073125e-04
-6.116945e+01	8.096146e-04
-6.106945e+01	8.119265e-04
-6.096945e+01	8.142485e-04
-6.086945e+01	8.165804e-04
-6.076945e+01	8.189224e-04
-6.066945e+01	8.212745e-04
-6.056945e+01	8.236368e-04
-6.046945e+01	8.260094e-04
-6.036945e+01	8.283922e-04
-6.026945e+01	8.307855e-04
-6.016945e+01	8.331892e-04
-6.006945e+01	8.356033e-04
-5.996945e+01	8.380280e-04
-5.986945e+01	8.404633e-04
-5.976945e+01	8.429093e-04
-5.966945e+01	8.453661e-04
-5.956945e+01	8.478336e-04
-5.946945e+01	8.503120e-04
-5.936945e+01	8.528013e-04
-5.926945e+01	8.553017e-04
-5.916945e+01	8.578130e-04
-5.906945e+01	8.603355e-04
-5.896945e+01	8.628692e-04
-5.886945e+01	8.654142e-04
-5.876945e+01	8.679705e-04
-5.866945e+01	8.705381e-04
-5.856945e+01	8.731173e-04
-5.846945e+01	8.757079e-04
-5.836945e+01	8.783102e-04
-5.826945e+01	8.809241e-04
-5.816945e+01	8.835497e-04
-5.806945e+01	8.861872e-04
-5.796945e+01	8.888365e-04
-5.786945e+01	8.914978e-04
-5.776945e+01	8.941711e-04
-5.766945e+01	8.968566e-04
-5.756945e+01	8.995541e-04
-5.746945e+01	9.022640e-04
-5.736945e+01	9.049861e-04
-5.726945e+01	9.077206e-04
-5.716945e+01	9.104676e-04
-5.706945e+01	9.132272e-04
-5.696945e+01	9.159993e-04
-5.686945e+01	9.187842e-04
-5.676945e+01	9.215818e-04
-5.666945e+01	9.243923e-04
-5.656945e+01	9.272158e-04
-5.646945e+01	9.300522e-04
-5.636945e+01	9.329018e-04
-5.626945e+01	9.357645e-04
-5.616945e+01	9.386405e-04
-5.606945e+01	9.415298e-04
-5.596945e+01	9.444325e-04
-5.586945e+01	9.473488e-04
-5.576945e+01	9.502786e-04
-5.566945e+01	9.532221e-04
-5.556945e+01	9.561794e-04
-5.546945e+01	9.591505e-04
-5.536945e+01	9.621356e-04
-5.526945e+01	9.651347e-04
-5.516945e+01	9.681479e-04
-5.506945e+01	9.711753e-04
-5.496945e+01	9.742170e-04
-5.486945e+01	9.772730e-04
-5.476945e+01	9.803436e-04
-5.466945e+01	9.834287e-04
-5.456945e+01	9.865284e-04
-5.446945e+01	9.896429e-04
-5.436945e+01	9.927723e-04
-5.426945e+01	9.959166e-04
-5.416945e+01	9.990759e-04
-5.406945e+01	1.002250e-03
-5.396945e+01	1.005440e-03
-5.386945e+01	1.008645e-03
-5.376945e+01	1.011866e-03
-5.366945e+01	1.015101e-03
-5.356945e+01	1.018353e-03
-5.346945e+01	1.021620e-03
-5.336945e+01	1.024904e-03
-5.326945e+01	1.028203e-03
-5.316945e+01	1.031518e-03
-5.306945e+01	1.034849e-03
-5.296945e+01	1.038197e-03
-5.286945e+01	1.041560e-03
-5.276945e+01	1.044941e-03
-5.266945e+01	1.048338e-03
-5.256945e+01	1.051751e-03
-5.246945e+01	1.055181e-03
-5.236945e+01	1.058629e-03
-5.226945e+01	1.062093e-03
-5.216945e+01	1.065574e-03
-5.206945e+01	1.069073e-03
-5.196945e+01	1.072589e-03
-5.186945e+01	1.076122e-03
-5.176945e+01	1.079673e-03
-5.166945e+01	1.083242e-03
-5.156945e+01	1.086829e-03
-5.146945e+01	1.090433e-03
-5.136945e+01	1.094056e-03
-5.126945e+01	1.097696e-03
-5.116945e+01	1.101355e-03
-5.106945e+01	1.105033e-03
-5.096945e+01	1.108729e-03
-5.086945e+01	1.112443e-03
-5.076945e+01	1.116177e-03
-5.066945e+01	1.119929e-03
-5.056945e+01	1.123701e-03
-5.046945e+01	1.127491e-03
-5.036945e+01	1.131301e-03
-5.026945e+01	1.135131e-03
-5.016945e+01	1.138980e-03
-5.006945e+01	1.142848e-03
-4.996945e+01	1.146737e-03
-4.986945e+01	1.150646e-03
-4.976945e+01	1.154574e-03
-4.966945e+01	1.158523e-03
-4.956945e+01	1.162493e-03
-4.946945e+01	1.166483e-03
-4.936945e+01	1.170493e-03
-4.926945e+01	1.174525e-03
-4.916945e+01	1.178577e-03
-4.906945e+01	1.182651e-03
-4.896945e+01	1.186746e-03
-4.886945e+01	1.190862e-03
-4.876945e+01	1.195000e-03
-4.866945e+01	1.199159e-03
-4.856945e+01	1.203341e-03
-4.846945e+01	1.207544e-03
-4.836945e+01	1.211770e-03
-4.826945e+01	1.216018e-03
-4.816945e+01	1.220289e-03
-4.806945e+01	1.224582e-03
-4.796945e+01	1.228898e-03
-4.786945e+01	1.233237e-03
-4.776945e+01	1.237600e-03
-4.766945e+01	1.241985e-03
-4.756945e+01	1.246394e-03
-4.746945e+01	1.250827e-03
-4.736945e+01	1.255284e-03
-4.726945e+01	1.259764e-03
-4.716945e+01	1.264269e-03
-4.706945e+01	1.268798e-03
-4.696945e+01	1.273352e-03
-4.686945e+01	1.277930e-03
-4.676945e+01	1.282534e-03
-4.666945e+01	1.287162e-03
-4.656945e+01	1.291816e-03
-4.646945e+01	1.296495e-03
-4.636945e+01	1.301200e-03
-4.626945e+01	1.305930e-03
-4.616945e+01	1.310687e-03
-4.606945e+01	1.315469e-03
-4.596945e+01	1.320279e-03
-4.586945e+01	1.325114e-03
-4.576945e+01	1.329977e-03
-4.566945e+01	1.334866e-03
-4.556945e+01	1.339783e-03
-4.546945e+01	1.344727e-03
-4.536945e+01	1.349699e-03
-4.526945e+01	1.354699e-03
-4.516945e+01	1.359726e-03
-4.506945e+01	1.364782e-03
-4.496945e+01	1.369866e-03
-4.486945e+01	1.374979e-03
-4.476945e+01	1.380121e-03
-4.466945e+01	1.385292e-03
-4.456945e+01	1.390492e-03
-4.446945e+01	1.395722e-03
-4.436945e+01	1.400981e-03
-4.426945e+01	1.406271e-03
-4.416945e+01	1.411590e-03
-4.406945e+01	1.416940e-03
-4.396945e+01	1.422321e-03
-4.386945e+01	1.427733e-03
-4.376945e+01	1.433176e-03
-4.366945e+01	1.438650e-03
-4.356945e+01	1.444156e-03
-4.346945e+01	1.449694e-03
-4.336945e+01	1.455264e-03
-4.326945e+01	1.460867e-03
-4.316945e+01	1.466502e-03
-4.306945e+01	1.472170e-03
-4.296945e+01	1.477871e-03
-4.286945e+01	1.483606e-03
-4.276945e+01	1.489374e-03
-4.266945e+01	1.495176e-03
-4.256945e+01	1.501013e-03
-4.246945e+01	1.506884e-03
-4.236945e+01	1.512790e-03
-4.226945e+01	1.518730e-03
-4.216945e+01	1.524707e-03
-4.206945e+01	1.530718e-03
-4.196945e+01	1.536766e-03
-4.186945e+01	1.542850e-03
-4.176945e+01	1.548970e-03
-4.166945e+01	1.555127e-03
-4.156945e+01	1.561322e-03
-4.146945e+01	1.567553e-03
-4.136945e+01	1.573822e-03
-4.126945e+01	1.580130e-03
-4.116945e+01	1.586475e-03
-4.106945e+01	1.592859e-03
-4.096945e+01	1.599282e-03
-4.086945e+01	1.605745e-03
-4.076945e+01	1.612246e-03
-4.066945e+01	1.618788e-03
-4.056945e+01	1.625370e-03
-4.046945e+01	1.631993e-03
-4.036945e+01	1.638656e-03
-4.026945e+01	1.645361e-03
-4.016945e+01	1.652107e-03
-4.006945e+01	1.658895e-03
-3.996945e+01	1.665726e-03
-3.986945e+01	1.672599e-03
-3.976945e+01	1.679515e-03
-3.966945e+01	1.686474e-03
-3.956945e+01	1.693477e-03
-3.946945e+01	1.700524e-03
-3.936945e+01	1.707616e-03
-3.926945e+01	1.714753e-03
-3.916945e+01	1.721934e-03
-3.906945e+01	1.729162e-03
-3.896945e+01	1.736435e-03
-3.886945e+01	1.743755e-03
-3.876945e+01	1.751121e-03
-3.866945e+01	1.758535e-03
-3.856945e+01	1.765996e-03
-3.846945e+01	1.773506e-03
-3.836945e+01	1.781063e-03
-3.826945e+01	1.788670e-03
-3.816945e+01	1.796326e-03
-3.806945e+01	1.804032e-03
-3.796945e+01	1.811787e-03
-3.786945e+01	1.819594e-03
-3.776945e+01	1.827451e-03
-3.766945e+01	1.835360e-03
-3.756945e+01	1.843321e-03
-3.746945e+01	1.851334e-03
-3.736945e+01	1.859400e-03
-3.726945e+01	1.867519e-03
-3.716945e+01	1.875692e-03
-3.706945e+01	1.883920e-03
-3.696945e+01	1.892202e-03
-3.686945e+01	1.900540e-03
-3.676945e+01	1.908933e-03
-3.666945e+01	1.917382e-03
-3.656945e+01	1.925889e-03
-3.646945e+01	1.934452e-03
-3.636945e+01	1.943074e-03
-3.626945e+01	1.951754e-03
-3.616945e+01	1.960492e-03
-3.606945e+01	1.969290e-03
-3.596945e+01	1.978148e-03
-3.586945e+01	1.987067e-03
-3.576945e+01	1.996046e-03
-3.566945e+01	2.005088e-03
-3.556945e+01	2.014191e-03
-3.546945e+01	2.023357e-03
-3.536945e+01	2.032587e-03
-3.526945e+01	2.041880e-03
-3.516945e+01	2.051238e-03
-3.506945e+01	2.060662e-03
-3.496945e+01	2.070151e-03
-3.486945e+01	2.079706e-03
-3.476945e+01	2.089329e-03
-3.466945e+01	2.099019e-03
-3.456945e+01	2.108777e-03
-3.446945e+01	2.118605e-03
-3.436945e+01	2.128502e-03
-3.426945e+01	2.138469e-03
-3.416945e+01	2.148507e-03
-3.406945e+01	2.158617e-03
-3.396945e+01	2.168799e-03
-3.386945e+01	2.179054e-03
-3.376945e+01	2.189383e-03
-3.366945e+01	2.199786e-03
-3.356945e+01	2.210265e-03
-3.346945e+01	2.220820e-03
-3.336945e+01	2.231451e-03
-3.326945e+01	2.242159e-03
-3.316945e+01	2.252946e-03
-3.306945e+01	2.263812e-03
-3.296945e+01	2.274757e-03
-3.286945e+01	2.285783e-03
-3.276945e+01	2.296890e-03
-3.266945e+01	2.308079e-03
-3.256945e+01	2.319352e-03
-3.246945e+01	2.330708e-03
-3.236945e+01	2.342148e-03
-3.226945e+01	2.353675e-03
-3.216945e+01	2.365287e-03
-3.206945e+01	2.376987e-03
-3.196945e+01	2.388775e-03
-3.186945e+01	2.400651e-03
-3.176945e+01	2.412618e-03
-3.166945e+01	2.424676e-03
-3.156945e+01	2.436825e-03
-3.146945e+01	2.449067e-03
-3.136945e+01	2.461403e-03
-3.126945e+01	2.473833e-03
-3.116945e+01	2.486359e-03
-3.106945e+01	2.498982e-03
-3.096945e+01	2.511702e-03
-3.086945e+01	2.524521e-03
-3.076945e+01	2.537440e-03
-3.066945e+01	2.550459e-03
-3.056945e+01	2.563580e-03
-3.046945e+01	2.576804e-03
-3.036945e+01	2.590132e-03
-3.026945e+01	2.603566e-03
-3.016945e+01	2.617105e-03
-3.006945e+01	2.630752e-03
-2.996945e+01	2.644507e-03
-2.986945e+01	2.658372e-03
-2.976945e+01	2.672348e-03
-2.966945e+01	2.686435e-03
-2.956945e+01	2.700637e-03
-2.946945e+01	2.714952e-03
-2.936945e+01	2.729384e-03
-2.926945e+01	2.743932e-03
-2.916945e+01	2.758599e-03
-2.906945e+01	2.773385e-03
-2.896945e+01	2.788293e-03
-2.886945e+01	2.803323e-03
-2.876945e+01	2.818476e-03
-2.866945e+01	2.833754e-03
-2.856945e+01	2.849159e-03
-2.846945e+01	2.864692e-03
-2.836945e+01	2.880354e-03
-2.826945e+01	2.896147e-03
-2.816945e+01	2.912072e-03
-2.806945e+01	2.928131e-03
-2.796945e+01	2.944325e-03
-2.786945e+01	2.960656e-03
-2.776945e+01	2.977126e-03
-2.766945e+01	2.993735e-03
-2.756945e+01	3.010486e-03
-2.746945e+01	3.027381e-03
-2.736945e+01	3.044420e-03
-2.726945e+01	3.061606e-03
-2.716945e+01	3.078940e-03
-2.706945e+01	3.096425e-03
-2.696945e+01	3.114061e-03
-2.686945e+01	3.131851e-03
-2.676945e+01	3.149796e-03
-2.666945e+01	3.167899e-03
-2.656945e+01	3.186161e-03
-2.646945e+01	3.204584e-03
-2.636945e+01	3.223169e-03
-2.626945e+01	3.241920e-03
-2.616945e+01	3.260838e-03
-2.606945e+01	3.279925e-03
-2.596945e+01	3.299184e-03
-2.586945e+01	3.318615e-03
-2.576945e+01	3.338221e-03
-2.566945e+01	3.358005e-03
-2.556945e+01	3.377969e-03
-2.546945e+01	3.398114e-03
-2.536945e+01	3.418444e-03
-2.526945e+01	3.438960e-03
-2.516945e+01	3.459665e-03
-2.506945e+01	3.480560e-03
-2.496945e+01	3.501650e-03
-2.486945e+01	3.522935e-03
-2.476945e+01	3.544419e-03
-2.466945e+01	3.566103e-03
-2.456945e+01	3.587992e-03
-2.446945e+01	3.610086e-03
-2.436945e+01	3.632389e-03
-2.426945e+01	3.654904e-03
-2.416945e+01	3.677632e-03
-2.406945e+01	3.700578e-03
-2.396945e+01	3.723744e-03
-2.386945e+01	3.747132e-03
-2.376945e+01	3.770746e-03
-2.366945e+01	3.794589e-03
-2.356945e+01	3.818663e-03
-2.346945e+01	3.842972e-03
-2.336945e+01	3.867519e-03
-2.326945e+01	3.892307e-03
-2.316945e+01	3.917339e-03
-2.306945e+01	3.942618e-03
-2.296945e+01	3.968149e-03
-2.286945e+01	3.993934e-03
-2.276945e+01	4.019976e-03
-2.266945e+01	4.046280e-03
-2.256945e+01	4.072849e-03
-2.246945e+01	4.099686e-03
-2.236945e+01	4.126796e-03
-2.226945e+01	4.154182e-03
-2.216945e+01	4.181847e-03
-2.206945e+01	4.209797e-03
-2.196945e+01	4.238034e-03
-2.186945e+01	4.266563e-03
-2.176945e+01	4.295388e-03
-2.166945e+01	4.324513e-03
-2.156945e+01	4.353943e-03
-2.146945e+01	4.383682e-03
-2.136945e+01	4.413734e-03
-2.126945e+01	4.444104e-03
-2.116945e+01	4.474796e-03
-2.106945e+01	4.505816e-03
-2.096945e+01	4.537168e-03
-2.086945e+01	4.568856e-03
-2.076945e+01	4.600887e-03
-2.066945e+01	4.633264e-03
-2.056945e+01	4.665993e-03
-2.046945e+01	4.699080e-03
-2.036945e+01	4.732529e-03
-2.026945e+01	4.766347e-03
-2.016945e+01	4.800538e-03
-2.006945e+01	4.835109e-03
-1.996945e+01	4.870065e-03
-1.986945e+01	4.905412e-03
-1.976945e+01	4.941156e-03
-1.966945e+01	4.977304e-03
-1.956945e+01	5.013861e-03
-1.946945e+01	5.050834e-03
-1.936945e+01	5.088230e-03
-1.926945e+01	5.126055e-03
-1.916945e+01	5.164316e-03
-1.906945e+01	5.203020e-03
-1.896945e+01	5.242174e-03
-1.886945e+01	5.281785e-03
-1.876945e+01	5.321861e-03
-1.866945e+01	5.362409e-03
-1.856945e+01	5.403436e-03
-1.846945e+01	5.444952e-03
-1.836945e+01	5.486963e-03
-1.826945e+01	5.529478e-03
-1.816945e+01	5.572505e-03
-1.806945e+01	5.616053e-03
-1.796945e+01	5.660131e-03
-1.786945e+01	5.704747e-03
-1.776945e+01	5.749910e-03
-1.766945e+01	5.795631e-03
-1.756945e+01	5.841917e-03
-1.746945e+01	5.888780e-03
-1.736945e+01	5.936229e-03
-1.726945e+01	5.984274e-03
-1.716945e+01	6.032926e-03
-1.706945e+01	6.082195e-03
-1.696945e+01	6.132092e-03
-1.686945e+01	6.182629e-03
-1.676945e+01	6.233816e-03
-1.666945e+01	6.285666e-03
-1.656945e+01	6.338189e-03
-1.646945e+01	6.391400e-03
-1.636945e+01	6.445309e-03
-1.626945e+01	6.499930e-03
-1.616945e+01	6.555276e-03
-1.606945e+01	6.611360e-03
-1.596945e+01	6.668196e-03
-1.586945e+01	6.725798e-03
-1.576945e+01	6.784181e-03
-1.566945e+01	6.843358e-03
-1.556945e+01	6.903347e-03
-1.546945e+01	6.964161e-03
-1.536945e+01	7.025816e-03
-1.526945e+01	7.088330e-03
-1.516945e+01	7.151719e-03
-1.506945e+01	7.216000e-03
-1.496945e+01	7.281190e-03
-1.486945e+01	7.347308e-03
-1.476945e+01	7.414372e-03
-1.466945e+01	7.482401e-03
-1.456945e+01	7.551414e-03
-1.446945e+01	7.621433e-03
-1.436945e+01	7.692476e-03
-1.426945e+01	7.764565e-03
-1.416945e+01	7.837723e-03
-1.406945e+01	7.911971e-03
-1.396945e+01	7.987331e-03
-1.386945e+01	8.063829e-03
-1.376945e+01	8.141487e-03
-1.366945e+01	8.220330e-03
-1.356945e+01	8.300385e-03
-1.346945e+01	8.381677e-03
-1.336945e+01	8.464234e-03
-1.326945e+01	8.548083e-03
-1.316945e+01	8.633253e-03
-1.306945e+01	8.719773e-03
-1.296945e+01	8.807674e-03
-1.286945e+01	8.896986e-03
-1.276945e+01	8.987743e-03
-1.266945e+01	9.079977e-03
-1.256945e+01	9.173723e-03
-1.246945e+01	9.269015e-03
-1.236945e+01	9.365891e-03
-1.226945e+01	9.464386e-03
-1.216945e+01	9.564541e-03
-1.206945e+01	9.666395e-03
-1.196945e+01	9.769988e-03
-1.186945e+01	9.875364e-03
-1.176945e+01	9.982566e-03
-1.166945e+01	1.009164e-02
-1.156945e+01	1.020263e-02
-1.146945e+01	1.031559e-02
-1.136945e+01	1.043057e-02
-1.126945e+01	1.054761e-02
-1.116945e+01	1.066678e-02
-1.106945e+01	1.078812e-02
-1.096945e+01	1.091170e-02
-1.086945e+01	1.103757e-02
-1.076945e+01	1.116580e-02
-1.066945e+01	1.129644e-02
-1.056945e+01	1.142957e-02
-1.046945e+01	1.156526e-02
-1.036945e+01	1.170356e-02
-1.026945e+01	1.184457e-02
-1.016945e+01	1.198835e-02
-1.006945e+01	1.213498e-02
-9.969451e+00	1.228455e-02
-9.869451e+00	1.243714e-02
-9.769451e+00	1.259284e-02
-9.669451e+00	1.275174e-02
-9.569451e+00	1.291394e-02
-9.469451e+00	1.307954e-02
-9.369451e+00	1.324865e-02
-9.269451e+00	1.342137e-02
-9.169451e+00	1.359781e-02
-9.069451e+00	1.377810e-02
-8.969451e+00	1.396236e-02
-8.869451e+00	1.415072e-02
-8.769451e+00	1.434331e-02
-8.669451e+00	1.454027e-02
-8.569451e+00	1.474175e-02
-8.469451e+00	1.494791e-02
-8.369451e+00	1.515890e-02
-8.269451e+00	1.537490e-02
-8.169451e+00	1.559608e-02
-8.069451e+00	1.582263e-02
-7.969451e+00	1.605475e-02
-7.869451e+00	1.629264e-02
-7.769451e+00	1.653651e-02
-7.669451e+00	1.678660e-02
-7.569451e+00	1.704314e-02
-7.469451e+00	1.730638e-02
-7.369451e+00	1.757660e-02
-7.269451e+00	1.785408e-02
-7.169451e+00	1.813910e-02
-7.069451e+00	1.843199e-02
-6.969451e+00	1.873308e-02
-6.869451e+00	1.904273e-02
-6.769451e+00	1.936130e-02
-6.669451e+00	1.968920e-02
-6.569451e+00	2.002685e-02
-6.469451e+00	2.037471e-02
-6.369451e+00	2.073325e-02
-6.269451e+00	2.110300e-02
-6.169451e+00	2.148449e-02
-6.069451e+00	2.187833e-02
-5.969451e+00	2.228515e-02
-5.869451e+00	2.270562e-02
-5.769451e+00	2.314049e-02
-5.669451e+00	2.359053e-02
-5.569451e+00	2.405661e-02
-5.469451e+00	2.453965e-02
-5.369451e+00	2.504066e-02
-5.269451e+00	2.556073e-02
-5.169451e+00	2.610105e-02
-5.069451e+00	2.666292e-02
-4.969451e+00	2.724777e-02
-4.869451e+00	2.785717e-02
-4.769451e+00	2.849286e-02
-4.669451e+00	2.915674e-02
-4.569451e+00	2.985094e-02
-4.469451e+00	3.057782e-02
-4.369451e+00	3.134004e-02
-4.269451e+00	3.214056e-02
-4.169451e+00	3.298273e-02
-4.069451e+00	3.387035e-02
-3.969451e+00	3.480774e-02
-3.869451e+00	3.579986e-02
-3.769451e+00	3.685240e-02
-3.669451e+00	3.797196e-02
-3.569451e+00	3.916624e-02
-3.469451e+00	4.044430e-02
-3.369451e+00	4.181684e-02
-3.269451e+00	4.329665e-02
-3.169451e+00	4.489911e-02
-3.069451e+00	4.664295e-02
-2.969451e+00	4.855117e-02
-2.869451e+00	5.065237e-02
-2.769451e+00	5.298254e-02
-2.669451e+00	5.558757e-02
-2.569451e+00	5.852692e-02
-2.469451e+00	6.187883e-02
-2.369451e+00	6.574816e-02
-2.269451e+00	7.027823e-02
-2.169451e+00	7.566940e-02
-2.069451e+00	8.220865e-02
-1.969451e+00	9.031851e-02
-1.869451e+00	1.006403e-01
-1.769451e+00	1.141806e-01
-1.669451e+00	1.325770e-01
-1.569451e+00	1.585917e-01
-1.469451e+00	1.970184e-01
-1.369451e+00	2.561695e-01
-1.269451e+00	3.489683e-01
-1.169451e+00	4.853065e-01
-1.069451e+00	6.280880e-01
-9.694509e-01	6.535292e-01
-8.694509e-01	5.358380e-01
-7.694509e-01	4.007689e-01
-6.694509e-01	3.081269e-01
-5.694509e-01	2.537496e-01
-4.694509e-01	2.245644e-01
-3.694509e-01	2.118356e-01
-2.694509e-01	2.108855e-01
-1.694509e-01	2.204619e-01
-6.945093e-02	2.423565e-01
3.054907e-02	2.799403e-01
1.305491e-01	3.374880e-01
2.305491e-01	4.194809e-01
3.305491e-01	5.068818e-01
4.305491e-01	5.367960e-01
5.305491e-01	5.086147e-01
6.305491e-01	4.958587e-01
7.305491e-01	5.254301e-01
8.305491e-01	5.616359e-01
9.305491e-01	5.601350e-01
1.030549e+00	5.564413e-01
1.130549e+00	6.031831e-01
1.230549e+00	7.158507e-01
1.330549e+00	8.515244e-01
1.430549e+00	8.785285e-01
1.530549e+00	7.652618e-01
1.630549e+00	6.398020e-01
1.730549e+00	5.650285e-01
1.830549e+00	5.382671e-01
1.930549e+00	5.487365e-01
2.030549e+00	5.922557e-01
2.130549e+00	6.711053e-01
2.230549e+00	7.861861e-01
2.330549e+00	9.121669e-01
2.430549e+00	1.003379e+00
2.530549e+00	1.087155e+00
2.630549e+00	1.230392e+00
2.730549e+00	1.473117e+00
2.830549e+00	1.855629e+00
2.930549e+00	2.444321e+00
3.030549e+00	3.330320e+00
3.130549e+00	4.597448e+00
3.230549e+00	6.392376e+00
3.330549e+00	8.912921e+00
3.430549e+00	1.139892e+01
3.530549e+00	1.144104e+01
3.630549e+00	8.836062e+00
3.730549e+00	6.057494e+00
3.830549e+00	4.126296e+00
3.930549e+00	2.909424e+00
4.030549e+00	2.139009e+00
4.130549e+00	1.635158e+00
4.230549e+00	1.293679e+00
4.330549e+00	1.055018e+00
4.430549e+00	8.844236e-01
4.530549e+00	7.612714e-01
4.630549e+00	6.716312e-01
4.730549e+00	6.005655e-01
4.830549e+00	5.356142e-01
4.930549e+00	4.776491e-01
5.030549e+00	4.305687e-01
5.130549e+00	3.939416e-01
5.230549e+00	3.655701e-01
5.330549e+00	3.435369e-01
5.430549e+00	3.265046e-01
5.530549e+00	3.135797e-01
5.630549e+00	3.041778e-01
5.730549e+00	2.979260e-01
5.830549e+00	2.946136e-01
5.930549e+00	2.941767e-01
6.030549e+00	2.967028e-01
6.130549e+00	3.024502e-01
6.230549e+00	3.118382e-01
6.330549e+00	3.252039e-01
6.430549e+00	3.423031e-01
6.530549e+00	3.634661e-01
6.630549e+00	3.912856e-01
6.730549e+00	4.290101e-01
6.830549e+00	4.804020e-01
6.930549e+00	5.511569e-01
7.030549e+00	6.506299e-01
7.130549e+00	7.946466e-01
7.230549e+00	1.010677e+00
7.330549e+00	1.346749e+00
7.430549e+00	1.881248e+00
7.530549e+00	2.698083e+00
7.630549e+00	3.673695e+00
7.730549e+00	4.087134e+00
7.830549e+00	3.448914e+00
7.930549e+00	2.487578e+00
8.030549e+00	1.763393e+00
8.130549e+00	1.305507e+00
8.230549e+00	1.023059e+00
8.330549e+00	8.461000e-01
8.430549e+00	7.331990e-01
8.530549e+00	6.607663e-01
8.630549e+00	6.151833e-01
8.730549e+00	5.883839e-01
8.830549e+00	5.754843e-01
8.930549e+00	5.735002e-01
9.030549e+00	5.806377e-01
9.130549e+00	5.958930e-01
9.230549e+00	6.188255e-01
9.330549e+00	6.494338e-01
9.430549e+00	6.880967e-01
9.530549e+00	7.355609e-01
9.630549e+00	7.929672e-01
9.730549e+00	8.619156e-01
9.830549e+00	9.445746e-01
9.930549e+00	1.043850e+00
1.003055e+01	1.163635e+00
1.013055e+01	1.309187e+00
1.023055e+01	1.487695e+00
1.033055e+01	1.709143e+00
1.043055e+01	1.987687e+00
1.053055e+01	2.343853e+00
1.063055e+01	2.808196e+00
1.073055e+01	3.427495e+00
1.083055e+01	4.275433e+00
1.093055e+01	5.470477e+00
1.103055e+01	7.199720e+00
1.113055e+01	9.746354e+00
1.123055e+01	1.360423e+01
1.133055e+01	1.971179e+01
1.143055e+01	2.907625e+01
1.153055e+01	4.010552e+01
1.163055e+01	4.430473e+01
1.173055e+01	3.656202e+01
1.183055e+01	2.548838e+01
1.193055e+01	1.722175e+01
1.203055e+01	1.197605e+01
1.213055e+01	8.693159e+00
1.223055e+01	6.552659e+00
1.233055e+01	5.077388e+00
1.243055e+01	4.031768e+00
1.253055e+01	3.282541e+00
1.263055e+01	2.721949e+00
1.273055e+01	2.277935e+00
1.283055e+01	1.923916e+00
1.293055e+01	1.645186e+00
1.303055e+01	1.424626e+00
1.313055e+01	1.246136e+00
1.323055e+01	1.099773e+00
1.333055e+01	9.796532e-01
1.343055e+01	8.810210e-01
1.353055e+01	7.998147e-01
1.363055e+01	7.310547e-01
1.373055e+01	6.694278e-01
1.383055e+01	6.130915e-01
1.393055e+01	5.630302e-01
1.403055e+01	5.180240e-01
1.413055e+01	4.768410e-01
1.423055e+01	4.407307e-01
1.433055e+01	4.101098e-01
1.443055e+01	3.846403e-01
1.453055e+01	3.643114e-01
1.463055e+01	3.497131e-01
1.473055e+01	3.414938e-01
1.483055e+01	3.367464e-01
1.493055e+01	3.240947e-01
1.503055e+01	2.984556e-01
1.513055e+01	2.709835e-01
1.523055e+01	2.483486e-01
1.533055e+01	2.303760e-01
1.543055e+01	2.156561e-01
1.553055e+01	2.031519e-01
1.563055e+01	1.922281e-01
1.573055e+01	1.824971e-01
1.583055e+01	1.737117e-01
1.593055e+01	1.657056e-01
1.603055e+01	1.583609e-01
1.613055e+01	1.515897e-01
1.623055e+01	1.453245e-01
1.633055e+01	1.395115e-01
1.643055e+01	1.341069e-01
1.653055e+01	1.290746e-01
1.663055e+01	1.243847e-01
1.673055e+01	1.200123e-01
1.683055e+01	1.159369e-01
1.693055e+01	1.121421e-01
1.703055e+01	1.086159e-01
1.713055e+01	1.053507e-01
1.723055e+01	1.023442e-01
1.733055e+01	9.960139e-02
1.743055e+01	9.713743e-02
1.753055e+01	9.498334e-02
1.763055e+01	9.319640e-02
1.773055e+01	9.187918e-02
1.783055e+01	9.121201e-02
1.793055e+01	9.148782e-02
1.803055e+01	9.302292e-02
1.813055e+01	9.545398e-02
1.823055e+01	9.673145e-02
1.833055e+01	9.562432e-02
1.843055e+01	9.320794e-02
1.853055e+01	9.077726e-02
1.863055e+01	8.985027e-02
1.873055e+01	9.095102e-02
1.883055e+01	9.337602e-02
1.893055e+01	9.592489e-02
1.903055e+01	9.945718e-02
1.913055e+01	1.061420e-01
1.923055e+01	1.178727e-01
1.933055e+01	1.372329e-01
1.943055e+01	1.686761e-01
1.953055e+01	2.189374e-01
1.963055e+01	2.915640e-01
1.973055e+01	3.658642e-01
1.983055e+01	3.971078e-01
1.993055e+01	3.796607e-01
2.003055e+01	3.226582e-01
2.013055e+01	2.482487e-01
2.023055e+01	1.863055e-01
2.033055e+01	1.434834e-01
2.043055e+01	1.152910e-01
2.053055e+01	9.658987e-02
2.063055e+01	8.374039e-02
2.073055e+01	7.459615e-02
2.083055e+01	6.798333e-02
2.093055e+01	6.317670e-02
2.103055e+01	5.973917e-02
2.113055e+01	5.745881e-02
2.123055e+01	5.630686e-02
2.133055e+01	5.642989e-02
2.143055e+01	5.817911e-02
2.153055e+01	6.225543e-02
2.163055e+01	6.935853e-02
2.173055e+01	7.746524e-02
2.183055e+01	7.950235e-02
2.193055e+01	7.341064e-02
2.203055e+01	6.558838e-02
2.213055e+01	6.024225e-02
2.223055e+01	5.825364e-02
2.233055e+01	5.892735e-02
2.243055e+01	6.110886e-02
2.253055e+01	6.120020e-02
2.263055e+01	5.597011e-02
2.273055e+01	4.875172e-02
2.283055e+01	4.290115e-02
2.293055e+01	3.867193e-02
2.303055e+01	3.558547e-02
2.313055e+01	3.331642e-02
2.323055e+01	3.160954e-02
2.333055e+01	3.027572e-02
2.343055e+01	2.919281e-02
2.353055e+01	2.828555e-02
2.363055e+01	2.750739e-02
2.373055e+01	2.682939e-02
2.383055e+01	2.623418e-02
2.393055e+01	2.571321e-02
2.403055e+01	2.526625e-02
2.413055e+01	2.490146e-02
2.423055e+01	2.462702e-02
2.433055e+01	2.440602e-02
2.443055e+01	2.411921e-02
2.453055e+01	2.375610e-02
2.463055e+01	2.344395e-02
2.473055e+01	2.317597e-02
2.483055e+01	2.286741e-02
2.493055e+01	2.258936e-02
2.503055e+01	2.246331e-02
2.513055e+01	2.256122e-02
2.523055e+01	2.292214e-02
2.533055e+01	2.338965e-02
2.543055e+01	2.343099e-02
2.553055e+01	2.291443e-02
2.563055e+01	2.241847e-02
2.573055e+01	2.227547e-02
2.583055e+01	2.235587e-02
2.593055e+01	2.225704e-02
2.603055e+01	2.198022e-02
2.613055e+01	2.194750e-02
2.623055e+01	2.231246e-02
2.633055e+01	2.287743e-02
2.643055e+01	2.329801e-02
2.653055e+01	2.321502e-02
2.663055e+01	2.278237e-02
2.673055e+01	2.254359e-02
2.683055e+01	2.275959e-02
2.693055e+01	2.328435e-02
2.703055e+01	2.351511e-02
2.713055e+01	2.335810e-02
2.723055e+01	2.358082e-02
2.733055e+01	2.468975e-02
2.743055e+01	2.676596e-02
2.753055e+01	2.918827e-02
2.763055e+01	3.003311e-02
2.773055e+01	2.840748e-02
2.783055e+01	2.621745e-02
2.793055e+01	2.476450e-02
2.803055e+01	2.416981e-02
2.813055e+01	2.427067e-02
2.823055e+01	2.506791e-02
2.833055e+01	2.668702e-02
2.843055e+01	2.929000e-02
2.853055e+01	3.314222e-02
2.863055e+01	3.861883e-02
2.873055e+01	4.597531e-02
2.883055e+01	5.596406e-02
2.893055e+01	6.853847e-02
2.903055e+01	7.863003e-02
2.913055e+01	7.684109e-02
2.923055e+01	6.583276e-02
2.933055e+01	5.583056e-02
2.943055e+01	5.074699e-02
2.953055e+01	4.996016e-02
2.963055e+01	5.134898e-02
2.973055e+01	5.407001e-02
2.983055e+01	5.900335e-02
2.993055e+01	6.504699e-02
3.003055e+01	6.928643e-02
3.013055e+01	7.441848e-02
3.023055e+01	8.635836e-02
3.033055e+01	1.096199e-01
3.043055e+01	1.473431e-01
3.053055e+01	1.947234e-01
3.063055e+01	2.323469e-01
3.073055e+01	2.398832e-01
3.083055e+01	2.089601e-01
3.093055e+01	1.629810e-01
3.103055e+01	1.247246e-01
3.113055e+01	9.535679e-02
3.123055e+01	7.312438e-02
3.133055e+01	5.774712e-02
3.143055e+01	4.752131e-02
3.153055e+01	4.078621e-02
3.163055e+01	3.655146e-02
3.173055e+01	3.416930e-02
3.183055e+01	3.317273e-02
3.193055e+01	3.339045e-02
3.203055e+01	3.525675e-02
3.213055e+01	3.959105e-02
3.223055e+01	4.685699e-02
3.233055e+01	5.514600e-02
3.243055e+01	5.830713e-02
3.253055e+01	5.561825e-02
3.263055e+01	5.439096e-02
3.273055e+01	5.803695e-02
3.283055e+01	6.244932e-02
3.293055e+01	5.903325e-02
3.303055e+01	4.941974e-02
3.313055e+01	4.081921e-02
3.323055e+01	3.446636e-02
3.333055e+01	2.981172e-02
3.343055e+01	2.704438e-02
3.353055e+01	2.625442e-02
3.363055e+01	2.740869e-02
3.373055e+01	3.013219e-02
3.383055e+01	3.202341e-02
3.393055e+01	3.017967e-02
3.403055e+01	2.669128e-02
3.413055e+01	2.442873e-02
3.423055e+01	2.397088e-02
3.433055e+01	2.492639e-02
3.443055e+01	2.537736e-02
3.453055e+01	2.346844e-02
3.463055e+01	2.080828e-02
3.473055e+01	1.911762e-02
3.483055e+01	1.848904e-02
3.493055e+01	1.847992e-02
3.503055e+01	1.859996e-02
3.513055e+01	1.862978e-02
3.523055e+01	1.863715e-02
3.533055e+01	1.926449e-02
3.543055e+01	2.124473e-02
3.553055e+01	2.484856e-02
3.563055e+01	2.907482e-02
3.573055e+01	3.157702e-02
3.583055e+01	2.970928e-02
3.593055e+01	2.439385e-02
3.603055e+01	1.942504e-02
3.613055e+01	1.606107e-02
3.623055e+01	1.396073e-02
3.633055e+01	1.266554e-02
3.643055e+01	1.188322e-02
3.653055e+01	1.146153e-02
3.663055e+01	1.134185e-02
3.673055e+01	1.153158e-02
3.683055e+01	1.209753e-02
3.693055e+01	1.312276e-02
3.703055e+01	1.447635e-02
3.713055e+01	1.552148e-02
3.723055e+01	1.581723e-02
3.733055e+01	1.604010e-02
3.743055e+01	1.672014e-02
3.753055e+01	1.778461e-02
3.763055e+01	1.982268e-02
3.773055e+01	2.385176e-02
3.783055e+01	3.054823e-02
3.793055e+01	3.854429e-02
3.803055e+01	4.217590e-02
3.813055e+01	3.831308e-02
3.823055e+01	3.162686e-02
3.833055e+01	2.601342e-02
3.843055e+01	2.128307e-02
3.853055e+01	1.734486e-02
3.863055e+01	1.457325e-02
3.873055e+01	1.268112e-02
3.883055e+01	1.131685e-02
3.893055e+01	1.038703e-02
3.903055e+01	9.815502e-03
3.913055e+01	9.449692e-03
3.923055e+01	9.128455e-03
3.933055e+01	8.862408e-03
3.943055e+01	8.679731e-03
3.953055e+01	8.563180e-03
3.963055e+01	8.588914e-03
3.973055e+01	8.836502e-03
3.983055e+01	9.267934e-03
3.993055e+01	9.617498e-03
4.003055e+01	9.654574e-03
4.013055e+01	9.530433e-03
4.023055e+01	9.515728e-03
4.033055e+01	9.801881e-03
4.043055e+01	1.050100e-02
4.053055e+01	1.171968e-02
4.063055e+01	1.341998e-02
4.073055e+01	1.476691e-02
4.083055e+01	1.470264e-02
4.093055e+01	1.408466e-02
4.103055e+01	1.411918e-02
4.113055e+01	1.507112e-02
4.123055e+01	1.689919e-02
4.133055e+01	1.959196e-02
4.143055e+01	2.364234e-02
4.153055e+01	3.023296e-02
4.163055e+01	3.955304e-02
4.173055e+01	4.685021e-02
4.183055e+01	4.526770e-02
4.193055e+01	3.811818e-02
4.203055e+01	3.046054e-02
4.213055e+01	2.406867e-02
4.223055e+01	2.000781e-02
4.233055e+01	1.811083e-02
4.243055e+01	1.759652e-02
4.253055e+01	1.735886e-02
4.263055e+01	1.666419e-02
4.273055e+01	1.590302e-02
4.283055e+01	1.511495e-02
4.293055e+01	1.366706e-02
4.303055e+01	1.208703e-02
4.313055e+01	1.095023e-02
4.323055e+01	1.035776e-02
4.333055e+01	1.038089e-02
4.343055e+01	1.109016e-02
4.353055e+01	1.239199e-02
4.363055e+01	1.339465e-02
4.373055e+01	1.279930e-02
4.383055e+01	1.125726e-02
4.393055e+01	1.002747e-02
4.403055e+01	9.390685e-03
4.413055e+01	9.250968e-03
4.423055e+01	9.528078e-03
4.433055e+01	1.018503e-02
4.443055e+01	1.116544e-02
4.453055e+01	1.252048e-02
4.463055e+01	1.462010e-02
4.473055e+01	1.809441e-02
4.483055e+01	2.383946e-02
4.493055e+01	3.282828e-02
4.503055e+01	4.397723e-02
4.513055e+01	4.980173e-02
4.523055e+01	4.452877e-02
4.533055e+01	3.532348e-02
4.543055e+01	2.767016e-02
4.553055e+01	2.161921e-02
4.563055e+01	1.680584e-02
4.573055e+01	1.339620e-02
4.583055e+01	1.115979e-02
4.593055e+01	9.716157e-03
4.603055e+01	8.800296e-03
4.613055e+01	8.266335e-03
4.623055e+01	8.008765e-03
4.633055e+01	7.919534e-03
4.643055e+01	7.972055e-03
4.653055e+01	8.216197e-03
4.663055e+01	8.778287e-03
4.673055e+01	9.859062e-03
4.683055e+01	1.121396e-02
4.693055e+01	1.164039e-02
4.703055e+01	1.047539e-02
4.713055e+01	8.840189e-03
4.723055e+01	7.589231e-03
4.733055e+01	6.787013e-03
4.743055e+01	6.323073e-03
4.753055e+01	6.103550e-03
4.763055e+01	6.070969e-03
4.773055e+01	6.202802e-03
4.783055e+01	6.507935e-03
4.793055e+01	7.041379e-03
4.803055e+01	7.908753e-03
4.813055e+01	9.184824e-03
4.823055e+01	1.054825e-02
4.833055e+01	1.129221e-02
4.843055e+01	1.169757e-02
4.853055e+01	1.260954e-02
4.863055e+01	1.459258e-02
4.873055e+01	1.826262e-02
4.883055e+01	2.331470e-02
4.893055e+01	2.624702e-02
4.903055e+01	2.347091e-02
4.913055e+01	1.825291e-02
4.923055e+01	1.426137e-02
4.933055e+01	1.196429e-02
4.943055e+01	1.057252e-02
4.953055e+01	9.295977e-03
4.963055e+01	8.175396e-03
4.973055e+01	7.477496e-03
4.983055e+01	7.246584e-03
4.993055e+01	7.479806e-03
5.003055e+01	8.208919e-03
5.013055e+01	9.333423e-03
5.023055e+01	1.046564e-02
5.033055e+01	1.122943e-02
5.043055e+01	1.088895e-02
5.053055e+01	9.316256e-03
5.063055e+01	7.653916e-03
5.073055e+01	6.500794e-03
5.083055e+01	5.819866e-03
5.093055e+01	5.465144e-03
5.103055e+01	5.351582e-03
5.113055e+01	5.467285e-03
5.123055e+01	5.869590e-03
5.133055e+01	6.660161e-03
5.143055e+01	7.841601e-03
5.153055e+01	8.992155e-03
5.163055e+01	9.454585e-03
5.173055e+01	8.965296e-03
5.183055e+01	7.977638e-03
5.193055e+01	7.040613e-03
5.203055e+01	6.308779e-03
5.213055e+01	5.746235e-03
5.223055e+01	5.294755e-03
5.233055e+01	5.008785e-03
5.243055e+01	4.952091e-03
5.253055e+01	5.093215e-03
5.263055e+01	5.191710e-03
5.273055e+01	5.074965e-03
5.283055e+01	4.991650e-03
5.293055e+01	5.158068e-03
5.303055e+01	5.531714e-03
5.313055e+01	5.803867e-03
5.323055e+01	5.767404e-03
5.333055e+01	5.489863e-03
5.343055e+01	5.080837e-03
5.353055e+01	4.779361e-03
5.363055e+01	4.741396e-03
5.373055e+01	5.035880e-03
5.383055e+01	5.710537e-03
5.393055e+01	6.614890e-03
5.403055e+01	7.033270e-03
5.413055e+01	6.422035e-03
5.423055e+01	5.381697e-03
5.433055e+01	4.546572e-03
5.443055e+01	4.012099e-03
5.453055e+01	3.680383e-03
5.463055e+01	3.452855e-03
5.473055e+01	3.271507e-03
5.483055e+01	3.126326e-03
5.493055e+01	3.019079e-03
5.503055e+01	2.957645e-03
5.513055e+01	2.938461e-03
5.523055e+01	2.950104e-03
5.533055e+01	2.990866e-03
5.543055e+01	3.034450e-03
5.553055e+01	3.039173e-03
5.563055e+01	3.030519e-03
5.573055e+01	3.066271e-03
5.583055e+01	3.189763e-03
5.593055e+01	3.393725e-03
5.603055e+01	3.524417e-03
5.613055e+01	3.441158e-03
5.623055e+01	3.233513e-03
5.633055e+01	3.001493e-03
5.643055e+01	2.800848e-03
5.653055e+01	2.643339e-03
5.663055e+01	2.529182e-03
5.673055e+01	2.455140e-03
5.683055e+01	2.410025e-03
5.693055e+01	2.377023e-03
5.703055e+01	2.342244e-03
5.713055e+01	2.309589e-03
5.723055e+01	2.285893e-03
5.733055e+01	2.270100e-03
5.743055e+01	2.257662e-03
5.753055e+01	2.250419e-03
5.763055e+01	2.252319e-03
5.773055e+01	2.259309e-03
5.783055e+01	2.256772e-03
5.793055e+01	2.241613e-03
5.803055e+01	2.227745e-03
5.813055e+01	2.221735e-03
5.823055e+01	2.223301e-03
5.833055e+01	2.231821e-03
5.843055e+01	2.247949e-03
5.853055e+01	2.273646e-03
5.863055e+01	2.311943e-03
5.873055e+01	2.363261e-03
5.883055e+01	2.414881e-03
5.893055e+01	2.448538e-03
5.903055e+01	2.468032e-03
5.913055e+01	2.488303e-03
5.923055e+01	2.526075e-03
5.933055e+01	2.591846e-03
5.943055e+01	2.693143e-03
5.953055e+01	2.842110e-03
5.963055e+01	3.056041e-03
5.973055e+01	3.342436e-03
5.983055e+01	3.663236e-03
5.993055e+01	3.877203e-03
6.003055e+01	3.912517e-03
6.013055e+01	3.954650e-03
6.023055e+01	4.140553e-03
6.033055e+01	4.489842e-03
6.043055e+01	5.021005e-03
6.053055e+01	5.776789e-03
6.063055e+01	6.748381e-03
6.073055e+01	8.064857e-03
6.083055e+01	1.013599e-02
6.093055e+01	1.327131e-02
6.103055e+01	1.692082e-02
6.113055e+01	1.966535e-02
6.123055e+01	2.222091e-02
6.133055e+01	2.573528e-02
6.143055e+01	2.699171e-02
6.153055e+01	2.295200e-02
6.163055e+01	1.715176e-02
6.173055e+01	1.280496e-02
6.183055e+01	1.011411e-02
6.193055e+01	8.584101e-03
6.203055e+01	7.915960e-03
6.213055e+01	7.956854e-03
6.223055e+01	8.674207e-03
6.233055e+01	9.888022e-03
6.243055e+01	1.048440e-02
6.253055e+01	9.495639e-03
6.263055e+01	7.964548e-03
6.273055e+01	6.674007e-03
6.283055e+01	5.570805e-03
6.293055e+01	4.725118e-03
6.303055e+01	4.168945e-03
6.313055e+01	3.827975e-03
6.323055e+01	3.638549e-03
6.333055e+01	3.567557e-03
6.343055e+01	3.623305e-03
6.353055e+01	3.790335e-03
6.363055e+01	3.923594e-03
6.373055e+01	3.905699e-03
6.383055e+01	3.838995e-03
6.393055e+01	3.772105e-03
6.403055e+01	3.769954e-03
6.413055e+01	3.934059e-03
6.423055e+01	4.315201e-03
6.433055e+01	4.953568e-03
6.443055e+01	5.903406e-03
6.453055e+01	7.225156e-03
6.463055e+01	8.739183e-03
6.473055e+01	9.482212e-03
6.483055e+01	9.088971e-03
6.493055e+01	8.308964e-03
6.503055e+01	7.590879e-03
6.513055e+01	7.390655e-03
6.523055e+01	7.916794e-03
6.533055e+01	9.105743e-03
6.543055e+01	1.021314e-02
6.553055e+01	9.799733e-03
6.563055e+01	8.273997e-03
6.573055e+01	7.066529e-03
6.583055e+01	6.585141e-03
6.593055e+01	6.758995e-03
6.603055e+01	7.220152e-03
6.613055e+01	7.132793e-03
6.623055e+01	6.174239e-03
6.633055e+01	5.012344e-03
6.643055e+01	4.114527e-03
6.653055e+01	3.517384e-03
6.663055e+01	3.148487e-03
6.673055e+01	2.937924e-03
6.683055e+01	2.841771e-03
6.693055e+01	2.839727e-03
6.703055e+01	2.929922e-03
6.713055e+01	3.134122e-03
6.723055e+01	3.505525e-03
6.733055e+01	4.098581e-03
6.743055e+01	4.874906e-03
6.753055e+01	5.635687e-03
6.763055e+01	6.254571e-03
6.773055e+01	6.443348e-03
6.783055e+01	5.813427e-03
6.793055e+01	4.836998e-03
6.803055e+01	3.998029e-03
6.813055e+01	3.421709e-03
6.823055e+01	3.103389e-03
6.833055e+01	2.995315e-03
6.843055e+01	3.064602e-03
6.853055e+01	3.320563e-03
6.863055e+01	3.814391e-03
6.873055e+01	4.503760e-03
6.883055e+01	5.033076e-03
6.893055e+01	4.853648e-03
6.903055e+01	4.155777e-03
6.913055e+01	3.549506e-03
6.923055e+01	3.161742e-03
6.933055e+01	2.835592e-03
6.943055e+01	2.517314e-03
6.953055e+01	2.263363e-03
6.963055e+01	2.082156e-03
6.973055e+01	1.954300e-03
6.983055e+01	1.868802e-03
6.993055e+01	1.821352e-03
