#RPA-results:
#Nucleus: Ni 74
#Fermi level: -4.992964e+00	-1.506242e+01
#Excitation: 1 +
#Total number of pairs: 1032
#Number of ph-/ah-pairs: 1032/0
#Maximal excitation-energy for particle-hole-pairs: 100
#Maximal excitation-energy for antiparticle-hole-pairs: 1000
#No imaginary eigenvalues

#Parameterset: DD-PC1
#natural parity: no
#Isoscalar result:

#width: 5.000000e-01
#maximum value: 4.293772e-03
#at energy: 6.993055e+01
-9.006945e+01	4.290213e-04
-8.996945e+01	4.299091e-04
-8.986945e+01	4.307997e-04
-8.976945e+01	4.316931e-04
-8.966945e+01	4.325893e-04
-8.956945e+01	4.334883e-04
-8.946945e+01	4.343901e-04
-8.936945e+01	4.352947e-04
-8.926945e+01	4.362022e-04
-8.916945e+01	4.371125e-04
-8.906945e+01	4.380256e-04
-8.896945e+01	4.389416e-04
-8.886945e+01	4.398606e-04
-8.876945e+01	4.407824e-04
-8.866945e+01	4.417071e-04
-8.856945e+01	4.426347e-04
-8.846945e+01	4.435653e-04
-8.836945e+01	4.444988e-04
-8.826945e+01	4.454352e-04
-8.816945e+01	4.463746e-04
-8.806945e+01	4.473171e-04
-8.796945e+01	4.482625e-04
-8.786945e+01	4.492109e-04
-8.776945e+01	4.501623e-04
-8.766945e+01	4.511168e-04
-8.756945e+01	4.520743e-04
-8.746945e+01	4.530348e-04
-8.736945e+01	4.539985e-04
-8.726945e+01	4.549652e-04
-8.716945e+01	4.559350e-04
-8.706945e+01	4.569079e-04
-8.696945e+01	4.578840e-04
-8.686945e+01	4.588632e-04
-8.676945e+01	4.598455e-04
-8.666945e+01	4.608310e-04
-8.656945e+01	4.618197e-04
-8.646945e+01	4.628116e-04
-8.636945e+01	4.638066e-04
-8.626945e+01	4.648049e-04
-8.616945e+01	4.658065e-04
-8.606945e+01	4.668112e-04
-8.596945e+01	4.678193e-04
-8.586945e+01	4.688306e-04
-8.576945e+01	4.698452e-04
-8.566945e+01	4.708631e-04
-8.556945e+01	4.718843e-04
-8.546945e+01	4.729089e-04
-8.536945e+01	4.739368e-04
-8.526945e+01	4.749681e-04
-8.516945e+01	4.760027e-04
-8.506945e+01	4.770408e-04
-8.496945e+01	4.780822e-04
-8.486945e+01	4.791271e-04
-8.476945e+01	4.801754e-04
-8.466945e+01	4.812272e-04
-8.456945e+01	4.822824e-04
-8.446945e+01	4.833411e-04
-8.436945e+01	4.844033e-04
-8.426945e+01	4.854690e-04
-8.416945e+01	4.865383e-04
-8.406945e+01	4.876111e-04
-8.396945e+01	4.886874e-04
-8.386945e+01	4.897673e-04
-8.376945e+01	4.908509e-04
-8.366945e+01	4.919380e-04
-8.356945e+01	4.930287e-04
-8.346945e+01	4.941231e-04
-8.336945e+01	4.952212e-04
-8.326945e+01	4.963229e-04
-8.316945e+01	4.974283e-04
-8.306945e+01	4.985374e-04
-8.296945e+01	4.996502e-04
-8.286945e+01	5.007668e-04
-8.276945e+01	5.018871e-04
-8.266945e+01	5.030113e-04
-8.256945e+01	5.041391e-04
-8.246945e+01	5.052708e-04
-8.236945e+01	5.064064e-04
-8.226945e+01	5.075457e-04
-8.216945e+01	5.086889e-04
-8.206945e+01	5.098360e-04
-8.196945e+01	5.109870e-04
-8.186945e+01	5.121419e-04
-8.176945e+01	5.133008e-04
-8.166945e+01	5.144635e-04
-8.156945e+01	5.156303e-04
-8.146945e+01	5.168010e-04
-8.136945e+01	5.179757e-04
-8.126945e+01	5.191545e-04
-8.116945e+01	5.203373e-04
-8.106945e+01	5.215241e-04
-8.096945e+01	5.227150e-04
-8.086945e+01	5.239100e-04
-8.076945e+01	5.251091e-04
-8.066945e+01	5.263124e-04
-8.056945e+01	5.275198e-04
-8.046945e+01	5.287314e-04
-8.036945e+01	5.299471e-04
-8.026945e+01	5.311671e-04
-8.016945e+01	5.323913e-04
-8.006945e+01	5.336197e-04
-7.996945e+01	5.348524e-04
-7.986945e+01	5.360894e-04
-7.976945e+01	5.373307e-04
-7.966945e+01	5.385764e-04
-7.956945e+01	5.398263e-04
-7.946945e+01	5.410807e-04
-7.936945e+01	5.423394e-04
-7.926945e+01	5.436026e-04
-7.916945e+01	5.448701e-04
-7.906945e+01	5.461422e-04
-7.896945e+01	5.474186e-04
-7.886945e+01	5.486996e-04
-7.876945e+01	5.499851e-04
-7.866945e+01	5.512751e-04
-7.856945e+01	5.525697e-04
-7.846945e+01	5.538689e-04
-7.836945e+01	5.551726e-04
-7.826945e+01	5.564810e-04
-7.816945e+01	5.577941e-04
-7.806945e+01	5.591117e-04
-7.796945e+01	5.604341e-04
-7.786945e+01	5.617612e-04
-7.776945e+01	5.630930e-04
-7.766945e+01	5.644296e-04
-7.756945e+01	5.657709e-04
-7.746945e+01	5.671171e-04
-7.736945e+01	5.684680e-04
-7.726945e+01	5.698238e-04
-7.716945e+01	5.711845e-04
-7.706945e+01	5.725501e-04
-7.696945e+01	5.739206e-04
-7.686945e+01	5.752960e-04
-7.676945e+01	5.766764e-04
-7.666945e+01	5.780618e-04
-7.656945e+01	5.794522e-04
-7.646945e+01	5.808476e-04
-7.636945e+01	5.822481e-04
-7.626945e+01	5.836536e-04
-7.616945e+01	5.850643e-04
-7.606945e+01	5.864801e-04
-7.596945e+01	5.879011e-04
-7.586945e+01	5.893272e-04
-7.576945e+01	5.907586e-04
-7.566945e+01	5.921952e-04
-7.556945e+01	5.936371e-04
-7.546945e+01	5.950842e-04
-7.536945e+01	5.965367e-04
-7.526945e+01	5.979945e-04
-7.516945e+01	5.994576e-04
-7.506945e+01	6.009262e-04
-7.496945e+01	6.024002e-04
-7.486945e+01	6.038796e-04
-7.476945e+01	6.053645e-04
-7.466945e+01	6.068548e-04
-7.456945e+01	6.083508e-04
-7.446945e+01	6.098522e-04
-7.436945e+01	6.113593e-04
-7.426945e+01	6.128719e-04
-7.416945e+01	6.143902e-04
-7.406945e+01	6.159142e-04
-7.396945e+01	6.174438e-04
-7.386945e+01	6.189792e-04
-7.376945e+01	6.205203e-04
-7.366945e+01	6.220672e-04
-7.356945e+01	6.236199e-04
-7.346945e+01	6.251784e-04
-7.336945e+01	6.267429e-04
-7.326945e+01	6.283132e-04
-7.316945e+01	6.298894e-04
-7.306945e+01	6.314716e-04
-7.296945e+01	6.330597e-04
-7.286945e+01	6.346539e-04
-7.276945e+01	6.362542e-04
-7.266945e+01	6.378605e-04
-7.256945e+01	6.394729e-04
-7.246945e+01	6.410915e-04
-7.236945e+01	6.427162e-04
-7.226945e+01	6.443471e-04
-7.216945e+01	6.459843e-04
-7.206945e+01	6.476277e-04
-7.196945e+01	6.492774e-04
-7.186945e+01	6.509335e-04
-7.176945e+01	6.525959e-04
-7.166945e+01	6.542647e-04
-7.156945e+01	6.559400e-04
-7.146945e+01	6.576217e-04
-7.136945e+01	6.593099e-04
-7.126945e+01	6.610046e-04
-7.116945e+01	6.627059e-04
-7.106945e+01	6.644138e-04
-7.096945e+01	6.661283e-04
-7.086945e+01	6.678495e-04
-7.076945e+01	6.695774e-04
-7.066945e+01	6.713120e-04
-7.056945e+01	6.730534e-04
-7.046945e+01	6.748016e-04
-7.036945e+01	6.765566e-04
-7.026945e+01	6.783185e-04
-7.016945e+01	6.800873e-04
-7.006945e+01	6.818631e-04
-6.996945e+01	6.836459e-04
-6.986945e+01	6.854357e-04
-6.976945e+01	6.872325e-04
-6.966945e+01	6.890364e-04
-6.956945e+01	6.908475e-04
-6.946945e+01	6.926657e-04
-6.936945e+01	6.944912e-04
-6.926945e+01	6.963239e-04
-6.916945e+01	6.981639e-04
-6.906945e+01	7.000112e-04
-6.896945e+01	7.018658e-04
-6.886945e+01	7.037279e-04
-6.876945e+01	7.055974e-04
-6.866945e+01	7.074744e-04
-6.856945e+01	7.093590e-04
-6.846945e+01	7.112511e-04
-6.836945e+01	7.131508e-04
-6.826945e+01	7.150581e-04
-6.816945e+01	7.169731e-04
-6.806945e+01	7.188959e-04
-6.796945e+01	7.208264e-04
-6.786945e+01	7.227648e-04
-6.776945e+01	7.247109e-04
-6.766945e+01	7.266650e-04
-6.756945e+01	7.286271e-04
-6.746945e+01	7.305971e-04
-6.736945e+01	7.325751e-04
-6.726945e+01	7.345612e-04
-6.716945e+01	7.365554e-04
-6.706945e+01	7.385578e-04
-6.696945e+01	7.405684e-04
-6.686945e+01	7.425872e-04
-6.676945e+01	7.446144e-04
-6.666945e+01	7.466498e-04
-6.656945e+01	7.486937e-04
-6.646945e+01	7.507460e-04
-6.636945e+01	7.528067e-04
-6.626945e+01	7.548760e-04
-6.616945e+01	7.569539e-04
-6.606945e+01	7.590404e-04
-6.596945e+01	7.611355e-04
-6.586945e+01	7.632394e-04
-6.576945e+01	7.653520e-04
-6.566945e+01	7.674734e-04
-6.556945e+01	7.696037e-04
-6.546945e+01	7.717430e-04
-6.536945e+01	7.738911e-04
-6.526945e+01	7.760483e-04
-6.516945e+01	7.782146e-04
-6.506945e+01	7.803900e-04
-6.496945e+01	7.825745e-04
-6.486945e+01	7.847683e-04
-6.476945e+01	7.869713e-04
-6.466945e+01	7.891836e-04
-6.456945e+01	7.914053e-04
-6.446945e+01	7.936365e-04
-6.436945e+01	7.958771e-04
-6.426945e+01	7.981273e-04
-6.416945e+01	8.003870e-04
-6.406945e+01	8.026565e-04
-6.396945e+01	8.049356e-04
-6.386945e+01	8.072244e-04
-6.376945e+01	8.095231e-04
-6.366945e+01	8.118316e-04
-6.356945e+01	8.141501e-04
-6.346945e+01	8.164785e-04
-6.336945e+01	8.188170e-04
-6.326945e+01	8.211656e-04
-6.316945e+01	8.235243e-04
-6.306945e+01	8.258933e-04
-6.296945e+01	8.282725e-04
-6.286945e+01	8.306621e-04
-6.276945e+01	8.330620e-04
-6.266945e+01	8.354724e-04
-6.256945e+01	8.378933e-04
-6.246945e+01	8.403248e-04
-6.236945e+01	8.427670e-04
-6.226945e+01	8.452198e-04
-6.216945e+01	8.476834e-04
-6.206945e+01	8.501579e-04
-6.196945e+01	8.526432e-04
-6.186945e+01	8.551395e-04
-6.176945e+01	8.576467e-04
-6.166945e+01	8.601651e-04
-6.156945e+01	8.626947e-04
-6.146945e+01	8.652354e-04
-6.136945e+01	8.677875e-04
-6.126945e+01	8.703508e-04
-6.116945e+01	8.729256e-04
-6.106945e+01	8.755119e-04
-6.096945e+01	8.781098e-04
-6.086945e+01	8.807193e-04
-6.076945e+01	8.833404e-04
-6.066945e+01	8.859734e-04
-6.056945e+01	8.886181e-04
-6.046945e+01	8.912748e-04
-6.036945e+01	8.939435e-04
-6.026945e+01	8.966242e-04
-6.016945e+01	8.993170e-04
-6.006945e+01	9.020220e-04
-5.996945e+01	9.047393e-04
-5.986945e+01	9.074690e-04
-5.976945e+01	9.102110e-04
-5.966945e+01	9.129656e-04
-5.956945e+01	9.157327e-04
-5.946945e+01	9.185125e-04
-5.936945e+01	9.213050e-04
-5.926945e+01	9.241103e-04
-5.916945e+01	9.269285e-04
-5.906945e+01	9.297597e-04
-5.896945e+01	9.326039e-04
-5.886945e+01	9.354613e-04
-5.876945e+01	9.383318e-04
-5.866945e+01	9.412157e-04
-5.856945e+01	9.441129e-04
-5.846945e+01	9.470235e-04
-5.836945e+01	9.499477e-04
-5.826945e+01	9.528855e-04
-5.816945e+01	9.558370e-04
-5.806945e+01	9.588024e-04
-5.796945e+01	9.617816e-04
-5.786945e+01	9.647747e-04
-5.776945e+01	9.677819e-04
-5.766945e+01	9.708033e-04
-5.756945e+01	9.738389e-04
-5.746945e+01	9.768888e-04
-5.736945e+01	9.799531e-04
-5.726945e+01	9.830319e-04
-5.716945e+01	9.861254e-04
-5.706945e+01	9.892335e-04
-5.696945e+01	9.923564e-04
-5.686945e+01	9.954941e-04
-5.676945e+01	9.986469e-04
-5.666945e+01	1.001815e-03
-5.656945e+01	1.004998e-03
-5.646945e+01	1.008196e-03
-5.636945e+01	1.011409e-03
-5.626945e+01	1.014638e-03
-5.616945e+01	1.017883e-03
-5.606945e+01	1.021143e-03
-5.596945e+01	1.024419e-03
-5.586945e+01	1.027711e-03
-5.576945e+01	1.031019e-03
-5.566945e+01	1.034343e-03
-5.556945e+01	1.037683e-03
-5.546945e+01	1.041039e-03
-5.536945e+01	1.044412e-03
-5.526945e+01	1.047801e-03
-5.516945e+01	1.051207e-03
-5.506945e+01	1.054630e-03
-5.496945e+01	1.058069e-03
-5.486945e+01	1.061526e-03
-5.476945e+01	1.064999e-03
-5.466945e+01	1.068489e-03
-5.456945e+01	1.071997e-03
-5.446945e+01	1.075522e-03
-5.436945e+01	1.079065e-03
-5.426945e+01	1.082625e-03
-5.416945e+01	1.086203e-03
-5.406945e+01	1.089799e-03
-5.396945e+01	1.093413e-03
-5.386945e+01	1.097045e-03
-5.376945e+01	1.100695e-03
-5.366945e+01	1.104363e-03
-5.356945e+01	1.108050e-03
-5.346945e+01	1.111756e-03
-5.336945e+01	1.115480e-03
-5.326945e+01	1.119223e-03
-5.316945e+01	1.122985e-03
-5.306945e+01	1.126766e-03
-5.296945e+01	1.130567e-03
-5.286945e+01	1.134386e-03
-5.276945e+01	1.138226e-03
-5.266945e+01	1.142084e-03
-5.256945e+01	1.145963e-03
-5.246945e+01	1.149861e-03
-5.236945e+01	1.153780e-03
-5.226945e+01	1.157718e-03
-5.216945e+01	1.161677e-03
-5.206945e+01	1.165657e-03
-5.196945e+01	1.169657e-03
-5.186945e+01	1.173677e-03
-5.176945e+01	1.177719e-03
-5.166945e+01	1.181782e-03
-5.156945e+01	1.185865e-03
-5.146945e+01	1.189970e-03
-5.136945e+01	1.194097e-03
-5.126945e+01	1.198245e-03
-5.116945e+01	1.202415e-03
-5.106945e+01	1.206607e-03
-5.096945e+01	1.210821e-03
-5.086945e+01	1.215057e-03
-5.076945e+01	1.219316e-03
-5.066945e+01	1.223597e-03
-5.056945e+01	1.227900e-03
-5.046945e+01	1.232227e-03
-5.036945e+01	1.236577e-03
-5.026945e+01	1.240950e-03
-5.016945e+01	1.245346e-03
-5.006945e+01	1.249766e-03
-4.996945e+01	1.254209e-03
-4.986945e+01	1.258677e-03
-4.976945e+01	1.263168e-03
-4.966945e+01	1.267684e-03
-4.956945e+01	1.272224e-03
-4.946945e+01	1.276788e-03
-4.936945e+01	1.281377e-03
-4.926945e+01	1.285992e-03
-4.916945e+01	1.290631e-03
-4.906945e+01	1.295296e-03
-4.896945e+01	1.299986e-03
-4.886945e+01	1.304702e-03
-4.876945e+01	1.309443e-03
-4.866945e+01	1.314211e-03
-4.856945e+01	1.319005e-03
-4.846945e+01	1.323825e-03
-4.836945e+01	1.328672e-03
-4.826945e+01	1.333546e-03
-4.816945e+01	1.338447e-03
-4.806945e+01	1.343375e-03
-4.796945e+01	1.348330e-03
-4.786945e+01	1.353314e-03
-4.776945e+01	1.358324e-03
-4.766945e+01	1.363363e-03
-4.756945e+01	1.368431e-03
-4.746945e+01	1.373526e-03
-4.736945e+01	1.378651e-03
-4.726945e+01	1.383804e-03
-4.716945e+01	1.388987e-03
-4.706945e+01	1.394198e-03
-4.696945e+01	1.399440e-03
-4.686945e+01	1.404711e-03
-4.676945e+01	1.410012e-03
-4.666945e+01	1.415343e-03
-4.656945e+01	1.420705e-03
-4.646945e+01	1.426098e-03
-4.636945e+01	1.431522e-03
-4.626945e+01	1.436976e-03
-4.616945e+01	1.442463e-03
-4.606945e+01	1.447980e-03
-4.596945e+01	1.453530e-03
-4.586945e+01	1.459112e-03
-4.576945e+01	1.464727e-03
-4.566945e+01	1.470374e-03
-4.556945e+01	1.476054e-03
-4.546945e+01	1.481767e-03
-4.536945e+01	1.487513e-03
-4.526945e+01	1.493294e-03
-4.516945e+01	1.499108e-03
-4.506945e+01	1.504957e-03
-4.496945e+01	1.510840e-03
-4.486945e+01	1.516758e-03
-4.476945e+01	1.522711e-03
-4.466945e+01	1.528699e-03
-4.456945e+01	1.534723e-03
-4.446945e+01	1.540783e-03
-4.436945e+01	1.546879e-03
-4.426945e+01	1.553011e-03
-4.416945e+01	1.559180e-03
-4.406945e+01	1.565387e-03
-4.396945e+01	1.571631e-03
-4.386945e+01	1.577912e-03
-4.376945e+01	1.584232e-03
-4.366945e+01	1.590589e-03
-4.356945e+01	1.596986e-03
-4.346945e+01	1.603421e-03
-4.336945e+01	1.609896e-03
-4.326945e+01	1.616410e-03
-4.316945e+01	1.622964e-03
-4.306945e+01	1.629558e-03
-4.296945e+01	1.636193e-03
-4.286945e+01	1.642868e-03
-4.276945e+01	1.649585e-03
-4.266945e+01	1.656344e-03
-4.256945e+01	1.663144e-03
-4.246945e+01	1.669987e-03
-4.236945e+01	1.676872e-03
-4.226945e+01	1.683801e-03
-4.216945e+01	1.690772e-03
-4.206945e+01	1.697788e-03
-4.196945e+01	1.704847e-03
-4.186945e+01	1.711951e-03
-4.176945e+01	1.719100e-03
-4.166945e+01	1.726293e-03
-4.156945e+01	1.733533e-03
-4.146945e+01	1.740818e-03
-4.136945e+01	1.748150e-03
-4.126945e+01	1.755529e-03
-4.116945e+01	1.762955e-03
-4.106945e+01	1.770428e-03
-4.096945e+01	1.777949e-03
-4.086945e+01	1.785519e-03
-4.076945e+01	1.793138e-03
-4.066945e+01	1.800806e-03
-4.056945e+01	1.808523e-03
-4.046945e+01	1.816291e-03
-4.036945e+01	1.824109e-03
-4.026945e+01	1.831978e-03
-4.016945e+01	1.839898e-03
-4.006945e+01	1.847871e-03
-3.996945e+01	1.855896e-03
-3.986945e+01	1.863973e-03
-3.976945e+01	1.872104e-03
-3.966945e+01	1.880289e-03
-3.956945e+01	1.888528e-03
-3.946945e+01	1.896821e-03
-3.936945e+01	1.905170e-03
-3.926945e+01	1.913575e-03
-3.916945e+01	1.922035e-03
-3.906945e+01	1.930553e-03
-3.896945e+01	1.939127e-03
-3.886945e+01	1.947760e-03
-3.876945e+01	1.956450e-03
-3.866945e+01	1.965200e-03
-3.856945e+01	1.974008e-03
-3.846945e+01	1.982877e-03
-3.836945e+01	1.991806e-03
-3.826945e+01	2.000796e-03
-3.816945e+01	2.009847e-03
-3.806945e+01	2.018961e-03
-3.796945e+01	2.028137e-03
-3.786945e+01	2.037377e-03
-3.776945e+01	2.046680e-03
-3.766945e+01	2.056048e-03
-3.756945e+01	2.065481e-03
-3.746945e+01	2.074979e-03
-3.736945e+01	2.084544e-03
-3.726945e+01	2.094176e-03
-3.716945e+01	2.103875e-03
-3.706945e+01	2.113642e-03
-3.696945e+01	2.123478e-03
-3.686945e+01	2.133384e-03
-3.676945e+01	2.143359e-03
-3.666945e+01	2.153406e-03
-3.656945e+01	2.163524e-03
-3.646945e+01	2.173714e-03
-3.636945e+01	2.183977e-03
-3.626945e+01	2.194313e-03
-3.616945e+01	2.204724e-03
-3.606945e+01	2.215210e-03
-3.596945e+01	2.225771e-03
-3.586945e+01	2.236409e-03
-3.576945e+01	2.247124e-03
-3.566945e+01	2.257917e-03
-3.556945e+01	2.268788e-03
-3.546945e+01	2.279739e-03
-3.536945e+01	2.290771e-03
-3.526945e+01	2.301883e-03
-3.516945e+01	2.313078e-03
-3.506945e+01	2.324355e-03
-3.496945e+01	2.335715e-03
-3.486945e+01	2.347160e-03
-3.476945e+01	2.358690e-03
-3.466945e+01	2.370306e-03
-3.456945e+01	2.382009e-03
-3.446945e+01	2.393800e-03
-3.436945e+01	2.405679e-03
-3.426945e+01	2.417648e-03
-3.416945e+01	2.429707e-03
-3.406945e+01	2.441858e-03
-3.396945e+01	2.454102e-03
-3.386945e+01	2.466438e-03
-3.376945e+01	2.478869e-03
-3.366945e+01	2.491395e-03
-3.356945e+01	2.504017e-03
-3.346945e+01	2.516736e-03
-3.336945e+01	2.529554e-03
-3.326945e+01	2.542471e-03
-3.316945e+01	2.555488e-03
-3.306945e+01	2.568606e-03
-3.296945e+01	2.581827e-03
-3.286945e+01	2.595152e-03
-3.276945e+01	2.608581e-03
-3.266945e+01	2.622115e-03
-3.256945e+01	2.635757e-03
-3.246945e+01	2.649506e-03
-3.236945e+01	2.663364e-03
-3.226945e+01	2.677333e-03
-3.216945e+01	2.691413e-03
-3.206945e+01	2.705606e-03
-3.196945e+01	2.719913e-03
-3.186945e+01	2.734335e-03
-3.176945e+01	2.748873e-03
-3.166945e+01	2.763529e-03
-3.156945e+01	2.778303e-03
-3.146945e+01	2.793198e-03
-3.136945e+01	2.808215e-03
-3.126945e+01	2.823354e-03
-3.116945e+01	2.838618e-03
-3.106945e+01	2.854008e-03
-3.096945e+01	2.869524e-03
-3.086945e+01	2.885169e-03
-3.076945e+01	2.900944e-03
-3.066945e+01	2.916850e-03
-3.056945e+01	2.932889e-03
-3.046945e+01	2.949062e-03
-3.036945e+01	2.965371e-03
-3.026945e+01	2.981817e-03
-3.016945e+01	2.998403e-03
-3.006945e+01	3.015129e-03
-2.996945e+01	3.031997e-03
-2.986945e+01	3.049009e-03
-2.976945e+01	3.066167e-03
-2.966945e+01	3.083471e-03
-2.956945e+01	3.100925e-03
-2.946945e+01	3.118529e-03
-2.936945e+01	3.136286e-03
-2.926945e+01	3.154196e-03
-2.916945e+01	3.172263e-03
-2.906945e+01	3.190487e-03
-2.896945e+01	3.208871e-03
-2.886945e+01	3.227417e-03
-2.876945e+01	3.246126e-03
-2.866945e+01	3.265001e-03
-2.856945e+01	3.284043e-03
-2.846945e+01	3.303254e-03
-2.836945e+01	3.322637e-03
-2.826945e+01	3.342194e-03
-2.816945e+01	3.361926e-03
-2.806945e+01	3.381836e-03
-2.796945e+01	3.401926e-03
-2.786945e+01	3.422198e-03
-2.776945e+01	3.442654e-03
-2.766945e+01	3.463298e-03
-2.756945e+01	3.484130e-03
-2.746945e+01	3.505154e-03
-2.736945e+01	3.526371e-03
-2.726945e+01	3.547785e-03
-2.716945e+01	3.569397e-03
-2.706945e+01	3.591210e-03
-2.696945e+01	3.613228e-03
-2.686945e+01	3.635451e-03
-2.676945e+01	3.657883e-03
-2.666945e+01	3.680527e-03
-2.656945e+01	3.703385e-03
-2.646945e+01	3.726460e-03
-2.636945e+01	3.749755e-03
-2.626945e+01	3.773273e-03
-2.616945e+01	3.797016e-03
-2.606945e+01	3.820987e-03
-2.596945e+01	3.845190e-03
-2.586945e+01	3.869628e-03
-2.576945e+01	3.894303e-03
-2.566945e+01	3.919219e-03
-2.556945e+01	3.944379e-03
-2.546945e+01	3.969786e-03
-2.536945e+01	3.995444e-03
-2.526945e+01	4.021355e-03
-2.516945e+01	4.047524e-03
-2.506945e+01	4.073954e-03
-2.496945e+01	4.100648e-03
-2.486945e+01	4.127609e-03
-2.476945e+01	4.154843e-03
-2.466945e+01	4.182351e-03
-2.456945e+01	4.210139e-03
-2.446945e+01	4.238209e-03
-2.436945e+01	4.266566e-03
-2.426945e+01	4.295214e-03
-2.416945e+01	4.324157e-03
-2.406945e+01	4.353399e-03
-2.396945e+01	4.382945e-03
-2.386945e+01	4.412797e-03
-2.376945e+01	4.442962e-03
-2.366945e+01	4.473443e-03
-2.356945e+01	4.504245e-03
-2.346945e+01	4.535372e-03
-2.336945e+01	4.566829e-03
-2.326945e+01	4.598621e-03
-2.316945e+01	4.630753e-03
-2.306945e+01	4.663230e-03
-2.296945e+01	4.696056e-03
-2.286945e+01	4.729237e-03
-2.276945e+01	4.762779e-03
-2.266945e+01	4.796686e-03
-2.256945e+01	4.830963e-03
-2.246945e+01	4.865618e-03
-2.236945e+01	4.900654e-03
-2.226945e+01	4.936078e-03
-2.216945e+01	4.971896e-03
-2.206945e+01	5.008113e-03
-2.196945e+01	5.044737e-03
-2.186945e+01	5.081772e-03
-2.176945e+01	5.119225e-03
-2.166945e+01	5.157104e-03
-2.156945e+01	5.195413e-03
-2.146945e+01	5.234161e-03
-2.136945e+01	5.273354e-03
-2.126945e+01	5.312998e-03
-2.116945e+01	5.353102e-03
-2.106945e+01	5.393672e-03
-2.096945e+01	5.434716e-03
-2.086945e+01	5.476241e-03
-2.076945e+01	5.518255e-03
-2.066945e+01	5.560766e-03
-2.056945e+01	5.603781e-03
-2.046945e+01	5.647310e-03
-2.036945e+01	5.691361e-03
-2.026945e+01	5.735942e-03
-2.016945e+01	5.781061e-03
-2.006945e+01	5.826729e-03
-1.996945e+01	5.872953e-03
-1.986945e+01	5.919744e-03
-1.976945e+01	5.967110e-03
-1.966945e+01	6.015062e-03
-1.956945e+01	6.063609e-03
-1.946945e+01	6.112762e-03
-1.936945e+01	6.162530e-03
-1.926945e+01	6.212925e-03
-1.916945e+01	6.263958e-03
-1.906945e+01	6.315639e-03
-1.896945e+01	6.367979e-03
-1.886945e+01	6.420991e-03
-1.876945e+01	6.474686e-03
-1.866945e+01	6.529076e-03
-1.856945e+01	6.584174e-03
-1.846945e+01	6.639992e-03
-1.836945e+01	6.696543e-03
-1.826945e+01	6.753841e-03
-1.816945e+01	6.811899e-03
-1.806945e+01	6.870730e-03
-1.796945e+01	6.930350e-03
-1.786945e+01	6.990772e-03
-1.776945e+01	7.052012e-03
-1.766945e+01	7.114085e-03
-1.756945e+01	7.177006e-03
-1.746945e+01	7.240791e-03
-1.736945e+01	7.305457e-03
-1.726945e+01	7.371021e-03
-1.716945e+01	7.437499e-03
-1.706945e+01	7.504910e-03
-1.696945e+01	7.573271e-03
-1.686945e+01	7.642601e-03
-1.676945e+01	7.712919e-03
-1.666945e+01	7.784244e-03
-1.656945e+01	7.856596e-03
-1.646945e+01	7.929995e-03
-1.636945e+01	8.004464e-03
-1.626945e+01	8.080023e-03
-1.616945e+01	8.156693e-03
-1.606945e+01	8.234499e-03
-1.596945e+01	8.313463e-03
-1.586945e+01	8.393609e-03
-1.576945e+01	8.474961e-03
-1.566945e+01	8.557545e-03
-1.556945e+01	8.641387e-03
-1.546945e+01	8.726512e-03
-1.536945e+01	8.812949e-03
-1.526945e+01	8.900726e-03
-1.516945e+01	8.989871e-03
-1.506945e+01	9.080413e-03
-1.496945e+01	9.172384e-03
-1.486945e+01	9.265814e-03
-1.476945e+01	9.360736e-03
-1.466945e+01	9.457183e-03
-1.456945e+01	9.555189e-03
-1.446945e+01	9.654789e-03
-1.436945e+01	9.756019e-03
-1.426945e+01	9.858916e-03
-1.416945e+01	9.963519e-03
-1.406945e+01	1.006987e-02
-1.396945e+01	1.017800e-02
-1.386945e+01	1.028796e-02
-1.376945e+01	1.039979e-02
-1.366945e+01	1.051354e-02
-1.356945e+01	1.062924e-02
-1.346945e+01	1.074696e-02
-1.336945e+01	1.086673e-02
-1.326945e+01	1.098860e-02
-1.316945e+01	1.111264e-02
-1.306945e+01	1.123888e-02
-1.296945e+01	1.136740e-02
-1.286945e+01	1.149824e-02
-1.276945e+01	1.163146e-02
-1.266945e+01	1.176712e-02
-1.256945e+01	1.190530e-02
-1.246945e+01	1.204604e-02
-1.236945e+01	1.218943e-02
-1.226945e+01	1.233552e-02
-1.216945e+01	1.248439e-02
-1.206945e+01	1.263612e-02
-1.196945e+01	1.279078e-02
-1.186945e+01	1.294845e-02
-1.176945e+01	1.310922e-02
-1.166945e+01	1.327316e-02
-1.156945e+01	1.344038e-02
-1.146945e+01	1.361095e-02
-1.136945e+01	1.378498e-02
-1.126945e+01	1.396257e-02
-1.116945e+01	1.414381e-02
-1.106945e+01	1.432882e-02
-1.096945e+01	1.451771e-02
-1.086945e+01	1.471058e-02
-1.076945e+01	1.490756e-02
-1.066945e+01	1.510878e-02
-1.056945e+01	1.531435e-02
-1.046945e+01	1.552443e-02
-1.036945e+01	1.573914e-02
-1.026945e+01	1.595863e-02
-1.016945e+01	1.618306e-02
-1.006945e+01	1.641258e-02
-9.969451e+00	1.664736e-02
-9.869451e+00	1.688756e-02
-9.769451e+00	1.713337e-02
-9.669451e+00	1.738497e-02
-9.569451e+00	1.764257e-02
-9.469451e+00	1.790636e-02
-9.369451e+00	1.817655e-02
-9.269451e+00	1.845338e-02
-9.169451e+00	1.873707e-02
-9.069451e+00	1.902787e-02
-8.969451e+00	1.932603e-02
-8.869451e+00	1.963182e-02
-8.769451e+00	1.994553e-02
-8.669451e+00	2.026745e-02
-8.569451e+00	2.059789e-02
-8.469451e+00	2.093718e-02
-8.369451e+00	2.128566e-02
-8.269451e+00	2.164368e-02
-8.169451e+00	2.201164e-02
-8.069451e+00	2.238992e-02
-7.969451e+00	2.277896e-02
-7.869451e+00	2.317919e-02
-7.769451e+00	2.359108e-02
-7.669451e+00	2.401514e-02
-7.569451e+00	2.445189e-02
-7.469451e+00	2.490188e-02
-7.369451e+00	2.536570e-02
-7.269451e+00	2.584398e-02
-7.169451e+00	2.633738e-02
-7.069451e+00	2.684661e-02
-6.969451e+00	2.737241e-02
-6.869451e+00	2.791559e-02
-6.769451e+00	2.847698e-02
-6.669451e+00	2.905751e-02
-6.569451e+00	2.965814e-02
-6.469451e+00	3.027991e-02
-6.369451e+00	3.092393e-02
-6.269451e+00	3.159139e-02
-6.169451e+00	3.228358e-02
-6.069451e+00	3.300187e-02
-5.969451e+00	3.374775e-02
-5.869451e+00	3.452282e-02
-5.769451e+00	3.532882e-02
-5.669451e+00	3.616762e-02
-5.569451e+00	3.704125e-02
-5.469451e+00	3.795195e-02
-5.369451e+00	3.890210e-02
-5.269451e+00	3.989437e-02
-5.169451e+00	4.093162e-02
-5.069451e+00	4.201702e-02
-4.969451e+00	4.315406e-02
-4.869451e+00	4.434658e-02
-4.769451e+00	4.559883e-02
-4.669451e+00	4.691554e-02
-4.569451e+00	4.830196e-02
-4.469451e+00	4.976396e-02
-4.369451e+00	5.130814e-02
-4.269451e+00	5.294193e-02
-4.169451e+00	5.467373e-02
-4.069451e+00	5.651309e-02
-3.969451e+00	5.847093e-02
-3.869451e+00	6.055977e-02
-3.769451e+00	6.279410e-02
-3.669451e+00	6.519074e-02
-3.569451e+00	6.776939e-02
-3.469451e+00	7.055325e-02
-3.369451e+00	7.356989e-02
-3.269451e+00	7.685235e-02
-3.169451e+00	8.044055e-02
-3.069451e+00	8.438327e-02
-2.969451e+00	8.874073e-02
-2.869451e+00	9.358816e-02
-2.769451e+00	9.902079e-02
-2.669451e+00	1.051609e-01
-2.569451e+00	1.121681e-01
-2.469451e+00	1.202540e-01
-2.369451e+00	1.297051e-01
-2.269451e+00	1.409175e-01
-2.169451e+00	1.544514e-01
-2.069451e+00	1.711214e-01
-1.969451e+00	1.921464e-01
-1.869451e+00	2.194105e-01
-1.769451e+00	2.559319e-01
-1.669451e+00	3.067245e-01
-1.569451e+00	3.804002e-01
-1.469451e+00	4.919863e-01
-1.369451e+00	6.664898e-01
-1.269451e+00	9.343492e-01
-1.169451e+00	1.274554e+00
-1.069451e+00	1.474314e+00
-9.694509e-01	1.314099e+00
-8.694509e-01	9.975376e-01
-7.694509e-01	7.494433e-01
-6.694509e-01	5.983520e-01
-5.694509e-01	5.156856e-01
-4.694509e-01	4.777647e-01
-3.694509e-01	4.712231e-01
-2.694509e-01	4.886278e-01
-1.694509e-01	5.290440e-01
-6.945093e-02	6.025319e-01
3.054907e-02	7.256728e-01
1.305491e-01	9.090136e-01
2.305491e-01	1.104932e+00
3.305491e-01	1.173040e+00
4.305491e-01	1.107079e+00
5.305491e-01	1.061768e+00
6.305491e-01	1.109224e+00
7.305491e-01	1.262903e+00
8.305491e-01	1.549010e+00
9.305491e-01	1.959579e+00
1.030549e+00	2.290675e+00
1.130549e+00	2.276790e+00
1.230549e+00	2.115505e+00
1.330549e+00	2.111579e+00
1.430549e+00	2.370969e+00
1.530549e+00	2.941759e+00
1.630549e+00	3.792305e+00
1.730549e+00	4.499892e+00
1.830549e+00	4.478735e+00
1.930549e+00	4.113204e+00
2.030549e+00	4.065462e+00
2.130549e+00	4.576223e+00
2.230549e+00	5.802038e+00
2.330549e+00	8.018103e+00
2.430549e+00	1.140063e+01
2.530549e+00	1.478591e+01
2.630549e+00	1.491378e+01
2.730549e+00	1.155527e+01
2.830549e+00	7.970668e+00
2.930549e+00	5.495147e+00
3.030549e+00	3.960419e+00
3.130549e+00	3.008561e+00
3.230549e+00	2.367331e+00
3.330549e+00	1.885387e+00
3.430549e+00	1.516071e+00
3.530549e+00	1.241488e+00
3.630549e+00	1.039777e+00
3.730549e+00	8.895215e-01
3.830549e+00	7.752066e-01
3.930549e+00	6.865789e-01
4.030549e+00	6.168835e-01
4.130549e+00	5.615928e-01
4.230549e+00	5.176380e-01
4.330549e+00	4.829531e-01
4.430549e+00	4.561853e-01
4.530549e+00	4.365549e-01
4.630549e+00	4.232079e-01
4.730549e+00	4.127586e-01
4.830549e+00	4.004300e-01
4.930549e+00	3.875404e-01
5.030549e+00	3.779083e-01
5.130549e+00	3.727945e-01
5.230549e+00	3.719175e-01
5.330549e+00	3.748587e-01
5.430549e+00	3.814458e-01
5.530549e+00	3.917555e-01
5.630549e+00	4.060824e-01
5.730549e+00	4.249385e-01
5.830549e+00	4.490883e-01
5.930549e+00	4.796196e-01
6.030549e+00	5.180628e-01
6.130549e+00	5.665820e-01
6.230549e+00	6.282802e-01
6.330549e+00	7.076947e-01
6.430549e+00	8.116047e-01
6.530549e+00	9.502791e-01
6.630549e+00	1.139122e+00
6.730549e+00	1.401513e+00
6.830549e+00	1.779222e+00
6.930549e+00	2.350643e+00
7.030549e+00	3.249599e+00
7.130549e+00	4.679023e+00
7.230549e+00	6.779812e+00
7.330549e+00	8.914918e+00
7.430549e+00	9.137508e+00
7.530549e+00	7.191657e+00
7.630549e+00	5.042277e+00
7.730549e+00	3.547354e+00
7.830549e+00	2.618216e+00
7.930549e+00	2.045640e+00
8.030549e+00	1.687890e+00
8.130549e+00	1.463191e+00
8.230549e+00	1.325383e+00
8.330549e+00	1.248233e+00
8.430549e+00	1.216896e+00
8.530549e+00	1.223435e+00
8.630549e+00	1.264521e+00
8.730549e+00	1.340364e+00
8.830549e+00	1.454436e+00
8.930549e+00	1.613823e+00
9.030549e+00	1.830290e+00
9.130549e+00	2.122319e+00
9.230549e+00	2.518759e+00
9.330549e+00	3.065322e+00
9.430549e+00	3.836349e+00
9.530549e+00	4.956610e+00
9.630549e+00	6.641838e+00
9.730549e+00	9.269563e+00
9.830549e+00	1.346496e+01
9.930549e+00	1.995940e+01
1.003055e+01	2.806954e+01
1.013055e+01	3.228879e+01
1.023055e+01	2.764343e+01
1.033055e+01	1.953586e+01
1.043055e+01	1.318565e+01
1.053055e+01	9.111524e+00
1.063055e+01	6.575057e+00
1.073055e+01	4.973598e+00
1.083055e+01	3.945296e+00
1.093055e+01	3.253668e+00
1.103055e+01	2.710028e+00
1.113055e+01	2.247767e+00
1.123055e+01	1.881904e+00
1.133055e+01	1.588018e+00
1.143055e+01	1.345507e+00
1.153055e+01	1.153476e+00
1.163055e+01	1.004427e+00
1.173055e+01	8.881432e-01
1.183055e+01	7.971254e-01
1.193055e+01	7.270764e-01
1.203055e+01	6.764552e-01
1.213055e+01	6.458449e-01
1.223055e+01	6.351247e-01
1.233055e+01	6.334580e-01
1.243055e+01	6.161856e-01
1.253055e+01	5.852844e-01
1.263055e+01	5.525791e-01
1.273055e+01	5.002442e-01
1.283055e+01	4.343318e-01
1.293055e+01	3.777297e-01
1.303055e+01	3.355572e-01
1.313055e+01	3.043691e-01
1.323055e+01	2.807304e-01
1.333055e+01	2.626819e-01
1.343055e+01	2.494412e-01
1.353055e+01	2.409007e-01
1.363055e+01	2.362859e-01
1.373055e+01	2.313419e-01
1.383055e+01	2.220711e-01
1.393055e+01	2.120321e-01
1.403055e+01	2.023022e-01
1.413055e+01	1.896329e-01
1.423055e+01	1.757729e-01
1.433055e+01	1.643937e-01
1.443055e+01	1.563308e-01
1.453055e+01	1.513613e-01
1.463055e+01	1.496503e-01
1.473055e+01	1.521159e-01
1.483055e+01	1.602554e-01
1.493055e+01	1.736022e-01
1.503055e+01	1.819444e-01
1.513055e+01	1.707989e-01
1.523055e+01	1.484562e-01
1.533055e+01	1.290551e-01
1.543055e+01	1.152951e-01
1.553055e+01	1.055971e-01
1.563055e+01	9.842140e-02
1.573055e+01	9.281286e-02
1.583055e+01	8.821957e-02
1.593055e+01	8.431882e-02
1.603055e+01	8.091513e-02
1.613055e+01	7.788525e-02
1.623055e+01	7.514829e-02
1.633055e+01	7.264920e-02
1.643055e+01	7.034932e-02
1.653055e+01	6.822075e-02
1.663055e+01	6.624302e-02
1.673055e+01	6.440093e-02
1.683055e+01	6.268333e-02
1.693055e+01	6.108232e-02
1.703055e+01	5.959289e-02
1.713055e+01	5.821293e-02
1.723055e+01	5.694354e-02
1.733055e+01	5.578993e-02
1.743055e+01	5.476311e-02
1.753055e+01	5.388298e-02
1.763055e+01	5.318409e-02
1.773055e+01	5.272605e-02
1.783055e+01	5.261083e-02
1.793055e+01	5.299887e-02
1.803055e+01	5.405337e-02
1.813055e+01	5.561823e-02
1.823055e+01	5.700497e-02
1.833055e+01	5.775732e-02
1.843055e+01	5.760523e-02
1.853055e+01	5.656007e-02
1.863055e+01	5.588110e-02
1.873055e+01	5.674023e-02
1.883055e+01	5.903245e-02
1.893055e+01	6.118038e-02
1.903055e+01	6.235024e-02
1.913055e+01	6.467092e-02
1.923055e+01	7.027454e-02
1.933055e+01	8.067719e-02
1.943055e+01	9.794853e-02
1.953055e+01	1.251558e-01
1.963055e+01	1.607679e-01
1.973055e+01	1.848125e-01
1.983055e+01	1.728477e-01
1.993055e+01	1.404734e-01
2.003055e+01	1.125275e-01
2.013055e+01	9.222235e-02
2.023055e+01	7.621611e-02
2.033055e+01	6.396719e-02
2.043055e+01	5.495802e-02
2.053055e+01	4.858417e-02
2.063055e+01	4.394475e-02
2.073055e+01	4.030881e-02
2.083055e+01	3.749802e-02
2.093055e+01	3.538714e-02
2.103055e+01	3.380620e-02
2.113055e+01	3.263925e-02
2.123055e+01	3.183586e-02
2.133055e+01	3.137258e-02
2.143055e+01	3.118927e-02
2.153055e+01	3.123908e-02
2.163055e+01	3.169949e-02
2.173055e+01	3.271615e-02
2.183055e+01	3.396042e-02
2.193055e+01	3.484716e-02
2.203055e+01	3.542305e-02
2.213055e+01	3.607657e-02
2.223055e+01	3.742331e-02
2.233055e+01	3.962133e-02
2.243055e+01	4.348183e-02
2.253055e+01	5.043380e-02
2.263055e+01	5.896249e-02
2.273055e+01	6.130989e-02
2.283055e+01	5.356337e-02
2.293055e+01	4.331472e-02
2.303055e+01	3.554238e-02
2.313055e+01	3.041585e-02
2.323055e+01	2.706567e-02
2.333055e+01	2.479942e-02
2.343055e+01	2.319577e-02
2.353055e+01	2.201171e-02
2.363055e+01	2.110614e-02
2.373055e+01	2.039576e-02
2.383055e+01	1.983164e-02
2.393055e+01	1.938756e-02
2.403055e+01	1.905536e-02
2.413055e+01	1.884484e-02
2.423055e+01	1.878158e-02
2.433055e+01	1.886945e-02
2.443055e+01	1.895712e-02
2.453055e+01	1.878167e-02
2.463055e+01	1.843893e-02
2.473055e+01	1.809244e-02
2.483055e+01	1.771970e-02
2.493055e+01	1.742271e-02
2.503055e+01	1.731463e-02
2.513055e+01	1.745292e-02
2.523055e+01	1.790327e-02
2.533055e+01	1.867481e-02
2.543055e+01	1.936553e-02
2.553055e+01	1.920436e-02
2.563055e+01	1.843269e-02
2.573055e+01	1.786490e-02
2.583055e+01	1.773910e-02
2.593055e+01	1.786346e-02
2.603055e+01	1.784511e-02
2.613055e+01	1.768490e-02
2.623055e+01	1.779878e-02
2.633055e+01	1.832297e-02
2.643055e+01	1.894972e-02
2.653055e+01	1.937155e-02
2.663055e+01	1.971043e-02
2.673055e+01	2.003772e-02
2.683055e+01	2.048114e-02
2.693055e+01	2.074068e-02
2.703055e+01	2.044298e-02
2.713055e+01	2.009450e-02
2.723055e+01	2.036463e-02
2.733055e+01	2.164039e-02
2.743055e+01	2.413890e-02
2.753055e+01	2.760588e-02
2.763055e+01	3.047511e-02
2.773055e+01	3.078873e-02
2.783055e+01	2.926717e-02
2.793055e+01	2.781729e-02
2.803055e+01	2.670378e-02
2.813055e+01	2.628600e-02
2.823055e+01	2.719268e-02
2.833055e+01	2.949881e-02
2.843055e+01	3.329360e-02
2.853055e+01	3.934717e-02
2.863055e+01	4.730053e-02
2.873055e+01	5.455772e-02
2.883055e+01	5.999051e-02
2.893055e+01	6.322183e-02
2.903055e+01	6.011298e-02
2.913055e+01	5.239244e-02
2.923055e+01	4.642524e-02
2.933055e+01	4.252864e-02
2.943055e+01	3.902382e-02
2.953055e+01	3.698730e-02
2.963055e+01	3.763826e-02
2.973055e+01	4.111075e-02
2.983055e+01	4.773219e-02
2.993055e+01	5.890299e-02
3.003055e+01	7.434452e-02
3.013055e+01	8.881346e-02
3.023055e+01	1.010208e-01
3.033055e+01	1.143165e-01
3.043055e+01	1.155282e-01
3.053055e+01	9.613363e-02
3.063055e+01	7.244661e-02
3.073055e+01	5.517712e-02
3.083055e+01	4.478683e-02
3.093055e+01	3.848591e-02
3.103055e+01	3.323282e-02
3.113055e+01	2.838289e-02
3.123055e+01	2.466557e-02
3.133055e+01	2.217885e-02
3.143055e+01	2.063975e-02
3.153055e+01	1.982943e-02
3.163055e+01	1.971878e-02
3.173055e+01	2.033743e-02
3.183055e+01	2.164587e-02
3.193055e+01	2.368269e-02
3.203055e+01	2.698199e-02
3.213055e+01	3.251608e-02
3.223055e+01	4.039483e-02
3.233055e+01	4.717515e-02
3.243055e+01	4.856678e-02
3.253055e+01	4.853702e-02
3.263055e+01	5.066612e-02
3.273055e+01	4.981323e-02
3.283055e+01	4.262686e-02
3.293055e+01	3.460315e-02
3.303055e+01	2.899061e-02
3.313055e+01	2.509017e-02
3.323055e+01	2.227193e-02
3.333055e+01	2.045569e-02
3.343055e+01	1.946554e-02
3.353055e+01	1.938039e-02
3.363055e+01	2.020058e-02
3.373055e+01	2.124274e-02
3.383055e+01	2.093197e-02
3.393055e+01	1.958209e-02
3.403055e+01	1.889901e-02
3.413055e+01	1.945637e-02
3.423055e+01	2.125869e-02
3.433055e+01	2.457623e-02
3.443055e+01	2.859923e-02
3.453055e+01	2.978198e-02
3.463055e+01	2.717819e-02
3.473055e+01	2.417013e-02
3.483055e+01	2.209316e-02
3.493055e+01	2.127117e-02
3.503055e+01	2.174756e-02
3.513055e+01	2.198647e-02
3.523055e+01	2.074500e-02
3.533055e+01	1.894916e-02
3.543055e+01	1.742871e-02
3.553055e+01	1.622155e-02
3.563055e+01	1.455308e-02
3.573055e+01	1.262351e-02
3.583055e+01	1.112386e-02
3.593055e+01	1.015238e-02
3.603055e+01	9.574894e-03
3.613055e+01	9.283682e-03
3.623055e+01	9.226125e-03
3.633055e+01	9.372853e-03
3.643055e+01	9.683811e-03
3.653055e+01	1.020549e-02
3.663055e+01	1.115774e-02
3.673055e+01	1.284803e-02
3.683055e+01	1.563301e-02
3.693055e+01	1.948916e-02
3.703055e+01	2.245981e-02
3.713055e+01	2.140936e-02
3.723055e+01	1.767824e-02
3.733055e+01	1.439812e-02
3.743055e+01	1.242474e-02
3.753055e+01	1.156509e-02
3.763055e+01	1.164074e-02
3.773055e+01	1.264133e-02
3.783055e+01	1.437339e-02
3.793055e+01	1.551139e-02
3.803055e+01	1.442495e-02
3.813055e+01	1.217746e-02
3.823055e+01	1.029811e-02
3.833055e+01	9.068918e-03
3.843055e+01	8.323884e-03
3.853055e+01	7.915878e-03
3.863055e+01	7.757358e-03
3.873055e+01	7.660048e-03
3.883055e+01	7.395309e-03
3.893055e+01	7.047027e-03
3.903055e+01	6.807107e-03
3.913055e+01	6.714270e-03
3.923055e+01	6.743226e-03
3.933055e+01	6.883102e-03
3.943055e+01	7.083121e-03
3.953055e+01	7.236245e-03
3.963055e+01	7.423140e-03
3.973055e+01	7.850720e-03
3.983055e+01	8.667552e-03
3.993055e+01	9.901676e-03
4.003055e+01	1.112256e-02
4.013055e+01	1.144793e-02
4.023055e+01	1.086545e-02
4.033055e+01	1.030345e-02
4.043055e+01	1.027285e-02
4.053055e+01	1.070853e-02
4.063055e+01	1.122037e-02
4.073055e+01	1.128362e-02
4.083055e+01	1.116405e-02
4.093055e+01	1.153226e-02
4.103055e+01	1.262208e-02
4.113055e+01	1.430736e-02
4.123055e+01	1.645300e-02
4.133055e+01	1.968530e-02
4.143055e+01	2.504667e-02
4.153055e+01	3.321403e-02
4.163055e+01	4.303751e-02
4.173055e+01	4.781732e-02
4.183055e+01	4.279108e-02
4.193055e+01	3.417201e-02
4.203055e+01	2.629418e-02
4.213055e+01	2.033959e-02
4.223055e+01	1.659297e-02
4.233055e+01	1.451680e-02
4.243055e+01	1.337498e-02
4.253055e+01	1.272275e-02
4.263055e+01	1.211649e-02
4.273055e+01	1.097103e-02
4.283055e+01	9.712759e-03
4.293055e+01	8.883859e-03
4.303055e+01	8.379398e-03
4.313055e+01	7.798172e-03
4.323055e+01	7.104249e-03
4.333055e+01	6.541039e-03
4.343055e+01	6.191488e-03
4.353055e+01	6.025787e-03
4.363055e+01	5.998076e-03
4.373055e+01	6.019436e-03
4.383055e+01	5.980123e-03
4.393055e+01	5.949386e-03
4.403055e+01	6.059503e-03
4.413055e+01	6.382843e-03
4.423055e+01	6.998373e-03
4.433055e+01	8.028209e-03
4.443055e+01	9.574200e-03
4.453055e+01	1.158564e-02
4.463055e+01	1.372808e-02
4.473055e+01	1.478076e-02
4.483055e+01	1.399892e-02
4.493055e+01	1.276765e-02
4.503055e+01	1.213488e-02
4.513055e+01	1.156855e-02
4.523055e+01	1.048212e-02
4.533055e+01	9.444139e-03
4.543055e+01	8.507403e-03
4.553055e+01	7.417001e-03
4.563055e+01	6.463648e-03
4.573055e+01	5.832876e-03
4.583055e+01	5.481569e-03
4.593055e+01	5.329938e-03
4.603055e+01	5.317366e-03
4.613055e+01	5.458533e-03
4.623055e+01	5.835377e-03
4.633055e+01	6.502844e-03
4.643055e+01	7.321154e-03
4.653055e+01	7.729924e-03
4.663055e+01	7.348039e-03
4.673055e+01	6.738130e-03
4.683055e+01	6.380882e-03
4.693055e+01	6.348617e-03
4.703055e+01	6.424061e-03
4.713055e+01	6.216026e-03
4.723055e+01	5.726373e-03
4.733055e+01	5.280865e-03
4.743055e+01	5.023070e-03
4.753055e+01	4.955026e-03
4.763055e+01	5.052372e-03
4.773055e+01	5.298836e-03
4.783055e+01	5.699878e-03
4.793055e+01	6.288740e-03
4.803055e+01	7.044340e-03
4.813055e+01	7.706573e-03
4.823055e+01	8.156358e-03
4.833055e+01	8.827544e-03
4.843055e+01	1.006627e-02
4.853055e+01	1.191568e-02
4.863055e+01	1.441207e-02
4.873055e+01	1.820124e-02
4.883055e+01	2.314633e-02
4.893055e+01	2.562110e-02
4.903055e+01	2.243712e-02
4.913055e+01	1.719837e-02
4.923055e+01	1.334470e-02
4.933055e+01	1.126469e-02
4.943055e+01	1.029631e-02
4.953055e+01	9.427524e-03
4.963055e+01	8.201922e-03
4.973055e+01	6.966904e-03
4.983055e+01	5.980327e-03
4.993055e+01	5.305444e-03
5.003055e+01	4.890463e-03
5.013055e+01	4.672405e-03
5.023055e+01	4.589969e-03
5.033055e+01	4.553310e-03
5.043055e+01	4.518965e-03
5.053055e+01	4.487024e-03
5.063055e+01	4.413937e-03
5.073055e+01	4.377590e-03
5.083055e+01	4.480747e-03
5.093055e+01	4.773777e-03
5.103055e+01	5.292672e-03
5.113055e+01	5.897316e-03
5.123055e+01	6.083421e-03
5.133055e+01	5.732865e-03
5.143055e+01	5.417089e-03
5.153055e+01	5.385069e-03
5.163055e+01	5.354877e-03
5.173055e+01	5.036726e-03
5.183055e+01	4.655699e-03
5.193055e+01	4.463219e-03
5.203055e+01	4.492505e-03
5.213055e+01	4.621558e-03
5.223055e+01	4.639406e-03
5.233055e+01	4.573650e-03
5.243055e+01	4.654399e-03
5.253055e+01	5.032058e-03
5.263055e+01	5.689962e-03
5.273055e+01	6.245918e-03
5.283055e+01	6.256293e-03
5.293055e+01	6.021355e-03
5.303055e+01	5.767762e-03
5.313055e+01	5.429528e-03
5.323055e+01	5.144215e-03
5.333055e+01	4.975667e-03
5.343055e+01	4.993060e-03
5.353055e+01	5.324313e-03
5.363055e+01	6.036227e-03
5.373055e+01	6.952370e-03
5.383055e+01	7.617878e-03
5.393055e+01	8.196162e-03
5.403055e+01	9.208085e-03
5.413055e+01	1.001147e-02
5.423055e+01	9.314601e-03
5.433055e+01	7.673161e-03
5.443055e+01	6.272089e-03
5.453055e+01	5.375301e-03
5.463055e+01	4.848969e-03
5.473055e+01	4.490882e-03
5.483055e+01	4.126434e-03
5.493055e+01	3.776428e-03
5.503055e+01	3.538791e-03
5.513055e+01	3.431816e-03
5.523055e+01	3.397231e-03
5.533055e+01	3.399050e-03
5.543055e+01	3.450699e-03
5.553055e+01	3.513397e-03
5.563055e+01	3.529534e-03
5.573055e+01	3.466508e-03
5.583055e+01	3.333783e-03
5.593055e+01	3.248609e-03
5.603055e+01	3.313090e-03
5.613055e+01	3.539403e-03
5.623055e+01	3.769170e-03
5.633055e+01	3.711078e-03
5.643055e+01	3.397603e-03
5.653055e+01	3.051133e-03
5.663055e+01	2.777914e-03
5.673055e+01	2.601468e-03
5.683055e+01	2.501611e-03
5.693055e+01	2.444089e-03
5.703055e+01	2.389902e-03
5.713055e+01	2.331144e-03
5.723055e+01	2.288796e-03
5.733055e+01	2.265526e-03
5.743055e+01	2.243244e-03
5.753055e+01	2.219191e-03
5.763055e+01	2.211028e-03
5.773055e+01	2.222002e-03
5.783055e+01	2.228327e-03
5.793055e+01	2.204964e-03
5.803055e+01	2.171477e-03
5.813055e+01	2.150607e-03
5.823055e+01	2.145682e-03
5.833055e+01	2.155027e-03
5.843055e+01	2.178692e-03
5.853055e+01	2.219745e-03
5.863055e+01	2.284496e-03
5.873055e+01	2.378734e-03
5.883055e+01	2.489201e-03
5.893055e+01	2.573072e-03
5.903055e+01	2.610532e-03
5.913055e+01	2.607314e-03
5.923055e+01	2.603065e-03
5.933055e+01	2.642007e-03
5.943055e+01	2.739771e-03
5.953055e+01	2.908115e-03
5.963055e+01	3.163724e-03
5.973055e+01	3.493022e-03
5.983055e+01	3.788096e-03
5.993055e+01	3.908058e-03
6.003055e+01	3.926942e-03
6.013055e+01	4.040817e-03
6.023055e+01	4.332146e-03
6.033055e+01	4.829628e-03
6.043055e+01	5.578316e-03
6.053055e+01	6.632125e-03
6.063055e+01	8.055371e-03
6.073055e+01	1.003043e-02
6.083055e+01	1.283491e-02
6.093055e+01	1.632193e-02
6.103055e+01	2.059920e-02
6.113055e+01	2.650285e-02
6.123055e+01	3.165489e-02
6.133055e+01	3.029174e-02
6.143055e+01	2.356022e-02
6.153055e+01	1.719030e-02
6.163055e+01	1.294561e-02
6.173055e+01	1.039887e-02
6.183055e+01	8.976002e-03
6.193055e+01	8.171249e-03
6.203055e+01	7.810470e-03
6.213055e+01	7.898055e-03
6.223055e+01	8.114630e-03
6.233055e+01	7.809919e-03
6.243055e+01	7.040388e-03
6.253055e+01	6.401827e-03
6.263055e+01	5.916613e-03
6.273055e+01	5.402191e-03
6.283055e+01	4.805197e-03
6.293055e+01	4.289781e-03
6.303055e+01	3.983709e-03
6.313055e+01	3.905254e-03
6.323055e+01	3.952343e-03
6.333055e+01	3.881080e-03
6.343055e+01	3.641599e-03
6.353055e+01	3.437816e-03
6.363055e+01	3.362108e-03
6.373055e+01	3.428387e-03
6.383055e+01	3.624366e-03
6.393055e+01	3.908552e-03
6.403055e+01	4.281817e-03
6.413055e+01	4.712136e-03
6.423055e+01	5.230551e-03
6.433055e+01	6.100085e-03
6.443055e+01	7.548673e-03
6.453055e+01	9.397610e-03
6.463055e+01	1.043980e-02
6.473055e+01	9.568578e-03
6.483055e+01	7.774197e-03
6.493055e+01	6.401180e-03
6.503055e+01	5.773427e-03
6.513055e+01	5.823737e-03
6.523055e+01	6.440592e-03
6.533055e+01	7.234174e-03
6.543055e+01	7.371367e-03
6.553055e+01	6.805786e-03
6.563055e+01	6.426472e-03
6.573055e+01	6.388743e-03
6.583055e+01	6.008119e-03
6.593055e+01	5.104572e-03
6.603055e+01	4.243838e-03
6.613055e+01	3.638291e-03
6.623055e+01	3.241250e-03
6.633055e+01	2.998751e-03
6.643055e+01	2.815543e-03
6.653055e+01	2.641466e-03
6.663055e+01	2.520294e-03
6.673055e+01	2.477352e-03
6.683055e+01	2.512427e-03
6.693055e+01	2.629333e-03
6.703055e+01	2.842463e-03
6.713055e+01	3.182067e-03
6.723055e+01	3.704020e-03
6.733055e+01	4.494659e-03
6.743055e+01	5.593634e-03
6.753055e+01	6.568022e-03
6.763055e+01	6.511536e-03
6.773055e+01	5.472286e-03
6.783055e+01	4.392530e-03
6.793055e+01	3.679557e-03
6.803055e+01	3.258767e-03
6.813055e+01	3.027011e-03
6.823055e+01	2.959987e-03
6.833055e+01	3.072379e-03
6.843055e+01	3.408330e-03
6.853055e+01	4.010301e-03
6.863055e+01	4.815786e-03
6.873055e+01	5.305563e-03
6.883055e+01	4.880573e-03
6.893055e+01	4.008929e-03
6.903055e+01	3.301789e-03
6.913055e+01	2.870258e-03
6.923055e+01	2.641786e-03
6.933055e+01	2.545211e-03
6.943055e+01	2.540846e-03
6.953055e+01	2.619469e-03
6.963055e+01	2.803893e-03
6.973055e+01	3.163738e-03
6.983055e+01	3.729951e-03
6.993055e+01	4.293772e-03
